Command line: -t -db pt.ulisboa.tecnico.sconekv.ycsb.SconeKVClient -P workloadb -threads 128 -s -p scone.tx_size=5 -p operationcount=10000000 -p maxexecutiontime=300
YCSB Client 0.17.0

Loading workload...
Starting test.
WARNING: sun.reflect.Reflection.getCallerClass is not supported. This will impact performance.
Maximum execution time specified as: 300 secs
2020-09-30 11:39:56:022 0 sec: 0 operations; est completion in 0 second 
DBWrapper: report latency for each error is false and specific error codes to track for latency are: []
DBWrapper: report latency for each error is false and specific error codes to track for latency are: []
DBWrapper: report latency for each error is false and specific error codes to track for latency are: []
DBWrapper: report latency for each error is false and specific error codes to track for latency are: []
DBWrapper: report latency for each error is false and specific error codes to track for latency are: []
DBWrapper: report latency for each error is false and specific error codes to track for latency are: []
DBWrapper: report latency for each error is false and specific error codes to track for latency are: []
DBWrapper: report latency for each error is false and specific error codes to track for latency are: []
DBWrapper: report latency for each error is false and specific error codes to track for latency are: []
DBWrapper: report latency for each error is false and specific error codes to track for latency are: []
DBWrapper: report latency for each error is false and specific error codes to track for latency are: []
DBWrapper: report latency for each error is false and specific error codes to track for latency are: []
DBWrapper: report latency for each error is false and specific error codes to track for latency are: []
DBWrapper: report latency for each error is false and specific error codes to track for latency are: []
DBWrapper: report latency for each error is false and specific error codes to track for latency are: []
DBWrapper: report latency for each error is false and specific error codes to track for latency are: []
DBWrapper: report latency for each error is false and specific error codes to track for latency are: []
DBWrapper: report latency for each error is false and specific error codes to track for latency are: []
DBWrapper: report latency for each error is false and specific error codes to track for latency are: []
DBWrapper: report latency for each error is false and specific error codes to track for latency are: []
DBWrapper: report latency for each error is false and specific error codes to track for latency are: []
DBWrapper: report latency for each error is false and specific error codes to track for latency are: []
DBWrapper: report latency for each error is false and specific error codes to track for latency are: []
DBWrapper: report latency for each error is false and specific error codes to track for latency are: []
DBWrapper: report latency for each error is false and specific error codes to track for latency are: []
DBWrapper: report latency for each error is false and specific error codes to track for latency are: []
DBWrapper: report latency for each error is false and specific error codes to track for latency are: []
DBWrapper: report latency for each error is false and specific error codes to track for latency are: []
DBWrapper: report latency for each error is false and specific error codes to track for latency are: []
DBWrapper: report latency for each error is false and specific error codes to track for latency are: []
DBWrapper: report latency for each error is false and specific error codes to track for latency are: []
DBWrapper: report latency for each error is false and specific error codes to track for latency are: []
DBWrapper: report latency for each error is false and specific error codes to track for latency are: []
DBWrapper: report latency for each error is false and specific error codes to track for latency are: []
DBWrapper: report latency for each error is false and specific error codes to track for latency are: []
DBWrapper: report latency for each error is false and specific error codes to track for latency are: []
DBWrapper: report latency for each error is false and specific error codes to track for latency are: []
DBWrapper: report latency for each error is false and specific error codes to track for latency are: []
DBWrapper: report latency for each error is false and specific error codes to track for latency are: []
DBWrapper: report latency for each error is false and specific error codes to track for latency are: []
DBWrapper: report latency for each error is false and specific error codes to track for latency are: []
DBWrapper: report latency for each error is false and specific error codes to track for latency are: []
DBWrapper: report latency for each error is false and specific error codes to track for latency are: []
DBWrapper: report latency for each error is false and specific error codes to track for latency are: []
DBWrapper: report latency for each error is false and specific error codes to track for latency are: []
DBWrapper: report latency for each error is false and specific error codes to track for latency are: []
DBWrapper: report latency for each error is false and specific error codes to track for latency are: []
DBWrapper: report latency for each error is false and specific error codes to track for latency are: []
DBWrapper: report latency for each error is false and specific error codes to track for latency are: []
DBWrapper: report latency for each error is false and specific error codes to track for latency are: []
DBWrapper: report latency for each error is false and specific error codes to track for latency are: []
DBWrapper: report latency for each error is false and specific error codes to track for latency are: []
DBWrapper: report latency for each error is false and specific error codes to track for latency are: []
DBWrapper: report latency for each error is false and specific error codes to track for latency are: []
DBWrapper: report latency for each error is false and specific error codes to track for latency are: []
DBWrapper: report latency for each error is false and specific error codes to track for latency are: []
DBWrapper: report latency for each error is false and specific error codes to track for latency are: []
DBWrapper: report latency for each error is false and specific error codes to track for latency are: []
DBWrapper: report latency for each error is false and specific error codes to track for latency are: []
DBWrapper: report latency for each error is false and specific error codes to track for latency are: []
DBWrapper: report latency for each error is false and specific error codes to track for latency are: []
DBWrapper: report latency for each error is false and specific error codes to track for latency are: []
DBWrapper: report latency for each error is false and specific error codes to track for latency are: []
DBWrapper: report latency for each error is false and specific error codes to track for latency are: []
DBWrapper: report latency for each error is false and specific error codes to track for latency are: []
DBWrapper: report latency for each error is false and specific error codes to track for latency are: []
DBWrapper: report latency for each error is false and specific error codes to track for latency are: []
DBWrapper: report latency for each error is false and specific error codes to track for latency are: []
DBWrapper: report latency for each error is false and specific error codes to track for latency are: []
DBWrapper: report latency for each error is false and specific error codes to track for latency are: []
DBWrapper: report latency for each error is false and specific error codes to track for latency are: []
DBWrapper: report latency for each error is false and specific error codes to track for latency are: []
DBWrapper: report latency for each error is false and specific error codes to track for latency are: []
DBWrapper: report latency for each error is false and specific error codes to track for latency are: []
DBWrapper: report latency for each error is false and specific error codes to track for latency are: []
DBWrapper: report latency for each error is false and specific error codes to track for latency are: []
DBWrapper: report latency for each error is false and specific error codes to track for latency are: []
DBWrapper: report latency for each error is false and specific error codes to track for latency are: []
DBWrapper: report latency for each error is false and specific error codes to track for latency are: []
DBWrapper: report latency for each error is false and specific error codes to track for latency are: []
DBWrapper: report latency for each error is false and specific error codes to track for latency are: []
DBWrapper: report latency for each error is false and specific error codes to track for latency are: []
DBWrapper: report latency for each error is false and specific error codes to track for latency are: []
DBWrapper: report latency for each error is false and specific error codes to track for latency are: []
DBWrapper: report latency for each error is false and specific error codes to track for latency are: []
DBWrapper: report latency for each error is false and specific error codes to track for latency are: []
DBWrapper: report latency for each error is false and specific error codes to track for latency are: []
DBWrapper: report latency for each error is false and specific error codes to track for latency are: []
DBWrapper: report latency for each error is false and specific error codes to track for latency are: []
DBWrapper: report latency for each error is false and specific error codes to track for latency are: []
DBWrapper: report latency for each error is false and specific error codes to track for latency are: []
DBWrapper: report latency for each error is false and specific error codes to track for latency are: []
DBWrapper: report latency for each error is false and specific error codes to track for latency are: []
DBWrapper: report latency for each error is false and specific error codes to track for latency are: []
DBWrapper: report latency for each error is false and specific error codes to track for latency are: []
DBWrapper: report latency for each error is false and specific error codes to track for latency are: []
DBWrapper: report latency for each error is false and specific error codes to track for latency are: []
DBWrapper: report latency for each error is false and specific error codes to track for latency are: []
DBWrapper: report latency for each error is false and specific error codes to track for latency are: []
DBWrapper: report latency for each error is false and specific error codes to track for latency are: []
DBWrapper: report latency for each error is false and specific error codes to track for latency are: []
DBWrapper: report latency for each error is false and specific error codes to track for latency are: []
DBWrapper: report latency for each error is false and specific error codes to track for latency are: []
DBWrapper: report latency for each error is false and specific error codes to track for latency are: []
DBWrapper: report latency for each error is false and specific error codes to track for latency are: []
DBWrapper: report latency for each error is false and specific error codes to track for latency are: []
DBWrapper: report latency for each error is false and specific error codes to track for latency are: []
DBWrapper: report latency for each error is false and specific error codes to track for latency are: []
DBWrapper: report latency for each error is false and specific error codes to track for latency are: []
DBWrapper: report latency for each error is false and specific error codes to track for latency are: []
DBWrapper: report latency for each error is false and specific error codes to track for latency are: []
DBWrapper: report latency for each error is false and specific error codes to track for latency are: []
DBWrapper: report latency for each error is false and specific error codes to track for latency are: []
2020-09-30 11:40:06:014 10 sec: 7689 operations; 768.82 current ops/sec; est completion in 3 hours 36 minutes [READ: Count=7335, Max=2719743, Min=2, Avg=75794.04, 90=163199, 99=889855, 99.9=2285567, 99.99=2658303] [UPDATE: Count=398, Max=2193407, Min=38, Avg=82991.57, 90=176255, 99=1103871, 99.9=2193407, 99.99=2193407] [READ-FAILED: Count=10, Max=200959, Min=8592, Avg=71691.2, 90=133247, 99=200959, 99.9=200959, 99.99=200959] 
DBWrapper: report latency for each error is false and specific error codes to track for latency are: []
DBWrapper: report latency for each error is false and specific error codes to track for latency are: []
DBWrapper: report latency for each error is false and specific error codes to track for latency are: []
DBWrapper: report latency for each error is false and specific error codes to track for latency are: []
DBWrapper: report latency for each error is false and specific error codes to track for latency are: []
DBWrapper: report latency for each error is false and specific error codes to track for latency are: []
DBWrapper: report latency for each error is false and specific error codes to track for latency are: []
DBWrapper: report latency for each error is false and specific error codes to track for latency are: []
DBWrapper: report latency for each error is false and specific error codes to track for latency are: []
DBWrapper: report latency for each error is false and specific error codes to track for latency are: []
DBWrapper: report latency for each error is false and specific error codes to track for latency are: []
DBWrapper: report latency for each error is false and specific error codes to track for latency are: []
DBWrapper: report latency for each error is false and specific error codes to track for latency are: []
DBWrapper: report latency for each error is false and specific error codes to track for latency are: []
DBWrapper: report latency for each error is false and specific error codes to track for latency are: []
2020-09-30 11:40:16:013 20 sec: 39255 operations; 3156.92 current ops/sec; est completion in 1 hour 24 minutes [READ: Count=29987, Max=1490943, Min=0, Avg=38042.43, 90=76287, 99=468479, 99.9=657407, 99.99=1054719] [UPDATE: Count=1524, Max=1259519, Min=16, Avg=41415, 90=74879, 99=539647, 99.9=858623, 99.99=1259519] [READ-FAILED: Count=24, Max=102847, Min=2476, Avg=22310.58, 90=43839, 99=102847, 99.9=102847, 99.99=102847] 
2020-09-30 11:40:26:013 30 sec: 83797 operations; 4454.2 current ops/sec; est completion in 59 minutes [READ: Count=42315, Max=2904063, Min=0, Avg=27842.55, 90=49375, 99=543231, 99.9=1087487, 99.99=2619391] [UPDATE: Count=2175, Max=4571135, Min=17, Avg=40376.16, 90=50687, 99=664063, 99.9=2609151, 99.99=4571135] [READ-FAILED: Count=30, Max=25263, Min=1873, Avg=5332.9, 90=8639, 99=25263, 99.9=25263, 99.99=25263] 
2020-09-30 11:40:36:013 40 sec: 129398 operations; 4560.1 current ops/sec; est completion in 50 minutes [READ: Count=43330, Max=2879487, Min=0, Avg=27128.71, 90=42399, 99=540671, 99.9=1345535, 99.99=2451455] [UPDATE: Count=2245, Max=2744319, Min=17, Avg=39290.07, 90=45791, 99=658943, 99.9=1929215, 99.99=2744319] [READ-FAILED: Count=31, Max=93247, Min=1880, Avg=7582.26, 90=12655, 99=93247, 99.9=93247, 99.99=93247] 
2020-09-30 11:40:46:013 50 sec: 176244 operations; 4684.6 current ops/sec; est completion in 46 minutes [READ: Count=44497, Max=5357567, Min=0, Avg=27130.56, 90=40927, 99=532991, 99.9=2291711, 99.99=4935679] [UPDATE: Count=2303, Max=2953215, Min=14, Avg=41293.52, 90=47679, 99=928767, 99.9=2580479, 99.99=2953215] [READ-FAILED: Count=41, Max=72447, Min=2056, Avg=7145.12, 90=10671, 99=72447, 99.9=72447, 99.99=72447] 
2020-09-30 11:40:56:013 60 sec: 220827 operations; 4458.3 current ops/sec; est completion in 44 minutes [READ: Count=42329, Max=3076095, Min=0, Avg=28466, 90=43743, 99=538623, 99.9=1665023, 99.99=2695167] [UPDATE: Count=2226, Max=2977791, Min=14, Avg=38088.34, 90=44031, 99=679935, 99.9=2697215, 99.99=2977791] [READ-FAILED: Count=40, Max=27295, Min=1706, Avg=6611.9, 90=15519, 99=27295, 99.9=27295, 99.99=27295] 
2020-09-30 11:41:06:013 70 sec: 267127 operations; 4630 current ops/sec; est completion in 42 minutes [READ: Count=43911, Max=4321279, Min=0, Avg=26780.29, 90=43935, 99=537087, 99.9=1282047, 99.99=2320383] [UPDATE: Count=2331, Max=3887103, Min=14, Avg=37284.21, 90=48863, 99=601599, 99.9=1822719, 99.99=3887103] [READ-FAILED: Count=48, Max=34239, Min=1745, Avg=5227.25, 90=7735, 99=34239, 99.9=34239, 99.99=34239] 
2020-09-30 11:41:16:013 80 sec: 313784 operations; 4665.7 current ops/sec; est completion in 41 minutes [READ: Count=44303, Max=2719743, Min=0, Avg=25751.91, 90=43167, 99=533503, 99.9=1243135, 99.99=2486271] [UPDATE: Count=2312, Max=2083839, Min=15, Avg=35451.66, 90=46751, 99=606207, 99.9=1825791, 99.99=2083839] [READ-FAILED: Count=39, Max=26479, Min=2156, Avg=6158.44, 90=14183, 99=26479, 99.9=26479, 99.99=26479] 
2020-09-30 11:41:26:013 90 sec: 355954 operations; 4217 current ops/sec; est completion in 40 minutes [READ: Count=40079, Max=5738495, Min=0, Avg=30749.47, 90=40159, 99=546303, 99.9=2725887, 99.99=4057087] [UPDATE: Count=2074, Max=4927487, Min=15, Avg=53397.74, 90=49151, 99=918527, 99.9=3684351, 99.99=4927487] [READ-FAILED: Count=29, Max=63967, Min=1694, Avg=8770.14, 90=15695, 99=63967, 99.9=63967, 99.99=63967] 
2020-09-30 11:41:36:013 100 sec: 400448 operations; 4449.4 current ops/sec; est completion in 39 minutes [READ: Count=42194, Max=3020799, Min=0, Avg=27492.57, 90=47007, 99=539647, 99.9=1414143, 99.99=2588671] [UPDATE: Count=2255, Max=2910207, Min=12, Avg=38617.26, 90=51679, 99=761855, 99.9=2791423, 99.99=2910207] [READ-FAILED: Count=37, Max=24431, Min=2064, Avg=5554.43, 90=9599, 99=24431, 99.9=24431, 99.99=24431] 
2020-09-30 11:41:46:013 110 sec: 446169 operations; 4572.1 current ops/sec; est completion in 39 minutes [READ: Count=43426, Max=2902015, Min=0, Avg=27298.36, 90=47295, 99=537599, 99.9=1683455, 99.99=2506751] [UPDATE: Count=2257, Max=2809855, Min=14, Avg=34449.79, 90=49599, 99=551935, 99.9=1646591, 99.99=2809855] [READ-FAILED: Count=40, Max=20399, Min=2500, Avg=5676.82, 90=8967, 99=20399, 99.9=20399, 99.99=20399] 
2020-09-30 11:41:56:013 120 sec: 492850 operations; 4668.1 current ops/sec; est completion in 38 minutes [READ: Count=44334, Max=2838527, Min=0, Avg=27584.24, 90=43167, 99=546303, 99.9=1741823, 99.99=2617343] [UPDATE: Count=2316, Max=1944575, Min=14, Avg=35324.49, 90=45919, 99=778239, 99.9=1717247, 99.99=1944575] [READ-FAILED: Count=25, Max=16063, Min=1601, Avg=4619.76, 90=7459, 99=16063, 99.9=16063, 99.99=16063] 
2020-09-30 11:42:06:013 130 sec: 540532 operations; 4768.2 current ops/sec; est completion in 37 minutes [READ: Count=45328, Max=3637247, Min=0, Avg=26581.49, 90=49471, 99=542719, 99.9=1107967, 99.99=3090431] [UPDATE: Count=2330, Max=3262463, Min=15, Avg=38681.92, 90=54047, 99=653823, 99.9=1960959, 99.99=3262463] [READ-FAILED: Count=26, Max=80063, Min=1929, Avg=8996.73, 90=11327, 99=80063, 99.9=80063, 99.99=80063] 
2020-09-30 11:42:16:013 140 sec: 583779 operations; 4324.7 current ops/sec; est completion in 37 minutes [READ: Count=41021, Max=4169727, Min=0, Avg=29121.85, 90=43199, 99=550399, 99.9=1323007, 99.99=3647487] [UPDATE: Count=2192, Max=3493887, Min=16, Avg=38262.45, 90=48863, 99=722431, 99.9=2115583, 99.99=3493887] [READ-FAILED: Count=36, Max=22575, Min=1622, Avg=5100.28, 90=7487, 99=22575, 99.9=22575, 99.99=22575] 
2020-09-30 11:42:26:013 150 sec: 629328 operations; 4554.9 current ops/sec; est completion in 37 minutes [READ: Count=43247, Max=3661823, Min=0, Avg=27147.11, 90=41183, 99=540671, 99.9=1601535, 99.99=2717695] [UPDATE: Count=2267, Max=2942975, Min=16, Avg=43295.48, 90=44543, 99=890879, 99.9=2250751, 99.99=2942975] [READ-FAILED: Count=32, Max=41087, Min=2352, Avg=6599.47, 90=11175, 99=41087, 99.9=41087, 99.99=41087] 
2020-09-30 11:42:36:014 160 sec: 673654 operations; 4432.6 current ops/sec; est completion in 36 minutes [READ: Count=42089, Max=3698687, Min=0, Avg=28230.31, 90=45055, 99=538623, 99.9=1993727, 99.99=3293183] [UPDATE: Count=2210, Max=3670015, Min=17, Avg=44288.14, 90=48831, 99=732159, 99.9=3305471, 99.99=3670015] [READ-FAILED: Count=31, Max=20255, Min=1977, Avg=5743.74, 90=12167, 99=20255, 99.9=20255, 99.99=20255] 
2020-09-30 11:42:46:013 170 sec: 716914 operations; 4325.57 current ops/sec; est completion in 36 minutes [READ: Count=41095, Max=3964927, Min=0, Avg=29162.79, 90=40959, 99=537087, 99.9=1788927, 99.99=3375103] [UPDATE: Count=2131, Max=3905535, Min=17, Avg=43068.97, 90=44063, 99=813567, 99.9=2377727, 99.99=3905535] [READ-FAILED: Count=31, Max=28079, Min=2056, Avg=5999.03, 90=8983, 99=28079, 99.9=28079, 99.99=28079] 
2020-09-30 11:42:56:013 180 sec: 759698 operations; 4278.83 current ops/sec; est completion in 36 minutes [READ: Count=40604, Max=3317759, Min=0, Avg=29504.64, 90=42687, 99=541183, 99.9=1310719, 99.99=2998271] [UPDATE: Count=2151, Max=2983935, Min=16, Avg=42555.59, 90=47359, 99=613887, 99.9=2582527, 99.99=2983935] [READ-FAILED: Count=35, Max=463871, Min=1887, Avg=18341.86, 90=14087, 99=463871, 99.9=463871, 99.99=463871] 
2020-09-30 11:43:06:013 190 sec: 806888 operations; 4719 current ops/sec; est completion in 36 minutes [READ: Count=44842, Max=3442687, Min=0, Avg=26598.94, 90=45471, 99=531967, 99.9=1428479, 99.99=3237887] [UPDATE: Count=2302, Max=2482175, Min=17, Avg=35771.73, 90=48447, 99=740863, 99.9=2134015, 99.99=2482175] [READ-FAILED: Count=41, Max=66943, Min=1994, Avg=7686.05, 90=14207, 99=66943, 99.9=66943, 99.99=66943] 
2020-09-30 11:43:16:014 200 sec: 852339 operations; 4544.65 current ops/sec; est completion in 35 minutes [READ: Count=43242, Max=2983935, Min=0, Avg=27265.05, 90=45887, 99=542719, 99.9=1085439, 99.99=2392063] [UPDATE: Count=2173, Max=2320383, Min=17, Avg=38467, 90=50207, 99=634367, 99.9=2004991, 99.99=2320383] [READ-FAILED: Count=35, Max=33279, Min=2130, Avg=7326.14, 90=23135, 99=33279, 99.9=33279, 99.99=33279] 
2020-09-30 11:43:26:013 210 sec: 898378 operations; 4604.36 current ops/sec; est completion in 35 minutes [READ: Count=43656, Max=4243455, Min=0, Avg=26830.38, 90=49055, 99=529919, 99.9=1205247, 99.99=2347007] [UPDATE: Count=2343, Max=2887679, Min=5, Avg=41225.63, 90=55167, 99=770559, 99.9=2236415, 99.99=2887679] [READ-FAILED: Count=40, Max=103423, Min=2350, Avg=8659.15, 90=14775, 99=103423, 99.9=103423, 99.99=103423] 
2020-09-30 11:43:36:013 220 sec: 942654 operations; 4427.6 current ops/sec; est completion in 35 minutes [READ: Count=42071, Max=3942399, Min=0, Avg=28444.55, 90=38879, 99=552447, 99.9=1601535, 99.99=3319807] [UPDATE: Count=2169, Max=3952639, Min=5, Avg=40766.39, 90=40895, 99=756735, 99.9=2160639, 99.99=3952639] [READ-FAILED: Count=37, Max=12831, Min=1800, Avg=4619.92, 90=7075, 99=12831, 99.9=12831, 99.99=12831] 
2020-09-30 11:43:46:013 230 sec: 988106 operations; 4545.2 current ops/sec; est completion in 34 minutes [READ: Count=43225, Max=3667967, Min=0, Avg=27960.33, 90=45887, 99=549375, 99.9=1497087, 99.99=2965503] [UPDATE: Count=2200, Max=1950719, Min=4, Avg=38386.36, 90=50943, 99=670207, 99.9=1732607, 99.99=1950719] [READ-FAILED: Count=31, Max=110719, Min=1760, Avg=9248.9, 90=19711, 99=110719, 99.9=110719, 99.99=110719] 
2020-09-30 11:43:56:013 240 sec: 1034433 operations; 4632.24 current ops/sec; est completion in 34 minutes [READ: Count=44000, Max=2680831, Min=0, Avg=27026.08, 90=44831, 99=537087, 99.9=1380351, 99.99=2433023] [UPDATE: Count=2272, Max=2256895, Min=5, Avg=39004.57, 90=51327, 99=728063, 99.9=1705983, 99.99=2256895] [READ-FAILED: Count=49, Max=62975, Min=1614, Avg=8004.22, 90=11295, 99=62975, 99.9=62975, 99.99=62975] 
2020-09-30 11:44:06:013 250 sec: 1074960 operations; 4053.11 current ops/sec; est completion in 34 minutes [READ: Count=38451, Max=2347007, Min=0, Avg=30585.92, 90=51135, 99=556031, 99.9=988671, 99.99=1797119] [UPDATE: Count=2040, Max=2328575, Min=5, Avg=37265.47, 90=51263, 99=631807, 99.9=1363967, 99.99=2328575] [READ-FAILED: Count=37, Max=60767, Min=1903, Avg=7489.92, 90=14135, 99=60767, 99.9=60767, 99.99=60767] 
2020-09-30 11:44:16:013 260 sec: 1118512 operations; 4354.76 current ops/sec; est completion in 34 minutes [READ: Count=41323, Max=4354047, Min=0, Avg=29373.32, 90=47807, 99=555007, 99.9=1530879, 99.99=3608575] [UPDATE: Count=2177, Max=2422783, Min=4, Avg=38633.91, 90=55839, 99=628223, 99.9=1987583, 99.99=2422783] [READ-FAILED: Count=50, Max=17055, Min=2098, Avg=5985.32, 90=10895, 99=17055, 99.9=17055, 99.99=17055] 
2020-09-30 11:44:26:013 270 sec: 1168126 operations; 4961.9 current ops/sec; est completion in 34 minutes [READ: Count=47083, Max=2971647, Min=0, Avg=25294.03, 90=48479, 99=528895, 99.9=1168383, 99.99=2637823] [UPDATE: Count=2487, Max=3121151, Min=4, Avg=34449.81, 90=53791, 99=565247, 99.9=2648063, 99.99=3121151] [READ-FAILED: Count=47, Max=21407, Min=1842, Avg=5676.4, 90=12463, 99=21407, 99.9=21407, 99.99=21407] 
2020-09-30 11:44:36:013 280 sec: 1214942 operations; 4681.6 current ops/sec; est completion in 33 minutes [READ: Count=44464, Max=3033087, Min=0, Avg=27495.28, 90=43231, 99=537087, 99.9=1288191, 99.99=2525183] [UPDATE: Count=2323, Max=2893823, Min=4, Avg=33641.11, 90=46815, 99=570367, 99.9=2639871, 99.99=2893823] [READ-FAILED: Count=28, Max=21135, Min=2346, Avg=5824.96, 90=11455, 99=21135, 99.9=21135, 99.99=21135] 
2020-09-30 11:44:46:013 290 sec: 1262850 operations; 4790.8 current ops/sec; est completion in 33 minutes [READ: Count=45440, Max=3577855, Min=0, Avg=25988.45, 90=44767, 99=529919, 99.9=1302527, 99.99=2758655] [UPDATE: Count=2442, Max=2815999, Min=4, Avg=32256.8, 90=49791, 99=607231, 99.9=1995775, 99.99=2815999] [READ-FAILED: Count=32, Max=493567, Min=1930, Avg=21574.09, 90=17087, 99=493567, 99.9=493567, 99.99=493567] 
2020-09-30 11:44:56:013 300 sec: 1307391 operations; 4454.1 current ops/sec; est completion in 33 minutes [READ: Count=42303, Max=2746367, Min=0, Avg=27932.86, 90=53247, 99=534015, 99.9=1116159, 99.99=2473983] [UPDATE: Count=2201, Max=2873343, Min=6, Avg=36572.18, 90=59135, 99=625663, 99.9=1750015, 99.99=2873343] [READ-FAILED: Count=37, Max=17087, Min=1904, Avg=5009.7, 90=7467, 99=17087, 99.9=17087, 99.99=17087] 
Maximum time elapsed. Requesting stop for the workload.
Stop requested for workload. Now Joining!
[36m11:44:56.713[m [[34;1mINFO[m] [1;34mp.u.t.s.y.Stats.clientFinished@38[m: 
Ended SconeKV benchmark.
Number of clients: 128
Total transactions: 260243
Committed: 240724 (92.4997%)
Aborted: 19519 (7.5002975%)
2020-09-30 11:44:56:716 300 sec: 1308099 operations; 1007.11 current ops/sec; est completion in 33 minutes [READ: Count=657, Max=2410495, Min=3, Avg=113754.7, 90=515583, 99=1808383, 99.9=2371583, 99.99=2410495] [CLEANUP: Count=128, Max=1605, Min=2, Avg=16.51, 90=4, 99=47, 99.9=1605, 99.99=1605] [UPDATE: Count=42, Max=1472511, Min=1740, Avg=156379.79, 90=534015, 99=1472511, 99.9=1472511, 99.99=1472511] [READ-FAILED: Count=1, Max=2741, Min=2740, Avg=2741, 90=2741, 99=2741, 99.9=2741, 99.99=2741] 
[OVERALL], RunTime(ms), 300701
[OVERALL], Throughput(ops/sec), 4350.165114183192
[TOTAL_GCS_G1_Young_Generation], Count, 162
[TOTAL_GC_TIME_G1_Young_Generation], Time(ms), 2513
[TOTAL_GC_TIME_%_G1_Young_Generation], Time(%), 0.8357138818959697
[TOTAL_GCS_G1_Old_Generation], Count, 0
[TOTAL_GC_TIME_G1_Old_Generation], Time(ms), 0
[TOTAL_GC_TIME_%_G1_Old_Generation], Time(%), 0.0
[TOTAL_GCs], Count, 162
[TOTAL_GC_TIME], Time(ms), 2513
[TOTAL_GC_TIME_%], Time(%), 0.8357138818959697
[READ], Operations, 1242181
[READ], AverageLatency(us), 28269.98237293921
[READ], MinLatency(us), 0
[READ], MaxLatency(us), 5738495
[READ], 95thPercentileLatency(us), 73471
[READ], 99thPercentileLatency(us), 540159
[READ], Return=OK, 1242181
[READ], Return=NOT_FOUND, 1050
[CLEANUP], Operations, 128
[CLEANUP], AverageLatency(us), 16.5078125
[CLEANUP], MinLatency(us), 2
[CLEANUP], MaxLatency(us), 1605
[CLEANUP], 95thPercentileLatency(us), 8
[CLEANUP], 99thPercentileLatency(us), 47
[UPDATE], Operations, 64868
[UPDATE], AverageLatency(us), 39240.79324165999
[UPDATE], MinLatency(us), 4
[UPDATE], MaxLatency(us), 4927487
[UPDATE], 95thPercentileLatency(us), 97919
[UPDATE], 99thPercentileLatency(us), 671743
[UPDATE], Return=OK, 64868
[READ-FAILED], Operations, 1050
[READ-FAILED], AverageLatency(us), 8367.193333333333
[READ-FAILED], MinLatency(us), 1601
[READ-FAILED], MaxLatency(us), 493567
[READ-FAILED], 95thPercentileLatency(us), 21055
[READ-FAILED], 99thPercentileLatency(us), 80063
