Command line: -t -db pt.ulisboa.tecnico.sconekv.ycsb.SconeKVClient -P workloada -threads 16 -s -p scone.tx_size=5 -p operationcount=10000000 -p maxexecutiontime=300 -p requestdistribution=uniform
YCSB Client 0.17.0

Loading workload...
Starting test.
WARNING: sun.reflect.Reflection.getCallerClass is not supported. This will impact performance.
Maximum execution time specified as: 300 secs
2020-09-24 09:35:20:824 0 sec: 0 operations; est completion in 0 second 
DBWrapper: report latency for each error is false and specific error codes to track for latency are: []
DBWrapper: report latency for each error is false and specific error codes to track for latency are: []
DBWrapper: report latency for each error is false and specific error codes to track for latency are: []
DBWrapper: report latency for each error is false and specific error codes to track for latency are: []
DBWrapper: report latency for each error is false and specific error codes to track for latency are: []
DBWrapper: report latency for each error is false and specific error codes to track for latency are: []
DBWrapper: report latency for each error is false and specific error codes to track for latency are: []
DBWrapper: report latency for each error is false and specific error codes to track for latency are: []
DBWrapper: report latency for each error is false and specific error codes to track for latency are: []
DBWrapper: report latency for each error is false and specific error codes to track for latency are: []
DBWrapper: report latency for each error is false and specific error codes to track for latency are: []
DBWrapper: report latency for each error is false and specific error codes to track for latency are: []
DBWrapper: report latency for each error is false and specific error codes to track for latency are: []
DBWrapper: report latency for each error is false and specific error codes to track for latency are: []
DBWrapper: report latency for each error is false and specific error codes to track for latency are: []
DBWrapper: report latency for each error is false and specific error codes to track for latency are: []
2020-09-24 09:35:30:824 10 sec: 17479 operations; 1747.73 current ops/sec; est completion in 1 hour 35 minutes [READ: Count=8724, Max=571391, Min=913, Avg=8127.19, 90=14655, 99=44927, 99.9=531967, 99.99=570879] [UPDATE: Count=8792, Max=575487, Min=850, Avg=7670.14, 90=14527, 99=43967, 99.9=552959, 99.99=570367] [READ-FAILED: Count=4, Max=2725, Min=1778, Avg=2302.25, 90=2725, 99=2725, 99.9=2725, 99.99=2725] 
2020-09-24 09:35:40:824 20 sec: 37191 operations; 1971.4 current ops/sec; est completion in 1 hour 29 minutes [READ: Count=9757, Max=602111, Min=895, Avg=7947.92, 90=14327, 99=35679, 99.9=530431, 99.99=596479] [UPDATE: Count=9919, Max=597503, Min=886, Avg=8137.26, 90=14471, 99=40255, 99.9=541183, 99.99=593919] [READ-FAILED: Count=7, Max=3313, Min=1071, Avg=2009.29, 90=3107, 99=3313, 99.9=3313, 99.99=3313] 
2020-09-24 09:35:50:824 30 sec: 58733 operations; 2154.2 current ops/sec; est completion in 1 hour 24 minutes [READ: Count=10914, Max=565759, Min=870, Avg=7138.43, 90=13095, 99=29247, 99.9=523519, 99.99=564735] [UPDATE: Count=10624, Max=966143, Min=779, Avg=7690.96, 90=13135, 99=34975, 99.9=527359, 99.99=568319] [READ-FAILED: Count=5, Max=3991, Min=1825, Avg=2676.6, 90=3991, 99=3991, 99.9=3991, 99.99=3991] 
2020-09-24 09:36:00:824 40 sec: 81030 operations; 2229.7 current ops/sec; est completion in 1 hour 21 minutes [READ: Count=11160, Max=582655, Min=912, Avg=7120.72, 90=13303, 99=30815, 99.9=535039, 99.99=573439] [UPDATE: Count=11123, Max=570879, Min=258, Avg=7268.01, 90=13191, 99=32063, 99.9=524031, 99.99=565247] [READ-FAILED: Count=9, Max=7623, Min=2132, Avg=3255.56, 90=3435, 99=7623, 99.9=7623, 99.99=7623] 
2020-09-24 09:36:10:824 50 sec: 100869 operations; 1983.9 current ops/sec; est completion in 1 hour 21 minutes [READ: Count=9885, Max=1012735, Min=130, Avg=7911.4, 90=13967, 99=44479, 99.9=535551, 99.99=1005055] [UPDATE: Count=9952, Max=998911, Min=872, Avg=8075.67, 90=13815, 99=44799, 99.9=541183, 99.99=974847] [READ-FAILED: Count=5, Max=6351, Min=1852, Avg=3060.6, 90=6351, 99=6351, 99.9=6351, 99.99=6351] 
2020-09-24 09:36:20:824 60 sec: 123453 operations; 2258.4 current ops/sec; est completion in 1 hour 20 minutes [READ: Count=11300, Max=592895, Min=857, Avg=7197.35, 90=13367, 99=35999, 99.9=526335, 99.99=568319] [UPDATE: Count=11272, Max=545791, Min=810, Avg=7120.16, 90=13367, 99=34879, 99.9=521215, 99.99=544255] [READ-FAILED: Count=8, Max=3443, Min=1148, Avg=2388.62, 90=2763, 99=3443, 99.9=3443, 99.99=3443] 
2020-09-24 09:36:30:824 70 sec: 144000 operations; 2054.7 current ops/sec; est completion in 1 hour 19 minutes [READ: Count=10226, Max=794111, Min=793, Avg=7949.09, 90=13543, 99=35807, 99.9=530943, 99.99=569343] [UPDATE: Count=10311, Max=570367, Min=834, Avg=7631.07, 90=13391, 99=32655, 99.9=520447, 99.99=568831] [READ-FAILED: Count=7, Max=5223, Min=1146, Avg=2524.29, 90=2983, 99=5223, 99.9=5223, 99.99=5223] 
2020-09-24 09:36:40:824 80 sec: 163862 operations; 1986.2 current ops/sec; est completion in 1 hour 20 minutes [READ: Count=9944, Max=595455, Min=859, Avg=8343.24, 90=13935, 99=42719, 99.9=535039, 99.99=578047] [UPDATE: Count=9910, Max=583679, Min=855, Avg=7826.85, 90=13711, 99=38239, 99.9=539135, 99.99=577023] [READ-FAILED: Count=11, Max=23135, Min=1185, Avg=4861, 90=9583, 99=23135, 99.9=23135, 99.99=23135] 
2020-09-24 09:36:50:824 90 sec: 186365 operations; 2250.07 current ops/sec; est completion in 1 hour 19 minutes [READ: Count=11201, Max=585215, Min=861, Avg=6828.83, 90=12951, 99=29567, 99.9=526847, 99.99=580607] [UPDATE: Count=11295, Max=585215, Min=916, Avg=7101.48, 90=12943, 99=35263, 99.9=528895, 99.99=582143] [READ-FAILED: Count=8, Max=2777, Min=1920, Avg=2357.38, 90=2751, 99=2777, 99.9=2777, 99.99=2777] 
2020-09-24 09:37:00:824 100 sec: 205680 operations; 1931.69 current ops/sec; est completion in 1 hour 19 minutes [READ: Count=9665, Max=1007615, Min=871, Avg=8193.22, 90=13623, 99=38911, 99.9=530431, 99.99=770559] [UPDATE: Count=9644, Max=972799, Min=870, Avg=8548.92, 90=13903, 99=39167, 99.9=528895, 99.99=836095] [READ-FAILED: Count=9, Max=3231, Min=1942, Avg=2554.22, 90=3169, 99=3231, 99.9=3231, 99.99=3231] 
2020-09-24 09:37:10:824 110 sec: 227767 operations; 2208.7 current ops/sec; est completion in 1 hour 18 minutes [READ: Count=11002, Max=583167, Min=886, Avg=7516.74, 90=13303, 99=33119, 99.9=526847, 99.99=581119] [UPDATE: Count=11062, Max=573951, Min=866, Avg=6738.6, 90=13191, 99=30207, 99.9=519679, 99.99=572415] [READ-FAILED: Count=17, Max=4311, Min=1332, Avg=2390.29, 90=2985, 99=4311, 99.9=4311, 99.99=4311] 
2020-09-24 09:37:20:824 120 sec: 249511 operations; 2174.4 current ops/sec; est completion in 1 hour 18 minutes [READ: Count=10779, Max=1007103, Min=905, Avg=7819.39, 90=13143, 99=34463, 99.9=558591, 99.99=1006079] [UPDATE: Count=10954, Max=1007103, Min=863, Avg=7119.38, 90=13159, 99=29167, 99.9=526335, 99.99=602623] [READ-FAILED: Count=9, Max=4063, Min=1514, Avg=2541.56, 90=3249, 99=4063, 99.9=4063, 99.99=4063] 
2020-09-24 09:37:30:824 130 sec: 269382 operations; 1987.1 current ops/sec; est completion in 1 hour 18 minutes [READ: Count=9989, Max=941567, Min=832, Avg=8130.93, 90=13079, 99=40479, 99.9=527871, 99.99=578559] [UPDATE: Count=9872, Max=988159, Min=847, Avg=7989.94, 90=13343, 99=44255, 99.9=528895, 99.99=653311] [READ-FAILED: Count=12, Max=6951, Min=1078, Avg=2460.75, 90=3315, 99=6951, 99.9=6951, 99.99=6951] 
2020-09-24 09:37:40:824 140 sec: 290181 operations; 2079.9 current ops/sec; est completion in 1 hour 18 minutes [READ: Count=10279, Max=998399, Min=808, Avg=7876.95, 90=13711, 99=37599, 99.9=532479, 99.99=996863] [UPDATE: Count=10523, Max=985599, Min=792, Avg=7582.98, 90=13575, 99=36831, 99.9=516607, 99.99=553983] [READ-FAILED: Count=3, Max=3049, Min=1894, Avg=2455.33, 90=3049, 99=3049, 99.9=3049, 99.99=3049] 
2020-09-24 09:37:50:824 150 sec: 312740 operations; 2255.9 current ops/sec; est completion in 1 hour 17 minutes [READ: Count=11334, Max=585215, Min=882, Avg=7226.24, 90=13351, 99=32863, 99.9=525823, 99.99=577023] [UPDATE: Count=11206, Max=556543, Min=844, Avg=6702.29, 90=13391, 99=30047, 99.9=515071, 99.99=539135] [READ-FAILED: Count=16, Max=13567, Min=1394, Avg=2634.62, 90=2559, 99=13567, 99.9=13567, 99.99=13567] 
2020-09-24 09:38:00:824 160 sec: 336022 operations; 2327.97 current ops/sec; est completion in 1 hour 16 minutes [READ: Count=11686, Max=571391, Min=858, Avg=6787.46, 90=13239, 99=31855, 99.9=517119, 99.99=570879] [UPDATE: Count=11584, Max=572415, Min=787, Avg=7126.25, 90=13223, 99=31775, 99.9=518655, 99.99=568319] [READ-FAILED: Count=9, Max=5211, Min=1838, Avg=2838.33, 90=3143, 99=5211, 99.9=5211, 99.99=5211] 
2020-09-24 09:38:10:824 170 sec: 357916 operations; 2189.62 current ops/sec; est completion in 1 hour 16 minutes [READ: Count=10939, Max=574463, Min=835, Avg=7181.39, 90=13295, 99=34879, 99.9=530431, 99.99=573951] [UPDATE: Count=10948, Max=568319, Min=805, Avg=7348.07, 90=13479, 99=34367, 99.9=540159, 99.99=567295] [READ-FAILED: Count=10, Max=12135, Min=1396, Avg=3249.1, 90=3147, 99=12135, 99.9=12135, 99.99=12135] 
2020-09-24 09:38:20:824 180 sec: 379652 operations; 2173.6 current ops/sec; est completion in 1 hour 16 minutes [READ: Count=10897, Max=995839, Min=903, Avg=7212.38, 90=13447, 99=30719, 99.9=552959, 99.99=847359] [UPDATE: Count=10829, Max=994303, Min=830, Avg=7370.95, 90=13431, 99=37247, 99.9=524031, 99.99=738303] [READ-FAILED: Count=5, Max=2587, Min=1612, Avg=2071.6, 90=2587, 99=2587, 99.9=2587, 99.99=2587] 
2020-09-24 09:38:30:824 190 sec: 400491 operations; 2083.9 current ops/sec; est completion in 1 hour 15 minutes [READ: Count=10403, Max=574463, Min=831, Avg=7841.19, 90=13631, 99=41599, 99.9=535551, 99.99=572927] [UPDATE: Count=10435, Max=582655, Min=880, Avg=7805.2, 90=13639, 99=46335, 99.9=543743, 99.99=569855] [READ-FAILED: Count=4, Max=2951, Min=1980, Avg=2421.75, 90=2951, 99=2951, 99.9=2951, 99.99=2951] 
2020-09-24 09:38:40:824 200 sec: 423172 operations; 2268.1 current ops/sec; est completion in 1 hour 15 minutes [READ: Count=11484, Max=583167, Min=895, Avg=7355.69, 90=13039, 99=31759, 99.9=525823, 99.99=580095] [UPDATE: Count=11195, Max=581631, Min=818, Avg=6720.33, 90=12975, 99=25439, 99.9=520703, 99.99=579583] [READ-FAILED: Count=6, Max=3167, Min=1129, Avg=2026.5, 90=2681, 99=3167, 99.9=3167, 99.99=3167] 
2020-09-24 09:38:50:824 210 sec: 443022 operations; 1985 current ops/sec; est completion in 1 hour 15 minutes [READ: Count=9912, Max=677887, Min=910, Avg=7837.35, 90=13407, 99=36159, 99.9=566783, 99.99=673791] [UPDATE: Count=9931, Max=682495, Min=785, Avg=8128.22, 90=13415, 99=38431, 99.9=572927, 99.99=658943] [READ-FAILED: Count=3, Max=2575, Min=2146, Avg=2374.33, 90=2575, 99=2575, 99.9=2575, 99.99=2575] 
2020-09-24 09:39:00:824 220 sec: 466837 operations; 2381.5 current ops/sec; est completion in 1 hour 14 minutes [READ: Count=11969, Max=564735, Min=863, Avg=6882.7, 90=13855, 99=32719, 99.9=516607, 99.99=563711] [UPDATE: Count=11839, Max=564223, Min=834, Avg=6551.89, 90=13647, 99=28687, 99.9=516095, 99.99=562687] [READ-FAILED: Count=9, Max=8951, Min=1389, Avg=3916.89, 90=8095, 99=8951, 99.9=8951, 99.99=8951] 
2020-09-24 09:39:10:824 230 sec: 488204 operations; 2136.7 current ops/sec; est completion in 1 hour 14 minutes [READ: Count=10634, Max=572927, Min=826, Avg=7312.72, 90=13303, 99=34079, 99.9=528383, 99.99=563711] [UPDATE: Count=10724, Max=589311, Min=838, Avg=7800.1, 90=13351, 99=37759, 99.9=528895, 99.99=578047] [READ-FAILED: Count=6, Max=3637, Min=1678, Avg=2298.5, 90=2473, 99=3637, 99.9=3637, 99.99=3637] 
2020-09-24 09:39:20:824 240 sec: 509510 operations; 2130.6 current ops/sec; est completion in 1 hour 14 minutes [READ: Count=10734, Max=577535, Min=830, Avg=7437.17, 90=12999, 99=36575, 99.9=521727, 99.99=574463] [UPDATE: Count=10565, Max=583679, Min=835, Avg=7357.05, 90=12967, 99=40255, 99.9=524799, 99.99=582143] [READ-FAILED: Count=5, Max=3635, Min=2090, Avg=2593, 90=3635, 99=3635, 99.9=3635, 99.99=3635] 
2020-09-24 09:39:30:824 250 sec: 530741 operations; 2122.89 current ops/sec; est completion in 1 hour 14 minutes [READ: Count=10642, Max=559615, Min=798, Avg=7320.93, 90=13719, 99=34527, 99.9=522751, 99.99=550911] [UPDATE: Count=10583, Max=573951, Min=845, Avg=7733.31, 90=13999, 99=37919, 99.9=518655, 99.99=569343] [READ-FAILED: Count=4, Max=10775, Min=2118, Avg=4455.25, 90=10775, 99=10775, 99.9=10775, 99.99=10775] 
2020-09-24 09:39:40:824 260 sec: 552312 operations; 2157.32 current ops/sec; est completion in 1 hour 14 minutes [READ: Count=10943, Max=580095, Min=772, Avg=7736.26, 90=13599, 99=30703, 99.9=538111, 99.99=568831] [UPDATE: Count=10626, Max=578559, Min=841, Avg=7250, 90=13687, 99=31295, 99.9=526847, 99.99=573951] [READ-FAILED: Count=5, Max=2983, Min=1242, Avg=2080.8, 90=2983, 99=2983, 99.9=2983, 99.99=2983] 
2020-09-24 09:39:50:824 270 sec: 575540 operations; 2322.8 current ops/sec; est completion in 1 hour 13 minutes [READ: Count=11487, Max=584703, Min=905, Avg=6645.55, 90=12991, 99=27599, 99.9=531967, 99.99=575487] [UPDATE: Count=11735, Max=572415, Min=858, Avg=7019.24, 90=13087, 99=28527, 99.9=518911, 99.99=571903] [READ-FAILED: Count=7, Max=3665, Min=1836, Avg=2511.71, 90=2817, 99=3665, 99.9=3665, 99.99=3665] 
2020-09-24 09:40:00:824 280 sec: 594067 operations; 1852.7 current ops/sec; est completion in 1 hour 13 minutes [READ: Count=9243, Max=600575, Min=893, Avg=8375.67, 90=14335, 99=44959, 99.9=550911, 99.99=586239] [UPDATE: Count=9278, Max=588799, Min=896, Avg=8807.46, 90=14087, 99=54879, 99.9=552447, 99.99=583167] [READ-FAILED: Count=9, Max=3855, Min=1605, Avg=2619.67, 90=3385, 99=3855, 99.9=3855, 99.99=3855] 
2020-09-24 09:40:10:824 290 sec: 616434 operations; 2236.7 current ops/sec; est completion in 1 hour 13 minutes [READ: Count=11077, Max=572927, Min=846, Avg=7216.92, 90=13727, 99=33695, 99.9=518911, 99.99=563199] [UPDATE: Count=11279, Max=583167, Min=815, Avg=7308.98, 90=13671, 99=34367, 99.9=518655, 99.99=572415] [READ-FAILED: Count=9, Max=5791, Min=1890, Avg=2845.78, 90=3557, 99=5791, 99.9=5791, 99.99=5791] 
2020-09-24 09:40:20:824 300 sec: 639347 operations; 2291.3 current ops/sec; est completion in 1 hour 13 minutes [READ: Count=11468, Max=590335, Min=792, Avg=6822.97, 90=13079, 99=30927, 99.9=520447, 99.99=584703] [UPDATE: Count=11439, Max=591871, Min=851, Avg=7053.08, 90=13079, 99=32079, 99.9=518911, 99.99=571903] [READ-FAILED: Count=8, Max=2651, Min=1344, Avg=2051.38, 90=2311, 99=2651, 99.9=2651, 99.99=2651] 
Maximum time elapsed. Requesting stop for the workload.
Stop requested for workload. Now Joining!
[36m09:40:20.948[m [[34;1mINFO[m] [1;34mp.u.t.s.y.Stats.clientFinished@38[m: 
Ended SconeKV benchmark.
Number of clients: 16
Total transactions: 127871
Committed: 127850 (99.98358%)
Aborted: 21 (0.0164228%)
2020-09-24 09:40:20:949 300 sec: 639403 operations; 444.44 current ops/sec; est completion in 1 hour 13 minutes [READ: Count=24, Max=513279, Min=1451, Avg=27204.5, 90=13207, 99=513279, 99.9=513279, 99.99=513279] [CLEANUP: Count=16, Max=1460, Min=4, Avg=97.25, 90=16, 99=1460, 99.9=1460, 99.99=1460] [UPDATE: Count=24, Max=511487, Min=1609, Avg=46866.79, 90=14103, 99=511487, 99.9=511487, 99.99=511487] [READ-FAILED: Count=0, Max=0, Min=9223372036854775807, Avg=NaN, 90=0, 99=0, 99.9=0, 99.99=0] 
[OVERALL], RunTime(ms), 300127
[OVERALL], Throughput(ops/sec), 2130.4414464543343
[TOTAL_GCS_G1_Young_Generation], Count, 109
[TOTAL_GC_TIME_G1_Young_Generation], Time(ms), 658
[TOTAL_GC_TIME_%_G1_Young_Generation], Time(%), 0.21924052151255968
[TOTAL_GCS_G1_Old_Generation], Count, 0
[TOTAL_GC_TIME_G1_Old_Generation], Time(ms), 0
[TOTAL_GC_TIME_%_G1_Old_Generation], Time(%), 0.0
[TOTAL_GCs], Count, 109
[TOTAL_GC_TIME], Time(ms), 658
[TOTAL_GC_TIME_%], Time(%), 0.21924052151255968
[READ], Operations, 319701
[READ], AverageLatency(us), 7481.037619525744
[READ], MinLatency(us), 130
[READ], MaxLatency(us), 1012735
[READ], 95thPercentileLatency(us), 16175
[READ], 99thPercentileLatency(us), 35327
[READ], Return=OK, 319701
[READ], Return=NOT_FOUND, 229
[CLEANUP], Operations, 16
[CLEANUP], AverageLatency(us), 97.25
[CLEANUP], MinLatency(us), 4
[CLEANUP], MaxLatency(us), 1460
[CLEANUP], 95thPercentileLatency(us), 22
[CLEANUP], 99thPercentileLatency(us), 1460
[UPDATE], Operations, 319473
[UPDATE], AverageLatency(us), 7458.882991676918
[UPDATE], MinLatency(us), 258
[UPDATE], MaxLatency(us), 1007103
[UPDATE], 95thPercentileLatency(us), 16159
[UPDATE], 99thPercentileLatency(us), 36159
[UPDATE], Return=OK, 319473
[READ-FAILED], Operations, 229
[READ-FAILED], AverageLatency(us), 2736.650655021834
[READ-FAILED], MinLatency(us), 1071
[READ-FAILED], MaxLatency(us), 23135
[READ-FAILED], 95thPercentileLatency(us), 5791
[READ-FAILED], 99thPercentileLatency(us), 12135
