Command line: -t -db pt.ulisboa.tecnico.sconekv.ycsb.SconeKVClient -P workloada -threads 32 -s -p scone.tx_size=5 -p operationcount=10000000 -p maxexecutiontime=300 -p requestdistribution=uniform
YCSB Client 0.17.0

Loading workload...
Starting test.
WARNING: sun.reflect.Reflection.getCallerClass is not supported. This will impact performance.
2020-09-24 09:45:25:010 0 sec: 0 operations; est completion in 0 second 
Maximum execution time specified as: 300 secs
DBWrapper: report latency for each error is false and specific error codes to track for latency are: []
DBWrapper: report latency for each error is false and specific error codes to track for latency are: []
DBWrapper: report latency for each error is false and specific error codes to track for latency are: []
DBWrapper: report latency for each error is false and specific error codes to track for latency are: []
DBWrapper: report latency for each error is false and specific error codes to track for latency are: []
DBWrapper: report latency for each error is false and specific error codes to track for latency are: []
DBWrapper: report latency for each error is false and specific error codes to track for latency are: []
DBWrapper: report latency for each error is false and specific error codes to track for latency are: []
DBWrapper: report latency for each error is false and specific error codes to track for latency are: []
DBWrapper: report latency for each error is false and specific error codes to track for latency are: []
DBWrapper: report latency for each error is false and specific error codes to track for latency are: []
DBWrapper: report latency for each error is false and specific error codes to track for latency are: []
DBWrapper: report latency for each error is false and specific error codes to track for latency are: []
DBWrapper: report latency for each error is false and specific error codes to track for latency are: []
DBWrapper: report latency for each error is false and specific error codes to track for latency are: []
DBWrapper: report latency for each error is false and specific error codes to track for latency are: []
DBWrapper: report latency for each error is false and specific error codes to track for latency are: []
DBWrapper: report latency for each error is false and specific error codes to track for latency are: []
DBWrapper: report latency for each error is false and specific error codes to track for latency are: []
DBWrapper: report latency for each error is false and specific error codes to track for latency are: []
DBWrapper: report latency for each error is false and specific error codes to track for latency are: []
DBWrapper: report latency for each error is false and specific error codes to track for latency are: []
DBWrapper: report latency for each error is false and specific error codes to track for latency are: []
DBWrapper: report latency for each error is false and specific error codes to track for latency are: []
DBWrapper: report latency for each error is false and specific error codes to track for latency are: []
DBWrapper: report latency for each error is false and specific error codes to track for latency are: []
DBWrapper: report latency for each error is false and specific error codes to track for latency are: []
DBWrapper: report latency for each error is false and specific error codes to track for latency are: []
DBWrapper: report latency for each error is false and specific error codes to track for latency are: []
DBWrapper: report latency for each error is false and specific error codes to track for latency are: []
DBWrapper: report latency for each error is false and specific error codes to track for latency are: []
DBWrapper: report latency for each error is false and specific error codes to track for latency are: []
2020-09-24 09:45:35:025 10 sec: 18449 operations; 1844.35 current ops/sec; est completion in 1 hour 30 minutes [READ: Count=9282, Max=638975, Min=827, Avg=13963.01, 90=23663, 99=129855, 99.9=545279, 99.99=610815] [UPDATE: Count=9276, Max=1040383, Min=752, Avg=13594.36, 90=22959, 99=111551, 99.9=570879, 99.99=960511] [READ-FAILED: Count=5, Max=40127, Min=2394, Avg=11029.2, 90=40127, 99=40127, 99.9=40127, 99.99=40127] 
2020-09-24 09:45:45:010 20 sec: 45388 operations; 2694.71 current ops/sec; est completion in 1 hour 13 minutes [READ: Count=13363, Max=1009151, Min=918, Avg=11719.95, 90=17375, 99=116799, 99.9=589823, 99.99=1005567] [UPDATE: Count=13463, Max=1005567, Min=794, Avg=11739.17, 90=17503, 99=109439, 99.9=653823, 99.99=1005567] [READ-FAILED: Count=6, Max=7803, Min=1147, Avg=3329.5, 90=3073, 99=7803, 99.9=7803, 99.99=7803] 
2020-09-24 09:45:55:010 30 sec: 74693 operations; 2930.21 current ops/sec; est completion in 1 hour 6 minutes [READ: Count=14645, Max=658431, Min=877, Avg=10491.2, 90=17295, 99=100671, 99.9=579071, 99.99=625663] [UPDATE: Count=14648, Max=989695, Min=808, Avg=11357.23, 90=17199, 99=125759, 99.9=584191, 99.99=983039] [READ-FAILED: Count=5, Max=4083, Min=1922, Avg=2658.6, 90=4083, 99=4083, 99.9=4083, 99.99=4083] 
2020-09-24 09:46:05:010 40 sec: 102378 operations; 2768.5 current ops/sec; est completion in 1 hour 4 minutes [READ: Count=13900, Max=594943, Min=861, Avg=11596.35, 90=17791, 99=136959, 99.9=529919, 99.99=590847] [UPDATE: Count=13798, Max=611839, Min=854, Avg=11778, 90=17935, 99=161151, 99.9=545791, 99.99=592895] [READ-FAILED: Count=5, Max=5051, Min=1641, Avg=3148.8, 90=5051, 99=5051, 99.9=5051, 99.99=5051] 
2020-09-24 09:46:15:010 50 sec: 128547 operations; 2617.16 current ops/sec; est completion in 1 hour 4 minutes [READ: Count=13150, Max=624127, Min=824, Avg=12605.25, 90=17951, 99=512511, 99.9=583679, 99.99=623103] [UPDATE: Count=13003, Max=605695, Min=751, Avg=11728.36, 90=17743, 99=510719, 99.9=565247, 99.99=597503] [READ-FAILED: Count=4, Max=4803, Min=2390, Avg=3511.5, 90=4803, 99=4803, 99.9=4803, 99.99=4803] 
2020-09-24 09:46:25:010 60 sec: 158453 operations; 2990.6 current ops/sec; est completion in 1 hour 2 minutes [READ: Count=14952, Max=609791, Min=861, Avg=10831.11, 90=17999, 99=101695, 99.9=523519, 99.99=608255] [UPDATE: Count=14949, Max=608767, Min=851, Avg=10527.14, 90=18063, 99=84223, 99.9=528383, 99.99=606207] [READ-FAILED: Count=4, Max=4151, Min=1688, Avg=2813, 90=4151, 99=4151, 99.9=4151, 99.99=4151] 
2020-09-24 09:46:35:010 70 sec: 188150 operations; 2969.7 current ops/sec; est completion in 1 hour [READ: Count=14946, Max=604671, Min=769, Avg=10904.73, 90=17455, 99=105983, 99.9=530431, 99.99=599551] [UPDATE: Count=14746, Max=979455, Min=721, Avg=10834.07, 90=17487, 99=98559, 99.9=534527, 99.99=661503] [READ-FAILED: Count=9, Max=11039, Min=1315, Avg=3339.56, 90=3405, 99=11039, 99.9=11039, 99.99=11039] 
2020-09-24 09:46:45:010 80 sec: 210008 operations; 2185.8 current ops/sec; est completion in 1 hour 2 minutes [READ: Count=10874, Max=968191, Min=848, Avg=13424.55, 90=19279, 99=511743, 99.9=585215, 99.99=669695] [UPDATE: Count=10973, Max=964095, Min=885, Avg=15119.04, 90=19983, 99=514559, 99.9=599039, 99.99=660991] [READ-FAILED: Count=5, Max=3813, Min=1544, Avg=2379.4, 90=3813, 99=3813, 99.9=3813, 99.99=3813] 
2020-09-24 09:46:55:010 90 sec: 237842 operations; 2783.4 current ops/sec; est completion in 1 hour 1 minute [READ: Count=13928, Max=638975, Min=807, Avg=12380.62, 90=16911, 99=510975, 99.9=584703, 99.99=636415] [UPDATE: Count=13909, Max=841215, Min=817, Avg=11033.05, 90=16527, 99=123007, 99.9=587263, 99.99=633343] [READ-FAILED: Count=4, Max=3677, Min=1804, Avg=2532.25, 90=3677, 99=3677, 99.9=3677, 99.99=3677] 
2020-09-24 09:47:05:010 100 sec: 267555 operations; 2971.3 current ops/sec; est completion in 1 hour [READ: Count=15003, Max=687103, Min=664, Avg=10459.06, 90=18175, 99=96575, 99.9=585215, 99.99=671231] [UPDATE: Count=14710, Max=686079, Min=813, Avg=11124.97, 90=18223, 99=112575, 99.9=602623, 99.99=685055] [READ-FAILED: Count=7, Max=4983, Min=1043, Avg=2627.29, 90=3027, 99=4983, 99.9=4983, 99.99=4983] 
2020-09-24 09:47:15:010 110 sec: 292627 operations; 2507.2 current ops/sec; est completion in 1 hour [READ: Count=12537, Max=767487, Min=831, Avg=12379.47, 90=17135, 99=510207, 99.9=627199, 99.99=763903] [UPDATE: Count=12518, Max=760831, Min=809, Avg=12774.95, 90=16959, 99=512255, 99.9=613887, 99.99=716287] [READ-FAILED: Count=5, Max=5647, Min=1231, Avg=2766, 90=5647, 99=5647, 99.9=5647, 99.99=5647] 
2020-09-24 09:47:25:010 120 sec: 324949 operations; 3231.88 current ops/sec; est completion in 59 minutes [READ: Count=15992, Max=614911, Min=802, Avg=10125.1, 90=19135, 99=71743, 99.9=555007, 99.99=598015] [UPDATE: Count=16340, Max=625151, Min=829, Avg=9962.45, 90=19103, 99=70335, 99.9=539647, 99.99=613375] [READ-FAILED: Count=2, Max=2643, Min=2348, Avg=2496, 90=2643, 99=2643, 99.9=2643, 99.99=2643] 
2020-09-24 09:47:35:010 130 sec: 353507 operations; 2855.8 current ops/sec; est completion in 59 minutes [READ: Count=14292, Max=668671, Min=852, Avg=11345.93, 90=16247, 99=122879, 99.9=607743, 99.99=658431] [UPDATE: Count=14259, Max=695807, Min=813, Avg=10860.6, 90=16183, 99=114047, 99.9=607231, 99.99=693759] [READ-FAILED: Count=3, Max=3045, Min=2188, Avg=2700.33, 90=3045, 99=3045, 99.9=3045, 99.99=3045] 
2020-09-24 09:47:45:010 140 sec: 375423 operations; 2191.6 current ops/sec; est completion in 59 minutes [READ: Count=10958, Max=1007103, Min=669, Avg=14186.91, 90=18351, 99=515071, 99.9=606719, 99.99=1003519] [UPDATE: Count=10946, Max=969727, Min=868, Avg=14808.39, 90=17983, 99=520959, 99.9=619519, 99.99=936447] [READ-FAILED: Count=3, Max=1376, Min=1282, Avg=1331.67, 90=1376, 99=1376, 99.9=1376, 99.99=1376] 
2020-09-24 09:47:55:010 150 sec: 403454 operations; 2803.1 current ops/sec; est completion in 59 minutes [READ: Count=14039, Max=608767, Min=860, Avg=11448.54, 90=16991, 99=184575, 99.9=595455, 99.99=607743] [UPDATE: Count=13987, Max=609791, Min=811, Avg=11234.06, 90=17167, 99=169343, 99.9=574463, 99.99=607231] [READ-FAILED: Count=5, Max=5087, Min=1950, Avg=2988.2, 90=5087, 99=5087, 99.9=5087, 99.99=5087] 
2020-09-24 09:48:05:010 160 sec: 432147 operations; 2869.3 current ops/sec; est completion in 59 minutes [READ: Count=14299, Max=613887, Min=819, Avg=11465.15, 90=17071, 99=151551, 99.9=560639, 99.99=609791] [UPDATE: Count=14399, Max=614399, Min=836, Avg=11092.96, 90=16847, 99=124671, 99.9=543231, 99.99=613375] [READ-FAILED: Count=2, Max=2871, Min=2694, Avg=2783, 90=2871, 99=2871, 99.9=2871, 99.99=2871] 
2020-09-24 09:48:15:010 170 sec: 456734 operations; 2458.7 current ops/sec; est completion in 59 minutes [READ: Count=12263, Max=702463, Min=864, Avg=13049.64, 90=16575, 99=511999, 99.9=649727, 99.99=696831] [UPDATE: Count=12307, Max=707071, Min=783, Avg=13013.35, 90=16495, 99=512767, 99.9=628223, 99.99=702975] [READ-FAILED: Count=6, Max=5323, Min=742, Avg=2585, 90=2501, 99=5323, 99.9=5323, 99.99=5323] 
2020-09-24 09:48:25:015 180 sec: 484572 operations; 2784.08 current ops/sec; est completion in 58 minutes [READ: Count=13923, Max=748031, Min=846, Avg=12252.14, 90=17759, 99=471807, 99.9=601599, 99.99=739839] [UPDATE: Count=13917, Max=747519, Min=712, Avg=10974.17, 90=17279, 99=128575, 99.9=619519, 99.99=658943] [READ-FAILED: Count=4, Max=12863, Min=1394, Avg=5963.25, 90=12863, 99=12863, 99.9=12863, 99.99=12863] 
2020-09-24 09:48:35:010 190 sec: 512646 operations; 2807.12 current ops/sec; est completion in 58 minutes [READ: Count=13983, Max=670719, Min=859, Avg=11354.07, 90=15799, 99=315135, 99.9=591871, 99.99=650751] [UPDATE: Count=14075, Max=653311, Min=835, Avg=10933.88, 90=15871, 99=147327, 99.9=561151, 99.99=651775] [READ-FAILED: Count=10, Max=9191, Min=1314, Avg=3090.1, 90=3819, 99=9191, 99.9=9191, 99.99=9191] 
2020-09-24 09:48:45:010 200 sec: 537175 operations; 2453.15 current ops/sec; est completion in 58 minutes [READ: Count=12409, Max=839167, Min=783, Avg=12823.38, 90=16199, 99=511999, 99.9=689151, 99.99=780287] [UPDATE: Count=12116, Max=870911, Min=867, Avg=13573.52, 90=16343, 99=513023, 99.9=708607, 99.99=868351] [READ-FAILED: Count=4, Max=2113, Min=1187, Avg=1654, 90=2113, 99=2113, 99.9=2113, 99.99=2113] 
2020-09-24 09:48:55:010 210 sec: 563814 operations; 2663.9 current ops/sec; est completion in 58 minutes [READ: Count=13274, Max=729087, Min=872, Avg=11966.92, 90=17231, 99=511487, 99.9=609791, 99.99=721407] [UPDATE: Count=13366, Max=697855, Min=847, Avg=12256.62, 90=17327, 99=512511, 99.9=619007, 99.99=697343] [READ-FAILED: Count=10, Max=12703, Min=2029, Avg=4065.8, 90=7259, 99=12703, 99.9=12703, 99.99=12703] 
2020-09-24 09:49:05:010 220 sec: 595778 operations; 3196.4 current ops/sec; est completion in 57 minutes [READ: Count=15892, Max=594431, Min=268, Avg=10106.61, 90=16607, 99=81279, 99.9=543743, 99.99=592895] [UPDATE: Count=16062, Max=594943, Min=833, Avg=9685.87, 90=16479, 99=72127, 99.9=546303, 99.99=592895] [READ-FAILED: Count=3, Max=4551, Min=2009, Avg=2910, 90=4551, 99=4551, 99.9=4551, 99.99=4551] 
2020-09-24 09:49:15:010 230 sec: 619947 operations; 2416.9 current ops/sec; est completion in 58 minutes [READ: Count=12072, Max=733695, Min=796, Avg=12998.42, 90=16199, 99=513791, 99.9=662527, 99.99=724479] [UPDATE: Count=12093, Max=721407, Min=758, Avg=13453.35, 90=16511, 99=513791, 99.9=666623, 99.99=716287] [READ-FAILED: Count=5, Max=3371, Min=1430, Avg=2349.2, 90=3371, 99=3371, 99.9=3371, 99.99=3371] 
2020-09-24 09:49:25:010 240 sec: 644201 operations; 2425.4 current ops/sec; est completion in 58 minutes [READ: Count=12065, Max=898047, Min=841, Avg=12557.22, 90=17503, 99=203135, 99.9=717311, 99.99=890879] [UPDATE: Count=12189, Max=811007, Min=852, Avg=14138.36, 90=17791, 99=514303, 99.9=719871, 99.99=807935] [READ-FAILED: Count=4, Max=16367, Min=1480, Avg=5444.5, 90=16367, 99=16367, 99.9=16367, 99.99=16367] 
2020-09-24 09:49:35:010 250 sec: 671370 operations; 2716.63 current ops/sec; est completion in 57 minutes [READ: Count=13555, Max=798207, Min=833, Avg=11814.43, 90=16607, 99=510975, 99.9=578047, 99.99=793599] [UPDATE: Count=13603, Max=807423, Min=834, Avg=11464.04, 90=16343, 99=510207, 99.9=592383, 99.99=795135] [READ-FAILED: Count=5, Max=2943, Min=2062, Avg=2470.2, 90=2943, 99=2943, 99.9=2943, 99.99=2943] 
2020-09-24 09:49:45:010 260 sec: 703837 operations; 3246.7 current ops/sec; est completion in 57 minutes [READ: Count=16310, Max=629247, Min=807, Avg=9636.76, 90=15935, 99=65791, 99.9=534015, 99.99=577535] [UPDATE: Count=16155, Max=624639, Min=832, Avg=10093.48, 90=15687, 99=89215, 99.9=550399, 99.99=622079] [READ-FAILED: Count=3, Max=2717, Min=2184, Avg=2363.67, 90=2717, 99=2717, 99.9=2717, 99.99=2717] 
2020-09-24 09:49:55:010 270 sec: 722908 operations; 1907.29 current ops/sec; est completion in 57 minutes [READ: Count=9547, Max=863743, Min=828, Avg=17534.77, 90=19647, 99=518911, 99.9=708095, 99.99=857599] [UPDATE: Count=9528, Max=857087, Min=769, Avg=15929.91, 90=19407, 99=516351, 99.9=712191, 99.99=853503] [READ-FAILED: Count=1, Max=1157, Min=1157, Avg=1157, 90=1157, 99=1157, 99.9=1157, 99.99=1157] 
2020-09-24 09:50:05:010 280 sec: 754581 operations; 3167.3 current ops/sec; est completion in 57 minutes [READ: Count=15788, Max=700415, Min=820, Avg=10158.6, 90=16863, 99=80895, 99.9=528383, 99.99=571391] [UPDATE: Count=15872, Max=700927, Min=787, Avg=10188.95, 90=17087, 99=84735, 99.9=528895, 99.99=579071] [READ-FAILED: Count=5, Max=3595, Min=1162, Avg=2520.4, 90=3595, 99=3595, 99.9=3595, 99.99=3595] 
2020-09-24 09:50:15:010 290 sec: 787322 operations; 3274.1 current ops/sec; est completion in 56 minutes [READ: Count=16328, Max=1013759, Min=799, Avg=9893.17, 90=16639, 99=67199, 99.9=546303, 99.99=1003519] [UPDATE: Count=16413, Max=1006079, Min=795, Avg=9633.24, 90=16879, 99=62207, 99.9=528383, 99.99=807423] [READ-FAILED: Count=7, Max=4307, Min=2386, Avg=2995.14, 90=3397, 99=4307, 99.9=4307, 99.99=4307] 
2020-09-24 09:50:25:010 300 sec: 808457 operations; 2113.5 current ops/sec; est completion in 56 minutes [READ: Count=10683, Max=872447, Min=753, Avg=15931.69, 90=17487, 99=515071, 99.9=795647, 99.99=860671] [UPDATE: Count=10445, Max=874495, Min=888, Avg=14102.98, 90=17567, 99=512255, 99.9=729599, 99.99=869887] [READ-FAILED: Count=3, Max=4547, Min=1864, Avg=2997, 90=4547, 99=4547, 99.9=4547, 99.99=4547] 
Maximum time elapsed. Requesting stop for the workload.
Stop requested for workload. Now Joining!
[36m09:50:25.750[m [[34;1mINFO[m] [1;34mp.u.t.s.y.Stats.clientFinished@38[m: 
Ended SconeKV benchmark.
Number of clients: 32
Total transactions: 161720
Committed: 161660 (99.9629%)
Aborted: 60 (0.03710116%)
2020-09-24 09:50:25:752 300 sec: 808651 operations; 261.46 current ops/sec; est completion in 56 minutes [READ: Count=80, Max=716799, Min=1195, Avg=101825.93, 90=517887, 99=716287, 99.9=716799, 99.99=716799] [CLEANUP: Count=32, Max=1454, Min=3, Avg=51.56, 90=8, 99=1454, 99.9=1454, 99.99=1454] [UPDATE: Count=110, Max=713215, Min=1180, Avg=79326.62, 90=511743, 99=692223, 99.9=713215, 99.99=713215] [READ-FAILED: Count=0, Max=0, Min=9223372036854775807, Avg=NaN, 90=0, 99=0, 99.9=0, 99.99=0] 
[OVERALL], RunTime(ms), 300742
[OVERALL], Throughput(ops/sec), 2688.8529038178904
[TOTAL_GCS_G1_Young_Generation], Count, 137
[TOTAL_GC_TIME_G1_Young_Generation], Time(ms), 1030
[TOTAL_GC_TIME_%_G1_Young_Generation], Time(%), 0.3424862506733346
[TOTAL_GCS_G1_Old_Generation], Count, 0
[TOTAL_GC_TIME_G1_Old_Generation], Time(ms), 0
[TOTAL_GC_TIME_%_G1_Old_Generation], Time(%), 0.0
[TOTAL_GCs], Count, 137
[TOTAL_GC_TIME], Time(ms), 1030
[TOTAL_GC_TIME_%], Time(%), 0.3424862506733346
[READ], Operations, 404332
[READ], AverageLatency(us), 11841.386635240347
[READ], MinLatency(us), 268
[READ], MaxLatency(us), 1013759
[READ], 95thPercentileLatency(us), 22703
[READ], 99thPercentileLatency(us), 202111
[READ], Return=OK, 404332
[READ], Return=NOT_FOUND, 144
[CLEANUP], Operations, 32
[CLEANUP], AverageLatency(us), 51.5625
[CLEANUP], MinLatency(us), 3
[CLEANUP], MaxLatency(us), 1454
[CLEANUP], 95thPercentileLatency(us), 11
[CLEANUP], 99thPercentileLatency(us), 1454
[UPDATE], Operations, 404175
[UPDATE], AverageLatency(us), 11763.413202202017
[UPDATE], MinLatency(us), 712
[UPDATE], MaxLatency(us), 1040383
[UPDATE], 95thPercentileLatency(us), 22655
[UPDATE], 99thPercentileLatency(us), 192255
[UPDATE], Return=OK, 404175
[READ-FAILED], Operations, 144
[READ-FAILED], AverageLatency(us), 3293.7916666666665
[READ-FAILED], MinLatency(us), 742
[READ-FAILED], MaxLatency(us), 40127
[READ-FAILED], 95thPercentileLatency(us), 7259
[READ-FAILED], 99thPercentileLatency(us), 16367
