Command line: -t -db pt.ulisboa.tecnico.sconekv.ycsb.SconeKVClient -P workloada -threads 64 -s -p scone.tx_size=5 -p operationcount=10000000 -p maxexecutiontime=300 -p requestdistribution=uniform
YCSB Client 0.17.0

Loading workload...
Starting test.
WARNING: sun.reflect.Reflection.getCallerClass is not supported. This will impact performance.
2020-09-24 10:05:35:194 0 sec: 0 operations; est completion in 0 second 
Maximum execution time specified as: 300 secs
DBWrapper: report latency for each error is false and specific error codes to track for latency are: []
DBWrapper: report latency for each error is false and specific error codes to track for latency are: []
DBWrapper: report latency for each error is false and specific error codes to track for latency are: []
DBWrapper: report latency for each error is false and specific error codes to track for latency are: []
DBWrapper: report latency for each error is false and specific error codes to track for latency are: []
DBWrapper: report latency for each error is false and specific error codes to track for latency are: []
DBWrapper: report latency for each error is false and specific error codes to track for latency are: []
DBWrapper: report latency for each error is false and specific error codes to track for latency are: []
DBWrapper: report latency for each error is false and specific error codes to track for latency are: []
DBWrapper: report latency for each error is false and specific error codes to track for latency are: []
DBWrapper: report latency for each error is false and specific error codes to track for latency are: []
DBWrapper: report latency for each error is false and specific error codes to track for latency are: []
DBWrapper: report latency for each error is false and specific error codes to track for latency are: []
DBWrapper: report latency for each error is false and specific error codes to track for latency are: []
DBWrapper: report latency for each error is false and specific error codes to track for latency are: []
DBWrapper: report latency for each error is false and specific error codes to track for latency are: []
DBWrapper: report latency for each error is false and specific error codes to track for latency are: []
DBWrapper: report latency for each error is false and specific error codes to track for latency are: []
DBWrapper: report latency for each error is false and specific error codes to track for latency are: []
DBWrapper: report latency for each error is false and specific error codes to track for latency are: []
DBWrapper: report latency for each error is false and specific error codes to track for latency are: []
DBWrapper: report latency for each error is false and specific error codes to track for latency are: []
DBWrapper: report latency for each error is false and specific error codes to track for latency are: []
DBWrapper: report latency for each error is false and specific error codes to track for latency are: []
DBWrapper: report latency for each error is false and specific error codes to track for latency are: []
DBWrapper: report latency for each error is false and specific error codes to track for latency are: []
DBWrapper: report latency for each error is false and specific error codes to track for latency are: []
DBWrapper: report latency for each error is false and specific error codes to track for latency are: []
DBWrapper: report latency for each error is false and specific error codes to track for latency are: []
DBWrapper: report latency for each error is false and specific error codes to track for latency are: []
DBWrapper: report latency for each error is false and specific error codes to track for latency are: []
DBWrapper: report latency for each error is false and specific error codes to track for latency are: []
DBWrapper: report latency for each error is false and specific error codes to track for latency are: []
DBWrapper: report latency for each error is false and specific error codes to track for latency are: []
DBWrapper: report latency for each error is false and specific error codes to track for latency are: []
DBWrapper: report latency for each error is false and specific error codes to track for latency are: []
DBWrapper: report latency for each error is false and specific error codes to track for latency are: []
DBWrapper: report latency for each error is false and specific error codes to track for latency are: []
DBWrapper: report latency for each error is false and specific error codes to track for latency are: []
DBWrapper: report latency for each error is false and specific error codes to track for latency are: []
DBWrapper: report latency for each error is false and specific error codes to track for latency are: []
DBWrapper: report latency for each error is false and specific error codes to track for latency are: []
DBWrapper: report latency for each error is false and specific error codes to track for latency are: []
DBWrapper: report latency for each error is false and specific error codes to track for latency are: []
DBWrapper: report latency for each error is false and specific error codes to track for latency are: []
DBWrapper: report latency for each error is false and specific error codes to track for latency are: []
DBWrapper: report latency for each error is false and specific error codes to track for latency are: []
DBWrapper: report latency for each error is false and specific error codes to track for latency are: []
DBWrapper: report latency for each error is false and specific error codes to track for latency are: []
DBWrapper: report latency for each error is false and specific error codes to track for latency are: []
DBWrapper: report latency for each error is false and specific error codes to track for latency are: []
DBWrapper: report latency for each error is false and specific error codes to track for latency are: []
DBWrapper: report latency for each error is false and specific error codes to track for latency are: []
DBWrapper: report latency for each error is false and specific error codes to track for latency are: []
DBWrapper: report latency for each error is false and specific error codes to track for latency are: []
DBWrapper: report latency for each error is false and specific error codes to track for latency are: []
DBWrapper: report latency for each error is false and specific error codes to track for latency are: []
DBWrapper: report latency for each error is false and specific error codes to track for latency are: []
DBWrapper: report latency for each error is false and specific error codes to track for latency are: []
DBWrapper: report latency for each error is false and specific error codes to track for latency are: []
DBWrapper: report latency for each error is false and specific error codes to track for latency are: []
DBWrapper: report latency for each error is false and specific error codes to track for latency are: []
DBWrapper: report latency for each error is false and specific error codes to track for latency are: []
DBWrapper: report latency for each error is false and specific error codes to track for latency are: []
2020-09-24 10:05:45:198 10 sec: 13562 operations; 1355.52 current ops/sec; est completion in 2 hours 2 minutes [READ: Count=6738, Max=838655, Min=745, Avg=29195.33, 90=57919, 99=272383, 99.9=632319, 99.99=742911] [UPDATE: Count=6894, Max=641535, Min=951, Avg=28173.67, 90=55903, 99=238847, 99.9=600575, 99.99=636415] 
2020-09-24 10:05:55:194 20 sec: 48198 operations; 3464.99 current ops/sec; est completion in 1 hour 8 minutes [READ: Count=17475, Max=605183, Min=846, Avg=18757.52, 90=28911, 99=519167, 99.9=548863, 99.99=598527] [UPDATE: Count=17112, Max=609279, Min=859, Avg=18095.25, 90=28047, 99=517631, 99.9=543743, 99.99=568831] [READ-FAILED: Count=2, Max=3599, Min=3544, Avg=3572, 90=3599, 99=3599, 99.9=3599, 99.99=3599] 
2020-09-24 10:06:05:194 30 sec: 87430 operations; 3923.2 current ops/sec; est completion in 56 minutes [READ: Count=19455, Max=652287, Min=862, Avg=16610.06, 90=23519, 99=517631, 99.9=544255, 99.99=630783] [UPDATE: Count=19784, Max=654335, Min=842, Avg=16143.16, 90=23615, 99=516863, 99.9=553471, 99.99=642047] [READ-FAILED: Count=2, Max=3709, Min=2966, Avg=3338, 90=3709, 99=3709, 99.9=3709, 99.99=3709] 
2020-09-24 10:06:15:194 40 sec: 129178 operations; 4174.8 current ops/sec; est completion in 50 minutes [READ: Count=20735, Max=616447, Min=834, Avg=14952.12, 90=21887, 99=514047, 99.9=542207, 99.99=589311] [UPDATE: Count=21000, Max=1031167, Min=798, Avg=15602.1, 90=21839, 99=515071, 99.9=544767, 99.99=989695] [READ-FAILED: Count=1, Max=3405, Min=3404, Avg=3405, 90=3405, 99=3405, 99.9=3405, 99.99=3405] 
2020-09-24 10:06:25:194 50 sec: 163005 operations; 3382.7 current ops/sec; est completion in 50 minutes [READ: Count=16756, Max=676863, Min=728, Avg=18866.66, 90=28287, 99=513023, 99.9=535039, 99.99=602111] [UPDATE: Count=17062, Max=839167, Min=808, Avg=18955.89, 90=27519, 99=511231, 99.9=538111, 99.99=606207] [READ-FAILED: Count=2, Max=3495, Min=2116, Avg=2806, 90=3495, 99=3495, 99.9=3495, 99.99=3495] 
2020-09-24 10:06:35:194 60 sec: 180147 operations; 1714.2 current ops/sec; est completion in 54 minutes [READ: Count=8569, Max=1009663, Min=878, Avg=38445.73, 90=143871, 99=514815, 99.9=705535, 99.99=984575] [UPDATE: Count=8596, Max=1012223, Min=855, Avg=36888.4, 90=142463, 99=513791, 99.9=688127, 99.99=1009151] [READ-FAILED: Count=1, Max=2883, Min=2882, Avg=2883, 90=2883, 99=2883, 99.9=2883, 99.99=2883] 
2020-09-24 10:06:45:194 70 sec: 204655 operations; 2450.8 current ops/sec; est completion in 55 minutes [READ: Count=12375, Max=681471, Min=770, Avg=25933.03, 90=41471, 99=516351, 99.9=647167, 99.99=669695] [UPDATE: Count=12110, Max=665599, Min=836, Avg=25492.98, 90=40767, 99=515839, 99.9=571391, 99.99=665087] [READ-FAILED: Count=0, Max=0, Min=9223372036854775807, Avg=NaN, 90=0, 99=0, 99.9=0, 99.99=0] 
2020-09-24 10:06:55:194 80 sec: 247914 operations; 4325.9 current ops/sec; est completion in 52 minutes [READ: Count=21684, Max=829439, Min=807, Avg=15422.65, 90=20975, 99=517119, 99.9=555007, 99.99=597503] [UPDATE: Count=21571, Max=598527, Min=780, Avg=14347.83, 90=20975, 99=514815, 99.9=546815, 99.99=597503] [READ-FAILED: Count=0, Max=0, Min=9223372036854775807, Avg=NaN, 90=0, 99=0, 99.9=0, 99.99=0] 
2020-09-24 10:07:05:195 90 sec: 289261 operations; 4134.7 current ops/sec; est completion in 50 minutes [READ: Count=20783, Max=628223, Min=798, Avg=15317.54, 90=22543, 99=515839, 99.9=534527, 99.99=610815] [UPDATE: Count=20567, Max=621567, Min=851, Avg=15580.14, 90=22159, 99=516351, 99.9=538111, 99.99=607743] [READ-FAILED: Count=0, Max=0, Min=9223372036854775807, Avg=NaN, 90=0, 99=0, 99.9=0, 99.99=0] 
2020-09-24 10:07:15:194 100 sec: 324239 operations; 3497.8 current ops/sec; est completion in 49 minutes [READ: Count=17564, Max=660479, Min=848, Avg=18627.77, 90=22159, 99=519423, 99.9=571391, 99.99=651775] [UPDATE: Count=17420, Max=661503, Min=795, Avg=17750.52, 90=22447, 99=518911, 99.9=568319, 99.99=654847] [READ-FAILED: Count=2, Max=3117, Min=2172, Avg=2645, 90=3117, 99=3117, 99.9=3117, 99.99=3117] 
2020-09-24 10:07:25:194 110 sec: 364967 operations; 4072.8 current ops/sec; est completion in 48 minutes [READ: Count=20303, Max=585727, Min=806, Avg=15582.07, 90=22063, 99=514815, 99.9=538111, 99.99=573951] [UPDATE: Count=20424, Max=614399, Min=769, Avg=15695.74, 90=22015, 99=514815, 99.9=551935, 99.99=595967] [READ-FAILED: Count=1, Max=2431, Min=2430, Avg=2431, 90=2431, 99=2431, 99.9=2431, 99.99=2431] 
2020-09-24 10:07:35:194 120 sec: 402767 operations; 3780 current ops/sec; est completion in 47 minutes [READ: Count=18942, Max=988159, Min=782, Avg=16789.4, 90=22207, 99=516351, 99.9=576511, 99.99=614911] [UPDATE: Count=18843, Max=989183, Min=747, Avg=17303.04, 90=22207, 99=517375, 99.9=569855, 99.99=620543] [READ-FAILED: Count=3, Max=4623, Min=1101, Avg=3120.67, 90=4623, 99=4623, 99.9=4623, 99.99=4623] 
2020-09-24 10:07:45:194 130 sec: 440487 operations; 3772 current ops/sec; est completion in 47 minutes [READ: Count=18726, Max=1027583, Min=747, Avg=16805, 90=21071, 99=516351, 99.9=651775, 99.99=1009663] [UPDATE: Count=18993, Max=1028095, Min=797, Avg=17413.28, 90=21439, 99=515839, 99.9=671743, 99.99=1015807] [READ-FAILED: Count=0, Max=0, Min=9223372036854775807, Avg=NaN, 90=0, 99=0, 99.9=0, 99.99=0] 
2020-09-24 10:07:55:194 140 sec: 481577 operations; 4109 current ops/sec; est completion in 46 minutes [READ: Count=20614, Max=615423, Min=757, Avg=15625.18, 90=21327, 99=515583, 99.9=564223, 99.99=606719] [UPDATE: Count=20480, Max=621567, Min=780, Avg=15460.72, 90=21279, 99=515071, 99.9=564735, 99.99=604671] [READ-FAILED: Count=2, Max=8759, Min=3622, Avg=6189.5, 90=8759, 99=8759, 99.9=8759, 99.99=8759] 
2020-09-24 10:08:05:194 150 sec: 520260 operations; 3868.3 current ops/sec; est completion in 45 minutes [READ: Count=19473, Max=683007, Min=783, Avg=16441.18, 90=22367, 99=515839, 99.9=578559, 99.99=650751] [UPDATE: Count=19197, Max=657407, Min=790, Avg=16362.72, 90=22255, 99=516095, 99.9=610815, 99.99=654847] [READ-FAILED: Count=2, Max=3651, Min=2520, Avg=3086, 90=3651, 99=3651, 99.9=3651, 99.99=3651] 
2020-09-24 10:08:15:196 160 sec: 561846 operations; 4158.6 current ops/sec; est completion in 44 minutes [READ: Count=20657, Max=686591, Min=785, Avg=15990.12, 90=21967, 99=516095, 99.9=626687, 99.99=681983] [UPDATE: Count=20947, Max=683519, Min=811, Avg=15338.04, 90=21839, 99=514815, 99.9=613375, 99.99=680447] [READ-FAILED: Count=1, Max=1540, Min=1540, Avg=1540, 90=1540, 99=1540, 99.9=1540, 99.99=1540] 
2020-09-24 10:08:25:194 170 sec: 600054 operations; 3820.8 current ops/sec; est completion in 44 minutes [READ: Count=19018, Max=680447, Min=764, Avg=16601.16, 90=22639, 99=515839, 99.9=620031, 99.99=667647] [UPDATE: Count=19177, Max=864255, Min=821, Avg=16683.92, 90=22815, 99=515327, 99.9=607231, 99.99=678399] [READ-FAILED: Count=1, Max=1718, Min=1718, Avg=1718, 90=1718, 99=1718, 99.9=1718, 99.99=1718] 
2020-09-24 10:08:35:194 180 sec: 642382 operations; 4232.8 current ops/sec; est completion in 43 minutes [READ: Count=20971, Max=962047, Min=812, Avg=14809.31, 90=21247, 99=514047, 99.9=575487, 99.99=689663] [UPDATE: Count=21357, Max=959999, Min=782, Avg=15206.96, 90=21327, 99=515583, 99.9=624127, 99.99=689151] [READ-FAILED: Count=1, Max=1191, Min=1191, Avg=1191, 90=1191, 99=1191, 99.9=1191, 99.99=1191] 
2020-09-24 10:08:45:194 190 sec: 681841 operations; 3945.9 current ops/sec; est completion in 43 minutes [READ: Count=19785, Max=654335, Min=754, Avg=15750.26, 90=20431, 99=516607, 99.9=597503, 99.99=648703] [UPDATE: Count=19676, Max=651775, Min=794, Avg=16713.08, 90=20671, 99=517887, 99.9=598015, 99.99=646655] [READ-FAILED: Count=0, Max=0, Min=9223372036854775807, Avg=NaN, 90=0, 99=0, 99.9=0, 99.99=0] 
2020-09-24 10:08:55:194 200 sec: 724600 operations; 4275.9 current ops/sec; est completion in 42 minutes [READ: Count=21323, Max=1027583, Min=762, Avg=14977.71, 90=21439, 99=514815, 99.9=622079, 99.99=1022975] [UPDATE: Count=21427, Max=1021951, Min=835, Avg=14659.48, 90=21503, 99=514815, 99.9=610815, 99.99=1017343] [READ-FAILED: Count=1, Max=8487, Min=8480, Avg=8484, 90=8487, 99=8487, 99.9=8487, 99.99=8487] 
2020-09-24 10:09:05:194 210 sec: 769060 operations; 4446 current ops/sec; est completion in 42 minutes [READ: Count=22100, Max=640511, Min=820, Avg=14294.4, 90=21487, 99=514047, 99.9=558591, 99.99=630271] [UPDATE: Count=22363, Max=628735, Min=809, Avg=14733.19, 90=21903, 99=513791, 99.9=563199, 99.99=624127] [READ-FAILED: Count=2, Max=4203, Min=2832, Avg=3517.5, 90=4203, 99=4203, 99.9=4203, 99.99=4203] 
2020-09-24 10:09:15:194 220 sec: 808227 operations; 3916.7 current ops/sec; est completion in 41 minutes [READ: Count=19633, Max=995839, Min=835, Avg=16448.38, 90=20831, 99=516351, 99.9=604671, 99.99=970751] [UPDATE: Count=19534, Max=998399, Min=836, Avg=16083.42, 90=20607, 99=516095, 99.9=628223, 99.99=962047] [READ-FAILED: Count=0, Max=0, Min=9223372036854775807, Avg=NaN, 90=0, 99=0, 99.9=0, 99.99=0] 
2020-09-24 10:09:25:194 230 sec: 851672 operations; 4344.5 current ops/sec; est completion in 41 minutes [READ: Count=21725, Max=631807, Min=779, Avg=14206.07, 90=21151, 99=513791, 99.9=558591, 99.99=628223] [UPDATE: Count=21716, Max=627199, Min=762, Avg=15061.86, 90=21775, 99=515839, 99.9=589311, 99.99=624127] [READ-FAILED: Count=0, Max=0, Min=9223372036854775807, Avg=NaN, 90=0, 99=0, 99.9=0, 99.99=0] 
2020-09-24 10:09:35:194 240 sec: 893247 operations; 4157.5 current ops/sec; est completion in 40 minutes [READ: Count=20759, Max=1197055, Min=887, Avg=15634.14, 90=21103, 99=515071, 99.9=599039, 99.99=976383] [UPDATE: Count=20817, Max=1161215, Min=777, Avg=15490.92, 90=21247, 99=515839, 99.9=588287, 99.99=804863] [READ-FAILED: Count=1, Max=5935, Min=5932, Avg=5934, 90=5935, 99=5935, 99.9=5935, 99.99=5935] 
2020-09-24 10:09:45:194 250 sec: 931983 operations; 3873.6 current ops/sec; est completion in 40 minutes [READ: Count=19347, Max=961535, Min=793, Avg=16468.07, 90=20591, 99=516095, 99.9=637951, 99.99=881151] [UPDATE: Count=19384, Max=961535, Min=780, Avg=16357.79, 90=20511, 99=516095, 99.9=639487, 99.99=957439] [READ-FAILED: Count=1, Max=1944, Min=1944, Avg=1944, 90=1944, 99=1944, 99.9=1944, 99.99=1944] 
2020-09-24 10:09:55:195 260 sec: 973610 operations; 4162.7 current ops/sec; est completion in 40 minutes [READ: Count=21054, Max=654335, Min=798, Avg=15167.68, 90=21151, 99=514815, 99.9=592383, 99.99=647167] [UPDATE: Count=20569, Max=645631, Min=776, Avg=15483.16, 90=21263, 99=515839, 99.9=562687, 99.99=638975] [READ-FAILED: Count=0, Max=0, Min=9223372036854775807, Avg=NaN, 90=0, 99=0, 99.9=0, 99.99=0] 
2020-09-24 10:10:05:195 270 sec: 1017279 operations; 4366.9 current ops/sec; est completion in 39 minutes [READ: Count=21784, Max=630783, Min=825, Avg=14658.23, 90=21423, 99=513535, 99.9=607231, 99.99=628735] [UPDATE: Count=21898, Max=950783, Min=761, Avg=15085.35, 90=21151, 99=514559, 99.9=595455, 99.99=625663] [READ-FAILED: Count=1, Max=3655, Min=3654, Avg=3655, 90=3655, 99=3655, 99.9=3655, 99.99=3655] 
2020-09-24 10:10:15:194 280 sec: 1059743 operations; 4246.4 current ops/sec; est completion in 39 minutes [READ: Count=21233, Max=640511, Min=818, Avg=15355.95, 90=22175, 99=511999, 99.9=551935, 99.99=611327] [UPDATE: Count=21230, Max=896511, Min=805, Avg=14824.35, 90=22175, 99=512255, 99.9=536063, 99.99=615423] [READ-FAILED: Count=1, Max=3837, Min=3836, Avg=3837, 90=3837, 99=3837, 99.9=3837, 99.99=3837] 
2020-09-24 10:10:25:194 290 sec: 1100682 operations; 4093.9 current ops/sec; est completion in 39 minutes [READ: Count=20386, Max=643071, Min=746, Avg=15678.94, 90=22063, 99=514047, 99.9=568831, 99.99=634367] [UPDATE: Count=20570, Max=939007, Min=749, Avg=15465.15, 90=21935, 99=513791, 99.9=553471, 99.99=638975] [READ-FAILED: Count=1, Max=2187, Min=2186, Avg=2187, 90=2187, 99=2187, 99.9=2187, 99.99=2187] 
2020-09-24 10:10:35:194 300 sec: 1140167 operations; 3948.5 current ops/sec; est completion in 38 minutes [READ: Count=19671, Max=1023487, Min=709, Avg=16268.4, 90=21951, 99=517119, 99.9=986111, 99.99=1019391] [UPDATE: Count=19787, Max=1079295, Min=737, Avg=15952.11, 90=22175, 99=515839, 99.9=982015, 99.99=1022463] [READ-FAILED: Count=1, Max=4547, Min=4544, Avg=4546, 90=4547, 99=4547, 99.9=4547, 99.99=4547] 
Maximum time elapsed. Requesting stop for the workload.
Stop requested for workload. Now Joining!
[36m10:10:35.797[m [[34;1mINFO[m] [1;34mp.u.t.s.y.Stats.clientFinished@38[m: 
Ended SconeKV benchmark.
Number of clients: 64
Total transactions: 228110
Committed: 227958 (99.933365%)
Aborted: 152 (0.06663452%)
2020-09-24 10:10:35:799 300 sec: 1140587 operations; 694.21 current ops/sec; est completion in 38 minutes [READ: Count=209, Max=535551, Min=1095, Avg=41432.4, 90=55231, 99=524287, 99.9=535551, 99.99=535551] [CLEANUP: Count=64, Max=1566, Min=2, Avg=28.59, 90=6, 99=19, 99.9=1566, 99.99=1566] [UPDATE: Count=205, Max=530431, Min=1095, Avg=63624.17, 90=141311, 99=525311, 99.9=530431, 99.99=530431] [READ-FAILED: Count=0, Max=0, Min=9223372036854775807, Avg=NaN, 90=0, 99=0, 99.9=0, 99.99=0] 
[OVERALL], RunTime(ms), 300605
[OVERALL], Throughput(ops/sec), 3794.3048186157916
[TOTAL_GCS_G1_Young_Generation], Count, 152
[TOTAL_GC_TIME_G1_Young_Generation], Time(ms), 1964
[TOTAL_GC_TIME_%_G1_Young_Generation], Time(%), 0.6533490793566308
[TOTAL_GCS_G1_Old_Generation], Count, 0
[TOTAL_GC_TIME_G1_Old_Generation], Time(ms), 0
[TOTAL_GC_TIME_%_G1_Old_Generation], Time(%), 0.0
[TOTAL_GCs], Count, 152
[TOTAL_GC_TIME], Time(ms), 1964
[TOTAL_GC_TIME_%], Time(%), 0.6533490793566308
[READ], Operations, 569847
[READ], AverageLatency(us), 16647.765196622953
[READ], MinLatency(us), 709
[READ], MaxLatency(us), 1197055
[READ], 95thPercentileLatency(us), 32735
[READ], 99thPercentileLatency(us), 515583
[READ], Return=OK, 569847
[READ], Return=NOT_FOUND, 30
[CLEANUP], Operations, 64
[CLEANUP], AverageLatency(us), 28.59375
[CLEANUP], MinLatency(us), 2
[CLEANUP], MaxLatency(us), 1566
[CLEANUP], 95thPercentileLatency(us), 9
[CLEANUP], 99thPercentileLatency(us), 19
[UPDATE], Operations, 570710
[UPDATE], AverageLatency(us), 16605.569856844984
[UPDATE], MinLatency(us), 737
[UPDATE], MaxLatency(us), 1161215
[UPDATE], 95thPercentileLatency(us), 32623
[UPDATE], 99thPercentileLatency(us), 515583
[UPDATE], Return=OK, 570710
[READ-FAILED], Operations, 30
[READ-FAILED], AverageLatency(us), 3447.5
[READ-FAILED], MinLatency(us), 1101
[READ-FAILED], MaxLatency(us), 8759
[READ-FAILED], 95thPercentileLatency(us), 8487
[READ-FAILED], 99thPercentileLatency(us), 8759
