Command line: -t -db pt.ulisboa.tecnico.sconekv.ycsb.SconeKVClient -P workloada -threads 32 -s -p scone.tx_size=5 -p operationcount=10000000 -p maxexecutiontime=300 -p requestdistribution=uniform
YCSB Client 0.17.0

Loading workload...
Starting test.
WARNING: sun.reflect.Reflection.getCallerClass is not supported. This will impact performance.
2020-09-24 09:40:22:765 0 sec: 0 operations; est completion in 0 second 
Maximum execution time specified as: 300 secs
DBWrapper: report latency for each error is false and specific error codes to track for latency are: []
DBWrapper: report latency for each error is false and specific error codes to track for latency are: []
DBWrapper: report latency for each error is false and specific error codes to track for latency are: []
DBWrapper: report latency for each error is false and specific error codes to track for latency are: []
DBWrapper: report latency for each error is false and specific error codes to track for latency are: []
DBWrapper: report latency for each error is false and specific error codes to track for latency are: []
DBWrapper: report latency for each error is false and specific error codes to track for latency are: []
DBWrapper: report latency for each error is false and specific error codes to track for latency are: []
DBWrapper: report latency for each error is false and specific error codes to track for latency are: []
DBWrapper: report latency for each error is false and specific error codes to track for latency are: []
DBWrapper: report latency for each error is false and specific error codes to track for latency are: []
DBWrapper: report latency for each error is false and specific error codes to track for latency are: []
DBWrapper: report latency for each error is false and specific error codes to track for latency are: []
DBWrapper: report latency for each error is false and specific error codes to track for latency are: []
DBWrapper: report latency for each error is false and specific error codes to track for latency are: []
DBWrapper: report latency for each error is false and specific error codes to track for latency are: []
DBWrapper: report latency for each error is false and specific error codes to track for latency are: []
DBWrapper: report latency for each error is false and specific error codes to track for latency are: []
DBWrapper: report latency for each error is false and specific error codes to track for latency are: []
DBWrapper: report latency for each error is false and specific error codes to track for latency are: []
DBWrapper: report latency for each error is false and specific error codes to track for latency are: []
DBWrapper: report latency for each error is false and specific error codes to track for latency are: []
DBWrapper: report latency for each error is false and specific error codes to track for latency are: []
DBWrapper: report latency for each error is false and specific error codes to track for latency are: []
DBWrapper: report latency for each error is false and specific error codes to track for latency are: []
DBWrapper: report latency for each error is false and specific error codes to track for latency are: []
DBWrapper: report latency for each error is false and specific error codes to track for latency are: []
DBWrapper: report latency for each error is false and specific error codes to track for latency are: []
DBWrapper: report latency for each error is false and specific error codes to track for latency are: []
DBWrapper: report latency for each error is false and specific error codes to track for latency are: []
DBWrapper: report latency for each error is false and specific error codes to track for latency are: []
DBWrapper: report latency for each error is false and specific error codes to track for latency are: []
2020-09-24 09:40:32:760 10 sec: 11286 operations; 1128.49 current ops/sec; est completion in 2 hours 27 minutes [READ: Count=5629, Max=614399, Min=938, Avg=21326.15, 90=40607, 99=518911, 99.9=569343, 99.99=588287] [UPDATE: Count=5697, Max=611839, Min=948, Avg=21601.17, 90=42271, 99=514559, 99.9=576511, 99.99=599551] [READ-FAILED: Count=2, Max=17807, Min=12168, Avg=14986, 90=17807, 99=17807, 99.9=17807, 99.99=17807] 
2020-09-24 09:40:42:758 20 sec: 39132 operations; 2784.88 current ops/sec; est completion in 1 hour 24 minutes [READ: Count=13895, Max=1014783, Min=824, Avg=11718.67, 90=16463, 99=488447, 99.9=582655, 99.99=1013247] [UPDATE: Count=13906, Max=1020927, Min=700, Avg=11546.76, 90=16215, 99=483327, 99.9=591359, 99.99=1016831] [READ-FAILED: Count=10, Max=7743, Min=1237, Avg=2868.1, 90=4191, 99=7743, 99.9=7743, 99.99=7743] 
2020-09-24 09:40:52:758 30 sec: 66217 operations; 2708.5 current ops/sec; est completion in 1 hour 15 minutes [READ: Count=13461, Max=996863, Min=875, Avg=11852.03, 90=17871, 99=509183, 99.9=548863, 99.99=989695] [UPDATE: Count=13611, Max=1011199, Min=802, Avg=11602.62, 90=17423, 99=494335, 99.9=552959, 99.99=991231] [READ-FAILED: Count=15, Max=8375, Min=1130, Avg=3549.73, 90=5671, 99=8375, 99.9=8375, 99.99=8375] 
2020-09-24 09:41:02:758 40 sec: 93021 operations; 2680.4 current ops/sec; est completion in 1 hour 11 minutes [READ: Count=13564, Max=608767, Min=874, Avg=11487.41, 90=17679, 99=98879, 99.9=535039, 99.99=580095] [UPDATE: Count=13229, Max=614399, Min=869, Avg=12481.51, 90=18191, 99=512255, 99.9=544767, 99.99=611327] [READ-FAILED: Count=8, Max=3705, Min=1305, Avg=2148.25, 90=2631, 99=3705, 99.9=3705, 99.99=3705] 
2020-09-24 09:41:12:758 50 sec: 121700 operations; 2867.9 current ops/sec; est completion in 1 hour 7 minutes [READ: Count=14407, Max=1015295, Min=839, Avg=11274.02, 90=16191, 99=98687, 99.9=567295, 99.99=1012223] [UPDATE: Count=14270, Max=1013247, Min=816, Avg=11094.63, 90=15919, 99=107135, 99.9=562175, 99.99=1011711] [READ-FAILED: Count=6, Max=3055, Min=2330, Avg=2576, 90=2619, 99=3055, 99.9=3055, 99.99=3055] 
2020-09-24 09:41:22:758 60 sec: 146327 operations; 2462.7 current ops/sec; est completion in 1 hour 7 minutes [READ: Count=12177, Max=885247, Min=869, Avg=12759.2, 90=19247, 99=511743, 99.9=570879, 99.99=635903] [UPDATE: Count=12438, Max=1026559, Min=802, Avg=12971.83, 90=19775, 99=511231, 99.9=573439, 99.99=1017855] [READ-FAILED: Count=9, Max=11135, Min=1891, Avg=3667.56, 90=3371, 99=11135, 99.9=11135, 99.99=11135] 
2020-09-24 09:41:32:758 70 sec: 177685 operations; 3135.8 current ops/sec; est completion in 1 hour 4 minutes [READ: Count=15715, Max=617471, Min=854, Avg=10526.94, 90=18255, 99=74495, 99.9=530431, 99.99=600575] [UPDATE: Count=15630, Max=594943, Min=832, Avg=10230.93, 90=18271, 99=75967, 99.9=531455, 99.99=586751] [READ-FAILED: Count=12, Max=4903, Min=1522, Avg=3093.58, 90=4343, 99=4903, 99.9=4903, 99.99=4903] 
2020-09-24 09:41:42:758 80 sec: 207977 operations; 3029.2 current ops/sec; est completion in 1 hour 2 minutes [READ: Count=15066, Max=601599, Min=218, Avg=10479.25, 90=17951, 99=78847, 99.9=534015, 99.99=583679] [UPDATE: Count=15216, Max=598527, Min=808, Avg=10491.39, 90=17983, 99=81151, 99.9=534527, 99.99=592895] [READ-FAILED: Count=10, Max=8903, Min=1274, Avg=3165, 90=3685, 99=8903, 99.9=8903, 99.99=8903] 
2020-09-24 09:41:52:758 90 sec: 233915 operations; 2593.8 current ops/sec; est completion in 1 hour 2 minutes [READ: Count=12838, Max=1086463, Min=873, Avg=12399.69, 90=18063, 99=469247, 99.9=557567, 99.99=1080319] [UPDATE: Count=13088, Max=1080319, Min=797, Avg=12162.96, 90=18079, 99=409599, 99.9=547327, 99.99=1027071] [READ-FAILED: Count=14, Max=33631, Min=1219, Avg=5635.5, 90=15055, 99=33631, 99.9=33631, 99.99=33631] 
2020-09-24 09:42:02:758 100 sec: 263206 operations; 2929.1 current ops/sec; est completion in 1 hour 1 minute [READ: Count=14728, Max=591359, Min=784, Avg=11137.93, 90=16623, 99=111167, 99.9=541183, 99.99=582655] [UPDATE: Count=14567, Max=586239, Min=844, Avg=10915.33, 90=16607, 99=99519, 99.9=561151, 99.99=584703] [READ-FAILED: Count=4, Max=3225, Min=2074, Avg=2670, 90=3225, 99=3225, 99.9=3225, 99.99=3225] 
2020-09-24 09:42:12:758 110 sec: 290953 operations; 2774.7 current ops/sec; est completion in 1 hour 1 minute [READ: Count=13935, Max=597503, Min=823, Avg=11450.93, 90=18063, 99=117055, 99.9=559103, 99.99=596479] [UPDATE: Count=13795, Max=599039, Min=874, Avg=11106.52, 90=17695, 99=101759, 99.9=552959, 99.99=597503] [READ-FAILED: Count=7, Max=3659, Min=1055, Avg=2349.43, 90=2905, 99=3659, 99.9=3659, 99.99=3659] 
2020-09-24 09:42:22:758 120 sec: 319882 operations; 2892.9 current ops/sec; est completion in 1 hour [READ: Count=14604, Max=1021439, Min=831, Avg=10868.67, 90=17199, 99=81023, 99.9=571903, 99.99=1015295] [UPDATE: Count=14311, Max=996863, Min=811, Avg=11577.68, 90=17599, 99=100479, 99.9=571391, 99.99=996351] [READ-FAILED: Count=11, Max=16895, Min=1941, Avg=5236.36, 90=10447, 99=16895, 99.9=16895, 99.99=16895] 
2020-09-24 09:42:32:758 130 sec: 348361 operations; 2847.9 current ops/sec; est completion in 1 hour [READ: Count=14113, Max=582655, Min=800, Avg=11088.75, 90=17567, 99=100735, 99.9=543231, 99.99=578047] [UPDATE: Count=14360, Max=585215, Min=800, Avg=11181.93, 90=17375, 99=108031, 99.9=553983, 99.99=583679] [READ-FAILED: Count=8, Max=8511, Min=1241, Avg=3101.5, 90=3817, 99=8511, 99.9=8511, 99.99=8511] 
2020-09-24 09:42:42:758 140 sec: 373027 operations; 2466.6 current ops/sec; est completion in 1 hour [READ: Count=12376, Max=649727, Min=832, Avg=14043.66, 90=18031, 99=514559, 99.9=597503, 99.99=628735] [UPDATE: Count=12291, Max=650239, Min=865, Avg=12179.33, 90=17647, 99=486911, 99.9=579583, 99.99=646143] [READ-FAILED: Count=7, Max=5679, Min=1008, Avg=2889.57, 90=4915, 99=5679, 99.9=5679, 99.99=5679] 
2020-09-24 09:42:52:758 150 sec: 398701 operations; 2567.14 current ops/sec; est completion in 1 hour [READ: Count=12948, Max=651263, Min=846, Avg=12739.34, 90=17183, 99=511231, 99.9=607743, 99.99=640511] [UPDATE: Count=12712, Max=654335, Min=823, Avg=11875.89, 90=16863, 99=285439, 99.9=603647, 99.99=644095] [READ-FAILED: Count=7, Max=10407, Min=2096, Avg=4019.86, 90=4939, 99=10407, 99.9=10407, 99.99=10407] 
2020-09-24 09:43:02:758 160 sec: 428658 operations; 2996 current ops/sec; est completion in 59 minutes [READ: Count=15027, Max=1008639, Min=729, Avg=11416.29, 90=17215, 99=108671, 99.9=619007, 99.99=1006079] [UPDATE: Count=14925, Max=1010687, Min=799, Avg=10100.93, 90=17311, 99=63807, 99.9=541183, 99.99=1009151] [READ-FAILED: Count=6, Max=6215, Min=2152, Avg=3798, 90=5711, 99=6215, 99.9=6215, 99.99=6215] 
2020-09-24 09:43:12:759 170 sec: 453554 operations; 2489.1 current ops/sec; est completion in 59 minutes [READ: Count=12435, Max=720895, Min=877, Avg=12494.29, 90=18639, 99=374527, 99.9=611327, 99.99=716799] [UPDATE: Count=12449, Max=735231, Min=836, Avg=12827.92, 90=18335, 99=510975, 99.9=611327, 99.99=721919] [READ-FAILED: Count=5, Max=3999, Min=2114, Avg=2798.2, 90=3999, 99=3999, 99.9=3999, 99.99=3999] 
2020-09-24 09:43:22:758 180 sec: 483146 operations; 2959.79 current ops/sec; est completion in 59 minutes [READ: Count=14833, Max=608767, Min=778, Avg=10811.54, 90=17647, 99=102527, 99.9=588287, 99.99=605695] [UPDATE: Count=14756, Max=1064959, Min=742, Avg=11177.58, 90=17439, 99=103807, 99.9=585215, 99.99=991231] [READ-FAILED: Count=11, Max=4115, Min=1332, Avg=2508.55, 90=3355, 99=4115, 99.9=4115, 99.99=4115] 
2020-09-24 09:43:32:758 190 sec: 507152 operations; 2400.6 current ops/sec; est completion in 59 minutes [READ: Count=12029, Max=976895, Min=791, Avg=12840.43, 90=18431, 99=511743, 99.9=582143, 99.99=701439] [UPDATE: Count=11964, Max=654847, Min=824, Avg=13450.74, 90=18431, 99=511999, 99.9=584703, 99.99=642559] [READ-FAILED: Count=5, Max=4115, Min=2376, Avg=2945.6, 90=4115, 99=4115, 99.9=4115, 99.99=4115] 
2020-09-24 09:43:42:758 200 sec: 532678 operations; 2552.34 current ops/sec; est completion in 59 minutes [READ: Count=12750, Max=665087, Min=813, Avg=12227.45, 90=17215, 99=460031, 99.9=606207, 99.99=651775] [UPDATE: Count=12774, Max=705535, Min=867, Avg=12986.64, 90=17359, 99=506367, 99.9=614399, 99.99=668159] [READ-FAILED: Count=7, Max=38015, Min=1107, Avg=6955.71, 90=2837, 99=38015, 99.9=38015, 99.99=38015] 
2020-09-24 09:43:52:758 210 sec: 563645 operations; 3097.01 current ops/sec; est completion in 58 minutes [READ: Count=15464, Max=1006079, Min=821, Avg=10594.92, 90=17855, 99=95423, 99.9=528895, 99.99=581631] [UPDATE: Count=15505, Max=1005055, Min=848, Avg=10242.79, 90=17567, 99=86527, 99.9=529407, 99.99=593919] [READ-FAILED: Count=8, Max=5475, Min=1347, Avg=2930.38, 90=4295, 99=5475, 99.9=5475, 99.99=5475] 
2020-09-24 09:44:02:758 220 sec: 585260 operations; 2161.5 current ops/sec; est completion in 59 minutes [READ: Count=10836, Max=953343, Min=839, Avg=14424.59, 90=18959, 99=515327, 99.9=596991, 99.99=909311] [UPDATE: Count=10764, Max=684543, Min=751, Avg=14797.49, 90=18847, 99=514815, 99.9=606719, 99.99=683007] [READ-FAILED: Count=4, Max=2607, Min=1173, Avg=1923.25, 90=2607, 99=2607, 99.9=2607, 99.99=2607] 
2020-09-24 09:44:12:758 230 sec: 609435 operations; 2417.5 current ops/sec; est completion in 59 minutes [READ: Count=11913, Max=633855, Min=840, Avg=13433.8, 90=17663, 99=505599, 99.9=603135, 99.99=633855] [UPDATE: Count=12255, Max=635903, Min=783, Avg=13057.54, 90=17775, 99=493823, 99.9=607231, 99.99=629759] [READ-FAILED: Count=6, Max=4615, Min=1323, Avg=2690, 90=3489, 99=4615, 99.9=4615, 99.99=4615] 
2020-09-24 09:44:22:758 240 sec: 638837 operations; 2940.2 current ops/sec; est completion in 58 minutes [READ: Count=14651, Max=714239, Min=236, Avg=11050.88, 90=16863, 99=100735, 99.9=579071, 99.99=713215] [UPDATE: Count=14747, Max=711679, Min=826, Avg=10956.65, 90=16351, 99=186623, 99.9=557567, 99.99=707583] [READ-FAILED: Count=9, Max=4251, Min=1383, Avg=2189.44, 90=2901, 99=4251, 99.9=4251, 99.99=4251] 
2020-09-24 09:44:32:758 250 sec: 661546 operations; 2270.9 current ops/sec; est completion in 58 minutes [READ: Count=11445, Max=636415, Min=795, Avg=13834.41, 90=20127, 99=511999, 99.9=568319, 99.99=598015] [UPDATE: Count=11258, Max=610303, Min=785, Avg=13955.82, 90=20799, 99=512255, 99.9=574975, 99.99=602111] [READ-FAILED: Count=7, Max=15311, Min=2042, Avg=5235.43, 90=9287, 99=15311, 99.9=15311, 99.99=15311] 
2020-09-24 09:44:42:758 260 sec: 689225 operations; 2767.9 current ops/sec; est completion in 58 minutes [READ: Count=13868, Max=684543, Min=864, Avg=11964.09, 90=16375, 99=510719, 99.9=591359, 99.99=663039] [UPDATE: Count=13800, Max=667135, Min=805, Avg=11250.13, 90=16271, 99=122495, 99.9=600575, 99.99=662527] [READ-FAILED: Count=6, Max=4519, Min=1112, Avg=2285.67, 90=2521, 99=4519, 99.9=4519, 99.99=4519] 
2020-09-24 09:44:52:758 270 sec: 717303 operations; 2807.52 current ops/sec; est completion in 58 minutes [READ: Count=14061, Max=678911, Min=846, Avg=11118.23, 90=17199, 99=98239, 99.9=562175, 99.99=677887] [UPDATE: Count=14010, Max=715775, Min=810, Avg=11536.97, 90=17183, 99=156031, 99.9=541183, 99.99=690687] [READ-FAILED: Count=8, Max=3079, Min=1335, Avg=2261.75, 90=2753, 99=3079, 99.9=3079, 99.99=3079] 
2020-09-24 09:45:02:758 280 sec: 745791 operations; 2849.08 current ops/sec; est completion in 57 minutes [READ: Count=14146, Max=625663, Min=860, Avg=11407.52, 90=17487, 99=118591, 99.9=561151, 99.99=602623] [UPDATE: Count=14330, Max=624127, Min=803, Avg=11438.71, 90=17343, 99=194815, 99.9=552447, 99.99=611839] [READ-FAILED: Count=10, Max=3339, Min=1323, Avg=2347, 90=3047, 99=3339, 99.9=3339, 99.99=3339] 
2020-09-24 09:45:12:758 290 sec: 772542 operations; 2675.1 current ops/sec; est completion in 57 minutes [READ: Count=13303, Max=585727, Min=813, Avg=12097.45, 90=16511, 99=511999, 99.9=535039, 99.99=581631] [UPDATE: Count=13448, Max=881663, Min=852, Avg=11655.65, 90=16607, 99=511743, 99.9=530943, 99.99=598527] [READ-FAILED: Count=5, Max=10863, Min=1712, Avg=3767.4, 90=10863, 99=10863, 99.9=10863, 99.99=10863] 
2020-09-24 09:45:22:758 300 sec: 801888 operations; 2934.31 current ops/sec; est completion in 57 minutes [READ: Count=14736, Max=600063, Min=840, Avg=11433.59, 90=15911, 99=483071, 99.9=529919, 99.99=599551] [UPDATE: Count=14600, Max=593919, Min=835, Avg=10526.84, 90=15935, 99=121087, 99.9=531455, 99.99=587263] [READ-FAILED: Count=11, Max=3775, Min=1024, Avg=2488.36, 90=3723, 99=3775, 99.9=3775, 99.99=3775] 
Maximum time elapsed. Requesting stop for the workload.
Stop requested for workload. Now Joining!
[36m09:45:23.350[m [[34;1mINFO[m] [1;34mp.u.t.s.y.Stats.clientFinished@38[m: 
Ended SconeKV benchmark.
Number of clients: 32
Total transactions: 160435
Committed: 160380 (99.96571%)
Aborted: 55 (0.034281798%)
2020-09-24 09:45:23:352 300 sec: 802249 operations; 608.77 current ops/sec; est completion in 57 minutes [READ: Count=179, Max=515327, Min=899, Avg=18285.89, 90=19119, 99=513535, 99.9=515327, 99.99=515327] [CLEANUP: Count=32, Max=1416, Min=3, Avg=47.97, 90=5, 99=1416, 99.9=1416, 99.99=1416] [UPDATE: Count=173, Max=518911, Min=966, Avg=25528.15, 90=19695, 99=513023, 99.9=518911, 99.99=518911] [READ-FAILED: Count=0, Max=0, Min=9223372036854775807, Avg=NaN, 90=0, 99=0, 99.9=0, 99.99=0] 
[OVERALL], RunTime(ms), 300601
[OVERALL], Throughput(ops/sec), 2668.8168036699813
[TOTAL_GCS_G1_Young_Generation], Count, 136
[TOTAL_GC_TIME_G1_Young_Generation], Time(ms), 1052
[TOTAL_GC_TIME_%_G1_Young_Generation], Time(%), 0.34996556897681647
[TOTAL_GCS_G1_Old_Generation], Count, 0
[TOTAL_GC_TIME_G1_Old_Generation], Time(ms), 0
[TOTAL_GC_TIME_%_G1_Old_Generation], Time(%), 0.0
[TOTAL_GCs], Count, 136
[TOTAL_GC_TIME], Time(ms), 1052
[TOTAL_GC_TIME_%], Time(%), 0.34996556897681647
[READ], Operations, 401132
[READ], AverageLatency(us), 11942.418323644088
[READ], MinLatency(us), 218
[READ], MaxLatency(us), 1086463
[READ], 95thPercentileLatency(us), 23615
[READ], 99thPercentileLatency(us), 418303
[READ], Return=OK, 401132
[READ], Return=NOT_FOUND, 238
[CLEANUP], Operations, 32
[CLEANUP], AverageLatency(us), 47.96875
[CLEANUP], MinLatency(us), 3
[CLEANUP], MaxLatency(us), 1416
[CLEANUP], 95thPercentileLatency(us), 7
[CLEANUP], 99thPercentileLatency(us), 1416
[UPDATE], Operations, 400879
[UPDATE], AverageLatency(us), 11821.218425011039
[UPDATE], MinLatency(us), 700
[UPDATE], MaxLatency(us), 1080319
[UPDATE], 95thPercentileLatency(us), 23679
[UPDATE], 99thPercentileLatency(us), 209023
[UPDATE], Return=OK, 400879
[READ-FAILED], Operations, 238
[READ-FAILED], AverageLatency(us), 3428.6974789915967
[READ-FAILED], MinLatency(us), 1008
[READ-FAILED], MaxLatency(us), 38015
[READ-FAILED], 95thPercentileLatency(us), 8903
[READ-FAILED], 99thPercentileLatency(us), 17807
