Command line: -t -db pt.ulisboa.tecnico.sconekv.ycsb.SconeKVClient -P workloada -threads 64 -s -p scone.tx_size=5 -p operationcount=10000000 -p maxexecutiontime=300 -p requestdistribution=uniform
YCSB Client 0.17.0

Loading workload...
Starting test.
WARNING: sun.reflect.Reflection.getCallerClass is not supported. This will impact performance.
Maximum execution time specified as: 300 secs
2020-09-24 11:36:02:779 0 sec: 0 operations; est completion in 0 second 
DBWrapper: report latency for each error is false and specific error codes to track for latency are: []
DBWrapper: report latency for each error is false and specific error codes to track for latency are: []
DBWrapper: report latency for each error is false and specific error codes to track for latency are: []
DBWrapper: report latency for each error is false and specific error codes to track for latency are: []
DBWrapper: report latency for each error is false and specific error codes to track for latency are: []
DBWrapper: report latency for each error is false and specific error codes to track for latency are: []
DBWrapper: report latency for each error is false and specific error codes to track for latency are: []
DBWrapper: report latency for each error is false and specific error codes to track for latency are: []
DBWrapper: report latency for each error is false and specific error codes to track for latency are: []
DBWrapper: report latency for each error is false and specific error codes to track for latency are: []
DBWrapper: report latency for each error is false and specific error codes to track for latency are: []
DBWrapper: report latency for each error is false and specific error codes to track for latency are: []
DBWrapper: report latency for each error is false and specific error codes to track for latency are: []
DBWrapper: report latency for each error is false and specific error codes to track for latency are: []
DBWrapper: report latency for each error is false and specific error codes to track for latency are: []
DBWrapper: report latency for each error is false and specific error codes to track for latency are: []
DBWrapper: report latency for each error is false and specific error codes to track for latency are: []
DBWrapper: report latency for each error is false and specific error codes to track for latency are: []
DBWrapper: report latency for each error is false and specific error codes to track for latency are: []
DBWrapper: report latency for each error is false and specific error codes to track for latency are: []
DBWrapper: report latency for each error is false and specific error codes to track for latency are: []
DBWrapper: report latency for each error is false and specific error codes to track for latency are: []
DBWrapper: report latency for each error is false and specific error codes to track for latency are: []
DBWrapper: report latency for each error is false and specific error codes to track for latency are: []
DBWrapper: report latency for each error is false and specific error codes to track for latency are: []
DBWrapper: report latency for each error is false and specific error codes to track for latency are: []
DBWrapper: report latency for each error is false and specific error codes to track for latency are: []
DBWrapper: report latency for each error is false and specific error codes to track for latency are: []
DBWrapper: report latency for each error is false and specific error codes to track for latency are: []
DBWrapper: report latency for each error is false and specific error codes to track for latency are: []
DBWrapper: report latency for each error is false and specific error codes to track for latency are: []
DBWrapper: report latency for each error is false and specific error codes to track for latency are: []
DBWrapper: report latency for each error is false and specific error codes to track for latency are: []
DBWrapper: report latency for each error is false and specific error codes to track for latency are: []
DBWrapper: report latency for each error is false and specific error codes to track for latency are: []
DBWrapper: report latency for each error is false and specific error codes to track for latency are: []
DBWrapper: report latency for each error is false and specific error codes to track for latency are: []
DBWrapper: report latency for each error is false and specific error codes to track for latency are: []
DBWrapper: report latency for each error is false and specific error codes to track for latency are: []
DBWrapper: report latency for each error is false and specific error codes to track for latency are: []
DBWrapper: report latency for each error is false and specific error codes to track for latency are: []
DBWrapper: report latency for each error is false and specific error codes to track for latency are: []
DBWrapper: report latency for each error is false and specific error codes to track for latency are: []
DBWrapper: report latency for each error is false and specific error codes to track for latency are: []
DBWrapper: report latency for each error is false and specific error codes to track for latency are: []
DBWrapper: report latency for each error is false and specific error codes to track for latency are: []
DBWrapper: report latency for each error is false and specific error codes to track for latency are: []
DBWrapper: report latency for each error is false and specific error codes to track for latency are: []
DBWrapper: report latency for each error is false and specific error codes to track for latency are: []
DBWrapper: report latency for each error is false and specific error codes to track for latency are: []
DBWrapper: report latency for each error is false and specific error codes to track for latency are: []
DBWrapper: report latency for each error is false and specific error codes to track for latency are: []
DBWrapper: report latency for each error is false and specific error codes to track for latency are: []
DBWrapper: report latency for each error is false and specific error codes to track for latency are: []
DBWrapper: report latency for each error is false and specific error codes to track for latency are: []
DBWrapper: report latency for each error is false and specific error codes to track for latency are: []
DBWrapper: report latency for each error is false and specific error codes to track for latency are: []
DBWrapper: report latency for each error is false and specific error codes to track for latency are: []
DBWrapper: report latency for each error is false and specific error codes to track for latency are: []
DBWrapper: report latency for each error is false and specific error codes to track for latency are: []
DBWrapper: report latency for each error is false and specific error codes to track for latency are: []
DBWrapper: report latency for each error is false and specific error codes to track for latency are: []
DBWrapper: report latency for each error is false and specific error codes to track for latency are: []
DBWrapper: report latency for each error is false and specific error codes to track for latency are: []
2020-09-24 11:36:12:779 10 sec: 12977 operations; 1297.57 current ops/sec; est completion in 2 hours 8 minutes [READ: Count=6447, Max=673279, Min=1510, Avg=32548.94, 90=69183, 99=524031, 99.9=601087, 99.99=633343] [UPDATE: Count=6567, Max=736767, Min=1475, Avg=33040.17, 90=71615, 99=295679, 99.9=593407, 99.99=690687] [READ-FAILED: Count=2, Max=5543, Min=5528, Avg=5536, 90=5543, 99=5543, 99.9=5543, 99.99=5543] 
2020-09-24 11:36:22:778 20 sec: 45500 operations; 3252.63 current ops/sec; est completion in 1 hour 12 minutes [READ: Count=16358, Max=678399, Min=1245, Avg=20006.11, 90=39871, 99=514815, 99.9=577535, 99.99=660991] [UPDATE: Count=16145, Max=653311, Min=1201, Avg=20031.37, 90=39743, 99=519423, 99.9=583167, 99.99=645631] [READ-FAILED: Count=5, Max=28479, Min=2166, Avg=7665.2, 90=28479, 99=28479, 99.9=28479, 99.99=28479] 
2020-09-24 11:36:32:778 30 sec: 76253 operations; 3074.99 current ops/sec; est completion in 1 hour 5 minutes [READ: Count=15364, Max=683519, Min=1328, Avg=20580.05, 90=34527, 99=528895, 99.9=600063, 99.99=660991] [UPDATE: Count=15371, Max=694783, Min=1418, Avg=20984.01, 90=35007, 99=527871, 99.9=593919, 99.99=672255] [READ-FAILED: Count=5, Max=14823, Min=2830, Avg=9205.4, 90=14823, 99=14823, 99.9=14823, 99.99=14823] 
2020-09-24 11:36:42:778 40 sec: 111570 operations; 3532.05 current ops/sec; est completion in 59 minutes [READ: Count=17716, Max=754687, Min=1313, Avg=17612.88, 90=38495, 99=144511, 99.9=571391, 99.99=610303] [UPDATE: Count=17601, Max=602623, Min=1312, Avg=18616.65, 90=39263, 99=195583, 99.9=584191, 99.99=598015] [READ-FAILED: Count=3, Max=7587, Min=2854, Avg=4500.67, 90=7587, 99=7587, 99.9=7587, 99.99=7587] 
2020-09-24 11:36:52:778 50 sec: 147392 operations; 3581.84 current ops/sec; est completion in 55 minutes [READ: Count=17871, Max=793599, Min=1316, Avg=18184.34, 90=34911, 99=327423, 99.9=599551, 99.99=750591] [UPDATE: Count=17957, Max=760319, Min=1254, Avg=17666.15, 90=33855, 99=286719, 99.9=594431, 99.99=626175] [READ-FAILED: Count=6, Max=7623, Min=1908, Avg=5354.33, 90=6851, 99=7623, 99.9=7623, 99.99=7623] 
2020-09-24 11:37:02:778 60 sec: 186071 operations; 3868.29 current ops/sec; est completion in 52 minutes [READ: Count=19353, Max=632831, Min=1192, Avg=16211.11, 90=35711, 99=118719, 99.9=567807, 99.99=617983] [UPDATE: Count=19316, Max=621567, Min=1357, Avg=16522.86, 90=35775, 99=126399, 99.9=595455, 99.99=617471] [READ-FAILED: Count=5, Max=25215, Min=2560, Avg=9708.4, 90=25215, 99=25215, 99.9=25215, 99.99=25215] 
2020-09-24 11:37:12:778 70 sec: 218069 operations; 3199.8 current ops/sec; est completion in 52 minutes [READ: Count=15995, Max=645631, Min=1353, Avg=20767.81, 90=41535, 99=525823, 99.9=587263, 99.99=619007] [UPDATE: Count=15985, Max=642047, Min=1294, Avg=19474.33, 90=41055, 99=519935, 99.9=581631, 99.99=624639] [READ-FAILED: Count=6, Max=21247, Min=1649, Avg=6511.33, 90=7923, 99=21247, 99.9=21247, 99.99=21247] 
2020-09-24 11:37:22:778 80 sec: 257032 operations; 3896.3 current ops/sec; est completion in 50 minutes [READ: Count=19580, Max=614399, Min=1212, Avg=16415.73, 90=34815, 99=155647, 99.9=569855, 99.99=598015] [UPDATE: Count=19378, Max=602623, Min=1185, Avg=16220.6, 90=35455, 99=126335, 99.9=555007, 99.99=601087] [READ-FAILED: Count=7, Max=15831, Min=2396, Avg=5507.14, 90=5371, 99=15831, 99.9=15831, 99.99=15831] 
2020-09-24 11:37:32:778 90 sec: 292815 operations; 3577.94 current ops/sec; est completion in 49 minutes [READ: Count=17796, Max=645119, Min=1374, Avg=16892.67, 90=34175, 99=165887, 99.9=580607, 99.99=628223] [UPDATE: Count=17971, Max=627711, Min=1388, Avg=17444.02, 90=35199, 99=516095, 99.9=577535, 99.99=617983] [READ-FAILED: Count=5, Max=20607, Min=2494, Avg=7231.4, 90=20607, 99=20607, 99.9=20607, 99.99=20607] 
2020-09-24 11:37:42:778 100 sec: 323152 operations; 3033.7 current ops/sec; est completion in 49 minutes [READ: Count=14984, Max=1033727, Min=1355, Avg=21822.01, 90=41791, 99=528383, 99.9=717311, 99.99=1007615] [UPDATE: Count=15364, Max=1028607, Min=215, Avg=22441.4, 90=42911, 99=527359, 99.9=715775, 99.99=1023487] [READ-FAILED: Count=6, Max=128639, Min=3906, Avg=25587.17, 90=6035, 99=128639, 99.9=128639, 99.99=128639] 
2020-09-24 11:37:52:779 110 sec: 359481 operations; 3632.9 current ops/sec; est completion in 49 minutes [READ: Count=18193, Max=671231, Min=1425, Avg=17522.35, 90=34207, 99=497151, 99.9=562175, 99.99=638975] [UPDATE: Count=18116, Max=754175, Min=1313, Avg=17485.39, 90=34015, 99=485119, 99.9=580607, 99.99=669695] [READ-FAILED: Count=6, Max=7363, Min=2520, Avg=4419.83, 90=5459, 99=7363, 99.9=7363, 99.99=7363] 
2020-09-24 11:38:02:778 120 sec: 395826 operations; 3634.86 current ops/sec; est completion in 48 minutes [READ: Count=18233, Max=607743, Min=1288, Avg=17609.96, 90=32287, 99=521727, 99.9=562175, 99.99=607231] [UPDATE: Count=18106, Max=611839, Min=1257, Avg=17542.41, 90=32591, 99=521727, 99.9=563711, 99.99=607231] [READ-FAILED: Count=4, Max=9215, Min=1918, Avg=4902.25, 90=9215, 99=9215, 99.9=9215, 99.99=9215] 
2020-09-24 11:38:12:778 130 sec: 428066 operations; 3224 current ops/sec; est completion in 48 minutes [READ: Count=16147, Max=685055, Min=1348, Avg=19963.88, 90=41247, 99=526335, 99.9=577535, 99.99=617983] [UPDATE: Count=16097, Max=622079, Min=1353, Avg=19994.79, 90=40959, 99=525311, 99.9=577023, 99.99=621567] [READ-FAILED: Count=5, Max=11287, Min=3276, Avg=6327, 90=11287, 99=11287, 99.9=11287, 99.99=11287] 
2020-09-24 11:38:22:778 140 sec: 464102 operations; 3603.6 current ops/sec; est completion in 47 minutes [READ: Count=18101, Max=661503, Min=1378, Avg=17300.18, 90=32959, 99=514303, 99.9=566783, 99.99=618495] [UPDATE: Count=17925, Max=706559, Min=1326, Avg=17815, 90=33055, 99=518143, 99.9=588287, 99.99=658431] [READ-FAILED: Count=6, Max=7719, Min=2726, Avg=4691.33, 90=6239, 99=7719, 99.9=7719, 99.99=7719] 
2020-09-24 11:38:32:778 150 sec: 496350 operations; 3224.48 current ops/sec; est completion in 47 minutes [READ: Count=15989, Max=651775, Min=1289, Avg=20299.37, 90=37311, 99=526847, 99.9=593407, 99.99=648703] [UPDATE: Count=16255, Max=642559, Min=1346, Avg=19524.35, 90=37439, 99=524799, 99.9=589823, 99.99=622591] [READ-FAILED: Count=5, Max=10663, Min=1710, Avg=6440.6, 90=10663, 99=10663, 99.9=10663, 99.99=10663] 
2020-09-24 11:38:42:778 160 sec: 532062 operations; 3571.2 current ops/sec; est completion in 47 minutes [READ: Count=17882, Max=689151, Min=1299, Avg=17835.26, 90=36511, 99=168063, 99.9=584703, 99.99=643583] [UPDATE: Count=17829, Max=716799, Min=1307, Avg=18106.51, 90=37919, 99=166143, 99.9=579583, 99.99=653311] [READ-FAILED: Count=7, Max=12759, Min=3072, Avg=5686.71, 90=7143, 99=12759, 99.9=12759, 99.99=12759] 
2020-09-24 11:38:52:778 170 sec: 568805 operations; 3674.67 current ops/sec; est completion in 46 minutes [READ: Count=18252, Max=636927, Min=1304, Avg=17566.15, 90=33535, 99=517887, 99.9=569343, 99.99=626175] [UPDATE: Count=18481, Max=641535, Min=1257, Avg=17236.06, 90=33951, 99=516351, 99.9=565247, 99.99=609279] [READ-FAILED: Count=9, Max=5819, Min=2007, Avg=4082.44, 90=5475, 99=5819, 99.9=5819, 99.99=5819] 
2020-09-24 11:39:02:778 180 sec: 599932 operations; 3112.7 current ops/sec; est completion in 47 minutes [READ: Count=15674, Max=684031, Min=1377, Avg=20705.31, 90=39999, 99=524799, 99.9=616447, 99.99=658943] [UPDATE: Count=15443, Max=710655, Min=1413, Avg=20644.71, 90=39967, 99=525311, 99.9=627199, 99.99=680959] [READ-FAILED: Count=4, Max=42207, Min=2126, Avg=12627.75, 90=42207, 99=42207, 99.9=42207, 99.99=42207] 
2020-09-24 11:39:12:778 190 sec: 636077 operations; 3614.5 current ops/sec; est completion in 46 minutes [READ: Count=18010, Max=883199, Min=1197, Avg=17339.53, 90=35647, 99=167167, 99.9=580095, 99.99=633855] [UPDATE: Count=18133, Max=664063, Min=1372, Avg=17540.06, 90=35711, 99=353535, 99.9=578047, 99.99=615935] [READ-FAILED: Count=4, Max=9999, Min=3082, Avg=5869.75, 90=9999, 99=9999, 99.9=9999, 99.99=9999] 
2020-09-24 11:39:22:778 200 sec: 669934 operations; 3385.36 current ops/sec; est completion in 46 minutes [READ: Count=16999, Max=593919, Min=1350, Avg=18580.56, 90=35775, 99=522751, 99.9=580095, 99.99=589823] [UPDATE: Count=16852, Max=637951, Min=1380, Avg=19210.69, 90=35935, 99=524799, 99.9=582143, 99.99=633855] [READ-FAILED: Count=4, Max=4599, Min=2630, Avg=3432.75, 90=4599, 99=4599, 99.9=4599, 99.99=4599] 
2020-09-24 11:39:32:778 210 sec: 704279 operations; 3434.84 current ops/sec; est completion in 46 minutes [READ: Count=17051, Max=630271, Min=1338, Avg=18463.4, 90=37887, 99=517375, 99.9=571903, 99.99=609791] [UPDATE: Count=17293, Max=626687, Min=1292, Avg=19257.26, 90=38271, 99=525823, 99.9=574463, 99.99=605183] [READ-FAILED: Count=1, Max=51295, Min=51264, Avg=51280, 90=51295, 99=51295, 99.9=51295, 99.99=51295] 
2020-09-24 11:39:42:778 220 sec: 741711 operations; 3742.83 current ops/sec; est completion in 45 minutes [READ: Count=18702, Max=614911, Min=1409, Avg=17610.49, 90=33855, 99=520959, 99.9=568831, 99.99=599551] [UPDATE: Count=18731, Max=616959, Min=1360, Avg=16292.8, 90=33087, 99=155391, 99.9=570879, 99.99=596479] [READ-FAILED: Count=4, Max=4979, Min=3374, Avg=4088.5, 90=4979, 99=4979, 99.9=4979, 99.99=4979] 
2020-09-24 11:39:52:778 230 sec: 773081 operations; 3137.31 current ops/sec; est completion in 45 minutes [READ: Count=15787, Max=607231, Min=1347, Avg=20452.55, 90=39743, 99=526847, 99.9=579071, 99.99=602111] [UPDATE: Count=15576, Max=606719, Min=1409, Avg=20643.15, 90=40351, 99=526335, 99.9=589311, 99.99=602623] [READ-FAILED: Count=3, Max=14191, Min=2958, Avg=7339, 90=14191, 99=14191, 99.9=14191, 99.99=14191] 
2020-09-24 11:40:02:778 240 sec: 810322 operations; 3723.73 current ops/sec; est completion in 45 minutes [READ: Count=18681, Max=644095, Min=1400, Avg=17011.3, 90=32623, 99=518399, 99.9=556543, 99.99=612351] [UPDATE: Count=18551, Max=626175, Min=1381, Avg=17559.76, 90=32719, 99=520703, 99.9=570367, 99.99=615935] [READ-FAILED: Count=9, Max=18959, Min=2716, Avg=5400.11, 90=5171, 99=18959, 99.9=18959, 99.99=18959] 
2020-09-24 11:40:12:778 250 sec: 847283 operations; 3696.47 current ops/sec; est completion in 45 minutes [READ: Count=18440, Max=634879, Min=1367, Avg=16902.12, 90=34655, 99=174719, 99.9=563199, 99.99=601087] [UPDATE: Count=18512, Max=624127, Min=1276, Avg=16953.57, 90=34367, 99=170239, 99.9=566271, 99.99=613375] [READ-FAILED: Count=5, Max=16119, Min=3086, Avg=10749.8, 90=16119, 99=16119, 99.9=16119, 99.99=16119] 
2020-09-24 11:40:22:778 260 sec: 875447 operations; 2816.4 current ops/sec; est completion in 45 minutes [READ: Count=14117, Max=1027583, Min=1450, Avg=22485.65, 90=42079, 99=532479, 99.9=616959, 99.99=1005567] [UPDATE: Count=14050, Max=1037311, Min=1332, Avg=23539.55, 90=42911, 99=534527, 99.9=638975, 99.99=1019391] [READ-FAILED: Count=3, Max=16687, Min=5752, Avg=9881.33, 90=16687, 99=16687, 99.9=16687, 99.99=16687] 
2020-09-24 11:40:32:778 270 sec: 913574 operations; 3812.7 current ops/sec; est completion in 44 minutes [READ: Count=19117, Max=632319, Min=1373, Avg=16221.62, 90=31455, 99=380671, 99.9=575487, 99.99=592383] [UPDATE: Count=18999, Max=1043455, Min=1309, Avg=17284.31, 90=32159, 99=516607, 99.9=574463, 99.99=641023] [READ-FAILED: Count=2, Max=9607, Min=2450, Avg=6027.5, 90=9607, 99=9607, 99.9=9607, 99.99=9607] 
2020-09-24 11:40:42:778 280 sec: 944402 operations; 3082.8 current ops/sec; est completion in 44 minutes [READ: Count=15237, Max=679935, Min=1356, Avg=20422.93, 90=35551, 99=527871, 99.9=563711, 99.99=624639] [UPDATE: Count=15596, Max=665599, Min=1308, Avg=21036.07, 90=35583, 99=530431, 99.9=570367, 99.99=626687] [READ-FAILED: Count=5, Max=18911, Min=2700, Avg=8614.6, 90=18911, 99=18911, 99.9=18911, 99.99=18911] 
2020-09-24 11:40:52:778 290 sec: 977360 operations; 3295.8 current ops/sec; est completion in 44 minutes [READ: Count=16386, Max=781823, Min=1379, Avg=19692.73, 90=39647, 99=517375, 99.9=565247, 99.99=658943] [UPDATE: Count=16561, Max=732671, Min=1370, Avg=19541.2, 90=40223, 99=457215, 99.9=563711, 99.99=651775] [READ-FAILED: Count=5, Max=10743, Min=1600, Avg=6721.4, 90=10743, 99=10743, 99.9=10743, 99.99=10743] 
2020-09-24 11:41:02:778 300 sec: 1014349 operations; 3698.53 current ops/sec; est completion in 44 minutes [READ: Count=18731, Max=706047, Min=1409, Avg=16899.76, 90=31855, 99=519935, 99.9=567807, 99.99=593919] [UPDATE: Count=18255, Max=657919, Min=1395, Avg=17369.7, 90=32143, 99=521471, 99.9=571391, 99.99=602623] [READ-FAILED: Count=5, Max=15615, Min=2366, Avg=7496.4, 90=15615, 99=15615, 99.9=15615, 99.99=15615] 
Maximum time elapsed. Requesting stop for the workload.
Stop requested for workload. Now Joining!
[36m11:41:03.291[m [[34;1mINFO[m] [1;34mp.u.t.s.y.Stats.clientFinished@38[m: 
Ended SconeKV benchmark.
Number of clients: 64
Total transactions: 202924
Committed: 202803 (99.94037%)
Aborted: 121 (0.059628237%)
2020-09-24 11:41:03:293 300 sec: 1014699 operations; 679.61 current ops/sec; est completion in 44 minutes [READ: Count=179, Max=609279, Min=2102, Avg=62830.17, 90=128319, 99=607743, 99.9=609279, 99.99=609279] [CLEANUP: Count=64, Max=1697, Min=3, Avg=52.69, 90=6, 99=838, 99.9=1697, 99.99=1697] [UPDATE: Count=165, Max=604671, Min=1651, Avg=49530.02, 90=104575, 99=574975, 99.9=604671, 99.99=604671] [READ-FAILED: Count=0, Max=0, Min=9223372036854775807, Avg=NaN, 90=0, 99=0, 99.9=0, 99.99=0] 
[OVERALL], RunTime(ms), 300515
[OVERALL], Throughput(ops/sec), 3376.5336172903185
[TOTAL_GCS_G1_Young_Generation], Count, 172
[TOTAL_GC_TIME_G1_Young_Generation], Time(ms), 1568
[TOTAL_GC_TIME_%_G1_Young_Generation], Time(%), 0.5217709598522536
[TOTAL_GCS_G1_Old_Generation], Count, 0
[TOTAL_GC_TIME_G1_Old_Generation], Time(ms), 0
[TOTAL_GC_TIME_%_G1_Old_Generation], Time(%), 0.0
[TOTAL_GCs], Count, 172
[TOTAL_GC_TIME], Time(ms), 1568
[TOTAL_GC_TIME_%], Time(%), 0.5217709598522536
[READ], Operations, 507372
[READ], AverageLatency(us), 18651.23797726323
[READ], MinLatency(us), 1192
[READ], MaxLatency(us), 1033727
[READ], 95thPercentileLatency(us), 50719
[READ], 99thPercentileLatency(us), 519935
[READ], Return=OK, 507372
[READ], Return=NOT_FOUND, 146
[CLEANUP], Operations, 64
[CLEANUP], AverageLatency(us), 52.6875
[CLEANUP], MinLatency(us), 3
[CLEANUP], MaxLatency(us), 1697
[CLEANUP], 95thPercentileLatency(us), 20
[CLEANUP], 99thPercentileLatency(us), 838
[UPDATE], Operations, 507181
[UPDATE], AverageLatency(us), 18812.215374787305
[UPDATE], MinLatency(us), 215
[UPDATE], MaxLatency(us), 1043455
[UPDATE], 95thPercentileLatency(us), 51199
[UPDATE], 99thPercentileLatency(us), 520191
[UPDATE], Return=OK, 507181
[READ-FAILED], Operations, 146
[READ-FAILED], AverageLatency(us), 7583.143835616438
[READ-FAILED], MinLatency(us), 1600
[READ-FAILED], MaxLatency(us), 128639
[READ-FAILED], 95thPercentileLatency(us), 18959
[READ-FAILED], 99thPercentileLatency(us), 51295
