Command line: -t -db pt.ulisboa.tecnico.sconekv.ycsb.SconeKVClient -P workloada -threads 256 -s -p scone.tx_size=5 -p operationcount=10000000 -p maxexecutiontime=300 -p requestdistribution=uniform
YCSB Client 0.17.0

Loading workload...
Starting test.
WARNING: sun.reflect.Reflection.getCallerClass is not supported. This will impact performance.
2020-09-24 10:40:10:860 0 sec: 0 operations; est completion in 0 second 
Maximum execution time specified as: 300 secs
DBWrapper: report latency for each error is false and specific error codes to track for latency are: []
DBWrapper: report latency for each error is false and specific error codes to track for latency are: []
DBWrapper: report latency for each error is false and specific error codes to track for latency are: []
DBWrapper: report latency for each error is false and specific error codes to track for latency are: []
DBWrapper: report latency for each error is false and specific error codes to track for latency are: []
DBWrapper: report latency for each error is false and specific error codes to track for latency are: []
DBWrapper: report latency for each error is false and specific error codes to track for latency are: []
DBWrapper: report latency for each error is false and specific error codes to track for latency are: []
DBWrapper: report latency for each error is false and specific error codes to track for latency are: []
DBWrapper: report latency for each error is false and specific error codes to track for latency are: []
DBWrapper: report latency for each error is false and specific error codes to track for latency are: []
DBWrapper: report latency for each error is false and specific error codes to track for latency are: []
DBWrapper: report latency for each error is false and specific error codes to track for latency are: []
DBWrapper: report latency for each error is false and specific error codes to track for latency are: []
DBWrapper: report latency for each error is false and specific error codes to track for latency are: []
DBWrapper: report latency for each error is false and specific error codes to track for latency are: []
DBWrapper: report latency for each error is false and specific error codes to track for latency are: []
DBWrapper: report latency for each error is false and specific error codes to track for latency are: []
DBWrapper: report latency for each error is false and specific error codes to track for latency are: []
DBWrapper: report latency for each error is false and specific error codes to track for latency are: []
DBWrapper: report latency for each error is false and specific error codes to track for latency are: []
DBWrapper: report latency for each error is false and specific error codes to track for latency are: []
DBWrapper: report latency for each error is false and specific error codes to track for latency are: []
DBWrapper: report latency for each error is false and specific error codes to track for latency are: []
DBWrapper: report latency for each error is false and specific error codes to track for latency are: []
DBWrapper: report latency for each error is false and specific error codes to track for latency are: []
DBWrapper: report latency for each error is false and specific error codes to track for latency are: []
DBWrapper: report latency for each error is false and specific error codes to track for latency are: []
DBWrapper: report latency for each error is false and specific error codes to track for latency are: []
DBWrapper: report latency for each error is false and specific error codes to track for latency are: []
DBWrapper: report latency for each error is false and specific error codes to track for latency are: []
DBWrapper: report latency for each error is false and specific error codes to track for latency are: []
DBWrapper: report latency for each error is false and specific error codes to track for latency are: []
DBWrapper: report latency for each error is false and specific error codes to track for latency are: []
DBWrapper: report latency for each error is false and specific error codes to track for latency are: []
DBWrapper: report latency for each error is false and specific error codes to track for latency are: []
DBWrapper: report latency for each error is false and specific error codes to track for latency are: []
DBWrapper: report latency for each error is false and specific error codes to track for latency are: []
DBWrapper: report latency for each error is false and specific error codes to track for latency are: []
DBWrapper: report latency for each error is false and specific error codes to track for latency are: []
DBWrapper: report latency for each error is false and specific error codes to track for latency are: []
DBWrapper: report latency for each error is false and specific error codes to track for latency are: []
DBWrapper: report latency for each error is false and specific error codes to track for latency are: []
DBWrapper: report latency for each error is false and specific error codes to track for latency are: []
DBWrapper: report latency for each error is false and specific error codes to track for latency are: []
DBWrapper: report latency for each error is false and specific error codes to track for latency are: []
DBWrapper: report latency for each error is false and specific error codes to track for latency are: []
DBWrapper: report latency for each error is false and specific error codes to track for latency are: []
DBWrapper: report latency for each error is false and specific error codes to track for latency are: []
DBWrapper: report latency for each error is false and specific error codes to track for latency are: []
DBWrapper: report latency for each error is false and specific error codes to track for latency are: []
DBWrapper: report latency for each error is false and specific error codes to track for latency are: []
DBWrapper: report latency for each error is false and specific error codes to track for latency are: []
DBWrapper: report latency for each error is false and specific error codes to track for latency are: []
DBWrapper: report latency for each error is false and specific error codes to track for latency are: []
DBWrapper: report latency for each error is false and specific error codes to track for latency are: []
DBWrapper: report latency for each error is false and specific error codes to track for latency are: []
DBWrapper: report latency for each error is false and specific error codes to track for latency are: []
DBWrapper: report latency for each error is false and specific error codes to track for latency are: []
DBWrapper: report latency for each error is false and specific error codes to track for latency are: []
DBWrapper: report latency for each error is false and specific error codes to track for latency are: []
DBWrapper: report latency for each error is false and specific error codes to track for latency are: []
DBWrapper: report latency for each error is false and specific error codes to track for latency are: []
DBWrapper: report latency for each error is false and specific error codes to track for latency are: []
DBWrapper: report latency for each error is false and specific error codes to track for latency are: []
DBWrapper: report latency for each error is false and specific error codes to track for latency are: []
DBWrapper: report latency for each error is false and specific error codes to track for latency are: []
DBWrapper: report latency for each error is false and specific error codes to track for latency are: []
DBWrapper: report latency for each error is false and specific error codes to track for latency are: []
DBWrapper: report latency for each error is false and specific error codes to track for latency are: []
DBWrapper: report latency for each error is false and specific error codes to track for latency are: []
DBWrapper: report latency for each error is false and specific error codes to track for latency are: []
DBWrapper: report latency for each error is false and specific error codes to track for latency are: []
DBWrapper: report latency for each error is false and specific error codes to track for latency are: []
DBWrapper: report latency for each error is false and specific error codes to track for latency are: []
DBWrapper: report latency for each error is false and specific error codes to track for latency are: []
DBWrapper: report latency for each error is false and specific error codes to track for latency are: []
DBWrapper: report latency for each error is false and specific error codes to track for latency are: []
DBWrapper: report latency for each error is false and specific error codes to track for latency are: []
DBWrapper: report latency for each error is false and specific error codes to track for latency are: []
DBWrapper: report latency for each error is false and specific error codes to track for latency are: []
DBWrapper: report latency for each error is false and specific error codes to track for latency are: []
DBWrapper: report latency for each error is false and specific error codes to track for latency are: []
DBWrapper: report latency for each error is false and specific error codes to track for latency are: []
DBWrapper: report latency for each error is false and specific error codes to track for latency are: []
DBWrapper: report latency for each error is false and specific error codes to track for latency are: []
DBWrapper: report latency for each error is false and specific error codes to track for latency are: []
DBWrapper: report latency for each error is false and specific error codes to track for latency are: []
DBWrapper: report latency for each error is false and specific error codes to track for latency are: []
DBWrapper: report latency for each error is false and specific error codes to track for latency are: []
DBWrapper: report latency for each error is false and specific error codes to track for latency are: []
DBWrapper: report latency for each error is false and specific error codes to track for latency are: []
DBWrapper: report latency for each error is false and specific error codes to track for latency are: []
DBWrapper: report latency for each error is false and specific error codes to track for latency are: []
DBWrapper: report latency for each error is false and specific error codes to track for latency are: []
DBWrapper: report latency for each error is false and specific error codes to track for latency are: []
DBWrapper: report latency for each error is false and specific error codes to track for latency are: []
DBWrapper: report latency for each error is false and specific error codes to track for latency are: []
DBWrapper: report latency for each error is false and specific error codes to track for latency are: []
DBWrapper: report latency for each error is false and specific error codes to track for latency are: []
DBWrapper: report latency for each error is false and specific error codes to track for latency are: []
DBWrapper: report latency for each error is false and specific error codes to track for latency are: []
DBWrapper: report latency for each error is false and specific error codes to track for latency are: []
DBWrapper: report latency for each error is false and specific error codes to track for latency are: []
DBWrapper: report latency for each error is false and specific error codes to track for latency are: []
DBWrapper: report latency for each error is false and specific error codes to track for latency are: []
DBWrapper: report latency for each error is false and specific error codes to track for latency are: []
DBWrapper: report latency for each error is false and specific error codes to track for latency are: []
DBWrapper: report latency for each error is false and specific error codes to track for latency are: []
DBWrapper: report latency for each error is false and specific error codes to track for latency are: []
DBWrapper: report latency for each error is false and specific error codes to track for latency are: []
DBWrapper: report latency for each error is false and specific error codes to track for latency are: []
DBWrapper: report latency for each error is false and specific error codes to track for latency are: []
DBWrapper: report latency for each error is false and specific error codes to track for latency are: []
DBWrapper: report latency for each error is false and specific error codes to track for latency are: []
DBWrapper: report latency for each error is false and specific error codes to track for latency are: []
DBWrapper: report latency for each error is false and specific error codes to track for latency are: []
DBWrapper: report latency for each error is false and specific error codes to track for latency are: []
DBWrapper: report latency for each error is false and specific error codes to track for latency are: []
DBWrapper: report latency for each error is false and specific error codes to track for latency are: []
DBWrapper: report latency for each error is false and specific error codes to track for latency are: []
DBWrapper: report latency for each error is false and specific error codes to track for latency are: []
DBWrapper: report latency for each error is false and specific error codes to track for latency are: []
DBWrapper: report latency for each error is false and specific error codes to track for latency are: []
DBWrapper: report latency for each error is false and specific error codes to track for latency are: []
DBWrapper: report latency for each error is false and specific error codes to track for latency are: []
DBWrapper: report latency for each error is false and specific error codes to track for latency are: []
DBWrapper: report latency for each error is false and specific error codes to track for latency are: []
DBWrapper: report latency for each error is false and specific error codes to track for latency are: []
DBWrapper: report latency for each error is false and specific error codes to track for latency are: []
DBWrapper: report latency for each error is false and specific error codes to track for latency are: []
DBWrapper: report latency for each error is false and specific error codes to track for latency are: []
DBWrapper: report latency for each error is false and specific error codes to track for latency are: []
DBWrapper: report latency for each error is false and specific error codes to track for latency are: []
DBWrapper: report latency for each error is false and specific error codes to track for latency are: []
DBWrapper: report latency for each error is false and specific error codes to track for latency are: []
DBWrapper: report latency for each error is false and specific error codes to track for latency are: []
DBWrapper: report latency for each error is false and specific error codes to track for latency are: []
DBWrapper: report latency for each error is false and specific error codes to track for latency are: []
DBWrapper: report latency for each error is false and specific error codes to track for latency are: []
DBWrapper: report latency for each error is false and specific error codes to track for latency are: []
DBWrapper: report latency for each error is false and specific error codes to track for latency are: []
DBWrapper: report latency for each error is false and specific error codes to track for latency are: []
DBWrapper: report latency for each error is false and specific error codes to track for latency are: []
DBWrapper: report latency for each error is false and specific error codes to track for latency are: []
DBWrapper: report latency for each error is false and specific error codes to track for latency are: []
DBWrapper: report latency for each error is false and specific error codes to track for latency are: []
DBWrapper: report latency for each error is false and specific error codes to track for latency are: []
DBWrapper: report latency for each error is false and specific error codes to track for latency are: []
DBWrapper: report latency for each error is false and specific error codes to track for latency are: []
DBWrapper: report latency for each error is false and specific error codes to track for latency are: []
DBWrapper: report latency for each error is false and specific error codes to track for latency are: []
DBWrapper: report latency for each error is false and specific error codes to track for latency are: []
DBWrapper: report latency for each error is false and specific error codes to track for latency are: []
DBWrapper: report latency for each error is false and specific error codes to track for latency are: []
DBWrapper: report latency for each error is false and specific error codes to track for latency are: []
DBWrapper: report latency for each error is false and specific error codes to track for latency are: []
DBWrapper: report latency for each error is false and specific error codes to track for latency are: []
DBWrapper: report latency for each error is false and specific error codes to track for latency are: []
DBWrapper: report latency for each error is false and specific error codes to track for latency are: []
DBWrapper: report latency for each error is false and specific error codes to track for latency are: []
DBWrapper: report latency for each error is false and specific error codes to track for latency are: []
DBWrapper: report latency for each error is false and specific error codes to track for latency are: []
DBWrapper: report latency for each error is false and specific error codes to track for latency are: []
DBWrapper: report latency for each error is false and specific error codes to track for latency are: []
DBWrapper: report latency for each error is false and specific error codes to track for latency are: []
DBWrapper: report latency for each error is false and specific error codes to track for latency are: []
DBWrapper: report latency for each error is false and specific error codes to track for latency are: []
DBWrapper: report latency for each error is false and specific error codes to track for latency are: []
DBWrapper: report latency for each error is false and specific error codes to track for latency are: []
DBWrapper: report latency for each error is false and specific error codes to track for latency are: []
DBWrapper: report latency for each error is false and specific error codes to track for latency are: []
DBWrapper: report latency for each error is false and specific error codes to track for latency are: []
DBWrapper: report latency for each error is false and specific error codes to track for latency are: []
DBWrapper: report latency for each error is false and specific error codes to track for latency are: []
DBWrapper: report latency for each error is false and specific error codes to track for latency are: []
DBWrapper: report latency for each error is false and specific error codes to track for latency are: []
DBWrapper: report latency for each error is false and specific error codes to track for latency are: []
DBWrapper: report latency for each error is false and specific error codes to track for latency are: []
DBWrapper: report latency for each error is false and specific error codes to track for latency are: []
DBWrapper: report latency for each error is false and specific error codes to track for latency are: []
DBWrapper: report latency for each error is false and specific error codes to track for latency are: []
DBWrapper: report latency for each error is false and specific error codes to track for latency are: []
DBWrapper: report latency for each error is false and specific error codes to track for latency are: []
DBWrapper: report latency for each error is false and specific error codes to track for latency are: []
DBWrapper: report latency for each error is false and specific error codes to track for latency are: []
DBWrapper: report latency for each error is false and specific error codes to track for latency are: []
DBWrapper: report latency for each error is false and specific error codes to track for latency are: []
DBWrapper: report latency for each error is false and specific error codes to track for latency are: []
DBWrapper: report latency for each error is false and specific error codes to track for latency are: []
DBWrapper: report latency for each error is false and specific error codes to track for latency are: []
DBWrapper: report latency for each error is false and specific error codes to track for latency are: []
DBWrapper: report latency for each error is false and specific error codes to track for latency are: []
DBWrapper: report latency for each error is false and specific error codes to track for latency are: []
DBWrapper: report latency for each error is false and specific error codes to track for latency are: []
DBWrapper: report latency for each error is false and specific error codes to track for latency are: []
DBWrapper: report latency for each error is false and specific error codes to track for latency are: []
DBWrapper: report latency for each error is false and specific error codes to track for latency are: []
DBWrapper: report latency for each error is false and specific error codes to track for latency are: []
DBWrapper: report latency for each error is false and specific error codes to track for latency are: []
DBWrapper: report latency for each error is false and specific error codes to track for latency are: []
DBWrapper: report latency for each error is false and specific error codes to track for latency are: []
DBWrapper: report latency for each error is false and specific error codes to track for latency are: []
DBWrapper: report latency for each error is false and specific error codes to track for latency are: []
DBWrapper: report latency for each error is false and specific error codes to track for latency are: []
DBWrapper: report latency for each error is false and specific error codes to track for latency are: []
DBWrapper: report latency for each error is false and specific error codes to track for latency are: []
DBWrapper: report latency for each error is false and specific error codes to track for latency are: []
DBWrapper: report latency for each error is false and specific error codes to track for latency are: []
DBWrapper: report latency for each error is false and specific error codes to track for latency are: []
DBWrapper: report latency for each error is false and specific error codes to track for latency are: []
DBWrapper: report latency for each error is false and specific error codes to track for latency are: []
DBWrapper: report latency for each error is false and specific error codes to track for latency are: []
DBWrapper: report latency for each error is false and specific error codes to track for latency are: []
DBWrapper: report latency for each error is false and specific error codes to track for latency are: []
DBWrapper: report latency for each error is false and specific error codes to track for latency are: []
DBWrapper: report latency for each error is false and specific error codes to track for latency are: []
DBWrapper: report latency for each error is false and specific error codes to track for latency are: []
DBWrapper: report latency for each error is false and specific error codes to track for latency are: []
DBWrapper: report latency for each error is false and specific error codes to track for latency are: []
DBWrapper: report latency for each error is false and specific error codes to track for latency are: []
2020-09-24 10:40:22:093 11 sec: 4895 operations; 439.01 current ops/sec; est completion in 6 hours 19 minutes [READ: Count=2862, Max=4485119, Min=1177, Avg=155310.17, 90=332031, 99=1704959, 99.9=4124671, 99.99=4485119] [UPDATE: Count=3335, Max=4325375, Min=1047, Avg=159080.4, 90=312319, 99=1758207, 99.9=4190207, 99.99=4325375] 
DBWrapper: report latency for each error is false and specific error codes to track for latency are: []
DBWrapper: report latency for each error is false and specific error codes to track for latency are: []
DBWrapper: report latency for each error is false and specific error codes to track for latency are: []
DBWrapper: report latency for each error is false and specific error codes to track for latency are: []
DBWrapper: report latency for each error is false and specific error codes to track for latency are: []
DBWrapper: report latency for each error is false and specific error codes to track for latency are: []
DBWrapper: report latency for each error is false and specific error codes to track for latency are: []
DBWrapper: report latency for each error is false and specific error codes to track for latency are: []
DBWrapper: report latency for each error is false and specific error codes to track for latency are: []
DBWrapper: report latency for each error is false and specific error codes to track for latency are: []
DBWrapper: report latency for each error is false and specific error codes to track for latency are: []
DBWrapper: report latency for each error is false and specific error codes to track for latency are: []
DBWrapper: report latency for each error is false and specific error codes to track for latency are: []
DBWrapper: report latency for each error is false and specific error codes to track for latency are: []
DBWrapper: report latency for each error is false and specific error codes to track for latency are: []
DBWrapper: report latency for each error is false and specific error codes to track for latency are: []
DBWrapper: report latency for each error is false and specific error codes to track for latency are: []
DBWrapper: report latency for each error is false and specific error codes to track for latency are: []
DBWrapper: report latency for each error is false and specific error codes to track for latency are: []
DBWrapper: report latency for each error is false and specific error codes to track for latency are: []
DBWrapper: report latency for each error is false and specific error codes to track for latency are: []
DBWrapper: report latency for each error is false and specific error codes to track for latency are: []
DBWrapper: report latency for each error is false and specific error codes to track for latency are: []
DBWrapper: report latency for each error is false and specific error codes to track for latency are: []
DBWrapper: report latency for each error is false and specific error codes to track for latency are: []
DBWrapper: report latency for each error is false and specific error codes to track for latency are: []
DBWrapper: report latency for each error is false and specific error codes to track for latency are: []
DBWrapper: report latency for each error is false and specific error codes to track for latency are: []
DBWrapper: report latency for each error is false and specific error codes to track for latency are: []
DBWrapper: report latency for each error is false and specific error codes to track for latency are: []
DBWrapper: report latency for each error is false and specific error codes to track for latency are: []
DBWrapper: report latency for each error is false and specific error codes to track for latency are: []
DBWrapper: report latency for each error is false and specific error codes to track for latency are: []
DBWrapper: report latency for each error is false and specific error codes to track for latency are: []
DBWrapper: report latency for each error is false and specific error codes to track for latency are: []
2020-09-24 10:40:30:859 20 sec: 23329 operations; 2082.7 current ops/sec; est completion in 2 hours 22 minutes [READ: Count=8716, Max=2603007, Min=975, Avg=105199.94, 90=324351, 99=993279, 99.9=1882111, 99.99=2588671] [UPDATE: Count=8978, Max=2021375, Min=812, Avg=97652.49, 90=297215, 99=953855, 99.9=1501183, 99.99=1855487] 
2020-09-24 10:40:40:859 30 sec: 75655 operations; 5232.6 current ops/sec; est completion in 1 hour 5 minutes [READ: Count=26029, Max=15122431, Min=946, Avg=49310.06, 90=85183, 99=588799, 99.9=990719, 99.99=1345535] [UPDATE: Count=25769, Max=15163391, Min=915, Avg=48442.87, 90=82559, 99=580607, 99.9=1067007, 99.99=1390591] 
2020-09-24 10:40:50:859 40 sec: 131447 operations; 5579.2 current ops/sec; est completion in 50 minutes [READ: Count=27846, Max=1008639, Min=884, Avg=45724.55, 90=75839, 99=573439, 99.9=639487, 99.99=970239] [UPDATE: Count=28043, Max=993279, Min=753, Avg=45793.7, 90=76415, 99=577023, 99.9=638463, 99.99=943103] 
2020-09-24 10:41:00:859 50 sec: 199558 operations; 6811.1 current ops/sec; est completion in 40 minutes [READ: Count=34114, Max=1112063, Min=858, Avg=37078.97, 90=59647, 99=556031, 99.9=641023, 99.99=661503] [UPDATE: Count=33877, Max=671231, Min=41, Avg=37445.33, 90=60127, 99=559615, 99.9=641535, 99.99=664575] 
2020-09-24 10:41:10:859 60 sec: 259763 operations; 6020.5 current ops/sec; est completion in 37 minutes [READ: Count=30150, Max=729599, Min=56, Avg=42892.87, 90=72703, 99=570879, 99.9=677375, 99.99=712191] [UPDATE: Count=30064, Max=777215, Min=843, Avg=42185.7, 90=72063, 99=569343, 99.9=652287, 99.99=730623] 
2020-09-24 10:41:20:859 70 sec: 302456 operations; 4269.73 current ops/sec; est completion in 37 minutes [READ: Count=21410, Max=1607679, Min=50, Avg=60349.74, 90=144127, 99=735231, 99.9=1414143, 99.99=1579007] [UPDATE: Count=21283, Max=1617919, Min=852, Avg=59530.06, 90=138239, 99=734719, 99.9=1393663, 99.99=1588223] 
2020-09-24 10:41:30:859 80 sec: 360413 operations; 5795.12 current ops/sec; est completion in 35 minutes [READ: Count=29061, Max=927743, Min=873, Avg=43680.81, 90=67007, 99=585215, 99.9=690175, 99.99=811007] [UPDATE: Count=28890, Max=859135, Min=833, Avg=43502.01, 90=67519, 99=586239, 99.9=685055, 99.99=820223] 
2020-09-24 10:41:40:860 90 sec: 419701 operations; 5928.8 current ops/sec; est completion in 34 minutes [READ: Count=29469, Max=1188863, Min=51, Avg=43848.42, 90=61151, 99=588799, 99.9=801279, 99.99=1156095] [UPDATE: Count=29832, Max=1191935, Min=752, Avg=43798.33, 90=62591, 99=582655, 99.9=826879, 99.99=1141759] 
2020-09-24 10:41:50:860 100 sec: 484154 operations; 6445.3 current ops/sec; est completion in 32 minutes [READ: Count=32200, Max=666111, Min=51, Avg=39405.39, 90=65311, 99=565759, 99.9=636415, 99.99=660479] [UPDATE: Count=32241, Max=807423, Min=58, Avg=39942.41, 90=66495, 99=567295, 99.9=634367, 99.99=669183] 
2020-09-24 10:42:00:859 110 sec: 513831 operations; 2967.7 current ops/sec; est completion in 33 minutes [READ: Count=14826, Max=1911807, Min=939, Avg=82505, 90=193535, 99=1163263, 99.9=1802239, 99.99=1904639] [UPDATE: Count=14840, Max=1868799, Min=863, Avg=88511.06, 90=223615, 99=1231871, 99.9=1843199, 99.99=1854463] 
2020-09-24 10:42:10:859 120 sec: 534689 operations; 2085.8 current ops/sec; est completion in 35 minutes [READ: Count=10489, Max=1716223, Min=847, Avg=120632.37, 90=505087, 99=1284095, 99.9=1557503, 99.99=1653759] [UPDATE: Count=10365, Max=1969151, Min=768, Avg=122256.24, 90=514559, 99=1289215, 99.9=1572863, 99.99=1823743] 
2020-09-24 10:42:20:859 130 sec: 578321 operations; 4363.2 current ops/sec; est completion in 35 minutes [READ: Count=21813, Max=1696767, Min=48, Avg=59503.4, 90=97727, 99=884735, 99.9=1367039, 99.99=1681407] [UPDATE: Count=21830, Max=1695743, Min=803, Avg=58286.99, 90=94783, 99=854527, 99.9=1340415, 99.99=1548287] 
2020-09-24 10:42:30:859 140 sec: 645591 operations; 6727 current ops/sec; est completion in 33 minutes [READ: Count=33730, Max=1110015, Min=811, Avg=38878.55, 90=58463, 99=563199, 99.9=644607, 99.99=1000959] [UPDATE: Count=33564, Max=1018367, Min=891, Avg=38687.98, 90=57855, 99=562687, 99.9=630783, 99.99=983551] 
2020-09-24 10:42:40:859 150 sec: 711032 operations; 6544.1 current ops/sec; est completion in 32 minutes [READ: Count=32866, Max=1132543, Min=793, Avg=38282.56, 90=60415, 99=574463, 99.9=680447, 99.99=1063935] [UPDATE: Count=32567, Max=1134591, Min=40, Avg=38068.1, 90=59807, 99=574463, 99.9=702975, 99.99=1119231] 
2020-09-24 10:42:50:859 160 sec: 781202 operations; 7017 current ops/sec; est completion in 31 minutes [READ: Count=35022, Max=1103871, Min=802, Avg=36703.22, 90=55743, 99=579583, 99.9=1026559, 99.99=1089535] [UPDATE: Count=35136, Max=1107967, Min=848, Avg=36928.75, 90=56735, 99=573439, 99.9=1018879, 99.99=1096703] 
2020-09-24 10:43:00:860 170 sec: 844529 operations; 6332.7 current ops/sec; est completion in 30 minutes [READ: Count=31618, Max=1285119, Min=874, Avg=41264.32, 90=62271, 99=613887, 99.9=1039871, 99.99=1275903] [UPDATE: Count=31743, Max=1286143, Min=813, Avg=41192.96, 90=62527, 99=606719, 99.9=1037823, 99.99=1275903] 
2020-09-24 10:43:10:859 180 sec: 909821 operations; 6529.2 current ops/sec; est completion in 29 minutes [READ: Count=32369, Max=1009151, Min=64, Avg=38488.06, 90=64927, 99=553983, 99.9=632831, 99.99=802303] [UPDATE: Count=32874, Max=1047039, Min=871, Avg=39039.4, 90=66239, 99=553983, 99.9=629247, 99.99=667135] 
2020-09-24 10:43:20:860 190 sec: 977281 operations; 6746 current ops/sec; est completion in 29 minutes [READ: Count=33689, Max=1229823, Min=741, Avg=38167.49, 90=62495, 99=578047, 99.9=916479, 99.99=1191935] [UPDATE: Count=33798, Max=1240063, Min=67, Avg=37908.56, 90=62175, 99=578047, 99.9=999423, 99.99=1230847] 
2020-09-24 10:43:30:860 200 sec: 1046128 operations; 6884.7 current ops/sec; est completion in 28 minutes [READ: Count=34369, Max=755199, Min=46, Avg=36220.76, 90=57727, 99=564223, 99.9=630783, 99.99=680959] [UPDATE: Count=34454, Max=993279, Min=749, Avg=36625.7, 90=58719, 99=564223, 99.9=631807, 99.99=671743] 
2020-09-24 10:43:40:859 210 sec: 1110169 operations; 6404.1 current ops/sec; est completion in 28 minutes [READ: Count=32134, Max=1016319, Min=60, Avg=41047.73, 90=59103, 99=571391, 99.9=626687, 99.99=693759] [UPDATE: Count=31939, Max=950271, Min=872, Avg=39798.58, 90=56831, 99=573951, 99.9=627711, 99.99=650751] 
2020-09-24 10:43:50:859 220 sec: 1177625 operations; 6745.6 current ops/sec; est completion in 27 minutes [READ: Count=33864, Max=1082367, Min=833, Avg=37768.14, 90=65663, 99=583167, 99.9=910335, 99.99=979455] [UPDATE: Count=33573, Max=1028095, Min=769, Avg=38972.44, 90=67711, 99=582143, 99.9=716799, 99.99=996351] 
2020-09-24 10:44:00:859 230 sec: 1248701 operations; 7107.6 current ops/sec; est completion in 26 minutes [READ: Count=35401, Max=738303, Min=888, Avg=36327.16, 90=60287, 99=557567, 99.9=646143, 99.99=670719] [UPDATE: Count=35687, Max=1001471, Min=826, Avg=36138.23, 90=60319, 99=556031, 99.9=640511, 99.99=666623] 
2020-09-24 10:44:10:859 240 sec: 1316351 operations; 6765 current ops/sec; est completion in 26 minutes [READ: Count=33891, Max=1361919, Min=77, Avg=37911.4, 90=65919, 99=567295, 99.9=983551, 99.99=1326079] [UPDATE: Count=33751, Max=1368063, Min=853, Avg=37045.31, 90=65983, 99=563711, 99.9=1014271, 99.99=1349631] 
2020-09-24 10:44:20:859 250 sec: 1386759 operations; 7040.8 current ops/sec; est completion in 25 minutes [READ: Count=35127, Max=780287, Min=45, Avg=36039.21, 90=57919, 99=558591, 99.9=680447, 99.99=767487] [UPDATE: Count=35266, Max=1044991, Min=821, Avg=36612.94, 90=57823, 99=558591, 99.9=680959, 99.99=783871] 
2020-09-24 10:44:30:859 260 sec: 1457760 operations; 7100.1 current ops/sec; est completion in 25 minutes [READ: Count=35573, Max=992767, Min=104, Avg=36786.4, 90=60383, 99=565759, 99.9=638975, 99.99=960511] [UPDATE: Count=35447, Max=1009151, Min=800, Avg=35171.64, 90=59647, 99=560127, 99.9=635391, 99.99=946687] 
2020-09-24 10:44:40:859 270 sec: 1520934 operations; 6317.4 current ops/sec; est completion in 25 minutes [READ: Count=31627, Max=1138687, Min=688, Avg=40579.61, 90=63999, 99=563711, 99.9=793599, 99.99=1118207] [UPDATE: Count=31526, Max=1137663, Min=857, Avg=40077.14, 90=62943, 99=566271, 99.9=895999, 99.99=1115135] 
2020-09-24 10:44:50:859 280 sec: 1585800 operations; 6486.6 current ops/sec; est completion in 24 minutes [READ: Count=32208, Max=1323007, Min=52, Avg=39525.16, 90=63263, 99=579583, 99.9=1061887, 99.99=1271807] [UPDATE: Count=32707, Max=1532927, Min=49, Avg=40350.87, 90=63519, 99=584191, 99.9=1068031, 99.99=1344511] 
2020-09-24 10:45:00:859 290 sec: 1652869 operations; 6706.9 current ops/sec; est completion in 24 minutes [READ: Count=33542, Max=1044991, Min=68, Avg=37320.17, 90=65439, 99=553983, 99.9=626687, 99.99=792063] [UPDATE: Count=33509, Max=815615, Min=721, Avg=38162.31, 90=67071, 99=556031, 99.9=622591, 99.99=667647] 
2020-09-24 10:45:10:861 300 sec: 1709003 operations; 5612.84 current ops/sec; est completion in 24 minutes [READ: Count=27924, Max=1038335, Min=836, Avg=45490.4, 90=67583, 99=567295, 99.9=631295, 99.99=988159] [UPDATE: Count=28198, Max=1359871, Min=841, Avg=45179.54, 90=65727, 99=566271, 99.9=636927, 99.99=1022463] 
Maximum time elapsed. Requesting stop for the workload.
Stop requested for workload. Now Joining!
[36m10:45:11.572[m [[34;1mINFO[m] [1;34mp.u.t.s.y.Stats.clientFinished@38[m: 
Ended SconeKV benchmark.
Number of clients: 256
Total transactions: 342101
Committed: 341124 (99.71441%)
Aborted: 977 (0.28558818%)
2020-09-24 10:45:11:576 300 sec: 1710633 operations; 2286.12 current ops/sec; est completion in 24 minutes [READ: Count=817, Max=664575, Min=1303, Avg=90726.47, 90=519679, 99=620543, 99.9=664063, 99.99=664575] [CLEANUP: Count=256, Max=1600, Min=2, Avg=10.61, 90=7, 99=19, 99.9=1600, 99.99=1600] [UPDATE: Count=791, Max=635903, Min=1096, Avg=95104.08, 90=519167, 99=610303, 99.9=634367, 99.99=635903] 
[OVERALL], RunTime(ms), 300705
[OVERALL], Throughput(ops/sec), 5688.7414575747
[TOTAL_GCS_G1_Young_Generation], Count, 142
[TOTAL_GC_TIME_G1_Young_Generation], Time(ms), 3771
[TOTAL_GC_TIME_%_G1_Young_Generation], Time(%), 1.2540529755075573
[TOTAL_GCS_G1_Old_Generation], Count, 0
[TOTAL_GC_TIME_G1_Old_Generation], Time(ms), 0
[TOTAL_GC_TIME_%_G1_Old_Generation], Time(%), 0.0
[TOTAL_GCs], Count, 142
[TOTAL_GC_TIME], Time(ms), 3771
[TOTAL_GC_TIME_%], Time(%), 1.2540529755075573
[READ], Operations, 854756
[READ], AverageLatency(us), 43541.72264599488
[READ], MinLatency(us), 45
[READ], MaxLatency(us), 15122431
[READ], 95thPercentileLatency(us), 201343
[READ], 99thPercentileLatency(us), 587263
[READ], Return=OK, 854756
[CLEANUP], Operations, 256
[CLEANUP], AverageLatency(us), 10.61328125
[CLEANUP], MinLatency(us), 2
[CLEANUP], MaxLatency(us), 1600
[CLEANUP], 95thPercentileLatency(us), 9
[CLEANUP], 99thPercentileLatency(us), 19
[UPDATE], Operations, 855877
[UPDATE], AverageLatency(us), 43565.11695839472
[UPDATE], MinLatency(us), 40
[UPDATE], MaxLatency(us), 15163391
[UPDATE], 95thPercentileLatency(us), 200191
[UPDATE], 99thPercentileLatency(us), 587775
[UPDATE], Return=OK, 855877
