Command line: -t -db pt.ulisboa.tecnico.sconekv.ycsb.SconeKVClient -P workloada -threads 256 -s -p scone.tx_size=5 -p operationcount=10000000 -p maxexecutiontime=300 -p requestdistribution=uniform
YCSB Client 0.17.0

Loading workload...
Starting test.
WARNING: sun.reflect.Reflection.getCallerClass is not supported. This will impact performance.
2020-09-24 10:35:07:381 0 sec: 0 operations; est completion in 0 second 
Maximum execution time specified as: 300 secs
DBWrapper: report latency for each error is false and specific error codes to track for latency are: []
DBWrapper: report latency for each error is false and specific error codes to track for latency are: []
DBWrapper: report latency for each error is false and specific error codes to track for latency are: []
DBWrapper: report latency for each error is false and specific error codes to track for latency are: []
DBWrapper: report latency for each error is false and specific error codes to track for latency are: []
DBWrapper: report latency for each error is false and specific error codes to track for latency are: []
DBWrapper: report latency for each error is false and specific error codes to track for latency are: []
DBWrapper: report latency for each error is false and specific error codes to track for latency are: []
DBWrapper: report latency for each error is false and specific error codes to track for latency are: []
DBWrapper: report latency for each error is false and specific error codes to track for latency are: []
DBWrapper: report latency for each error is false and specific error codes to track for latency are: []
DBWrapper: report latency for each error is false and specific error codes to track for latency are: []
DBWrapper: report latency for each error is false and specific error codes to track for latency are: []
DBWrapper: report latency for each error is false and specific error codes to track for latency are: []
DBWrapper: report latency for each error is false and specific error codes to track for latency are: []
DBWrapper: report latency for each error is false and specific error codes to track for latency are: []
DBWrapper: report latency for each error is false and specific error codes to track for latency are: []
DBWrapper: report latency for each error is false and specific error codes to track for latency are: []
DBWrapper: report latency for each error is false and specific error codes to track for latency are: []
DBWrapper: report latency for each error is false and specific error codes to track for latency are: []
DBWrapper: report latency for each error is false and specific error codes to track for latency are: []
DBWrapper: report latency for each error is false and specific error codes to track for latency are: []
DBWrapper: report latency for each error is false and specific error codes to track for latency are: []
DBWrapper: report latency for each error is false and specific error codes to track for latency are: []
DBWrapper: report latency for each error is false and specific error codes to track for latency are: []
DBWrapper: report latency for each error is false and specific error codes to track for latency are: []
DBWrapper: report latency for each error is false and specific error codes to track for latency are: []
DBWrapper: report latency for each error is false and specific error codes to track for latency are: []
DBWrapper: report latency for each error is false and specific error codes to track for latency are: []
DBWrapper: report latency for each error is false and specific error codes to track for latency are: []
DBWrapper: report latency for each error is false and specific error codes to track for latency are: []
DBWrapper: report latency for each error is false and specific error codes to track for latency are: []
DBWrapper: report latency for each error is false and specific error codes to track for latency are: []
DBWrapper: report latency for each error is false and specific error codes to track for latency are: []
DBWrapper: report latency for each error is false and specific error codes to track for latency are: []
DBWrapper: report latency for each error is false and specific error codes to track for latency are: []
DBWrapper: report latency for each error is false and specific error codes to track for latency are: []
DBWrapper: report latency for each error is false and specific error codes to track for latency are: []
DBWrapper: report latency for each error is false and specific error codes to track for latency are: []
DBWrapper: report latency for each error is false and specific error codes to track for latency are: []
DBWrapper: report latency for each error is false and specific error codes to track for latency are: []
DBWrapper: report latency for each error is false and specific error codes to track for latency are: []
DBWrapper: report latency for each error is false and specific error codes to track for latency are: []
DBWrapper: report latency for each error is false and specific error codes to track for latency are: []
DBWrapper: report latency for each error is false and specific error codes to track for latency are: []
DBWrapper: report latency for each error is false and specific error codes to track for latency are: []
DBWrapper: report latency for each error is false and specific error codes to track for latency are: []
DBWrapper: report latency for each error is false and specific error codes to track for latency are: []
DBWrapper: report latency for each error is false and specific error codes to track for latency are: []
DBWrapper: report latency for each error is false and specific error codes to track for latency are: []
DBWrapper: report latency for each error is false and specific error codes to track for latency are: []
DBWrapper: report latency for each error is false and specific error codes to track for latency are: []
DBWrapper: report latency for each error is false and specific error codes to track for latency are: []
DBWrapper: report latency for each error is false and specific error codes to track for latency are: []
DBWrapper: report latency for each error is false and specific error codes to track for latency are: []
DBWrapper: report latency for each error is false and specific error codes to track for latency are: []
DBWrapper: report latency for each error is false and specific error codes to track for latency are: []
DBWrapper: report latency for each error is false and specific error codes to track for latency are: []
DBWrapper: report latency for each error is false and specific error codes to track for latency are: []
DBWrapper: report latency for each error is false and specific error codes to track for latency are: []
DBWrapper: report latency for each error is false and specific error codes to track for latency are: []
DBWrapper: report latency for each error is false and specific error codes to track for latency are: []
DBWrapper: report latency for each error is false and specific error codes to track for latency are: []
DBWrapper: report latency for each error is false and specific error codes to track for latency are: []
DBWrapper: report latency for each error is false and specific error codes to track for latency are: []
DBWrapper: report latency for each error is false and specific error codes to track for latency are: []
DBWrapper: report latency for each error is false and specific error codes to track for latency are: []
DBWrapper: report latency for each error is false and specific error codes to track for latency are: []
DBWrapper: report latency for each error is false and specific error codes to track for latency are: []
DBWrapper: report latency for each error is false and specific error codes to track for latency are: []
DBWrapper: report latency for each error is false and specific error codes to track for latency are: []
DBWrapper: report latency for each error is false and specific error codes to track for latency are: []
DBWrapper: report latency for each error is false and specific error codes to track for latency are: []
DBWrapper: report latency for each error is false and specific error codes to track for latency are: []
DBWrapper: report latency for each error is false and specific error codes to track for latency are: []
DBWrapper: report latency for each error is false and specific error codes to track for latency are: []
DBWrapper: report latency for each error is false and specific error codes to track for latency are: []
DBWrapper: report latency for each error is false and specific error codes to track for latency are: []
DBWrapper: report latency for each error is false and specific error codes to track for latency are: []
DBWrapper: report latency for each error is false and specific error codes to track for latency are: []
DBWrapper: report latency for each error is false and specific error codes to track for latency are: []
DBWrapper: report latency for each error is false and specific error codes to track for latency are: []
DBWrapper: report latency for each error is false and specific error codes to track for latency are: []
DBWrapper: report latency for each error is false and specific error codes to track for latency are: []
DBWrapper: report latency for each error is false and specific error codes to track for latency are: []
DBWrapper: report latency for each error is false and specific error codes to track for latency are: []
DBWrapper: report latency for each error is false and specific error codes to track for latency are: []
DBWrapper: report latency for each error is false and specific error codes to track for latency are: []
DBWrapper: report latency for each error is false and specific error codes to track for latency are: []
DBWrapper: report latency for each error is false and specific error codes to track for latency are: []
DBWrapper: report latency for each error is false and specific error codes to track for latency are: []
DBWrapper: report latency for each error is false and specific error codes to track for latency are: []
DBWrapper: report latency for each error is false and specific error codes to track for latency are: []
DBWrapper: report latency for each error is false and specific error codes to track for latency are: []
DBWrapper: report latency for each error is false and specific error codes to track for latency are: []
DBWrapper: report latency for each error is false and specific error codes to track for latency are: []
DBWrapper: report latency for each error is false and specific error codes to track for latency are: []
DBWrapper: report latency for each error is false and specific error codes to track for latency are: []
DBWrapper: report latency for each error is false and specific error codes to track for latency are: []
DBWrapper: report latency for each error is false and specific error codes to track for latency are: []
DBWrapper: report latency for each error is false and specific error codes to track for latency are: []
DBWrapper: report latency for each error is false and specific error codes to track for latency are: []
DBWrapper: report latency for each error is false and specific error codes to track for latency are: []
DBWrapper: report latency for each error is false and specific error codes to track for latency are: []
DBWrapper: report latency for each error is false and specific error codes to track for latency are: []
DBWrapper: report latency for each error is false and specific error codes to track for latency are: []
DBWrapper: report latency for each error is false and specific error codes to track for latency are: []
DBWrapper: report latency for each error is false and specific error codes to track for latency are: []
DBWrapper: report latency for each error is false and specific error codes to track for latency are: []
DBWrapper: report latency for each error is false and specific error codes to track for latency are: []
DBWrapper: report latency for each error is false and specific error codes to track for latency are: []
DBWrapper: report latency for each error is false and specific error codes to track for latency are: []
DBWrapper: report latency for each error is false and specific error codes to track for latency are: []
DBWrapper: report latency for each error is false and specific error codes to track for latency are: []
DBWrapper: report latency for each error is false and specific error codes to track for latency are: []
DBWrapper: report latency for each error is false and specific error codes to track for latency are: []
DBWrapper: report latency for each error is false and specific error codes to track for latency are: []
DBWrapper: report latency for each error is false and specific error codes to track for latency are: []
DBWrapper: report latency for each error is false and specific error codes to track for latency are: []
DBWrapper: report latency for each error is false and specific error codes to track for latency are: []
DBWrapper: report latency for each error is false and specific error codes to track for latency are: []
DBWrapper: report latency for each error is false and specific error codes to track for latency are: []
DBWrapper: report latency for each error is false and specific error codes to track for latency are: []
DBWrapper: report latency for each error is false and specific error codes to track for latency are: []
DBWrapper: report latency for each error is false and specific error codes to track for latency are: []
DBWrapper: report latency for each error is false and specific error codes to track for latency are: []
DBWrapper: report latency for each error is false and specific error codes to track for latency are: []
DBWrapper: report latency for each error is false and specific error codes to track for latency are: []
DBWrapper: report latency for each error is false and specific error codes to track for latency are: []
DBWrapper: report latency for each error is false and specific error codes to track for latency are: []
DBWrapper: report latency for each error is false and specific error codes to track for latency are: []
DBWrapper: report latency for each error is false and specific error codes to track for latency are: []
DBWrapper: report latency for each error is false and specific error codes to track for latency are: []
DBWrapper: report latency for each error is false and specific error codes to track for latency are: []
DBWrapper: report latency for each error is false and specific error codes to track for latency are: []
DBWrapper: report latency for each error is false and specific error codes to track for latency are: []
DBWrapper: report latency for each error is false and specific error codes to track for latency are: []
DBWrapper: report latency for each error is false and specific error codes to track for latency are: []
DBWrapper: report latency for each error is false and specific error codes to track for latency are: []
DBWrapper: report latency for each error is false and specific error codes to track for latency are: []
DBWrapper: report latency for each error is false and specific error codes to track for latency are: []
DBWrapper: report latency for each error is false and specific error codes to track for latency are: []
DBWrapper: report latency for each error is false and specific error codes to track for latency are: []
DBWrapper: report latency for each error is false and specific error codes to track for latency are: []
DBWrapper: report latency for each error is false and specific error codes to track for latency are: []
DBWrapper: report latency for each error is false and specific error codes to track for latency are: []
DBWrapper: report latency for each error is false and specific error codes to track for latency are: []
DBWrapper: report latency for each error is false and specific error codes to track for latency are: []
DBWrapper: report latency for each error is false and specific error codes to track for latency are: []
DBWrapper: report latency for each error is false and specific error codes to track for latency are: []
DBWrapper: report latency for each error is false and specific error codes to track for latency are: []
DBWrapper: report latency for each error is false and specific error codes to track for latency are: []
DBWrapper: report latency for each error is false and specific error codes to track for latency are: []
DBWrapper: report latency for each error is false and specific error codes to track for latency are: []
DBWrapper: report latency for each error is false and specific error codes to track for latency are: []
DBWrapper: report latency for each error is false and specific error codes to track for latency are: []
DBWrapper: report latency for each error is false and specific error codes to track for latency are: []
DBWrapper: report latency for each error is false and specific error codes to track for latency are: []
DBWrapper: report latency for each error is false and specific error codes to track for latency are: []
DBWrapper: report latency for each error is false and specific error codes to track for latency are: []
DBWrapper: report latency for each error is false and specific error codes to track for latency are: []
DBWrapper: report latency for each error is false and specific error codes to track for latency are: []
DBWrapper: report latency for each error is false and specific error codes to track for latency are: []
DBWrapper: report latency for each error is false and specific error codes to track for latency are: []
DBWrapper: report latency for each error is false and specific error codes to track for latency are: []
DBWrapper: report latency for each error is false and specific error codes to track for latency are: []
DBWrapper: report latency for each error is false and specific error codes to track for latency are: []
DBWrapper: report latency for each error is false and specific error codes to track for latency are: []
DBWrapper: report latency for each error is false and specific error codes to track for latency are: []
DBWrapper: report latency for each error is false and specific error codes to track for latency are: []
DBWrapper: report latency for each error is false and specific error codes to track for latency are: []
DBWrapper: report latency for each error is false and specific error codes to track for latency are: []
DBWrapper: report latency for each error is false and specific error codes to track for latency are: []
DBWrapper: report latency for each error is false and specific error codes to track for latency are: []
DBWrapper: report latency for each error is false and specific error codes to track for latency are: []
DBWrapper: report latency for each error is false and specific error codes to track for latency are: []
DBWrapper: report latency for each error is false and specific error codes to track for latency are: []
DBWrapper: report latency for each error is false and specific error codes to track for latency are: []
DBWrapper: report latency for each error is false and specific error codes to track for latency are: []
DBWrapper: report latency for each error is false and specific error codes to track for latency are: []
DBWrapper: report latency for each error is false and specific error codes to track for latency are: []
2020-09-24 10:35:17:443 10 sec: 4100 operations; 407.43 current ops/sec; est completion in 6 hours 48 minutes [READ: Count=2376, Max=1231871, Min=1039, Avg=115450.95, 90=318207, 99=698367, 99.9=1195007, 99.99=1231871] [UPDATE: Count=2520, Max=1209343, Min=1071, Avg=115984.81, 90=305407, 99=716799, 99.9=1026559, 99.99=1209343] 
DBWrapper: report latency for each error is false and specific error codes to track for latency are: []
DBWrapper: report latency for each error is false and specific error codes to track for latency are: []
DBWrapper: report latency for each error is false and specific error codes to track for latency are: []
DBWrapper: report latency for each error is false and specific error codes to track for latency are: []
DBWrapper: report latency for each error is false and specific error codes to track for latency are: []
DBWrapper: report latency for each error is false and specific error codes to track for latency are: []
DBWrapper: report latency for each error is false and specific error codes to track for latency are: []
DBWrapper: report latency for each error is false and specific error codes to track for latency are: []
DBWrapper: report latency for each error is false and specific error codes to track for latency are: []
DBWrapper: report latency for each error is false and specific error codes to track for latency are: []
DBWrapper: report latency for each error is false and specific error codes to track for latency are: []
DBWrapper: report latency for each error is false and specific error codes to track for latency are: []
DBWrapper: report latency for each error is false and specific error codes to track for latency are: []
DBWrapper: report latency for each error is false and specific error codes to track for latency are: []
DBWrapper: report latency for each error is false and specific error codes to track for latency are: []
DBWrapper: report latency for each error is false and specific error codes to track for latency are: []
DBWrapper: report latency for each error is false and specific error codes to track for latency are: []
DBWrapper: report latency for each error is false and specific error codes to track for latency are: []
DBWrapper: report latency for each error is false and specific error codes to track for latency are: []
DBWrapper: report latency for each error is false and specific error codes to track for latency are: []
DBWrapper: report latency for each error is false and specific error codes to track for latency are: []
DBWrapper: report latency for each error is false and specific error codes to track for latency are: []
DBWrapper: report latency for each error is false and specific error codes to track for latency are: []
DBWrapper: report latency for each error is false and specific error codes to track for latency are: []
DBWrapper: report latency for each error is false and specific error codes to track for latency are: []
DBWrapper: report latency for each error is false and specific error codes to track for latency are: []
DBWrapper: report latency for each error is false and specific error codes to track for latency are: []
DBWrapper: report latency for each error is false and specific error codes to track for latency are: []
DBWrapper: report latency for each error is false and specific error codes to track for latency are: []
DBWrapper: report latency for each error is false and specific error codes to track for latency are: []
DBWrapper: report latency for each error is false and specific error codes to track for latency are: []
DBWrapper: report latency for each error is false and specific error codes to track for latency are: []
DBWrapper: report latency for each error is false and specific error codes to track for latency are: []
DBWrapper: report latency for each error is false and specific error codes to track for latency are: []
DBWrapper: report latency for each error is false and specific error codes to track for latency are: []
DBWrapper: report latency for each error is false and specific error codes to track for latency are: []
DBWrapper: report latency for each error is false and specific error codes to track for latency are: []
DBWrapper: report latency for each error is false and specific error codes to track for latency are: []
DBWrapper: report latency for each error is false and specific error codes to track for latency are: []
DBWrapper: report latency for each error is false and specific error codes to track for latency are: []
DBWrapper: report latency for each error is false and specific error codes to track for latency are: []
DBWrapper: report latency for each error is false and specific error codes to track for latency are: []
DBWrapper: report latency for each error is false and specific error codes to track for latency are: []
DBWrapper: report latency for each error is false and specific error codes to track for latency are: []
DBWrapper: report latency for each error is false and specific error codes to track for latency are: []
DBWrapper: report latency for each error is false and specific error codes to track for latency are: []
DBWrapper: report latency for each error is false and specific error codes to track for latency are: []
DBWrapper: report latency for each error is false and specific error codes to track for latency are: []
DBWrapper: report latency for each error is false and specific error codes to track for latency are: []
DBWrapper: report latency for each error is false and specific error codes to track for latency are: []
DBWrapper: report latency for each error is false and specific error codes to track for latency are: []
DBWrapper: report latency for each error is false and specific error codes to track for latency are: []
DBWrapper: report latency for each error is false and specific error codes to track for latency are: []
DBWrapper: report latency for each error is false and specific error codes to track for latency are: []
DBWrapper: report latency for each error is false and specific error codes to track for latency are: []
DBWrapper: report latency for each error is false and specific error codes to track for latency are: []
DBWrapper: report latency for each error is false and specific error codes to track for latency are: []
DBWrapper: report latency for each error is false and specific error codes to track for latency are: []
DBWrapper: report latency for each error is false and specific error codes to track for latency are: []
DBWrapper: report latency for each error is false and specific error codes to track for latency are: []
DBWrapper: report latency for each error is false and specific error codes to track for latency are: []
DBWrapper: report latency for each error is false and specific error codes to track for latency are: []
DBWrapper: report latency for each error is false and specific error codes to track for latency are: []
DBWrapper: report latency for each error is false and specific error codes to track for latency are: []
DBWrapper: report latency for each error is false and specific error codes to track for latency are: []
DBWrapper: report latency for each error is false and specific error codes to track for latency are: []
DBWrapper: report latency for each error is false and specific error codes to track for latency are: []
DBWrapper: report latency for each error is false and specific error codes to track for latency are: []
DBWrapper: report latency for each error is false and specific error codes to track for latency are: []
DBWrapper: report latency for each error is false and specific error codes to track for latency are: []
2020-09-24 10:35:27:390 20 sec: 24592 operations; 2062.19 current ops/sec; est completion in 2 hours 15 minutes [READ: Count=10094, Max=1856511, Min=1116, Avg=102677.27, 90=304383, 99=753151, 99.9=1177599, 99.99=1477631] [UPDATE: Count=10050, Max=1612799, Min=1057, Avg=97905.56, 90=286463, 99=782847, 99.9=1307647, 99.99=1472511] 
DBWrapper: report latency for each error is false and specific error codes to track for latency are: []
DBWrapper: report latency for each error is false and specific error codes to track for latency are: []
DBWrapper: report latency for each error is false and specific error codes to track for latency are: []
DBWrapper: report latency for each error is false and specific error codes to track for latency are: []
DBWrapper: report latency for each error is false and specific error codes to track for latency are: []
2020-09-24 10:35:37:380 30 sec: 69403 operations; 4481.1 current ops/sec; est completion in 1 hour 11 minutes [READ: Count=22405, Max=16293887, Min=929, Avg=54862.82, 90=113471, 99=591359, 99.9=799231, 99.99=902655] [UPDATE: Count=21961, Max=16359423, Min=806, Avg=55151.23, 90=110399, 99=587775, 99.9=787455, 99.99=865279] 
2020-09-24 10:35:47:380 40 sec: 130142 operations; 6073.9 current ops/sec; est completion in 50 minutes [READ: Count=30495, Max=1994751, Min=812, Avg=43088.57, 90=70591, 99=590335, 99.9=1349631, 99.99=1398783] [UPDATE: Count=30289, Max=1977343, Min=64, Avg=43341.32, 90=70143, 99=598527, 99.9=1364991, 99.99=1398783] 
2020-09-24 10:35:57:379 50 sec: 197232 operations; 6709 current ops/sec; est completion in 41 minutes [READ: Count=33506, Max=928255, Min=742, Avg=38005.84, 90=60319, 99=557567, 99.9=679423, 99.99=722943] [UPDATE: Count=33553, Max=728575, Min=789, Avg=37141.55, 90=59679, 99=556543, 99.9=666623, 99.99=717823] 
2020-09-24 10:36:07:379 60 sec: 265529 operations; 6829.7 current ops/sec; est completion in 36 minutes [READ: Count=33940, Max=1012735, Min=51, Avg=38627.55, 90=65919, 99=547327, 99.9=704511, 99.99=980479] [UPDATE: Count=34385, Max=1013247, Min=43, Avg=37675.61, 90=66303, 99=545279, 99.9=687615, 99.99=976895] 
2020-09-24 10:36:17:380 70 sec: 337018 operations; 7148.9 current ops/sec; est completion in 33 minutes [READ: Count=35673, Max=738815, Min=49, Avg=35133.96, 90=60607, 99=550399, 99.9=646655, 99.99=697855] [UPDATE: Count=35792, Max=754175, Min=64, Avg=36140.48, 90=61567, 99=551935, 99.9=656383, 99.99=726015] 
2020-09-24 10:36:27:380 80 sec: 403093 operations; 6607.5 current ops/sec; est completion in 31 minutes [READ: Count=33309, Max=1032703, Min=847, Avg=38518.24, 90=63583, 99=565247, 99.9=747007, 99.99=990207] [UPDATE: Count=32767, Max=1041919, Min=796, Avg=38871.41, 90=63327, 99=566271, 99.9=741887, 99.99=1016319] 
2020-09-24 10:36:37:380 90 sec: 466114 operations; 6302.1 current ops/sec; est completion in 30 minutes [READ: Count=31382, Max=1096703, Min=39, Avg=41948.81, 90=64671, 99=563199, 99.9=754175, 99.99=997887] [UPDATE: Count=31645, Max=1030143, Min=777, Avg=39814.4, 90=62879, 99=558079, 99.9=745983, 99.99=1007103] 
2020-09-24 10:36:47:380 100 sec: 532139 operations; 6602.5 current ops/sec; est completion in 29 minutes [READ: Count=33322, Max=1035775, Min=59, Avg=38235.1, 90=64063, 99=559103, 99.9=695807, 99.99=764927] [UPDATE: Count=32712, Max=1064959, Min=780, Avg=38986.57, 90=63743, 99=558591, 99.9=684543, 99.99=784895] 
2020-09-24 10:36:57:380 110 sec: 596709 operations; 6457 current ops/sec; est completion in 28 minutes [READ: Count=32468, Max=735743, Min=154, Avg=40614.21, 90=68223, 99=553983, 99.9=667135, 99.99=710655] [UPDATE: Count=32106, Max=1011711, Min=826, Avg=39571.3, 90=67839, 99=550911, 99.9=670719, 99.99=713215] [READ-FAILED: Count=1, Max=6087, Min=6084, Avg=6086, 90=6087, 99=6087, 99.9=6087, 99.99=6087] 
2020-09-24 10:37:07:379 120 sec: 666940 operations; 7023.1 current ops/sec; est completion in 28 minutes [READ: Count=35127, Max=986623, Min=852, Avg=36053.24, 90=61023, 99=550399, 99.9=674815, 99.99=777215] [UPDATE: Count=35092, Max=986623, Min=870, Avg=36079.73, 90=61311, 99=550399, 99.9=668671, 99.99=713215] [READ-FAILED: Count=0, Max=0, Min=9223372036854775807, Avg=NaN, 90=0, 99=0, 99.9=0, 99.99=0] 
2020-09-24 10:37:17:380 130 sec: 733096 operations; 6615.6 current ops/sec; est completion in 27 minutes [READ: Count=33088, Max=835071, Min=46, Avg=38604.13, 90=68159, 99=560127, 99.9=659455, 99.99=690687] [UPDATE: Count=33067, Max=918015, Min=84, Avg=39023.79, 90=67711, 99=558591, 99.9=654335, 99.99=690687] [READ-FAILED: Count=1, Max=6519, Min=6516, Avg=6518, 90=6519, 99=6519, 99.9=6519, 99.99=6519] 
2020-09-24 10:37:27:380 140 sec: 795676 operations; 6258 current ops/sec; est completion in 27 minutes [READ: Count=31430, Max=1212415, Min=824, Avg=39441.81, 90=61727, 99=564735, 99.9=734719, 99.99=908799] [UPDATE: Count=31132, Max=969215, Min=44, Avg=41511, 90=64351, 99=573439, 99.9=755199, 99.99=832511] [READ-FAILED: Count=0, Max=0, Min=9223372036854775807, Avg=NaN, 90=0, 99=0, 99.9=0, 99.99=0] 
2020-09-24 10:37:37:380 150 sec: 861569 operations; 6589.3 current ops/sec; est completion in 26 minutes [READ: Count=33065, Max=985087, Min=46, Avg=39316.56, 90=67071, 99=551423, 99.9=657919, 99.99=825855] [UPDATE: Count=32835, Max=1052671, Min=51, Avg=38661.95, 90=65919, 99=546815, 99.9=642559, 99.99=844799] [READ-FAILED: Count=1, Max=4495, Min=4492, Avg=4494, 90=4495, 99=4495, 99.9=4495, 99.99=4495] 
2020-09-24 10:37:47:380 160 sec: 931111 operations; 6954.2 current ops/sec; est completion in 25 minutes [READ: Count=34726, Max=756735, Min=61, Avg=36610.52, 90=61311, 99=559103, 99.9=676351, 99.99=700415] [UPDATE: Count=34807, Max=956927, Min=855, Avg=37504.46, 90=61727, 99=558591, 99.9=679423, 99.99=706047] [READ-FAILED: Count=0, Max=0, Min=9223372036854775807, Avg=NaN, 90=0, 99=0, 99.9=0, 99.99=0] 
2020-09-24 10:37:57:380 170 sec: 996221 operations; 6511 current ops/sec; est completion in 25 minutes [READ: Count=32600, Max=783359, Min=767, Avg=39389.5, 90=67647, 99=556031, 99.9=649215, 99.99=752639] [UPDATE: Count=32536, Max=1025023, Min=46, Avg=39035.59, 90=67071, 99=553471, 99.9=641535, 99.99=714751] [READ-FAILED: Count=0, Max=0, Min=9223372036854775807, Avg=NaN, 90=0, 99=0, 99.9=0, 99.99=0] 
2020-09-24 10:38:07:379 180 sec: 1063839 operations; 6761.8 current ops/sec; est completion in 25 minutes [READ: Count=33801, Max=825855, Min=824, Avg=38035.36, 90=65375, 99=549887, 99.9=679935, 99.99=796671] [UPDATE: Count=33807, Max=1003519, Min=805, Avg=37736.54, 90=65663, 99=549375, 99.9=665087, 99.99=821247] [READ-FAILED: Count=0, Max=0, Min=9223372036854775807, Avg=NaN, 90=0, 99=0, 99.9=0, 99.99=0] 
2020-09-24 10:38:17:380 190 sec: 1133402 operations; 6956.3 current ops/sec; est completion in 24 minutes [READ: Count=34960, Max=1218559, Min=51, Avg=35974.83, 90=60159, 99=555519, 99.9=652799, 99.99=875007] [UPDATE: Count=34601, Max=1185791, Min=803, Avg=37882.1, 90=62207, 99=559615, 99.9=667135, 99.99=867327] [READ-FAILED: Count=0, Max=0, Min=9223372036854775807, Avg=NaN, 90=0, 99=0, 99.9=0, 99.99=0] 
2020-09-24 10:38:27:380 200 sec: 1202833 operations; 6943.1 current ops/sec; est completion in 24 minutes [READ: Count=34590, Max=859647, Min=67, Avg=36481.05, 90=61151, 99=553983, 99.9=672255, 99.99=708607] [UPDATE: Count=34821, Max=788479, Min=869, Avg=36766.83, 90=61919, 99=552447, 99.9=677887, 99.99=720383] [READ-FAILED: Count=0, Max=0, Min=9223372036854775807, Avg=NaN, 90=0, 99=0, 99.9=0, 99.99=0] 
2020-09-24 10:38:37:400 210 sec: 1270114 operations; 6714 current ops/sec; est completion in 24 minutes [READ: Count=33686, Max=883199, Min=49, Avg=38621.16, 90=63711, 99=559615, 99.9=681471, 99.99=802303] [UPDATE: Count=33656, Max=833023, Min=802, Avg=38233.61, 90=64479, 99=563199, 99.9=678399, 99.99=760831] [READ-FAILED: Count=0, Max=0, Min=9223372036854775807, Avg=NaN, 90=0, 99=0, 99.9=0, 99.99=0] 
2020-09-24 10:38:47:380 220 sec: 1339226 operations; 6925.74 current ops/sec; est completion in 23 minutes [READ: Count=34691, Max=718847, Min=2, Avg=36666.34, 90=63359, 99=558591, 99.9=646143, 99.99=680959] [UPDATE: Count=34382, Max=742911, Min=45, Avg=37188.32, 90=63967, 99=561151, 99.9=646143, 99.99=686079] [READ-FAILED: Count=0, Max=0, Min=9223372036854775807, Avg=NaN, 90=0, 99=0, 99.9=0, 99.99=0] 
2020-09-24 10:38:57:380 230 sec: 1409558 operations; 7033.2 current ops/sec; est completion in 23 minutes [READ: Count=35145, Max=980991, Min=63, Avg=36571.72, 90=62687, 99=554495, 99.9=636415, 99.99=708607] [UPDATE: Count=35171, Max=983551, Min=227, Avg=36317.55, 90=63103, 99=552447, 99.9=643071, 99.99=709631] [READ-FAILED: Count=0, Max=0, Min=9223372036854775807, Avg=NaN, 90=0, 99=0, 99.9=0, 99.99=0] 
2020-09-24 10:39:07:380 240 sec: 1479415 operations; 6985.7 current ops/sec; est completion in 23 minutes [READ: Count=34924, Max=1211391, Min=868, Avg=35611.42, 90=61695, 99=562687, 99.9=665087, 99.99=1127423] [UPDATE: Count=34938, Max=1163263, Min=797, Avg=36979.84, 90=62687, 99=565759, 99.9=662015, 99.99=998911] [READ-FAILED: Count=0, Max=0, Min=9223372036854775807, Avg=NaN, 90=0, 99=0, 99.9=0, 99.99=0] 
2020-09-24 10:39:17:380 250 sec: 1544981 operations; 6556.6 current ops/sec; est completion in 22 minutes [READ: Count=32857, Max=729599, Min=861, Avg=38539.66, 90=60927, 99=557055, 99.9=643583, 99.99=703999] [UPDATE: Count=32710, Max=772607, Min=857, Avg=39641.58, 90=63519, 99=560639, 99.9=643583, 99.99=700927] [READ-FAILED: Count=0, Max=0, Min=9223372036854775807, Avg=NaN, 90=0, 99=0, 99.9=0, 99.99=0] 
2020-09-24 10:39:27:379 260 sec: 1604753 operations; 5977.2 current ops/sec; est completion in 22 minutes [READ: Count=30031, Max=758271, Min=51, Avg=42347.52, 90=62911, 99=563199, 99.9=657407, 99.99=699391] [UPDATE: Count=29731, Max=780799, Min=57, Avg=43016.41, 90=64479, 99=563199, 99.9=673791, 99.99=711679] [READ-FAILED: Count=0, Max=0, Min=9223372036854775807, Avg=NaN, 90=0, 99=0, 99.9=0, 99.99=0] 
2020-09-24 10:39:37:380 270 sec: 1665292 operations; 6053.9 current ops/sec; est completion in 22 minutes [READ: Count=30417, Max=857087, Min=758, Avg=42883.5, 90=68927, 99=571903, 99.9=669183, 99.99=730111] [UPDATE: Count=30123, Max=819711, Min=712, Avg=41770.16, 90=66495, 99=571903, 99.9=664575, 99.99=731135] [READ-FAILED: Count=0, Max=0, Min=9223372036854775807, Avg=NaN, 90=0, 99=0, 99.9=0, 99.99=0] 
2020-09-24 10:39:47:380 280 sec: 1730494 operations; 6520.2 current ops/sec; est completion in 22 minutes [READ: Count=32368, Max=1009151, Min=845, Avg=38230.17, 90=62399, 99=560127, 99.9=687103, 99.99=998399] [UPDATE: Count=32855, Max=865791, Min=41, Avg=40449.62, 90=66111, 99=564735, 99.9=689151, 99.99=845311] [READ-FAILED: Count=0, Max=0, Min=9223372036854775807, Avg=NaN, 90=0, 99=0, 99.9=0, 99.99=0] 
2020-09-24 10:39:57:380 290 sec: 1792890 operations; 6239.6 current ops/sec; est completion in 22 minutes [READ: Count=31376, Max=1062911, Min=840, Avg=41416.18, 90=68479, 99=581119, 99.9=760319, 99.99=972287] [UPDATE: Count=31013, Max=998399, Min=832, Avg=40975, 90=68863, 99=575999, 99.9=784895, 99.99=973823] [READ-FAILED: Count=0, Max=0, Min=9223372036854775807, Avg=NaN, 90=0, 99=0, 99.9=0, 99.99=0] 
2020-09-24 10:40:07:379 300 sec: 1859408 operations; 6651.8 current ops/sec; est completion in 21 minutes [READ: Count=33309, Max=1056767, Min=886, Avg=37975.71, 90=70847, 99=557567, 99.9=641023, 99.99=1005055] [UPDATE: Count=33211, Max=1056767, Min=58, Avg=38188.67, 90=69183, 99=556031, 99.9=643583, 99.99=971775] [READ-FAILED: Count=0, Max=0, Min=9223372036854775807, Avg=NaN, 90=0, 99=0, 99.9=0, 99.99=0] 
Maximum time elapsed. Requesting stop for the workload.
Stop requested for workload. Now Joining!
[36m10:40:08.098[m [[34;1mINFO[m] [1;34mp.u.t.s.y.Stats.clientFinished@38[m: 
Ended SconeKV benchmark.
Number of clients: 256
Total transactions: 372154
Committed: 371111 (99.71974%)
Aborted: 1043 (0.28026032%)
2020-09-24 10:40:08:100 300 sec: 1860821 operations; 1962.5 current ops/sec; est completion in 21 minutes [READ: Count=722, Max=1062911, Min=997, Avg=102994.29, 90=519935, 99=683519, 99.9=1042943, 99.99=1062911] [CLEANUP: Count=256, Max=1802, Min=2, Avg=11, 90=5, 99=23, 99.9=1802, 99.99=1802] [UPDATE: Count=667, Max=1070079, Min=1021, Avg=94377.57, 90=517887, 99=604159, 99.9=1028095, 99.99=1070079] [READ-FAILED: Count=0, Max=0, Min=9223372036854775807, Avg=NaN, 90=0, 99=0, 99.9=0, 99.99=0] 
[OVERALL], RunTime(ms), 300712
[OVERALL], Throughput(ops/sec), 6188.0503604778
[TOTAL_GCS_G1_Young_Generation], Count, 173
[TOTAL_GC_TIME_G1_Young_Generation], Time(ms), 4737
[TOTAL_GC_TIME_%_G1_Young_Generation], Time(%), 1.5752613796589428
[TOTAL_GCS_G1_Old_Generation], Count, 0
[TOTAL_GC_TIME_G1_Old_Generation], Time(ms), 0
[TOTAL_GC_TIME_%_G1_Old_Generation], Time(%), 0.0
[TOTAL_GCs], Count, 173
[TOTAL_GC_TIME], Time(ms), 4737
[TOTAL_GC_TIME_%], Time(%), 1.5752613796589428
[READ], Operations, 931883
[READ], AverageLatency(us), 39863.96575321151
[READ], MinLatency(us), 2
[READ], MaxLatency(us), 16293887
[READ], 95thPercentileLatency(us), 162303
[READ], 99thPercentileLatency(us), 560127
[READ], Return=OK, 931883
[READ], Return=NOT_FOUND, 3
[CLEANUP], Operations, 256
[CLEANUP], AverageLatency(us), 11.0
[CLEANUP], MinLatency(us), 2
[CLEANUP], MaxLatency(us), 1802
[CLEANUP], 95thPercentileLatency(us), 7
[CLEANUP], 99thPercentileLatency(us), 23
[UPDATE], Operations, 928935
[UPDATE], AverageLatency(us), 40018.850609569025
[UPDATE], MinLatency(us), 41
[UPDATE], MaxLatency(us), 16359423
[UPDATE], 95thPercentileLatency(us), 163199
[UPDATE], 99thPercentileLatency(us), 560127
[UPDATE], Return=OK, 928935
[READ-FAILED], Operations, 3
[READ-FAILED], AverageLatency(us), 5699.333333333333
[READ-FAILED], MinLatency(us), 4492
[READ-FAILED], MaxLatency(us), 6519
[READ-FAILED], 95thPercentileLatency(us), 6519
[READ-FAILED], 99thPercentileLatency(us), 6519
