Command line: -t -db pt.ulisboa.tecnico.sconekv.ycsb.SconeKVClient -P workloada -threads 256 -s -p scone.tx_size=5 -p operationcount=10000000 -p maxexecutiontime=300 -p requestdistribution=uniform
YCSB Client 0.17.0

Loading workload...
Starting test.
WARNING: sun.reflect.Reflection.getCallerClass is not supported. This will impact performance.
2020-09-24 10:30:04:345 0 sec: 0 operations; est completion in 0 second 
Maximum execution time specified as: 300 secs
DBWrapper: report latency for each error is false and specific error codes to track for latency are: []
DBWrapper: report latency for each error is false and specific error codes to track for latency are: []
DBWrapper: report latency for each error is false and specific error codes to track for latency are: []
DBWrapper: report latency for each error is false and specific error codes to track for latency are: []
DBWrapper: report latency for each error is false and specific error codes to track for latency are: []
DBWrapper: report latency for each error is false and specific error codes to track for latency are: []
DBWrapper: report latency for each error is false and specific error codes to track for latency are: []
DBWrapper: report latency for each error is false and specific error codes to track for latency are: []
DBWrapper: report latency for each error is false and specific error codes to track for latency are: []
DBWrapper: report latency for each error is false and specific error codes to track for latency are: []
DBWrapper: report latency for each error is false and specific error codes to track for latency are: []
DBWrapper: report latency for each error is false and specific error codes to track for latency are: []
DBWrapper: report latency for each error is false and specific error codes to track for latency are: []
DBWrapper: report latency for each error is false and specific error codes to track for latency are: []
DBWrapper: report latency for each error is false and specific error codes to track for latency are: []
DBWrapper: report latency for each error is false and specific error codes to track for latency are: []
DBWrapper: report latency for each error is false and specific error codes to track for latency are: []
DBWrapper: report latency for each error is false and specific error codes to track for latency are: []
DBWrapper: report latency for each error is false and specific error codes to track for latency are: []
DBWrapper: report latency for each error is false and specific error codes to track for latency are: []
DBWrapper: report latency for each error is false and specific error codes to track for latency are: []
DBWrapper: report latency for each error is false and specific error codes to track for latency are: []
DBWrapper: report latency for each error is false and specific error codes to track for latency are: []
DBWrapper: report latency for each error is false and specific error codes to track for latency are: []
DBWrapper: report latency for each error is false and specific error codes to track for latency are: []
DBWrapper: report latency for each error is false and specific error codes to track for latency are: []
DBWrapper: report latency for each error is false and specific error codes to track for latency are: []
DBWrapper: report latency for each error is false and specific error codes to track for latency are: []
DBWrapper: report latency for each error is false and specific error codes to track for latency are: []
DBWrapper: report latency for each error is false and specific error codes to track for latency are: []
DBWrapper: report latency for each error is false and specific error codes to track for latency are: []
DBWrapper: report latency for each error is false and specific error codes to track for latency are: []
DBWrapper: report latency for each error is false and specific error codes to track for latency are: []
DBWrapper: report latency for each error is false and specific error codes to track for latency are: []
DBWrapper: report latency for each error is false and specific error codes to track for latency are: []
DBWrapper: report latency for each error is false and specific error codes to track for latency are: []
DBWrapper: report latency for each error is false and specific error codes to track for latency are: []
DBWrapper: report latency for each error is false and specific error codes to track for latency are: []
DBWrapper: report latency for each error is false and specific error codes to track for latency are: []
DBWrapper: report latency for each error is false and specific error codes to track for latency are: []
DBWrapper: report latency for each error is false and specific error codes to track for latency are: []
DBWrapper: report latency for each error is false and specific error codes to track for latency are: []
DBWrapper: report latency for each error is false and specific error codes to track for latency are: []
DBWrapper: report latency for each error is false and specific error codes to track for latency are: []
DBWrapper: report latency for each error is false and specific error codes to track for latency are: []
DBWrapper: report latency for each error is false and specific error codes to track for latency are: []
DBWrapper: report latency for each error is false and specific error codes to track for latency are: []
DBWrapper: report latency for each error is false and specific error codes to track for latency are: []
DBWrapper: report latency for each error is false and specific error codes to track for latency are: []
DBWrapper: report latency for each error is false and specific error codes to track for latency are: []
DBWrapper: report latency for each error is false and specific error codes to track for latency are: []
DBWrapper: report latency for each error is false and specific error codes to track for latency are: []
DBWrapper: report latency for each error is false and specific error codes to track for latency are: []
DBWrapper: report latency for each error is false and specific error codes to track for latency are: []
DBWrapper: report latency for each error is false and specific error codes to track for latency are: []
DBWrapper: report latency for each error is false and specific error codes to track for latency are: []
DBWrapper: report latency for each error is false and specific error codes to track for latency are: []
DBWrapper: report latency for each error is false and specific error codes to track for latency are: []
DBWrapper: report latency for each error is false and specific error codes to track for latency are: []
DBWrapper: report latency for each error is false and specific error codes to track for latency are: []
DBWrapper: report latency for each error is false and specific error codes to track for latency are: []
DBWrapper: report latency for each error is false and specific error codes to track for latency are: []
DBWrapper: report latency for each error is false and specific error codes to track for latency are: []
DBWrapper: report latency for each error is false and specific error codes to track for latency are: []
DBWrapper: report latency for each error is false and specific error codes to track for latency are: []
DBWrapper: report latency for each error is false and specific error codes to track for latency are: []
DBWrapper: report latency for each error is false and specific error codes to track for latency are: []
DBWrapper: report latency for each error is false and specific error codes to track for latency are: []
DBWrapper: report latency for each error is false and specific error codes to track for latency are: []
DBWrapper: report latency for each error is false and specific error codes to track for latency are: []
DBWrapper: report latency for each error is false and specific error codes to track for latency are: []
DBWrapper: report latency for each error is false and specific error codes to track for latency are: []
DBWrapper: report latency for each error is false and specific error codes to track for latency are: []
DBWrapper: report latency for each error is false and specific error codes to track for latency are: []
DBWrapper: report latency for each error is false and specific error codes to track for latency are: []
DBWrapper: report latency for each error is false and specific error codes to track for latency are: []
DBWrapper: report latency for each error is false and specific error codes to track for latency are: []
DBWrapper: report latency for each error is false and specific error codes to track for latency are: []
DBWrapper: report latency for each error is false and specific error codes to track for latency are: []
DBWrapper: report latency for each error is false and specific error codes to track for latency are: []
DBWrapper: report latency for each error is false and specific error codes to track for latency are: []
DBWrapper: report latency for each error is false and specific error codes to track for latency are: []
DBWrapper: report latency for each error is false and specific error codes to track for latency are: []
DBWrapper: report latency for each error is false and specific error codes to track for latency are: []
DBWrapper: report latency for each error is false and specific error codes to track for latency are: []
DBWrapper: report latency for each error is false and specific error codes to track for latency are: []
DBWrapper: report latency for each error is false and specific error codes to track for latency are: []
DBWrapper: report latency for each error is false and specific error codes to track for latency are: []
DBWrapper: report latency for each error is false and specific error codes to track for latency are: []
DBWrapper: report latency for each error is false and specific error codes to track for latency are: []
DBWrapper: report latency for each error is false and specific error codes to track for latency are: []
DBWrapper: report latency for each error is false and specific error codes to track for latency are: []
DBWrapper: report latency for each error is false and specific error codes to track for latency are: []
DBWrapper: report latency for each error is false and specific error codes to track for latency are: []
DBWrapper: report latency for each error is false and specific error codes to track for latency are: []
DBWrapper: report latency for each error is false and specific error codes to track for latency are: []
DBWrapper: report latency for each error is false and specific error codes to track for latency are: []
DBWrapper: report latency for each error is false and specific error codes to track for latency are: []
DBWrapper: report latency for each error is false and specific error codes to track for latency are: []
DBWrapper: report latency for each error is false and specific error codes to track for latency are: []
DBWrapper: report latency for each error is false and specific error codes to track for latency are: []
DBWrapper: report latency for each error is false and specific error codes to track for latency are: []
DBWrapper: report latency for each error is false and specific error codes to track for latency are: []
DBWrapper: report latency for each error is false and specific error codes to track for latency are: []
DBWrapper: report latency for each error is false and specific error codes to track for latency are: []
DBWrapper: report latency for each error is false and specific error codes to track for latency are: []
DBWrapper: report latency for each error is false and specific error codes to track for latency are: []
DBWrapper: report latency for each error is false and specific error codes to track for latency are: []
DBWrapper: report latency for each error is false and specific error codes to track for latency are: []
DBWrapper: report latency for each error is false and specific error codes to track for latency are: []
DBWrapper: report latency for each error is false and specific error codes to track for latency are: []
DBWrapper: report latency for each error is false and specific error codes to track for latency are: []
DBWrapper: report latency for each error is false and specific error codes to track for latency are: []
DBWrapper: report latency for each error is false and specific error codes to track for latency are: []
DBWrapper: report latency for each error is false and specific error codes to track for latency are: []
DBWrapper: report latency for each error is false and specific error codes to track for latency are: []
DBWrapper: report latency for each error is false and specific error codes to track for latency are: []
DBWrapper: report latency for each error is false and specific error codes to track for latency are: []
DBWrapper: report latency for each error is false and specific error codes to track for latency are: []
DBWrapper: report latency for each error is false and specific error codes to track for latency are: []
DBWrapper: report latency for each error is false and specific error codes to track for latency are: []
DBWrapper: report latency for each error is false and specific error codes to track for latency are: []
DBWrapper: report latency for each error is false and specific error codes to track for latency are: []
DBWrapper: report latency for each error is false and specific error codes to track for latency are: []
DBWrapper: report latency for each error is false and specific error codes to track for latency are: []
DBWrapper: report latency for each error is false and specific error codes to track for latency are: []
DBWrapper: report latency for each error is false and specific error codes to track for latency are: []
DBWrapper: report latency for each error is false and specific error codes to track for latency are: []
DBWrapper: report latency for each error is false and specific error codes to track for latency are: []
DBWrapper: report latency for each error is false and specific error codes to track for latency are: []
DBWrapper: report latency for each error is false and specific error codes to track for latency are: []
DBWrapper: report latency for each error is false and specific error codes to track for latency are: []
2020-09-24 10:30:14:388 10 sec: 2556 operations; 254.96 current ops/sec; est completion in 10 hours 53 minutes [READ: Count=1343, Max=2936831, Min=1606, Avg=146001.79, 90=350463, 99=1551359, 99.9=2476031, 99.99=2936831] [UPDATE: Count=1578, Max=2781183, Min=1232, Avg=155374.8, 90=404223, 99=1434623, 99.9=2394111, 99.99=2781183] 
DBWrapper: report latency for each error is false and specific error codes to track for latency are: []
DBWrapper: report latency for each error is false and specific error codes to track for latency are: []
DBWrapper: report latency for each error is false and specific error codes to track for latency are: []
DBWrapper: report latency for each error is false and specific error codes to track for latency are: []
DBWrapper: report latency for each error is false and specific error codes to track for latency are: []
DBWrapper: report latency for each error is false and specific error codes to track for latency are: []
DBWrapper: report latency for each error is false and specific error codes to track for latency are: []
DBWrapper: report latency for each error is false and specific error codes to track for latency are: []
DBWrapper: report latency for each error is false and specific error codes to track for latency are: []
DBWrapper: report latency for each error is false and specific error codes to track for latency are: []
DBWrapper: report latency for each error is false and specific error codes to track for latency are: []
DBWrapper: report latency for each error is false and specific error codes to track for latency are: []
DBWrapper: report latency for each error is false and specific error codes to track for latency are: []
DBWrapper: report latency for each error is false and specific error codes to track for latency are: []
DBWrapper: report latency for each error is false and specific error codes to track for latency are: []
DBWrapper: report latency for each error is false and specific error codes to track for latency are: []
DBWrapper: report latency for each error is false and specific error codes to track for latency are: []
DBWrapper: report latency for each error is false and specific error codes to track for latency are: []
DBWrapper: report latency for each error is false and specific error codes to track for latency are: []
DBWrapper: report latency for each error is false and specific error codes to track for latency are: []
DBWrapper: report latency for each error is false and specific error codes to track for latency are: []
DBWrapper: report latency for each error is false and specific error codes to track for latency are: []
DBWrapper: report latency for each error is false and specific error codes to track for latency are: []
DBWrapper: report latency for each error is false and specific error codes to track for latency are: []
DBWrapper: report latency for each error is false and specific error codes to track for latency are: []
DBWrapper: report latency for each error is false and specific error codes to track for latency are: []
DBWrapper: report latency for each error is false and specific error codes to track for latency are: []
DBWrapper: report latency for each error is false and specific error codes to track for latency are: []
DBWrapper: report latency for each error is false and specific error codes to track for latency are: []
DBWrapper: report latency for each error is false and specific error codes to track for latency are: []
DBWrapper: report latency for each error is false and specific error codes to track for latency are: []
DBWrapper: report latency for each error is false and specific error codes to track for latency are: []
DBWrapper: report latency for each error is false and specific error codes to track for latency are: []
DBWrapper: report latency for each error is false and specific error codes to track for latency are: []
DBWrapper: report latency for each error is false and specific error codes to track for latency are: []
DBWrapper: report latency for each error is false and specific error codes to track for latency are: []
DBWrapper: report latency for each error is false and specific error codes to track for latency are: []
DBWrapper: report latency for each error is false and specific error codes to track for latency are: []
DBWrapper: report latency for each error is false and specific error codes to track for latency are: []
DBWrapper: report latency for each error is false and specific error codes to track for latency are: []
DBWrapper: report latency for each error is false and specific error codes to track for latency are: []
DBWrapper: report latency for each error is false and specific error codes to track for latency are: []
DBWrapper: report latency for each error is false and specific error codes to track for latency are: []
DBWrapper: report latency for each error is false and specific error codes to track for latency are: []
DBWrapper: report latency for each error is false and specific error codes to track for latency are: []
DBWrapper: report latency for each error is false and specific error codes to track for latency are: []
DBWrapper: report latency for each error is false and specific error codes to track for latency are: []
DBWrapper: report latency for each error is false and specific error codes to track for latency are: []
DBWrapper: report latency for each error is false and specific error codes to track for latency are: []
DBWrapper: report latency for each error is false and specific error codes to track for latency are: []
DBWrapper: report latency for each error is false and specific error codes to track for latency are: []
DBWrapper: report latency for each error is false and specific error codes to track for latency are: []
DBWrapper: report latency for each error is false and specific error codes to track for latency are: []
DBWrapper: report latency for each error is false and specific error codes to track for latency are: []
DBWrapper: report latency for each error is false and specific error codes to track for latency are: []
DBWrapper: report latency for each error is false and specific error codes to track for latency are: []
DBWrapper: report latency for each error is false and specific error codes to track for latency are: []
DBWrapper: report latency for each error is false and specific error codes to track for latency are: []
DBWrapper: report latency for each error is false and specific error codes to track for latency are: []
DBWrapper: report latency for each error is false and specific error codes to track for latency are: []
DBWrapper: report latency for each error is false and specific error codes to track for latency are: []
DBWrapper: report latency for each error is false and specific error codes to track for latency are: []
DBWrapper: report latency for each error is false and specific error codes to track for latency are: []
DBWrapper: report latency for each error is false and specific error codes to track for latency are: []
DBWrapper: report latency for each error is false and specific error codes to track for latency are: []
DBWrapper: report latency for each error is false and specific error codes to track for latency are: []
DBWrapper: report latency for each error is false and specific error codes to track for latency are: []
DBWrapper: report latency for each error is false and specific error codes to track for latency are: []
DBWrapper: report latency for each error is false and specific error codes to track for latency are: []
DBWrapper: report latency for each error is false and specific error codes to track for latency are: []
DBWrapper: report latency for each error is false and specific error codes to track for latency are: []
DBWrapper: report latency for each error is false and specific error codes to track for latency are: []
DBWrapper: report latency for each error is false and specific error codes to track for latency are: []
DBWrapper: report latency for each error is false and specific error codes to track for latency are: []
DBWrapper: report latency for each error is false and specific error codes to track for latency are: []
DBWrapper: report latency for each error is false and specific error codes to track for latency are: []
DBWrapper: report latency for each error is false and specific error codes to track for latency are: []
DBWrapper: report latency for each error is false and specific error codes to track for latency are: []
DBWrapper: report latency for each error is false and specific error codes to track for latency are: []
DBWrapper: report latency for each error is false and specific error codes to track for latency are: []
DBWrapper: report latency for each error is false and specific error codes to track for latency are: []
DBWrapper: report latency for each error is false and specific error codes to track for latency are: []
DBWrapper: report latency for each error is false and specific error codes to track for latency are: []
DBWrapper: report latency for each error is false and specific error codes to track for latency are: []
DBWrapper: report latency for each error is false and specific error codes to track for latency are: []
DBWrapper: report latency for each error is false and specific error codes to track for latency are: []
DBWrapper: report latency for each error is false and specific error codes to track for latency are: []
DBWrapper: report latency for each error is false and specific error codes to track for latency are: []
DBWrapper: report latency for each error is false and specific error codes to track for latency are: []
DBWrapper: report latency for each error is false and specific error codes to track for latency are: []
DBWrapper: report latency for each error is false and specific error codes to track for latency are: []
DBWrapper: report latency for each error is false and specific error codes to track for latency are: []
DBWrapper: report latency for each error is false and specific error codes to track for latency are: []
DBWrapper: report latency for each error is false and specific error codes to track for latency are: []
DBWrapper: report latency for each error is false and specific error codes to track for latency are: []
DBWrapper: report latency for each error is false and specific error codes to track for latency are: []
DBWrapper: report latency for each error is false and specific error codes to track for latency are: []
DBWrapper: report latency for each error is false and specific error codes to track for latency are: []
DBWrapper: report latency for each error is false and specific error codes to track for latency are: []
DBWrapper: report latency for each error is false and specific error codes to track for latency are: []
DBWrapper: report latency for each error is false and specific error codes to track for latency are: []
2020-09-24 10:30:24:347 20 sec: 28084 operations; 2558.68 current ops/sec; est completion in 1 hour 58 minutes [READ: Count=12745, Max=1520639, Min=992, Avg=69217.37, 90=185855, 99=608255, 99.9=1124351, 99.99=1454079] [UPDATE: Count=13651, Max=1374207, Min=878, Avg=62985.62, 90=169855, 99=587775, 99.9=946687, 99.99=1340415] 
2020-09-24 10:30:34:352 30 sec: 71516 operations; 4341.46 current ops/sec; est completion in 1 hour 9 minutes [READ: Count=21867, Max=1411071, Min=849, Avg=53596.28, 90=108991, 99=575999, 99.9=721919, 99.99=1117183] [UPDATE: Count=20428, Max=1334271, Min=845, Avg=53041.39, 90=105855, 99=576511, 99.9=712703, 99.99=1117183] 
DBWrapper: report latency for each error is false and specific error codes to track for latency are: []
DBWrapper: report latency for each error is false and specific error codes to track for latency are: []
DBWrapper: report latency for each error is false and specific error codes to track for latency are: []
DBWrapper: report latency for each error is false and specific error codes to track for latency are: []
DBWrapper: report latency for each error is false and specific error codes to track for latency are: []
DBWrapper: report latency for each error is false and specific error codes to track for latency are: []
DBWrapper: report latency for each error is false and specific error codes to track for latency are: []
DBWrapper: report latency for each error is false and specific error codes to track for latency are: []
DBWrapper: report latency for each error is false and specific error codes to track for latency are: []
DBWrapper: report latency for each error is false and specific error codes to track for latency are: []
DBWrapper: report latency for each error is false and specific error codes to track for latency are: []
DBWrapper: report latency for each error is false and specific error codes to track for latency are: []
DBWrapper: report latency for each error is false and specific error codes to track for latency are: []
DBWrapper: report latency for each error is false and specific error codes to track for latency are: []
DBWrapper: report latency for each error is false and specific error codes to track for latency are: []
DBWrapper: report latency for each error is false and specific error codes to track for latency are: []
DBWrapper: report latency for each error is false and specific error codes to track for latency are: []
DBWrapper: report latency for each error is false and specific error codes to track for latency are: []
DBWrapper: report latency for each error is false and specific error codes to track for latency are: []
DBWrapper: report latency for each error is false and specific error codes to track for latency are: []
DBWrapper: report latency for each error is false and specific error codes to track for latency are: []
DBWrapper: report latency for each error is false and specific error codes to track for latency are: []
DBWrapper: report latency for each error is false and specific error codes to track for latency are: []
2020-09-24 10:30:44:345 40 sec: 125821 operations; 5433.76 current ops/sec; est completion in 52 minutes [READ: Count=27345, Max=1293311, Min=833, Avg=45702.99, 90=87231, 99=577535, 99.9=977407, 99.99=1228799] [UPDATE: Count=26998, Max=1278975, Min=845, Avg=44744.27, 90=85247, 99=575999, 99.9=924671, 99.99=1212415] 
2020-09-24 10:30:54:345 50 sec: 188392 operations; 6257.1 current ops/sec; est completion in 43 minutes [READ: Count=31174, Max=15089663, Min=842, Avg=40333.45, 90=67967, 99=565247, 99.9=767999, 99.99=1058815] [UPDATE: Count=31287, Max=15138815, Min=753, Avg=41429.68, 90=67391, 99=579071, 99.9=851455, 99.99=1039871] 
2020-09-24 10:31:04:345 60 sec: 261922 operations; 7353 current ops/sec; est completion in 37 minutes [READ: Count=36805, Max=850431, Min=793, Avg=35047.16, 90=60159, 99=546815, 99.9=716799, 99.99=769535] [UPDATE: Count=36763, Max=835583, Min=806, Avg=34053.48, 90=58687, 99=544767, 99.9=685055, 99.99=773119] 
2020-09-24 10:31:14:345 70 sec: 329905 operations; 6798.3 current ops/sec; est completion in 34 minutes [READ: Count=33880, Max=990207, Min=47, Avg=37681.48, 90=63103, 99=566271, 99.9=685055, 99.99=867327] [UPDATE: Count=34084, Max=1026559, Min=53, Avg=38041.08, 90=63711, 99=561151, 99.9=692223, 99.99=986111] [READ-FAILED: Count=2, Max=21375, Min=1150, Avg=11259, 90=21375, 99=21375, 99.9=21375, 99.99=21375] 
2020-09-24 10:31:24:345 80 sec: 399807 operations; 6990.2 current ops/sec; est completion in 32 minutes [READ: Count=35013, Max=932351, Min=53, Avg=36892.34, 90=66687, 99=553983, 99.9=702463, 99.99=857599] [UPDATE: Count=34905, Max=884735, Min=868, Avg=36388.24, 90=66815, 99=549887, 99.9=714239, 99.99=871423] [READ-FAILED: Count=0, Max=0, Min=9223372036854775807, Avg=NaN, 90=0, 99=0, 99.9=0, 99.99=0] 
2020-09-24 10:31:34:345 90 sec: 468944 operations; 6913.7 current ops/sec; est completion in 30 minutes [READ: Count=34455, Max=1008639, Min=69, Avg=37272.29, 90=58687, 99=553471, 99.9=720895, 99.99=828415] [UPDATE: Count=34664, Max=1092607, Min=798, Avg=36923.38, 90=58751, 99=553983, 99.9=701951, 99.99=849407] [READ-FAILED: Count=1, Max=2937, Min=2936, Avg=2937, 90=2937, 99=2937, 99.9=2937, 99.99=2937] 
2020-09-24 10:31:44:344 100 sec: 533387 operations; 6444.3 current ops/sec; est completion in 29 minutes [READ: Count=32341, Max=1044479, Min=61, Avg=40506.39, 90=63327, 99=565759, 99.9=1001983, 99.99=1042943] [UPDATE: Count=32073, Max=1043455, Min=53, Avg=38970.06, 90=60447, 99=563199, 99.9=994815, 99.99=1038847] [READ-FAILED: Count=0, Max=0, Min=9223372036854775807, Avg=NaN, 90=0, 99=0, 99.9=0, 99.99=0] 
2020-09-24 10:31:54:345 110 sec: 593369 operations; 5998.2 current ops/sec; est completion in 29 minutes [READ: Count=30063, Max=1060863, Min=49, Avg=43264.66, 90=68287, 99=580607, 99.9=1013247, 99.99=1049599] [UPDATE: Count=29933, Max=1084415, Min=754, Avg=41901.67, 90=67391, 99=577023, 99.9=1002495, 99.99=1046527] [READ-FAILED: Count=0, Max=0, Min=9223372036854775807, Avg=NaN, 90=0, 99=0, 99.9=0, 99.99=0] 
2020-09-24 10:32:04:345 120 sec: 655558 operations; 6218.9 current ops/sec; est completion in 28 minutes [READ: Count=30672, Max=1078271, Min=51, Avg=40200.49, 90=65727, 99=571391, 99.9=758271, 99.99=999423] [UPDATE: Count=31496, Max=1282047, Min=45, Avg=40551.18, 90=64927, 99=575487, 99.9=810495, 99.99=1000447] [READ-FAILED: Count=0, Max=0, Min=9223372036854775807, Avg=NaN, 90=0, 99=0, 99.9=0, 99.99=0] 
2020-09-24 10:32:14:345 130 sec: 729166 operations; 7360.8 current ops/sec; est completion in 27 minutes [READ: Count=36783, Max=772607, Min=792, Avg=35479.08, 90=65151, 99=550399, 99.9=690687, 99.99=714239] [UPDATE: Count=36859, Max=791039, Min=785, Avg=35676.81, 90=64799, 99=549887, 99.9=696831, 99.99=736767] [READ-FAILED: Count=0, Max=0, Min=9223372036854775807, Avg=NaN, 90=0, 99=0, 99.9=0, 99.99=0] 
2020-09-24 10:32:24:345 140 sec: 794875 operations; 6570.9 current ops/sec; est completion in 27 minutes [READ: Count=32648, Max=1011711, Min=73, Avg=39165.82, 90=68863, 99=549375, 99.9=715263, 99.99=1003007] [UPDATE: Count=33043, Max=1010687, Min=53, Avg=38871.34, 90=70143, 99=548863, 99.9=714751, 99.99=966655] [READ-FAILED: Count=0, Max=0, Min=9223372036854775807, Avg=NaN, 90=0, 99=0, 99.9=0, 99.99=0] 
2020-09-24 10:32:34:345 150 sec: 863491 operations; 6861.6 current ops/sec; est completion in 26 minutes [READ: Count=34110, Max=1025535, Min=850, Avg=35940.16, 90=59167, 99=565247, 99.9=705023, 99.99=786431] [UPDATE: Count=34487, Max=991231, Min=774, Avg=36959.47, 90=60991, 99=563199, 99.9=694271, 99.99=835071] [READ-FAILED: Count=1, Max=1614, Min=1614, Avg=1614, 90=1614, 99=1614, 99.9=1614, 99.99=1614] 
2020-09-24 10:32:44:345 160 sec: 927929 operations; 6443.8 current ops/sec; est completion in 26 minutes [READ: Count=32151, Max=1094655, Min=795, Avg=39872.44, 90=63295, 99=567295, 99.9=801791, 99.99=1011199] [UPDATE: Count=32323, Max=1046527, Min=773, Avg=40222.2, 90=64319, 99=567807, 99.9=817663, 99.99=956927] [READ-FAILED: Count=0, Max=0, Min=9223372036854775807, Avg=NaN, 90=0, 99=0, 99.9=0, 99.99=0] 
2020-09-24 10:32:54:345 170 sec: 994024 operations; 6609.5 current ops/sec; est completion in 25 minutes [READ: Count=33103, Max=1135615, Min=754, Avg=38997.39, 90=67327, 99=574463, 99.9=782847, 99.99=906239] [UPDATE: Count=32963, Max=988671, Min=836, Avg=39259.92, 90=68159, 99=578047, 99.9=767487, 99.99=890879] [READ-FAILED: Count=0, Max=0, Min=9223372036854775807, Avg=NaN, 90=0, 99=0, 99.9=0, 99.99=0] 
2020-09-24 10:33:04:345 180 sec: 1061634 operations; 6761 current ops/sec; est completion in 25 minutes [READ: Count=33913, Max=836607, Min=844, Avg=38119.48, 90=60127, 99=567807, 99.9=698367, 99.99=767999] [UPDATE: Count=33709, Max=819199, Min=803, Avg=37208.77, 90=59551, 99=563711, 99.9=666111, 99.99=757759] [READ-FAILED: Count=0, Max=0, Min=9223372036854775807, Avg=NaN, 90=0, 99=0, 99.9=0, 99.99=0] 
2020-09-24 10:33:14:345 190 sec: 1128430 operations; 6679.6 current ops/sec; est completion in 24 minutes [READ: Count=33521, Max=793599, Min=55, Avg=37029.19, 90=62207, 99=552447, 99.9=677887, 99.99=742911] [UPDATE: Count=33263, Max=840703, Min=50, Avg=39585.92, 90=64767, 99=557567, 99.9=686079, 99.99=751103] [READ-FAILED: Count=0, Max=0, Min=9223372036854775807, Avg=NaN, 90=0, 99=0, 99.9=0, 99.99=0] 
2020-09-24 10:33:24:345 200 sec: 1187643 operations; 5921.3 current ops/sec; est completion in 24 minutes [READ: Count=29470, Max=1207295, Min=49, Avg=43565.26, 90=69503, 99=591871, 99.9=764927, 99.99=1141759] [UPDATE: Count=29750, Max=977407, Min=67, Avg=42965.82, 90=69183, 99=588287, 99.9=755199, 99.99=832511] [READ-FAILED: Count=0, Max=0, Min=9223372036854775807, Avg=NaN, 90=0, 99=0, 99.9=0, 99.99=0] 
2020-09-24 10:33:34:345 210 sec: 1252267 operations; 6462.4 current ops/sec; est completion in 24 minutes [READ: Count=32334, Max=1039871, Min=101, Avg=39257.11, 90=67711, 99=551423, 99.9=672767, 99.99=944127] [UPDATE: Count=32294, Max=1077247, Min=49, Avg=40638.58, 90=69247, 99=554495, 99.9=674815, 99.99=945663] [READ-FAILED: Count=0, Max=0, Min=9223372036854775807, Avg=NaN, 90=0, 99=0, 99.9=0, 99.99=0] 
2020-09-24 10:33:44:346 220 sec: 1320379 operations; 6810.52 current ops/sec; est completion in 24 minutes [READ: Count=34246, Max=1043967, Min=864, Avg=38502.08, 90=61279, 99=558079, 99.9=708095, 99.99=752639] [UPDATE: Count=33881, Max=784383, Min=52, Avg=36538.28, 90=59039, 99=551423, 99.9=678399, 99.99=730623] [READ-FAILED: Count=0, Max=0, Min=9223372036854775807, Avg=NaN, 90=0, 99=0, 99.9=0, 99.99=0] 
2020-09-24 10:33:54:345 230 sec: 1392626 operations; 7225.42 current ops/sec; est completion in 23 minutes [READ: Count=36214, Max=769023, Min=48, Avg=35366.6, 90=62303, 99=550399, 99.9=702975, 99.99=755199] [UPDATE: Count=36024, Max=914431, Min=45, Avg=35426.6, 90=62399, 99=551423, 99.9=698367, 99.99=758783] [READ-FAILED: Count=1, Max=3901, Min=3900, Avg=3901, 90=3901, 99=3901, 99.9=3901, 99.99=3901] 
2020-09-24 10:34:04:347 240 sec: 1456482 operations; 6383.68 current ops/sec; est completion in 23 minutes [READ: Count=31870, Max=1053695, Min=44, Avg=39485.89, 90=61055, 99=566271, 99.9=787967, 99.99=1023487] [UPDATE: Count=31990, Max=1057791, Min=811, Avg=41156.38, 90=62879, 99=574975, 99.9=930303, 99.99=1044479] [READ-FAILED: Count=0, Max=0, Min=9223372036854775807, Avg=NaN, 90=0, 99=0, 99.9=0, 99.99=0] 
2020-09-24 10:34:14:345 250 sec: 1519419 operations; 6295.59 current ops/sec; est completion in 23 minutes [READ: Count=31251, Max=1105919, Min=141, Avg=39980.31, 90=67199, 99=556031, 99.9=765951, 99.99=1055743] [UPDATE: Count=31659, Max=1124351, Min=191, Avg=40545, 90=67583, 99=561151, 99.9=821247, 99.99=1106943] [READ-FAILED: Count=0, Max=0, Min=9223372036854775807, Avg=NaN, 90=0, 99=0, 99.9=0, 99.99=0] 
2020-09-24 10:34:24:345 260 sec: 1581797 operations; 6237.8 current ops/sec; est completion in 23 minutes [READ: Count=31071, Max=1078271, Min=90, Avg=41366.21, 90=65727, 99=595967, 99.9=801279, 99.99=1027583] [UPDATE: Count=31323, Max=1038335, Min=840, Avg=41321.19, 90=65855, 99=586751, 99.9=830975, 99.99=1031167] [READ-FAILED: Count=0, Max=0, Min=9223372036854775807, Avg=NaN, 90=0, 99=0, 99.9=0, 99.99=0] 
2020-09-24 10:34:34:345 270 sec: 1648936 operations; 6713.9 current ops/sec; est completion in 22 minutes [READ: Count=33770, Max=1106943, Min=884, Avg=37209.95, 90=63903, 99=562175, 99.9=935935, 99.99=1082367] [UPDATE: Count=33361, Max=1082367, Min=139, Avg=38102.91, 90=65919, 99=561663, 99.9=922623, 99.99=1075199] [READ-FAILED: Count=0, Max=0, Min=9223372036854775807, Avg=NaN, 90=0, 99=0, 99.9=0, 99.99=0] 
2020-09-24 10:34:44:345 280 sec: 1717357 operations; 6842.1 current ops/sec; est completion in 22 minutes [READ: Count=34376, Max=839167, Min=45, Avg=37395.89, 90=63007, 99=550911, 99.9=682495, 99.99=726527] [UPDATE: Count=34062, Max=782335, Min=193, Avg=37776.16, 90=63807, 99=548351, 99.9=679423, 99.99=733183] [READ-FAILED: Count=0, Max=0, Min=9223372036854775807, Avg=NaN, 90=0, 99=0, 99.9=0, 99.99=0] 
2020-09-24 10:34:54:345 290 sec: 1784712 operations; 6735.5 current ops/sec; est completion in 22 minutes [READ: Count=33712, Max=1064959, Min=47, Avg=37945.91, 90=67263, 99=552447, 99.9=693247, 99.99=1033727] [UPDATE: Count=33631, Max=1174527, Min=813, Avg=37945.89, 90=67903, 99=550399, 99.9=682495, 99.99=905215] [READ-FAILED: Count=0, Max=0, Min=9223372036854775807, Avg=NaN, 90=0, 99=0, 99.9=0, 99.99=0] 
2020-09-24 10:35:04:344 300 sec: 1854463 operations; 6975.1 current ops/sec; est completion in 21 minutes [READ: Count=34888, Max=728063, Min=870, Avg=36759.93, 90=63199, 99=550399, 99.9=656383, 99.99=688127] [UPDATE: Count=34874, Max=734207, Min=101, Avg=36539.46, 90=63807, 99=549375, 99.9=660991, 99.99=703999] [READ-FAILED: Count=0, Max=0, Min=9223372036854775807, Avg=NaN, 90=0, 99=0, 99.9=0, 99.99=0] 
Maximum time elapsed. Requesting stop for the workload.
Stop requested for workload. Now Joining!
[36m10:35:05.049[m [[34;1mINFO[m] [1;34mp.u.t.s.y.Stats.clientFinished@38[m: 
Ended SconeKV benchmark.
Number of clients: 256
Total transactions: 371264
Committed: 370174 (99.706406%)
Aborted: 1090 (0.29359162%)
2020-09-24 10:35:05:053 300 sec: 1856432 operations; 2788.95 current ops/sec; est completion in 22 minutes [READ: Count=968, Max=678911, Min=1239, Avg=71008.81, 90=510719, 99=655871, 99.9=674303, 99.99=678911] [CLEANUP: Count=256, Max=1836, Min=2, Avg=12.6, 90=5, 99=61, 99.9=1836, 99.99=1836] [UPDATE: Count=969, Max=690687, Min=948, Avg=80820.77, 90=519423, 99=663551, 99.9=685055, 99.99=690687] [READ-FAILED: Count=0, Max=0, Min=9223372036854775807, Avg=NaN, 90=0, 99=0, 99.9=0, 99.99=0] 
[OVERALL], RunTime(ms), 300690
[OVERALL], Throughput(ops/sec), 6173.906681299677
[TOTAL_GCS_G1_Young_Generation], Count, 150
[TOTAL_GC_TIME_G1_Young_Generation], Time(ms), 4511
[TOTAL_GC_TIME_%_G1_Young_Generation], Time(%), 1.5002161694768699
[TOTAL_GCS_G1_Old_Generation], Count, 0
[TOTAL_GC_TIME_G1_Old_Generation], Time(ms), 0
[TOTAL_GC_TIME_%_G1_Old_Generation], Time(%), 0.0
[TOTAL_GCs], Count, 150
[TOTAL_GC_TIME], Time(ms), 4511
[TOTAL_GC_TIME_%], Time(%), 1.5002161694768699
[READ], Operations, 928102
[READ], AverageLatency(us), 39627.37603086729
[READ], MinLatency(us), 44
[READ], MaxLatency(us), 15089663
[READ], 95thPercentileLatency(us), 158719
[READ], 99thPercentileLatency(us), 561151
[READ], Return=OK, 928102
[READ], Return=NOT_FOUND, 5
[CLEANUP], Operations, 256
[CLEANUP], AverageLatency(us), 12.6015625
[CLEANUP], MinLatency(us), 2
[CLEANUP], MaxLatency(us), 1836
[CLEANUP], 95thPercentileLatency(us), 8
[CLEANUP], 99thPercentileLatency(us), 61
[UPDATE], Operations, 928325
[UPDATE], AverageLatency(us), 39638.96330810869
[UPDATE], MinLatency(us), 45
[UPDATE], MaxLatency(us), 15138815
[UPDATE], 95thPercentileLatency(us), 158207
[UPDATE], 99thPercentileLatency(us), 561663
[UPDATE], Return=OK, 928325
[READ-FAILED], Operations, 5
[READ-FAILED], AverageLatency(us), 6194.0
[READ-FAILED], MinLatency(us), 1150
[READ-FAILED], MaxLatency(us), 21375
[READ-FAILED], 95thPercentileLatency(us), 21375
[READ-FAILED], 99thPercentileLatency(us), 21375
