Command line: -t -db pt.ulisboa.tecnico.sconekv.ycsb.SconeKVClient -P workloada -threads 16 -s -p scone.tx_size=5 -p operationcount=10000000 -p maxexecutiontime=300 -p requestdistribution=uniform
YCSB Client 0.17.0

Loading workload...
Starting test.
WARNING: sun.reflect.Reflection.getCallerClass is not supported. This will impact performance.
Maximum execution time specified as: 300 secs
2020-09-24 09:30:18:633 0 sec: 0 operations; est completion in 0 second 
DBWrapper: report latency for each error is false and specific error codes to track for latency are: []
DBWrapper: report latency for each error is false and specific error codes to track for latency are: []
DBWrapper: report latency for each error is false and specific error codes to track for latency are: []
DBWrapper: report latency for each error is false and specific error codes to track for latency are: []
DBWrapper: report latency for each error is false and specific error codes to track for latency are: []
DBWrapper: report latency for each error is false and specific error codes to track for latency are: []
DBWrapper: report latency for each error is false and specific error codes to track for latency are: []
DBWrapper: report latency for each error is false and specific error codes to track for latency are: []
DBWrapper: report latency for each error is false and specific error codes to track for latency are: []
DBWrapper: report latency for each error is false and specific error codes to track for latency are: []
DBWrapper: report latency for each error is false and specific error codes to track for latency are: []
DBWrapper: report latency for each error is false and specific error codes to track for latency are: []
DBWrapper: report latency for each error is false and specific error codes to track for latency are: []
DBWrapper: report latency for each error is false and specific error codes to track for latency are: []
DBWrapper: report latency for each error is false and specific error codes to track for latency are: []
DBWrapper: report latency for each error is false and specific error codes to track for latency are: []
2020-09-24 09:30:28:635 10 sec: 18392 operations; 1838.83 current ops/sec; est completion in 1 hour 30 minutes [READ: Count=9208, Max=562687, Min=833, Avg=7063.8, 90=14279, 99=33439, 99.9=524799, 99.99=553471] [UPDATE: Count=9204, Max=561663, Min=818, Avg=7794.56, 90=14159, 99=41215, 99.9=524031, 99.99=559103] [READ-FAILED: Count=11, Max=4731, Min=1422, Avg=2644.73, 90=4071, 99=4731, 99.9=4731, 99.99=4731] 
2020-09-24 09:30:38:632 20 sec: 41404 operations; 2301.66 current ops/sec; est completion in 1 hour 20 minutes [READ: Count=11599, Max=561663, Min=858, Avg=6865.84, 90=13351, 99=29887, 99.9=519679, 99.99=560127] [UPDATE: Count=11377, Max=573951, Min=774, Avg=6875.47, 90=13095, 99=28143, 99.9=527359, 99.99=562175] [READ-FAILED: Count=12, Max=3693, Min=1493, Avg=2397, 90=3029, 99=3693, 99.9=3693, 99.99=3693] 
2020-09-24 09:30:48:632 30 sec: 62859 operations; 2145.5 current ops/sec; est completion in 1 hour 19 minutes [READ: Count=10562, Max=562175, Min=846, Avg=7013.91, 90=13247, 99=32543, 99.9=520191, 99.99=555519] [UPDATE: Count=10875, Max=578559, Min=859, Avg=8020.92, 90=13463, 99=40831, 99.9=522239, 99.99=571903] [READ-FAILED: Count=14, Max=14271, Min=1412, Avg=3720.14, 90=7087, 99=14271, 99.9=14271, 99.99=14271] 
2020-09-24 09:30:58:634 40 sec: 85102 operations; 2223.86 current ops/sec; est completion in 1 hour 17 minutes [READ: Count=11047, Max=606719, Min=921, Avg=6882.16, 90=13135, 99=34015, 99.9=525823, 99.99=584703] [UPDATE: Count=11191, Max=607743, Min=870, Avg=7479.07, 90=13215, 99=33119, 99.9=534015, 99.99=583679] [READ-FAILED: Count=12, Max=5387, Min=1204, Avg=2805.5, 90=4515, 99=5387, 99.9=5387, 99.99=5387] 
2020-09-24 09:31:08:632 50 sec: 104688 operations; 1958.99 current ops/sec; est completion in 1 hour 18 minutes [READ: Count=9729, Max=1004031, Min=903, Avg=7765.63, 90=13703, 99=35551, 99.9=534527, 99.99=995327] [UPDATE: Count=9833, Max=1007103, Min=846, Avg=8552.79, 90=13487, 99=46399, 99.9=563711, 99.99=997375] [READ-FAILED: Count=17, Max=4159, Min=1099, Avg=2371.18, 90=3139, 99=4159, 99.9=4159, 99.99=4159] 
2020-09-24 09:31:18:632 60 sec: 125444 operations; 2075.6 current ops/sec; est completion in 1 hour 18 minutes [READ: Count=10477, Max=570367, Min=816, Avg=7310.68, 90=13631, 99=45855, 99.9=527359, 99.99=553471] [UPDATE: Count=10280, Max=569855, Min=828, Avg=8016.75, 90=13527, 99=49407, 99.9=528895, 99.99=559615] [READ-FAILED: Count=4, Max=2775, Min=1514, Avg=2059.25, 90=2775, 99=2775, 99.9=2775, 99.99=2775] 
2020-09-24 09:31:28:633 70 sec: 148549 operations; 2310.5 current ops/sec; est completion in 1 hour 17 minutes [READ: Count=11513, Max=551423, Min=870, Avg=6524.04, 90=13135, 99=28415, 99.9=516607, 99.99=532991] [UPDATE: Count=11576, Max=559103, Min=877, Avg=7447.53, 90=13191, 99=30719, 99.9=521215, 99.99=557567] [READ-FAILED: Count=19, Max=3371, Min=1474, Avg=2429.11, 90=3297, 99=3371, 99.9=3371, 99.99=3371] 
2020-09-24 09:31:38:632 80 sec: 168923 operations; 2037.4 current ops/sec; est completion in 1 hour 17 minutes [READ: Count=10102, Max=564223, Min=890, Avg=8157.63, 90=13407, 99=51615, 99.9=545279, 99.99=559103] [UPDATE: Count=10260, Max=559615, Min=844, Avg=7430.86, 90=13463, 99=46079, 99.9=529407, 99.99=556031] [READ-FAILED: Count=11, Max=4427, Min=1005, Avg=2583.18, 90=3821, 99=4427, 99.9=4427, 99.99=4427] 
2020-09-24 09:31:48:633 90 sec: 193467 operations; 2454.4 current ops/sec; est completion in 1 hour 16 minutes [READ: Count=12214, Max=544255, Min=890, Avg=6775.3, 90=12695, 99=23919, 99.9=519679, 99.99=540671] [UPDATE: Count=12318, Max=561151, Min=773, Avg=6230.87, 90=12735, 99=22911, 99.9=517631, 99.99=561151] [READ-FAILED: Count=9, Max=2979, Min=1322, Avg=2205.33, 90=2975, 99=2979, 99.9=2979, 99.99=2979] 
2020-09-24 09:31:58:633 100 sec: 215519 operations; 2205.2 current ops/sec; est completion in 1 hour 15 minutes [READ: Count=10908, Max=554495, Min=923, Avg=7222.84, 90=12847, 99=28511, 99.9=527359, 99.99=553471] [UPDATE: Count=11121, Max=558079, Min=885, Avg=7231, 90=12911, 99=27807, 99.9=517887, 99.99=552959] [READ-FAILED: Count=18, Max=3325, Min=1114, Avg=2298.83, 90=3255, 99=3325, 99.9=3325, 99.99=3325] 
2020-09-24 09:32:08:632 110 sec: 235990 operations; 2047.1 current ops/sec; est completion in 1 hour 15 minutes [READ: Count=10221, Max=1011199, Min=918, Avg=7668.12, 90=13799, 99=36511, 99.9=545791, 99.99=1003519] [UPDATE: Count=10243, Max=1012735, Min=231, Avg=7931.85, 90=13831, 99=36223, 99.9=564223, 99.99=1011711] [READ-FAILED: Count=8, Max=4027, Min=1264, Avg=2177.62, 90=2455, 99=4027, 99.9=4027, 99.99=4027] 
2020-09-24 09:32:18:632 120 sec: 258217 operations; 2222.7 current ops/sec; est completion in 1 hour 15 minutes [READ: Count=11131, Max=562687, Min=864, Avg=7283.11, 90=13311, 99=33119, 99.9=529407, 99.99=562175] [UPDATE: Count=11082, Max=567807, Min=907, Avg=7240.42, 90=13279, 99=31775, 99.9=533503, 99.99=565247] [READ-FAILED: Count=14, Max=10735, Min=1406, Avg=2906, 90=2983, 99=10735, 99.9=10735, 99.99=10735] 
2020-09-24 09:32:28:633 130 sec: 278417 operations; 2020 current ops/sec; est completion in 1 hour 15 minutes [READ: Count=10158, Max=788991, Min=915, Avg=8402.38, 90=13639, 99=43871, 99.9=538111, 99.99=569343] [UPDATE: Count=10033, Max=556543, Min=863, Avg=7420.2, 90=13567, 99=34943, 99.9=526335, 99.99=553471] [READ-FAILED: Count=12, Max=4159, Min=1267, Avg=2187.92, 90=3031, 99=4159, 99.9=4159, 99.99=4159] 
2020-09-24 09:32:38:632 140 sec: 299238 operations; 2082.1 current ops/sec; est completion in 1 hour 15 minutes [READ: Count=10512, Max=1002495, Min=921, Avg=7159.61, 90=13535, 99=32607, 99.9=520447, 99.99=985599] [UPDATE: Count=10301, Max=971775, Min=886, Avg=8082.47, 90=13639, 99=42111, 99.9=534015, 99.99=612351] [READ-FAILED: Count=6, Max=6063, Min=1831, Avg=2855.33, 90=2969, 99=6063, 99.9=6063, 99.99=6063] 
2020-09-24 09:32:48:633 150 sec: 321288 operations; 2205 current ops/sec; est completion in 1 hour 15 minutes [READ: Count=11004, Max=572415, Min=863, Avg=7385.73, 90=13503, 99=35999, 99.9=549375, 99.99=568319] [UPDATE: Count=11045, Max=570367, Min=866, Avg=7234.76, 90=13431, 99=36735, 99.9=530943, 99.99=566271] [READ-FAILED: Count=7, Max=2791, Min=1089, Avg=1959.86, 90=2391, 99=2791, 99.9=2791, 99.99=2791] 
2020-09-24 09:32:58:632 160 sec: 342114 operations; 2082.6 current ops/sec; est completion in 1 hour 15 minutes [READ: Count=10328, Max=1010687, Min=878, Avg=7548.85, 90=13527, 99=36095, 99.9=537087, 99.99=1004031] [UPDATE: Count=10485, Max=1005567, Min=825, Avg=7874.64, 90=13767, 99=42079, 99.9=529919, 99.99=974847] [READ-FAILED: Count=7, Max=4887, Min=1669, Avg=2736.14, 90=3445, 99=4887, 99.9=4887, 99.99=4887] 
2020-09-24 09:33:08:632 170 sec: 365538 operations; 2342.4 current ops/sec; est completion in 1 hour 14 minutes [READ: Count=11842, Max=580607, Min=860, Avg=6404.66, 90=13223, 99=32927, 99.9=516607, 99.99=548863] [UPDATE: Count=11571, Max=567807, Min=812, Avg=7192.85, 90=13303, 99=32175, 99.9=525311, 99.99=557567] [READ-FAILED: Count=14, Max=3721, Min=1430, Avg=2343.29, 90=3263, 99=3721, 99.9=3721, 99.99=3721] 
2020-09-24 09:33:18:632 180 sec: 386811 operations; 2127.3 current ops/sec; est completion in 1 hour 14 minutes [READ: Count=10490, Max=560127, Min=931, Avg=7424.87, 90=13215, 99=38687, 99.9=523775, 99.99=559615] [UPDATE: Count=10769, Max=556031, Min=890, Avg=7533.94, 90=13575, 99=35679, 99.9=528895, 99.99=553983] [READ-FAILED: Count=9, Max=3415, Min=1063, Avg=2203.44, 90=2829, 99=3415, 99.9=3415, 99.99=3415] 
2020-09-24 09:33:28:633 190 sec: 406836 operations; 2002.5 current ops/sec; est completion in 1 hour 14 minutes [READ: Count=10080, Max=582143, Min=881, Avg=8364.9, 90=13343, 99=48479, 99.9=538111, 99.99=574975] [UPDATE: Count=9934, Max=561151, Min=836, Avg=7740.94, 90=13463, 99=39039, 99.9=531455, 99.99=558079] [READ-FAILED: Count=12, Max=5391, Min=1417, Avg=2665.83, 90=3587, 99=5391, 99.9=5391, 99.99=5391] 
2020-09-24 09:33:38:632 200 sec: 429627 operations; 2279.1 current ops/sec; est completion in 1 hour 14 minutes [READ: Count=11547, Max=570879, Min=898, Avg=7175.2, 90=13583, 99=35935, 99.9=530431, 99.99=565759] [UPDATE: Count=11232, Max=575487, Min=926, Avg=6806.11, 90=13495, 99=30783, 99.9=517631, 99.99=570367] [READ-FAILED: Count=13, Max=3775, Min=1319, Avg=2581.92, 90=3737, 99=3775, 99.9=3775, 99.99=3775] 
2020-09-24 09:33:48:632 210 sec: 450334 operations; 2070.7 current ops/sec; est completion in 1 hour 14 minutes [READ: Count=10386, Max=572415, Min=865, Avg=7802.04, 90=13463, 99=37887, 99.9=524287, 99.99=570367] [UPDATE: Count=10311, Max=574975, Min=858, Avg=7653.92, 90=13671, 99=39519, 99.9=532479, 99.99=573439] [READ-FAILED: Count=9, Max=15967, Min=1595, Avg=4503.44, 90=6471, 99=15967, 99.9=15967, 99.99=15967] 
2020-09-24 09:33:58:635 220 sec: 474297 operations; 2395.82 current ops/sec; est completion in 1 hour 13 minutes [READ: Count=11969, Max=575487, Min=844, Avg=6815.77, 90=13407, 99=31311, 99.9=520447, 99.99=574463] [UPDATE: Count=11982, Max=575487, Min=808, Avg=6547.83, 90=13543, 99=30543, 99.9=520447, 99.99=557055] [READ-FAILED: Count=11, Max=17231, Min=1613, Avg=4717.55, 90=15911, 99=17231, 99.9=17231, 99.99=17231] 
2020-09-24 09:34:08:632 230 sec: 495040 operations; 2074.71 current ops/sec; est completion in 1 hour 13 minutes [READ: Count=10428, Max=561151, Min=906, Avg=7524.52, 90=13167, 99=41119, 99.9=526335, 99.99=554495] [UPDATE: Count=10305, Max=562175, Min=865, Avg=7776.99, 90=13271, 99=43743, 99.9=521471, 99.99=555519] [READ-FAILED: Count=10, Max=3319, Min=1542, Avg=2149.1, 90=2609, 99=3319, 99.9=3319, 99.99=3319] 
2020-09-24 09:34:18:632 240 sec: 515881 operations; 2084.1 current ops/sec; est completion in 1 hour 13 minutes [READ: Count=10429, Max=577023, Min=868, Avg=7921.2, 90=13367, 99=43167, 99.9=549375, 99.99=577023] [UPDATE: Count=10405, Max=583167, Min=868, Avg=7523.22, 90=13039, 99=32511, 99.9=560639, 99.99=580095] [READ-FAILED: Count=13, Max=7027, Min=1436, Avg=2592.46, 90=3289, 99=7027, 99.9=7027, 99.99=7027] 
2020-09-24 09:34:28:632 250 sec: 536281 operations; 2040 current ops/sec; est completion in 1 hour 13 minutes [READ: Count=10165, Max=561663, Min=875, Avg=8505.02, 90=13007, 99=52543, 99.9=525823, 99.99=561151] [UPDATE: Count=10225, Max=574463, Min=748, Avg=7225.01, 90=12895, 99=32591, 99.9=519423, 99.99=562175] [READ-FAILED: Count=8, Max=3067, Min=1269, Avg=2304, 90=2475, 99=3067, 99.9=3067, 99.99=3067] 
2020-09-24 09:34:38:632 260 sec: 556239 operations; 1995.8 current ops/sec; est completion in 1 hour 13 minutes [READ: Count=9822, Max=571903, Min=899, Avg=8166.15, 90=13775, 99=45983, 99.9=520959, 99.99=559615] [UPDATE: Count=10128, Max=998911, Min=894, Avg=7780.1, 90=13559, 99=43327, 99.9=528895, 99.99=995839] [READ-FAILED: Count=10, Max=7267, Min=1098, Avg=2606.6, 90=3033, 99=7267, 99.9=7267, 99.99=7267] 
2020-09-24 09:34:48:636 270 sec: 577658 operations; 2141.26 current ops/sec; est completion in 1 hour 13 minutes [READ: Count=10738, Max=569855, Min=896, Avg=7433.21, 90=13567, 99=37535, 99.9=525311, 99.99=568319] [UPDATE: Count=10659, Max=597503, Min=829, Avg=7229.31, 90=13455, 99=37599, 99.9=518399, 99.99=549887] [READ-FAILED: Count=14, Max=3419, Min=1387, Avg=2259.36, 90=2787, 99=3419, 99.9=3419, 99.99=3419] 
2020-09-24 09:34:58:632 280 sec: 598511 operations; 2085.93 current ops/sec; est completion in 1 hour 13 minutes [READ: Count=10513, Max=565247, Min=859, Avg=7627.73, 90=13799, 99=38079, 99.9=521215, 99.99=565247] [UPDATE: Count=10331, Max=569343, Min=853, Avg=7479.75, 90=13799, 99=38111, 99.9=520191, 99.99=565759] [READ-FAILED: Count=9, Max=3169, Min=1248, Avg=2270.22, 90=2909, 99=3169, 99.9=3169, 99.99=3169] 
2020-09-24 09:35:08:632 290 sec: 614395 operations; 1588.4 current ops/sec; est completion in 1 hour 13 minutes [READ: Count=7840, Max=602623, Min=843, Avg=10638.81, 90=14367, 99=135679, 99.9=534015, 99.99=559615] [UPDATE: Count=8039, Max=632831, Min=924, Avg=10224.6, 90=13783, 99=107199, 99.9=550911, 99.99=615423] [READ-FAILED: Count=10, Max=3263, Min=1308, Avg=2296.7, 90=3079, 99=3263, 99.9=3263, 99.99=3263] 
2020-09-24 09:35:18:633 300 sec: 636836 operations; 2243.88 current ops/sec; est completion in 1 hour 13 minutes [READ: Count=11178, Max=1005055, Min=830, Avg=7241.87, 90=13583, 99=27119, 99.9=518911, 99.99=1001983] [UPDATE: Count=11246, Max=1007615, Min=849, Avg=6852.19, 90=13479, 99=24831, 99.9=521727, 99.99=993279] [READ-FAILED: Count=12, Max=3455, Min=1427, Avg=2406.25, 90=3365, 99=3455, 99.9=3455, 99.99=3455] 
Maximum time elapsed. Requesting stop for the workload.
Stop requested for workload. Now Joining!
[36m09:35:18.900[m [[34;1mINFO[m] [1;34mp.u.t.s.y.Stats.clientFinished@38[m: 
Ended SconeKV benchmark.
Number of clients: 16
Total transactions: 127356
Committed: 127333 (99.98194%)
Aborted: 23 (0.018059611%)
2020-09-24 09:35:18:903 300 sec: 636854 operations; 67.16 current ops/sec; est completion in 1 hour 13 minutes [READ: Count=11, Max=529919, Min=2048, Avg=165883.82, 90=529919, 99=529919, 99.9=529919, 99.99=529919] [CLEANUP: Count=16, Max=1468, Min=3, Avg=97.31, 90=13, 99=1468, 99.9=1468, 99.99=1468] [UPDATE: Count=7, Max=531967, Min=514304, Avg=520649.14, 90=529407, 99=531967, 99.9=531967, 99.99=531967] [READ-FAILED: Count=0, Max=0, Min=9223372036854775807, Avg=NaN, 90=0, 99=0, 99.9=0, 99.99=0] 
[OVERALL], RunTime(ms), 300269
[OVERALL], Throughput(ops/sec), 2120.944886085477
[TOTAL_GCS_G1_Young_Generation], Count, 109
[TOTAL_GC_TIME_G1_Young_Generation], Time(ms), 700
[TOTAL_GC_TIME_%_G1_Young_Generation], Time(%), 0.2331242985456374
[TOTAL_GCS_G1_Old_Generation], Count, 0
[TOTAL_GC_TIME_G1_Old_Generation], Time(ms), 0
[TOTAL_GC_TIME_%_G1_Old_Generation], Time(%), 0.0
[TOTAL_GCs], Count, 109
[TOTAL_GC_TIME], Time(ms), 700
[TOTAL_GC_TIME_%], Time(%), 0.2331242985456374
[READ], Operations, 318151
[READ], AverageLatency(us), 7489.298726076611
[READ], MinLatency(us), 816
[READ], MaxLatency(us), 1011199
[READ], 95thPercentileLatency(us), 16111
[READ], 99thPercentileLatency(us), 38015
[READ], Return=OK, 318151
[READ], Return=NOT_FOUND, 335
[CLEANUP], Operations, 16
[CLEANUP], AverageLatency(us), 97.3125
[CLEANUP], MinLatency(us), 3
[CLEANUP], MaxLatency(us), 1468
[CLEANUP], 95thPercentileLatency(us), 17
[CLEANUP], 99thPercentileLatency(us), 1468
[UPDATE], Operations, 318368
[UPDATE], AverageLatency(us), 7513.600239345663
[UPDATE], MinLatency(us), 231
[UPDATE], MaxLatency(us), 1012735
[UPDATE], 95thPercentileLatency(us), 16111
[UPDATE], 99thPercentileLatency(us), 37599
[UPDATE], Return=OK, 318368
[READ-FAILED], Operations, 335
[READ-FAILED], AverageLatency(us), 2616.4835820895523
[READ-FAILED], MinLatency(us), 1005
[READ-FAILED], MaxLatency(us), 17231
[READ-FAILED], 95thPercentileLatency(us), 4159
[READ-FAILED], 99thPercentileLatency(us), 14271
