Command line: -t -db pt.ulisboa.tecnico.sconekv.ycsb.SconeKVClient -P workloada -threads 128 -s -p scone.tx_size=5 -p operationcount=10000000 -p maxexecutiontime=300 -p requestdistribution=uniform
YCSB Client 0.17.0

Loading workload...
Starting test.
WARNING: sun.reflect.Reflection.getCallerClass is not supported. This will impact performance.
2020-09-24 10:10:37:695 0 sec: 0 operations; est completion in 0 second 
Maximum execution time specified as: 300 secs
DBWrapper: report latency for each error is false and specific error codes to track for latency are: []
DBWrapper: report latency for each error is false and specific error codes to track for latency are: []
DBWrapper: report latency for each error is false and specific error codes to track for latency are: []
DBWrapper: report latency for each error is false and specific error codes to track for latency are: []
DBWrapper: report latency for each error is false and specific error codes to track for latency are: []
DBWrapper: report latency for each error is false and specific error codes to track for latency are: []
DBWrapper: report latency for each error is false and specific error codes to track for latency are: []
DBWrapper: report latency for each error is false and specific error codes to track for latency are: []
DBWrapper: report latency for each error is false and specific error codes to track for latency are: []
DBWrapper: report latency for each error is false and specific error codes to track for latency are: []
DBWrapper: report latency for each error is false and specific error codes to track for latency are: []
DBWrapper: report latency for each error is false and specific error codes to track for latency are: []
DBWrapper: report latency for each error is false and specific error codes to track for latency are: []
DBWrapper: report latency for each error is false and specific error codes to track for latency are: []
DBWrapper: report latency for each error is false and specific error codes to track for latency are: []
DBWrapper: report latency for each error is false and specific error codes to track for latency are: []
DBWrapper: report latency for each error is false and specific error codes to track for latency are: []
DBWrapper: report latency for each error is false and specific error codes to track for latency are: []
DBWrapper: report latency for each error is false and specific error codes to track for latency are: []
DBWrapper: report latency for each error is false and specific error codes to track for latency are: []
DBWrapper: report latency for each error is false and specific error codes to track for latency are: []
DBWrapper: report latency for each error is false and specific error codes to track for latency are: []
DBWrapper: report latency for each error is false and specific error codes to track for latency are: []
DBWrapper: report latency for each error is false and specific error codes to track for latency are: []
DBWrapper: report latency for each error is false and specific error codes to track for latency are: []
DBWrapper: report latency for each error is false and specific error codes to track for latency are: []
DBWrapper: report latency for each error is false and specific error codes to track for latency are: []
DBWrapper: report latency for each error is false and specific error codes to track for latency are: []
DBWrapper: report latency for each error is false and specific error codes to track for latency are: []
DBWrapper: report latency for each error is false and specific error codes to track for latency are: []
DBWrapper: report latency for each error is false and specific error codes to track for latency are: []
DBWrapper: report latency for each error is false and specific error codes to track for latency are: []
DBWrapper: report latency for each error is false and specific error codes to track for latency are: []
DBWrapper: report latency for each error is false and specific error codes to track for latency are: []
DBWrapper: report latency for each error is false and specific error codes to track for latency are: []
DBWrapper: report latency for each error is false and specific error codes to track for latency are: []
DBWrapper: report latency for each error is false and specific error codes to track for latency are: []
DBWrapper: report latency for each error is false and specific error codes to track for latency are: []
DBWrapper: report latency for each error is false and specific error codes to track for latency are: []
DBWrapper: report latency for each error is false and specific error codes to track for latency are: []
DBWrapper: report latency for each error is false and specific error codes to track for latency are: []
DBWrapper: report latency for each error is false and specific error codes to track for latency are: []
DBWrapper: report latency for each error is false and specific error codes to track for latency are: []
DBWrapper: report latency for each error is false and specific error codes to track for latency are: []
DBWrapper: report latency for each error is false and specific error codes to track for latency are: []
DBWrapper: report latency for each error is false and specific error codes to track for latency are: []
DBWrapper: report latency for each error is false and specific error codes to track for latency are: []
DBWrapper: report latency for each error is false and specific error codes to track for latency are: []
DBWrapper: report latency for each error is false and specific error codes to track for latency are: []
DBWrapper: report latency for each error is false and specific error codes to track for latency are: []
DBWrapper: report latency for each error is false and specific error codes to track for latency are: []
DBWrapper: report latency for each error is false and specific error codes to track for latency are: []
DBWrapper: report latency for each error is false and specific error codes to track for latency are: []
DBWrapper: report latency for each error is false and specific error codes to track for latency are: []
DBWrapper: report latency for each error is false and specific error codes to track for latency are: []
DBWrapper: report latency for each error is false and specific error codes to track for latency are: []
DBWrapper: report latency for each error is false and specific error codes to track for latency are: []
DBWrapper: report latency for each error is false and specific error codes to track for latency are: []
DBWrapper: report latency for each error is false and specific error codes to track for latency are: []
DBWrapper: report latency for each error is false and specific error codes to track for latency are: []
DBWrapper: report latency for each error is false and specific error codes to track for latency are: []
DBWrapper: report latency for each error is false and specific error codes to track for latency are: []
DBWrapper: report latency for each error is false and specific error codes to track for latency are: []
DBWrapper: report latency for each error is false and specific error codes to track for latency are: []
DBWrapper: report latency for each error is false and specific error codes to track for latency are: []
DBWrapper: report latency for each error is false and specific error codes to track for latency are: []
DBWrapper: report latency for each error is false and specific error codes to track for latency are: []
DBWrapper: report latency for each error is false and specific error codes to track for latency are: []
DBWrapper: report latency for each error is false and specific error codes to track for latency are: []
DBWrapper: report latency for each error is false and specific error codes to track for latency are: []
DBWrapper: report latency for each error is false and specific error codes to track for latency are: []
DBWrapper: report latency for each error is false and specific error codes to track for latency are: []
DBWrapper: report latency for each error is false and specific error codes to track for latency are: []
DBWrapper: report latency for each error is false and specific error codes to track for latency are: []
DBWrapper: report latency for each error is false and specific error codes to track for latency are: []
DBWrapper: report latency for each error is false and specific error codes to track for latency are: []
DBWrapper: report latency for each error is false and specific error codes to track for latency are: []
DBWrapper: report latency for each error is false and specific error codes to track for latency are: []
DBWrapper: report latency for each error is false and specific error codes to track for latency are: []
DBWrapper: report latency for each error is false and specific error codes to track for latency are: []
DBWrapper: report latency for each error is false and specific error codes to track for latency are: []
DBWrapper: report latency for each error is false and specific error codes to track for latency are: []
DBWrapper: report latency for each error is false and specific error codes to track for latency are: []
DBWrapper: report latency for each error is false and specific error codes to track for latency are: []
DBWrapper: report latency for each error is false and specific error codes to track for latency are: []
DBWrapper: report latency for each error is false and specific error codes to track for latency are: []
DBWrapper: report latency for each error is false and specific error codes to track for latency are: []
DBWrapper: report latency for each error is false and specific error codes to track for latency are: []
DBWrapper: report latency for each error is false and specific error codes to track for latency are: []
DBWrapper: report latency for each error is false and specific error codes to track for latency are: []
DBWrapper: report latency for each error is false and specific error codes to track for latency are: []
DBWrapper: report latency for each error is false and specific error codes to track for latency are: []
DBWrapper: report latency for each error is false and specific error codes to track for latency are: []
DBWrapper: report latency for each error is false and specific error codes to track for latency are: []
DBWrapper: report latency for each error is false and specific error codes to track for latency are: []
DBWrapper: report latency for each error is false and specific error codes to track for latency are: []
DBWrapper: report latency for each error is false and specific error codes to track for latency are: []
DBWrapper: report latency for each error is false and specific error codes to track for latency are: []
DBWrapper: report latency for each error is false and specific error codes to track for latency are: []
DBWrapper: report latency for each error is false and specific error codes to track for latency are: []
DBWrapper: report latency for each error is false and specific error codes to track for latency are: []
DBWrapper: report latency for each error is false and specific error codes to track for latency are: []
DBWrapper: report latency for each error is false and specific error codes to track for latency are: []
DBWrapper: report latency for each error is false and specific error codes to track for latency are: []
DBWrapper: report latency for each error is false and specific error codes to track for latency are: []
DBWrapper: report latency for each error is false and specific error codes to track for latency are: []
DBWrapper: report latency for each error is false and specific error codes to track for latency are: []
DBWrapper: report latency for each error is false and specific error codes to track for latency are: []
DBWrapper: report latency for each error is false and specific error codes to track for latency are: []
DBWrapper: report latency for each error is false and specific error codes to track for latency are: []
DBWrapper: report latency for each error is false and specific error codes to track for latency are: []
DBWrapper: report latency for each error is false and specific error codes to track for latency are: []
DBWrapper: report latency for each error is false and specific error codes to track for latency are: []
DBWrapper: report latency for each error is false and specific error codes to track for latency are: []
DBWrapper: report latency for each error is false and specific error codes to track for latency are: []
DBWrapper: report latency for each error is false and specific error codes to track for latency are: []
DBWrapper: report latency for each error is false and specific error codes to track for latency are: []
DBWrapper: report latency for each error is false and specific error codes to track for latency are: []
DBWrapper: report latency for each error is false and specific error codes to track for latency are: []
DBWrapper: report latency for each error is false and specific error codes to track for latency are: []
DBWrapper: report latency for each error is false and specific error codes to track for latency are: []
DBWrapper: report latency for each error is false and specific error codes to track for latency are: []
DBWrapper: report latency for each error is false and specific error codes to track for latency are: []
DBWrapper: report latency for each error is false and specific error codes to track for latency are: []
DBWrapper: report latency for each error is false and specific error codes to track for latency are: []
DBWrapper: report latency for each error is false and specific error codes to track for latency are: []
DBWrapper: report latency for each error is false and specific error codes to track for latency are: []
DBWrapper: report latency for each error is false and specific error codes to track for latency are: []
2020-09-24 10:10:47:916 10 sec: 7689 operations; 761.06 current ops/sec; est completion in 3 hours 38 minutes [READ: Count=3890, Max=1513471, Min=952, Avg=86037.76, 90=222207, 99=711167, 99.9=1134591, 99.99=1513471] [UPDATE: Count=4096, Max=1568767, Min=1036, Avg=83432.46, 90=210303, 99=693759, 99.9=1052671, 99.99=1568767] 
2020-09-24 10:10:57:695 20 sec: 41298 operations; 3395.88 current ops/sec; est completion in 1 hour 20 minutes [READ: Count=16596, Max=826367, Min=941, Avg=35944.63, 90=67583, 99=533503, 99.9=627711, 99.99=672767] [UPDATE: Count=16775, Max=820735, Min=818, Avg=35047.67, 90=63263, 99=536063, 99.9=637951, 99.99=703999] 
2020-09-24 10:11:07:695 30 sec: 96448 operations; 5515 current ops/sec; est completion in 51 minutes [READ: Count=27719, Max=843775, Min=787, Avg=23282.78, 90=33695, 99=526335, 99.9=590847, 99.99=639487] [UPDATE: Count=27382, Max=642559, Min=756, Avg=23350.04, 90=33215, 99=525823, 99.9=591359, 99.99=631295] [READ-FAILED: Count=2, Max=3899, Min=3240, Avg=3570, 90=3899, 99=3899, 99.9=3899, 99.99=3899] 
2020-09-24 10:11:17:694 40 sec: 151450 operations; 5500.2 current ops/sec; est completion in 43 minutes [READ: Count=27708, Max=1025023, Min=789, Avg=23844.15, 90=33759, 99=524799, 99.9=625663, 99.99=651775] [UPDATE: Count=27301, Max=657919, Min=800, Avg=23200.5, 90=33407, 99=524287, 99.9=614399, 99.99=645119] [READ-FAILED: Count=0, Max=0, Min=9223372036854775807, Avg=NaN, 90=0, 99=0, 99.9=0, 99.99=0] 
2020-09-24 10:11:27:694 50 sec: 200652 operations; 4920.2 current ops/sec; est completion in 40 minutes [READ: Count=24717, Max=1010687, Min=777, Avg=25310.35, 90=33567, 99=528895, 99.9=616959, 99.99=998911] [UPDATE: Count=24491, Max=1036287, Min=334, Avg=26833.13, 90=34879, 99=528895, 99.9=616959, 99.99=1010687] [READ-FAILED: Count=2, Max=1654, Min=1480, Avg=1567, 90=1654, 99=1654, 99.9=1654, 99.99=1654] 
2020-09-24 10:11:37:695 60 sec: 254932 operations; 5428 current ops/sec; est completion in 38 minutes [READ: Count=27280, Max=679423, Min=778, Avg=23578.24, 90=32223, 99=526335, 99.9=643583, 99.99=670207] [UPDATE: Count=26992, Max=795647, Min=773, Avg=23054.32, 90=32527, 99=524799, 99.9=611327, 99.99=673279] [READ-FAILED: Count=1, Max=1515, Min=1515, Avg=1515, 90=1515, 99=1515, 99.9=1515, 99.99=1515] 
2020-09-24 10:11:47:695 70 sec: 308192 operations; 5326 current ops/sec; est completion in 36 minutes [READ: Count=26487, Max=678911, Min=844, Avg=24068.77, 90=30975, 99=532991, 99.9=590335, 99.99=645631] [UPDATE: Count=26777, Max=642047, Min=809, Avg=24238.44, 90=31135, 99=532991, 99.9=602623, 99.99=633343] [READ-FAILED: Count=0, Max=0, Min=9223372036854775807, Avg=NaN, 90=0, 99=0, 99.9=0, 99.99=0] 
2020-09-24 10:11:57:695 80 sec: 362981 operations; 5478.9 current ops/sec; est completion in 35 minutes [READ: Count=27484, Max=905727, Min=798, Avg=23382.46, 90=35807, 99=523775, 99.9=590847, 99.99=629247] [UPDATE: Count=27293, Max=814079, Min=847, Avg=23166.41, 90=35103, 99=524287, 99.9=593407, 99.99=628735] [READ-FAILED: Count=5, Max=11679, Min=2530, Avg=4888.8, 90=11679, 99=11679, 99.9=11679, 99.99=11679] 
2020-09-24 10:12:07:695 90 sec: 414140 operations; 5115.9 current ops/sec; est completion in 34 minutes [READ: Count=25616, Max=661503, Min=841, Avg=25049.14, 90=35679, 99=525311, 99.9=605183, 99.99=630783] [UPDATE: Count=25537, Max=664063, Min=789, Avg=25253.75, 90=35231, 99=525311, 99.9=612351, 99.99=632831] [READ-FAILED: Count=0, Max=0, Min=9223372036854775807, Avg=NaN, 90=0, 99=0, 99.9=0, 99.99=0] 
2020-09-24 10:12:17:695 100 sec: 471666 operations; 5752.6 current ops/sec; est completion in 33 minutes [READ: Count=28816, Max=774655, Min=809, Avg=21919.4, 90=33119, 99=527359, 99.9=625151, 99.99=645631] [UPDATE: Count=28714, Max=646655, Min=788, Avg=22624.29, 90=32927, 99=529407, 99.9=619007, 99.99=637951] [READ-FAILED: Count=1, Max=4751, Min=4748, Avg=4750, 90=4751, 99=4751, 99.9=4751, 99.99=4751] 
2020-09-24 10:12:27:695 110 sec: 524677 operations; 5301.1 current ops/sec; est completion in 33 minutes [READ: Count=26229, Max=633855, Min=779, Avg=24662.52, 90=34815, 99=526335, 99.9=574975, 99.99=626687] [UPDATE: Count=26781, Max=1004031, Min=837, Avg=23480.88, 90=34015, 99=526335, 99.9=597503, 99.99=625663] [READ-FAILED: Count=0, Max=0, Min=9223372036854775807, Avg=NaN, 90=0, 99=0, 99.9=0, 99.99=0] 
2020-09-24 10:12:37:694 120 sec: 578180 operations; 5350.3 current ops/sec; est completion in 32 minutes [READ: Count=26558, Max=663551, Min=814, Avg=23683.79, 90=34271, 99=524799, 99.9=615935, 99.99=652799] [UPDATE: Count=26939, Max=686079, Min=747, Avg=24153.04, 90=33439, 99=525823, 99.9=632831, 99.99=659967] [READ-FAILED: Count=1, Max=2013, Min=2013, Avg=2013, 90=2013, 99=2013, 99.9=2013, 99.99=2013] 
2020-09-24 10:12:47:695 130 sec: 635565 operations; 5738.5 current ops/sec; est completion in 31 minutes [READ: Count=28572, Max=652799, Min=849, Avg=21950.88, 90=32703, 99=526335, 99.9=622591, 99.99=644607] [UPDATE: Count=28818, Max=649215, Min=786, Avg=22479.69, 90=32287, 99=527359, 99.9=623615, 99.99=643071] [READ-FAILED: Count=0, Max=0, Min=9223372036854775807, Avg=NaN, 90=0, 99=0, 99.9=0, 99.99=0] 
2020-09-24 10:12:57:694 140 sec: 691587 operations; 5602.2 current ops/sec; est completion in 31 minutes [READ: Count=28089, Max=640511, Min=805, Avg=22577.22, 90=33247, 99=523007, 99.9=607743, 99.99=629247] [UPDATE: Count=27933, Max=632319, Min=772, Avg=22814.66, 90=33695, 99=522239, 99.9=590847, 99.99=626175] [READ-FAILED: Count=1, Max=9815, Min=9808, Avg=9812, 90=9815, 99=9815, 99.9=9815, 99.99=9815] 
2020-09-24 10:13:07:695 150 sec: 745466 operations; 5387.9 current ops/sec; est completion in 31 minutes [READ: Count=26965, Max=650751, Min=752, Avg=23897.83, 90=32063, 99=526335, 99.9=610815, 99.99=636415] [UPDATE: Count=26924, Max=780287, Min=784, Avg=24316.91, 90=32095, 99=526847, 99.9=616447, 99.99=683007] [READ-FAILED: Count=1, Max=1943, Min=1943, Avg=1943, 90=1943, 99=1943, 99.9=1943, 99.99=1943] 
2020-09-24 10:13:17:695 160 sec: 803345 operations; 5787.9 current ops/sec; est completion in 30 minutes [READ: Count=28961, Max=642559, Min=826, Avg=22137.33, 90=32959, 99=527359, 99.9=606719, 99.99=632831] [UPDATE: Count=28907, Max=658431, Min=826, Avg=21840.64, 90=33343, 99=525823, 99.9=609791, 99.99=641535] [READ-FAILED: Count=1, Max=1047, Min=1047, Avg=1047, 90=1047, 99=1047, 99.9=1047, 99.99=1047] 
2020-09-24 10:13:27:694 170 sec: 861189 operations; 5784.4 current ops/sec; est completion in 30 minutes [READ: Count=28809, Max=809471, Min=797, Avg=21945.45, 90=32735, 99=525311, 99.9=601599, 99.99=631807] [UPDATE: Count=29046, Max=634879, Min=834, Avg=22271.54, 90=33375, 99=525823, 99.9=582655, 99.99=623103] [READ-FAILED: Count=1, Max=2789, Min=2788, Avg=2789, 90=2789, 99=2789, 99.9=2789, 99.99=2789] 
2020-09-24 10:13:37:695 180 sec: 916639 operations; 5545 current ops/sec; est completion in 29 minutes [READ: Count=27625, Max=679423, Min=757, Avg=22894.23, 90=35583, 99=525823, 99.9=600063, 99.99=630783] [UPDATE: Count=27809, Max=1016319, Min=197, Avg=23385.51, 90=35583, 99=525823, 99.9=608767, 99.99=625151] [READ-FAILED: Count=1, Max=5743, Min=5740, Avg=5742, 90=5743, 99=5743, 99.9=5743, 99.99=5743] 
2020-09-24 10:13:47:694 190 sec: 972834 operations; 5619.5 current ops/sec; est completion in 29 minutes [READ: Count=27997, Max=650239, Min=826, Avg=23104.69, 90=34431, 99=526847, 99.9=593919, 99.99=646655] [UPDATE: Count=28204, Max=651263, Min=775, Avg=22201.54, 90=34239, 99=525823, 99.9=612351, 99.99=646143] [READ-FAILED: Count=1, Max=20191, Min=20176, Avg=20184, 90=20191, 99=20191, 99.9=20191, 99.99=20191] 
2020-09-24 10:13:57:695 200 sec: 1027281 operations; 5444.7 current ops/sec; est completion in 29 minutes [READ: Count=27396, Max=729087, Min=150, Avg=23516.86, 90=31247, 99=525311, 99.9=605183, 99.99=623615] [UPDATE: Count=27038, Max=844287, Min=192, Avg=23667.35, 90=31407, 99=527359, 99.9=602623, 99.99=626175] [READ-FAILED: Count=3, Max=8287, Min=1863, Avg=4924.33, 90=8287, 99=8287, 99.9=8287, 99.99=8287] 
2020-09-24 10:14:07:694 210 sec: 1087038 operations; 5975.7 current ops/sec; est completion in 28 minutes [READ: Count=29834, Max=623615, Min=802, Avg=21484.52, 90=32223, 99=525823, 99.9=601599, 99.99=617471] [UPDATE: Count=29919, Max=625151, Min=770, Avg=21154.66, 90=32063, 99=524799, 99.9=596479, 99.99=615423] [READ-FAILED: Count=2, Max=8463, Min=2112, Avg=5286.5, 90=8463, 99=8463, 99.9=8463, 99.99=8463] 
2020-09-24 10:14:17:695 220 sec: 1145991 operations; 5895.3 current ops/sec; est completion in 28 minutes [READ: Count=29481, Max=649727, Min=783, Avg=21978.44, 90=32767, 99=525311, 99.9=606207, 99.99=633855] [UPDATE: Count=29483, Max=636415, Min=801, Avg=21256.82, 90=32799, 99=524799, 99.9=603647, 99.99=632319] [READ-FAILED: Count=1, Max=1063, Min=1063, Avg=1063, 90=1063, 99=1063, 99.9=1063, 99.99=1063] 
2020-09-24 10:14:27:694 230 sec: 1205971 operations; 5998 current ops/sec; est completion in 27 minutes [READ: Count=30240, Max=628735, Min=808, Avg=21349.61, 90=31871, 99=525311, 99.9=582655, 99.99=610303] [UPDATE: Count=29735, Max=887295, Min=157, Avg=21622.48, 90=31999, 99=526335, 99.9=588287, 99.99=616447] [READ-FAILED: Count=0, Max=0, Min=9223372036854775807, Avg=NaN, 90=0, 99=0, 99.9=0, 99.99=0] 
2020-09-24 10:14:37:695 240 sec: 1257647 operations; 5167.6 current ops/sec; est completion in 27 minutes [READ: Count=25973, Max=1032703, Min=849, Avg=24948.63, 90=33055, 99=530943, 99.9=956415, 99.99=1023487] [UPDATE: Count=25692, Max=1032703, Min=782, Avg=24592.2, 90=32895, 99=530943, 99.9=941567, 99.99=1020927] [READ-FAILED: Count=1, Max=7591, Min=7588, Avg=7590, 90=7591, 99=7591, 99.9=7591, 99.99=7591] 
2020-09-24 10:14:47:694 250 sec: 1310356 operations; 5270.9 current ops/sec; est completion in 27 minutes [READ: Count=26579, Max=982527, Min=759, Avg=24515.73, 90=32447, 99=529919, 99.9=600575, 99.99=631295] [UPDATE: Count=26154, Max=998911, Min=825, Avg=24310.12, 90=33023, 99=528895, 99.9=599551, 99.99=983551] [READ-FAILED: Count=0, Max=0, Min=9223372036854775807, Avg=NaN, 90=0, 99=0, 99.9=0, 99.99=0] 
2020-09-24 10:14:57:695 260 sec: 1365067 operations; 5471.1 current ops/sec; est completion in 27 minutes [READ: Count=27351, Max=649215, Min=830, Avg=22236.63, 90=31567, 99=529919, 99.9=592383, 99.99=611839] [UPDATE: Count=27330, Max=637951, Min=811, Avg=22942.33, 90=32159, 99=530431, 99.9=593407, 99.99=608255] [READ-FAILED: Count=0, Max=0, Min=9223372036854775807, Avg=NaN, 90=0, 99=0, 99.9=0, 99.99=0] 
2020-09-24 10:15:07:694 270 sec: 1419718 operations; 5465.1 current ops/sec; est completion in 27 minutes [READ: Count=27478, Max=1008639, Min=798, Avg=23812.29, 90=31279, 99=534527, 99.9=740863, 99.99=998911] [UPDATE: Count=27194, Max=1018367, Min=819, Avg=24340.84, 90=31407, 99=535039, 99.9=811007, 99.99=1003519] [READ-FAILED: Count=0, Max=0, Min=9223372036854775807, Avg=NaN, 90=0, 99=0, 99.9=0, 99.99=0] 
2020-09-24 10:15:17:695 280 sec: 1468320 operations; 4860.2 current ops/sec; est completion in 27 minutes [READ: Count=24088, Max=1010175, Min=864, Avg=26650.98, 90=33439, 99=531455, 99.9=610303, 99.99=940031] [UPDATE: Count=24507, Max=753663, Min=800, Avg=26523.45, 90=33727, 99=531455, 99.9=604159, 99.99=646143] [READ-FAILED: Count=0, Max=0, Min=9223372036854775807, Avg=NaN, 90=0, 99=0, 99.9=0, 99.99=0] 
2020-09-24 10:15:27:694 290 sec: 1521993 operations; 5367.3 current ops/sec; est completion in 26 minutes [READ: Count=26906, Max=946687, Min=787, Avg=23937.73, 90=32223, 99=535039, 99.9=595967, 99.99=606719] [UPDATE: Count=26769, Max=972287, Min=765, Avg=23390.87, 90=32047, 99=532991, 99.9=593407, 99.99=614911] [READ-FAILED: Count=0, Max=0, Min=9223372036854775807, Avg=NaN, 90=0, 99=0, 99.9=0, 99.99=0] 
2020-09-24 10:15:37:694 300 sec: 1578524 operations; 5653.1 current ops/sec; est completion in 26 minutes [READ: Count=28293, Max=632319, Min=90, Avg=22607.38, 90=33535, 99=529407, 99.9=602623, 99.99=618495] [UPDATE: Count=28222, Max=626687, Min=840, Avg=22176.46, 90=33279, 99=529919, 99.9=600063, 99.99=615935] [READ-FAILED: Count=0, Max=0, Min=9223372036854775807, Avg=NaN, 90=0, 99=0, 99.9=0, 99.99=0] 
Maximum time elapsed. Requesting stop for the workload.
Stop requested for workload. Now Joining!
[36m10:15:38.139[m [[34;1mINFO[m] [1;34mp.u.t.s.y.Stats.clientFinished@38[m: 
Ended SconeKV benchmark.
Number of clients: 128
Total transactions: 315711
Committed: 315271 (99.860634%)
Aborted: 440 (0.13936797%)
2020-09-24 10:15:38:143 300 sec: 1578783 operations; 580.72 current ops/sec; est completion in 26 minutes [READ: Count=130, Max=562687, Min=1406, Avg=253850.56, 90=516351, 99=560639, 99.9=562687, 99.99=562687] [CLEANUP: Count=128, Max=11423, Min=2, Avg=107.46, 90=6, 99=1691, 99.9=11423, 99.99=11423] [UPDATE: Count=129, Max=573439, Min=1449, Avg=218934.74, 90=517119, 99=571391, 99.9=573439, 99.99=573439] [READ-FAILED: Count=0, Max=0, Min=9223372036854775807, Avg=NaN, 90=0, 99=0, 99.9=0, 99.99=0] 
[OVERALL], RunTime(ms), 300441
[OVERALL], Throughput(ops/sec), 5254.885318581685
[TOTAL_GCS_G1_Young_Generation], Count, 179
[TOTAL_GC_TIME_G1_Young_Generation], Time(ms), 2751
[TOTAL_GC_TIME_%_G1_Young_Generation], Time(%), 0.9156539886367041
[TOTAL_GCS_G1_Old_Generation], Count, 0
[TOTAL_GC_TIME_G1_Old_Generation], Time(ms), 0
[TOTAL_GC_TIME_%_G1_Old_Generation], Time(%), 0.0
[TOTAL_GCs], Count, 179
[TOTAL_GC_TIME], Time(ms), 2751
[TOTAL_GC_TIME_%], Time(%), 0.9156539886367041
[READ], Operations, 789867
[READ], AverageLatency(us), 23919.693007810176
[READ], MinLatency(us), 90
[READ], MaxLatency(us), 1513471
[READ], 95thPercentileLatency(us), 55135
[READ], 99thPercentileLatency(us), 527871
[READ], Return=OK, 789867
[READ], Return=NOT_FOUND, 25
[CLEANUP], Operations, 128
[CLEANUP], AverageLatency(us), 107.4609375
[CLEANUP], MinLatency(us), 2
[CLEANUP], MaxLatency(us), 11423
[CLEANUP], 95thPercentileLatency(us), 12
[CLEANUP], 99thPercentileLatency(us), 1691
[UPDATE], Operations, 788891
[UPDATE], AverageLatency(us), 23908.41260960006
[UPDATE], MinLatency(us), 157
[UPDATE], MaxLatency(us), 1568767
[UPDATE], 95thPercentileLatency(us), 55295
[UPDATE], 99thPercentileLatency(us), 527359
[UPDATE], Return=OK, 788891
[READ-FAILED], Operations, 25
[READ-FAILED], AverageLatency(us), 4740.48
[READ-FAILED], MinLatency(us), 1047
[READ-FAILED], MaxLatency(us), 20191
[READ-FAILED], 95thPercentileLatency(us), 11679
[READ-FAILED], 99thPercentileLatency(us), 20191
