Command line: -t -db pt.ulisboa.tecnico.sconekv.ycsb.SconeKVClient -P workloada -threads 32 -s -p scone.tx_size=5 -p operationcount=10000000 -p maxexecutiontime=300 -p requestdistribution=uniform
YCSB Client 0.17.0

Loading workload...
Starting test.
WARNING: sun.reflect.Reflection.getCallerClass is not supported. This will impact performance.
Maximum execution time specified as: 300 secs
2020-09-24 09:50:27:640 0 sec: 0 operations; est completion in 0 second 
DBWrapper: report latency for each error is false and specific error codes to track for latency are: []
DBWrapper: report latency for each error is false and specific error codes to track for latency are: []
DBWrapper: report latency for each error is false and specific error codes to track for latency are: []
DBWrapper: report latency for each error is false and specific error codes to track for latency are: []
DBWrapper: report latency for each error is false and specific error codes to track for latency are: []
DBWrapper: report latency for each error is false and specific error codes to track for latency are: []
DBWrapper: report latency for each error is false and specific error codes to track for latency are: []
DBWrapper: report latency for each error is false and specific error codes to track for latency are: []
DBWrapper: report latency for each error is false and specific error codes to track for latency are: []
DBWrapper: report latency for each error is false and specific error codes to track for latency are: []
DBWrapper: report latency for each error is false and specific error codes to track for latency are: []
DBWrapper: report latency for each error is false and specific error codes to track for latency are: []
DBWrapper: report latency for each error is false and specific error codes to track for latency are: []
DBWrapper: report latency for each error is false and specific error codes to track for latency are: []
DBWrapper: report latency for each error is false and specific error codes to track for latency are: []
DBWrapper: report latency for each error is false and specific error codes to track for latency are: []
DBWrapper: report latency for each error is false and specific error codes to track for latency are: []
DBWrapper: report latency for each error is false and specific error codes to track for latency are: []
DBWrapper: report latency for each error is false and specific error codes to track for latency are: []
DBWrapper: report latency for each error is false and specific error codes to track for latency are: []
DBWrapper: report latency for each error is false and specific error codes to track for latency are: []
DBWrapper: report latency for each error is false and specific error codes to track for latency are: []
DBWrapper: report latency for each error is false and specific error codes to track for latency are: []
DBWrapper: report latency for each error is false and specific error codes to track for latency are: []
DBWrapper: report latency for each error is false and specific error codes to track for latency are: []
DBWrapper: report latency for each error is false and specific error codes to track for latency are: []
DBWrapper: report latency for each error is false and specific error codes to track for latency are: []
DBWrapper: report latency for each error is false and specific error codes to track for latency are: []
DBWrapper: report latency for each error is false and specific error codes to track for latency are: []
DBWrapper: report latency for each error is false and specific error codes to track for latency are: []
DBWrapper: report latency for each error is false and specific error codes to track for latency are: []
DBWrapper: report latency for each error is false and specific error codes to track for latency are: []
2020-09-24 09:50:37:641 10 sec: 17553 operations; 1755.12 current ops/sec; est completion in 1 hour 34 minutes [READ: Count=8792, Max=725503, Min=879, Avg=14560.29, 90=21455, 99=194175, 99.9=686079, 99.99=713727] [UPDATE: Count=8853, Max=701951, Min=739, Avg=14741.98, 90=22143, 99=190719, 99.9=678911, 99.99=689151] [READ-FAILED: Count=2, Max=3979, Min=1606, Avg=2792.5, 90=3979, 99=3979, 99.9=3979, 99.99=3979] 
2020-09-24 09:50:47:640 20 sec: 47751 operations; 3019.8 current ops/sec; est completion in 1 hour 9 minutes [READ: Count=15176, Max=690687, Min=876, Avg=11110.01, 90=17679, 99=115455, 99.9=550399, 99.99=678399] [UPDATE: Count=14941, Max=699903, Min=857, Avg=9948.85, 90=17135, 99=80063, 99.9=530943, 99.99=689151] [READ-FAILED: Count=4, Max=5167, Min=2007, Avg=3092.25, 90=5167, 99=5167, 99.9=5167, 99.99=5167] 
2020-09-24 09:50:57:641 30 sec: 76184 operations; 2843.3 current ops/sec; est completion in 1 hour 5 minutes [READ: Count=14294, Max=716799, Min=250, Avg=11088.6, 90=16767, 99=128319, 99.9=554495, 99.99=689151] [UPDATE: Count=14113, Max=695807, Min=789, Avg=11334.51, 90=16831, 99=178175, 99.9=556543, 99.99=674815] [READ-FAILED: Count=9, Max=4037, Min=1486, Avg=2641.89, 90=3517, 99=4037, 99.9=4037, 99.99=4037] 
2020-09-24 09:51:07:640 40 sec: 98200 operations; 2201.6 current ops/sec; est completion in 1 hour 7 minutes [READ: Count=11056, Max=920063, Min=897, Avg=14503.82, 90=17743, 99=512767, 99.9=748543, 99.99=915455] [UPDATE: Count=10982, Max=914431, Min=816, Avg=14514.75, 90=17423, 99=513535, 99.9=749055, 99.99=900607] [READ-FAILED: Count=2, Max=36703, Min=2754, Avg=19721.5, 90=36703, 99=36703, 99.9=36703, 99.99=36703] 
2020-09-24 09:51:17:640 50 sec: 128681 operations; 3048.1 current ops/sec; est completion in 1 hour 3 minutes [READ: Count=15386, Max=717311, Min=821, Avg=10890.8, 90=16799, 99=104575, 99.9=552959, 99.99=593919] [UPDATE: Count=15074, Max=568831, Min=868, Avg=10273.37, 90=16991, 99=82367, 99.9=520447, 99.99=558079] [READ-FAILED: Count=5, Max=10143, Min=1070, Avg=4540, 90=10143, 99=10143, 99.9=10143, 99.99=10143] 
2020-09-24 09:51:27:640 60 sec: 161290 operations; 3260.9 current ops/sec; est completion in 1 hour 1 minute [READ: Count=16246, Max=723455, Min=802, Avg=9703.19, 90=16543, 99=77055, 99.9=550911, 99.99=607743] [UPDATE: Count=16366, Max=721407, Min=869, Avg=9896.59, 90=16431, 99=80319, 99.9=574463, 99.99=598527] [READ-FAILED: Count=4, Max=2219, Min=1382, Avg=1735.25, 90=2219, 99=2219, 99.9=2219, 99.99=2219] 
2020-09-24 09:51:37:640 70 sec: 181232 operations; 1994.2 current ops/sec; est completion in 1 hour 3 minutes [READ: Count=9924, Max=931839, Min=805, Avg=14667.34, 90=17471, 99=510207, 99.9=698879, 99.99=895999] [UPDATE: Count=10016, Max=974335, Min=807, Avg=17068.31, 90=17791, 99=517887, 99.9=858623, 99.99=961535] [READ-FAILED: Count=2, Max=3511, Min=2824, Avg=3168, 90=3511, 99=3511, 99.9=3511, 99.99=3511] 
2020-09-24 09:51:47:640 80 sec: 207392 operations; 2616 current ops/sec; est completion in 1 hour 2 minutes [READ: Count=13006, Max=864767, Min=700, Avg=11857.54, 90=16575, 99=212735, 99.9=687103, 99.99=861695] [UPDATE: Count=13135, Max=826879, Min=839, Avg=12454.61, 90=16447, 99=475391, 99.9=677375, 99.99=707583] [READ-FAILED: Count=4, Max=3021, Min=975, Avg=1908.75, 90=3021, 99=3021, 99.9=3021, 99.99=3021] 
2020-09-24 09:51:57:640 90 sec: 236735 operations; 2934.3 current ops/sec; est completion in 1 hour 1 minute [READ: Count=14657, Max=599551, Min=776, Avg=11105.82, 90=17455, 99=288511, 99.9=542719, 99.99=598015] [UPDATE: Count=14696, Max=602111, Min=810, Avg=11118.9, 90=17375, 99=274687, 99.9=541183, 99.99=601087] [READ-FAILED: Count=3, Max=3271, Min=2662, Avg=2954.33, 90=3271, 99=3271, 99.9=3271, 99.99=3271] 
2020-09-24 09:52:07:640 100 sec: 262014 operations; 2527.9 current ops/sec; est completion in 1 hour 1 minute [READ: Count=12544, Max=855039, Min=842, Avg=12731.94, 90=16863, 99=275199, 99.9=702975, 99.99=851967] [UPDATE: Count=12729, Max=850943, Min=787, Avg=12271.18, 90=16863, 99=253311, 99.9=710143, 99.99=814591] [READ-FAILED: Count=3, Max=5487, Min=3534, Avg=4730.33, 90=5487, 99=5487, 99.9=5487, 99.99=5487] 
2020-09-24 09:52:17:640 110 sec: 288018 operations; 2600.4 current ops/sec; est completion in 1 hour 1 minute [READ: Count=12963, Max=909311, Min=880, Avg=12332.86, 90=16151, 99=499711, 99.9=699903, 99.99=726015] [UPDATE: Count=13042, Max=1005567, Min=842, Avg=12314.88, 90=15703, 99=509695, 99.9=671231, 99.99=904703] [READ-FAILED: Count=0, Max=0, Min=9223372036854775807, Avg=NaN, 90=0, 99=0, 99.9=0, 99.99=0] 
2020-09-24 09:52:27:640 120 sec: 324192 operations; 3617.4 current ops/sec; est completion in 59 minutes [READ: Count=18143, Max=595967, Min=780, Avg=8623.4, 90=17103, 99=46527, 99.9=524287, 99.99=581119] [UPDATE: Count=18026, Max=564223, Min=758, Avg=9041.71, 90=16863, 99=53119, 99.9=528895, 99.99=559615] [READ-FAILED: Count=3, Max=6203, Min=2284, Avg=3599.33, 90=6203, 99=6203, 99.9=6203, 99.99=6203] 
2020-09-24 09:52:37:640 130 sec: 352074 operations; 2788.2 current ops/sec; est completion in 59 minutes [READ: Count=13897, Max=1019391, Min=864, Avg=10714.47, 90=16367, 99=99711, 99.9=560127, 99.99=1001471] [UPDATE: Count=13978, Max=1015807, Min=840, Avg=11930.6, 90=16495, 99=510207, 99.9=638975, 99.99=1009151] [READ-FAILED: Count=3, Max=3923, Min=2676, Avg=3235.67, 90=3923, 99=3923, 99.9=3923, 99.99=3923] 
2020-09-24 09:52:47:643 140 sec: 378727 operations; 2664.77 current ops/sec; est completion in 59 minutes [READ: Count=13340, Max=837631, Min=790, Avg=12276.16, 90=16927, 99=220159, 99.9=761855, 99.99=835071] [UPDATE: Count=13315, Max=847359, Min=881, Avg=11930.59, 90=16231, 99=213887, 99.9=698879, 99.99=842239] [READ-FAILED: Count=3, Max=4595, Min=1988, Avg=3073, 90=4595, 99=4595, 99.9=4595, 99.99=4595] 
2020-09-24 09:52:57:640 150 sec: 412453 operations; 3373.27 current ops/sec; est completion in 58 minutes [READ: Count=16867, Max=998911, Min=825, Avg=9646.26, 90=16783, 99=67135, 99.9=585215, 99.99=847359] [UPDATE: Count=16848, Max=1009151, Min=736, Avg=9483.14, 90=16511, 99=69183, 99.9=568831, 99.99=993791] [READ-FAILED: Count=4, Max=3499, Min=1256, Avg=2420.25, 90=3499, 99=3499, 99.9=3499, 99.99=3499] 
2020-09-24 09:53:07:640 160 sec: 443170 operations; 3071.7 current ops/sec; est completion in 57 minutes [READ: Count=15410, Max=1011711, Min=807, Avg=10441.78, 90=16255, 99=83263, 99.9=588287, 99.99=988159] [UPDATE: Count=15319, Max=1008639, Min=795, Avg=10444.15, 90=16543, 99=81919, 99.9=585727, 99.99=939007] [READ-FAILED: Count=1, Max=2703, Min=2702, Avg=2703, 90=2703, 99=2703, 99.9=2703, 99.99=2703] 
2020-09-24 09:53:17:640 170 sec: 458763 operations; 1559.3 current ops/sec; est completion in 58 minutes [READ: Count=7832, Max=1149951, Min=813, Avg=21227.19, 90=17263, 99=529407, 99.9=1005567, 99.99=1146879] [UPDATE: Count=7743, Max=1147903, Min=907, Avg=19804.11, 90=17455, 99=525823, 99.9=1004031, 99.99=1146879] [READ-FAILED: Count=2, Max=3167, Min=1899, Avg=2533, 90=3167, 99=3167, 99.9=3167, 99.99=3167] 
2020-09-24 09:53:27:640 180 sec: 484476 operations; 2571.3 current ops/sec; est completion in 58 minutes [READ: Count=12800, Max=830463, Min=879, Avg=12356.7, 90=16495, 99=483327, 99.9=789503, 99.99=827391] [UPDATE: Count=12919, Max=835071, Min=774, Avg=12607.58, 90=16431, 99=344575, 99.9=804351, 99.99=832511] [READ-FAILED: Count=3, Max=2809, Min=1479, Avg=1971.33, 90=2809, 99=2809, 99.9=2809, 99.99=2809] 
2020-09-24 09:53:37:640 190 sec: 517986 operations; 3351 current ops/sec; est completion in 57 minutes [READ: Count=16650, Max=634367, Min=779, Avg=9448.15, 90=16687, 99=78655, 99.9=528383, 99.99=604671] [UPDATE: Count=16855, Max=603647, Min=860, Avg=9246.62, 90=16527, 99=81919, 99.9=524287, 99.99=568319] [READ-FAILED: Count=4, Max=3511, Min=2144, Avg=2668.5, 90=3511, 99=3511, 99.9=3511, 99.99=3511] 
2020-09-24 09:53:47:640 200 sec: 545228 operations; 2724.2 current ops/sec; est completion in 57 minutes [READ: Count=13659, Max=811007, Min=813, Avg=11210.44, 90=17439, 99=159487, 99.9=578047, 99.99=806399] [UPDATE: Count=13574, Max=818687, Min=701, Avg=11951.03, 90=17327, 99=281087, 99.9=595967, 99.99=815103] [READ-FAILED: Count=1, Max=2819, Min=2818, Avg=2819, 90=2819, 99=2819, 99.9=2819, 99.99=2819] 
2020-09-24 09:53:57:640 210 sec: 571763 operations; 2653.5 current ops/sec; est completion in 57 minutes [READ: Count=13226, Max=864767, Min=842, Avg=12045.18, 90=15663, 99=235135, 99.9=727551, 99.99=854015] [UPDATE: Count=13316, Max=926719, Min=773, Avg=12717.73, 90=16215, 99=510975, 99.9=728063, 99.99=902655] [READ-FAILED: Count=4, Max=2563, Min=911, Avg=1791.75, 90=2563, 99=2563, 99.9=2563, 99.99=2563] 
2020-09-24 09:54:07:640 220 sec: 601606 operations; 2984.3 current ops/sec; est completion in 57 minutes [READ: Count=14843, Max=705535, Min=885, Avg=10923.38, 90=16135, 99=191231, 99.9=571903, 99.99=700415] [UPDATE: Count=14986, Max=763903, Min=850, Avg=10485.72, 90=15871, 99=108991, 99.9=585215, 99.99=701439] [READ-FAILED: Count=5, Max=5123, Min=2540, Avg=3888.6, 90=5123, 99=5123, 99.9=5123, 99.99=5123] 
2020-09-24 09:54:17:640 230 sec: 635055 operations; 3344.9 current ops/sec; est completion in 56 minutes [READ: Count=16603, Max=675327, Min=864, Avg=9494.92, 90=16895, 99=72127, 99.9=537599, 99.99=572927] [UPDATE: Count=16847, Max=677375, Min=758, Avg=9615, 90=16911, 99=76415, 99.9=541183, 99.99=588799] [READ-FAILED: Count=3, Max=4811, Min=1206, Avg=2621.67, 90=4811, 99=4811, 99.9=4811, 99.99=4811] 
2020-09-24 09:54:27:640 240 sec: 664453 operations; 2939.8 current ops/sec; est completion in 56 minutes [READ: Count=14802, Max=651263, Min=840, Avg=10663.91, 90=16415, 99=102655, 99.9=560127, 99.99=650239] [UPDATE: Count=14591, Max=649727, Min=792, Avg=11010.85, 90=16335, 99=109503, 99.9=589823, 99.99=649727] [READ-FAILED: Count=1, Max=2465, Min=2464, Avg=2465, 90=2465, 99=2465, 99.9=2465, 99.99=2465] 
2020-09-24 09:54:37:640 250 sec: 689254 operations; 2480.1 current ops/sec; est completion in 56 minutes [READ: Count=12456, Max=932351, Min=823, Avg=13250.47, 90=16687, 99=271103, 99.9=767999, 99.99=932351] [UPDATE: Count=12355, Max=931327, Min=827, Avg=12848.23, 90=16719, 99=258175, 99.9=843263, 99.99=928255] [READ-FAILED: Count=3, Max=3529, Min=1991, Avg=2601, 90=3529, 99=3529, 99.9=3529, 99.99=3529] 
2020-09-24 09:54:47:640 260 sec: 720065 operations; 3081.1 current ops/sec; est completion in 55 minutes [READ: Count=15429, Max=995327, Min=867, Avg=10275.07, 90=16031, 99=89791, 99.9=547839, 99.99=991231] [UPDATE: Count=15367, Max=971263, Min=832, Avg=10319.88, 90=16047, 99=87935, 99.9=542207, 99.99=584191] [READ-FAILED: Count=4, Max=3339, Min=1340, Avg=2339.75, 90=3339, 99=3339, 99.9=3339, 99.99=3339] 
2020-09-24 09:54:57:640 270 sec: 744546 operations; 2448.1 current ops/sec; est completion in 55 minutes [READ: Count=12177, Max=818175, Min=774, Avg=12765.23, 90=18319, 99=321023, 99.9=622591, 99.99=800767] [UPDATE: Count=12299, Max=1008127, Min=857, Avg=12992.67, 90=18575, 99=294655, 99.9=770559, 99.99=1001983] [READ-FAILED: Count=1, Max=1557, Min=1557, Avg=1557, 90=1557, 99=1557, 99.9=1557, 99.99=1557] 
2020-09-24 09:55:07:640 280 sec: 764688 operations; 2014.2 current ops/sec; est completion in 56 minutes [READ: Count=9888, Max=1089535, Min=862, Avg=15450.18, 90=16431, 99=508927, 99.9=936447, 99.99=1084415] [UPDATE: Count=10262, Max=1088511, Min=750, Avg=16606.4, 90=16687, 99=512511, 99.9=915455, 99.99=1035263] [READ-FAILED: Count=0, Max=0, Min=9223372036854775807, Avg=NaN, 90=0, 99=0, 99.9=0, 99.99=0] 
2020-09-24 09:55:17:640 290 sec: 790230 operations; 2554.2 current ops/sec; est completion in 56 minutes [READ: Count=12821, Max=846847, Min=815, Avg=12070.32, 90=16327, 99=508671, 99.9=586239, 99.99=842239] [UPDATE: Count=12720, Max=797183, Min=834, Avg=12823.92, 90=16703, 99=511743, 99.9=588799, 99.99=789503] [READ-FAILED: Count=0, Max=0, Min=9223372036854775807, Avg=NaN, 90=0, 99=0, 99.9=0, 99.99=0] 
2020-09-24 09:55:27:640 300 sec: 823035 operations; 3280.5 current ops/sec; est completion in 55 minutes [READ: Count=16411, Max=886783, Min=769, Avg=10289.06, 90=16063, 99=84031, 99.9=545279, 99.99=805375] [UPDATE: Count=16389, Max=1015807, Min=804, Avg=9551.67, 90=16335, 99=70271, 99.9=548863, 99.99=644095] [READ-FAILED: Count=4, Max=15735, Min=1629, Avg=5477.75, 90=15735, 99=15735, 99.9=15735, 99.99=15735] 
Maximum time elapsed. Requesting stop for the workload.
Stop requested for workload. Now Joining!
[36m09:55:27.998[m [[34;1mINFO[m] [1;34mp.u.t.s.y.Stats.clientFinished@38[m: 
Ended SconeKV benchmark.
Number of clients: 32
Total transactions: 164645
Committed: 164592 (99.967804%)
Aborted: 53 (0.03219047%)
2020-09-24 09:55:27:999 300 sec: 823286 operations; 699.16 current ops/sec; est completion in 55 minutes [READ: Count=129, Max=514303, Min=1158, Avg=10349.58, 90=18047, 99=23263, 99.9=514303, 99.99=514303] [CLEANUP: Count=32, Max=1501, Min=2, Avg=50.31, 90=6, 99=1501, 99.9=1501, 99.99=1501] [UPDATE: Count=116, Max=512255, Min=1114, Avg=15897.64, 90=20223, 99=508415, 99.9=512255, 99.99=512255] [READ-FAILED: Count=0, Max=0, Min=9223372036854775807, Avg=NaN, 90=0, 99=0, 99.9=0, 99.99=0] 
[OVERALL], RunTime(ms), 300359
[OVERALL], Throughput(ops/sec), 2741.006595440789
[TOTAL_GCS_G1_Young_Generation], Count, 116
[TOTAL_GC_TIME_G1_Young_Generation], Time(ms), 968
[TOTAL_GC_TIME_%_G1_Young_Generation], Time(%), 0.3222810037322005
[TOTAL_GCS_G1_Old_Generation], Count, 0
[TOTAL_GC_TIME_G1_Old_Generation], Time(ms), 0
[TOTAL_GC_TIME_%_G1_Old_Generation], Time(%), 0.0
[TOTAL_GCs], Count, 116
[TOTAL_GC_TIME], Time(ms), 968
[TOTAL_GC_TIME_%], Time(%), 0.3222810037322005
[READ], Operations, 411427
[READ], AverageLatency(us), 11530.76855918547
[READ], MinLatency(us), 250
[READ], MaxLatency(us), 1149951
[READ], 95thPercentileLatency(us), 21151
[READ], 99thPercentileLatency(us), 220543
[READ], Return=OK, 411427
[READ], Return=NOT_FOUND, 87
[CLEANUP], Operations, 32
[CLEANUP], AverageLatency(us), 50.3125
[CLEANUP], MinLatency(us), 2
[CLEANUP], MaxLatency(us), 1501
[CLEANUP], 95thPercentileLatency(us), 7
[CLEANUP], 99thPercentileLatency(us), 1501
[UPDATE], Operations, 411772
[UPDATE], AverageLatency(us), 11634.9707556609
[UPDATE], MinLatency(us), 701
[UPDATE], MaxLatency(us), 1147903
[UPDATE], 95thPercentileLatency(us), 21183
[UPDATE], 99thPercentileLatency(us), 226943
[UPDATE], Return=OK, 411772
[READ-FAILED], Operations, 87
[READ-FAILED], AverageLatency(us), 3356.2183908045977
[READ-FAILED], MinLatency(us), 911
[READ-FAILED], MaxLatency(us), 36703
[READ-FAILED], 95thPercentileLatency(us), 5783
[READ-FAILED], 99thPercentileLatency(us), 15735
