Command line: -t -db pt.ulisboa.tecnico.sconekv.ycsb.SconeKVClient -P workloada -threads 64 -s -p scone.tx_size=5 -p operationcount=10000000 -p maxexecutiontime=300
YCSB Client 0.17.0

Loading workload...
Starting test.
WARNING: sun.reflect.Reflection.getCallerClass is not supported. This will impact performance.
2020-09-07 15:05:44:237 0 sec: 0 operations; est completion in 0 second 
Maximum execution time specified as: 300 secs
DBWrapper: report latency for each error is false and specific error codes to track for latency are: []
DBWrapper: report latency for each error is false and specific error codes to track for latency are: []
DBWrapper: report latency for each error is false and specific error codes to track for latency are: []
DBWrapper: report latency for each error is false and specific error codes to track for latency are: []
DBWrapper: report latency for each error is false and specific error codes to track for latency are: []
DBWrapper: report latency for each error is false and specific error codes to track for latency are: []
DBWrapper: report latency for each error is false and specific error codes to track for latency are: []
DBWrapper: report latency for each error is false and specific error codes to track for latency are: []
DBWrapper: report latency for each error is false and specific error codes to track for latency are: []
DBWrapper: report latency for each error is false and specific error codes to track for latency are: []
DBWrapper: report latency for each error is false and specific error codes to track for latency are: []
DBWrapper: report latency for each error is false and specific error codes to track for latency are: []
DBWrapper: report latency for each error is false and specific error codes to track for latency are: []
DBWrapper: report latency for each error is false and specific error codes to track for latency are: []
DBWrapper: report latency for each error is false and specific error codes to track for latency are: []
DBWrapper: report latency for each error is false and specific error codes to track for latency are: []
DBWrapper: report latency for each error is false and specific error codes to track for latency are: []
DBWrapper: report latency for each error is false and specific error codes to track for latency are: []
DBWrapper: report latency for each error is false and specific error codes to track for latency are: []
DBWrapper: report latency for each error is false and specific error codes to track for latency are: []
DBWrapper: report latency for each error is false and specific error codes to track for latency are: []
DBWrapper: report latency for each error is false and specific error codes to track for latency are: []
DBWrapper: report latency for each error is false and specific error codes to track for latency are: []
DBWrapper: report latency for each error is false and specific error codes to track for latency are: []
DBWrapper: report latency for each error is false and specific error codes to track for latency are: []
DBWrapper: report latency for each error is false and specific error codes to track for latency are: []
DBWrapper: report latency for each error is false and specific error codes to track for latency are: []
DBWrapper: report latency for each error is false and specific error codes to track for latency are: []
DBWrapper: report latency for each error is false and specific error codes to track for latency are: []
DBWrapper: report latency for each error is false and specific error codes to track for latency are: []
DBWrapper: report latency for each error is false and specific error codes to track for latency are: []
DBWrapper: report latency for each error is false and specific error codes to track for latency are: []
DBWrapper: report latency for each error is false and specific error codes to track for latency are: []
DBWrapper: report latency for each error is false and specific error codes to track for latency are: []
DBWrapper: report latency for each error is false and specific error codes to track for latency are: []
DBWrapper: report latency for each error is false and specific error codes to track for latency are: []
DBWrapper: report latency for each error is false and specific error codes to track for latency are: []
DBWrapper: report latency for each error is false and specific error codes to track for latency are: []
DBWrapper: report latency for each error is false and specific error codes to track for latency are: []
DBWrapper: report latency for each error is false and specific error codes to track for latency are: []
DBWrapper: report latency for each error is false and specific error codes to track for latency are: []
DBWrapper: report latency for each error is false and specific error codes to track for latency are: []
DBWrapper: report latency for each error is false and specific error codes to track for latency are: []
DBWrapper: report latency for each error is false and specific error codes to track for latency are: []
DBWrapper: report latency for each error is false and specific error codes to track for latency are: []
DBWrapper: report latency for each error is false and specific error codes to track for latency are: []
DBWrapper: report latency for each error is false and specific error codes to track for latency are: []
DBWrapper: report latency for each error is false and specific error codes to track for latency are: []
DBWrapper: report latency for each error is false and specific error codes to track for latency are: []
DBWrapper: report latency for each error is false and specific error codes to track for latency are: []
DBWrapper: report latency for each error is false and specific error codes to track for latency are: []
DBWrapper: report latency for each error is false and specific error codes to track for latency are: []
DBWrapper: report latency for each error is false and specific error codes to track for latency are: []
DBWrapper: report latency for each error is false and specific error codes to track for latency are: []
DBWrapper: report latency for each error is false and specific error codes to track for latency are: []
DBWrapper: report latency for each error is false and specific error codes to track for latency are: []
DBWrapper: report latency for each error is false and specific error codes to track for latency are: []
DBWrapper: report latency for each error is false and specific error codes to track for latency are: []
DBWrapper: report latency for each error is false and specific error codes to track for latency are: []
DBWrapper: report latency for each error is false and specific error codes to track for latency are: []
DBWrapper: report latency for each error is false and specific error codes to track for latency are: []
DBWrapper: report latency for each error is false and specific error codes to track for latency are: []
DBWrapper: report latency for each error is false and specific error codes to track for latency are: []
DBWrapper: report latency for each error is false and specific error codes to track for latency are: []
2020-09-07 15:05:54:234 10 sec: 12023 operations; 1202.18 current ops/sec; est completion in 2 hours 18 minutes [READ: Count=6112, Max=940031, Min=2, Avg=31844.14, 90=65183, 99=349439, 99.9=607743, 99.99=727551] [UPDATE: Count=5979, Max=905215, Min=11, Avg=34017.42, 90=68671, 99=487935, 99.9=685567, 99.99=887295] [READ-FAILED: Count=7, Max=44447, Min=3256, Avg=13224.86, 90=24255, 99=44447, 99.9=44447, 99.99=44447] 
2020-09-07 15:06:04:233 20 sec: 37687 operations; 2566.66 current ops/sec; est completion in 1 hour 28 minutes [READ: Count=12820, Max=1356799, Min=1, Avg=25742.36, 90=46751, 99=524799, 99.9=955903, 99.99=1310719] [UPDATE: Count=12765, Max=1390591, Min=2, Avg=24166.74, 90=47487, 99=515071, 99.9=724991, 99.99=1302527] [READ-FAILED: Count=21, Max=14679, Min=2536, Avg=5841.29, 90=10911, 99=14679, 99.9=14679, 99.99=14679] 
2020-09-07 15:06:14:233 30 sec: 72778 operations; 3508.75 current ops/sec; est completion in 1 hour 8 minutes [READ: Count=17348, Max=779775, Min=0, Avg=17839.87, 90=40351, 99=267007, 99.9=558079, 99.99=665599] [UPDATE: Count=17731, Max=890879, Min=1, Avg=18759.07, 90=41919, 99=307199, 99.9=561663, 99.99=688127] [READ-FAILED: Count=20, Max=46335, Min=1795, Avg=6718.3, 90=11303, 99=46335, 99.9=46335, 99.99=46335] 
2020-09-07 15:06:24:233 40 sec: 105636 operations; 3285.8 current ops/sec; est completion in 1 hour 2 minutes [READ: Count=16185, Max=1034751, Min=0, Avg=19341.16, 90=36607, 99=431103, 99.9=966655, 99.99=1015807] [UPDATE: Count=16649, Max=1017855, Min=2, Avg=19482.21, 90=36703, 99=449279, 99.9=700927, 99.99=1011199] [READ-FAILED: Count=18, Max=8407, Min=1832, Avg=3493.72, 90=4503, 99=8407, 99.9=8407, 99.99=8407] 
2020-09-07 15:06:34:233 50 sec: 137961 operations; 3232.5 current ops/sec; est completion in 59 minutes [READ: Count=16238, Max=1176575, Min=1, Avg=18708.97, 90=35071, 99=430079, 99.9=589823, 99.99=740351] [UPDATE: Count=16067, Max=997375, Min=4, Avg=20765.14, 90=37567, 99=475391, 99.9=696319, 99.99=935423] [READ-FAILED: Count=14, Max=4963, Min=1993, Avg=3104.36, 90=3655, 99=4963, 99.9=4963, 99.99=4963] 
2020-09-07 15:06:44:233 60 sec: 172221 operations; 3426 current ops/sec; est completion in 57 minutes [READ: Count=17054, Max=998911, Min=1, Avg=18076.03, 90=35359, 99=415231, 99.9=586239, 99.99=799231] [UPDATE: Count=17183, Max=914431, Min=1, Avg=19050.35, 90=36095, 99=445439, 99.9=605695, 99.99=720895] [READ-FAILED: Count=22, Max=29087, Min=2052, Avg=5899.23, 90=12255, 99=29087, 99.9=29087, 99.99=29087] 
2020-09-07 15:06:54:233 70 sec: 204298 operations; 3208.02 current ops/sec; est completion in 55 minutes [READ: Count=16192, Max=1051647, Min=0, Avg=19865.59, 90=38239, 99=491263, 99.9=716287, 99.99=1005567] [UPDATE: Count=15871, Max=1027071, Min=3, Avg=20445.18, 90=38655, 99=517119, 99.9=694271, 99.99=951807] [READ-FAILED: Count=17, Max=5111, Min=1919, Avg=3082.12, 90=4435, 99=5111, 99.9=5111, 99.99=5111] 
2020-09-07 15:07:04:233 80 sec: 237460 operations; 3315.87 current ops/sec; est completion in 54 minutes [READ: Count=16655, Max=886271, Min=0, Avg=18882.88, 90=37503, 99=431103, 99.9=606207, 99.99=822271] [UPDATE: Count=16491, Max=862207, Min=1, Avg=19791.95, 90=37887, 99=444671, 99.9=622591, 99.99=848383] [READ-FAILED: Count=16, Max=17679, Min=1792, Avg=4371.88, 90=5263, 99=17679, 99.9=17679, 99.99=17679] 
2020-09-07 15:07:14:233 90 sec: 271788 operations; 3432.8 current ops/sec; est completion in 53 minutes [READ: Count=17137, Max=796159, Min=0, Avg=18338.13, 90=36575, 99=400383, 99.9=551935, 99.99=735743] [UPDATE: Count=17177, Max=641023, Min=1, Avg=19024.39, 90=36927, 99=441599, 99.9=587775, 99.99=631807] [READ-FAILED: Count=20, Max=15407, Min=1977, Avg=3905.4, 90=4859, 99=15407, 99.9=15407, 99.99=15407] 
2020-09-07 15:07:24:233 100 sec: 305729 operations; 3394.1 current ops/sec; est completion in 52 minutes [READ: Count=16934, Max=736767, Min=0, Avg=17453.73, 90=34719, 99=343551, 99.9=588799, 99.99=718335] [UPDATE: Count=16979, Max=784383, Min=4, Avg=19333.53, 90=36863, 99=439295, 99.9=600575, 99.99=745471] [READ-FAILED: Count=11, Max=12287, Min=2224, Avg=3875, 90=4223, 99=12287, 99.9=12287, 99.99=12287] 
2020-09-07 15:07:34:233 110 sec: 340347 operations; 3462.15 current ops/sec; est completion in 52 minutes [READ: Count=17277, Max=893951, Min=0, Avg=18566.89, 90=37887, 99=445439, 99.9=587263, 99.99=817151] [UPDATE: Count=17326, Max=846847, Min=1, Avg=19241.04, 90=39807, 99=434687, 99.9=590847, 99.99=773631] [READ-FAILED: Count=16, Max=13727, Min=1787, Avg=4277.56, 90=6755, 99=13727, 99.9=13727, 99.99=13727] 
2020-09-07 15:07:44:233 120 sec: 371217 operations; 3087 current ops/sec; est completion in 51 minutes [READ: Count=15535, Max=1492991, Min=0, Avg=19552.3, 90=35103, 99=515839, 99.9=824319, 99.99=1320959] [UPDATE: Count=15319, Max=1537023, Min=1, Avg=21839.7, 90=36543, 99=523519, 99.9=1002495, 99.99=1442815] [READ-FAILED: Count=22, Max=10495, Min=2028, Avg=3649.09, 90=6519, 99=10495, 99.9=10495, 99.99=10495] 
2020-09-07 15:07:54:233 130 sec: 404648 operations; 3342.77 current ops/sec; est completion in 51 minutes [READ: Count=16745, Max=886783, Min=0, Avg=18694.74, 90=38623, 99=375295, 99.9=589311, 99.99=703487] [UPDATE: Count=16660, Max=903679, Min=1, Avg=19610.87, 90=39391, 99=453375, 99.9=600575, 99.99=889343] [READ-FAILED: Count=20, Max=8799, Min=1927, Avg=4066.6, 90=6387, 99=8799, 99.9=8799, 99.99=8799] 
2020-09-07 15:08:04:233 140 sec: 435063 operations; 3041.5 current ops/sec; est completion in 51 minutes [READ: Count=15144, Max=1089535, Min=1, Avg=20529.89, 90=36799, 99=516863, 99.9=643583, 99.99=917503] [UPDATE: Count=15258, Max=1098751, Min=2, Avg=21753.26, 90=38399, 99=515583, 99.9=615935, 99.99=1054719] [READ-FAILED: Count=20, Max=5119, Min=1448, Avg=2876.45, 90=3843, 99=5119, 99.9=5119, 99.99=5119] 
2020-09-07 15:08:14:234 150 sec: 467646 operations; 3258.3 current ops/sec; est completion in 50 minutes [READ: Count=16374, Max=736255, Min=1, Avg=18965.74, 90=35743, 99=426495, 99.9=596991, 99.99=681471] [UPDATE: Count=16188, Max=965631, Min=1, Avg=20239.97, 90=37023, 99=484607, 99.9=612351, 99.99=732671] [READ-FAILED: Count=14, Max=69119, Min=2170, Avg=8267.71, 90=7427, 99=69119, 99.9=69119, 99.99=69119] 
2020-09-07 15:08:24:234 160 sec: 499631 operations; 3198.5 current ops/sec; est completion in 50 minutes [READ: Count=16006, Max=1082367, Min=0, Avg=19459.42, 90=34815, 99=499711, 99.9=720383, 99.99=1007615] [UPDATE: Count=15969, Max=1100799, Min=1, Avg=20240.53, 90=36223, 99=492287, 99.9=654335, 99.99=1031679] [READ-FAILED: Count=9, Max=19039, Min=2468, Avg=4989.67, 90=4991, 99=19039, 99.9=19039, 99.99=19039] 
2020-09-07 15:08:34:234 170 sec: 531521 operations; 3189 current ops/sec; est completion in 50 minutes [READ: Count=15980, Max=771071, Min=0, Avg=19492.31, 90=38335, 99=423935, 99.9=608255, 99.99=748543] [UPDATE: Count=15898, Max=992255, Min=3, Avg=20788.98, 90=38783, 99=475903, 99.9=574975, 99.99=748031] [READ-FAILED: Count=13, Max=21695, Min=1897, Avg=6071.08, 90=17615, 99=21695, 99.9=21695, 99.99=21695] 
2020-09-07 15:08:44:233 180 sec: 565753 operations; 3423.2 current ops/sec; est completion in 50 minutes [READ: Count=17238, Max=798719, Min=0, Avg=18434.29, 90=36063, 99=398335, 99.9=569343, 99.99=762879] [UPDATE: Count=16987, Max=890879, Min=1, Avg=19143.48, 90=36127, 99=428799, 99.9=608767, 99.99=808447] [READ-FAILED: Count=11, Max=24799, Min=1971, Avg=5347.09, 90=7175, 99=24799, 99.9=24799, 99.99=24799] 
2020-09-07 15:08:54:234 190 sec: 599411 operations; 3365.8 current ops/sec; est completion in 49 minutes [READ: Count=16765, Max=829951, Min=1, Avg=18056.02, 90=34623, 99=377343, 99.9=594431, 99.99=788479] [UPDATE: Count=16869, Max=1567743, Min=1, Avg=20021.57, 90=36191, 99=454143, 99.9=684543, 99.99=851967] [READ-FAILED: Count=17, Max=11943, Min=1793, Avg=3832.47, 90=4471, 99=11943, 99.9=11943, 99.99=11943] 
2020-09-07 15:09:04:233 200 sec: 630802 operations; 3139.1 current ops/sec; est completion in 49 minutes [READ: Count=15554, Max=1008639, Min=0, Avg=19583.11, 90=38335, 99=468223, 99.9=586751, 99.99=732159] [UPDATE: Count=15824, Max=813055, Min=3, Avg=20480.67, 90=39519, 99=489727, 99.9=589823, 99.99=720895] [READ-FAILED: Count=13, Max=6027, Min=2104, Avg=3306.77, 90=4747, 99=6027, 99.9=6027, 99.99=6027] 
2020-09-07 15:09:14:234 210 sec: 666167 operations; 3536.5 current ops/sec; est completion in 49 minutes [READ: Count=17699, Max=994815, Min=1, Avg=17627.76, 90=35935, 99=355071, 99.9=573951, 99.99=754687] [UPDATE: Count=17669, Max=935423, Min=1, Avg=19051.93, 90=37151, 99=442879, 99.9=591359, 99.99=817663] [READ-FAILED: Count=14, Max=5843, Min=1897, Avg=3190.36, 90=4563, 99=5843, 99.9=5843, 99.99=5843] 
2020-09-07 15:09:24:233 220 sec: 699661 operations; 3349.73 current ops/sec; est completion in 48 minutes [READ: Count=16871, Max=855551, Min=0, Avg=18446.19, 90=38687, 99=346879, 99.9=594431, 99.99=773631] [UPDATE: Count=16593, Max=1054719, Min=3, Avg=19812.3, 90=39263, 99=421631, 99.9=603647, 99.99=837119] [READ-FAILED: Count=17, Max=6383, Min=1938, Avg=3390.82, 90=4811, 99=6383, 99.9=6383, 99.99=6383] 
2020-09-07 15:09:34:233 230 sec: 735411 operations; 3574.64 current ops/sec; est completion in 48 minutes [READ: Count=17874, Max=874495, Min=0, Avg=17801.27, 90=35391, 99=323839, 99.9=561663, 99.99=706559] [UPDATE: Count=17860, Max=713727, Min=3, Avg=17622.13, 90=36063, 99=284415, 99.9=551935, 99.99=590847] [READ-FAILED: Count=14, Max=6235, Min=1766, Avg=3778.21, 90=6023, 99=6235, 99.9=6235, 99.99=6235] 
2020-09-07 15:09:44:234 240 sec: 768403 operations; 3298.87 current ops/sec; est completion in 48 minutes [READ: Count=16523, Max=929279, Min=0, Avg=18838.11, 90=33887, 99=497151, 99.9=587775, 99.99=824831] [UPDATE: Count=16457, Max=735231, Min=3, Avg=18917.83, 90=34847, 99=416255, 99.9=600575, 99.99=711679] [READ-FAILED: Count=8, Max=8639, Min=1988, Avg=3571.12, 90=4855, 99=8639, 99.9=8639, 99.99=8639] 
2020-09-07 15:09:54:234 250 sec: 802381 operations; 3398.14 current ops/sec; est completion in 47 minutes [READ: Count=16991, Max=1012223, Min=0, Avg=18739.74, 90=36799, 99=445951, 99.9=627711, 99.99=985599] [UPDATE: Count=16976, Max=1027071, Min=2, Avg=19547.07, 90=37503, 99=443647, 99.9=623615, 99.99=1012735] [READ-FAILED: Count=11, Max=28703, Min=2037, Avg=5234.18, 90=3781, 99=28703, 99.9=28703, 99.99=28703] 
2020-09-07 15:10:04:233 260 sec: 832021 operations; 2964 current ops/sec; est completion in 47 minutes [READ: Count=14773, Max=932863, Min=0, Avg=21417.26, 90=40895, 99=517631, 99.9=613887, 99.99=711679] [UPDATE: Count=14854, Max=1015807, Min=3, Avg=21871.96, 90=41279, 99=520191, 99.9=627711, 99.99=984575] [READ-FAILED: Count=13, Max=5759, Min=1831, Avg=3327.31, 90=4703, 99=5759, 99.9=5759, 99.99=5759] 
2020-09-07 15:10:14:233 270 sec: 861589 operations; 2957.1 current ops/sec; est completion in 47 minutes [READ: Count=14859, Max=1206271, Min=1, Avg=21205.58, 90=35711, 99=519167, 99.9=1038847, 99.99=1148927] [UPDATE: Count=14698, Max=1326079, Min=1, Avg=22268.23, 90=37535, 99=522239, 99.9=868863, 99.99=1060863] [READ-FAILED: Count=12, Max=5835, Min=2033, Avg=3371.75, 90=5211, 99=5835, 99.9=5835, 99.99=5835] 
2020-09-07 15:10:24:233 280 sec: 893976 operations; 3238.38 current ops/sec; est completion in 47 minutes [READ: Count=16184, Max=745471, Min=0, Avg=19696.28, 90=42239, 99=386047, 99.9=590335, 99.99=711167] [UPDATE: Count=16204, Max=848383, Min=0, Avg=19819.83, 90=43327, 99=361215, 99.9=588287, 99.99=780799] [READ-FAILED: Count=11, Max=254847, Min=2116, Avg=26678.18, 90=10527, 99=254847, 99.9=254847, 99.99=254847] 
2020-09-07 15:10:34:233 290 sec: 927591 operations; 3361.84 current ops/sec; est completion in 47 minutes [READ: Count=16818, Max=955903, Min=0, Avg=19625.38, 90=38111, 99=478975, 99.9=594431, 99.99=759295] [UPDATE: Count=16771, Max=837631, Min=1, Avg=19002.57, 90=37919, 99=360703, 99.9=586751, 99.99=681471] [READ-FAILED: Count=13, Max=9119, Min=2116, Avg=4218.38, 90=8447, 99=9119, 99.9=9119, 99.99=9119] 
2020-09-07 15:10:44:233 300 sec: 962795 operations; 3520.05 current ops/sec; est completion in 46 minutes [READ: Count=17678, Max=706559, Min=1, Avg=18156.88, 90=38591, 99=352767, 99.9=584703, 99.99=671231] [UPDATE: Count=17534, Max=716799, Min=1, Avg=18116.24, 90=39167, 99=329983, 99.9=587263, 99.99=656383] [READ-FAILED: Count=8, Max=25199, Min=1930, Avg=6451.25, 90=5643, 99=25199, 99.9=25199, 99.99=25199] 
Maximum time elapsed. Requesting stop for the workload.
Stop requested for workload. Now Joining!
[36m15:10:44.796[m [[34;1mINFO[m] [1;34mp.u.t.s.y.Stats.clientFinished@38[m: 
Ended SconeKV benchmark.
Number of clients: 64
Total transactions: 191675
Committed: 134480 (70.16043%)
Aborted: 57195 (29.839573%)
2020-09-07 15:10:44:798 300 sec: 963245 operations; 796.46 current ops/sec; est completion in 47 minutes [READ: Count=215, Max=522751, Min=1652, Avg=27615.34, 90=44095, 99=514303, 99.9=522751, 99.99=522751] [CLEANUP: Count=64, Max=1490, Min=2, Avg=27.94, 90=7, 99=16, 99.9=1490, 99.99=1490] [UPDATE: Count=219, Max=720383, Min=5, Avg=29573.16, 90=43999, 99=518655, 99.9=720383, 99.99=720383] [READ-FAILED: Count=0, Max=0, Min=9223372036854775807, Avg=NaN, 90=0, 99=0, 99.9=0, 99.99=0] 
[OVERALL], RunTime(ms), 300565
[OVERALL], Throughput(ops/sec), 3204.78099579126
[TOTAL_GCS_G1_Young_Generation], Count, 118
[TOTAL_GC_TIME_G1_Young_Generation], Time(ms), 1379
[TOTAL_GC_TIME_%_G1_Young_Generation], Time(%), 0.4588025884584034
[TOTAL_GCS_G1_Old_Generation], Count, 0
[TOTAL_GC_TIME_G1_Old_Generation], Time(ms), 0
[TOTAL_GC_TIME_%_G1_Old_Generation], Time(%), 0.0
[TOTAL_GCs], Count, 118
[TOTAL_GC_TIME], Time(ms), 1379
[TOTAL_GC_TIME_%], Time(%), 0.4588025884584034
[READ], Operations, 481778
[READ], AverageLatency(us), 19283.86605656547
[READ], MinLatency(us), 0
[READ], MaxLatency(us), 1492991
[READ], 95thPercentileLatency(us), 60959
[READ], 99thPercentileLatency(us), 436223
[READ], Return=OK, 481778
[READ], Return=NOT_FOUND, 442
[CLEANUP], Operations, 64
[CLEANUP], AverageLatency(us), 27.9375
[CLEANUP], MinLatency(us), 2
[CLEANUP], MaxLatency(us), 1490
[CLEANUP], 95thPercentileLatency(us), 12
[CLEANUP], 99thPercentileLatency(us), 16
[UPDATE], Operations, 481025
[UPDATE], AverageLatency(us), 20103.180310794658
[UPDATE], MinLatency(us), 0
[UPDATE], MaxLatency(us), 1567743
[UPDATE], 95thPercentileLatency(us), 64703
[UPDATE], 99thPercentileLatency(us), 458239
[UPDATE], Return=OK, 481025
[READ-FAILED], Operations, 442
[READ-FAILED], AverageLatency(us), 5085.7692307692305
[READ-FAILED], MinLatency(us), 1448
[READ-FAILED], MaxLatency(us), 254847
[READ-FAILED], 95thPercentileLatency(us), 11751
[READ-FAILED], 99thPercentileLatency(us), 29087
