Command line: -t -db pt.ulisboa.tecnico.sconekv.ycsb.SconeKVClient -P workloadc -threads 64 -s -p scone.tx_size=5 -p operationcount=10000000 -p maxexecutiontime=300
YCSB Client 0.17.0

Loading workload...
Starting test.
WARNING: sun.reflect.Reflection.getCallerClass is not supported. This will impact performance.
2020-09-09 16:25:26:823 0 sec: 0 operations; est completion in 0 second 
Maximum execution time specified as: 300 secs
DBWrapper: report latency for each error is false and specific error codes to track for latency are: []
DBWrapper: report latency for each error is false and specific error codes to track for latency are: []
DBWrapper: report latency for each error is false and specific error codes to track for latency are: []
DBWrapper: report latency for each error is false and specific error codes to track for latency are: []
DBWrapper: report latency for each error is false and specific error codes to track for latency are: []
DBWrapper: report latency for each error is false and specific error codes to track for latency are: []
DBWrapper: report latency for each error is false and specific error codes to track for latency are: []
DBWrapper: report latency for each error is false and specific error codes to track for latency are: []
DBWrapper: report latency for each error is false and specific error codes to track for latency are: []
DBWrapper: report latency for each error is false and specific error codes to track for latency are: []
DBWrapper: report latency for each error is false and specific error codes to track for latency are: []
DBWrapper: report latency for each error is false and specific error codes to track for latency are: []
DBWrapper: report latency for each error is false and specific error codes to track for latency are: []
DBWrapper: report latency for each error is false and specific error codes to track for latency are: []
DBWrapper: report latency for each error is false and specific error codes to track for latency are: []
DBWrapper: report latency for each error is false and specific error codes to track for latency are: []
DBWrapper: report latency for each error is false and specific error codes to track for latency are: []
DBWrapper: report latency for each error is false and specific error codes to track for latency are: []
DBWrapper: report latency for each error is false and specific error codes to track for latency are: []
DBWrapper: report latency for each error is false and specific error codes to track for latency are: []
DBWrapper: report latency for each error is false and specific error codes to track for latency are: []
DBWrapper: report latency for each error is false and specific error codes to track for latency are: []
DBWrapper: report latency for each error is false and specific error codes to track for latency are: []
DBWrapper: report latency for each error is false and specific error codes to track for latency are: []
DBWrapper: report latency for each error is false and specific error codes to track for latency are: []
DBWrapper: report latency for each error is false and specific error codes to track for latency are: []
DBWrapper: report latency for each error is false and specific error codes to track for latency are: []
DBWrapper: report latency for each error is false and specific error codes to track for latency are: []
DBWrapper: report latency for each error is false and specific error codes to track for latency are: []
DBWrapper: report latency for each error is false and specific error codes to track for latency are: []
DBWrapper: report latency for each error is false and specific error codes to track for latency are: []
DBWrapper: report latency for each error is false and specific error codes to track for latency are: []
DBWrapper: report latency for each error is false and specific error codes to track for latency are: []
DBWrapper: report latency for each error is false and specific error codes to track for latency are: []
DBWrapper: report latency for each error is false and specific error codes to track for latency are: []
DBWrapper: report latency for each error is false and specific error codes to track for latency are: []
DBWrapper: report latency for each error is false and specific error codes to track for latency are: []
DBWrapper: report latency for each error is false and specific error codes to track for latency are: []
DBWrapper: report latency for each error is false and specific error codes to track for latency are: []
DBWrapper: report latency for each error is false and specific error codes to track for latency are: []
DBWrapper: report latency for each error is false and specific error codes to track for latency are: []
DBWrapper: report latency for each error is false and specific error codes to track for latency are: []
DBWrapper: report latency for each error is false and specific error codes to track for latency are: []
DBWrapper: report latency for each error is false and specific error codes to track for latency are: []
DBWrapper: report latency for each error is false and specific error codes to track for latency are: []
DBWrapper: report latency for each error is false and specific error codes to track for latency are: []
DBWrapper: report latency for each error is false and specific error codes to track for latency are: []
DBWrapper: report latency for each error is false and specific error codes to track for latency are: []
DBWrapper: report latency for each error is false and specific error codes to track for latency are: []
DBWrapper: report latency for each error is false and specific error codes to track for latency are: []
DBWrapper: report latency for each error is false and specific error codes to track for latency are: []
DBWrapper: report latency for each error is false and specific error codes to track for latency are: []
DBWrapper: report latency for each error is false and specific error codes to track for latency are: []
DBWrapper: report latency for each error is false and specific error codes to track for latency are: []
DBWrapper: report latency for each error is false and specific error codes to track for latency are: []
DBWrapper: report latency for each error is false and specific error codes to track for latency are: []
DBWrapper: report latency for each error is false and specific error codes to track for latency are: []
DBWrapper: report latency for each error is false and specific error codes to track for latency are: []
DBWrapper: report latency for each error is false and specific error codes to track for latency are: []
DBWrapper: report latency for each error is false and specific error codes to track for latency are: []
DBWrapper: report latency for each error is false and specific error codes to track for latency are: []
DBWrapper: report latency for each error is false and specific error codes to track for latency are: []
DBWrapper: report latency for each error is false and specific error codes to track for latency are: []
DBWrapper: report latency for each error is false and specific error codes to track for latency are: []
2020-09-09 16:25:36:822 10 sec: 17134 operations; 1713.23 current ops/sec; est completion in 1 hour 37 minutes [READ: Count=17052, Max=773631, Min=3, Avg=21746.15, 90=38687, 99=197503, 99.9=601087, 99.99=696831] [READ-FAILED: Count=90, Max=115647, Min=1, Avg=10215.48, 90=19935, 99=41439, 99.9=115647, 99.99=115647] 
2020-09-09 16:25:46:822 20 sec: 56246 operations; 3911.59 current ops/sec; est completion in 58 minutes [READ: Count=38943, Max=609279, Min=2, Avg=15959.26, 90=26783, 99=520447, 99.9=554495, 99.99=585215] [READ-FAILED: Count=161, Max=80383, Min=0, Avg=4879.48, 90=7535, 99=20991, 99.9=80383, 99.99=80383] 
2020-09-09 16:25:56:822 30 sec: 92773 operations; 3652.7 current ops/sec; est completion in 53 minutes [READ: Count=36379, Max=966655, Min=2, Avg=17884.77, 90=31455, 99=524799, 99.9=563711, 99.99=578559] [READ-FAILED: Count=152, Max=21983, Min=1, Avg=3968.89, 90=5711, 99=16495, 99.9=21983, 99.99=21983] 
2020-09-09 16:26:06:822 40 sec: 137220 operations; 4444.7 current ops/sec; est completion in 47 minutes [READ: Count=44250, Max=638975, Min=2, Avg=14529.28, 90=27855, 99=138367, 99.9=558079, 99.99=587263] [READ-FAILED: Count=198, Max=131839, Min=1523, Avg=6965.7, 90=10599, 99=32527, 99.9=131839, 99.99=131839] 
2020-09-09 16:26:16:822 50 sec: 175357 operations; 3813.7 current ops/sec; est completion in 46 minutes [READ: Count=37971, Max=585727, Min=3, Avg=16528.17, 90=26767, 99=521215, 99.9=559615, 99.99=579583] [READ-FAILED: Count=166, Max=151935, Min=1, Avg=6298.7, 90=8983, 99=61855, 99.9=151935, 99.99=151935] 
2020-09-09 16:26:26:822 60 sec: 217152 operations; 4179.5 current ops/sec; est completion in 45 minutes [READ: Count=41594, Max=705535, Min=2, Avg=15619.13, 90=29087, 99=516095, 99.9=569343, 99.99=621567] [READ-FAILED: Count=204, Max=20527, Min=1515, Avg=4124.8, 90=6551, 99=16303, 99.9=20527, 99.99=20527] 
2020-09-09 16:26:36:822 70 sec: 258811 operations; 4165.9 current ops/sec; est completion in 43 minutes [READ: Count=41457, Max=600575, Min=2, Avg=15316.01, 90=29103, 99=153343, 99.9=560639, 99.99=581631] [READ-FAILED: Count=194, Max=93695, Min=1, Avg=5961.77, 90=10383, 99=21887, 99.9=93695, 99.99=93695] 
2020-09-09 16:26:46:822 80 sec: 300285 operations; 4147.4 current ops/sec; est completion in 43 minutes [READ: Count=41274, Max=1026559, Min=2, Avg=15455.07, 90=26431, 99=517887, 99.9=572927, 99.99=621567] [READ-FAILED: Count=201, Max=19407, Min=1, Avg=4475.08, 90=8015, 99=15543, 99.9=19407, 99.99=19407] 
2020-09-09 16:26:56:821 90 sec: 337635 operations; 3735 current ops/sec; est completion in 42 minutes [READ: Count=37186, Max=745471, Min=2, Avg=17183.44, 90=28831, 99=520447, 99.9=572927, 99.99=620543] [READ-FAILED: Count=165, Max=164607, Min=1534, Avg=7312.19, 90=12335, 99=60671, 99.9=164607, 99.99=164607] 
2020-09-09 16:27:06:822 100 sec: 375102 operations; 3746.7 current ops/sec; est completion in 42 minutes [READ: Count=37275, Max=634367, Min=2, Avg=16910.71, 90=27615, 99=522239, 99.9=564735, 99.99=619519] [READ-FAILED: Count=194, Max=40351, Min=1, Avg=4410.53, 90=7627, 99=15391, 99.9=40351, 99.99=40351] 
2020-09-09 16:27:16:822 110 sec: 416357 operations; 4125.5 current ops/sec; est completion in 42 minutes [READ: Count=41076, Max=590847, Min=2, Avg=15725.24, 90=25471, 99=519935, 99.9=545279, 99.99=565247] [READ-FAILED: Count=180, Max=18879, Min=1, Avg=4112.34, 90=6895, 99=13543, 99.9=18879, 99.99=18879] 
2020-09-09 16:27:26:822 120 sec: 455739 operations; 3938.2 current ops/sec; est completion in 41 minutes [READ: Count=39197, Max=945663, Min=2, Avg=16335.88, 90=26719, 99=519423, 99.9=561151, 99.99=584191] [READ-FAILED: Count=181, Max=475391, Min=1, Avg=6825.48, 90=7215, 99=15599, 99.9=475391, 99.99=475391] 
2020-09-09 16:27:36:822 130 sec: 495099 operations; 3935.61 current ops/sec; est completion in 41 minutes [READ: Count=39180, Max=634879, Min=2, Avg=16315.47, 90=28095, 99=521727, 99.9=565759, 99.99=605695] [READ-FAILED: Count=180, Max=35519, Min=1, Avg=3973.77, 90=5535, 99=15527, 99.9=35519, 99.99=35519] 
2020-09-09 16:27:46:822 140 sec: 533274 operations; 3817.88 current ops/sec; est completion in 41 minutes [READ: Count=38017, Max=651263, Min=2, Avg=16778.69, 90=30863, 99=520703, 99.9=552959, 99.99=606719] [READ-FAILED: Count=161, Max=80703, Min=1742, Avg=5028.82, 90=7899, 99=20207, 99.9=80703, 99.99=80703] 
2020-09-09 16:27:56:822 150 sec: 578296 operations; 4502.2 current ops/sec; est completion in 40 minutes [READ: Count=44840, Max=592895, Min=2, Avg=14380.94, 90=26671, 99=165887, 99.9=551423, 99.99=586239] [READ-FAILED: Count=186, Max=22031, Min=1, Avg=4252.98, 90=7831, 99=14071, 99.9=22031, 99.99=22031] 
2020-09-09 16:28:06:822 160 sec: 619606 operations; 4131 current ops/sec; est completion in 40 minutes [READ: Count=41106, Max=604671, Min=2, Avg=15424.67, 90=28095, 99=518143, 99.9=548351, 99.99=570879] [READ-FAILED: Count=197, Max=21471, Min=1530, Avg=4199.92, 90=6919, 99=15583, 99.9=21471, 99.99=21471] 
2020-09-09 16:28:16:822 170 sec: 659724 operations; 4011.8 current ops/sec; est completion in 40 minutes [READ: Count=39917, Max=583679, Min=2, Avg=16004.81, 90=26351, 99=521215, 99.9=546815, 99.99=566271] [READ-FAILED: Count=201, Max=47167, Min=1, Avg=4276.83, 90=6395, 99=14783, 99.9=47167, 99.99=47167] 
2020-09-09 16:28:26:822 180 sec: 698678 operations; 3895.4 current ops/sec; est completion in 39 minutes [READ: Count=38778, Max=694271, Min=2, Avg=16562.16, 90=27455, 99=523263, 99.9=554495, 99.99=607743] [READ-FAILED: Count=178, Max=21599, Min=2, Avg=3730.42, 90=5555, 99=17727, 99.9=21599, 99.99=21599] 
2020-09-09 16:28:36:822 190 sec: 742278 operations; 4360 current ops/sec; est completion in 39 minutes [READ: Count=43420, Max=597503, Min=2, Avg=14781.32, 90=27743, 99=136831, 99.9=551423, 99.99=569855] [READ-FAILED: Count=180, Max=81471, Min=1708, Avg=5280.08, 90=8063, 99=22335, 99.9=81471, 99.99=81471] 
2020-09-09 16:28:46:822 200 sec: 783412 operations; 4113.4 current ops/sec; est completion in 39 minutes [READ: Count=40925, Max=634367, Min=2, Avg=15605.69, 90=29695, 99=514559, 99.9=553471, 99.99=606719] [READ-FAILED: Count=207, Max=18767, Min=1, Avg=4032.2, 90=6683, 99=13183, 99.9=18767, 99.99=18767] 
2020-09-09 16:28:56:822 210 sec: 823268 operations; 3985.2 current ops/sec; est completion in 39 minutes [READ: Count=39691, Max=615935, Min=2, Avg=16102.1, 90=30031, 99=517887, 99.9=560127, 99.99=591359] [READ-FAILED: Count=170, Max=69183, Min=1, Avg=4837.31, 90=7727, 99=23999, 99.9=69183, 99.99=69183] 
2020-09-09 16:29:06:822 220 sec: 865229 operations; 4196.52 current ops/sec; est completion in 38 minutes [READ: Count=41770, Max=989183, Min=2, Avg=15219.97, 90=27071, 99=513023, 99.9=552959, 99.99=598527] [READ-FAILED: Count=186, Max=95423, Min=1, Avg=4361.86, 90=5411, 99=26927, 99.9=95423, 99.99=95423] 
2020-09-09 16:29:16:822 230 sec: 905652 operations; 4042.3 current ops/sec; est completion in 38 minutes [READ: Count=40242, Max=652799, Min=2, Avg=15834.78, 90=28351, 99=515839, 99.9=551423, 99.99=578047] [READ-FAILED: Count=185, Max=89855, Min=1, Avg=4646.53, 90=7319, 99=21535, 99.9=89855, 99.99=89855] 
2020-09-09 16:29:26:822 240 sec: 947039 operations; 4138.7 current ops/sec; est completion in 38 minutes [READ: Count=41197, Max=602111, Min=2, Avg=15637.28, 90=26767, 99=518911, 99.9=552959, 99.99=590847] [READ-FAILED: Count=186, Max=22863, Min=1551, Avg=4287.33, 90=7043, 99=12303, 99.9=22863, 99.99=22863] 
2020-09-09 16:29:36:822 250 sec: 984809 operations; 3777 current ops/sec; est completion in 38 minutes [READ: Count=37617, Max=623103, Min=2, Avg=16984.63, 90=31535, 99=519679, 99.9=556031, 99.99=612863] [READ-FAILED: Count=159, Max=130559, Min=1, Avg=4621.47, 90=5535, 99=18575, 99.9=130559, 99.99=130559] 
2020-09-09 16:29:46:822 260 sec: 1025389 operations; 4057.59 current ops/sec; est completion in 37 minutes [READ: Count=40400, Max=1025023, Min=2, Avg=15860.44, 90=26111, 99=517631, 99.9=860671, 99.99=1019903] [READ-FAILED: Count=179, Max=152319, Min=1585, Avg=5450.31, 90=6983, 99=31935, 99.9=152319, 99.99=152319] 
2020-09-09 16:29:56:822 270 sec: 1070752 operations; 4536.75 current ops/sec; est completion in 37 minutes [READ: Count=45181, Max=671231, Min=2, Avg=14022.16, 90=26415, 99=112255, 99.9=548863, 99.99=582655] [READ-FAILED: Count=180, Max=45823, Min=2, Avg=5118.78, 90=9247, 99=21967, 99.9=45823, 99.99=45823] 
2020-09-09 16:30:06:822 280 sec: 1109264 operations; 3851.2 current ops/sec; est completion in 37 minutes [READ: Count=38346, Max=635391, Min=2, Avg=16606.24, 90=27743, 99=521983, 99.9=557055, 99.99=575999] [READ-FAILED: Count=164, Max=163967, Min=1, Avg=5501.74, 90=6755, 99=14759, 99.9=163967, 99.99=163967] 
2020-09-09 16:30:16:822 290 sec: 1149449 operations; 4018.1 current ops/sec; est completion in 37 minutes [READ: Count=39997, Max=601087, Min=2, Avg=15912.78, 90=26463, 99=519167, 99.9=552959, 99.99=592383] [READ-FAILED: Count=187, Max=50879, Min=1, Avg=4755.68, 90=6707, 99=45375, 99.9=50879, 99.99=50879] 
2020-09-09 16:30:26:822 300 sec: 1191029 operations; 4158.42 current ops/sec; est completion in 36 minutes [READ: Count=41393, Max=785407, Min=2, Avg=15418.85, 90=27935, 99=515583, 99.9=554495, 99.99=588287] [READ-FAILED: Count=188, Max=54303, Min=1, Avg=4857.43, 90=7639, 99=27615, 99.9=54303, 99.99=54303] 
Maximum time elapsed. Requesting stop for the workload.
Stop requested for workload. Now Joining!
[36m16:30:27.437[m [[34;1mINFO[m] [1;34mp.u.t.s.y.Stats.clientFinished@38[m: 
Ended SconeKV benchmark.
Number of clients: 64
Total transactions: 236896
Committed: 236896 (100.0%)
Aborted: 0 (0.0%)
2020-09-09 16:30:27:439 300 sec: 1191575 operations; 883.5 current ops/sec; est completion in 37 minutes [READ: Count=542, Max=563199, Min=3, Avg=42773.68, 90=29983, 99=545791, 99.9=560639, 99.99=563199] [CLEANUP: Count=64, Max=1461, Min=2, Avg=27.52, 90=8, 99=29, 99.9=1461, 99.99=1461] [READ-FAILED: Count=2, Max=2907, Min=2534, Avg=2721, 90=2907, 99=2907, 99.9=2907, 99.99=2907] 
[OVERALL], RunTime(ms), 300617
[OVERALL], Throughput(ops/sec), 3963.7645242950334
[TOTAL_GCS_G1_Young_Generation], Count, 147
[TOTAL_GC_TIME_G1_Young_Generation], Time(ms), 1650
[TOTAL_GC_TIME_%_G1_Young_Generation], Time(%), 0.5488711549912347
[TOTAL_GCS_G1_Old_Generation], Count, 0
[TOTAL_GC_TIME_G1_Old_Generation], Time(ms), 0
[TOTAL_GC_TIME_%_G1_Old_Generation], Time(%), 0.0
[TOTAL_GCs], Count, 147
[TOTAL_GC_TIME], Time(ms), 1650
[TOTAL_GC_TIME_%], Time(%), 0.5488711549912347
[READ], Operations, 1186213
[READ], AverageLatency(us), 15944.251110888179
[READ], MinLatency(us), 2
[READ], MaxLatency(us), 1026559
[READ], 95thPercentileLatency(us), 37791
[READ], 99thPercentileLatency(us), 518399
[READ], Return=OK, 1186213
[READ], Return=NOT_FOUND, 5362
[CLEANUP], Operations, 64
[CLEANUP], AverageLatency(us), 27.515625
[CLEANUP], MinLatency(us), 2
[CLEANUP], MaxLatency(us), 1461
[CLEANUP], 95thPercentileLatency(us), 18
[CLEANUP], 99thPercentileLatency(us), 29
[READ-FAILED], Operations, 5362
[READ-FAILED], AverageLatency(us), 4989.408429690414
[READ-FAILED], MinLatency(us), 0
[READ-FAILED], MaxLatency(us), 475391
[READ-FAILED], 95thPercentileLatency(us), 11535
[READ-FAILED], 99thPercentileLatency(us), 25791
