Command line: -t -db pt.ulisboa.tecnico.sconekv.ycsb.SconeKVClient -P workloada -threads 256 -s -p scone.tx_size=5 -p operationcount=10000000 -p maxexecutiontime=300
YCSB Client 0.17.0

Loading workload...
Starting test.
WARNING: sun.reflect.Reflection.getCallerClass is not supported. This will impact performance.
2020-09-10 12:24:47:448 0 sec: 0 operations; est completion in 0 second 
Maximum execution time specified as: 300 secs
DBWrapper: report latency for each error is false and specific error codes to track for latency are: []
DBWrapper: report latency for each error is false and specific error codes to track for latency are: []
DBWrapper: report latency for each error is false and specific error codes to track for latency are: []
DBWrapper: report latency for each error is false and specific error codes to track for latency are: []
DBWrapper: report latency for each error is false and specific error codes to track for latency are: []
DBWrapper: report latency for each error is false and specific error codes to track for latency are: []
DBWrapper: report latency for each error is false and specific error codes to track for latency are: []
DBWrapper: report latency for each error is false and specific error codes to track for latency are: []
DBWrapper: report latency for each error is false and specific error codes to track for latency are: []
DBWrapper: report latency for each error is false and specific error codes to track for latency are: []
DBWrapper: report latency for each error is false and specific error codes to track for latency are: []
DBWrapper: report latency for each error is false and specific error codes to track for latency are: []
DBWrapper: report latency for each error is false and specific error codes to track for latency are: []
DBWrapper: report latency for each error is false and specific error codes to track for latency are: []
DBWrapper: report latency for each error is false and specific error codes to track for latency are: []
DBWrapper: report latency for each error is false and specific error codes to track for latency are: []
DBWrapper: report latency for each error is false and specific error codes to track for latency are: []
DBWrapper: report latency for each error is false and specific error codes to track for latency are: []
DBWrapper: report latency for each error is false and specific error codes to track for latency are: []
DBWrapper: report latency for each error is false and specific error codes to track for latency are: []
DBWrapper: report latency for each error is false and specific error codes to track for latency are: []
DBWrapper: report latency for each error is false and specific error codes to track for latency are: []
DBWrapper: report latency for each error is false and specific error codes to track for latency are: []
DBWrapper: report latency for each error is false and specific error codes to track for latency are: []
DBWrapper: report latency for each error is false and specific error codes to track for latency are: []
DBWrapper: report latency for each error is false and specific error codes to track for latency are: []
DBWrapper: report latency for each error is false and specific error codes to track for latency are: []
DBWrapper: report latency for each error is false and specific error codes to track for latency are: []
DBWrapper: report latency for each error is false and specific error codes to track for latency are: []
DBWrapper: report latency for each error is false and specific error codes to track for latency are: []
DBWrapper: report latency for each error is false and specific error codes to track for latency are: []
DBWrapper: report latency for each error is false and specific error codes to track for latency are: []
DBWrapper: report latency for each error is false and specific error codes to track for latency are: []
DBWrapper: report latency for each error is false and specific error codes to track for latency are: []
DBWrapper: report latency for each error is false and specific error codes to track for latency are: []
DBWrapper: report latency for each error is false and specific error codes to track for latency are: []
DBWrapper: report latency for each error is false and specific error codes to track for latency are: []
DBWrapper: report latency for each error is false and specific error codes to track for latency are: []
DBWrapper: report latency for each error is false and specific error codes to track for latency are: []
DBWrapper: report latency for each error is false and specific error codes to track for latency are: []
DBWrapper: report latency for each error is false and specific error codes to track for latency are: []
DBWrapper: report latency for each error is false and specific error codes to track for latency are: []
DBWrapper: report latency for each error is false and specific error codes to track for latency are: []
DBWrapper: report latency for each error is false and specific error codes to track for latency are: []
DBWrapper: report latency for each error is false and specific error codes to track for latency are: []
DBWrapper: report latency for each error is false and specific error codes to track for latency are: []
DBWrapper: report latency for each error is false and specific error codes to track for latency are: []
DBWrapper: report latency for each error is false and specific error codes to track for latency are: []
DBWrapper: report latency for each error is false and specific error codes to track for latency are: []
DBWrapper: report latency for each error is false and specific error codes to track for latency are: []
DBWrapper: report latency for each error is false and specific error codes to track for latency are: []
DBWrapper: report latency for each error is false and specific error codes to track for latency are: []
DBWrapper: report latency for each error is false and specific error codes to track for latency are: []
DBWrapper: report latency for each error is false and specific error codes to track for latency are: []
DBWrapper: report latency for each error is false and specific error codes to track for latency are: []
DBWrapper: report latency for each error is false and specific error codes to track for latency are: []
DBWrapper: report latency for each error is false and specific error codes to track for latency are: []
DBWrapper: report latency for each error is false and specific error codes to track for latency are: []
DBWrapper: report latency for each error is false and specific error codes to track for latency are: []
DBWrapper: report latency for each error is false and specific error codes to track for latency are: []
DBWrapper: report latency for each error is false and specific error codes to track for latency are: []
DBWrapper: report latency for each error is false and specific error codes to track for latency are: []
DBWrapper: report latency for each error is false and specific error codes to track for latency are: []
DBWrapper: report latency for each error is false and specific error codes to track for latency are: []
DBWrapper: report latency for each error is false and specific error codes to track for latency are: []
DBWrapper: report latency for each error is false and specific error codes to track for latency are: []
DBWrapper: report latency for each error is false and specific error codes to track for latency are: []
DBWrapper: report latency for each error is false and specific error codes to track for latency are: []
DBWrapper: report latency for each error is false and specific error codes to track for latency are: []
DBWrapper: report latency for each error is false and specific error codes to track for latency are: []
DBWrapper: report latency for each error is false and specific error codes to track for latency are: []
DBWrapper: report latency for each error is false and specific error codes to track for latency are: []
DBWrapper: report latency for each error is false and specific error codes to track for latency are: []
DBWrapper: report latency for each error is false and specific error codes to track for latency are: []
DBWrapper: report latency for each error is false and specific error codes to track for latency are: []
DBWrapper: report latency for each error is false and specific error codes to track for latency are: []
DBWrapper: report latency for each error is false and specific error codes to track for latency are: []
DBWrapper: report latency for each error is false and specific error codes to track for latency are: []
DBWrapper: report latency for each error is false and specific error codes to track for latency are: []
DBWrapper: report latency for each error is false and specific error codes to track for latency are: []
DBWrapper: report latency for each error is false and specific error codes to track for latency are: []
DBWrapper: report latency for each error is false and specific error codes to track for latency are: []
DBWrapper: report latency for each error is false and specific error codes to track for latency are: []
DBWrapper: report latency for each error is false and specific error codes to track for latency are: []
DBWrapper: report latency for each error is false and specific error codes to track for latency are: []
DBWrapper: report latency for each error is false and specific error codes to track for latency are: []
DBWrapper: report latency for each error is false and specific error codes to track for latency are: []
DBWrapper: report latency for each error is false and specific error codes to track for latency are: []
DBWrapper: report latency for each error is false and specific error codes to track for latency are: []
DBWrapper: report latency for each error is false and specific error codes to track for latency are: []
DBWrapper: report latency for each error is false and specific error codes to track for latency are: []
DBWrapper: report latency for each error is false and specific error codes to track for latency are: []
DBWrapper: report latency for each error is false and specific error codes to track for latency are: []
DBWrapper: report latency for each error is false and specific error codes to track for latency are: []
DBWrapper: report latency for each error is false and specific error codes to track for latency are: []
DBWrapper: report latency for each error is false and specific error codes to track for latency are: []
DBWrapper: report latency for each error is false and specific error codes to track for latency are: []
DBWrapper: report latency for each error is false and specific error codes to track for latency are: []
DBWrapper: report latency for each error is false and specific error codes to track for latency are: []
DBWrapper: report latency for each error is false and specific error codes to track for latency are: []
DBWrapper: report latency for each error is false and specific error codes to track for latency are: []
DBWrapper: report latency for each error is false and specific error codes to track for latency are: []
DBWrapper: report latency for each error is false and specific error codes to track for latency are: []
DBWrapper: report latency for each error is false and specific error codes to track for latency are: []
DBWrapper: report latency for each error is false and specific error codes to track for latency are: []
DBWrapper: report latency for each error is false and specific error codes to track for latency are: []
DBWrapper: report latency for each error is false and specific error codes to track for latency are: []
DBWrapper: report latency for each error is false and specific error codes to track for latency are: []
DBWrapper: report latency for each error is false and specific error codes to track for latency are: []
DBWrapper: report latency for each error is false and specific error codes to track for latency are: []
DBWrapper: report latency for each error is false and specific error codes to track for latency are: []
DBWrapper: report latency for each error is false and specific error codes to track for latency are: []
DBWrapper: report latency for each error is false and specific error codes to track for latency are: []
DBWrapper: report latency for each error is false and specific error codes to track for latency are: []
DBWrapper: report latency for each error is false and specific error codes to track for latency are: []
DBWrapper: report latency for each error is false and specific error codes to track for latency are: []
DBWrapper: report latency for each error is false and specific error codes to track for latency are: []
DBWrapper: report latency for each error is false and specific error codes to track for latency are: []
DBWrapper: report latency for each error is false and specific error codes to track for latency are: []
DBWrapper: report latency for each error is false and specific error codes to track for latency are: []
DBWrapper: report latency for each error is false and specific error codes to track for latency are: []
DBWrapper: report latency for each error is false and specific error codes to track for latency are: []
DBWrapper: report latency for each error is false and specific error codes to track for latency are: []
DBWrapper: report latency for each error is false and specific error codes to track for latency are: []
DBWrapper: report latency for each error is false and specific error codes to track for latency are: []
DBWrapper: report latency for each error is false and specific error codes to track for latency are: []
DBWrapper: report latency for each error is false and specific error codes to track for latency are: []
DBWrapper: report latency for each error is false and specific error codes to track for latency are: []
DBWrapper: report latency for each error is false and specific error codes to track for latency are: []
DBWrapper: report latency for each error is false and specific error codes to track for latency are: []
DBWrapper: report latency for each error is false and specific error codes to track for latency are: []
DBWrapper: report latency for each error is false and specific error codes to track for latency are: []
DBWrapper: report latency for each error is false and specific error codes to track for latency are: []
DBWrapper: report latency for each error is false and specific error codes to track for latency are: []
DBWrapper: report latency for each error is false and specific error codes to track for latency are: []
DBWrapper: report latency for each error is false and specific error codes to track for latency are: []
DBWrapper: report latency for each error is false and specific error codes to track for latency are: []
DBWrapper: report latency for each error is false and specific error codes to track for latency are: []
DBWrapper: report latency for each error is false and specific error codes to track for latency are: []
DBWrapper: report latency for each error is false and specific error codes to track for latency are: []
DBWrapper: report latency for each error is false and specific error codes to track for latency are: []
DBWrapper: report latency for each error is false and specific error codes to track for latency are: []
DBWrapper: report latency for each error is false and specific error codes to track for latency are: []
DBWrapper: report latency for each error is false and specific error codes to track for latency are: []
DBWrapper: report latency for each error is false and specific error codes to track for latency are: []
DBWrapper: report latency for each error is false and specific error codes to track for latency are: []
DBWrapper: report latency for each error is false and specific error codes to track for latency are: []
DBWrapper: report latency for each error is false and specific error codes to track for latency are: []
DBWrapper: report latency for each error is false and specific error codes to track for latency are: []
DBWrapper: report latency for each error is false and specific error codes to track for latency are: []
DBWrapper: report latency for each error is false and specific error codes to track for latency are: []
DBWrapper: report latency for each error is false and specific error codes to track for latency are: []
2020-09-10 12:24:57:477 10 sec: 5257 operations; 524.39 current ops/sec; est completion in 5 hours 17 minutes [READ: Count=2707, Max=3842047, Min=3, Avg=132110.06, 90=330239, 99=1470463, 99.9=2032639, 99.99=3842047] [UPDATE: Count=3011, Max=2087935, Min=12, Avg=122589.91, 90=310015, 99=1252351, 99.9=1669119, 99.99=2087935] [READ-FAILED: Count=3, Max=33663, Min=2982, Avg=23277, 90=33663, 99=33663, 99.9=33663, 99.99=33663] 
DBWrapper: report latency for each error is false and specific error codes to track for latency are: []
DBWrapper: report latency for each error is false and specific error codes to track for latency are: []
DBWrapper: report latency for each error is false and specific error codes to track for latency are: []
DBWrapper: report latency for each error is false and specific error codes to track for latency are: []
DBWrapper: report latency for each error is false and specific error codes to track for latency are: []
DBWrapper: report latency for each error is false and specific error codes to track for latency are: []
DBWrapper: report latency for each error is false and specific error codes to track for latency are: []
DBWrapper: report latency for each error is false and specific error codes to track for latency are: []
DBWrapper: report latency for each error is false and specific error codes to track for latency are: []
DBWrapper: report latency for each error is false and specific error codes to track for latency are: []
DBWrapper: report latency for each error is false and specific error codes to track for latency are: []
DBWrapper: report latency for each error is false and specific error codes to track for latency are: []
DBWrapper: report latency for each error is false and specific error codes to track for latency are: []
DBWrapper: report latency for each error is false and specific error codes to track for latency are: []
DBWrapper: report latency for each error is false and specific error codes to track for latency are: []
DBWrapper: report latency for each error is false and specific error codes to track for latency are: []
DBWrapper: report latency for each error is false and specific error codes to track for latency are: []
DBWrapper: report latency for each error is false and specific error codes to track for latency are: []
DBWrapper: report latency for each error is false and specific error codes to track for latency are: []
DBWrapper: report latency for each error is false and specific error codes to track for latency are: []
DBWrapper: report latency for each error is false and specific error codes to track for latency are: []
DBWrapper: report latency for each error is false and specific error codes to track for latency are: []
DBWrapper: report latency for each error is false and specific error codes to track for latency are: []
DBWrapper: report latency for each error is false and specific error codes to track for latency are: []
DBWrapper: report latency for each error is false and specific error codes to track for latency are: []
DBWrapper: report latency for each error is false and specific error codes to track for latency are: []
DBWrapper: report latency for each error is false and specific error codes to track for latency are: []
DBWrapper: report latency for each error is false and specific error codes to track for latency are: []
DBWrapper: report latency for each error is false and specific error codes to track for latency are: []
DBWrapper: report latency for each error is false and specific error codes to track for latency are: []
DBWrapper: report latency for each error is false and specific error codes to track for latency are: []
DBWrapper: report latency for each error is false and specific error codes to track for latency are: []
DBWrapper: report latency for each error is false and specific error codes to track for latency are: []
DBWrapper: report latency for each error is false and specific error codes to track for latency are: []
DBWrapper: report latency for each error is false and specific error codes to track for latency are: []
DBWrapper: report latency for each error is false and specific error codes to track for latency are: []
DBWrapper: report latency for each error is false and specific error codes to track for latency are: []
DBWrapper: report latency for each error is false and specific error codes to track for latency are: []
DBWrapper: report latency for each error is false and specific error codes to track for latency are: []
DBWrapper: report latency for each error is false and specific error codes to track for latency are: []
DBWrapper: report latency for each error is false and specific error codes to track for latency are: []
DBWrapper: report latency for each error is false and specific error codes to track for latency are: []
DBWrapper: report latency for each error is false and specific error codes to track for latency are: []
DBWrapper: report latency for each error is false and specific error codes to track for latency are: []
DBWrapper: report latency for each error is false and specific error codes to track for latency are: []
DBWrapper: report latency for each error is false and specific error codes to track for latency are: []
DBWrapper: report latency for each error is false and specific error codes to track for latency are: []
DBWrapper: report latency for each error is false and specific error codes to track for latency are: []
DBWrapper: report latency for each error is false and specific error codes to track for latency are: []
DBWrapper: report latency for each error is false and specific error codes to track for latency are: []
DBWrapper: report latency for each error is false and specific error codes to track for latency are: []
DBWrapper: report latency for each error is false and specific error codes to track for latency are: []
DBWrapper: report latency for each error is false and specific error codes to track for latency are: []
DBWrapper: report latency for each error is false and specific error codes to track for latency are: []
DBWrapper: report latency for each error is false and specific error codes to track for latency are: []
DBWrapper: report latency for each error is false and specific error codes to track for latency are: []
DBWrapper: report latency for each error is false and specific error codes to track for latency are: []
DBWrapper: report latency for each error is false and specific error codes to track for latency are: []
DBWrapper: report latency for each error is false and specific error codes to track for latency are: []
DBWrapper: report latency for each error is false and specific error codes to track for latency are: []
DBWrapper: report latency for each error is false and specific error codes to track for latency are: []
DBWrapper: report latency for each error is false and specific error codes to track for latency are: []
DBWrapper: report latency for each error is false and specific error codes to track for latency are: []
DBWrapper: report latency for each error is false and specific error codes to track for latency are: []
DBWrapper: report latency for each error is false and specific error codes to track for latency are: []
DBWrapper: report latency for each error is false and specific error codes to track for latency are: []
DBWrapper: report latency for each error is false and specific error codes to track for latency are: []
DBWrapper: report latency for each error is false and specific error codes to track for latency are: []
DBWrapper: report latency for each error is false and specific error codes to track for latency are: []
DBWrapper: report latency for each error is false and specific error codes to track for latency are: []
DBWrapper: report latency for each error is false and specific error codes to track for latency are: []
DBWrapper: report latency for each error is false and specific error codes to track for latency are: []
DBWrapper: report latency for each error is false and specific error codes to track for latency are: []
DBWrapper: report latency for each error is false and specific error codes to track for latency are: []
DBWrapper: report latency for each error is false and specific error codes to track for latency are: []
DBWrapper: report latency for each error is false and specific error codes to track for latency are: []
DBWrapper: report latency for each error is false and specific error codes to track for latency are: []
DBWrapper: report latency for each error is false and specific error codes to track for latency are: []
DBWrapper: report latency for each error is false and specific error codes to track for latency are: []
DBWrapper: report latency for each error is false and specific error codes to track for latency are: []
DBWrapper: report latency for each error is false and specific error codes to track for latency are: []
DBWrapper: report latency for each error is false and specific error codes to track for latency are: []
DBWrapper: report latency for each error is false and specific error codes to track for latency are: []
DBWrapper: report latency for each error is false and specific error codes to track for latency are: []
DBWrapper: report latency for each error is false and specific error codes to track for latency are: []
DBWrapper: report latency for each error is false and specific error codes to track for latency are: []
DBWrapper: report latency for each error is false and specific error codes to track for latency are: []
DBWrapper: report latency for each error is false and specific error codes to track for latency are: []
DBWrapper: report latency for each error is false and specific error codes to track for latency are: []
DBWrapper: report latency for each error is false and specific error codes to track for latency are: []
DBWrapper: report latency for each error is false and specific error codes to track for latency are: []
DBWrapper: report latency for each error is false and specific error codes to track for latency are: []
DBWrapper: report latency for each error is false and specific error codes to track for latency are: []
DBWrapper: report latency for each error is false and specific error codes to track for latency are: []
DBWrapper: report latency for each error is false and specific error codes to track for latency are: []
DBWrapper: report latency for each error is false and specific error codes to track for latency are: []
2020-09-10 12:25:08:296 20 sec: 30710 operations; 2551.68 current ops/sec; est completion in 1 hour 48 minutes [READ: Count=12638, Max=1991679, Min=1, Avg=81241.75, 90=235007, 99=670719, 99.9=1016831, 99.99=1512447] [UPDATE: Count=14336, Max=1833983, Min=5, Avg=76385.82, 90=222207, 99=660991, 99.9=1065983, 99.99=1708031] [READ-FAILED: Count=14, Max=154367, Min=2692, Avg=23372.14, 90=49407, 99=154367, 99.9=154367, 99.99=154367] 
2020-09-10 12:25:17:445 30 sec: 71178 operations; 4046.4 current ops/sec; est completion in 1 hour 9 minutes [READ: Count=20246, Max=15163391, Min=0, Avg=52682.87, 90=107775, 99=583679, 99.9=2082815, 99.99=3143679] [UPDATE: Count=18272, Max=3278847, Min=9, Avg=57714.93, 90=111935, 99=660479, 99.9=2402303, 99.99=3180543] [READ-FAILED: Count=8, Max=25679, Min=2676, Avg=8864.62, 90=14159, 99=25679, 99.9=25679, 99.99=25679] 
DBWrapper: report latency for each error is false and specific error codes to track for latency are: []
DBWrapper: report latency for each error is false and specific error codes to track for latency are: []
DBWrapper: report latency for each error is false and specific error codes to track for latency are: []
DBWrapper: report latency for each error is false and specific error codes to track for latency are: []
DBWrapper: report latency for each error is false and specific error codes to track for latency are: []
DBWrapper: report latency for each error is false and specific error codes to track for latency are: []
DBWrapper: report latency for each error is false and specific error codes to track for latency are: []
DBWrapper: report latency for each error is false and specific error codes to track for latency are: []
2020-09-10 12:25:27:445 40 sec: 120520 operations; 4934.2 current ops/sec; est completion in 54 minutes [READ: Count=24645, Max=2424831, Min=0, Avg=48536.9, 90=87743, 99=700927, 99.9=1839103, 99.99=2269183] [UPDATE: Count=24672, Max=15097855, Min=4, Avg=54531.19, 90=95039, 99=819711, 99.9=1890303, 99.99=2295807] [READ-FAILED: Count=13, Max=67007, Min=2888, Avg=10156.85, 90=14343, 99=67007, 99.9=67007, 99.99=67007] 
2020-09-10 12:25:37:445 50 sec: 173357 operations; 5283.7 current ops/sec; est completion in 47 minutes [READ: Count=26462, Max=2777087, Min=0, Avg=47110.12, 90=96063, 99=651775, 99.9=1643519, 99.99=2549759] [UPDATE: Count=26351, Max=2838527, Min=1, Avg=52588.09, 90=103103, 99=753663, 99.9=2103295, 99.99=2615295] [READ-FAILED: Count=5, Max=11583, Min=3364, Avg=5497.8, 90=11583, 99=11583, 99.9=11583, 99.99=11583] 
2020-09-10 12:25:47:445 60 sec: 222748 operations; 4939.59 current ops/sec; est completion in 43 minutes [READ: Count=24870, Max=2490367, Min=0, Avg=49353.32, 90=122303, 99=619007, 99.9=1473535, 99.99=2052095] [UPDATE: Count=24530, Max=2303999, Min=3, Avg=52726.19, 90=127871, 99=663039, 99.9=1721343, 99.99=2166783] [READ-FAILED: Count=11, Max=47071, Min=2268, Avg=13099.27, 90=35583, 99=47071, 99.9=47071, 99.99=47071] 
2020-09-10 12:25:57:445 70 sec: 275083 operations; 5233.5 current ops/sec; est completion in 41 minutes [READ: Count=26200, Max=2168831, Min=0, Avg=48475.73, 90=96063, 99=699903, 99.9=1722367, 99.99=2107391] [UPDATE: Count=26087, Max=2586623, Min=3, Avg=50079.67, 90=100671, 99=725503, 99.9=1668095, 99.99=2097151] [READ-FAILED: Count=15, Max=21343, Min=2464, Avg=6150.67, 90=12639, 99=21343, 99.9=21343, 99.99=21343] 
2020-09-10 12:26:07:445 80 sec: 330910 operations; 5582.14 current ops/sec; est completion in 38 minutes [READ: Count=27947, Max=1883135, Min=0, Avg=43343.8, 90=89151, 99=598015, 99.9=1183743, 99.99=1660927] [UPDATE: Count=27874, Max=1835007, Min=1, Avg=45570.13, 90=94719, 99=638463, 99.9=1185791, 99.99=1725439] [READ-FAILED: Count=13, Max=19199, Min=3408, Avg=9709.69, 90=15807, 99=19199, 99.9=19199, 99.99=19199] 
2020-09-10 12:26:17:445 90 sec: 387558 operations; 5664.8 current ops/sec; est completion in 37 minutes [READ: Count=28267, Max=1958911, Min=0, Avg=45032.04, 90=97727, 99=653823, 99.9=1361919, 99.99=1793023] [UPDATE: Count=28349, Max=2174975, Min=1, Avg=46658.91, 90=99327, 99=661503, 99.9=1494015, 99.99=1895423] [READ-FAILED: Count=13, Max=17215, Min=1668, Avg=8052.15, 90=15239, 99=17215, 99.9=17215, 99.99=17215] 
2020-09-10 12:26:27:445 100 sec: 435169 operations; 4761.1 current ops/sec; est completion in 36 minutes [READ: Count=23863, Max=1972223, Min=1, Avg=52279.48, 90=105983, 99=736255, 99.9=1335295, 99.99=1916927] [UPDATE: Count=23779, Max=2026495, Min=0, Avg=57038.74, 90=117631, 99=792063, 99.9=1510399, 99.99=1911807] [READ-FAILED: Count=12, Max=29967, Min=2240, Avg=9349.92, 90=14223, 99=29967, 99.9=29967, 99.99=29967] 
2020-09-10 12:26:37:445 110 sec: 489327 operations; 5415.8 current ops/sec; est completion in 35 minutes [READ: Count=27009, Max=2963455, Min=0, Avg=44608.24, 90=84671, 99=671743, 99.9=1469439, 99.99=2439167] [UPDATE: Count=27111, Max=2914303, Min=0, Avg=47392.35, 90=90303, 99=707071, 99.9=1497087, 99.99=2224127] [READ-FAILED: Count=8, Max=21615, Min=2968, Avg=9749.62, 90=16799, 99=21615, 99.9=21615, 99.99=21615] 
2020-09-10 12:26:47:445 120 sec: 540136 operations; 5080.9 current ops/sec; est completion in 35 minutes [READ: Count=25388, Max=2127871, Min=1, Avg=46540.68, 90=94591, 99=656383, 99.9=1473535, 99.99=1995775] [UPDATE: Count=25396, Max=2166783, Min=2, Avg=50752.46, 90=100287, 99=777727, 99.9=1642495, 99.99=2068479] [READ-FAILED: Count=12, Max=53823, Min=2092, Avg=12800, 90=46239, 99=53823, 99.9=53823, 99.99=53823] 
2020-09-10 12:26:57:445 130 sec: 591937 operations; 5180.62 current ops/sec; est completion in 34 minutes [READ: Count=25955, Max=2428927, Min=0, Avg=50077.34, 90=99327, 99=734719, 99.9=1435647, 99.99=2322431] [UPDATE: Count=25857, Max=2344959, Min=1, Avg=53164.33, 90=105151, 99=778751, 99.9=1740799, 99.99=2279423] [READ-FAILED: Count=7, Max=42623, Min=3550, Avg=12006, 90=12735, 99=42623, 99.9=42623, 99.99=42623] 
2020-09-10 12:27:07:445 140 sec: 642576 operations; 5063.9 current ops/sec; est completion in 33 minutes [READ: Count=25085, Max=2332671, Min=0, Avg=48003.29, 90=96511, 99=663039, 99.9=1847295, 99.99=2213887] [UPDATE: Count=25536, Max=2490367, Min=0, Avg=51305.95, 90=104575, 99=744447, 99.9=1925119, 99.99=2252799] [READ-FAILED: Count=12, Max=80511, Min=2154, Avg=21126.92, 90=67327, 99=80511, 99.9=80511, 99.99=80511] 
2020-09-10 12:27:17:445 150 sec: 693624 operations; 5104.29 current ops/sec; est completion in 33 minutes [READ: Count=25652, Max=2267135, Min=0, Avg=50244.61, 90=96063, 99=729087, 99.9=1781759, 99.99=2181119] [UPDATE: Count=25384, Max=2260991, Min=1, Avg=52910.87, 90=103167, 99=786943, 99.9=1814527, 99.99=2222079] [READ-FAILED: Count=11, Max=111231, Min=1770, Avg=19482.45, 90=45727, 99=111231, 99.9=111231, 99.99=111231] 
2020-09-10 12:27:27:445 160 sec: 746745 operations; 5312.63 current ops/sec; est completion in 33 minutes [READ: Count=26542, Max=1849343, Min=0, Avg=46974.55, 90=95807, 99=657919, 99.9=1189887, 99.99=1623039] [UPDATE: Count=26586, Max=1796095, Min=3, Avg=50410.6, 90=102911, 99=683519, 99.9=1254399, 99.99=1609727] [READ-FAILED: Count=17, Max=72767, Min=1860, Avg=13563.76, 90=24783, 99=72767, 99.9=72767, 99.99=72767] 
2020-09-10 12:27:37:445 170 sec: 799624 operations; 5287.37 current ops/sec; est completion in 32 minutes [READ: Count=26439, Max=2125823, Min=0, Avg=45928.5, 90=97599, 99=644095, 99.9=1389567, 99.99=1630207] [UPDATE: Count=26487, Max=2932735, Min=1, Avg=50953.57, 90=104831, 99=774143, 99.9=1474559, 99.99=2055167] [READ-FAILED: Count=12, Max=24175, Min=1683, Avg=7728.5, 90=15887, 99=24175, 99.9=24175, 99.99=24175] 
2020-09-10 12:27:47:446 180 sec: 850884 operations; 5126 current ops/sec; est completion in 32 minutes [READ: Count=25882, Max=2482175, Min=0, Avg=48811.4, 90=103999, 99=648191, 99.9=1675263, 99.99=2026495] [UPDATE: Count=25295, Max=2895871, Min=1, Avg=51630.85, 90=107007, 99=715775, 99.9=1703935, 99.99=2103295] [READ-FAILED: Count=7, Max=12167, Min=2418, Avg=6859.14, 90=11663, 99=12167, 99.9=12167, 99.99=12167] 
2020-09-10 12:27:57:445 190 sec: 901289 operations; 5040.5 current ops/sec; est completion in 31 minutes [READ: Count=25135, Max=2250751, Min=0, Avg=47899.24, 90=94207, 99=703999, 99.9=1646591, 99.99=2000895] [UPDATE: Count=25251, Max=2230271, Min=1, Avg=50771.33, 90=96127, 99=802303, 99.9=1742847, 99.99=2140159] [READ-FAILED: Count=8, Max=15023, Min=2402, Avg=7348.75, 90=10567, 99=15023, 99.9=15023, 99.99=15023] 
2020-09-10 12:28:07:445 200 sec: 954100 operations; 5281.1 current ops/sec; est completion in 31 minutes [READ: Count=26517, Max=2230271, Min=0, Avg=47586.25, 90=100095, 99=673791, 99.9=1613823, 99.99=2040831] [UPDATE: Count=26283, Max=2193407, Min=1, Avg=50762.43, 90=103231, 99=753663, 99.9=1747967, 99.99=2156543] [READ-FAILED: Count=16, Max=11231, Min=2158, Avg=4341.19, 90=7839, 99=11231, 99.9=11231, 99.99=11231] 
2020-09-10 12:28:17:445 210 sec: 1010795 operations; 5670.07 current ops/sec; est completion in 31 minutes [READ: Count=28434, Max=1580031, Min=0, Avg=43944.94, 90=97343, 99=593407, 99.9=1072127, 99.99=1551359] [UPDATE: Count=28260, Max=1905663, Min=1, Avg=46317.93, 90=102207, 99=628223, 99.9=1154047, 99.99=1698815] [READ-FAILED: Count=7, Max=13431, Min=2174, Avg=6468.71, 90=9295, 99=13431, 99.9=13431, 99.99=13431] 
2020-09-10 12:28:27:445 220 sec: 1063051 operations; 5225.6 current ops/sec; est completion in 30 minutes [READ: Count=26405, Max=2166783, Min=1, Avg=46187.63, 90=99647, 99=662015, 99.9=1424383, 99.99=2039807] [UPDATE: Count=25829, Max=2055167, Min=1, Avg=50959.86, 90=107455, 99=752639, 99.9=1544191, 99.99=1858559] [READ-FAILED: Count=11, Max=51423, Min=2694, Avg=13045.91, 90=28991, 99=51423, 99.9=51423, 99.99=51423] 
2020-09-10 12:28:37:446 230 sec: 1112191 operations; 4913.51 current ops/sec; est completion in 30 minutes [READ: Count=24605, Max=3162111, Min=0, Avg=48762.04, 90=102079, 99=678399, 99.9=1828863, 99.99=2611199] [UPDATE: Count=24516, Max=3313663, Min=3, Avg=53187.98, 90=110847, 99=751103, 99.9=1935359, 99.99=3108863] [READ-FAILED: Count=18, Max=91071, Min=2226, Avg=10558.56, 90=7183, 99=91071, 99.9=91071, 99.99=91071] 
2020-09-10 12:28:47:445 240 sec: 1162215 operations; 5002.9 current ops/sec; est completion in 30 minutes [READ: Count=25001, Max=3207167, Min=0, Avg=51054.92, 90=109631, 99=677375, 99.9=2439167, 99.99=2949119] [UPDATE: Count=25017, Max=3684351, Min=1, Avg=54340.93, 90=112831, 99=737791, 99.9=2367487, 99.99=3166207] [READ-FAILED: Count=14, Max=155391, Min=1743, Avg=18623, 90=20591, 99=155391, 99.9=155391, 99.99=155391] 
2020-09-10 12:28:57:445 250 sec: 1213214 operations; 5099.39 current ops/sec; est completion in 30 minutes [READ: Count=25548, Max=2203647, Min=0, Avg=44162.57, 90=92863, 99=645631, 99.9=1301503, 99.99=1923071] [UPDATE: Count=25432, Max=2034687, Min=1, Avg=47806.45, 90=97279, 99=683519, 99.9=1321983, 99.99=1930239] [READ-FAILED: Count=6, Max=23951, Min=1813, Avg=9671.67, 90=13439, 99=23951, 99.9=23951, 99.99=23951] 
2020-09-10 12:29:07:445 260 sec: 1265324 operations; 5211.52 current ops/sec; est completion in 29 minutes [READ: Count=26007, Max=2885631, Min=0, Avg=51051.33, 90=97215, 99=706047, 99.9=2158591, 99.99=2676735] [UPDATE: Count=26100, Max=2859007, Min=1, Avg=56475.3, 90=110527, 99=843263, 99.9=2308095, 99.99=2736127] [READ-FAILED: Count=11, Max=11159, Min=2268, Avg=4857.82, 90=6667, 99=11159, 99.9=11159, 99.99=11159] 
2020-09-10 12:29:17:445 270 sec: 1313153 operations; 4782.42 current ops/sec; est completion in 29 minutes [READ: Count=23897, Max=2490367, Min=0, Avg=50380.62, 90=102847, 99=721919, 99.9=1757183, 99.99=2426879] [UPDATE: Count=23946, Max=2533375, Min=1, Avg=56475.99, 90=109055, 99=896511, 99.9=2028543, 99.99=2510847] [READ-FAILED: Count=4, Max=5567, Min=2414, Avg=3643.75, 90=5567, 99=5567, 99.9=5567, 99.99=5567] 
2020-09-10 12:29:27:445 280 sec: 1363926 operations; 5077.3 current ops/sec; est completion in 29 minutes [READ: Count=25585, Max=2506751, Min=1, Avg=46254.04, 90=85119, 99=744447, 99.9=1538047, 99.99=2228223] [UPDATE: Count=25153, Max=2689023, Min=1, Avg=51378.84, 90=91135, 99=877055, 99.9=1594367, 99.99=2332671] [READ-FAILED: Count=11, Max=50655, Min=2550, Avg=14814.27, 90=24143, 99=50655, 99.9=50655, 99.99=50655] 
2020-09-10 12:29:37:445 290 sec: 1410964 operations; 4703.8 current ops/sec; est completion in 29 minutes [READ: Count=23511, Max=2457599, Min=1, Avg=53772.13, 90=105599, 99=754175, 99.9=1653759, 99.99=2156543] [UPDATE: Count=23537, Max=3198975, Min=1, Avg=58633.04, 90=119743, 99=856063, 99.9=1687551, 99.99=2177023] [READ-FAILED: Count=8, Max=20511, Min=2990, Avg=8472.88, 90=10783, 99=20511, 99.9=20511, 99.99=20511] 
2020-09-10 12:29:47:457 300 sec: 1464457 operations; 5343.42 current ops/sec; est completion in 29 minutes [READ: Count=26642, Max=1852415, Min=0, Avg=44355.19, 90=97279, 99=607231, 99.9=1292287, 99.99=1797119] [UPDATE: Count=26846, Max=1881087, Min=1, Avg=46105.38, 90=100607, 99=628735, 99.9=1475583, 99.99=1828863] [READ-FAILED: Count=7, Max=11367, Min=1675, Avg=6790.86, 90=10527, 99=11367, 99.9=11367, 99.99=11367] 
Maximum time elapsed. Requesting stop for the workload.
Stop requested for workload. Now Joining!
[36m12:29:48.096[m [[34;1mINFO[m] [1;34mp.u.t.s.y.Stats.clientFinished@38[m: 
Ended SconeKV benchmark.
Number of clients: 256
Total transactions: 291553
Committed: 173777 (59.603912%)
Aborted: 117776 (40.396084%)
2020-09-10 12:29:48:098 300 sec: 1465178 operations; 1123.05 current ops/sec; est completion in 29 minutes [READ: Count=339, Max=2646015, Min=1815, Avg=384454.99, 90=1522687, 99=2580479, 99.9=2646015, 99.99=2646015] [CLEANUP: Count=256, Max=1541, Min=2, Avg=9.88, 90=4, 99=27, 99.9=1541, 99.99=1541] [UPDATE: Count=358, Max=2684927, Min=5, Avg=457248.41, 90=1670143, 99=2516991, 99.9=2684927, 99.99=2684927] [READ-FAILED: Count=0, Max=0, Min=9223372036854775807, Avg=NaN, 90=0, 99=0, 99.9=0, 99.99=0] 
[OVERALL], RunTime(ms), 300643
[OVERALL], Throughput(ops/sec), 4873.481172021301
[TOTAL_GCS_G1_Young_Generation], Count, 127
[TOTAL_GC_TIME_G1_Young_Generation], Time(ms), 3307
[TOTAL_GC_TIME_%_G1_Young_Generation], Time(%), 1.099975718709566
[TOTAL_GCS_G1_Old_Generation], Count, 0
[TOTAL_GC_TIME_G1_Old_Generation], Time(ms), 0
[TOTAL_GC_TIME_%_G1_Old_Generation], Time(%), 0.0
[TOTAL_GCs], Count, 127
[TOTAL_GC_TIME], Time(ms), 3307
[TOTAL_GC_TIME_%], Time(%), 1.099975718709566
[READ], Operations, 733423
[READ], AverageLatency(us), 48890.492667941966
[READ], MinLatency(us), 0
[READ], MaxLatency(us), 15163391
[READ], 95thPercentileLatency(us), 227071
[READ], 99thPercentileLatency(us), 670207
[READ], Return=OK, 733423
[READ], Return=NOT_FOUND, 314
[CLEANUP], Operations, 256
[CLEANUP], AverageLatency(us), 9.8828125
[CLEANUP], MinLatency(us), 2
[CLEANUP], MaxLatency(us), 1541
[CLEANUP], 95thPercentileLatency(us), 6
[CLEANUP], 99thPercentileLatency(us), 27
[UPDATE], Operations, 731441
[UPDATE], AverageLatency(us), 52522.746881840096
[UPDATE], MinLatency(us), 0
[UPDATE], MaxLatency(us), 15097855
[UPDATE], 95thPercentileLatency(us), 261887
[UPDATE], 99thPercentileLatency(us), 743935
[UPDATE], Return=OK, 731441
[READ-FAILED], Operations, 314
[READ-FAILED], AverageLatency(us), 11254.388535031847
[READ-FAILED], MinLatency(us), 1668
[READ-FAILED], MaxLatency(us), 155391
[READ-FAILED], 95thPercentileLatency(us), 46239
[READ-FAILED], 99thPercentileLatency(us), 91071
