Command line: -t -db pt.ulisboa.tecnico.sconekv.ycsb.SconeKVClient -P workloadb -threads 256 -s -p scone.tx_size=5 -p operationcount=10000000 -p maxexecutiontime=300
YCSB Client 0.17.0

Loading workload...
Starting test.
WARNING: sun.reflect.Reflection.getCallerClass is not supported. This will impact performance.
2020-09-10 12:29:50:901 0 sec: 0 operations; est completion in 0 second 
Maximum execution time specified as: 300 secs
DBWrapper: report latency for each error is false and specific error codes to track for latency are: []
DBWrapper: report latency for each error is false and specific error codes to track for latency are: []
DBWrapper: report latency for each error is false and specific error codes to track for latency are: []
DBWrapper: report latency for each error is false and specific error codes to track for latency are: []
DBWrapper: report latency for each error is false and specific error codes to track for latency are: []
DBWrapper: report latency for each error is false and specific error codes to track for latency are: []
DBWrapper: report latency for each error is false and specific error codes to track for latency are: []
DBWrapper: report latency for each error is false and specific error codes to track for latency are: []
DBWrapper: report latency for each error is false and specific error codes to track for latency are: []
DBWrapper: report latency for each error is false and specific error codes to track for latency are: []
DBWrapper: report latency for each error is false and specific error codes to track for latency are: []
DBWrapper: report latency for each error is false and specific error codes to track for latency are: []
DBWrapper: report latency for each error is false and specific error codes to track for latency are: []
DBWrapper: report latency for each error is false and specific error codes to track for latency are: []
DBWrapper: report latency for each error is false and specific error codes to track for latency are: []
DBWrapper: report latency for each error is false and specific error codes to track for latency are: []
DBWrapper: report latency for each error is false and specific error codes to track for latency are: []
DBWrapper: report latency for each error is false and specific error codes to track for latency are: []
DBWrapper: report latency for each error is false and specific error codes to track for latency are: []
DBWrapper: report latency for each error is false and specific error codes to track for latency are: []
DBWrapper: report latency for each error is false and specific error codes to track for latency are: []
DBWrapper: report latency for each error is false and specific error codes to track for latency are: []
DBWrapper: report latency for each error is false and specific error codes to track for latency are: []
DBWrapper: report latency for each error is false and specific error codes to track for latency are: []
DBWrapper: report latency for each error is false and specific error codes to track for latency are: []
DBWrapper: report latency for each error is false and specific error codes to track for latency are: []
DBWrapper: report latency for each error is false and specific error codes to track for latency are: []
DBWrapper: report latency for each error is false and specific error codes to track for latency are: []
DBWrapper: report latency for each error is false and specific error codes to track for latency are: []
DBWrapper: report latency for each error is false and specific error codes to track for latency are: []
DBWrapper: report latency for each error is false and specific error codes to track for latency are: []
DBWrapper: report latency for each error is false and specific error codes to track for latency are: []
DBWrapper: report latency for each error is false and specific error codes to track for latency are: []
DBWrapper: report latency for each error is false and specific error codes to track for latency are: []
DBWrapper: report latency for each error is false and specific error codes to track for latency are: []
DBWrapper: report latency for each error is false and specific error codes to track for latency are: []
DBWrapper: report latency for each error is false and specific error codes to track for latency are: []
DBWrapper: report latency for each error is false and specific error codes to track for latency are: []
DBWrapper: report latency for each error is false and specific error codes to track for latency are: []
DBWrapper: report latency for each error is false and specific error codes to track for latency are: []
DBWrapper: report latency for each error is false and specific error codes to track for latency are: []
DBWrapper: report latency for each error is false and specific error codes to track for latency are: []
DBWrapper: report latency for each error is false and specific error codes to track for latency are: []
DBWrapper: report latency for each error is false and specific error codes to track for latency are: []
DBWrapper: report latency for each error is false and specific error codes to track for latency are: []
DBWrapper: report latency for each error is false and specific error codes to track for latency are: []
DBWrapper: report latency for each error is false and specific error codes to track for latency are: []
DBWrapper: report latency for each error is false and specific error codes to track for latency are: []
DBWrapper: report latency for each error is false and specific error codes to track for latency are: []
DBWrapper: report latency for each error is false and specific error codes to track for latency are: []
DBWrapper: report latency for each error is false and specific error codes to track for latency are: []
DBWrapper: report latency for each error is false and specific error codes to track for latency are: []
DBWrapper: report latency for each error is false and specific error codes to track for latency are: []
DBWrapper: report latency for each error is false and specific error codes to track for latency are: []
DBWrapper: report latency for each error is false and specific error codes to track for latency are: []
DBWrapper: report latency for each error is false and specific error codes to track for latency are: []
DBWrapper: report latency for each error is false and specific error codes to track for latency are: []
DBWrapper: report latency for each error is false and specific error codes to track for latency are: []
DBWrapper: report latency for each error is false and specific error codes to track for latency are: []
DBWrapper: report latency for each error is false and specific error codes to track for latency are: []
DBWrapper: report latency for each error is false and specific error codes to track for latency are: []
DBWrapper: report latency for each error is false and specific error codes to track for latency are: []
DBWrapper: report latency for each error is false and specific error codes to track for latency are: []
DBWrapper: report latency for each error is false and specific error codes to track for latency are: []
DBWrapper: report latency for each error is false and specific error codes to track for latency are: []
DBWrapper: report latency for each error is false and specific error codes to track for latency are: []
DBWrapper: report latency for each error is false and specific error codes to track for latency are: []
DBWrapper: report latency for each error is false and specific error codes to track for latency are: []
DBWrapper: report latency for each error is false and specific error codes to track for latency are: []
DBWrapper: report latency for each error is false and specific error codes to track for latency are: []
DBWrapper: report latency for each error is false and specific error codes to track for latency are: []
DBWrapper: report latency for each error is false and specific error codes to track for latency are: []
DBWrapper: report latency for each error is false and specific error codes to track for latency are: []
DBWrapper: report latency for each error is false and specific error codes to track for latency are: []
DBWrapper: report latency for each error is false and specific error codes to track for latency are: []
DBWrapper: report latency for each error is false and specific error codes to track for latency are: []
DBWrapper: report latency for each error is false and specific error codes to track for latency are: []
DBWrapper: report latency for each error is false and specific error codes to track for latency are: []
DBWrapper: report latency for each error is false and specific error codes to track for latency are: []
DBWrapper: report latency for each error is false and specific error codes to track for latency are: []
DBWrapper: report latency for each error is false and specific error codes to track for latency are: []
DBWrapper: report latency for each error is false and specific error codes to track for latency are: []
DBWrapper: report latency for each error is false and specific error codes to track for latency are: []
DBWrapper: report latency for each error is false and specific error codes to track for latency are: []
DBWrapper: report latency for each error is false and specific error codes to track for latency are: []
DBWrapper: report latency for each error is false and specific error codes to track for latency are: []
DBWrapper: report latency for each error is false and specific error codes to track for latency are: []
DBWrapper: report latency for each error is false and specific error codes to track for latency are: []
DBWrapper: report latency for each error is false and specific error codes to track for latency are: []
DBWrapper: report latency for each error is false and specific error codes to track for latency are: []
DBWrapper: report latency for each error is false and specific error codes to track for latency are: []
DBWrapper: report latency for each error is false and specific error codes to track for latency are: []
DBWrapper: report latency for each error is false and specific error codes to track for latency are: []
DBWrapper: report latency for each error is false and specific error codes to track for latency are: []
DBWrapper: report latency for each error is false and specific error codes to track for latency are: []
DBWrapper: report latency for each error is false and specific error codes to track for latency are: []
DBWrapper: report latency for each error is false and specific error codes to track for latency are: []
DBWrapper: report latency for each error is false and specific error codes to track for latency are: []
DBWrapper: report latency for each error is false and specific error codes to track for latency are: []
DBWrapper: report latency for each error is false and specific error codes to track for latency are: []
DBWrapper: report latency for each error is false and specific error codes to track for latency are: []
DBWrapper: report latency for each error is false and specific error codes to track for latency are: []
DBWrapper: report latency for each error is false and specific error codes to track for latency are: []
DBWrapper: report latency for each error is false and specific error codes to track for latency are: []
DBWrapper: report latency for each error is false and specific error codes to track for latency are: []
DBWrapper: report latency for each error is false and specific error codes to track for latency are: []
DBWrapper: report latency for each error is false and specific error codes to track for latency are: []
DBWrapper: report latency for each error is false and specific error codes to track for latency are: []
DBWrapper: report latency for each error is false and specific error codes to track for latency are: []
DBWrapper: report latency for each error is false and specific error codes to track for latency are: []
DBWrapper: report latency for each error is false and specific error codes to track for latency are: []
DBWrapper: report latency for each error is false and specific error codes to track for latency are: []
DBWrapper: report latency for each error is false and specific error codes to track for latency are: []
DBWrapper: report latency for each error is false and specific error codes to track for latency are: []
DBWrapper: report latency for each error is false and specific error codes to track for latency are: []
DBWrapper: report latency for each error is false and specific error codes to track for latency are: []
DBWrapper: report latency for each error is false and specific error codes to track for latency are: []
DBWrapper: report latency for each error is false and specific error codes to track for latency are: []
DBWrapper: report latency for each error is false and specific error codes to track for latency are: []
DBWrapper: report latency for each error is false and specific error codes to track for latency are: []
DBWrapper: report latency for each error is false and specific error codes to track for latency are: []
DBWrapper: report latency for each error is false and specific error codes to track for latency are: []
DBWrapper: report latency for each error is false and specific error codes to track for latency are: []
DBWrapper: report latency for each error is false and specific error codes to track for latency are: []
DBWrapper: report latency for each error is false and specific error codes to track for latency are: []
DBWrapper: report latency for each error is false and specific error codes to track for latency are: []
DBWrapper: report latency for each error is false and specific error codes to track for latency are: []
DBWrapper: report latency for each error is false and specific error codes to track for latency are: []
DBWrapper: report latency for each error is false and specific error codes to track for latency are: []
DBWrapper: report latency for each error is false and specific error codes to track for latency are: []
DBWrapper: report latency for each error is false and specific error codes to track for latency are: []
DBWrapper: report latency for each error is false and specific error codes to track for latency are: []
DBWrapper: report latency for each error is false and specific error codes to track for latency are: []
DBWrapper: report latency for each error is false and specific error codes to track for latency are: []
DBWrapper: report latency for each error is false and specific error codes to track for latency are: []
DBWrapper: report latency for each error is false and specific error codes to track for latency are: []
DBWrapper: report latency for each error is false and specific error codes to track for latency are: []
DBWrapper: report latency for each error is false and specific error codes to track for latency are: []
DBWrapper: report latency for each error is false and specific error codes to track for latency are: []
DBWrapper: report latency for each error is false and specific error codes to track for latency are: []
DBWrapper: report latency for each error is false and specific error codes to track for latency are: []
DBWrapper: report latency for each error is false and specific error codes to track for latency are: []
DBWrapper: report latency for each error is false and specific error codes to track for latency are: []
DBWrapper: report latency for each error is false and specific error codes to track for latency are: []
DBWrapper: report latency for each error is false and specific error codes to track for latency are: []
DBWrapper: report latency for each error is false and specific error codes to track for latency are: []
DBWrapper: report latency for each error is false and specific error codes to track for latency are: []
DBWrapper: report latency for each error is false and specific error codes to track for latency are: []
DBWrapper: report latency for each error is false and specific error codes to track for latency are: []
DBWrapper: report latency for each error is false and specific error codes to track for latency are: []
DBWrapper: report latency for each error is false and specific error codes to track for latency are: []
DBWrapper: report latency for each error is false and specific error codes to track for latency are: []
DBWrapper: report latency for each error is false and specific error codes to track for latency are: []
DBWrapper: report latency for each error is false and specific error codes to track for latency are: []
DBWrapper: report latency for each error is false and specific error codes to track for latency are: []
DBWrapper: report latency for each error is false and specific error codes to track for latency are: []
DBWrapper: report latency for each error is false and specific error codes to track for latency are: []
DBWrapper: report latency for each error is false and specific error codes to track for latency are: []
DBWrapper: report latency for each error is false and specific error codes to track for latency are: []
DBWrapper: report latency for each error is false and specific error codes to track for latency are: []
DBWrapper: report latency for each error is false and specific error codes to track for latency are: []
DBWrapper: report latency for each error is false and specific error codes to track for latency are: []
DBWrapper: report latency for each error is false and specific error codes to track for latency are: []
DBWrapper: report latency for each error is false and specific error codes to track for latency are: []
DBWrapper: report latency for each error is false and specific error codes to track for latency are: []
DBWrapper: report latency for each error is false and specific error codes to track for latency are: []
DBWrapper: report latency for each error is false and specific error codes to track for latency are: []
DBWrapper: report latency for each error is false and specific error codes to track for latency are: []
DBWrapper: report latency for each error is false and specific error codes to track for latency are: []
DBWrapper: report latency for each error is false and specific error codes to track for latency are: []
DBWrapper: report latency for each error is false and specific error codes to track for latency are: []
DBWrapper: report latency for each error is false and specific error codes to track for latency are: []
DBWrapper: report latency for each error is false and specific error codes to track for latency are: []
DBWrapper: report latency for each error is false and specific error codes to track for latency are: []
DBWrapper: report latency for each error is false and specific error codes to track for latency are: []
DBWrapper: report latency for each error is false and specific error codes to track for latency are: []
DBWrapper: report latency for each error is false and specific error codes to track for latency are: []
DBWrapper: report latency for each error is false and specific error codes to track for latency are: []
DBWrapper: report latency for each error is false and specific error codes to track for latency are: []
DBWrapper: report latency for each error is false and specific error codes to track for latency are: []
DBWrapper: report latency for each error is false and specific error codes to track for latency are: []
DBWrapper: report latency for each error is false and specific error codes to track for latency are: []
DBWrapper: report latency for each error is false and specific error codes to track for latency are: []
DBWrapper: report latency for each error is false and specific error codes to track for latency are: []
DBWrapper: report latency for each error is false and specific error codes to track for latency are: []
DBWrapper: report latency for each error is false and specific error codes to track for latency are: []
DBWrapper: report latency for each error is false and specific error codes to track for latency are: []
DBWrapper: report latency for each error is false and specific error codes to track for latency are: []
DBWrapper: report latency for each error is false and specific error codes to track for latency are: []
DBWrapper: report latency for each error is false and specific error codes to track for latency are: []
DBWrapper: report latency for each error is false and specific error codes to track for latency are: []
DBWrapper: report latency for each error is false and specific error codes to track for latency are: []
DBWrapper: report latency for each error is false and specific error codes to track for latency are: []
DBWrapper: report latency for each error is false and specific error codes to track for latency are: []
DBWrapper: report latency for each error is false and specific error codes to track for latency are: []
DBWrapper: report latency for each error is false and specific error codes to track for latency are: []
DBWrapper: report latency for each error is false and specific error codes to track for latency are: []
DBWrapper: report latency for each error is false and specific error codes to track for latency are: []
DBWrapper: report latency for each error is false and specific error codes to track for latency are: []
DBWrapper: report latency for each error is false and specific error codes to track for latency are: []
DBWrapper: report latency for each error is false and specific error codes to track for latency are: []
DBWrapper: report latency for each error is false and specific error codes to track for latency are: []
DBWrapper: report latency for each error is false and specific error codes to track for latency are: []
DBWrapper: report latency for each error is false and specific error codes to track for latency are: []
DBWrapper: report latency for each error is false and specific error codes to track for latency are: []
DBWrapper: report latency for each error is false and specific error codes to track for latency are: []
DBWrapper: report latency for each error is false and specific error codes to track for latency are: []
DBWrapper: report latency for each error is false and specific error codes to track for latency are: []
2020-09-10 12:30:01:560 10 sec: 6434 operations; 603.85 current ops/sec; est completion in 4 hours 35 minutes [READ: Count=6115, Max=2918399, Min=2, Avg=94225.32, 90=196863, 99=1395711, 99.9=2359295, 99.99=2676735] [UPDATE: Count=360, Max=2189311, Min=82, Avg=98628.16, 90=197759, 99=1415167, 99.9=2189311, 99.99=2189311] [READ-FAILED: Count=4, Max=89471, Min=2720, Avg=24753.75, 90=89471, 99=89471, 99.9=89471, 99.99=89471] 
DBWrapper: report latency for each error is false and specific error codes to track for latency are: []
DBWrapper: report latency for each error is false and specific error codes to track for latency are: []
DBWrapper: report latency for each error is false and specific error codes to track for latency are: []
DBWrapper: report latency for each error is false and specific error codes to track for latency are: []
DBWrapper: report latency for each error is false and specific error codes to track for latency are: []
DBWrapper: report latency for each error is false and specific error codes to track for latency are: []
DBWrapper: report latency for each error is false and specific error codes to track for latency are: []
DBWrapper: report latency for each error is false and specific error codes to track for latency are: []
DBWrapper: report latency for each error is false and specific error codes to track for latency are: []
DBWrapper: report latency for each error is false and specific error codes to track for latency are: []
DBWrapper: report latency for each error is false and specific error codes to track for latency are: []
DBWrapper: report latency for each error is false and specific error codes to track for latency are: []
DBWrapper: report latency for each error is false and specific error codes to track for latency are: []
DBWrapper: report latency for each error is false and specific error codes to track for latency are: []
DBWrapper: report latency for each error is false and specific error codes to track for latency are: []
DBWrapper: report latency for each error is false and specific error codes to track for latency are: []
DBWrapper: report latency for each error is false and specific error codes to track for latency are: []
DBWrapper: report latency for each error is false and specific error codes to track for latency are: []
DBWrapper: report latency for each error is false and specific error codes to track for latency are: []
DBWrapper: report latency for each error is false and specific error codes to track for latency are: []
DBWrapper: report latency for each error is false and specific error codes to track for latency are: []
DBWrapper: report latency for each error is false and specific error codes to track for latency are: []
DBWrapper: report latency for each error is false and specific error codes to track for latency are: []
DBWrapper: report latency for each error is false and specific error codes to track for latency are: []
DBWrapper: report latency for each error is false and specific error codes to track for latency are: []
DBWrapper: report latency for each error is false and specific error codes to track for latency are: []
DBWrapper: report latency for each error is false and specific error codes to track for latency are: []
DBWrapper: report latency for each error is false and specific error codes to track for latency are: []
DBWrapper: report latency for each error is false and specific error codes to track for latency are: []
DBWrapper: report latency for each error is false and specific error codes to track for latency are: []
DBWrapper: report latency for each error is false and specific error codes to track for latency are: []
DBWrapper: report latency for each error is false and specific error codes to track for latency are: []
DBWrapper: report latency for each error is false and specific error codes to track for latency are: []
DBWrapper: report latency for each error is false and specific error codes to track for latency are: []
DBWrapper: report latency for each error is false and specific error codes to track for latency are: []
DBWrapper: report latency for each error is false and specific error codes to track for latency are: []
DBWrapper: report latency for each error is false and specific error codes to track for latency are: []
DBWrapper: report latency for each error is false and specific error codes to track for latency are: []
DBWrapper: report latency for each error is false and specific error codes to track for latency are: []
DBWrapper: report latency for each error is false and specific error codes to track for latency are: []
DBWrapper: report latency for each error is false and specific error codes to track for latency are: []
DBWrapper: report latency for each error is false and specific error codes to track for latency are: []
DBWrapper: report latency for each error is false and specific error codes to track for latency are: []
DBWrapper: report latency for each error is false and specific error codes to track for latency are: []
DBWrapper: report latency for each error is false and specific error codes to track for latency are: []
DBWrapper: report latency for each error is false and specific error codes to track for latency are: []
DBWrapper: report latency for each error is false and specific error codes to track for latency are: []
DBWrapper: report latency for each error is false and specific error codes to track for latency are: []
2020-09-10 12:30:10:929 20 sec: 23597 operations; 1836.4 current ops/sec; est completion in 2 hours 20 minutes [READ: Count=16374, Max=3125247, Min=1, Avg=115411.2, 90=319743, 99=1412095, 99.9=2371583, 99.99=3012607] [UPDATE: Count=886, Max=3182591, Min=16, Avg=128078.74, 90=373503, 99=1611775, 99.9=3037183, 99.99=3182591] [READ-FAILED: Count=3, Max=441599, Min=7640, Avg=212403.33, 90=441599, 99=441599, 99.9=441599, 99.99=441599] 
2020-09-10 12:30:20:901 30 sec: 67820 operations; 4422.74 current ops/sec; est completion in 1 hour 13 minutes [READ: Count=41859, Max=3276799, Min=0, Avg=54037.86, 90=116351, 99=607743, 99.9=1199103, 99.99=2426879] [UPDATE: Count=2212, Max=2119679, Min=19, Avg=64220.63, 90=142079, 99=790015, 99.9=1887231, 99.99=2119679] [READ-FAILED: Count=15, Max=288767, Min=3034, Avg=61516.73, 90=233599, 99=288767, 99.9=288767, 99.99=288767] 
2020-09-10 12:30:30:903 40 sec: 117786 operations; 4995.6 current ops/sec; est completion in 55 minutes [READ: Count=47432, Max=5345279, Min=0, Avg=50054.88, 90=94911, 99=609791, 99.9=2834431, 99.99=3852287] [UPDATE: Count=2514, Max=4134911, Min=18, Avg=84465.74, 90=116479, 99=1677311, 99.9=3452927, 99.99=4134911] [READ-FAILED: Count=18, Max=108799, Min=1500, Avg=13381.06, 90=22959, 99=108799, 99.9=108799, 99.99=108799] 
2020-09-10 12:30:40:901 50 sec: 170096 operations; 5232.05 current ops/sec; est completion in 48 minutes [READ: Count=49593, Max=7225343, Min=0, Avg=46829.77, 90=75135, 99=604159, 99.9=3166207, 99.99=5464063] [UPDATE: Count=2710, Max=5214207, Min=14, Avg=79404.38, 90=88063, 99=1873919, 99.9=3682303, 99.99=5214207] [READ-FAILED: Count=16, Max=39071, Min=2504, Avg=9439.19, 90=12111, 99=39071, 99.9=39071, 99.99=39071] 
2020-09-10 12:30:50:901 60 sec: 223034 operations; 5293.27 current ops/sec; est completion in 43 minutes [READ: Count=50293, Max=4935679, Min=0, Avg=41839.59, 90=79487, 99=576511, 99.9=2269183, 99.99=3821567] [UPDATE: Count=2623, Max=5046271, Min=15, Avg=63884.99, 90=87423, 99=1178623, 99.9=3360767, 99.99=5046271] [READ-FAILED: Count=17, Max=123007, Min=2040, Avg=14383.53, 90=18943, 99=123007, 99.9=123007, 99.99=123007] 
2020-09-10 12:31:00:905 70 sec: 283245 operations; 6019.29 current ops/sec; est completion in 40 minutes [READ: Count=57253, Max=7974911, Min=0, Avg=44328.75, 90=71423, 99=593407, 99.9=3104767, 99.99=4968447] [UPDATE: Count=2933, Max=5832703, Min=14, Avg=79468.97, 90=80127, 99=2150399, 99.9=5136383, 99.99=5832703] [READ-FAILED: Count=20, Max=39743, Min=2094, Avg=9063.35, 90=12479, 99=39743, 99.9=39743, 99.99=39743] 
2020-09-10 12:31:10:901 80 sec: 336861 operations; 5363.75 current ops/sec; est completion in 38 minutes [READ: Count=50900, Max=5414911, Min=0, Avg=48483.88, 90=78911, 99=604159, 99.9=3293183, 99.99=4657151] [UPDATE: Count=2694, Max=4993023, Min=14, Avg=64765.06, 90=87807, 99=1315839, 99.9=3395583, 99.99=4993023] [READ-FAILED: Count=24, Max=51775, Min=1756, Avg=8924.38, 90=14231, 99=51775, 99.9=51775, 99.99=51775] 
2020-09-10 12:31:20:901 90 sec: 385137 operations; 4827.12 current ops/sec; est completion in 37 minutes [READ: Count=45943, Max=6963199, Min=0, Avg=50710.13, 90=79807, 99=600063, 99.9=4358143, 99.99=6295551] [UPDATE: Count=2309, Max=6451199, Min=15, Avg=86567.67, 90=98303, 99=2061311, 99.9=5881855, 99.99=6451199] [READ-FAILED: Count=21, Max=111807, Min=2328, Avg=16929.67, 90=32799, 99=111807, 99.9=111807, 99.99=111807] 
2020-09-10 12:31:30:901 100 sec: 441352 operations; 5621.5 current ops/sec; est completion in 36 minutes [READ: Count=53551, Max=7077887, Min=0, Avg=43266.17, 90=69247, 99=567807, 99.9=3461119, 99.99=6610943] [UPDATE: Count=2646, Max=6959103, Min=12, Avg=71472.48, 90=74431, 99=2109439, 99.9=4444159, 99.99=6959103] [READ-FAILED: Count=17, Max=35263, Min=2372, Avg=9204, 90=13279, 99=35263, 99.9=35263, 99.99=35263] 
2020-09-10 12:31:40:901 110 sec: 500528 operations; 5918.19 current ops/sec; est completion in 34 minutes [READ: Count=56106, Max=7647231, Min=0, Avg=41313.02, 90=66687, 99=568831, 99.9=3846143, 99.99=6115327] [UPDATE: Count=3065, Max=6250495, Min=14, Avg=73825.29, 90=75455, 99=1799167, 99.9=5566463, 99.99=6250495] [READ-FAILED: Count=18, Max=16375, Min=2528, Avg=7767.17, 90=12783, 99=16375, 99.9=16375, 99.99=16375] 
2020-09-10 12:31:50:901 120 sec: 554552 operations; 5402.4 current ops/sec; est completion in 34 minutes [READ: Count=51399, Max=7901183, Min=0, Avg=44705.65, 90=64927, 99=603135, 99.9=4218879, 99.99=6193151] [UPDATE: Count=2600, Max=6352895, Min=14, Avg=68511.81, 90=71231, 99=1305599, 99.9=4583423, 99.99=6352895] [READ-FAILED: Count=12, Max=23503, Min=2718, Avg=7653.92, 90=11959, 99=23503, 99.9=23503, 99.99=23503] 
2020-09-10 12:32:00:901 130 sec: 608235 operations; 5368.3 current ops/sec; est completion in 33 minutes [READ: Count=50994, Max=6406143, Min=0, Avg=47557.15, 90=78463, 99=588287, 99.9=3829759, 99.99=5427199] [UPDATE: Count=2674, Max=5300223, Min=15, Avg=88832, 90=90367, 99=2185215, 99.9=4780031, 99.99=5300223] [READ-FAILED: Count=16, Max=116671, Min=1963, Avg=12961.5, 90=11007, 99=116671, 99.9=116671, 99.99=116671] 
2020-09-10 12:32:10:901 140 sec: 663378 operations; 5513.75 current ops/sec; est completion in 32 minutes [READ: Count=52377, Max=6197247, Min=0, Avg=44602.39, 90=54879, 99=630783, 99.9=4052991, 99.99=5443583] [UPDATE: Count=2738, Max=5935103, Min=15, Avg=85392.6, 90=64159, 99=2592767, 99.9=4452351, 99.99=5935103] [READ-FAILED: Count=26, Max=9279, Min=1733, Avg=4723.73, 90=6911, 99=9279, 99.9=9279, 99.99=9279] 
2020-09-10 12:32:20:901 150 sec: 721494 operations; 5812.18 current ops/sec; est completion in 32 minutes [READ: Count=55220, Max=5419007, Min=0, Avg=43905.28, 90=83839, 99=586751, 99.9=2619391, 99.99=5124095] [UPDATE: Count=2882, Max=5390335, Min=15, Avg=75031.35, 90=85375, 99=1772543, 99.9=4562943, 99.99=5390335] [READ-FAILED: Count=15, Max=39839, Min=2426, Avg=14698.13, 90=35967, 99=39839, 99.9=39839, 99.99=39839] 
2020-09-10 12:32:30:901 160 sec: 777810 operations; 5631.6 current ops/sec; est completion in 31 minutes [READ: Count=53510, Max=5005311, Min=0, Avg=39788.08, 90=68735, 99=575999, 99.9=1898495, 99.99=3835903] [UPDATE: Count=2804, Max=3805183, Min=15, Avg=56930.3, 90=81151, 99=883199, 99.9=3457023, 99.99=3805183] [READ-FAILED: Count=9, Max=11623, Min=2432, Avg=6427.67, 90=10823, 99=11623, 99.9=11623, 99.99=11623] 
2020-09-10 12:32:40:901 170 sec: 827674 operations; 4986.4 current ops/sec; est completion in 31 minutes [READ: Count=47319, Max=8040447, Min=0, Avg=50590.08, 90=83199, 99=634367, 99.9=4341759, 99.99=6873087] [UPDATE: Count=2527, Max=7647231, Min=14, Avg=96734.37, 90=100863, 99=1992703, 99.9=6967295, 99.99=7647231] [READ-FAILED: Count=15, Max=23967, Min=1948, Avg=7918.87, 90=23519, 99=23967, 99.9=23967, 99.99=23967] 
2020-09-10 12:32:50:901 180 sec: 891038 operations; 6336.4 current ops/sec; est completion in 30 minutes [READ: Count=60196, Max=5697535, Min=0, Avg=40847.87, 90=72063, 99=573439, 99.9=2496511, 99.99=3948543] [UPDATE: Count=3145, Max=4198399, Min=14, Avg=63948.98, 90=86271, 99=1401855, 99.9=3082239, 99.99=4198399] [READ-FAILED: Count=19, Max=10879, Min=2334, Avg=6658.53, 90=10319, 99=10879, 99.9=10879, 99.99=10879] 
2020-09-10 12:33:00:901 190 sec: 944398 operations; 5336 current ops/sec; est completion in 30 minutes [READ: Count=50683, Max=7995391, Min=0, Avg=46905.69, 90=64351, 99=583679, 99.9=5652479, 99.99=7880703] [UPDATE: Count=2668, Max=8040447, Min=16, Avg=85620.66, 90=71487, 99=1856511, 99.9=6733823, 99.99=8040447] [READ-FAILED: Count=10, Max=50303, Min=2430, Avg=10980.6, 90=15623, 99=50303, 99.9=50303, 99.99=50303] 
2020-09-10 12:33:10:901 200 sec: 1005087 operations; 6068.29 current ops/sec; est completion in 29 minutes [READ: Count=57650, Max=5861375, Min=0, Avg=41063.82, 90=79359, 99=571903, 99.9=2416639, 99.99=4673535] [UPDATE: Count=3026, Max=4849663, Min=16, Avg=55381.24, 90=83199, 99=846847, 99.9=3956735, 99.99=4849663] [READ-FAILED: Count=17, Max=29567, Min=2290, Avg=8556.12, 90=17359, 99=29567, 99.9=29567, 99.99=29567] 
2020-09-10 12:33:20:903 210 sec: 1064819 operations; 5972.6 current ops/sec; est completion in 29 minutes [READ: Count=56795, Max=4040703, Min=0, Avg=41751.19, 90=75199, 99=568831, 99.9=2549759, 99.99=3866623] [UPDATE: Count=2913, Max=3600383, Min=16, Avg=59609.73, 90=76735, 99=1264639, 99.9=3246079, 99.99=3600383] [READ-FAILED: Count=21, Max=24159, Min=2652, Avg=8617.86, 90=18271, 99=24159, 99.9=24159, 99.99=24159] 
2020-09-10 12:33:30:901 220 sec: 1118068 operations; 5325.97 current ops/sec; est completion in 29 minutes [READ: Count=50592, Max=5611519, Min=0, Avg=43909.92, 90=76287, 99=578047, 99.9=3192831, 99.99=4816895] [UPDATE: Count=2640, Max=5640191, Min=5, Avg=63198.57, 90=85247, 99=1009151, 99.9=4669439, 99.99=5640191] [READ-FAILED: Count=12, Max=12535, Min=2056, Avg=5428.58, 90=9543, 99=12535, 99.9=12535, 99.99=12535] 
2020-09-10 12:33:40:901 230 sec: 1169815 operations; 5174.7 current ops/sec; est completion in 28 minutes [READ: Count=49173, Max=7319551, Min=0, Avg=50228.8, 90=65983, 99=670207, 99.9=3127295, 99.99=6045695] [UPDATE: Count=2567, Max=7647231, Min=6, Avg=80371.68, 90=74751, 99=1654783, 99.9=4972543, 99.99=7647231] [READ-FAILED: Count=14, Max=43487, Min=2272, Avg=8588.43, 90=13015, 99=43487, 99.9=43487, 99.99=43487] 
2020-09-10 12:33:50:901 240 sec: 1227180 operations; 5736.5 current ops/sec; est completion in 28 minutes [READ: Count=54535, Max=6238207, Min=0, Avg=45461.61, 90=73535, 99=570367, 99.9=3827711, 99.99=5713919] [UPDATE: Count=2813, Max=6332415, Min=7, Avg=75131.77, 90=79615, 99=1846271, 99.9=5033983, 99.99=6332415] [READ-FAILED: Count=14, Max=71551, Min=2702, Avg=12896, 90=39231, 99=71551, 99.9=71551, 99.99=71551] 
2020-09-10 12:34:00:905 250 sec: 1278130 operations; 5092.45 current ops/sec; est completion in 28 minutes [READ: Count=48328, Max=5939199, Min=0, Avg=47385.57, 90=81983, 99=573951, 99.9=3254271, 99.99=5365759] [UPDATE: Count=2620, Max=5570559, Min=5, Avg=66549.74, 90=89663, 99=1217535, 99.9=4468735, 99.99=5570559] [READ-FAILED: Count=18, Max=27311, Min=2194, Avg=7790.56, 90=12215, 99=27311, 99.9=27311, 99.99=27311] 
2020-09-10 12:34:10:901 260 sec: 1332704 operations; 5460.13 current ops/sec; est completion in 28 minutes [READ: Count=51827, Max=6193151, Min=0, Avg=42990.54, 90=68351, 99=574975, 99.9=3112959, 99.99=5799935] [UPDATE: Count=2708, Max=5832703, Min=6, Avg=62387.03, 90=77887, 99=1244159, 99.9=3661823, 99.99=5832703] [READ-FAILED: Count=19, Max=49279, Min=1746, Avg=9481.05, 90=13703, 99=49279, 99.9=49279, 99.99=49279] 
2020-09-10 12:34:20:901 270 sec: 1387650 operations; 5494.6 current ops/sec; est completion in 27 minutes [READ: Count=52166, Max=8429567, Min=0, Avg=46360.22, 90=57759, 99=642559, 99.9=4235263, 99.99=7692287] [UPDATE: Count=2772, Max=7106559, Min=6, Avg=87214.72, 90=70143, 99=2019327, 99.9=5046271, 99.99=7106559] [READ-FAILED: Count=12, Max=67775, Min=1841, Avg=10258.75, 90=11087, 99=67775, 99.9=67775, 99.99=67775] 
2020-09-10 12:34:30:901 280 sec: 1440928 operations; 5327.8 current ops/sec; est completion in 27 minutes [READ: Count=50597, Max=8593407, Min=0, Avg=48900.16, 90=81599, 99=586239, 99.9=3352575, 99.99=5648383] [UPDATE: Count=2667, Max=7188479, Min=6, Avg=75571.13, 90=84287, 99=1309695, 99.9=5472255, 99.99=7188479] [READ-FAILED: Count=13, Max=117439, Min=2454, Avg=16503.46, 90=34847, 99=117439, 99.9=117439, 99.99=117439] 
2020-09-10 12:34:40:901 290 sec: 1496992 operations; 5606.4 current ops/sec; est completion in 27 minutes [READ: Count=53323, Max=6443007, Min=0, Avg=43301.83, 90=84671, 99=585215, 99.9=2668543, 99.99=6078463] [UPDATE: Count=2737, Max=6635519, Min=6, Avg=74750.92, 90=91455, 99=1513471, 99.9=4861951, 99.99=6635519] [READ-FAILED: Count=12, Max=27023, Min=3222, Avg=9378.83, 90=25711, 99=27023, 99.9=27023, 99.99=27023] 
2020-09-10 12:34:50:901 300 sec: 1543901 operations; 4690.9 current ops/sec; est completion in 27 minutes [READ: Count=44650, Max=6709247, Min=0, Avg=54455, 90=70079, 99=708095, 99.9=4300799, 99.99=5660671] [UPDATE: Count=2242, Max=6381567, Min=5, Avg=88346.04, 90=83135, 99=1948671, 99.9=5160959, 99.99=6381567] [READ-FAILED: Count=9, Max=59871, Min=3024, Avg=11510.67, 90=10063, 99=59871, 99.9=59871, 99.99=59871] 
Maximum time elapsed. Requesting stop for the workload.
Stop requested for workload. Now Joining!
[36m12:34:51.540[m [[34;1mINFO[m] [1;34mp.u.t.s.y.Stats.clientFinished@38[m: 
Ended SconeKV benchmark.
Number of clients: 256
Total transactions: 307470
Committed: 281128 (91.43266%)
Aborted: 26342 (8.56734%)
2020-09-10 12:34:51:543 300 sec: 1545274 operations; 2138.63 current ops/sec; est completion in 27 minutes [READ: Count=1312, Max=3524607, Min=1517, Avg=90517.21, 90=230015, 99=801791, 99.9=3446783, 99.99=3524607] [CLEANUP: Count=256, Max=1822, Min=2, Avg=10.61, 90=5, 99=18, 99.9=1822, 99.99=1822] [UPDATE: Count=58, Max=2032639, Min=8, Avg=155066.9, 90=469503, 99=1505279, 99.9=2032639, 99.99=2032639] [READ-FAILED: Count=0, Max=0, Min=9223372036854775807, Avg=NaN, 90=0, 99=0, 99.9=0, 99.99=0] 
[OVERALL], RunTime(ms), 300633
[OVERALL], Throughput(ops/sec), 5140.06779029581
[TOTAL_GCS_G1_Young_Generation], Count, 133
[TOTAL_GC_TIME_G1_Young_Generation], Time(ms), 3625
[TOTAL_GC_TIME_%_G1_Young_Generation], Time(%), 1.2057891182937335
[TOTAL_GCS_G1_Old_Generation], Count, 0
[TOTAL_GC_TIME_G1_Old_Generation], Time(ms), 0
[TOTAL_GC_TIME_%_G1_Old_Generation], Time(%), 0.0
[TOTAL_GCs], Count, 133
[TOTAL_GC_TIME], Time(ms), 3625
[TOTAL_GC_TIME_%], Time(%), 1.2057891182937335
[READ], Operations, 1468065
[READ], AverageLatency(us), 46674.361757824074
[READ], MinLatency(us), 0
[READ], MaxLatency(us), 8593407
[READ], 95thPercentileLatency(us), 135807
[READ], 99thPercentileLatency(us), 596479
[READ], Return=OK, 1468065
[READ], Return=NOT_FOUND, 456
[CLEANUP], Operations, 256
[CLEANUP], AverageLatency(us), 10.609375
[CLEANUP], MinLatency(us), 2
[CLEANUP], MaxLatency(us), 1822
[CLEANUP], 95thPercentileLatency(us), 5
[CLEANUP], 99thPercentileLatency(us), 18
[UPDATE], Operations, 76753
[UPDATE], AverageLatency(us), 74685.39431683451
[UPDATE], MinLatency(us), 5
[UPDATE], MaxLatency(us), 8040447
[UPDATE], 95thPercentileLatency(us), 231039
[UPDATE], 99thPercentileLatency(us), 1610751
[UPDATE], Return=OK, 76753
[READ-FAILED], Operations, 456
[READ-FAILED], AverageLatency(us), 13080.307017543859
[READ-FAILED], MinLatency(us), 1500
[READ-FAILED], MaxLatency(us), 441599
[READ-FAILED], 95thPercentileLatency(us), 39071
[READ-FAILED], 99thPercentileLatency(us), 123007
