Command line: -t -db pt.ulisboa.tecnico.sconekv.ycsb.SconeKVClient -P workloadf -threads 32 -s -p scone.tx_size=5 -p operationcount=10000000 -p maxexecutiontime=300
YCSB Client 0.17.0

Loading workload...
Starting test.
WARNING: sun.reflect.Reflection.getCallerClass is not supported. This will impact performance.
Maximum execution time specified as: 300 secs
2020-09-10 10:26:53:569 0 sec: 0 operations; est completion in 0 second 
DBWrapper: report latency for each error is false and specific error codes to track for latency are: []
DBWrapper: report latency for each error is false and specific error codes to track for latency are: []
DBWrapper: report latency for each error is false and specific error codes to track for latency are: []
DBWrapper: report latency for each error is false and specific error codes to track for latency are: []
DBWrapper: report latency for each error is false and specific error codes to track for latency are: []
DBWrapper: report latency for each error is false and specific error codes to track for latency are: []
DBWrapper: report latency for each error is false and specific error codes to track for latency are: []
DBWrapper: report latency for each error is false and specific error codes to track for latency are: []
DBWrapper: report latency for each error is false and specific error codes to track for latency are: []
DBWrapper: report latency for each error is false and specific error codes to track for latency are: []
DBWrapper: report latency for each error is false and specific error codes to track for latency are: []
DBWrapper: report latency for each error is false and specific error codes to track for latency are: []
DBWrapper: report latency for each error is false and specific error codes to track for latency are: []
DBWrapper: report latency for each error is false and specific error codes to track for latency are: []
DBWrapper: report latency for each error is false and specific error codes to track for latency are: []
DBWrapper: report latency for each error is false and specific error codes to track for latency are: []
DBWrapper: report latency for each error is false and specific error codes to track for latency are: []
DBWrapper: report latency for each error is false and specific error codes to track for latency are: []
DBWrapper: report latency for each error is false and specific error codes to track for latency are: []
DBWrapper: report latency for each error is false and specific error codes to track for latency are: []
DBWrapper: report latency for each error is false and specific error codes to track for latency are: []
DBWrapper: report latency for each error is false and specific error codes to track for latency are: []
DBWrapper: report latency for each error is false and specific error codes to track for latency are: []
DBWrapper: report latency for each error is false and specific error codes to track for latency are: []
DBWrapper: report latency for each error is false and specific error codes to track for latency are: []
DBWrapper: report latency for each error is false and specific error codes to track for latency are: []
DBWrapper: report latency for each error is false and specific error codes to track for latency are: []
DBWrapper: report latency for each error is false and specific error codes to track for latency are: []
DBWrapper: report latency for each error is false and specific error codes to track for latency are: []
DBWrapper: report latency for each error is false and specific error codes to track for latency are: []
DBWrapper: report latency for each error is false and specific error codes to track for latency are: []
DBWrapper: report latency for each error is false and specific error codes to track for latency are: []
2020-09-10 10:27:03:569 10 sec: 14758 operations; 1475.65 current ops/sec; est completion in 1 hour 52 minutes [READ: Count=14754, Max=780287, Min=0, Avg=15634.67, 90=28031, 99=153471, 99.9=549375, 99.99=650239] [READ-MODIFY-WRITE: Count=7422, Max=781823, Min=3, Avg=16623.14, 90=34079, 99=139519, 99.9=543231, 99.99=588799] [UPDATE: Count=7448, Max=111295, Min=1, Avg=1535.36, 90=4883, 99=19695, 99.9=49599, 99.99=83583] [READ-FAILED: Count=9, Max=19839, Min=2214, Avg=7131.44, 90=13903, 99=19839, 99.9=19839, 99.99=19839] 
2020-09-10 10:27:13:569 20 sec: 38514 operations; 2375.6 current ops/sec; est completion in 1 hour 26 minutes [READ: Count=23741, Max=758271, Min=0, Avg=12922.86, 90=20511, 99=236287, 99.9=531967, 99.99=659967] [READ-MODIFY-WRITE: Count=11863, Max=665087, Min=2, Avg=13519.59, 90=23935, 99=222975, 99.9=536575, 99.99=572415] [UPDATE: Count=11842, Max=162047, Min=0, Avg=873.03, 90=2915, 99=9383, 99.9=31439, 99.99=123455] [READ-FAILED: Count=10, Max=5519, Min=2154, Avg=3159.6, 90=5211, 99=5519, 99.9=5519, 99.99=5519] 
2020-09-10 10:27:23:569 30 sec: 62365 operations; 2385.1 current ops/sec; est completion in 1 hour 19 minutes [READ: Count=23845, Max=626175, Min=0, Avg=13095.06, 90=20319, 99=307199, 99.9=531455, 99.99=564223] [READ-MODIFY-WRITE: Count=11918, Max=567295, Min=3, Avg=13970.36, 90=23855, 99=312575, 99.9=534015, 99.99=554495] [UPDATE: Count=11919, Max=123391, Min=1, Avg=834.6, 90=2839, 99=9103, 99.9=28431, 99.99=95679] [READ-FAILED: Count=7, Max=21503, Min=1838, Avg=5863.14, 90=6247, 99=21503, 99.9=21503, 99.99=21503] 
2020-09-10 10:27:33:569 40 sec: 89062 operations; 2669.7 current ops/sec; est completion in 1 hour 14 minutes [READ: Count=26689, Max=1074175, Min=0, Avg=11411.94, 90=21807, 99=104255, 99.9=530943, 99.99=568319] [READ-MODIFY-WRITE: Count=13185, Max=1077247, Min=2, Avg=12498.15, 90=25455, 99=121471, 99.9=536063, 99.99=603647] [UPDATE: Count=13186, Max=119103, Min=1, Avg=856.99, 90=2905, 99=8615, 99.9=36831, 99.99=97791] [READ-FAILED: Count=8, Max=11591, Min=1886, Avg=3776.62, 90=4147, 99=11591, 99.9=11591, 99.99=11591] 
2020-09-10 10:27:43:569 50 sec: 111060 operations; 2200.02 current ops/sec; est completion in 1 hour 14 minutes [READ: Count=21991, Max=633855, Min=0, Avg=13979.74, 90=22047, 99=329215, 99.9=538623, 99.99=595967] [READ-MODIFY-WRITE: Count=11028, Max=591359, Min=2, Avg=13984.34, 90=25295, 99=256383, 99.9=536575, 99.99=581631] [UPDATE: Count=11021, Max=100607, Min=1, Avg=822.13, 90=2823, 99=8171, 99.9=32383, 99.99=92543] [READ-FAILED: Count=6, Max=8151, Min=1613, Avg=4259.83, 90=5211, 99=8151, 99.9=8151, 99.99=8151] 
2020-09-10 10:27:53:576 60 sec: 134939 operations; 2387.9 current ops/sec; est completion in 1 hour 13 minutes [READ: Count=23876, Max=849919, Min=0, Avg=13335.75, 90=19791, 99=319487, 99.9=559615, 99.99=846847] [READ-MODIFY-WRITE: Count=11985, Max=856063, Min=2, Avg=14160.11, 90=23327, 99=318207, 99.9=556031, 99.99=846847] [UPDATE: Count=11997, Max=107839, Min=0, Avg=763.62, 90=2837, 99=7251, 99.9=17855, 99.99=107455] [READ-FAILED: Count=8, Max=10263, Min=1873, Avg=3701.25, 90=4847, 99=10263, 99.9=10263, 99.99=10263] 
2020-09-10 10:28:03:569 70 sec: 161842 operations; 2690.3 current ops/sec; est completion in 1 hour 10 minutes [READ: Count=26892, Max=556543, Min=0, Avg=11247.04, 90=20383, 99=111231, 99.9=526335, 99.99=542207] [READ-MODIFY-WRITE: Count=13457, Max=578559, Min=3, Avg=12042.58, 90=24079, 99=121215, 99.9=532479, 99.99=559103] [UPDATE: Count=13446, Max=116863, Min=1, Avg=804.31, 90=2915, 99=7739, 99.9=23471, 99.99=113791] [READ-FAILED: Count=8, Max=3393, Min=1784, Avg=2566.62, 90=2923, 99=3393, 99.9=3393, 99.99=3393] 
2020-09-10 10:28:13:569 80 sec: 185590 operations; 2374.8 current ops/sec; est completion in 1 hour 10 minutes [READ: Count=23746, Max=583679, Min=0, Avg=13224.13, 90=21519, 99=273919, 99.9=531455, 99.99=555519] [READ-MODIFY-WRITE: Count=11939, Max=586239, Min=2, Avg=14645.96, 90=25567, 99=315647, 99.9=538111, 99.99=557567] [UPDATE: Count=11950, Max=433663, Min=1, Avg=857.56, 90=2815, 99=8735, 99.9=38943, 99.99=122623] [READ-FAILED: Count=7, Max=5843, Min=1845, Avg=3164.71, 90=4363, 99=5843, 99.9=5843, 99.99=5843] 
2020-09-10 10:28:23:569 90 sec: 209675 operations; 2408.26 current ops/sec; est completion in 1 hour 10 minutes [READ: Count=24068, Max=605183, Min=0, Avg=12627.47, 90=20799, 99=224639, 99.9=540671, 99.99=562175] [READ-MODIFY-WRITE: Count=11889, Max=572415, Min=3, Avg=13035.33, 90=23775, 99=206207, 99.9=545279, 99.99=565759] [UPDATE: Count=11878, Max=101887, Min=1, Avg=777.62, 90=2769, 99=8655, 99.9=28159, 99.99=75839] [READ-FAILED: Count=10, Max=6587, Min=1572, Avg=3014.2, 90=4507, 99=6587, 99.9=6587, 99.99=6587] 
2020-09-10 10:28:33:569 100 sec: 236251 operations; 2657.6 current ops/sec; est completion in 1 hour 8 minutes [READ: Count=26568, Max=551935, Min=0, Avg=11745.44, 90=21535, 99=124927, 99.9=525311, 99.99=538111] [READ-MODIFY-WRITE: Count=13319, Max=553471, Min=2, Avg=12741.18, 90=25023, 99=145279, 99.9=529407, 99.99=546303] [UPDATE: Count=13324, Max=102911, Min=1, Avg=837.02, 90=2929, 99=8647, 99.9=23951, 99.99=100607] [READ-FAILED: Count=8, Max=5015, Min=2084, Avg=2918.38, 90=3215, 99=5015, 99.9=5015, 99.99=5015] 
2020-09-10 10:28:43:569 110 sec: 259858 operations; 2360.94 current ops/sec; est completion in 1 hour 8 minutes [READ: Count=23598, Max=1078271, Min=0, Avg=13220.53, 90=20367, 99=307199, 99.9=582655, 99.99=851967] [READ-MODIFY-WRITE: Count=11807, Max=829439, Min=2, Avg=13458.65, 90=23439, 99=273151, 99.9=568319, 99.99=724479] [UPDATE: Count=11805, Max=92159, Min=0, Avg=723.27, 90=2737, 99=6551, 99.9=19535, 99.99=91327] [READ-FAILED: Count=9, Max=7659, Min=2370, Avg=4173.89, 90=5599, 99=7659, 99.9=7659, 99.99=7659] 
2020-09-10 10:28:53:569 120 sec: 282968 operations; 2311 current ops/sec; est completion in 1 hour 8 minutes [READ: Count=23105, Max=598015, Min=0, Avg=13504.22, 90=22335, 99=298239, 99.9=535039, 99.99=587263] [READ-MODIFY-WRITE: Count=11516, Max=771583, Min=3, Avg=13929.7, 90=25311, 99=260095, 99.9=535039, 99.99=705023] [UPDATE: Count=11519, Max=516351, Min=1, Avg=1001.69, 90=2807, 99=8927, 99.9=44575, 99.99=505855] [READ-FAILED: Count=8, Max=7767, Min=2178, Avg=3752.88, 90=4795, 99=7767, 99.9=7767, 99.99=7767] 
2020-09-10 10:29:03:569 130 sec: 307122 operations; 2415.16 current ops/sec; est completion in 1 hour 8 minutes [READ: Count=24146, Max=633855, Min=0, Avg=12847.67, 90=21535, 99=269055, 99.9=536063, 99.99=589823] [READ-MODIFY-WRITE: Count=12150, Max=637439, Min=3, Avg=14216.54, 90=25503, 99=302079, 99.9=537087, 99.99=599551] [UPDATE: Count=12147, Max=92799, Min=1, Avg=836.7, 90=2981, 99=8887, 99.9=21503, 99.99=85503] [READ-FAILED: Count=7, Max=4751, Min=1988, Avg=2628.43, 90=2577, 99=4751, 99.9=4751, 99.99=4751] 
2020-09-10 10:29:13:569 140 sec: 333047 operations; 2592.76 current ops/sec; est completion in 1 hour 7 minutes [READ: Count=25918, Max=792575, Min=0, Avg=11856.43, 90=22623, 99=114111, 99.9=526335, 99.99=556543] [READ-MODIFY-WRITE: Count=12986, Max=795647, Min=2, Avg=12347.77, 90=25695, 99=117375, 99.9=529407, 99.99=588799] [UPDATE: Count=12993, Max=109375, Min=0, Avg=818.72, 90=2885, 99=7731, 99.9=37375, 99.99=86079] [READ-FAILED: Count=10, Max=5011, Min=1817, Avg=2548.9, 90=3023, 99=5011, 99.9=5011, 99.99=5011] 
2020-09-10 10:29:23:572 150 sec: 356261 operations; 2320.7 current ops/sec; est completion in 1 hour 7 minutes [READ: Count=23200, Max=647679, Min=0, Avg=13112.28, 90=20703, 99=333055, 99.9=532991, 99.99=595455] [READ-MODIFY-WRITE: Count=11668, Max=650751, Min=2, Avg=13708.85, 90=23999, 99=314623, 99.9=536575, 99.99=612351] [UPDATE: Count=11660, Max=87487, Min=0, Avg=754.23, 90=2789, 99=7431, 99.9=21551, 99.99=60255] [READ-FAILED: Count=9, Max=7807, Min=1759, Avg=3736.11, 90=5475, 99=7807, 99.9=7807, 99.99=7807] 
2020-09-10 10:29:33:569 160 sec: 379459 operations; 2320.5 current ops/sec; est completion in 1 hour 7 minutes [READ: Count=23193, Max=850943, Min=0, Avg=13687.7, 90=21071, 99=287999, 99.9=544767, 99.99=637951] [READ-MODIFY-WRITE: Count=11748, Max=650751, Min=3, Avg=14128.23, 90=24719, 99=257407, 99.9=552959, 99.99=640511] [UPDATE: Count=11747, Max=85311, Min=1, Avg=822.56, 90=2809, 99=9167, 99.9=29599, 99.99=73727] [READ-FAILED: Count=8, Max=3169, Min=1660, Avg=2505.75, 90=2997, 99=3169, 99.9=3169, 99.99=3169] 
2020-09-10 10:29:43:569 170 sec: 404572 operations; 2511.3 current ops/sec; est completion in 1 hour 7 minutes [READ: Count=25100, Max=721919, Min=0, Avg=12275.07, 90=21135, 99=162303, 99.9=541695, 99.99=680959] [READ-MODIFY-WRITE: Count=12497, Max=724479, Min=2, Avg=13467.52, 90=24959, 99=184319, 99.9=546815, 99.99=696831] [UPDATE: Count=12502, Max=83071, Min=1, Avg=878.36, 90=2979, 99=9911, 99.9=31343, 99.99=80639] [READ-FAILED: Count=11, Max=15575, Min=2370, Avg=5645.91, 90=10975, 99=15575, 99.9=15575, 99.99=15575] 
2020-09-10 10:29:53:569 180 sec: 427086 operations; 2251.4 current ops/sec; est completion in 1 hour 7 minutes [READ: Count=22507, Max=1023487, Min=0, Avg=13816.16, 90=23087, 99=272383, 99.9=556031, 99.99=998399] [READ-MODIFY-WRITE: Count=11181, Max=1000959, Min=3, Avg=15405.37, 90=27119, 99=364287, 99.9=557055, 99.99=959487] [UPDATE: Count=11176, Max=168703, Min=1, Avg=924.03, 90=2805, 99=10351, 99.9=64415, 99.99=129087] [READ-FAILED: Count=8, Max=3437, Min=2196, Avg=2756.5, 90=3287, 99=3437, 99.9=3437, 99.99=3437] 
2020-09-10 10:30:03:569 190 sec: 450889 operations; 2380.06 current ops/sec; est completion in 1 hour 7 minutes [READ: Count=23793, Max=826879, Min=0, Avg=13007.12, 90=20239, 99=288767, 99.9=540671, 99.99=766463] [READ-MODIFY-WRITE: Count=11868, Max=829439, Min=2, Avg=13883.09, 90=23471, 99=318975, 99.9=547839, 99.99=776191] [UPDATE: Count=11875, Max=151423, Min=0, Avg=790.23, 90=2833, 99=7295, 99.9=20223, 99.99=103807] [READ-FAILED: Count=12, Max=11519, Min=1909, Avg=4025.33, 90=10719, 99=11519, 99.9=11519, 99.99=11519] 
2020-09-10 10:30:13:569 200 sec: 479686 operations; 2879.7 current ops/sec; est completion in 1 hour 6 minutes [READ: Count=28784, Max=573439, Min=0, Avg=10566.8, 90=19487, 99=94719, 99.9=524031, 99.99=551935] [READ-MODIFY-WRITE: Count=14364, Max=557055, Min=2, Avg=11591.08, 90=22943, 99=98175, 99.9=527871, 99.99=554495] [UPDATE: Count=14358, Max=522239, Min=1, Avg=793.87, 90=2903, 99=6583, 99.9=20319, 99.99=105087] [READ-FAILED: Count=11, Max=5947, Min=1868, Avg=3424.73, 90=4603, 99=5947, 99.9=5947, 99.99=5947] 
2020-09-10 10:30:23:569 210 sec: 505928 operations; 2624.46 current ops/sec; est completion in 1 hour 5 minutes [READ: Count=26229, Max=795135, Min=0, Avg=11824.82, 90=20639, 99=168319, 99.9=533503, 99.99=663551] [READ-MODIFY-WRITE: Count=13086, Max=800767, Min=3, Avg=12410.56, 90=24015, 99=144639, 99.9=535551, 99.99=667647] [UPDATE: Count=13092, Max=101247, Min=0, Avg=777.91, 90=2809, 99=6335, 99.9=36607, 99.99=92671] [READ-FAILED: Count=12, Max=9327, Min=1840, Avg=3400.83, 90=4623, 99=9327, 99.9=9327, 99.99=9327] 
2020-09-10 10:30:33:569 220 sec: 529320 operations; 2339.2 current ops/sec; est completion in 1 hour 5 minutes [READ: Count=23378, Max=987647, Min=0, Avg=13230.45, 90=20463, 99=260991, 99.9=544255, 99.99=982527] [READ-MODIFY-WRITE: Count=11700, Max=991743, Min=2, Avg=14057.66, 90=23903, 99=276735, 99.9=548351, 99.99=990207] [UPDATE: Count=11692, Max=128767, Min=0, Avg=841.49, 90=2823, 99=8943, 99.9=27039, 99.99=95999] [READ-FAILED: Count=13, Max=4399, Min=1578, Avg=2852.92, 90=4323, 99=4399, 99.9=4399, 99.99=4399] 
2020-09-10 10:30:43:569 230 sec: 552402 operations; 2308.2 current ops/sec; est completion in 1 hour 5 minutes [READ: Count=23079, Max=697343, Min=1, Avg=13611.92, 90=21103, 99=323839, 99.9=553983, 99.99=637951] [READ-MODIFY-WRITE: Count=11559, Max=639999, Min=3, Avg=15047.31, 90=24751, 99=371199, 99.9=560639, 99.99=611327] [UPDATE: Count=11563, Max=147455, Min=0, Avg=874.66, 90=2931, 99=8135, 99.9=32367, 99.99=144511] [READ-FAILED: Count=4, Max=5683, Min=2424, Avg=3535.25, 90=5683, 99=5683, 99.9=5683, 99.99=5683] 
2020-09-10 10:30:53:569 240 sec: 582687 operations; 3028.5 current ops/sec; est completion in 1 hour 4 minutes [READ: Count=30279, Max=755199, Min=0, Avg=10187.98, 90=20623, 99=78783, 99.9=538111, 99.99=718335] [READ-MODIFY-WRITE: Count=15200, Max=726015, Min=2, Avg=10913.6, 90=24031, 99=83391, 99.9=538623, 99.99=716287] [UPDATE: Count=15195, Max=88063, Min=0, Avg=798.92, 90=3027, 99=6779, 99.9=26879, 99.99=73727] [READ-FAILED: Count=11, Max=11311, Min=2134, Avg=4304.82, 90=10079, 99=11311, 99.9=11311, 99.99=11311] 
2020-09-10 10:31:03:569 250 sec: 609019 operations; 2632.94 current ops/sec; est completion in 1 hour 4 minutes [READ: Count=26306, Max=635903, Min=0, Avg=11610.86, 90=24015, 99=102015, 99.9=539647, 99.99=596479] [READ-MODIFY-WRITE: Count=13176, Max=622079, Min=1, Avg=12520.78, 90=27439, 99=112447, 99.9=541695, 99.99=614911] [UPDATE: Count=13176, Max=126015, Min=0, Avg=879.96, 90=2951, 99=9383, 99.9=33887, 99.99=103679] [READ-FAILED: Count=20, Max=14439, Min=2098, Avg=3830.95, 90=6611, 99=14439, 99.9=14439, 99.99=14439] 
2020-09-10 10:31:13:569 260 sec: 631495 operations; 2247.82 current ops/sec; est completion in 1 hour 4 minutes [READ: Count=22478, Max=1018367, Min=0, Avg=13894.81, 90=21231, 99=366079, 99.9=566783, 99.99=991743] [READ-MODIFY-WRITE: Count=11211, Max=1020415, Min=2, Avg=14131.08, 90=24607, 99=284671, 99.9=575999, 99.99=1016831] [UPDATE: Count=11215, Max=101439, Min=0, Avg=837.51, 90=2921, 99=7935, 99.9=32287, 99.99=97087] [READ-FAILED: Count=6, Max=4671, Min=2346, Avg=3241.83, 90=3853, 99=4671, 99.9=4671, 99.99=4671] 
2020-09-10 10:31:23:569 270 sec: 659898 operations; 2840.3 current ops/sec; est completion in 1 hour 3 minutes [READ: Count=28386, Max=627711, Min=0, Avg=10739.16, 90=20687, 99=96063, 99.9=536575, 99.99=606207] [READ-MODIFY-WRITE: Count=14087, Max=630783, Min=3, Avg=11998.52, 90=24575, 99=103615, 99.9=552959, 99.99=612863] [UPDATE: Count=14090, Max=115775, Min=1, Avg=819.12, 90=2973, 99=7399, 99.9=26751, 99.99=104447] [READ-FAILED: Count=10, Max=10647, Min=1625, Avg=4102.6, 90=5775, 99=10647, 99.9=10647, 99.99=10647] 
2020-09-10 10:31:33:569 280 sec: 685686 operations; 2578.54 current ops/sec; est completion in 1 hour 3 minutes [READ: Count=25783, Max=1033727, Min=0, Avg=11924.78, 90=22959, 99=113023, 99.9=557055, 99.99=862719] [READ-MODIFY-WRITE: Count=12931, Max=993279, Min=2, Avg=12751.36, 90=27007, 99=119039, 99.9=556543, 99.99=864767] [UPDATE: Count=12924, Max=527359, Min=0, Avg=1143.88, 90=3093, 99=11007, 99.9=71807, 99.99=445695] [READ-FAILED: Count=5, Max=4679, Min=1636, Avg=2819.4, 90=4679, 99=4679, 99.9=4679, 99.99=4679] 
2020-09-10 10:31:43:569 290 sec: 710935 operations; 2525.15 current ops/sec; est completion in 1 hour 3 minutes [READ: Count=25248, Max=1062911, Min=0, Avg=12322.61, 90=21311, 99=145663, 99.9=574975, 99.99=1009151] [READ-MODIFY-WRITE: Count=12790, Max=1064959, Min=1, Avg=13144.74, 90=24767, 99=163583, 99.9=571903, 99.99=1028095] [UPDATE: Count=12800, Max=174719, Min=0, Avg=800.52, 90=3011, 99=6915, 99.9=21903, 99.99=90303] [READ-FAILED: Count=6, Max=3539, Min=1918, Avg=2888.83, 90=3369, 99=3539, 99.9=3539, 99.99=3539] 
2020-09-10 10:31:53:572 300 sec: 740729 operations; 2978.21 current ops/sec; est completion in 1 hour 2 minutes [READ: Count=29778, Max=612351, Min=0, Avg=10347.63, 90=20111, 99=91071, 99.9=547839, 99.99=601599] [READ-MODIFY-WRITE: Count=14745, Max=623615, Min=3, Avg=11374.34, 90=23791, 99=98751, 99.9=530431, 99.99=605183] [UPDATE: Count=14744, Max=85375, Min=0, Avg=792.64, 90=2989, 99=6563, 99.9=22639, 99.99=72447] [READ-FAILED: Count=13, Max=51615, Min=2022, Avg=7336.15, 90=10863, 99=51615, 99.9=51615, 99.99=51615] 
Maximum time elapsed. Requesting stop for the workload.
Stop requested for workload. Now Joining!
[36m10:31:53.984[m [[34;1mINFO[m] [1;34mp.u.t.s.y.Stats.clientFinished@38[m: 
Ended SconeKV benchmark.
Number of clients: 32
Total transactions: 163793
Committed: 129692 (79.180435%)
Aborted: 34101 (20.819572%)
2020-09-10 10:31:53:986 300 sec: 740931 operations; 487.92 current ops/sec; est completion in 1 hour 2 minutes [READ: Count=199, Max=528383, Min=2, Avg=13087.51, 90=30287, 99=43263, 99.9=528383, 99.99=528383] [READ-MODIFY-WRITE: Count=102, Max=531455, Min=4, Avg=17387.02, 90=32463, 99=46303, 99.9=531455, 99.99=531455] [CLEANUP: Count=32, Max=1484, Min=2, Avg=49.66, 90=5, 99=1484, 99.9=1484, 99.99=1484] [UPDATE: Count=93, Max=6395, Min=1, Avg=1053.05, 90=3007, 99=6275, 99.9=6395, 99.99=6395] [READ-FAILED: Count=0, Max=0, Min=9223372036854775807, Avg=NaN, 90=0, 99=0, 99.9=0, 99.99=0] 
[OVERALL], RunTime(ms), 300418
[OVERALL], Throughput(ops/sec), 2466.333575218529
[TOTAL_GCS_G1_Young_Generation], Count, 118
[TOTAL_GC_TIME_G1_Young_Generation], Time(ms), 976
[TOTAL_GC_TIME_%_G1_Young_Generation], Time(%), 0.3248806662716615
[TOTAL_GCS_G1_Old_Generation], Count, 0
[TOTAL_GC_TIME_G1_Old_Generation], Time(ms), 0
[TOTAL_GC_TIME_%_G1_Old_Generation], Time(%), 0.0
[TOTAL_GCs], Count, 118
[TOTAL_GC_TIME], Time(ms), 976
[TOTAL_GC_TIME_%], Time(%), 0.3248806662716615
[READ], Operations, 740657
[READ], AverageLatency(us), 12424.716936449666
[READ], MinLatency(us), 0
[READ], MaxLatency(us), 1078271
[READ], 95thPercentileLatency(us), 29983
[READ], 99thPercentileLatency(us), 178431
[READ], Return=OK, 740657
[READ], Return=NOT_FOUND, 274
[READ-MODIFY-WRITE], Operations, 370377
[READ-MODIFY-WRITE], AverageLatency(us), 13263.040653172307
[READ-MODIFY-WRITE], MinLatency(us), 1
[READ-MODIFY-WRITE], MaxLatency(us), 1077247
[READ-MODIFY-WRITE], 95thPercentileLatency(us), 34207
[READ-MODIFY-WRITE], 99thPercentileLatency(us), 182271
[CLEANUP], Operations, 32
[CLEANUP], AverageLatency(us), 49.65625
[CLEANUP], MinLatency(us), 2
[CLEANUP], MaxLatency(us), 1484
[CLEANUP], 95thPercentileLatency(us), 8
[CLEANUP], 99thPercentileLatency(us), 1484
[UPDATE], Operations, 370377
[UPDATE], AverageLatency(us), 852.4827135594273
[UPDATE], MinLatency(us), 0
[UPDATE], MaxLatency(us), 527359
[UPDATE], 95thPercentileLatency(us), 3775
[UPDATE], 99thPercentileLatency(us), 8567
[UPDATE], Return=OK, 370377
[READ-FAILED], Operations, 274
[READ-FAILED], AverageLatency(us), 3857.4671532846714
[READ-FAILED], MinLatency(us), 1572
[READ-FAILED], MaxLatency(us), 51615
[READ-FAILED], 95thPercentileLatency(us), 10079
[READ-FAILED], 99thPercentileLatency(us), 15575
