Command line: -t -db pt.ulisboa.tecnico.sconekv.ycsb.SconeKVClient -P workloadb -threads 32 -s -p scone.tx_size=5 -p operationcount=10000000 -p maxexecutiontime=300
YCSB Client 0.17.0

Loading workload...
Starting test.
WARNING: sun.reflect.Reflection.getCallerClass is not supported. This will impact performance.
Maximum execution time specified as: 300 secs
2020-09-09 14:40:37:286 0 sec: 0 operations; est completion in 0 second 
DBWrapper: report latency for each error is false and specific error codes to track for latency are: []
DBWrapper: report latency for each error is false and specific error codes to track for latency are: []
DBWrapper: report latency for each error is false and specific error codes to track for latency are: []
DBWrapper: report latency for each error is false and specific error codes to track for latency are: []
DBWrapper: report latency for each error is false and specific error codes to track for latency are: []
DBWrapper: report latency for each error is false and specific error codes to track for latency are: []
DBWrapper: report latency for each error is false and specific error codes to track for latency are: []
DBWrapper: report latency for each error is false and specific error codes to track for latency are: []
DBWrapper: report latency for each error is false and specific error codes to track for latency are: []
DBWrapper: report latency for each error is false and specific error codes to track for latency are: []
DBWrapper: report latency for each error is false and specific error codes to track for latency are: []
DBWrapper: report latency for each error is false and specific error codes to track for latency are: []
DBWrapper: report latency for each error is false and specific error codes to track for latency are: []
DBWrapper: report latency for each error is false and specific error codes to track for latency are: []
DBWrapper: report latency for each error is false and specific error codes to track for latency are: []
DBWrapper: report latency for each error is false and specific error codes to track for latency are: []
DBWrapper: report latency for each error is false and specific error codes to track for latency are: []
DBWrapper: report latency for each error is false and specific error codes to track for latency are: []
DBWrapper: report latency for each error is false and specific error codes to track for latency are: []
DBWrapper: report latency for each error is false and specific error codes to track for latency are: []
DBWrapper: report latency for each error is false and specific error codes to track for latency are: []
DBWrapper: report latency for each error is false and specific error codes to track for latency are: []
DBWrapper: report latency for each error is false and specific error codes to track for latency are: []
DBWrapper: report latency for each error is false and specific error codes to track for latency are: []
DBWrapper: report latency for each error is false and specific error codes to track for latency are: []
DBWrapper: report latency for each error is false and specific error codes to track for latency are: []
DBWrapper: report latency for each error is false and specific error codes to track for latency are: []
DBWrapper: report latency for each error is false and specific error codes to track for latency are: []
DBWrapper: report latency for each error is false and specific error codes to track for latency are: []
DBWrapper: report latency for each error is false and specific error codes to track for latency are: []
DBWrapper: report latency for each error is false and specific error codes to track for latency are: []
DBWrapper: report latency for each error is false and specific error codes to track for latency are: []
2020-09-09 14:40:47:286 10 sec: 15957 operations; 1595.54 current ops/sec; est completion in 1 hour 44 minutes [READ: Count=15139, Max=834559, Min=0, Avg=15023.79, 90=29887, 99=94847, 99.9=532479, 99.99=595455] [UPDATE: Count=810, Max=673279, Min=82, Avg=14370.39, 90=30287, 99=83711, 99.9=522239, 99.99=673279] [READ-FAILED: Count=17, Max=29215, Min=2236, Avg=5504.41, 90=7475, 99=29215, 99.9=29215, 99.99=29215] 
2020-09-09 14:40:57:286 20 sec: 46768 operations; 3081.41 current ops/sec; est completion in 1 hour 10 minutes [READ: Count=29168, Max=15048703, Min=0, Avg=10472.68, 90=19311, 99=61119, 99.9=526847, 99.99=748543] [UPDATE: Count=1610, Max=927743, Min=19, Avg=13071.96, 90=19503, 99=295679, 99.9=666111, 99.99=927743] [READ-FAILED: Count=24, Max=6231, Min=1564, Avg=3028.83, 90=4979, 99=6231, 99.9=6231, 99.99=6231] 
2020-09-09 14:41:07:286 30 sec: 76356 operations; 2958.8 current ops/sec; est completion in 1 hour 4 minutes [READ: Count=28081, Max=1254399, Min=0, Avg=10704.49, 90=19679, 99=65151, 99.9=533503, 99.99=760831] [UPDATE: Count=1488, Max=542207, Min=19, Avg=11692.57, 90=20143, 99=66111, 99.9=540671, 99.99=542207] [READ-FAILED: Count=22, Max=60863, Min=1833, Avg=5721.77, 90=5247, 99=60863, 99.9=60863, 99.99=60863] 
2020-09-09 14:41:17:286 40 sec: 105921 operations; 2956.5 current ops/sec; est completion in 1 hour 2 minutes [READ: Count=28084, Max=983551, Min=0, Avg=10638.71, 90=19199, 99=62463, 99.9=532991, 99.99=929279] [UPDATE: Count=1448, Max=747007, Min=19, Avg=12749.08, 90=20287, 99=272383, 99.9=627711, 99.99=747007] [READ-FAILED: Count=32, Max=12087, Min=1728, Avg=2879, 90=3627, 99=12087, 99.9=12087, 99.99=12087] 
2020-09-09 14:41:27:286 50 sec: 134961 operations; 2904 current ops/sec; est completion in 1 hour [READ: Count=27631, Max=1044479, Min=0, Avg=10984.42, 90=20447, 99=66687, 99.9=536063, 99.99=797183] [UPDATE: Count=1392, Max=900095, Min=7, Avg=14473.5, 90=20159, 99=388607, 99.9=549375, 99.99=900095] [READ-FAILED: Count=18, Max=13767, Min=1913, Avg=4077.89, 90=6071, 99=13767, 99.9=13767, 99.99=13767] 
2020-09-09 14:41:37:286 60 sec: 163675 operations; 2871.4 current ops/sec; est completion in 1 hour [READ: Count=27223, Max=795135, Min=0, Avg=10921.62, 90=18911, 99=78015, 99.9=531967, 99.99=671231] [UPDATE: Count=1470, Max=547327, Min=14, Avg=14113.18, 90=19679, 99=374783, 99.9=536575, 99.99=547327] [READ-FAILED: Count=23, Max=5439, Min=1838, Avg=2848.74, 90=4271, 99=5439, 99.9=5439, 99.99=5439] 
2020-09-09 14:41:47:286 70 sec: 190507 operations; 2683.2 current ops/sec; est completion in 1 hour [READ: Count=25517, Max=693247, Min=0, Avg=12008.8, 90=20639, 99=193919, 99.9=538623, 99.99=590335] [UPDATE: Count=1290, Max=787455, Min=15, Avg=12783.67, 90=21551, 99=175615, 99.9=573951, 99.99=787455] [READ-FAILED: Count=21, Max=18607, Min=1526, Avg=4198.76, 90=6003, 99=18607, 99.9=18607, 99.99=18607] 
2020-09-09 14:41:57:287 80 sec: 220296 operations; 2978.9 current ops/sec; est completion in 59 minutes [READ: Count=28266, Max=986623, Min=0, Avg=10611.69, 90=19711, 99=62079, 99.9=535039, 99.99=684031] [UPDATE: Count=1504, Max=657407, Min=14, Avg=12102.63, 90=20287, 99=155775, 99.9=531455, 99.99=657407] [READ-FAILED: Count=22, Max=8463, Min=2074, Avg=3712.36, 90=5379, 99=8463, 99.9=8463, 99.99=8463] 
2020-09-09 14:42:07:286 90 sec: 248389 operations; 2809.3 current ops/sec; est completion in 58 minutes [READ: Count=26727, Max=1343487, Min=0, Avg=11216.16, 90=19343, 99=90239, 99.9=533503, 99.99=729599] [UPDATE: Count=1341, Max=1503231, Min=15, Avg=12573.85, 90=18655, 99=136063, 99.9=1024511, 99.99=1503231] [READ-FAILED: Count=24, Max=5083, Min=1816, Avg=2795.38, 90=3849, 99=5083, 99.9=5083, 99.99=5083] 
2020-09-09 14:42:17:286 100 sec: 278219 operations; 2983 current ops/sec; est completion in 58 minutes [READ: Count=28326, Max=837119, Min=0, Avg=10837.86, 90=19903, 99=65791, 99.9=529919, 99.99=695295] [UPDATE: Count=1479, Max=690175, Min=15, Avg=10665.34, 90=20415, 99=66751, 99.9=528895, 99.99=690175] [READ-FAILED: Count=25, Max=24287, Min=1586, Avg=4007.68, 90=6215, 99=24287, 99.9=24287, 99.99=24287] 
2020-09-09 14:42:27:286 110 sec: 304557 operations; 2633.8 current ops/sec; est completion in 58 minutes [READ: Count=24957, Max=900607, Min=0, Avg=12161.47, 90=18927, 99=348927, 99.9=529919, 99.99=634367] [UPDATE: Count=1358, Max=528383, Min=13, Avg=11464.17, 90=20175, 99=104319, 99.9=527871, 99.99=528383] [READ-FAILED: Count=24, Max=4363, Min=1740, Avg=2643.38, 90=3855, 99=4363, 99.9=4363, 99.99=4363] 
2020-09-09 14:42:37:286 120 sec: 332991 operations; 2843.4 current ops/sec; est completion in 58 minutes [READ: Count=26945, Max=1593343, Min=0, Avg=11133.15, 90=19247, 99=86271, 99.9=527871, 99.99=571391] [UPDATE: Count=1461, Max=546303, Min=18, Avg=13565.86, 90=20943, 99=344575, 99.9=537599, 99.99=546303] [READ-FAILED: Count=28, Max=14327, Min=2003, Avg=3234.64, 90=3615, 99=14327, 99.9=14327, 99.99=14327] 
2020-09-09 14:42:47:286 130 sec: 359241 operations; 2625 current ops/sec; est completion in 58 minutes [READ: Count=24940, Max=946687, Min=0, Avg=12077.34, 90=20079, 99=221951, 99.9=538623, 99.99=812031] [UPDATE: Count=1292, Max=572415, Min=16, Avg=14764.42, 90=21775, 99=485119, 99.9=565247, 99.99=572415] [READ-FAILED: Count=19, Max=10303, Min=2138, Avg=3336.05, 90=4195, 99=10303, 99.9=10303, 99.99=10303] 
2020-09-09 14:42:57:286 140 sec: 389730 operations; 3048.9 current ops/sec; est completion in 57 minutes [READ: Count=28954, Max=886271, Min=0, Avg=10363.67, 90=19343, 99=60287, 99.9=530431, 99.99=591359] [UPDATE: Count=1505, Max=1100799, Min=16, Avg=12546.94, 90=19775, 99=257023, 99.9=523007, 99.99=1100799] [READ-FAILED: Count=27, Max=7735, Min=1751, Avg=3444.04, 90=5047, 99=7735, 99.9=7735, 99.99=7735] 
2020-09-09 14:43:07:286 150 sec: 419780 operations; 3005 current ops/sec; est completion in 57 minutes [READ: Count=28498, Max=1491967, Min=0, Avg=10628.33, 90=20863, 99=66687, 99.9=540671, 99.99=610815] [UPDATE: Count=1523, Max=549887, Min=18, Avg=11755.59, 90=20255, 99=132223, 99.9=538111, 99.99=549887] [READ-FAILED: Count=31, Max=10791, Min=1667, Avg=3151.97, 90=4919, 99=10791, 99.9=10791, 99.99=10791] 
2020-09-09 14:43:17:286 160 sec: 451209 operations; 3142.9 current ops/sec; est completion in 56 minutes [READ: Count=29852, Max=1495039, Min=0, Avg=10057.17, 90=20191, 99=54687, 99.9=541695, 99.99=704511] [UPDATE: Count=1556, Max=1014271, Min=16, Avg=11978.53, 90=20511, 99=88063, 99.9=542207, 99.99=1014271] [READ-FAILED: Count=20, Max=4951, Min=1524, Avg=3086.9, 90=4503, 99=4951, 99.9=4951, 99.99=4951] 
2020-09-09 14:43:27:286 170 sec: 480124 operations; 2891.5 current ops/sec; est completion in 56 minutes [READ: Count=27475, Max=1024511, Min=0, Avg=10805.89, 90=20895, 99=70591, 99.9=540671, 99.99=840191] [UPDATE: Count=1419, Max=779775, Min=8, Avg=13561.35, 90=21407, 99=280063, 99.9=584703, 99.99=779775] [READ-FAILED: Count=18, Max=5715, Min=1865, Avg=3064.94, 90=4411, 99=5715, 99.9=5715, 99.99=5715] 
2020-09-09 14:43:37:286 180 sec: 510409 operations; 3028.5 current ops/sec; est completion in 55 minutes [READ: Count=28700, Max=961535, Min=0, Avg=10472.42, 90=18879, 99=62687, 99.9=543743, 99.99=719871] [UPDATE: Count=1550, Max=939519, Min=15, Avg=14152.06, 90=19839, 99=499455, 99.9=535551, 99.99=939519] [READ-FAILED: Count=38, Max=14207, Min=1916, Avg=3255.45, 90=3781, 99=14207, 99.9=14207, 99.99=14207] 
2020-09-09 14:43:47:286 190 sec: 541155 operations; 3074.6 current ops/sec; est completion in 55 minutes [READ: Count=29206, Max=798207, Min=0, Avg=10326.61, 90=20031, 99=59743, 99.9=532991, 99.99=573439] [UPDATE: Count=1510, Max=752639, Min=17, Avg=11331.35, 90=19647, 99=79615, 99.9=539647, 99.99=752639] [READ-FAILED: Count=27, Max=7599, Min=1840, Avg=3159.19, 90=4495, 99=7599, 99.9=7599, 99.99=7599] 
2020-09-09 14:43:57:286 200 sec: 573556 operations; 3240.1 current ops/sec; est completion in 54 minutes [READ: Count=30682, Max=847871, Min=0, Avg=9901.58, 90=20559, 99=58527, 99.9=530431, 99.99=616959] [UPDATE: Count=1700, Max=748031, Min=16, Avg=10994.88, 90=20991, 99=70655, 99.9=516863, 99.99=748031] [READ-FAILED: Count=19, Max=5983, Min=1907, Avg=3009.89, 90=4015, 99=5983, 99.9=5983, 99.99=5983] 
2020-09-09 14:44:07:286 210 sec: 605785 operations; 3222.9 current ops/sec; est completion in 54 minutes [READ: Count=30594, Max=921087, Min=0, Avg=9882.34, 90=19711, 99=59903, 99.9=531967, 99.99=569855] [UPDATE: Count=1604, Max=540159, Min=18, Avg=11859.75, 90=20671, 99=208639, 99.9=526847, 99.99=540159] [READ-FAILED: Count=31, Max=5523, Min=1688, Avg=2943.13, 90=3989, 99=5523, 99.9=5523, 99.99=5523] 
2020-09-09 14:44:17:286 220 sec: 633238 operations; 2745.3 current ops/sec; est completion in 54 minutes [READ: Count=26076, Max=1998847, Min=0, Avg=11388.57, 90=19791, 99=79231, 99.9=543231, 99.99=1110015] [UPDATE: Count=1350, Max=1534975, Min=11, Avg=13701.54, 90=20671, 99=299519, 99.9=584191, 99.99=1534975] [READ-FAILED: Count=27, Max=8543, Min=1729, Avg=3159.41, 90=4351, 99=8543, 99.9=8543, 99.99=8543] 
2020-09-09 14:44:27:286 230 sec: 666854 operations; 3361.6 current ops/sec; est completion in 53 minutes [READ: Count=31902, Max=571903, Min=0, Avg=9551.52, 90=19455, 99=52383, 99.9=528383, 99.99=540159] [UPDATE: Count=1696, Max=539647, Min=15, Avg=9959.31, 90=20271, 99=52095, 99.9=530943, 99.99=539647] [READ-FAILED: Count=18, Max=6119, Min=2214, Avg=3136.11, 90=3973, 99=6119, 99.9=6119, 99.99=6119] 
2020-09-09 14:44:37:286 240 sec: 694768 operations; 2791.4 current ops/sec; est completion in 53 minutes [READ: Count=26515, Max=891391, Min=0, Avg=11343.5, 90=20991, 99=72447, 99.9=539135, 99.99=615935] [UPDATE: Count=1377, Max=909823, Min=16, Avg=11977.76, 90=21503, 99=89727, 99.9=539135, 99.99=909823] [READ-FAILED: Count=24, Max=11167, Min=1834, Avg=3388.83, 90=3971, 99=11167, 99.9=11167, 99.99=11167] 
2020-09-09 14:44:47:286 250 sec: 728912 operations; 3414.4 current ops/sec; est completion in 53 minutes [READ: Count=32451, Max=1146879, Min=0, Avg=9380.25, 90=19423, 99=50847, 99.9=532479, 99.99=714239] [UPDATE: Count=1662, Max=628223, Min=15, Avg=11968.94, 90=20223, 99=165503, 99.9=538623, 99.99=628223] [READ-FAILED: Count=34, Max=7563, Min=1767, Avg=3166.38, 90=4863, 99=7563, 99.9=7563, 99.99=7563] 
2020-09-09 14:44:57:286 260 sec: 756745 operations; 2783.3 current ops/sec; est completion in 52 minutes [READ: Count=26428, Max=1457151, Min=0, Avg=11429.95, 90=22095, 99=75775, 99.9=534015, 99.99=648191] [UPDATE: Count=1371, Max=521727, Min=16, Avg=11227.17, 90=22431, 99=77055, 99.9=516351, 99.99=521727] [READ-FAILED: Count=30, Max=10423, Min=1832, Avg=3322.17, 90=4275, 99=10423, 99.9=10423, 99.99=10423] 
2020-09-09 14:45:07:286 270 sec: 784095 operations; 2735 current ops/sec; est completion in 52 minutes [READ: Count=25920, Max=1731583, Min=0, Avg=11701.88, 90=19071, 99=114751, 99.9=536575, 99.99=1356799] [UPDATE: Count=1407, Max=962047, Min=16, Avg=12846.79, 90=19567, 99=333311, 99.9=716287, 99.99=962047] [READ-FAILED: Count=22, Max=59519, Min=2047, Avg=8501.5, 90=10607, 99=59519, 99.9=59519, 99.99=59519] 
2020-09-09 14:45:17:286 280 sec: 812633 operations; 2853.51 current ops/sec; est completion in 52 minutes [READ: Count=27036, Max=727551, Min=0, Avg=10729.18, 90=18303, 99=80255, 99.9=531967, 99.99=571903] [UPDATE: Count=1480, Max=827903, Min=16, Avg=13633.48, 90=18879, 99=472319, 99.9=531967, 99.99=827903] [READ-FAILED: Count=24, Max=70527, Min=1739, Avg=6224.62, 90=7059, 99=70527, 99.9=70527, 99.99=70527] 
2020-09-09 14:45:27:286 290 sec: 839904 operations; 2727.37 current ops/sec; est completion in 52 minutes [READ: Count=25812, Max=1632255, Min=0, Avg=11502.08, 90=21183, 99=73599, 99.9=549375, 99.99=1225727] [UPDATE: Count=1437, Max=1543167, Min=14, Avg=18743.36, 90=22447, 99=519423, 99.9=1328127, 99.99=1543167] [READ-FAILED: Count=22, Max=13415, Min=1534, Avg=3440.27, 90=4283, 99=13415, 99.9=13415, 99.99=13415] 
2020-09-09 14:45:37:286 300 sec: 871239 operations; 3133.5 current ops/sec; est completion in 52 minutes [READ: Count=29797, Max=931839, Min=0, Avg=10282.13, 90=19359, 99=64095, 99.9=535039, 99.99=681471] [UPDATE: Count=1512, Max=688127, Min=16, Avg=11737.46, 90=19215, 99=199039, 99.9=525311, 99.99=688127] [READ-FAILED: Count=25, Max=9279, Min=1839, Avg=3337.2, 90=4287, 99=9279, 99.9=9279, 99.99=9279] 
Maximum time elapsed. Requesting stop for the workload.
Stop requested for workload. Now Joining!
[36m14:45:37.816[m [[34;1mINFO[m] [1;34mp.u.t.s.y.Stats.clientFinished@38[m: 
Ended SconeKV benchmark.
Number of clients: 32
Total transactions: 173358
Committed: 166595 (96.09882%)
Aborted: 6763 (3.9011757%)
2020-09-09 14:45:37:819 300 sec: 871412 operations; 324.58 current ops/sec; est completion in 52 minutes [READ: Count=165, Max=517887, Min=2, Avg=41427.44, 90=53919, 99=516095, 99.9=517887, 99.99=517887] [CLEANUP: Count=32, Max=1498, Min=3, Avg=51.72, 90=11, 99=1498, 99.9=1498, 99.99=1498] [UPDATE: Count=7, Max=517887, Min=2082, Avg=84518.29, 90=56287, 99=517887, 99.9=517887, 99.99=517887] [READ-FAILED: Count=0, Max=0, Min=9223372036854775807, Avg=NaN, 90=0, 99=0, 99.9=0, 99.99=0] 
[OVERALL], RunTime(ms), 300533
[OVERALL], Throughput(ops/sec), 2899.555123730173
[TOTAL_GCS_G1_Young_Generation], Count, 127
[TOTAL_GC_TIME_G1_Young_Generation], Time(ms), 1084
[TOTAL_GC_TIME_%_G1_Young_Generation], Time(%), 0.3606925029863609
[TOTAL_GCS_G1_Old_Generation], Count, 0
[TOTAL_GC_TIME_G1_Old_Generation], Time(ms), 0
[TOTAL_GC_TIME_%_G1_Old_Generation], Time(%), 0.0
[TOTAL_GCs], Count, 127
[TOTAL_GC_TIME], Time(ms), 1084
[TOTAL_GC_TIME_%], Time(%), 0.3606925029863609
[READ], Operations, 827067
[READ], AverageLatency(us), 10847.670506742501
[READ], MinLatency(us), 0
[READ], MaxLatency(us), 15048703
[READ], 95thPercentileLatency(us), 25807
[READ], 99thPercentileLatency(us), 69055
[READ], Return=OK, 827067
[READ], Return=NOT_FOUND, 736
[CLEANUP], Operations, 32
[CLEANUP], AverageLatency(us), 51.71875
[CLEANUP], MinLatency(us), 3
[CLEANUP], MaxLatency(us), 1498
[CLEANUP], 95thPercentileLatency(us), 21
[CLEANUP], 99thPercentileLatency(us), 1498
[UPDATE], Operations, 43609
[UPDATE], AverageLatency(us), 12688.955743080556
[UPDATE], MinLatency(us), 7
[UPDATE], MaxLatency(us), 1543167
[UPDATE], 95thPercentileLatency(us), 28015
[UPDATE], 99thPercentileLatency(us), 257023
[UPDATE], Return=OK, 43609
[READ-FAILED], Operations, 736
[READ-FAILED], AverageLatency(us), 3625.9578804347825
[READ-FAILED], MinLatency(us), 1524
[READ-FAILED], MaxLatency(us), 70527
[READ-FAILED], 95thPercentileLatency(us), 6215
[READ-FAILED], 99thPercentileLatency(us), 14327
