Command line: -t -db pt.ulisboa.tecnico.sconekv.ycsb.SconeKVClient -P workloadc -threads 256 -s -p scone.tx_size=5 -p operationcount=10000000 -p maxexecutiontime=300
YCSB Client 0.17.0

Loading workload...
Starting test.
WARNING: sun.reflect.Reflection.getCallerClass is not supported. This will impact performance.
2020-09-10 12:55:06:942 0 sec: 0 operations; est completion in 0 second 
Maximum execution time specified as: 300 secs
DBWrapper: report latency for each error is false and specific error codes to track for latency are: []
DBWrapper: report latency for each error is false and specific error codes to track for latency are: []
DBWrapper: report latency for each error is false and specific error codes to track for latency are: []
DBWrapper: report latency for each error is false and specific error codes to track for latency are: []
DBWrapper: report latency for each error is false and specific error codes to track for latency are: []
DBWrapper: report latency for each error is false and specific error codes to track for latency are: []
DBWrapper: report latency for each error is false and specific error codes to track for latency are: []
DBWrapper: report latency for each error is false and specific error codes to track for latency are: []
DBWrapper: report latency for each error is false and specific error codes to track for latency are: []
DBWrapper: report latency for each error is false and specific error codes to track for latency are: []
DBWrapper: report latency for each error is false and specific error codes to track for latency are: []
DBWrapper: report latency for each error is false and specific error codes to track for latency are: []
DBWrapper: report latency for each error is false and specific error codes to track for latency are: []
DBWrapper: report latency for each error is false and specific error codes to track for latency are: []
DBWrapper: report latency for each error is false and specific error codes to track for latency are: []
DBWrapper: report latency for each error is false and specific error codes to track for latency are: []
DBWrapper: report latency for each error is false and specific error codes to track for latency are: []
DBWrapper: report latency for each error is false and specific error codes to track for latency are: []
DBWrapper: report latency for each error is false and specific error codes to track for latency are: []
DBWrapper: report latency for each error is false and specific error codes to track for latency are: []
DBWrapper: report latency for each error is false and specific error codes to track for latency are: []
DBWrapper: report latency for each error is false and specific error codes to track for latency are: []
DBWrapper: report latency for each error is false and specific error codes to track for latency are: []
DBWrapper: report latency for each error is false and specific error codes to track for latency are: []
DBWrapper: report latency for each error is false and specific error codes to track for latency are: []
DBWrapper: report latency for each error is false and specific error codes to track for latency are: []
DBWrapper: report latency for each error is false and specific error codes to track for latency are: []
DBWrapper: report latency for each error is false and specific error codes to track for latency are: []
DBWrapper: report latency for each error is false and specific error codes to track for latency are: []
DBWrapper: report latency for each error is false and specific error codes to track for latency are: []
DBWrapper: report latency for each error is false and specific error codes to track for latency are: []
DBWrapper: report latency for each error is false and specific error codes to track for latency are: []
DBWrapper: report latency for each error is false and specific error codes to track for latency are: []
DBWrapper: report latency for each error is false and specific error codes to track for latency are: []
DBWrapper: report latency for each error is false and specific error codes to track for latency are: []
DBWrapper: report latency for each error is false and specific error codes to track for latency are: []
DBWrapper: report latency for each error is false and specific error codes to track for latency are: []
DBWrapper: report latency for each error is false and specific error codes to track for latency are: []
DBWrapper: report latency for each error is false and specific error codes to track for latency are: []
DBWrapper: report latency for each error is false and specific error codes to track for latency are: []
DBWrapper: report latency for each error is false and specific error codes to track for latency are: []
DBWrapper: report latency for each error is false and specific error codes to track for latency are: []
DBWrapper: report latency for each error is false and specific error codes to track for latency are: []
DBWrapper: report latency for each error is false and specific error codes to track for latency are: []
DBWrapper: report latency for each error is false and specific error codes to track for latency are: []
DBWrapper: report latency for each error is false and specific error codes to track for latency are: []
DBWrapper: report latency for each error is false and specific error codes to track for latency are: []
DBWrapper: report latency for each error is false and specific error codes to track for latency are: []
DBWrapper: report latency for each error is false and specific error codes to track for latency are: []
DBWrapper: report latency for each error is false and specific error codes to track for latency are: []
DBWrapper: report latency for each error is false and specific error codes to track for latency are: []
DBWrapper: report latency for each error is false and specific error codes to track for latency are: []
DBWrapper: report latency for each error is false and specific error codes to track for latency are: []
DBWrapper: report latency for each error is false and specific error codes to track for latency are: []
DBWrapper: report latency for each error is false and specific error codes to track for latency are: []
DBWrapper: report latency for each error is false and specific error codes to track for latency are: []
DBWrapper: report latency for each error is false and specific error codes to track for latency are: []
DBWrapper: report latency for each error is false and specific error codes to track for latency are: []
DBWrapper: report latency for each error is false and specific error codes to track for latency are: []
DBWrapper: report latency for each error is false and specific error codes to track for latency are: []
DBWrapper: report latency for each error is false and specific error codes to track for latency are: []
DBWrapper: report latency for each error is false and specific error codes to track for latency are: []
DBWrapper: report latency for each error is false and specific error codes to track for latency are: []
DBWrapper: report latency for each error is false and specific error codes to track for latency are: []
DBWrapper: report latency for each error is false and specific error codes to track for latency are: []
DBWrapper: report latency for each error is false and specific error codes to track for latency are: []
DBWrapper: report latency for each error is false and specific error codes to track for latency are: []
DBWrapper: report latency for each error is false and specific error codes to track for latency are: []
DBWrapper: report latency for each error is false and specific error codes to track for latency are: []
DBWrapper: report latency for each error is false and specific error codes to track for latency are: []
DBWrapper: report latency for each error is false and specific error codes to track for latency are: []
DBWrapper: report latency for each error is false and specific error codes to track for latency are: []
DBWrapper: report latency for each error is false and specific error codes to track for latency are: []
DBWrapper: report latency for each error is false and specific error codes to track for latency are: []
DBWrapper: report latency for each error is false and specific error codes to track for latency are: []
DBWrapper: report latency for each error is false and specific error codes to track for latency are: []
DBWrapper: report latency for each error is false and specific error codes to track for latency are: []
DBWrapper: report latency for each error is false and specific error codes to track for latency are: []
DBWrapper: report latency for each error is false and specific error codes to track for latency are: []
DBWrapper: report latency for each error is false and specific error codes to track for latency are: []
DBWrapper: report latency for each error is false and specific error codes to track for latency are: []
DBWrapper: report latency for each error is false and specific error codes to track for latency are: []
DBWrapper: report latency for each error is false and specific error codes to track for latency are: []
DBWrapper: report latency for each error is false and specific error codes to track for latency are: []
DBWrapper: report latency for each error is false and specific error codes to track for latency are: []
DBWrapper: report latency for each error is false and specific error codes to track for latency are: []
DBWrapper: report latency for each error is false and specific error codes to track for latency are: []
DBWrapper: report latency for each error is false and specific error codes to track for latency are: []
DBWrapper: report latency for each error is false and specific error codes to track for latency are: []
DBWrapper: report latency for each error is false and specific error codes to track for latency are: []
DBWrapper: report latency for each error is false and specific error codes to track for latency are: []
DBWrapper: report latency for each error is false and specific error codes to track for latency are: []
DBWrapper: report latency for each error is false and specific error codes to track for latency are: []
DBWrapper: report latency for each error is false and specific error codes to track for latency are: []
DBWrapper: report latency for each error is false and specific error codes to track for latency are: []
DBWrapper: report latency for each error is false and specific error codes to track for latency are: []
DBWrapper: report latency for each error is false and specific error codes to track for latency are: []
DBWrapper: report latency for each error is false and specific error codes to track for latency are: []
DBWrapper: report latency for each error is false and specific error codes to track for latency are: []
DBWrapper: report latency for each error is false and specific error codes to track for latency are: []
DBWrapper: report latency for each error is false and specific error codes to track for latency are: []
DBWrapper: report latency for each error is false and specific error codes to track for latency are: []
DBWrapper: report latency for each error is false and specific error codes to track for latency are: []
DBWrapper: report latency for each error is false and specific error codes to track for latency are: []
DBWrapper: report latency for each error is false and specific error codes to track for latency are: []
DBWrapper: report latency for each error is false and specific error codes to track for latency are: []
DBWrapper: report latency for each error is false and specific error codes to track for latency are: []
DBWrapper: report latency for each error is false and specific error codes to track for latency are: []
DBWrapper: report latency for each error is false and specific error codes to track for latency are: []
DBWrapper: report latency for each error is false and specific error codes to track for latency are: []
DBWrapper: report latency for each error is false and specific error codes to track for latency are: []
DBWrapper: report latency for each error is false and specific error codes to track for latency are: []
DBWrapper: report latency for each error is false and specific error codes to track for latency are: []
DBWrapper: report latency for each error is false and specific error codes to track for latency are: []
DBWrapper: report latency for each error is false and specific error codes to track for latency are: []
DBWrapper: report latency for each error is false and specific error codes to track for latency are: []
DBWrapper: report latency for each error is false and specific error codes to track for latency are: []
DBWrapper: report latency for each error is false and specific error codes to track for latency are: []
DBWrapper: report latency for each error is false and specific error codes to track for latency are: []
DBWrapper: report latency for each error is false and specific error codes to track for latency are: []
DBWrapper: report latency for each error is false and specific error codes to track for latency are: []
DBWrapper: report latency for each error is false and specific error codes to track for latency are: []
DBWrapper: report latency for each error is false and specific error codes to track for latency are: []
DBWrapper: report latency for each error is false and specific error codes to track for latency are: []
DBWrapper: report latency for each error is false and specific error codes to track for latency are: []
DBWrapper: report latency for each error is false and specific error codes to track for latency are: []
DBWrapper: report latency for each error is false and specific error codes to track for latency are: []
DBWrapper: report latency for each error is false and specific error codes to track for latency are: []
DBWrapper: report latency for each error is false and specific error codes to track for latency are: []
DBWrapper: report latency for each error is false and specific error codes to track for latency are: []
DBWrapper: report latency for each error is false and specific error codes to track for latency are: []
DBWrapper: report latency for each error is false and specific error codes to track for latency are: []
DBWrapper: report latency for each error is false and specific error codes to track for latency are: []
DBWrapper: report latency for each error is false and specific error codes to track for latency are: []
DBWrapper: report latency for each error is false and specific error codes to track for latency are: []
DBWrapper: report latency for each error is false and specific error codes to track for latency are: []
DBWrapper: report latency for each error is false and specific error codes to track for latency are: []
DBWrapper: report latency for each error is false and specific error codes to track for latency are: []
DBWrapper: report latency for each error is false and specific error codes to track for latency are: []
DBWrapper: report latency for each error is false and specific error codes to track for latency are: []
DBWrapper: report latency for each error is false and specific error codes to track for latency are: []
DBWrapper: report latency for each error is false and specific error codes to track for latency are: []
DBWrapper: report latency for each error is false and specific error codes to track for latency are: []
DBWrapper: report latency for each error is false and specific error codes to track for latency are: []
DBWrapper: report latency for each error is false and specific error codes to track for latency are: []
DBWrapper: report latency for each error is false and specific error codes to track for latency are: []
DBWrapper: report latency for each error is false and specific error codes to track for latency are: []
DBWrapper: report latency for each error is false and specific error codes to track for latency are: []
DBWrapper: report latency for each error is false and specific error codes to track for latency are: []
DBWrapper: report latency for each error is false and specific error codes to track for latency are: []
DBWrapper: report latency for each error is false and specific error codes to track for latency are: []
DBWrapper: report latency for each error is false and specific error codes to track for latency are: []
DBWrapper: report latency for each error is false and specific error codes to track for latency are: []
DBWrapper: report latency for each error is false and specific error codes to track for latency are: []
DBWrapper: report latency for each error is false and specific error codes to track for latency are: []
DBWrapper: report latency for each error is false and specific error codes to track for latency are: []
DBWrapper: report latency for each error is false and specific error codes to track for latency are: []
DBWrapper: report latency for each error is false and specific error codes to track for latency are: []
DBWrapper: report latency for each error is false and specific error codes to track for latency are: []
DBWrapper: report latency for each error is false and specific error codes to track for latency are: []
DBWrapper: report latency for each error is false and specific error codes to track for latency are: []
DBWrapper: report latency for each error is false and specific error codes to track for latency are: []
DBWrapper: report latency for each error is false and specific error codes to track for latency are: []
DBWrapper: report latency for each error is false and specific error codes to track for latency are: []
DBWrapper: report latency for each error is false and specific error codes to track for latency are: []
DBWrapper: report latency for each error is false and specific error codes to track for latency are: []
DBWrapper: report latency for each error is false and specific error codes to track for latency are: []
DBWrapper: report latency for each error is false and specific error codes to track for latency are: []
DBWrapper: report latency for each error is false and specific error codes to track for latency are: []
DBWrapper: report latency for each error is false and specific error codes to track for latency are: []
DBWrapper: report latency for each error is false and specific error codes to track for latency are: []
DBWrapper: report latency for each error is false and specific error codes to track for latency are: []
DBWrapper: report latency for each error is false and specific error codes to track for latency are: []
DBWrapper: report latency for each error is false and specific error codes to track for latency are: []
DBWrapper: report latency for each error is false and specific error codes to track for latency are: []
DBWrapper: report latency for each error is false and specific error codes to track for latency are: []
DBWrapper: report latency for each error is false and specific error codes to track for latency are: []
DBWrapper: report latency for each error is false and specific error codes to track for latency are: []
DBWrapper: report latency for each error is false and specific error codes to track for latency are: []
DBWrapper: report latency for each error is false and specific error codes to track for latency are: []
DBWrapper: report latency for each error is false and specific error codes to track for latency are: []
DBWrapper: report latency for each error is false and specific error codes to track for latency are: []
DBWrapper: report latency for each error is false and specific error codes to track for latency are: []
DBWrapper: report latency for each error is false and specific error codes to track for latency are: []
DBWrapper: report latency for each error is false and specific error codes to track for latency are: []
DBWrapper: report latency for each error is false and specific error codes to track for latency are: []
DBWrapper: report latency for each error is false and specific error codes to track for latency are: []
DBWrapper: report latency for each error is false and specific error codes to track for latency are: []
DBWrapper: report latency for each error is false and specific error codes to track for latency are: []
DBWrapper: report latency for each error is false and specific error codes to track for latency are: []
2020-09-10 12:55:17:078 10 sec: 3953 operations; 392.01 current ops/sec; est completion in 7 hours 5 minutes [READ: Count=4844, Max=3254271, Min=3, Avg=157623.84, 90=396031, 99=1216511, 99.9=3004415, 99.99=3254271] [READ-FAILED: Count=2, Max=98431, Min=3480, Avg=50940.5, 90=98431, 99=98431, 99.9=98431, 99.99=98431] 
DBWrapper: report latency for each error is false and specific error codes to track for latency are: []
DBWrapper: report latency for each error is false and specific error codes to track for latency are: []
DBWrapper: report latency for each error is false and specific error codes to track for latency are: []
DBWrapper: report latency for each error is false and specific error codes to track for latency are: []
DBWrapper: report latency for each error is false and specific error codes to track for latency are: []
DBWrapper: report latency for each error is false and specific error codes to track for latency are: []
DBWrapper: report latency for each error is false and specific error codes to track for latency are: []
DBWrapper: report latency for each error is false and specific error codes to track for latency are: []
DBWrapper: report latency for each error is false and specific error codes to track for latency are: []
DBWrapper: report latency for each error is false and specific error codes to track for latency are: []
DBWrapper: report latency for each error is false and specific error codes to track for latency are: []
DBWrapper: report latency for each error is false and specific error codes to track for latency are: []
DBWrapper: report latency for each error is false and specific error codes to track for latency are: []
DBWrapper: report latency for each error is false and specific error codes to track for latency are: []
DBWrapper: report latency for each error is false and specific error codes to track for latency are: []
DBWrapper: report latency for each error is false and specific error codes to track for latency are: []
DBWrapper: report latency for each error is false and specific error codes to track for latency are: []
DBWrapper: report latency for each error is false and specific error codes to track for latency are: []
DBWrapper: report latency for each error is false and specific error codes to track for latency are: []
DBWrapper: report latency for each error is false and specific error codes to track for latency are: []
DBWrapper: report latency for each error is false and specific error codes to track for latency are: []
DBWrapper: report latency for each error is false and specific error codes to track for latency are: []
DBWrapper: report latency for each error is false and specific error codes to track for latency are: []
DBWrapper: report latency for each error is false and specific error codes to track for latency are: []
DBWrapper: report latency for each error is false and specific error codes to track for latency are: []
DBWrapper: report latency for each error is false and specific error codes to track for latency are: []
DBWrapper: report latency for each error is false and specific error codes to track for latency are: []
DBWrapper: report latency for each error is false and specific error codes to track for latency are: []
DBWrapper: report latency for each error is false and specific error codes to track for latency are: []
DBWrapper: report latency for each error is false and specific error codes to track for latency are: []
DBWrapper: report latency for each error is false and specific error codes to track for latency are: []
DBWrapper: report latency for each error is false and specific error codes to track for latency are: []
DBWrapper: report latency for each error is false and specific error codes to track for latency are: []
DBWrapper: report latency for each error is false and specific error codes to track for latency are: []
DBWrapper: report latency for each error is false and specific error codes to track for latency are: []
DBWrapper: report latency for each error is false and specific error codes to track for latency are: []
DBWrapper: report latency for each error is false and specific error codes to track for latency are: []
DBWrapper: report latency for each error is false and specific error codes to track for latency are: []
2020-09-10 12:55:26:985 20 sec: 23853 operations; 2006.86 current ops/sec; est completion in 2 hours 19 minutes [READ: Count=19085, Max=1701887, Min=1, Avg=108689.53, 90=309759, 99=771583, 99.9=1221631, 99.99=1643519] [READ-FAILED: Count=5, Max=16687, Min=2826, Avg=9099.2, 90=16687, 99=16687, 99.9=16687, 99.99=16687] 
DBWrapper: report latency for each error is false and specific error codes to track for latency are: []
DBWrapper: report latency for each error is false and specific error codes to track for latency are: []
DBWrapper: report latency for each error is false and specific error codes to track for latency are: []
DBWrapper: report latency for each error is false and specific error codes to track for latency are: []
DBWrapper: report latency for each error is false and specific error codes to track for latency are: []
DBWrapper: report latency for each error is false and specific error codes to track for latency are: []
DBWrapper: report latency for each error is false and specific error codes to track for latency are: []
DBWrapper: report latency for each error is false and specific error codes to track for latency are: []
DBWrapper: report latency for each error is false and specific error codes to track for latency are: []
DBWrapper: report latency for each error is false and specific error codes to track for latency are: []
DBWrapper: report latency for each error is false and specific error codes to track for latency are: []
DBWrapper: report latency for each error is false and specific error codes to track for latency are: []
DBWrapper: report latency for each error is false and specific error codes to track for latency are: []
DBWrapper: report latency for each error is false and specific error codes to track for latency are: []
DBWrapper: report latency for each error is false and specific error codes to track for latency are: []
DBWrapper: report latency for each error is false and specific error codes to track for latency are: []
DBWrapper: report latency for each error is false and specific error codes to track for latency are: []
DBWrapper: report latency for each error is false and specific error codes to track for latency are: []
DBWrapper: report latency for each error is false and specific error codes to track for latency are: []
2020-09-10 12:55:36:942 30 sec: 79287 operations; 5543.4 current ops/sec; est completion in 1 hour 2 minutes [READ: Count=55333, Max=989183, Min=0, Avg=41707.52, 90=85119, 99=547839, 99.9=700927, 99.99=859135] [READ-FAILED: Count=23, Max=76543, Min=5780, Avg=23932.61, 90=45503, 99=76543, 99.9=76543, 99.99=76543] 
DBWrapper: report latency for each error is false and specific error codes to track for latency are: []
DBWrapper: report latency for each error is false and specific error codes to track for latency are: []
DBWrapper: report latency for each error is false and specific error codes to track for latency are: []
DBWrapper: report latency for each error is false and specific error codes to track for latency are: []
DBWrapper: report latency for each error is false and specific error codes to track for latency are: []
DBWrapper: report latency for each error is false and specific error codes to track for latency are: []
DBWrapper: report latency for each error is false and specific error codes to track for latency are: []
DBWrapper: report latency for each error is false and specific error codes to track for latency are: []
DBWrapper: report latency for each error is false and specific error codes to track for latency are: []
2020-09-10 12:55:46:942 40 sec: 151758 operations; 7247.1 current ops/sec; est completion in 43 minutes [READ: Count=72453, Max=910335, Min=0, Avg=34786.05, 90=76159, 99=559615, 99.9=692223, 99.99=813055] [READ-FAILED: Count=22, Max=49311, Min=2364, Avg=12537.18, 90=42239, 99=49311, 99.9=49311, 99.99=49311] 
2020-09-10 12:55:56:941 50 sec: 229197 operations; 7743.9 current ops/sec; est completion in 35 minutes [READ: Count=77413, Max=773119, Min=0, Avg=33188.07, 90=76223, 99=561663, 99.9=730111, 99.99=762367] [READ-FAILED: Count=28, Max=36447, Min=2836, Avg=9213.86, 90=15575, 99=36447, 99.9=36447, 99.99=36447] 
2020-09-10 12:56:06:944 60 sec: 307034 operations; 7782.14 current ops/sec; est completion in 31 minutes [READ: Count=77820, Max=764927, Min=0, Avg=32847.35, 90=78655, 99=546815, 99.9=650751, 99.99=739839] [READ-FAILED: Count=17, Max=42143, Min=3190, Avg=9836.41, 90=14415, 99=42143, 99.9=42143, 99.99=42143] 
2020-09-10 12:56:16:942 70 sec: 384732 operations; 7771.35 current ops/sec; est completion in 29 minutes [READ: Count=77673, Max=733695, Min=0, Avg=32467.19, 90=76159, 99=553983, 99.9=686079, 99.99=714239] [READ-FAILED: Count=25, Max=34975, Min=1911, Avg=9758.08, 90=21407, 99=34975, 99.9=34975, 99.99=34975] 
2020-09-10 12:56:26:941 80 sec: 460847 operations; 7611.5 current ops/sec; est completion in 27 minutes [READ: Count=76091, Max=766463, Min=0, Avg=34262.72, 90=78911, 99=562175, 99.9=713215, 99.99=738815] [READ-FAILED: Count=21, Max=20479, Min=1889, Avg=7059.33, 90=12039, 99=20479, 99.9=20479, 99.99=20479] 
2020-09-10 12:56:36:941 90 sec: 535082 operations; 7423.5 current ops/sec; est completion in 26 minutes [READ: Count=74213, Max=739839, Min=0, Avg=34532.55, 90=78527, 99=556543, 99.9=667647, 99.99=723967] [READ-FAILED: Count=23, Max=27519, Min=2378, Avg=8612.61, 90=21887, 99=27519, 99.9=27519, 99.99=27519] 
2020-09-10 12:56:46:942 100 sec: 611899 operations; 7681.7 current ops/sec; est completion in 25 minutes [READ: Count=76792, Max=735743, Min=0, Avg=33066.47, 90=77887, 99=553471, 99.9=692223, 99.99=722943] [READ-FAILED: Count=24, Max=78655, Min=3028, Avg=14055, 90=28735, 99=78655, 99.9=78655, 99.99=78655] 
2020-09-10 12:56:56:941 110 sec: 691361 operations; 7946.2 current ops/sec; est completion in 24 minutes [READ: Count=79435, Max=732159, Min=0, Avg=32305.79, 90=79807, 99=547839, 99.9=684031, 99.99=716287] [READ-FAILED: Count=22, Max=22319, Min=2670, Avg=9084.05, 90=16959, 99=22319, 99.9=22319, 99.99=22319] 
2020-09-10 12:57:06:941 120 sec: 767679 operations; 7631.8 current ops/sec; est completion in 24 minutes [READ: Count=76293, Max=749567, Min=0, Avg=33462.88, 90=76543, 99=558079, 99.9=703999, 99.99=737279] [READ-FAILED: Count=22, Max=52863, Min=3242, Avg=10071.5, 90=13927, 99=52863, 99.9=52863, 99.99=52863] 
2020-09-10 12:57:16:941 130 sec: 847979 operations; 8030 current ops/sec; est completion in 23 minutes [READ: Count=80282, Max=708607, Min=0, Avg=31814.24, 90=74239, 99=550399, 99.9=614911, 99.99=694783] [READ-FAILED: Count=24, Max=33823, Min=2002, Avg=8757.75, 90=16799, 99=33823, 99.9=33823, 99.99=33823] 
2020-09-10 12:57:26:941 140 sec: 924593 operations; 7661.4 current ops/sec; est completion in 22 minutes [READ: Count=76587, Max=846847, Min=0, Avg=33545.85, 90=78591, 99=561151, 99.9=674303, 99.99=735231] [READ-FAILED: Count=28, Max=87999, Min=2938, Avg=12645.86, 90=17343, 99=87999, 99.9=87999, 99.99=87999] 
2020-09-10 12:57:36:942 150 sec: 993355 operations; 6876.2 current ops/sec; est completion in 22 minutes [READ: Count=68734, Max=769535, Min=0, Avg=37452.02, 90=98175, 99=566783, 99.9=671743, 99.99=712703] [READ-FAILED: Count=22, Max=31919, Min=2334, Avg=9840.5, 90=21183, 99=31919, 99.9=31919, 99.99=31919] 
2020-09-10 12:57:46:942 160 sec: 1065876 operations; 7252.1 current ops/sec; est completion in 22 minutes [READ: Count=72502, Max=755199, Min=0, Avg=35258.11, 90=85247, 99=550399, 99.9=699903, 99.99=732671] [READ-FAILED: Count=29, Max=35263, Min=2372, Avg=10541.66, 90=25295, 99=35263, 99.9=35263, 99.99=35263] 
2020-09-10 12:57:56:942 170 sec: 1140334 operations; 7445.8 current ops/sec; est completion in 22 minutes [READ: Count=74436, Max=864255, Min=0, Avg=33865.91, 90=76351, 99=551935, 99.9=641535, 99.99=772607] [READ-FAILED: Count=16, Max=28319, Min=2174, Avg=7303.12, 90=11295, 99=28319, 99.9=28319, 99.99=28319] 
2020-09-10 12:58:06:942 180 sec: 1218752 operations; 7841.8 current ops/sec; est completion in 21 minutes [READ: Count=78396, Max=771071, Min=0, Avg=33093.59, 90=73087, 99=551423, 99.9=701439, 99.99=733695] [READ-FAILED: Count=21, Max=56767, Min=3424, Avg=11997.14, 90=16239, 99=56767, 99.9=56767, 99.99=56767] 
2020-09-10 12:58:16:942 190 sec: 1295064 operations; 7631.2 current ops/sec; est completion in 21 minutes [READ: Count=76294, Max=744959, Min=0, Avg=32776.44, 90=79551, 99=544255, 99.9=690175, 99.99=729087] [READ-FAILED: Count=14, Max=39647, Min=2204, Avg=10995.07, 90=24751, 99=39647, 99.9=39647, 99.99=39647] 
2020-09-10 12:58:26:942 200 sec: 1375989 operations; 8092.5 current ops/sec; est completion in 20 minutes [READ: Count=80899, Max=795647, Min=0, Avg=32404.13, 90=76095, 99=551423, 99.9=697343, 99.99=739327] [READ-FAILED: Count=28, Max=60031, Min=3486, Avg=13523.68, 90=22815, 99=60031, 99.9=60031, 99.99=60031] 
2020-09-10 12:58:36:942 210 sec: 1454462 operations; 7847.3 current ops/sec; est completion in 20 minutes [READ: Count=78443, Max=741887, Min=0, Avg=32270.23, 90=74751, 99=547327, 99.9=651263, 99.99=710143] [READ-FAILED: Count=29, Max=18831, Min=2568, Avg=7637.55, 90=12631, 99=18831, 99.9=18831, 99.99=18831] 
2020-09-10 12:58:46:942 220 sec: 1530828 operations; 7636.6 current ops/sec; est completion in 20 minutes [READ: Count=76343, Max=747519, Min=0, Avg=33331.64, 90=81791, 99=552447, 99.9=684031, 99.99=733183] [READ-FAILED: Count=26, Max=58143, Min=1805, Avg=8741.88, 90=10519, 99=58143, 99.9=58143, 99.99=58143] 
2020-09-10 12:58:56:941 230 sec: 1596861 operations; 6603.3 current ops/sec; est completion in 20 minutes [READ: Count=66022, Max=805887, Min=0, Avg=39189, 90=92415, 99=592895, 99.9=690175, 99.99=739839] [READ-FAILED: Count=13, Max=14135, Min=2494, Avg=6787.31, 90=13199, 99=14135, 99.9=14135, 99.99=14135] 
2020-09-10 12:59:06:942 240 sec: 1661881 operations; 6502 current ops/sec; est completion in 20 minutes [READ: Count=64996, Max=915967, Min=0, Avg=39132.15, 90=84415, 99=573439, 99.9=733695, 99.99=903167] [READ-FAILED: Count=21, Max=43263, Min=2028, Avg=9236.29, 90=14639, 99=43263, 99.9=43263, 99.99=43263] 
2020-09-10 12:59:16:944 250 sec: 1733805 operations; 7190.96 current ops/sec; est completion in 19 minutes [READ: Count=71913, Max=849919, Min=0, Avg=36036.76, 90=76287, 99=571903, 99.9=719359, 99.99=768511] [READ-FAILED: Count=20, Max=19327, Min=1951, Avg=8925.05, 90=17519, 99=19327, 99.9=19327, 99.99=19327] 
2020-09-10 12:59:26:941 260 sec: 1810880 operations; 7709.04 current ops/sec; est completion in 19 minutes [READ: Count=77037, Max=830975, Min=0, Avg=32999.51, 90=75711, 99=551935, 99.9=707071, 99.99=732671] [READ-FAILED: Count=26, Max=17423, Min=2384, Avg=7721.04, 90=11807, 99=17423, 99.9=17423, 99.99=17423] 
2020-09-10 12:59:36:941 270 sec: 1892540 operations; 8166 current ops/sec; est completion in 19 minutes [READ: Count=81633, Max=910847, Min=0, Avg=31574.66, 90=74687, 99=548863, 99.9=696831, 99.99=728575] [READ-FAILED: Count=29, Max=18463, Min=3080, Avg=9138.86, 90=13191, 99=18463, 99.9=18463, 99.99=18463] 
2020-09-10 12:59:46:942 280 sec: 1966484 operations; 7394.4 current ops/sec; est completion in 19 minutes [READ: Count=73923, Max=836607, Min=0, Avg=34257.98, 90=72895, 99=561663, 99.9=679935, 99.99=737279] [READ-FAILED: Count=20, Max=34655, Min=2552, Avg=7784.2, 90=11935, 99=34655, 99.9=34655, 99.99=34655] 
2020-09-10 12:59:56:941 290 sec: 2036940 operations; 7045.6 current ops/sec; est completion in 18 minutes [READ: Count=70433, Max=884735, Min=0, Avg=36614.79, 90=75903, 99=562687, 99.9=701439, 99.99=754175] [READ-FAILED: Count=25, Max=92287, Min=1980, Avg=11167.2, 90=23727, 99=92287, 99.9=92287, 99.99=92287] 
2020-09-10 13:00:06:942 300 sec: 2109665 operations; 7271.77 current ops/sec; est completion in 18 minutes [READ: Count=72704, Max=910847, Min=0, Avg=35189.43, 90=83071, 99=556543, 99.9=703999, 99.99=844287] [READ-FAILED: Count=19, Max=27167, Min=2814, Avg=10084.21, 90=14831, 99=27167, 99.9=27167, 99.99=27167] 
Maximum time elapsed. Requesting stop for the workload.
Stop requested for workload. Now Joining!
[36m13:00:07.663[m [[34;1mINFO[m] [1;34mp.u.t.s.y.Stats.clientFinished@38[m: 
Ended SconeKV benchmark.
Number of clients: 256
Total transactions: 420112
Committed: 420112 (100.0%)
Aborted: 0 (0.0%)
2020-09-10 13:00:07:667 300 sec: 2111441 operations; 2459.83 current ops/sec; est completion in 18 minutes [READ: Count=1775, Max=608255, Min=0, Avg=57357.5, 90=119039, 99=559103, 99.9=596991, 99.99=608255] [CLEANUP: Count=256, Max=1722, Min=2, Avg=11.19, 90=5, 99=12, 99.9=1722, 99.99=1722] [READ-FAILED: Count=0, Max=0, Min=9223372036854775807, Avg=NaN, 90=0, 99=0, 99.9=0, 99.99=0] 
[OVERALL], RunTime(ms), 300717
[OVERALL], Throughput(ops/sec), 7021.355626718809
[TOTAL_GCS_G1_Young_Generation], Count, 160
[TOTAL_GC_TIME_G1_Young_Generation], Time(ms), 4273
[TOTAL_GC_TIME_%_G1_Young_Generation], Time(%), 1.4209372932025792
[TOTAL_GCS_G1_Old_Generation], Count, 0
[TOTAL_GC_TIME_G1_Old_Generation], Time(ms), 0
[TOTAL_GC_TIME_%_G1_Old_Generation], Time(%), 0.0
[TOTAL_GCs], Count, 160
[TOTAL_GC_TIME], Time(ms), 4273
[TOTAL_GC_TIME_%], Time(%), 1.4209372932025792
[READ], Operations, 2110797
[READ], AverageLatency(us), 35210.504962817366
[READ], MinLatency(us), 0
[READ], MaxLatency(us), 3254271
[READ], 95thPercentileLatency(us), 117951
[READ], 99thPercentileLatency(us), 559103
[READ], Return=OK, 2110797
[READ], Return=NOT_FOUND, 644
[CLEANUP], Operations, 256
[CLEANUP], AverageLatency(us), 11.19140625
[CLEANUP], MinLatency(us), 2
[CLEANUP], MaxLatency(us), 1722
[CLEANUP], 95thPercentileLatency(us), 6
[CLEANUP], 99thPercentileLatency(us), 12
[READ-FAILED], Operations, 644
[READ-FAILED], AverageLatency(us), 10461.877329192546
[READ-FAILED], MinLatency(us), 1805
[READ-FAILED], MaxLatency(us), 98431
[READ-FAILED], 95thPercentileLatency(us), 28735
[READ-FAILED], 99thPercentileLatency(us), 60031
