Command line: -t -db pt.ulisboa.tecnico.sconekv.ycsb.SconeKVClient -P workloadc -threads 128 -s -p scone.tx_size=5 -p operationcount=10000000 -p maxexecutiontime=300
YCSB Client 0.17.0

Loading workload...
Starting test.
WARNING: sun.reflect.Reflection.getCallerClass is not supported. This will impact performance.
2020-09-09 16:30:29:489 0 sec: 0 operations; est completion in 0 second 
Maximum execution time specified as: 300 secs
DBWrapper: report latency for each error is false and specific error codes to track for latency are: []
DBWrapper: report latency for each error is false and specific error codes to track for latency are: []
DBWrapper: report latency for each error is false and specific error codes to track for latency are: []
DBWrapper: report latency for each error is false and specific error codes to track for latency are: []
DBWrapper: report latency for each error is false and specific error codes to track for latency are: []
DBWrapper: report latency for each error is false and specific error codes to track for latency are: []
DBWrapper: report latency for each error is false and specific error codes to track for latency are: []
DBWrapper: report latency for each error is false and specific error codes to track for latency are: []
DBWrapper: report latency for each error is false and specific error codes to track for latency are: []
DBWrapper: report latency for each error is false and specific error codes to track for latency are: []
DBWrapper: report latency for each error is false and specific error codes to track for latency are: []
DBWrapper: report latency for each error is false and specific error codes to track for latency are: []
DBWrapper: report latency for each error is false and specific error codes to track for latency are: []
DBWrapper: report latency for each error is false and specific error codes to track for latency are: []
DBWrapper: report latency for each error is false and specific error codes to track for latency are: []
DBWrapper: report latency for each error is false and specific error codes to track for latency are: []
DBWrapper: report latency for each error is false and specific error codes to track for latency are: []
DBWrapper: report latency for each error is false and specific error codes to track for latency are: []
DBWrapper: report latency for each error is false and specific error codes to track for latency are: []
DBWrapper: report latency for each error is false and specific error codes to track for latency are: []
DBWrapper: report latency for each error is false and specific error codes to track for latency are: []
DBWrapper: report latency for each error is false and specific error codes to track for latency are: []
DBWrapper: report latency for each error is false and specific error codes to track for latency are: []
DBWrapper: report latency for each error is false and specific error codes to track for latency are: []
DBWrapper: report latency for each error is false and specific error codes to track for latency are: []
DBWrapper: report latency for each error is false and specific error codes to track for latency are: []
DBWrapper: report latency for each error is false and specific error codes to track for latency are: []
DBWrapper: report latency for each error is false and specific error codes to track for latency are: []
DBWrapper: report latency for each error is false and specific error codes to track for latency are: []
DBWrapper: report latency for each error is false and specific error codes to track for latency are: []
DBWrapper: report latency for each error is false and specific error codes to track for latency are: []
DBWrapper: report latency for each error is false and specific error codes to track for latency are: []
DBWrapper: report latency for each error is false and specific error codes to track for latency are: []
DBWrapper: report latency for each error is false and specific error codes to track for latency are: []
DBWrapper: report latency for each error is false and specific error codes to track for latency are: []
DBWrapper: report latency for each error is false and specific error codes to track for latency are: []
DBWrapper: report latency for each error is false and specific error codes to track for latency are: []
DBWrapper: report latency for each error is false and specific error codes to track for latency are: []
DBWrapper: report latency for each error is false and specific error codes to track for latency are: []
DBWrapper: report latency for each error is false and specific error codes to track for latency are: []
DBWrapper: report latency for each error is false and specific error codes to track for latency are: []
DBWrapper: report latency for each error is false and specific error codes to track for latency are: []
DBWrapper: report latency for each error is false and specific error codes to track for latency are: []
DBWrapper: report latency for each error is false and specific error codes to track for latency are: []
DBWrapper: report latency for each error is false and specific error codes to track for latency are: []
DBWrapper: report latency for each error is false and specific error codes to track for latency are: []
DBWrapper: report latency for each error is false and specific error codes to track for latency are: []
DBWrapper: report latency for each error is false and specific error codes to track for latency are: []
DBWrapper: report latency for each error is false and specific error codes to track for latency are: []
DBWrapper: report latency for each error is false and specific error codes to track for latency are: []
DBWrapper: report latency for each error is false and specific error codes to track for latency are: []
DBWrapper: report latency for each error is false and specific error codes to track for latency are: []
DBWrapper: report latency for each error is false and specific error codes to track for latency are: []
DBWrapper: report latency for each error is false and specific error codes to track for latency are: []
DBWrapper: report latency for each error is false and specific error codes to track for latency are: []
DBWrapper: report latency for each error is false and specific error codes to track for latency are: []
DBWrapper: report latency for each error is false and specific error codes to track for latency are: []
DBWrapper: report latency for each error is false and specific error codes to track for latency are: []
DBWrapper: report latency for each error is false and specific error codes to track for latency are: []
DBWrapper: report latency for each error is false and specific error codes to track for latency are: []
DBWrapper: report latency for each error is false and specific error codes to track for latency are: []
DBWrapper: report latency for each error is false and specific error codes to track for latency are: []
DBWrapper: report latency for each error is false and specific error codes to track for latency are: []
DBWrapper: report latency for each error is false and specific error codes to track for latency are: []
DBWrapper: report latency for each error is false and specific error codes to track for latency are: []
DBWrapper: report latency for each error is false and specific error codes to track for latency are: []
DBWrapper: report latency for each error is false and specific error codes to track for latency are: []
DBWrapper: report latency for each error is false and specific error codes to track for latency are: []
DBWrapper: report latency for each error is false and specific error codes to track for latency are: []
DBWrapper: report latency for each error is false and specific error codes to track for latency are: []
DBWrapper: report latency for each error is false and specific error codes to track for latency are: []
DBWrapper: report latency for each error is false and specific error codes to track for latency are: []
DBWrapper: report latency for each error is false and specific error codes to track for latency are: []
DBWrapper: report latency for each error is false and specific error codes to track for latency are: []
DBWrapper: report latency for each error is false and specific error codes to track for latency are: []
DBWrapper: report latency for each error is false and specific error codes to track for latency are: []
DBWrapper: report latency for each error is false and specific error codes to track for latency are: []
DBWrapper: report latency for each error is false and specific error codes to track for latency are: []
DBWrapper: report latency for each error is false and specific error codes to track for latency are: []
DBWrapper: report latency for each error is false and specific error codes to track for latency are: []
DBWrapper: report latency for each error is false and specific error codes to track for latency are: []
DBWrapper: report latency for each error is false and specific error codes to track for latency are: []
DBWrapper: report latency for each error is false and specific error codes to track for latency are: []
DBWrapper: report latency for each error is false and specific error codes to track for latency are: []
DBWrapper: report latency for each error is false and specific error codes to track for latency are: []
DBWrapper: report latency for each error is false and specific error codes to track for latency are: []
DBWrapper: report latency for each error is false and specific error codes to track for latency are: []
DBWrapper: report latency for each error is false and specific error codes to track for latency are: []
DBWrapper: report latency for each error is false and specific error codes to track for latency are: []
DBWrapper: report latency for each error is false and specific error codes to track for latency are: []
DBWrapper: report latency for each error is false and specific error codes to track for latency are: []
DBWrapper: report latency for each error is false and specific error codes to track for latency are: []
DBWrapper: report latency for each error is false and specific error codes to track for latency are: []
DBWrapper: report latency for each error is false and specific error codes to track for latency are: []
DBWrapper: report latency for each error is false and specific error codes to track for latency are: []
DBWrapper: report latency for each error is false and specific error codes to track for latency are: []
DBWrapper: report latency for each error is false and specific error codes to track for latency are: []
DBWrapper: report latency for each error is false and specific error codes to track for latency are: []
DBWrapper: report latency for each error is false and specific error codes to track for latency are: []
DBWrapper: report latency for each error is false and specific error codes to track for latency are: []
DBWrapper: report latency for each error is false and specific error codes to track for latency are: []
DBWrapper: report latency for each error is false and specific error codes to track for latency are: []
DBWrapper: report latency for each error is false and specific error codes to track for latency are: []
DBWrapper: report latency for each error is false and specific error codes to track for latency are: []
DBWrapper: report latency for each error is false and specific error codes to track for latency are: []
DBWrapper: report latency for each error is false and specific error codes to track for latency are: []
DBWrapper: report latency for each error is false and specific error codes to track for latency are: []
DBWrapper: report latency for each error is false and specific error codes to track for latency are: []
DBWrapper: report latency for each error is false and specific error codes to track for latency are: []
DBWrapper: report latency for each error is false and specific error codes to track for latency are: []
DBWrapper: report latency for each error is false and specific error codes to track for latency are: []
DBWrapper: report latency for each error is false and specific error codes to track for latency are: []
DBWrapper: report latency for each error is false and specific error codes to track for latency are: []
DBWrapper: report latency for each error is false and specific error codes to track for latency are: []
DBWrapper: report latency for each error is false and specific error codes to track for latency are: []
DBWrapper: report latency for each error is false and specific error codes to track for latency are: []
DBWrapper: report latency for each error is false and specific error codes to track for latency are: []
DBWrapper: report latency for each error is false and specific error codes to track for latency are: []
2020-09-09 16:30:39:520 10 sec: 8900 operations; 888.58 current ops/sec; est completion in 3 hours 7 minutes [READ: Count=8929, Max=2158591, Min=4, Avg=72886.14, 90=167295, 99=578559, 99.9=1690623, 99.99=2085887] [READ-FAILED: Count=36, Max=262399, Min=2182, Avg=54722.94, 90=123775, 99=262399, 99.9=262399, 99.99=262399] 
DBWrapper: report latency for each error is false and specific error codes to track for latency are: []
DBWrapper: report latency for each error is false and specific error codes to track for latency are: []
DBWrapper: report latency for each error is false and specific error codes to track for latency are: []
DBWrapper: report latency for each error is false and specific error codes to track for latency are: []
DBWrapper: report latency for each error is false and specific error codes to track for latency are: []
DBWrapper: report latency for each error is false and specific error codes to track for latency are: []
DBWrapper: report latency for each error is false and specific error codes to track for latency are: []
2020-09-09 16:30:49:489 20 sec: 44534 operations; 3569.11 current ops/sec; est completion in 1 hour 14 minutes [READ: Count=35403, Max=695295, Min=2, Avg=33036.39, 90=64351, 99=243455, 99.9=596479, 99.99=639487] [READ-FAILED: Count=172, Max=146047, Min=2588, Avg=20417.4, 90=34815, 99=65311, 99.9=146047, 99.99=146047] 
2020-09-09 16:30:59:492 30 sec: 91432 operations; 4688.39 current ops/sec; est completion in 54 minutes [READ: Count=46665, Max=712703, Min=2, Avg=26002.3, 90=50623, 99=539647, 99.9=588287, 99.99=623103] [READ-FAILED: Count=227, Max=72767, Min=1709, Avg=5819.01, 90=9647, 99=29391, 99.9=72767, 99.99=72767] 
DBWrapper: report latency for each error is false and specific error codes to track for latency are: []
DBWrapper: report latency for each error is false and specific error codes to track for latency are: []
DBWrapper: report latency for each error is false and specific error codes to track for latency are: []
2020-09-09 16:31:09:489 40 sec: 147856 operations; 5644.09 current ops/sec; est completion in 44 minutes [READ: Count=56173, Max=15073279, Min=2, Avg=23123.3, 90=44927, 99=528383, 99.9=566271, 99.99=594943] [READ-FAILED: Count=253, Max=425727, Min=1666, Avg=8073.87, 90=10855, 99=23951, 99.9=425727, 99.99=425727] 
2020-09-09 16:31:19:489 50 sec: 195000 operations; 4714.4 current ops/sec; est completion in 41 minutes [READ: Count=46929, Max=673279, Min=2, Avg=27479.92, 90=43295, 99=546303, 99.9=584191, 99.99=615935] [READ-FAILED: Count=217, Max=75199, Min=0, Avg=5048.7, 90=8047, 99=16191, 99.9=75199, 99.99=75199] 
2020-09-09 16:31:29:489 60 sec: 248926 operations; 5392.6 current ops/sec; est completion in 39 minutes [READ: Count=53703, Max=698367, Min=2, Avg=23857.97, 90=48767, 99=536063, 99.9=572415, 99.99=629759] [READ-FAILED: Count=237, Max=48031, Min=0, Avg=5702.18, 90=9127, 99=30527, 99.9=48031, 99.99=48031] 
2020-09-09 16:31:39:489 70 sec: 307835 operations; 5890.9 current ops/sec; est completion in 36 minutes [READ: Count=58631, Max=672767, Min=2, Avg=21746.42, 90=45983, 99=524799, 99.9=583167, 99.99=616447] [READ-FAILED: Count=264, Max=121663, Min=1782, Avg=7858.01, 90=12703, 99=69183, 99.9=121663, 99.99=121663] 
2020-09-09 16:31:49:489 80 sec: 364908 operations; 5707.3 current ops/sec; est completion in 35 minutes [READ: Count=56843, Max=652287, Min=2, Avg=22503.83, 90=47999, 99=526335, 99.9=594431, 99.99=627711] [READ-FAILED: Count=229, Max=121215, Min=0, Avg=6281.86, 90=9063, 99=35807, 99.9=121215, 99.99=121215] 
2020-09-09 16:31:59:489 90 sec: 416735 operations; 5182.7 current ops/sec; est completion in 34 minutes [READ: Count=51616, Max=734207, Min=2, Avg=24622.02, 90=44799, 99=536575, 99.9=578047, 99.99=642047] [READ-FAILED: Count=228, Max=150655, Min=1573, Avg=7692.46, 90=12599, 99=106303, 99.9=150655, 99.99=150655] 
2020-09-09 16:32:09:489 100 sec: 473766 operations; 5703.1 current ops/sec; est completion in 33 minutes [READ: Count=56765, Max=683007, Min=2, Avg=22530.49, 90=43935, 99=530943, 99.9=582143, 99.99=612863] [READ-FAILED: Count=248, Max=126911, Min=1709, Avg=7587.17, 90=12359, 99=62367, 99.9=126911, 99.99=126911] 
2020-09-09 16:32:19:489 110 sec: 532698 operations; 5893.2 current ops/sec; est completion in 32 minutes [READ: Count=58663, Max=672767, Min=2, Avg=21529.83, 90=47071, 99=526335, 99.9=614399, 99.99=642559] [READ-FAILED: Count=272, Max=88383, Min=0, Avg=6923.11, 90=11639, 99=46943, 99.9=88383, 99.99=88383] 
2020-09-09 16:32:29:489 120 sec: 580522 operations; 4781.92 current ops/sec; est completion in 32 minutes [READ: Count=47616, Max=855039, Min=2, Avg=27039.82, 90=46399, 99=540159, 99.9=593407, 99.99=637439] [READ-FAILED: Count=207, Max=49951, Min=0, Avg=5858.13, 90=10031, 99=37727, 99.9=49951, 99.99=49951] 
2020-09-09 16:32:39:489 130 sec: 637108 operations; 5659.17 current ops/sec; est completion in 31 minutes [READ: Count=56314, Max=1027583, Min=3, Avg=22902.27, 90=43263, 99=532479, 99.9=646655, 99.99=921087] [READ-FAILED: Count=275, Max=191359, Min=1780, Avg=8191.14, 90=11263, 99=96639, 99.9=191359, 99.99=191359] 
2020-09-09 16:32:49:489 140 sec: 696779 operations; 5967.1 current ops/sec; est completion in 31 minutes [READ: Count=59419, Max=749567, Min=2, Avg=21441.3, 90=48447, 99=219647, 99.9=589311, 99.99=665087] [READ-FAILED: Count=248, Max=68095, Min=0, Avg=5800.48, 90=9807, 99=23535, 99.9=68095, 99.99=68095] 
2020-09-09 16:32:59:489 150 sec: 750767 operations; 5398.8 current ops/sec; est completion in 30 minutes [READ: Count=53758, Max=723967, Min=2, Avg=23787.72, 90=45951, 99=535039, 99.9=646655, 99.99=712191] [READ-FAILED: Count=244, Max=87871, Min=0, Avg=6739.4, 90=12423, 99=51647, 99.9=87871, 99.99=87871] 
2020-09-09 16:33:09:489 160 sec: 811811 operations; 6104.4 current ops/sec; est completion in 30 minutes [READ: Count=60759, Max=754175, Min=2, Avg=21095.06, 90=43967, 99=521983, 99.9=588287, 99.99=659455] [READ-FAILED: Count=272, Max=152959, Min=0, Avg=7196.35, 90=10911, 99=32191, 99.9=152959, 99.99=152959] 
2020-09-09 16:33:19:489 170 sec: 869309 operations; 5749.8 current ops/sec; est completion in 29 minutes [READ: Count=57248, Max=728063, Min=2, Avg=21978.64, 90=46111, 99=528383, 99.9=657407, 99.99=687615] [READ-FAILED: Count=246, Max=160895, Min=1632, Avg=7446.11, 90=10207, 99=108223, 99.9=160895, 99.99=160895] 
2020-09-09 16:33:29:489 180 sec: 918910 operations; 4960.1 current ops/sec; est completion in 29 minutes [READ: Count=49370, Max=659455, Min=2, Avg=26029.04, 90=44383, 99=537087, 99.9=615935, 99.99=653311] [READ-FAILED: Count=240, Max=31903, Min=0, Avg=5353.44, 90=9863, 99=19663, 99.9=31903, 99.99=31903] 
2020-09-09 16:33:39:489 190 sec: 976508 operations; 5759.22 current ops/sec; est completion in 29 minutes [READ: Count=57352, Max=750079, Min=2, Avg=22381.88, 90=43839, 99=531455, 99.9=642559, 99.99=721919] [READ-FAILED: Count=243, Max=146047, Min=0, Avg=6597.73, 90=9671, 99=41727, 99.9=146047, 99.99=146047] 
2020-09-09 16:33:49:489 200 sec: 1034391 operations; 5788.88 current ops/sec; est completion in 28 minutes [READ: Count=57616, Max=767487, Min=2, Avg=22250.4, 90=48191, 99=527359, 99.9=637439, 99.99=695807] [READ-FAILED: Count=266, Max=68287, Min=1914, Avg=6455.48, 90=11655, 99=25167, 99.9=68287, 99.99=68287] 
2020-09-09 16:33:59:489 210 sec: 1086342 operations; 5195.1 current ops/sec; est completion in 28 minutes [READ: Count=51747, Max=745983, Min=2, Avg=24574.34, 90=48703, 99=538623, 99.9=587263, 99.99=697343] [READ-FAILED: Count=206, Max=148607, Min=1733, Avg=6756.64, 90=8887, 99=102463, 99.9=148607, 99.99=148607] 
2020-09-09 16:34:09:489 220 sec: 1145802 operations; 5945.41 current ops/sec; est completion in 28 minutes [READ: Count=59180, Max=626687, Min=2, Avg=21696.27, 90=44767, 99=531455, 99.9=565247, 99.99=615935] [READ-FAILED: Count=277, Max=113535, Min=0, Avg=5665.37, 90=8447, 99=17839, 99.9=113535, 99.99=113535] 
2020-09-09 16:34:19:489 230 sec: 1203255 operations; 5745.87 current ops/sec; est completion in 28 minutes [READ: Count=57196, Max=769535, Min=2, Avg=22155.54, 90=46623, 99=526847, 99.9=610303, 99.99=710655] [READ-FAILED: Count=255, Max=126335, Min=0, Avg=6454.12, 90=10407, 99=43711, 99.9=126335, 99.99=126335] 
2020-09-09 16:34:29:489 240 sec: 1257712 operations; 5445.7 current ops/sec; est completion in 27 minutes [READ: Count=54214, Max=961023, Min=2, Avg=23593.86, 90=42975, 99=531967, 99.9=604159, 99.99=695807] [READ-FAILED: Count=242, Max=105983, Min=0, Avg=6196.46, 90=10759, 99=30271, 99.9=105983, 99.99=105983] 
2020-09-09 16:34:39:491 250 sec: 1316979 operations; 5926.11 current ops/sec; est completion in 27 minutes [READ: Count=59013, Max=719871, Min=2, Avg=21765.93, 90=39999, 99=531967, 99.9=576511, 99.99=679423] [READ-FAILED: Count=267, Max=45759, Min=0, Avg=5888.44, 90=10487, 99=25327, 99.9=45759, 99.99=45759] 
2020-09-09 16:34:49:489 260 sec: 1373633 operations; 5665.97 current ops/sec; est completion in 27 minutes [READ: Count=56390, Max=692223, Min=2, Avg=22664.67, 90=43967, 99=531455, 99.9=629247, 99.99=661503] [READ-FAILED: Count=250, Max=130751, Min=0, Avg=5954.82, 90=8351, 99=35327, 99.9=130751, 99.99=130751] 
2020-09-09 16:34:59:489 270 sec: 1430015 operations; 5638.2 current ops/sec; est completion in 26 minutes [READ: Count=56132, Max=767999, Min=2, Avg=22441.24, 90=42783, 99=534527, 99.9=598527, 99.99=666623] [READ-FAILED: Count=251, Max=129855, Min=0, Avg=6708.59, 90=8887, 99=45535, 99.9=129855, 99.99=129855] 
2020-09-09 16:35:09:489 280 sec: 1485816 operations; 5580.1 current ops/sec; est completion in 26 minutes [READ: Count=55542, Max=692735, Min=2, Avg=23379.56, 90=46751, 99=530431, 99.9=599551, 99.99=629247] [READ-FAILED: Count=258, Max=147327, Min=0, Avg=7911.86, 90=11039, 99=103743, 99.9=147327, 99.99=147327] 
2020-09-09 16:35:19:489 290 sec: 1542864 operations; 5704.8 current ops/sec; est completion in 26 minutes [READ: Count=56776, Max=691711, Min=2, Avg=22453.01, 90=47615, 99=525311, 99.9=598015, 99.99=649215] [READ-FAILED: Count=278, Max=125119, Min=0, Avg=7321.05, 90=11095, 99=57727, 99.9=125119, 99.99=125119] 
2020-09-09 16:35:29:489 300 sec: 1603525 operations; 6065.49 current ops/sec; est completion in 26 minutes [READ: Count=60389, Max=681471, Min=2, Avg=21251.21, 90=44863, 99=526847, 99.9=612351, 99.99=662527] [READ-FAILED: Count=267, Max=169215, Min=0, Avg=7083.28, 90=10639, 99=80127, 99.9=169215, 99.99=169215] 
Maximum time elapsed. Requesting stop for the workload.
Stop requested for workload. Now Joining!
[36m16:35:30.089[m [[34;1mINFO[m] [1;34mp.u.t.s.y.Stats.clientFinished@38[m: 
Ended SconeKV benchmark.
Number of clients: 128
Total transactions: 318915
Committed: 318909 (99.998116%)
Aborted: 6 (0.001881379%)
2020-09-09 16:35:30:092 300 sec: 1604318 operations; 1319.47 current ops/sec; est completion in 26 minutes [READ: Count=790, Max=546303, Min=3, Avg=43781.67, 90=92287, 99=530943, 99.9=542719, 99.99=546303] [CLEANUP: Count=128, Max=1349, Min=3, Avg=15.91, 90=8, 99=30, 99.9=1349, 99.99=1349] [READ-FAILED: Count=2, Max=2597, Min=2464, Avg=2531, 90=2597, 99=2597, 99.9=2597, 99.99=2597] 
[OVERALL], RunTime(ms), 300601
[OVERALL], Throughput(ops/sec), 5337.03480693677
[TOTAL_GCS_G1_Young_Generation], Count, 179
[TOTAL_GC_TIME_G1_Young_Generation], Time(ms), 2877
[TOTAL_GC_TIME_%_G1_Young_Generation], Time(%), 0.9570826444356473
[TOTAL_GCS_G1_Old_Generation], Count, 0
[TOTAL_GC_TIME_G1_Old_Generation], Time(ms), 0
[TOTAL_GC_TIME_%_G1_Old_Generation], Time(%), 0.0
[TOTAL_GCs], Count, 179
[TOTAL_GC_TIME], Time(ms), 2877
[TOTAL_GC_TIME_%], Time(%), 0.9570826444356473
[READ], Operations, 1597141
[READ], AverageLatency(us), 23546.25070109652
[READ], MinLatency(us), 2
[READ], MaxLatency(us), 15073279
[READ], 95thPercentileLatency(us), 66751
[READ], 99thPercentileLatency(us), 531967
[READ], Return=OK, 1597141
[READ], Return=NOT_FOUND, 7177
[CLEANUP], Operations, 128
[CLEANUP], AverageLatency(us), 15.90625
[CLEANUP], MinLatency(us), 3
[CLEANUP], MaxLatency(us), 1349
[CLEANUP], 95thPercentileLatency(us), 17
[CLEANUP], 99thPercentileLatency(us), 30
[READ-FAILED], Operations, 7177
[READ-FAILED], AverageLatency(us), 7257.9998606660165
[READ-FAILED], MinLatency(us), 0
[READ-FAILED], MaxLatency(us), 425727
[READ-FAILED], 95thPercentileLatency(us), 18335
[READ-FAILED], 99thPercentileLatency(us), 59807
