Command line: -t -db pt.ulisboa.tecnico.sconekv.ycsb.SconeKVClient -P workloadf -threads 64 -s -p scone.tx_size=5 -p operationcount=10000000 -p maxexecutiontime=300
YCSB Client 0.17.0

Loading workload...
Starting test.
WARNING: sun.reflect.Reflection.getCallerClass is not supported. This will impact performance.
Maximum execution time specified as: 300 secs
2020-09-10 11:54:26:145 0 sec: 0 operations; est completion in 0 second 
DBWrapper: report latency for each error is false and specific error codes to track for latency are: []
DBWrapper: report latency for each error is false and specific error codes to track for latency are: []
DBWrapper: report latency for each error is false and specific error codes to track for latency are: []
DBWrapper: report latency for each error is false and specific error codes to track for latency are: []
DBWrapper: report latency for each error is false and specific error codes to track for latency are: []
DBWrapper: report latency for each error is false and specific error codes to track for latency are: []
DBWrapper: report latency for each error is false and specific error codes to track for latency are: []
DBWrapper: report latency for each error is false and specific error codes to track for latency are: []
DBWrapper: report latency for each error is false and specific error codes to track for latency are: []
DBWrapper: report latency for each error is false and specific error codes to track for latency are: []
DBWrapper: report latency for each error is false and specific error codes to track for latency are: []
DBWrapper: report latency for each error is false and specific error codes to track for latency are: []
DBWrapper: report latency for each error is false and specific error codes to track for latency are: []
DBWrapper: report latency for each error is false and specific error codes to track for latency are: []
DBWrapper: report latency for each error is false and specific error codes to track for latency are: []
DBWrapper: report latency for each error is false and specific error codes to track for latency are: []
DBWrapper: report latency for each error is false and specific error codes to track for latency are: []
DBWrapper: report latency for each error is false and specific error codes to track for latency are: []
DBWrapper: report latency for each error is false and specific error codes to track for latency are: []
DBWrapper: report latency for each error is false and specific error codes to track for latency are: []
DBWrapper: report latency for each error is false and specific error codes to track for latency are: []
DBWrapper: report latency for each error is false and specific error codes to track for latency are: []
DBWrapper: report latency for each error is false and specific error codes to track for latency are: []
DBWrapper: report latency for each error is false and specific error codes to track for latency are: []
DBWrapper: report latency for each error is false and specific error codes to track for latency are: []
DBWrapper: report latency for each error is false and specific error codes to track for latency are: []
DBWrapper: report latency for each error is false and specific error codes to track for latency are: []
DBWrapper: report latency for each error is false and specific error codes to track for latency are: []
DBWrapper: report latency for each error is false and specific error codes to track for latency are: []
DBWrapper: report latency for each error is false and specific error codes to track for latency are: []
DBWrapper: report latency for each error is false and specific error codes to track for latency are: []
DBWrapper: report latency for each error is false and specific error codes to track for latency are: []
DBWrapper: report latency for each error is false and specific error codes to track for latency are: []
DBWrapper: report latency for each error is false and specific error codes to track for latency are: []
DBWrapper: report latency for each error is false and specific error codes to track for latency are: []
DBWrapper: report latency for each error is false and specific error codes to track for latency are: []
DBWrapper: report latency for each error is false and specific error codes to track for latency are: []
DBWrapper: report latency for each error is false and specific error codes to track for latency are: []
DBWrapper: report latency for each error is false and specific error codes to track for latency are: []
DBWrapper: report latency for each error is false and specific error codes to track for latency are: []
DBWrapper: report latency for each error is false and specific error codes to track for latency are: []
DBWrapper: report latency for each error is false and specific error codes to track for latency are: []
DBWrapper: report latency for each error is false and specific error codes to track for latency are: []
DBWrapper: report latency for each error is false and specific error codes to track for latency are: []
DBWrapper: report latency for each error is false and specific error codes to track for latency are: []
DBWrapper: report latency for each error is false and specific error codes to track for latency are: []
DBWrapper: report latency for each error is false and specific error codes to track for latency are: []
DBWrapper: report latency for each error is false and specific error codes to track for latency are: []
DBWrapper: report latency for each error is false and specific error codes to track for latency are: []
DBWrapper: report latency for each error is false and specific error codes to track for latency are: []
DBWrapper: report latency for each error is false and specific error codes to track for latency are: []
DBWrapper: report latency for each error is false and specific error codes to track for latency are: []
DBWrapper: report latency for each error is false and specific error codes to track for latency are: []
DBWrapper: report latency for each error is false and specific error codes to track for latency are: []
DBWrapper: report latency for each error is false and specific error codes to track for latency are: []
DBWrapper: report latency for each error is false and specific error codes to track for latency are: []
DBWrapper: report latency for each error is false and specific error codes to track for latency are: []
DBWrapper: report latency for each error is false and specific error codes to track for latency are: []
DBWrapper: report latency for each error is false and specific error codes to track for latency are: []
DBWrapper: report latency for each error is false and specific error codes to track for latency are: []
DBWrapper: report latency for each error is false and specific error codes to track for latency are: []
DBWrapper: report latency for each error is false and specific error codes to track for latency are: []
DBWrapper: report latency for each error is false and specific error codes to track for latency are: []
DBWrapper: report latency for each error is false and specific error codes to track for latency are: []
2020-09-10 11:54:36:152 10 sec: 11373 operations; 1136.28 current ops/sec; est completion in 2 hours 26 minutes [READ: Count=11377, Max=826879, Min=0, Avg=35396.85, 90=70783, 99=331519, 99.9=632319, 99.99=818687] [READ-MODIFY-WRITE: Count=5761, Max=848383, Min=5, Avg=40043.66, 90=84287, 99=367359, 99.9=630783, 99.99=825343] [UPDATE: Count=5867, Max=315903, Min=2, Avg=4651.58, 90=14599, 99=58879, 99.9=156031, 99.99=313855] [READ-FAILED: Count=3, Max=40479, Min=10624, Avg=23038.67, 90=40479, 99=40479, 99.9=40479, 99.99=40479] 
2020-09-10 11:54:46:144 20 sec: 45035 operations; 3369.23 current ops/sec; est completion in 1 hour 13 minutes [READ: Count=33651, Max=15056895, Min=0, Avg=18450.3, 90=33791, 99=324607, 99.9=566271, 99.99=683519] [READ-MODIFY-WRITE: Count=16836, Max=15056895, Min=2, Avg=20371.43, 90=39807, 99=380927, 99.9=575999, 99.99=693759] [UPDATE: Count=16755, Max=406271, Min=0, Avg=1285.17, 90=4041, 99=16559, 99.9=34335, 99.99=117247] [READ-FAILED: Count=9, Max=4667, Min=1569, Avg=3168, 90=4379, 99=4667, 99.9=4667, 99.99=4667] 
2020-09-10 11:54:56:144 30 sec: 75125 operations; 3008.7 current ops/sec; est completion in 1 hour 6 minutes [READ: Count=30084, Max=843263, Min=0, Avg=20690.68, 90=34367, 99=455423, 99.9=642047, 99.99=804351] [READ-MODIFY-WRITE: Count=15013, Max=819711, Min=2, Avg=21712.99, 90=38335, 99=464895, 99.9=651775, 99.99=815103] [UPDATE: Count=15021, Max=525311, Min=0, Avg=1293.72, 90=3559, 99=12767, 99.9=77759, 99.99=505343] [READ-FAILED: Count=6, Max=7451, Min=2434, Avg=3858.83, 90=4041, 99=7451, 99.9=7451, 99.99=7451] 
2020-09-10 11:55:06:144 40 sec: 113890 operations; 3876.5 current ops/sec; est completion in 57 minutes [READ: Count=38750, Max=912383, Min=0, Avg=15904.18, 90=31359, 99=196095, 99.9=601087, 99.99=725503] [READ-MODIFY-WRITE: Count=19577, Max=767487, Min=1, Avg=17380.34, 90=36703, 99=201727, 99.9=598527, 99.99=730111] [UPDATE: Count=19553, Max=158463, Min=0, Avg=1127.43, 90=3829, 99=12055, 99.9=39583, 99.99=150015] [READ-FAILED: Count=16, Max=4907, Min=1824, Avg=3623.62, 90=4419, 99=4907, 99.9=4907, 99.99=4907] 
2020-09-10 11:55:16:144 50 sec: 149211 operations; 3532.45 current ops/sec; est completion in 55 minutes [READ: Count=35313, Max=675839, Min=0, Avg=17272.9, 90=31919, 99=323071, 99.9=564223, 99.99=632319] [READ-MODIFY-WRITE: Count=17616, Max=715775, Min=2, Avg=18394.85, 90=36575, 99=322303, 99.9=580607, 99.99=667135] [UPDATE: Count=17613, Max=178303, Min=0, Avg=1261.9, 90=3827, 99=15095, 99.9=74495, 99.99=152831] [READ-FAILED: Count=8, Max=3979, Min=1685, Avg=2520.62, 90=3017, 99=3979, 99.9=3979, 99.99=3979] 
2020-09-10 11:55:26:144 60 sec: 181683 operations; 3247.2 current ops/sec; est completion in 54 minutes [READ: Count=32460, Max=1125375, Min=0, Avg=19163.99, 90=31295, 99=445183, 99.9=635391, 99.99=971263] [READ-MODIFY-WRITE: Count=16345, Max=1127423, Min=1, Avg=20627.83, 90=36095, 99=482559, 99.9=613375, 99.99=974335] [UPDATE: Count=16345, Max=169855, Min=0, Avg=1109.96, 90=3417, 99=13479, 99.9=65919, 99.99=159231] [READ-FAILED: Count=7, Max=9447, Min=2832, Avg=4996.29, 90=7719, 99=9447, 99.9=9447, 99.99=9447] 
2020-09-10 11:55:36:144 70 sec: 219428 operations; 3774.5 current ops/sec; est completion in 52 minutes [READ: Count=37738, Max=1111039, Min=0, Avg=16594.02, 90=30271, 99=296447, 99.9=591359, 99.99=963583] [READ-MODIFY-WRITE: Count=19125, Max=1058815, Min=1, Avg=17798.85, 90=35199, 99=308479, 99.9=597503, 99.99=946687] [UPDATE: Count=19132, Max=165631, Min=0, Avg=1140.61, 90=3715, 99=13511, 99.9=47135, 99.99=135423] [READ-FAILED: Count=11, Max=27711, Min=2070, Avg=7017.55, 90=17439, 99=27711, 99.9=27711, 99.99=27711] 
2020-09-10 11:55:46:144 80 sec: 249776 operations; 3034.5 current ops/sec; est completion in 52 minutes [READ: Count=30345, Max=956415, Min=0, Avg=20473.1, 90=33951, 99=516351, 99.9=586751, 99.99=841215] [READ-MODIFY-WRITE: Count=15272, Max=915967, Min=2, Avg=21705.61, 90=39199, 99=520191, 99.9=593407, 99.99=843775] [UPDATE: Count=15267, Max=154495, Min=0, Avg=1142.21, 90=3643, 99=14167, 99.9=39199, 99.99=136831] [READ-FAILED: Count=4, Max=4119, Min=2902, Avg=3353.25, 90=4119, 99=4119, 99.9=4119, 99.99=4119] 
2020-09-10 11:55:56:144 90 sec: 283192 operations; 3341.93 current ops/sec; est completion in 51 minutes [READ: Count=33406, Max=925183, Min=0, Avg=17979.19, 90=29951, 99=447487, 99.9=600575, 99.99=750079] [READ-MODIFY-WRITE: Count=16773, Max=927743, Min=2, Avg=19537.72, 90=34751, 99=490495, 99.9=604159, 99.99=751615] [UPDATE: Count=16766, Max=188031, Min=0, Avg=1133.82, 90=3657, 99=13367, 99.9=50239, 99.99=133375] [READ-FAILED: Count=5, Max=22287, Min=2532, Avg=8415.2, 90=22287, 99=22287, 99.9=22287, 99.99=22287] 
2020-09-10 11:56:06:144 100 sec: 315701 operations; 3250.57 current ops/sec; est completion in 51 minutes [READ: Count=32501, Max=1019903, Min=0, Avg=19732.64, 90=31439, 99=492799, 99.9=612351, 99.99=846847] [READ-MODIFY-WRITE: Count=16315, Max=1025535, Min=2, Avg=20996.78, 90=36639, 99=511743, 99.9=621055, 99.99=862719] [UPDATE: Count=16325, Max=156159, Min=0, Avg=1104.55, 90=3483, 99=12071, 99.9=56831, 99.99=146943] [READ-FAILED: Count=9, Max=8327, Min=2464, Avg=4450.56, 90=5943, 99=8327, 99.9=8327, 99.99=8327] 
2020-09-10 11:56:16:144 110 sec: 349865 operations; 3416.4 current ops/sec; est completion in 50 minutes [READ: Count=34157, Max=958463, Min=0, Avg=18072.29, 90=34271, 99=322303, 99.9=589311, 99.99=818175] [READ-MODIFY-WRITE: Count=17186, Max=964607, Min=3, Avg=18783.45, 90=38911, 99=298751, 99.9=600575, 99.99=795647] [UPDATE: Count=17180, Max=178943, Min=0, Avg=1139.51, 90=3707, 99=13839, 99.9=35807, 99.99=143999] [READ-FAILED: Count=10, Max=12511, Min=2086, Avg=4350, 90=7815, 99=12511, 99.9=12511, 99.99=12511] 
2020-09-10 11:56:26:144 120 sec: 379419 operations; 2955.7 current ops/sec; est completion in 50 minutes [READ: Count=29539, Max=1244159, Min=0, Avg=20777.2, 90=34687, 99=445439, 99.9=733695, 99.99=1150975] [READ-MODIFY-WRITE: Count=14754, Max=1260543, Min=2, Avg=22352.73, 90=39839, 99=510975, 99.9=747007, 99.99=1182719] [UPDATE: Count=14752, Max=203775, Min=0, Avg=1216.9, 90=3745, 99=16399, 99.9=42975, 99.99=164351] [READ-FAILED: Count=13, Max=82367, Min=1962, Avg=11166.08, 90=15287, 99=82367, 99.9=82367, 99.99=82367] 
2020-09-10 11:56:36:144 130 sec: 409920 operations; 3049.8 current ops/sec; est completion in 50 minutes [READ: Count=30497, Max=1381375, Min=0, Avg=20132.71, 90=32415, 99=469503, 99.9=650239, 99.99=1026559] [READ-MODIFY-WRITE: Count=15189, Max=1384447, Min=3, Avg=21788.22, 90=37215, 99=506367, 99.9=615935, 99.99=905727] [UPDATE: Count=15188, Max=210047, Min=0, Avg=1195.81, 90=3579, 99=14279, 99.9=72383, 99.99=173311] [READ-FAILED: Count=3, Max=6615, Min=2494, Avg=3915.33, 90=6615, 99=6615, 99.9=6615, 99.99=6615] 
2020-09-10 11:56:46:144 140 sec: 445566 operations; 3564.96 current ops/sec; est completion in 50 minutes [READ: Count=35637, Max=1015807, Min=0, Avg=17908.55, 90=31055, 99=378111, 99.9=703999, 99.99=976383] [READ-MODIFY-WRITE: Count=17917, Max=981503, Min=2, Avg=18851.85, 90=36255, 99=338175, 99.9=627199, 99.99=948223] [UPDATE: Count=17919, Max=171391, Min=0, Avg=1163.6, 90=3947, 99=13311, 99.9=35487, 99.99=154111] [READ-FAILED: Count=10, Max=6571, Min=2010, Avg=3819.4, 90=6323, 99=6571, 99.9=6571, 99.99=6571] 
2020-09-10 11:56:56:144 150 sec: 472508 operations; 2693.93 current ops/sec; est completion in 50 minutes [READ: Count=26937, Max=1265663, Min=0, Avg=23087.86, 90=37471, 99=526335, 99.9=608255, 99.99=929791] [READ-MODIFY-WRITE: Count=13388, Max=1272831, Min=2, Avg=24568.49, 90=43423, 99=531967, 99.9=615935, 99.99=932351] [UPDATE: Count=13390, Max=158079, Min=0, Avg=1234.13, 90=3653, 99=17199, 99.9=65503, 99.99=156159] [READ-FAILED: Count=7, Max=4191, Min=2194, Avg=3188.57, 90=4055, 99=4191, 99.9=4191, 99.99=4191] 
2020-09-10 11:57:06:144 160 sec: 509930 operations; 3742.57 current ops/sec; est completion in 49 minutes [READ: Count=37413, Max=1028095, Min=0, Avg=16567.29, 90=29615, 99=244991, 99.9=651775, 99.99=1020415] [READ-MODIFY-WRITE: Count=18827, Max=1025023, Min=2, Avg=17612.72, 90=34591, 99=251007, 99.9=636927, 99.99=1021439] [UPDATE: Count=18827, Max=119615, Min=0, Avg=1121.43, 90=4027, 99=11767, 99.9=33951, 99.99=101183] [READ-FAILED: Count=6, Max=6003, Min=2148, Avg=3622.17, 90=4055, 99=6003, 99.9=6003, 99.99=6003] 
2020-09-10 11:57:16:144 170 sec: 546657 operations; 3672.7 current ops/sec; est completion in 49 minutes [READ: Count=36720, Max=1080319, Min=0, Avg=16864.68, 90=30191, 99=290815, 99.9=587775, 99.99=722431] [READ-MODIFY-WRITE: Count=18209, Max=893439, Min=2, Avg=17999.98, 90=34687, 99=294143, 99.9=600063, 99.99=704511] [UPDATE: Count=18213, Max=178687, Min=0, Avg=1109.05, 90=3581, 99=11511, 99.9=64927, 99.99=174975] [READ-FAILED: Count=8, Max=7923, Min=1949, Avg=3708.12, 90=4007, 99=7923, 99.9=7923, 99.99=7923] 
2020-09-10 11:57:26:144 180 sec: 579919 operations; 3326.2 current ops/sec; est completion in 48 minutes [READ: Count=33252, Max=1023487, Min=0, Avg=18510.26, 90=32271, 99=327935, 99.9=659967, 99.99=1013247] [READ-MODIFY-WRITE: Count=16665, Max=1039359, Min=1, Avg=19548.14, 90=38111, 99=301823, 99.9=647679, 99.99=1017855] [UPDATE: Count=16664, Max=158847, Min=0, Avg=1300.42, 90=3995, 99=15799, 99.9=73215, 99.99=156799] [READ-FAILED: Count=9, Max=8139, Min=2308, Avg=3517.44, 90=4763, 99=8139, 99.9=8139, 99.99=8139] 
2020-09-10 11:57:36:144 190 sec: 612055 operations; 3213.6 current ops/sec; est completion in 48 minutes [READ: Count=32126, Max=1326079, Min=0, Avg=19317.88, 90=31695, 99=474879, 99.9=624127, 99.99=1287167] [READ-MODIFY-WRITE: Count=16169, Max=1317887, Min=2, Avg=20435.24, 90=36575, 99=452351, 99.9=659455, 99.99=1285119] [UPDATE: Count=16172, Max=201343, Min=0, Avg=1207.46, 90=3775, 99=14487, 99.9=53023, 99.99=144383] [READ-FAILED: Count=14, Max=8111, Min=1657, Avg=4213.57, 90=7351, 99=8111, 99.9=8111, 99.99=8111] 
2020-09-10 11:57:46:144 200 sec: 651187 operations; 3912.81 current ops/sec; est completion in 47 minutes [READ: Count=39122, Max=852479, Min=0, Avg=15775.19, 90=28495, 99=207487, 99.9=582655, 99.99=763391] [READ-MODIFY-WRITE: Count=19649, Max=856575, Min=2, Avg=16890.63, 90=33343, 99=216831, 99.9=594943, 99.99=792063] [UPDATE: Count=19644, Max=164991, Min=0, Avg=1155.78, 90=3877, 99=9815, 99.9=83647, 99.99=160255] [READ-FAILED: Count=7, Max=4315, Min=2448, Avg=3333.86, 90=4187, 99=4315, 99.9=4315, 99.99=4315] 
2020-09-10 11:57:56:144 210 sec: 690689 operations; 3950.6 current ops/sec; est completion in 47 minutes [READ: Count=39496, Max=1626111, Min=0, Avg=15637.84, 90=29599, 99=163071, 99.9=699903, 99.99=1023999] [READ-MODIFY-WRITE: Count=19663, Max=1630207, Min=2, Avg=16542.04, 90=34399, 99=165631, 99.9=645119, 99.99=1013247] [UPDATE: Count=19664, Max=491263, Min=0, Avg=1202.11, 90=3879, 99=12623, 99.9=47359, 99.99=173439] [READ-FAILED: Count=6, Max=4571, Min=2410, Avg=3110.17, 90=3107, 99=4571, 99.9=4571, 99.99=4571] 
2020-09-10 11:58:06:144 220 sec: 715542 operations; 2485.3 current ops/sec; est completion in 47 minutes [READ: Count=24851, Max=1267711, Min=0, Avg=24915.06, 90=41279, 99=525823, 99.9=744959, 99.99=1062911] [READ-MODIFY-WRITE: Count=12529, Max=1269759, Min=2, Avg=26516.3, 90=47199, 99=531455, 99.9=748031, 99.99=1190911] [UPDATE: Count=12524, Max=497407, Min=0, Avg=1521.89, 90=3719, 99=20079, 99.9=121919, 99.99=496383] [READ-FAILED: Count=2, Max=7431, Min=6188, Avg=6810, 90=7431, 99=7431, 99.9=7431, 99.99=7431] 
2020-09-10 11:58:16:144 230 sec: 751753 operations; 3621.1 current ops/sec; est completion in 47 minutes [READ: Count=36203, Max=1050623, Min=0, Avg=17057.83, 90=28671, 99=351231, 99.9=586751, 99.99=791039] [READ-MODIFY-WRITE: Count=17952, Max=1056767, Min=3, Avg=18263.65, 90=33823, 99=369919, 99.9=592383, 99.99=797695] [UPDATE: Count=17953, Max=515071, Min=0, Avg=1209.72, 90=3767, 99=13295, 99.9=38815, 99.99=497151] [READ-FAILED: Count=6, Max=9879, Min=1468, Avg=4307.83, 90=6159, 99=9879, 99.9=9879, 99.99=9879] 
2020-09-10 11:58:26:145 240 sec: 783154 operations; 3139.79 current ops/sec; est completion in 47 minutes [READ: Count=31401, Max=1063935, Min=0, Avg=19833.73, 90=31759, 99=473087, 99.9=596991, 99.99=988159] [READ-MODIFY-WRITE: Count=15823, Max=1050623, Min=3, Avg=20996.59, 90=36863, 99=471039, 99.9=600575, 99.99=1035263] [UPDATE: Count=15823, Max=418559, Min=0, Avg=1223.4, 90=3763, 99=12807, 99.9=65087, 99.99=191487] [READ-FAILED: Count=8, Max=11927, Min=1976, Avg=4115.5, 90=3669, 99=11927, 99.9=11927, 99.99=11927] 
2020-09-10 11:58:36:144 250 sec: 819101 operations; 3594.7 current ops/sec; est completion in 46 minutes [READ: Count=35931, Max=1006591, Min=0, Avg=16984.64, 90=30991, 99=279295, 99.9=608255, 99.99=927231] [READ-MODIFY-WRITE: Count=18066, Max=1011199, Min=2, Avg=17833.8, 90=35679, 99=270591, 99.9=598527, 99.99=801791] [UPDATE: Count=18065, Max=277247, Min=0, Avg=1079.93, 90=3707, 99=12127, 99.9=36127, 99.99=144639] [READ-FAILED: Count=8, Max=13127, Min=2774, Avg=5427.12, 90=10111, 99=13127, 99.9=13127, 99.99=13127] 
2020-09-10 11:58:46:144 260 sec: 850620 operations; 3152.22 current ops/sec; est completion in 46 minutes [READ: Count=31513, Max=837631, Min=0, Avg=19765.05, 90=32927, 99=482559, 99.9=639487, 99.99=776191] [READ-MODIFY-WRITE: Count=15752, Max=779263, Min=2, Avg=20395.79, 90=37343, 99=453887, 99.9=629759, 99.99=744447] [UPDATE: Count=15757, Max=154879, Min=0, Avg=1149.72, 90=3537, 99=13847, 99.9=63615, 99.99=152959] [READ-FAILED: Count=6, Max=12279, Min=2830, Avg=5521, 90=7027, 99=12279, 99.9=12279, 99.99=12279] 
2020-09-10 11:58:56:144 270 sec: 886884 operations; 3626.04 current ops/sec; est completion in 46 minutes [READ: Count=36256, Max=952319, Min=0, Avg=17025.51, 90=29455, 99=314623, 99.9=634879, 99.99=882687] [READ-MODIFY-WRITE: Count=18066, Max=954879, Min=1, Avg=18806.22, 90=34911, 99=376575, 99.9=639999, 99.99=928255] [UPDATE: Count=18065, Max=513791, Min=0, Avg=1216.54, 90=4063, 99=12087, 99.9=47967, 99.99=182527] [READ-FAILED: Count=7, Max=48255, Min=1718, Avg=11848.86, 90=24095, 99=48255, 99.9=48255, 99.99=48255] 
2020-09-10 11:59:06:144 280 sec: 921240 operations; 3435.94 current ops/sec; est completion in 46 minutes [READ: Count=34350, Max=980479, Min=0, Avg=18288.49, 90=32895, 99=364031, 99.9=634367, 99.99=863743] [READ-MODIFY-WRITE: Count=16910, Max=975359, Min=2, Avg=19646.87, 90=38175, 99=373759, 99.9=658431, 99.99=867839] [UPDATE: Count=16920, Max=167167, Min=0, Avg=1187.24, 90=3791, 99=13847, 99.9=49343, 99.99=160127] [READ-FAILED: Count=7, Max=9911, Min=2372, Avg=4937.86, 90=5355, 99=9911, 99.9=9911, 99.99=9911] 
2020-09-10 11:59:16:144 290 sec: 953287 operations; 3204.7 current ops/sec; est completion in 45 minutes [READ: Count=32049, Max=1067007, Min=0, Avg=19202.16, 90=31823, 99=454143, 99.9=600063, 99.99=1003007] [READ-MODIFY-WRITE: Count=15932, Max=1051647, Min=2, Avg=20176.76, 90=36479, 99=456191, 99.9=596991, 99.99=687103] [UPDATE: Count=15926, Max=511231, Min=0, Avg=1224.35, 90=3863, 99=14463, 99.9=46751, 99.99=163711] [READ-FAILED: Count=3, Max=14583, Min=2456, Avg=7362.33, 90=14583, 99=14583, 99.9=14583, 99.99=14583] 
2020-09-10 11:59:26:144 300 sec: 984651 operations; 3136.09 current ops/sec; est completion in 45 minutes [READ: Count=31352, Max=1039871, Min=0, Avg=19781.87, 90=34463, 99=447743, 99.9=958463, 99.99=1021439] [READ-MODIFY-WRITE: Count=15655, Max=1044991, Min=2, Avg=21237.85, 90=38911, 99=477439, 99.9=973311, 99.99=1042431] [UPDATE: Count=15647, Max=216191, Min=0, Avg=1237.2, 90=3673, 99=15423, 99.9=48511, 99.99=181631] [READ-FAILED: Count=9, Max=5591, Min=1669, Avg=3294.22, 90=3661, 99=5591, 99.9=5591, 99.99=5591] 
Maximum time elapsed. Requesting stop for the workload.
Stop requested for workload. Now Joining!
[36m11:59:26.504[m [[34;1mINFO[m] [1;34mp.u.t.s.y.Stats.clientFinished@38[m: 
Ended SconeKV benchmark.
Number of clients: 64
Total transactions: 217713
Committed: 158248 (72.686516%)
Aborted: 59465 (27.313482%)
2020-09-10 11:59:26:508 300 sec: 985067 operations; 1149.17 current ops/sec; est completion in 45 minutes [READ: Count=413, Max=804351, Min=1, Avg=43930.39, 90=100415, 99=545279, 99.9=804351, 99.99=804351] [READ-MODIFY-WRITE: Count=234, Max=807423, Min=3, Avg=54542.17, 90=238591, 99=558591, 99.9=807423, 99.99=807423] [CLEANUP: Count=64, Max=1704, Min=2, Avg=31.66, 90=7, 99=21, 99.9=1704, 99.99=1704] [UPDATE: Count=231, Max=5087, Min=0, Avg=983.94, 90=3041, 99=4959, 99.9=5087, 99.99=5087] [READ-FAILED: Count=0, Max=0, Min=9223372036854775807, Avg=NaN, 90=0, 99=0, 99.9=0, 99.99=0] 
[OVERALL], RunTime(ms), 300362
[OVERALL], Throughput(ops/sec), 3279.599283531206
[TOTAL_GCS_G1_Young_Generation], Count, 131
[TOTAL_GC_TIME_G1_Young_Generation], Time(ms), 1482
[TOTAL_GC_TIME_%_G1_Young_Generation], Time(%), 0.49340462508572985
[TOTAL_GCS_G1_Old_Generation], Count, 0
[TOTAL_GC_TIME_G1_Old_Generation], Time(ms), 0
[TOTAL_GC_TIME_%_G1_Old_Generation], Time(%), 0.0
[TOTAL_GCs], Count, 131
[TOTAL_GC_TIME], Time(ms), 1482
[TOTAL_GC_TIME_%], Time(%), 0.49340462508572985
[READ], Operations, 984840
[READ], AverageLatency(us), 18673.894148288047
[READ], MinLatency(us), 0
[READ], MaxLatency(us), 15056895
[READ], 95thPercentileLatency(us), 52351
[READ], 99thPercentileLatency(us), 398079
[READ], Return=OK, 984840
[READ], Return=NOT_FOUND, 227
[READ-MODIFY-WRITE], Operations, 493168
[READ-MODIFY-WRITE], AverageLatency(us), 19953.958081221816
[READ-MODIFY-WRITE], MinLatency(us), 1
[READ-MODIFY-WRITE], MaxLatency(us), 15056895
[READ-MODIFY-WRITE], 95thPercentileLatency(us), 59103
[READ-MODIFY-WRITE], 99thPercentileLatency(us), 407807
[CLEANUP], Operations, 64
[CLEANUP], AverageLatency(us), 31.65625
[CLEANUP], MinLatency(us), 2
[CLEANUP], MaxLatency(us), 1704
[CLEANUP], 95thPercentileLatency(us), 13
[CLEANUP], 99thPercentileLatency(us), 21
[UPDATE], Operations, 493168
[UPDATE], AverageLatency(us), 1232.440450313078
[UPDATE], MinLatency(us), 0
[UPDATE], MaxLatency(us), 525311
[UPDATE], 95thPercentileLatency(us), 5531
[UPDATE], 99thPercentileLatency(us), 14703
[UPDATE], Return=OK, 493168
[READ-FAILED], Operations, 227
[READ-FAILED], AverageLatency(us), 5153.185022026431
[READ-FAILED], MinLatency(us), 1468
[READ-FAILED], MaxLatency(us), 82367
[READ-FAILED], 95thPercentileLatency(us), 12511
[READ-FAILED], 99thPercentileLatency(us), 40479
