Command line: -t -db pt.ulisboa.tecnico.sconekv.ycsb.SconeKVClient -P workloadf -threads 256 -s -p scone.tx_size=5 -p operationcount=10000000 -p maxexecutiontime=300
YCSB Client 0.17.0

Loading workload...
Starting test.
WARNING: sun.reflect.Reflection.getCallerClass is not supported. This will impact performance.
2020-09-10 11:28:09:515 0 sec: 0 operations; est completion in 0 second 
Maximum execution time specified as: 300 secs
DBWrapper: report latency for each error is false and specific error codes to track for latency are: []
DBWrapper: report latency for each error is false and specific error codes to track for latency are: []
DBWrapper: report latency for each error is false and specific error codes to track for latency are: []
DBWrapper: report latency for each error is false and specific error codes to track for latency are: []
DBWrapper: report latency for each error is false and specific error codes to track for latency are: []
DBWrapper: report latency for each error is false and specific error codes to track for latency are: []
DBWrapper: report latency for each error is false and specific error codes to track for latency are: []
DBWrapper: report latency for each error is false and specific error codes to track for latency are: []
DBWrapper: report latency for each error is false and specific error codes to track for latency are: []
DBWrapper: report latency for each error is false and specific error codes to track for latency are: []
DBWrapper: report latency for each error is false and specific error codes to track for latency are: []
DBWrapper: report latency for each error is false and specific error codes to track for latency are: []
DBWrapper: report latency for each error is false and specific error codes to track for latency are: []
DBWrapper: report latency for each error is false and specific error codes to track for latency are: []
DBWrapper: report latency for each error is false and specific error codes to track for latency are: []
DBWrapper: report latency for each error is false and specific error codes to track for latency are: []
DBWrapper: report latency for each error is false and specific error codes to track for latency are: []
DBWrapper: report latency for each error is false and specific error codes to track for latency are: []
DBWrapper: report latency for each error is false and specific error codes to track for latency are: []
DBWrapper: report latency for each error is false and specific error codes to track for latency are: []
DBWrapper: report latency for each error is false and specific error codes to track for latency are: []
DBWrapper: report latency for each error is false and specific error codes to track for latency are: []
DBWrapper: report latency for each error is false and specific error codes to track for latency are: []
DBWrapper: report latency for each error is false and specific error codes to track for latency are: []
DBWrapper: report latency for each error is false and specific error codes to track for latency are: []
DBWrapper: report latency for each error is false and specific error codes to track for latency are: []
DBWrapper: report latency for each error is false and specific error codes to track for latency are: []
DBWrapper: report latency for each error is false and specific error codes to track for latency are: []
DBWrapper: report latency for each error is false and specific error codes to track for latency are: []
DBWrapper: report latency for each error is false and specific error codes to track for latency are: []
DBWrapper: report latency for each error is false and specific error codes to track for latency are: []
DBWrapper: report latency for each error is false and specific error codes to track for latency are: []
DBWrapper: report latency for each error is false and specific error codes to track for latency are: []
DBWrapper: report latency for each error is false and specific error codes to track for latency are: []
DBWrapper: report latency for each error is false and specific error codes to track for latency are: []
DBWrapper: report latency for each error is false and specific error codes to track for latency are: []
DBWrapper: report latency for each error is false and specific error codes to track for latency are: []
DBWrapper: report latency for each error is false and specific error codes to track for latency are: []
DBWrapper: report latency for each error is false and specific error codes to track for latency are: []
DBWrapper: report latency for each error is false and specific error codes to track for latency are: []
DBWrapper: report latency for each error is false and specific error codes to track for latency are: []
DBWrapper: report latency for each error is false and specific error codes to track for latency are: []
DBWrapper: report latency for each error is false and specific error codes to track for latency are: []
DBWrapper: report latency for each error is false and specific error codes to track for latency are: []
DBWrapper: report latency for each error is false and specific error codes to track for latency are: []
DBWrapper: report latency for each error is false and specific error codes to track for latency are: []
DBWrapper: report latency for each error is false and specific error codes to track for latency are: []
DBWrapper: report latency for each error is false and specific error codes to track for latency are: []
DBWrapper: report latency for each error is false and specific error codes to track for latency are: []
DBWrapper: report latency for each error is false and specific error codes to track for latency are: []
DBWrapper: report latency for each error is false and specific error codes to track for latency are: []
DBWrapper: report latency for each error is false and specific error codes to track for latency are: []
DBWrapper: report latency for each error is false and specific error codes to track for latency are: []
DBWrapper: report latency for each error is false and specific error codes to track for latency are: []
DBWrapper: report latency for each error is false and specific error codes to track for latency are: []
DBWrapper: report latency for each error is false and specific error codes to track for latency are: []
DBWrapper: report latency for each error is false and specific error codes to track for latency are: []
DBWrapper: report latency for each error is false and specific error codes to track for latency are: []
DBWrapper: report latency for each error is false and specific error codes to track for latency are: []
DBWrapper: report latency for each error is false and specific error codes to track for latency are: []
DBWrapper: report latency for each error is false and specific error codes to track for latency are: []
DBWrapper: report latency for each error is false and specific error codes to track for latency are: []
DBWrapper: report latency for each error is false and specific error codes to track for latency are: []
DBWrapper: report latency for each error is false and specific error codes to track for latency are: []
DBWrapper: report latency for each error is false and specific error codes to track for latency are: []
DBWrapper: report latency for each error is false and specific error codes to track for latency are: []
DBWrapper: report latency for each error is false and specific error codes to track for latency are: []
DBWrapper: report latency for each error is false and specific error codes to track for latency are: []
DBWrapper: report latency for each error is false and specific error codes to track for latency are: []
DBWrapper: report latency for each error is false and specific error codes to track for latency are: []
DBWrapper: report latency for each error is false and specific error codes to track for latency are: []
DBWrapper: report latency for each error is false and specific error codes to track for latency are: []
DBWrapper: report latency for each error is false and specific error codes to track for latency are: []
DBWrapper: report latency for each error is false and specific error codes to track for latency are: []
DBWrapper: report latency for each error is false and specific error codes to track for latency are: []
DBWrapper: report latency for each error is false and specific error codes to track for latency are: []
DBWrapper: report latency for each error is false and specific error codes to track for latency are: []
DBWrapper: report latency for each error is false and specific error codes to track for latency are: []
DBWrapper: report latency for each error is false and specific error codes to track for latency are: []
DBWrapper: report latency for each error is false and specific error codes to track for latency are: []
DBWrapper: report latency for each error is false and specific error codes to track for latency are: []
DBWrapper: report latency for each error is false and specific error codes to track for latency are: []
DBWrapper: report latency for each error is false and specific error codes to track for latency are: []
DBWrapper: report latency for each error is false and specific error codes to track for latency are: []
DBWrapper: report latency for each error is false and specific error codes to track for latency are: []
DBWrapper: report latency for each error is false and specific error codes to track for latency are: []
DBWrapper: report latency for each error is false and specific error codes to track for latency are: []
DBWrapper: report latency for each error is false and specific error codes to track for latency are: []
DBWrapper: report latency for each error is false and specific error codes to track for latency are: []
DBWrapper: report latency for each error is false and specific error codes to track for latency are: []
DBWrapper: report latency for each error is false and specific error codes to track for latency are: []
DBWrapper: report latency for each error is false and specific error codes to track for latency are: []
DBWrapper: report latency for each error is false and specific error codes to track for latency are: []
DBWrapper: report latency for each error is false and specific error codes to track for latency are: []
DBWrapper: report latency for each error is false and specific error codes to track for latency are: []
DBWrapper: report latency for each error is false and specific error codes to track for latency are: []
DBWrapper: report latency for each error is false and specific error codes to track for latency are: []
DBWrapper: report latency for each error is false and specific error codes to track for latency are: []
DBWrapper: report latency for each error is false and specific error codes to track for latency are: []
DBWrapper: report latency for each error is false and specific error codes to track for latency are: []
DBWrapper: report latency for each error is false and specific error codes to track for latency are: []
DBWrapper: report latency for each error is false and specific error codes to track for latency are: []
DBWrapper: report latency for each error is false and specific error codes to track for latency are: []
DBWrapper: report latency for each error is false and specific error codes to track for latency are: []
DBWrapper: report latency for each error is false and specific error codes to track for latency are: []
DBWrapper: report latency for each error is false and specific error codes to track for latency are: []
DBWrapper: report latency for each error is false and specific error codes to track for latency are: []
DBWrapper: report latency for each error is false and specific error codes to track for latency are: []
DBWrapper: report latency for each error is false and specific error codes to track for latency are: []
DBWrapper: report latency for each error is false and specific error codes to track for latency are: []
DBWrapper: report latency for each error is false and specific error codes to track for latency are: []
DBWrapper: report latency for each error is false and specific error codes to track for latency are: []
DBWrapper: report latency for each error is false and specific error codes to track for latency are: []
DBWrapper: report latency for each error is false and specific error codes to track for latency are: []
DBWrapper: report latency for each error is false and specific error codes to track for latency are: []
DBWrapper: report latency for each error is false and specific error codes to track for latency are: []
DBWrapper: report latency for each error is false and specific error codes to track for latency are: []
DBWrapper: report latency for each error is false and specific error codes to track for latency are: []
DBWrapper: report latency for each error is false and specific error codes to track for latency are: []
DBWrapper: report latency for each error is false and specific error codes to track for latency are: []
DBWrapper: report latency for each error is false and specific error codes to track for latency are: []
DBWrapper: report latency for each error is false and specific error codes to track for latency are: []
DBWrapper: report latency for each error is false and specific error codes to track for latency are: []
DBWrapper: report latency for each error is false and specific error codes to track for latency are: []
DBWrapper: report latency for each error is false and specific error codes to track for latency are: []
DBWrapper: report latency for each error is false and specific error codes to track for latency are: []
DBWrapper: report latency for each error is false and specific error codes to track for latency are: []
DBWrapper: report latency for each error is false and specific error codes to track for latency are: []
DBWrapper: report latency for each error is false and specific error codes to track for latency are: []
DBWrapper: report latency for each error is false and specific error codes to track for latency are: []
DBWrapper: report latency for each error is false and specific error codes to track for latency are: []
DBWrapper: report latency for each error is false and specific error codes to track for latency are: []
DBWrapper: report latency for each error is false and specific error codes to track for latency are: []
DBWrapper: report latency for each error is false and specific error codes to track for latency are: []
DBWrapper: report latency for each error is false and specific error codes to track for latency are: []
DBWrapper: report latency for each error is false and specific error codes to track for latency are: []
DBWrapper: report latency for each error is false and specific error codes to track for latency are: []
DBWrapper: report latency for each error is false and specific error codes to track for latency are: []
DBWrapper: report latency for each error is false and specific error codes to track for latency are: []
DBWrapper: report latency for each error is false and specific error codes to track for latency are: []
DBWrapper: report latency for each error is false and specific error codes to track for latency are: []
DBWrapper: report latency for each error is false and specific error codes to track for latency are: []
DBWrapper: report latency for each error is false and specific error codes to track for latency are: []
DBWrapper: report latency for each error is false and specific error codes to track for latency are: []
DBWrapper: report latency for each error is false and specific error codes to track for latency are: []
DBWrapper: report latency for each error is false and specific error codes to track for latency are: []
DBWrapper: report latency for each error is false and specific error codes to track for latency are: []
DBWrapper: report latency for each error is false and specific error codes to track for latency are: []
DBWrapper: report latency for each error is false and specific error codes to track for latency are: []
DBWrapper: report latency for each error is false and specific error codes to track for latency are: []
DBWrapper: report latency for each error is false and specific error codes to track for latency are: []
DBWrapper: report latency for each error is false and specific error codes to track for latency are: []
DBWrapper: report latency for each error is false and specific error codes to track for latency are: []
DBWrapper: report latency for each error is false and specific error codes to track for latency are: []
DBWrapper: report latency for each error is false and specific error codes to track for latency are: []
DBWrapper: report latency for each error is false and specific error codes to track for latency are: []
DBWrapper: report latency for each error is false and specific error codes to track for latency are: []
DBWrapper: report latency for each error is false and specific error codes to track for latency are: []
DBWrapper: report latency for each error is false and specific error codes to track for latency are: []
DBWrapper: report latency for each error is false and specific error codes to track for latency are: []
DBWrapper: report latency for each error is false and specific error codes to track for latency are: []
DBWrapper: report latency for each error is false and specific error codes to track for latency are: []
DBWrapper: report latency for each error is false and specific error codes to track for latency are: []
DBWrapper: report latency for each error is false and specific error codes to track for latency are: []
DBWrapper: report latency for each error is false and specific error codes to track for latency are: []
DBWrapper: report latency for each error is false and specific error codes to track for latency are: []
DBWrapper: report latency for each error is false and specific error codes to track for latency are: []
DBWrapper: report latency for each error is false and specific error codes to track for latency are: []
DBWrapper: report latency for each error is false and specific error codes to track for latency are: []
DBWrapper: report latency for each error is false and specific error codes to track for latency are: []
DBWrapper: report latency for each error is false and specific error codes to track for latency are: []
DBWrapper: report latency for each error is false and specific error codes to track for latency are: []
DBWrapper: report latency for each error is false and specific error codes to track for latency are: []
DBWrapper: report latency for each error is false and specific error codes to track for latency are: []
DBWrapper: report latency for each error is false and specific error codes to track for latency are: []
DBWrapper: report latency for each error is false and specific error codes to track for latency are: []
DBWrapper: report latency for each error is false and specific error codes to track for latency are: []
DBWrapper: report latency for each error is false and specific error codes to track for latency are: []
DBWrapper: report latency for each error is false and specific error codes to track for latency are: []
DBWrapper: report latency for each error is false and specific error codes to track for latency are: []
DBWrapper: report latency for each error is false and specific error codes to track for latency are: []
DBWrapper: report latency for each error is false and specific error codes to track for latency are: []
DBWrapper: report latency for each error is false and specific error codes to track for latency are: []
DBWrapper: report latency for each error is false and specific error codes to track for latency are: []
DBWrapper: report latency for each error is false and specific error codes to track for latency are: []
DBWrapper: report latency for each error is false and specific error codes to track for latency are: []
DBWrapper: report latency for each error is false and specific error codes to track for latency are: []
DBWrapper: report latency for each error is false and specific error codes to track for latency are: []
DBWrapper: report latency for each error is false and specific error codes to track for latency are: []
DBWrapper: report latency for each error is false and specific error codes to track for latency are: []
DBWrapper: report latency for each error is false and specific error codes to track for latency are: []
DBWrapper: report latency for each error is false and specific error codes to track for latency are: []
DBWrapper: report latency for each error is false and specific error codes to track for latency are: []
DBWrapper: report latency for each error is false and specific error codes to track for latency are: []
DBWrapper: report latency for each error is false and specific error codes to track for latency are: []
DBWrapper: report latency for each error is false and specific error codes to track for latency are: []
DBWrapper: report latency for each error is false and specific error codes to track for latency are: []
DBWrapper: report latency for each error is false and specific error codes to track for latency are: []
DBWrapper: report latency for each error is false and specific error codes to track for latency are: []
DBWrapper: report latency for each error is false and specific error codes to track for latency are: []
DBWrapper: report latency for each error is false and specific error codes to track for latency are: []
2020-09-10 11:28:19:601 10 sec: 2943 operations; 292.31 current ops/sec; est completion in 9 hours 30 minutes [READ: Count=3076, Max=2301951, Min=3, Avg=154431.79, 90=436479, 99=1191935, 99.9=1827839, 99.99=2301951] [READ-MODIFY-WRITE: Count=1550, Max=1953791, Min=11, Avg=167991.41, 90=492543, 99=1172479, 99.9=1770495, 99.99=1953791] [UPDATE: Count=1568, Max=1139711, Min=2, Avg=14875.39, 90=34719, 99=306687, 99.9=542719, 99.99=1139711] [READ-FAILED: Count=4, Max=236671, Min=40384, Avg=110072, 90=236671, 99=236671, 99.9=236671, 99.99=236671] 
DBWrapper: report latency for each error is false and specific error codes to track for latency are: []
DBWrapper: report latency for each error is false and specific error codes to track for latency are: []
DBWrapper: report latency for each error is false and specific error codes to track for latency are: []
DBWrapper: report latency for each error is false and specific error codes to track for latency are: []
DBWrapper: report latency for each error is false and specific error codes to track for latency are: []
DBWrapper: report latency for each error is false and specific error codes to track for latency are: []
DBWrapper: report latency for each error is false and specific error codes to track for latency are: []
DBWrapper: report latency for each error is false and specific error codes to track for latency are: []
DBWrapper: report latency for each error is false and specific error codes to track for latency are: []
DBWrapper: report latency for each error is false and specific error codes to track for latency are: []
DBWrapper: report latency for each error is false and specific error codes to track for latency are: []
DBWrapper: report latency for each error is false and specific error codes to track for latency are: []
DBWrapper: report latency for each error is false and specific error codes to track for latency are: []
DBWrapper: report latency for each error is false and specific error codes to track for latency are: []
DBWrapper: report latency for each error is false and specific error codes to track for latency are: []
DBWrapper: report latency for each error is false and specific error codes to track for latency are: []
DBWrapper: report latency for each error is false and specific error codes to track for latency are: []
DBWrapper: report latency for each error is false and specific error codes to track for latency are: []
DBWrapper: report latency for each error is false and specific error codes to track for latency are: []
DBWrapper: report latency for each error is false and specific error codes to track for latency are: []
DBWrapper: report latency for each error is false and specific error codes to track for latency are: []
DBWrapper: report latency for each error is false and specific error codes to track for latency are: []
DBWrapper: report latency for each error is false and specific error codes to track for latency are: []
DBWrapper: report latency for each error is false and specific error codes to track for latency are: []
DBWrapper: report latency for each error is false and specific error codes to track for latency are: []
DBWrapper: report latency for each error is false and specific error codes to track for latency are: []
DBWrapper: report latency for each error is false and specific error codes to track for latency are: []
DBWrapper: report latency for each error is false and specific error codes to track for latency are: []
DBWrapper: report latency for each error is false and specific error codes to track for latency are: []
DBWrapper: report latency for each error is false and specific error codes to track for latency are: []
DBWrapper: report latency for each error is false and specific error codes to track for latency are: []
DBWrapper: report latency for each error is false and specific error codes to track for latency are: []
DBWrapper: report latency for each error is false and specific error codes to track for latency are: []
DBWrapper: report latency for each error is false and specific error codes to track for latency are: []
DBWrapper: report latency for each error is false and specific error codes to track for latency are: []
DBWrapper: report latency for each error is false and specific error codes to track for latency are: []
DBWrapper: report latency for each error is false and specific error codes to track for latency are: []
DBWrapper: report latency for each error is false and specific error codes to track for latency are: []
DBWrapper: report latency for each error is false and specific error codes to track for latency are: []
DBWrapper: report latency for each error is false and specific error codes to track for latency are: []
DBWrapper: report latency for each error is false and specific error codes to track for latency are: []
DBWrapper: report latency for each error is false and specific error codes to track for latency are: []
DBWrapper: report latency for each error is false and specific error codes to track for latency are: []
DBWrapper: report latency for each error is false and specific error codes to track for latency are: []
2020-09-10 11:28:29:533 20 sec: 17893 operations; 1505.08 current ops/sec; est completion in 3 hours 5 minutes [READ: Count=14799, Max=1821695, Min=1, Avg=127892.68, 90=372479, 99=871935, 99.9=1320959, 99.99=1608703] [READ-MODIFY-WRITE: Count=7389, Max=3313663, Min=5, Avg=153089.46, 90=450559, 99=1133567, 99.9=2166783, 99.99=3168255] [UPDATE: Count=7372, Max=687103, Min=1, Avg=15355.17, 90=18255, 99=290815, 99.9=498431, 99.99=680959] [READ-FAILED: Count=16, Max=334335, Min=3682, Avg=63405.81, 90=160383, 99=334335, 99.9=334335, 99.99=334335] 
DBWrapper: report latency for each error is false and specific error codes to track for latency are: []
DBWrapper: report latency for each error is false and specific error codes to track for latency are: []
DBWrapper: report latency for each error is false and specific error codes to track for latency are: []
DBWrapper: report latency for each error is false and specific error codes to track for latency are: []
DBWrapper: report latency for each error is false and specific error codes to track for latency are: []
DBWrapper: report latency for each error is false and specific error codes to track for latency are: []
DBWrapper: report latency for each error is false and specific error codes to track for latency are: []
DBWrapper: report latency for each error is false and specific error codes to track for latency are: []
DBWrapper: report latency for each error is false and specific error codes to track for latency are: []
DBWrapper: report latency for each error is false and specific error codes to track for latency are: []
DBWrapper: report latency for each error is false and specific error codes to track for latency are: []
2020-09-10 11:28:39:514 30 sec: 55395 operations; 3750.2 current ops/sec; est completion in 1 hour 29 minutes [READ: Count=37519, Max=2010111, Min=0, Avg=66400.55, 90=139263, 99=654335, 99.9=1430527, 99.99=1795071] [READ-MODIFY-WRITE: Count=18952, Max=1901567, Min=3, Avg=73106.93, 90=168703, 99=691711, 99.9=1488895, 99.99=1850367] [UPDATE: Count=18975, Max=360447, Min=1, Avg=6008.49, 90=20511, 99=79423, 99.9=233983, 99.99=347391] [READ-FAILED: Count=35, Max=201343, Min=3776, Avg=29042.83, 90=51743, 99=201343, 99.9=201343, 99.99=201343] 
2020-09-10 11:28:49:515 40 sec: 106376 operations; 5098.1 current ops/sec; est completion in 1 hour 2 minutes [READ: Count=50891, Max=1733631, Min=0, Avg=48712.76, 90=95295, 99=675327, 99.9=1286143, 99.99=1514495] [READ-MODIFY-WRITE: Count=25625, Max=1686527, Min=2, Avg=50674.58, 90=106047, 99=663551, 99.9=1282047, 99.99=1475583] [UPDATE: Count=25619, Max=556543, Min=0, Avg=2167.64, 90=6991, 99=29311, 99.9=70655, 99.99=174591] [READ-FAILED: Count=55, Max=55359, Min=1967, Avg=10637.56, 90=21407, 99=49439, 99.9=55359, 99.99=55359] 
2020-09-10 11:28:59:515 50 sec: 155047 operations; 4867.1 current ops/sec; est completion in 52 minutes [READ: Count=48615, Max=2097151, Min=0, Avg=51704.66, 90=92799, 99=852479, 99.9=1666047, 99.99=1970175] [READ-MODIFY-WRITE: Count=24450, Max=2032639, Min=2, Avg=54331.48, 90=103935, 99=866303, 99.9=1775615, 99.99=2009087] [UPDATE: Count=24490, Max=171647, Min=1, Avg=2047.9, 90=6499, 99=26895, 99.9=68287, 99.99=125823] [READ-FAILED: Count=48, Max=72639, Min=1767, Avg=8910.31, 90=20607, 99=72639, 99.9=72639, 99.99=72639] 
2020-09-10 11:29:09:514 60 sec: 210047 operations; 5500 current ops/sec; est completion in 46 minutes [READ: Count=54942, Max=1931263, Min=0, Avg=45885.24, 90=88511, 99=652287, 99.9=1510399, 99.99=1873919] [READ-MODIFY-WRITE: Count=27710, Max=1941503, Min=2, Avg=46788.3, 90=98687, 99=631807, 99.9=1473535, 99.99=1868799] [UPDATE: Count=27686, Max=545279, Min=1, Avg=2180.84, 90=7195, 99=28847, 99.9=74047, 99.99=112063] [READ-FAILED: Count=62, Max=28463, Min=1952, Avg=7785.66, 90=16543, 99=22623, 99.9=28463, 99.99=28463] 
2020-09-10 11:29:19:514 70 sec: 264586 operations; 5453.9 current ops/sec; est completion in 42 minutes [READ: Count=54494, Max=2236415, Min=0, Avg=45697.33, 90=88895, 99=636927, 99.9=1231871, 99.99=1784831] [READ-MODIFY-WRITE: Count=27420, Max=1945599, Min=3, Avg=48525.99, 90=101631, 99=654847, 99.9=1255423, 99.99=1682431] [UPDATE: Count=27417, Max=479487, Min=1, Avg=2235.91, 90=6991, 99=30143, 99.9=84351, 99.99=129279] [READ-FAILED: Count=43, Max=39935, Min=2230, Avg=9054.19, 90=21087, 99=39935, 99.9=39935, 99.99=39935] 
2020-09-10 11:29:29:514 80 sec: 313610 operations; 4902.4 current ops/sec; est completion in 41 minutes [READ: Count=48967, Max=2037759, Min=0, Avg=47162.22, 90=85119, 99=686591, 99.9=1606655, 99.99=1882111] [READ-MODIFY-WRITE: Count=24526, Max=2053119, Min=2, Avg=50073.83, 90=97599, 99=714751, 99.9=1603583, 99.99=1815551] [UPDATE: Count=24496, Max=135807, Min=0, Avg=2029.13, 90=6707, 99=25567, 99.9=91711, 99.99=124543] [READ-FAILED: Count=46, Max=14159, Min=1929, Avg=5362.52, 90=9111, 99=14159, 99.9=14159, 99.99=14159] 
2020-09-10 11:29:39:515 90 sec: 361097 operations; 4748.7 current ops/sec; est completion in 40 minutes [READ: Count=47443, Max=3629055, Min=0, Avg=56150.06, 90=87551, 99=1012735, 99.9=2002943, 99.99=2275327] [READ-MODIFY-WRITE: Count=23651, Max=2367487, Min=2, Avg=57628.76, 90=96319, 99=1010687, 99.9=2016255, 99.99=2256895] [UPDATE: Count=23664, Max=1251327, Min=0, Avg=1974.81, 90=6207, 99=26303, 99.9=71167, 99.99=229631] [READ-FAILED: Count=45, Max=15847, Min=2154, Avg=6540, 90=10183, 99=15847, 99.9=15847, 99.99=15847] 
2020-09-10 11:29:49:514 100 sec: 410537 operations; 4944 current ops/sec; est completion in 38 minutes [READ: Count=49412, Max=2631679, Min=0, Avg=51052.14, 90=84607, 99=877055, 99.9=1899519, 99.99=2535423] [READ-MODIFY-WRITE: Count=24832, Max=2586623, Min=2, Avg=53622, 90=95167, 99=894975, 99.9=1999871, 99.99=2551807] [UPDATE: Count=24848, Max=136703, Min=0, Avg=2248.89, 90=7083, 99=32415, 99.9=84159, 99.99=117055] [READ-FAILED: Count=42, Max=39295, Min=2234, Avg=9074.69, 90=17631, 99=39295, 99.9=39295, 99.99=39295] 
2020-09-10 11:29:59:515 110 sec: 459933 operations; 4939.6 current ops/sec; est completion in 38 minutes [READ: Count=49352, Max=2199551, Min=0, Avg=48734.62, 90=80639, 99=774143, 99.9=1839103, 99.99=2109439] [READ-MODIFY-WRITE: Count=24629, Max=2168831, Min=3, Avg=49462.29, 90=90047, 99=729087, 99.9=1770495, 99.99=2071551] [UPDATE: Count=24604, Max=571391, Min=1, Avg=2011.43, 90=6299, 99=27951, 99.9=79551, 99.99=131711] [READ-FAILED: Count=32, Max=24655, Min=1987, Avg=7929.72, 90=16431, 99=24655, 99.9=24655, 99.99=24655] 
2020-09-10 11:30:09:514 120 sec: 512091 operations; 5215.8 current ops/sec; est completion in 37 minutes [READ: Count=52130, Max=2588671, Min=0, Avg=50524.71, 90=82815, 99=822271, 99.9=2224127, 99.99=2502655] [READ-MODIFY-WRITE: Count=26225, Max=2549759, Min=2, Avg=52212.1, 90=92031, 99=813055, 99.9=2308095, 99.99=2482175] [UPDATE: Count=26281, Max=578559, Min=1, Avg=2133.99, 90=6903, 99=27231, 99.9=81535, 99.99=224255] [READ-FAILED: Count=48, Max=46271, Min=1874, Avg=10234.54, 90=18111, 99=46271, 99.9=46271, 99.99=46271] 
2020-09-10 11:30:19:515 130 sec: 560060 operations; 4796.9 current ops/sec; est completion in 36 minutes [READ: Count=47932, Max=3731455, Min=0, Avg=52473.53, 90=82815, 99=911359, 99.9=2022399, 99.99=2344959] [READ-MODIFY-WRITE: Count=24055, Max=2383871, Min=2, Avg=55147.48, 90=94399, 99=934399, 99.9=2069503, 99.99=2334719] [UPDATE: Count=24020, Max=951295, Min=0, Avg=2256.35, 90=6179, 99=29679, 99.9=129471, 99.99=496895] [READ-FAILED: Count=32, Max=17391, Min=2092, Avg=6592.44, 90=11415, 99=17391, 99.9=17391, 99.99=17391] 
2020-09-10 11:30:29:514 140 sec: 615580 operations; 5552 current ops/sec; est completion in 35 minutes [READ: Count=55450, Max=2271231, Min=0, Avg=43276.34, 90=82751, 99=607231, 99.9=1384447, 99.99=1963007] [READ-MODIFY-WRITE: Count=27704, Max=2082815, Min=2, Avg=45480.98, 90=92223, 99=632831, 99.9=1412095, 99.99=1997823] [UPDATE: Count=27690, Max=932863, Min=0, Avg=2151.82, 90=6803, 99=27167, 99.9=80767, 99.99=155263] [READ-FAILED: Count=51, Max=92543, Min=2144, Avg=12390.55, 90=23743, 99=75519, 99.9=92543, 99.99=92543] 
2020-09-10 11:30:39:514 150 sec: 670420 operations; 5484 current ops/sec; est completion in 34 minutes [READ: Count=54817, Max=1893375, Min=0, Avg=46678.13, 90=86655, 99=679423, 99.9=1422335, 99.99=1841151] [READ-MODIFY-WRITE: Count=27567, Max=1903615, Min=1, Avg=48408.54, 90=95679, 99=692223, 99.9=1421311, 99.99=1847295] [UPDATE: Count=27566, Max=513279, Min=0, Avg=2407.91, 90=7299, 99=30559, 99.9=102399, 99.99=497663] [READ-FAILED: Count=48, Max=28207, Min=1849, Avg=6552.6, 90=11303, 99=28207, 99.9=28207, 99.99=28207] 
2020-09-10 11:30:49:514 160 sec: 723044 operations; 5262.4 current ops/sec; est completion in 34 minutes [READ: Count=52559, Max=2072575, Min=0, Avg=47775.44, 90=92543, 99=734207, 99.9=1466367, 99.99=1980415] [READ-MODIFY-WRITE: Count=26315, Max=2066431, Min=2, Avg=49704.32, 90=102783, 99=750079, 99.9=1412095, 99.99=1943551] [UPDATE: Count=26333, Max=1166335, Min=0, Avg=2198.22, 90=6835, 99=28479, 99.9=97599, 99.99=140543] [READ-FAILED: Count=53, Max=59487, Min=1812, Avg=9829.15, 90=23087, 99=36863, 99.9=59487, 99.99=59487] 
2020-09-10 11:30:59:515 170 sec: 775868 operations; 5282.4 current ops/sec; est completion in 33 minutes [READ: Count=52768, Max=2172927, Min=0, Avg=46533.33, 90=83711, 99=688639, 99.9=1469439, 99.99=1948671] [READ-MODIFY-WRITE: Count=26257, Max=2177023, Min=3, Avg=48772.39, 90=95487, 99=683519, 99.9=1458175, 99.99=2073599] [UPDATE: Count=26246, Max=217599, Min=1, Avg=2131.52, 90=6811, 99=27343, 99.9=89855, 99.99=165375] [READ-FAILED: Count=53, Max=37759, Min=2206, Avg=8810.81, 90=20143, 99=37343, 99.9=37759, 99.99=37759] 
2020-09-10 11:31:09:514 180 sec: 828586 operations; 5271.8 current ops/sec; est completion in 33 minutes [READ: Count=52686, Max=2271231, Min=0, Avg=48390.19, 90=91391, 99=751103, 99.9=1735679, 99.99=2232319] [READ-MODIFY-WRITE: Count=26446, Max=2263039, Min=2, Avg=51444.15, 90=102015, 99=797695, 99.9=1743871, 99.99=2121727] [UPDATE: Count=26433, Max=1424383, Min=0, Avg=2347.96, 90=6927, 99=31919, 99.9=106111, 99.99=170623] [READ-FAILED: Count=26, Max=37023, Min=2206, Avg=10403.5, 90=16527, 99=37023, 99.9=37023, 99.99=37023] 
2020-09-10 11:31:19:515 190 sec: 874232 operations; 4564.6 current ops/sec; est completion in 33 minutes [READ: Count=45609, Max=2332671, Min=0, Avg=49650.58, 90=93567, 99=689663, 99.9=1916927, 99.99=2246655] [READ-MODIFY-WRITE: Count=22695, Max=2312191, Min=2, Avg=52626.71, 90=107263, 99=710143, 99.9=1897471, 99.99=2224127] [UPDATE: Count=22699, Max=149503, Min=0, Avg=2076.57, 90=6831, 99=27455, 99.9=76031, 99.99=127807] [READ-FAILED: Count=37, Max=30351, Min=1969, Avg=8259.65, 90=14351, 99=30351, 99.9=30351, 99.99=30351] 
2020-09-10 11:31:29:514 200 sec: 922922 operations; 4869 current ops/sec; est completion in 32 minutes [READ: Count=48648, Max=2680831, Min=0, Avg=56983.74, 90=90303, 99=1011711, 99.9=2318335, 99.99=2578431] [READ-MODIFY-WRITE: Count=24362, Max=2689023, Min=2, Avg=58426.8, 90=99519, 99=1004031, 99.9=2361343, 99.99=2670591] [UPDATE: Count=24365, Max=301311, Min=0, Avg=2132.83, 90=6567, 99=31423, 99.9=85567, 99.99=131583] [READ-FAILED: Count=47, Max=63935, Min=1809, Avg=11815.91, 90=23039, 99=63935, 99.9=63935, 99.99=63935] 
2020-09-10 11:31:39:514 210 sec: 968672 operations; 4575 current ops/sec; est completion in 32 minutes [READ: Count=45726, Max=2736127, Min=0, Avg=54488.25, 90=94143, 99=823295, 99.9=1940479, 99.99=2414591] [READ-MODIFY-WRITE: Count=22973, Max=2498559, Min=2, Avg=56600.26, 90=103039, 99=845823, 99.9=1960959, 99.99=2353151] [UPDATE: Count=22970, Max=557055, Min=0, Avg=2085.41, 90=5971, 99=26591, 99.9=99071, 99.99=505599] [READ-FAILED: Count=26, Max=19263, Min=2580, Avg=7069.81, 90=11615, 99=19263, 99.9=19263, 99.99=19263] 
2020-09-10 11:31:49:514 220 sec: 1019904 operations; 5123.2 current ops/sec; est completion in 32 minutes [READ: Count=51182, Max=2263039, Min=0, Avg=47998.47, 90=92735, 99=682495, 99.9=1525759, 99.99=2042879] [READ-MODIFY-WRITE: Count=25530, Max=2267135, Min=2, Avg=49594.71, 90=101375, 99=674815, 99.9=1498111, 99.99=2129919] [UPDATE: Count=25534, Max=544255, Min=0, Avg=2247.83, 90=6935, 99=28991, 99.9=95551, 99.99=170367] [READ-FAILED: Count=42, Max=98687, Min=1729, Avg=10119.1, 90=20047, 99=98687, 99.9=98687, 99.99=98687] 
2020-09-10 11:31:59:514 230 sec: 1068155 operations; 4825.1 current ops/sec; est completion in 32 minutes [READ: Count=48237, Max=2684927, Min=0, Avg=53019.06, 90=91775, 99=759807, 99.9=2097151, 99.99=2635775] [READ-MODIFY-WRITE: Count=24179, Max=2695167, Min=2, Avg=55237.19, 90=104191, 99=752639, 99.9=1818623, 99.99=2662399] [UPDATE: Count=24183, Max=558079, Min=0, Avg=2576.61, 90=6491, 99=32863, 99.9=316415, 99.99=543743] [READ-FAILED: Count=36, Max=29471, Min=1941, Avg=7387.78, 90=11383, 99=29471, 99.9=29471, 99.99=29471] 
2020-09-10 11:32:09:514 240 sec: 1116871 operations; 4871.6 current ops/sec; est completion in 31 minutes [READ: Count=48656, Max=2080767, Min=0, Avg=50916.88, 90=88255, 99=811519, 99.9=1661951, 99.99=2027519] [READ-MODIFY-WRITE: Count=24378, Max=2121727, Min=3, Avg=53801.39, 90=97919, 99=831999, 99.9=1759231, 99.99=2083839] [UPDATE: Count=24366, Max=904191, Min=1, Avg=2076.84, 90=6091, 99=28111, 99.9=90879, 99.99=198143] [READ-FAILED: Count=36, Max=79871, Min=1801, Avg=10544.31, 90=16415, 99=79871, 99.9=79871, 99.99=79871] 
2020-09-10 11:32:19:514 250 sec: 1162133 operations; 4526.2 current ops/sec; est completion in 31 minutes [READ: Count=45226, Max=3125247, Min=0, Avg=55705.8, 90=96511, 99=922623, 99.9=1645567, 99.99=1914879] [READ-MODIFY-WRITE: Count=22699, Max=2713599, Min=2, Avg=59591.01, 90=111103, 99=949759, 99.9=1646591, 99.99=2073599] [UPDATE: Count=22707, Max=1312767, Min=1, Avg=2122.6, 90=6367, 99=27759, 99.9=105663, 99.99=154111] [READ-FAILED: Count=36, Max=26671, Min=2102, Avg=7814.53, 90=12575, 99=26671, 99.9=26671, 99.99=26671] 
2020-09-10 11:32:29:515 260 sec: 1209778 operations; 4764.5 current ops/sec; est completion in 31 minutes [READ: Count=47610, Max=2514943, Min=0, Avg=52607.13, 90=93503, 99=846847, 99.9=1806335, 99.99=2177023] [READ-MODIFY-WRITE: Count=23744, Max=2523135, Min=2, Avg=55206.4, 90=105279, 99=863231, 99.9=1775615, 99.99=2107391] [UPDATE: Count=23742, Max=698879, Min=1, Avg=2212.75, 90=6299, 99=33119, 99.9=99391, 99.99=503039] [READ-FAILED: Count=34, Max=18319, Min=2262, Avg=6007.82, 90=10343, 99=18319, 99.9=18319, 99.99=18319] 
2020-09-10 11:32:39:514 270 sec: 1250818 operations; 4104 current ops/sec; est completion in 31 minutes [READ: Count=41022, Max=2918399, Min=0, Avg=62002.59, 90=96127, 99=939007, 99.9=2185215, 99.99=2709503] [READ-MODIFY-WRITE: Count=20649, Max=2795519, Min=2, Avg=65461.13, 90=110527, 99=951807, 99.9=2189311, 99.99=2676735] [UPDATE: Count=20684, Max=833023, Min=0, Avg=2013.19, 90=6451, 99=25663, 99.9=73471, 99.99=121535] [READ-FAILED: Count=21, Max=18095, Min=2266, Avg=6095.95, 90=14335, 99=18095, 99.9=18095, 99.99=18095] 
2020-09-10 11:32:49:516 280 sec: 1301104 operations; 5028.1 current ops/sec; est completion in 31 minutes [READ: Count=50262, Max=2547711, Min=0, Avg=48829.36, 90=92927, 99=728063, 99.9=1896447, 99.99=2498559] [READ-MODIFY-WRITE: Count=24907, Max=2529279, Min=2, Avg=50098.26, 90=103103, 99=726015, 99.9=1850367, 99.99=2506751] [UPDATE: Count=24863, Max=237823, Min=0, Avg=2325.88, 90=6855, 99=33247, 99.9=115775, 99.99=205183] [READ-FAILED: Count=24, Max=94143, Min=2252, Avg=12928.17, 90=27887, 99=94143, 99.9=94143, 99.99=94143] 
2020-09-10 11:32:59:514 290 sec: 1347433 operations; 4633.36 current ops/sec; est completion in 31 minutes [READ: Count=46297, Max=2842623, Min=0, Avg=52956.51, 90=90303, 99=737279, 99.9=1727487, 99.99=2336767] [READ-MODIFY-WRITE: Count=23305, Max=2375679, Min=2, Avg=54065.99, 90=99007, 99=720895, 99.9=1719295, 99.99=2344959] [UPDATE: Count=23313, Max=139263, Min=0, Avg=2052.75, 90=6207, 99=28783, 99.9=93311, 99.99=131455] [READ-FAILED: Count=31, Max=21023, Min=1718, Avg=6894, 90=13199, 99=21023, 99.9=21023, 99.99=21023] 
2020-09-10 11:33:09:515 300 sec: 1391761 operations; 4432.8 current ops/sec; est completion in 30 minutes [READ: Count=44301, Max=2619391, Min=0, Avg=59015.3, 90=97535, 99=903679, 99.9=2091007, 99.99=2367487] [READ-MODIFY-WRITE: Count=22264, Max=2433023, Min=3, Avg=61185.88, 90=110399, 99=896511, 99.9=2105343, 99.99=2373631] [UPDATE: Count=22262, Max=528895, Min=1, Avg=2091.67, 90=6055, 99=29055, 99.9=91711, 99.99=436991] [READ-FAILED: Count=32, Max=278015, Min=2172, Avg=18989.53, 90=26783, 99=278015, 99.9=278015, 99.99=278015] 
Maximum time elapsed. Requesting stop for the workload.
Stop requested for workload. Now Joining!
[36m11:33:10.245[m [[34;1mINFO[m] [1;34mp.u.t.s.y.Stats.clientFinished@38[m: 
Ended SconeKV benchmark.
Number of clients: 256
Total transactions: 307934
Committed: 193428 (62.81476%)
Aborted: 114506 (37.18524%)
2020-09-10 11:33:10:255 300 sec: 1393460 operations; 2321.04 current ops/sec; est completion in 30 minutes [READ: Count=1690, Max=1155071, Min=1, Avg=83492.73, 90=226303, 99=685567, 99.9=933375, 99.99=1155071] [READ-MODIFY-WRITE: Count=835, Max=952831, Min=4, Avg=89781.34, 90=245887, 99=690687, 99.9=885247, 99.99=952831] [CLEANUP: Count=256, Max=1560, Min=2, Avg=10.94, 90=6, 99=23, 99.9=1560, 99.99=1560] [UPDATE: Count=827, Max=206847, Min=1, Avg=2769.83, 90=8959, 99=26799, 99.9=55583, 99.99=206847] [READ-FAILED: Count=1, Max=7175, Min=7172, Avg=7174, 90=7175, 99=7175, 99.9=7175, 99.99=7175] 
[OVERALL], RunTime(ms), 300724
[OVERALL], Throughput(ops/sec), 4633.684042510741
[TOTAL_GCS_G1_Young_Generation], Count, 138
[TOTAL_GC_TIME_G1_Young_Generation], Time(ms), 3573
[TOTAL_GC_TIME_%_G1_Young_Generation], Time(%), 1.1881326398957182
[TOTAL_GCS_G1_Old_Generation], Count, 0
[TOTAL_GC_TIME_G1_Old_Generation], Time(ms), 0
[TOTAL_GC_TIME_%_G1_Old_Generation], Time(%), 0.0
[TOTAL_GCs], Count, 138
[TOTAL_GC_TIME], Time(ms), 3573
[TOTAL_GC_TIME_%], Time(%), 1.1881326398957182
[READ], Operations, 1392318
[READ], AverageLatency(us), 52169.20209966401
[READ], MinLatency(us), 0
[READ], MaxLatency(us), 3731455
[READ], 95thPercentileLatency(us), 240639
[READ], 99thPercentileLatency(us), 775679
[READ], Return=OK, 1392318
[READ], Return=NOT_FOUND, 1142
[READ-MODIFY-WRITE], Operations, 697823
[READ-MODIFY-WRITE], AverageLatency(us), 54745.80907192798
[READ-MODIFY-WRITE], MinLatency(us), 1
[READ-MODIFY-WRITE], MaxLatency(us), 3313663
[READ-MODIFY-WRITE], 95thPercentileLatency(us), 255743
[READ-MODIFY-WRITE], 99thPercentileLatency(us), 796159
[CLEANUP], Operations, 256
[CLEANUP], AverageLatency(us), 10.9375
[CLEANUP], MinLatency(us), 2
[CLEANUP], MaxLatency(us), 1560
[CLEANUP], 95thPercentileLatency(us), 10
[CLEANUP], 99thPercentileLatency(us), 23
[UPDATE], Operations, 697823
[UPDATE], AverageLatency(us), 2444.8467849297026
[UPDATE], MinLatency(us), 0
[UPDATE], MaxLatency(us), 1424383
[UPDATE], 95thPercentileLatency(us), 11775
[UPDATE], 99thPercentileLatency(us), 33247
[UPDATE], Return=OK, 697823
[READ-FAILED], Operations, 1142
[READ-FAILED], AverageLatency(us), 10776.509632224168
[READ-FAILED], MinLatency(us), 1718
[READ-FAILED], MaxLatency(us), 334335
[READ-FAILED], 95thPercentileLatency(us), 28463
[READ-FAILED], 99thPercentileLatency(us), 79871
