Command line: -t -db pt.ulisboa.tecnico.sconekv.ycsb.SconeKVClient -P workloadc -threads 16 -s -p scone.tx_size=5 -p operationcount=10000000 -p maxexecutiontime=300
YCSB Client 0.17.0

Loading workload...
Starting test.
WARNING: sun.reflect.Reflection.getCallerClass is not supported. This will impact performance.
Maximum execution time specified as: 300 secs
2020-09-09 15:55:13:474 0 sec: 0 operations; est completion in 0 second 
DBWrapper: report latency for each error is false and specific error codes to track for latency are: []
DBWrapper: report latency for each error is false and specific error codes to track for latency are: []
DBWrapper: report latency for each error is false and specific error codes to track for latency are: []
DBWrapper: report latency for each error is false and specific error codes to track for latency are: []
DBWrapper: report latency for each error is false and specific error codes to track for latency are: []
DBWrapper: report latency for each error is false and specific error codes to track for latency are: []
DBWrapper: report latency for each error is false and specific error codes to track for latency are: []
DBWrapper: report latency for each error is false and specific error codes to track for latency are: []
DBWrapper: report latency for each error is false and specific error codes to track for latency are: []
DBWrapper: report latency for each error is false and specific error codes to track for latency are: []
DBWrapper: report latency for each error is false and specific error codes to track for latency are: []
DBWrapper: report latency for each error is false and specific error codes to track for latency are: []
DBWrapper: report latency for each error is false and specific error codes to track for latency are: []
DBWrapper: report latency for each error is false and specific error codes to track for latency are: []
DBWrapper: report latency for each error is false and specific error codes to track for latency are: []
DBWrapper: report latency for each error is false and specific error codes to track for latency are: []
2020-09-09 15:55:23:474 10 sec: 13650 operations; 1365 current ops/sec; est completion in 2 hours 1 minute [READ: Count=13584, Max=549887, Min=3, Avg=9241.55, 90=17231, 99=47615, 99.9=527871, 99.99=542719] [READ-FAILED: Count=70, Max=21055, Min=1753, Avg=4061.07, 90=7195, 99=11727, 99.9=21055, 99.99=21055] 
2020-09-09 15:55:33:474 20 sec: 35671 operations; 2202.1 current ops/sec; est completion in 1 hour 33 minutes [READ: Count=21931, Max=15048703, Min=3, Avg=7657.7, 90=14823, 99=30319, 99.9=521471, 99.99=566783] [READ-FAILED: Count=86, Max=18303, Min=1, Avg=2907.9, 90=3437, 99=12903, 99.9=18303, 99.99=18303] 
2020-09-09 15:55:43:474 30 sec: 54822 operations; 1915.1 current ops/sec; est completion in 1 hour 30 minutes [READ: Count=19073, Max=884223, Min=3, Avg=8303.75, 90=15079, 99=34975, 99.9=537599, 99.99=618495] [READ-FAILED: Count=79, Max=15783, Min=1597, Avg=2894.84, 90=3831, 99=7783, 99.9=15783, 99.99=15783] 
2020-09-09 15:55:53:473 40 sec: 76620 operations; 2179.8 current ops/sec; est completion in 1 hour 26 minutes [READ: Count=21701, Max=1006591, Min=3, Avg=7434.38, 90=14879, 99=31615, 99.9=523263, 99.99=721919] [READ-FAILED: Count=97, Max=25023, Min=2, Avg=3147.15, 90=4103, 99=16719, 99.9=25023, 99.99=25023] 
2020-09-09 15:56:03:473 50 sec: 97756 operations; 2113.6 current ops/sec; est completion in 1 hour 24 minutes [READ: Count=21043, Max=571903, Min=3, Avg=7517.35, 90=14919, 99=34431, 99.9=527359, 99.99=567807] [READ-FAILED: Count=94, Max=10631, Min=1642, Avg=2858.12, 90=3817, 99=7103, 99.9=10631, 99.99=10631] 
2020-09-09 15:56:13:474 60 sec: 116964 operations; 1920.8 current ops/sec; est completion in 1 hour 24 minutes [READ: Count=19122, Max=566783, Min=3, Avg=8412.88, 90=15143, 99=38239, 99.9=529919, 99.99=552959] [READ-FAILED: Count=88, Max=9223, Min=1695, Avg=2673.86, 90=3641, 99=7363, 99.9=9223, 99.99=9223] 
2020-09-09 15:56:23:474 70 sec: 138554 operations; 2159 current ops/sec; est completion in 1 hour 23 minutes [READ: Count=21479, Max=550911, Min=3, Avg=7265.23, 90=14863, 99=31983, 99.9=526335, 99.99=539647] [READ-FAILED: Count=109, Max=17759, Min=2, Avg=3332.7, 90=3839, 99=16591, 99.9=17759, 99.99=17759] 
2020-09-09 15:56:33:474 80 sec: 161144 operations; 2259 current ops/sec; est completion in 1 hour 21 minutes [READ: Count=22504, Max=560639, Min=4, Avg=7242.79, 90=14863, 99=31071, 99.9=530943, 99.99=559103] [READ-FAILED: Count=86, Max=11767, Min=36, Avg=2614.92, 90=3289, 99=4883, 99.9=11767, 99.99=11767] 
2020-09-09 15:56:43:474 90 sec: 182097 operations; 2095.3 current ops/sec; est completion in 1 hour 20 minutes [READ: Count=20856, Max=565247, Min=3, Avg=7652.07, 90=15327, 99=36223, 99.9=526847, 99.99=560639] [READ-FAILED: Count=95, Max=20335, Min=2, Avg=2803.18, 90=3397, 99=6523, 99.9=20335, 99.99=20335] 
2020-09-09 15:56:53:474 100 sec: 204410 operations; 2231.3 current ops/sec; est completion in 1 hour 19 minutes [READ: Count=22221, Max=558591, Min=3, Avg=7154.24, 90=14751, 99=30207, 99.9=521727, 99.99=548863] [READ-FAILED: Count=93, Max=46335, Min=1729, Avg=3214.46, 90=3385, 99=7495, 99.9=46335, 99.99=46335] 
2020-09-09 15:57:03:473 110 sec: 225752 operations; 2134.2 current ops/sec; est completion in 1 hour 19 minutes [READ: Count=21250, Max=575487, Min=3, Avg=7515.72, 90=15111, 99=29903, 99.9=527359, 99.99=565759] [READ-FAILED: Count=94, Max=12407, Min=2, Avg=2723.14, 90=3657, 99=7267, 99.9=12407, 99.99=12407] 
2020-09-09 15:57:13:474 120 sec: 246967 operations; 2121.5 current ops/sec; est completion in 1 hour 18 minutes [READ: Count=21121, Max=559103, Min=3, Avg=7576.95, 90=15407, 99=40191, 99.9=521215, 99.99=547327] [READ-FAILED: Count=93, Max=20207, Min=2, Avg=2842.31, 90=3653, 99=8791, 99.9=20207, 99.99=20207] 
2020-09-09 15:57:23:473 130 sec: 269441 operations; 2247.4 current ops/sec; est completion in 1 hour 18 minutes [READ: Count=22393, Max=578047, Min=3, Avg=7112.84, 90=14663, 99=28751, 99.9=523263, 99.99=558079] [READ-FAILED: Count=81, Max=6119, Min=1588, Avg=2677.62, 90=3595, 99=5579, 99.9=6119, 99.99=6119] 
2020-09-09 15:57:33:474 140 sec: 289998 operations; 2055.7 current ops/sec; est completion in 1 hour 18 minutes [READ: Count=20453, Max=566271, Min=3, Avg=7788.04, 90=15431, 99=34175, 99.9=520959, 99.99=562687] [READ-FAILED: Count=106, Max=16023, Min=1, Avg=2755.3, 90=3233, 99=15559, 99.9=16023, 99.99=16023] 
2020-09-09 15:57:43:474 150 sec: 310696 operations; 2069.8 current ops/sec; est completion in 1 hour 17 minutes [READ: Count=20592, Max=559615, Min=3, Avg=7434.08, 90=14895, 99=34879, 99.9=524799, 99.99=554495] [READ-FAILED: Count=102, Max=29055, Min=1541, Avg=3246.74, 90=3551, 99=21743, 99.9=29055, 99.99=29055] 
2020-09-09 15:57:53:474 160 sec: 332056 operations; 2136 current ops/sec; est completion in 1 hour 17 minutes [READ: Count=21259, Max=1009151, Min=3, Avg=7538.26, 90=14751, 99=30783, 99.9=528383, 99.99=1003519] [READ-FAILED: Count=101, Max=39423, Min=1, Avg=3078.76, 90=3343, 99=22271, 99.9=39423, 99.99=39423] 
2020-09-09 15:58:03:474 170 sec: 353181 operations; 2112.5 current ops/sec; est completion in 1 hour 17 minutes [READ: Count=21021, Max=1010175, Min=3, Avg=7901.64, 90=15079, 99=33119, 99.9=526847, 99.99=991231] [READ-FAILED: Count=104, Max=11895, Min=2, Avg=2705.04, 90=3447, 99=10047, 99.9=11895, 99.99=11895] 
2020-09-09 15:58:13:474 180 sec: 374874 operations; 2169.3 current ops/sec; est completion in 1 hour 17 minutes [READ: Count=21593, Max=550911, Min=3, Avg=7401.28, 90=15023, 99=29551, 99.9=519423, 99.99=534015] [READ-FAILED: Count=101, Max=12367, Min=1, Avg=2733.98, 90=3143, 99=9535, 99.9=12367, 99.99=12367] 
2020-09-09 15:58:23:473 190 sec: 395847 operations; 2097.3 current ops/sec; est completion in 1 hour 16 minutes [READ: Count=20886, Max=586751, Min=3, Avg=7642.44, 90=15063, 99=35071, 99.9=529919, 99.99=580607] [READ-FAILED: Count=86, Max=30383, Min=38, Avg=3027.56, 90=3877, 99=9911, 99.9=30383, 99.99=30383] 
2020-09-09 15:58:33:474 200 sec: 416865 operations; 2101.8 current ops/sec; est completion in 1 hour 16 minutes [READ: Count=20913, Max=548351, Min=3, Avg=7602.28, 90=15183, 99=33535, 99.9=521727, 99.99=541183] [READ-FAILED: Count=105, Max=21295, Min=42, Avg=2944.57, 90=3569, 99=15183, 99.9=21295, 99.99=21295] 
2020-09-09 15:58:43:474 210 sec: 438949 operations; 2208.4 current ops/sec; est completion in 1 hour 16 minutes [READ: Count=21988, Max=556543, Min=3, Avg=7295.76, 90=14775, 99=33983, 99.9=522239, 99.99=552447] [READ-FAILED: Count=99, Max=18063, Min=39, Avg=2738.42, 90=3187, 99=12687, 99.9=18063, 99.99=18063] 
2020-09-09 15:58:53:475 220 sec: 459549 operations; 2059.79 current ops/sec; est completion in 1 hour 16 minutes [READ: Count=20509, Max=599551, Min=3, Avg=7681.31, 90=15023, 99=35135, 99.9=527359, 99.99=575999] [READ-FAILED: Count=88, Max=20223, Min=2, Avg=2810.69, 90=3373, 99=8327, 99.9=20223, 99.99=20223] 
2020-09-09 15:59:03:474 230 sec: 481467 operations; 2192.02 current ops/sec; est completion in 1 hour 15 minutes [READ: Count=21819, Max=561663, Min=3, Avg=7269.74, 90=15343, 99=33663, 99.9=520703, 99.99=545279] [READ-FAILED: Count=99, Max=22735, Min=2, Avg=3268.44, 90=3969, 99=16911, 99.9=22735, 99.99=22735] 
2020-09-09 15:59:13:474 240 sec: 502573 operations; 2110.6 current ops/sec; est completion in 1 hour 15 minutes [READ: Count=21016, Max=1010175, Min=3, Avg=7681.3, 90=14863, 99=31695, 99.9=544767, 99.99=1005055] [READ-FAILED: Count=91, Max=10215, Min=1, Avg=2937.9, 90=4131, 99=9991, 99.9=10215, 99.99=10215] 
2020-09-09 15:59:23:473 250 sec: 523843 operations; 2127 current ops/sec; est completion in 1 hour 15 minutes [READ: Count=21192, Max=585727, Min=2, Avg=7577.08, 90=14887, 99=31279, 99.9=527871, 99.99=569855] [READ-FAILED: Count=81, Max=8415, Min=1597, Avg=2770.46, 90=3727, 99=6839, 99.9=8415, 99.99=8415] 
2020-09-09 15:59:33:473 260 sec: 546792 operations; 2294.9 current ops/sec; est completion in 1 hour 14 minutes [READ: Count=22840, Max=590335, Min=3, Avg=6958.45, 90=15167, 99=28703, 99.9=520447, 99.99=572415] [READ-FAILED: Count=106, Max=20111, Min=61, Avg=2783.37, 90=3363, 99=9607, 99.9=20111, 99.99=20111] 
2020-09-09 15:59:43:474 270 sec: 569915 operations; 2312.3 current ops/sec; est completion in 1 hour 14 minutes [READ: Count=23030, Max=546303, Min=3, Avg=6942.09, 90=14951, 99=28415, 99.9=519679, 99.99=536063] [READ-FAILED: Count=96, Max=10111, Min=1, Avg=2832.98, 90=3517, 99=9775, 99.9=10111, 99.99=10111] 
2020-09-09 15:59:53:474 280 sec: 589648 operations; 1973.3 current ops/sec; est completion in 1 hour 14 minutes [READ: Count=19641, Max=587263, Min=3, Avg=8150.55, 90=14687, 99=37759, 99.9=530431, 99.99=573439] [READ-FAILED: Count=89, Max=9431, Min=54, Avg=2756.02, 90=3819, 99=6975, 99.9=9431, 99.99=9431] 
2020-09-09 16:00:03:473 290 sec: 609888 operations; 2024 current ops/sec; est completion in 1 hour 14 minutes [READ: Count=20137, Max=573439, Min=3, Avg=7774.83, 90=15695, 99=34815, 99.9=524799, 99.99=554495] [READ-FAILED: Count=103, Max=13071, Min=1725, Avg=2878.17, 90=3851, 99=10751, 99.9=13071, 99.99=13071] 
2020-09-09 16:00:13:473 300 sec: 633063 operations; 2317.5 current ops/sec; est completion in 1 hour 13 minutes [READ: Count=23074, Max=562175, Min=2, Avg=7054.12, 90=14743, 99=29343, 99.9=521471, 99.99=557567] [READ-FAILED: Count=101, Max=16415, Min=2, Avg=2808.59, 90=3631, 99=9263, 99.9=16415, 99.99=16415] 
Maximum time elapsed. Requesting stop for the workload.
Stop requested for workload. Now Joining!
[36m16:00:13.842[m [[34;1mINFO[m] [1;34mp.u.t.s.y.Stats.clientFinished@38[m: 
Ended SconeKV benchmark.
Number of clients: 16
Total transactions: 125862
Committed: 125844 (99.9857%)
Aborted: 18 (0.014301378%)
2020-09-09 16:00:13:844 300 sec: 633099 operations; 97.04 current ops/sec; est completion in 1 hour 14 minutes [READ: Count=35, Max=513023, Min=1831, Avg=23060.06, 90=18703, 99=513023, 99.9=513023, 99.99=513023] [CLEANUP: Count=16, Max=1513, Min=2, Avg=98.38, 90=5, 99=1513, 99.9=1513, 99.99=1513] [READ-FAILED: Count=0, Max=0, Min=9223372036854775807, Avg=NaN, 90=0, 99=0, 99.9=0, 99.99=0] 
[OVERALL], RunTime(ms), 300371
[OVERALL], Throughput(ops/sec), 2107.72344866848
[TOTAL_GCS_G1_Young_Generation], Count, 116
[TOTAL_GC_TIME_G1_Young_Generation], Time(ms), 715
[TOTAL_GC_TIME_%_G1_Young_Generation], Time(%), 0.23803895848800316
[TOTAL_GCS_G1_Old_Generation], Count, 0
[TOTAL_GC_TIME_G1_Old_Generation], Time(ms), 0
[TOTAL_GC_TIME_%_G1_Old_Generation], Time(%), 0.0
[TOTAL_GCs], Count, 116
[TOTAL_GC_TIME], Time(ms), 715
[TOTAL_GC_TIME_%], Time(%), 0.23803895848800316
[READ], Operations, 630276
[READ], AverageLatency(us), 7558.006440035794
[READ], MinLatency(us), 2
[READ], MaxLatency(us), 15048703
[READ], 95thPercentileLatency(us), 17631
[READ], 99thPercentileLatency(us), 33535
[READ], Return=OK, 630276
[READ], Return=NOT_FOUND, 2823
[CLEANUP], Operations, 16
[CLEANUP], AverageLatency(us), 98.375
[CLEANUP], MinLatency(us), 2
[CLEANUP], MaxLatency(us), 1513
[CLEANUP], 95thPercentileLatency(us), 13
[CLEANUP], 99thPercentileLatency(us), 1513
[READ-FAILED], Operations, 2823
[READ-FAILED], AverageLatency(us), 2922.511158342189
[READ-FAILED], MinLatency(us), 1
[READ-FAILED], MaxLatency(us), 46335
[READ-FAILED], 95thPercentileLatency(us), 4687
[READ-FAILED], 99thPercentileLatency(us), 13071
