Command line: -t -db pt.ulisboa.tecnico.sconekv.ycsb.SconeKVClient -P workloada -threads 16 -s -p scone.tx_size=5 -p operationcount=10000000 -p maxexecutiontime=300
YCSB Client 0.17.0

Loading workload...
Starting test.
WARNING: sun.reflect.Reflection.getCallerClass is not supported. This will impact performance.
2020-09-07 14:10:55:023 0 sec: 0 operations; est completion in 0 second 
Maximum execution time specified as: 300 secs
DBWrapper: report latency for each error is false and specific error codes to track for latency are: []
DBWrapper: report latency for each error is false and specific error codes to track for latency are: []
DBWrapper: report latency for each error is false and specific error codes to track for latency are: []
DBWrapper: report latency for each error is false and specific error codes to track for latency are: []
DBWrapper: report latency for each error is false and specific error codes to track for latency are: []
DBWrapper: report latency for each error is false and specific error codes to track for latency are: []
DBWrapper: report latency for each error is false and specific error codes to track for latency are: []
DBWrapper: report latency for each error is false and specific error codes to track for latency are: []
DBWrapper: report latency for each error is false and specific error codes to track for latency are: []
DBWrapper: report latency for each error is false and specific error codes to track for latency are: []
DBWrapper: report latency for each error is false and specific error codes to track for latency are: []
DBWrapper: report latency for each error is false and specific error codes to track for latency are: []
DBWrapper: report latency for each error is false and specific error codes to track for latency are: []
DBWrapper: report latency for each error is false and specific error codes to track for latency are: []
DBWrapper: report latency for each error is false and specific error codes to track for latency are: []
DBWrapper: report latency for each error is false and specific error codes to track for latency are: []
2020-09-07 14:11:05:023 10 sec: 12327 operations; 1232.7 current ops/sec; est completion in 2 hours 15 minutes [READ: Count=6107, Max=563711, Min=1, Avg=10188.92, 90=19823, 99=60031, 99.9=538623, 99.99=557567] [UPDATE: Count=6236, Max=565247, Min=6, Avg=10623.08, 90=19951, 99=69951, 99.9=529919, 99.99=551423] [READ-FAILED: Count=7, Max=3547, Min=2288, Avg=2957.86, 90=3501, 99=3547, 99.9=3547, 99.99=3547] 
2020-09-07 14:11:15:022 20 sec: 30605 operations; 1827.8 current ops/sec; est completion in 1 hour 48 minutes [READ: Count=9125, Max=543743, Min=1, Avg=8773.81, 90=18527, 99=50047, 99.9=519935, 99.99=539647] [UPDATE: Count=9130, Max=544767, Min=9, Avg=8807.19, 90=18447, 99=48799, 99.9=521215, 99.99=541695] [READ-FAILED: Count=8, Max=45311, Min=1882, Avg=7871.75, 90=2963, 99=45311, 99.9=45311, 99.99=45311] 
2020-09-07 14:11:25:022 30 sec: 48309 operations; 1770.4 current ops/sec; est completion in 1 hour 43 minutes [READ: Count=8845, Max=811519, Min=0, Avg=9243.24, 90=17327, 99=52127, 99.9=531455, 99.99=546815] [UPDATE: Count=8860, Max=908287, Min=1, Avg=8845.72, 90=17663, 99=56159, 99.9=528895, 99.99=570879] [READ-FAILED: Count=4, Max=2965, Min=2174, Avg=2529, 90=2965, 99=2965, 99.9=2965, 99.99=2965] 
2020-09-07 14:11:35:023 40 sec: 67684 operations; 1937.5 current ops/sec; est completion in 1 hour 37 minutes [READ: Count=9482, Max=534015, Min=1, Avg=8019.35, 90=16479, 99=39743, 99.9=519679, 99.99=528383] [UPDATE: Count=9878, Max=534015, Min=2, Avg=8492.64, 90=16831, 99=43327, 99.9=520959, 99.99=533503] [READ-FAILED: Count=8, Max=3563, Min=2256, Avg=2794.5, 90=3167, 99=3563, 99.9=3563, 99.99=3563] 
2020-09-07 14:11:45:024 50 sec: 86736 operations; 1905.01 current ops/sec; est completion in 1 hour 35 minutes [READ: Count=9462, Max=542207, Min=1, Avg=8341.78, 90=15935, 99=50399, 99.9=518655, 99.99=537599] [UPDATE: Count=9573, Max=544255, Min=11, Avg=8128.41, 90=15991, 99=46847, 99.9=518655, 99.99=540671] [READ-FAILED: Count=11, Max=3233, Min=2154, Avg=2543, 90=2843, 99=3233, 99.9=3233, 99.99=3233] 
2020-09-07 14:11:55:023 60 sec: 106817 operations; 2008.3 current ops/sec; est completion in 1 hour 32 minutes [READ: Count=9989, Max=575999, Min=1, Avg=8040.26, 90=15935, 99=43743, 99.9=526847, 99.99=544767] [UPDATE: Count=10087, Max=646143, Min=1, Avg=8190.76, 90=16071, 99=47551, 99.9=521727, 99.99=633855] [READ-FAILED: Count=14, Max=9911, Min=2029, Avg=2965.29, 90=2857, 99=9911, 99.9=9911, 99.99=9911] 
2020-09-07 14:12:05:022 70 sec: 124917 operations; 1810 current ops/sec; est completion in 1 hour 32 minutes [READ: Count=9008, Max=934399, Min=1, Avg=8826.25, 90=15911, 99=57279, 99.9=523775, 99.99=544255] [UPDATE: Count=9075, Max=548863, Min=3, Avg=8797.84, 90=16191, 99=71359, 99.9=519679, 99.99=541695] [READ-FAILED: Count=9, Max=3283, Min=2096, Avg=2531, 90=2857, 99=3283, 99.9=3283, 99.99=3283] 
2020-09-07 14:12:15:023 80 sec: 143755 operations; 1883.8 current ops/sec; est completion in 1 hour 31 minutes [READ: Count=9378, Max=547327, Min=0, Avg=8001.23, 90=15775, 99=38591, 99.9=517887, 99.99=537599] [UPDATE: Count=9454, Max=1011199, Min=4, Avg=8960.86, 90=15943, 99=47583, 99.9=542719, 99.99=1001471] [READ-FAILED: Count=11, Max=4319, Min=1950, Avg=2575.27, 90=3659, 99=4319, 99.9=4319, 99.99=4319] 
2020-09-07 14:12:25:023 90 sec: 164164 operations; 2040.9 current ops/sec; est completion in 1 hour 29 minutes [READ: Count=10251, Max=568831, Min=1, Avg=8035.17, 90=16607, 99=44447, 99.9=521983, 99.99=565247] [UPDATE: Count=10154, Max=614399, Min=1, Avg=7682.6, 90=16543, 99=42623, 99.9=517631, 99.99=560127] [READ-FAILED: Count=7, Max=10975, Min=1891, Avg=3945.86, 90=5323, 99=10975, 99.9=10975, 99.99=10975] 
2020-09-07 14:12:35:023 100 sec: 183239 operations; 1907.5 current ops/sec; est completion in 1 hour 29 minutes [READ: Count=9583, Max=551935, Min=0, Avg=8140.8, 90=15375, 99=52927, 99.9=515583, 99.99=540159] [UPDATE: Count=9472, Max=542207, Min=1, Avg=8280.47, 90=15583, 99=51551, 99.9=528383, 99.99=537599] [READ-FAILED: Count=13, Max=2853, Min=2018, Avg=2298.77, 90=2655, 99=2853, 99.9=2853, 99.99=2853] 
2020-09-07 14:12:45:023 110 sec: 203278 operations; 2003.9 current ops/sec; est completion in 1 hour 28 minutes [READ: Count=10087, Max=567295, Min=0, Avg=8383.23, 90=16135, 99=47775, 99.9=535551, 99.99=549375] [UPDATE: Count=9940, Max=546303, Min=1, Avg=7906.28, 90=15927, 99=43007, 99.9=518655, 99.99=540671] [READ-FAILED: Count=13, Max=16183, Min=1747, Avg=3731.85, 90=3707, 99=16183, 99.9=16183, 99.99=16183] 
2020-09-07 14:12:55:022 120 sec: 224007 operations; 2072.9 current ops/sec; est completion in 1 hour 27 minutes [READ: Count=10342, Max=551423, Min=0, Avg=7464.42, 90=16047, 99=40671, 99.9=519167, 99.99=550911] [UPDATE: Count=10380, Max=550399, Min=1, Avg=7893.88, 90=15911, 99=44095, 99.9=517631, 99.99=548863] [READ-FAILED: Count=9, Max=4591, Min=1846, Avg=2780.44, 90=3971, 99=4591, 99.9=4591, 99.99=4591] 
2020-09-07 14:13:05:022 130 sec: 243696 operations; 1968.9 current ops/sec; est completion in 1 hour 26 minutes [READ: Count=9829, Max=555007, Min=1, Avg=8171, 90=15479, 99=41727, 99.9=529919, 99.99=551935] [UPDATE: Count=9844, Max=551935, Min=3, Avg=7780.83, 90=15343, 99=41599, 99.9=519935, 99.99=549887] [READ-FAILED: Count=11, Max=3089, Min=1744, Avg=2457.82, 90=2923, 99=3089, 99.9=3089, 99.99=3089] 
2020-09-07 14:13:15:022 140 sec: 263746 operations; 2005 current ops/sec; est completion in 1 hour 26 minutes [READ: Count=10063, Max=571903, Min=1, Avg=7471.07, 90=15207, 99=45215, 99.9=517119, 99.99=569855] [UPDATE: Count=9990, Max=551423, Min=3, Avg=8796.9, 90=15591, 99=63327, 99.9=526335, 99.99=544767] [READ-FAILED: Count=5, Max=2475, Min=2158, Avg=2351.4, 90=2475, 99=2475, 99.9=2475, 99.99=2475] 
2020-09-07 14:13:25:022 150 sec: 284327 operations; 2058.1 current ops/sec; est completion in 1 hour 25 minutes [READ: Count=10207, Max=552447, Min=1, Avg=7719.59, 90=15807, 99=43391, 99.9=522751, 99.99=545791] [UPDATE: Count=10365, Max=570367, Min=4, Avg=7685.87, 90=15687, 99=42687, 99.9=521215, 99.99=555519] [READ-FAILED: Count=6, Max=3121, Min=1977, Avg=2533, 90=2915, 99=3121, 99.9=3121, 99.99=3121] 
2020-09-07 14:13:35:022 160 sec: 306674 operations; 2234.7 current ops/sec; est completion in 1 hour 24 minutes [READ: Count=11043, Max=557567, Min=0, Avg=7358.17, 90=15751, 99=38783, 99.9=517887, 99.99=539135] [UPDATE: Count=11297, Max=563711, Min=3, Avg=7108.62, 90=16071, 99=39167, 99.9=514815, 99.99=559103] [READ-FAILED: Count=9, Max=5243, Min=1736, Avg=2833.67, 90=3705, 99=5243, 99.9=5243, 99.99=5243] 
2020-09-07 14:13:45:022 170 sec: 327353 operations; 2067.9 current ops/sec; est completion in 1 hour 23 minutes [READ: Count=10332, Max=546303, Min=1, Avg=7823.37, 90=15815, 99=41791, 99.9=518655, 99.99=543231] [UPDATE: Count=10340, Max=545791, Min=1, Avg=7632.77, 90=15887, 99=43327, 99.9=517119, 99.99=542207] [READ-FAILED: Count=10, Max=5579, Min=1747, Avg=2356, 90=2237, 99=5579, 99.9=5579, 99.99=5579] 
2020-09-07 14:13:55:022 180 sec: 348277 operations; 2092.4 current ops/sec; est completion in 1 hour 23 minutes [READ: Count=10356, Max=555519, Min=0, Avg=7241.23, 90=15359, 99=42367, 99.9=518655, 99.99=555519] [UPDATE: Count=10564, Max=556031, Min=1, Avg=8051.94, 90=15599, 99=52767, 99.9=526335, 99.99=555519] [READ-FAILED: Count=5, Max=3889, Min=1725, Avg=2691, 90=3889, 99=3889, 99.9=3889, 99.99=3889] 
2020-09-07 14:14:05:022 190 sec: 366778 operations; 1850.1 current ops/sec; est completion in 1 hour 23 minutes [READ: Count=9266, Max=551935, Min=1, Avg=8166.03, 90=15519, 99=48767, 99.9=528895, 99.99=551423] [UPDATE: Count=9221, Max=581119, Min=1, Avg=9037.32, 90=16031, 99=80127, 99.9=526335, 99.99=563711] [READ-FAILED: Count=9, Max=3143, Min=1469, Avg=2296, 90=3045, 99=3143, 99.9=3143, 99.99=3143] 
2020-09-07 14:14:15:023 200 sec: 387211 operations; 2043.3 current ops/sec; est completion in 1 hour 22 minutes [READ: Count=10319, Max=557567, Min=1, Avg=8054.71, 90=15967, 99=45183, 99.9=518911, 99.99=553471] [UPDATE: Count=10107, Max=542719, Min=1, Avg=7679.18, 90=15919, 99=47807, 99.9=517119, 99.99=539135] [READ-FAILED: Count=7, Max=25071, Min=2154, Avg=5727.14, 90=2935, 99=25071, 99.9=25071, 99.99=25071] 
2020-09-07 14:14:25:022 210 sec: 406391 operations; 1918 current ops/sec; est completion in 1 hour 22 minutes [READ: Count=9697, Max=1008639, Min=1, Avg=8543.48, 90=16223, 99=48351, 99.9=520191, 99.99=1007103] [UPDATE: Count=9473, Max=1007103, Min=3, Avg=8098.83, 90=16335, 99=45503, 99.9=523263, 99.99=1004543] [READ-FAILED: Count=7, Max=5399, Min=1571, Avg=2611.43, 90=2465, 99=5399, 99.9=5399, 99.99=5399] 
2020-09-07 14:14:35:022 220 sec: 427797 operations; 2140.6 current ops/sec; est completion in 1 hour 22 minutes [READ: Count=10670, Max=557055, Min=0, Avg=7716.41, 90=15839, 99=41183, 99.9=520191, 99.99=543231] [UPDATE: Count=10729, Max=542207, Min=3, Avg=7255.02, 90=15607, 99=43903, 99.9=514559, 99.99=539135] [READ-FAILED: Count=9, Max=3315, Min=1878, Avg=2513, 90=3043, 99=3315, 99.9=3315, 99.99=3315] 
2020-09-07 14:14:45:022 230 sec: 448326 operations; 2052.9 current ops/sec; est completion in 1 hour 21 minutes [READ: Count=10300, Max=555007, Min=1, Avg=7808.04, 90=15703, 99=44415, 99.9=524287, 99.99=552447] [UPDATE: Count=10222, Max=542207, Min=3, Avg=7742.98, 90=15831, 99=44543, 99.9=529919, 99.99=541183] [READ-FAILED: Count=5, Max=4851, Min=1978, Avg=2814.6, 90=4851, 99=4851, 99.9=4851, 99.99=4851] 
2020-09-07 14:14:55:022 240 sec: 468670 operations; 2034.4 current ops/sec; est completion in 1 hour 21 minutes [READ: Count=10018, Max=541695, Min=0, Avg=7588.4, 90=15591, 99=41791, 99.9=516095, 99.99=532991] [UPDATE: Count=10329, Max=545791, Min=1, Avg=8131.79, 90=15503, 99=47967, 99.9=515839, 99.99=541183] [READ-FAILED: Count=6, Max=3163, Min=2118, Avg=2564, 90=2661, 99=3163, 99.9=3163, 99.99=3163] 
2020-09-07 14:15:05:022 250 sec: 488958 operations; 2028.8 current ops/sec; est completion in 1 hour 21 minutes [READ: Count=10155, Max=542207, Min=1, Avg=7808.31, 90=15631, 99=47199, 99.9=523007, 99.99=541695] [UPDATE: Count=10107, Max=547327, Min=1, Avg=7978.28, 90=15759, 99=50559, 99.9=521727, 99.99=547327] [READ-FAILED: Count=14, Max=6859, Min=1742, Avg=3123.36, 90=4215, 99=6859, 99.9=6859, 99.99=6859] 
2020-09-07 14:15:15:022 260 sec: 508591 operations; 1963.3 current ops/sec; est completion in 1 hour 20 minutes [READ: Count=9811, Max=589311, Min=0, Avg=7952.68, 90=15975, 99=47199, 99.9=520191, 99.99=560639] [UPDATE: Count=9820, Max=996351, Min=3, Avg=8288.26, 90=15879, 99=49183, 99.9=537599, 99.99=589311] [READ-FAILED: Count=8, Max=10975, Min=1645, Avg=3409.12, 90=3127, 99=10975, 99.9=10975, 99.99=10975] 
2020-09-07 14:15:25:022 270 sec: 530027 operations; 2143.6 current ops/sec; est completion in 1 hour 20 minutes [READ: Count=10718, Max=551423, Min=0, Avg=7097.45, 90=15879, 99=40991, 99.9=515327, 99.99=539647] [UPDATE: Count=10710, Max=552959, Min=0, Avg=7753.23, 90=15999, 99=45151, 99.9=520703, 99.99=546815] [READ-FAILED: Count=8, Max=34047, Min=1827, Avg=7274.5, 90=9103, 99=34047, 99.9=34047, 99.99=34047] 
2020-09-07 14:15:35:022 280 sec: 551471 operations; 2144.4 current ops/sec; est completion in 1 hour 19 minutes [READ: Count=10705, Max=592383, Min=1, Avg=7627.7, 90=15511, 99=42143, 99.9=525311, 99.99=558591] [UPDATE: Count=10731, Max=570879, Min=3, Avg=7353.89, 90=15263, 99=36607, 99.9=529407, 99.99=564735] [READ-FAILED: Count=7, Max=3271, Min=2328, Avg=2642.71, 90=2821, 99=3271, 99.9=3271, 99.99=3271] 
2020-09-07 14:15:45:022 290 sec: 573605 operations; 2213.4 current ops/sec; est completion in 1 hour 19 minutes [READ: Count=11017, Max=540159, Min=1, Avg=7091.28, 90=15511, 99=38655, 99.9=515839, 99.99=539135] [UPDATE: Count=11108, Max=630271, Min=1, Avg=7383.52, 90=15623, 99=40735, 99.9=518911, 99.99=562175] [READ-FAILED: Count=9, Max=2781, Min=1771, Avg=2147.44, 90=2347, 99=2781, 99.9=2781, 99.99=2781] 
2020-09-07 14:15:55:022 300 sec: 595447 operations; 2184.2 current ops/sec; est completion in 1 hour 18 minutes [READ: Count=10929, Max=572415, Min=0, Avg=7141.76, 90=15735, 99=41567, 99.9=520703, 99.99=558591] [UPDATE: Count=10904, Max=556543, Min=1, Avg=7513.23, 90=15815, 99=40575, 99.9=525311, 99.99=551423] [READ-FAILED: Count=9, Max=3127, Min=1569, Avg=2456.56, 90=2979, 99=3127, 99.9=3127, 99.99=3127] 
Maximum time elapsed. Requesting stop for the workload.
Stop requested for workload. Now Joining!
[36m14:15:55.053[m [[34;1mINFO[m] [1;34mp.u.t.s.y.Stats.clientFinished@38[m: 
Ended SconeKV benchmark.
Number of clients: 16
Total transactions: 118487
Committed: 98692 (83.293526%)
Aborted: 19795 (16.706474%)
2020-09-07 14:15:55:054 300 sec: 595516 operations; 2156.25 current ops/sec; est completion in 1 hour 18 minutes [READ: Count=31, Max=19775, Min=1796, Avg=8541.97, 90=16031, 99=19775, 99.9=19775, 99.99=19775] [CLEANUP: Count=16, Max=1485, Min=2, Avg=96.75, 90=6, 99=1485, 99.9=1485, 99.99=1485] [UPDATE: Count=33, Max=13575, Min=2005, Avg=4514.42, 90=12191, 99=13575, 99.9=13575, 99.99=13575] [READ-FAILED: Count=0, Max=0, Min=9223372036854775807, Avg=NaN, 90=0, 99=0, 99.9=0, 99.99=0] 
[OVERALL], RunTime(ms), 300032
[OVERALL], Throughput(ops/sec), 1984.8416168941978
[TOTAL_GCS_G1_Young_Generation], Count, 102
[TOTAL_GC_TIME_G1_Young_Generation], Time(ms), 607
[TOTAL_GC_TIME_%_G1_Young_Generation], Time(%), 0.20231175341296928
[TOTAL_GCS_G1_Old_Generation], Count, 0
[TOTAL_GC_TIME_G1_Old_Generation], Time(ms), 0
[TOTAL_GC_TIME_%_G1_Old_Generation], Time(%), 0.0
[TOTAL_GCs], Count, 102
[TOTAL_GC_TIME], Time(ms), 607
[TOTAL_GC_TIME_%], Time(%), 0.20231175341296928
[READ], Operations, 297125
[READ], AverageLatency(us), 7940.306732856542
[READ], MinLatency(us), 0
[READ], MaxLatency(us), 1008639
[READ], 95thPercentileLatency(us), 19999
[READ], 99thPercentileLatency(us), 44511
[READ], Return=OK, 297125
[READ], Return=NOT_FOUND, 258
[CLEANUP], Operations, 16
[CLEANUP], AverageLatency(us), 96.75
[CLEANUP], MinLatency(us), 2
[CLEANUP], MaxLatency(us), 1485
[CLEANUP], 95thPercentileLatency(us), 19
[CLEANUP], 99thPercentileLatency(us), 1485
[UPDATE], Operations, 298133
[UPDATE], AverageLatency(us), 8070.299017552569
[UPDATE], MinLatency(us), 0
[UPDATE], MaxLatency(us), 1011199
[UPDATE], 95thPercentileLatency(us), 20303
[UPDATE], 99thPercentileLatency(us), 46783
[UPDATE], Return=OK, 298133
[READ-FAILED], Operations, 258
[READ-FAILED], AverageLatency(us), 3118.3565891472867
[READ-FAILED], MinLatency(us), 1469
[READ-FAILED], MaxLatency(us), 45311
[READ-FAILED], 95thPercentileLatency(us), 4851
[READ-FAILED], 99thPercentileLatency(us), 16183
