Command line: -t -db pt.ulisboa.tecnico.sconekv.ycsb.SconeKVClient -P workloadc -threads 32 -s -p scone.tx_size=5 -p operationcount=10000000 -p maxexecutiontime=300
YCSB Client 0.17.0

Loading workload...
Starting test.
WARNING: sun.reflect.Reflection.getCallerClass is not supported. This will impact performance.
2020-09-09 16:10:19:976 0 sec: 0 operations; est completion in 0 second 
Maximum execution time specified as: 300 secs
DBWrapper: report latency for each error is false and specific error codes to track for latency are: []
DBWrapper: report latency for each error is false and specific error codes to track for latency are: []
DBWrapper: report latency for each error is false and specific error codes to track for latency are: []
DBWrapper: report latency for each error is false and specific error codes to track for latency are: []
DBWrapper: report latency for each error is false and specific error codes to track for latency are: []
DBWrapper: report latency for each error is false and specific error codes to track for latency are: []
DBWrapper: report latency for each error is false and specific error codes to track for latency are: []
DBWrapper: report latency for each error is false and specific error codes to track for latency are: []
DBWrapper: report latency for each error is false and specific error codes to track for latency are: []
DBWrapper: report latency for each error is false and specific error codes to track for latency are: []
DBWrapper: report latency for each error is false and specific error codes to track for latency are: []
DBWrapper: report latency for each error is false and specific error codes to track for latency are: []
DBWrapper: report latency for each error is false and specific error codes to track for latency are: []
DBWrapper: report latency for each error is false and specific error codes to track for latency are: []
DBWrapper: report latency for each error is false and specific error codes to track for latency are: []
DBWrapper: report latency for each error is false and specific error codes to track for latency are: []
DBWrapper: report latency for each error is false and specific error codes to track for latency are: []
DBWrapper: report latency for each error is false and specific error codes to track for latency are: []
DBWrapper: report latency for each error is false and specific error codes to track for latency are: []
DBWrapper: report latency for each error is false and specific error codes to track for latency are: []
DBWrapper: report latency for each error is false and specific error codes to track for latency are: []
DBWrapper: report latency for each error is false and specific error codes to track for latency are: []
DBWrapper: report latency for each error is false and specific error codes to track for latency are: []
DBWrapper: report latency for each error is false and specific error codes to track for latency are: []
DBWrapper: report latency for each error is false and specific error codes to track for latency are: []
DBWrapper: report latency for each error is false and specific error codes to track for latency are: []
DBWrapper: report latency for each error is false and specific error codes to track for latency are: []
DBWrapper: report latency for each error is false and specific error codes to track for latency are: []
DBWrapper: report latency for each error is false and specific error codes to track for latency are: []
DBWrapper: report latency for each error is false and specific error codes to track for latency are: []
DBWrapper: report latency for each error is false and specific error codes to track for latency are: []
DBWrapper: report latency for each error is false and specific error codes to track for latency are: []
2020-09-09 16:10:29:977 10 sec: 17668 operations; 1766.62 current ops/sec; est completion in 1 hour 34 minutes [READ: Count=17580, Max=626687, Min=3, Avg=13133.34, 90=25455, 99=61151, 99.9=561151, 99.99=596479] [READ-FAILED: Count=92, Max=43519, Min=1863, Avg=6831.13, 90=14775, 99=33023, 99.9=43519, 99.99=43519] 
2020-09-09 16:10:39:976 20 sec: 46325 operations; 2865.99 current ops/sec; est completion in 1 hour 11 minutes [READ: Count=28533, Max=605695, Min=3, Avg=11266.93, 90=21167, 99=62367, 99.9=531967, 99.99=585727] [READ-FAILED: Count=122, Max=15903, Min=1, Avg=3456.29, 90=5987, 99=13975, 99.9=15903, 99.99=15903] 
2020-09-09 16:10:49:976 30 sec: 76433 operations; 3010.8 current ops/sec; est completion in 1 hour 4 minutes [READ: Count=29967, Max=607743, Min=2, Avg=10685.42, 90=18671, 99=59967, 99.9=543743, 99.99=581119] [READ-FAILED: Count=144, Max=17311, Min=2, Avg=3323.12, 90=4219, 99=16279, 99.9=17311, 99.99=17311] 
2020-09-09 16:10:59:976 40 sec: 104712 operations; 2827.9 current ops/sec; est completion in 1 hour 3 minutes [READ: Count=28166, Max=613887, Min=2, Avg=11149.85, 90=19359, 99=76351, 99.9=538111, 99.99=607231] [READ-FAILED: Count=112, Max=23167, Min=1602, Avg=3442.99, 90=5027, 99=8099, 99.9=23167, 99.99=23167] 
2020-09-09 16:11:09:976 50 sec: 134147 operations; 2943.5 current ops/sec; est completion in 1 hour 1 minute [READ: Count=29309, Max=613375, Min=2, Avg=11048.87, 90=19471, 99=60287, 99.9=541695, 99.99=604671] [READ-FAILED: Count=125, Max=27999, Min=1, Avg=3527.21, 90=6227, 99=12087, 99.9=27999, 99.99=27999] 
2020-09-09 16:11:19:976 60 sec: 166033 operations; 3188.6 current ops/sec; est completion in 59 minutes [READ: Count=31737, Max=603647, Min=2, Avg=10042.5, 90=20767, 99=55551, 99.9=560127, 99.99=596479] [READ-FAILED: Count=147, Max=22271, Min=1787, Avg=3271.44, 90=4135, 99=15679, 99.9=22271, 99.99=22271] 
2020-09-09 16:11:29:976 70 sec: 195452 operations; 2941.9 current ops/sec; est completion in 58 minutes [READ: Count=29304, Max=613375, Min=2, Avg=10883.53, 90=19407, 99=67711, 99.9=548863, 99.99=602111] [READ-FAILED: Count=120, Max=14671, Min=1388, Avg=3341.76, 90=5159, 99=9831, 99.9=14671, 99.99=14671] 
2020-09-09 16:11:39:976 80 sec: 224431 operations; 2897.61 current ops/sec; est completion in 58 minutes [READ: Count=28833, Max=604159, Min=2, Avg=10774.99, 90=19231, 99=75391, 99.9=562687, 99.99=596479] [READ-FAILED: Count=141, Max=32319, Min=1, Avg=3501.77, 90=4455, 99=25759, 99.9=32319, 99.99=32319] 
2020-09-09 16:11:49:976 90 sec: 256502 operations; 3207.1 current ops/sec; est completion in 56 minutes [READ: Count=31921, Max=603647, Min=2, Avg=10353.08, 90=20143, 99=52319, 99.9=557567, 99.99=603135] [READ-FAILED: Count=152, Max=46943, Min=2, Avg=3846.02, 90=5147, 99=15655, 99.9=46943, 99.99=46943] 
2020-09-09 16:11:59:976 100 sec: 281597 operations; 2509.75 current ops/sec; est completion in 57 minutes [READ: Count=24993, Max=599039, Min=3, Avg=12306.71, 90=20719, 99=148735, 99.9=541695, 99.99=593407] [READ-FAILED: Count=102, Max=14423, Min=1563, Avg=3217.11, 90=4827, 99=11271, 99.9=14423, 99.99=14423] 
2020-09-09 16:12:09:976 110 sec: 315259 operations; 3365.86 current ops/sec; est completion in 56 minutes [READ: Count=33509, Max=1026559, Min=2, Avg=9880.55, 90=19839, 99=49183, 99.9=560127, 99.99=995839] [READ-FAILED: Count=151, Max=18879, Min=1, Avg=3835.32, 90=6859, 99=12527, 99.9=18879, 99.99=18879] 
2020-09-09 16:12:19:976 120 sec: 344233 operations; 2897.69 current ops/sec; est completion in 56 minutes [READ: Count=28862, Max=1016831, Min=2, Avg=11011.5, 90=20143, 99=53247, 99.9=562687, 99.99=1011199] [READ-FAILED: Count=112, Max=6311, Min=1518, Avg=2887.12, 90=4259, 99=5555, 99.9=6311, 99.99=6311] 
2020-09-09 16:12:29:976 130 sec: 373321 operations; 2908.8 current ops/sec; est completion in 55 minutes [READ: Count=28948, Max=596479, Min=3, Avg=10987.03, 90=19631, 99=70143, 99.9=542719, 99.99=585727] [READ-FAILED: Count=143, Max=67967, Min=1603, Avg=3958.06, 90=4747, 99=22527, 99.9=67967, 99.99=67967] 
2020-09-09 16:12:39:976 140 sec: 404594 operations; 3127.3 current ops/sec; est completion in 55 minutes [READ: Count=31127, Max=573439, Min=2, Avg=10298.14, 90=20239, 99=54847, 99.9=528383, 99.99=572927] [READ-FAILED: Count=146, Max=38495, Min=1445, Avg=3683.01, 90=4803, 99=24607, 99.9=38495, 99.99=38495] 
2020-09-09 16:12:49:976 150 sec: 434232 operations; 2963.8 current ops/sec; est completion in 55 minutes [READ: Count=29515, Max=1012735, Min=2, Avg=10783.36, 90=19759, 99=64703, 99.9=572415, 99.99=1005567] [READ-FAILED: Count=122, Max=10151, Min=1, Avg=2989.8, 90=4175, 99=6935, 99.9=10151, 99.99=10151] 
2020-09-09 16:12:59:976 160 sec: 461676 operations; 2744.13 current ops/sec; est completion in 55 minutes [READ: Count=27323, Max=953343, Min=3, Avg=11769.59, 90=21615, 99=70143, 99.9=530431, 99.99=569855] [READ-FAILED: Count=118, Max=33439, Min=2, Avg=5286.42, 90=12351, 99=30159, 99.9=33439, 99.99=33439] 
2020-09-09 16:13:09:976 170 sec: 491878 operations; 3020.5 current ops/sec; est completion in 54 minutes [READ: Count=30057, Max=604159, Min=2, Avg=10564.62, 90=18959, 99=66815, 99.9=540159, 99.99=595455] [READ-FAILED: Count=147, Max=57855, Min=1839, Avg=3969.86, 90=5271, 99=24975, 99.9=57855, 99.99=57855] 
2020-09-09 16:13:19:976 180 sec: 520382 operations; 2850.4 current ops/sec; est completion in 54 minutes [READ: Count=28382, Max=739327, Min=3, Avg=11315.68, 90=19871, 99=74111, 99.9=573951, 99.99=732159] [READ-FAILED: Count=122, Max=99839, Min=1544, Avg=4588.26, 90=5543, 99=47775, 99.9=99839, 99.99=99839] 
2020-09-09 16:13:29:976 190 sec: 550686 operations; 3030.1 current ops/sec; est completion in 54 minutes [READ: Count=30160, Max=566783, Min=3, Avg=10549.47, 90=20063, 99=60287, 99.9=536063, 99.99=555007] [READ-FAILED: Count=143, Max=30719, Min=1560, Avg=3558.41, 90=5299, 99=10359, 99.9=30719, 99.99=30719] 
2020-09-09 16:13:39:976 200 sec: 581626 operations; 3094.31 current ops/sec; est completion in 53 minutes [READ: Count=30773, Max=582655, Min=2, Avg=10251.72, 90=20239, 99=58495, 99.9=536575, 99.99=572415] [READ-FAILED: Count=167, Max=21711, Min=0, Avg=3191.68, 90=4235, 99=11487, 99.9=21711, 99.99=21711] 
2020-09-09 16:13:49:976 210 sec: 615348 operations; 3371.86 current ops/sec; est completion in 53 minutes [READ: Count=33559, Max=575999, Min=2, Avg=9663.49, 90=20143, 99=53503, 99.9=530431, 99.99=566271] [READ-FAILED: Count=165, Max=17311, Min=3, Avg=3506.88, 90=5195, 99=13655, 99.9=17311, 99.99=17311] 
2020-09-09 16:13:59:976 220 sec: 647331 operations; 3198.62 current ops/sec; est completion in 52 minutes [READ: Count=31842, Max=569855, Min=3, Avg=10037.46, 90=20255, 99=55039, 99.9=538623, 99.99=563711] [READ-FAILED: Count=143, Max=81151, Min=1223, Avg=4022.02, 90=5347, 99=14383, 99.9=81151, 99.99=81151] 
2020-09-09 16:14:09:976 230 sec: 676794 operations; 2946.3 current ops/sec; est completion in 52 minutes [READ: Count=29341, Max=611327, Min=3, Avg=10811.89, 90=20559, 99=62399, 99.9=544767, 99.99=575487] [READ-FAILED: Count=119, Max=31615, Min=1576, Avg=3419.03, 90=4323, 99=21023, 99.9=31615, 99.99=31615] 
2020-09-09 16:14:19:976 240 sec: 710028 operations; 3323.07 current ops/sec; est completion in 52 minutes [READ: Count=33072, Max=583167, Min=2, Avg=9711.88, 90=19919, 99=50431, 99.9=530431, 99.99=571903] [READ-FAILED: Count=162, Max=35679, Min=1, Avg=4279.65, 90=7367, 99=23519, 99.9=35679, 99.99=35679] 
2020-09-09 16:14:29:976 250 sec: 742901 operations; 3287.3 current ops/sec; est completion in 51 minutes [READ: Count=32711, Max=576511, Min=3, Avg=9721.6, 90=19439, 99=56031, 99.9=540159, 99.99=571903] [READ-FAILED: Count=164, Max=18911, Min=2, Avg=3650.65, 90=6007, 99=16447, 99.9=18911, 99.99=18911] 
2020-09-09 16:14:39:978 260 sec: 772261 operations; 2936.29 current ops/sec; est completion in 51 minutes [READ: Count=29212, Max=576511, Min=3, Avg=10936.7, 90=19855, 99=65471, 99.9=547327, 99.99=561663] [READ-FAILED: Count=144, Max=10135, Min=1, Avg=3122.76, 90=4735, 99=7807, 99.9=10135, 99.99=10135] 
2020-09-09 16:14:49:976 270 sec: 802965 operations; 3070.4 current ops/sec; est completion in 51 minutes [READ: Count=30578, Max=592895, Min=2, Avg=10265.69, 90=20175, 99=65599, 99.9=526335, 99.99=587263] [READ-FAILED: Count=127, Max=67263, Min=1641, Avg=4016.58, 90=5323, 99=17119, 99.9=67263, 99.99=67263] 
2020-09-09 16:14:59:976 280 sec: 835744 operations; 3277.57 current ops/sec; est completion in 51 minutes [READ: Count=32653, Max=624639, Min=3, Avg=9979.27, 90=19583, 99=55807, 99.9=540159, 99.99=586751] [READ-FAILED: Count=127, Max=37087, Min=2, Avg=3788.13, 90=5347, 99=21055, 99.9=37087, 99.99=37087] 
2020-09-09 16:15:09:976 290 sec: 864837 operations; 2909.59 current ops/sec; est completion in 51 minutes [READ: Count=28953, Max=585215, Min=2, Avg=10903.66, 90=19919, 99=68223, 99.9=539647, 99.99=566271] [READ-FAILED: Count=138, Max=68287, Min=1790, Avg=3633.62, 90=4611, 99=12143, 99.9=68287, 99.99=68287] 
2020-09-09 16:15:19:979 300 sec: 892491 operations; 2764.29 current ops/sec; est completion in 51 minutes [READ: Count=27537, Max=1011199, Min=3, Avg=11662.91, 90=20799, 99=77247, 99.9=548863, 99.99=844799] [READ-FAILED: Count=122, Max=87231, Min=2, Avg=4262.67, 90=4775, 99=56927, 99.9=87231, 99.99=87231] 
Maximum time elapsed. Requesting stop for the workload.
Stop requested for workload. Now Joining!
[36m16:15:20.407[m [[34;1mINFO[m] [1;34mp.u.t.s.y.Stats.clientFinished@38[m: 
Ended SconeKV benchmark.
Number of clients: 32
Total transactions: 177528
Committed: 177528 (100.0%)
Aborted: 0 (0.0%)
2020-09-09 16:15:20:409 300 sec: 892887 operations; 920.93 current ops/sec; est completion in 51 minutes [READ: Count=388, Max=531455, Min=1700, Avg=16906.24, 90=21951, 99=514815, 99.9=531455, 99.99=531455] [CLEANUP: Count=32, Max=1494, Min=2, Avg=50.59, 90=7, 99=1494, 99.9=1494, 99.99=1494] [READ-FAILED: Count=3, Max=2481, Min=2210, Avg=2371.67, 90=2481, 99=2481, 99.9=2481, 99.99=2481] 
[OVERALL], RunTime(ms), 300434
[OVERALL], Throughput(ops/sec), 2971.990520380516
[TOTAL_GCS_G1_Young_Generation], Count, 137
[TOTAL_GC_TIME_G1_Young_Generation], Time(ms), 1119
[TOTAL_GC_TIME_%_G1_Young_Generation], Time(%), 0.37246117283662966
[TOTAL_GCS_G1_Old_Generation], Count, 0
[TOTAL_GC_TIME_G1_Old_Generation], Time(ms), 0
[TOTAL_GC_TIME_%_G1_Old_Generation], Time(%), 0.0
[TOTAL_GCs], Count, 137
[TOTAL_GC_TIME], Time(ms), 1119
[TOTAL_GC_TIME_%], Time(%), 0.37246117283662966
[READ], Operations, 888845
[READ], AverageLatency(us), 10687.504184644116
[READ], MinLatency(us), 2
[READ], MaxLatency(us), 1026559
[READ], 95thPercentileLatency(us), 25119
[READ], 99thPercentileLatency(us), 63071
[READ], Return=OK, 888845
[READ], Return=NOT_FOUND, 4042
[CLEANUP], Operations, 32
[CLEANUP], AverageLatency(us), 50.59375
[CLEANUP], MinLatency(us), 2
[CLEANUP], MaxLatency(us), 1494
[CLEANUP], 95thPercentileLatency(us), 8
[CLEANUP], 99thPercentileLatency(us), 1494
[READ-FAILED], Operations, 4042
[READ-FAILED], AverageLatency(us), 3747.075952498763
[READ-FAILED], MinLatency(us), 0
[READ-FAILED], MaxLatency(us), 99839
[READ-FAILED], 95thPercentileLatency(us), 7939
[READ-FAILED], 99thPercentileLatency(us), 19983
