Command line: -t -db pt.ulisboa.tecnico.sconekv.ycsb.SconeKVClient -P workloadb -threads 32 -s -p scone.tx_size=5 -p operationcount=10000000 -p maxexecutiontime=300
YCSB Client 0.17.0

Loading workload...
Starting test.
WARNING: sun.reflect.Reflection.getCallerClass is not supported. This will impact performance.
Maximum execution time specified as: 300 secs
2020-09-09 14:30:32:891 0 sec: 0 operations; est completion in 0 second 
DBWrapper: report latency for each error is false and specific error codes to track for latency are: []
DBWrapper: report latency for each error is false and specific error codes to track for latency are: []
DBWrapper: report latency for each error is false and specific error codes to track for latency are: []
DBWrapper: report latency for each error is false and specific error codes to track for latency are: []
DBWrapper: report latency for each error is false and specific error codes to track for latency are: []
DBWrapper: report latency for each error is false and specific error codes to track for latency are: []
DBWrapper: report latency for each error is false and specific error codes to track for latency are: []
DBWrapper: report latency for each error is false and specific error codes to track for latency are: []
DBWrapper: report latency for each error is false and specific error codes to track for latency are: []
DBWrapper: report latency for each error is false and specific error codes to track for latency are: []
DBWrapper: report latency for each error is false and specific error codes to track for latency are: []
DBWrapper: report latency for each error is false and specific error codes to track for latency are: []
DBWrapper: report latency for each error is false and specific error codes to track for latency are: []
DBWrapper: report latency for each error is false and specific error codes to track for latency are: []
DBWrapper: report latency for each error is false and specific error codes to track for latency are: []
DBWrapper: report latency for each error is false and specific error codes to track for latency are: []
DBWrapper: report latency for each error is false and specific error codes to track for latency are: []
DBWrapper: report latency for each error is false and specific error codes to track for latency are: []
DBWrapper: report latency for each error is false and specific error codes to track for latency are: []
DBWrapper: report latency for each error is false and specific error codes to track for latency are: []
DBWrapper: report latency for each error is false and specific error codes to track for latency are: []
DBWrapper: report latency for each error is false and specific error codes to track for latency are: []
DBWrapper: report latency for each error is false and specific error codes to track for latency are: []
DBWrapper: report latency for each error is false and specific error codes to track for latency are: []
DBWrapper: report latency for each error is false and specific error codes to track for latency are: []
DBWrapper: report latency for each error is false and specific error codes to track for latency are: []
DBWrapper: report latency for each error is false and specific error codes to track for latency are: []
DBWrapper: report latency for each error is false and specific error codes to track for latency are: []
DBWrapper: report latency for each error is false and specific error codes to track for latency are: []
DBWrapper: report latency for each error is false and specific error codes to track for latency are: []
DBWrapper: report latency for each error is false and specific error codes to track for latency are: []
DBWrapper: report latency for each error is false and specific error codes to track for latency are: []
2020-09-09 14:30:42:881 10 sec: 16026 operations; 1602.44 current ops/sec; est completion in 1 hour 43 minutes [READ: Count=15246, Max=592383, Min=1, Avg=15011.25, 90=28911, 99=113919, 99.9=545791, 99.99=566783] [UPDATE: Count=759, Max=533503, Min=121, Avg=17746.42, 90=28447, 99=299007, 99.9=530943, 99.99=533503] [READ-FAILED: Count=27, Max=20847, Min=2248, Avg=5873.63, 90=8943, 99=20847, 99.9=20847, 99.99=20847] 
2020-09-09 14:30:52:880 20 sec: 39577 operations; 2355.1 current ops/sec; est completion in 1 hour 23 minutes [READ: Count=22327, Max=873471, Min=0, Avg=13399.69, 90=23215, 99=308223, 99.9=540159, 99.99=659967] [UPDATE: Count=1187, Max=904703, Min=17, Avg=16564.46, 90=23951, 99=516607, 99.9=877567, 99.99=904703] [READ-FAILED: Count=35, Max=25663, Min=2039, Avg=4357.14, 90=5315, 99=25663, 99.9=25663, 99.99=25663] 
2020-09-09 14:31:02:880 30 sec: 66376 operations; 2680.17 current ops/sec; est completion in 1 hour 14 minutes [READ: Count=25474, Max=647679, Min=0, Avg=11615.03, 90=23503, 99=64447, 99.9=532479, 99.99=551935] [UPDATE: Count=1295, Max=1068031, Min=17, Avg=18202.38, 90=25039, 99=515071, 99.9=890367, 99.99=1068031] [READ-FAILED: Count=27, Max=17055, Min=1821, Avg=3776.74, 90=5715, 99=17055, 99.9=17055, 99.99=17055] 
2020-09-09 14:31:12:880 40 sec: 94307 operations; 2792.82 current ops/sec; est completion in 1 hour 10 minutes [READ: Count=26473, Max=1417215, Min=0, Avg=11329.36, 90=21231, 99=75263, 99.9=529407, 99.99=1059839] [UPDATE: Count=1424, Max=1378303, Min=17, Avg=11868.5, 90=21471, 99=84351, 99.9=525823, 99.99=1378303] [READ-FAILED: Count=34, Max=18335, Min=1955, Avg=3233.38, 90=3397, 99=18335, 99.9=18335, 99.99=18335] 
2020-09-09 14:31:22:883 50 sec: 121642 operations; 2732.68 current ops/sec; est completion in 1 hour 7 minutes [READ: Count=25905, Max=783359, Min=0, Avg=11514.36, 90=20959, 99=91327, 99.9=534015, 99.99=556543] [UPDATE: Count=1388, Max=926719, Min=18, Avg=12638.69, 90=20991, 99=169727, 99.9=765951, 99.99=926719] [READ-FAILED: Count=41, Max=20943, Min=1761, Avg=3302.17, 90=4155, 99=20943, 99.9=20943, 99.99=20943] 
2020-09-09 14:31:32:880 60 sec: 149126 operations; 2749.22 current ops/sec; est completion in 1 hour 6 minutes [READ: Count=26082, Max=663551, Min=0, Avg=11834.61, 90=19855, 99=203775, 99.9=544255, 99.99=568319] [UPDATE: Count=1377, Max=598527, Min=15, Avg=13659.29, 90=20607, 99=351743, 99.9=560639, 99.99=598527] [READ-FAILED: Count=31, Max=7531, Min=1875, Avg=2805.32, 90=3563, 99=7531, 99.9=7531, 99.99=7531] 
2020-09-09 14:31:42:880 70 sec: 176999 operations; 2787.3 current ops/sec; est completion in 1 hour 4 minutes [READ: Count=26464, Max=1002495, Min=0, Avg=11440.3, 90=19439, 99=84991, 99.9=539647, 99.99=817151] [UPDATE: Count=1383, Max=798719, Min=14, Avg=11506.96, 90=19119, 99=197503, 99.9=623103, 99.99=798719] [READ-FAILED: Count=28, Max=7627, Min=1706, Avg=3202.96, 90=5067, 99=7627, 99.9=7627, 99.99=7627] 
2020-09-09 14:31:52:880 80 sec: 206219 operations; 2922 current ops/sec; est completion in 1 hour 3 minutes [READ: Count=27742, Max=995327, Min=0, Avg=10832.53, 90=19983, 99=60095, 99.9=531967, 99.99=573951] [UPDATE: Count=1437, Max=634879, Min=14, Avg=12880.31, 90=19631, 99=375807, 99.9=546303, 99.99=634879] [READ-FAILED: Count=34, Max=7083, Min=1913, Avg=3060.24, 90=4195, 99=7083, 99.9=7083, 99.99=7083] 
2020-09-09 14:32:02:880 90 sec: 235831 operations; 2961.5 current ops/sec; est completion in 1 hour 2 minutes [READ: Count=28082, Max=666111, Min=0, Avg=10676.72, 90=21727, 99=60351, 99.9=530431, 99.99=556031] [UPDATE: Count=1511, Max=891903, Min=16, Avg=12525.87, 90=20991, 99=244607, 99.9=549887, 99.99=891903] [READ-FAILED: Count=23, Max=16943, Min=1905, Avg=3938.96, 90=5751, 99=16943, 99.9=16943, 99.99=16943] 
2020-09-09 14:32:12:880 100 sec: 263661 operations; 2782.72 current ops/sec; est completion in 1 hour 1 minute [READ: Count=26455, Max=931327, Min=0, Avg=11559.63, 90=20687, 99=86335, 99.9=533503, 99.99=570879] [UPDATE: Count=1354, Max=596479, Min=15, Avg=12980.86, 90=20943, 99=244095, 99.9=536063, 99.99=596479] [READ-FAILED: Count=28, Max=11831, Min=1768, Avg=3426.57, 90=4011, 99=11831, 99.9=11831, 99.99=11831] 
2020-09-09 14:32:22:880 110 sec: 292484 operations; 2882.59 current ops/sec; est completion in 1 hour [READ: Count=27351, Max=647679, Min=0, Avg=10940.98, 90=21135, 99=63647, 99.9=530943, 99.99=557567] [UPDATE: Count=1442, Max=686079, Min=14, Avg=10968.36, 90=21407, 99=67647, 99.9=560127, 99.99=686079] [READ-FAILED: Count=23, Max=13303, Min=1820, Avg=3321.78, 90=4243, 99=13303, 99.9=13303, 99.99=13303] 
2020-09-09 14:32:32:880 120 sec: 323018 operations; 3053.09 current ops/sec; est completion in 59 minutes [READ: Count=29041, Max=729087, Min=0, Avg=10523.47, 90=20559, 99=58111, 99.9=541183, 99.99=572415] [UPDATE: Count=1449, Max=572415, Min=14, Avg=12008.11, 90=21871, 99=166527, 99.9=537599, 99.99=572415] [READ-FAILED: Count=39, Max=11943, Min=1787, Avg=3622.03, 90=6755, 99=11943, 99.9=11943, 99.99=11943] 
2020-09-09 14:32:42:880 130 sec: 352755 operations; 2973.7 current ops/sec; est completion in 59 minutes [READ: Count=28217, Max=826879, Min=0, Avg=10653.25, 90=20063, 99=65471, 99.9=544767, 99.99=706559] [UPDATE: Count=1493, Max=701951, Min=15, Avg=11937.4, 90=20159, 99=152959, 99.9=577023, 99.99=701951] [READ-FAILED: Count=31, Max=21215, Min=1504, Avg=3466.55, 90=3905, 99=21215, 99.9=21215, 99.99=21215] 
2020-09-09 14:32:52:880 140 sec: 382524 operations; 2976.9 current ops/sec; est completion in 58 minutes [READ: Count=28217, Max=890367, Min=0, Avg=10681.23, 90=20703, 99=67263, 99.9=540159, 99.99=701951] [UPDATE: Count=1517, Max=824831, Min=16, Avg=12767.15, 90=20687, 99=214655, 99.9=534527, 99.99=824831] [READ-FAILED: Count=32, Max=12791, Min=1886, Avg=3752.5, 90=5315, 99=12791, 99.9=12791, 99.99=12791] 
2020-09-09 14:33:02:880 150 sec: 408751 operations; 2622.96 current ops/sec; est completion in 58 minutes [READ: Count=24878, Max=1133567, Min=0, Avg=11895.17, 90=20255, 99=139007, 99.9=544255, 99.99=974335] [UPDATE: Count=1327, Max=1130495, Min=16, Avg=14371.18, 90=21391, 99=330495, 99.9=1121279, 99.99=1130495] [READ-FAILED: Count=22, Max=489471, Min=1694, Avg=24730.77, 90=3503, 99=489471, 99.9=489471, 99.99=489471] 
2020-09-09 14:33:12:880 160 sec: 439760 operations; 3100.59 current ops/sec; est completion in 57 minutes [READ: Count=29400, Max=852991, Min=0, Avg=10495.66, 90=20559, 99=62335, 99.9=532479, 99.99=573951] [UPDATE: Count=1577, Max=715775, Min=16, Avg=11133.06, 90=19951, 99=102655, 99.9=538111, 99.99=715775] [READ-FAILED: Count=35, Max=14887, Min=1672, Avg=3593.46, 90=4847, 99=14887, 99.9=14887, 99.99=14887] 
2020-09-09 14:33:22:880 170 sec: 468393 operations; 2863.59 current ops/sec; est completion in 57 minutes [READ: Count=27246, Max=565247, Min=0, Avg=11064.81, 90=20639, 99=80127, 99.9=532991, 99.99=556031] [UPDATE: Count=1362, Max=531967, Min=18, Avg=13483.21, 90=21599, 99=397055, 99.9=526335, 99.99=531967] [READ-FAILED: Count=24, Max=29231, Min=1720, Avg=4060.33, 90=4395, 99=29231, 99.9=29231, 99.99=29231] 
2020-09-09 14:33:32:880 180 sec: 496755 operations; 2835.92 current ops/sec; est completion in 57 minutes [READ: Count=26924, Max=1111039, Min=0, Avg=11164.15, 90=20783, 99=77695, 99.9=538623, 99.99=580095] [UPDATE: Count=1415, Max=717823, Min=19, Avg=12177.41, 90=21119, 99=168447, 99.9=537599, 99.99=717823] [READ-FAILED: Count=22, Max=28383, Min=1867, Avg=4330.95, 90=5259, 99=28383, 99.9=28383, 99.99=28383] 
2020-09-09 14:33:42:880 190 sec: 527342 operations; 3058.7 current ops/sec; est completion in 56 minutes [READ: Count=29118, Max=1003519, Min=0, Avg=10360.16, 90=20399, 99=67199, 99.9=540159, 99.99=579071] [UPDATE: Count=1442, Max=576511, Min=18, Avg=11683.46, 90=21727, 99=203903, 99.9=542719, 99.99=576511] [READ-FAILED: Count=26, Max=6907, Min=1696, Avg=2791.38, 90=3487, 99=6907, 99.9=6907, 99.99=6907] 
2020-09-09 14:33:52:880 200 sec: 555605 operations; 2826.58 current ops/sec; est completion in 56 minutes [READ: Count=26837, Max=764415, Min=0, Avg=11101, 90=20703, 99=86143, 99.9=538111, 99.99=578047] [UPDATE: Count=1391, Max=591871, Min=17, Avg=15293.54, 90=22175, 99=513535, 99.9=557567, 99.99=591871] [READ-FAILED: Count=34, Max=25151, Min=1772, Avg=3255.32, 90=4171, 99=25151, 99.9=25151, 99.99=25151] 
2020-09-09 14:34:02:880 210 sec: 584688 operations; 2908.01 current ops/sec; est completion in 56 minutes [READ: Count=27612, Max=1800191, Min=0, Avg=10912.88, 90=20895, 99=65727, 99.9=547839, 99.99=850943] [UPDATE: Count=1446, Max=1721343, Min=16, Avg=14334.65, 90=21039, 99=353791, 99.9=543743, 99.99=1721343] [READ-FAILED: Count=27, Max=17663, Min=1969, Avg=3864.04, 90=5479, 99=17663, 99.9=17663, 99.99=17663] 
2020-09-09 14:34:12:880 220 sec: 613090 operations; 2840.2 current ops/sec; est completion in 56 minutes [READ: Count=27002, Max=1009663, Min=0, Avg=11216.92, 90=21567, 99=68479, 99.9=532991, 99.99=903679] [UPDATE: Count=1367, Max=546815, Min=16, Avg=10419.38, 90=22511, 99=50015, 99.9=537599, 99.99=546815] [READ-FAILED: Count=32, Max=26399, Min=1829, Avg=3529.38, 90=4119, 99=26399, 99.9=26399, 99.99=26399] 
2020-09-09 14:34:22:880 230 sec: 640553 operations; 2746.57 current ops/sec; est completion in 56 minutes [READ: Count=26046, Max=1480703, Min=0, Avg=11397.99, 90=20511, 99=75199, 99.9=542207, 99.99=939007] [UPDATE: Count=1383, Max=772095, Min=14, Avg=15711.54, 90=22895, 99=509439, 99.9=639487, 99.99=772095] [READ-FAILED: Count=33, Max=32863, Min=1824, Avg=4572.85, 90=4623, 99=32863, 99.9=32863, 99.99=32863] 
2020-09-09 14:34:32:880 240 sec: 670377 operations; 2982.4 current ops/sec; est completion in 55 minutes [READ: Count=28247, Max=1341439, Min=0, Avg=10569.95, 90=19231, 99=63967, 99.9=537087, 99.99=797695] [UPDATE: Count=1541, Max=1469439, Min=16, Avg=16171.29, 90=21023, 99=500223, 99.9=782847, 99.99=1469439] [READ-FAILED: Count=37, Max=8959, Min=1466, Avg=2816.22, 90=3421, 99=8959, 99.9=8959, 99.99=8959] 
2020-09-09 14:34:42:880 250 sec: 700984 operations; 3060.7 current ops/sec; est completion in 55 minutes [READ: Count=29033, Max=948223, Min=0, Avg=10484.21, 90=20111, 99=70079, 99.9=541695, 99.99=681471] [UPDATE: Count=1546, Max=526847, Min=16, Avg=10270.12, 90=19871, 99=87359, 99.9=517375, 99.99=526847] [READ-FAILED: Count=28, Max=10695, Min=1666, Avg=3340.61, 90=4467, 99=10695, 99.9=10695, 99.99=10695] 
2020-09-09 14:34:52:880 260 sec: 732181 operations; 3119.39 current ops/sec; est completion in 54 minutes [READ: Count=29618, Max=656383, Min=0, Avg=10187.55, 90=21279, 99=59391, 99.9=532991, 99.99=564735] [UPDATE: Count=1550, Max=599551, Min=18, Avg=11227.09, 90=21935, 99=98687, 99.9=528895, 99.99=599551] [READ-FAILED: Count=31, Max=26639, Min=1888, Avg=4629.06, 90=7579, 99=26639, 99.9=26639, 99.99=26639] 
2020-09-09 14:35:02:880 270 sec: 764067 operations; 3188.92 current ops/sec; est completion in 54 minutes [READ: Count=30230, Max=990207, Min=0, Avg=9953.18, 90=20703, 99=58623, 99.9=534015, 99.99=770559] [UPDATE: Count=1621, Max=539135, Min=16, Avg=11000.15, 90=20719, 99=95295, 99.9=537087, 99.99=539135] [READ-FAILED: Count=32, Max=6231, Min=1857, Avg=3037.44, 90=4343, 99=6231, 99.9=6231, 99.99=6231] 
2020-09-09 14:35:12:880 280 sec: 793464 operations; 2939.41 current ops/sec; est completion in 54 minutes [READ: Count=27943, Max=959999, Min=0, Avg=10757.15, 90=21519, 99=69695, 99.9=536575, 99.99=756223] [UPDATE: Count=1425, Max=623103, Min=17, Avg=11951.89, 90=22159, 99=105279, 99.9=543743, 99.99=623103] [READ-FAILED: Count=29, Max=53599, Min=1618, Avg=4813.1, 90=4127, 99=53599, 99.9=53599, 99.99=53599] 
2020-09-09 14:35:22:880 290 sec: 822848 operations; 2938.69 current ops/sec; est completion in 53 minutes [READ: Count=27919, Max=1180671, Min=0, Avg=10845, 90=20255, 99=77183, 99.9=532479, 99.99=723967] [UPDATE: Count=1436, Max=578559, Min=17, Avg=13044.66, 90=21951, 99=288511, 99.9=533503, 99.99=578559] [READ-FAILED: Count=29, Max=8415, Min=1750, Avg=3227, 90=4419, 99=8415, 99.9=8415, 99.99=8415] 
2020-09-09 14:35:32:880 300 sec: 851378 operations; 2853 current ops/sec; est completion in 53 minutes [READ: Count=27033, Max=831999, Min=0, Avg=11179.16, 90=20863, 99=82431, 99.9=536063, 99.99=559615] [UPDATE: Count=1473, Max=520703, Min=17, Avg=10554.61, 90=19887, 99=78911, 99.9=518143, 99.99=520703] [READ-FAILED: Count=24, Max=7479, Min=1909, Avg=3498.12, 90=6195, 99=7479, 99.9=7479, 99.99=7479] 
Maximum time elapsed. Requesting stop for the workload.
Stop requested for workload. Now Joining!
[36m14:35:33.198[m [[34;1mINFO[m] [1;34mp.u.t.s.y.Stats.clientFinished@38[m: 
Ended SconeKV benchmark.
Number of clients: 32
Total transactions: 169395
Committed: 162690 (96.0418%)
Aborted: 6705 (3.958204%)
2020-09-09 14:35:33:201 300 sec: 851593 operations; 669.78 current ops/sec; est completion in 53 minutes [READ: Count=206, Max=1273855, Min=2, Avg=44066.45, 90=49631, 99=915967, 99.9=1273855, 99.99=1273855] [CLEANUP: Count=32, Max=1584, Min=3, Avg=53.47, 90=7, 99=1584, 99.9=1584, 99.99=1584] [UPDATE: Count=9, Max=542719, Min=2048, Avg=119833.89, 90=427775, 99=542719, 99.9=542719, 99.99=542719] [READ-FAILED: Count=0, Max=0, Min=9223372036854775807, Avg=NaN, 90=0, 99=0, 99.9=0, 99.99=0] 
[OVERALL], RunTime(ms), 300321
[OVERALL], Throughput(ops/sec), 2835.609231455676
[TOTAL_GCS_G1_Young_Generation], Count, 126
[TOTAL_GC_TIME_G1_Young_Generation], Time(ms), 1026
[TOTAL_GC_TIME_%_G1_Young_Generation], Time(%), 0.34163445113728313
[TOTAL_GCS_G1_Old_Generation], Count, 0
[TOTAL_GC_TIME_G1_Old_Generation], Time(ms), 0
[TOTAL_GC_TIME_%_G1_Old_Generation], Time(%), 0.0
[TOTAL_GCs], Count, 126
[TOTAL_GC_TIME], Time(ms), 1026
[TOTAL_GC_TIME_%], Time(%), 0.34163445113728313
[READ], Operations, 808368
[READ], AverageLatency(us), 11101.376008204184
[READ], MinLatency(us), 0
[READ], MaxLatency(us), 1800191
[READ], 95thPercentileLatency(us), 27487
[READ], 99thPercentileLatency(us), 71935
[READ], Return=OK, 808368
[READ], Return=NOT_FOUND, 898
[CLEANUP], Operations, 32
[CLEANUP], AverageLatency(us), 53.46875
[CLEANUP], MinLatency(us), 3
[CLEANUP], MaxLatency(us), 1584
[CLEANUP], 95thPercentileLatency(us), 9
[CLEANUP], 99thPercentileLatency(us), 1584
[UPDATE], Operations, 42327
[UPDATE], AverageLatency(us), 12917.320315637773
[UPDATE], MinLatency(us), 14
[UPDATE], MaxLatency(us), 1721343
[UPDATE], 95thPercentileLatency(us), 29551
[UPDATE], 99thPercentileLatency(us), 264959
[UPDATE], Return=OK, 42327
[READ-FAILED], Operations, 898
[READ-FAILED], AverageLatency(us), 4165.238307349666
[READ-FAILED], MinLatency(us), 1466
[READ-FAILED], MaxLatency(us), 489471
[READ-FAILED], 95thPercentileLatency(us), 8255
[READ-FAILED], 99thPercentileLatency(us), 21215
