Command line: -t -db pt.ulisboa.tecnico.sconekv.ycsb.SconeKVClient -P workloada -threads 256 -s -p scone.tx_size=5 -p operationcount=10000000 -p maxexecutiontime=300
YCSB Client 0.17.0

Loading workload...
Starting test.
WARNING: sun.reflect.Reflection.getCallerClass is not supported. This will impact performance.
2020-09-10 12:14:40:853 0 sec: 0 operations; est completion in 0 second 
Maximum execution time specified as: 300 secs
DBWrapper: report latency for each error is false and specific error codes to track for latency are: []
DBWrapper: report latency for each error is false and specific error codes to track for latency are: []
DBWrapper: report latency for each error is false and specific error codes to track for latency are: []
DBWrapper: report latency for each error is false and specific error codes to track for latency are: []
DBWrapper: report latency for each error is false and specific error codes to track for latency are: []
DBWrapper: report latency for each error is false and specific error codes to track for latency are: []
DBWrapper: report latency for each error is false and specific error codes to track for latency are: []
DBWrapper: report latency for each error is false and specific error codes to track for latency are: []
DBWrapper: report latency for each error is false and specific error codes to track for latency are: []
DBWrapper: report latency for each error is false and specific error codes to track for latency are: []
DBWrapper: report latency for each error is false and specific error codes to track for latency are: []
DBWrapper: report latency for each error is false and specific error codes to track for latency are: []
DBWrapper: report latency for each error is false and specific error codes to track for latency are: []
DBWrapper: report latency for each error is false and specific error codes to track for latency are: []
DBWrapper: report latency for each error is false and specific error codes to track for latency are: []
DBWrapper: report latency for each error is false and specific error codes to track for latency are: []
DBWrapper: report latency for each error is false and specific error codes to track for latency are: []
DBWrapper: report latency for each error is false and specific error codes to track for latency are: []
DBWrapper: report latency for each error is false and specific error codes to track for latency are: []
DBWrapper: report latency for each error is false and specific error codes to track for latency are: []
DBWrapper: report latency for each error is false and specific error codes to track for latency are: []
DBWrapper: report latency for each error is false and specific error codes to track for latency are: []
DBWrapper: report latency for each error is false and specific error codes to track for latency are: []
DBWrapper: report latency for each error is false and specific error codes to track for latency are: []
DBWrapper: report latency for each error is false and specific error codes to track for latency are: []
DBWrapper: report latency for each error is false and specific error codes to track for latency are: []
DBWrapper: report latency for each error is false and specific error codes to track for latency are: []
DBWrapper: report latency for each error is false and specific error codes to track for latency are: []
DBWrapper: report latency for each error is false and specific error codes to track for latency are: []
DBWrapper: report latency for each error is false and specific error codes to track for latency are: []
DBWrapper: report latency for each error is false and specific error codes to track for latency are: []
DBWrapper: report latency for each error is false and specific error codes to track for latency are: []
DBWrapper: report latency for each error is false and specific error codes to track for latency are: []
DBWrapper: report latency for each error is false and specific error codes to track for latency are: []
DBWrapper: report latency for each error is false and specific error codes to track for latency are: []
DBWrapper: report latency for each error is false and specific error codes to track for latency are: []
DBWrapper: report latency for each error is false and specific error codes to track for latency are: []
DBWrapper: report latency for each error is false and specific error codes to track for latency are: []
DBWrapper: report latency for each error is false and specific error codes to track for latency are: []
DBWrapper: report latency for each error is false and specific error codes to track for latency are: []
DBWrapper: report latency for each error is false and specific error codes to track for latency are: []
DBWrapper: report latency for each error is false and specific error codes to track for latency are: []
DBWrapper: report latency for each error is false and specific error codes to track for latency are: []
DBWrapper: report latency for each error is false and specific error codes to track for latency are: []
DBWrapper: report latency for each error is false and specific error codes to track for latency are: []
DBWrapper: report latency for each error is false and specific error codes to track for latency are: []
DBWrapper: report latency for each error is false and specific error codes to track for latency are: []
DBWrapper: report latency for each error is false and specific error codes to track for latency are: []
DBWrapper: report latency for each error is false and specific error codes to track for latency are: []
DBWrapper: report latency for each error is false and specific error codes to track for latency are: []
DBWrapper: report latency for each error is false and specific error codes to track for latency are: []
DBWrapper: report latency for each error is false and specific error codes to track for latency are: []
DBWrapper: report latency for each error is false and specific error codes to track for latency are: []
DBWrapper: report latency for each error is false and specific error codes to track for latency are: []
DBWrapper: report latency for each error is false and specific error codes to track for latency are: []
DBWrapper: report latency for each error is false and specific error codes to track for latency are: []
DBWrapper: report latency for each error is false and specific error codes to track for latency are: []
DBWrapper: report latency for each error is false and specific error codes to track for latency are: []
DBWrapper: report latency for each error is false and specific error codes to track for latency are: []
DBWrapper: report latency for each error is false and specific error codes to track for latency are: []
DBWrapper: report latency for each error is false and specific error codes to track for latency are: []
DBWrapper: report latency for each error is false and specific error codes to track for latency are: []
DBWrapper: report latency for each error is false and specific error codes to track for latency are: []
DBWrapper: report latency for each error is false and specific error codes to track for latency are: []
DBWrapper: report latency for each error is false and specific error codes to track for latency are: []
DBWrapper: report latency for each error is false and specific error codes to track for latency are: []
DBWrapper: report latency for each error is false and specific error codes to track for latency are: []
DBWrapper: report latency for each error is false and specific error codes to track for latency are: []
DBWrapper: report latency for each error is false and specific error codes to track for latency are: []
DBWrapper: report latency for each error is false and specific error codes to track for latency are: []
DBWrapper: report latency for each error is false and specific error codes to track for latency are: []
DBWrapper: report latency for each error is false and specific error codes to track for latency are: []
DBWrapper: report latency for each error is false and specific error codes to track for latency are: []
DBWrapper: report latency for each error is false and specific error codes to track for latency are: []
DBWrapper: report latency for each error is false and specific error codes to track for latency are: []
DBWrapper: report latency for each error is false and specific error codes to track for latency are: []
DBWrapper: report latency for each error is false and specific error codes to track for latency are: []
DBWrapper: report latency for each error is false and specific error codes to track for latency are: []
DBWrapper: report latency for each error is false and specific error codes to track for latency are: []
DBWrapper: report latency for each error is false and specific error codes to track for latency are: []
DBWrapper: report latency for each error is false and specific error codes to track for latency are: []
DBWrapper: report latency for each error is false and specific error codes to track for latency are: []
DBWrapper: report latency for each error is false and specific error codes to track for latency are: []
DBWrapper: report latency for each error is false and specific error codes to track for latency are: []
DBWrapper: report latency for each error is false and specific error codes to track for latency are: []
DBWrapper: report latency for each error is false and specific error codes to track for latency are: []
DBWrapper: report latency for each error is false and specific error codes to track for latency are: []
DBWrapper: report latency for each error is false and specific error codes to track for latency are: []
DBWrapper: report latency for each error is false and specific error codes to track for latency are: []
DBWrapper: report latency for each error is false and specific error codes to track for latency are: []
DBWrapper: report latency for each error is false and specific error codes to track for latency are: []
DBWrapper: report latency for each error is false and specific error codes to track for latency are: []
DBWrapper: report latency for each error is false and specific error codes to track for latency are: []
DBWrapper: report latency for each error is false and specific error codes to track for latency are: []
DBWrapper: report latency for each error is false and specific error codes to track for latency are: []
DBWrapper: report latency for each error is false and specific error codes to track for latency are: []
DBWrapper: report latency for each error is false and specific error codes to track for latency are: []
DBWrapper: report latency for each error is false and specific error codes to track for latency are: []
DBWrapper: report latency for each error is false and specific error codes to track for latency are: []
DBWrapper: report latency for each error is false and specific error codes to track for latency are: []
DBWrapper: report latency for each error is false and specific error codes to track for latency are: []
DBWrapper: report latency for each error is false and specific error codes to track for latency are: []
DBWrapper: report latency for each error is false and specific error codes to track for latency are: []
DBWrapper: report latency for each error is false and specific error codes to track for latency are: []
DBWrapper: report latency for each error is false and specific error codes to track for latency are: []
DBWrapper: report latency for each error is false and specific error codes to track for latency are: []
DBWrapper: report latency for each error is false and specific error codes to track for latency are: []
DBWrapper: report latency for each error is false and specific error codes to track for latency are: []
DBWrapper: report latency for each error is false and specific error codes to track for latency are: []
DBWrapper: report latency for each error is false and specific error codes to track for latency are: []
DBWrapper: report latency for each error is false and specific error codes to track for latency are: []
DBWrapper: report latency for each error is false and specific error codes to track for latency are: []
DBWrapper: report latency for each error is false and specific error codes to track for latency are: []
DBWrapper: report latency for each error is false and specific error codes to track for latency are: []
DBWrapper: report latency for each error is false and specific error codes to track for latency are: []
DBWrapper: report latency for each error is false and specific error codes to track for latency are: []
DBWrapper: report latency for each error is false and specific error codes to track for latency are: []
DBWrapper: report latency for each error is false and specific error codes to track for latency are: []
DBWrapper: report latency for each error is false and specific error codes to track for latency are: []
DBWrapper: report latency for each error is false and specific error codes to track for latency are: []
DBWrapper: report latency for each error is false and specific error codes to track for latency are: []
DBWrapper: report latency for each error is false and specific error codes to track for latency are: []
DBWrapper: report latency for each error is false and specific error codes to track for latency are: []
DBWrapper: report latency for each error is false and specific error codes to track for latency are: []
DBWrapper: report latency for each error is false and specific error codes to track for latency are: []
DBWrapper: report latency for each error is false and specific error codes to track for latency are: []
DBWrapper: report latency for each error is false and specific error codes to track for latency are: []
DBWrapper: report latency for each error is false and specific error codes to track for latency are: []
DBWrapper: report latency for each error is false and specific error codes to track for latency are: []
DBWrapper: report latency for each error is false and specific error codes to track for latency are: []
DBWrapper: report latency for each error is false and specific error codes to track for latency are: []
DBWrapper: report latency for each error is false and specific error codes to track for latency are: []
DBWrapper: report latency for each error is false and specific error codes to track for latency are: []
DBWrapper: report latency for each error is false and specific error codes to track for latency are: []
DBWrapper: report latency for each error is false and specific error codes to track for latency are: []
DBWrapper: report latency for each error is false and specific error codes to track for latency are: []
DBWrapper: report latency for each error is false and specific error codes to track for latency are: []
DBWrapper: report latency for each error is false and specific error codes to track for latency are: []
DBWrapper: report latency for each error is false and specific error codes to track for latency are: []
DBWrapper: report latency for each error is false and specific error codes to track for latency are: []
DBWrapper: report latency for each error is false and specific error codes to track for latency are: []
DBWrapper: report latency for each error is false and specific error codes to track for latency are: []
DBWrapper: report latency for each error is false and specific error codes to track for latency are: []
DBWrapper: report latency for each error is false and specific error codes to track for latency are: []
DBWrapper: report latency for each error is false and specific error codes to track for latency are: []
DBWrapper: report latency for each error is false and specific error codes to track for latency are: []
DBWrapper: report latency for each error is false and specific error codes to track for latency are: []
DBWrapper: report latency for each error is false and specific error codes to track for latency are: []
DBWrapper: report latency for each error is false and specific error codes to track for latency are: []
DBWrapper: report latency for each error is false and specific error codes to track for latency are: []
DBWrapper: report latency for each error is false and specific error codes to track for latency are: []
DBWrapper: report latency for each error is false and specific error codes to track for latency are: []
DBWrapper: report latency for each error is false and specific error codes to track for latency are: []
DBWrapper: report latency for each error is false and specific error codes to track for latency are: []
DBWrapper: report latency for each error is false and specific error codes to track for latency are: []
DBWrapper: report latency for each error is false and specific error codes to track for latency are: []
DBWrapper: report latency for each error is false and specific error codes to track for latency are: []
DBWrapper: report latency for each error is false and specific error codes to track for latency are: []
DBWrapper: report latency for each error is false and specific error codes to track for latency are: []
DBWrapper: report latency for each error is false and specific error codes to track for latency are: []
DBWrapper: report latency for each error is false and specific error codes to track for latency are: []
DBWrapper: report latency for each error is false and specific error codes to track for latency are: []
DBWrapper: report latency for each error is false and specific error codes to track for latency are: []
DBWrapper: report latency for each error is false and specific error codes to track for latency are: []
DBWrapper: report latency for each error is false and specific error codes to track for latency are: []
DBWrapper: report latency for each error is false and specific error codes to track for latency are: []
DBWrapper: report latency for each error is false and specific error codes to track for latency are: []
DBWrapper: report latency for each error is false and specific error codes to track for latency are: []
DBWrapper: report latency for each error is false and specific error codes to track for latency are: []
2020-09-10 12:14:50:853 10 sec: 6399 operations; 639.84 current ops/sec; est completion in 4 hours 20 minutes [READ: Count=3339, Max=3901439, Min=3, Avg=83299.3, 90=136575, 99=1217535, 99.9=3786751, 99.99=3901439] [UPDATE: Count=3608, Max=4542463, Min=14, Avg=82149.91, 90=153855, 99=1037311, 99.9=3839999, 99.99=4542463] [READ-FAILED: Count=7, Max=164607, Min=3920, Avg=41331.86, 90=81919, 99=164607, 99.9=164607, 99.99=164607] 
DBWrapper: report latency for each error is false and specific error codes to track for latency are: []
DBWrapper: report latency for each error is false and specific error codes to track for latency are: []
DBWrapper: report latency for each error is false and specific error codes to track for latency are: []
DBWrapper: report latency for each error is false and specific error codes to track for latency are: []
DBWrapper: report latency for each error is false and specific error codes to track for latency are: []
DBWrapper: report latency for each error is false and specific error codes to track for latency are: []
DBWrapper: report latency for each error is false and specific error codes to track for latency are: []
DBWrapper: report latency for each error is false and specific error codes to track for latency are: []
DBWrapper: report latency for each error is false and specific error codes to track for latency are: []
DBWrapper: report latency for each error is false and specific error codes to track for latency are: []
DBWrapper: report latency for each error is false and specific error codes to track for latency are: []
DBWrapper: report latency for each error is false and specific error codes to track for latency are: []
DBWrapper: report latency for each error is false and specific error codes to track for latency are: []
DBWrapper: report latency for each error is false and specific error codes to track for latency are: []
DBWrapper: report latency for each error is false and specific error codes to track for latency are: []
DBWrapper: report latency for each error is false and specific error codes to track for latency are: []
DBWrapper: report latency for each error is false and specific error codes to track for latency are: []
DBWrapper: report latency for each error is false and specific error codes to track for latency are: []
DBWrapper: report latency for each error is false and specific error codes to track for latency are: []
DBWrapper: report latency for each error is false and specific error codes to track for latency are: []
DBWrapper: report latency for each error is false and specific error codes to track for latency are: []
DBWrapper: report latency for each error is false and specific error codes to track for latency are: []
DBWrapper: report latency for each error is false and specific error codes to track for latency are: []
DBWrapper: report latency for each error is false and specific error codes to track for latency are: []
DBWrapper: report latency for each error is false and specific error codes to track for latency are: []
DBWrapper: report latency for each error is false and specific error codes to track for latency are: []
DBWrapper: report latency for each error is false and specific error codes to track for latency are: []
DBWrapper: report latency for each error is false and specific error codes to track for latency are: []
DBWrapper: report latency for each error is false and specific error codes to track for latency are: []
DBWrapper: report latency for each error is false and specific error codes to track for latency are: []
DBWrapper: report latency for each error is false and specific error codes to track for latency are: []
DBWrapper: report latency for each error is false and specific error codes to track for latency are: []
DBWrapper: report latency for each error is false and specific error codes to track for latency are: []
DBWrapper: report latency for each error is false and specific error codes to track for latency are: []
DBWrapper: report latency for each error is false and specific error codes to track for latency are: []
DBWrapper: report latency for each error is false and specific error codes to track for latency are: []
DBWrapper: report latency for each error is false and specific error codes to track for latency are: []
DBWrapper: report latency for each error is false and specific error codes to track for latency are: []
DBWrapper: report latency for each error is false and specific error codes to track for latency are: []
DBWrapper: report latency for each error is false and specific error codes to track for latency are: []
DBWrapper: report latency for each error is false and specific error codes to track for latency are: []
DBWrapper: report latency for each error is false and specific error codes to track for latency are: []
DBWrapper: report latency for each error is false and specific error codes to track for latency are: []
DBWrapper: report latency for each error is false and specific error codes to track for latency are: []
DBWrapper: report latency for each error is false and specific error codes to track for latency are: []
DBWrapper: report latency for each error is false and specific error codes to track for latency are: []
DBWrapper: report latency for each error is false and specific error codes to track for latency are: []
DBWrapper: report latency for each error is false and specific error codes to track for latency are: []
DBWrapper: report latency for each error is false and specific error codes to track for latency are: []
DBWrapper: report latency for each error is false and specific error codes to track for latency are: []
DBWrapper: report latency for each error is false and specific error codes to track for latency are: []
DBWrapper: report latency for each error is false and specific error codes to track for latency are: []
DBWrapper: report latency for each error is false and specific error codes to track for latency are: []
DBWrapper: report latency for each error is false and specific error codes to track for latency are: []
DBWrapper: report latency for each error is false and specific error codes to track for latency are: []
DBWrapper: report latency for each error is false and specific error codes to track for latency are: []
DBWrapper: report latency for each error is false and specific error codes to track for latency are: []
DBWrapper: report latency for each error is false and specific error codes to track for latency are: []
DBWrapper: report latency for each error is false and specific error codes to track for latency are: []
DBWrapper: report latency for each error is false and specific error codes to track for latency are: []
DBWrapper: report latency for each error is false and specific error codes to track for latency are: []
DBWrapper: report latency for each error is false and specific error codes to track for latency are: []
2020-09-10 12:15:00:853 20 sec: 25089 operations; 1869 current ops/sec; est completion in 2 hours 12 minutes [READ: Count=9201, Max=4354047, Min=1, Avg=100146.96, 90=309503, 99=844799, 99.9=1673215, 99.99=4132863] [UPDATE: Count=9821, Max=2109439, Min=13, Avg=91974.24, 90=284415, 99=805375, 99.9=1410047, 99.99=1964031] [READ-FAILED: Count=17, Max=257151, Min=2618, Avg=39005.29, 90=59295, 99=257151, 99.9=257151, 99.99=257151] 
DBWrapper: report latency for each error is false and specific error codes to track for latency are: []
DBWrapper: report latency for each error is false and specific error codes to track for latency are: []
DBWrapper: report latency for each error is false and specific error codes to track for latency are: []
DBWrapper: report latency for each error is false and specific error codes to track for latency are: []
2020-09-10 12:15:10:852 30 sec: 61962 operations; 3687.3 current ops/sec; est completion in 1 hour 20 minutes [READ: Count=18296, Max=2490367, Min=0, Avg=61919.55, 90=140799, 99=669183, 99.9=2076671, 99.99=2416639] [UPDATE: Count=17770, Max=2508799, Min=1, Avg=63052.93, 90=139647, 99=710143, 99.9=2246655, 99.99=2439167] [READ-FAILED: Count=19, Max=68287, Min=2888, Avg=13833.32, 90=21487, 99=68287, 99.9=68287, 99.99=68287] 
DBWrapper: report latency for each error is false and specific error codes to track for latency are: []
DBWrapper: report latency for each error is false and specific error codes to track for latency are: []
DBWrapper: report latency for each error is false and specific error codes to track for latency are: []
DBWrapper: report latency for each error is false and specific error codes to track for latency are: []
DBWrapper: report latency for each error is false and specific error codes to track for latency are: []
DBWrapper: report latency for each error is false and specific error codes to track for latency are: []
DBWrapper: report latency for each error is false and specific error codes to track for latency are: []
DBWrapper: report latency for each error is false and specific error codes to track for latency are: []
DBWrapper: report latency for each error is false and specific error codes to track for latency are: []
DBWrapper: report latency for each error is false and specific error codes to track for latency are: []
DBWrapper: report latency for each error is false and specific error codes to track for latency are: []
DBWrapper: report latency for each error is false and specific error codes to track for latency are: []
DBWrapper: report latency for each error is false and specific error codes to track for latency are: []
DBWrapper: report latency for each error is false and specific error codes to track for latency are: []
DBWrapper: report latency for each error is false and specific error codes to track for latency are: []
2020-09-10 12:15:20:852 40 sec: 111942 operations; 4998 current ops/sec; est completion in 58 minutes [READ: Count=24984, Max=1842175, Min=0, Avg=47085.18, 90=95679, 99=649727, 99.9=1307647, 99.99=1789951] [UPDATE: Count=24891, Max=1888255, Min=1, Avg=51247.41, 90=102911, 99=725503, 99.9=1389567, 99.99=1742847] [READ-FAILED: Count=29, Max=122367, Min=2094, Avg=12426.69, 90=15751, 99=122367, 99.9=122367, 99.99=122367] 
2020-09-10 12:15:30:852 50 sec: 164649 operations; 5270.7 current ops/sec; est completion in 49 minutes [READ: Count=26471, Max=2740223, Min=0, Avg=45772.4, 90=89151, 99=613887, 99.9=1974271, 99.99=2629631] [UPDATE: Count=26205, Max=15056895, Min=1, Avg=49095.13, 90=92223, 99=686079, 99.9=2189311, 99.99=2674687] [READ-FAILED: Count=27, Max=27327, Min=1989, Avg=7093.15, 90=13703, 99=27327, 99.9=27327, 99.99=27327] 
2020-09-10 12:15:40:852 60 sec: 222348 operations; 5770.48 current ops/sec; est completion in 43 minutes [READ: Count=28917, Max=1710079, Min=0, Avg=41323.03, 90=85503, 99=578559, 99.9=1123327, 99.99=1579007] [UPDATE: Count=28728, Max=1739775, Min=3, Avg=45840.25, 90=91007, 99=663551, 99.9=1169407, 99.99=1665023] [READ-FAILED: Count=36, Max=99263, Min=2364, Avg=12415.75, 90=19727, 99=99263, 99.9=99263, 99.99=99263] 
DBWrapper: report latency for each error is false and specific error codes to track for latency are: []
DBWrapper: report latency for each error is false and specific error codes to track for latency are: []
DBWrapper: report latency for each error is false and specific error codes to track for latency are: []
DBWrapper: report latency for each error is false and specific error codes to track for latency are: []
DBWrapper: report latency for each error is false and specific error codes to track for latency are: []
DBWrapper: report latency for each error is false and specific error codes to track for latency are: []
2020-09-10 12:15:50:852 70 sec: 282697 operations; 6034.9 current ops/sec; est completion in 40 minutes [READ: Count=30380, Max=1941503, Min=0, Avg=40249.59, 90=82495, 99=591359, 99.9=1337343, 99.99=1832959] [UPDATE: Count=29959, Max=2164735, Min=1, Avg=43977.83, 90=86783, 99=646655, 99.9=1370111, 99.99=1921023] [READ-FAILED: Count=24, Max=102975, Min=1812, Avg=13072.5, 90=20831, 99=102975, 99.9=102975, 99.99=102975] 
2020-09-10 12:16:00:853 80 sec: 338860 operations; 5615.74 current ops/sec; est completion in 38 minutes [READ: Count=28129, Max=2648063, Min=1, Avg=43574.49, 90=88319, 99=619519, 99.9=1491967, 99.99=2265087] [UPDATE: Count=28044, Max=2338815, Min=0, Avg=47706.28, 90=98879, 99=664575, 99.9=1437695, 99.99=2220031] [READ-FAILED: Count=27, Max=35903, Min=1728, Avg=7164.04, 90=9535, 99=35903, 99.9=35903, 99.99=35903] 
2020-09-10 12:16:10:852 90 sec: 389348 operations; 5049.3 current ops/sec; est completion in 37 minutes [READ: Count=25280, Max=2424831, Min=0, Avg=45435.22, 90=84095, 99=611327, 99.9=1700863, 99.99=2236415] [UPDATE: Count=25129, Max=3112959, Min=1, Avg=49149.05, 90=89087, 99=712191, 99.9=1820671, 99.99=2400255] [READ-FAILED: Count=25, Max=23055, Min=1666, Avg=5779.32, 90=11423, 99=23055, 99.9=23055, 99.99=23055] 
2020-09-10 12:16:20:852 100 sec: 444189 operations; 5484.1 current ops/sec; est completion in 35 minutes [READ: Count=27476, Max=2719743, Min=0, Avg=47251.17, 90=86527, 99=678911, 99.9=1798143, 99.99=2318335] [UPDATE: Count=27345, Max=2375679, Min=1, Avg=51996.26, 90=94015, 99=786943, 99.9=1827839, 99.99=2322431] [READ-FAILED: Count=21, Max=37375, Min=1738, Avg=11027.24, 90=24623, 99=37375, 99.9=37375, 99.99=37375] 
2020-09-10 12:16:30:853 110 sec: 498577 operations; 5437.71 current ops/sec; est completion in 34 minutes [READ: Count=27286, Max=2957311, Min=1, Avg=44548.98, 90=88639, 99=611839, 99.9=1835007, 99.99=2670591] [UPDATE: Count=27078, Max=2805759, Min=1, Avg=49184.51, 90=96319, 99=700415, 99.9=2256895, 99.99=2707455] [READ-FAILED: Count=20, Max=78271, Min=1905, Avg=10559.8, 90=15527, 99=78271, 99.9=78271, 99.99=78271] 
2020-09-10 12:16:40:852 120 sec: 550070 operations; 5150.33 current ops/sec; est completion in 34 minutes [READ: Count=25624, Max=2365439, Min=0, Avg=47485.79, 90=87167, 99=670719, 99.9=1633279, 99.99=2142207] [UPDATE: Count=25885, Max=2646015, Min=1, Avg=51452.93, 90=90559, 99=775167, 99.9=1831935, 99.99=2117631] [READ-FAILED: Count=23, Max=30271, Min=1863, Avg=8475.57, 90=18735, 99=30271, 99.9=30271, 99.99=30271] 
2020-09-10 12:16:50:852 130 sec: 598084 operations; 4800.92 current ops/sec; est completion in 34 minutes [READ: Count=23900, Max=2252799, Min=0, Avg=51144.87, 90=89919, 99=742911, 99.9=1704959, 99.99=2129919] [UPDATE: Count=24066, Max=2269183, Min=1, Avg=52981.59, 90=93439, 99=745471, 99.9=1767423, 99.99=2207743] [READ-FAILED: Count=21, Max=15703, Min=1763, Avg=5280.81, 90=9359, 99=15703, 99.9=15703, 99.99=15703] 
2020-09-10 12:17:00:852 140 sec: 648764 operations; 5068.51 current ops/sec; est completion in 33 minutes [READ: Count=25365, Max=2516991, Min=1, Avg=46940.69, 90=79807, 99=694783, 99.9=1795071, 99.99=2154495] [UPDATE: Count=25286, Max=2897919, Min=1, Avg=52067.89, 90=87807, 99=791039, 99.9=1820671, 99.99=2621439] [READ-FAILED: Count=20, Max=14295, Min=2138, Avg=5519.05, 90=10583, 99=14295, 99.9=14295, 99.99=14295] 
2020-09-10 12:17:10:852 150 sec: 704618 operations; 5584.84 current ops/sec; est completion in 32 minutes [READ: Count=27863, Max=2394111, Min=0, Avg=46213.88, 90=90943, 99=668159, 99.9=1777663, 99.99=2328575] [UPDATE: Count=27964, Max=2447359, Min=1, Avg=49880.07, 90=97087, 99=740351, 99.9=1702911, 99.99=2226175] [READ-FAILED: Count=25, Max=57631, Min=1741, Avg=10458.44, 90=29343, 99=57631, 99.9=57631, 99.99=57631] 
2020-09-10 12:17:20:852 160 sec: 755252 operations; 5063.91 current ops/sec; est completion in 32 minutes [READ: Count=25242, Max=2516991, Min=0, Avg=49004.56, 90=100991, 99=632319, 99.9=1747967, 99.99=2439167] [UPDATE: Count=25383, Max=2510847, Min=1, Avg=51699.98, 90=109631, 99=683007, 99.9=1640447, 99.99=2435071] [READ-FAILED: Count=18, Max=29231, Min=2420, Avg=6029.5, 90=7359, 99=29231, 99.9=29231, 99.99=29231] 
2020-09-10 12:17:30:852 170 sec: 806059 operations; 5080.19 current ops/sec; est completion in 32 minutes [READ: Count=25213, Max=2394111, Min=0, Avg=47818.78, 90=102463, 99=660991, 99.9=1326079, 99.99=1778687] [UPDATE: Count=25552, Max=2660351, Min=1, Avg=52692.66, 90=111551, 99=754687, 99.9=1555455, 99.99=2234367] [READ-FAILED: Count=23, Max=40255, Min=2064, Avg=8632.57, 90=19983, 99=40255, 99.9=40255, 99.99=40255] 
2020-09-10 12:17:40:852 180 sec: 861370 operations; 5531.65 current ops/sec; est completion in 31 minutes [READ: Count=27756, Max=2387967, Min=1, Avg=45198.41, 90=88383, 99=634367, 99.9=1432575, 99.99=2160639] [UPDATE: Count=27536, Max=2375679, Min=1, Avg=47184.39, 90=91775, 99=716287, 99.9=1508351, 99.99=2191359] [READ-FAILED: Count=27, Max=101823, Min=2192, Avg=10920.3, 90=18351, 99=101823, 99.9=101823, 99.99=101823] 
2020-09-10 12:17:50:852 190 sec: 909003 operations; 4763.3 current ops/sec; est completion in 31 minutes [READ: Count=23967, Max=3299327, Min=0, Avg=49562.58, 90=90751, 99=748543, 99.9=2297855, 99.99=3129343] [UPDATE: Count=23646, Max=3287039, Min=1, Avg=57693.9, 90=105151, 99=892415, 99.9=2633727, 99.99=3235839] [READ-FAILED: Count=13, Max=13223, Min=2506, Avg=6341.23, 90=13207, 99=13223, 99.9=13223, 99.99=13223] 
2020-09-10 12:18:00:852 200 sec: 958044 operations; 4904.1 current ops/sec; est completion in 31 minutes [READ: Count=24642, Max=2535423, Min=0, Avg=50081.69, 90=91327, 99=753663, 99.9=1728511, 99.99=2416639] [UPDATE: Count=24400, Max=2992127, Min=1, Avg=56002.39, 90=96255, 99=887807, 99.9=2109439, 99.99=2811903] [READ-FAILED: Count=21, Max=59295, Min=2076, Avg=10198.29, 90=23807, 99=59295, 99.9=59295, 99.99=59295] 
2020-09-10 12:18:10:852 210 sec: 1011099 operations; 5305.5 current ops/sec; est completion in 31 minutes [READ: Count=26630, Max=2396159, Min=0, Avg=45943.93, 90=99199, 99=614911, 99.9=1344511, 99.99=1915903] [UPDATE: Count=26410, Max=2256895, Min=3, Avg=50770.63, 90=109247, 99=681471, 99.9=1340415, 99.99=1809407] [READ-FAILED: Count=29, Max=41375, Min=2002, Avg=8711.9, 90=12735, 99=41375, 99.9=41375, 99.99=41375] 
2020-09-10 12:18:20:852 220 sec: 1062540 operations; 5143.59 current ops/sec; est completion in 30 minutes [READ: Count=25704, Max=2582527, Min=0, Avg=47629.24, 90=94463, 99=694783, 99.9=1628159, 99.99=2187263] [UPDATE: Count=25696, Max=2400255, Min=1, Avg=50317.34, 90=99327, 99=748543, 99.9=1682431, 99.99=2189311] [READ-FAILED: Count=11, Max=16087, Min=2756, Avg=6557.09, 90=13759, 99=16087, 99.9=16087, 99.99=16087] 
2020-09-10 12:18:30:852 230 sec: 1113733 operations; 5119.81 current ops/sec; est completion in 30 minutes [READ: Count=25602, Max=2469887, Min=0, Avg=48097.16, 90=101247, 99=665599, 99.9=1456127, 99.99=2052095] [UPDATE: Count=25589, Max=2693119, Min=1, Avg=51202.14, 90=109119, 99=749055, 99.9=1685503, 99.99=2064383] [READ-FAILED: Count=13, Max=205695, Min=1612, Avg=39943.38, 90=197887, 99=205695, 99.9=205695, 99.99=205695] 
2020-09-10 12:18:40:852 240 sec: 1163901 operations; 5016.3 current ops/sec; est completion in 30 minutes [READ: Count=25147, Max=2750463, Min=0, Avg=49750.04, 90=101631, 99=734207, 99.9=1534975, 99.99=2019327] [UPDATE: Count=25006, Max=3493887, Min=1, Avg=52966.17, 90=106431, 99=811007, 99.9=1607679, 99.99=2111487] [READ-FAILED: Count=20, Max=25135, Min=1932, Avg=8779.1, 90=21519, 99=25135, 99.9=25135, 99.99=25135] 
2020-09-10 12:18:50:852 250 sec: 1213608 operations; 4971.2 current ops/sec; est completion in 30 minutes [READ: Count=24853, Max=2945023, Min=0, Avg=50229.29, 90=99711, 99=727039, 99.9=1631231, 99.99=2117631] [UPDATE: Count=24836, Max=2887679, Min=1, Avg=54943.59, 90=108159, 99=814591, 99.9=1704959, 99.99=2557951] [READ-FAILED: Count=9, Max=22687, Min=1920, Avg=8379.22, 90=20815, 99=22687, 99.9=22687, 99.99=22687] 
2020-09-10 12:19:00:883 260 sec: 1264229 operations; 5053 current ops/sec; est completion in 29 minutes [READ: Count=25494, Max=1997823, Min=0, Avg=49080.28, 90=107967, 99=638975, 99.9=1452031, 99.99=1899519] [UPDATE: Count=25135, Max=2029567, Min=1, Avg=51249.73, 90=109759, 99=669695, 99.9=1562623, 99.99=1951743] [READ-FAILED: Count=10, Max=11631, Min=2640, Avg=6079.2, 90=10759, 99=11631, 99.9=11631, 99.99=11631] 
2020-09-10 12:19:10:852 270 sec: 1315319 operations; 5118.21 current ops/sec; est completion in 29 minutes [READ: Count=25340, Max=1741823, Min=0, Avg=47926.78, 90=104831, 99=638975, 99.9=1232895, 99.99=1557503] [UPDATE: Count=25712, Max=1808383, Min=1, Avg=48707.55, 90=108799, 99=653311, 99.9=1213439, 99.99=1544191] [READ-FAILED: Count=23, Max=93631, Min=1986, Avg=11892.87, 90=24847, 99=93631, 99.9=93631, 99.99=93631] 
2020-09-10 12:19:20:852 280 sec: 1368894 operations; 5357.5 current ops/sec; est completion in 29 minutes [READ: Count=26728, Max=2805759, Min=0, Avg=46454.8, 90=93951, 99=654335, 99.9=1611775, 99.99=2416639] [UPDATE: Count=26839, Max=2779135, Min=3, Avg=52219.96, 90=101119, 99=797183, 99.9=2007039, 99.99=2566143] [READ-FAILED: Count=17, Max=21231, Min=2128, Avg=5977.24, 90=7987, 99=21231, 99.9=21231, 99.99=21231] 
2020-09-10 12:19:30:852 290 sec: 1421722 operations; 5282.27 current ops/sec; est completion in 29 minutes [READ: Count=26303, Max=2449407, Min=0, Avg=45794.76, 90=88767, 99=666111, 99.9=1745919, 99.99=2330623] [UPDATE: Count=26479, Max=2439167, Min=2, Avg=49888.43, 90=92223, 99=778239, 99.9=1912831, 99.99=2383871] [READ-FAILED: Count=27, Max=22063, Min=2236, Avg=5104.44, 90=6447, 99=22063, 99.9=22063, 99.99=22063] 
2020-09-10 12:19:40:852 300 sec: 1470173 operations; 4845.58 current ops/sec; est completion in 29 minutes [READ: Count=24108, Max=2398207, Min=0, Avg=51101.62, 90=114879, 99=679423, 99.9=1315839, 99.99=1893375] [UPDATE: Count=24341, Max=2441215, Min=1, Avg=56091.55, 90=121535, 99=817663, 99.9=1580031, 99.99=2144255] [READ-FAILED: Count=15, Max=34335, Min=2090, Avg=6211.6, 90=9063, 99=34335, 99.9=34335, 99.99=34335] 
Maximum time elapsed. Requesting stop for the workload.
Stop requested for workload. Now Joining!
[36m12:19:41.714[m [[34;1mINFO[m] [1;34mp.u.t.s.y.Stats.clientFinished@38[m: 
Ended SconeKV benchmark.
Number of clients: 256
Total transactions: 292937
Committed: 174970 (59.729565%)
Aborted: 117967 (40.27043%)
2020-09-10 12:19:41:717 300 sec: 1472141 operations; 2275.14 current ops/sec; est completion in 29 minutes [READ: Count=940, Max=1445887, Min=1, Avg=79651.26, 90=227327, 99=661503, 99.9=934399, 99.99=1445887] [CLEANUP: Count=256, Max=2497, Min=2, Avg=16.18, 90=7, 99=70, 99.9=2497, 99.99=2497] [UPDATE: Count=1005, Max=881151, Min=4, Avg=90747.04, 90=294399, 99=643583, 99.9=855551, 99.99=881151] [READ-FAILED: Count=0, Max=0, Min=9223372036854775807, Avg=NaN, 90=0, 99=0, 99.9=0, 99.99=0] 
[OVERALL], RunTime(ms), 300861
[OVERALL], Throughput(ops/sec), 4893.093488355087
[TOTAL_GCS_G1_Young_Generation], Count, 128
[TOTAL_GC_TIME_G1_Young_Generation], Time(ms), 3247
[TOTAL_GC_TIME_%_G1_Young_Generation], Time(%), 1.0792359262250675
[TOTAL_GCS_G1_Old_Generation], Count, 0
[TOTAL_GC_TIME_G1_Old_Generation], Time(ms), 0
[TOTAL_GC_TIME_%_G1_Old_Generation], Time(%), 0.0
[TOTAL_GCs], Count, 128
[TOTAL_GC_TIME], Time(ms), 3247
[TOTAL_GC_TIME_%], Time(%), 1.0792359262250675
[READ], Operations, 736180
[READ], AverageLatency(us), 48167.85203754516
[READ], MinLatency(us), 0
[READ], MaxLatency(us), 4354047
[READ], 95thPercentileLatency(us), 223743
[READ], 99thPercentileLatency(us), 662015
[READ], Return=OK, 736180
[READ], Return=NOT_FOUND, 617
[CLEANUP], Operations, 256
[CLEANUP], AverageLatency(us), 16.18359375
[CLEANUP], MinLatency(us), 2
[CLEANUP], MaxLatency(us), 2497
[CLEANUP], 95thPercentileLatency(us), 13
[CLEANUP], 99thPercentileLatency(us), 70
[UPDATE], Operations, 735344
[UPDATE], AverageLatency(us), 51952.492581703256
[UPDATE], MinLatency(us), 0
[UPDATE], MaxLatency(us), 15056895
[UPDATE], 95thPercentileLatency(us), 264191
[UPDATE], 99thPercentileLatency(us), 741375
[UPDATE], Return=OK, 735344
[READ-FAILED], Operations, 617
[READ-FAILED], AverageLatency(us), 10772.599675850892
[READ-FAILED], MinLatency(us), 1612
[READ-FAILED], MaxLatency(us), 257151
[READ-FAILED], 95thPercentileLatency(us), 30271
[READ-FAILED], 99thPercentileLatency(us), 102975
