Command line: -t -db pt.ulisboa.tecnico.sconekv.ycsb.SconeKVClient -P workloadf -threads 128 -s -p scone.tx_size=5 -p operationcount=10000000 -p maxexecutiontime=300
YCSB Client 0.17.0

Loading workload...
Starting test.
WARNING: sun.reflect.Reflection.getCallerClass is not supported. This will impact performance.
2020-09-10 10:58:17:991 0 sec: 0 operations; est completion in 0 second 
Maximum execution time specified as: 300 secs
DBWrapper: report latency for each error is false and specific error codes to track for latency are: []
DBWrapper: report latency for each error is false and specific error codes to track for latency are: []
DBWrapper: report latency for each error is false and specific error codes to track for latency are: []
DBWrapper: report latency for each error is false and specific error codes to track for latency are: []
DBWrapper: report latency for each error is false and specific error codes to track for latency are: []
DBWrapper: report latency for each error is false and specific error codes to track for latency are: []
DBWrapper: report latency for each error is false and specific error codes to track for latency are: []
DBWrapper: report latency for each error is false and specific error codes to track for latency are: []
DBWrapper: report latency for each error is false and specific error codes to track for latency are: []
DBWrapper: report latency for each error is false and specific error codes to track for latency are: []
DBWrapper: report latency for each error is false and specific error codes to track for latency are: []
DBWrapper: report latency for each error is false and specific error codes to track for latency are: []
DBWrapper: report latency for each error is false and specific error codes to track for latency are: []
DBWrapper: report latency for each error is false and specific error codes to track for latency are: []
DBWrapper: report latency for each error is false and specific error codes to track for latency are: []
DBWrapper: report latency for each error is false and specific error codes to track for latency are: []
DBWrapper: report latency for each error is false and specific error codes to track for latency are: []
DBWrapper: report latency for each error is false and specific error codes to track for latency are: []
DBWrapper: report latency for each error is false and specific error codes to track for latency are: []
DBWrapper: report latency for each error is false and specific error codes to track for latency are: []
DBWrapper: report latency for each error is false and specific error codes to track for latency are: []
DBWrapper: report latency for each error is false and specific error codes to track for latency are: []
DBWrapper: report latency for each error is false and specific error codes to track for latency are: []
DBWrapper: report latency for each error is false and specific error codes to track for latency are: []
DBWrapper: report latency for each error is false and specific error codes to track for latency are: []
DBWrapper: report latency for each error is false and specific error codes to track for latency are: []
DBWrapper: report latency for each error is false and specific error codes to track for latency are: []
DBWrapper: report latency for each error is false and specific error codes to track for latency are: []
DBWrapper: report latency for each error is false and specific error codes to track for latency are: []
DBWrapper: report latency for each error is false and specific error codes to track for latency are: []
DBWrapper: report latency for each error is false and specific error codes to track for latency are: []
DBWrapper: report latency for each error is false and specific error codes to track for latency are: []
DBWrapper: report latency for each error is false and specific error codes to track for latency are: []
DBWrapper: report latency for each error is false and specific error codes to track for latency are: []
DBWrapper: report latency for each error is false and specific error codes to track for latency are: []
DBWrapper: report latency for each error is false and specific error codes to track for latency are: []
DBWrapper: report latency for each error is false and specific error codes to track for latency are: []
DBWrapper: report latency for each error is false and specific error codes to track for latency are: []
DBWrapper: report latency for each error is false and specific error codes to track for latency are: []
DBWrapper: report latency for each error is false and specific error codes to track for latency are: []
DBWrapper: report latency for each error is false and specific error codes to track for latency are: []
DBWrapper: report latency for each error is false and specific error codes to track for latency are: []
DBWrapper: report latency for each error is false and specific error codes to track for latency are: []
DBWrapper: report latency for each error is false and specific error codes to track for latency are: []
DBWrapper: report latency for each error is false and specific error codes to track for latency are: []
DBWrapper: report latency for each error is false and specific error codes to track for latency are: []
DBWrapper: report latency for each error is false and specific error codes to track for latency are: []
DBWrapper: report latency for each error is false and specific error codes to track for latency are: []
DBWrapper: report latency for each error is false and specific error codes to track for latency are: []
DBWrapper: report latency for each error is false and specific error codes to track for latency are: []
DBWrapper: report latency for each error is false and specific error codes to track for latency are: []
DBWrapper: report latency for each error is false and specific error codes to track for latency are: []
DBWrapper: report latency for each error is false and specific error codes to track for latency are: []
DBWrapper: report latency for each error is false and specific error codes to track for latency are: []
DBWrapper: report latency for each error is false and specific error codes to track for latency are: []
DBWrapper: report latency for each error is false and specific error codes to track for latency are: []
DBWrapper: report latency for each error is false and specific error codes to track for latency are: []
DBWrapper: report latency for each error is false and specific error codes to track for latency are: []
DBWrapper: report latency for each error is false and specific error codes to track for latency are: []
DBWrapper: report latency for each error is false and specific error codes to track for latency are: []
DBWrapper: report latency for each error is false and specific error codes to track for latency are: []
DBWrapper: report latency for each error is false and specific error codes to track for latency are: []
DBWrapper: report latency for each error is false and specific error codes to track for latency are: []
DBWrapper: report latency for each error is false and specific error codes to track for latency are: []
DBWrapper: report latency for each error is false and specific error codes to track for latency are: []
DBWrapper: report latency for each error is false and specific error codes to track for latency are: []
DBWrapper: report latency for each error is false and specific error codes to track for latency are: []
DBWrapper: report latency for each error is false and specific error codes to track for latency are: []
DBWrapper: report latency for each error is false and specific error codes to track for latency are: []
DBWrapper: report latency for each error is false and specific error codes to track for latency are: []
DBWrapper: report latency for each error is false and specific error codes to track for latency are: []
DBWrapper: report latency for each error is false and specific error codes to track for latency are: []
DBWrapper: report latency for each error is false and specific error codes to track for latency are: []
DBWrapper: report latency for each error is false and specific error codes to track for latency are: []
DBWrapper: report latency for each error is false and specific error codes to track for latency are: []
DBWrapper: report latency for each error is false and specific error codes to track for latency are: []
DBWrapper: report latency for each error is false and specific error codes to track for latency are: []
DBWrapper: report latency for each error is false and specific error codes to track for latency are: []
DBWrapper: report latency for each error is false and specific error codes to track for latency are: []
DBWrapper: report latency for each error is false and specific error codes to track for latency are: []
DBWrapper: report latency for each error is false and specific error codes to track for latency are: []
DBWrapper: report latency for each error is false and specific error codes to track for latency are: []
DBWrapper: report latency for each error is false and specific error codes to track for latency are: []
DBWrapper: report latency for each error is false and specific error codes to track for latency are: []
DBWrapper: report latency for each error is false and specific error codes to track for latency are: []
DBWrapper: report latency for each error is false and specific error codes to track for latency are: []
DBWrapper: report latency for each error is false and specific error codes to track for latency are: []
DBWrapper: report latency for each error is false and specific error codes to track for latency are: []
DBWrapper: report latency for each error is false and specific error codes to track for latency are: []
DBWrapper: report latency for each error is false and specific error codes to track for latency are: []
DBWrapper: report latency for each error is false and specific error codes to track for latency are: []
DBWrapper: report latency for each error is false and specific error codes to track for latency are: []
DBWrapper: report latency for each error is false and specific error codes to track for latency are: []
DBWrapper: report latency for each error is false and specific error codes to track for latency are: []
DBWrapper: report latency for each error is false and specific error codes to track for latency are: []
DBWrapper: report latency for each error is false and specific error codes to track for latency are: []
DBWrapper: report latency for each error is false and specific error codes to track for latency are: []
DBWrapper: report latency for each error is false and specific error codes to track for latency are: []
DBWrapper: report latency for each error is false and specific error codes to track for latency are: []
DBWrapper: report latency for each error is false and specific error codes to track for latency are: []
2020-09-10 10:58:27:989 10 sec: 9608 operations; 960.7 current ops/sec; est completion in 2 hours 53 minutes [READ: Count=9524, Max=952831, Min=1, Avg=46489.68, 90=108031, 99=521471, 99.9=740351, 99.99=924159] [READ-MODIFY-WRITE: Count=4865, Max=873983, Min=6, Avg=54077.39, 90=132095, 99=543231, 99.9=762879, 99.99=873983] [UPDATE: Count=4923, Max=507903, Min=2, Avg=6062.46, 90=14127, 99=97343, 99.9=263679, 99.99=507903] [READ-FAILED: Count=145, Max=663551, Min=1900, Avg=28044.77, 90=67263, 99=211327, 99.9=663551, 99.99=663551] 
DBWrapper: report latency for each error is false and specific error codes to track for latency are: []
DBWrapper: report latency for each error is false and specific error codes to track for latency are: []
DBWrapper: report latency for each error is false and specific error codes to track for latency are: []
DBWrapper: report latency for each error is false and specific error codes to track for latency are: []
DBWrapper: report latency for each error is false and specific error codes to track for latency are: []
DBWrapper: report latency for each error is false and specific error codes to track for latency are: []
DBWrapper: report latency for each error is false and specific error codes to track for latency are: []
DBWrapper: report latency for each error is false and specific error codes to track for latency are: []
DBWrapper: report latency for each error is false and specific error codes to track for latency are: []
DBWrapper: report latency for each error is false and specific error codes to track for latency are: []
DBWrapper: report latency for each error is false and specific error codes to track for latency are: []
DBWrapper: report latency for each error is false and specific error codes to track for latency are: []
DBWrapper: report latency for each error is false and specific error codes to track for latency are: []
DBWrapper: report latency for each error is false and specific error codes to track for latency are: []
DBWrapper: report latency for each error is false and specific error codes to track for latency are: []
DBWrapper: report latency for each error is false and specific error codes to track for latency are: []
2020-09-10 10:58:37:990 20 sec: 36931 operations; 2732.57 current ops/sec; est completion in 1 hour 29 minutes [READ: Count=26938, Max=1240063, Min=0, Avg=36523.7, 90=73151, 99=535551, 99.9=685567, 99.99=971775] [READ-MODIFY-WRITE: Count=13621, Max=1236991, Min=3, Avg=40504.27, 90=84863, 99=549887, 99.9=713727, 99.99=1045503] [UPDATE: Count=13581, Max=648703, Min=1, Avg=3905.87, 90=11831, 99=58047, 99.9=166143, 99.99=578559] [READ-FAILED: Count=386, Max=184575, Min=1471, Avg=17370.28, 90=32735, 99=115263, 99.9=184575, 99.99=184575] 
2020-09-10 10:58:47:988 30 sec: 77818 operations; 4088.7 current ops/sec; est completion in 1 hour 3 minutes [READ: Count=40188, Max=1669119, Min=0, Avg=27460.98, 90=51615, 99=524799, 99.9=835071, 99.99=1580031] [READ-MODIFY-WRITE: Count=20308, Max=1684479, Min=2, Avg=28873.53, 90=58847, 99=530431, 99.9=837631, 99.99=1586175] [UPDATE: Count=20301, Max=710655, Min=0, Avg=2062.64, 90=5099, 99=24591, 99.9=193791, 99.99=526847] [READ-FAILED: Count=651, Max=90751, Min=1570, Avg=7076.67, 90=13375, 99=35295, 99.9=78015, 99.99=90751] 
DBWrapper: report latency for each error is false and specific error codes to track for latency are: []
DBWrapper: report latency for each error is false and specific error codes to track for latency are: []
DBWrapper: report latency for each error is false and specific error codes to track for latency are: []
DBWrapper: report latency for each error is false and specific error codes to track for latency are: []
DBWrapper: report latency for each error is false and specific error codes to track for latency are: []
DBWrapper: report latency for each error is false and specific error codes to track for latency are: []
DBWrapper: report latency for each error is false and specific error codes to track for latency are: []
DBWrapper: report latency for each error is false and specific error codes to track for latency are: []
DBWrapper: report latency for each error is false and specific error codes to track for latency are: []
DBWrapper: report latency for each error is false and specific error codes to track for latency are: []
DBWrapper: report latency for each error is false and specific error codes to track for latency are: []
DBWrapper: report latency for each error is false and specific error codes to track for latency are: []
2020-09-10 10:58:58:006 40 sec: 121729 operations; 4382.77 current ops/sec; est completion in 54 minutes [READ: Count=43318, Max=1380351, Min=0, Avg=27834.6, 90=54623, 99=521727, 99.9=946175, 99.99=1270783] [READ-MODIFY-WRITE: Count=22245, Max=1378303, Min=2, Avg=29350.9, 90=61855, 99=527871, 99.9=955903, 99.99=1351679] [UPDATE: Count=22276, Max=803327, Min=1, Avg=1942.33, 90=5511, 99=23087, 99.9=85055, 99.99=543231] [READ-FAILED: Count=617, Max=54175, Min=1484, Avg=6372.69, 90=11479, 99=29135, 99.9=47039, 99.99=54175] 
2020-09-10 10:59:07:988 50 sec: 168610 operations; 4696.55 current ops/sec; est completion in 48 minutes [READ: Count=46173, Max=1096703, Min=0, Avg=26590.72, 90=53791, 99=518911, 99.9=760831, 99.99=959487] [READ-MODIFY-WRITE: Count=23525, Max=1106943, Min=2, Avg=28438.85, 90=62431, 99=523263, 99.9=762879, 99.99=1027583] [UPDATE: Count=23498, Max=534527, Min=0, Avg=1833.85, 90=5315, 99=23519, 99.9=80895, 99.99=521471] [READ-FAILED: Count=676, Max=88767, Min=1472, Avg=6792.17, 90=11839, 99=40735, 99.9=62879, 99.99=88767] 
2020-09-10 10:59:17:987 60 sec: 214065 operations; 4545.95 current ops/sec; est completion in 45 minutes [READ: Count=44842, Max=1134591, Min=0, Avg=27416.51, 90=55679, 99=496127, 99.9=737279, 99.99=1077247] [READ-MODIFY-WRITE: Count=22500, Max=1139711, Min=2, Avg=29161.65, 90=63583, 99=491775, 99.9=771071, 99.99=1080319] [UPDATE: Count=22497, Max=640511, Min=0, Avg=1914.2, 90=5055, 99=25839, 99.9=113663, 99.99=530943] [READ-FAILED: Count=615, Max=93695, Min=1485, Avg=6869.5, 90=13975, 99=33983, 99.9=46623, 99.99=93695] 
2020-09-10 10:59:27:991 70 sec: 255012 operations; 4093.47 current ops/sec; est completion in 44 minutes [READ: Count=40415, Max=1411071, Min=0, Avg=29637.02, 90=56447, 99=534015, 99.9=828415, 99.99=1088511] [READ-MODIFY-WRITE: Count=20552, Max=1415167, Min=3, Avg=31381.78, 90=64575, 99=540159, 99.9=867327, 99.99=1334271] [UPDATE: Count=20544, Max=833023, Min=1, Avg=1748.88, 90=4855, 99=21967, 99.9=82623, 99.99=379135] [READ-FAILED: Count=527, Max=118079, Min=1460, Avg=6590.86, 90=11119, 99=54559, 99.9=100543, 99.99=118079] 
2020-09-10 10:59:37:988 80 sec: 301040 operations; 4604.18 current ops/sec; est completion in 42 minutes [READ: Count=45444, Max=997375, Min=0, Avg=28085.87, 90=57567, 99=516607, 99.9=685567, 99.99=901631] [READ-MODIFY-WRITE: Count=23026, Max=1002495, Min=2, Avg=29510.32, 90=63935, 99=514047, 99.9=700927, 99.99=907263] [UPDATE: Count=23034, Max=487935, Min=0, Avg=1817.2, 90=5355, 99=23951, 99.9=82879, 99.99=413183] [READ-FAILED: Count=596, Max=114879, Min=1330, Avg=7381.39, 90=12751, 99=50079, 99.9=95743, 99.99=114879] 
2020-09-10 10:59:47:988 90 sec: 345015 operations; 4397.5 current ops/sec; est completion in 41 minutes [READ: Count=43368, Max=1165311, Min=0, Avg=28065.21, 90=55231, 99=526847, 99.9=776191, 99.99=1101823] [READ-MODIFY-WRITE: Count=21890, Max=1169407, Min=2, Avg=29578.44, 90=63167, 99=533503, 99.9=775679, 99.99=1137663] [UPDATE: Count=21885, Max=556031, Min=0, Avg=1869.45, 90=5155, 99=24735, 99.9=93119, 99.99=523263] [READ-FAILED: Count=596, Max=100543, Min=1546, Avg=7375.91, 90=13663, 99=42847, 99.9=88831, 99.99=100543] 
2020-09-10 10:59:57:988 100 sec: 387446 operations; 4243.1 current ops/sec; est completion in 41 minutes [READ: Count=41832, Max=1300479, Min=0, Avg=29998.57, 90=55839, 99=536063, 99.9=869375, 99.99=1232895] [READ-MODIFY-WRITE: Count=21194, Max=1305599, Min=2, Avg=31386.16, 90=63519, 99=540159, 99.9=860159, 99.99=1180671] [UPDATE: Count=21193, Max=574975, Min=0, Avg=1849.82, 90=4787, 99=25055, 99.9=109247, 99.99=556543] [READ-FAILED: Count=601, Max=101567, Min=1475, Avg=6567.9, 90=11951, 99=42047, 99.9=64863, 99.99=101567] 
2020-09-10 11:00:07:988 110 sec: 421102 operations; 3365.6 current ops/sec; est completion in 41 minutes [READ: Count=33193, Max=1617919, Min=0, Avg=35875.52, 90=63679, 99=570879, 99.9=1131519, 99.99=1482751] [READ-MODIFY-WRITE: Count=16822, Max=1620991, Min=2, Avg=37586.16, 90=70911, 99=581119, 99.9=1151999, 99.99=1520639] [UPDATE: Count=16817, Max=745983, Min=0, Avg=1951.66, 90=4947, 99=24671, 99.9=81599, 99.99=552959] [READ-FAILED: Count=459, Max=81343, Min=1818, Avg=6972.22, 90=13655, 99=45535, 99.9=81343, 99.99=81343] 
2020-09-10 11:00:17:988 120 sec: 462224 operations; 4112.2 current ops/sec; est completion in 41 minutes [READ: Count=40610, Max=1905663, Min=0, Avg=31607.47, 90=55775, 99=545279, 99.9=977919, 99.99=1769471] [READ-MODIFY-WRITE: Count=20501, Max=1912831, Min=1, Avg=32303.66, 90=62015, 99=550911, 99.9=964095, 99.99=1731583] [UPDATE: Count=20537, Max=1637375, Min=0, Avg=1888.31, 90=4835, 99=21903, 99.9=101247, 99.99=689151] [READ-FAILED: Count=523, Max=80191, Min=1628, Avg=6219.67, 90=11375, 99=45119, 99.9=65151, 99.99=80191] 
2020-09-10 11:00:27:988 130 sec: 504107 operations; 4188.3 current ops/sec; est completion in 40 minutes [READ: Count=41315, Max=1486847, Min=0, Avg=29983.42, 90=56895, 99=536575, 99.9=907263, 99.99=1303551] [READ-MODIFY-WRITE: Count=20938, Max=1463295, Min=2, Avg=31097.94, 90=63295, 99=542719, 99.9=968703, 99.99=1209343] [UPDATE: Count=20912, Max=671231, Min=0, Avg=1702.64, 90=4735, 99=22191, 99.9=70143, 99.99=516863] [READ-FAILED: Count=560, Max=83007, Min=1355, Avg=6546.69, 90=13839, 99=39583, 99.9=59263, 99.99=83007] 
2020-09-10 11:00:37:988 140 sec: 543094 operations; 3898.7 current ops/sec; est completion in 40 minutes [READ: Count=38517, Max=1927167, Min=0, Avg=32417.82, 90=61247, 99=550911, 99.9=886783, 99.99=1225727] [READ-MODIFY-WRITE: Count=19341, Max=2000895, Min=2, Avg=34083.89, 90=68735, 99=557567, 99.9=909823, 99.99=1233919] [UPDATE: Count=19338, Max=787455, Min=1, Avg=1865.32, 90=4667, 99=24111, 99.9=93055, 99.99=619519] [READ-FAILED: Count=474, Max=113663, Min=1646, Avg=6227.15, 90=11807, 99=31647, 99.9=113663, 99.99=113663] 
2020-09-10 11:00:47:987 150 sec: 585395 operations; 4230.1 current ops/sec; est completion in 40 minutes [READ: Count=41772, Max=1372159, Min=0, Avg=29479.16, 90=60351, 99=531455, 99.9=847871, 99.99=1238015] [READ-MODIFY-WRITE: Count=21304, Max=1260543, Min=2, Avg=31163.83, 90=67839, 99=536575, 99.9=852479, 99.99=1244159] [UPDATE: Count=21301, Max=683519, Min=0, Avg=1825.82, 90=4919, 99=26079, 99.9=88191, 99.99=455935] [READ-FAILED: Count=527, Max=81471, Min=1580, Avg=6713.53, 90=12479, 99=41119, 99.9=67967, 99.99=81471] 
2020-09-10 11:00:57:987 160 sec: 630548 operations; 4515.3 current ops/sec; est completion in 39 minutes [READ: Count=44622, Max=1224703, Min=0, Avg=27955.57, 90=56543, 99=524031, 99.9=758271, 99.99=921087] [READ-MODIFY-WRITE: Count=22574, Max=1228799, Min=1, Avg=29552.37, 90=65119, 99=528895, 99.9=759295, 99.99=924159] [UPDATE: Count=22578, Max=895487, Min=0, Avg=1856.38, 90=5223, 99=23247, 99.9=92927, 99.99=724991] [READ-FAILED: Count=532, Max=106239, Min=1557, Avg=7789.1, 90=14367, 99=70271, 99.9=101951, 99.99=106239] 
2020-09-10 11:01:07:996 170 sec: 664917 operations; 3433.81 current ops/sec; est completion in 39 minutes [READ: Count=33943, Max=1906687, Min=0, Avg=36181.75, 90=60703, 99=573439, 99.9=1125375, 99.99=1765375] [READ-MODIFY-WRITE: Count=17114, Max=1911807, Min=2, Avg=37074.99, 90=67263, 99=572415, 99.9=1113087, 99.99=1807359] [UPDATE: Count=17121, Max=1805311, Min=0, Avg=2051.55, 90=4495, 99=25823, 99.9=112191, 99.99=689663] [READ-FAILED: Count=430, Max=465151, Min=1667, Avg=7979.37, 90=13687, 99=49183, 99.9=465151, 99.99=465151] 
2020-09-10 11:01:17:988 180 sec: 708758 operations; 4388.05 current ops/sec; est completion in 39 minutes [READ: Count=43311, Max=1238015, Min=0, Avg=28636.81, 90=56319, 99=527359, 99.9=805887, 99.99=1168383] [READ-MODIFY-WRITE: Count=21903, Max=1243135, Min=2, Avg=30625.93, 90=64255, 99=537087, 99.9=897535, 99.99=1233919] [UPDATE: Count=21889, Max=598015, Min=0, Avg=1944.43, 90=4651, 99=22175, 99.9=182655, 99.99=538111] [READ-FAILED: Count=520, Max=344831, Min=1487, Avg=7762.56, 90=12215, 99=58751, 99.9=340735, 99.99=344831] 
2020-09-10 11:01:27:988 190 sec: 748868 operations; 4010.6 current ops/sec; est completion in 39 minutes [READ: Count=39655, Max=1447935, Min=0, Avg=31225.41, 90=56383, 99=553983, 99.9=903679, 99.99=1342463] [READ-MODIFY-WRITE: Count=20041, Max=1468415, Min=2, Avg=32741.61, 90=65983, 99=558591, 99.9=915967, 99.99=1276927] [UPDATE: Count=20041, Max=761855, Min=0, Avg=1958.98, 90=5023, 99=25183, 99.9=113663, 99.99=591359] [READ-FAILED: Count=454, Max=166399, Min=1645, Avg=8678.5, 90=16591, 99=85119, 99.9=166399, 99.99=166399] 
2020-09-10 11:01:37:988 200 sec: 785459 operations; 3659.47 current ops/sec; est completion in 39 minutes [READ: Count=36184, Max=2076671, Min=0, Avg=33961.26, 90=63167, 99=547327, 99.9=1267711, 99.99=1960959] [READ-MODIFY-WRITE: Count=18107, Max=2004991, Min=2, Avg=34652.08, 90=70207, 99=558079, 99.9=1210367, 99.99=1824767] [UPDATE: Count=18120, Max=759807, Min=0, Avg=2251.01, 90=4863, 99=26671, 99.9=267263, 99.99=604159] [READ-FAILED: Count=419, Max=520959, Min=1530, Avg=8394.44, 90=11783, 99=44319, 99.9=520959, 99.99=520959] 
2020-09-10 11:01:47:988 210 sec: 827850 operations; 4238.68 current ops/sec; est completion in 38 minutes [READ: Count=41862, Max=1506303, Min=0, Avg=29017.87, 90=53087, 99=535039, 99.9=968191, 99.99=1354751] [READ-MODIFY-WRITE: Count=21218, Max=1429503, Min=1, Avg=30076.86, 90=59967, 99=539647, 99.9=932863, 99.99=1249279] [UPDATE: Count=21214, Max=822271, Min=0, Avg=1780.05, 90=4911, 99=22031, 99.9=96127, 99.99=518399] [READ-FAILED: Count=522, Max=141823, Min=1578, Avg=6422.66, 90=11175, 99=38527, 99.9=128831, 99.99=141823] 
2020-09-10 11:01:57:988 220 sec: 866336 operations; 3848.98 current ops/sec; est completion in 38 minutes [READ: Count=38052, Max=1593343, Min=0, Avg=33048.04, 90=61855, 99=547839, 99.9=1114111, 99.99=1472511] [READ-MODIFY-WRITE: Count=19202, Max=1595391, Min=2, Avg=35421.92, 90=70399, 99=559103, 99.9=1114111, 99.99=1478655] [UPDATE: Count=19196, Max=786431, Min=0, Avg=1903.26, 90=5107, 99=25247, 99.9=98111, 99.99=527359] [READ-FAILED: Count=431, Max=180607, Min=1641, Avg=7938.87, 90=14647, 99=69311, 99.9=180607, 99.99=180607] 
2020-09-10 11:02:07:987 230 sec: 905872 operations; 3953.6 current ops/sec; est completion in 38 minutes [READ: Count=39065, Max=1401855, Min=0, Avg=31470.29, 90=59967, 99=543743, 99.9=854015, 99.99=1242111] [READ-MODIFY-WRITE: Count=19759, Max=1244159, Min=1, Avg=32629.9, 90=67519, 99=547327, 99.9=842239, 99.99=1184767] [UPDATE: Count=19758, Max=598015, Min=0, Avg=1971.21, 90=4843, 99=26591, 99.9=110079, 99.99=587775] [READ-FAILED: Count=472, Max=197119, Min=1530, Avg=7171.34, 90=12247, 99=61471, 99.9=197119, 99.99=197119] 
2020-09-10 11:02:17:988 240 sec: 946836 operations; 4096.4 current ops/sec; est completion in 38 minutes [READ: Count=40485, Max=1307647, Min=0, Avg=30204.71, 90=55423, 99=537087, 99.9=900095, 99.99=1118207] [READ-MODIFY-WRITE: Count=20488, Max=1311743, Min=3, Avg=31499.97, 90=62911, 99=541695, 99.9=911871, 99.99=1177599] [UPDATE: Count=20486, Max=533503, Min=1, Avg=1843.91, 90=4719, 99=25423, 99.9=103231, 99.99=524799] [READ-FAILED: Count=477, Max=69631, Min=1684, Avg=6440.61, 90=12159, 99=50943, 99.9=69631, 99.99=69631] 
2020-09-10 11:02:27:987 250 sec: 983741 operations; 3690.5 current ops/sec; est completion in 38 minutes [READ: Count=36490, Max=1892351, Min=0, Avg=34348.25, 90=60831, 99=559615, 99.9=1042431, 99.99=1662975] [READ-MODIFY-WRITE: Count=18339, Max=1896447, Min=2, Avg=36551.8, 90=70271, 99=567807, 99.9=1057791, 99.99=1668095] [UPDATE: Count=18338, Max=815615, Min=0, Avg=2008.86, 90=4675, 99=28815, 99.9=109439, 99.99=538623] [READ-FAILED: Count=420, Max=156543, Min=1675, Avg=7387.69, 90=15895, 99=50815, 99.9=156543, 99.99=156543] 
2020-09-10 11:02:37:988 260 sec: 1025085 operations; 4134.4 current ops/sec; est completion in 37 minutes [READ: Count=40849, Max=1192959, Min=0, Avg=30043.17, 90=56735, 99=539647, 99.9=791551, 99.99=1071103] [READ-MODIFY-WRITE: Count=20542, Max=1157119, Min=2, Avg=33019.11, 90=65663, 99=550399, 99.9=819711, 99.99=1050623] [UPDATE: Count=20557, Max=646143, Min=0, Avg=1936.67, 90=5087, 99=22943, 99.9=102527, 99.99=565247] [READ-FAILED: Count=493, Max=122175, Min=1585, Avg=7523.74, 90=12175, 99=65535, 99.9=122175, 99.99=122175] 
2020-09-10 11:02:47:988 270 sec: 1063234 operations; 3814.9 current ops/sec; est completion in 37 minutes [READ: Count=37755, Max=1597439, Min=0, Avg=33650.37, 90=68863, 99=550911, 99.9=936959, 99.99=1376255] [READ-MODIFY-WRITE: Count=19016, Max=1605631, Min=2, Avg=34999.4, 90=76223, 99=555519, 99.9=939519, 99.99=1343487] [UPDATE: Count=19010, Max=765439, Min=0, Avg=2061.83, 90=4671, 99=30959, 99.9=100159, 99.99=584703] [READ-FAILED: Count=395, Max=147327, Min=1612, Avg=7190.22, 90=13583, 99=45855, 99.9=147327, 99.99=147327] 
2020-09-10 11:02:57:988 280 sec: 1104334 operations; 4110 current ops/sec; est completion in 37 minutes [READ: Count=40645, Max=1215487, Min=0, Avg=30326.16, 90=59871, 99=535551, 99.9=813567, 99.99=1175551] [READ-MODIFY-WRITE: Count=20497, Max=1221631, Min=1, Avg=32165.58, 90=67327, 99=541183, 99.9=836095, 99.99=1115135] [UPDATE: Count=20499, Max=539647, Min=0, Avg=1855.57, 90=4655, 99=24431, 99.9=107967, 99.99=528895] [READ-FAILED: Count=457, Max=116543, Min=1508, Avg=8143.13, 90=13871, 99=83839, 99.9=116543, 99.99=116543] 
2020-09-10 11:03:07:988 290 sec: 1143046 operations; 3871.2 current ops/sec; est completion in 37 minutes [READ: Count=38270, Max=1339391, Min=0, Avg=31997.78, 90=60031, 99=544767, 99.9=975359, 99.99=1256447] [READ-MODIFY-WRITE: Count=19473, Max=1346559, Min=2, Avg=33420.76, 90=68095, 99=550911, 99.9=1046015, 99.99=1317887] [UPDATE: Count=19462, Max=1212415, Min=0, Avg=1791.73, 90=4731, 99=21519, 99.9=93247, 99.99=670719] [READ-FAILED: Count=436, Max=113279, Min=1201, Avg=6489.26, 90=11495, 99=32255, 99.9=113279, 99.99=113279] 
2020-09-10 11:03:17:987 300 sec: 1181085 operations; 3803.9 current ops/sec; est completion in 37 minutes [READ: Count=37619, Max=1343487, Min=0, Avg=33504.95, 90=64287, 99=545279, 99.9=820223, 99.99=1230847] [READ-MODIFY-WRITE: Count=18860, Max=1347583, Min=2, Avg=35057.53, 90=68863, 99=553471, 99.9=858111, 99.99=1333247] [UPDATE: Count=18865, Max=547839, Min=0, Avg=1895.54, 90=4815, 99=28687, 99.9=110783, 99.99=344063] [READ-FAILED: Count=419, Max=49599, Min=1685, Avg=6982.82, 90=14631, 99=43967, 99.9=49599, 99.99=49599] 
Maximum time elapsed. Requesting stop for the workload.
Stop requested for workload. Now Joining!
[36m11:03:18.695[m [[34;1mINFO[m] [1;34mp.u.t.s.y.Stats.clientFinished@38[m: 
Ended SconeKV benchmark.
Number of clients: 128
Total transactions: 260542
Committed: 175976 (67.54228%)
Aborted: 84566 (32.457726%)
2020-09-10 11:03:18:699 300 sec: 1181618 operations; 749.65 current ops/sec; est completion in 37 minutes [READ: Count=527, Max=1046527, Min=1, Avg=70557.95, 90=211839, 99=598015, 99.9=679423, 99.99=1046527] [READ-MODIFY-WRITE: Count=256, Max=1051647, Min=1468, Avg=70515.48, 90=189951, 99=600063, 99.9=1051647, 99.99=1051647] [CLEANUP: Count=128, Max=1441, Min=2, Avg=16.32, 90=5, 99=214, 99.9=1441, 99.99=1441] [UPDATE: Count=250, Max=45599, Min=1, Avg=2256.26, 90=5863, 99=35359, 99.9=45599, 99.99=45599] [READ-FAILED: Count=5, Max=31247, Min=1937, Avg=9015.4, 90=31247, 99=31247, 99.9=31247, 99.99=31247] 
[OVERALL], RunTime(ms), 300707
[OVERALL], Throughput(ops/sec), 3929.4662245973655
[TOTAL_GCS_G1_Young_Generation], Count, 152
[TOTAL_GC_TIME_G1_Young_Generation], Time(ms), 3158
[TOTAL_GC_TIME_%_G1_Young_Generation], Time(%), 1.05019171485865
[TOTAL_GCS_G1_Old_Generation], Count, 0
[TOTAL_GC_TIME_G1_Old_Generation], Time(ms), 0
[TOTAL_GC_TIME_%_G1_Old_Generation], Time(%), 0.0
[TOTAL_GCs], Count, 152
[TOTAL_GC_TIME], Time(ms), 3158
[TOTAL_GC_TIME_%], Time(%), 1.05019171485865
[READ], Operations, 1166783
[READ], AverageLatency(us), 30807.620087882664
[READ], MinLatency(us), 0
[READ], MaxLatency(us), 2076671
[READ], 95thPercentileLatency(us), 109631
[READ], 99thPercentileLatency(us), 538623
[READ], Return=OK, 1166783
[READ], Return=NOT_FOUND, 14835
[READ-MODIFY-WRITE], Operations, 590021
[READ-MODIFY-WRITE], AverageLatency(us), 32461.772774189394
[READ-MODIFY-WRITE], MinLatency(us), 1
[READ-MODIFY-WRITE], MaxLatency(us), 2004991
[READ-MODIFY-WRITE], 95thPercentileLatency(us), 119551
[READ-MODIFY-WRITE], 99thPercentileLatency(us), 545279
[CLEANUP], Operations, 128
[CLEANUP], AverageLatency(us), 16.3203125
[CLEANUP], MinLatency(us), 2
[CLEANUP], MaxLatency(us), 1441
[CLEANUP], 95thPercentileLatency(us), 7
[CLEANUP], 99thPercentileLatency(us), 214
[UPDATE], Operations, 590021
[UPDATE], AverageLatency(us), 1982.9877733165429
[UPDATE], MinLatency(us), 0
[UPDATE], MaxLatency(us), 1805311
[UPDATE], 95thPercentileLatency(us), 8415
[UPDATE], 99thPercentileLatency(us), 26399
[UPDATE], Return=OK, 590021
[READ-FAILED], Operations, 14835
[READ-FAILED], AverageLatency(us), 7578.390023592855
[READ-FAILED], MinLatency(us), 1201
[READ-FAILED], MaxLatency(us), 663551
[READ-FAILED], 95thPercentileLatency(us), 21295
[READ-FAILED], 99thPercentileLatency(us), 54335
