Command line: -t -db pt.ulisboa.tecnico.sconekv.ycsb.SconeKVClient -P workloadf -threads 16 -s -p scone.tx_size=5 -p operationcount=10000000 -p maxexecutiontime=300
YCSB Client 0.17.0

Loading workload...
Starting test.
WARNING: sun.reflect.Reflection.getCallerClass is not supported. This will impact performance.
2020-09-10 10:01:42:853 0 sec: 0 operations; est completion in 0 second 
Maximum execution time specified as: 300 secs
DBWrapper: report latency for each error is false and specific error codes to track for latency are: []
DBWrapper: report latency for each error is false and specific error codes to track for latency are: []
DBWrapper: report latency for each error is false and specific error codes to track for latency are: []
DBWrapper: report latency for each error is false and specific error codes to track for latency are: []
DBWrapper: report latency for each error is false and specific error codes to track for latency are: []
DBWrapper: report latency for each error is false and specific error codes to track for latency are: []
DBWrapper: report latency for each error is false and specific error codes to track for latency are: []
DBWrapper: report latency for each error is false and specific error codes to track for latency are: []
DBWrapper: report latency for each error is false and specific error codes to track for latency are: []
DBWrapper: report latency for each error is false and specific error codes to track for latency are: []
DBWrapper: report latency for each error is false and specific error codes to track for latency are: []
DBWrapper: report latency for each error is false and specific error codes to track for latency are: []
DBWrapper: report latency for each error is false and specific error codes to track for latency are: []
DBWrapper: report latency for each error is false and specific error codes to track for latency are: []
DBWrapper: report latency for each error is false and specific error codes to track for latency are: []
DBWrapper: report latency for each error is false and specific error codes to track for latency are: []
2020-09-10 10:01:52:853 10 sec: 11936 operations; 1193.48 current ops/sec; est completion in 2 hours 19 minutes [READ: Count=11923, Max=557055, Min=0, Avg=10826.45, 90=21359, 99=71871, 99.9=518399, 99.99=551935] [READ-MODIFY-WRITE: Count=5984, Max=617471, Min=3, Avg=11350.26, 90=24687, 99=72831, 99.9=518143, 99.99=543743] [UPDATE: Count=6001, Max=60255, Min=1, Avg=927.48, 90=2899, 99=12407, 99.9=36703, 99.99=48703] [READ-FAILED: Count=17, Max=10727, Min=2126, Avg=3398.65, 90=3621, 99=10727, 99.9=10727, 99.99=10727] 
2020-09-10 10:02:02:853 20 sec: 29475 operations; 1753.9 current ops/sec; est completion in 1 hour 52 minutes [READ: Count=17516, Max=889855, Min=0, Avg=8735.4, 90=18271, 99=47679, 99.9=522751, 99.99=550911] [READ-MODIFY-WRITE: Count=8627, Max=892415, Min=3, Avg=9600.33, 90=21455, 99=52767, 99.9=528895, 99.99=846335] [UPDATE: Count=8621, Max=49823, Min=1, Avg=760.18, 90=2697, 99=8023, 99.9=26607, 99.99=39999] [READ-FAILED: Count=20, Max=4119, Min=1927, Avg=2839.45, 90=3831, 99=4119, 99.9=4119, 99.99=4119] 
2020-09-10 10:02:12:853 30 sec: 47902 operations; 1842.88 current ops/sec; est completion in 1 hour 43 minutes [READ: Count=18410, Max=562687, Min=0, Avg=8366.93, 90=16847, 99=42271, 99.9=520959, 99.99=540671] [READ-MODIFY-WRITE: Count=9135, Max=566271, Min=2, Avg=8795.58, 90=19871, 99=45663, 99.9=523263, 99.99=549375] [UPDATE: Count=9128, Max=30943, Min=0, Avg=661.59, 90=2571, 99=5935, 99.9=19359, 99.99=30367] [READ-FAILED: Count=20, Max=18335, Min=1906, Avg=3650.7, 90=4627, 99=18335, 99.9=18335, 99.99=18335] 
2020-09-10 10:02:22:853 40 sec: 66322 operations; 1842 current ops/sec; est completion in 1 hour 39 minutes [READ: Count=18394, Max=550911, Min=0, Avg=8303.21, 90=16319, 99=46911, 99.9=522495, 99.99=547839] [READ-MODIFY-WRITE: Count=9146, Max=554495, Min=3, Avg=8931.4, 90=19391, 99=51359, 99.9=524799, 99.99=551423] [UPDATE: Count=9146, Max=39199, Min=1, Avg=683.04, 90=2583, 99=6607, 99.9=17327, 99.99=25775] [READ-FAILED: Count=23, Max=12367, Min=1870, Avg=3241.7, 90=4215, 99=12367, 99.9=12367, 99.99=12367] 
2020-09-10 10:02:32:853 50 sec: 85047 operations; 1872.31 current ops/sec; est completion in 1 hour 37 minutes [READ: Count=18709, Max=566783, Min=0, Avg=8225.45, 90=16367, 99=43903, 99.9=518911, 99.99=546815] [READ-MODIFY-WRITE: Count=9367, Max=548863, Min=3, Avg=8903.57, 90=19231, 99=50015, 99.9=524031, 99.99=542719] [UPDATE: Count=9369, Max=44287, Min=1, Avg=659.7, 90=2567, 99=5847, 99.9=17231, 99.99=31999] [READ-FAILED: Count=19, Max=5159, Min=2060, Avg=2794.68, 90=3983, 99=5159, 99.9=5159, 99.99=5159] 
2020-09-10 10:02:42:853 60 sec: 102672 operations; 1762.5 current ops/sec; est completion in 1 hour 36 minutes [READ: Count=17607, Max=542719, Min=0, Avg=8674.14, 90=16327, 99=46303, 99.9=522239, 99.99=540159] [READ-MODIFY-WRITE: Count=8814, Max=546303, Min=2, Avg=9420.9, 90=19231, 99=51903, 99.9=523007, 99.99=542719] [UPDATE: Count=8809, Max=49311, Min=1, Avg=685, 90=2525, 99=6795, 99.9=20959, 99.99=39807] [READ-FAILED: Count=15, Max=5611, Min=1782, Avg=2789.93, 90=3423, 99=5611, 99.9=5611, 99.99=5611] 
2020-09-10 10:02:52:853 70 sec: 120501 operations; 1783.08 current ops/sec; est completion in 1 hour 35 minutes [READ: Count=17810, Max=558079, Min=0, Avg=8655.58, 90=15895, 99=46591, 99.9=521471, 99.99=550399] [READ-MODIFY-WRITE: Count=9035, Max=560639, Min=2, Avg=8949.14, 90=18671, 99=50783, 99.9=524287, 99.99=557055] [UPDATE: Count=9036, Max=40063, Min=0, Avg=656.47, 90=2529, 99=5591, 99.9=18815, 99.99=39583] [READ-FAILED: Count=21, Max=8543, Min=1757, Avg=3131.1, 90=5723, 99=8543, 99.9=8543, 99.99=8543] 
2020-09-10 10:03:02:853 80 sec: 138430 operations; 1792.9 current ops/sec; est completion in 1 hour 35 minutes [READ: Count=17910, Max=539135, Min=0, Avg=8537, 90=16463, 99=50367, 99.9=517887, 99.99=532991] [READ-MODIFY-WRITE: Count=9057, Max=534015, Min=2, Avg=9135.72, 90=19151, 99=54271, 99.9=521727, 99.99=528895] [UPDATE: Count=9061, Max=41311, Min=0, Avg=647.43, 90=2495, 99=5723, 99.9=18655, 99.99=31935] [READ-FAILED: Count=19, Max=9743, Min=1860, Avg=3263.58, 90=4639, 99=9743, 99.9=9743, 99.99=9743] 
2020-09-10 10:03:12:853 90 sec: 157747 operations; 1931.7 current ops/sec; est completion in 1 hour 33 minutes [READ: Count=19287, Max=566783, Min=1, Avg=7992.02, 90=16175, 99=44063, 99.9=516863, 99.99=540159] [READ-MODIFY-WRITE: Count=9603, Max=561151, Min=3, Avg=8596.06, 90=19055, 99=49247, 99.9=519679, 99.99=545279] [UPDATE: Count=9599, Max=496639, Min=0, Avg=785.82, 90=2593, 99=6303, 99.9=19375, 99.99=490751] [READ-FAILED: Count=28, Max=9343, Min=1807, Avg=2908.04, 90=3421, 99=9343, 99.9=9343, 99.99=9343] 
2020-09-10 10:03:22:853 100 sec: 178304 operations; 2055.7 current ops/sec; est completion in 1 hour 31 minutes [READ: Count=20533, Max=562687, Min=0, Avg=7464.61, 90=16047, 99=38879, 99.9=516607, 99.99=545791] [READ-MODIFY-WRITE: Count=10342, Max=541183, Min=3, Avg=7866.19, 90=18735, 99=41215, 99.9=515583, 99.99=529919] [UPDATE: Count=10343, Max=31727, Min=0, Avg=655.34, 90=2575, 99=5623, 99.9=18495, 99.99=31423] [READ-FAILED: Count=24, Max=8591, Min=1834, Avg=2805.12, 90=3283, 99=8591, 99.9=8591, 99.99=8591] 
2020-09-10 10:03:32:853 110 sec: 197606 operations; 1930.01 current ops/sec; est completion in 1 hour 30 minutes [READ: Count=19290, Max=567807, Min=0, Avg=7855.53, 90=15935, 99=39327, 99.9=521727, 99.99=552959] [READ-MODIFY-WRITE: Count=9775, Max=572415, Min=2, Avg=8483.86, 90=18943, 99=42175, 99.9=523263, 99.99=568319] [UPDATE: Count=9773, Max=50719, Min=0, Avg=677.14, 90=2591, 99=5959, 99.9=20383, 99.99=36671] [READ-FAILED: Count=12, Max=12111, Min=2152, Avg=4013.5, 90=10015, 99=12111, 99.9=12111, 99.99=12111] 
2020-09-10 10:03:42:853 120 sec: 216592 operations; 1898.79 current ops/sec; est completion in 1 hour 30 minutes [READ: Count=18972, Max=565759, Min=1, Avg=8149.41, 90=15695, 99=42559, 99.9=530431, 99.99=555519] [READ-MODIFY-WRITE: Count=9502, Max=568831, Min=3, Avg=8507.74, 90=18431, 99=44031, 99.9=532479, 99.99=567807] [UPDATE: Count=9504, Max=52511, Min=1, Avg=637.66, 90=2531, 99=5367, 99.9=15375, 99.99=35839] [READ-FAILED: Count=18, Max=5739, Min=1608, Avg=2743.56, 90=3863, 99=5739, 99.9=5739, 99.99=5739] 
2020-09-10 10:03:52:854 130 sec: 235509 operations; 1891.51 current ops/sec; est completion in 1 hour 29 minutes [READ: Count=18895, Max=644095, Min=0, Avg=7859.88, 90=15823, 99=41567, 99.9=521727, 99.99=543743] [READ-MODIFY-WRITE: Count=9492, Max=646655, Min=2, Avg=8670.87, 90=18815, 99=47295, 99.9=518399, 99.99=545791] [UPDATE: Count=9489, Max=38271, Min=0, Avg=699.06, 90=2567, 99=6367, 99.9=21871, 99.99=37055] [READ-FAILED: Count=17, Max=5659, Min=1932, Avg=2850.12, 90=3541, 99=5659, 99.9=5659, 99.99=5659] 
2020-09-10 10:04:02:853 140 sec: 253805 operations; 1829.78 current ops/sec; est completion in 1 hour 29 minutes [READ: Count=18275, Max=587775, Min=0, Avg=8631.37, 90=15703, 99=57503, 99.9=522239, 99.99=562175] [READ-MODIFY-WRITE: Count=9143, Max=560127, Min=2, Avg=9039.36, 90=18479, 99=56895, 99.9=521215, 99.99=551935] [UPDATE: Count=9145, Max=34079, Min=0, Avg=652.91, 90=2539, 99=5623, 99.9=21247, 99.99=33791] [READ-FAILED: Count=23, Max=3629, Min=2048, Avg=2508.3, 90=3449, 99=3629, 99.9=3629, 99.99=3629] 
2020-09-10 10:04:12:853 150 sec: 273772 operations; 1996.7 current ops/sec; est completion in 1 hour 28 minutes [READ: Count=19958, Max=554495, Min=0, Avg=7726.75, 90=15879, 99=41983, 99.9=528895, 99.99=553471] [READ-MODIFY-WRITE: Count=9927, Max=593919, Min=1, Avg=8616.56, 90=18735, 99=46687, 99.9=532479, 99.99=555519] [UPDATE: Count=9928, Max=60191, Min=0, Avg=673.91, 90=2515, 99=5811, 99.9=17327, 99.99=56191] [READ-FAILED: Count=9, Max=3227, Min=2276, Avg=2598.78, 90=2907, 99=3227, 99.9=3227, 99.99=3227] 
2020-09-10 10:04:22:853 160 sec: 289859 operations; 1608.7 current ops/sec; est completion in 1 hour 29 minutes [READ: Count=16073, Max=1058815, Min=0, Avg=9539.75, 90=15399, 99=63551, 99.9=559615, 99.99=1008127] [READ-MODIFY-WRITE: Count=8065, Max=1061887, Min=3, Avg=10206.57, 90=18303, 99=70463, 99.9=549375, 99.99=1028095] [UPDATE: Count=8066, Max=509695, Min=1, Avg=853.33, 90=2509, 99=5299, 99.9=26559, 99.99=502783] [READ-FAILED: Count=13, Max=10719, Min=1559, Avg=2917.38, 90=2863, 99=10719, 99.9=10719, 99.99=10719] 
2020-09-10 10:04:32:853 170 sec: 307816 operations; 1795.7 current ops/sec; est completion in 1 hour 29 minutes [READ: Count=17951, Max=1007615, Min=0, Avg=8575.02, 90=16311, 99=53151, 99.9=528895, 99.99=1001983] [READ-MODIFY-WRITE: Count=9091, Max=1010175, Min=3, Avg=9367.14, 90=18991, 99=58943, 99.9=536575, 99.99=1004031] [UPDATE: Count=9088, Max=47903, Min=1, Avg=648.73, 90=2489, 99=5035, 99.9=20095, 99.99=45151] [READ-FAILED: Count=7, Max=4299, Min=1945, Avg=2599.71, 90=2737, 99=4299, 99.9=4299, 99.99=4299] 
2020-09-10 10:04:42:853 180 sec: 326640 operations; 1882.4 current ops/sec; est completion in 1 hour 28 minutes [READ: Count=18814, Max=573439, Min=0, Avg=8130.21, 90=16175, 99=46687, 99.9=532991, 99.99=553983] [READ-MODIFY-WRITE: Count=9348, Max=575487, Min=2, Avg=8660.04, 90=18975, 99=48383, 99.9=528383, 99.99=557055] [UPDATE: Count=9347, Max=41759, Min=0, Avg=633.42, 90=2543, 99=5191, 99.9=13247, 99.99=23231] [READ-FAILED: Count=10, Max=3081, Min=1733, Avg=2312.8, 90=2929, 99=3081, 99.9=3081, 99.99=3081] 
2020-09-10 10:04:52:853 190 sec: 346393 operations; 1975.3 current ops/sec; est completion in 1 hour 28 minutes [READ: Count=19731, Max=564735, Min=0, Avg=7766.92, 90=15935, 99=44383, 99.9=517119, 99.99=538623] [READ-MODIFY-WRITE: Count=9811, Max=566783, Min=2, Avg=8509.29, 90=18895, 99=50719, 99.9=522751, 99.99=544767] [UPDATE: Count=9813, Max=62463, Min=0, Avg=646.09, 90=2511, 99=5387, 99.9=18511, 99.99=47999] [READ-FAILED: Count=21, Max=10271, Min=1706, Avg=2997, 90=3203, 99=10271, 99.9=10271, 99.99=10271] 
2020-09-10 10:05:02:854 200 sec: 365240 operations; 1884.51 current ops/sec; est completion in 1 hour 27 minutes [READ: Count=18822, Max=570879, Min=1, Avg=8149.66, 90=15559, 99=45055, 99.9=524799, 99.99=566271] [READ-MODIFY-WRITE: Count=9357, Max=558079, Min=3, Avg=8314.3, 90=18255, 99=48095, 99.9=526335, 99.99=551935] [UPDATE: Count=9355, Max=50591, Min=1, Avg=643.89, 90=2525, 99=5847, 99.9=17807, 99.99=37151] [READ-FAILED: Count=24, Max=5819, Min=1780, Avg=2741.38, 90=4463, 99=5819, 99.9=5819, 99.99=5819] 
2020-09-10 10:05:12:853 210 sec: 383651 operations; 1841.28 current ops/sec; est completion in 1 hour 27 minutes [READ: Count=18400, Max=604159, Min=1, Avg=8221.71, 90=15407, 99=41503, 99.9=524031, 99.99=541183] [READ-MODIFY-WRITE: Count=9187, Max=549375, Min=3, Avg=8785.01, 90=18207, 99=45055, 99.9=525311, 99.99=543743] [UPDATE: Count=9189, Max=59871, Min=1, Avg=696.05, 90=2507, 99=5819, 99.9=25759, 99.99=58271] [READ-FAILED: Count=11, Max=3339, Min=1890, Avg=2607.18, 90=3285, 99=3339, 99.9=3339, 99.99=3339] 
2020-09-10 10:05:22:853 220 sec: 403070 operations; 1941.9 current ops/sec; est completion in 1 hour 27 minutes [READ: Count=19406, Max=932351, Min=0, Avg=7979.17, 90=15983, 99=44575, 99.9=526847, 99.99=547327] [READ-MODIFY-WRITE: Count=9685, Max=934911, Min=2, Avg=8527.43, 90=18879, 99=48031, 99.9=529407, 99.99=751103] [UPDATE: Count=9687, Max=48287, Min=0, Avg=643.58, 90=2531, 99=5543, 99.9=19967, 99.99=43615] [READ-FAILED: Count=13, Max=3643, Min=2102, Avg=2761.77, 90=3547, 99=3643, 99.9=3643, 99.99=3643] 
2020-09-10 10:05:32:853 230 sec: 422433 operations; 1936.3 current ops/sec; est completion in 1 hour 26 minutes [READ: Count=19351, Max=668671, Min=0, Avg=8002.11, 90=16087, 99=42207, 99.9=528383, 99.99=556031] [READ-MODIFY-WRITE: Count=9688, Max=671743, Min=2, Avg=8710.64, 90=18927, 99=47391, 99.9=530431, 99.99=558591] [UPDATE: Count=9687, Max=38975, Min=0, Avg=663.24, 90=2519, 99=4983, 99.9=25823, 99.99=38303] [READ-FAILED: Count=14, Max=12703, Min=2027, Avg=3347.71, 90=5411, 99=12703, 99.9=12703, 99.99=12703] 
2020-09-10 10:05:42:854 240 sec: 440936 operations; 1850.11 current ops/sec; est completion in 1 hour 26 minutes [READ: Count=18488, Max=576511, Min=0, Avg=8233.02, 90=16263, 99=51295, 99.9=524799, 99.99=570367] [READ-MODIFY-WRITE: Count=9335, Max=580095, Min=2, Avg=8896.86, 90=18959, 99=52479, 99.9=528383, 99.99=574975] [UPDATE: Count=9333, Max=39423, Min=0, Avg=643.46, 90=2535, 99=4695, 99.9=20847, 99.99=39423] [READ-FAILED: Count=13, Max=8463, Min=1692, Avg=3082.38, 90=3855, 99=8463, 99.9=8463, 99.99=8463] 
2020-09-10 10:05:52:854 250 sec: 458464 operations; 1752.8 current ops/sec; est completion in 1 hour 26 minutes [READ: Count=17511, Max=1012223, Min=0, Avg=8860.08, 90=15967, 99=53407, 99.9=528895, 99.99=659967] [READ-MODIFY-WRITE: Count=8796, Max=1014271, Min=2, Avg=9835.34, 90=19151, 99=60063, 99.9=532991, 99.99=718847] [UPDATE: Count=8803, Max=500479, Min=0, Avg=781.61, 90=2533, 99=5999, 99.9=21103, 99.99=483327] [READ-FAILED: Count=18, Max=17423, Min=1507, Avg=3231.22, 90=3141, 99=17423, 99.9=17423, 99.99=17423] 
2020-09-10 10:06:02:853 260 sec: 477481 operations; 1901.89 current ops/sec; est completion in 1 hour 26 minutes [READ: Count=18998, Max=578559, Min=0, Avg=7982.97, 90=15431, 99=48927, 99.9=518655, 99.99=569855] [READ-MODIFY-WRITE: Count=9578, Max=553471, Min=2, Avg=8605.09, 90=18319, 99=52831, 99.9=520191, 99.99=549887] [UPDATE: Count=9573, Max=74431, Min=0, Avg=695, 90=2549, 99=5659, 99.9=24639, 99.99=66047] [READ-FAILED: Count=19, Max=5731, Min=1611, Avg=2674.32, 90=3203, 99=5731, 99.9=5731, 99.99=5731] 
2020-09-10 10:06:12:853 270 sec: 495647 operations; 1816.42 current ops/sec; est completion in 1 hour 26 minutes [READ: Count=18153, Max=558591, Min=0, Avg=8573.94, 90=16231, 99=50079, 99.9=523519, 99.99=552959] [READ-MODIFY-WRITE: Count=9123, Max=562687, Min=2, Avg=8983.99, 90=19071, 99=52031, 99.9=528895, 99.99=555519] [UPDATE: Count=9122, Max=46431, Min=0, Avg=658.73, 90=2475, 99=6367, 99.9=21695, 99.99=45311] [READ-FAILED: Count=16, Max=4001, Min=2082, Avg=2891.88, 90=3481, 99=4001, 99.9=4001, 99.99=4001] 
2020-09-10 10:06:22:853 280 sec: 515322 operations; 1967.7 current ops/sec; est completion in 1 hour 25 minutes [READ: Count=19663, Max=573439, Min=0, Avg=7706.48, 90=15679, 99=42335, 99.9=521215, 99.99=566271] [READ-MODIFY-WRITE: Count=9756, Max=575487, Min=2, Avg=7788.94, 90=18367, 99=42015, 99.9=520447, 99.99=568831] [UPDATE: Count=9754, Max=57247, Min=0, Avg=620.26, 90=2473, 99=4575, 99.9=14455, 99.99=53567] [READ-FAILED: Count=9, Max=5071, Min=1990, Avg=2624.33, 90=2747, 99=5071, 99.9=5071, 99.99=5071] 
2020-09-10 10:06:32:853 290 sec: 534503 operations; 1918.1 current ops/sec; est completion in 1 hour 25 minutes [READ: Count=19165, Max=666111, Min=0, Avg=7973.96, 90=16687, 99=46751, 99.9=516863, 99.99=589823] [READ-MODIFY-WRITE: Count=9706, Max=668671, Min=2, Avg=8606.53, 90=19711, 99=51231, 99.9=519679, 99.99=555519] [UPDATE: Count=9711, Max=50271, Min=0, Avg=675.77, 90=2571, 99=6575, 99.9=16239, 99.99=39903] [READ-FAILED: Count=18, Max=6567, Min=1592, Avg=2524.61, 90=2815, 99=6567, 99.9=6567, 99.99=6567] 
2020-09-10 10:06:42:853 300 sec: 552823 operations; 1831.82 current ops/sec; est completion in 1 hour 25 minutes [READ: Count=18302, Max=669695, Min=0, Avg=8534.63, 90=16047, 99=49119, 99.9=532991, 99.99=588287] [READ-MODIFY-WRITE: Count=9176, Max=649727, Min=4, Avg=9097.29, 90=18687, 99=50943, 99.9=541695, 99.99=590847] [UPDATE: Count=9172, Max=108927, Min=1, Avg=653.53, 90=2483, 99=5543, 99.9=20447, 99.99=43871] [READ-FAILED: Count=16, Max=2739, Min=1800, Avg=2171.25, 90=2385, 99=2739, 99.9=2739, 99.99=2739] 
Maximum time elapsed. Requesting stop for the workload.
Stop requested for workload. Now Joining!
[36m10:06:42.898[m [[34;1mINFO[m] [1;34mp.u.t.s.y.Stats.clientFinished@38[m: 
Ended SconeKV benchmark.
Number of clients: 16
Total transactions: 122130
Committed: 103567 (84.80063%)
Aborted: 18563 (15.199378%)
2020-09-10 10:06:42:900 300 sec: 552894 operations; 1543.48 current ops/sec; est completion in 1 hour 25 minutes [READ: Count=70, Max=55263, Min=1344, Avg=11636.51, 90=34783, 99=53503, 99.9=55263, 99.99=55263] [READ-MODIFY-WRITE: Count=34, Max=73727, Min=1874, Avg=13859.68, 90=37887, 99=73727, 99.9=73727, 99.99=73727] [CLEANUP: Count=16, Max=1838, Min=3, Avg=118.62, 90=5, 99=1838, 99.9=1838, 99.99=1838] [UPDATE: Count=33, Max=57375, Min=1, Avg=2642.76, 90=2699, 99=57375, 99.9=57375, 99.99=57375] [READ-FAILED: Count=0, Max=0, Min=9223372036854775807, Avg=NaN, 90=0, 99=0, 99.9=0, 99.99=0] 
[OVERALL], RunTime(ms), 300048
[OVERALL], Throughput(ops/sec), 1842.6851703727405
[TOTAL_GCS_G1_Young_Generation], Count, 107
[TOTAL_GC_TIME_G1_Young_Generation], Time(ms), 662
[TOTAL_GC_TIME_%_G1_Young_Generation], Time(%), 0.22063136564816296
[TOTAL_GCS_G1_Old_Generation], Count, 0
[TOTAL_GC_TIME_G1_Old_Generation], Time(ms), 0
[TOTAL_GC_TIME_%_G1_Old_Generation], Time(%), 0.0
[TOTAL_GCs], Count, 107
[TOTAL_GC_TIME], Time(ms), 662
[TOTAL_GC_TIME_%], Time(%), 0.22063136564816296
[READ], Operations, 552387
[READ], AverageLatency(us), 8292.041087136373
[READ], MinLatency(us), 0
[READ], MaxLatency(us), 1058815
[READ], 95thPercentileLatency(us), 20639
[READ], 99thPercentileLatency(us), 46783
[READ], Return=OK, 552387
[READ], Return=NOT_FOUND, 507
[READ-MODIFY-WRITE], Operations, 276685
[READ-MODIFY-WRITE], AverageLatency(us), 8875.712192565554
[READ-MODIFY-WRITE], MinLatency(us), 1
[READ-MODIFY-WRITE], MaxLatency(us), 1061887
[READ-MODIFY-WRITE], 95thPercentileLatency(us), 23855
[READ-MODIFY-WRITE], 99thPercentileLatency(us), 50495
[CLEANUP], Operations, 16
[CLEANUP], AverageLatency(us), 118.625
[CLEANUP], MinLatency(us), 3
[CLEANUP], MaxLatency(us), 1838
[CLEANUP], 95thPercentileLatency(us), 12
[CLEANUP], 99thPercentileLatency(us), 1838
[UPDATE], Operations, 276685
[UPDATE], AverageLatency(us), 683.3500442741746
[UPDATE], MinLatency(us), 0
[UPDATE], MaxLatency(us), 509695
[UPDATE], 95thPercentileLatency(us), 3037
[UPDATE], 99thPercentileLatency(us), 5955
[UPDATE], Return=OK, 276685
[READ-FAILED], Operations, 507
[READ-FAILED], AverageLatency(us), 2917.5996055226824
[READ-FAILED], MinLatency(us), 1507
[READ-FAILED], MaxLatency(us), 18335
[READ-FAILED], 95thPercentileLatency(us), 5611
[READ-FAILED], 99thPercentileLatency(us), 10727
