Command line: -t -db pt.ulisboa.tecnico.sconekv.ycsb.SconeKVClient -P workloada -threads 64 -s -p scone.tx_size=5 -p operationcount=10000000 -p maxexecutiontime=300
YCSB Client 0.17.0

Loading workload...
Starting test.
WARNING: sun.reflect.Reflection.getCallerClass is not supported. This will impact performance.
2020-09-07 15:10:46:793 0 sec: 0 operations; est completion in 0 second 
Maximum execution time specified as: 300 secs
DBWrapper: report latency for each error is false and specific error codes to track for latency are: []
DBWrapper: report latency for each error is false and specific error codes to track for latency are: []
DBWrapper: report latency for each error is false and specific error codes to track for latency are: []
DBWrapper: report latency for each error is false and specific error codes to track for latency are: []
DBWrapper: report latency for each error is false and specific error codes to track for latency are: []
DBWrapper: report latency for each error is false and specific error codes to track for latency are: []
DBWrapper: report latency for each error is false and specific error codes to track for latency are: []
DBWrapper: report latency for each error is false and specific error codes to track for latency are: []
DBWrapper: report latency for each error is false and specific error codes to track for latency are: []
DBWrapper: report latency for each error is false and specific error codes to track for latency are: []
DBWrapper: report latency for each error is false and specific error codes to track for latency are: []
DBWrapper: report latency for each error is false and specific error codes to track for latency are: []
DBWrapper: report latency for each error is false and specific error codes to track for latency are: []
DBWrapper: report latency for each error is false and specific error codes to track for latency are: []
DBWrapper: report latency for each error is false and specific error codes to track for latency are: []
DBWrapper: report latency for each error is false and specific error codes to track for latency are: []
DBWrapper: report latency for each error is false and specific error codes to track for latency are: []
DBWrapper: report latency for each error is false and specific error codes to track for latency are: []
DBWrapper: report latency for each error is false and specific error codes to track for latency are: []
DBWrapper: report latency for each error is false and specific error codes to track for latency are: []
DBWrapper: report latency for each error is false and specific error codes to track for latency are: []
DBWrapper: report latency for each error is false and specific error codes to track for latency are: []
DBWrapper: report latency for each error is false and specific error codes to track for latency are: []
DBWrapper: report latency for each error is false and specific error codes to track for latency are: []
DBWrapper: report latency for each error is false and specific error codes to track for latency are: []
DBWrapper: report latency for each error is false and specific error codes to track for latency are: []
DBWrapper: report latency for each error is false and specific error codes to track for latency are: []
DBWrapper: report latency for each error is false and specific error codes to track for latency are: []
DBWrapper: report latency for each error is false and specific error codes to track for latency are: []
DBWrapper: report latency for each error is false and specific error codes to track for latency are: []
DBWrapper: report latency for each error is false and specific error codes to track for latency are: []
DBWrapper: report latency for each error is false and specific error codes to track for latency are: []
DBWrapper: report latency for each error is false and specific error codes to track for latency are: []
DBWrapper: report latency for each error is false and specific error codes to track for latency are: []
DBWrapper: report latency for each error is false and specific error codes to track for latency are: []
DBWrapper: report latency for each error is false and specific error codes to track for latency are: []
DBWrapper: report latency for each error is false and specific error codes to track for latency are: []
DBWrapper: report latency for each error is false and specific error codes to track for latency are: []
DBWrapper: report latency for each error is false and specific error codes to track for latency are: []
DBWrapper: report latency for each error is false and specific error codes to track for latency are: []
DBWrapper: report latency for each error is false and specific error codes to track for latency are: []
DBWrapper: report latency for each error is false and specific error codes to track for latency are: []
DBWrapper: report latency for each error is false and specific error codes to track for latency are: []
DBWrapper: report latency for each error is false and specific error codes to track for latency are: []
DBWrapper: report latency for each error is false and specific error codes to track for latency are: []
DBWrapper: report latency for each error is false and specific error codes to track for latency are: []
DBWrapper: report latency for each error is false and specific error codes to track for latency are: []
DBWrapper: report latency for each error is false and specific error codes to track for latency are: []
DBWrapper: report latency for each error is false and specific error codes to track for latency are: []
DBWrapper: report latency for each error is false and specific error codes to track for latency are: []
DBWrapper: report latency for each error is false and specific error codes to track for latency are: []
DBWrapper: report latency for each error is false and specific error codes to track for latency are: []
DBWrapper: report latency for each error is false and specific error codes to track for latency are: []
DBWrapper: report latency for each error is false and specific error codes to track for latency are: []
DBWrapper: report latency for each error is false and specific error codes to track for latency are: []
DBWrapper: report latency for each error is false and specific error codes to track for latency are: []
DBWrapper: report latency for each error is false and specific error codes to track for latency are: []
DBWrapper: report latency for each error is false and specific error codes to track for latency are: []
DBWrapper: report latency for each error is false and specific error codes to track for latency are: []
DBWrapper: report latency for each error is false and specific error codes to track for latency are: []
DBWrapper: report latency for each error is false and specific error codes to track for latency are: []
DBWrapper: report latency for each error is false and specific error codes to track for latency are: []
DBWrapper: report latency for each error is false and specific error codes to track for latency are: []
DBWrapper: report latency for each error is false and specific error codes to track for latency are: []
2020-09-07 15:10:56:794 10 sec: 11855 operations; 1185.26 current ops/sec; est completion in 2 hours 20 minutes [READ: Count=5909, Max=712703, Min=0, Avg=37651.63, 90=88703, 99=499711, 99.9=639999, 99.99=709631] [UPDATE: Count=6021, Max=1019903, Min=8, Avg=36735.22, 90=83071, 99=530431, 99.9=909311, 99.99=999423] [READ-FAILED: Count=4, Max=116031, Min=5240, Avg=33870.5, 90=116031, 99=116031, 99.9=116031, 99.99=116031] 
2020-09-07 15:11:06:792 20 sec: 40798 operations; 2894.88 current ops/sec; est completion in 1 hour 21 minutes [READ: Count=14470, Max=15073279, Min=0, Avg=22208.31, 90=41663, 99=437247, 99.9=633343, 99.99=1203199] [UPDATE: Count=14408, Max=1197055, Min=6, Avg=22446.85, 90=43551, 99=457727, 99.9=790527, 99.99=1178623] [READ-FAILED: Count=11, Max=36575, Min=2122, Avg=8336.91, 90=14983, 99=36575, 99.9=36575, 99.99=36575] 
2020-09-07 15:11:16:792 30 sec: 70013 operations; 2921.5 current ops/sec; est completion in 1 hour 10 minutes [READ: Count=14557, Max=718335, Min=1, Avg=21591.72, 90=38943, 99=494335, 99.9=601087, 99.99=679423] [UPDATE: Count=14646, Max=848895, Min=1, Avg=22182.23, 90=39359, 99=507391, 99.9=607743, 99.99=682495] [READ-FAILED: Count=8, Max=6067, Min=1878, Avg=3373, 90=5239, 99=6067, 99.9=6067, 99.99=6067] 
2020-09-07 15:11:26:792 40 sec: 102398 operations; 3238.5 current ops/sec; est completion in 1 hour 4 minutes [READ: Count=16148, Max=957439, Min=1, Avg=18830.62, 90=37791, 99=442623, 99.9=577535, 99.99=879615] [UPDATE: Count=16229, Max=1037823, Min=0, Avg=20526.75, 90=39711, 99=495871, 99.9=638463, 99.99=1025535] [READ-FAILED: Count=8, Max=3911, Min=2048, Avg=2775.25, 90=3611, 99=3911, 99.9=3911, 99.99=3911] 
2020-09-07 15:11:36:792 50 sec: 132619 operations; 3022.1 current ops/sec; est completion in 1 hour 2 minutes [READ: Count=15145, Max=1179647, Min=0, Avg=20528.65, 90=34047, 99=514047, 99.9=622079, 99.99=1101823] [UPDATE: Count=15062, Max=1012735, Min=1, Avg=22089.32, 90=35935, 99=507135, 99.9=684543, 99.99=971263] [READ-FAILED: Count=10, Max=89087, Min=2074, Avg=12406.5, 90=10447, 99=89087, 99.9=89087, 99.99=89087] 
2020-09-07 15:11:46:792 60 sec: 169714 operations; 3709.5 current ops/sec; est completion in 57 minutes [READ: Count=18511, Max=603135, Min=1, Avg=17522.81, 90=35135, 99=371711, 99.9=556031, 99.99=579583] [UPDATE: Count=18562, Max=693247, Min=1, Avg=17054.3, 90=35743, 99=300287, 99.9=557567, 99.99=632319] [READ-FAILED: Count=14, Max=22335, Min=2296, Avg=5028.64, 90=8103, 99=22335, 99.9=22335, 99.99=22335] 
2020-09-07 15:11:56:792 70 sec: 207062 operations; 3734.8 current ops/sec; est completion in 55 minutes [READ: Count=18653, Max=879615, Min=0, Avg=16594.71, 90=34015, 99=314623, 99.9=588799, 99.99=772607] [UPDATE: Count=18697, Max=862719, Min=1, Avg=17567.38, 90=34783, 99=343039, 99.9=603647, 99.99=840191] [READ-FAILED: Count=11, Max=18639, Min=1758, Avg=4496.18, 90=4299, 99=18639, 99.9=18639, 99.99=18639] 
2020-09-07 15:12:06:793 80 sec: 240199 operations; 3313.7 current ops/sec; est completion in 54 minutes [READ: Count=16324, Max=862207, Min=0, Avg=18621.63, 90=35071, 99=431615, 99.9=597503, 99.99=737279] [UPDATE: Count=16785, Max=871935, Min=1, Avg=19755.89, 90=38239, 99=439295, 99.9=594943, 99.99=795647] [READ-FAILED: Count=10, Max=13879, Min=1935, Avg=4083.4, 90=4995, 99=13879, 99.9=13879, 99.99=13879] 
2020-09-07 15:12:16:793 90 sec: 273619 operations; 3342 current ops/sec; est completion in 53 minutes [READ: Count=16710, Max=1075199, Min=0, Avg=18305.39, 90=35391, 99=362239, 99.9=578047, 99.99=904703] [UPDATE: Count=16709, Max=1005567, Min=3, Avg=19439.68, 90=35647, 99=425983, 99.9=587263, 99.99=983551] [READ-FAILED: Count=11, Max=72127, Min=1453, Avg=10947.09, 90=13279, 99=72127, 99.9=72127, 99.99=72127] 
2020-09-07 15:12:26:793 100 sec: 308545 operations; 3492.6 current ops/sec; est completion in 52 minutes [READ: Count=17357, Max=879615, Min=0, Avg=17986.12, 90=36511, 99=321791, 99.9=656383, 99.99=832511] [UPDATE: Count=17544, Max=1126399, Min=0, Avg=18745.14, 90=37535, 99=380415, 99.9=602623, 99.99=947199] [READ-FAILED: Count=12, Max=16335, Min=1495, Avg=4548, 90=5927, 99=16335, 99.9=16335, 99.99=16335] 
2020-09-07 15:12:36:793 110 sec: 341515 operations; 3297 current ops/sec; est completion in 51 minutes [READ: Count=16357, Max=1159167, Min=0, Avg=18772.14, 90=34911, 99=444159, 99.9=589311, 99.99=1130495] [UPDATE: Count=16610, Max=1142783, Min=2, Avg=20695.92, 90=36671, 99=497151, 99.9=815615, 99.99=1032703] [READ-FAILED: Count=11, Max=14719, Min=1917, Avg=4077.09, 90=5623, 99=14719, 99.9=14719, 99.99=14719] 
2020-09-07 15:12:46:792 120 sec: 377096 operations; 3558.1 current ops/sec; est completion in 51 minutes [READ: Count=17584, Max=878591, Min=0, Avg=17846.9, 90=38527, 99=316415, 99.9=579071, 99.99=640511] [UPDATE: Count=17979, Max=974847, Min=1, Avg=18371.16, 90=40095, 99=342015, 99.9=581119, 99.99=635903] [READ-FAILED: Count=15, Max=24975, Min=1782, Avg=4730.47, 90=6523, 99=24975, 99.9=24975, 99.99=24975] 
2020-09-07 15:12:56:792 130 sec: 409999 operations; 3290.3 current ops/sec; est completion in 50 minutes [READ: Count=16550, Max=1004543, Min=0, Avg=18914.32, 90=36671, 99=445695, 99.9=611327, 99.99=976895] [UPDATE: Count=16347, Max=1036287, Min=1, Avg=19778.03, 90=37439, 99=486655, 99.9=623615, 99.99=1022463] [READ-FAILED: Count=9, Max=22239, Min=2032, Avg=5802.89, 90=7687, 99=22239, 99.9=22239, 99.99=22239] 
2020-09-07 15:13:06:792 140 sec: 443493 operations; 3349.4 current ops/sec; est completion in 50 minutes [READ: Count=16611, Max=712191, Min=0, Avg=18432.77, 90=36447, 99=389631, 99.9=552959, 99.99=621567] [UPDATE: Count=16871, Max=788991, Min=1, Avg=18794.36, 90=37407, 99=379903, 99.9=565247, 99.99=708095] [READ-FAILED: Count=3, Max=5675, Min=2554, Avg=4001.33, 90=5675, 99=5675, 99.9=5675, 99.99=5675] 
2020-09-07 15:13:16:792 150 sec: 477663 operations; 3417 current ops/sec; est completion in 49 minutes [READ: Count=16848, Max=1387519, Min=0, Avg=18464.21, 90=35615, 99=366335, 99.9=645631, 99.99=1320959] [UPDATE: Count=17313, Max=1518591, Min=0, Avg=19898.24, 90=36415, 99=442367, 99.9=999423, 99.99=1505279] [READ-FAILED: Count=13, Max=6331, Min=2052, Avg=3382.31, 90=4491, 99=6331, 99.9=6331, 99.99=6331] 
2020-09-07 15:13:26:792 160 sec: 510516 operations; 3285.3 current ops/sec; est completion in 49 minutes [READ: Count=16365, Max=1010687, Min=1, Avg=19074.08, 90=35583, 99=439295, 99.9=636415, 99.99=1008639] [UPDATE: Count=16480, Max=1004031, Min=0, Avg=19756.79, 90=35391, 99=465407, 99.9=637439, 99.99=855551] [READ-FAILED: Count=8, Max=8655, Min=2550, Avg=4177.75, 90=5015, 99=8655, 99.9=8655, 99.99=8655] 
2020-09-07 15:13:36:792 170 sec: 539388 operations; 2887.2 current ops/sec; est completion in 49 minutes [READ: Count=14428, Max=1014271, Min=0, Avg=21874.64, 90=37247, 99=522239, 99.9=617983, 99.99=1011711] [UPDATE: Count=14429, Max=1070079, Min=1, Avg=21667.76, 90=37343, 99=518911, 99.9=739327, 99.99=1065983] [READ-FAILED: Count=11, Max=5963, Min=2150, Avg=3944.36, 90=5487, 99=5963, 99.9=5963, 99.99=5963] 
2020-09-07 15:13:46:792 180 sec: 571558 operations; 3217 current ops/sec; est completion in 49 minutes [READ: Count=16071, Max=712703, Min=0, Avg=19765.55, 90=35967, 99=462847, 99.9=570879, 99.99=644607] [UPDATE: Count=16100, Max=897535, Min=3, Avg=20494.14, 90=36671, 99=477439, 99.9=591359, 99.99=744447] [READ-FAILED: Count=7, Max=6415, Min=2194, Avg=3516.43, 90=4127, 99=6415, 99.9=6415, 99.99=6415] 
2020-09-07 15:13:56:792 190 sec: 605061 operations; 3350.3 current ops/sec; est completion in 49 minutes [READ: Count=16644, Max=812031, Min=0, Avg=19223.41, 90=36575, 99=484351, 99.9=594431, 99.99=677887] [UPDATE: Count=16842, Max=842751, Min=2, Avg=19294.18, 90=37055, 99=449279, 99.9=605183, 99.99=779775] [READ-FAILED: Count=14, Max=8951, Min=1953, Avg=3827.79, 90=8831, 99=8951, 99.9=8951, 99.99=8951] 
2020-09-07 15:14:06:792 200 sec: 639587 operations; 3452.6 current ops/sec; est completion in 48 minutes [READ: Count=17287, Max=927743, Min=0, Avg=16987.11, 90=34175, 99=295679, 99.9=583679, 99.99=773119] [UPDATE: Count=17224, Max=992767, Min=1, Avg=19082.14, 90=35871, 99=450815, 99.9=630783, 99.99=772607] [READ-FAILED: Count=10, Max=5435, Min=2438, Avg=3463.3, 90=5099, 99=5435, 99.9=5435, 99.99=5435] 
2020-09-07 15:14:16:792 210 sec: 674126 operations; 3453.9 current ops/sec; est completion in 48 minutes [READ: Count=17230, Max=1151999, Min=0, Avg=18549.85, 90=36607, 99=403455, 99.9=584703, 99.99=895999] [UPDATE: Count=17309, Max=1195007, Min=0, Avg=19562.78, 90=37663, 99=448767, 99.9=579071, 99.99=1029631] [READ-FAILED: Count=7, Max=8735, Min=2134, Avg=3727.71, 90=3759, 99=8735, 99.9=8735, 99.99=8735] 
2020-09-07 15:14:26:792 220 sec: 709869 operations; 3574.3 current ops/sec; est completion in 48 minutes [READ: Count=17710, Max=1257471, Min=1, Avg=16998.11, 90=33919, 99=332799, 99.9=623103, 99.99=1149951] [UPDATE: Count=18035, Max=1250303, Min=1, Avg=18626.71, 90=35199, 99=414975, 99.9=690687, 99.99=1106943] [READ-FAILED: Count=4, Max=7099, Min=3218, Avg=5799.25, 90=7099, 99=7099, 99.9=7099, 99.99=7099] 
2020-09-07 15:14:36:793 230 sec: 745319 operations; 3545 current ops/sec; est completion in 47 minutes [READ: Count=17716, Max=995327, Min=0, Avg=17401.35, 90=39007, 99=259839, 99.9=555007, 99.99=617983] [UPDATE: Count=17709, Max=779775, Min=1, Avg=18594.35, 90=39359, 99=369407, 99.9=565247, 99.99=670719] [READ-FAILED: Count=12, Max=63903, Min=2162, Avg=8935.33, 90=7547, 99=63903, 99.9=63903, 99.99=63903] 
2020-09-07 15:14:46:792 240 sec: 781607 operations; 3628.8 current ops/sec; est completion in 47 minutes [READ: Count=18161, Max=847871, Min=0, Avg=17432.07, 90=33087, 99=375295, 99.9=572415, 99.99=747007] [UPDATE: Count=18114, Max=666111, Min=2, Avg=17930.23, 90=33055, 99=429567, 99.9=561151, 99.99=637439] [READ-FAILED: Count=14, Max=4871, Min=2208, Avg=3123.43, 90=4803, 99=4871, 99.9=4871, 99.99=4871] 
2020-09-07 15:14:56:792 250 sec: 813186 operations; 3157.9 current ops/sec; est completion in 47 minutes [READ: Count=15809, Max=1251327, Min=0, Avg=19900.75, 90=35839, 99=513279, 99.9=702463, 99.99=1037823] [UPDATE: Count=15762, Max=1224703, Min=1, Avg=20934.32, 90=37887, 99=516607, 99.9=705535, 99.99=1172479] [READ-FAILED: Count=12, Max=6631, Min=1871, Avg=3244.42, 90=4907, 99=6631, 99.9=6631, 99.99=6631] 
2020-09-07 15:15:06:792 260 sec: 844468 operations; 3128.2 current ops/sec; est completion in 46 minutes [READ: Count=15721, Max=1035775, Min=0, Avg=19163.2, 90=32959, 99=519423, 99.9=764927, 99.99=988671] [UPDATE: Count=15549, Max=1014783, Min=0, Avg=20968.78, 90=33983, 99=518399, 99.9=788991, 99.99=938495] [READ-FAILED: Count=9, Max=83647, Min=2384, Avg=12786.89, 90=7431, 99=83647, 99.9=83647, 99.99=83647] 
2020-09-07 15:15:16:792 270 sec: 877395 operations; 3292.7 current ops/sec; est completion in 46 minutes [READ: Count=16446, Max=1067007, Min=1, Avg=18963.68, 90=38303, 99=333311, 99.9=575999, 99.99=1021951] [UPDATE: Count=16473, Max=1038335, Min=1, Avg=20100.73, 90=39583, 99=371455, 99.9=800767, 99.99=1018367] [READ-FAILED: Count=11, Max=5559, Min=1862, Avg=3613.55, 90=4915, 99=5559, 99.9=5559, 99.99=5559] 
2020-09-07 15:15:26:792 280 sec: 916677 operations; 3928.2 current ops/sec; est completion in 46 minutes [READ: Count=19745, Max=694783, Min=0, Avg=15967.25, 90=33631, 99=235775, 99.9=554495, 99.99=681471] [UPDATE: Count=19529, Max=634879, Min=1, Avg=16953.72, 90=34911, 99=268543, 99.9=546815, 99.99=611839] [READ-FAILED: Count=9, Max=5355, Min=2380, Avg=3490.67, 90=4783, 99=5355, 99.9=5355, 99.99=5355] 
2020-09-07 15:15:36:792 290 sec: 950090 operations; 3341.3 current ops/sec; est completion in 46 minutes [READ: Count=16668, Max=1405951, Min=0, Avg=19314.12, 90=37375, 99=386047, 99.9=590335, 99.99=857599] [UPDATE: Count=16734, Max=937471, Min=0, Avg=19109.69, 90=37471, 99=339711, 99.9=574463, 99.99=931327] [READ-FAILED: Count=14, Max=15711, Min=1815, Avg=4813.86, 90=9463, 99=15711, 99.9=15711, 99.99=15711] 
2020-09-07 15:15:46:792 300 sec: 984621 operations; 3453.1 current ops/sec; est completion in 45 minutes [READ: Count=17471, Max=844287, Min=1, Avg=18411.59, 90=33951, 99=427775, 99.9=612351, 99.99=765439] [UPDATE: Count=17054, Max=961535, Min=1, Avg=18742.93, 90=34911, 99=424191, 99.9=620543, 99.99=715263] [READ-FAILED: Count=9, Max=13719, Min=2732, Avg=5428.33, 90=6323, 99=13719, 99.9=13719, 99.99=13719] 
Maximum time elapsed. Requesting stop for the workload.
Stop requested for workload. Now Joining!
[36m15:15:47.341[m [[34;1mINFO[m] [1;34mp.u.t.s.y.Stats.clientFinished@38[m: 
Ended SconeKV benchmark.
Number of clients: 64
Total transactions: 195980
Committed: 137395 (70.10664%)
Aborted: 58585 (29.893356%)
2020-09-07 15:15:47:346 300 sec: 985125 operations; 914.7 current ops/sec; est completion in 45 minutes [READ: Count=271, Max=521983, Min=3, Avg=17249.15, 90=42751, 99=100287, 99.9=521983, 99.99=521983] [CLEANUP: Count=64, Max=1635, Min=2, Avg=29.06, 90=5, 99=10, 99.9=1635, 99.99=1635] [UPDATE: Count=221, Max=518143, Min=1742, Avg=18017.95, 90=49119, 99=98047, 99.9=518143, 99.99=518143] [READ-FAILED: Count=0, Max=0, Min=9223372036854775807, Avg=NaN, 90=0, 99=0, 99.9=0, 99.99=0] 
[OVERALL], RunTime(ms), 300557
[OVERALL], Throughput(ops/sec), 3277.6644696347116
[TOTAL_GCS_G1_Young_Generation], Count, 136
[TOTAL_GC_TIME_G1_Young_Generation], Time(ms), 1762
[TOTAL_GC_TIME_%_G1_Young_Generation], Time(%), 0.5862448720209478
[TOTAL_GCS_G1_Old_Generation], Count, 0
[TOTAL_GC_TIME_G1_Old_Generation], Time(ms), 0
[TOTAL_GC_TIME_%_G1_Old_Generation], Time(%), 0.0
[TOTAL_GCs], Count, 136
[TOTAL_GC_TIME], Time(ms), 1762
[TOTAL_GC_TIME_%], Time(%), 0.5862448720209478
[READ], Operations, 491477
[READ], AverageLatency(us), 18873.91494820714
[READ], MinLatency(us), 0
[READ], MaxLatency(us), 15073279
[READ], 95thPercentileLatency(us), 59103
[READ], 99thPercentileLatency(us), 420095
[READ], Return=OK, 491477
[READ], Return=NOT_FOUND, 301
[CLEANUP], Operations, 64
[CLEANUP], AverageLatency(us), 29.0625
[CLEANUP], MinLatency(us), 2
[CLEANUP], MaxLatency(us), 1635
[CLEANUP], 95thPercentileLatency(us), 8
[CLEANUP], 99thPercentileLatency(us), 10
[UPDATE], Operations, 493347
[UPDATE], AverageLatency(us), 19735.852035180105
[UPDATE], MinLatency(us), 0
[UPDATE], MaxLatency(us), 1518591
[UPDATE], 95thPercentileLatency(us), 63711
[UPDATE], 99thPercentileLatency(us), 442111
[UPDATE], Return=OK, 493347
[READ-FAILED], Operations, 301
[READ-FAILED], AverageLatency(us), 5619.4352159468435
[READ-FAILED], MinLatency(us), 1453
[READ-FAILED], MaxLatency(us), 116031
[READ-FAILED], 95thPercentileLatency(us), 13823
[READ-FAILED], 99thPercentileLatency(us), 72127
