Command line: -t -db pt.ulisboa.tecnico.sconekv.ycsb.SconeKVClient -P workloadf -threads 32 -s -p scone.tx_size=5 -p operationcount=10000000 -p maxexecutiontime=300
YCSB Client 0.17.0

Loading workload...
Starting test.
WARNING: sun.reflect.Reflection.getCallerClass is not supported. This will impact performance.
2020-09-10 10:21:51:099 0 sec: 0 operations; est completion in 0 second 
Maximum execution time specified as: 300 secs
DBWrapper: report latency for each error is false and specific error codes to track for latency are: []
DBWrapper: report latency for each error is false and specific error codes to track for latency are: []
DBWrapper: report latency for each error is false and specific error codes to track for latency are: []
DBWrapper: report latency for each error is false and specific error codes to track for latency are: []
DBWrapper: report latency for each error is false and specific error codes to track for latency are: []
DBWrapper: report latency for each error is false and specific error codes to track for latency are: []
DBWrapper: report latency for each error is false and specific error codes to track for latency are: []
DBWrapper: report latency for each error is false and specific error codes to track for latency are: []
DBWrapper: report latency for each error is false and specific error codes to track for latency are: []
DBWrapper: report latency for each error is false and specific error codes to track for latency are: []
DBWrapper: report latency for each error is false and specific error codes to track for latency are: []
DBWrapper: report latency for each error is false and specific error codes to track for latency are: []
DBWrapper: report latency for each error is false and specific error codes to track for latency are: []
DBWrapper: report latency for each error is false and specific error codes to track for latency are: []
DBWrapper: report latency for each error is false and specific error codes to track for latency are: []
DBWrapper: report latency for each error is false and specific error codes to track for latency are: []
DBWrapper: report latency for each error is false and specific error codes to track for latency are: []
DBWrapper: report latency for each error is false and specific error codes to track for latency are: []
DBWrapper: report latency for each error is false and specific error codes to track for latency are: []
DBWrapper: report latency for each error is false and specific error codes to track for latency are: []
DBWrapper: report latency for each error is false and specific error codes to track for latency are: []
DBWrapper: report latency for each error is false and specific error codes to track for latency are: []
DBWrapper: report latency for each error is false and specific error codes to track for latency are: []
DBWrapper: report latency for each error is false and specific error codes to track for latency are: []
DBWrapper: report latency for each error is false and specific error codes to track for latency are: []
DBWrapper: report latency for each error is false and specific error codes to track for latency are: []
DBWrapper: report latency for each error is false and specific error codes to track for latency are: []
DBWrapper: report latency for each error is false and specific error codes to track for latency are: []
DBWrapper: report latency for each error is false and specific error codes to track for latency are: []
DBWrapper: report latency for each error is false and specific error codes to track for latency are: []
DBWrapper: report latency for each error is false and specific error codes to track for latency are: []
DBWrapper: report latency for each error is false and specific error codes to track for latency are: []
2020-09-10 10:22:01:117 10 sec: 13431 operations; 1340.69 current ops/sec; est completion in 2 hours 4 minutes [READ: Count=13436, Max=723455, Min=1, Avg=16095.63, 90=27935, 99=297727, 99.9=544255, 99.99=671743] [READ-MODIFY-WRITE: Count=6691, Max=674303, Min=4, Avg=18072.09, 90=32719, 99=393215, 99.9=552447, 99.99=631807] [UPDATE: Count=6711, Max=90303, Min=2, Avg=1162.34, 90=3423, 99=16415, 99.9=43359, 99.99=55487] [READ-FAILED: Count=8, Max=10591, Min=2256, Avg=4194, 90=5279, 99=10591, 99.9=10591, 99.99=10591] 
2020-09-10 10:22:11:099 20 sec: 37317 operations; 2392.91 current ops/sec; est completion in 1 hour 29 minutes [READ: Count=23866, Max=638975, Min=0, Avg=12957.57, 90=20975, 99=260351, 99.9=530431, 99.99=571391] [READ-MODIFY-WRITE: Count=11870, Max=579071, Min=3, Avg=13498.77, 90=24591, 99=224639, 99.9=534527, 99.99=574463] [UPDATE: Count=11856, Max=93375, Min=1, Avg=826.48, 90=2917, 99=8399, 99.9=27855, 99.99=85183] [READ-FAILED: Count=13, Max=11167, Min=1838, Avg=3561.54, 90=5719, 99=11167, 99.9=11167, 99.99=11167] 
2020-09-10 10:22:21:099 30 sec: 64440 operations; 2712.03 current ops/sec; est completion in 1 hour 17 minutes [READ: Count=27110, Max=600575, Min=0, Avg=11378.46, 90=22047, 99=109887, 99.9=528895, 99.99=550911] [READ-MODIFY-WRITE: Count=13436, Max=603647, Min=2, Avg=12299.1, 90=25439, 99=130303, 99.9=530431, 99.99=544255] [UPDATE: Count=13440, Max=95615, Min=1, Avg=792.7, 90=2891, 99=8527, 99.9=22847, 99.99=55743] [READ-FAILED: Count=9, Max=11863, Min=2062, Avg=4028.78, 90=5379, 99=11863, 99.9=11863, 99.99=11863] 
2020-09-10 10:22:31:099 40 sec: 89555 operations; 2511.75 current ops/sec; est completion in 1 hour 13 minutes [READ: Count=25099, Max=584703, Min=0, Avg=12040.03, 90=21263, 99=163967, 99.9=535039, 99.99=562175] [READ-MODIFY-WRITE: Count=12577, Max=558591, Min=2, Avg=12572.5, 90=24319, 99=163839, 99.9=538623, 99.99=557055] [UPDATE: Count=12567, Max=103615, Min=0, Avg=784.03, 90=2801, 99=8455, 99.9=26367, 99.99=80703] [READ-FAILED: Count=14, Max=4999, Min=1869, Avg=2972.43, 90=4687, 99=4999, 99.9=4999, 99.99=4999] 
2020-09-10 10:22:41:099 50 sec: 113207 operations; 2365.2 current ops/sec; est completion in 1 hour 12 minutes [READ: Count=23639, Max=725503, Min=0, Avg=13339.22, 90=21407, 99=302847, 99.9=534527, 99.99=604671] [READ-MODIFY-WRITE: Count=11836, Max=644607, Min=2, Avg=14108.48, 90=24703, 99=300799, 99.9=536575, 99.99=591871] [UPDATE: Count=11839, Max=103103, Min=1, Avg=840.84, 90=2817, 99=8447, 99.9=38559, 99.99=99647] [READ-FAILED: Count=18, Max=4995, Min=1533, Avg=2644.67, 90=3657, 99=4995, 99.9=4995, 99.99=4995] 
2020-09-10 10:22:51:099 60 sec: 139032 operations; 2582.5 current ops/sec; est completion in 1 hour 10 minutes [READ: Count=25811, Max=781823, Min=0, Avg=12044.47, 90=22783, 99=123199, 99.9=527359, 99.99=567807] [READ-MODIFY-WRITE: Count=12998, Max=557567, Min=2, Avg=12990.39, 90=26111, 99=131199, 99.9=530431, 99.99=546303] [UPDATE: Count=12995, Max=109887, Min=0, Avg=881.01, 90=2851, 99=10607, 99.9=37343, 99.99=89215] [READ-FAILED: Count=9, Max=12263, Min=2122, Avg=4391.89, 90=7063, 99=12263, 99.9=12263, 99.99=12263] 
2020-09-10 10:23:01:099 70 sec: 163633 operations; 2460.1 current ops/sec; est completion in 1 hour 10 minutes [READ: Count=24593, Max=707071, Min=0, Avg=12586.89, 90=22799, 99=179967, 99.9=531967, 99.99=639487] [READ-MODIFY-WRITE: Count=12323, Max=708607, Min=3, Avg=13747.45, 90=26399, 99=214399, 99.9=537087, 99.99=673791] [UPDATE: Count=12332, Max=450047, Min=0, Avg=891.02, 90=2847, 99=8487, 99.9=32015, 99.99=315135] [READ-FAILED: Count=9, Max=3865, Min=2104, Avg=2603.44, 90=3211, 99=3865, 99.9=3865, 99.99=3865] 
2020-09-10 10:23:11:099 80 sec: 187204 operations; 2357.1 current ops/sec; est completion in 1 hour 9 minutes [READ: Count=23561, Max=701439, Min=0, Avg=13084.39, 90=22015, 99=238975, 99.9=544255, 99.99=678399] [READ-MODIFY-WRITE: Count=11754, Max=665087, Min=1, Avg=14219.33, 90=26143, 99=271615, 99.9=541695, 99.99=656895] [UPDATE: Count=11751, Max=96767, Min=0, Avg=827.82, 90=2813, 99=9447, 99.9=26015, 99.99=92991] [READ-FAILED: Count=11, Max=5875, Min=1490, Avg=2722.82, 90=4823, 99=5875, 99.9=5875, 99.99=5875] 
2020-09-10 10:23:21:099 90 sec: 214254 operations; 2705 current ops/sec; est completion in 1 hour 8 minutes [READ: Count=27038, Max=942079, Min=0, Avg=11388.41, 90=21215, 99=107391, 99.9=531967, 99.99=786943] [READ-MODIFY-WRITE: Count=13529, Max=945151, Min=3, Avg=12529.63, 90=24591, 99=124671, 99.9=537599, 99.99=868351] [UPDATE: Count=13528, Max=111807, Min=1, Avg=893.55, 90=2929, 99=10831, 99.9=35071, 99.99=108351] [READ-FAILED: Count=17, Max=16191, Min=1721, Avg=4033, 90=4523, 99=16191, 99.9=16191, 99.99=16191] 
2020-09-10 10:23:31:099 100 sec: 239968 operations; 2571.4 current ops/sec; est completion in 1 hour 7 minutes [READ: Count=25704, Max=595967, Min=0, Avg=12098.22, 90=22159, 99=126655, 99.9=534015, 99.99=565247] [READ-MODIFY-WRITE: Count=12928, Max=598527, Min=2, Avg=12852.55, 90=25679, 99=134655, 99.9=537599, 99.99=561663] [UPDATE: Count=12931, Max=109119, Min=0, Avg=793.46, 90=2885, 99=7863, 99.9=23103, 99.99=103743] [READ-FAILED: Count=6, Max=20575, Min=2212, Avg=6130, 90=5655, 99=20575, 99.9=20575, 99.99=20575] 
2020-09-10 10:23:41:099 110 sec: 261949 operations; 2198.1 current ops/sec; est completion in 1 hour 8 minutes [READ: Count=21973, Max=644607, Min=0, Avg=14063.04, 90=22383, 99=308223, 99.9=545279, 99.99=624127] [READ-MODIFY-WRITE: Count=10941, Max=647167, Min=2, Avg=14975.25, 90=25455, 99=335103, 99.9=549887, 99.99=621567] [UPDATE: Count=10937, Max=258303, Min=0, Avg=855.34, 90=2783, 99=8383, 99.9=35935, 99.99=252799] [READ-FAILED: Count=6, Max=33247, Min=2262, Avg=8072.33, 90=5059, 99=33247, 99.9=33247, 99.99=33247] 
2020-09-10 10:23:51:099 120 sec: 288274 operations; 2632.5 current ops/sec; est completion in 1 hour 7 minutes [READ: Count=26316, Max=646143, Min=0, Avg=11651.05, 90=20799, 99=114751, 99.9=528895, 99.99=580607] [READ-MODIFY-WRITE: Count=12991, Max=622591, Min=2, Avg=12705.38, 90=24399, 99=128255, 99.9=535039, 99.99=602111] [UPDATE: Count=12991, Max=159871, Min=0, Avg=911.99, 90=2873, 99=9647, 99.9=45631, 99.99=142335] [READ-FAILED: Count=13, Max=6267, Min=1674, Avg=3500.85, 90=5663, 99=6267, 99.9=6267, 99.99=6267] 
2020-09-10 10:24:01:099 130 sec: 312782 operations; 2450.8 current ops/sec; est completion in 1 hour 7 minutes [READ: Count=24496, Max=619007, Min=0, Avg=12670.41, 90=24255, 99=152959, 99.9=534015, 99.99=565759] [READ-MODIFY-WRITE: Count=12375, Max=579071, Min=2, Avg=13373.68, 90=27839, 99=155775, 99.9=541183, 99.99=570879] [UPDATE: Count=12374, Max=93247, Min=0, Avg=796.4, 90=2793, 99=8655, 99.9=27119, 99.99=86847] [READ-FAILED: Count=11, Max=5559, Min=1907, Avg=3002.91, 90=4077, 99=5559, 99.9=5559, 99.99=5559] 
2020-09-10 10:24:11:099 140 sec: 336982 operations; 2420 current ops/sec; est completion in 1 hour 6 minutes [READ: Count=24181, Max=761855, Min=1, Avg=12880, 90=23503, 99=167679, 99.9=537087, 99.99=650751] [READ-MODIFY-WRITE: Count=12172, Max=763903, Min=3, Avg=13710.87, 90=26783, 99=161663, 99.9=541695, 99.99=636415] [UPDATE: Count=12169, Max=109311, Min=0, Avg=885.54, 90=2841, 99=10823, 99.9=31551, 99.99=99391] [READ-FAILED: Count=18, Max=38015, Min=1708, Avg=5153.28, 90=4687, 99=38015, 99.9=38015, 99.99=38015] 
2020-09-10 10:24:21:099 150 sec: 362683 operations; 2570.1 current ops/sec; est completion in 1 hour 6 minutes [READ: Count=25694, Max=1069055, Min=0, Avg=12061.47, 90=19535, 99=181631, 99.9=543743, 99.99=830463] [READ-MODIFY-WRITE: Count=12877, Max=994815, Min=2, Avg=12910.52, 90=23119, 99=172671, 99.9=560127, 99.99=838655] [UPDATE: Count=12881, Max=110207, Min=0, Avg=785.2, 90=2821, 99=7779, 99.9=23983, 99.99=75455] [READ-FAILED: Count=5, Max=6959, Min=1780, Avg=3135.8, 90=6959, 99=6959, 99.9=6959, 99.99=6959] 
2020-09-10 10:24:31:099 160 sec: 387012 operations; 2432.66 current ops/sec; est completion in 1 hour 6 minutes [READ: Count=24317, Max=988671, Min=0, Avg=12702.59, 90=21455, 99=200831, 99.9=533503, 99.99=614399] [READ-MODIFY-WRITE: Count=12090, Max=618495, Min=2, Avg=13510.29, 90=25039, 99=249087, 99.9=535039, 99.99=617471] [UPDATE: Count=12094, Max=103295, Min=0, Avg=803.48, 90=2863, 99=8247, 99.9=23631, 99.99=100863] [READ-FAILED: Count=13, Max=17199, Min=1805, Avg=3979.54, 90=4023, 99=17199, 99.9=17199, 99.99=17199] 
2020-09-10 10:24:41:099 170 sec: 411791 operations; 2478.15 current ops/sec; est completion in 1 hour 5 minutes [READ: Count=24772, Max=607231, Min=0, Avg=12287.92, 90=22015, 99=130239, 99.9=529919, 99.99=545791] [READ-MODIFY-WRITE: Count=12399, Max=545279, Min=2, Avg=13079.03, 90=25647, 99=136319, 99.9=533503, 99.99=544255] [UPDATE: Count=12392, Max=79103, Min=0, Avg=854.8, 90=2881, 99=10031, 99.9=31071, 99.99=74303] [READ-FAILED: Count=5, Max=10607, Min=2062, Avg=4222.4, 90=10607, 99=10607, 99.9=10607, 99.99=10607] 
2020-09-10 10:24:51:099 180 sec: 437210 operations; 2541.9 current ops/sec; est completion in 1 hour 5 minutes [READ: Count=25411, Max=611839, Min=0, Avg=12433.79, 90=21135, 99=217343, 99.9=530431, 99.99=559615] [READ-MODIFY-WRITE: Count=12724, Max=614399, Min=2, Avg=13255.62, 90=24959, 99=204927, 99.9=535551, 99.99=613375] [UPDATE: Count=12730, Max=90047, Min=0, Avg=790.42, 90=2857, 99=7879, 99.9=22447, 99.99=88575] [READ-FAILED: Count=12, Max=10911, Min=2116, Avg=4218, 90=8599, 99=10911, 99.9=10911, 99.99=10911] 
2020-09-10 10:25:01:099 190 sec: 463790 operations; 2658 current ops/sec; est completion in 1 hour 5 minutes [READ: Count=26572, Max=854527, Min=0, Avg=11571.18, 90=20879, 99=127615, 99.9=531455, 99.99=561663] [READ-MODIFY-WRITE: Count=13325, Max=857087, Min=2, Avg=12761.95, 90=24335, 99=150143, 99.9=535551, 99.99=574975] [UPDATE: Count=13323, Max=297983, Min=0, Avg=873.56, 90=2831, 99=7815, 99.9=33759, 99.99=296447] [READ-FAILED: Count=9, Max=13703, Min=1909, Avg=4641.78, 90=7703, 99=13703, 99.9=13703, 99.99=13703] 
2020-09-10 10:25:11:099 200 sec: 488995 operations; 2520.5 current ops/sec; est completion in 1 hour 4 minutes [READ: Count=25191, Max=594943, Min=0, Avg=12187.06, 90=22351, 99=151295, 99.9=531967, 99.99=545791] [READ-MODIFY-WRITE: Count=12558, Max=558591, Min=3, Avg=13035.7, 90=25807, 99=161407, 99.9=530943, 99.99=550399] [UPDATE: Count=12558, Max=203519, Min=1, Avg=917.2, 90=2875, 99=10143, 99.9=44351, 99.99=170111] [READ-FAILED: Count=10, Max=16191, Min=1807, Avg=4782.1, 90=9511, 99=16191, 99.9=16191, 99.99=16191] 
2020-09-10 10:25:21:099 210 sec: 513075 operations; 2408 current ops/sec; est completion in 1 hour 4 minutes [READ: Count=24074, Max=859135, Min=0, Avg=12936.04, 90=21103, 99=210047, 99.9=556543, 99.99=811519] [READ-MODIFY-WRITE: Count=12084, Max=863231, Min=2, Avg=13835.31, 90=24447, 99=249727, 99.9=569343, 99.99=822783] [UPDATE: Count=12083, Max=157823, Min=0, Avg=798.27, 90=2833, 99=7255, 99.9=24671, 99.99=90367] [READ-FAILED: Count=9, Max=4767, Min=1865, Avg=2718, 90=3451, 99=4767, 99.9=4767, 99.99=4767] 
2020-09-10 10:25:31:099 220 sec: 534244 operations; 2116.69 current ops/sec; est completion in 1 hour 4 minutes [READ: Count=21150, Max=567295, Min=0, Avg=14232.25, 90=20703, 99=356095, 99.9=539135, 99.99=563711] [READ-MODIFY-WRITE: Count=10549, Max=690687, Min=1, Avg=14780.6, 90=24127, 99=318463, 99.9=538111, 99.99=567295] [UPDATE: Count=10545, Max=197631, Min=0, Avg=944.3, 90=2707, 99=9167, 99.9=60191, 99.99=186367] [READ-FAILED: Count=15, Max=8119, Min=1713, Avg=3150.13, 90=5007, 99=8119, 99.9=8119, 99.99=8119] 
2020-09-10 10:25:41:099 230 sec: 559413 operations; 2516.9 current ops/sec; est completion in 1 hour 4 minutes [READ: Count=25158, Max=572927, Min=0, Avg=12339.01, 90=20687, 99=229503, 99.9=535551, 99.99=555519] [READ-MODIFY-WRITE: Count=12495, Max=577535, Min=2, Avg=13634.05, 90=24063, 99=240127, 99.9=543743, 99.99=562687] [UPDATE: Count=12495, Max=227455, Min=0, Avg=805.88, 90=2899, 99=7723, 99.9=20831, 99.99=108415] [READ-FAILED: Count=12, Max=8695, Min=2228, Avg=3399.83, 90=4599, 99=8695, 99.9=8695, 99.99=8695] 
2020-09-10 10:25:51:099 240 sec: 583575 operations; 2416.44 current ops/sec; est completion in 1 hour 4 minutes [READ: Count=24149, Max=883199, Min=0, Avg=12920.49, 90=21743, 99=219647, 99.9=538111, 99.99=588287] [READ-MODIFY-WRITE: Count=12029, Max=886271, Min=2, Avg=13951.87, 90=25711, 99=249215, 99.9=541183, 99.99=575487] [UPDATE: Count=12033, Max=514559, Min=0, Avg=940.33, 90=2931, 99=10511, 99.9=35583, 99.99=148735] [READ-FAILED: Count=15, Max=26847, Min=1976, Avg=5113.07, 90=10999, 99=26847, 99.9=26847, 99.99=26847] 
2020-09-10 10:26:01:099 250 sec: 612445 operations; 2887 current ops/sec; est completion in 1 hour 3 minutes [READ: Count=28862, Max=620543, Min=0, Avg=10879.46, 90=19407, 99=98111, 99.9=531967, 99.99=563199] [READ-MODIFY-WRITE: Count=14648, Max=623103, Min=2, Avg=11519.54, 90=22623, 99=108287, 99.9=534015, 99.99=606207] [UPDATE: Count=14652, Max=79103, Min=0, Avg=724.9, 90=2833, 99=6027, 99.9=18959, 99.99=46495] [READ-FAILED: Count=8, Max=3135, Min=1895, Avg=2400.75, 90=3007, 99=3135, 99.9=3135, 99.99=3135] 
2020-09-10 10:26:11:099 260 sec: 641603 operations; 2915.8 current ops/sec; est completion in 1 hour 3 minutes [READ: Count=29142, Max=575487, Min=0, Avg=10485.45, 90=20207, 99=90431, 99.9=530431, 99.99=562175] [READ-MODIFY-WRITE: Count=14625, Max=565759, Min=2, Avg=11365.41, 90=23695, 99=97919, 99.9=528383, 99.99=556031] [UPDATE: Count=14623, Max=81663, Min=1, Avg=774.31, 90=2901, 99=7335, 99.9=18735, 99.99=77887] [READ-FAILED: Count=15, Max=4839, Min=1917, Avg=2713.33, 90=3359, 99=4839, 99.9=4839, 99.99=4839] 
2020-09-10 10:26:21:099 270 sec: 669339 operations; 2773.6 current ops/sec; est completion in 1 hour 2 minutes [READ: Count=27728, Max=946687, Min=0, Avg=11163.56, 90=22095, 99=92543, 99.9=532479, 99.99=595967] [READ-MODIFY-WRITE: Count=13836, Max=943103, Min=2, Avg=11929.42, 90=25727, 99=99263, 99.9=534015, 99.99=871423] [UPDATE: Count=13833, Max=111615, Min=1, Avg=845.67, 90=2999, 99=8335, 99.9=33631, 99.99=95423] [READ-FAILED: Count=7, Max=3401, Min=1761, Avg=2675.57, 90=3087, 99=3401, 99.9=3401, 99.99=3401] 
2020-09-10 10:26:31:099 280 sec: 694442 operations; 2510.3 current ops/sec; est completion in 1 hour 2 minutes [READ: Count=25095, Max=1060863, Min=0, Avg=12321.22, 90=19935, 99=235391, 99.9=540159, 99.99=662015] [READ-MODIFY-WRITE: Count=12466, Max=1063935, Min=2, Avg=13486.65, 90=23247, 99=297727, 99.9=544767, 99.99=674303] [UPDATE: Count=12469, Max=133119, Min=0, Avg=750.5, 90=2809, 99=6739, 99.9=20863, 99.99=86975] [READ-FAILED: Count=8, Max=4479, Min=1894, Avg=3218.5, 90=3963, 99=4479, 99.9=4479, 99.99=4479] 
2020-09-10 10:26:41:099 290 sec: 722558 operations; 2811.6 current ops/sec; est completion in 1 hour 2 minutes [READ: Count=28107, Max=762879, Min=0, Avg=10961.9, 90=20079, 99=97087, 99.9=531967, 99.99=614911] [READ-MODIFY-WRITE: Count=14135, Max=771071, Min=2, Avg=11627.14, 90=23647, 99=92991, 99.9=537599, 99.99=621567] [UPDATE: Count=14134, Max=84031, Min=0, Avg=807.77, 90=2973, 99=8071, 99.9=18879, 99.99=71103] [READ-FAILED: Count=12, Max=8743, Min=1673, Avg=3599, 90=7863, 99=8743, 99.9=8743, 99.99=8743] 
2020-09-10 10:26:51:099 300 sec: 748167 operations; 2560.64 current ops/sec; est completion in 1 hour 1 minute [READ: Count=25598, Max=850431, Min=0, Avg=11773.4, 90=22431, 99=124479, 99.9=527871, 99.99=573439] [READ-MODIFY-WRITE: Count=12889, Max=852479, Min=2, Avg=13006.99, 90=26399, 99=136959, 99.9=536063, 99.99=779263] [UPDATE: Count=12884, Max=80383, Min=1, Avg=888.55, 90=2851, 99=11239, 99.9=37631, 99.99=61407] [READ-FAILED: Count=7, Max=14927, Min=1807, Avg=4793.29, 90=5267, 99=14927, 99.9=14927, 99.99=14927] 
Maximum time elapsed. Requesting stop for the workload.
Stop requested for workload. Now Joining!
[36m10:26:51.919[m [[34;1mINFO[m] [1;34mp.u.t.s.y.Stats.clientFinished@38[m: 
Ended SconeKV benchmark.
Number of clients: 32
Total transactions: 165271
Committed: 130510 (78.96727%)
Aborted: 34761 (21.032728%)
2020-09-10 10:26:51:921 300 sec: 748199 operations; 38.98 current ops/sec; est completion in 1 hour 2 minutes [READ: Count=32, Max=1002495, Min=286464, Avg=573572, 90=770559, 99=1002495, 99.9=1002495, 99.99=1002495] [READ-MODIFY-WRITE: Count=15, Max=1005055, Min=498176, Avg=626833.07, 90=827903, 99=1005055, 99.9=1005055, 99.99=1005055] [CLEANUP: Count=32, Max=1405, Min=2, Avg=47.66, 90=4, 99=1405, 99.9=1405, 99.99=1405] [UPDATE: Count=15, Max=10623, Min=2, Avg=3084.27, 90=5379, 99=10623, 99.9=10623, 99.99=10623] [READ-FAILED: Count=0, Max=0, Min=9223372036854775807, Avg=NaN, 90=0, 99=0, 99.9=0, 99.99=0] 
[OVERALL], RunTime(ms), 300822
[OVERALL], Throughput(ops/sec), 2487.1817885659957
[TOTAL_GCS_G1_Young_Generation], Count, 119
[TOTAL_GC_TIME_G1_Young_Generation], Time(ms), 950
[TOTAL_GC_TIME_%_G1_Young_Generation], Time(%), 0.31580137091037225
[TOTAL_GCS_G1_Old_Generation], Count, 0
[TOTAL_GC_TIME_G1_Old_Generation], Time(ms), 0
[TOTAL_GC_TIME_%_G1_Old_Generation], Time(%), 0.0
[TOTAL_GCs], Count, 119
[TOTAL_GC_TIME], Time(ms), 950
[TOTAL_GC_TIME_%], Time(%), 0.31580137091037225
[READ], Operations, 747875
[READ], AverageLatency(us), 12289.737595186361
[READ], MinLatency(us), 0
[READ], MaxLatency(us), 1069055
[READ], 95thPercentileLatency(us), 30671
[READ], 99thPercentileLatency(us), 165887
[READ], Return=OK, 747875
[READ], Return=NOT_FOUND, 324
[READ-MODIFY-WRITE], Operations, 374165
[READ-MODIFY-WRITE], AverageLatency(us), 13199.705629869175
[READ-MODIFY-WRITE], MinLatency(us), 1
[READ-MODIFY-WRITE], MaxLatency(us), 1063935
[READ-MODIFY-WRITE], 95thPercentileLatency(us), 35007
[READ-MODIFY-WRITE], 99thPercentileLatency(us), 178559
[CLEANUP], Operations, 32
[CLEANUP], AverageLatency(us), 47.65625
[CLEANUP], MinLatency(us), 2
[CLEANUP], MaxLatency(us), 1405
[CLEANUP], 95thPercentileLatency(us), 6
[CLEANUP], 99thPercentileLatency(us), 1405
[UPDATE], Operations, 374165
[UPDATE], AverageLatency(us), 841.7377841326687
[UPDATE], MinLatency(us), 0
[UPDATE], MaxLatency(us), 514559
[UPDATE], 95thPercentileLatency(us), 3707
[UPDATE], 99thPercentileLatency(us), 8839
[UPDATE], Return=OK, 374165
[READ-FAILED], Operations, 324
[READ-FAILED], AverageLatency(us), 3772.793209876543
[READ-FAILED], MinLatency(us), 1490
[READ-FAILED], MaxLatency(us), 38015
[READ-FAILED], 95thPercentileLatency(us), 9511
[READ-FAILED], 99thPercentileLatency(us), 20575
