Command line: -t -db pt.ulisboa.tecnico.sconekv.ycsb.SconeKVClient -P workloada -threads 64 -s -p scone.tx_size=5 -p operationcount=10000000 -p maxexecutiontime=300
YCSB Client 0.17.0

Loading workload...
Starting test.
WARNING: sun.reflect.Reflection.getCallerClass is not supported. This will impact performance.
2020-09-07 15:15:49:217 0 sec: 0 operations; est completion in 0 second 
Maximum execution time specified as: 300 secs
DBWrapper: report latency for each error is false and specific error codes to track for latency are: []
DBWrapper: report latency for each error is false and specific error codes to track for latency are: []
DBWrapper: report latency for each error is false and specific error codes to track for latency are: []
DBWrapper: report latency for each error is false and specific error codes to track for latency are: []
DBWrapper: report latency for each error is false and specific error codes to track for latency are: []
DBWrapper: report latency for each error is false and specific error codes to track for latency are: []
DBWrapper: report latency for each error is false and specific error codes to track for latency are: []
DBWrapper: report latency for each error is false and specific error codes to track for latency are: []
DBWrapper: report latency for each error is false and specific error codes to track for latency are: []
DBWrapper: report latency for each error is false and specific error codes to track for latency are: []
DBWrapper: report latency for each error is false and specific error codes to track for latency are: []
DBWrapper: report latency for each error is false and specific error codes to track for latency are: []
DBWrapper: report latency for each error is false and specific error codes to track for latency are: []
DBWrapper: report latency for each error is false and specific error codes to track for latency are: []
DBWrapper: report latency for each error is false and specific error codes to track for latency are: []
DBWrapper: report latency for each error is false and specific error codes to track for latency are: []
DBWrapper: report latency for each error is false and specific error codes to track for latency are: []
DBWrapper: report latency for each error is false and specific error codes to track for latency are: []
DBWrapper: report latency for each error is false and specific error codes to track for latency are: []
DBWrapper: report latency for each error is false and specific error codes to track for latency are: []
DBWrapper: report latency for each error is false and specific error codes to track for latency are: []
DBWrapper: report latency for each error is false and specific error codes to track for latency are: []
DBWrapper: report latency for each error is false and specific error codes to track for latency are: []
DBWrapper: report latency for each error is false and specific error codes to track for latency are: []
DBWrapper: report latency for each error is false and specific error codes to track for latency are: []
DBWrapper: report latency for each error is false and specific error codes to track for latency are: []
DBWrapper: report latency for each error is false and specific error codes to track for latency are: []
DBWrapper: report latency for each error is false and specific error codes to track for latency are: []
DBWrapper: report latency for each error is false and specific error codes to track for latency are: []
DBWrapper: report latency for each error is false and specific error codes to track for latency are: []
DBWrapper: report latency for each error is false and specific error codes to track for latency are: []
DBWrapper: report latency for each error is false and specific error codes to track for latency are: []
DBWrapper: report latency for each error is false and specific error codes to track for latency are: []
DBWrapper: report latency for each error is false and specific error codes to track for latency are: []
DBWrapper: report latency for each error is false and specific error codes to track for latency are: []
DBWrapper: report latency for each error is false and specific error codes to track for latency are: []
DBWrapper: report latency for each error is false and specific error codes to track for latency are: []
DBWrapper: report latency for each error is false and specific error codes to track for latency are: []
DBWrapper: report latency for each error is false and specific error codes to track for latency are: []
DBWrapper: report latency for each error is false and specific error codes to track for latency are: []
DBWrapper: report latency for each error is false and specific error codes to track for latency are: []
DBWrapper: report latency for each error is false and specific error codes to track for latency are: []
DBWrapper: report latency for each error is false and specific error codes to track for latency are: []
DBWrapper: report latency for each error is false and specific error codes to track for latency are: []
DBWrapper: report latency for each error is false and specific error codes to track for latency are: []
DBWrapper: report latency for each error is false and specific error codes to track for latency are: []
DBWrapper: report latency for each error is false and specific error codes to track for latency are: []
DBWrapper: report latency for each error is false and specific error codes to track for latency are: []
DBWrapper: report latency for each error is false and specific error codes to track for latency are: []
DBWrapper: report latency for each error is false and specific error codes to track for latency are: []
DBWrapper: report latency for each error is false and specific error codes to track for latency are: []
DBWrapper: report latency for each error is false and specific error codes to track for latency are: []
DBWrapper: report latency for each error is false and specific error codes to track for latency are: []
DBWrapper: report latency for each error is false and specific error codes to track for latency are: []
DBWrapper: report latency for each error is false and specific error codes to track for latency are: []
DBWrapper: report latency for each error is false and specific error codes to track for latency are: []
DBWrapper: report latency for each error is false and specific error codes to track for latency are: []
DBWrapper: report latency for each error is false and specific error codes to track for latency are: []
DBWrapper: report latency for each error is false and specific error codes to track for latency are: []
DBWrapper: report latency for each error is false and specific error codes to track for latency are: []
2020-09-07 15:15:59:222 10 sec: 17743 operations; 1773.95 current ops/sec; est completion in 1 hour 33 minutes [READ: Count=8901, Max=613375, Min=1, Avg=20009.24, 90=38431, 99=258047, 99.9=570879, 99.99=596479] [UPDATE: Count=8900, Max=729087, Min=8, Avg=20440.36, 90=38783, 99=297727, 99.9=565759, 99.99=669695] [READ-FAILED: Count=5, Max=23103, Min=2062, Avg=9757.8, 90=23103, 99=23103, 99.9=23103, 99.99=23103] 
DBWrapper: report latency for each error is false and specific error codes to track for latency are: []
DBWrapper: report latency for each error is false and specific error codes to track for latency are: []
DBWrapper: report latency for each error is false and specific error codes to track for latency are: []
DBWrapper: report latency for each error is false and specific error codes to track for latency are: []
2020-09-07 15:16:09:217 20 sec: 47902 operations; 3016.5 current ops/sec; est completion in 1 hour 9 minutes [READ: Count=15048, Max=795135, Min=1, Avg=20430.96, 90=34495, 99=519679, 99.9=592383, 99.99=740863] [UPDATE: Count=15055, Max=748543, Min=1, Avg=20273.02, 90=33855, 99=518143, 99.9=584703, 99.99=717311] [READ-FAILED: Count=7, Max=5079, Min=1715, Avg=2988.14, 90=3605, 99=5079, 99.9=5079, 99.99=5079] 
2020-09-07 15:16:19:217 30 sec: 82190 operations; 3428.8 current ops/sec; est completion in 1 hour [READ: Count=17204, Max=972799, Min=0, Avg=19024.33, 90=35423, 99=452607, 99.9=600063, 99.99=941055] [UPDATE: Count=17074, Max=989695, Min=8, Avg=18524.19, 90=36063, 99=376575, 99.9=573439, 99.99=884223] [READ-FAILED: Count=9, Max=178047, Min=1936, Avg=22496.78, 90=4219, 99=178047, 99.9=178047, 99.99=178047] 
2020-09-07 15:16:29:217 40 sec: 116006 operations; 3381.6 current ops/sec; est completion in 56 minutes [READ: Count=16792, Max=790015, Min=0, Avg=18484.46, 90=37279, 99=354047, 99.9=574463, 99.99=784383] [UPDATE: Count=17019, Max=807423, Min=1, Avg=19012.82, 90=37919, 99=361471, 99.9=561663, 99.99=691711] [READ-FAILED: Count=13, Max=11127, Min=1899, Avg=4071.62, 90=10471, 99=11127, 99.9=11127, 99.99=11127] 
2020-09-07 15:16:39:216 50 sec: 153463 operations; 3745.7 current ops/sec; est completion in 53 minutes [READ: Count=18761, Max=930815, Min=1, Avg=16943.89, 90=35487, 99=263423, 99.9=555519, 99.99=830975] [UPDATE: Count=18685, Max=997375, Min=3, Avg=17499.46, 90=36063, 99=293887, 99.9=563199, 99.99=608255] [READ-FAILED: Count=11, Max=30431, Min=2188, Avg=8939, 90=17743, 99=30431, 99.9=30431, 99.99=30431] 
2020-09-07 15:16:49:217 60 sec: 185668 operations; 3220.5 current ops/sec; est completion in 52 minutes [READ: Count=16275, Max=993279, Min=1, Avg=19820.71, 90=37727, 99=502015, 99.9=629247, 99.99=939519] [UPDATE: Count=15909, Max=1019903, Min=3, Avg=19880.36, 90=38111, 99=403199, 99.9=687615, 99.99=965119] [READ-FAILED: Count=10, Max=25647, Min=1668, Avg=6294.8, 90=12287, 99=25647, 99.9=25647, 99.99=25647] 
2020-09-07 15:16:59:217 70 sec: 220770 operations; 3510.2 current ops/sec; est completion in 51 minutes [READ: Count=17475, Max=970239, Min=0, Avg=17778.12, 90=35103, 99=364799, 99.9=565759, 99.99=781311] [UPDATE: Count=17617, Max=739327, Min=1, Avg=18528.15, 90=36447, 99=391423, 99.9=557567, 99.99=624639] [READ-FAILED: Count=8, Max=4411, Min=2262, Avg=3189.62, 90=3999, 99=4411, 99.9=4411, 99.99=4411] 
2020-09-07 15:17:09:217 80 sec: 255615 operations; 3484.5 current ops/sec; est completion in 50 minutes [READ: Count=17497, Max=1082367, Min=1, Avg=18004.7, 90=34911, 99=376063, 99.9=648703, 99.99=928767] [UPDATE: Count=17343, Max=1092607, Min=2, Avg=18686.83, 90=35839, 99=410879, 99.9=670207, 99.99=1057791] [READ-FAILED: Count=4, Max=6271, Min=2786, Avg=4113.25, 90=6271, 99=6271, 99.9=6271, 99.99=6271] 
2020-09-07 15:17:19:217 90 sec: 289709 operations; 3409.4 current ops/sec; est completion in 50 minutes [READ: Count=17151, Max=961535, Min=1, Avg=18620.16, 90=37215, 99=392703, 99.9=563199, 99.99=616959] [UPDATE: Count=16943, Max=641535, Min=1, Avg=18965.97, 90=37343, 99=404479, 99.9=573951, 99.99=627711] [READ-FAILED: Count=13, Max=9855, Min=2078, Avg=3623.31, 90=6911, 99=9855, 99.9=9855, 99.99=9855] 
2020-09-07 15:17:29:217 100 sec: 324582 operations; 3487.3 current ops/sec; est completion in 49 minutes [READ: Count=17510, Max=885247, Min=1, Avg=17903.49, 90=37087, 99=304127, 99.9=564223, 99.99=797183] [UPDATE: Count=17349, Max=932351, Min=1, Avg=18814.1, 90=38111, 99=347391, 99.9=587263, 99.99=870911] [READ-FAILED: Count=10, Max=14247, Min=2126, Avg=4656, 90=10399, 99=14247, 99.9=14247, 99.99=14247] 
2020-09-07 15:17:39:217 110 sec: 360659 operations; 3607.7 current ops/sec; est completion in 49 minutes [READ: Count=17959, Max=689663, Min=0, Avg=17326.33, 90=34623, 99=353535, 99.9=560127, 99.99=601599] [UPDATE: Count=18092, Max=745471, Min=0, Avg=17908.32, 90=34367, 99=402431, 99.9=572927, 99.99=614399] [READ-FAILED: Count=11, Max=17727, Min=1835, Avg=4286.09, 90=5631, 99=17727, 99.9=17727, 99.99=17727] 
2020-09-07 15:17:49:217 120 sec: 394113 operations; 3345.4 current ops/sec; est completion in 48 minutes [READ: Count=16688, Max=910847, Min=0, Avg=18828.54, 90=37119, 99=431871, 99.9=578047, 99.99=897023] [UPDATE: Count=16771, Max=895999, Min=3, Avg=19456.43, 90=38399, 99=439295, 99.9=635903, 99.99=882687] [READ-FAILED: Count=3, Max=9967, Min=2680, Avg=5269.33, 90=9967, 99=9967, 99.9=9967, 99.99=9967] 
2020-09-07 15:17:59:217 130 sec: 429045 operations; 3493.2 current ops/sec; est completion in 48 minutes [READ: Count=17648, Max=911871, Min=0, Avg=17823.78, 90=33311, 99=373503, 99.9=594431, 99.99=885759] [UPDATE: Count=17274, Max=898047, Min=1, Avg=19076.26, 90=34079, 99=476415, 99.9=587263, 99.99=872447] [READ-FAILED: Count=8, Max=5531, Min=2116, Avg=2972.12, 90=3513, 99=5531, 99.9=5531, 99.99=5531] 
2020-09-07 15:18:09:217 140 sec: 464802 operations; 3575.7 current ops/sec; est completion in 47 minutes [READ: Count=17945, Max=934399, Min=0, Avg=17522.43, 90=37119, 99=314111, 99.9=589311, 99.99=713215] [UPDATE: Count=17801, Max=920575, Min=1, Avg=18394.07, 90=37055, 99=358911, 99.9=602623, 99.99=789503] [READ-FAILED: Count=12, Max=19823, Min=1884, Avg=5323.92, 90=10383, 99=19823, 99.9=19823, 99.99=19823] 
2020-09-07 15:18:19:217 150 sec: 497569 operations; 3276.7 current ops/sec; est completion in 47 minutes [READ: Count=16281, Max=693247, Min=0, Avg=19359.26, 90=39871, 99=442367, 99.9=563711, 99.99=647679] [UPDATE: Count=16472, Max=696319, Min=1, Avg=19050.91, 90=40031, 99=401407, 99.9=567807, 99.99=659967] [READ-FAILED: Count=8, Max=13655, Min=2044, Avg=4291.88, 90=4791, 99=13655, 99.9=13655, 99.99=13655] 
2020-09-07 15:18:29:217 160 sec: 531461 operations; 3389.2 current ops/sec; est completion in 47 minutes [READ: Count=16935, Max=1110015, Min=0, Avg=19117.51, 90=36991, 99=437503, 99.9=610303, 99.99=1036799] [UPDATE: Count=16957, Max=1007615, Min=1, Avg=19059.42, 90=37183, 99=417535, 99.9=622591, 99.99=977919] [READ-FAILED: Count=8, Max=12999, Min=2488, Avg=5496.38, 90=9991, 99=12999, 99.9=12999, 99.99=12999] 
2020-09-07 15:18:39:217 170 sec: 564386 operations; 3292.5 current ops/sec; est completion in 47 minutes [READ: Count=16266, Max=1016831, Min=1, Avg=18895.8, 90=34815, 99=515583, 99.9=563711, 99.99=1009663] [UPDATE: Count=16652, Max=1015295, Min=1, Avg=19962.97, 90=36255, 99=517119, 99.9=603135, 99.99=845823] [READ-FAILED: Count=5, Max=11111, Min=1743, Avg=4437.6, 90=11111, 99=11111, 99.9=11111, 99.99=11111] 
2020-09-07 15:18:49:217 180 sec: 597966 operations; 3358 current ops/sec; est completion in 47 minutes [READ: Count=16717, Max=684031, Min=0, Avg=19012.11, 90=37407, 99=453375, 99.9=561663, 99.99=641023] [UPDATE: Count=16850, Max=757247, Min=1, Avg=18580.33, 90=37919, 99=377087, 99.9=563711, 99.99=668671] [READ-FAILED: Count=8, Max=7543, Min=2798, Avg=3699.88, 90=3937, 99=7543, 99.9=7543, 99.99=7543] 
2020-09-07 15:18:59:217 190 sec: 630055 operations; 3208.9 current ops/sec; est completion in 47 minutes [READ: Count=16006, Max=1103871, Min=0, Avg=19862.44, 90=38975, 99=496127, 99.9=850943, 99.99=1034239] [UPDATE: Count=16078, Max=1219583, Min=1, Avg=20597.83, 90=39967, 99=473599, 99.9=1004543, 99.99=1057791] [READ-FAILED: Count=2, Max=8911, Min=5332, Avg=7121, 90=8911, 99=8911, 99.9=8911, 99.99=8911] 
2020-09-07 15:19:09:216 200 sec: 661329 operations; 3127.4 current ops/sec; est completion in 47 minutes [READ: Count=15516, Max=793599, Min=0, Avg=19697.9, 90=37407, 99=455167, 99.9=577023, 99.99=715775] [UPDATE: Count=15757, Max=790527, Min=1, Avg=21221.34, 90=38623, 99=518911, 99.9=602623, 99.99=737791] [READ-FAILED: Count=6, Max=15559, Min=2031, Avg=5620.83, 90=7191, 99=15559, 99.9=15559, 99.99=15559] 
2020-09-07 15:19:19:216 210 sec: 698629 operations; 3730 current ops/sec; est completion in 46 minutes [READ: Count=18617, Max=1036287, Min=1, Avg=16595.03, 90=34303, 99=230527, 99.9=619519, 99.99=1016319] [UPDATE: Count=18675, Max=1142783, Min=1, Avg=17655.13, 90=34719, 99=300543, 99.9=672255, 99.99=1020927] [READ-FAILED: Count=10, Max=9519, Min=1824, Avg=4419.2, 90=6643, 99=9519, 99.9=9519, 99.99=9519] 
2020-09-07 15:19:29:217 220 sec: 731664 operations; 3303.5 current ops/sec; est completion in 46 minutes [READ: Count=16605, Max=1029119, Min=0, Avg=18515.56, 90=37119, 99=383231, 99.9=559103, 99.99=851967] [UPDATE: Count=16416, Max=1009151, Min=1, Avg=19954.62, 90=37727, 99=474623, 99.9=571391, 99.99=698879] [READ-FAILED: Count=14, Max=9159, Min=2001, Avg=3292.71, 90=3723, 99=9159, 99.9=9159, 99.99=9159] 
2020-09-07 15:19:39:217 230 sec: 769382 operations; 3771.8 current ops/sec; est completion in 46 minutes [READ: Count=18775, Max=640511, Min=0, Avg=16190.69, 90=33631, 99=226815, 99.9=551935, 99.99=626687] [UPDATE: Count=18925, Max=884735, Min=1, Avg=17974.44, 90=35647, 99=312831, 99.9=557567, 99.99=703487] [READ-FAILED: Count=13, Max=24527, Min=2150, Avg=5289.77, 90=9159, 99=24527, 99.9=24527, 99.99=24527] 
2020-09-07 15:19:49:217 240 sec: 799056 operations; 2967.4 current ops/sec; est completion in 46 minutes [READ: Count=14913, Max=1344511, Min=0, Avg=21244.22, 90=37567, 99=519935, 99.9=655359, 99.99=1226751] [UPDATE: Count=14772, Max=1435647, Min=3, Avg=22017.59, 90=38559, 99=519167, 99.9=868351, 99.99=1398783] [READ-FAILED: Count=4, Max=16119, Min=2226, Avg=6232.25, 90=16119, 99=16119, 99.9=16119, 99.99=16119] 
2020-09-07 15:19:59:216 250 sec: 831370 operations; 3231.4 current ops/sec; est completion in 45 minutes [READ: Count=16186, Max=981503, Min=1, Avg=19797.43, 90=34271, 99=514303, 99.9=569343, 99.99=769023] [UPDATE: Count=16112, Max=992255, Min=1, Avg=19958.93, 90=33887, 99=487935, 99.9=600063, 99.99=779263] [READ-FAILED: Count=9, Max=10335, Min=2038, Avg=4559.89, 90=8083, 99=10335, 99.9=10335, 99.99=10335] 
2020-09-07 15:20:09:217 260 sec: 864624 operations; 3325.4 current ops/sec; est completion in 45 minutes [READ: Count=16654, Max=1120255, Min=1, Avg=18749.32, 90=37439, 99=444671, 99.9=680447, 99.99=1021951] [UPDATE: Count=16582, Max=1132543, Min=1, Avg=19573.02, 90=37695, 99=485375, 99.9=829951, 99.99=1032191] [READ-FAILED: Count=8, Max=17455, Min=1679, Avg=5130.38, 90=6499, 99=17455, 99.9=17455, 99.99=17455] 
2020-09-07 15:20:19:217 270 sec: 897990 operations; 3336.6 current ops/sec; est completion in 45 minutes [READ: Count=16520, Max=770047, Min=1, Avg=18906.33, 90=37535, 99=422399, 99.9=592895, 99.99=706559] [UPDATE: Count=16843, Max=829951, Min=1, Avg=19489.9, 90=38495, 99=445183, 99.9=578047, 99.99=743935] [READ-FAILED: Count=4, Max=11047, Min=2484, Avg=4904.25, 90=11047, 99=11047, 99.9=11047, 99.99=11047] 
2020-09-07 15:20:29:217 280 sec: 933877 operations; 3588.7 current ops/sec; est completion in 45 minutes [READ: Count=17925, Max=738815, Min=0, Avg=17474.35, 90=37407, 99=240127, 99.9=558079, 99.99=664063] [UPDATE: Count=17954, Max=809471, Min=1, Avg=17805.72, 90=38207, 99=264447, 99.9=550911, 99.99=636927] [READ-FAILED: Count=9, Max=12039, Min=1822, Avg=5343.67, 90=7839, 99=12039, 99.9=12039, 99.99=12039] 
2020-09-07 15:20:39:217 290 sec: 968738 operations; 3486.1 current ops/sec; est completion in 45 minutes [READ: Count=17408, Max=763903, Min=0, Avg=17770.57, 90=39327, 99=272639, 99.9=550911, 99.99=623103] [UPDATE: Count=17443, Max=759807, Min=2, Avg=18661.65, 90=41215, 99=331263, 99.9=557055, 99.99=622079] [READ-FAILED: Count=11, Max=8911, Min=1804, Avg=3761.27, 90=5935, 99=8911, 99.9=8911, 99.99=8911] 
2020-09-07 15:20:49:217 300 sec: 1003470 operations; 3473.2 current ops/sec; est completion in 44 minutes [READ: Count=17262, Max=1125375, Min=1, Avg=18627.09, 90=37279, 99=353791, 99.9=587775, 99.99=788479] [UPDATE: Count=17472, Max=1115135, Min=1, Avg=18961.35, 90=38047, 99=370687, 99.9=617983, 99.99=909311] [READ-FAILED: Count=7, Max=4239, Min=2506, Avg=3182, 90=3521, 99=4239, 99.9=4239, 99.99=4239] 
Maximum time elapsed. Requesting stop for the workload.
Stop requested for workload. Now Joining!
[36m15:20:49.727[m [[34;1mINFO[m] [1;34mp.u.t.s.y.Stats.clientFinished@38[m: 
Ended SconeKV benchmark.
Number of clients: 64
Total transactions: 199769
Committed: 140936 (70.549484%)
Aborted: 58833 (29.450516%)
2020-09-07 15:20:49:729 300 sec: 1003879 operations; 797.27 current ops/sec; est completion in 44 minutes [READ: Count=194, Max=168575, Min=1844, Avg=18996.27, 90=51807, 99=95807, 99.9=168575, 99.99=168575] [CLEANUP: Count=64, Max=1475, Min=2, Avg=26.55, 90=5, 99=15, 99.9=1475, 99.99=1475] [UPDATE: Count=203, Max=519423, Min=1387, Avg=21780.51, 90=42207, 99=158335, 99.9=519423, 99.99=519423] [READ-FAILED: Count=0, Max=0, Min=9223372036854775807, Avg=NaN, 90=0, 99=0, 99.9=0, 99.99=0] 
[OVERALL], RunTime(ms), 300512
[OVERALL], Throughput(ops/sec), 3340.562107336812
[TOTAL_GCS_G1_Young_Generation], Count, 120
[TOTAL_GC_TIME_G1_Young_Generation], Time(ms), 1469
[TOTAL_GC_TIME_%_G1_Young_Generation], Time(%), 0.48883239271643064
[TOTAL_GCS_G1_Old_Generation], Count, 0
[TOTAL_GC_TIME_G1_Old_Generation], Time(ms), 0
[TOTAL_GC_TIME_%_G1_Old_Generation], Time(%), 0.0
[TOTAL_GCs], Count, 120
[TOTAL_GC_TIME], Time(ms), 1469
[TOTAL_GC_TIME_%], Time(%), 0.48883239271643064
[READ], Operations, 501634
[READ], AverageLatency(us), 18528.08170897507
[READ], MinLatency(us), 0
[READ], MaxLatency(us), 1344511
[READ], 95thPercentileLatency(us), 58783
[READ], 99thPercentileLatency(us), 395007
[READ], Return=OK, 501634
[READ], Return=NOT_FOUND, 250
[CLEANUP], Operations, 64
[CLEANUP], AverageLatency(us), 26.546875
[CLEANUP], MinLatency(us), 2
[CLEANUP], MaxLatency(us), 1475
[CLEANUP], 95thPercentileLatency(us), 8
[CLEANUP], 99thPercentileLatency(us), 15
[UPDATE], Operations, 501995
[UPDATE], AverageLatency(us), 19127.310742138867
[UPDATE], MinLatency(us), 0
[UPDATE], MaxLatency(us), 1435647
[UPDATE], 95thPercentileLatency(us), 61983
[UPDATE], 99thPercentileLatency(us), 413695
[UPDATE], Return=OK, 501995
[READ-FAILED], Operations, 250
[READ-FAILED], AverageLatency(us), 5392.492
[READ-FAILED], MinLatency(us), 1668
[READ-FAILED], MaxLatency(us), 178047
[READ-FAILED], 95thPercentileLatency(us), 15479
[READ-FAILED], 99thPercentileLatency(us), 25647
