Command line: -t -db pt.ulisboa.tecnico.sconekv.ycsb.SconeKVClient -P workloadb -threads 128 -s -p scone.tx_size=5 -p operationcount=10000000 -p maxexecutiontime=300
YCSB Client 0.17.0

Loading workload...
Starting test.
WARNING: sun.reflect.Reflection.getCallerClass is not supported. This will impact performance.
2020-09-09 15:16:32:049 0 sec: 0 operations; est completion in 0 second 
Maximum execution time specified as: 300 secs
DBWrapper: report latency for each error is false and specific error codes to track for latency are: []
DBWrapper: report latency for each error is false and specific error codes to track for latency are: []
DBWrapper: report latency for each error is false and specific error codes to track for latency are: []
DBWrapper: report latency for each error is false and specific error codes to track for latency are: []
DBWrapper: report latency for each error is false and specific error codes to track for latency are: []
DBWrapper: report latency for each error is false and specific error codes to track for latency are: []
DBWrapper: report latency for each error is false and specific error codes to track for latency are: []
DBWrapper: report latency for each error is false and specific error codes to track for latency are: []
DBWrapper: report latency for each error is false and specific error codes to track for latency are: []
DBWrapper: report latency for each error is false and specific error codes to track for latency are: []
DBWrapper: report latency for each error is false and specific error codes to track for latency are: []
DBWrapper: report latency for each error is false and specific error codes to track for latency are: []
DBWrapper: report latency for each error is false and specific error codes to track for latency are: []
DBWrapper: report latency for each error is false and specific error codes to track for latency are: []
DBWrapper: report latency for each error is false and specific error codes to track for latency are: []
DBWrapper: report latency for each error is false and specific error codes to track for latency are: []
DBWrapper: report latency for each error is false and specific error codes to track for latency are: []
DBWrapper: report latency for each error is false and specific error codes to track for latency are: []
DBWrapper: report latency for each error is false and specific error codes to track for latency are: []
DBWrapper: report latency for each error is false and specific error codes to track for latency are: []
DBWrapper: report latency for each error is false and specific error codes to track for latency are: []
DBWrapper: report latency for each error is false and specific error codes to track for latency are: []
DBWrapper: report latency for each error is false and specific error codes to track for latency are: []
DBWrapper: report latency for each error is false and specific error codes to track for latency are: []
DBWrapper: report latency for each error is false and specific error codes to track for latency are: []
DBWrapper: report latency for each error is false and specific error codes to track for latency are: []
DBWrapper: report latency for each error is false and specific error codes to track for latency are: []
DBWrapper: report latency for each error is false and specific error codes to track for latency are: []
DBWrapper: report latency for each error is false and specific error codes to track for latency are: []
DBWrapper: report latency for each error is false and specific error codes to track for latency are: []
DBWrapper: report latency for each error is false and specific error codes to track for latency are: []
DBWrapper: report latency for each error is false and specific error codes to track for latency are: []
DBWrapper: report latency for each error is false and specific error codes to track for latency are: []
DBWrapper: report latency for each error is false and specific error codes to track for latency are: []
DBWrapper: report latency for each error is false and specific error codes to track for latency are: []
DBWrapper: report latency for each error is false and specific error codes to track for latency are: []
DBWrapper: report latency for each error is false and specific error codes to track for latency are: []
DBWrapper: report latency for each error is false and specific error codes to track for latency are: []
DBWrapper: report latency for each error is false and specific error codes to track for latency are: []
DBWrapper: report latency for each error is false and specific error codes to track for latency are: []
DBWrapper: report latency for each error is false and specific error codes to track for latency are: []
DBWrapper: report latency for each error is false and specific error codes to track for latency are: []
DBWrapper: report latency for each error is false and specific error codes to track for latency are: []
DBWrapper: report latency for each error is false and specific error codes to track for latency are: []
DBWrapper: report latency for each error is false and specific error codes to track for latency are: []
DBWrapper: report latency for each error is false and specific error codes to track for latency are: []
DBWrapper: report latency for each error is false and specific error codes to track for latency are: []
DBWrapper: report latency for each error is false and specific error codes to track for latency are: []
DBWrapper: report latency for each error is false and specific error codes to track for latency are: []
DBWrapper: report latency for each error is false and specific error codes to track for latency are: []
DBWrapper: report latency for each error is false and specific error codes to track for latency are: []
DBWrapper: report latency for each error is false and specific error codes to track for latency are: []
DBWrapper: report latency for each error is false and specific error codes to track for latency are: []
DBWrapper: report latency for each error is false and specific error codes to track for latency are: []
DBWrapper: report latency for each error is false and specific error codes to track for latency are: []
DBWrapper: report latency for each error is false and specific error codes to track for latency are: []
DBWrapper: report latency for each error is false and specific error codes to track for latency are: []
DBWrapper: report latency for each error is false and specific error codes to track for latency are: []
DBWrapper: report latency for each error is false and specific error codes to track for latency are: []
DBWrapper: report latency for each error is false and specific error codes to track for latency are: []
DBWrapper: report latency for each error is false and specific error codes to track for latency are: []
DBWrapper: report latency for each error is false and specific error codes to track for latency are: []
DBWrapper: report latency for each error is false and specific error codes to track for latency are: []
DBWrapper: report latency for each error is false and specific error codes to track for latency are: []
DBWrapper: report latency for each error is false and specific error codes to track for latency are: []
DBWrapper: report latency for each error is false and specific error codes to track for latency are: []
DBWrapper: report latency for each error is false and specific error codes to track for latency are: []
DBWrapper: report latency for each error is false and specific error codes to track for latency are: []
DBWrapper: report latency for each error is false and specific error codes to track for latency are: []
DBWrapper: report latency for each error is false and specific error codes to track for latency are: []
DBWrapper: report latency for each error is false and specific error codes to track for latency are: []
DBWrapper: report latency for each error is false and specific error codes to track for latency are: []
DBWrapper: report latency for each error is false and specific error codes to track for latency are: []
DBWrapper: report latency for each error is false and specific error codes to track for latency are: []
DBWrapper: report latency for each error is false and specific error codes to track for latency are: []
DBWrapper: report latency for each error is false and specific error codes to track for latency are: []
DBWrapper: report latency for each error is false and specific error codes to track for latency are: []
DBWrapper: report latency for each error is false and specific error codes to track for latency are: []
DBWrapper: report latency for each error is false and specific error codes to track for latency are: []
DBWrapper: report latency for each error is false and specific error codes to track for latency are: []
DBWrapper: report latency for each error is false and specific error codes to track for latency are: []
DBWrapper: report latency for each error is false and specific error codes to track for latency are: []
DBWrapper: report latency for each error is false and specific error codes to track for latency are: []
DBWrapper: report latency for each error is false and specific error codes to track for latency are: []
DBWrapper: report latency for each error is false and specific error codes to track for latency are: []
DBWrapper: report latency for each error is false and specific error codes to track for latency are: []
DBWrapper: report latency for each error is false and specific error codes to track for latency are: []
DBWrapper: report latency for each error is false and specific error codes to track for latency are: []
DBWrapper: report latency for each error is false and specific error codes to track for latency are: []
DBWrapper: report latency for each error is false and specific error codes to track for latency are: []
DBWrapper: report latency for each error is false and specific error codes to track for latency are: []
DBWrapper: report latency for each error is false and specific error codes to track for latency are: []
DBWrapper: report latency for each error is false and specific error codes to track for latency are: []
DBWrapper: report latency for each error is false and specific error codes to track for latency are: []
DBWrapper: report latency for each error is false and specific error codes to track for latency are: []
DBWrapper: report latency for each error is false and specific error codes to track for latency are: []
DBWrapper: report latency for each error is false and specific error codes to track for latency are: []
DBWrapper: report latency for each error is false and specific error codes to track for latency are: []
DBWrapper: report latency for each error is false and specific error codes to track for latency are: []
DBWrapper: report latency for each error is false and specific error codes to track for latency are: []
DBWrapper: report latency for each error is false and specific error codes to track for latency are: []
DBWrapper: report latency for each error is false and specific error codes to track for latency are: []
DBWrapper: report latency for each error is false and specific error codes to track for latency are: []
DBWrapper: report latency for each error is false and specific error codes to track for latency are: []
DBWrapper: report latency for each error is false and specific error codes to track for latency are: []
DBWrapper: report latency for each error is false and specific error codes to track for latency are: []
DBWrapper: report latency for each error is false and specific error codes to track for latency are: []
DBWrapper: report latency for each error is false and specific error codes to track for latency are: []
DBWrapper: report latency for each error is false and specific error codes to track for latency are: []
DBWrapper: report latency for each error is false and specific error codes to track for latency are: []
DBWrapper: report latency for each error is false and specific error codes to track for latency are: []
DBWrapper: report latency for each error is false and specific error codes to track for latency are: []
DBWrapper: report latency for each error is false and specific error codes to track for latency are: []
DBWrapper: report latency for each error is false and specific error codes to track for latency are: []
2020-09-09 15:16:42:148 10 sec: 7852 operations; 782.54 current ops/sec; est completion in 3 hours 32 minutes [READ: Count=7536, Max=1475583, Min=3, Avg=78414.35, 90=200959, 99=601599, 99.9=1130495, 99.99=1466367] [UPDATE: Count=410, Max=930815, Min=1975, Avg=84083.95, 90=200959, 99=658943, 99.9=930815, 99.99=930815] [READ-FAILED: Count=7, Max=138751, Min=2500, Avg=47844.86, 90=95231, 99=138751, 99.9=138751, 99.99=138751] 
DBWrapper: report latency for each error is false and specific error codes to track for latency are: []
DBWrapper: report latency for each error is false and specific error codes to track for latency are: []
DBWrapper: report latency for each error is false and specific error codes to track for latency are: []
DBWrapper: report latency for each error is false and specific error codes to track for latency are: []
DBWrapper: report latency for each error is false and specific error codes to track for latency are: []
DBWrapper: report latency for each error is false and specific error codes to track for latency are: []
DBWrapper: report latency for each error is false and specific error codes to track for latency are: []
DBWrapper: report latency for each error is false and specific error codes to track for latency are: []
DBWrapper: report latency for each error is false and specific error codes to track for latency are: []
DBWrapper: report latency for each error is false and specific error codes to track for latency are: []
DBWrapper: report latency for each error is false and specific error codes to track for latency are: []
DBWrapper: report latency for each error is false and specific error codes to track for latency are: []
DBWrapper: report latency for each error is false and specific error codes to track for latency are: []
DBWrapper: report latency for each error is false and specific error codes to track for latency are: []
2020-09-09 15:16:52:052 20 sec: 40865 operations; 3312.23 current ops/sec; est completion in 1 hour 21 minutes [READ: Count=31315, Max=1735679, Min=0, Avg=33875.73, 90=58239, 99=548863, 99.9=680447, 99.99=1388543] [UPDATE: Count=1603, Max=1277951, Min=18, Avg=36931.8, 90=63967, 99=558591, 99.9=973311, 99.99=1277951] [READ-FAILED: Count=21, Max=68543, Min=1805, Avg=16369.38, 90=30255, 99=68543, 99.9=68543, 99.99=68543] 
2020-09-09 15:17:02:050 30 sec: 85728 operations; 4486.3 current ops/sec; est completion in 57 minutes [READ: Count=42531, Max=4505599, Min=0, Avg=28327.85, 90=47807, 99=540159, 99.9=1842175, 99.99=4358143] [UPDATE: Count=2287, Max=3088383, Min=17, Avg=38434.21, 90=48767, 99=793599, 99.9=2568191, 99.99=3088383] [READ-FAILED: Count=24, Max=23295, Min=1858, Avg=5714.04, 90=10263, 99=23295, 99.9=23295, 99.99=23295] 
2020-09-09 15:17:12:049 40 sec: 129562 operations; 4383.4 current ops/sec; est completion in 50 minutes [READ: Count=41663, Max=2988031, Min=1, Avg=28574.1, 90=52767, 99=547839, 99.9=977407, 99.99=2238463] [UPDATE: Count=2139, Max=2985983, Min=10, Avg=36658.79, 90=54335, 99=665087, 99.9=1838079, 99.99=2985983] [READ-FAILED: Count=28, Max=24943, Min=1708, Avg=4566.43, 90=5951, 99=24943, 99.9=24943, 99.99=24943] 
2020-09-09 15:17:22:049 50 sec: 161776 operations; 3221.4 current ops/sec; est completion in 50 minutes [READ: Count=30593, Max=4595711, Min=0, Avg=38895.66, 90=55359, 99=579071, 99.9=2400255, 99.99=3940351] [UPDATE: Count=1640, Max=4288511, Min=16, Avg=65935.62, 90=65119, 99=1273855, 99.9=3768319, 99.99=4288511] [READ-FAILED: Count=28, Max=22079, Min=2017, Avg=5854.39, 90=7379, 99=22079, 99.9=22079, 99.99=22079] 
2020-09-09 15:17:32:049 60 sec: 207416 operations; 4564 current ops/sec; est completion in 47 minutes [READ: Count=43331, Max=2213887, Min=0, Avg=25926.85, 90=44671, 99=538623, 99.9=972799, 99.99=1924095] [UPDATE: Count=2244, Max=2265087, Min=15, Avg=43667.39, 90=49631, 99=718335, 99.9=2010111, 99.99=2265087] [READ-FAILED: Count=22, Max=8295, Min=1822, Avg=3945.77, 90=5503, 99=8295, 99.9=8295, 99.99=8295] 
2020-09-09 15:17:42:049 70 sec: 255699 operations; 4828.3 current ops/sec; est completion in 44 minutes [READ: Count=45868, Max=3633151, Min=0, Avg=26350.6, 90=38591, 99=545279, 99.9=1413119, 99.99=2945023] [UPDATE: Count=2385, Max=2805759, Min=15, Avg=36705.95, 90=43487, 99=659455, 99.9=1958911, 99.99=2805759] [READ-FAILED: Count=28, Max=9487, Min=1998, Avg=4097.32, 90=6211, 99=9487, 99.9=9487, 99.99=9487] 
2020-09-09 15:17:52:049 80 sec: 301645 operations; 4594.6 current ops/sec; est completion in 42 minutes [READ: Count=43633, Max=3418111, Min=0, Avg=27604.43, 90=39743, 99=543743, 99.9=1672191, 99.99=3010559] [UPDATE: Count=2289, Max=2697215, Min=15, Avg=43689.47, 90=45279, 99=925695, 99.9=2365439, 99.99=2697215] [READ-FAILED: Count=25, Max=9511, Min=2264, Avg=4481.8, 90=7483, 99=9511, 99.9=9511, 99.99=9511] 
2020-09-09 15:18:02:049 90 sec: 340691 operations; 3904.6 current ops/sec; est completion in 42 minutes [READ: Count=37053, Max=4030463, Min=0, Avg=32676.62, 90=46079, 99=560127, 99.9=1581055, 99.99=3504127] [UPDATE: Count=1963, Max=3821567, Min=16, Avg=38528.87, 90=49791, 99=571903, 99.9=2449407, 99.99=3821567] [READ-FAILED: Count=29, Max=224639, Min=1753, Avg=13666.45, 90=15231, 99=224639, 99.9=224639, 99.99=224639] 
2020-09-09 15:18:12:049 100 sec: 386204 operations; 4551.3 current ops/sec; est completion in 41 minutes [READ: Count=43192, Max=4558847, Min=0, Avg=27681.06, 90=39679, 99=539135, 99.9=2199551, 99.99=4222975] [UPDATE: Count=2294, Max=3571711, Min=13, Avg=38195.52, 90=45247, 99=616959, 99.9=2856959, 99.99=3571711] [READ-FAILED: Count=27, Max=15775, Min=1919, Avg=4352.93, 90=5579, 99=15775, 99.9=15775, 99.99=15775] 
2020-09-09 15:18:22:049 110 sec: 432299 operations; 4609.5 current ops/sec; est completion in 40 minutes [READ: Count=43746, Max=2713599, Min=0, Avg=26915.93, 90=43839, 99=544255, 99.9=1259519, 99.99=2244607] [UPDATE: Count=2314, Max=2662399, Min=16, Avg=36855.47, 90=45343, 99=668159, 99.9=1467391, 99.99=2662399] [READ-FAILED: Count=34, Max=69247, Min=1656, Avg=7838.29, 90=14143, 99=69247, 99.9=69247, 99.99=69247] 
2020-09-09 15:18:32:084 120 sec: 478044 operations; 4558.55 current ops/sec; est completion in 39 minutes [READ: Count=43595, Max=4153343, Min=0, Avg=27384.45, 90=41215, 99=541695, 99.9=1868799, 99.99=3811327] [UPDATE: Count=2170, Max=4016127, Min=16, Avg=48974.72, 90=46143, 99=1005567, 99.9=3799039, 99.99=4016127] [READ-FAILED: Count=19, Max=21567, Min=1829, Avg=6386.53, 90=18639, 99=21567, 99.9=21567, 99.99=21567] 
2020-09-09 15:18:42:050 130 sec: 521906 operations; 4401.61 current ops/sec; est completion in 39 minutes [READ: Count=41741, Max=4300799, Min=0, Avg=28453.07, 90=46143, 99=542207, 99.9=1224703, 99.99=3092479] [UPDATE: Count=2060, Max=3971071, Min=16, Avg=43087.01, 90=47935, 99=708607, 99.9=3143679, 99.99=3971071] [READ-FAILED: Count=23, Max=30383, Min=2146, Avg=6853.13, 90=14271, 99=30383, 99.9=30383, 99.99=30383] 
2020-09-09 15:18:52:049 140 sec: 568461 operations; 4655.5 current ops/sec; est completion in 38 minutes [READ: Count=44176, Max=2123775, Min=0, Avg=27251.18, 90=45183, 99=538623, 99.9=1181695, 99.99=1947647] [UPDATE: Count=2355, Max=1794047, Min=16, Avg=36283.91, 90=48031, 99=632831, 99.9=1552383, 99.99=1794047] [READ-FAILED: Count=26, Max=11887, Min=1793, Avg=5021.96, 90=7931, 99=11887, 99.9=11887, 99.99=11887] 
2020-09-09 15:19:02:049 150 sec: 612768 operations; 4430.7 current ops/sec; est completion in 38 minutes [READ: Count=42128, Max=4427775, Min=0, Avg=27883.7, 90=45887, 99=535039, 99.9=1361919, 99.99=4095999] [UPDATE: Count=2153, Max=2981887, Min=15, Avg=35203.54, 90=51679, 99=557567, 99.9=2123775, 99.99=2981887] [READ-FAILED: Count=23, Max=16895, Min=2382, Avg=4738.17, 90=6599, 99=16895, 99.9=16895, 99.99=16895] 
2020-09-09 15:19:12:049 160 sec: 652923 operations; 4015.5 current ops/sec; est completion in 38 minutes [READ: Count=38129, Max=4820991, Min=0, Avg=31354.94, 90=43935, 99=545279, 99.9=2482175, 99.99=3745791] [UPDATE: Count=2002, Max=3336191, Min=15, Avg=41007.66, 90=46911, 99=747519, 99.9=3141631, 99.99=3336191] [READ-FAILED: Count=26, Max=12911, Min=1729, Avg=4672.46, 90=6283, 99=12911, 99.9=12911, 99.99=12911] 
2020-09-09 15:19:22:049 170 sec: 699370 operations; 4644.7 current ops/sec; est completion in 37 minutes [READ: Count=44106, Max=5668863, Min=0, Avg=27063.85, 90=43647, 99=536063, 99.9=1504255, 99.99=3186687] [UPDATE: Count=2310, Max=3094527, Min=16, Avg=37807.27, 90=47135, 99=600575, 99.9=1807359, 99.99=3094527] [READ-FAILED: Count=30, Max=25439, Min=2130, Avg=5841.8, 90=9535, 99=25439, 99.9=25439, 99.99=25439] 
2020-09-09 15:19:32:049 180 sec: 747669 operations; 4829.9 current ops/sec; est completion in 37 minutes [READ: Count=45843, Max=3080191, Min=0, Avg=26466.67, 90=40095, 99=535551, 99.9=1484799, 99.99=2680831] [UPDATE: Count=2421, Max=3024895, Min=15, Avg=38943.54, 90=42687, 99=707071, 99.9=2480127, 99.99=3024895] [READ-FAILED: Count=34, Max=31535, Min=1986, Avg=5629.71, 90=10655, 99=31535, 99.9=31535, 99.99=31535] 
2020-09-09 15:19:42:049 190 sec: 792813 operations; 4514.4 current ops/sec; est completion in 36 minutes [READ: Count=42799, Max=3487743, Min=0, Avg=26852.17, 90=44159, 99=542719, 99.9=1553407, 99.99=3262463] [UPDATE: Count=2323, Max=1819647, Min=14, Avg=34471.02, 90=48063, 99=626175, 99.9=1654783, 99.99=1819647] [READ-FAILED: Count=22, Max=10183, Min=2086, Avg=4530.86, 90=8943, 99=10183, 99.9=10183, 99.99=10183] 
2020-09-09 15:19:52:049 200 sec: 832843 operations; 4003 current ops/sec; est completion in 36 minutes [READ: Count=38028, Max=3031039, Min=0, Avg=32417.5, 90=48095, 99=549375, 99.9=1980415, 99.99=2908159] [UPDATE: Count=1978, Max=2942975, Min=16, Avg=48568.12, 90=53663, 99=991743, 99.9=2381823, 99.99=2942975] [READ-FAILED: Count=21, Max=19071, Min=2166, Avg=6028.67, 90=10927, 99=19071, 99.9=19071, 99.99=19071] 
2020-09-09 15:20:02:049 210 sec: 880617 operations; 4777.4 current ops/sec; est completion in 36 minutes [READ: Count=45393, Max=3059711, Min=0, Avg=26472.15, 90=42015, 99=545791, 99.9=1414143, 99.99=2756607] [UPDATE: Count=2354, Max=2983935, Min=17, Avg=33898.14, 90=43551, 99=574463, 99.9=2549759, 99.99=2983935] [READ-FAILED: Count=33, Max=31135, Min=1961, Avg=6840.03, 90=13015, 99=31135, 99.9=31135, 99.99=31135] 
2020-09-09 15:20:12:049 220 sec: 933848 operations; 5323.1 current ops/sec; est completion in 35 minutes [READ: Count=50590, Max=1965055, Min=0, Avg=23062.38, 90=44351, 99=522495, 99.9=781311, 99.99=1568767] [UPDATE: Count=2615, Max=1253375, Min=16, Avg=27307.58, 90=46687, 99=556031, 99.9=895999, 99.99=1253375] [READ-FAILED: Count=23, Max=26655, Min=2360, Avg=7389.13, 90=13447, 99=26655, 99.9=26655, 99.99=26655] 
2020-09-09 15:20:22:049 230 sec: 980108 operations; 4626 current ops/sec; est completion in 35 minutes [READ: Count=43858, Max=5206015, Min=0, Avg=26721.82, 90=41503, 99=537087, 99.9=1625087, 99.99=4382719] [UPDATE: Count=2377, Max=2324479, Min=16, Avg=36999.17, 90=48063, 99=575999, 99.9=1924095, 99.99=2324479] [READ-FAILED: Count=26, Max=10695, Min=1838, Avg=4380.19, 90=7563, 99=10695, 99.9=10695, 99.99=10695] 
2020-09-09 15:20:32:049 240 sec: 1028311 operations; 4820.3 current ops/sec; est completion in 34 minutes [READ: Count=45739, Max=5292031, Min=0, Avg=27133.17, 90=45695, 99=532479, 99.9=1398783, 99.99=4095999] [UPDATE: Count=2433, Max=4800511, Min=9, Avg=40826.09, 90=52927, 99=598015, 99.9=2840575, 99.99=4800511] [READ-FAILED: Count=30, Max=520703, Min=1994, Avg=21843.87, 90=9447, 99=520703, 99.9=520703, 99.99=520703] 
2020-09-09 15:20:42:049 250 sec: 1074020 operations; 4570.9 current ops/sec; est completion in 34 minutes [READ: Count=43343, Max=3086335, Min=0, Avg=26063.73, 90=41695, 99=535039, 99.9=1477631, 99.99=3043327] [UPDATE: Count=2338, Max=2967551, Min=6, Avg=33421.18, 90=45407, 99=603135, 99.9=1648639, 99.99=2967551] [READ-FAILED: Count=27, Max=26911, Min=2112, Avg=5977.96, 90=8399, 99=26911, 99.9=26911, 99.99=26911] 
2020-09-09 15:20:52:049 260 sec: 1124213 operations; 5019.3 current ops/sec; est completion in 34 minutes [READ: Count=47600, Max=4235263, Min=0, Avg=25515.34, 90=43871, 99=534527, 99.9=1141759, 99.99=3299327] [UPDATE: Count=2554, Max=2893823, Min=5, Avg=42055.84, 90=45567, 99=713727, 99.9=2791423, 99.99=2893823] [READ-FAILED: Count=41, Max=19087, Min=1971, Avg=5283.56, 90=9743, 99=19087, 99.9=19087, 99.99=19087] 
2020-09-09 15:21:02:049 270 sec: 1166513 operations; 4230 current ops/sec; est completion in 34 minutes [READ: Count=40109, Max=3645439, Min=0, Avg=30135.16, 90=46111, 99=542719, 99.9=1606655, 99.99=2828287] [UPDATE: Count=2166, Max=2793471, Min=5, Avg=39560.38, 90=47007, 99=685567, 99.9=2697215, 99.99=2793471] [READ-FAILED: Count=24, Max=478463, Min=2202, Avg=24591.38, 90=7775, 99=478463, 99.9=478463, 99.99=478463] 
2020-09-09 15:21:12:049 280 sec: 1220402 operations; 5388.9 current ops/sec; est completion in 33 minutes [READ: Count=51082, Max=3868671, Min=0, Avg=23524.59, 90=42847, 99=531967, 99.9=910335, 99.99=2914303] [UPDATE: Count=2787, Max=3741695, Min=5, Avg=30883.12, 90=42367, 99=572927, 99.9=1270783, 99.99=3741695] [READ-FAILED: Count=29, Max=11599, Min=2033, Avg=4475.93, 90=6735, 99=11599, 99.9=11599, 99.99=11599] 
2020-09-09 15:21:22:049 290 sec: 1267420 operations; 4701.8 current ops/sec; est completion in 33 minutes [READ: Count=44764, Max=2801663, Min=0, Avg=26502.52, 90=50431, 99=528895, 99.9=930815, 99.99=2057215] [UPDATE: Count=2226, Max=1660927, Min=6, Avg=32133.93, 90=53023, 99=584191, 99.9=1221631, 99.99=1660927] [READ-FAILED: Count=21, Max=31231, Min=1959, Avg=6421.67, 90=7979, 99=31231, 99.9=31231, 99.99=31231] 
2020-09-09 15:21:32:049 300 sec: 1318010 operations; 5059 current ops/sec; est completion in 32 minutes [READ: Count=47992, Max=3823615, Min=0, Avg=24162.06, 90=39743, 99=531967, 99.9=1647615, 99.99=2979839] [UPDATE: Count=2557, Max=3674111, Min=5, Avg=42054.24, 90=42175, 99=772095, 99.9=3020799, 99.99=3674111] [READ-FAILED: Count=39, Max=23759, Min=1802, Avg=4715.28, 90=8335, 99=23759, 99.9=23759, 99.99=23759] 
Maximum time elapsed. Requesting stop for the workload.
Stop requested for workload. Now Joining!
[36m15:21:32.682[m [[34;1mINFO[m] [1;34mp.u.t.s.y.Stats.clientFinished@38[m: 
Ended SconeKV benchmark.
Number of clients: 128
Total transactions: 262385
Committed: 244041 (93.00874%)
Aborted: 18344 (6.991253%)
2020-09-09 15:21:32:685 300 sec: 1318869 operations; 1354.89 current ops/sec; est completion in 32 minutes [READ: Count=816, Max=1912831, Min=1, Avg=76194.42, 90=95807, 99=1317887, 99.9=1893375, 99.99=1912831] [CLEANUP: Count=128, Max=1898, Min=2, Avg=18.55, 90=4, 99=29, 99.9=1898, 99.99=1898] [UPDATE: Count=40, Max=2260991, Min=2492, Avg=295851.17, 90=1358847, 99=2260991, 99.9=2260991, 99.99=2260991] [READ-FAILED: Count=0, Max=0, Min=9223372036854775807, Avg=NaN, 90=0, 99=0, 99.9=0, 99.99=0] 
[OVERALL], RunTime(ms), 300629
[OVERALL], Throughput(ops/sec), 4387.031856540786
[TOTAL_GCS_G1_Young_Generation], Count, 162
[TOTAL_GC_TIME_G1_Young_Generation], Time(ms), 2936
[TOTAL_GC_TIME_%_G1_Young_Generation], Time(%), 0.9766190221169615
[TOTAL_GCS_G1_Old_Generation], Count, 0
[TOTAL_GC_TIME_G1_Old_Generation], Time(ms), 0
[TOTAL_GC_TIME_%_G1_Old_Generation], Time(%), 0.0
[TOTAL_GCs], Count, 162
[TOTAL_GC_TIME], Time(ms), 2936
[TOTAL_GC_TIME_%], Time(%), 0.9766190221169615
[READ], Operations, 1252292
[READ], AverageLatency(us), 27985.491534721932
[READ], MinLatency(us), 0
[READ], MaxLatency(us), 5668863
[READ], 95thPercentileLatency(us), 71999
[READ], 99thPercentileLatency(us), 540671
[READ], Return=OK, 1252292
[READ], Return=NOT_FOUND, 790
[CLEANUP], Operations, 128
[CLEANUP], AverageLatency(us), 18.5546875
[CLEANUP], MinLatency(us), 2
[CLEANUP], MaxLatency(us), 1898
[CLEANUP], 95thPercentileLatency(us), 9
[CLEANUP], 99thPercentileLatency(us), 29
[UPDATE], Operations, 65787
[UPDATE], AverageLatency(us), 39293.777159621204
[UPDATE], MinLatency(us), 5
[UPDATE], MaxLatency(us), 4800511
[UPDATE], 95thPercentileLatency(us), 100095
[UPDATE], 99thPercentileLatency(us), 667647
[UPDATE], Return=OK, 65787
[READ-FAILED], Operations, 790
[READ-FAILED], AverageLatency(us), 7615.340506329114
[READ-FAILED], MinLatency(us), 1656
[READ-FAILED], MaxLatency(us), 520703
[READ-FAILED], 95thPercentileLatency(us), 17007
[READ-FAILED], 99thPercentileLatency(us), 52831
