Command line: -t -db pt.ulisboa.tecnico.sconekv.ycsb.SconeKVClient -P workloada -threads 256 -s -p scone.tx_size=5 -p operationcount=10000000 -p maxexecutiontime=300
YCSB Client 0.17.0

Loading workload...
Starting test.
WARNING: sun.reflect.Reflection.getCallerClass is not supported. This will impact performance.
2020-09-10 12:19:44:167 0 sec: 0 operations; est completion in 0 second 
Maximum execution time specified as: 300 secs
DBWrapper: report latency for each error is false and specific error codes to track for latency are: []
DBWrapper: report latency for each error is false and specific error codes to track for latency are: []
DBWrapper: report latency for each error is false and specific error codes to track for latency are: []
DBWrapper: report latency for each error is false and specific error codes to track for latency are: []
DBWrapper: report latency for each error is false and specific error codes to track for latency are: []
DBWrapper: report latency for each error is false and specific error codes to track for latency are: []
DBWrapper: report latency for each error is false and specific error codes to track for latency are: []
DBWrapper: report latency for each error is false and specific error codes to track for latency are: []
DBWrapper: report latency for each error is false and specific error codes to track for latency are: []
DBWrapper: report latency for each error is false and specific error codes to track for latency are: []
DBWrapper: report latency for each error is false and specific error codes to track for latency are: []
DBWrapper: report latency for each error is false and specific error codes to track for latency are: []
DBWrapper: report latency for each error is false and specific error codes to track for latency are: []
DBWrapper: report latency for each error is false and specific error codes to track for latency are: []
DBWrapper: report latency for each error is false and specific error codes to track for latency are: []
DBWrapper: report latency for each error is false and specific error codes to track for latency are: []
DBWrapper: report latency for each error is false and specific error codes to track for latency are: []
DBWrapper: report latency for each error is false and specific error codes to track for latency are: []
DBWrapper: report latency for each error is false and specific error codes to track for latency are: []
DBWrapper: report latency for each error is false and specific error codes to track for latency are: []
DBWrapper: report latency for each error is false and specific error codes to track for latency are: []
DBWrapper: report latency for each error is false and specific error codes to track for latency are: []
DBWrapper: report latency for each error is false and specific error codes to track for latency are: []
DBWrapper: report latency for each error is false and specific error codes to track for latency are: []
DBWrapper: report latency for each error is false and specific error codes to track for latency are: []
DBWrapper: report latency for each error is false and specific error codes to track for latency are: []
DBWrapper: report latency for each error is false and specific error codes to track for latency are: []
DBWrapper: report latency for each error is false and specific error codes to track for latency are: []
DBWrapper: report latency for each error is false and specific error codes to track for latency are: []
DBWrapper: report latency for each error is false and specific error codes to track for latency are: []
DBWrapper: report latency for each error is false and specific error codes to track for latency are: []
DBWrapper: report latency for each error is false and specific error codes to track for latency are: []
DBWrapper: report latency for each error is false and specific error codes to track for latency are: []
DBWrapper: report latency for each error is false and specific error codes to track for latency are: []
DBWrapper: report latency for each error is false and specific error codes to track for latency are: []
DBWrapper: report latency for each error is false and specific error codes to track for latency are: []
DBWrapper: report latency for each error is false and specific error codes to track for latency are: []
DBWrapper: report latency for each error is false and specific error codes to track for latency are: []
DBWrapper: report latency for each error is false and specific error codes to track for latency are: []
DBWrapper: report latency for each error is false and specific error codes to track for latency are: []
DBWrapper: report latency for each error is false and specific error codes to track for latency are: []
DBWrapper: report latency for each error is false and specific error codes to track for latency are: []
DBWrapper: report latency for each error is false and specific error codes to track for latency are: []
DBWrapper: report latency for each error is false and specific error codes to track for latency are: []
DBWrapper: report latency for each error is false and specific error codes to track for latency are: []
DBWrapper: report latency for each error is false and specific error codes to track for latency are: []
DBWrapper: report latency for each error is false and specific error codes to track for latency are: []
DBWrapper: report latency for each error is false and specific error codes to track for latency are: []
DBWrapper: report latency for each error is false and specific error codes to track for latency are: []
DBWrapper: report latency for each error is false and specific error codes to track for latency are: []
DBWrapper: report latency for each error is false and specific error codes to track for latency are: []
DBWrapper: report latency for each error is false and specific error codes to track for latency are: []
DBWrapper: report latency for each error is false and specific error codes to track for latency are: []
DBWrapper: report latency for each error is false and specific error codes to track for latency are: []
DBWrapper: report latency for each error is false and specific error codes to track for latency are: []
DBWrapper: report latency for each error is false and specific error codes to track for latency are: []
DBWrapper: report latency for each error is false and specific error codes to track for latency are: []
DBWrapper: report latency for each error is false and specific error codes to track for latency are: []
DBWrapper: report latency for each error is false and specific error codes to track for latency are: []
DBWrapper: report latency for each error is false and specific error codes to track for latency are: []
DBWrapper: report latency for each error is false and specific error codes to track for latency are: []
DBWrapper: report latency for each error is false and specific error codes to track for latency are: []
DBWrapper: report latency for each error is false and specific error codes to track for latency are: []
DBWrapper: report latency for each error is false and specific error codes to track for latency are: []
DBWrapper: report latency for each error is false and specific error codes to track for latency are: []
DBWrapper: report latency for each error is false and specific error codes to track for latency are: []
DBWrapper: report latency for each error is false and specific error codes to track for latency are: []
DBWrapper: report latency for each error is false and specific error codes to track for latency are: []
DBWrapper: report latency for each error is false and specific error codes to track for latency are: []
DBWrapper: report latency for each error is false and specific error codes to track for latency are: []
DBWrapper: report latency for each error is false and specific error codes to track for latency are: []
DBWrapper: report latency for each error is false and specific error codes to track for latency are: []
DBWrapper: report latency for each error is false and specific error codes to track for latency are: []
DBWrapper: report latency for each error is false and specific error codes to track for latency are: []
DBWrapper: report latency for each error is false and specific error codes to track for latency are: []
DBWrapper: report latency for each error is false and specific error codes to track for latency are: []
DBWrapper: report latency for each error is false and specific error codes to track for latency are: []
DBWrapper: report latency for each error is false and specific error codes to track for latency are: []
DBWrapper: report latency for each error is false and specific error codes to track for latency are: []
DBWrapper: report latency for each error is false and specific error codes to track for latency are: []
DBWrapper: report latency for each error is false and specific error codes to track for latency are: []
DBWrapper: report latency for each error is false and specific error codes to track for latency are: []
DBWrapper: report latency for each error is false and specific error codes to track for latency are: []
DBWrapper: report latency for each error is false and specific error codes to track for latency are: []
DBWrapper: report latency for each error is false and specific error codes to track for latency are: []
DBWrapper: report latency for each error is false and specific error codes to track for latency are: []
DBWrapper: report latency for each error is false and specific error codes to track for latency are: []
DBWrapper: report latency for each error is false and specific error codes to track for latency are: []
DBWrapper: report latency for each error is false and specific error codes to track for latency are: []
DBWrapper: report latency for each error is false and specific error codes to track for latency are: []
DBWrapper: report latency for each error is false and specific error codes to track for latency are: []
DBWrapper: report latency for each error is false and specific error codes to track for latency are: []
DBWrapper: report latency for each error is false and specific error codes to track for latency are: []
DBWrapper: report latency for each error is false and specific error codes to track for latency are: []
DBWrapper: report latency for each error is false and specific error codes to track for latency are: []
DBWrapper: report latency for each error is false and specific error codes to track for latency are: []
DBWrapper: report latency for each error is false and specific error codes to track for latency are: []
DBWrapper: report latency for each error is false and specific error codes to track for latency are: []
DBWrapper: report latency for each error is false and specific error codes to track for latency are: []
DBWrapper: report latency for each error is false and specific error codes to track for latency are: []
DBWrapper: report latency for each error is false and specific error codes to track for latency are: []
DBWrapper: report latency for each error is false and specific error codes to track for latency are: []
DBWrapper: report latency for each error is false and specific error codes to track for latency are: []
DBWrapper: report latency for each error is false and specific error codes to track for latency are: []
DBWrapper: report latency for each error is false and specific error codes to track for latency are: []
DBWrapper: report latency for each error is false and specific error codes to track for latency are: []
DBWrapper: report latency for each error is false and specific error codes to track for latency are: []
DBWrapper: report latency for each error is false and specific error codes to track for latency are: []
DBWrapper: report latency for each error is false and specific error codes to track for latency are: []
DBWrapper: report latency for each error is false and specific error codes to track for latency are: []
DBWrapper: report latency for each error is false and specific error codes to track for latency are: []
DBWrapper: report latency for each error is false and specific error codes to track for latency are: []
DBWrapper: report latency for each error is false and specific error codes to track for latency are: []
DBWrapper: report latency for each error is false and specific error codes to track for latency are: []
DBWrapper: report latency for each error is false and specific error codes to track for latency are: []
DBWrapper: report latency for each error is false and specific error codes to track for latency are: []
DBWrapper: report latency for each error is false and specific error codes to track for latency are: []
DBWrapper: report latency for each error is false and specific error codes to track for latency are: []
DBWrapper: report latency for each error is false and specific error codes to track for latency are: []
DBWrapper: report latency for each error is false and specific error codes to track for latency are: []
DBWrapper: report latency for each error is false and specific error codes to track for latency are: []
DBWrapper: report latency for each error is false and specific error codes to track for latency are: []
DBWrapper: report latency for each error is false and specific error codes to track for latency are: []
DBWrapper: report latency for each error is false and specific error codes to track for latency are: []
DBWrapper: report latency for each error is false and specific error codes to track for latency are: []
DBWrapper: report latency for each error is false and specific error codes to track for latency are: []
DBWrapper: report latency for each error is false and specific error codes to track for latency are: []
DBWrapper: report latency for each error is false and specific error codes to track for latency are: []
DBWrapper: report latency for each error is false and specific error codes to track for latency are: []
DBWrapper: report latency for each error is false and specific error codes to track for latency are: []
DBWrapper: report latency for each error is false and specific error codes to track for latency are: []
DBWrapper: report latency for each error is false and specific error codes to track for latency are: []
DBWrapper: report latency for each error is false and specific error codes to track for latency are: []
DBWrapper: report latency for each error is false and specific error codes to track for latency are: []
DBWrapper: report latency for each error is false and specific error codes to track for latency are: []
DBWrapper: report latency for each error is false and specific error codes to track for latency are: []
DBWrapper: report latency for each error is false and specific error codes to track for latency are: []
DBWrapper: report latency for each error is false and specific error codes to track for latency are: []
DBWrapper: report latency for each error is false and specific error codes to track for latency are: []
DBWrapper: report latency for each error is false and specific error codes to track for latency are: []
DBWrapper: report latency for each error is false and specific error codes to track for latency are: []
DBWrapper: report latency for each error is false and specific error codes to track for latency are: []
DBWrapper: report latency for each error is false and specific error codes to track for latency are: []
DBWrapper: report latency for each error is false and specific error codes to track for latency are: []
DBWrapper: report latency for each error is false and specific error codes to track for latency are: []
DBWrapper: report latency for each error is false and specific error codes to track for latency are: []
DBWrapper: report latency for each error is false and specific error codes to track for latency are: []
DBWrapper: report latency for each error is false and specific error codes to track for latency are: []
DBWrapper: report latency for each error is false and specific error codes to track for latency are: []
DBWrapper: report latency for each error is false and specific error codes to track for latency are: []
DBWrapper: report latency for each error is false and specific error codes to track for latency are: []
DBWrapper: report latency for each error is false and specific error codes to track for latency are: []
DBWrapper: report latency for each error is false and specific error codes to track for latency are: []
DBWrapper: report latency for each error is false and specific error codes to track for latency are: []
DBWrapper: report latency for each error is false and specific error codes to track for latency are: []
2020-09-10 12:19:54:197 10 sec: 5496 operations; 548.56 current ops/sec; est completion in 5 hours 3 minutes [READ: Count=2748, Max=1512447, Min=4, Avg=116446.5, 90=296703, 99=805887, 99.9=1476607, 99.99=1512447] [UPDATE: Count=2966, Max=1657855, Min=12, Avg=116538.45, 90=295423, 99=845823, 99.9=1570815, 99.99=1657855] [READ-FAILED: Count=5, Max=230911, Min=2616, Avg=81247.8, 90=230911, 99=230911, 99.9=230911, 99.99=230911] 
DBWrapper: report latency for each error is false and specific error codes to track for latency are: []
DBWrapper: report latency for each error is false and specific error codes to track for latency are: []
DBWrapper: report latency for each error is false and specific error codes to track for latency are: []
DBWrapper: report latency for each error is false and specific error codes to track for latency are: []
DBWrapper: report latency for each error is false and specific error codes to track for latency are: []
DBWrapper: report latency for each error is false and specific error codes to track for latency are: []
DBWrapper: report latency for each error is false and specific error codes to track for latency are: []
DBWrapper: report latency for each error is false and specific error codes to track for latency are: []
DBWrapper: report latency for each error is false and specific error codes to track for latency are: []
DBWrapper: report latency for each error is false and specific error codes to track for latency are: []
DBWrapper: report latency for each error is false and specific error codes to track for latency are: []
DBWrapper: report latency for each error is false and specific error codes to track for latency are: []
DBWrapper: report latency for each error is false and specific error codes to track for latency are: []
DBWrapper: report latency for each error is false and specific error codes to track for latency are: []
DBWrapper: report latency for each error is false and specific error codes to track for latency are: []
DBWrapper: report latency for each error is false and specific error codes to track for latency are: []
DBWrapper: report latency for each error is false and specific error codes to track for latency are: []
DBWrapper: report latency for each error is false and specific error codes to track for latency are: []
DBWrapper: report latency for each error is false and specific error codes to track for latency are: []
DBWrapper: report latency for each error is false and specific error codes to track for latency are: []
DBWrapper: report latency for each error is false and specific error codes to track for latency are: []
DBWrapper: report latency for each error is false and specific error codes to track for latency are: []
DBWrapper: report latency for each error is false and specific error codes to track for latency are: []
DBWrapper: report latency for each error is false and specific error codes to track for latency are: []
DBWrapper: report latency for each error is false and specific error codes to track for latency are: []
DBWrapper: report latency for each error is false and specific error codes to track for latency are: []
DBWrapper: report latency for each error is false and specific error codes to track for latency are: []
DBWrapper: report latency for each error is false and specific error codes to track for latency are: []
DBWrapper: report latency for each error is false and specific error codes to track for latency are: []
DBWrapper: report latency for each error is false and specific error codes to track for latency are: []
DBWrapper: report latency for each error is false and specific error codes to track for latency are: []
DBWrapper: report latency for each error is false and specific error codes to track for latency are: []
DBWrapper: report latency for each error is false and specific error codes to track for latency are: []
DBWrapper: report latency for each error is false and specific error codes to track for latency are: []
DBWrapper: report latency for each error is false and specific error codes to track for latency are: []
DBWrapper: report latency for each error is false and specific error codes to track for latency are: []
DBWrapper: report latency for each error is false and specific error codes to track for latency are: []
DBWrapper: report latency for each error is false and specific error codes to track for latency are: []
DBWrapper: report latency for each error is false and specific error codes to track for latency are: []
DBWrapper: report latency for each error is false and specific error codes to track for latency are: []
DBWrapper: report latency for each error is false and specific error codes to track for latency are: []
DBWrapper: report latency for each error is false and specific error codes to track for latency are: []
DBWrapper: report latency for each error is false and specific error codes to track for latency are: []
DBWrapper: report latency for each error is false and specific error codes to track for latency are: []
DBWrapper: report latency for each error is false and specific error codes to track for latency are: []
DBWrapper: report latency for each error is false and specific error codes to track for latency are: []
DBWrapper: report latency for each error is false and specific error codes to track for latency are: []
DBWrapper: report latency for each error is false and specific error codes to track for latency are: []
DBWrapper: report latency for each error is false and specific error codes to track for latency are: []
DBWrapper: report latency for each error is false and specific error codes to track for latency are: []
DBWrapper: report latency for each error is false and specific error codes to track for latency are: []
DBWrapper: report latency for each error is false and specific error codes to track for latency are: []
DBWrapper: report latency for each error is false and specific error codes to track for latency are: []
DBWrapper: report latency for each error is false and specific error codes to track for latency are: []
DBWrapper: report latency for each error is false and specific error codes to track for latency are: []
DBWrapper: report latency for each error is false and specific error codes to track for latency are: []
DBWrapper: report latency for each error is false and specific error codes to track for latency are: []
DBWrapper: report latency for each error is false and specific error codes to track for latency are: []
DBWrapper: report latency for each error is false and specific error codes to track for latency are: []
DBWrapper: report latency for each error is false and specific error codes to track for latency are: []
DBWrapper: report latency for each error is false and specific error codes to track for latency are: []
DBWrapper: report latency for each error is false and specific error codes to track for latency are: []
DBWrapper: report latency for each error is false and specific error codes to track for latency are: []
2020-09-10 12:20:04:170 20 sec: 24955 operations; 1949.02 current ops/sec; est completion in 2 hours 13 minutes [READ: Count=9673, Max=1440767, Min=1, Avg=92360.12, 90=252287, 99=754687, 99.9=1117183, 99.99=1440767] [UPDATE: Count=9611, Max=1382399, Min=2, Avg=88631.21, 90=241663, 99=765951, 99.9=1151999, 99.99=1380351] [READ-FAILED: Count=7, Max=226687, Min=2846, Avg=41080.57, 90=24271, 99=226687, 99.9=226687, 99.99=226687] 
DBWrapper: report latency for each error is false and specific error codes to track for latency are: []
DBWrapper: report latency for each error is false and specific error codes to track for latency are: []
DBWrapper: report latency for each error is false and specific error codes to track for latency are: []
DBWrapper: report latency for each error is false and specific error codes to track for latency are: []
DBWrapper: report latency for each error is false and specific error codes to track for latency are: []
DBWrapper: report latency for each error is false and specific error codes to track for latency are: []
DBWrapper: report latency for each error is false and specific error codes to track for latency are: []
DBWrapper: report latency for each error is false and specific error codes to track for latency are: []
DBWrapper: report latency for each error is false and specific error codes to track for latency are: []
DBWrapper: report latency for each error is false and specific error codes to track for latency are: []
DBWrapper: report latency for each error is false and specific error codes to track for latency are: []
DBWrapper: report latency for each error is false and specific error codes to track for latency are: []
DBWrapper: report latency for each error is false and specific error codes to track for latency are: []
DBWrapper: report latency for each error is false and specific error codes to track for latency are: []
DBWrapper: report latency for each error is false and specific error codes to track for latency are: []
DBWrapper: report latency for each error is false and specific error codes to track for latency are: []
DBWrapper: report latency for each error is false and specific error codes to track for latency are: []
DBWrapper: report latency for each error is false and specific error codes to track for latency are: []
DBWrapper: report latency for each error is false and specific error codes to track for latency are: []
DBWrapper: report latency for each error is false and specific error codes to track for latency are: []
DBWrapper: report latency for each error is false and specific error codes to track for latency are: []
DBWrapper: report latency for each error is false and specific error codes to track for latency are: []
2020-09-10 12:20:14:167 30 sec: 63518 operations; 3857.46 current ops/sec; est completion in 1 hour 18 minutes [READ: Count=19255, Max=2263039, Min=0, Avg=59470.88, 90=128127, 99=791039, 99.9=1478655, 99.99=2014207] [UPDATE: Count=19262, Max=2021375, Min=1, Avg=61516.67, 90=136959, 99=827391, 99.9=1504255, 99.99=1799167] [READ-FAILED: Count=12, Max=10495, Min=2846, Avg=6131.5, 90=9991, 99=10495, 99.9=10495, 99.99=10495] 
DBWrapper: report latency for each error is false and specific error codes to track for latency are: []
DBWrapper: report latency for each error is false and specific error codes to track for latency are: []
DBWrapper: report latency for each error is false and specific error codes to track for latency are: []
DBWrapper: report latency for each error is false and specific error codes to track for latency are: []
DBWrapper: report latency for each error is false and specific error codes to track for latency are: []
DBWrapper: report latency for each error is false and specific error codes to track for latency are: []
DBWrapper: report latency for each error is false and specific error codes to track for latency are: []
DBWrapper: report latency for each error is false and specific error codes to track for latency are: []
DBWrapper: report latency for each error is false and specific error codes to track for latency are: []
DBWrapper: report latency for each error is false and specific error codes to track for latency are: []
DBWrapper: report latency for each error is false and specific error codes to track for latency are: []
DBWrapper: report latency for each error is false and specific error codes to track for latency are: []
DBWrapper: report latency for each error is false and specific error codes to track for latency are: []
DBWrapper: report latency for each error is false and specific error codes to track for latency are: []
DBWrapper: report latency for each error is false and specific error codes to track for latency are: []
2020-09-10 12:20:24:167 40 sec: 115875 operations; 5235.7 current ops/sec; est completion in 56 minutes [READ: Count=26220, Max=2985983, Min=1, Avg=44994.74, 90=94847, 99=588287, 99.9=1553407, 99.99=2826239] [UPDATE: Count=26104, Max=2926591, Min=2, Avg=48406.88, 90=99135, 99=632319, 99.9=1692671, 99.99=2850815] [READ-FAILED: Count=19, Max=129407, Min=2652, Avg=14751.37, 90=28287, 99=129407, 99.9=129407, 99.99=129407] 
2020-09-10 12:20:34:167 50 sec: 179560 operations; 6368.5 current ops/sec; est completion in 45 minutes [READ: Count=31586, Max=2529279, Min=0, Avg=39367.32, 90=76415, 99=584703, 99.9=1626111, 99.99=2437119] [UPDATE: Count=32075, Max=2541567, Min=1, Avg=43227, 90=80383, 99=653311, 99.9=1683455, 99.99=2494463] [READ-FAILED: Count=20, Max=14791, Min=2152, Avg=6121.05, 90=11463, 99=14791, 99.9=14791, 99.99=14791] 
2020-09-10 12:20:44:167 60 sec: 232129 operations; 5256.9 current ops/sec; est completion in 42 minutes [READ: Count=26492, Max=1855487, Min=0, Avg=45148.79, 90=93439, 99=639487, 99.9=1513471, 99.99=1743871] [UPDATE: Count=26086, Max=1876991, Min=1, Avg=49729.99, 90=99071, 99=737791, 99.9=1598463, 99.99=1846271] [READ-FAILED: Count=13, Max=16815, Min=2022, Avg=7632.77, 90=14359, 99=16815, 99.9=16815, 99.99=16815] 
DBWrapper: report latency for each error is false and specific error codes to track for latency are: []
2020-09-10 12:20:54:167 70 sec: 282838 operations; 5070.9 current ops/sec; est completion in 40 minutes [READ: Count=25492, Max=2131967, Min=0, Avg=47754.59, 90=92479, 99=708607, 99.9=1491967, 99.99=1885183] [UPDATE: Count=25188, Max=2410495, Min=0, Avg=55366.39, 90=104703, 99=835583, 99.9=1682431, 99.99=2187263] [READ-FAILED: Count=18, Max=38879, Min=2058, Avg=8585.44, 90=16239, 99=38879, 99.9=38879, 99.99=38879] 
2020-09-10 12:21:04:167 80 sec: 336214 operations; 5337.6 current ops/sec; est completion in 38 minutes [READ: Count=26716, Max=2445311, Min=1, Avg=44936.55, 90=92031, 99=630271, 99.9=1381375, 99.99=1998847] [UPDATE: Count=26643, Max=2258943, Min=1, Avg=49889.39, 90=99967, 99=754175, 99.9=1521663, 99.99=2228223] [READ-FAILED: Count=19, Max=18479, Min=2116, Avg=6658.47, 90=11391, 99=18479, 99.9=18479, 99.99=18479] 
2020-09-10 12:21:14:167 90 sec: 386626 operations; 5041.2 current ops/sec; est completion in 37 minutes [READ: Count=25274, Max=3153919, Min=0, Avg=47838.25, 90=94783, 99=635903, 99.9=1826815, 99.99=2961407] [UPDATE: Count=25119, Max=3063807, Min=0, Avg=53533.16, 90=104639, 99=724479, 99.9=2109439, 99.99=3028991] [READ-FAILED: Count=17, Max=11791, Min=2064, Avg=5556.06, 90=10439, 99=11791, 99.9=11791, 99.99=11791] 
2020-09-10 12:21:24:167 100 sec: 437229 operations; 5060.3 current ops/sec; est completion in 36 minutes [READ: Count=25349, Max=2803711, Min=0, Avg=50822.47, 90=90047, 99=837119, 99.9=1941503, 99.99=2660351] [UPDATE: Count=25295, Max=2793471, Min=1, Avg=52999.64, 90=93951, 99=939519, 99.9=2032639, 99.99=2742271] [READ-FAILED: Count=19, Max=54431, Min=2003, Avg=8811.63, 90=11855, 99=54431, 99.9=54431, 99.99=54431] 
2020-09-10 12:21:34:167 110 sec: 490343 operations; 5311.4 current ops/sec; est completion in 35 minutes [READ: Count=26510, Max=1674239, Min=0, Avg=47237.92, 90=102207, 99=656895, 99.9=1332223, 99.99=1553407] [UPDATE: Count=26519, Max=1766399, Min=1, Avg=47578.44, 90=103807, 99=658431, 99.9=1327103, 99.99=1524735] [READ-FAILED: Count=15, Max=64671, Min=1461, Avg=12193, 90=30303, 99=64671, 99.9=64671, 99.99=64671] 
2020-09-10 12:21:44:167 120 sec: 543742 operations; 5339.9 current ops/sec; est completion in 34 minutes [READ: Count=26978, Max=1933311, Min=0, Avg=45850.52, 90=97663, 99=613375, 99.9=1331199, 99.99=1918975] [UPDATE: Count=26406, Max=1940479, Min=1, Avg=49750.12, 90=105471, 99=666111, 99.9=1332223, 99.99=1863679] [READ-FAILED: Count=13, Max=38271, Min=2382, Avg=10635.23, 90=21663, 99=38271, 99.9=38271, 99.99=38271] 
2020-09-10 12:21:54:168 130 sec: 600327 operations; 5658.5 current ops/sec; est completion in 33 minutes [READ: Count=28243, Max=3088383, Min=0, Avg=44338.59, 90=91519, 99=605183, 99.9=1370111, 99.99=1871871] [UPDATE: Count=28362, Max=1916927, Min=1, Avg=46864.03, 90=97663, 99=663039, 99.9=1444863, 99.99=1777663] [READ-FAILED: Count=16, Max=18431, Min=1924, Avg=7477.31, 90=11135, 99=18431, 99.9=18431, 99.99=18431] 
2020-09-10 12:22:04:167 140 sec: 654844 operations; 5451.7 current ops/sec; est completion in 33 minutes [READ: Count=27327, Max=1735679, Min=0, Avg=43936.13, 90=96511, 99=603135, 99.9=1227775, 99.99=1549311] [UPDATE: Count=27150, Max=1697791, Min=1, Avg=48758.58, 90=104255, 99=647679, 99.9=1363967, 99.99=1543167] [READ-FAILED: Count=14, Max=37151, Min=1819, Avg=8087, 90=10783, 99=37151, 99.9=37151, 99.99=37151] 
2020-09-10 12:22:14:167 150 sec: 708268 operations; 5342.4 current ops/sec; est completion in 32 minutes [READ: Count=26728, Max=2897919, Min=1, Avg=45752.44, 90=89919, 99=645631, 99.9=1580031, 99.99=2433023] [UPDATE: Count=26680, Max=2975743, Min=2, Avg=51424.02, 90=96511, 99=802815, 99.9=1896447, 99.99=2637823] [READ-FAILED: Count=12, Max=19679, Min=2164, Avg=7946.75, 90=14407, 99=19679, 99.9=19679, 99.99=19679] 
2020-09-10 12:22:24:167 160 sec: 763058 operations; 5479 current ops/sec; est completion in 32 minutes [READ: Count=27326, Max=2076671, Min=1, Avg=44553.61, 90=89663, 99=624639, 99.9=1539071, 99.99=1947647] [UPDATE: Count=27452, Max=2089983, Min=1, Avg=49298.18, 90=97407, 99=725503, 99.9=1779711, 99.99=1949695] [READ-FAILED: Count=16, Max=17135, Min=2438, Avg=6653.12, 90=8375, 99=17135, 99.9=17135, 99.99=17135] 
2020-09-10 12:22:34:167 170 sec: 815647 operations; 5258.9 current ops/sec; est completion in 31 minutes [READ: Count=26327, Max=2914303, Min=1, Avg=45385.35, 90=98815, 99=612351, 99.9=1771519, 99.99=2383871] [UPDATE: Count=26250, Max=2469887, Min=1, Avg=50014.65, 90=105023, 99=689663, 99.9=1815551, 99.99=2303999] [READ-FAILED: Count=12, Max=20623, Min=2013, Avg=6502.17, 90=8167, 99=20623, 99.9=20623, 99.99=20623] 
2020-09-10 12:22:44:167 180 sec: 868683 operations; 5303.6 current ops/sec; est completion in 31 minutes [READ: Count=26417, Max=2310143, Min=1, Avg=47249.23, 90=83839, 99=758271, 99.9=1753087, 99.99=2170879] [UPDATE: Count=26612, Max=2414591, Min=2, Avg=51096.18, 90=91647, 99=872447, 99.9=1824767, 99.99=2312191] [READ-FAILED: Count=16, Max=26383, Min=2230, Avg=8394.62, 90=14079, 99=26383, 99.9=26383, 99.99=26383] 
2020-09-10 12:22:54:167 190 sec: 923444 operations; 5476.1 current ops/sec; est completion in 31 minutes [READ: Count=27362, Max=1688575, Min=0, Avg=44393.49, 90=95743, 99=591871, 99.9=1166335, 99.99=1364991] [UPDATE: Count=27377, Max=1794047, Min=2, Avg=47713.42, 90=101503, 99=633855, 99.9=1193983, 99.99=1569791] [READ-FAILED: Count=14, Max=14071, Min=1628, Avg=6508.29, 90=10823, 99=14071, 99.9=14071, 99.99=14071] 
2020-09-10 12:23:04:167 200 sec: 978983 operations; 5553.9 current ops/sec; est completion in 30 minutes [READ: Count=27897, Max=2058239, Min=0, Avg=44199.17, 90=89983, 99=608767, 99.9=1519615, 99.99=2022399] [UPDATE: Count=27617, Max=2183167, Min=1, Avg=46608.03, 90=94911, 99=643071, 99.9=1483775, 99.99=1852415] [READ-FAILED: Count=15, Max=57631, Min=1751, Avg=11103.13, 90=27183, 99=57631, 99.9=57631, 99.99=57631] 
2020-09-10 12:23:14:167 210 sec: 1038488 operations; 5950.5 current ops/sec; est completion in 30 minutes [READ: Count=29846, Max=2248703, Min=0, Avg=41528.94, 90=90495, 99=576511, 99.9=1411071, 99.99=2199551] [UPDATE: Count=29645, Max=2279423, Min=1, Avg=45394.33, 90=99391, 99=624127, 99.9=1531903, 99.99=2205695] [READ-FAILED: Count=13, Max=43487, Min=2024, Avg=10771, 90=29663, 99=43487, 99.9=43487, 99.99=43487] 
2020-09-10 12:23:24:167 220 sec: 1091102 operations; 5261.4 current ops/sec; est completion in 29 minutes [READ: Count=26128, Max=2002943, Min=0, Avg=48370.18, 90=98431, 99=705535, 99.9=1612799, 99.99=1922047] [UPDATE: Count=26473, Max=2000895, Min=1, Avg=50852.22, 90=101951, 99=772095, 99.9=1668095, 99.99=1913855] [READ-FAILED: Count=20, Max=43679, Min=2506, Avg=11412.2, 90=24847, 99=43679, 99.9=43679, 99.99=43679] 
2020-09-10 12:23:34:167 230 sec: 1141130 operations; 5002.8 current ops/sec; est completion in 29 minutes [READ: Count=25133, Max=2285567, Min=0, Avg=47255.73, 90=96767, 99=648703, 99.9=1476607, 99.99=1801215] [UPDATE: Count=24890, Max=2285567, Min=0, Avg=52108.16, 90=108095, 99=749567, 99.9=1551359, 99.99=1987583] [READ-FAILED: Count=10, Max=16911, Min=2100, Avg=5738, 90=13799, 99=16911, 99.9=16911, 99.99=16911] 
2020-09-10 12:23:44:166 240 sec: 1185873 operations; 4474.3 current ops/sec; est completion in 29 minutes [READ: Count=22341, Max=2664447, Min=0, Avg=55201.19, 90=89151, 99=856575, 99.9=2168831, 99.99=2547711] [UPDATE: Count=22389, Max=2750463, Min=1, Avg=62459.57, 90=107839, 99=1050623, 99.9=2258943, 99.99=2609151] [READ-FAILED: Count=3, Max=9775, Min=3178, Avg=5865.67, 90=9775, 99=9775, 99.9=9775, 99.99=9775] 
2020-09-10 12:23:54:167 250 sec: 1233403 operations; 4753 current ops/sec; est completion in 29 minutes [READ: Count=23661, Max=2414591, Min=1, Avg=49347.3, 90=84799, 99=749567, 99.9=1726463, 99.99=2019327] [UPDATE: Count=23890, Max=2156543, Min=1, Avg=56778.04, 90=97919, 99=928767, 99.9=1821695, 99.99=2097151] [READ-FAILED: Count=6, Max=17135, Min=4172, Avg=10338, 90=16975, 99=17135, 99.9=17135, 99.99=17135] 
2020-09-10 12:24:04:168 260 sec: 1281043 operations; 4764 current ops/sec; est completion in 29 minutes [READ: Count=23849, Max=2303999, Min=0, Avg=50701.27, 90=86655, 99=820735, 99.9=1851391, 99.99=2148351] [UPDATE: Count=23772, Max=2428927, Min=1, Avg=56845.11, 90=95231, 99=952319, 99.9=1916927, 99.99=2177023] [READ-FAILED: Count=10, Max=98815, Min=2542, Avg=16998, 90=27279, 99=98815, 99.9=98815, 99.99=98815] 
2020-09-10 12:24:14:167 270 sec: 1337927 operations; 5688.4 current ops/sec; est completion in 29 minutes [READ: Count=28331, Max=2115583, Min=0, Avg=44148.16, 90=81983, 99=648191, 99.9=1583103, 99.99=2053119] [UPDATE: Count=28531, Max=2215935, Min=3, Avg=47465.14, 90=84607, 99=761343, 99.9=1567743, 99.99=2089983] [READ-FAILED: Count=13, Max=20159, Min=2130, Avg=6620.23, 90=9063, 99=20159, 99.9=20159, 99.99=20159] 
2020-09-10 12:24:24:167 280 sec: 1388261 operations; 5033.4 current ops/sec; est completion in 28 minutes [READ: Count=25226, Max=2242559, Min=1, Avg=47656.14, 90=91199, 99=714751, 99.9=1629183, 99.99=2172927] [UPDATE: Count=25098, Max=2361343, Min=1, Avg=53937.78, 90=101247, 99=847871, 99.9=1903615, 99.99=2283519] [READ-FAILED: Count=10, Max=15319, Min=2306, Avg=7916.1, 90=15111, 99=15319, 99.9=15319, 99.99=15319] 
2020-09-10 12:24:34:168 290 sec: 1441573 operations; 5330.13 current ops/sec; est completion in 28 minutes [READ: Count=26554, Max=2818047, Min=0, Avg=46106.82, 90=88383, 99=651263, 99.9=1845247, 99.99=2740223] [UPDATE: Count=26742, Max=2975743, Min=1, Avg=49062.6, 90=92671, 99=702463, 99.9=1963007, 99.99=2744319] [READ-FAILED: Count=12, Max=26303, Min=2033, Avg=7328.5, 90=11343, 99=26303, 99.9=26303, 99.99=26303] 
2020-09-10 12:24:44:167 300 sec: 1494015 operations; 5245.25 current ops/sec; est completion in 28 minutes [READ: Count=26390, Max=2177023, Min=0, Avg=46222.06, 90=96127, 99=656895, 99.9=1419263, 99.99=1772543] [UPDATE: Count=26042, Max=1837055, Min=1, Avg=48511.85, 90=102847, 99=688639, 99.9=1338367, 99.99=1718271] [READ-FAILED: Count=16, Max=47199, Min=2312, Avg=7385.56, 90=9487, 99=47199, 99.9=47199, 99.99=47199] 
Maximum time elapsed. Requesting stop for the workload.
Stop requested for workload. Now Joining!
[36m12:24:44.913[m [[34;1mINFO[m] [1;34mp.u.t.s.y.Stats.clientFinished@38[m: 
Ended SconeKV benchmark.
Number of clients: 256
Total transactions: 297490
Committed: 177979 (59.826885%)
Aborted: 119511 (40.173115%)
2020-09-10 12:24:44:919 300 sec: 1494994 operations; 1305.33 current ops/sec; est completion in 28 minutes [READ: Count=481, Max=2328575, Min=1, Avg=174736.75, 90=733695, 99=1444863, 99.9=2328575, 99.99=2328575] [CLEANUP: Count=256, Max=2815, Min=3, Avg=17.18, 90=6, 99=30, 99.9=2815, 99.99=2815] [UPDATE: Count=483, Max=1653759, Min=4, Avg=233111.9, 90=950783, 99=1526783, 99.9=1653759, 99.99=1653759] [READ-FAILED: Count=0, Max=0, Min=9223372036854775807, Avg=NaN, 90=0, 99=0, 99.9=0, 99.99=0] 
[OVERALL], RunTime(ms), 300740
[OVERALL], Throughput(ops/sec), 4971.051406530558
[TOTAL_GCS_G1_Young_Generation], Count, 148
[TOTAL_GC_TIME_G1_Young_Generation], Time(ms), 3811
[TOTAL_GC_TIME_%_G1_Young_Generation], Time(%), 1.2672075546984105
[TOTAL_GCS_G1_Old_Generation], Count, 0
[TOTAL_GC_TIME_G1_Old_Generation], Time(ms), 0
[TOTAL_GC_TIME_%_G1_Old_Generation], Time(%), 0.0
[TOTAL_GCs], Count, 148
[TOTAL_GC_TIME], Time(ms), 3811
[TOTAL_GC_TIME_%], Time(%), 1.2672075546984105
[READ], Operations, 747860
[READ], AverageLatency(us), 47399.769617308055
[READ], MinLatency(us), 0
[READ], MaxLatency(us), 3153919
[READ], 95thPercentileLatency(us), 211071
[READ], 99thPercentileLatency(us), 655871
[READ], Return=OK, 747860
[READ], Return=NOT_FOUND, 405
[CLEANUP], Operations, 256
[CLEANUP], AverageLatency(us), 17.17578125
[CLEANUP], MinLatency(us), 3
[CLEANUP], MaxLatency(us), 2815
[CLEANUP], 95thPercentileLatency(us), 14
[CLEANUP], 99thPercentileLatency(us), 30
[UPDATE], Operations, 746729
[UPDATE], AverageLatency(us), 51490.79723969472
[UPDATE], MinLatency(us), 0
[UPDATE], MaxLatency(us), 3063807
[UPDATE], 95thPercentileLatency(us), 248319
[UPDATE], 99thPercentileLatency(us), 748031
[UPDATE], Return=OK, 746729
[READ-FAILED], Operations, 405
[READ-FAILED], AverageLatency(us), 10085.520987654321
[READ-FAILED], MinLatency(us), 1461
[READ-FAILED], MaxLatency(us), 230911
[READ-FAILED], 95thPercentileLatency(us), 27183
[READ-FAILED], 99thPercentileLatency(us), 98815
