Command line: -t -db pt.ulisboa.tecnico.sconekv.ycsb.SconeKVClient -P workloadb -threads 64 -s -p scone.tx_size=5 -p operationcount=10000000 -p maxexecutiontime=300
YCSB Client 0.17.0

Loading workload...
Starting test.
WARNING: sun.reflect.Reflection.getCallerClass is not supported. This will impact performance.
2020-09-09 14:56:42:189 0 sec: 0 operations; est completion in 0 second 
Maximum execution time specified as: 300 secs
DBWrapper: report latency for each error is false and specific error codes to track for latency are: []
DBWrapper: report latency for each error is false and specific error codes to track for latency are: []
DBWrapper: report latency for each error is false and specific error codes to track for latency are: []
DBWrapper: report latency for each error is false and specific error codes to track for latency are: []
DBWrapper: report latency for each error is false and specific error codes to track for latency are: []
DBWrapper: report latency for each error is false and specific error codes to track for latency are: []
DBWrapper: report latency for each error is false and specific error codes to track for latency are: []
DBWrapper: report latency for each error is false and specific error codes to track for latency are: []
DBWrapper: report latency for each error is false and specific error codes to track for latency are: []
DBWrapper: report latency for each error is false and specific error codes to track for latency are: []
DBWrapper: report latency for each error is false and specific error codes to track for latency are: []
DBWrapper: report latency for each error is false and specific error codes to track for latency are: []
DBWrapper: report latency for each error is false and specific error codes to track for latency are: []
DBWrapper: report latency for each error is false and specific error codes to track for latency are: []
DBWrapper: report latency for each error is false and specific error codes to track for latency are: []
DBWrapper: report latency for each error is false and specific error codes to track for latency are: []
DBWrapper: report latency for each error is false and specific error codes to track for latency are: []
DBWrapper: report latency for each error is false and specific error codes to track for latency are: []
DBWrapper: report latency for each error is false and specific error codes to track for latency are: []
DBWrapper: report latency for each error is false and specific error codes to track for latency are: []
DBWrapper: report latency for each error is false and specific error codes to track for latency are: []
DBWrapper: report latency for each error is false and specific error codes to track for latency are: []
DBWrapper: report latency for each error is false and specific error codes to track for latency are: []
DBWrapper: report latency for each error is false and specific error codes to track for latency are: []
DBWrapper: report latency for each error is false and specific error codes to track for latency are: []
DBWrapper: report latency for each error is false and specific error codes to track for latency are: []
DBWrapper: report latency for each error is false and specific error codes to track for latency are: []
DBWrapper: report latency for each error is false and specific error codes to track for latency are: []
DBWrapper: report latency for each error is false and specific error codes to track for latency are: []
DBWrapper: report latency for each error is false and specific error codes to track for latency are: []
DBWrapper: report latency for each error is false and specific error codes to track for latency are: []
DBWrapper: report latency for each error is false and specific error codes to track for latency are: []
DBWrapper: report latency for each error is false and specific error codes to track for latency are: []
DBWrapper: report latency for each error is false and specific error codes to track for latency are: []
DBWrapper: report latency for each error is false and specific error codes to track for latency are: []
DBWrapper: report latency for each error is false and specific error codes to track for latency are: []
DBWrapper: report latency for each error is false and specific error codes to track for latency are: []
DBWrapper: report latency for each error is false and specific error codes to track for latency are: []
DBWrapper: report latency for each error is false and specific error codes to track for latency are: []
DBWrapper: report latency for each error is false and specific error codes to track for latency are: []
DBWrapper: report latency for each error is false and specific error codes to track for latency are: []
DBWrapper: report latency for each error is false and specific error codes to track for latency are: []
DBWrapper: report latency for each error is false and specific error codes to track for latency are: []
DBWrapper: report latency for each error is false and specific error codes to track for latency are: []
DBWrapper: report latency for each error is false and specific error codes to track for latency are: []
DBWrapper: report latency for each error is false and specific error codes to track for latency are: []
DBWrapper: report latency for each error is false and specific error codes to track for latency are: []
DBWrapper: report latency for each error is false and specific error codes to track for latency are: []
DBWrapper: report latency for each error is false and specific error codes to track for latency are: []
DBWrapper: report latency for each error is false and specific error codes to track for latency are: []
DBWrapper: report latency for each error is false and specific error codes to track for latency are: []
DBWrapper: report latency for each error is false and specific error codes to track for latency are: []
DBWrapper: report latency for each error is false and specific error codes to track for latency are: []
DBWrapper: report latency for each error is false and specific error codes to track for latency are: []
DBWrapper: report latency for each error is false and specific error codes to track for latency are: []
DBWrapper: report latency for each error is false and specific error codes to track for latency are: []
DBWrapper: report latency for each error is false and specific error codes to track for latency are: []
DBWrapper: report latency for each error is false and specific error codes to track for latency are: []
DBWrapper: report latency for each error is false and specific error codes to track for latency are: []
DBWrapper: report latency for each error is false and specific error codes to track for latency are: []
DBWrapper: report latency for each error is false and specific error codes to track for latency are: []
DBWrapper: report latency for each error is false and specific error codes to track for latency are: []
DBWrapper: report latency for each error is false and specific error codes to track for latency are: []
DBWrapper: report latency for each error is false and specific error codes to track for latency are: []
2020-09-09 14:56:52:189 10 sec: 10552 operations; 1054.99 current ops/sec; est completion in 2 hours 37 minutes [READ: Count=9991, Max=745983, Min=1, Avg=40011.78, 90=89023, 99=368127, 99.9=605183, 99.99=723967] [UPDATE: Count=577, Max=630271, Min=82, Avg=35472.21, 90=78463, 99=241407, 99.9=437759, 99.99=630271] [READ-FAILED: Count=9, Max=26463, Min=5776, Avg=14629.11, 90=22335, 99=26463, 99.9=26463, 99.99=26463] 
2020-09-09 14:57:02:187 20 sec: 42355 operations; 3180.62 current ops/sec; est completion in 1 hour 18 minutes [READ: Count=30156, Max=15089663, Min=0, Avg=19985.27, 90=34175, 99=521727, 99.9=711167, 99.99=1437695] [UPDATE: Count=1599, Max=1774591, Min=16, Avg=26000.31, 90=35935, 99=530431, 99.9=1080319, 99.99=1774591] [READ-FAILED: Count=28, Max=20863, Min=2290, Avg=6108.36, 90=13711, 99=20863, 99.9=20863, 99.99=20863] 
2020-09-09 14:57:12:187 30 sec: 80357 operations; 3800.2 current ops/sec; est completion in 1 hour 1 minute [READ: Count=36057, Max=1478655, Min=0, Avg=16485.15, 90=28831, 99=515327, 99.9=607743, 99.99=1283071] [UPDATE: Count=1915, Max=1442815, Min=21, Avg=22599.8, 90=29359, 99=530431, 99.9=1112063, 99.99=1442815] [READ-FAILED: Count=28, Max=14479, Min=1915, Avg=4357.68, 90=5819, 99=14479, 99.9=14479, 99.99=14479] 
2020-09-09 14:57:22:187 40 sec: 119132 operations; 3877.5 current ops/sec; est completion in 55 minutes [READ: Count=36850, Max=1575935, Min=0, Avg=16305.77, 90=29743, 99=486143, 99.9=583679, 99.99=1031167] [UPDATE: Count=1901, Max=1071103, Min=17, Avg=21261.77, 90=32383, 99=522239, 99.9=673791, 99.99=1071103] [READ-FAILED: Count=21, Max=30063, Min=2140, Avg=5745.33, 90=9007, 99=30063, 99.9=30063, 99.99=30063] 
2020-09-09 14:57:32:188 50 sec: 153742 operations; 3461 current ops/sec; est completion in 53 minutes [READ: Count=32839, Max=1606655, Min=0, Avg=18195.6, 90=32015, 99=520191, 99.9=685055, 99.99=1356799] [UPDATE: Count=1771, Max=1544191, Min=14, Avg=25021.04, 90=34367, 99=526847, 99.9=971775, 99.99=1544191] [READ-FAILED: Count=18, Max=13759, Min=1795, Avg=3735.17, 90=5431, 99=13759, 99.9=13759, 99.99=13759] 
2020-09-09 14:57:42:187 60 sec: 186946 operations; 3320.4 current ops/sec; est completion in 52 minutes [READ: Count=31466, Max=1316863, Min=0, Avg=18906.95, 90=31023, 99=519679, 99.9=591359, 99.99=1159167] [UPDATE: Count=1694, Max=863743, Min=15, Avg=22734.94, 90=32927, 99=525311, 99.9=631807, 99.99=863743] [READ-FAILED: Count=31, Max=57983, Min=2014, Avg=5368.19, 90=6695, 99=57983, 99.9=57983, 99.99=57983] 
2020-09-09 14:57:52:187 70 sec: 220243 operations; 3329.7 current ops/sec; est completion in 51 minutes [READ: Count=31624, Max=2038783, Min=0, Avg=18846.48, 90=28591, 99=522751, 99.9=636415, 99.99=1505279] [UPDATE: Count=1641, Max=2077695, Min=19, Avg=25792.39, 90=29791, 99=521471, 99.9=1898495, 99.99=2077695] [READ-FAILED: Count=29, Max=9887, Min=1904, Avg=3676.55, 90=5635, 99=9887, 99.9=9887, 99.99=9887] 
2020-09-09 14:58:02:187 80 sec: 252595 operations; 3235.2 current ops/sec; est completion in 51 minutes [READ: Count=30724, Max=1680383, Min=0, Avg=19395.53, 90=28175, 99=523775, 99.9=801791, 99.99=1249279] [UPDATE: Count=1606, Max=1366015, Min=13, Avg=26063.71, 90=30463, 99=531455, 99.9=1100799, 99.99=1366015] [READ-FAILED: Count=24, Max=8231, Min=1827, Avg=3826.17, 90=7543, 99=8231, 99.9=8231, 99.99=8231] 
2020-09-09 14:58:12:187 90 sec: 290177 operations; 3758.2 current ops/sec; est completion in 50 minutes [READ: Count=35667, Max=1844223, Min=0, Avg=16943.44, 90=26047, 99=518911, 99.9=695807, 99.99=1158143] [UPDATE: Count=1886, Max=2000895, Min=14, Avg=24219.28, 90=27999, 99=541183, 99.9=1278975, 99.99=2000895] [READ-FAILED: Count=26, Max=18111, Min=1826, Avg=4557.15, 90=7087, 99=18111, 99.9=18111, 99.99=18111] 
2020-09-09 14:58:22:187 100 sec: 326897 operations; 3672 current ops/sec; est completion in 49 minutes [READ: Count=34929, Max=2406399, Min=0, Avg=16829.46, 90=27407, 99=520703, 99.9=562687, 99.99=1625087] [UPDATE: Count=1764, Max=2480127, Min=16, Avg=25261.74, 90=28815, 99=534015, 99.9=1139711, 99.99=2480127] [READ-FAILED: Count=30, Max=81535, Min=1884, Avg=6305.03, 90=8327, 99=81535, 99.9=81535, 99.99=81535] 
2020-09-09 14:58:32:187 110 sec: 358068 operations; 3117.1 current ops/sec; est completion in 49 minutes [READ: Count=29569, Max=2635775, Min=0, Avg=20071.67, 90=32191, 99=525823, 99.9=807935, 99.99=1373183] [UPDATE: Count=1577, Max=1454079, Min=15, Avg=24142.34, 90=34303, 99=531967, 99.9=1087487, 99.99=1454079] [READ-FAILED: Count=27, Max=101887, Min=1717, Avg=9367.22, 90=8447, 99=101887, 99.9=101887, 99.99=101887] 
2020-09-09 14:58:42:187 120 sec: 396317 operations; 3824.9 current ops/sec; est completion in 48 minutes [READ: Count=36225, Max=1717247, Min=0, Avg=16827.43, 90=26847, 99=519167, 99.9=571903, 99.99=1262591] [UPDATE: Count=1995, Max=1666047, Min=14, Avg=20236.72, 90=28303, 99=518399, 99.9=644095, 99.99=1666047] [READ-FAILED: Count=26, Max=79871, Min=2021, Avg=10563.46, 90=18511, 99=79871, 99.9=79871, 99.99=79871] 
2020-09-09 14:58:52:187 130 sec: 437378 operations; 4106.1 current ops/sec; est completion in 47 minutes [READ: Count=38969, Max=1192959, Min=0, Avg=15356.32, 90=30863, 99=181887, 99.9=563711, 99.99=1006079] [UPDATE: Count=2056, Max=1098751, Min=15, Avg=21194.54, 90=33535, 99=520959, 99.9=956927, 99.99=1098751] [READ-FAILED: Count=33, Max=29023, Min=1776, Avg=5106.03, 90=9575, 99=29023, 99.9=29023, 99.99=29023] 
2020-09-09 14:59:02:188 140 sec: 474952 operations; 3757.4 current ops/sec; est completion in 46 minutes [READ: Count=35651, Max=1119231, Min=0, Avg=16653.24, 90=31919, 99=356095, 99.9=594943, 99.99=970751] [UPDATE: Count=1900, Max=1291263, Min=15, Avg=18435.7, 90=31695, 99=389375, 99.9=610303, 99.99=1291263] [READ-FAILED: Count=29, Max=28447, Min=2136, Avg=5148.62, 90=8567, 99=28447, 99.9=28447, 99.99=28447] 
2020-09-09 14:59:12:187 150 sec: 514013 operations; 3906.1 current ops/sec; est completion in 46 minutes [READ: Count=37017, Max=1840127, Min=0, Avg=16515.52, 90=28255, 99=512767, 99.9=681983, 99.99=1452031] [UPDATE: Count=2011, Max=1746943, Min=16, Avg=20961.18, 90=29279, 99=524287, 99.9=845311, 99.99=1746943] [READ-FAILED: Count=31, Max=19231, Min=2072, Avg=4704.16, 90=8575, 99=19231, 99.9=19231, 99.99=19231] 
2020-09-09 14:59:22:187 160 sec: 551227 operations; 3721.4 current ops/sec; est completion in 45 minutes [READ: Count=35295, Max=2768895, Min=0, Avg=16426.37, 90=29391, 99=315135, 99.9=669695, 99.99=1814527] [UPDATE: Count=1898, Max=1869823, Min=13, Avg=22676.71, 90=31919, 99=521983, 99.9=1095679, 99.99=1869823] [READ-FAILED: Count=21, Max=67967, Min=1876, Avg=8978.05, 90=18511, 99=67967, 99.9=67967, 99.99=67967] 
2020-09-09 14:59:32:187 170 sec: 592541 operations; 4131.4 current ops/sec; est completion in 45 minutes [READ: Count=39294, Max=1341439, Min=0, Avg=15602.34, 90=32591, 99=142079, 99.9=601087, 99.99=1058815] [UPDATE: Count=1983, Max=1006079, Min=15, Avg=17543.06, 90=33631, 99=346111, 99.9=872959, 99.99=1006079] [READ-FAILED: Count=34, Max=13439, Min=1700, Avg=4294.76, 90=8407, 99=13439, 99.9=13439, 99.99=13439] 
2020-09-09 14:59:42:187 180 sec: 633640 operations; 4109.9 current ops/sec; est completion in 44 minutes [READ: Count=39003, Max=1797119, Min=0, Avg=15534.78, 90=28527, 99=283391, 99.9=600575, 99.99=1398783] [UPDATE: Count=2065, Max=1247231, Min=15, Avg=20421.81, 90=30943, 99=500991, 99.9=819199, 99.99=1247231] [READ-FAILED: Count=33, Max=8719, Min=1559, Avg=3537.64, 90=5287, 99=8719, 99.9=8719, 99.99=8719] 
2020-09-09 14:59:52:187 190 sec: 669241 operations; 3560.1 current ops/sec; est completion in 44 minutes [READ: Count=33729, Max=1377279, Min=0, Avg=17206.03, 90=30783, 99=513791, 99.9=602111, 99.99=1205247] [UPDATE: Count=1838, Max=1436671, Min=17, Avg=21410.17, 90=33119, 99=524287, 99.9=928767, 99.99=1436671] [READ-FAILED: Count=33, Max=18863, Min=1544, Avg=3871.24, 90=5007, 99=18863, 99.9=18863, 99.99=18863] 
2020-09-09 15:00:02:187 200 sec: 711950 operations; 4271.33 current ops/sec; est completion in 43 minutes [READ: Count=40502, Max=947199, Min=0, Avg=15308.67, 90=32927, 99=127743, 99.9=581631, 99.99=770047] [UPDATE: Count=2168, Max=807935, Min=17, Avg=17324.25, 90=35167, 99=161535, 99.9=599039, 99.99=807935] [READ-FAILED: Count=37, Max=24735, Min=1558, Avg=5798.62, 90=12119, 99=24735, 99.9=24735, 99.99=24735] 
2020-09-09 15:00:12:187 210 sec: 753049 operations; 4109.49 current ops/sec; est completion in 42 minutes [READ: Count=39023, Max=1051647, Min=0, Avg=15187.27, 90=31407, 99=131327, 99.9=580607, 99.99=771583] [UPDATE: Count=2053, Max=1009151, Min=17, Avg=19296.69, 90=32511, 99=467199, 99.9=628735, 99.99=1009151] [READ-FAILED: Count=25, Max=12895, Min=2098, Avg=4826.48, 90=9455, 99=12895, 99.9=12895, 99.99=12895] 
2020-09-09 15:00:22:187 220 sec: 788237 operations; 3518.8 current ops/sec; est completion in 42 minutes [READ: Count=33447, Max=2392063, Min=0, Avg=18196.65, 90=29375, 99=520703, 99.9=895487, 99.99=1659903] [UPDATE: Count=1725, Max=1158143, Min=16, Avg=21592.98, 90=31279, 99=523775, 99.9=1012223, 99.99=1158143] [READ-FAILED: Count=18, Max=6495, Min=1644, Avg=3142.94, 90=4851, 99=6495, 99.9=6495, 99.99=6495] 
2020-09-09 15:00:32:187 230 sec: 831042 operations; 4280.5 current ops/sec; est completion in 42 minutes [READ: Count=40667, Max=1165311, Min=0, Avg=14714.8, 90=30831, 99=128255, 99.9=596991, 99.99=1069055] [UPDATE: Count=2097, Max=900607, Min=17, Avg=17412.7, 90=30687, 99=346623, 99.9=706559, 99.99=900607] [READ-FAILED: Count=38, Max=27135, Min=1695, Avg=5066.87, 90=7043, 99=27135, 99.9=27135, 99.99=27135] 
2020-09-09 15:00:42:187 240 sec: 873649 operations; 4261.13 current ops/sec; est completion in 41 minutes [READ: Count=40428, Max=1305599, Min=0, Avg=15079.51, 90=29615, 99=146431, 99.9=591359, 99.99=1051647] [UPDATE: Count=2149, Max=817151, Min=16, Avg=15938.5, 90=30335, 99=219391, 99.9=669183, 99.99=817151] [READ-FAILED: Count=33, Max=14799, Min=1880, Avg=5046.15, 90=11191, 99=14799, 99.9=14799, 99.99=14799] 
2020-09-09 15:00:52:187 250 sec: 909771 operations; 3612.2 current ops/sec; est completion in 41 minutes [READ: Count=34329, Max=1900543, Min=0, Avg=17449.42, 90=28415, 99=520703, 99.9=733183, 99.99=1611775] [UPDATE: Count=1767, Max=1919999, Min=16, Avg=24546.7, 90=31167, 99=523775, 99.9=1725439, 99.99=1919999] [READ-FAILED: Count=25, Max=8951, Min=1297, Avg=3376.68, 90=5907, 99=8951, 99.9=8951, 99.99=8951] 
2020-09-09 15:01:02:187 260 sec: 946332 operations; 3655.73 current ops/sec; est completion in 41 minutes [READ: Count=34755, Max=3018751, Min=0, Avg=17208.15, 90=32991, 99=346367, 99.9=606719, 99.99=2000895] [UPDATE: Count=1773, Max=1422335, Min=15, Avg=20380.94, 90=35775, 99=442367, 99.9=1082367, 99.99=1422335] [READ-FAILED: Count=31, Max=30287, Min=1645, Avg=5081.16, 90=11727, 99=30287, 99.9=30287, 99.99=30287] 
2020-09-09 15:01:12:188 270 sec: 988458 operations; 4212.6 current ops/sec; est completion in 41 minutes [READ: Count=40006, Max=2125823, Min=0, Avg=14555.55, 90=30095, 99=128895, 99.9=592383, 99.99=1441791] [UPDATE: Count=2085, Max=1486847, Min=13, Avg=18856.95, 90=30799, 99=433151, 99.9=1182719, 99.99=1486847] [READ-FAILED: Count=34, Max=28767, Min=2094, Avg=5603.18, 90=9935, 99=28767, 99.9=28767, 99.99=28767] 
2020-09-09 15:01:22:187 280 sec: 1027403 operations; 3894.5 current ops/sec; est completion in 40 minutes [READ: Count=36922, Max=1925119, Min=0, Avg=16385.58, 90=28943, 99=503295, 99.9=613375, 99.99=1403903] [UPDATE: Count=2001, Max=1146879, Min=16, Avg=19028.47, 90=28543, 99=520703, 99.9=928767, 99.99=1146879] [READ-FAILED: Count=24, Max=12247, Min=1867, Avg=4704, 90=9511, 99=12247, 99.9=12247, 99.99=12247] 
2020-09-09 15:01:32:187 290 sec: 1069971 operations; 4256.8 current ops/sec; est completion in 40 minutes [READ: Count=40452, Max=1594367, Min=0, Avg=15289.51, 90=31007, 99=132607, 99.9=598527, 99.99=1058815] [UPDATE: Count=2085, Max=1585151, Min=14, Avg=17362.98, 90=32079, 99=201087, 99.9=1008127, 99.99=1585151] [READ-FAILED: Count=33, Max=35487, Min=2258, Avg=5346.79, 90=7519, 99=35487, 99.9=35487, 99.99=35487] 
2020-09-09 15:01:42:187 300 sec: 1110634 operations; 4066.3 current ops/sec; est completion in 40 minutes [READ: Count=38625, Max=939519, Min=0, Avg=15636.34, 90=29711, 99=216063, 99.9=587263, 99.99=809983] [UPDATE: Count=2045, Max=1400831, Min=6, Avg=20246.66, 90=31599, 99=523007, 99.9=706559, 99.99=1400831] [READ-FAILED: Count=30, Max=21311, Min=1863, Avg=5436.63, 90=8991, 99=21311, 99.9=21311, 99.99=21311] 
Maximum time elapsed. Requesting stop for the workload.
Stop requested for workload. Now Joining!
[36m15:01:42.951[m [[34;1mINFO[m] [1;34mp.u.t.s.y.Stats.clientFinished@38[m: 
Ended SconeKV benchmark.
Number of clients: 64
Total transactions: 221251
Committed: 208870 (94.4041%)
Aborted: 12381 (5.5959067%)
2020-09-09 15:01:42:953 300 sec: 1112073 operations; 1878.59 current ops/sec; est completion in 40 minutes [READ: Count=1329, Max=523007, Min=0, Avg=12704.87, 90=29919, 99=45727, 99.9=518911, 99.99=523007] [CLEANUP: Count=64, Max=1626, Min=3, Avg=30.84, 90=8, 99=47, 99.9=1626, 99.99=1626] [UPDATE: Count=69, Max=525823, Min=1978, Avg=19257.61, 90=33791, 99=52895, 99.9=525823, 99.99=525823] [READ-FAILED: Count=0, Max=0, Min=9223372036854775807, Avg=NaN, 90=0, 99=0, 99.9=0, 99.99=0] 
[OVERALL], RunTime(ms), 300766
[OVERALL], Throughput(ops/sec), 3697.4691288244017
[TOTAL_GCS_G1_Young_Generation], Count, 161
[TOTAL_GC_TIME_G1_Young_Generation], Time(ms), 1592
[TOTAL_GC_TIME_%_G1_Young_Generation], Time(%), 0.5293151486537707
[TOTAL_GCS_G1_Old_Generation], Count, 0
[TOTAL_GC_TIME_G1_Old_Generation], Time(ms), 0
[TOTAL_GC_TIME_%_G1_Old_Generation], Time(%), 0.0
[TOTAL_GCs], Count, 161
[TOTAL_GC_TIME], Time(ms), 1592
[TOTAL_GC_TIME_%], Time(%), 0.5293151486537707
[READ], Operations, 1055540
[READ], AverageLatency(us), 16875.66232733956
[READ], MinLatency(us), 0
[READ], MaxLatency(us), 15089663
[READ], 95thPercentileLatency(us), 42623
[READ], 99thPercentileLatency(us), 460287
[READ], Return=OK, 1055540
[READ], Return=NOT_FOUND, 839
[CLEANUP], Operations, 64
[CLEANUP], AverageLatency(us), 30.84375
[CLEANUP], MinLatency(us), 3
[CLEANUP], MaxLatency(us), 1626
[CLEANUP], 95thPercentileLatency(us), 12
[CLEANUP], 99thPercentileLatency(us), 47
[UPDATE], Operations, 55694
[UPDATE], AverageLatency(us), 21233.283046647754
[UPDATE], MinLatency(us), 6
[UPDATE], MaxLatency(us), 2480127
[UPDATE], 95thPercentileLatency(us), 49343
[UPDATE], 99thPercentileLatency(us), 522239
[UPDATE], Return=OK, 55694
[READ-FAILED], Operations, 839
[READ-FAILED], AverageLatency(us), 5352.896305125149
[READ-FAILED], MinLatency(us), 1297
[READ-FAILED], MaxLatency(us), 101887
[READ-FAILED], 95thPercentileLatency(us), 14063
[READ-FAILED], 99thPercentileLatency(us), 30399
