Command line: -t -db pt.ulisboa.tecnico.sconekv.ycsb.SconeKVClient -P workloadc -threads 128 -s -p scone.tx_size=5 -p operationcount=10000000 -p maxexecutiontime=300
YCSB Client 0.17.0

Loading workload...
Starting test.
WARNING: sun.reflect.Reflection.getCallerClass is not supported. This will impact performance.
2020-09-09 16:35:32:260 0 sec: 0 operations; est completion in 0 second 
Maximum execution time specified as: 300 secs
DBWrapper: report latency for each error is false and specific error codes to track for latency are: []
DBWrapper: report latency for each error is false and specific error codes to track for latency are: []
DBWrapper: report latency for each error is false and specific error codes to track for latency are: []
DBWrapper: report latency for each error is false and specific error codes to track for latency are: []
DBWrapper: report latency for each error is false and specific error codes to track for latency are: []
DBWrapper: report latency for each error is false and specific error codes to track for latency are: []
DBWrapper: report latency for each error is false and specific error codes to track for latency are: []
DBWrapper: report latency for each error is false and specific error codes to track for latency are: []
DBWrapper: report latency for each error is false and specific error codes to track for latency are: []
DBWrapper: report latency for each error is false and specific error codes to track for latency are: []
DBWrapper: report latency for each error is false and specific error codes to track for latency are: []
DBWrapper: report latency for each error is false and specific error codes to track for latency are: []
DBWrapper: report latency for each error is false and specific error codes to track for latency are: []
DBWrapper: report latency for each error is false and specific error codes to track for latency are: []
DBWrapper: report latency for each error is false and specific error codes to track for latency are: []
DBWrapper: report latency for each error is false and specific error codes to track for latency are: []
DBWrapper: report latency for each error is false and specific error codes to track for latency are: []
DBWrapper: report latency for each error is false and specific error codes to track for latency are: []
DBWrapper: report latency for each error is false and specific error codes to track for latency are: []
DBWrapper: report latency for each error is false and specific error codes to track for latency are: []
DBWrapper: report latency for each error is false and specific error codes to track for latency are: []
DBWrapper: report latency for each error is false and specific error codes to track for latency are: []
DBWrapper: report latency for each error is false and specific error codes to track for latency are: []
DBWrapper: report latency for each error is false and specific error codes to track for latency are: []
DBWrapper: report latency for each error is false and specific error codes to track for latency are: []
DBWrapper: report latency for each error is false and specific error codes to track for latency are: []
DBWrapper: report latency for each error is false and specific error codes to track for latency are: []
DBWrapper: report latency for each error is false and specific error codes to track for latency are: []
DBWrapper: report latency for each error is false and specific error codes to track for latency are: []
DBWrapper: report latency for each error is false and specific error codes to track for latency are: []
DBWrapper: report latency for each error is false and specific error codes to track for latency are: []
DBWrapper: report latency for each error is false and specific error codes to track for latency are: []
DBWrapper: report latency for each error is false and specific error codes to track for latency are: []
DBWrapper: report latency for each error is false and specific error codes to track for latency are: []
DBWrapper: report latency for each error is false and specific error codes to track for latency are: []
DBWrapper: report latency for each error is false and specific error codes to track for latency are: []
DBWrapper: report latency for each error is false and specific error codes to track for latency are: []
DBWrapper: report latency for each error is false and specific error codes to track for latency are: []
DBWrapper: report latency for each error is false and specific error codes to track for latency are: []
DBWrapper: report latency for each error is false and specific error codes to track for latency are: []
DBWrapper: report latency for each error is false and specific error codes to track for latency are: []
DBWrapper: report latency for each error is false and specific error codes to track for latency are: []
DBWrapper: report latency for each error is false and specific error codes to track for latency are: []
DBWrapper: report latency for each error is false and specific error codes to track for latency are: []
DBWrapper: report latency for each error is false and specific error codes to track for latency are: []
DBWrapper: report latency for each error is false and specific error codes to track for latency are: []
DBWrapper: report latency for each error is false and specific error codes to track for latency are: []
DBWrapper: report latency for each error is false and specific error codes to track for latency are: []
DBWrapper: report latency for each error is false and specific error codes to track for latency are: []
DBWrapper: report latency for each error is false and specific error codes to track for latency are: []
DBWrapper: report latency for each error is false and specific error codes to track for latency are: []
DBWrapper: report latency for each error is false and specific error codes to track for latency are: []
DBWrapper: report latency for each error is false and specific error codes to track for latency are: []
DBWrapper: report latency for each error is false and specific error codes to track for latency are: []
DBWrapper: report latency for each error is false and specific error codes to track for latency are: []
DBWrapper: report latency for each error is false and specific error codes to track for latency are: []
DBWrapper: report latency for each error is false and specific error codes to track for latency are: []
DBWrapper: report latency for each error is false and specific error codes to track for latency are: []
DBWrapper: report latency for each error is false and specific error codes to track for latency are: []
DBWrapper: report latency for each error is false and specific error codes to track for latency are: []
DBWrapper: report latency for each error is false and specific error codes to track for latency are: []
DBWrapper: report latency for each error is false and specific error codes to track for latency are: []
DBWrapper: report latency for each error is false and specific error codes to track for latency are: []
DBWrapper: report latency for each error is false and specific error codes to track for latency are: []
DBWrapper: report latency for each error is false and specific error codes to track for latency are: []
DBWrapper: report latency for each error is false and specific error codes to track for latency are: []
DBWrapper: report latency for each error is false and specific error codes to track for latency are: []
DBWrapper: report latency for each error is false and specific error codes to track for latency are: []
DBWrapper: report latency for each error is false and specific error codes to track for latency are: []
DBWrapper: report latency for each error is false and specific error codes to track for latency are: []
DBWrapper: report latency for each error is false and specific error codes to track for latency are: []
DBWrapper: report latency for each error is false and specific error codes to track for latency are: []
DBWrapper: report latency for each error is false and specific error codes to track for latency are: []
DBWrapper: report latency for each error is false and specific error codes to track for latency are: []
DBWrapper: report latency for each error is false and specific error codes to track for latency are: []
DBWrapper: report latency for each error is false and specific error codes to track for latency are: []
DBWrapper: report latency for each error is false and specific error codes to track for latency are: []
DBWrapper: report latency for each error is false and specific error codes to track for latency are: []
DBWrapper: report latency for each error is false and specific error codes to track for latency are: []
DBWrapper: report latency for each error is false and specific error codes to track for latency are: []
DBWrapper: report latency for each error is false and specific error codes to track for latency are: []
DBWrapper: report latency for each error is false and specific error codes to track for latency are: []
DBWrapper: report latency for each error is false and specific error codes to track for latency are: []
DBWrapper: report latency for each error is false and specific error codes to track for latency are: []
DBWrapper: report latency for each error is false and specific error codes to track for latency are: []
DBWrapper: report latency for each error is false and specific error codes to track for latency are: []
DBWrapper: report latency for each error is false and specific error codes to track for latency are: []
DBWrapper: report latency for each error is false and specific error codes to track for latency are: []
DBWrapper: report latency for each error is false and specific error codes to track for latency are: []
DBWrapper: report latency for each error is false and specific error codes to track for latency are: []
DBWrapper: report latency for each error is false and specific error codes to track for latency are: []
DBWrapper: report latency for each error is false and specific error codes to track for latency are: []
DBWrapper: report latency for each error is false and specific error codes to track for latency are: []
DBWrapper: report latency for each error is false and specific error codes to track for latency are: []
DBWrapper: report latency for each error is false and specific error codes to track for latency are: []
DBWrapper: report latency for each error is false and specific error codes to track for latency are: []
DBWrapper: report latency for each error is false and specific error codes to track for latency are: []
DBWrapper: report latency for each error is false and specific error codes to track for latency are: []
DBWrapper: report latency for each error is false and specific error codes to track for latency are: []
DBWrapper: report latency for each error is false and specific error codes to track for latency are: []
DBWrapper: report latency for each error is false and specific error codes to track for latency are: []
DBWrapper: report latency for each error is false and specific error codes to track for latency are: []
DBWrapper: report latency for each error is false and specific error codes to track for latency are: []
DBWrapper: report latency for each error is false and specific error codes to track for latency are: []
2020-09-09 16:35:42:260 10 sec: 12484 operations; 1248.28 current ops/sec; est completion in 2 hours 13 minutes [READ: Count=12475, Max=1085439, Min=3, Avg=39226.43, 90=94271, 99=522751, 99.9=708607, 99.99=957951] [READ-FAILED: Count=62, Max=200319, Min=2224, Avg=22007.47, 90=73087, 99=153983, 99.9=200319, 99.99=200319] 
DBWrapper: report latency for each error is false and specific error codes to track for latency are: []
DBWrapper: report latency for each error is false and specific error codes to track for latency are: []
DBWrapper: report latency for each error is false and specific error codes to track for latency are: []
DBWrapper: report latency for each error is false and specific error codes to track for latency are: []
DBWrapper: report latency for each error is false and specific error codes to track for latency are: []
DBWrapper: report latency for each error is false and specific error codes to track for latency are: []
DBWrapper: report latency for each error is false and specific error codes to track for latency are: []
DBWrapper: report latency for each error is false and specific error codes to track for latency are: []
DBWrapper: report latency for each error is false and specific error codes to track for latency are: []
DBWrapper: report latency for each error is false and specific error codes to track for latency are: []
DBWrapper: report latency for each error is false and specific error codes to track for latency are: []
DBWrapper: report latency for each error is false and specific error codes to track for latency are: []
DBWrapper: report latency for each error is false and specific error codes to track for latency are: []
DBWrapper: report latency for each error is false and specific error codes to track for latency are: []
DBWrapper: report latency for each error is false and specific error codes to track for latency are: []
DBWrapper: report latency for each error is false and specific error codes to track for latency are: []
DBWrapper: report latency for each error is false and specific error codes to track for latency are: []
DBWrapper: report latency for each error is false and specific error codes to track for latency are: []
DBWrapper: report latency for each error is false and specific error codes to track for latency are: []
2020-09-09 16:35:52:259 20 sec: 43280 operations; 3079.91 current ops/sec; est completion in 1 hour 16 minutes [READ: Count=30608, Max=978943, Min=2, Avg=35939.64, 90=65791, 99=543231, 99.9=642559, 99.99=738303] [READ-FAILED: Count=138, Max=506367, Min=2672, Avg=23667.84, 90=41887, 99=122623, 99.9=506367, 99.99=506367] 
2020-09-09 16:36:02:259 30 sec: 96999 operations; 5371.9 current ops/sec; est completion in 51 minutes [READ: Count=53498, Max=15056895, Min=2, Avg=22985.58, 90=40927, 99=532991, 99.9=589311, 99.99=656895] [READ-FAILED: Count=222, Max=55775, Min=1696, Avg=6277.31, 90=9791, 99=39903, 99.9=55775, 99.99=55775] 
DBWrapper: report latency for each error is false and specific error codes to track for latency are: []
DBWrapper: report latency for each error is false and specific error codes to track for latency are: []
DBWrapper: report latency for each error is false and specific error codes to track for latency are: []
DBWrapper: report latency for each error is false and specific error codes to track for latency are: []
DBWrapper: report latency for each error is false and specific error codes to track for latency are: []
2020-09-09 16:36:12:259 40 sec: 143460 operations; 4646.1 current ops/sec; est completion in 45 minutes [READ: Count=46241, Max=643583, Min=2, Avg=27258.91, 90=46047, 99=547327, 99.9=596479, 99.99=632319] [READ-FAILED: Count=225, Max=99839, Min=0, Avg=5115.73, 90=7767, 99=24911, 99.9=99839, 99.99=99839] 
2020-09-09 16:36:22:259 50 sec: 192619 operations; 4915.9 current ops/sec; est completion in 42 minutes [READ: Count=48944, Max=761855, Min=2, Avg=26155.96, 90=42335, 99=542719, 99.9=675327, 99.99=745471] [READ-FAILED: Count=215, Max=196223, Min=0, Avg=7153.55, 90=8455, 99=135167, 99.9=196223, 99.99=196223] 
2020-09-09 16:36:32:259 60 sec: 247182 operations; 5456.3 current ops/sec; est completion in 39 minutes [READ: Count=54336, Max=650751, Min=2, Avg=23449.3, 90=39519, 99=538623, 99.9=591359, 99.99=634367] [READ-FAILED: Count=221, Max=23839, Min=1541, Avg=5389.16, 90=9111, 99=20831, 99.9=23839, 99.99=23839] 
2020-09-09 16:36:42:259 70 sec: 302469 operations; 5528.7 current ops/sec; est completion in 37 minutes [READ: Count=55050, Max=1009151, Min=2, Avg=23123.17, 90=44223, 99=533503, 99.9=607231, 99.99=639487] [READ-FAILED: Count=236, Max=132479, Min=1, Avg=6253.47, 90=8975, 99=37375, 99.9=132479, 99.99=132479] 
2020-09-09 16:36:52:259 80 sec: 359820 operations; 5735.1 current ops/sec; est completion in 35 minutes [READ: Count=57101, Max=649215, Min=2, Avg=22498.95, 90=44735, 99=528895, 99.9=611839, 99.99=636415] [READ-FAILED: Count=258, Max=107391, Min=1635, Avg=6317.99, 90=9303, 99=27311, 99.9=107391, 99.99=107391] 
2020-09-09 16:37:02:259 90 sec: 416843 operations; 5702.3 current ops/sec; est completion in 34 minutes [READ: Count=56780, Max=667647, Min=2, Avg=22536.65, 90=43263, 99=532479, 99.9=623615, 99.99=647167] [READ-FAILED: Count=242, Max=32111, Min=1581, Avg=5242.4, 90=8799, 99=14751, 99.9=32111, 99.99=32111] 
2020-09-09 16:37:12:259 100 sec: 469827 operations; 5298.4 current ops/sec; est completion in 33 minutes [READ: Count=52720, Max=904703, Min=2, Avg=24309.4, 90=40159, 99=533503, 99.9=617471, 99.99=641535] [READ-FAILED: Count=256, Max=46591, Min=1335, Avg=5263.95, 90=9335, 99=32927, 99.9=46591, 99.99=46591] 
2020-09-09 16:37:22:259 110 sec: 522070 operations; 5224.3 current ops/sec; est completion in 33 minutes [READ: Count=52006, Max=1039871, Min=2, Avg=24459.35, 90=43743, 99=538111, 99.9=982015, 99.99=1028095] [READ-FAILED: Count=239, Max=447231, Min=0, Avg=7877.5, 90=9319, 99=38495, 99.9=447231, 99.99=447231] 
2020-09-09 16:37:32:259 120 sec: 580574 operations; 5849.82 current ops/sec; est completion in 32 minutes [READ: Count=58235, Max=685567, Min=2, Avg=21926.64, 90=42751, 99=532479, 99.9=610303, 99.99=661503] [READ-FAILED: Count=273, Max=103103, Min=1, Avg=7308.62, 90=11031, 99=81919, 99.9=103103, 99.99=103103] 
2020-09-09 16:37:42:259 130 sec: 643465 operations; 6289.73 current ops/sec; est completion in 31 minutes [READ: Count=62626, Max=689663, Min=2, Avg=20671.24, 90=43135, 99=525823, 99.9=600575, 99.99=671231] [READ-FAILED: Count=264, Max=101311, Min=1, Avg=6554.06, 90=10399, 99=26271, 99.9=101311, 99.99=101311] 
2020-09-09 16:37:52:259 140 sec: 701834 operations; 5836.9 current ops/sec; est completion in 30 minutes [READ: Count=58099, Max=740863, Min=2, Avg=21757.25, 90=44223, 99=527871, 99.9=615423, 99.99=675327] [READ-FAILED: Count=265, Max=162175, Min=0, Avg=8576.06, 90=12487, 99=76479, 99.9=162175, 99.99=162175] 
2020-09-09 16:38:02:260 150 sec: 764218 operations; 6237.78 current ops/sec; est completion in 30 minutes [READ: Count=62100, Max=740863, Min=2, Avg=20805.61, 90=42335, 99=525311, 99.9=634367, 99.99=689151] [READ-FAILED: Count=287, Max=76351, Min=1, Avg=6947.63, 90=11287, 99=43199, 99.9=76351, 99.99=76351] 
2020-09-09 16:38:12:259 160 sec: 826950 operations; 6273.2 current ops/sec; est completion in 29 minutes [READ: Count=62455, Max=673279, Min=2, Avg=20258.84, 90=44447, 99=301823, 99.9=609279, 99.99=653823] [READ-FAILED: Count=276, Max=26127, Min=0, Avg=5980, 90=9399, 99=19311, 99.9=26127, 99.99=26127] 
2020-09-09 16:38:22:259 170 sec: 888084 operations; 6114.01 current ops/sec; est completion in 29 minutes [READ: Count=60839, Max=680959, Min=2, Avg=21081.38, 90=42111, 99=527871, 99.9=615935, 99.99=655359] [READ-FAILED: Count=296, Max=71487, Min=0, Avg=5924.49, 90=9183, 99=33119, 99.9=71487, 99.99=71487] 
2020-09-09 16:38:32:260 180 sec: 947869 operations; 5977.9 current ops/sec; est completion in 28 minutes [READ: Count=59505, Max=693759, Min=2, Avg=21635.66, 90=43071, 99=524031, 99.9=596991, 99.99=645119] [READ-FAILED: Count=283, Max=37119, Min=0, Avg=5868.02, 90=10847, 99=26495, 99.9=37119, 99.99=37119] 
2020-09-09 16:38:42:259 190 sec: 1006158 operations; 5829.48 current ops/sec; est completion in 28 minutes [READ: Count=58000, Max=723455, Min=2, Avg=21787.69, 90=43967, 99=530943, 99.9=602623, 99.99=633855] [READ-FAILED: Count=287, Max=81599, Min=0, Avg=6111.26, 90=10159, 99=33823, 99.9=81599, 99.99=81599] 
2020-09-09 16:38:52:259 200 sec: 1062856 operations; 5669.8 current ops/sec; est completion in 28 minutes [READ: Count=56436, Max=649215, Min=2, Avg=22854.56, 90=41599, 99=534015, 99.9=606719, 99.99=644607] [READ-FAILED: Count=257, Max=80895, Min=0, Avg=6837.18, 90=12287, 99=37791, 99.9=80895, 99.99=80895] 
2020-09-09 16:39:02:259 210 sec: 1123928 operations; 6107.2 current ops/sec; est completion in 27 minutes [READ: Count=60878, Max=739327, Min=2, Avg=20997.8, 90=42687, 99=526847, 99.9=605183, 99.99=636927] [READ-FAILED: Count=276, Max=113279, Min=1, Avg=7117.21, 90=8791, 99=46527, 99.9=113279, 99.99=113279] 
2020-09-09 16:39:12:259 220 sec: 1184913 operations; 6098.5 current ops/sec; est completion in 27 minutes [READ: Count=60625, Max=667647, Min=2, Avg=20868.8, 90=45055, 99=524031, 99.9=606207, 99.99=646143] [READ-FAILED: Count=282, Max=326911, Min=0, Avg=8024.39, 90=9647, 99=62975, 99.9=326911, 99.99=326911] 
2020-09-09 16:39:22:259 230 sec: 1241838 operations; 5691.93 current ops/sec; est completion in 27 minutes [READ: Count=56685, Max=694783, Min=2, Avg=22745.35, 90=41119, 99=534527, 99.9=607743, 99.99=657919] [READ-FAILED: Count=236, Max=104895, Min=1, Avg=6048.22, 90=8783, 99=41759, 99.9=104895, 99.99=104895] 
2020-09-09 16:39:32:260 240 sec: 1305539 operations; 6370.1 current ops/sec; est completion in 26 minutes [READ: Count=63409, Max=658943, Min=2, Avg=19819.58, 90=43743, 99=208639, 99.9=601087, 99.99=651263] [READ-FAILED: Count=292, Max=103423, Min=0, Avg=6483.49, 90=9551, 99=46655, 99.9=103423, 99.99=103423] 
2020-09-09 16:39:42:259 250 sec: 1366052 operations; 6051.91 current ops/sec; est completion in 26 minutes [READ: Count=60231, Max=723967, Min=2, Avg=21100.29, 90=45279, 99=525311, 99.9=607743, 99.99=653823] [READ-FAILED: Count=286, Max=85759, Min=1780, Avg=6643.64, 90=10167, 99=51551, 99.9=85759, 99.99=85759] 
2020-09-09 16:39:52:259 260 sec: 1424199 operations; 5814.7 current ops/sec; est completion in 26 minutes [READ: Count=57895, Max=1114111, Min=2, Avg=22180.91, 90=44191, 99=529407, 99.9=629247, 99.99=686591] [READ-FAILED: Count=252, Max=80767, Min=1479, Avg=5300.59, 90=8207, 99=14271, 99.9=80767, 99.99=80767] 
2020-09-09 16:40:02:259 270 sec: 1483813 operations; 5960.8 current ops/sec; est completion in 25 minutes [READ: Count=59333, Max=973311, Min=2, Avg=21684.46, 90=44959, 99=529407, 99.9=608767, 99.99=855551] [READ-FAILED: Count=278, Max=64447, Min=1552, Avg=5949.7, 90=9055, 99=28287, 99.9=64447, 99.99=64447] 
2020-09-09 16:40:12:259 280 sec: 1540769 operations; 5696.17 current ops/sec; est completion in 25 minutes [READ: Count=56704, Max=766975, Min=2, Avg=22790.19, 90=42687, 99=531967, 99.9=610815, 99.99=639999] [READ-FAILED: Count=255, Max=171135, Min=0, Avg=6886.01, 90=10079, 99=45599, 99.9=171135, 99.99=171135] 
2020-09-09 16:40:22:259 290 sec: 1596676 operations; 5590.7 current ops/sec; est completion in 25 minutes [READ: Count=55682, Max=664063, Min=2, Avg=22896.56, 90=39807, 99=536063, 99.9=622079, 99.99=653311] [READ-FAILED: Count=233, Max=130751, Min=1, Avg=6026.64, 90=9527, 99=25615, 99.9=130751, 99.99=130751] 
2020-09-09 16:40:32:259 300 sec: 1657617 operations; 6093.49 current ops/sec; est completion in 25 minutes [READ: Count=60632, Max=689663, Min=2, Avg=20902.82, 90=43551, 99=526847, 99.9=616447, 99.99=676863] [READ-FAILED: Count=297, Max=163327, Min=0, Avg=6527.11, 90=9815, 99=25679, 99.9=163327, 99.99=163327] 
Maximum time elapsed. Requesting stop for the workload.
Stop requested for workload. Now Joining!
[36m16:40:32.965[m [[34;1mINFO[m] [1;34mp.u.t.s.y.Stats.clientFinished@38[m: 
Ended SconeKV benchmark.
Number of clients: 128
Total transactions: 329717
Committed: 329717 (100.0%)
Aborted: 0 (0.0%)
2020-09-09 16:40:32:968 300 sec: 1658564 operations; 1339.46 current ops/sec; est completion in 25 minutes [READ: Count=942, Max=596991, Min=3, Avg=62725.9, 90=113407, 99=585215, 99.9=592383, 99.99=596991] [CLEANUP: Count=128, Max=1259, Min=3, Avg=15.1, 90=7, 99=54, 99.9=1259, 99.99=1259] [READ-FAILED: Count=5, Max=9815, Min=2019, Avg=4166.2, 90=9815, 99=9815, 99.9=9815, 99.99=9815] 
[OVERALL], RunTime(ms), 300706
[OVERALL], Throughput(ops/sec), 5515.566699700039
[TOTAL_GCS_G1_Young_Generation], Count, 181
[TOTAL_GC_TIME_G1_Young_Generation], Time(ms), 2978
[TOTAL_GC_TIME_%_G1_Young_Generation], Time(%), 0.9903360757683585
[TOTAL_GCS_G1_Old_Generation], Count, 0
[TOTAL_GC_TIME_G1_Old_Generation], Time(ms), 0
[TOTAL_GC_TIME_%_G1_Old_Generation], Time(%), 0.0
[TOTAL_GCs], Count, 181
[TOTAL_GC_TIME], Time(ms), 2978
[TOTAL_GC_TIME_%], Time(%), 0.9903360757683585
[READ], Operations, 1651070
[READ], AverageLatency(us), 22631.372703156136
[READ], MinLatency(us), 2
[READ], MaxLatency(us), 15056895
[READ], 95thPercentileLatency(us), 62271
[READ], 99thPercentileLatency(us), 530943
[READ], Return=OK, 1651070
[READ], Return=NOT_FOUND, 7494
[CLEANUP], Operations, 128
[CLEANUP], AverageLatency(us), 15.1015625
[CLEANUP], MinLatency(us), 3
[CLEANUP], MaxLatency(us), 1259
[CLEANUP], 95thPercentileLatency(us), 10
[CLEANUP], 99thPercentileLatency(us), 54
[READ-FAILED], Operations, 7494
[READ-FAILED], AverageLatency(us), 6890.076194288765
[READ-FAILED], MinLatency(us), 0
[READ-FAILED], MaxLatency(us), 506367
[READ-FAILED], 95thPercentileLatency(us), 15775
[READ-FAILED], 99thPercentileLatency(us), 52351
