Command line: -t -db pt.ulisboa.tecnico.sconekv.ycsb.SconeKVClient -P workloadc -threads 128 -s -p scone.tx_size=5 -p operationcount=10000000 -p maxexecutiontime=300
YCSB Client 0.17.0

Loading workload...
Starting test.
WARNING: sun.reflect.Reflection.getCallerClass is not supported. This will impact performance.
2020-09-09 16:40:35:424 0 sec: 0 operations; est completion in 0 second 
Maximum execution time specified as: 300 secs
DBWrapper: report latency for each error is false and specific error codes to track for latency are: []
DBWrapper: report latency for each error is false and specific error codes to track for latency are: []
DBWrapper: report latency for each error is false and specific error codes to track for latency are: []
DBWrapper: report latency for each error is false and specific error codes to track for latency are: []
DBWrapper: report latency for each error is false and specific error codes to track for latency are: []
DBWrapper: report latency for each error is false and specific error codes to track for latency are: []
DBWrapper: report latency for each error is false and specific error codes to track for latency are: []
DBWrapper: report latency for each error is false and specific error codes to track for latency are: []
DBWrapper: report latency for each error is false and specific error codes to track for latency are: []
DBWrapper: report latency for each error is false and specific error codes to track for latency are: []
DBWrapper: report latency for each error is false and specific error codes to track for latency are: []
DBWrapper: report latency for each error is false and specific error codes to track for latency are: []
DBWrapper: report latency for each error is false and specific error codes to track for latency are: []
DBWrapper: report latency for each error is false and specific error codes to track for latency are: []
DBWrapper: report latency for each error is false and specific error codes to track for latency are: []
DBWrapper: report latency for each error is false and specific error codes to track for latency are: []
DBWrapper: report latency for each error is false and specific error codes to track for latency are: []
DBWrapper: report latency for each error is false and specific error codes to track for latency are: []
DBWrapper: report latency for each error is false and specific error codes to track for latency are: []
DBWrapper: report latency for each error is false and specific error codes to track for latency are: []
DBWrapper: report latency for each error is false and specific error codes to track for latency are: []
DBWrapper: report latency for each error is false and specific error codes to track for latency are: []
DBWrapper: report latency for each error is false and specific error codes to track for latency are: []
DBWrapper: report latency for each error is false and specific error codes to track for latency are: []
DBWrapper: report latency for each error is false and specific error codes to track for latency are: []
DBWrapper: report latency for each error is false and specific error codes to track for latency are: []
DBWrapper: report latency for each error is false and specific error codes to track for latency are: []
DBWrapper: report latency for each error is false and specific error codes to track for latency are: []
DBWrapper: report latency for each error is false and specific error codes to track for latency are: []
DBWrapper: report latency for each error is false and specific error codes to track for latency are: []
DBWrapper: report latency for each error is false and specific error codes to track for latency are: []
DBWrapper: report latency for each error is false and specific error codes to track for latency are: []
DBWrapper: report latency for each error is false and specific error codes to track for latency are: []
DBWrapper: report latency for each error is false and specific error codes to track for latency are: []
DBWrapper: report latency for each error is false and specific error codes to track for latency are: []
DBWrapper: report latency for each error is false and specific error codes to track for latency are: []
DBWrapper: report latency for each error is false and specific error codes to track for latency are: []
DBWrapper: report latency for each error is false and specific error codes to track for latency are: []
DBWrapper: report latency for each error is false and specific error codes to track for latency are: []
DBWrapper: report latency for each error is false and specific error codes to track for latency are: []
DBWrapper: report latency for each error is false and specific error codes to track for latency are: []
DBWrapper: report latency for each error is false and specific error codes to track for latency are: []
DBWrapper: report latency for each error is false and specific error codes to track for latency are: []
DBWrapper: report latency for each error is false and specific error codes to track for latency are: []
DBWrapper: report latency for each error is false and specific error codes to track for latency are: []
DBWrapper: report latency for each error is false and specific error codes to track for latency are: []
DBWrapper: report latency for each error is false and specific error codes to track for latency are: []
DBWrapper: report latency for each error is false and specific error codes to track for latency are: []
DBWrapper: report latency for each error is false and specific error codes to track for latency are: []
DBWrapper: report latency for each error is false and specific error codes to track for latency are: []
DBWrapper: report latency for each error is false and specific error codes to track for latency are: []
DBWrapper: report latency for each error is false and specific error codes to track for latency are: []
DBWrapper: report latency for each error is false and specific error codes to track for latency are: []
DBWrapper: report latency for each error is false and specific error codes to track for latency are: []
DBWrapper: report latency for each error is false and specific error codes to track for latency are: []
DBWrapper: report latency for each error is false and specific error codes to track for latency are: []
DBWrapper: report latency for each error is false and specific error codes to track for latency are: []
DBWrapper: report latency for each error is false and specific error codes to track for latency are: []
DBWrapper: report latency for each error is false and specific error codes to track for latency are: []
DBWrapper: report latency for each error is false and specific error codes to track for latency are: []
DBWrapper: report latency for each error is false and specific error codes to track for latency are: []
DBWrapper: report latency for each error is false and specific error codes to track for latency are: []
DBWrapper: report latency for each error is false and specific error codes to track for latency are: []
DBWrapper: report latency for each error is false and specific error codes to track for latency are: []
DBWrapper: report latency for each error is false and specific error codes to track for latency are: []
DBWrapper: report latency for each error is false and specific error codes to track for latency are: []
DBWrapper: report latency for each error is false and specific error codes to track for latency are: []
DBWrapper: report latency for each error is false and specific error codes to track for latency are: []
DBWrapper: report latency for each error is false and specific error codes to track for latency are: []
DBWrapper: report latency for each error is false and specific error codes to track for latency are: []
DBWrapper: report latency for each error is false and specific error codes to track for latency are: []
DBWrapper: report latency for each error is false and specific error codes to track for latency are: []
DBWrapper: report latency for each error is false and specific error codes to track for latency are: []
DBWrapper: report latency for each error is false and specific error codes to track for latency are: []
DBWrapper: report latency for each error is false and specific error codes to track for latency are: []
DBWrapper: report latency for each error is false and specific error codes to track for latency are: []
DBWrapper: report latency for each error is false and specific error codes to track for latency are: []
DBWrapper: report latency for each error is false and specific error codes to track for latency are: []
DBWrapper: report latency for each error is false and specific error codes to track for latency are: []
DBWrapper: report latency for each error is false and specific error codes to track for latency are: []
DBWrapper: report latency for each error is false and specific error codes to track for latency are: []
DBWrapper: report latency for each error is false and specific error codes to track for latency are: []
DBWrapper: report latency for each error is false and specific error codes to track for latency are: []
DBWrapper: report latency for each error is false and specific error codes to track for latency are: []
DBWrapper: report latency for each error is false and specific error codes to track for latency are: []
DBWrapper: report latency for each error is false and specific error codes to track for latency are: []
DBWrapper: report latency for each error is false and specific error codes to track for latency are: []
DBWrapper: report latency for each error is false and specific error codes to track for latency are: []
DBWrapper: report latency for each error is false and specific error codes to track for latency are: []
DBWrapper: report latency for each error is false and specific error codes to track for latency are: []
DBWrapper: report latency for each error is false and specific error codes to track for latency are: []
DBWrapper: report latency for each error is false and specific error codes to track for latency are: []
DBWrapper: report latency for each error is false and specific error codes to track for latency are: []
DBWrapper: report latency for each error is false and specific error codes to track for latency are: []
DBWrapper: report latency for each error is false and specific error codes to track for latency are: []
DBWrapper: report latency for each error is false and specific error codes to track for latency are: []
DBWrapper: report latency for each error is false and specific error codes to track for latency are: []
DBWrapper: report latency for each error is false and specific error codes to track for latency are: []
DBWrapper: report latency for each error is false and specific error codes to track for latency are: []
DBWrapper: report latency for each error is false and specific error codes to track for latency are: []
DBWrapper: report latency for each error is false and specific error codes to track for latency are: []
DBWrapper: report latency for each error is false and specific error codes to track for latency are: []
DBWrapper: report latency for each error is false and specific error codes to track for latency are: []
DBWrapper: report latency for each error is false and specific error codes to track for latency are: []
DBWrapper: report latency for each error is false and specific error codes to track for latency are: []
DBWrapper: report latency for each error is false and specific error codes to track for latency are: []
2020-09-09 16:40:45:428 10 sec: 10220 operations; 1021.9 current ops/sec; est completion in 2 hours 42 minutes [READ: Count=10318, Max=1287167, Min=3, Avg=44283.65, 90=105087, 99=346111, 99.9=869375, 99.99=1250303] [READ-FAILED: Count=51, Max=75199, Min=3, Avg=18351.45, 90=43359, 99=63391, 99.9=75199, 99.99=75199] 
DBWrapper: report latency for each error is false and specific error codes to track for latency are: []
DBWrapper: report latency for each error is false and specific error codes to track for latency are: []
DBWrapper: report latency for each error is false and specific error codes to track for latency are: []
DBWrapper: report latency for each error is false and specific error codes to track for latency are: []
DBWrapper: report latency for each error is false and specific error codes to track for latency are: []
DBWrapper: report latency for each error is false and specific error codes to track for latency are: []
DBWrapper: report latency for each error is false and specific error codes to track for latency are: []
DBWrapper: report latency for each error is false and specific error codes to track for latency are: []
DBWrapper: report latency for each error is false and specific error codes to track for latency are: []
DBWrapper: report latency for each error is false and specific error codes to track for latency are: []
DBWrapper: report latency for each error is false and specific error codes to track for latency are: []
DBWrapper: report latency for each error is false and specific error codes to track for latency are: []
DBWrapper: report latency for each error is false and specific error codes to track for latency are: []
DBWrapper: report latency for each error is false and specific error codes to track for latency are: []
DBWrapper: report latency for each error is false and specific error codes to track for latency are: []
DBWrapper: report latency for each error is false and specific error codes to track for latency are: []
DBWrapper: report latency for each error is false and specific error codes to track for latency are: []
DBWrapper: report latency for each error is false and specific error codes to track for latency are: []
DBWrapper: report latency for each error is false and specific error codes to track for latency are: []
2020-09-09 16:40:55:424 20 sec: 44921 operations; 3470.1 current ops/sec; est completion in 1 hour 13 minutes [READ: Count=34391, Max=15130623, Min=2, Avg=33989.91, 90=62495, 99=529919, 99.9=617983, 99.99=1006079] [READ-FAILED: Count=169, Max=207999, Min=2346, Avg=19254.11, 90=38783, 99=164607, 99.9=207999, 99.99=207999] 
2020-09-09 16:41:05:425 30 sec: 105532 operations; 6061.1 current ops/sec; est completion in 46 minutes [READ: Count=60340, Max=696831, Min=2, Avg=20654.39, 90=43487, 99=524799, 99.9=598015, 99.99=674303] [READ-FAILED: Count=268, Max=52671, Min=1769, Avg=6952.43, 90=13063, 99=33503, 99.9=52671, 99.99=52671] 
DBWrapper: report latency for each error is false and specific error codes to track for latency are: []
DBWrapper: report latency for each error is false and specific error codes to track for latency are: []
DBWrapper: report latency for each error is false and specific error codes to track for latency are: []
2020-09-09 16:41:15:424 40 sec: 160485 operations; 5495.85 current ops/sec; est completion in 40 minutes [READ: Count=54728, Max=1035775, Min=2, Avg=22905.97, 90=43839, 99=531455, 99.9=600063, 99.99=833023] [READ-FAILED: Count=226, Max=534527, Min=1, Avg=8637.5, 90=8935, 99=93631, 99.9=534527, 99.99=534527] 
2020-09-09 16:41:25:424 50 sec: 217184 operations; 5669.9 current ops/sec; est completion in 37 minutes [READ: Count=56432, Max=672767, Min=2, Avg=22852.21, 90=45887, 99=534015, 99.9=594943, 99.99=647679] [READ-FAILED: Count=266, Max=93055, Min=1, Avg=5619.33, 90=8383, 99=24047, 99.9=93055, 99.99=93055] 
2020-09-09 16:41:35:424 60 sec: 275053 operations; 5786.9 current ops/sec; est completion in 35 minutes [READ: Count=57626, Max=777727, Min=2, Avg=22083.64, 90=43583, 99=529919, 99.9=587775, 99.99=642047] [READ-FAILED: Count=243, Max=37983, Min=1758, Avg=5741.81, 90=9527, 99=28895, 99.9=37983, 99.99=37983] 
2020-09-09 16:41:45:424 70 sec: 335698 operations; 6064.5 current ops/sec; est completion in 33 minutes [READ: Count=60324, Max=1055743, Min=2, Avg=21250.05, 90=41023, 99=530431, 99.9=608767, 99.99=644095] [READ-FAILED: Count=324, Max=100671, Min=1577, Avg=6338.13, 90=10591, 99=26431, 99.9=100671, 99.99=100671] 
2020-09-09 16:41:55:424 80 sec: 395279 operations; 5957.5 current ops/sec; est completion in 32 minutes [READ: Count=59302, Max=634879, Min=2, Avg=21592.68, 90=43519, 99=530943, 99.9=594943, 99.99=626687] [READ-FAILED: Count=279, Max=73215, Min=1, Avg=6189.8, 90=9575, 99=41759, 99.9=73215, 99.99=73215] 
2020-09-09 16:42:05:424 90 sec: 457469 operations; 6219 current ops/sec; est completion in 31 minutes [READ: Count=61908, Max=666623, Min=2, Avg=20681.46, 90=43903, 99=524031, 99.9=600063, 99.99=659967] [READ-FAILED: Count=282, Max=131199, Min=1855, Avg=7980.54, 90=11231, 99=71743, 99.9=131199, 99.99=131199] 
2020-09-09 16:42:15:424 100 sec: 513668 operations; 5619.9 current ops/sec; est completion in 30 minutes [READ: Count=55971, Max=642047, Min=2, Avg=22642.37, 90=39583, 99=536575, 99.9=599039, 99.99=634879] [READ-FAILED: Count=221, Max=47167, Min=2, Avg=6660.98, 90=12567, 99=36671, 99.9=47167, 99.99=47167] 
2020-09-09 16:42:25:424 110 sec: 571386 operations; 5771.8 current ops/sec; est completion in 30 minutes [READ: Count=57464, Max=650239, Min=2, Avg=22081.17, 90=39967, 99=534527, 99.9=593919, 99.99=616447] [READ-FAILED: Count=254, Max=180479, Min=1538, Avg=8005.49, 90=13463, 99=65727, 99.9=180479, 99.99=180479] 
2020-09-09 16:42:35:424 120 sec: 626477 operations; 5509.1 current ops/sec; est completion in 29 minutes [READ: Count=54876, Max=652287, Min=2, Avg=23658.45, 90=39487, 99=534015, 99.9=599039, 99.99=627199] [READ-FAILED: Count=224, Max=65023, Min=1, Avg=5478.59, 90=9343, 99=24511, 99.9=65023, 99.99=65023] 
2020-09-09 16:42:45:424 130 sec: 685775 operations; 5929.8 current ops/sec; est completion in 29 minutes [READ: Count=59012, Max=647167, Min=2, Avg=21409.17, 90=40543, 99=529919, 99.9=583679, 99.99=624127] [READ-FAILED: Count=276, Max=68159, Min=1, Avg=6302.89, 90=9127, 99=44063, 99.9=68159, 99.99=68159] 
2020-09-09 16:42:55:424 140 sec: 742446 operations; 5667.1 current ops/sec; est completion in 29 minutes [READ: Count=56416, Max=745983, Min=2, Avg=22919.13, 90=40895, 99=532991, 99.9=588799, 99.99=637439] [READ-FAILED: Count=260, Max=40511, Min=1, Avg=5593.94, 90=8583, 99=26575, 99.9=40511, 99.99=40511] 
2020-09-09 16:43:05:424 150 sec: 799807 operations; 5736.67 current ops/sec; est completion in 28 minutes [READ: Count=57114, Max=695295, Min=2, Avg=22095.24, 90=44095, 99=530943, 99.9=591871, 99.99=645119] [READ-FAILED: Count=245, Max=80895, Min=1, Avg=7175.2, 90=12319, 99=48959, 99.9=80895, 99.99=80895] 
2020-09-09 16:43:15:424 160 sec: 858712 operations; 5889.91 current ops/sec; est completion in 28 minutes [READ: Count=58599, Max=641535, Min=2, Avg=21619.08, 90=40895, 99=529407, 99.9=586239, 99.99=632831] [READ-FAILED: Count=303, Max=35231, Min=1, Avg=6394.58, 90=12407, 99=30607, 99.9=35231, 99.99=35231] 
2020-09-09 16:43:25:425 170 sec: 921145 operations; 6243.3 current ops/sec; est completion in 27 minutes [READ: Count=62177, Max=634367, Min=2, Avg=20940.77, 90=43231, 99=527359, 99.9=587775, 99.99=615935] [READ-FAILED: Count=261, Max=112383, Min=1665, Avg=6660.9, 90=9647, 99=30623, 99.9=112383, 99.99=112383] 
2020-09-09 16:43:35:440 180 sec: 978719 operations; 5748.78 current ops/sec; est completion in 27 minutes [READ: Count=57310, Max=732671, Min=2, Avg=22092.27, 90=43231, 99=530943, 99.9=593407, 99.99=626175] [READ-FAILED: Count=267, Max=40767, Min=1657, Avg=6113.85, 90=9871, 99=31439, 99.9=40767, 99.99=40767] 
2020-09-09 16:43:45:424 190 sec: 1041189 operations; 6256.38 current ops/sec; est completion in 27 minutes [READ: Count=62197, Max=699903, Min=2, Avg=20518.51, 90=40671, 99=528383, 99.9=585215, 99.99=656383] [READ-FAILED: Count=269, Max=70591, Min=1468, Avg=6612.52, 90=11623, 99=46271, 99.9=70591, 99.99=70591] 
2020-09-09 16:43:55:424 200 sec: 1100718 operations; 5952.9 current ops/sec; est completion in 26 minutes [READ: Count=59249, Max=637439, Min=2, Avg=21727.39, 90=43039, 99=528383, 99.9=577023, 99.99=613375] [READ-FAILED: Count=278, Max=60255, Min=1, Avg=6394.02, 90=11207, 99=33823, 99.9=60255, 99.99=60255] 
2020-09-09 16:44:05:424 210 sec: 1155784 operations; 5506.6 current ops/sec; est completion in 26 minutes [READ: Count=54814, Max=686591, Min=2, Avg=23296.73, 90=41375, 99=534527, 99.9=599039, 99.99=622079] [READ-FAILED: Count=251, Max=73407, Min=1, Avg=6604.39, 90=9999, 99=43263, 99.9=73407, 99.99=73407] 
2020-09-09 16:44:15:424 220 sec: 1210468 operations; 5468.4 current ops/sec; est completion in 26 minutes [READ: Count=54432, Max=1016319, Min=2, Avg=23552.51, 90=39967, 99=535039, 99.9=597503, 99.99=699903] [READ-FAILED: Count=253, Max=38943, Min=1649, Avg=5792.72, 90=9095, 99=34367, 99.9=38943, 99.99=38943] 
2020-09-09 16:44:25:424 230 sec: 1270037 operations; 5956.9 current ops/sec; est completion in 26 minutes [READ: Count=59300, Max=658943, Min=2, Avg=21596.05, 90=39455, 99=532991, 99.9=583167, 99.99=635391] [READ-FAILED: Count=275, Max=53055, Min=0, Avg=6370.27, 90=10343, 99=46303, 99.9=53055, 99.99=53055] 
2020-09-09 16:44:35:424 240 sec: 1329080 operations; 5904.3 current ops/sec; est completion in 26 minutes [READ: Count=58759, Max=676863, Min=2, Avg=21597.1, 90=40255, 99=529919, 99.9=578559, 99.99=625151] [READ-FAILED: Count=278, Max=93311, Min=1529, Avg=6150.88, 90=9471, 99=30911, 99.9=93311, 99.99=93311] 
2020-09-09 16:44:45:425 250 sec: 1384017 operations; 5493.7 current ops/sec; est completion in 25 minutes [READ: Count=54686, Max=1029119, Min=2, Avg=23479.56, 90=38943, 99=537599, 99.9=589823, 99.99=700927] [READ-FAILED: Count=252, Max=74047, Min=1, Avg=5662.41, 90=9751, 99=22319, 99.9=74047, 99.99=74047] 
2020-09-09 16:44:55:424 260 sec: 1440959 operations; 5694.2 current ops/sec; est completion in 25 minutes [READ: Count=56703, Max=1001471, Min=2, Avg=22594.15, 90=38463, 99=538111, 99.9=648191, 99.99=924671] [READ-FAILED: Count=236, Max=30831, Min=1, Avg=5412.94, 90=7999, 99=28383, 99.9=30831, 99.99=30831] 
2020-09-09 16:45:05:424 270 sec: 1500320 operations; 5936.69 current ops/sec; est completion in 25 minutes [READ: Count=59092, Max=678399, Min=2, Avg=21496.08, 90=41247, 99=528895, 99.9=587775, 99.99=636415] [READ-FAILED: Count=274, Max=111615, Min=1, Avg=6747.6, 90=10143, 99=37663, 99.9=111615, 99.99=111615] 
2020-09-09 16:45:15:424 280 sec: 1561306 operations; 6098.6 current ops/sec; est completion in 25 minutes [READ: Count=60689, Max=638463, Min=2, Avg=21221.26, 90=43007, 99=526847, 99.9=595967, 99.99=631295] [READ-FAILED: Count=298, Max=119743, Min=1, Avg=7041.97, 90=9839, 99=51807, 99.9=119743, 99.99=119743] 
2020-09-09 16:45:25:424 290 sec: 1614289 operations; 5297.77 current ops/sec; est completion in 25 minutes [READ: Count=52762, Max=627711, Min=2, Avg=24007.64, 90=41855, 99=540671, 99.9=586751, 99.99=613375] [READ-FAILED: Count=218, Max=61983, Min=1, Avg=6877.11, 90=11679, 99=39935, 99.9=61983, 99.99=61983] 
2020-09-09 16:45:35:424 300 sec: 1669932 operations; 5564.3 current ops/sec; est completion in 24 minutes [READ: Count=55381, Max=664575, Min=2, Avg=22776.31, 90=38815, 99=540159, 99.9=590335, 99.99=630271] [READ-FAILED: Count=260, Max=203263, Min=1, Avg=7094.1, 90=9599, 99=38943, 99.9=203263, 99.99=203263] 
Maximum time elapsed. Requesting stop for the workload.
Stop requested for workload. Now Joining!
[36m16:45:36.332[m [[34;1mINFO[m] [1;34mp.u.t.s.y.Stats.clientFinished@38[m: 
Ended SconeKV benchmark.
Number of clients: 128
Total transactions: 332398
Committed: 332398 (100.0%)
Aborted: 0 (0.0%)
2020-09-09 16:45:36:336 300 sec: 1672201 operations; 2490.67 current ops/sec; est completion in 24 minutes [READ: Count=2262, Max=706047, Min=2, Avg=50911.48, 90=42815, 99=558079, 99.9=577535, 99.99=706047] [CLEANUP: Count=128, Max=2319, Min=2, Avg=24.07, 90=6, 99=95, 99.9=2319, 99.99=2319] [READ-FAILED: Count=6, Max=5519, Min=2532, Avg=3936.5, 90=4195, 99=5519, 99.9=5519, 99.99=5519] 
[OVERALL], RunTime(ms), 300906
[OVERALL], Throughput(ops/sec), 5557.220527340764
[TOTAL_GCS_G1_Young_Generation], Count, 179
[TOTAL_GC_TIME_G1_Young_Generation], Time(ms), 2864
[TOTAL_GC_TIME_%_G1_Young_Generation], Time(%), 0.9517922540594073
[TOTAL_GCS_G1_Old_Generation], Count, 0
[TOTAL_GC_TIME_G1_Old_Generation], Time(ms), 0
[TOTAL_GC_TIME_%_G1_Old_Generation], Time(%), 0.0
[TOTAL_GCs], Count, 179
[TOTAL_GC_TIME], Time(ms), 2864
[TOTAL_GC_TIME_%], Time(%), 0.9517922540594073
[READ], Operations, 1664634
[READ], AverageLatency(us), 22501.759711744442
[READ], MinLatency(us), 2
[READ], MaxLatency(us), 15130623
[READ], 95thPercentileLatency(us), 59423
[READ], 99thPercentileLatency(us), 532479
[READ], Return=OK, 1664634
[READ], Return=NOT_FOUND, 7567
[CLEANUP], Operations, 128
[CLEANUP], AverageLatency(us), 24.0703125
[CLEANUP], MinLatency(us), 2
[CLEANUP], MaxLatency(us), 2319
[CLEANUP], 95thPercentileLatency(us), 11
[CLEANUP], 99thPercentileLatency(us), 95
[READ-FAILED], Operations, 7567
[READ-FAILED], AverageLatency(us), 6882.4699352451435
[READ-FAILED], MinLatency(us), 0
[READ-FAILED], MaxLatency(us), 534527
[READ-FAILED], 95thPercentileLatency(us), 17711
[READ-FAILED], 99thPercentileLatency(us), 47551
