Command line: -t -db pt.ulisboa.tecnico.sconekv.ycsb.SconeKVClient -P workloadc -threads 64 -s -p scone.tx_size=5 -p operationcount=10000000 -p maxexecutiontime=300
YCSB Client 0.17.0

Loading workload...
Starting test.
WARNING: sun.reflect.Reflection.getCallerClass is not supported. This will impact performance.
2020-09-09 16:20:24:250 0 sec: 0 operations; est completion in 0 second 
Maximum execution time specified as: 300 secs
DBWrapper: report latency for each error is false and specific error codes to track for latency are: []
DBWrapper: report latency for each error is false and specific error codes to track for latency are: []
DBWrapper: report latency for each error is false and specific error codes to track for latency are: []
DBWrapper: report latency for each error is false and specific error codes to track for latency are: []
DBWrapper: report latency for each error is false and specific error codes to track for latency are: []
DBWrapper: report latency for each error is false and specific error codes to track for latency are: []
DBWrapper: report latency for each error is false and specific error codes to track for latency are: []
DBWrapper: report latency for each error is false and specific error codes to track for latency are: []
DBWrapper: report latency for each error is false and specific error codes to track for latency are: []
DBWrapper: report latency for each error is false and specific error codes to track for latency are: []
DBWrapper: report latency for each error is false and specific error codes to track for latency are: []
DBWrapper: report latency for each error is false and specific error codes to track for latency are: []
DBWrapper: report latency for each error is false and specific error codes to track for latency are: []
DBWrapper: report latency for each error is false and specific error codes to track for latency are: []
DBWrapper: report latency for each error is false and specific error codes to track for latency are: []
DBWrapper: report latency for each error is false and specific error codes to track for latency are: []
DBWrapper: report latency for each error is false and specific error codes to track for latency are: []
DBWrapper: report latency for each error is false and specific error codes to track for latency are: []
DBWrapper: report latency for each error is false and specific error codes to track for latency are: []
DBWrapper: report latency for each error is false and specific error codes to track for latency are: []
DBWrapper: report latency for each error is false and specific error codes to track for latency are: []
DBWrapper: report latency for each error is false and specific error codes to track for latency are: []
DBWrapper: report latency for each error is false and specific error codes to track for latency are: []
DBWrapper: report latency for each error is false and specific error codes to track for latency are: []
DBWrapper: report latency for each error is false and specific error codes to track for latency are: []
DBWrapper: report latency for each error is false and specific error codes to track for latency are: []
DBWrapper: report latency for each error is false and specific error codes to track for latency are: []
DBWrapper: report latency for each error is false and specific error codes to track for latency are: []
DBWrapper: report latency for each error is false and specific error codes to track for latency are: []
DBWrapper: report latency for each error is false and specific error codes to track for latency are: []
DBWrapper: report latency for each error is false and specific error codes to track for latency are: []
DBWrapper: report latency for each error is false and specific error codes to track for latency are: []
DBWrapper: report latency for each error is false and specific error codes to track for latency are: []
DBWrapper: report latency for each error is false and specific error codes to track for latency are: []
DBWrapper: report latency for each error is false and specific error codes to track for latency are: []
DBWrapper: report latency for each error is false and specific error codes to track for latency are: []
DBWrapper: report latency for each error is false and specific error codes to track for latency are: []
DBWrapper: report latency for each error is false and specific error codes to track for latency are: []
DBWrapper: report latency for each error is false and specific error codes to track for latency are: []
DBWrapper: report latency for each error is false and specific error codes to track for latency are: []
DBWrapper: report latency for each error is false and specific error codes to track for latency are: []
DBWrapper: report latency for each error is false and specific error codes to track for latency are: []
DBWrapper: report latency for each error is false and specific error codes to track for latency are: []
DBWrapper: report latency for each error is false and specific error codes to track for latency are: []
DBWrapper: report latency for each error is false and specific error codes to track for latency are: []
DBWrapper: report latency for each error is false and specific error codes to track for latency are: []
DBWrapper: report latency for each error is false and specific error codes to track for latency are: []
DBWrapper: report latency for each error is false and specific error codes to track for latency are: []
DBWrapper: report latency for each error is false and specific error codes to track for latency are: []
DBWrapper: report latency for each error is false and specific error codes to track for latency are: []
DBWrapper: report latency for each error is false and specific error codes to track for latency are: []
DBWrapper: report latency for each error is false and specific error codes to track for latency are: []
DBWrapper: report latency for each error is false and specific error codes to track for latency are: []
DBWrapper: report latency for each error is false and specific error codes to track for latency are: []
DBWrapper: report latency for each error is false and specific error codes to track for latency are: []
DBWrapper: report latency for each error is false and specific error codes to track for latency are: []
DBWrapper: report latency for each error is false and specific error codes to track for latency are: []
DBWrapper: report latency for each error is false and specific error codes to track for latency are: []
DBWrapper: report latency for each error is false and specific error codes to track for latency are: []
DBWrapper: report latency for each error is false and specific error codes to track for latency are: []
DBWrapper: report latency for each error is false and specific error codes to track for latency are: []
2020-09-09 16:20:34:250 10 sec: 16268 operations; 1626.64 current ops/sec; est completion in 1 hour 42 minutes [READ: Count=16184, Max=995839, Min=3, Avg=21787.7, 90=39455, 99=233087, 99.9=575487, 99.99=609279] [READ-FAILED: Count=91, Max=74239, Min=0, Avg=9782.18, 90=19727, 99=56895, 99.9=74239, 99.99=74239] 
DBWrapper: report latency for each error is false and specific error codes to track for latency are: []
DBWrapper: report latency for each error is false and specific error codes to track for latency are: []
DBWrapper: report latency for each error is false and specific error codes to track for latency are: []
2020-09-09 16:20:44:249 20 sec: 54035 operations; 3777.08 current ops/sec; est completion in 1 hour 1 minute [READ: Count=37593, Max=1022463, Min=2, Avg=16510.08, 90=26847, 99=520447, 99.9=953855, 99.99=1019903] [READ-FAILED: Count=170, Max=44031, Min=1515, Avg=4916.32, 90=8075, 99=18607, 99.9=44031, 99.99=44031] 
2020-09-09 16:20:54:248 30 sec: 94799 operations; 4076.4 current ops/sec; est completion in 52 minutes [READ: Count=40598, Max=606207, Min=2, Avg=15533.47, 90=31023, 99=123391, 99.9=562175, 99.99=585215] [READ-FAILED: Count=164, Max=129599, Min=1704, Avg=9054.29, 90=20191, 99=94399, 99.9=129599, 99.99=129599] 
2020-09-09 16:21:04:248 40 sec: 132569 operations; 3777 current ops/sec; est completion in 49 minutes [READ: Count=37594, Max=608255, Min=2, Avg=16910.6, 90=31503, 99=517887, 99.9=568831, 99.99=591359] [READ-FAILED: Count=179, Max=73919, Min=2, Avg=4698.69, 90=6911, 99=33151, 99.9=73919, 99.99=73919] 
2020-09-09 16:21:14:248 50 sec: 174898 operations; 4232.9 current ops/sec; est completion in 46 minutes [READ: Count=42135, Max=638463, Min=2, Avg=15373.07, 90=27279, 99=516351, 99.9=577535, 99.99=624639] [READ-FAILED: Count=190, Max=130879, Min=2, Avg=6713.97, 90=9271, 99=50815, 99.9=130879, 99.99=130879] 
2020-09-09 16:21:24:249 60 sec: 217524 operations; 4262.6 current ops/sec; est completion in 44 minutes [READ: Count=42459, Max=613887, Min=2, Avg=14928.64, 90=30575, 99=102719, 99.9=550399, 99.99=605695] [READ-FAILED: Count=170, Max=39295, Min=1759, Avg=8312.73, 90=20383, 99=31359, 99.9=39295, 99.99=39295] 
2020-09-09 16:21:34:248 70 sec: 259714 operations; 4219 current ops/sec; est completion in 43 minutes [READ: Count=42015, Max=693759, Min=2, Avg=15359.98, 90=29951, 99=146687, 99.9=573439, 99.99=617983] [READ-FAILED: Count=176, Max=86335, Min=1704, Avg=4746.58, 90=6175, 99=21295, 99.9=86335, 99.99=86335] 
2020-09-09 16:21:44:248 80 sec: 301309 operations; 4159.5 current ops/sec; est completion in 42 minutes [READ: Count=41417, Max=616959, Min=2, Avg=15241.88, 90=26399, 99=518911, 99.9=568319, 99.99=611839] [READ-FAILED: Count=181, Max=107711, Min=1, Avg=5014.51, 90=6231, 99=38975, 99.9=107711, 99.99=107711] 
2020-09-09 16:21:54:248 90 sec: 338696 operations; 3738.7 current ops/sec; est completion in 42 minutes [READ: Count=37211, Max=654847, Min=2, Avg=17183.25, 90=29807, 99=520447, 99.9=562175, 99.99=627199] [READ-FAILED: Count=171, Max=40863, Min=1, Avg=4425.05, 90=6839, 99=27695, 99.9=40863, 99.99=40863] 
2020-09-09 16:22:04:258 100 sec: 376970 operations; 3827.4 current ops/sec; est completion in 42 minutes [READ: Count=38116, Max=601599, Min=2, Avg=16986.49, 90=28303, 99=521727, 99.9=562175, 99.99=596991] [READ-FAILED: Count=169, Max=18719, Min=2, Avg=3812.46, 90=6035, 99=14167, 99.9=18719, 99.99=18719] 
2020-09-09 16:22:14:248 110 sec: 418749 operations; 4177.9 current ops/sec; est completion in 41 minutes [READ: Count=41582, Max=980991, Min=2, Avg=14953.52, 90=28303, 99=138879, 99.9=591359, 99.99=976895] [READ-FAILED: Count=187, Max=15727, Min=1675, Avg=4301.45, 90=7683, 99=14943, 99.9=15727, 99.99=15727] 
2020-09-09 16:22:24:248 120 sec: 460018 operations; 4126.9 current ops/sec; est completion in 41 minutes [READ: Count=41079, Max=1021439, Min=2, Avg=15915.11, 90=30719, 99=173439, 99.9=567295, 99.99=1017343] [READ-FAILED: Count=193, Max=132479, Min=1, Avg=6995.61, 90=13039, 99=34047, 99.9=132479, 99.99=132479] 
2020-09-09 16:22:34:248 130 sec: 498553 operations; 3853.5 current ops/sec; est completion in 41 minutes [READ: Count=38341, Max=643583, Min=2, Avg=16694.84, 90=32495, 99=510975, 99.9=577023, 99.99=605183] [READ-FAILED: Count=195, Max=56223, Min=1, Avg=6365.32, 90=15031, 99=45311, 99.9=56223, 99.99=56223] 
2020-09-09 16:22:44:248 140 sec: 544699 operations; 4614.6 current ops/sec; est completion in 40 minutes [READ: Count=45927, Max=602111, Min=2, Avg=13878.52, 90=29183, 99=98111, 99.9=565247, 99.99=591871] [READ-FAILED: Count=218, Max=111167, Min=1644, Avg=5413.42, 90=7835, 99=37343, 99.9=111167, 99.99=111167] 
2020-09-09 16:22:54:249 150 sec: 583430 operations; 3873.1 current ops/sec; est completion in 40 minutes [READ: Count=38584, Max=599039, Min=2, Avg=16572.01, 90=29359, 99=518655, 99.9=564223, 99.99=593407] [READ-FAILED: Count=148, Max=19983, Min=1611, Avg=3927.59, 90=6095, 99=18687, 99.9=19983, 99.99=19983] 
2020-09-09 16:23:04:249 160 sec: 621894 operations; 3846.02 current ops/sec; est completion in 40 minutes [READ: Count=38286, Max=661503, Min=2, Avg=16676.41, 90=28879, 99=519935, 99.9=568831, 99.99=598015] [READ-FAILED: Count=180, Max=114879, Min=1, Avg=5714.84, 90=9831, 99=25935, 99.9=114879, 99.99=114879] 
2020-09-09 16:23:14:248 170 sec: 665833 operations; 4394.34 current ops/sec; est completion in 39 minutes [READ: Count=43695, Max=653823, Min=2, Avg=14402.77, 90=28399, 99=116927, 99.9=565247, 99.99=605695] [READ-FAILED: Count=236, Max=95615, Min=2, Avg=5081.92, 90=7027, 99=20399, 99.9=95615, 99.99=95615] 
2020-09-09 16:23:24:248 180 sec: 705321 operations; 3948.8 current ops/sec; est completion in 39 minutes [READ: Count=39322, Max=615423, Min=2, Avg=16320.48, 90=31519, 99=517887, 99.9=580095, 99.99=610303] [READ-FAILED: Count=167, Max=62367, Min=1420, Avg=4880.83, 90=7235, 99=32127, 99.9=62367, 99.99=62367] 
2020-09-09 16:23:34:248 190 sec: 745804 operations; 4048.3 current ops/sec; est completion in 39 minutes [READ: Count=40290, Max=623615, Min=2, Avg=15919.73, 90=30063, 99=518143, 99.9=564223, 99.99=592895] [READ-FAILED: Count=196, Max=27039, Min=1758, Avg=4825.66, 90=7939, 99=23503, 99.9=27039, 99.99=27039] 
2020-09-09 16:23:44:248 200 sec: 787438 operations; 4163.4 current ops/sec; est completion in 39 minutes [READ: Count=41429, Max=599039, Min=2, Avg=15536.51, 90=28527, 99=516095, 99.9=552447, 99.99=590847] [READ-FAILED: Count=201, Max=32383, Min=1780, Avg=4367.35, 90=7259, 99=19375, 99.9=32383, 99.99=32383] 
2020-09-09 16:23:54:249 210 sec: 824629 operations; 3719.1 current ops/sec; est completion in 38 minutes [READ: Count=37038, Max=638975, Min=2, Avg=17172.68, 90=28639, 99=521983, 99.9=553983, 99.99=591871] [READ-FAILED: Count=154, Max=151039, Min=1455, Avg=5934.73, 90=11327, 99=25615, 99.9=151039, 99.99=151039] 
2020-09-09 16:24:04:249 220 sec: 857888 operations; 3325.9 current ops/sec; est completion in 39 minutes [READ: Count=33117, Max=1030143, Min=2, Avg=19312.42, 90=30367, 99=526847, 99.9=852991, 99.99=1028607] [READ-FAILED: Count=143, Max=61695, Min=1432, Avg=4959.64, 90=7723, 99=33183, 99.9=61695, 99.99=61695] 
2020-09-09 16:24:14:248 230 sec: 902523 operations; 4463.5 current ops/sec; est completion in 38 minutes [READ: Count=44418, Max=661503, Min=2, Avg=14379.17, 90=29311, 99=112191, 99.9=564223, 99.99=613887] [READ-FAILED: Count=217, Max=137983, Min=1685, Avg=5703.42, 90=8359, 99=33631, 99.9=137983, 99.99=137983] 
2020-09-09 16:24:24:248 240 sec: 945066 operations; 4254.3 current ops/sec; est completion in 38 minutes [READ: Count=42331, Max=615423, Min=2, Avg=14976.41, 90=28703, 99=159231, 99.9=544255, 99.99=592895] [READ-FAILED: Count=209, Max=131711, Min=2, Avg=5523.16, 90=7691, 99=26815, 99.9=131711, 99.99=131711] 
2020-09-09 16:24:34:248 250 sec: 975397 operations; 3033.1 current ops/sec; est completion in 38 minutes [READ: Count=30194, Max=720895, Min=2, Avg=21380.56, 90=34431, 99=530431, 99.9=577023, 99.99=671743] [READ-FAILED: Count=142, Max=22927, Min=1, Avg=4221.27, 90=6383, 99=22895, 99.9=22927, 99.99=22927] 
2020-09-09 16:24:44:248 260 sec: 1014926 operations; 3952.9 current ops/sec; est completion in 38 minutes [READ: Count=39363, Max=623615, Min=2, Avg=16100.85, 90=28015, 99=518143, 99.9=559615, 99.99=598015] [READ-FAILED: Count=164, Max=28431, Min=2, Avg=4329.13, 90=6851, 99=15335, 99.9=28431, 99.99=28431] 
2020-09-09 16:24:54:249 270 sec: 1059810 operations; 4488.4 current ops/sec; est completion in 37 minutes [READ: Count=44690, Max=599039, Min=2, Avg=14411.06, 90=27519, 99=104063, 99.9=551935, 99.99=593407] [READ-FAILED: Count=196, Max=42847, Min=1, Avg=5087.36, 90=9415, 99=21967, 99.9=42847, 99.99=42847] 
2020-09-09 16:25:04:249 280 sec: 1091961 operations; 3215.1 current ops/sec; est completion in 38 minutes [READ: Count=31995, Max=975871, Min=2, Avg=19676.81, 90=27887, 99=529407, 99.9=562687, 99.99=716287] [READ-FAILED: Count=154, Max=35135, Min=1, Avg=4281.47, 90=7439, 99=19695, 99.9=35135, 99.99=35135] 
2020-09-09 16:25:14:249 290 sec: 1124349 operations; 3238.8 current ops/sec; est completion in 38 minutes [READ: Count=32249, Max=1014783, Min=2, Avg=19892.25, 90=32799, 99=527359, 99.9=877567, 99.99=1001471] [READ-FAILED: Count=142, Max=14959, Min=1, Avg=3579.65, 90=5735, 99=14111, 99.9=14959, 99.99=14959] 
2020-09-09 16:25:24:248 300 sec: 1164190 operations; 3984.1 current ops/sec; est completion in 37 minutes [READ: Count=39646, Max=599039, Min=2, Avg=16248.12, 90=28063, 99=518143, 99.9=556031, 99.99=591359] [READ-FAILED: Count=189, Max=97983, Min=1820, Avg=6067.44, 90=10279, 99=41343, 99.9=97983, 99.99=97983] 
Maximum time elapsed. Requesting stop for the workload.
Stop requested for workload. Now Joining!
[36m16:25:24.885[m [[34;1mINFO[m] [1;34mp.u.t.s.y.Stats.clientFinished@38[m: 
Ended SconeKV benchmark.
Number of clients: 64
Total transactions: 231583
Committed: 231583 (100.0%)
Aborted: 0 (0.0%)
2020-09-09 16:25:24:887 300 sec: 1164912 operations; 1131.66 current ops/sec; est completion in 38 minutes [READ: Count=716, Max=525823, Min=4, Avg=26111.98, 90=38559, 99=519679, 99.9=523519, 99.99=525823] [CLEANUP: Count=64, Max=1396, Min=2, Avg=25.62, 90=5, 99=20, 99.9=1396, 99.99=1396] [READ-FAILED: Count=6, Max=12015, Min=3076, Avg=5958.5, 90=8191, 99=12015, 99.9=12015, 99.99=12015] 
[OVERALL], RunTime(ms), 300639
[OVERALL], Throughput(ops/sec), 3874.786704319799
[TOTAL_GCS_G1_Young_Generation], Count, 178
[TOTAL_GC_TIME_G1_Young_Generation], Time(ms), 1754
[TOTAL_GC_TIME_%_G1_Young_Generation], Time(%), 0.5834239736028926
[TOTAL_GCS_G1_Old_Generation], Count, 0
[TOTAL_GC_TIME_G1_Old_Generation], Time(ms), 0
[TOTAL_GC_TIME_%_G1_Old_Generation], Time(%), 0.0
[TOTAL_GCs], Count, 178
[TOTAL_GC_TIME], Time(ms), 1754
[TOTAL_GC_TIME_%], Time(%), 0.5834239736028926
[READ], Operations, 1159614
[READ], AverageLatency(us), 16279.047818498224
[READ], MinLatency(us), 2
[READ], MaxLatency(us), 1030143
[READ], 95thPercentileLatency(us), 39999
[READ], 99thPercentileLatency(us), 517631
[READ], Return=OK, 1159614
[READ], Return=NOT_FOUND, 5298
[CLEANUP], Operations, 64
[CLEANUP], AverageLatency(us), 25.625
[CLEANUP], MinLatency(us), 2
[CLEANUP], MaxLatency(us), 1396
[CLEANUP], 95thPercentileLatency(us), 8
[CLEANUP], 99thPercentileLatency(us), 20
[READ-FAILED], Operations, 5298
[READ-FAILED], AverageLatency(us), 5394.58758021895
[READ-FAILED], MinLatency(us), 0
[READ-FAILED], MaxLatency(us), 151039
[READ-FAILED], 95thPercentileLatency(us), 14615
[READ-FAILED], 99thPercentileLatency(us), 33151
