Command line: -t -db pt.ulisboa.tecnico.sconekv.ycsb.SconeKVClient -P workloadf -threads 128 -s -p scone.tx_size=5 -p operationcount=10000000 -p maxexecutiontime=300
YCSB Client 0.17.0

Loading workload...
Starting test.
WARNING: sun.reflect.Reflection.getCallerClass is not supported. This will impact performance.
2020-09-10 11:03:20:846 0 sec: 0 operations; est completion in 0 second 
Maximum execution time specified as: 300 secs
DBWrapper: report latency for each error is false and specific error codes to track for latency are: []
DBWrapper: report latency for each error is false and specific error codes to track for latency are: []
DBWrapper: report latency for each error is false and specific error codes to track for latency are: []
DBWrapper: report latency for each error is false and specific error codes to track for latency are: []
DBWrapper: report latency for each error is false and specific error codes to track for latency are: []
DBWrapper: report latency for each error is false and specific error codes to track for latency are: []
DBWrapper: report latency for each error is false and specific error codes to track for latency are: []
DBWrapper: report latency for each error is false and specific error codes to track for latency are: []
DBWrapper: report latency for each error is false and specific error codes to track for latency are: []
DBWrapper: report latency for each error is false and specific error codes to track for latency are: []
DBWrapper: report latency for each error is false and specific error codes to track for latency are: []
DBWrapper: report latency for each error is false and specific error codes to track for latency are: []
DBWrapper: report latency for each error is false and specific error codes to track for latency are: []
DBWrapper: report latency for each error is false and specific error codes to track for latency are: []
DBWrapper: report latency for each error is false and specific error codes to track for latency are: []
DBWrapper: report latency for each error is false and specific error codes to track for latency are: []
DBWrapper: report latency for each error is false and specific error codes to track for latency are: []
DBWrapper: report latency for each error is false and specific error codes to track for latency are: []
DBWrapper: report latency for each error is false and specific error codes to track for latency are: []
DBWrapper: report latency for each error is false and specific error codes to track for latency are: []
DBWrapper: report latency for each error is false and specific error codes to track for latency are: []
DBWrapper: report latency for each error is false and specific error codes to track for latency are: []
DBWrapper: report latency for each error is false and specific error codes to track for latency are: []
DBWrapper: report latency for each error is false and specific error codes to track for latency are: []
DBWrapper: report latency for each error is false and specific error codes to track for latency are: []
DBWrapper: report latency for each error is false and specific error codes to track for latency are: []
DBWrapper: report latency for each error is false and specific error codes to track for latency are: []
DBWrapper: report latency for each error is false and specific error codes to track for latency are: []
DBWrapper: report latency for each error is false and specific error codes to track for latency are: []
DBWrapper: report latency for each error is false and specific error codes to track for latency are: []
DBWrapper: report latency for each error is false and specific error codes to track for latency are: []
DBWrapper: report latency for each error is false and specific error codes to track for latency are: []
DBWrapper: report latency for each error is false and specific error codes to track for latency are: []
DBWrapper: report latency for each error is false and specific error codes to track for latency are: []
DBWrapper: report latency for each error is false and specific error codes to track for latency are: []
DBWrapper: report latency for each error is false and specific error codes to track for latency are: []
DBWrapper: report latency for each error is false and specific error codes to track for latency are: []
DBWrapper: report latency for each error is false and specific error codes to track for latency are: []
DBWrapper: report latency for each error is false and specific error codes to track for latency are: []
DBWrapper: report latency for each error is false and specific error codes to track for latency are: []
DBWrapper: report latency for each error is false and specific error codes to track for latency are: []
DBWrapper: report latency for each error is false and specific error codes to track for latency are: []
DBWrapper: report latency for each error is false and specific error codes to track for latency are: []
DBWrapper: report latency for each error is false and specific error codes to track for latency are: []
DBWrapper: report latency for each error is false and specific error codes to track for latency are: []
DBWrapper: report latency for each error is false and specific error codes to track for latency are: []
DBWrapper: report latency for each error is false and specific error codes to track for latency are: []
DBWrapper: report latency for each error is false and specific error codes to track for latency are: []
DBWrapper: report latency for each error is false and specific error codes to track for latency are: []
DBWrapper: report latency for each error is false and specific error codes to track for latency are: []
DBWrapper: report latency for each error is false and specific error codes to track for latency are: []
DBWrapper: report latency for each error is false and specific error codes to track for latency are: []
DBWrapper: report latency for each error is false and specific error codes to track for latency are: []
DBWrapper: report latency for each error is false and specific error codes to track for latency are: []
DBWrapper: report latency for each error is false and specific error codes to track for latency are: []
DBWrapper: report latency for each error is false and specific error codes to track for latency are: []
DBWrapper: report latency for each error is false and specific error codes to track for latency are: []
DBWrapper: report latency for each error is false and specific error codes to track for latency are: []
DBWrapper: report latency for each error is false and specific error codes to track for latency are: []
DBWrapper: report latency for each error is false and specific error codes to track for latency are: []
DBWrapper: report latency for each error is false and specific error codes to track for latency are: []
DBWrapper: report latency for each error is false and specific error codes to track for latency are: []
DBWrapper: report latency for each error is false and specific error codes to track for latency are: []
DBWrapper: report latency for each error is false and specific error codes to track for latency are: []
DBWrapper: report latency for each error is false and specific error codes to track for latency are: []
DBWrapper: report latency for each error is false and specific error codes to track for latency are: []
DBWrapper: report latency for each error is false and specific error codes to track for latency are: []
DBWrapper: report latency for each error is false and specific error codes to track for latency are: []
DBWrapper: report latency for each error is false and specific error codes to track for latency are: []
DBWrapper: report latency for each error is false and specific error codes to track for latency are: []
DBWrapper: report latency for each error is false and specific error codes to track for latency are: []
DBWrapper: report latency for each error is false and specific error codes to track for latency are: []
DBWrapper: report latency for each error is false and specific error codes to track for latency are: []
DBWrapper: report latency for each error is false and specific error codes to track for latency are: []
DBWrapper: report latency for each error is false and specific error codes to track for latency are: []
DBWrapper: report latency for each error is false and specific error codes to track for latency are: []
DBWrapper: report latency for each error is false and specific error codes to track for latency are: []
DBWrapper: report latency for each error is false and specific error codes to track for latency are: []
DBWrapper: report latency for each error is false and specific error codes to track for latency are: []
DBWrapper: report latency for each error is false and specific error codes to track for latency are: []
DBWrapper: report latency for each error is false and specific error codes to track for latency are: []
DBWrapper: report latency for each error is false and specific error codes to track for latency are: []
DBWrapper: report latency for each error is false and specific error codes to track for latency are: []
DBWrapper: report latency for each error is false and specific error codes to track for latency are: []
DBWrapper: report latency for each error is false and specific error codes to track for latency are: []
DBWrapper: report latency for each error is false and specific error codes to track for latency are: []
DBWrapper: report latency for each error is false and specific error codes to track for latency are: []
DBWrapper: report latency for each error is false and specific error codes to track for latency are: []
DBWrapper: report latency for each error is false and specific error codes to track for latency are: []
DBWrapper: report latency for each error is false and specific error codes to track for latency are: []
DBWrapper: report latency for each error is false and specific error codes to track for latency are: []
DBWrapper: report latency for each error is false and specific error codes to track for latency are: []
DBWrapper: report latency for each error is false and specific error codes to track for latency are: []
DBWrapper: report latency for each error is false and specific error codes to track for latency are: []
DBWrapper: report latency for each error is false and specific error codes to track for latency are: []
DBWrapper: report latency for each error is false and specific error codes to track for latency are: []
DBWrapper: report latency for each error is false and specific error codes to track for latency are: []
DBWrapper: report latency for each error is false and specific error codes to track for latency are: []
DBWrapper: report latency for each error is false and specific error codes to track for latency are: []
DBWrapper: report latency for each error is false and specific error codes to track for latency are: []
DBWrapper: report latency for each error is false and specific error codes to track for latency are: []
DBWrapper: report latency for each error is false and specific error codes to track for latency are: []
DBWrapper: report latency for each error is false and specific error codes to track for latency are: []
DBWrapper: report latency for each error is false and specific error codes to track for latency are: []
DBWrapper: report latency for each error is false and specific error codes to track for latency are: []
2020-09-10 11:03:30:877 10 sec: 10927 operations; 1091.94 current ops/sec; est completion in 2 hours 32 minutes [READ: Count=10949, Max=1177599, Min=1, Avg=43277.77, 90=106559, 99=380671, 99.9=786943, 99.99=1170431] [READ-MODIFY-WRITE: Count=6078, Max=1349631, Min=10, Avg=47494.11, 90=117567, 99=414975, 99.9=799231, 99.99=1133567] [UPDATE: Count=6133, Max=549375, Min=2, Avg=5302.34, 90=9959, 99=94143, 99.9=234367, 99.99=272639] [READ-FAILED: Count=149, Max=797695, Min=1839, Avg=34301.67, 90=83967, 99=226687, 99.9=797695, 99.99=797695] 
DBWrapper: report latency for each error is false and specific error codes to track for latency are: []
DBWrapper: report latency for each error is false and specific error codes to track for latency are: []
DBWrapper: report latency for each error is false and specific error codes to track for latency are: []
DBWrapper: report latency for each error is false and specific error codes to track for latency are: []
DBWrapper: report latency for each error is false and specific error codes to track for latency are: []
DBWrapper: report latency for each error is false and specific error codes to track for latency are: []
DBWrapper: report latency for each error is false and specific error codes to track for latency are: []
DBWrapper: report latency for each error is false and specific error codes to track for latency are: []
DBWrapper: report latency for each error is false and specific error codes to track for latency are: []
DBWrapper: report latency for each error is false and specific error codes to track for latency are: []
DBWrapper: report latency for each error is false and specific error codes to track for latency are: []
DBWrapper: report latency for each error is false and specific error codes to track for latency are: []
DBWrapper: report latency for each error is false and specific error codes to track for latency are: []
DBWrapper: report latency for each error is false and specific error codes to track for latency are: []
DBWrapper: report latency for each error is false and specific error codes to track for latency are: []
DBWrapper: report latency for each error is false and specific error codes to track for latency are: []
DBWrapper: report latency for each error is false and specific error codes to track for latency are: []
2020-09-10 11:03:40:846 20 sec: 38232 operations; 2732.41 current ops/sec; est completion in 1 hour 26 minutes [READ: Count=26865, Max=1556479, Min=0, Avg=37408.55, 90=75135, 99=386047, 99.9=715775, 99.99=1375231] [READ-MODIFY-WRITE: Count=13124, Max=1562623, Min=3, Avg=41684.35, 90=90239, 99=412671, 99.9=770559, 99.99=1295359] [UPDATE: Count=13089, Max=205695, Min=0, Avg=4511.02, 90=15695, 99=60063, 99.9=145535, 99.99=205439] [READ-FAILED: Count=278, Max=168959, Min=2136, Avg=24961.18, 90=52319, 99=153087, 99.9=168959, 99.99=168959] 
2020-09-10 11:03:50:846 30 sec: 78416 operations; 4018 current ops/sec; est completion in 1 hour 3 minutes [READ: Count=39769, Max=1405951, Min=0, Avg=29734.76, 90=55263, 99=541695, 99.9=1026047, 99.99=1386495] [READ-MODIFY-WRITE: Count=19881, Max=1409023, Min=2, Avg=31013.5, 90=61951, 99=545791, 99.9=1030143, 99.99=1385471] [UPDATE: Count=19877, Max=1145855, Min=0, Avg=1891.35, 90=5143, 99=22559, 99.9=92287, 99.99=750591] [READ-FAILED: Count=414, Max=100799, Min=1439, Avg=6854.52, 90=12887, 99=40543, 99.9=100799, 99.99=100799] 
DBWrapper: report latency for each error is false and specific error codes to track for latency are: []
DBWrapper: report latency for each error is false and specific error codes to track for latency are: []
DBWrapper: report latency for each error is false and specific error codes to track for latency are: []
DBWrapper: report latency for each error is false and specific error codes to track for latency are: []
DBWrapper: report latency for each error is false and specific error codes to track for latency are: []
DBWrapper: report latency for each error is false and specific error codes to track for latency are: []
2020-09-10 11:04:00:846 40 sec: 117463 operations; 3905.09 current ops/sec; est completion in 56 minutes [READ: Count=38636, Max=1379327, Min=0, Avg=31799.54, 90=52319, 99=549375, 99.9=995839, 99.99=1321983] [READ-MODIFY-WRITE: Count=19461, Max=1385471, Min=2, Avg=33565.03, 90=60639, 99=556031, 99.9=1127423, 99.99=1337343] [UPDATE: Count=19460, Max=817663, Min=0, Avg=1730.17, 90=4815, 99=19519, 99.9=109823, 99.99=527871] [READ-FAILED: Count=409, Max=197887, Min=1531, Avg=7093.77, 90=10903, 99=41151, 99.9=197887, 99.99=197887] 
2020-09-10 11:04:10:846 50 sec: 155124 operations; 3765.72 current ops/sec; est completion in 52 minutes [READ: Count=37264, Max=1746943, Min=0, Avg=33008.01, 90=58367, 99=545791, 99.9=1126399, 99.99=1502207] [READ-MODIFY-WRITE: Count=18837, Max=1768447, Min=1, Avg=34771.74, 90=66367, 99=552447, 99.9=1132543, 99.99=1541119] [UPDATE: Count=18829, Max=732159, Min=0, Avg=2023.22, 90=4667, 99=24879, 99.9=194175, 99.99=571391] [READ-FAILED: Count=397, Max=115199, Min=1390, Avg=6845.35, 90=11431, 99=47711, 99.9=115199, 99.99=115199] 
2020-09-10 11:04:20:846 60 sec: 189896 operations; 3477.55 current ops/sec; est completion in 51 minutes [READ: Count=34441, Max=1616895, Min=0, Avg=36467.18, 90=63679, 99=571903, 99.9=1181695, 99.99=1539071] [READ-MODIFY-WRITE: Count=17492, Max=1619967, Min=1, Avg=37247.67, 90=69759, 99=574975, 99.9=1176575, 99.99=1574911] [UPDATE: Count=17504, Max=741375, Min=0, Avg=1772.41, 90=4215, 99=23023, 99.9=101055, 99.99=547839] [READ-FAILED: Count=345, Max=146303, Min=1564, Avg=6116.86, 90=10671, 99=41119, 99.9=146303, 99.99=146303] 
2020-09-10 11:04:30:846 70 sec: 230059 operations; 4015.9 current ops/sec; est completion in 49 minutes [READ: Count=39711, Max=1291263, Min=0, Avg=31402.96, 90=58687, 99=544255, 99.9=1012735, 99.99=1268735] [READ-MODIFY-WRITE: Count=20220, Max=1293311, Min=2, Avg=32613.15, 90=64831, 99=548351, 99.9=972287, 99.99=1271807] [UPDATE: Count=20207, Max=547327, Min=1, Avg=1626.46, 90=4619, 99=21727, 99.9=91775, 99.99=354303] [READ-FAILED: Count=438, Max=126719, Min=1581, Avg=7684.14, 90=13815, 99=81471, 99.9=126719, 99.99=126719] 
2020-09-10 11:04:40:846 80 sec: 271286 operations; 4122.7 current ops/sec; est completion in 47 minutes [READ: Count=40804, Max=1242111, Min=0, Avg=30070.03, 90=63295, 99=526847, 99.9=811007, 99.99=1191935] [READ-MODIFY-WRITE: Count=20586, Max=1251327, Min=2, Avg=32040.8, 90=71359, 99=532991, 99.9=870911, 99.99=1204223] [UPDATE: Count=20598, Max=790015, Min=0, Avg=2302.18, 90=5099, 99=27359, 99.9=311039, 99.99=503807] [READ-FAILED: Count=432, Max=400639, Min=1602, Avg=9133.82, 90=14519, 99=112319, 99.9=400639, 99.99=400639] 
2020-09-10 11:04:50:848 90 sec: 308911 operations; 3762.12 current ops/sec; est completion in 47 minutes [READ: Count=37252, Max=2615295, Min=0, Avg=33332.55, 90=57439, 99=556031, 99.9=906239, 99.99=2172927] [READ-MODIFY-WRITE: Count=18700, Max=2619391, Min=1, Avg=35446.07, 90=66239, 99=563199, 99.9=940543, 99.99=2230271] [UPDATE: Count=18700, Max=549375, Min=0, Avg=1705.24, 90=4559, 99=21887, 99.9=105151, 99.99=509439] [READ-FAILED: Count=367, Max=109183, Min=1746, Avg=6417.83, 90=12303, 99=33343, 99.9=109183, 99.99=109183] 
2020-09-10 11:05:00:846 100 sec: 347008 operations; 3810.08 current ops/sec; est completion in 46 minutes [READ: Count=37700, Max=1501183, Min=1, Avg=32789.94, 90=68671, 99=538111, 99.9=888319, 99.99=1259519] [READ-MODIFY-WRITE: Count=19002, Max=1504255, Min=2, Avg=34476.77, 90=77055, 99=544255, 99.9=901631, 99.99=1272831] [UPDATE: Count=18996, Max=668671, Min=1, Avg=1980.49, 90=4847, 99=27199, 99.9=118463, 99.99=454911] [READ-FAILED: Count=391, Max=118399, Min=1397, Avg=7966.3, 90=14311, 99=62111, 99.9=118399, 99.99=118399] 
2020-09-10 11:05:10:846 110 sec: 389490 operations; 4248.2 current ops/sec; est completion in 45 minutes [READ: Count=42050, Max=1212415, Min=0, Avg=29470.97, 90=54687, 99=539135, 99.9=797695, 99.99=1086463] [READ-MODIFY-WRITE: Count=21376, Max=1130495, Min=1, Avg=31244.84, 90=62015, 99=542719, 99.9=826367, 99.99=1089535] [UPDATE: Count=21373, Max=921087, Min=0, Avg=1735.39, 90=4851, 99=20303, 99.9=92607, 99.99=689151] [READ-FAILED: Count=432, Max=145663, Min=1500, Avg=6194.36, 90=10359, 99=30127, 99.9=145663, 99.99=145663] 
2020-09-10 11:05:20:846 120 sec: 425198 operations; 3570.8 current ops/sec; est completion in 45 minutes [READ: Count=35357, Max=1272831, Min=0, Avg=35129.84, 90=61471, 99=562175, 99.9=1027071, 99.99=1218559] [READ-MODIFY-WRITE: Count=17870, Max=1277951, Min=2, Avg=35741.38, 90=67839, 99=569343, 99.9=1015295, 99.99=1215487] [UPDATE: Count=17863, Max=1101823, Min=1, Avg=1963.36, 90=4811, 99=21855, 99.9=117567, 99.99=573439] [READ-FAILED: Count=357, Max=92287, Min=1610, Avg=6429.33, 90=10975, 99=32303, 99.9=92287, 99.99=92287] 
2020-09-10 11:05:30:846 130 sec: 469332 operations; 4413.4 current ops/sec; est completion in 44 minutes [READ: Count=43714, Max=1270783, Min=0, Avg=28264.3, 90=49855, 99=535551, 99.9=928255, 99.99=1167359] [READ-MODIFY-WRITE: Count=22156, Max=1215487, Min=2, Avg=29550.62, 90=56959, 99=538623, 99.9=893951, 99.99=1137663] [UPDATE: Count=22174, Max=545279, Min=0, Avg=1651.38, 90=4751, 99=18319, 99.9=106559, 99.99=528895] [READ-FAILED: Count=419, Max=100159, Min=1279, Avg=6214.28, 90=10319, 99=42655, 99.9=100159, 99.99=100159] 
2020-09-10 11:05:40:846 140 sec: 509174 operations; 3984.2 current ops/sec; est completion in 43 minutes [READ: Count=39472, Max=1293311, Min=0, Avg=31670.02, 90=60991, 99=541183, 99.9=817663, 99.99=999935] [READ-MODIFY-WRITE: Count=19924, Max=1332223, Min=2, Avg=34119.9, 90=69631, 99=552959, 99.9=837119, 99.99=1004031] [UPDATE: Count=19947, Max=709631, Min=0, Avg=1855.21, 90=5067, 99=24223, 99.9=99263, 99.99=552447] [READ-FAILED: Count=374, Max=105471, Min=1319, Avg=7261.34, 90=13063, 99=48863, 99.9=105471, 99.99=105471] 
2020-09-10 11:05:50:846 150 sec: 550652 operations; 4148.21 current ops/sec; est completion in 42 minutes [READ: Count=41083, Max=1755135, Min=0, Avg=29997.67, 90=51359, 99=540159, 99.9=1121279, 99.99=1462271] [READ-MODIFY-WRITE: Count=20663, Max=1782783, Min=1, Avg=31625.07, 90=58783, 99=544767, 99.9=1070079, 99.99=1448959] [UPDATE: Count=20625, Max=858111, Min=0, Avg=1748.08, 90=4987, 99=19583, 99.9=88255, 99.99=570367] [READ-FAILED: Count=391, Max=93119, Min=1766, Avg=6812.73, 90=11823, 99=29231, 99.9=93119, 99.99=93119] 
2020-09-10 11:06:00:846 160 sec: 591213 operations; 4055.69 current ops/sec; est completion in 42 minutes [READ: Count=40196, Max=1093631, Min=0, Avg=30909.36, 90=58911, 99=537599, 99.9=807935, 99.99=1055743] [READ-MODIFY-WRITE: Count=20212, Max=1132543, Min=2, Avg=32748.96, 90=68223, 99=542207, 99.9=821759, 99.99=1085439] [UPDATE: Count=20215, Max=531967, Min=0, Avg=1882.84, 90=5027, 99=25583, 99.9=107775, 99.99=400895] [READ-FAILED: Count=364, Max=153343, Min=1372, Avg=7788.14, 90=14647, 99=47807, 99.9=153343, 99.99=153343] 
2020-09-10 11:06:10:846 170 sec: 631546 operations; 4033.7 current ops/sec; est completion in 42 minutes [READ: Count=39962, Max=1540095, Min=0, Avg=31317.76, 90=54463, 99=544767, 99.9=1151999, 99.99=1523711] [READ-MODIFY-WRITE: Count=20103, Max=1547263, Min=2, Avg=33323.42, 90=62559, 99=553983, 99.9=1241087, 99.99=1530879] [UPDATE: Count=20121, Max=565759, Min=0, Avg=1665.18, 90=4631, 99=20463, 99.9=93823, 99.99=484863] [READ-FAILED: Count=369, Max=94399, Min=1569, Avg=6064.75, 90=10895, 99=35135, 99.9=94399, 99.99=94399] 
2020-09-10 11:06:20:846 180 sec: 673562 operations; 4201.18 current ops/sec; est completion in 41 minutes [READ: Count=41585, Max=1695743, Min=0, Avg=29422.94, 90=55327, 99=534527, 99.9=819199, 99.99=1007615] [READ-MODIFY-WRITE: Count=21029, Max=1059839, Min=1, Avg=30861.47, 90=63327, 99=538111, 99.9=840191, 99.99=1012735] [UPDATE: Count=21007, Max=883711, Min=0, Avg=1907.96, 90=5223, 99=23423, 99.9=102847, 99.99=522495] [READ-FAILED: Count=427, Max=111231, Min=1458, Avg=8189.61, 90=15487, 99=58367, 99.9=111231, 99.99=111231] 
2020-09-10 11:06:30:853 190 sec: 711107 operations; 3752.62 current ops/sec; est completion in 41 minutes [READ: Count=37194, Max=1573887, Min=0, Avg=33679.35, 90=54207, 99=564223, 99.9=1274879, 99.99=1561599] [READ-MODIFY-WRITE: Count=18678, Max=1583103, Min=2, Avg=35202.69, 90=60735, 99=577023, 99.9=1279999, 99.99=1545215] [UPDATE: Count=18689, Max=1075199, Min=0, Avg=2091.07, 90=5043, 99=20623, 99.9=138751, 99.99=664575] [READ-FAILED: Count=360, Max=82687, Min=1551, Avg=6364.94, 90=11567, 99=30431, 99.9=82687, 99.99=82687] 
2020-09-10 11:06:40:846 200 sec: 755011 operations; 4392.6 current ops/sec; est completion in 40 minutes [READ: Count=43508, Max=1192959, Min=0, Avg=27914.38, 90=55039, 99=527871, 99.9=694271, 99.99=1097727] [READ-MODIFY-WRITE: Count=21965, Max=1204223, Min=1, Avg=29997.44, 90=62975, 99=536063, 99.9=707071, 99.99=1099775] [UPDATE: Count=21959, Max=527871, Min=0, Avg=1841.42, 90=5099, 99=21135, 99.9=104895, 99.99=525311] [READ-FAILED: Count=388, Max=103999, Min=1679, Avg=6734.94, 90=12559, 99=36447, 99.9=103999, 99.99=103999] 
2020-09-10 11:06:50:846 210 sec: 794111 operations; 3910.39 current ops/sec; est completion in 40 minutes [READ: Count=38750, Max=1842175, Min=0, Avg=32209.11, 90=53183, 99=554495, 99.9=1155071, 99.99=1789951] [READ-MODIFY-WRITE: Count=19527, Max=1849343, Min=1, Avg=33576.48, 90=59455, 99=558079, 99.9=1162239, 99.99=1822719] [UPDATE: Count=19542, Max=809471, Min=0, Avg=1724.37, 90=4415, 99=21103, 99.9=112703, 99.99=546815] [READ-FAILED: Count=355, Max=114175, Min=1668, Avg=6471.91, 90=10927, 99=54783, 99.9=114175, 99.99=114175] 
2020-09-10 11:07:00:846 220 sec: 832801 operations; 3868.61 current ops/sec; est completion in 40 minutes [READ: Count=38332, Max=1628159, Min=0, Avg=32780.15, 90=56255, 99=550911, 99.9=1178623, 99.99=1416191] [READ-MODIFY-WRITE: Count=19223, Max=1452031, Min=2, Avg=34874.08, 90=64223, 99=559615, 99.9=1149951, 99.99=1421311] [UPDATE: Count=19207, Max=972287, Min=0, Avg=1853.12, 90=4687, 99=21839, 99.9=129855, 99.99=528383] [READ-FAILED: Count=353, Max=123071, Min=1574, Avg=6456.33, 90=11447, 99=26815, 99.9=123071, 99.99=123071] 
2020-09-10 11:07:10:846 230 sec: 871495 operations; 3869.4 current ops/sec; est completion in 40 minutes [READ: Count=38346, Max=1164287, Min=0, Avg=32520.9, 90=56063, 99=550399, 99.9=845311, 99.99=989695] [READ-MODIFY-WRITE: Count=19431, Max=1166335, Min=1, Avg=34182.4, 90=64319, 99=554495, 99.9=877055, 99.99=992767] [UPDATE: Count=19443, Max=626687, Min=0, Avg=1760.17, 90=4671, 99=21567, 99.9=129599, 99.99=491775] [READ-FAILED: Count=362, Max=114751, Min=1449, Avg=6221.63, 90=9575, 99=41951, 99.9=114751, 99.99=114751] 
2020-09-10 11:07:20:846 240 sec: 908375 operations; 3688 current ops/sec; est completion in 40 minutes [READ: Count=36561, Max=1393663, Min=0, Avg=33974.37, 90=63295, 99=551935, 99.9=833023, 99.99=1211391] [READ-MODIFY-WRITE: Count=18632, Max=1368063, Min=2, Avg=35931.26, 90=69631, 99=561663, 99.9=852991, 99.99=1020415] [UPDATE: Count=18628, Max=706047, Min=0, Avg=1773.34, 90=4643, 99=23439, 99.9=105087, 99.99=555519] [READ-FAILED: Count=325, Max=98815, Min=1592, Avg=7133.16, 90=13727, 99=49215, 99.9=98815, 99.99=98815] 
2020-09-10 11:07:30:846 250 sec: 950146 operations; 4177.1 current ops/sec; est completion in 39 minutes [READ: Count=41389, Max=1415167, Min=0, Avg=29895.62, 90=56959, 99=535039, 99.9=930303, 99.99=1203199] [READ-MODIFY-WRITE: Count=20939, Max=1394687, Min=1, Avg=31785.13, 90=63839, 99=545791, 99.9=937471, 99.99=1131519] [UPDATE: Count=20935, Max=535039, Min=0, Avg=1533.26, 90=4635, 99=18671, 99.9=73791, 99.99=345343] [READ-FAILED: Count=362, Max=73023, Min=1725, Avg=6129.96, 90=10959, 99=29711, 99.9=73023, 99.99=73023] 
2020-09-10 11:07:40:846 260 sec: 988546 operations; 3840 current ops/sec; est completion in 39 minutes [READ: Count=38067, Max=1349631, Min=0, Avg=32302.12, 90=57631, 99=540671, 99.9=879103, 99.99=1264639] [READ-MODIFY-WRITE: Count=19075, Max=1342463, Min=2, Avg=34314.5, 90=66687, 99=549375, 99.9=900095, 99.99=1259519] [UPDATE: Count=19083, Max=556543, Min=1, Avg=1917.73, 90=4667, 99=22927, 99.9=119743, 99.99=520703] [READ-FAILED: Count=335, Max=448511, Min=1794, Avg=8221.9, 90=12839, 99=50655, 99.9=448511, 99.99=448511] 
2020-09-10 11:07:50:848 270 sec: 1031453 operations; 4290.7 current ops/sec; est completion in 39 minutes [READ: Count=42551, Max=1717247, Min=0, Avg=29710.93, 90=52831, 99=538623, 99.9=1113087, 99.99=1616895] [READ-MODIFY-WRITE: Count=21406, Max=1606655, Min=2, Avg=30980.82, 90=60223, 99=543231, 99.9=1038847, 99.99=1468415] [UPDATE: Count=21398, Max=520703, Min=1, Avg=1599.25, 90=4847, 99=18687, 99.9=62943, 99.99=467967] [READ-FAILED: Count=364, Max=130175, Min=1491, Avg=7733.99, 90=14191, 99=42207, 99.9=130175, 99.99=130175] 
2020-09-10 11:08:00:846 280 sec: 1070766 operations; 3931.3 current ops/sec; est completion in 38 minutes [READ: Count=38989, Max=1504255, Min=0, Avg=31097.61, 90=56831, 99=544255, 99.9=894463, 99.99=1248255] [READ-MODIFY-WRITE: Count=19615, Max=1338367, Min=2, Avg=32356.16, 90=63423, 99=551935, 99.9=869375, 99.99=1102847] [UPDATE: Count=19604, Max=574463, Min=0, Avg=1597.74, 90=4499, 99=19439, 99.9=95103, 99.99=517887] [READ-FAILED: Count=313, Max=133631, Min=1471, Avg=6103.81, 90=10599, 99=29663, 99.9=133631, 99.99=133631] 
2020-09-10 11:08:10:846 290 sec: 1112075 operations; 4131.31 current ops/sec; est completion in 38 minutes [READ: Count=40974, Max=1271807, Min=0, Avg=30720.15, 90=55743, 99=535551, 99.9=1001471, 99.99=1216511] [READ-MODIFY-WRITE: Count=20726, Max=1241087, Min=1, Avg=32685.1, 90=63103, 99=545791, 99.9=1012223, 99.99=1238015] [UPDATE: Count=20729, Max=972287, Min=0, Avg=1758.94, 90=4983, 99=20767, 99.9=117055, 99.99=321791] [READ-FAILED: Count=335, Max=144639, Min=1576, Avg=6672.21, 90=11415, 99=42655, 99.9=144639, 99.99=144639] 
2020-09-10 11:08:20:846 300 sec: 1151483 operations; 3940.41 current ops/sec; est completion in 38 minutes [READ: Count=39108, Max=1552383, Min=0, Avg=31982.53, 90=54431, 99=546815, 99.9=1082367, 99.99=1492991] [READ-MODIFY-WRITE: Count=19738, Max=1584127, Min=1, Avg=33463.69, 90=61663, 99=552447, 99.9=1199103, 99.99=1479679] [UPDATE: Count=19766, Max=531455, Min=0, Avg=1660.33, 90=4503, 99=19535, 99.9=115903, 99.99=517119] [READ-FAILED: Count=313, Max=255359, Min=1585, Avg=7694.89, 90=10727, 99=72767, 99.9=255359, 99.99=255359] 
Maximum time elapsed. Requesting stop for the workload.
Stop requested for workload. Now Joining!
[36m11:08:21.452[m [[34;1mINFO[m] [1;34mp.u.t.s.y.Stats.clientFinished@38[m: 
Ended SconeKV benchmark.
Number of clients: 128
Total transactions: 254240
Committed: 172223 (67.74032%)
Aborted: 82017 (32.259674%)
2020-09-10 11:08:21:454 300 sec: 1152071 operations; 968.7 current ops/sec; est completion in 38 minutes [READ: Count=567, Max=760831, Min=1, Avg=71199.73, 90=207487, 99=595455, 99.9=707071, 99.99=760831] [READ-MODIFY-WRITE: Count=281, Max=767487, Min=1815, Avg=80314.39, 90=249983, 99=586239, 99.9=767487, 99.99=767487] [CLEANUP: Count=128, Max=1557, Min=2, Avg=16.51, 90=6, 99=19, 99.9=1557, 99.99=1557] [UPDATE: Count=249, Max=44415, Min=1, Avg=2977.45, 90=7751, 99=36607, 99.9=44415, 99.99=44415] [READ-FAILED: Count=7, Max=21855, Min=2258, Avg=8518.57, 90=10855, 99=21855, 99.9=21855, 99.99=21855] 
[OVERALL], RunTime(ms), 300601
[OVERALL], Throughput(ops/sec), 3832.5587739229077
[TOTAL_GCS_G1_Young_Generation], Count, 131
[TOTAL_GC_TIME_G1_Young_Generation], Time(ms), 2382
[TOTAL_GC_TIME_%_G1_Young_Generation], Time(%), 0.7924125335577726
[TOTAL_GCS_G1_Old_Generation], Count, 0
[TOTAL_GC_TIME_G1_Old_Generation], Time(ms), 0
[TOTAL_GC_TIME_%_G1_Old_Generation], Time(%), 0.0
[TOTAL_GCs], Count, 131
[TOTAL_GC_TIME], Time(ms), 2382
[TOTAL_GC_TIME_%], Time(%), 0.7924125335577726
[READ], Operations, 1141146
[READ], AverageLatency(us), 31721.837672830647
[READ], MinLatency(us), 0
[READ], MaxLatency(us), 2615295
[READ], 95thPercentileLatency(us), 113791
[READ], 99thPercentileLatency(us), 543231
[READ], Return=OK, 1141146
[READ], Return=NOT_FOUND, 10925
[READ-MODIFY-WRITE], Operations, 575950
[READ-MODIFY-WRITE], AverageLatency(us), 33473.400600746594
[READ-MODIFY-WRITE], MinLatency(us), 1
[READ-MODIFY-WRITE], MaxLatency(us), 2619391
[READ-MODIFY-WRITE], 95thPercentileLatency(us), 123391
[READ-MODIFY-WRITE], 99thPercentileLatency(us), 550399
[CLEANUP], Operations, 128
[CLEANUP], AverageLatency(us), 16.5078125
[CLEANUP], MinLatency(us), 2
[CLEANUP], MaxLatency(us), 1557
[CLEANUP], 95thPercentileLatency(us), 10
[CLEANUP], 99thPercentileLatency(us), 19
[UPDATE], Operations, 575950
[UPDATE], AverageLatency(us), 1902.1629394912752
[UPDATE], MinLatency(us), 0
[UPDATE], MaxLatency(us), 1145855
[UPDATE], 95thPercentileLatency(us), 8087
[UPDATE], 99thPercentileLatency(us), 23967
[UPDATE], Return=OK, 575950
[READ-FAILED], Operations, 10925
[READ-FAILED], AverageLatency(us), 7814.840823798627
[READ-FAILED], MinLatency(us), 1279
[READ-FAILED], MaxLatency(us), 797695
[READ-FAILED], 95thPercentileLatency(us), 21951
[READ-FAILED], 99thPercentileLatency(us), 70911
