Command line: -t -db pt.ulisboa.tecnico.sconekv.ycsb.SconeKVClient -P workloadb -threads 16 -s -p scone.tx_size=5 -p operationcount=10000000 -p maxexecutiontime=300
YCSB Client 0.17.0

Loading workload...
Starting test.
WARNING: sun.reflect.Reflection.getCallerClass is not supported. This will impact performance.
Maximum execution time specified as: 300 secs
2020-09-09 14:06:50:955 0 sec: 0 operations; est completion in 0 second 
DBWrapper: report latency for each error is false and specific error codes to track for latency are: []
DBWrapper: report latency for each error is false and specific error codes to track for latency are: []
DBWrapper: report latency for each error is false and specific error codes to track for latency are: []
DBWrapper: report latency for each error is false and specific error codes to track for latency are: []
DBWrapper: report latency for each error is false and specific error codes to track for latency are: []
DBWrapper: report latency for each error is false and specific error codes to track for latency are: []
DBWrapper: report latency for each error is false and specific error codes to track for latency are: []
DBWrapper: report latency for each error is false and specific error codes to track for latency are: []
DBWrapper: report latency for each error is false and specific error codes to track for latency are: []
DBWrapper: report latency for each error is false and specific error codes to track for latency are: []
DBWrapper: report latency for each error is false and specific error codes to track for latency are: []
DBWrapper: report latency for each error is false and specific error codes to track for latency are: []
DBWrapper: report latency for each error is false and specific error codes to track for latency are: []
DBWrapper: report latency for each error is false and specific error codes to track for latency are: []
DBWrapper: report latency for each error is false and specific error codes to track for latency are: []
DBWrapper: report latency for each error is false and specific error codes to track for latency are: []
2020-09-09 14:07:00:956 10 sec: 16048 operations; 1604.64 current ops/sec; est completion in 1 hour 43 minutes [READ: Count=15236, Max=546815, Min=1, Avg=8399.04, 90=17039, 99=42143, 99.9=520703, 99.99=542207] [UPDATE: Count=800, Max=546815, Min=23, Avg=9646.68, 90=17023, 99=46207, 99.9=535039, 99.99=546815] [READ-FAILED: Count=17, Max=12823, Min=1937, Avg=3533.71, 90=3863, 99=12823, 99.9=12823, 99.99=12823] 
2020-09-09 14:07:10:955 20 sec: 35360 operations; 1931.2 current ops/sec; est completion in 1 hour 33 minutes [READ: Count=18287, Max=752639, Min=0, Avg=8149.78, 90=15975, 99=42335, 99.9=531455, 99.99=607743] [UPDATE: Count=1002, Max=550399, Min=20, Avg=9564.98, 90=15607, 99=70975, 99.9=528895, 99.99=550399] [READ-FAILED: Count=18, Max=2787, Min=1837, Avg=2354.56, 90=2645, 99=2787, 99.9=2787, 99.99=2787] 
2020-09-09 14:07:20:956 30 sec: 56070 operations; 2071 current ops/sec; est completion in 1 hour 28 minutes [READ: Count=19623, Max=561663, Min=0, Avg=7761.23, 90=15975, 99=36447, 99.9=520447, 99.99=541183] [UPDATE: Count=1066, Max=517887, Min=18, Avg=6728.76, 90=15455, 99=32991, 99.9=515839, 99.99=517887] [READ-FAILED: Count=21, Max=6463, Min=1363, Avg=2643.81, 90=3501, 99=6463, 99.9=6463, 99.99=6463] 
2020-09-09 14:07:30:955 40 sec: 77649 operations; 2157.9 current ops/sec; est completion in 1 hour 25 minutes [READ: Count=20504, Max=545279, Min=0, Avg=7412.97, 90=15719, 99=34847, 99.9=520191, 99.99=540671] [UPDATE: Count=1059, Max=548863, Min=21, Avg=7497.72, 90=16119, 99=31247, 99.9=517887, 99.99=548863] [READ-FAILED: Count=18, Max=18959, Min=1874, Avg=3308.78, 90=3757, 99=18959, 99.9=18959, 99.99=18959] 
2020-09-09 14:07:40:955 50 sec: 98194 operations; 2054.5 current ops/sec; est completion in 1 hour 24 minutes [READ: Count=19447, Max=561151, Min=0, Avg=7742.77, 90=16127, 99=37471, 99.9=526335, 99.99=555007] [UPDATE: Count=1073, Max=525311, Min=18, Avg=8075.71, 90=16367, 99=42911, 99.9=516607, 99.99=525311] [READ-FAILED: Count=23, Max=5323, Min=1747, Avg=2625.09, 90=3163, 99=5323, 99.9=5323, 99.99=5323] 
2020-09-09 14:07:50:955 60 sec: 119668 operations; 2147.4 current ops/sec; est completion in 1 hour 22 minutes [READ: Count=20386, Max=603135, Min=0, Avg=7429.22, 90=15687, 99=33695, 99.9=519423, 99.99=556543] [UPDATE: Count=1071, Max=539647, Min=17, Avg=10014.6, 90=15695, 99=46847, 99.9=530431, 99.99=539647] [READ-FAILED: Count=17, Max=5687, Min=1907, Avg=2759.29, 90=2921, 99=5687, 99.9=5687, 99.99=5687] 
2020-09-09 14:08:00:955 70 sec: 141383 operations; 2171.5 current ops/sec; est completion in 1 hour 21 minutes [READ: Count=20633, Max=1096703, Min=0, Avg=7280.75, 90=16415, 99=40671, 99.9=519679, 99.99=556031] [UPDATE: Count=1062, Max=525823, Min=14, Avg=8395.46, 90=17055, 99=49279, 99.9=520959, 99.99=525823] [READ-FAILED: Count=23, Max=23007, Min=1504, Avg=4069.61, 90=3241, 99=23007, 99.9=23007, 99.99=23007] 
2020-09-09 14:08:10:955 80 sec: 164854 operations; 2347.1 current ops/sec; est completion in 1 hour 19 minutes [READ: Count=22276, Max=571903, Min=0, Avg=6829.16, 90=15799, 99=34591, 99.9=517375, 99.99=570879] [UPDATE: Count=1173, Max=355839, Min=15, Avg=6422.47, 90=15583, 99=34367, 99.9=348927, 99.99=355839] [READ-FAILED: Count=24, Max=4061, Min=1746, Avg=2318.08, 90=2751, 99=4061, 99.9=4061, 99.99=4061] 
2020-09-09 14:08:20:955 90 sec: 185949 operations; 2109.5 current ops/sec; est completion in 1 hour 19 minutes [READ: Count=20028, Max=570879, Min=1, Avg=7483.64, 90=15375, 99=32639, 99.9=531455, 99.99=565247] [UPDATE: Count=1046, Max=532991, Min=16, Avg=8104.94, 90=15039, 99=35551, 99.9=530431, 99.99=532991] [READ-FAILED: Count=16, Max=4435, Min=1745, Avg=2465.75, 90=2675, 99=4435, 99.9=4435, 99.99=4435] 
2020-09-09 14:08:30:955 100 sec: 206324 operations; 2037.5 current ops/sec; est completion in 1 hour 19 minutes [READ: Count=19326, Max=564223, Min=0, Avg=7710.58, 90=15655, 99=34015, 99.9=524799, 99.99=556543] [UPDATE: Count=1032, Max=544767, Min=20, Avg=8340.21, 90=16263, 99=43999, 99.9=515071, 99.99=544767] [READ-FAILED: Count=19, Max=14735, Min=1708, Avg=3219.37, 90=3713, 99=14735, 99.9=14735, 99.99=14735] 
2020-09-09 14:08:40:955 110 sec: 227416 operations; 2109.2 current ops/sec; est completion in 1 hour 18 minutes [READ: Count=19941, Max=1008639, Min=0, Avg=7647.59, 90=15599, 99=46015, 99.9=521471, 99.99=1000959] [UPDATE: Count=1129, Max=520191, Min=14, Avg=8371.79, 90=15271, 99=47551, 99.9=520191, 99.99=520191] [READ-FAILED: Count=24, Max=4155, Min=1799, Avg=2394.42, 90=2853, 99=4155, 99.9=4155, 99.99=4155] 
2020-09-09 14:08:50:956 120 sec: 247379 operations; 1996.3 current ops/sec; est completion in 1 hour 18 minutes [READ: Count=18939, Max=673279, Min=0, Avg=7922.48, 90=16047, 99=42911, 99.9=519935, 99.99=566783] [UPDATE: Count=1006, Max=572415, Min=15, Avg=9243.96, 90=16607, 99=90303, 99.9=534015, 99.99=572415] [READ-FAILED: Count=14, Max=8783, Min=1949, Avg=2850.86, 90=3285, 99=8783, 99.9=8783, 99.99=8783] 
2020-09-09 14:09:00:955 130 sec: 268086 operations; 2070.7 current ops/sec; est completion in 1 hour 18 minutes [READ: Count=19664, Max=1000959, Min=0, Avg=7855.55, 90=15575, 99=38847, 99.9=521215, 99.99=995327] [UPDATE: Count=1027, Max=553983, Min=14, Avg=7638.39, 90=15727, 99=39199, 99.9=544255, 99.99=553983] [READ-FAILED: Count=17, Max=52287, Min=1972, Avg=6847.06, 90=9495, 99=52287, 99.9=52287, 99.99=52287] 
2020-09-09 14:09:10:955 140 sec: 286749 operations; 1866.3 current ops/sec; est completion in 1 hour 19 minutes [READ: Count=17740, Max=625151, Min=0, Avg=8157.59, 90=15799, 99=44351, 99.9=526847, 99.99=558079] [UPDATE: Count=902, Max=545791, Min=15, Avg=10551.93, 90=14863, 99=304127, 99.9=518399, 99.99=545791] [READ-FAILED: Count=21, Max=5607, Min=1846, Avg=2784.48, 90=3925, 99=5607, 99.9=5607, 99.99=5607] 
2020-09-09 14:09:20:955 150 sec: 308544 operations; 2179.5 current ops/sec; est completion in 1 hour 18 minutes [READ: Count=20654, Max=824831, Min=0, Avg=7425.7, 90=15471, 99=31199, 99.9=530431, 99.99=572415] [UPDATE: Count=1121, Max=637951, Min=16, Avg=8203.37, 90=15807, 99=49567, 99.9=524031, 99.99=637951] [READ-FAILED: Count=19, Max=22255, Min=1791, Avg=4296.16, 90=7295, 99=22255, 99.9=22255, 99.99=22255] 
2020-09-09 14:09:30:957 160 sec: 328854 operations; 2030.8 current ops/sec; est completion in 1 hour 18 minutes [READ: Count=19247, Max=1249279, Min=0, Avg=7881.75, 90=14983, 99=33951, 99.9=536063, 99.99=988159] [UPDATE: Count=1044, Max=552447, Min=15, Avg=9351.07, 90=15511, 99=47007, 99.9=551935, 99.99=552447] [READ-FAILED: Count=19, Max=3571, Min=2020, Avg=2430.26, 90=2975, 99=3571, 99.9=3571, 99.99=3571] 
2020-09-09 14:09:40:955 170 sec: 350543 operations; 2169.12 current ops/sec; est completion in 1 hour 18 minutes [READ: Count=20626, Max=559615, Min=0, Avg=7308.53, 90=15391, 99=33151, 99.9=518399, 99.99=552447] [UPDATE: Count=1038, Max=542207, Min=18, Avg=9733.43, 90=15591, 99=65247, 99.9=526847, 99.99=542207] [READ-FAILED: Count=27, Max=3697, Min=1643, Avg=2344.81, 90=2725, 99=3697, 99.9=3697, 99.99=3697] 
2020-09-09 14:09:50:956 180 sec: 373553 operations; 2300.77 current ops/sec; est completion in 1 hour 17 minutes [READ: Count=21833, Max=564223, Min=0, Avg=6853.7, 90=15575, 99=32287, 99.9=516607, 99.99=562175] [UPDATE: Count=1155, Max=528383, Min=16, Avg=7523.26, 90=15615, 99=33951, 99.9=514303, 99.99=528383] [READ-FAILED: Count=20, Max=13503, Min=1597, Avg=3102.15, 90=3533, 99=13503, 99.9=13503, 99.99=13503] 
2020-09-09 14:10:00:955 190 sec: 396608 operations; 2305.73 current ops/sec; est completion in 1 hour 16 minutes [READ: Count=21883, Max=574975, Min=0, Avg=7014.37, 90=15551, 99=32111, 99.9=520703, 99.99=565759] [UPDATE: Count=1159, Max=555519, Min=18, Avg=6809.48, 90=15623, 99=36223, 99.9=409343, 99.99=555519] [READ-FAILED: Count=17, Max=4487, Min=1568, Avg=2774.24, 90=3647, 99=4487, 99.9=4487, 99.99=4487] 
2020-09-09 14:10:10:955 200 sec: 418263 operations; 2165.5 current ops/sec; est completion in 1 hour 16 minutes [READ: Count=20485, Max=553983, Min=0, Avg=7323.66, 90=16023, 99=33247, 99.9=520959, 99.99=548863] [UPDATE: Count=1140, Max=515839, Min=15, Avg=7569.66, 90=16463, 99=37663, 99.9=515327, 99.99=515839] [READ-FAILED: Count=26, Max=4171, Min=1705, Avg=2479.62, 90=2989, 99=4171, 99.9=4171, 99.99=4171] 
2020-09-09 14:10:20:955 210 sec: 440239 operations; 2197.6 current ops/sec; est completion in 1 hour 16 minutes [READ: Count=20918, Max=545791, Min=0, Avg=7282.1, 90=15647, 99=31551, 99.9=520703, 99.99=543743] [UPDATE: Count=1042, Max=541695, Min=17, Avg=7918.6, 90=15783, 99=55391, 99.9=523519, 99.99=541695] [READ-FAILED: Count=19, Max=3235, Min=1775, Avg=2355.26, 90=3015, 99=3235, 99.9=3235, 99.99=3235] 
2020-09-09 14:10:30:955 220 sec: 460932 operations; 2069.3 current ops/sec; est completion in 1 hour 15 minutes [READ: Count=19652, Max=1029119, Min=0, Avg=7685.97, 90=15495, 99=33343, 99.9=524031, 99.99=1025535] [UPDATE: Count=1018, Max=522751, Min=16, Avg=6882, 90=15727, 99=33759, 99.9=296191, 99.99=522751] [READ-FAILED: Count=21, Max=4547, Min=1298, Avg=2359.48, 90=2887, 99=4547, 99.9=4547, 99.99=4547] 
2020-09-09 14:10:40:955 230 sec: 480195 operations; 1926.49 current ops/sec; est completion in 1 hour 16 minutes [READ: Count=18320, Max=560127, Min=0, Avg=8340.16, 90=15815, 99=41471, 99.9=530431, 99.99=555007] [UPDATE: Count=928, Max=571903, Min=17, Avg=10246.26, 90=15407, 99=50751, 99.9=528895, 99.99=571903] [READ-FAILED: Count=17, Max=41407, Min=1965, Avg=5021.94, 90=3925, 99=41407, 99.9=41407, 99.99=41407] 
2020-09-09 14:10:50:955 240 sec: 503603 operations; 2340.57 current ops/sec; est completion in 1 hour 15 minutes [READ: Count=22191, Max=567807, Min=0, Avg=6742.65, 90=15375, 99=30447, 99.9=517887, 99.99=562175] [UPDATE: Count=1198, Max=390143, Min=17, Avg=6509.57, 90=15463, 99=28479, 99.9=352767, 99.99=390143] [READ-FAILED: Count=16, Max=2763, Min=1822, Avg=2295.25, 90=2617, 99=2763, 99.9=2763, 99.99=2763] 
2020-09-09 14:11:00:955 250 sec: 526270 operations; 2266.7 current ops/sec; est completion in 1 hour 15 minutes [READ: Count=21512, Max=701439, Min=1, Avg=7124.88, 90=15983, 99=30831, 99.9=517375, 99.99=533503] [UPDATE: Count=1136, Max=535039, Min=15, Avg=7662.3, 90=16063, 99=34271, 99.9=525311, 99.99=535039] [READ-FAILED: Count=20, Max=3677, Min=1555, Avg=2369.6, 90=3207, 99=3677, 99.9=3677, 99.99=3677] 
2020-09-09 14:11:10:956 260 sec: 548417 operations; 2214.7 current ops/sec; est completion in 1 hour 14 minutes [READ: Count=20905, Max=537599, Min=0, Avg=7147.91, 90=15991, 99=37727, 99.9=518143, 99.99=534527] [UPDATE: Count=1220, Max=522495, Min=16, Avg=7792.41, 90=15863, 99=41503, 99.9=520191, 99.99=522495] [READ-FAILED: Count=22, Max=8367, Min=1707, Avg=2645.86, 90=3111, 99=8367, 99.9=8367, 99.99=8367] 
2020-09-09 14:11:20:955 270 sec: 570238 operations; 2182.1 current ops/sec; est completion in 1 hour 14 minutes [READ: Count=20719, Max=750079, Min=0, Avg=7319.67, 90=15439, 99=32063, 99.9=522751, 99.99=550399] [UPDATE: Count=1086, Max=525311, Min=16, Avg=8166.41, 90=15047, 99=33951, 99.9=522495, 99.99=525311] [READ-FAILED: Count=16, Max=3633, Min=1962, Avg=2505.19, 90=2779, 99=3633, 99.9=3633, 99.99=3633] 
2020-09-09 14:11:30:955 280 sec: 592142 operations; 2190.4 current ops/sec; est completion in 1 hour 14 minutes [READ: Count=20750, Max=693247, Min=0, Avg=7211.57, 90=15663, 99=35551, 99.9=525311, 99.99=551935] [UPDATE: Count=1130, Max=530943, Min=16, Avg=8283.55, 90=16167, 99=48287, 99.9=529407, 99.99=530943] [READ-FAILED: Count=23, Max=5971, Min=1783, Avg=2617.78, 90=3531, 99=5971, 99.9=5971, 99.99=5971] 
2020-09-09 14:11:40:955 290 sec: 614128 operations; 2198.6 current ops/sec; est completion in 1 hour 13 minutes [READ: Count=20912, Max=553471, Min=0, Avg=7346.08, 90=15239, 99=32527, 99.9=520191, 99.99=546815] [UPDATE: Count=1053, Max=517375, Min=16, Avg=6123.6, 90=15287, 99=28911, 99.9=221695, 99.99=517375] [READ-FAILED: Count=22, Max=4167, Min=1810, Avg=2541.18, 90=3349, 99=4167, 99.9=4167, 99.99=4167] 
2020-09-09 14:11:50:955 300 sec: 636533 operations; 2240.5 current ops/sec; est completion in 1 hour 13 minutes [READ: Count=21339, Max=550911, Min=0, Avg=7175.99, 90=15711, 99=34783, 99.9=520959, 99.99=549375] [UPDATE: Count=1050, Max=527871, Min=16, Avg=7017.9, 90=16055, 99=37695, 99.9=517375, 99.99=527871] [READ-FAILED: Count=17, Max=3463, Min=1601, Avg=2726.82, 90=3329, 99=3463, 99.9=3463, 99.99=3463] 
Maximum time elapsed. Requesting stop for the workload.
Stop requested for workload. Now Joining!
[36m14:11:51.377[m [[34;1mINFO[m] [1;34mp.u.t.s.y.Stats.clientFinished@38[m: 
Ended SconeKV benchmark.
Number of clients: 16
Total transactions: 126645
Committed: 123322 (97.37613%)
Aborted: 3323 (2.62387%)
2020-09-09 14:11:51:379 300 sec: 636569 operations; 85.11 current ops/sec; est completion in 1 hour 13 minutes [READ: Count=31, Max=515583, Min=1933, Avg=58376.35, 90=21775, 99=515583, 99.9=515583, 99.99=515583] [CLEANUP: Count=16, Max=1365, Min=2, Avg=92.88, 90=16, 99=1365, 99.9=1365, 99.99=1365] [UPDATE: Count=3, Max=417023, Min=16496, Avg=156333.33, 90=417023, 99=417023, 99.9=417023, 99.99=417023] [READ-FAILED: Count=0, Max=0, Min=9223372036854775807, Avg=NaN, 90=0, 99=0, 99.9=0, 99.99=0] 
[OVERALL], RunTime(ms), 300424
[OVERALL], Throughput(ops/sec), 2118.90195190797
[TOTAL_GCS_G1_Young_Generation], Count, 111
[TOTAL_GC_TIME_G1_Young_Generation], Time(ms), 679
[TOTAL_GC_TIME_%_G1_Young_Generation], Time(%), 0.22601390035416613
[TOTAL_GCS_G1_Old_Generation], Count, 0
[TOTAL_GC_TIME_G1_Old_Generation], Time(ms), 0
[TOTAL_GC_TIME_%_G1_Old_Generation], Time(%), 0.0
[TOTAL_GCs], Count, 111
[TOTAL_GC_TIME], Time(ms), 679
[TOTAL_GC_TIME_%], Time(%), 0.22601390035416613
[READ], Operations, 604007
[READ], AverageLatency(us), 7472.790014023017
[READ], MinLatency(us), 0
[READ], MaxLatency(us), 1249279
[READ], 95thPercentileLatency(us), 18703
[READ], 99thPercentileLatency(us), 35775
[READ], Return=OK, 604007
[READ], Return=NOT_FOUND, 593
[CLEANUP], Operations, 16
[CLEANUP], AverageLatency(us), 92.875
[CLEANUP], MinLatency(us), 2
[CLEANUP], MaxLatency(us), 1365
[CLEANUP], 95thPercentileLatency(us), 36
[CLEANUP], 99thPercentileLatency(us), 1365
[UPDATE], Operations, 31969
[UPDATE], AverageLatency(us), 8102.108730332509
[UPDATE], MinLatency(us), 14
[UPDATE], MaxLatency(us), 637951
[UPDATE], 95thPercentileLatency(us), 19375
[UPDATE], 99thPercentileLatency(us), 44415
[UPDATE], Return=OK, 31969
[READ-FAILED], Operations, 593
[READ-FAILED], AverageLatency(us), 2927.9308600337267
[READ-FAILED], MinLatency(us), 1298
[READ-FAILED], MaxLatency(us), 52287
[READ-FAILED], 95thPercentileLatency(us), 4435
[READ-FAILED], 99thPercentileLatency(us), 14735
