Command line: -t -db pt.ulisboa.tecnico.sconekv.ycsb.SconeKVClient -P workloadf -threads 32 -s -p scone.tx_size=5 -p operationcount=10000000 -p maxexecutiontime=300
YCSB Client 0.17.0

Loading workload...
Starting test.
WARNING: sun.reflect.Reflection.getCallerClass is not supported. This will impact performance.
2020-09-10 10:16:48:889 0 sec: 0 operations; est completion in 0 second 
Maximum execution time specified as: 300 secs
DBWrapper: report latency for each error is false and specific error codes to track for latency are: []
DBWrapper: report latency for each error is false and specific error codes to track for latency are: []
DBWrapper: report latency for each error is false and specific error codes to track for latency are: []
DBWrapper: report latency for each error is false and specific error codes to track for latency are: []
DBWrapper: report latency for each error is false and specific error codes to track for latency are: []
DBWrapper: report latency for each error is false and specific error codes to track for latency are: []
DBWrapper: report latency for each error is false and specific error codes to track for latency are: []
DBWrapper: report latency for each error is false and specific error codes to track for latency are: []
DBWrapper: report latency for each error is false and specific error codes to track for latency are: []
DBWrapper: report latency for each error is false and specific error codes to track for latency are: []
DBWrapper: report latency for each error is false and specific error codes to track for latency are: []
DBWrapper: report latency for each error is false and specific error codes to track for latency are: []
DBWrapper: report latency for each error is false and specific error codes to track for latency are: []
DBWrapper: report latency for each error is false and specific error codes to track for latency are: []
DBWrapper: report latency for each error is false and specific error codes to track for latency are: []
DBWrapper: report latency for each error is false and specific error codes to track for latency are: []
DBWrapper: report latency for each error is false and specific error codes to track for latency are: []
DBWrapper: report latency for each error is false and specific error codes to track for latency are: []
DBWrapper: report latency for each error is false and specific error codes to track for latency are: []
DBWrapper: report latency for each error is false and specific error codes to track for latency are: []
DBWrapper: report latency for each error is false and specific error codes to track for latency are: []
DBWrapper: report latency for each error is false and specific error codes to track for latency are: []
DBWrapper: report latency for each error is false and specific error codes to track for latency are: []
DBWrapper: report latency for each error is false and specific error codes to track for latency are: []
DBWrapper: report latency for each error is false and specific error codes to track for latency are: []
DBWrapper: report latency for each error is false and specific error codes to track for latency are: []
DBWrapper: report latency for each error is false and specific error codes to track for latency are: []
DBWrapper: report latency for each error is false and specific error codes to track for latency are: []
DBWrapper: report latency for each error is false and specific error codes to track for latency are: []
DBWrapper: report latency for each error is false and specific error codes to track for latency are: []
DBWrapper: report latency for each error is false and specific error codes to track for latency are: []
DBWrapper: report latency for each error is false and specific error codes to track for latency are: []
2020-09-10 10:16:58:890 10 sec: 15556 operations; 1555.44 current ops/sec; est completion in 1 hour 47 minutes [READ: Count=15553, Max=707071, Min=1, Avg=14619.58, 90=24943, 99=177791, 99.9=541695, 99.99=659967] [READ-MODIFY-WRITE: Count=7854, Max=709631, Min=4, Avg=16322.92, 90=29631, 99=309503, 99.9=541183, 99.99=665599] [UPDATE: Count=7888, Max=511231, Min=2, Avg=1513.93, 90=3599, 99=17567, 99.9=58847, 99.99=500735] [READ-FAILED: Count=5, Max=5619, Min=2750, Avg=3889.4, 90=5619, 99=5619, 99.9=5619, 99.99=5619] 
2020-09-10 10:17:08:889 20 sec: 37537 operations; 2198.1 current ops/sec; est completion in 1 hour 28 minutes [READ: Count=21972, Max=815103, Min=0, Avg=13992.43, 90=24255, 99=244351, 99.9=536575, 99.99=650751] [READ-MODIFY-WRITE: Count=10871, Max=803327, Min=2, Avg=14378.47, 90=27695, 99=201983, 99.9=539647, 99.99=630783] [UPDATE: Count=10844, Max=91839, Min=1, Avg=975.54, 90=2961, 99=13319, 99.9=44191, 99.99=80127] [READ-FAILED: Count=8, Max=3355, Min=1699, Avg=2626.5, 90=3227, 99=3355, 99.9=3355, 99.99=3355] 
2020-09-10 10:17:18:889 30 sec: 65023 operations; 2748.6 current ops/sec; est completion in 1 hour 16 minutes [READ: Count=27455, Max=613375, Min=0, Avg=11015.76, 90=21663, 99=90431, 99.9=529407, 99.99=558079] [READ-MODIFY-WRITE: Count=13716, Max=560127, Min=2, Avg=11663.49, 90=25295, 99=91967, 99.9=531455, 99.99=555007] [UPDATE: Count=13709, Max=86271, Min=1, Avg=803.4, 90=2867, 99=7463, 99.9=31695, 99.99=72575] [READ-FAILED: Count=31, Max=16559, Min=1806, Avg=3142.9, 90=3615, 99=16559, 99.9=16559, 99.99=16559] 
2020-09-10 10:17:28:889 40 sec: 92608 operations; 2758.5 current ops/sec; est completion in 1 hour 11 minutes [READ: Count=27575, Max=594943, Min=1, Avg=11392.41, 90=21215, 99=104063, 99.9=529407, 99.99=579583] [READ-MODIFY-WRITE: Count=13867, Max=586751, Min=3, Avg=12109.47, 90=24639, 99=106623, 99.9=530943, 99.99=582655] [UPDATE: Count=13874, Max=440575, Min=1, Avg=862.08, 90=2933, 99=8855, 99.9=30143, 99.99=83135] [READ-FAILED: Count=12, Max=5963, Min=2488, Avg=3356.25, 90=4707, 99=5963, 99.9=5963, 99.99=5963] 
2020-09-10 10:17:38:889 50 sec: 117048 operations; 2444 current ops/sec; est completion in 1 hour 10 minutes [READ: Count=24424, Max=731135, Min=0, Avg=12735.04, 90=21343, 99=232319, 99.9=532479, 99.99=629759] [READ-MODIFY-WRITE: Count=12162, Max=733695, Min=2, Avg=13537.48, 90=24815, 99=214271, 99.9=536575, 99.99=633343] [UPDATE: Count=12164, Max=83775, Min=0, Avg=784.69, 90=2775, 99=7511, 99.9=38719, 99.99=82623] [READ-FAILED: Count=14, Max=5391, Min=1618, Avg=3250.21, 90=5355, 99=5391, 99.9=5391, 99.99=5391] 
2020-09-10 10:17:48:890 60 sec: 142496 operations; 2544.8 current ops/sec; est completion in 1 hour 9 minutes [READ: Count=25448, Max=594943, Min=0, Avg=12174.32, 90=23647, 99=121023, 99.9=529919, 99.99=573439] [READ-MODIFY-WRITE: Count=12764, Max=578047, Min=2, Avg=13039.89, 90=27519, 99=128895, 99.9=529407, 99.99=572927] [UPDATE: Count=12769, Max=102463, Min=0, Avg=887.82, 90=2883, 99=10855, 99.9=36287, 99.99=96511] [READ-FAILED: Count=11, Max=4025, Min=1725, Avg=2553.36, 90=3551, 99=4025, 99.9=4025, 99.99=4025] 
2020-09-10 10:17:58:890 70 sec: 164298 operations; 2180.2 current ops/sec; est completion in 1 hour 9 minutes [READ: Count=21778, Max=997375, Min=1, Avg=14210.68, 90=24063, 99=348671, 99.9=558591, 99.99=988159] [READ-MODIFY-WRITE: Count=11012, Max=1000447, Min=3, Avg=15088.37, 90=27823, 99=350719, 99.9=563199, 99.99=991743] [UPDATE: Count=11008, Max=514559, Min=1, Avg=848.49, 90=2831, 99=8663, 99.9=26335, 99.99=61503] [READ-FAILED: Count=14, Max=13847, Min=2052, Avg=4055.21, 90=9375, 99=13847, 99.9=13847, 99.99=13847] 
2020-09-10 10:18:08:889 80 sec: 192573 operations; 2827.5 current ops/sec; est completion in 1 hour 7 minutes [READ: Count=28263, Max=686079, Min=0, Avg=10968.32, 90=20975, 99=95743, 99.9=531455, 99.99=564223] [READ-MODIFY-WRITE: Count=14096, Max=688639, Min=2, Avg=11510.44, 90=24239, 99=96383, 99.9=534015, 99.99=591871] [UPDATE: Count=14095, Max=89727, Min=0, Avg=782.75, 90=2861, 99=7271, 99.9=25759, 99.99=75647] [READ-FAILED: Count=14, Max=4523, Min=1888, Avg=2822.57, 90=4247, 99=4523, 99.9=4523, 99.99=4523] 
2020-09-10 10:18:18:890 90 sec: 216341 operations; 2376.8 current ops/sec; est completion in 1 hour 7 minutes [READ: Count=23753, Max=933887, Min=0, Avg=12769.24, 90=21711, 99=228479, 99.9=532479, 99.99=816127] [READ-MODIFY-WRITE: Count=12083, Max=937983, Min=2, Avg=13628.1, 90=25119, 99=237695, 99.9=543231, 99.99=835583] [UPDATE: Count=12077, Max=128319, Min=0, Avg=825.41, 90=2897, 99=8911, 99.9=25919, 99.99=74879] [READ-FAILED: Count=13, Max=12551, Min=2042, Avg=5138.46, 90=11599, 99=12551, 99.9=12551, 99.99=12551] 
2020-09-10 10:18:28:889 100 sec: 244286 operations; 2794.5 current ops/sec; est completion in 1 hour 6 minutes [READ: Count=27939, Max=634879, Min=0, Avg=11202.26, 90=22319, 99=94271, 99.9=547839, 99.99=591359] [READ-MODIFY-WRITE: Count=13926, Max=636927, Min=2, Avg=12406.99, 90=25887, 99=115903, 99.9=563199, 99.99=614399] [UPDATE: Count=13930, Max=91135, Min=1, Avg=813.03, 90=2933, 99=8179, 99.9=29343, 99.99=70463] [READ-FAILED: Count=8, Max=6703, Min=2092, Avg=3257.38, 90=4043, 99=6703, 99.9=6703, 99.99=6703] 
2020-09-10 10:18:38:889 110 sec: 270758 operations; 2647.2 current ops/sec; est completion in 1 hour 5 minutes [READ: Count=26455, Max=571903, Min=0, Avg=11733.46, 90=22255, 99=117823, 99.9=540159, 99.99=568319] [READ-MODIFY-WRITE: Count=13325, Max=573439, Min=2, Avg=12626.6, 90=26015, 99=122623, 99.9=538623, 99.99=571903] [UPDATE: Count=13321, Max=81727, Min=0, Avg=815.09, 90=2923, 99=8535, 99.9=29183, 99.99=76479] [READ-FAILED: Count=15, Max=6019, Min=1513, Avg=2798.13, 90=3381, 99=6019, 99.9=6019, 99.99=6019] 
2020-09-10 10:18:48:889 120 sec: 294881 operations; 2412.3 current ops/sec; est completion in 1 hour 5 minutes [READ: Count=24106, Max=1432575, Min=0, Avg=12769.4, 90=22159, 99=189183, 99.9=546815, 99.99=1399807] [READ-MODIFY-WRITE: Count=12109, Max=1435647, Min=2, Avg=13780.97, 90=25695, 99=210943, 99.9=538111, 99.99=1413119] [UPDATE: Count=12109, Max=80703, Min=0, Avg=819.45, 90=2935, 99=7651, 99.9=27151, 99.99=79487] [READ-FAILED: Count=16, Max=8099, Min=1925, Avg=3120.25, 90=3947, 99=8099, 99.9=8099, 99.99=8099] 
2020-09-10 10:18:58:889 130 sec: 319427 operations; 2454.6 current ops/sec; est completion in 1 hour 5 minutes [READ: Count=24534, Max=888831, Min=0, Avg=12662.28, 90=23023, 99=142335, 99.9=566783, 99.99=808447] [READ-MODIFY-WRITE: Count=12265, Max=891391, Min=2, Avg=13714.87, 90=26831, 99=163583, 99.9=577535, 99.99=854527] [UPDATE: Count=12262, Max=90687, Min=0, Avg=890.23, 90=2937, 99=10879, 99.9=34143, 99.99=79871] [READ-FAILED: Count=13, Max=9871, Min=2176, Avg=3521.69, 90=5863, 99=9871, 99.9=9871, 99.99=9871] 
2020-09-10 10:19:08:889 140 sec: 346703 operations; 2727.6 current ops/sec; est completion in 1 hour 4 minutes [READ: Count=27265, Max=968703, Min=0, Avg=11310.67, 90=22911, 99=102143, 99.9=534015, 99.99=559103] [READ-MODIFY-WRITE: Count=13619, Max=594943, Min=2, Avg=12103.6, 90=26991, 99=99967, 99.9=531967, 99.99=594431] [UPDATE: Count=13623, Max=91135, Min=0, Avg=812.25, 90=2969, 99=8575, 99.9=20959, 99.99=76159] [READ-FAILED: Count=11, Max=25391, Min=1810, Avg=4749.82, 90=4411, 99=25391, 99.9=25391, 99.99=25391] 
2020-09-10 10:19:18:892 150 sec: 374501 operations; 2778.97 current ops/sec; est completion in 1 hour 4 minutes [READ: Count=27787, Max=1015807, Min=0, Avg=11130.63, 90=21295, 99=99903, 99.9=531455, 99.99=590847] [READ-MODIFY-WRITE: Count=13775, Max=639487, Min=2, Avg=12279.03, 90=24879, 99=109311, 99.9=533503, 99.99=600063] [UPDATE: Count=13777, Max=95807, Min=1, Avg=770.72, 90=2919, 99=6487, 99.9=22015, 99.99=76927] [READ-FAILED: Count=11, Max=4143, Min=1927, Avg=2918.82, 90=3631, 99=4143, 99.9=4143, 99.99=4143] 
2020-09-10 10:19:28:889 160 sec: 401553 operations; 2706.01 current ops/sec; est completion in 1 hour 3 minutes [READ: Count=27036, Max=588799, Min=0, Avg=11407.35, 90=23199, 99=91135, 99.9=531967, 99.99=575487] [READ-MODIFY-WRITE: Count=13588, Max=605695, Min=3, Avg=12695.42, 90=27119, 99=106239, 99.9=536063, 99.99=600063] [UPDATE: Count=13587, Max=91071, Min=0, Avg=893.9, 90=2975, 99=11167, 99.9=33279, 99.99=81855] [READ-FAILED: Count=16, Max=13295, Min=1633, Avg=3435.56, 90=3629, 99=13295, 99.9=13295, 99.99=13295] 
2020-09-10 10:19:38:889 170 sec: 424482 operations; 2292.9 current ops/sec; est completion in 1 hour 3 minutes [READ: Count=22923, Max=802815, Min=0, Avg=13504.54, 90=24303, 99=239615, 99.9=535551, 99.99=721407] [READ-MODIFY-WRITE: Count=11469, Max=806399, Min=2, Avg=13830.47, 90=28111, 99=192127, 99.9=532479, 99.99=666623] [UPDATE: Count=11477, Max=87103, Min=0, Avg=819.05, 90=2815, 99=8959, 99.9=27247, 99.99=86911] [READ-FAILED: Count=7, Max=5595, Min=1789, Avg=3061.14, 90=3513, 99=5595, 99.9=5595, 99.99=5595] 
2020-09-10 10:19:48:889 180 sec: 452265 operations; 2778.3 current ops/sec; est completion in 1 hour 3 minutes [READ: Count=27765, Max=575487, Min=0, Avg=11054.95, 90=21039, 99=95743, 99.9=526335, 99.99=557055] [READ-MODIFY-WRITE: Count=13935, Max=580095, Min=2, Avg=12020.04, 90=24543, 99=101887, 99.9=529919, 99.99=562687] [UPDATE: Count=13926, Max=98047, Min=0, Avg=817.35, 90=2877, 99=7671, 99.9=30735, 99.99=96383] [READ-FAILED: Count=15, Max=13063, Min=1995, Avg=3240.8, 90=3289, 99=13063, 99.9=13063, 99.99=13063] 
2020-09-10 10:19:58:890 190 sec: 476666 operations; 2439.86 current ops/sec; est completion in 1 hour 3 minutes [READ: Count=24393, Max=579071, Min=1, Avg=12604.56, 90=22383, 99=168831, 99.9=538623, 99.99=569343] [READ-MODIFY-WRITE: Count=12285, Max=571903, Min=4, Avg=13661.98, 90=26015, 99=196351, 99.9=541695, 99.99=571391] [UPDATE: Count=12290, Max=92863, Min=1, Avg=832.25, 90=2839, 99=9535, 99.9=27535, 99.99=78463] [READ-FAILED: Count=12, Max=3369, Min=1436, Avg=2564.83, 90=3151, 99=3369, 99.9=3369, 99.99=3369] 
2020-09-10 10:20:08:893 200 sec: 503244 operations; 2657 current ops/sec; est completion in 1 hour 2 minutes [READ: Count=26566, Max=607743, Min=0, Avg=11781.27, 90=22511, 99=111807, 99.9=539135, 99.99=567807] [READ-MODIFY-WRITE: Count=13147, Max=610303, Min=2, Avg=12513.19, 90=26015, 99=112127, 99.9=547327, 99.99=582143] [UPDATE: Count=13146, Max=84799, Min=0, Avg=799.21, 90=2827, 99=7979, 99.9=30047, 99.99=73791] [READ-FAILED: Count=9, Max=4879, Min=2003, Avg=3008.67, 90=4007, 99=4879, 99.9=4879, 99.99=4879] 
2020-09-10 10:20:18:889 210 sec: 529043 operations; 2580.93 current ops/sec; est completion in 1 hour 2 minutes [READ: Count=25784, Max=624639, Min=0, Avg=11967.95, 90=20815, 99=152575, 99.9=541695, 99.99=591871] [READ-MODIFY-WRITE: Count=12843, Max=626687, Min=2, Avg=12925.01, 90=24575, 99=157311, 99.9=550399, 99.99=599551] [UPDATE: Count=12838, Max=69375, Min=0, Avg=795.08, 90=2881, 99=8215, 99.9=23567, 99.99=42815] [READ-FAILED: Count=16, Max=4021, Min=2144, Avg=2926, 90=3815, 99=4021, 99.9=4021, 99.99=4021] 
2020-09-10 10:20:28:894 220 sec: 552697 operations; 2364.22 current ops/sec; est completion in 1 hour 2 minutes [READ: Count=23647, Max=915455, Min=0, Avg=13081.46, 90=23167, 99=187007, 99.9=534015, 99.99=590335] [READ-MODIFY-WRITE: Count=11644, Max=915455, Min=3, Avg=14421.66, 90=26863, 99=262143, 99.9=535551, 99.99=595967] [UPDATE: Count=11645, Max=119871, Min=0, Avg=830.79, 90=2865, 99=8999, 99.9=25103, 99.99=87999] [READ-FAILED: Count=6, Max=20591, Min=2188, Avg=7218.5, 90=8023, 99=20591, 99.9=20591, 99.99=20591] 
2020-09-10 10:20:38:890 230 sec: 577392 operations; 2470.49 current ops/sec; est completion in 1 hour 2 minutes [READ: Count=24680, Max=669695, Min=0, Avg=12455.3, 90=23583, 99=141439, 99.9=530943, 99.99=586239] [READ-MODIFY-WRITE: Count=12496, Max=672255, Min=3, Avg=13105.56, 90=27183, 99=140543, 99.9=530431, 99.99=589823] [UPDATE: Count=12500, Max=61503, Min=0, Avg=816.07, 90=2889, 99=7595, 99.9=32239, 99.99=56223] [READ-FAILED: Count=17, Max=12111, Min=1760, Avg=3754.41, 90=4603, 99=12111, 99.9=12111, 99.99=12111] 
2020-09-10 10:20:48:889 240 sec: 605248 operations; 2785.88 current ops/sec; est completion in 1 hour 2 minutes [READ: Count=27839, Max=624127, Min=0, Avg=11152.5, 90=22111, 99=98047, 99.9=530943, 99.99=613887] [READ-MODIFY-WRITE: Count=13884, Max=630271, Min=2, Avg=12035.89, 90=25407, 99=107007, 99.9=532479, 99.99=560639] [UPDATE: Count=13877, Max=122431, Min=0, Avg=813.6, 90=2891, 99=8091, 99.9=29999, 99.99=101951] [READ-FAILED: Count=15, Max=7107, Min=1856, Avg=3116.6, 90=3761, 99=7107, 99.9=7107, 99.99=7107] 
2020-09-10 10:20:58:889 250 sec: 629478 operations; 2423 current ops/sec; est completion in 1 hour 2 minutes [READ: Count=24213, Max=910847, Min=0, Avg=12861.29, 90=23663, 99=152575, 99.9=551935, 99.99=892415] [READ-MODIFY-WRITE: Count=12010, Max=901119, Min=4, Avg=13768.1, 90=26911, 99=174847, 99.9=558079, 99.99=893951] [UPDATE: Count=12010, Max=54527, Min=1, Avg=755, 90=2759, 99=7915, 99.9=27327, 99.99=47327] [READ-FAILED: Count=16, Max=6107, Min=1932, Avg=2900.06, 90=3703, 99=6107, 99.9=6107, 99.99=6107] 
2020-09-10 10:21:08:890 260 sec: 653803 operations; 2432.5 current ops/sec; est completion in 1 hour 1 minute [READ: Count=24322, Max=592383, Min=0, Avg=12765.94, 90=20767, 99=215935, 99.9=543743, 99.99=580095] [READ-MODIFY-WRITE: Count=12215, Max=595455, Min=3, Avg=13518.03, 90=24031, 99=211199, 99.9=550399, 99.99=589823] [UPDATE: Count=12218, Max=104447, Min=0, Avg=834.83, 90=2809, 99=7967, 99.9=49183, 99.99=94591] [READ-FAILED: Count=10, Max=9391, Min=1279, Avg=3979.8, 90=6703, 99=9391, 99.9=9391, 99.99=9391] 
2020-09-10 10:21:18:889 270 sec: 681538 operations; 2773.5 current ops/sec; est completion in 1 hour 1 minute [READ: Count=27714, Max=747007, Min=0, Avg=10982.4, 90=20047, 99=99647, 99.9=531967, 99.99=574975] [READ-MODIFY-WRITE: Count=13819, Max=636927, Min=2, Avg=11899.04, 90=23567, 99=110015, 99.9=540671, 99.99=597503] [UPDATE: Count=13818, Max=110207, Min=0, Avg=905.03, 90=2955, 99=9887, 99.9=36991, 99.99=104383] [READ-FAILED: Count=14, Max=4147, Min=2021, Avg=2762.5, 90=3239, 99=4147, 99.9=4147, 99.99=4147] 
2020-09-10 10:21:28:889 280 sec: 703284 operations; 2174.6 current ops/sec; est completion in 1 hour 1 minute [READ: Count=21742, Max=835071, Min=0, Avg=14458.96, 90=23615, 99=323839, 99.9=562175, 99.99=830463] [READ-MODIFY-WRITE: Count=10917, Max=838655, Min=4, Avg=15568.08, 90=27055, 99=384255, 99.9=570879, 99.99=834559] [UPDATE: Count=10919, Max=126271, Min=0, Avg=823.26, 90=2749, 99=9047, 99.9=38271, 99.99=85887] [READ-FAILED: Count=13, Max=32335, Min=1745, Avg=5648.15, 90=5063, 99=32335, 99.9=32335, 99.99=32335] 
2020-09-10 10:21:38:889 290 sec: 728637 operations; 2535.3 current ops/sec; est completion in 1 hour 1 minute [READ: Count=25332, Max=716799, Min=1, Avg=11865.83, 90=21023, 99=169855, 99.9=528383, 99.99=584703] [READ-MODIFY-WRITE: Count=12728, Max=719359, Min=3, Avg=12597.88, 90=24351, 99=178303, 99.9=532479, 99.99=619519] [UPDATE: Count=12725, Max=101823, Min=1, Avg=788.32, 90=2893, 99=7479, 99.9=26703, 99.99=98367] [READ-FAILED: Count=13, Max=8079, Min=1741, Avg=3152.77, 90=4819, 99=8079, 99.9=8079, 99.99=8079] 
2020-09-10 10:21:48:889 300 sec: 754028 operations; 2539.1 current ops/sec; est completion in 1 hour 1 minute [READ: Count=25389, Max=606207, Min=0, Avg=12431.23, 90=21871, 99=166527, 99.9=534527, 99.99=567807] [READ-MODIFY-WRITE: Count=12726, Max=575999, Min=2, Avg=13443.71, 90=25567, 99=177791, 99.9=538111, 99.99=563199] [UPDATE: Count=12728, Max=90623, Min=0, Avg=880.1, 90=2935, 99=10335, 99.9=33695, 99.99=87679] [READ-FAILED: Count=7, Max=85439, Min=2120, Avg=14755.86, 90=4219, 99=85439, 99.9=85439, 99.99=85439] 
Maximum time elapsed. Requesting stop for the workload.
Stop requested for workload. Now Joining!
[36m10:21:49.415[m [[34;1mINFO[m] [1;34mp.u.t.s.y.Stats.clientFinished@38[m: 
Ended SconeKV benchmark.
Number of clients: 32
Total transactions: 166598
Committed: 131542 (78.95773%)
Aborted: 35056 (21.042269%)
2020-09-10 10:21:49:418 300 sec: 754173 operations; 275.14 current ops/sec; est completion in 1 hour 1 minute [READ: Count=138, Max=544255, Min=2, Avg=56536.28, 90=66943, 99=540671, 99.9=544255, 99.99=544255] [READ-MODIFY-WRITE: Count=56, Max=546303, Min=4, Avg=40810.38, 90=40543, 99=543231, 99.9=546303, 99.99=546303] [CLEANUP: Count=32, Max=1488, Min=2, Avg=50.44, 90=7, 99=1488, 99.9=1488, 99.99=1488] [UPDATE: Count=52, Max=37919, Min=1, Avg=1862.02, 90=3589, 99=6727, 99.9=37919, 99.99=37919] [READ-FAILED: Count=1, Max=2215, Min=2214, Avg=2215, 90=2215, 99=2215, 99.9=2215, 99.99=2215] 
[OVERALL], RunTime(ms), 300527
[OVERALL], Throughput(ops/sec), 2509.5016421153505
[TOTAL_GCS_G1_Young_Generation], Count, 121
[TOTAL_GC_TIME_G1_Young_Generation], Time(ms), 989
[TOTAL_GC_TIME_%_G1_Young_Generation], Time(%), 0.3290885677493204
[TOTAL_GCS_G1_Old_Generation], Count, 0
[TOTAL_GC_TIME_G1_Old_Generation], Time(ms), 0
[TOTAL_GC_TIME_%_G1_Old_Generation], Time(%), 0.0
[TOTAL_GCs], Count, 121
[TOTAL_GC_TIME], Time(ms), 989
[TOTAL_GC_TIME_%], Time(%), 0.3290885677493204
[READ], Operations, 753790
[READ], AverageLatency(us), 12205.478517889598
[READ], MinLatency(us), 0
[READ], MaxLatency(us), 1432575
[READ], 95thPercentileLatency(us), 31951
[READ], 99thPercentileLatency(us), 136959
[READ], Return=OK, 753790
[READ], Return=NOT_FOUND, 383
[READ-MODIFY-WRITE], Operations, 377206
[READ-MODIFY-WRITE], AverageLatency(us), 13098.982322656586
[READ-MODIFY-WRITE], MinLatency(us), 2
[READ-MODIFY-WRITE], MaxLatency(us), 1435647
[READ-MODIFY-WRITE], 95thPercentileLatency(us), 36319
[READ-MODIFY-WRITE], 99thPercentileLatency(us), 146175
[CLEANUP], Operations, 32
[CLEANUP], AverageLatency(us), 50.4375
[CLEANUP], MinLatency(us), 2
[CLEANUP], MaxLatency(us), 1488
[CLEANUP], 95thPercentileLatency(us), 8
[CLEANUP], 99thPercentileLatency(us), 1488
[UPDATE], Operations, 377206
[UPDATE], AverageLatency(us), 844.5039739558756
[UPDATE], MinLatency(us), 0
[UPDATE], MaxLatency(us), 514559
[UPDATE], 95thPercentileLatency(us), 3749
[UPDATE], 99thPercentileLatency(us), 8959
[UPDATE], Return=OK, 377206
[READ-FAILED], Operations, 383
[READ-FAILED], AverageLatency(us), 3632.618798955614
[READ-FAILED], MinLatency(us), 1279
[READ-FAILED], MaxLatency(us), 85439
[READ-FAILED], 95thPercentileLatency(us), 7107
[READ-FAILED], 99thPercentileLatency(us), 16559
