Command line: -t -db pt.ulisboa.tecnico.sconekv.ycsb.SconeKVClient -P workloadc -threads 256 -s -p scone.tx_size=5 -p operationcount=10000000 -p maxexecutiontime=300
YCSB Client 0.17.0

Loading workload...
Starting test.
WARNING: sun.reflect.Reflection.getCallerClass is not supported. This will impact performance.
2020-09-10 12:45:00:755 0 sec: 0 operations; est completion in 0 second 
Maximum execution time specified as: 300 secs
DBWrapper: report latency for each error is false and specific error codes to track for latency are: []
DBWrapper: report latency for each error is false and specific error codes to track for latency are: []
DBWrapper: report latency for each error is false and specific error codes to track for latency are: []
DBWrapper: report latency for each error is false and specific error codes to track for latency are: []
DBWrapper: report latency for each error is false and specific error codes to track for latency are: []
DBWrapper: report latency for each error is false and specific error codes to track for latency are: []
DBWrapper: report latency for each error is false and specific error codes to track for latency are: []
DBWrapper: report latency for each error is false and specific error codes to track for latency are: []
DBWrapper: report latency for each error is false and specific error codes to track for latency are: []
DBWrapper: report latency for each error is false and specific error codes to track for latency are: []
DBWrapper: report latency for each error is false and specific error codes to track for latency are: []
DBWrapper: report latency for each error is false and specific error codes to track for latency are: []
DBWrapper: report latency for each error is false and specific error codes to track for latency are: []
DBWrapper: report latency for each error is false and specific error codes to track for latency are: []
DBWrapper: report latency for each error is false and specific error codes to track for latency are: []
DBWrapper: report latency for each error is false and specific error codes to track for latency are: []
DBWrapper: report latency for each error is false and specific error codes to track for latency are: []
DBWrapper: report latency for each error is false and specific error codes to track for latency are: []
DBWrapper: report latency for each error is false and specific error codes to track for latency are: []
DBWrapper: report latency for each error is false and specific error codes to track for latency are: []
DBWrapper: report latency for each error is false and specific error codes to track for latency are: []
DBWrapper: report latency for each error is false and specific error codes to track for latency are: []
DBWrapper: report latency for each error is false and specific error codes to track for latency are: []
DBWrapper: report latency for each error is false and specific error codes to track for latency are: []
DBWrapper: report latency for each error is false and specific error codes to track for latency are: []
DBWrapper: report latency for each error is false and specific error codes to track for latency are: []
DBWrapper: report latency for each error is false and specific error codes to track for latency are: []
DBWrapper: report latency for each error is false and specific error codes to track for latency are: []
DBWrapper: report latency for each error is false and specific error codes to track for latency are: []
DBWrapper: report latency for each error is false and specific error codes to track for latency are: []
DBWrapper: report latency for each error is false and specific error codes to track for latency are: []
DBWrapper: report latency for each error is false and specific error codes to track for latency are: []
DBWrapper: report latency for each error is false and specific error codes to track for latency are: []
DBWrapper: report latency for each error is false and specific error codes to track for latency are: []
DBWrapper: report latency for each error is false and specific error codes to track for latency are: []
DBWrapper: report latency for each error is false and specific error codes to track for latency are: []
DBWrapper: report latency for each error is false and specific error codes to track for latency are: []
DBWrapper: report latency for each error is false and specific error codes to track for latency are: []
DBWrapper: report latency for each error is false and specific error codes to track for latency are: []
DBWrapper: report latency for each error is false and specific error codes to track for latency are: []
DBWrapper: report latency for each error is false and specific error codes to track for latency are: []
DBWrapper: report latency for each error is false and specific error codes to track for latency are: []
DBWrapper: report latency for each error is false and specific error codes to track for latency are: []
DBWrapper: report latency for each error is false and specific error codes to track for latency are: []
DBWrapper: report latency for each error is false and specific error codes to track for latency are: []
DBWrapper: report latency for each error is false and specific error codes to track for latency are: []
DBWrapper: report latency for each error is false and specific error codes to track for latency are: []
DBWrapper: report latency for each error is false and specific error codes to track for latency are: []
DBWrapper: report latency for each error is false and specific error codes to track for latency are: []
DBWrapper: report latency for each error is false and specific error codes to track for latency are: []
DBWrapper: report latency for each error is false and specific error codes to track for latency are: []
DBWrapper: report latency for each error is false and specific error codes to track for latency are: []
DBWrapper: report latency for each error is false and specific error codes to track for latency are: []
DBWrapper: report latency for each error is false and specific error codes to track for latency are: []
DBWrapper: report latency for each error is false and specific error codes to track for latency are: []
DBWrapper: report latency for each error is false and specific error codes to track for latency are: []
DBWrapper: report latency for each error is false and specific error codes to track for latency are: []
DBWrapper: report latency for each error is false and specific error codes to track for latency are: []
DBWrapper: report latency for each error is false and specific error codes to track for latency are: []
DBWrapper: report latency for each error is false and specific error codes to track for latency are: []
DBWrapper: report latency for each error is false and specific error codes to track for latency are: []
DBWrapper: report latency for each error is false and specific error codes to track for latency are: []
DBWrapper: report latency for each error is false and specific error codes to track for latency are: []
DBWrapper: report latency for each error is false and specific error codes to track for latency are: []
DBWrapper: report latency for each error is false and specific error codes to track for latency are: []
DBWrapper: report latency for each error is false and specific error codes to track for latency are: []
DBWrapper: report latency for each error is false and specific error codes to track for latency are: []
DBWrapper: report latency for each error is false and specific error codes to track for latency are: []
DBWrapper: report latency for each error is false and specific error codes to track for latency are: []
DBWrapper: report latency for each error is false and specific error codes to track for latency are: []
DBWrapper: report latency for each error is false and specific error codes to track for latency are: []
DBWrapper: report latency for each error is false and specific error codes to track for latency are: []
DBWrapper: report latency for each error is false and specific error codes to track for latency are: []
DBWrapper: report latency for each error is false and specific error codes to track for latency are: []
DBWrapper: report latency for each error is false and specific error codes to track for latency are: []
DBWrapper: report latency for each error is false and specific error codes to track for latency are: []
DBWrapper: report latency for each error is false and specific error codes to track for latency are: []
DBWrapper: report latency for each error is false and specific error codes to track for latency are: []
DBWrapper: report latency for each error is false and specific error codes to track for latency are: []
DBWrapper: report latency for each error is false and specific error codes to track for latency are: []
DBWrapper: report latency for each error is false and specific error codes to track for latency are: []
DBWrapper: report latency for each error is false and specific error codes to track for latency are: []
DBWrapper: report latency for each error is false and specific error codes to track for latency are: []
DBWrapper: report latency for each error is false and specific error codes to track for latency are: []
DBWrapper: report latency for each error is false and specific error codes to track for latency are: []
DBWrapper: report latency for each error is false and specific error codes to track for latency are: []
DBWrapper: report latency for each error is false and specific error codes to track for latency are: []
DBWrapper: report latency for each error is false and specific error codes to track for latency are: []
DBWrapper: report latency for each error is false and specific error codes to track for latency are: []
DBWrapper: report latency for each error is false and specific error codes to track for latency are: []
DBWrapper: report latency for each error is false and specific error codes to track for latency are: []
DBWrapper: report latency for each error is false and specific error codes to track for latency are: []
DBWrapper: report latency for each error is false and specific error codes to track for latency are: []
DBWrapper: report latency for each error is false and specific error codes to track for latency are: []
DBWrapper: report latency for each error is false and specific error codes to track for latency are: []
DBWrapper: report latency for each error is false and specific error codes to track for latency are: []
DBWrapper: report latency for each error is false and specific error codes to track for latency are: []
DBWrapper: report latency for each error is false and specific error codes to track for latency are: []
DBWrapper: report latency for each error is false and specific error codes to track for latency are: []
DBWrapper: report latency for each error is false and specific error codes to track for latency are: []
DBWrapper: report latency for each error is false and specific error codes to track for latency are: []
DBWrapper: report latency for each error is false and specific error codes to track for latency are: []
DBWrapper: report latency for each error is false and specific error codes to track for latency are: []
DBWrapper: report latency for each error is false and specific error codes to track for latency are: []
DBWrapper: report latency for each error is false and specific error codes to track for latency are: []
DBWrapper: report latency for each error is false and specific error codes to track for latency are: []
DBWrapper: report latency for each error is false and specific error codes to track for latency are: []
DBWrapper: report latency for each error is false and specific error codes to track for latency are: []
DBWrapper: report latency for each error is false and specific error codes to track for latency are: []
DBWrapper: report latency for each error is false and specific error codes to track for latency are: []
DBWrapper: report latency for each error is false and specific error codes to track for latency are: []
DBWrapper: report latency for each error is false and specific error codes to track for latency are: []
DBWrapper: report latency for each error is false and specific error codes to track for latency are: []
DBWrapper: report latency for each error is false and specific error codes to track for latency are: []
DBWrapper: report latency for each error is false and specific error codes to track for latency are: []
DBWrapper: report latency for each error is false and specific error codes to track for latency are: []
DBWrapper: report latency for each error is false and specific error codes to track for latency are: []
DBWrapper: report latency for each error is false and specific error codes to track for latency are: []
DBWrapper: report latency for each error is false and specific error codes to track for latency are: []
DBWrapper: report latency for each error is false and specific error codes to track for latency are: []
DBWrapper: report latency for each error is false and specific error codes to track for latency are: []
DBWrapper: report latency for each error is false and specific error codes to track for latency are: []
DBWrapper: report latency for each error is false and specific error codes to track for latency are: []
DBWrapper: report latency for each error is false and specific error codes to track for latency are: []
DBWrapper: report latency for each error is false and specific error codes to track for latency are: []
DBWrapper: report latency for each error is false and specific error codes to track for latency are: []
DBWrapper: report latency for each error is false and specific error codes to track for latency are: []
DBWrapper: report latency for each error is false and specific error codes to track for latency are: []
DBWrapper: report latency for each error is false and specific error codes to track for latency are: []
DBWrapper: report latency for each error is false and specific error codes to track for latency are: []
DBWrapper: report latency for each error is false and specific error codes to track for latency are: []
DBWrapper: report latency for each error is false and specific error codes to track for latency are: []
DBWrapper: report latency for each error is false and specific error codes to track for latency are: []
DBWrapper: report latency for each error is false and specific error codes to track for latency are: []
DBWrapper: report latency for each error is false and specific error codes to track for latency are: []
DBWrapper: report latency for each error is false and specific error codes to track for latency are: []
DBWrapper: report latency for each error is false and specific error codes to track for latency are: []
DBWrapper: report latency for each error is false and specific error codes to track for latency are: []
DBWrapper: report latency for each error is false and specific error codes to track for latency are: []
DBWrapper: report latency for each error is false and specific error codes to track for latency are: []
DBWrapper: report latency for each error is false and specific error codes to track for latency are: []
DBWrapper: report latency for each error is false and specific error codes to track for latency are: []
DBWrapper: report latency for each error is false and specific error codes to track for latency are: []
DBWrapper: report latency for each error is false and specific error codes to track for latency are: []
DBWrapper: report latency for each error is false and specific error codes to track for latency are: []
DBWrapper: report latency for each error is false and specific error codes to track for latency are: []
DBWrapper: report latency for each error is false and specific error codes to track for latency are: []
DBWrapper: report latency for each error is false and specific error codes to track for latency are: []
DBWrapper: report latency for each error is false and specific error codes to track for latency are: []
DBWrapper: report latency for each error is false and specific error codes to track for latency are: []
DBWrapper: report latency for each error is false and specific error codes to track for latency are: []
DBWrapper: report latency for each error is false and specific error codes to track for latency are: []
DBWrapper: report latency for each error is false and specific error codes to track for latency are: []
DBWrapper: report latency for each error is false and specific error codes to track for latency are: []
DBWrapper: report latency for each error is false and specific error codes to track for latency are: []
DBWrapper: report latency for each error is false and specific error codes to track for latency are: []
DBWrapper: report latency for each error is false and specific error codes to track for latency are: []
DBWrapper: report latency for each error is false and specific error codes to track for latency are: []
DBWrapper: report latency for each error is false and specific error codes to track for latency are: []
DBWrapper: report latency for each error is false and specific error codes to track for latency are: []
DBWrapper: report latency for each error is false and specific error codes to track for latency are: []
DBWrapper: report latency for each error is false and specific error codes to track for latency are: []
DBWrapper: report latency for each error is false and specific error codes to track for latency are: []
DBWrapper: report latency for each error is false and specific error codes to track for latency are: []
DBWrapper: report latency for each error is false and specific error codes to track for latency are: []
DBWrapper: report latency for each error is false and specific error codes to track for latency are: []
DBWrapper: report latency for each error is false and specific error codes to track for latency are: []
2020-09-10 12:45:10:820 10 sec: 5098 operations; 506.51 current ops/sec; est completion in 5 hours 28 minutes [READ: Count=5522, Max=2205695, Min=3, Avg=130228.36, 90=309247, 99=1210367, 99.9=1947647, 99.99=2099199] [READ-FAILED: Count=2, Max=3807, Min=2272, Avg=3040, 90=3807, 99=3807, 99.9=3807, 99.99=3807] 
DBWrapper: report latency for each error is false and specific error codes to track for latency are: []
DBWrapper: report latency for each error is false and specific error codes to track for latency are: []
DBWrapper: report latency for each error is false and specific error codes to track for latency are: []
DBWrapper: report latency for each error is false and specific error codes to track for latency are: []
DBWrapper: report latency for each error is false and specific error codes to track for latency are: []
DBWrapper: report latency for each error is false and specific error codes to track for latency are: []
DBWrapper: report latency for each error is false and specific error codes to track for latency are: []
DBWrapper: report latency for each error is false and specific error codes to track for latency are: []
DBWrapper: report latency for each error is false and specific error codes to track for latency are: []
DBWrapper: report latency for each error is false and specific error codes to track for latency are: []
DBWrapper: report latency for each error is false and specific error codes to track for latency are: []
DBWrapper: report latency for each error is false and specific error codes to track for latency are: []
DBWrapper: report latency for each error is false and specific error codes to track for latency are: []
DBWrapper: report latency for each error is false and specific error codes to track for latency are: []
DBWrapper: report latency for each error is false and specific error codes to track for latency are: []
DBWrapper: report latency for each error is false and specific error codes to track for latency are: []
DBWrapper: report latency for each error is false and specific error codes to track for latency are: []
DBWrapper: report latency for each error is false and specific error codes to track for latency are: []
DBWrapper: report latency for each error is false and specific error codes to track for latency are: []
DBWrapper: report latency for each error is false and specific error codes to track for latency are: []
DBWrapper: report latency for each error is false and specific error codes to track for latency are: []
DBWrapper: report latency for each error is false and specific error codes to track for latency are: []
DBWrapper: report latency for each error is false and specific error codes to track for latency are: []
DBWrapper: report latency for each error is false and specific error codes to track for latency are: []
DBWrapper: report latency for each error is false and specific error codes to track for latency are: []
DBWrapper: report latency for each error is false and specific error codes to track for latency are: []
DBWrapper: report latency for each error is false and specific error codes to track for latency are: []
DBWrapper: report latency for each error is false and specific error codes to track for latency are: []
DBWrapper: report latency for each error is false and specific error codes to track for latency are: []
DBWrapper: report latency for each error is false and specific error codes to track for latency are: []
DBWrapper: report latency for each error is false and specific error codes to track for latency are: []
DBWrapper: report latency for each error is false and specific error codes to track for latency are: []
DBWrapper: report latency for each error is false and specific error codes to track for latency are: []
DBWrapper: report latency for each error is false and specific error codes to track for latency are: []
DBWrapper: report latency for each error is false and specific error codes to track for latency are: []
DBWrapper: report latency for each error is false and specific error codes to track for latency are: []
DBWrapper: report latency for each error is false and specific error codes to track for latency are: []
DBWrapper: report latency for each error is false and specific error codes to track for latency are: []
DBWrapper: report latency for each error is false and specific error codes to track for latency are: []
DBWrapper: report latency for each error is false and specific error codes to track for latency are: []
DBWrapper: report latency for each error is false and specific error codes to track for latency are: []
DBWrapper: report latency for each error is false and specific error codes to track for latency are: []
DBWrapper: report latency for each error is false and specific error codes to track for latency are: []
DBWrapper: report latency for each error is false and specific error codes to track for latency are: []
DBWrapper: report latency for each error is false and specific error codes to track for latency are: []
DBWrapper: report latency for each error is false and specific error codes to track for latency are: []
DBWrapper: report latency for each error is false and specific error codes to track for latency are: []
DBWrapper: report latency for each error is false and specific error codes to track for latency are: []
DBWrapper: report latency for each error is false and specific error codes to track for latency are: []
DBWrapper: report latency for each error is false and specific error codes to track for latency are: []
DBWrapper: report latency for each error is false and specific error codes to track for latency are: []
DBWrapper: report latency for each error is false and specific error codes to track for latency are: []
DBWrapper: report latency for each error is false and specific error codes to track for latency are: []
2020-09-10 12:45:20:785 20 sec: 28138 operations; 2318.84 current ops/sec; est completion in 1 hour 58 minutes [READ: Count=22607, Max=1630207, Min=0, Avg=77545.41, 90=199679, 99=658431, 99.9=1062911, 99.99=1457151] [READ-FAILED: Count=9, Max=288511, Min=4164, Avg=51574.22, 90=104831, 99=288511, 99.9=288511, 99.99=288511] 
2020-09-10 12:45:30:755 30 sec: 76447 operations; 4831.38 current ops/sec; est completion in 1 hour 4 minutes [READ: Count=48298, Max=1629183, Min=0, Avg=44854.68, 90=88511, 99=565247, 99.9=773631, 99.99=1155071] [READ-FAILED: Count=10, Max=60095, Min=5204, Avg=27520.8, 90=50111, 99=60095, 99.9=60095, 99.99=60095] 
DBWrapper: report latency for each error is false and specific error codes to track for latency are: []
DBWrapper: report latency for each error is false and specific error codes to track for latency are: []
DBWrapper: report latency for each error is false and specific error codes to track for latency are: []
DBWrapper: report latency for each error is false and specific error codes to track for latency are: []
DBWrapper: report latency for each error is false and specific error codes to track for latency are: []
DBWrapper: report latency for each error is false and specific error codes to track for latency are: []
DBWrapper: report latency for each error is false and specific error codes to track for latency are: []
DBWrapper: report latency for each error is false and specific error codes to track for latency are: []
DBWrapper: report latency for each error is false and specific error codes to track for latency are: []
DBWrapper: report latency for each error is false and specific error codes to track for latency are: []
DBWrapper: report latency for each error is false and specific error codes to track for latency are: []
DBWrapper: report latency for each error is false and specific error codes to track for latency are: []
DBWrapper: report latency for each error is false and specific error codes to track for latency are: []
DBWrapper: report latency for each error is false and specific error codes to track for latency are: []
DBWrapper: report latency for each error is false and specific error codes to track for latency are: []
DBWrapper: report latency for each error is false and specific error codes to track for latency are: []
DBWrapper: report latency for each error is false and specific error codes to track for latency are: []
DBWrapper: report latency for each error is false and specific error codes to track for latency are: []
DBWrapper: report latency for each error is false and specific error codes to track for latency are: []
DBWrapper: report latency for each error is false and specific error codes to track for latency are: []
DBWrapper: report latency for each error is false and specific error codes to track for latency are: []
DBWrapper: report latency for each error is false and specific error codes to track for latency are: []
DBWrapper: report latency for each error is false and specific error codes to track for latency are: []
DBWrapper: report latency for each error is false and specific error codes to track for latency are: []
2020-09-10 12:45:40:755 40 sec: 140311 operations; 6386.4 current ops/sec; est completion in 46 minutes [READ: Count=63845, Max=805887, Min=0, Avg=36779.23, 90=81791, 99=561151, 99.9=650751, 99.99=781311] [READ-FAILED: Count=18, Max=17343, Min=2102, Avg=7034.78, 90=10791, 99=17343, 99.9=17343, 99.99=17343] 
2020-09-10 12:45:50:755 50 sec: 214218 operations; 7390.7 current ops/sec; est completion in 38 minutes [READ: Count=73891, Max=699391, Min=0, Avg=32771.32, 90=72383, 99=555519, 99.9=669695, 99.99=689663] [READ-FAILED: Count=20, Max=47487, Min=2714, Avg=8777.6, 90=9503, 99=47487, 99.9=47487, 99.99=47487] 
2020-09-10 12:46:00:757 60 sec: 280291 operations; 6607.3 current ops/sec; est completion in 34 minutes [READ: Count=66051, Max=804351, Min=0, Avg=37294.15, 90=80831, 99=570879, 99.9=658431, 99.99=712191] [READ-FAILED: Count=19, Max=30319, Min=1869, Avg=9752.89, 90=12599, 99=30319, 99.9=30319, 99.99=30319] 
DBWrapper: report latency for each error is false and specific error codes to track for latency are: []
DBWrapper: report latency for each error is false and specific error codes to track for latency are: []
DBWrapper: report latency for each error is false and specific error codes to track for latency are: []
DBWrapper: report latency for each error is false and specific error codes to track for latency are: []
DBWrapper: report latency for each error is false and specific error codes to track for latency are: []
DBWrapper: report latency for each error is false and specific error codes to track for latency are: []
DBWrapper: report latency for each error is false and specific error codes to track for latency are: []
DBWrapper: report latency for each error is false and specific error codes to track for latency are: []
DBWrapper: report latency for each error is false and specific error codes to track for latency are: []
DBWrapper: report latency for each error is false and specific error codes to track for latency are: []
DBWrapper: report latency for each error is false and specific error codes to track for latency are: []
DBWrapper: report latency for each error is false and specific error codes to track for latency are: []
2020-09-10 12:46:10:755 70 sec: 358401 operations; 7811 current ops/sec; est completion in 31 minutes [READ: Count=78088, Max=779263, Min=0, Avg=31815.17, 90=80447, 99=535551, 99.9=644607, 99.99=701951] [READ-FAILED: Count=25, Max=32655, Min=3648, Avg=12829.44, 90=21503, 99=32655, 99.9=32655, 99.99=32655] 
2020-09-10 12:46:20:755 80 sec: 436462 operations; 7806.1 current ops/sec; est completion in 29 minutes [READ: Count=78028, Max=689151, Min=0, Avg=32507.66, 90=76799, 99=554495, 99.9=644607, 99.99=667647] [READ-FAILED: Count=29, Max=171263, Min=1598, Avg=14103.55, 90=19087, 99=171263, 99.9=171263, 99.99=171263] 
2020-09-10 12:46:30:755 90 sec: 504411 operations; 6794.22 current ops/sec; est completion in 28 minutes [READ: Count=67927, Max=811519, Min=0, Avg=38116.86, 90=94527, 99=568831, 99.9=688639, 99.99=733695] [READ-FAILED: Count=22, Max=32479, Min=2052, Avg=8139.27, 90=16783, 99=32479, 99.9=32479, 99.99=32479] 
2020-09-10 12:46:40:755 100 sec: 575355 operations; 7094.4 current ops/sec; est completion in 27 minutes [READ: Count=70933, Max=1068031, Min=0, Avg=35975.79, 90=82111, 99=557567, 99.9=628223, 99.99=735743] [READ-FAILED: Count=22, Max=74431, Min=2450, Avg=10681.05, 90=18479, 99=74431, 99.9=74431, 99.99=74431] 
2020-09-10 12:46:50:755 110 sec: 650771 operations; 7542.35 current ops/sec; est completion in 26 minutes [READ: Count=75379, Max=796159, Min=0, Avg=33585.21, 90=83071, 99=548351, 99.9=625151, 99.99=711679] [READ-FAILED: Count=28, Max=143487, Min=1657, Avg=14941.79, 90=17183, 99=143487, 99.9=143487, 99.99=143487] 
2020-09-10 12:47:00:755 120 sec: 720044 operations; 6927.3 current ops/sec; est completion in 25 minutes [READ: Count=69266, Max=708607, Min=0, Avg=36974.48, 90=80639, 99=561151, 99.9=637951, 99.99=681983] [READ-FAILED: Count=18, Max=19823, Min=1923, Avg=7603.39, 90=11407, 99=19823, 99.9=19823, 99.99=19823] 
2020-09-10 12:47:10:755 130 sec: 796368 operations; 7632.4 current ops/sec; est completion in 25 minutes [READ: Count=76288, Max=717823, Min=0, Avg=33805.62, 90=77823, 99=553983, 99.9=629247, 99.99=678399] [READ-FAILED: Count=26, Max=23615, Min=2788, Avg=8439.5, 90=12399, 99=23615, 99.9=23615, 99.99=23615] 
2020-09-10 12:47:20:755 140 sec: 857672 operations; 6130.4 current ops/sec; est completion in 24 minutes [READ: Count=61281, Max=878079, Min=0, Avg=41358.23, 90=96447, 99=570879, 99.9=652287, 99.99=768511] [READ-FAILED: Count=25, Max=22335, Min=3494, Avg=8508.28, 90=15831, 99=22335, 99.9=22335, 99.99=22335] 
2020-09-10 12:47:30:755 150 sec: 923053 operations; 6538.1 current ops/sec; est completion in 24 minutes [READ: Count=65368, Max=803839, Min=0, Avg=38965.93, 90=76863, 99=573951, 99.9=670719, 99.99=783359] [READ-FAILED: Count=14, Max=10543, Min=2404, Avg=5451.43, 90=9351, 99=10543, 99.9=10543, 99.99=10543] 
2020-09-10 12:47:40:755 160 sec: 993681 operations; 7062.8 current ops/sec; est completion in 24 minutes [READ: Count=70603, Max=750591, Min=0, Avg=36882.58, 90=76671, 99=569855, 99.9=642559, 99.99=668671] [READ-FAILED: Count=24, Max=19615, Min=1932, Avg=6361.75, 90=10255, 99=19615, 99.9=19615, 99.99=19615] 
2020-09-10 12:47:50:755 170 sec: 1068439 operations; 7475.8 current ops/sec; est completion in 23 minutes [READ: Count=74737, Max=778751, Min=0, Avg=34171.91, 90=70719, 99=574463, 99.9=666111, 99.99=722943] [READ-FAILED: Count=22, Max=18255, Min=2452, Avg=8456.09, 90=14007, 99=18255, 99.9=18255, 99.99=18255] 
2020-09-10 12:48:00:756 180 sec: 1144451 operations; 7600.44 current ops/sec; est completion in 23 minutes [READ: Count=75980, Max=1037823, Min=0, Avg=33931.97, 90=79039, 99=549375, 99.9=851967, 99.99=1027583] [READ-FAILED: Count=34, Max=95935, Min=3642, Avg=11475.56, 90=14503, 99=95935, 99.9=95935, 99.99=95935] 
2020-09-10 12:48:10:755 190 sec: 1214942 operations; 7049.8 current ops/sec; est completion in 22 minutes [READ: Count=70469, Max=779263, Min=0, Avg=36081.44, 90=71935, 99=568319, 99.9=646655, 99.99=693247] [READ-FAILED: Count=21, Max=65791, Min=2804, Avg=10187.71, 90=18895, 99=65791, 99.9=65791, 99.99=65791] 
2020-09-10 12:48:20:755 200 sec: 1285588 operations; 7064.6 current ops/sec; est completion in 22 minutes [READ: Count=70618, Max=787455, Min=0, Avg=36169.52, 90=77119, 99=562175, 99.9=675327, 99.99=745471] [READ-FAILED: Count=22, Max=60895, Min=2540, Avg=12826.59, 90=32655, 99=60895, 99.9=60895, 99.99=60895] 
2020-09-10 12:48:30:755 210 sec: 1359626 operations; 7403.06 current ops/sec; est completion in 22 minutes [READ: Count=74009, Max=727039, Min=0, Avg=34209.77, 90=70783, 99=570367, 99.9=629759, 99.99=689151] [READ-FAILED: Count=30, Max=126015, Min=1906, Avg=10908.07, 90=11415, 99=126015, 99.9=126015, 99.99=126015] 
2020-09-10 12:48:40:755 220 sec: 1431853 operations; 7223.42 current ops/sec; est completion in 21 minutes [READ: Count=72208, Max=761343, Min=0, Avg=35341.79, 90=71935, 99=567295, 99.9=638975, 99.99=715775] [READ-FAILED: Count=21, Max=30911, Min=2152, Avg=6790.38, 90=9215, 99=30911, 99.9=30911, 99.99=30911] 
2020-09-10 12:48:50:756 230 sec: 1501715 operations; 6985.5 current ops/sec; est completion in 21 minutes [READ: Count=69842, Max=757247, Min=0, Avg=37215.35, 90=71423, 99=572927, 99.9=666623, 99.99=714751] [READ-FAILED: Count=22, Max=30495, Min=3656, Avg=10150.59, 90=15647, 99=30495, 99.9=30495, 99.99=30495] 
2020-09-10 12:49:00:755 240 sec: 1582371 operations; 8066.41 current ops/sec; est completion in 21 minutes [READ: Count=80636, Max=716287, Min=0, Avg=31676.2, 90=73727, 99=551935, 99.9=610815, 99.99=670207] [READ-FAILED: Count=17, Max=15079, Min=2524, Avg=6813.29, 90=10071, 99=15079, 99.9=15079, 99.99=15079] 
2020-09-10 12:49:10:755 250 sec: 1664785 operations; 8241.4 current ops/sec; est completion in 20 minutes [READ: Count=82392, Max=696319, Min=0, Avg=31016.12, 90=74367, 99=552447, 99.9=624639, 99.99=677375] [READ-FAILED: Count=21, Max=21199, Min=3950, Avg=11462.95, 90=18463, 99=21199, 99.9=21199, 99.99=21199] 
2020-09-10 12:49:20:755 260 sec: 1743423 operations; 7863.8 current ops/sec; est completion in 20 minutes [READ: Count=78607, Max=739839, Min=0, Avg=32452.45, 90=73023, 99=557567, 99.9=628735, 99.99=711167] [READ-FAILED: Count=30, Max=69695, Min=4038, Avg=10843.6, 90=15647, 99=69695, 99.9=69695, 99.99=69695] 
2020-09-10 12:49:30:755 270 sec: 1820865 operations; 7744.2 current ops/sec; est completion in 20 minutes [READ: Count=77414, Max=722431, Min=0, Avg=33316.12, 90=73791, 99=551935, 99.9=632831, 99.99=695295] [READ-FAILED: Count=33, Max=496895, Min=2626, Avg=25919.52, 90=25183, 99=496895, 99.9=496895, 99.99=496895] 
2020-09-10 12:49:40:755 280 sec: 1896505 operations; 7564 current ops/sec; est completion in 19 minutes [READ: Count=75610, Max=947199, Min=0, Avg=34033.56, 90=75839, 99=560127, 99.9=641023, 99.99=764927] [READ-FAILED: Count=25, Max=31391, Min=2278, Avg=8508.68, 90=17807, 99=31391, 99.9=31391, 99.99=31391] 
2020-09-10 12:49:50:755 290 sec: 1971479 operations; 7497.4 current ops/sec; est completion in 19 minutes [READ: Count=74948, Max=733695, Min=0, Avg=33882.92, 90=73407, 99=559615, 99.9=634879, 99.99=709631] [READ-FAILED: Count=28, Max=18079, Min=2056, Avg=6602.71, 90=10927, 99=18079, 99.9=18079, 99.99=18079] 
2020-09-10 12:50:00:755 300 sec: 2043998 operations; 7251.9 current ops/sec; est completion in 19 minutes [READ: Count=72494, Max=714751, Min=0, Avg=35233.21, 90=70079, 99=563711, 99.9=622079, 99.99=666623] [READ-FAILED: Count=24, Max=29135, Min=2302, Avg=9068.46, 90=13487, 99=29135, 99.9=29135, 99.99=29135] 
Maximum time elapsed. Requesting stop for the workload.
Stop requested for workload. Now Joining!
[36m12:50:01.430[m [[34;1mINFO[m] [1;34mp.u.t.s.y.Stats.clientFinished@38[m: 
Ended SconeKV benchmark.
Number of clients: 256
Total transactions: 407043
Committed: 407043 (100.0%)
Aborted: 0 (0.0%)
2020-09-10 12:50:01:433 300 sec: 2045852 operations; 2734.51 current ops/sec; est completion in 19 minutes [READ: Count=1852, Max=602111, Min=0, Avg=54764.59, 90=102591, 99=585215, 99.9=597503, 99.99=602111] [CLEANUP: Count=256, Max=1824, Min=2, Avg=11.18, 90=5, 99=21, 99.9=1824, 99.99=1824] [READ-FAILED: Count=0, Max=0, Min=9223372036854775807, Avg=NaN, 90=0, 99=0, 99.9=0, 99.99=0] 
[OVERALL], RunTime(ms), 300672
[OVERALL], Throughput(ops/sec), 6804.265112813963
[TOTAL_GCS_G1_Young_Generation], Count, 166
[TOTAL_GC_TIME_G1_Young_Generation], Time(ms), 4906
[TOTAL_GC_TIME_%_G1_Young_Generation], Time(%), 1.631678373776075
[TOTAL_GCS_G1_Old_Generation], Count, 0
[TOTAL_GC_TIME_G1_Old_Generation], Time(ms), 0
[TOTAL_GC_TIME_%_G1_Old_Generation], Time(%), 0.0
[TOTAL_GCs], Count, 166
[TOTAL_GC_TIME], Time(ms), 4906
[TOTAL_GC_TIME_%], Time(%), 1.631678373776075
[READ], Operations, 2045191
[READ], AverageLatency(us), 35845.483086420776
[READ], MinLatency(us), 0
[READ], MaxLatency(us), 2205695
[READ], 95thPercentileLatency(us), 124543
[READ], 99thPercentileLatency(us), 562687
[READ], Return=OK, 2045191
[READ], Return=NOT_FOUND, 661
[CLEANUP], Operations, 256
[CLEANUP], AverageLatency(us), 11.1796875
[CLEANUP], MinLatency(us), 2
[CLEANUP], MaxLatency(us), 1824
[CLEANUP], 95thPercentileLatency(us), 9
[CLEANUP], 99thPercentileLatency(us), 21
[READ-FAILED], Operations, 661
[READ-FAILED], AverageLatency(us), 11363.102874432678
[READ-FAILED], MinLatency(us), 1598
[READ-FAILED], MaxLatency(us), 496895
[READ-FAILED], 95thPercentileLatency(us), 27215
[READ-FAILED], 99thPercentileLatency(us), 82047
