Command line: -t -db pt.ulisboa.tecnico.sconekv.ycsb.SconeKVClient -P workloadf -threads 64 -s -p scone.tx_size=5 -p operationcount=10000000 -p maxexecutiontime=300
YCSB Client 0.17.0

Loading workload...
Starting test.
WARNING: sun.reflect.Reflection.getCallerClass is not supported. This will impact performance.
2020-09-30 13:15:24:654 0 sec: 0 operations; est completion in 0 second 
Maximum execution time specified as: 300 secs
DBWrapper: report latency for each error is false and specific error codes to track for latency are: []
DBWrapper: report latency for each error is false and specific error codes to track for latency are: []
DBWrapper: report latency for each error is false and specific error codes to track for latency are: []
DBWrapper: report latency for each error is false and specific error codes to track for latency are: []
DBWrapper: report latency for each error is false and specific error codes to track for latency are: []
DBWrapper: report latency for each error is false and specific error codes to track for latency are: []
DBWrapper: report latency for each error is false and specific error codes to track for latency are: []
DBWrapper: report latency for each error is false and specific error codes to track for latency are: []
DBWrapper: report latency for each error is false and specific error codes to track for latency are: []
DBWrapper: report latency for each error is false and specific error codes to track for latency are: []
DBWrapper: report latency for each error is false and specific error codes to track for latency are: []
DBWrapper: report latency for each error is false and specific error codes to track for latency are: []
DBWrapper: report latency for each error is false and specific error codes to track for latency are: []
DBWrapper: report latency for each error is false and specific error codes to track for latency are: []
DBWrapper: report latency for each error is false and specific error codes to track for latency are: []
DBWrapper: report latency for each error is false and specific error codes to track for latency are: []
DBWrapper: report latency for each error is false and specific error codes to track for latency are: []
DBWrapper: report latency for each error is false and specific error codes to track for latency are: []
DBWrapper: report latency for each error is false and specific error codes to track for latency are: []
DBWrapper: report latency for each error is false and specific error codes to track for latency are: []
DBWrapper: report latency for each error is false and specific error codes to track for latency are: []
DBWrapper: report latency for each error is false and specific error codes to track for latency are: []
DBWrapper: report latency for each error is false and specific error codes to track for latency are: []
DBWrapper: report latency for each error is false and specific error codes to track for latency are: []
DBWrapper: report latency for each error is false and specific error codes to track for latency are: []
DBWrapper: report latency for each error is false and specific error codes to track for latency are: []
DBWrapper: report latency for each error is false and specific error codes to track for latency are: []
DBWrapper: report latency for each error is false and specific error codes to track for latency are: []
DBWrapper: report latency for each error is false and specific error codes to track for latency are: []
DBWrapper: report latency for each error is false and specific error codes to track for latency are: []
DBWrapper: report latency for each error is false and specific error codes to track for latency are: []
DBWrapper: report latency for each error is false and specific error codes to track for latency are: []
DBWrapper: report latency for each error is false and specific error codes to track for latency are: []
DBWrapper: report latency for each error is false and specific error codes to track for latency are: []
DBWrapper: report latency for each error is false and specific error codes to track for latency are: []
DBWrapper: report latency for each error is false and specific error codes to track for latency are: []
DBWrapper: report latency for each error is false and specific error codes to track for latency are: []
DBWrapper: report latency for each error is false and specific error codes to track for latency are: []
DBWrapper: report latency for each error is false and specific error codes to track for latency are: []
DBWrapper: report latency for each error is false and specific error codes to track for latency are: []
DBWrapper: report latency for each error is false and specific error codes to track for latency are: []
DBWrapper: report latency for each error is false and specific error codes to track for latency are: []
DBWrapper: report latency for each error is false and specific error codes to track for latency are: []
DBWrapper: report latency for each error is false and specific error codes to track for latency are: []
DBWrapper: report latency for each error is false and specific error codes to track for latency are: []
DBWrapper: report latency for each error is false and specific error codes to track for latency are: []
DBWrapper: report latency for each error is false and specific error codes to track for latency are: []
DBWrapper: report latency for each error is false and specific error codes to track for latency are: []
DBWrapper: report latency for each error is false and specific error codes to track for latency are: []
DBWrapper: report latency for each error is false and specific error codes to track for latency are: []
DBWrapper: report latency for each error is false and specific error codes to track for latency are: []
DBWrapper: report latency for each error is false and specific error codes to track for latency are: []
DBWrapper: report latency for each error is false and specific error codes to track for latency are: []
DBWrapper: report latency for each error is false and specific error codes to track for latency are: []
DBWrapper: report latency for each error is false and specific error codes to track for latency are: []
DBWrapper: report latency for each error is false and specific error codes to track for latency are: []
DBWrapper: report latency for each error is false and specific error codes to track for latency are: []
DBWrapper: report latency for each error is false and specific error codes to track for latency are: []
DBWrapper: report latency for each error is false and specific error codes to track for latency are: []
DBWrapper: report latency for each error is false and specific error codes to track for latency are: []
DBWrapper: report latency for each error is false and specific error codes to track for latency are: []
DBWrapper: report latency for each error is false and specific error codes to track for latency are: []
DBWrapper: report latency for each error is false and specific error codes to track for latency are: []
DBWrapper: report latency for each error is false and specific error codes to track for latency are: []
2020-09-30 13:15:34:659 10 sec: 10294 operations; 1028.47 current ops/sec; est completion in 2 hours 41 minutes [READ: Count=10295, Max=1084415, Min=1, Avg=39787.19, 90=84863, 99=486399, 99.9=635903, 99.99=949759] [READ-MODIFY-WRITE: Count=5304, Max=977919, Min=5, Avg=44545.23, 90=96575, 99=440063, 99.9=652799, 99.99=820735] [UPDATE: Count=5423, Max=178559, Min=2, Avg=4513.93, 90=13311, 99=73151, 99.9=158719, 99.99=169599] [READ-FAILED: Count=5, Max=29775, Min=1751, Avg=11295.4, 90=29775, 99=29775, 99.9=29775, 99.99=29775] 
2020-09-30 13:15:44:651 20 sec: 37949 operations; 2767.71 current ops/sec; est completion in 1 hour 27 minutes [READ: Count=27640, Max=988671, Min=0, Avg=22209.55, 90=43999, 99=477183, 99.9=605183, 99.99=741375] [READ-MODIFY-WRITE: Count=13617, Max=992255, Min=1, Avg=24059.64, 90=50655, 99=515583, 99.9=630271, 99.99=828927] [UPDATE: Count=13523, Max=98047, Min=0, Avg=1479.38, 90=4267, 99=20367, 99.9=40703, 99.99=89855] [READ-FAILED: Count=15, Max=31727, Min=2015, Avg=5826.6, 90=10567, 99=31727, 99.9=31727, 99.99=31727] 
2020-09-30 13:15:54:650 30 sec: 68758 operations; 3080.9 current ops/sec; est completion in 1 hour 12 minutes [READ: Count=30793, Max=1455103, Min=0, Avg=20071.96, 90=37119, 99=504831, 99.9=588287, 99.99=754175] [READ-MODIFY-WRITE: Count=15495, Max=784895, Min=3, Avg=20935.11, 90=41535, 99=511231, 99.9=591871, 99.99=707071] [UPDATE: Count=15473, Max=98559, Min=0, Avg=999.07, 90=3279, 99=13383, 99.9=34719, 99.99=66495] [READ-FAILED: Count=14, Max=24975, Min=1876, Avg=7085.36, 90=15071, 99=24975, 99.9=24975, 99.99=24975] 
2020-09-30 13:16:04:650 40 sec: 99040 operations; 3028.2 current ops/sec; est completion in 1 hour 6 minutes [READ: Count=30263, Max=964607, Min=0, Avg=20819.98, 90=37695, 99=508671, 99.9=582655, 99.99=848383] [READ-MODIFY-WRITE: Count=15015, Max=967167, Min=2, Avg=22084.88, 90=42463, 99=511231, 99.9=593919, 99.99=852479] [UPDATE: Count=15014, Max=115455, Min=0, Avg=1079.92, 90=3443, 99=14271, 99.9=36767, 99.99=79423] [READ-FAILED: Count=16, Max=29055, Min=1967, Avg=7142.62, 90=13727, 99=29055, 99.9=29055, 99.99=29055] 
2020-09-30 13:16:14:651 50 sec: 130825 operations; 3178.5 current ops/sec; est completion in 1 hour 2 minutes [READ: Count=31766, Max=918015, Min=0, Avg=19698.74, 90=37791, 99=427263, 99.9=577535, 99.99=683519] [READ-MODIFY-WRITE: Count=16026, Max=920575, Min=2, Avg=20371.5, 90=42495, 99=389119, 99.9=578559, 99.99=652287] [UPDATE: Count=16028, Max=90623, Min=0, Avg=1013.33, 90=3393, 99=12615, 99.9=35295, 99.99=68479] [READ-FAILED: Count=22, Max=31535, Min=2084, Avg=6155.91, 90=10959, 99=31535, 99.9=31535, 99.99=31535] 
2020-09-30 13:16:24:651 60 sec: 163727 operations; 3290.2 current ops/sec; est completion in 1 hour [READ: Count=32874, Max=1137663, Min=0, Avg=18978.46, 90=33791, 99=471807, 99.9=588287, 99.99=867839] [READ-MODIFY-WRITE: Count=16567, Max=1140735, Min=2, Avg=19769.09, 90=38207, 99=460543, 99.9=591871, 99.99=934911] [UPDATE: Count=16574, Max=91839, Min=0, Avg=992.03, 90=3335, 99=11815, 99.9=37087, 99.99=87487] [READ-FAILED: Count=26, Max=20239, Min=2132, Avg=4370.81, 90=6423, 99=20239, 99.9=20239, 99.99=20239] 
2020-09-30 13:16:34:651 70 sec: 193214 operations; 2948.7 current ops/sec; est completion in 59 minutes [READ: Count=29467, Max=830463, Min=0, Avg=20751.01, 90=35935, 99=508671, 99.9=566271, 99.99=725503] [READ-MODIFY-WRITE: Count=14817, Max=734719, Min=1, Avg=22369.14, 90=41599, 99=518399, 99.9=569343, 99.99=730623] [UPDATE: Count=14806, Max=527871, Min=0, Avg=1294.8, 90=3605, 99=15079, 99.9=74559, 99.99=515583] [READ-FAILED: Count=18, Max=4551, Min=2007, Avg=3288.61, 90=4175, 99=4551, 99.9=4551, 99.99=4551] 
2020-09-30 13:16:44:650 80 sec: 227460 operations; 3424.6 current ops/sec; est completion in 57 minutes [READ: Count=34229, Max=690687, Min=0, Avg=18301.76, 90=34591, 99=393727, 99.9=576511, 99.99=660991] [READ-MODIFY-WRITE: Count=17209, Max=665599, Min=2, Avg=19359.49, 90=39903, 99=380159, 99.9=582655, 99.99=626687] [UPDATE: Count=17213, Max=91839, Min=0, Avg=1073.87, 90=3499, 99=12839, 99.9=43135, 99.99=67135] [READ-FAILED: Count=20, Max=11671, Min=2334, Avg=5234.55, 90=9775, 99=11671, 99.9=11671, 99.99=11671] 
2020-09-30 13:16:54:650 90 sec: 257212 operations; 2975.2 current ops/sec; est completion in 56 minutes [READ: Count=29731, Max=972287, Min=0, Avg=21003.81, 90=39551, 99=493823, 99.9=616959, 99.99=825855] [READ-MODIFY-WRITE: Count=15013, Max=974847, Min=2, Avg=22764.29, 90=44959, 99=519167, 99.9=633343, 99.99=817151] [UPDATE: Count=15010, Max=124607, Min=0, Avg=1161.47, 90=3353, 99=16751, 99.9=51103, 99.99=81407] [READ-FAILED: Count=22, Max=23551, Min=2126, Avg=4756.55, 90=7051, 99=23551, 99.9=23551, 99.99=23551] 
2020-09-30 13:17:04:650 100 sec: 285023 operations; 2781.1 current ops/sec; est completion in 56 minutes [READ: Count=27805, Max=1031167, Min=0, Avg=22313.34, 90=35295, 99=520703, 99.9=774655, 99.99=973311] [READ-MODIFY-WRITE: Count=13982, Max=1035775, Min=2, Avg=23064.87, 90=39615, 99=524287, 99.9=738815, 99.99=1010175] [UPDATE: Count=13990, Max=501247, Min=0, Avg=1444.61, 90=3405, 99=12031, 99.9=97407, 99.99=498687] [READ-FAILED: Count=11, Max=4943, Min=1994, Avg=2942, 90=4107, 99=4943, 99.9=4943, 99.99=4943] 
2020-09-30 13:17:14:650 110 sec: 315698 operations; 3067.5 current ops/sec; est completion in 56 minutes [READ: Count=30646, Max=1135615, Min=0, Avg=20343.12, 90=37183, 99=478463, 99.9=613375, 99.99=823807] [READ-MODIFY-WRITE: Count=15428, Max=1141759, Min=2, Avg=20883.52, 90=41759, 99=434687, 99.9=614399, 99.99=822783] [UPDATE: Count=15427, Max=129919, Min=0, Avg=1051.07, 90=3387, 99=12751, 99.9=42367, 99.99=97215] [READ-FAILED: Count=23, Max=29167, Min=1706, Avg=4513.78, 90=5327, 99=29167, 99.9=29167, 99.99=29167] 
2020-09-30 13:17:24:650 120 sec: 345729 operations; 3003.1 current ops/sec; est completion in 55 minutes [READ: Count=30012, Max=1065983, Min=0, Avg=20437.2, 90=34271, 99=516863, 99.9=613375, 99.99=971263] [READ-MODIFY-WRITE: Count=15116, Max=1051647, Min=2, Avg=21352.7, 90=38111, 99=519679, 99.9=622591, 99.99=913919] [UPDATE: Count=15115, Max=82943, Min=0, Avg=1008.51, 90=3255, 99=11815, 99.9=63551, 99.99=78143] [READ-FAILED: Count=19, Max=5415, Min=1992, Avg=3014.53, 90=3977, 99=5415, 99.9=5415, 99.99=5415] 
2020-09-30 13:17:34:651 130 sec: 374046 operations; 2831.7 current ops/sec; est completion in 55 minutes [READ: Count=28286, Max=1174527, Min=0, Avg=22028.88, 90=41535, 99=516607, 99.9=614399, 99.99=836095] [READ-MODIFY-WRITE: Count=14176, Max=1004543, Min=2, Avg=24251, 90=47039, 99=523007, 99.9=672255, 99.99=868863] [UPDATE: Count=14171, Max=501247, Min=0, Avg=1427.39, 90=3401, 99=15423, 99.9=73535, 99.99=483839] [READ-FAILED: Count=30, Max=23871, Min=1772, Avg=4658.83, 90=8295, 99=23871, 99.9=23871, 99.99=23871] 
2020-09-30 13:17:44:650 140 sec: 401800 operations; 2775.4 current ops/sec; est completion in 55 minutes [READ: Count=27734, Max=1255423, Min=0, Avg=22735.92, 90=36831, 99=520703, 99.9=775679, 99.99=1208319] [READ-MODIFY-WRITE: Count=13815, Max=1247231, Min=3, Avg=23977.85, 90=41567, 99=526335, 99.9=667135, 99.99=1141759] [UPDATE: Count=13822, Max=496895, Min=0, Avg=1014.45, 90=3203, 99=12255, 99.9=34463, 99.99=102143] [READ-FAILED: Count=22, Max=17119, Min=1576, Avg=4767.05, 90=8679, 99=17119, 99.9=17119, 99.99=17119] 
2020-09-30 13:17:54:650 150 sec: 433240 operations; 3144 current ops/sec; est completion in 55 minutes [READ: Count=31426, Max=900607, Min=0, Avg=19828.19, 90=38591, 99=391167, 99.9=627199, 99.99=735743] [READ-MODIFY-WRITE: Count=15695, Max=914943, Min=1, Avg=20696.77, 90=43455, 99=392447, 99.9=620031, 99.99=684031] [UPDATE: Count=15692, Max=118527, Min=0, Avg=1129.33, 90=3481, 99=15447, 99.9=42623, 99.99=96191] [READ-FAILED: Count=14, Max=19503, Min=2222, Avg=4471.07, 90=6499, 99=19503, 99.9=19503, 99.99=19503] 
2020-09-30 13:18:04:650 160 sec: 462619 operations; 2937.9 current ops/sec; est completion in 54 minutes [READ: Count=29377, Max=1040383, Min=0, Avg=21132.73, 90=37343, 99=500735, 99.9=577535, 99.99=720383] [READ-MODIFY-WRITE: Count=14607, Max=1027583, Min=2, Avg=23055.2, 90=43775, 99=520447, 99.9=598015, 99.99=770559] [UPDATE: Count=14611, Max=511487, Min=0, Avg=1331.05, 90=3289, 99=12351, 99.9=73663, 99.99=499455] [READ-FAILED: Count=7, Max=15559, Min=2112, Avg=4522.29, 90=3615, 99=15559, 99.9=15559, 99.99=15559] 
2020-09-30 13:18:14:650 170 sec: 491309 operations; 2869 current ops/sec; est completion in 54 minutes [READ: Count=28672, Max=1000959, Min=0, Avg=21650.09, 90=38975, 99=517887, 99.9=592383, 99.99=806399] [READ-MODIFY-WRITE: Count=14426, Max=1004543, Min=2, Avg=23175.57, 90=44223, 99=522751, 99.9=605695, 99.99=809983] [UPDATE: Count=14420, Max=121087, Min=0, Avg=1101.57, 90=3359, 99=14191, 99.9=56991, 99.99=111423] [READ-FAILED: Count=15, Max=13495, Min=1953, Avg=4407.07, 90=9951, 99=13495, 99.9=13495, 99.99=13495] 
2020-09-30 13:18:24:650 180 sec: 523834 operations; 3252.5 current ops/sec; est completion in 54 minutes [READ: Count=32503, Max=1185791, Min=0, Avg=19159.75, 90=36479, 99=417791, 99.9=584703, 99.99=892415] [READ-MODIFY-WRITE: Count=16303, Max=895999, Min=3, Avg=19840.13, 90=40511, 99=428031, 99.9=590335, 99.99=840703] [UPDATE: Count=16300, Max=89023, Min=0, Avg=988.64, 90=3395, 99=11063, 99.9=43359, 99.99=75583] [READ-FAILED: Count=16, Max=7231, Min=2206, Avg=3546.88, 90=4791, 99=7231, 99.9=7231, 99.99=7231] 
2020-09-30 13:18:34:650 190 sec: 550230 operations; 2639.6 current ops/sec; est completion in 54 minutes [READ: Count=26391, Max=1496063, Min=0, Avg=23782.5, 90=37919, 99=525311, 99.9=792575, 99.99=1293311] [READ-MODIFY-WRITE: Count=13285, Max=1499135, Min=2, Avg=24511.37, 90=42815, 99=525823, 99.9=796671, 99.99=1296383] [UPDATE: Count=13287, Max=112831, Min=0, Avg=1068.68, 90=3437, 99=12903, 99.9=49663, 99.99=104255] [READ-FAILED: Count=8, Max=9727, Min=1983, Avg=4651.88, 90=7823, 99=9727, 99.9=9727, 99.99=9727] 
2020-09-30 13:18:44:650 200 sec: 582748 operations; 3251.8 current ops/sec; est completion in 53 minutes [READ: Count=32505, Max=1043455, Min=0, Avg=19087.01, 90=35391, 99=439807, 99.9=589311, 99.99=865791] [READ-MODIFY-WRITE: Count=16077, Max=1060863, Min=2, Avg=20338.59, 90=40543, 99=438783, 99.9=609279, 99.99=830975] [UPDATE: Count=16086, Max=515071, Min=0, Avg=1264.34, 90=3639, 99=13831, 99.9=55519, 99.99=475647] [READ-FAILED: Count=14, Max=35615, Min=1863, Avg=6128.21, 90=9319, 99=35615, 99.9=35615, 99.99=35615] 
2020-09-30 13:18:54:650 210 sec: 611882 operations; 2913.4 current ops/sec; est completion in 53 minutes [READ: Count=29114, Max=1124351, Min=0, Avg=21082.52, 90=37823, 99=516607, 99.9=592895, 99.99=872447] [READ-MODIFY-WRITE: Count=14712, Max=917503, Min=3, Avg=22262.48, 90=42335, 99=516607, 99.9=593919, 99.99=875007] [UPDATE: Count=14706, Max=125311, Min=0, Avg=1075.64, 90=3459, 99=12871, 99.9=40575, 99.99=90495] [READ-FAILED: Count=22, Max=7807, Min=2066, Avg=3355.73, 90=5807, 99=7807, 99.9=7807, 99.99=7807] 
2020-09-30 13:19:04:651 220 sec: 642596 operations; 3071.4 current ops/sec; est completion in 53 minutes [READ: Count=30689, Max=743935, Min=0, Avg=20189.76, 90=39679, 99=476927, 99.9=554495, 99.99=644607] [READ-MODIFY-WRITE: Count=15354, Max=730623, Min=2, Avg=20556.16, 90=44063, 99=402687, 99.9=559615, 99.99=625151] [UPDATE: Count=15351, Max=98943, Min=0, Avg=1164.7, 90=3521, 99=15111, 99.9=78527, 99.99=96127] [READ-FAILED: Count=21, Max=20735, Min=1942, Avg=5004.43, 90=8511, 99=20735, 99.9=20735, 99.99=20735] 
2020-09-30 13:19:14:650 230 sec: 671699 operations; 2910.3 current ops/sec; est completion in 53 minutes [READ: Count=29091, Max=1129471, Min=0, Avg=21871.34, 90=37663, 99=514815, 99.9=799231, 99.99=1092607] [READ-MODIFY-WRITE: Count=14672, Max=1134591, Min=2, Avg=23366.18, 90=42783, 99=520447, 99.9=801791, 99.99=1099775] [UPDATE: Count=14671, Max=590847, Min=0, Avg=1069.23, 90=3161, 99=13367, 99.9=45119, 99.99=107455] [READ-FAILED: Count=18, Max=15847, Min=1732, Avg=4186, 90=5067, 99=15847, 99.9=15847, 99.99=15847] 
2020-09-30 13:19:24:650 240 sec: 703146 operations; 3144.7 current ops/sec; est completion in 52 minutes [READ: Count=31425, Max=1141759, Min=0, Avg=19835.39, 90=35711, 99=473599, 99.9=566783, 99.99=672767] [READ-MODIFY-WRITE: Count=15691, Max=1144831, Min=2, Avg=21176.57, 90=40543, 99=487935, 99.9=579583, 99.99=806911] [UPDATE: Count=15704, Max=131199, Min=0, Avg=1116.3, 90=3457, 99=13327, 99.9=46719, 99.99=122495] [READ-FAILED: Count=18, Max=10031, Min=2122, Avg=3963.22, 90=7303, 99=10031, 99.9=10031, 99.99=10031] 
2020-09-30 13:19:34:650 250 sec: 729673 operations; 2652.7 current ops/sec; est completion in 52 minutes [READ: Count=26505, Max=965119, Min=0, Avg=22899.75, 90=39423, 99=519679, 99.9=576511, 99.99=684031] [READ-MODIFY-WRITE: Count=13193, Max=780287, Min=3, Avg=23424.05, 90=43903, 99=519679, 99.9=583167, 99.99=623615] [UPDATE: Count=13181, Max=398591, Min=0, Avg=1042.6, 90=3049, 99=13799, 99.9=47999, 99.99=80383] [READ-FAILED: Count=22, Max=13303, Min=2216, Avg=5533.05, 90=10847, 99=13303, 99.9=13303, 99.99=13303] 
2020-09-30 13:19:44:650 260 sec: 759528 operations; 2985.5 current ops/sec; est completion in 52 minutes [READ: Count=29846, Max=897535, Min=0, Avg=21304.18, 90=35455, 99=515583, 99.9=641535, 99.99=861183] [READ-MODIFY-WRITE: Count=14968, Max=875007, Min=3, Avg=23031, 90=41183, 99=519935, 99.9=669183, 99.99=871935] [UPDATE: Count=14971, Max=519679, Min=0, Avg=1219.28, 90=3407, 99=17599, 99.9=49311, 99.99=106751] [READ-FAILED: Count=13, Max=76095, Min=2288, Avg=9818.92, 90=6723, 99=76095, 99.9=76095, 99.99=76095] 
2020-09-30 13:19:54:650 270 sec: 789823 operations; 3029.5 current ops/sec; est completion in 52 minutes [READ: Count=30279, Max=988671, Min=0, Avg=20652.84, 90=40863, 99=453119, 99.9=589823, 99.99=792575] [READ-MODIFY-WRITE: Count=15114, Max=842751, Min=3, Avg=22375.01, 90=45695, 99=516607, 99.9=592383, 99.99=712191] [UPDATE: Count=15111, Max=142207, Min=0, Avg=1155.44, 90=3317, 99=16231, 99.9=49279, 99.99=114175] [READ-FAILED: Count=11, Max=7403, Min=2178, Avg=3731.73, 90=5187, 99=7403, 99.9=7403, 99.99=7403] 
2020-09-30 13:20:04:650 280 sec: 818752 operations; 2892.9 current ops/sec; est completion in 52 minutes [READ: Count=28918, Max=997887, Min=0, Avg=21374.02, 90=34687, 99=519423, 99.9=578559, 99.99=862719] [READ-MODIFY-WRITE: Count=14530, Max=1000447, Min=2, Avg=22402.44, 90=39167, 99=521983, 99.9=574463, 99.99=865279] [UPDATE: Count=14540, Max=94911, Min=0, Avg=915.55, 90=3115, 99=10471, 99.9=31519, 99.99=75199] [READ-FAILED: Count=12, Max=5703, Min=2088, Avg=3243.17, 90=5199, 99=5703, 99.9=5703, 99.99=5703] 
2020-09-30 13:20:14:650 290 sec: 846716 operations; 2796.4 current ops/sec; est completion in 52 minutes [READ: Count=27947, Max=1145855, Min=0, Avg=22697.07, 90=36959, 99=520703, 99.9=676863, 99.99=1008639] [READ-MODIFY-WRITE: Count=13985, Max=1019903, Min=3, Avg=23599.11, 90=41503, 99=524287, 99.9=681983, 99.99=1011711] [UPDATE: Count=13974, Max=562687, Min=0, Avg=1132.07, 90=3275, 99=13703, 99.9=48383, 99.99=256127] [READ-FAILED: Count=14, Max=8527, Min=1927, Avg=4257.5, 90=8447, 99=8527, 99.9=8527, 99.99=8527] 
2020-09-30 13:20:24:650 300 sec: 877584 operations; 3086.8 current ops/sec; est completion in 51 minutes [READ: Count=30851, Max=1112063, Min=0, Avg=20218.22, 90=35551, 99=498175, 99.9=723967, 99.99=1025535] [READ-MODIFY-WRITE: Count=15176, Max=1011199, Min=2, Avg=21513.49, 90=40671, 99=510207, 99.9=705535, 99.99=868351] [UPDATE: Count=15188, Max=103295, Min=0, Avg=1024.13, 90=3343, 99=11255, 99.9=49471, 99.99=101823] [READ-FAILED: Count=26, Max=9903, Min=1804, Avg=3697.12, 90=5435, 99=9903, 99.9=9903, 99.99=9903] 
Maximum time elapsed. Requesting stop for the workload.
Stop requested for workload. Now Joining!
[36m13:20:25.126[m [[34;1mINFO[m] [1;34mp.u.t.s.y.Stats.clientFinished@38[m: 
Ended SconeKV benchmark.
Number of clients: 64
Total transactions: 194105
Committed: 140674 (72.473145%)
Aborted: 53431 (27.526855%)
2020-09-30 13:20:25:128 300 sec: 878143 operations; 1171.91 current ops/sec; est completion in 52 minutes [READ: Count=549, Max=523519, Min=1, Avg=21825.22, 90=31759, 99=514559, 99.9=522239, 99.99=523519] [READ-MODIFY-WRITE: Count=246, Max=525823, Min=4, Avg=27376.52, 90=40895, 99=516863, 99.9=525823, 99.99=525823] [CLEANUP: Count=64, Max=1466, Min=2, Avg=26.66, 90=7, 99=23, 99.9=1466, 99.99=1466] [UPDATE: Count=232, Max=25455, Min=1, Avg=1544.1, 90=4611, 99=14743, 99.9=25455, 99.99=25455] [READ-FAILED: Count=0, Max=0, Min=9223372036854775807, Avg=NaN, 90=0, 99=0, 99.9=0, 99.99=0] 
[OVERALL], RunTime(ms), 300477
[OVERALL], Throughput(ops/sec), 2922.496563796896
[TOTAL_GCS_G1_Young_Generation], Count, 142
[TOTAL_GC_TIME_G1_Young_Generation], Time(ms), 1754
[TOTAL_GC_TIME_%_G1_Young_Generation], Time(%), 0.5837385224160252
[TOTAL_GCS_G1_Old_Generation], Count, 0
[TOTAL_GC_TIME_G1_Old_Generation], Time(ms), 0
[TOTAL_GC_TIME_%_G1_Old_Generation], Time(%), 0.0
[TOTAL_GCs], Count, 142
[TOTAL_GC_TIME], Time(ms), 1754
[TOTAL_GC_TIME_%], Time(%), 0.5837385224160252
[READ], Operations, 877629
[READ], AverageLatency(us), 21055.977573667235
[READ], MinLatency(us), 0
[READ], MaxLatency(us), 1496063
[READ], 95thPercentileLatency(us), 64383
[READ], 99thPercentileLatency(us), 512255
[READ], Return=OK, 877629
[READ], Return=NOT_FOUND, 514
[READ-MODIFY-WRITE], Operations, 439614
[READ-MODIFY-WRITE], AverageLatency(us), 22277.907568912728
[READ-MODIFY-WRITE], MinLatency(us), 1
[READ-MODIFY-WRITE], MaxLatency(us), 1499135
[READ-MODIFY-WRITE], 95thPercentileLatency(us), 71295
[READ-MODIFY-WRITE], 99thPercentileLatency(us), 516607
[CLEANUP], Operations, 64
[CLEANUP], AverageLatency(us), 26.65625
[CLEANUP], MinLatency(us), 2
[CLEANUP], MaxLatency(us), 1466
[CLEANUP], 95thPercentileLatency(us), 7
[CLEANUP], 99thPercentileLatency(us), 23
[UPDATE], Operations, 439614
[UPDATE], AverageLatency(us), 1171.4122571164703
[UPDATE], MinLatency(us), 0
[UPDATE], MaxLatency(us), 590847
[UPDATE], 95thPercentileLatency(us), 5015
[UPDATE], 99thPercentileLatency(us), 14871
[UPDATE], Return=OK, 439614
[READ-FAILED], Operations, 514
[READ-FAILED], AverageLatency(us), 4793.464980544747
[READ-FAILED], MinLatency(us), 1576
[READ-FAILED], MaxLatency(us), 76095
[READ-FAILED], 95thPercentileLatency(us), 12031
[READ-FAILED], 99thPercentileLatency(us), 29167
