Command line: -t -db pt.ulisboa.tecnico.sconekv.ycsb.SconeKVClient -P workloadc -threads 32 -s -p scone.tx_size=5 -p operationcount=10000000 -p maxexecutiontime=300
YCSB Client 0.17.0

Loading workload...
Starting test.
WARNING: sun.reflect.Reflection.getCallerClass is not supported. This will impact performance.
Maximum execution time specified as: 300 secs
2020-09-30 12:21:11:862 0 sec: 0 operations; est completion in 0 second 
DBWrapper: report latency for each error is false and specific error codes to track for latency are: []
DBWrapper: report latency for each error is false and specific error codes to track for latency are: []
DBWrapper: report latency for each error is false and specific error codes to track for latency are: []
DBWrapper: report latency for each error is false and specific error codes to track for latency are: []
DBWrapper: report latency for each error is false and specific error codes to track for latency are: []
DBWrapper: report latency for each error is false and specific error codes to track for latency are: []
DBWrapper: report latency for each error is false and specific error codes to track for latency are: []
DBWrapper: report latency for each error is false and specific error codes to track for latency are: []
DBWrapper: report latency for each error is false and specific error codes to track for latency are: []
DBWrapper: report latency for each error is false and specific error codes to track for latency are: []
DBWrapper: report latency for each error is false and specific error codes to track for latency are: []
DBWrapper: report latency for each error is false and specific error codes to track for latency are: []
DBWrapper: report latency for each error is false and specific error codes to track for latency are: []
DBWrapper: report latency for each error is false and specific error codes to track for latency are: []
DBWrapper: report latency for each error is false and specific error codes to track for latency are: []
DBWrapper: report latency for each error is false and specific error codes to track for latency are: []
DBWrapper: report latency for each error is false and specific error codes to track for latency are: []
DBWrapper: report latency for each error is false and specific error codes to track for latency are: []
DBWrapper: report latency for each error is false and specific error codes to track for latency are: []
DBWrapper: report latency for each error is false and specific error codes to track for latency are: []
DBWrapper: report latency for each error is false and specific error codes to track for latency are: []
DBWrapper: report latency for each error is false and specific error codes to track for latency are: []
DBWrapper: report latency for each error is false and specific error codes to track for latency are: []
DBWrapper: report latency for each error is false and specific error codes to track for latency are: []
DBWrapper: report latency for each error is false and specific error codes to track for latency are: []
DBWrapper: report latency for each error is false and specific error codes to track for latency are: []
DBWrapper: report latency for each error is false and specific error codes to track for latency are: []
DBWrapper: report latency for each error is false and specific error codes to track for latency are: []
DBWrapper: report latency for each error is false and specific error codes to track for latency are: []
DBWrapper: report latency for each error is false and specific error codes to track for latency are: []
DBWrapper: report latency for each error is false and specific error codes to track for latency are: []
DBWrapper: report latency for each error is false and specific error codes to track for latency are: []
2020-09-30 12:21:21:861 10 sec: 17684 operations; 1768.22 current ops/sec; est completion in 1 hour 34 minutes [READ: Count=17671, Max=604671, Min=3, Avg=14242.49, 90=27743, 99=82687, 99.9=545791, 99.99=579583] [READ-FAILED: Count=17, Max=23199, Min=2220, Avg=6850.65, 90=13535, 99=23199, 99.9=23199, 99.99=23199] 
2020-09-30 12:21:31:861 20 sec: 45458 operations; 2777.68 current ops/sec; est completion in 1 hour 13 minutes [READ: Count=27738, Max=578047, Min=2, Avg=11583.63, 90=18959, 99=77503, 99.9=541695, 99.99=572415] [READ-FAILED: Count=34, Max=30079, Min=1707, Avg=4714.85, 90=7659, 99=30079, 99.9=30079, 99.99=30079] 
2020-09-30 12:21:41:861 30 sec: 74856 operations; 2939.8 current ops/sec; est completion in 1 hour 6 minutes [READ: Count=29361, Max=579583, Min=2, Avg=10912.23, 90=18447, 99=79039, 99.9=543231, 99.99=563711] [READ-FAILED: Count=35, Max=14263, Min=1991, Avg=3526.23, 90=4883, 99=14263, 99.9=14263, 99.99=14263] 
2020-09-30 12:21:51:860 40 sec: 106079 operations; 3122.3 current ops/sec; est completion in 1 hour 2 minutes [READ: Count=31180, Max=610303, Min=3, Avg=10194.49, 90=18543, 99=47263, 99.9=540159, 99.99=557567] [READ-FAILED: Count=43, Max=6067, Min=1749, Avg=3166.16, 90=4759, 99=6067, 99.9=6067, 99.99=6067] 
2020-09-30 12:22:01:861 50 sec: 137445 operations; 3136.6 current ops/sec; est completion in 59 minutes [READ: Count=31344, Max=598527, Min=2, Avg=10134.01, 90=18047, 99=61247, 99.9=546303, 99.99=580095] [READ-FAILED: Count=28, Max=3777, Min=1935, Avg=2805.75, 90=3427, 99=3777, 99.9=3777, 99.99=3777] 
2020-09-30 12:22:11:861 60 sec: 169438 operations; 3199.3 current ops/sec; est completion in 58 minutes [READ: Count=31948, Max=567807, Min=2, Avg=10075.15, 90=19231, 99=52287, 99.9=538111, 99.99=564735] [READ-FAILED: Count=41, Max=11319, Min=1576, Avg=3282.73, 90=5235, 99=11319, 99.9=11319, 99.99=11319] 
2020-09-30 12:22:21:861 70 sec: 199391 operations; 2995.3 current ops/sec; est completion in 57 minutes [READ: Count=29913, Max=566271, Min=2, Avg=10535.92, 90=18447, 99=69887, 99.9=536063, 99.99=559615] [READ-FAILED: Count=41, Max=20463, Min=1776, Avg=3720, 90=4679, 99=20463, 99.9=20463, 99.99=20463] 
2020-09-30 12:22:31:861 80 sec: 228294 operations; 2890.3 current ops/sec; est completion in 57 minutes [READ: Count=28861, Max=582143, Min=2, Avg=11066.89, 90=18703, 99=69759, 99.9=542719, 99.99=574975] [READ-FAILED: Count=40, Max=13383, Min=1768, Avg=3318.78, 90=4519, 99=13383, 99.9=13383, 99.99=13383] 
2020-09-30 12:22:41:861 90 sec: 257599 operations; 2930.5 current ops/sec; est completion in 56 minutes [READ: Count=29279, Max=622079, Min=2, Avg=11035.56, 90=18271, 99=72575, 99.9=553471, 99.99=588287] [READ-FAILED: Count=27, Max=13871, Min=1741, Avg=3621.41, 90=4871, 99=13871, 99.9=13871, 99.99=13871] 
2020-09-30 12:22:51:861 100 sec: 288100 operations; 3050.1 current ops/sec; est completion in 56 minutes [READ: Count=30471, Max=576511, Min=3, Avg=10580.97, 90=19055, 99=60735, 99.9=532991, 99.99=561151] [READ-FAILED: Count=33, Max=11087, Min=1586, Avg=3419.27, 90=5931, 99=11087, 99.9=11087, 99.99=11087] 
2020-09-30 12:23:01:861 110 sec: 322579 operations; 3447.9 current ops/sec; est completion in 55 minutes [READ: Count=34434, Max=588287, Min=2, Avg=9229.15, 90=18351, 99=50623, 99.9=538111, 99.99=570367] [READ-FAILED: Count=44, Max=22143, Min=1758, Avg=3740.89, 90=5847, 99=22143, 99.9=22143, 99.99=22143] 
2020-09-30 12:23:11:861 120 sec: 351413 operations; 2883.4 current ops/sec; est completion in 54 minutes [READ: Count=28805, Max=573951, Min=3, Avg=10803.65, 90=19583, 99=66815, 99.9=537599, 99.99=562687] [READ-FAILED: Count=25, Max=9359, Min=1660, Avg=3918, 90=6323, 99=9359, 99.9=9359, 99.99=9359] 
2020-09-30 12:23:21:861 130 sec: 379707 operations; 2829.4 current ops/sec; est completion in 54 minutes [READ: Count=28264, Max=584703, Min=3, Avg=11640.92, 90=19151, 99=87423, 99.9=555519, 99.99=571391] [READ-FAILED: Count=31, Max=10623, Min=1660, Avg=3555.58, 90=5567, 99=10623, 99.9=10623, 99.99=10623] 
2020-09-30 12:23:31:861 140 sec: 412122 operations; 3241.5 current ops/sec; est completion in 54 minutes [READ: Count=32376, Max=572927, Min=2, Avg=9877.64, 90=19503, 99=51199, 99.9=539647, 99.99=562175] [READ-FAILED: Count=39, Max=8511, Min=1795, Avg=3152.36, 90=4065, 99=8511, 99.9=8511, 99.99=8511] 
2020-09-30 12:23:41:861 150 sec: 442462 operations; 3034 current ops/sec; est completion in 54 minutes [READ: Count=30313, Max=575487, Min=3, Avg=10539.38, 90=18415, 99=56831, 99.9=545791, 99.99=568319] [READ-FAILED: Count=32, Max=10751, Min=1859, Avg=3209.34, 90=4131, 99=10751, 99.9=10751, 99.99=10751] 
2020-09-30 12:23:51:861 160 sec: 473056 operations; 3059.4 current ops/sec; est completion in 53 minutes [READ: Count=30539, Max=573951, Min=2, Avg=10461.25, 90=18831, 99=60863, 99.9=534527, 99.99=568831] [READ-FAILED: Count=49, Max=8135, Min=1923, Avg=3152.45, 90=4063, 99=8135, 99.9=8135, 99.99=8135] 
2020-09-30 12:24:01:861 170 sec: 502780 operations; 2972.4 current ops/sec; est completion in 53 minutes [READ: Count=29682, Max=572927, Min=2, Avg=10750.8, 90=19359, 99=64543, 99.9=540671, 99.99=562175] [READ-FAILED: Count=43, Max=10135, Min=1817, Avg=3381.19, 90=5335, 99=10135, 99.9=10135, 99.99=10135] 
2020-09-30 12:24:11:861 180 sec: 534034 operations; 3125.4 current ops/sec; est completion in 53 minutes [READ: Count=31217, Max=613375, Min=2, Avg=10279.97, 90=17807, 99=61663, 99.9=531455, 99.99=607743] [READ-FAILED: Count=36, Max=15695, Min=1814, Avg=3433.47, 90=4903, 99=15695, 99.9=15695, 99.99=15695] 
2020-09-30 12:24:21:861 190 sec: 560560 operations; 2652.6 current ops/sec; est completion in 53 minutes [READ: Count=26502, Max=1012735, Min=2, Avg=11937.48, 90=17711, 99=97727, 99.9=560639, 99.99=1008639] [READ-FAILED: Count=26, Max=18783, Min=1632, Avg=3830.35, 90=4699, 99=18783, 99.9=18783, 99.99=18783] 
2020-09-30 12:24:31:861 200 sec: 590405 operations; 2984.5 current ops/sec; est completion in 53 minutes [READ: Count=29813, Max=651263, Min=2, Avg=10727.03, 90=18655, 99=71615, 99.9=553471, 99.99=608255] [READ-FAILED: Count=30, Max=7679, Min=1649, Avg=2925.87, 90=4191, 99=7679, 99.9=7679, 99.99=7679] 
2020-09-30 12:24:41:861 210 sec: 619827 operations; 2942.2 current ops/sec; est completion in 52 minutes [READ: Count=29390, Max=616959, Min=3, Avg=10851.1, 90=19999, 99=63775, 99.9=542719, 99.99=588799] [READ-FAILED: Count=34, Max=17167, Min=1866, Avg=4251.62, 90=10303, 99=17167, 99.9=17167, 99.99=17167] 
2020-09-30 12:24:51:860 220 sec: 650145 operations; 3031.8 current ops/sec; est completion in 52 minutes [READ: Count=30280, Max=578047, Min=2, Avg=10481.47, 90=18671, 99=64031, 99.9=536063, 99.99=571903] [READ-FAILED: Count=39, Max=19247, Min=1831, Avg=3764.97, 90=4903, 99=19247, 99.9=19247, 99.99=19247] 
2020-09-30 12:25:01:861 230 sec: 680894 operations; 3074.9 current ops/sec; est completion in 52 minutes [READ: Count=30713, Max=601599, Min=2, Avg=10675.67, 90=18799, 99=58751, 99.9=544767, 99.99=580095] [READ-FAILED: Count=38, Max=11079, Min=2074, Avg=3367.95, 90=4523, 99=11079, 99.9=11079, 99.99=11079] 
2020-09-30 12:25:11:861 240 sec: 711701 operations; 3080.7 current ops/sec; est completion in 52 minutes [READ: Count=30768, Max=604671, Min=3, Avg=10288.92, 90=18783, 99=56543, 99.9=541695, 99.99=579071] [READ-FAILED: Count=36, Max=12111, Min=2052, Avg=3831.92, 90=4939, 99=12111, 99.9=12111, 99.99=12111] 
2020-09-30 12:25:21:861 250 sec: 740647 operations; 2894.6 current ops/sec; est completion in 52 minutes [READ: Count=28901, Max=592895, Min=2, Avg=11050.05, 90=19647, 99=70079, 99.9=550399, 99.99=584703] [READ-FAILED: Count=44, Max=16055, Min=1804, Avg=3654.84, 90=6079, 99=16055, 99.9=16055, 99.99=16055] 
2020-09-30 12:25:31:861 260 sec: 771261 operations; 3061.4 current ops/sec; est completion in 51 minutes [READ: Count=30578, Max=588287, Min=2, Avg=10463.74, 90=19167, 99=60831, 99.9=536575, 99.99=582655] [READ-FAILED: Count=36, Max=17055, Min=1730, Avg=3386.36, 90=4367, 99=17055, 99.9=17055, 99.99=17055] 
2020-09-30 12:25:41:861 270 sec: 801548 operations; 3028.7 current ops/sec; est completion in 51 minutes [READ: Count=30253, Max=596479, Min=3, Avg=10509.82, 90=19583, 99=62431, 99.9=542719, 99.99=585215] [READ-FAILED: Count=40, Max=13495, Min=1649, Avg=3930.45, 90=8271, 99=13495, 99.9=13495, 99.99=13495] 
2020-09-30 12:25:51:861 280 sec: 831303 operations; 2975.5 current ops/sec; est completion in 51 minutes [READ: Count=29711, Max=595967, Min=3, Avg=10735.24, 90=18575, 99=64863, 99.9=548351, 99.99=581631] [READ-FAILED: Count=39, Max=16015, Min=1728, Avg=3449.92, 90=3631, 99=16015, 99.9=16015, 99.99=16015] 
2020-09-30 12:26:01:860 290 sec: 861514 operations; 3021.1 current ops/sec; est completion in 51 minutes [READ: Count=30158, Max=624127, Min=2, Avg=10625.17, 90=19423, 99=65727, 99.9=542207, 99.99=572927] [READ-FAILED: Count=53, Max=12287, Min=1731, Avg=3573.92, 90=6003, 99=10431, 99.9=12287, 99.99=12287] 
2020-09-30 12:26:11:861 300 sec: 892403 operations; 3088.9 current ops/sec; est completion in 51 minutes [READ: Count=30851, Max=573951, Min=2, Avg=10410.61, 90=18895, 99=62207, 99.9=551423, 99.99=573439] [READ-FAILED: Count=36, Max=11655, Min=1741, Avg=3637.67, 90=5103, 99=11655, 99.9=11655, 99.99=11655] 
Maximum time elapsed. Requesting stop for the workload.
Stop requested for workload. Now Joining!
[36m12:26:12.456[m [[34;1mINFO[m] [1;34mp.u.t.s.y.Stats.clientFinished@38[m: 
Ended SconeKV benchmark.
Number of clients: 32
Total transactions: 177553
Committed: 177553 (100.0%)
Aborted: 0 (0.0%)
2020-09-30 12:26:12:458 300 sec: 892490 operations; 145.73 current ops/sec; est completion in 51 minutes [READ: Count=87, Max=609791, Min=1694, Avg=126285.75, 90=517631, 99=569855, 99.9=609791, 99.99=609791] [CLEANUP: Count=32, Max=1384, Min=3, Avg=47.03, 90=5, 99=1384, 99.9=1384, 99.99=1384] [READ-FAILED: Count=0, Max=0, Min=9223372036854775807, Avg=NaN, 90=0, 99=0, 99.9=0, 99.99=0] 
[OVERALL], RunTime(ms), 300597
[OVERALL], Throughput(ops/sec), 2969.0582407675392
[TOTAL_GCS_G1_Young_Generation], Count, 136
[TOTAL_GC_TIME_G1_Young_Generation], Time(ms), 1124
[TOTAL_GC_TIME_%_G1_Young_Generation], Time(%), 0.3739225607707329
[TOTAL_GCS_G1_Old_Generation], Count, 0
[TOTAL_GC_TIME_G1_Old_Generation], Time(ms), 0
[TOTAL_GC_TIME_%_G1_Old_Generation], Time(%), 0.0
[TOTAL_GCs], Count, 136
[TOTAL_GC_TIME], Time(ms), 1124
[TOTAL_GC_TIME_%], Time(%), 0.3739225607707329
[READ], Operations, 891401
[READ], AverageLatency(us), 10694.822457008686
[READ], MinLatency(us), 2
[READ], MaxLatency(us), 1012735
[READ], 95thPercentileLatency(us), 24623
[READ], 99thPercentileLatency(us), 64031
[READ], Return=OK, 891401
[READ], Return=NOT_FOUND, 1089
[CLEANUP], Operations, 32
[CLEANUP], AverageLatency(us), 47.03125
[CLEANUP], MinLatency(us), 3
[CLEANUP], MaxLatency(us), 1384
[CLEANUP], 95thPercentileLatency(us), 7
[CLEANUP], 99thPercentileLatency(us), 1384
[READ-FAILED], Operations, 1089
[READ-FAILED], AverageLatency(us), 3587.504132231405
[READ-FAILED], MinLatency(us), 1576
[READ-FAILED], MaxLatency(us), 30079
[READ-FAILED], 95thPercentileLatency(us), 8271
[READ-FAILED], 99thPercentileLatency(us), 15703
