/opt/java/openjdk/bin/java  -classpath /usr/src/ycsb/conf:/usr/src/ycsb/lib/HdrHistogram-2.1.4.jar:/usr/src/ycsb/lib/core-0.18.0-SNAPSHOT.jar:/usr/src/ycsb/lib/htrace-core4-4.1.0-incubating.jar:/usr/src/ycsb/lib/jackson-core-asl-1.9.4.jar:/usr/src/ycsb/lib/jackson-mapper-asl-1.9.4.jar:/usr/src/ycsb/lib/postgresql-42.2.16.jar:/usr/src/ycsb/cassandra-binding/lib/cassandra-binding-0.18.0-SNAPSHOT.jar:/usr/src/ycsb/cassandra-binding/lib/cassandra-driver-core-3.0.0.jar:/usr/src/ycsb/cassandra-binding/lib/guava-16.0.1.jar:/usr/src/ycsb/cassandra-binding/lib/metrics-core-3.1.2.jar:/usr/src/ycsb/cassandra-binding/lib/netty-buffer-4.0.33.Final.jar:/usr/src/ycsb/cassandra-binding/lib/netty-codec-4.0.33.Final.jar:/usr/src/ycsb/cassandra-binding/lib/netty-common-4.0.33.Final.jar:/usr/src/ycsb/cassandra-binding/lib/netty-handler-4.0.33.Final.jar:/usr/src/ycsb/cassandra-binding/lib/netty-transport-4.0.33.Final.jar:/usr/src/ycsb/cassandra-binding/lib/slf4j-api-1.7.25.jar site.ycsb.Client -t -db site.ycsb.db.CassandraCQLClient -P workloads/workloadf -p operationcount=10000000 -p hosts=10.0.1.46,10.0.1.44,10.0.1.43,10.0.1.42,10.0.1.41,10.0.1.40,10.0.1.39,10.0.1.38,10.0.1.35,10.0.1.32,10.0.1.28,10.0.1.30,10.0.1.24,10.0.1.22,10.0.1.20,10.0.1.17,10.0.1.13,10.0.1.9,10.0.1.5,10.0.1.3 -p maxexecutiontime=300 -threads 128 -p cassandra.readconsistencylevel=QUORUM -p cassandra.writeconsistencylevel=QUORUM -s
Command line: -t -db site.ycsb.db.CassandraCQLClient -P workloads/workloadf -p operationcount=10000000 -p hosts=10.0.1.46,10.0.1.44,10.0.1.43,10.0.1.42,10.0.1.41,10.0.1.40,10.0.1.39,10.0.1.38,10.0.1.35,10.0.1.32,10.0.1.28,10.0.1.30,10.0.1.24,10.0.1.22,10.0.1.20,10.0.1.17,10.0.1.13,10.0.1.9,10.0.1.5,10.0.1.3 -p maxexecutiontime=300 -threads 128 -p cassandra.readconsistencylevel=QUORUM -p cassandra.writeconsistencylevel=QUORUM -s
YCSB Client 0.18.0-SNAPSHOT

Loading workload...
Starting test.
SLF4J: Failed to load class "org.slf4j.impl.StaticLoggerBinder".
SLF4J: Defaulting to no-operation (NOP) logger implementation
SLF4J: See http://www.slf4j.org/codes.html#StaticLoggerBinder for further details.
Maximum execution time specified as: 300 secs
2020-10-01 10:44:57:733 0 sec: 0 operations; est completion in 0 second 
WARNING: An illegal reflective access operation has occurred
WARNING: Illegal reflective access by io.netty.util.internal.PlatformDependent0 (file:/usr/src/ycsb/cassandra-binding/lib/netty-common-4.0.33.Final.jar) to field java.nio.Buffer.address
WARNING: Please consider reporting this to the maintainers of io.netty.util.internal.PlatformDependent0
WARNING: Use --illegal-access=warn to enable warnings of further illegal reflective access operations
WARNING: All illegal access operations will be denied in a future release
Oct 01, 2020 10:44:58 AM io.netty.util.internal.PlatformDependent <clinit>
INFO: Your platform does not provide complete low-level API for accessing direct buffers reliably. Unless explicitly requested, heap buffer will always be preferred to avoid potential system unstability.
DBWrapper: report latency for each error is false and specific error codes to track for latency are: []
DBWrapper: report latency for each error is false and specific error codes to track for latency are: []
DBWrapper: report latency for each error is false and specific error codes to track for latency are: []
DBWrapper: report latency for each error is false and specific error codes to track for latency are: []
DBWrapper: report latency for each error is false and specific error codes to track for latency are: []
DBWrapper: report latency for each error is false and specific error codes to track for latency are: []
DBWrapper: report latency for each error is false and specific error codes to track for latency are: []
DBWrapper: report latency for each error is false and specific error codes to track for latency are: []
DBWrapper: report latency for each error is false and specific error codes to track for latency are: []
DBWrapper: report latency for each error is false and specific error codes to track for latency are: []
DBWrapper: report latency for each error is false and specific error codes to track for latency are: []
DBWrapper: report latency for each error is false and specific error codes to track for latency are: []
DBWrapper: report latency for each error is false and specific error codes to track for latency are: []
DBWrapper: report latency for each error is false and specific error codes to track for latency are: []
DBWrapper: report latency for each error is false and specific error codes to track for latency are: []
DBWrapper: report latency for each error is false and specific error codes to track for latency are: []
DBWrapper: report latency for each error is false and specific error codes to track for latency are: []
DBWrapper: report latency for each error is false and specific error codes to track for latency are: []
DBWrapper: report latency for each error is false and specific error codes to track for latency are: []
DBWrapper: report latency for each error is false and specific error codes to track for latency are: []
DBWrapper: report latency for each error is false and specific error codes to track for latency are: []
DBWrapper: report latency for each error is false and specific error codes to track for latency are: []
DBWrapper: report latency for each error is false and specific error codes to track for latency are: []
DBWrapper: report latency for each error is false and specific error codes to track for latency are: []
DBWrapper: report latency for each error is false and specific error codes to track for latency are: []
DBWrapper: report latency for each error is false and specific error codes to track for latency are: []
DBWrapper: report latency for each error is false and specific error codes to track for latency are: []
DBWrapper: report latency for each error is false and specific error codes to track for latency are: []
DBWrapper: report latency for each error is false and specific error codes to track for latency are: []
DBWrapper: report latency for each error is false and specific error codes to track for latency are: []
DBWrapper: report latency for each error is false and specific error codes to track for latency are: []
DBWrapper: report latency for each error is false and specific error codes to track for latency are: []
DBWrapper: report latency for each error is false and specific error codes to track for latency are: []
DBWrapper: report latency for each error is false and specific error codes to track for latency are: []
DBWrapper: report latency for each error is false and specific error codes to track for latency are: []
DBWrapper: report latency for each error is false and specific error codes to track for latency are: []
DBWrapper: report latency for each error is false and specific error codes to track for latency are: []
DBWrapper: report latency for each error is false and specific error codes to track for latency are: []
DBWrapper: report latency for each error is false and specific error codes to track for latency are: []
DBWrapper: report latency for each error is false and specific error codes to track for latency are: []
DBWrapper: report latency for each error is false and specific error codes to track for latency are: []
DBWrapper: report latency for each error is false and specific error codes to track for latency are: []
DBWrapper: report latency for each error is false and specific error codes to track for latency are: []
DBWrapper: report latency for each error is false and specific error codes to track for latency are: []
DBWrapper: report latency for each error is false and specific error codes to track for latency are: []
DBWrapper: report latency for each error is false and specific error codes to track for latency are: []
DBWrapper: report latency for each error is false and specific error codes to track for latency are: []
DBWrapper: report latency for each error is false and specific error codes to track for latency are: []
DBWrapper: report latency for each error is false and specific error codes to track for latency are: []
DBWrapper: report latency for each error is false and specific error codes to track for latency are: []
DBWrapper: report latency for each error is false and specific error codes to track for latency are: []
DBWrapper: report latency for each error is false and specific error codes to track for latency are: []
DBWrapper: report latency for each error is false and specific error codes to track for latency are: []
DBWrapper: report latency for each error is false and specific error codes to track for latency are: []
DBWrapper: report latency for each error is false and specific error codes to track for latency are: []
DBWrapper: report latency for each error is false and specific error codes to track for latency are: []
DBWrapper: report latency for each error is false and specific error codes to track for latency are: []
DBWrapper: report latency for each error is false and specific error codes to track for latency are: []
DBWrapper: report latency for each error is false and specific error codes to track for latency are: []
DBWrapper: report latency for each error is false and specific error codes to track for latency are: []
DBWrapper: report latency for each error is false and specific error codes to track for latency are: []
DBWrapper: report latency for each error is false and specific error codes to track for latency are: []
DBWrapper: report latency for each error is false and specific error codes to track for latency are: []
DBWrapper: report latency for each error is false and specific error codes to track for latency are: []
DBWrapper: report latency for each error is false and specific error codes to track for latency are: []
DBWrapper: report latency for each error is false and specific error codes to track for latency are: []
DBWrapper: report latency for each error is false and specific error codes to track for latency are: []
DBWrapper: report latency for each error is false and specific error codes to track for latency are: []
DBWrapper: report latency for each error is false and specific error codes to track for latency are: []
DBWrapper: report latency for each error is false and specific error codes to track for latency are: []
DBWrapper: report latency for each error is false and specific error codes to track for latency are: []
DBWrapper: report latency for each error is false and specific error codes to track for latency are: []
DBWrapper: report latency for each error is false and specific error codes to track for latency are: []
DBWrapper: report latency for each error is false and specific error codes to track for latency are: []
DBWrapper: report latency for each error is false and specific error codes to track for latency are: []
DBWrapper: report latency for each error is false and specific error codes to track for latency are: []
DBWrapper: report latency for each error is false and specific error codes to track for latency are: []
DBWrapper: report latency for each error is false and specific error codes to track for latency are: []
DBWrapper: report latency for each error is false and specific error codes to track for latency are: []
DBWrapper: report latency for each error is false and specific error codes to track for latency are: []
DBWrapper: report latency for each error is false and specific error codes to track for latency are: []
DBWrapper: report latency for each error is false and specific error codes to track for latency are: []
DBWrapper: report latency for each error is false and specific error codes to track for latency are: []
DBWrapper: report latency for each error is false and specific error codes to track for latency are: []
DBWrapper: report latency for each error is false and specific error codes to track for latency are: []
DBWrapper: report latency for each error is false and specific error codes to track for latency are: []
DBWrapper: report latency for each error is false and specific error codes to track for latency are: []
DBWrapper: report latency for each error is false and specific error codes to track for latency are: []
DBWrapper: report latency for each error is false and specific error codes to track for latency are: []
DBWrapper: report latency for each error is false and specific error codes to track for latency are: []
DBWrapper: report latency for each error is false and specific error codes to track for latency are: []
DBWrapper: report latency for each error is false and specific error codes to track for latency are: []
DBWrapper: report latency for each error is false and specific error codes to track for latency are: []
DBWrapper: report latency for each error is false and specific error codes to track for latency are: []
DBWrapper: report latency for each error is false and specific error codes to track for latency are: []
DBWrapper: report latency for each error is false and specific error codes to track for latency are: []
DBWrapper: report latency for each error is false and specific error codes to track for latency are: []
DBWrapper: report latency for each error is false and specific error codes to track for latency are: []
DBWrapper: report latency for each error is false and specific error codes to track for latency are: []
DBWrapper: report latency for each error is false and specific error codes to track for latency are: []
DBWrapper: report latency for each error is false and specific error codes to track for latency are: []
DBWrapper: report latency for each error is false and specific error codes to track for latency are: []
DBWrapper: report latency for each error is false and specific error codes to track for latency are: []
DBWrapper: report latency for each error is false and specific error codes to track for latency are: []
DBWrapper: report latency for each error is false and specific error codes to track for latency are: []
DBWrapper: report latency for each error is false and specific error codes to track for latency are: []
DBWrapper: report latency for each error is false and specific error codes to track for latency are: []
DBWrapper: report latency for each error is false and specific error codes to track for latency are: []
DBWrapper: report latency for each error is false and specific error codes to track for latency are: []
DBWrapper: report latency for each error is false and specific error codes to track for latency are: []
DBWrapper: report latency for each error is false and specific error codes to track for latency are: []
DBWrapper: report latency for each error is false and specific error codes to track for latency are: []
DBWrapper: report latency for each error is false and specific error codes to track for latency are: []
DBWrapper: report latency for each error is false and specific error codes to track for latency are: []
DBWrapper: report latency for each error is false and specific error codes to track for latency are: []
DBWrapper: report latency for each error is false and specific error codes to track for latency are: []
DBWrapper: report latency for each error is false and specific error codes to track for latency are: []
DBWrapper: report latency for each error is false and specific error codes to track for latency are: []
DBWrapper: report latency for each error is false and specific error codes to track for latency are: []
DBWrapper: report latency for each error is false and specific error codes to track for latency are: []
DBWrapper: report latency for each error is false and specific error codes to track for latency are: []
DBWrapper: report latency for each error is false and specific error codes to track for latency are: []
DBWrapper: report latency for each error is false and specific error codes to track for latency are: []
DBWrapper: report latency for each error is false and specific error codes to track for latency are: []
DBWrapper: report latency for each error is false and specific error codes to track for latency are: []
DBWrapper: report latency for each error is false and specific error codes to track for latency are: []
DBWrapper: report latency for each error is false and specific error codes to track for latency are: []
DBWrapper: report latency for each error is false and specific error codes to track for latency are: []
2020-10-01 10:45:07:437 10 sec: 20591 operations; 2058.89 current ops/sec; est completion in 1 hour 20 minutes [READ: Count=20627, Max=896511, Min=4916, Avg=32150.63, 90=44159, 99=133375, 99.9=807935, 99.99=893439] [READ-MODIFY-WRITE: Count=10429, Max=965119, Min=15072, Avg=58530.47, 90=75519, 99=332543, 99.9=895487, 99.99=956927] [UPDATE: Count=10467, Max=489983, Min=5300, Avg=26153.24, 90=37631, 99=125759, 99.9=345343, 99.99=488191] 
2020-10-01 10:45:17:437 20 sec: 50512 operations; 2992.4 current ops/sec; est completion in 1 hour 5 minutes [READ: Count=29928, Max=1997823, Min=3486, Avg=30873.48, 90=41343, 99=210943, 99.9=1592319, 99.99=1910783] [READ-MODIFY-WRITE: Count=14904, Max=2018303, Min=6936, Avg=54860.02, 90=70463, 99=337407, 99.9=1782783, 99.99=2010111] [UPDATE: Count=14876, Max=1765375, Min=3270, Avg=23308.97, 90=30271, 99=102079, 99.9=1214463, 99.99=1754111] 
2020-10-01 10:45:27:437 30 sec: 77436 operations; 2692.4 current ops/sec; est completion in 1 hour 4 minutes [READ: Count=26907, Max=1686527, Min=3652, Avg=35158.9, 90=47583, 99=373503, 99.9=1434623, 99.99=1661951] [READ-MODIFY-WRITE: Count=13632, Max=1676287, Min=7592, Avg=59965.88, 90=78015, 99=523519, 99.9=1538047, 99.99=1674239] [UPDATE: Count=13632, Max=1662975, Min=3338, Avg=24489.47, 90=27247, 99=262911, 99.9=1325055, 99.99=1581055] 
2020-10-01 10:45:37:437 40 sec: 106986 operations; 2955 current ops/sec; est completion in 1 hour 1 minute [READ: Count=29558, Max=2117631, Min=4036, Avg=31748.23, 90=44031, 99=334079, 99.9=759295, 99.99=1426431] [READ-MODIFY-WRITE: Count=14799, Max=2138111, Min=8296, Avg=55180.11, 90=79615, 99=469503, 99.9=864255, 99.99=2072575] [UPDATE: Count=14800, Max=834047, Min=3650, Avg=23380.42, 90=29199, 99=218111, 99.9=668159, 99.99=812543] 
2020-10-01 10:45:47:439 50 sec: 126727 operations; 1973.51 current ops/sec; est completion in 1 hour 4 minutes [READ: Count=19740, Max=1081343, Min=3800, Avg=31545.96, 90=48447, 99=321535, 99.9=637439, 99.99=969727] [UPDATE-FAILED: Count=2, Max=2035711, Min=2009088, Avg=2022400, 90=2035711, 99=2035711, 99.9=2035711, 99.99=2035711] [READ-MODIFY-WRITE: Count=9905, Max=2183167, Min=8640, Avg=55322.89, 90=87743, 99=455679, 99.9=743423, 99.99=2082815] [UPDATE: Count=9892, Max=680959, Min=3766, Avg=23614.3, 90=30895, 99=216575, 99.9=535551, 99.99=650751] 
2020-10-01 10:45:57:437 60 sec: 143830 operations; 1710.81 current ops/sec; est completion in 1 hour 8 minutes [READ: Count=17070, Max=5832703, Min=3180, Avg=49809.35, 90=51039, 99=475135, 99.9=5496831, 99.99=5742591] [UPDATE-FAILED: Count=12, Max=6410239, Min=5165056, Avg=5995861.33, 90=6320127, 99=6410239, 99.9=6410239, 99.99=6410239] [READ-MODIFY-WRITE: Count=8599, Max=6598655, Min=6204, Avg=105051.74, 90=103999, 99=1267711, 99.9=6332415, 99.99=6512639] [UPDATE: Count=8587, Max=5758975, Min=3008, Avg=35187, 90=28959, 99=290047, 99.9=4984831, 99.99=5754879] [READ-FAILED: Count=38, Max=6684671, Min=4788224, Avg=6105950.32, 90=6377471, 99=6684671, 99.9=6684671, 99.99=6684671] 
2020-10-01 10:46:07:437 70 sec: 164834 operations; 2100.4 current ops/sec; est completion in 1 hour 9 minutes [READ: Count=21003, Max=3299327, Min=3218, Avg=48581.46, 90=53439, 99=662527, 99.9=3158015, 99.99=3280895] [UPDATE-FAILED: Count=1, Max=3270655, Min=3268608, Avg=3269632, 90=3270655, 99=3270655, 99.9=3270655, 99.99=3270655] [READ-MODIFY-WRITE: Count=10531, Max=3598335, Min=7008, Avg=86645.72, 90=96831, 99=1692671, 99.9=3266559, 99.99=3416063] [UPDATE: Count=10530, Max=3276799, Min=3196, Avg=36052.98, 90=31391, 99=380671, 99.9=2945023, 99.99=3270655] [READ-FAILED: Count=0, Max=0, Min=9223372036854775807, Avg=NaN, 90=0, 99=0, 99.9=0, 99.99=0] 
2020-10-01 10:46:17:437 80 sec: 185256 operations; 2042.2 current ops/sec; est completion in 1 hour 10 minutes [READ: Count=20420, Max=2815999, Min=3656, Avg=50500.38, 90=69247, 99=792575, 99.9=2379775, 99.99=2791423] [UPDATE-FAILED: Count=2, Max=2617343, Min=2578432, Avg=2597888, 90=2617343, 99=2617343, 99.9=2617343, 99.99=2617343] [READ-MODIFY-WRITE: Count=10104, Max=2818047, Min=8076, Avg=85768.48, 90=136703, 99=1195007, 99.9=2422783, 99.99=2813951] [UPDATE: Count=10108, Max=2555903, Min=3220, Avg=35182.88, 90=32271, 99=564735, 99.9=2179071, 99.99=2371583] [READ-FAILED: Count=0, Max=0, Min=9223372036854775807, Avg=NaN, 90=0, 99=0, 99.9=0, 99.99=0] 
2020-10-01 10:46:27:437 90 sec: 212482 operations; 2722.6 current ops/sec; est completion in 1 hour 9 minutes [READ: Count=27224, Max=1549311, Min=3438, Avg=35028.85, 90=52031, 99=426239, 99.9=840703, 99.99=1367039] [UPDATE-FAILED: Count=0, Max=0, Min=9223372036854775807, Avg=NaN, 90=0, 99=0, 99.9=0, 99.99=0] [READ-MODIFY-WRITE: Count=13649, Max=1570815, Min=8720, Avg=58873.23, 90=104639, 99=499711, 99.9=918527, 99.99=1423359] [UPDATE: Count=13649, Max=909823, Min=3794, Avg=24146.59, 90=29727, 99=257279, 99.9=590335, 99.99=848383] [READ-FAILED: Count=0, Max=0, Min=9223372036854775807, Avg=NaN, 90=0, 99=0, 99.9=0, 99.99=0] 
2020-10-01 10:46:37:437 100 sec: 230033 operations; 1755.1 current ops/sec; est completion in 1 hour 10 minutes [READ: Count=17541, Max=2531327, Min=3062, Avg=52172.47, 90=83711, 99=841215, 99.9=1681407, 99.99=2238463] [UPDATE-FAILED: Count=0, Max=0, Min=9223372036854775807, Avg=NaN, 90=0, 99=0, 99.9=0, 99.99=0] [READ-MODIFY-WRITE: Count=8771, Max=2349055, Min=7816, Avg=84836.2, 90=155135, 99=1096703, 99.9=1876991, 99.99=2265087] [UPDATE: Count=8765, Max=1848319, Min=3398, Avg=34306.23, 90=45439, 99=567807, 99.9=1314815, 99.99=1723391] [READ-FAILED: Count=0, Max=0, Min=9223372036854775807, Avg=NaN, 90=0, 99=0, 99.9=0, 99.99=0] 
2020-10-01 10:46:47:437 110 sec: 241792 operations; 1175.9 current ops/sec; est completion in 1 hour 14 minutes [READ: Count=11766, Max=7704575, Min=3076, Avg=84334.85, 90=108863, 99=1771519, 99.9=4648959, 99.99=7573503] [UPDATE-FAILED: Count=7, Max=5472255, Min=3080192, Avg=4093952, 90=5427199, 99=5472255, 99.9=5472255, 99.99=5472255] [READ-MODIFY-WRITE: Count=5809, Max=7716863, Min=7040, Avg=149951.04, 90=229631, 99=2717695, 99.9=5464063, 99.99=7585791] [UPDATE: Count=5806, Max=3266559, Min=3244, Avg=50874.5, 90=53727, 99=864255, 99.9=2963455, 99.99=3094527] [READ-FAILED: Count=5, Max=7000063, Min=5111808, Avg=5660262.4, 90=7000063, 99=7000063, 99.9=7000063, 99.99=7000063] 
2020-10-01 10:46:57:437 120 sec: 261364 operations; 1957 current ops/sec; est completion in 1 hour 14 minutes [READ: Count=19567, Max=2283519, Min=2942, Avg=48657.49, 90=84543, 99=816639, 99.9=1603583, 99.99=1954815] [UPDATE-FAILED: Count=0, Max=0, Min=9223372036854775807, Avg=NaN, 90=0, 99=0, 99.9=0, 99.99=0] [READ-MODIFY-WRITE: Count=9703, Max=2297855, Min=7976, Avg=80839.23, 90=148735, 99=1091583, 99.9=1879039, 99.99=2162687] [UPDATE: Count=9700, Max=1688575, Min=3134, Avg=31689.74, 90=29567, 99=617983, 99.9=1169407, 99.99=1543167] [READ-FAILED: Count=0, Max=0, Min=9223372036854775807, Avg=NaN, 90=0, 99=0, 99.9=0, 99.99=0] 
2020-10-01 10:47:07:437 130 sec: 288152 operations; 2679.07 current ops/sec; est completion in 1 hour 13 minutes [READ: Count=26796, Max=1220607, Min=3812, Avg=36356.29, 90=70143, 99=326399, 99.9=844799, 99.99=978943] [UPDATE-FAILED: Count=0, Max=0, Min=9223372036854775807, Avg=NaN, 90=0, 99=0, 99.9=0, 99.99=0] [READ-MODIFY-WRITE: Count=13453, Max=1232895, Min=9016, Avg=60857.67, 90=113279, 99=453631, 99.9=945151, 99.99=1154047] [UPDATE: Count=13455, Max=906239, Min=3570, Avg=24013.04, 90=32959, 99=206079, 99.9=586239, 99.99=900607] [READ-FAILED: Count=0, Max=0, Min=9223372036854775807, Avg=NaN, 90=0, 99=0, 99.9=0, 99.99=0] 
2020-10-01 10:47:17:437 140 sec: 306172 operations; 1802 current ops/sec; est completion in 1 hour 13 minutes [READ: Count=18016, Max=2207743, Min=3478, Avg=49874.68, 90=90239, 99=735743, 99.9=1428479, 99.99=1565695] [UPDATE-FAILED: Count=0, Max=0, Min=9223372036854775807, Avg=NaN, 90=0, 99=0, 99.9=0, 99.99=0] [READ-MODIFY-WRITE: Count=9053, Max=2226175, Min=6832, Avg=86712.88, 90=166271, 99=1048575, 99.9=1499135, 99.99=1991679] [UPDATE: Count=9051, Max=1488895, Min=3346, Avg=34899.19, 90=47807, 99=542719, 99.9=1335295, 99.99=1471487] [READ-FAILED: Count=0, Max=0, Min=9223372036854775807, Avg=NaN, 90=0, 99=0, 99.9=0, 99.99=0] 
2020-10-01 10:47:27:437 150 sec: 324421 operations; 1824.9 current ops/sec; est completion in 1 hour 14 minutes [READ: Count=18246, Max=3026943, Min=3456, Avg=54410.1, 90=92479, 99=709119, 99.9=2777087, 99.99=2965503] [UPDATE-FAILED: Count=0, Max=0, Min=9223372036854775807, Avg=NaN, 90=0, 99=0, 99.9=0, 99.99=0] [READ-MODIFY-WRITE: Count=9049, Max=4411391, Min=7772, Avg=95404.23, 90=178175, 99=1282047, 99.9=2861055, 99.99=3039231] [UPDATE: Count=9061, Max=2779135, Min=3174, Avg=38248.1, 90=34463, 99=483071, 99.9=2559999, 99.99=2717695] [READ-FAILED: Count=3, Max=4599807, Min=2955264, Avg=3986432, 90=4599807, 99=4599807, 99.9=4599807, 99.99=4599807] 
2020-10-01 10:47:37:437 160 sec: 352008 operations; 2758.7 current ops/sec; est completion in 1 hour 13 minutes [READ: Count=27592, Max=1037823, Min=3904, Avg=33664.42, 90=62623, 99=347391, 99.9=696319, 99.99=957951] [UPDATE-FAILED: Count=0, Max=0, Min=9223372036854775807, Avg=NaN, 90=0, 99=0, 99.9=0, 99.99=0] [READ-MODIFY-WRITE: Count=13814, Max=1317887, Min=8648, Avg=59087.04, 90=122815, 99=466175, 99.9=762367, 99.99=1063935] [UPDATE: Count=13806, Max=1279999, Min=3098, Avg=24785.16, 90=32959, 99=246783, 99.9=575999, 99.99=783359] [READ-FAILED: Count=0, Max=0, Min=9223372036854775807, Avg=NaN, 90=0, 99=0, 99.9=0, 99.99=0] 
2020-10-01 10:47:47:437 170 sec: 375053 operations; 2304.5 current ops/sec; est completion in 1 hour 12 minutes [READ: Count=23039, Max=2197503, Min=2940, Avg=42422.89, 90=66815, 99=591871, 99.9=1217535, 99.99=1982463] [UPDATE-FAILED: Count=0, Max=0, Min=9223372036854775807, Avg=NaN, 90=0, 99=0, 99.9=0, 99.99=0] [READ-MODIFY-WRITE: Count=11552, Max=2205695, Min=6892, Avg=69489.81, 90=130047, 99=732159, 99.9=1388543, 99.99=2049023] [UPDATE: Count=11553, Max=1678335, Min=3580, Avg=26902.25, 90=32831, 99=328703, 99.9=1089535, 99.99=1216511] [READ-FAILED: Count=0, Max=0, Min=9223372036854775807, Avg=NaN, 90=0, 99=0, 99.9=0, 99.99=0] 
2020-10-01 10:47:57:437 180 sec: 397273 operations; 2222 current ops/sec; est completion in 1 hour 12 minutes [READ: Count=22224, Max=1955839, Min=3266, Avg=43414.5, 90=85439, 99=433663, 99.9=1670143, 99.99=1872895] [UPDATE-FAILED: Count=0, Max=0, Min=9223372036854775807, Avg=NaN, 90=0, 99=0, 99.9=0, 99.99=0] [READ-MODIFY-WRITE: Count=11193, Max=1917951, Min=7824, Avg=71931.63, 90=151423, 99=587775, 99.9=1791999, 99.99=1915903] [UPDATE: Count=11188, Max=1839103, Min=3522, Avg=27802.97, 90=38367, 99=263167, 99.9=1195007, 99.99=1833983] [READ-FAILED: Count=0, Max=0, Min=9223372036854775807, Avg=NaN, 90=0, 99=0, 99.9=0, 99.99=0] 
2020-10-01 10:48:07:437 190 sec: 421911 operations; 2463.8 current ops/sec; est completion in 1 hour 11 minutes [READ: Count=24638, Max=1395711, Min=3160, Avg=37932.73, 90=75967, 99=386047, 99.9=716287, 99.99=1150975] [UPDATE-FAILED: Count=0, Max=0, Min=9223372036854775807, Avg=NaN, 90=0, 99=0, 99.9=0, 99.99=0] [READ-MODIFY-WRITE: Count=12541, Max=1484799, Min=9024, Avg=64839.78, 90=154367, 99=486911, 99.9=795647, 99.99=1377279] [UPDATE: Count=12543, Max=714751, Min=3716, Avg=26899.28, 90=37727, 99=261759, 99.9=435455, 99.99=549887] [READ-FAILED: Count=0, Max=0, Min=9223372036854775807, Avg=NaN, 90=0, 99=0, 99.9=0, 99.99=0] 
2020-10-01 10:48:17:437 200 sec: 439959 operations; 1804.8 current ops/sec; est completion in 1 hour 12 minutes [READ: Count=18044, Max=2379775, Min=3592, Avg=53363.45, 90=113663, 99=692735, 99.9=1907711, 99.99=2271231] [UPDATE-FAILED: Count=0, Max=0, Min=9223372036854775807, Avg=NaN, 90=0, 99=0, 99.9=0, 99.99=0] [READ-MODIFY-WRITE: Count=9021, Max=2500607, Min=6880, Avg=86801.32, 90=203775, 99=995839, 99.9=1985535, 99.99=2318335] [UPDATE: Count=9022, Max=1852415, Min=2978, Avg=33361.96, 90=43487, 99=422143, 99.9=1418239, 99.99=1844223] [READ-FAILED: Count=0, Max=0, Min=9223372036854775807, Avg=NaN, 90=0, 99=0, 99.9=0, 99.99=0] 
2020-10-01 10:48:27:439 210 sec: 448487 operations; 852.54 current ops/sec; est completion in 1 hour 14 minutes [READ: Count=8527, Max=2707455, Min=3396, Avg=85568.61, 90=201727, 99=1286143, 99.9=2428927, 99.99=2600959] [UPDATE-FAILED: Count=0, Max=0, Min=9223372036854775807, Avg=NaN, 90=0, 99=0, 99.9=0, 99.99=0] [READ-MODIFY-WRITE: Count=4308, Max=3256319, Min=7628, Avg=142724.34, 90=488447, 99=1510399, 99.9=2760703, 99.99=3256319] [UPDATE: Count=4304, Max=2103295, Min=3472, Avg=58716.98, 90=72895, 99=983551, 99.9=1797119, 99.99=2103295] [READ-FAILED: Count=0, Max=0, Min=9223372036854775807, Avg=NaN, 90=0, 99=0, 99.9=0, 99.99=0] 
2020-10-01 10:48:37:437 220 sec: 448766 operations; 27.91 current ops/sec; est completion in 1 hour 18 minutes [READ: Count=277, Max=12697599, Min=3942, Avg=2814118.8, 90=12083199, 99=12271615, 99.9=12697599, 99.99=12697599] [UPDATE-FAILED: Count=0, Max=0, Min=9223372036854775807, Avg=NaN, 90=0, 99=0, 99.9=0, 99.99=0] [READ-MODIFY-WRITE: Count=144, Max=12984319, Min=8068, Avg=3996938.51, 90=12115967, 99=12795903, 99.9=12984319, 99.99=12984319] [UPDATE: Count=144, Max=12247039, Min=2748, Avg=1696850.99, 90=12066815, 99=12099583, 99.9=12247039, 99.99=12247039] [READ-FAILED: Count=4, Max=5066751, Min=5005312, Avg=5027840, 90=5066751, 99=5066751, 99.9=5066751, 99.99=5066751] 
2020-10-01 10:48:47:437 230 sec: 449968 operations; 120.2 current ops/sec; est completion in 1 hour 21 minutes [READ: Count=1190, Max=22593535, Min=3490, Avg=598051.42, 90=458751, 99=12050431, 99.9=22396927, 99.99=22593535] [UPDATE-FAILED: Count=15, Max=21315583, Min=2002944, Avg=8912315.73, 90=14106623, 99=21315583, 99.9=21315583, 99.99=21315583] [READ-MODIFY-WRITE: Count=596, Max=22020095, Min=7196, Avg=1355232.43, 90=5537791, 99=21544959, 99.9=21987327, 99.99=22020095] [UPDATE: Count=581, Max=21348351, Min=3428, Avg=412956.34, 90=30287, 99=9846783, 99.9=12435455, 99.99=21348351] [READ-FAILED: Count=25, Max=17104895, Min=5001216, Avg=10800906.24, 90=17104895, 99=17104895, 99.9=17104895, 99.99=17104895] 
2020-10-01 10:48:57:437 240 sec: 466051 operations; 1608.3 current ops/sec; est completion in 1 hour 21 minutes [READ: Count=16068, Max=23281663, Min=3336, Avg=76486.72, 90=107007, 99=1025535, 99.9=9109503, 99.99=11878399] [UPDATE-FAILED: Count=2, Max=2725887, Min=2709504, Avg=2717696, 90=2725887, 99=2725887, 99.9=2725887, 99.99=2725887] [READ-MODIFY-WRITE: Count=8044, Max=23740415, Min=7772, Avg=152640.23, 90=191743, 99=2557951, 99.9=11911167, 99.99=23183359] [UPDATE: Count=8047, Max=22773759, Min=3022, Avg=61534.19, 90=45599, 99=643071, 99.9=10502143, 99.99=22691839] [READ-FAILED: Count=3, Max=5869567, Min=2713600, Avg=3804501.33, 90=5869567, 99=5869567, 99.9=5869567, 99.99=5869567] 
2020-10-01 10:49:07:437 250 sec: 482982 operations; 1693.1 current ops/sec; est completion in 1 hour 22 minutes [READ: Count=16918, Max=3166207, Min=3456, Avg=57296.51, 90=125887, 99=901119, 99.9=1576959, 99.99=2711551] [UPDATE-FAILED: Count=0, Max=0, Min=9223372036854775807, Avg=NaN, 90=0, 99=0, 99.9=0, 99.99=0] [READ-MODIFY-WRITE: Count=8498, Max=3176447, Min=6928, Avg=96441.62, 90=251263, 99=1163263, 99.9=2514943, 99.99=2981887] [UPDATE: Count=8496, Max=2010111, Min=2858, Avg=38348.9, 90=34943, 99=691199, 99.9=1363967, 99.99=1837055] [READ-FAILED: Count=0, Max=0, Min=9223372036854775807, Avg=NaN, 90=0, 99=0, 99.9=0, 99.99=0] 
2020-10-01 10:49:17:437 260 sec: 508027 operations; 2504.5 current ops/sec; est completion in 1 hour 20 minutes [READ: Count=25057, Max=2590719, Min=3100, Avg=36893.46, 90=38431, 99=438783, 99.9=2316287, 99.99=2500607] [UPDATE-FAILED: Count=4, Max=2490367, Min=2318336, Avg=2376192, 90=2490367, 99=2490367, 99.9=2490367, 99.99=2490367] [READ-MODIFY-WRITE: Count=12636, Max=2650111, Min=6480, Avg=65572.26, 90=70975, 99=641535, 99.9=2383871, 99.99=2574335] [UPDATE: Count=12634, Max=2564095, Min=3374, Avg=27924.59, 90=28687, 99=277503, 99.9=2113535, 99.99=2273279] [READ-FAILED: Count=0, Max=0, Min=9223372036854775807, Avg=NaN, 90=0, 99=0, 99.9=0, 99.99=0] 
2020-10-01 10:49:27:437 270 sec: 534431 operations; 2640.4 current ops/sec; est completion in 1 hour 19 minutes [READ: Count=26411, Max=1532927, Min=3370, Avg=35695.22, 90=39615, 99=479743, 99.9=1377279, 99.99=1483775] [UPDATE-FAILED: Count=0, Max=0, Min=9223372036854775807, Avg=NaN, 90=0, 99=0, 99.9=0, 99.99=0] [READ-MODIFY-WRITE: Count=13327, Max=1568767, Min=8148, Avg=61150.81, 90=78015, 99=681471, 99.9=1439743, 99.99=1522687] [UPDATE: Count=13324, Max=1451007, Min=3136, Avg=25590.7, 90=28799, 99=295679, 99.9=1163263, 99.99=1447935] [READ-FAILED: Count=0, Max=0, Min=9223372036854775807, Avg=NaN, 90=0, 99=0, 99.9=0, 99.99=0] 
2020-10-01 10:49:37:437 280 sec: 556394 operations; 2196.3 current ops/sec; est completion in 1 hour 19 minutes [READ: Count=21970, Max=3727359, Min=3892, Avg=43675.81, 90=38623, 99=366847, 99.9=3602431, 99.99=3651583] [UPDATE-FAILED: Count=0, Max=0, Min=9223372036854775807, Avg=NaN, 90=0, 99=0, 99.9=0, 99.99=0] [READ-MODIFY-WRITE: Count=10966, Max=5705727, Min=8232, Avg=70496.74, 90=66431, 99=518655, 99.9=3629055, 99.99=3710975] [UPDATE: Count=10973, Max=3598335, Min=3400, Avg=28719.98, 90=27935, 99=162303, 99.9=3512319, 99.99=3598335] [READ-FAILED: Count=1, Max=5693439, Min=5689344, Avg=5691392, 90=5693439, 99=5693439, 99.9=5693439, 99.99=5693439] 
2020-10-01 10:49:47:437 290 sec: 596629 operations; 4023.5 current ops/sec; est completion in 1 hour 16 minutes [READ: Count=40226, Max=203519, Min=4892, Avg=22402.16, 90=34975, 99=66367, 99.9=103295, 99.99=166783] [UPDATE-FAILED: Count=0, Max=0, Min=9223372036854775807, Avg=NaN, 90=0, 99=0, 99.9=0, 99.99=0] [READ-MODIFY-WRITE: Count=20103, Max=195711, Min=10840, Avg=41344.89, 90=59263, 99=98687, 99.9=144383, 99.99=182143] [UPDATE: Count=20098, Max=122687, Min=4192, Avg=18831.03, 90=27519, 99=52703, 99.9=78783, 99.99=99839] [READ-FAILED: Count=0, Max=0, Min=9223372036854775807, Avg=NaN, 90=0, 99=0, 99.9=0, 99.99=0] 
2020-10-01 10:49:57:437 300 sec: 626228 operations; 2959.9 current ops/sec; est completion in 1 hour 14 minutes [READ: Count=29598, Max=781823, Min=3176, Avg=27328.56, 90=35231, 99=280319, 99.9=563199, 99.99=581631] [UPDATE-FAILED: Count=0, Max=0, Min=9223372036854775807, Avg=NaN, 90=0, 99=0, 99.9=0, 99.99=0] [READ-MODIFY-WRITE: Count=14719, Max=800767, Min=7200, Avg=46229.84, 90=59455, 99=375551, 99.9=571391, 99.99=624639] [UPDATE: Count=14715, Max=556543, Min=3384, Avg=19055.71, 90=26335, 99=57855, 99.9=454399, 99.99=553471] [READ-FAILED: Count=0, Max=0, Min=9223372036854775807, Avg=NaN, 90=0, 99=0, 99.9=0, 99.99=0] 
Maximum time elapsed. Requesting stop for the workload.
Stop requested for workload. Now Joining!
Still waiting for thread Thread-14 to complete. Workload status: true
2020-10-01 10:49:59:985 302 sec: 626408 operations; 70.64 current ops/sec; est completion in 1 hour 15 minutes [READ: Count=141, Max=2322431, Min=4636, Avg=1130707.3, 90=2207743, 99=2314239, 99.9=2322431, 99.99=2322431] [UPDATE-FAILED: Count=0, Max=0, Min=9223372036854775807, Avg=NaN, 90=0, 99=0, 99.9=0, 99.99=0] [READ-MODIFY-WRITE: Count=118, Max=2336767, Min=9552, Avg=1278031.15, 90=2224127, 99=2328575, 99.9=2336767, 99.99=2336767] [CLEANUP: Count=128, Max=2306047, Min=1, Avg=18009.83, 90=2, 99=27, 99.9=2306047, 99.99=2306047] [UPDATE: Count=118, Max=2310143, Min=4006, Avg=516974.04, 90=1853439, 99=2281471, 99.9=2310143, 99.99=2310143] [READ-FAILED: Count=0, Max=0, Min=9223372036854775807, Avg=NaN, 90=0, 99=0, 99.9=0, 99.99=0] 
[OVERALL], RunTime(ms), 302549
[OVERALL], Throughput(ops/sec), 2070.434871706732
[TOTAL_GCS_G1_Young_Generation], Count, 22
[TOTAL_GC_TIME_G1_Young_Generation], Time(ms), 256
[TOTAL_GC_TIME_%_G1_Young_Generation], Time(%), 0.08461439304046617
[TOTAL_GCS_G1_Old_Generation], Count, 0
[TOTAL_GC_TIME_G1_Old_Generation], Time(ms), 0
[TOTAL_GC_TIME_%_G1_Old_Generation], Time(%), 0.0
[TOTAL_GCs], Count, 22
[TOTAL_GC_TIME], Time(ms), 256
[TOTAL_GC_TIME_%], Time(%), 0.08461439304046617
[READ], Operations, 626329
[READ], AverageLatency(us), 44000.380012740905
[READ], MinLatency(us), 2940
[READ], MaxLatency(us), 23281663
[READ], 95thPercentileLatency(us), 125119
[READ], 99thPercentileLatency(us), 514815
[READ], Return=OK, 626329
[READ], Return=ERROR, 79
[UPDATE-FAILED], Operations, 45
[UPDATE-FAILED], AverageLatency(us), 5816513.422222222
[UPDATE-FAILED], MinLatency(us), 2002944
[UPDATE-FAILED], MaxLatency(us), 21315583
[UPDATE-FAILED], 95thPercentileLatency(us), 14090239
[UPDATE-FAILED], 99thPercentileLatency(us), 21315583
[READ-MODIFY-WRITE], Operations, 313970
[READ-MODIFY-WRITE], AverageLatency(us), 76782.789909864
[READ-MODIFY-WRITE], MinLatency(us), 6204
[READ-MODIFY-WRITE], MaxLatency(us), 23740415
[READ-MODIFY-WRITE], 95thPercentileLatency(us), 215935
[READ-MODIFY-WRITE], 99thPercentileLatency(us), 787455
[CLEANUP], Operations, 128
[CLEANUP], AverageLatency(us), 18009.828125
[CLEANUP], MinLatency(us), 1
[CLEANUP], MaxLatency(us), 2306047
[CLEANUP], 95thPercentileLatency(us), 5
[CLEANUP], 99thPercentileLatency(us), 27
[UPDATE], Operations, 313925
[UPDATE], AverageLatency(us), 30832.63777653898
[UPDATE], MinLatency(us), 2748
[UPDATE], MaxLatency(us), 22773759
[UPDATE], 95thPercentileLatency(us), 58079
[UPDATE], 99thPercentileLatency(us), 330751
[UPDATE], Return=OK, 313925
[UPDATE], Return=ERROR, 45
[READ-FAILED], Operations, 79
[READ-FAILED], AverageLatency(us), 7335767.493670886
[READ-FAILED], MinLatency(us), 2713600
[READ-FAILED], MaxLatency(us), 17104895
[READ-FAILED], 95thPercentileLatency(us), 17088511
[READ-FAILED], 99thPercentileLatency(us), 17104895
