/opt/java/openjdk/bin/java  -classpath /usr/src/ycsb/conf:/usr/src/ycsb/lib/HdrHistogram-2.1.4.jar:/usr/src/ycsb/lib/core-0.18.0-SNAPSHOT.jar:/usr/src/ycsb/lib/htrace-core4-4.1.0-incubating.jar:/usr/src/ycsb/lib/jackson-core-asl-1.9.4.jar:/usr/src/ycsb/lib/jackson-mapper-asl-1.9.4.jar:/usr/src/ycsb/lib/postgresql-42.2.16.jar:/usr/src/ycsb/cassandra-binding/lib/cassandra-binding-0.18.0-SNAPSHOT.jar:/usr/src/ycsb/cassandra-binding/lib/cassandra-driver-core-3.0.0.jar:/usr/src/ycsb/cassandra-binding/lib/guava-16.0.1.jar:/usr/src/ycsb/cassandra-binding/lib/metrics-core-3.1.2.jar:/usr/src/ycsb/cassandra-binding/lib/netty-buffer-4.0.33.Final.jar:/usr/src/ycsb/cassandra-binding/lib/netty-codec-4.0.33.Final.jar:/usr/src/ycsb/cassandra-binding/lib/netty-common-4.0.33.Final.jar:/usr/src/ycsb/cassandra-binding/lib/netty-handler-4.0.33.Final.jar:/usr/src/ycsb/cassandra-binding/lib/netty-transport-4.0.33.Final.jar:/usr/src/ycsb/cassandra-binding/lib/slf4j-api-1.7.25.jar site.ycsb.Client -t -db site.ycsb.db.CassandraCQLClient -P workloads/workloadb -p operationcount=10000000 -p hosts=10.0.1.46,10.0.1.44,10.0.1.43,10.0.1.42,10.0.1.41,10.0.1.40,10.0.1.39,10.0.1.38,10.0.1.35,10.0.1.32,10.0.1.28,10.0.1.30,10.0.1.24,10.0.1.22,10.0.1.20,10.0.1.17,10.0.1.13,10.0.1.9,10.0.1.5,10.0.1.3 -p maxexecutiontime=300 -threads 128 -p cassandra.readconsistencylevel=QUORUM -p cassandra.writeconsistencylevel=QUORUM -s
Command line: -t -db site.ycsb.db.CassandraCQLClient -P workloads/workloadb -p operationcount=10000000 -p hosts=10.0.1.46,10.0.1.44,10.0.1.43,10.0.1.42,10.0.1.41,10.0.1.40,10.0.1.39,10.0.1.38,10.0.1.35,10.0.1.32,10.0.1.28,10.0.1.30,10.0.1.24,10.0.1.22,10.0.1.20,10.0.1.17,10.0.1.13,10.0.1.9,10.0.1.5,10.0.1.3 -p maxexecutiontime=300 -threads 128 -p cassandra.readconsistencylevel=QUORUM -p cassandra.writeconsistencylevel=QUORUM -s
YCSB Client 0.18.0-SNAPSHOT

Loading workload...
Starting test.
SLF4J: Failed to load class "org.slf4j.impl.StaticLoggerBinder".
SLF4J: Defaulting to no-operation (NOP) logger implementation
SLF4J: See http://www.slf4j.org/codes.html#StaticLoggerBinder for further details.
Maximum execution time specified as: 300 secs
2020-10-01 09:02:40:798 0 sec: 0 operations; est completion in 0 second 
WARNING: An illegal reflective access operation has occurred
WARNING: Illegal reflective access by io.netty.util.internal.PlatformDependent0 (file:/usr/src/ycsb/cassandra-binding/lib/netty-common-4.0.33.Final.jar) to field java.nio.Buffer.address
WARNING: Please consider reporting this to the maintainers of io.netty.util.internal.PlatformDependent0
WARNING: Use --illegal-access=warn to enable warnings of further illegal reflective access operations
WARNING: All illegal access operations will be denied in a future release
Oct 01, 2020 9:02:41 AM io.netty.util.internal.PlatformDependent <clinit>
INFO: Your platform does not provide complete low-level API for accessing direct buffers reliably. Unless explicitly requested, heap buffer will always be preferred to avoid potential system unstability.
DBWrapper: report latency for each error is false and specific error codes to track for latency are: []
DBWrapper: report latency for each error is false and specific error codes to track for latency are: []
DBWrapper: report latency for each error is false and specific error codes to track for latency are: []
DBWrapper: report latency for each error is false and specific error codes to track for latency are: []
DBWrapper: report latency for each error is false and specific error codes to track for latency are: []
DBWrapper: report latency for each error is false and specific error codes to track for latency are: []
DBWrapper: report latency for each error is false and specific error codes to track for latency are: []
DBWrapper: report latency for each error is false and specific error codes to track for latency are: []
DBWrapper: report latency for each error is false and specific error codes to track for latency are: []
DBWrapper: report latency for each error is false and specific error codes to track for latency are: []
DBWrapper: report latency for each error is false and specific error codes to track for latency are: []
DBWrapper: report latency for each error is false and specific error codes to track for latency are: []
DBWrapper: report latency for each error is false and specific error codes to track for latency are: []
DBWrapper: report latency for each error is false and specific error codes to track for latency are: []
DBWrapper: report latency for each error is false and specific error codes to track for latency are: []
DBWrapper: report latency for each error is false and specific error codes to track for latency are: []
DBWrapper: report latency for each error is false and specific error codes to track for latency are: []
DBWrapper: report latency for each error is false and specific error codes to track for latency are: []
DBWrapper: report latency for each error is false and specific error codes to track for latency are: []
DBWrapper: report latency for each error is false and specific error codes to track for latency are: []
DBWrapper: report latency for each error is false and specific error codes to track for latency are: []
DBWrapper: report latency for each error is false and specific error codes to track for latency are: []
DBWrapper: report latency for each error is false and specific error codes to track for latency are: []
DBWrapper: report latency for each error is false and specific error codes to track for latency are: []
DBWrapper: report latency for each error is false and specific error codes to track for latency are: []
DBWrapper: report latency for each error is false and specific error codes to track for latency are: []
DBWrapper: report latency for each error is false and specific error codes to track for latency are: []
DBWrapper: report latency for each error is false and specific error codes to track for latency are: []
DBWrapper: report latency for each error is false and specific error codes to track for latency are: []
DBWrapper: report latency for each error is false and specific error codes to track for latency are: []
DBWrapper: report latency for each error is false and specific error codes to track for latency are: []
DBWrapper: report latency for each error is false and specific error codes to track for latency are: []
DBWrapper: report latency for each error is false and specific error codes to track for latency are: []
DBWrapper: report latency for each error is false and specific error codes to track for latency are: []
DBWrapper: report latency for each error is false and specific error codes to track for latency are: []
DBWrapper: report latency for each error is false and specific error codes to track for latency are: []
DBWrapper: report latency for each error is false and specific error codes to track for latency are: []
DBWrapper: report latency for each error is false and specific error codes to track for latency are: []
DBWrapper: report latency for each error is false and specific error codes to track for latency are: []
DBWrapper: report latency for each error is false and specific error codes to track for latency are: []
DBWrapper: report latency for each error is false and specific error codes to track for latency are: []
DBWrapper: report latency for each error is false and specific error codes to track for latency are: []
DBWrapper: report latency for each error is false and specific error codes to track for latency are: []
DBWrapper: report latency for each error is false and specific error codes to track for latency are: []
DBWrapper: report latency for each error is false and specific error codes to track for latency are: []
DBWrapper: report latency for each error is false and specific error codes to track for latency are: []
DBWrapper: report latency for each error is false and specific error codes to track for latency are: []
DBWrapper: report latency for each error is false and specific error codes to track for latency are: []
DBWrapper: report latency for each error is false and specific error codes to track for latency are: []
DBWrapper: report latency for each error is false and specific error codes to track for latency are: []
DBWrapper: report latency for each error is false and specific error codes to track for latency are: []
DBWrapper: report latency for each error is false and specific error codes to track for latency are: []
DBWrapper: report latency for each error is false and specific error codes to track for latency are: []
DBWrapper: report latency for each error is false and specific error codes to track for latency are: []
DBWrapper: report latency for each error is false and specific error codes to track for latency are: []
DBWrapper: report latency for each error is false and specific error codes to track for latency are: []
DBWrapper: report latency for each error is false and specific error codes to track for latency are: []
DBWrapper: report latency for each error is false and specific error codes to track for latency are: []
DBWrapper: report latency for each error is false and specific error codes to track for latency are: []
DBWrapper: report latency for each error is false and specific error codes to track for latency are: []
DBWrapper: report latency for each error is false and specific error codes to track for latency are: []
DBWrapper: report latency for each error is false and specific error codes to track for latency are: []
DBWrapper: report latency for each error is false and specific error codes to track for latency are: []
DBWrapper: report latency for each error is false and specific error codes to track for latency are: []
DBWrapper: report latency for each error is false and specific error codes to track for latency are: []
DBWrapper: report latency for each error is false and specific error codes to track for latency are: []
DBWrapper: report latency for each error is false and specific error codes to track for latency are: []
DBWrapper: report latency for each error is false and specific error codes to track for latency are: []
DBWrapper: report latency for each error is false and specific error codes to track for latency are: []
DBWrapper: report latency for each error is false and specific error codes to track for latency are: []
DBWrapper: report latency for each error is false and specific error codes to track for latency are: []
DBWrapper: report latency for each error is false and specific error codes to track for latency are: []
DBWrapper: report latency for each error is false and specific error codes to track for latency are: []
DBWrapper: report latency for each error is false and specific error codes to track for latency are: []
DBWrapper: report latency for each error is false and specific error codes to track for latency are: []
DBWrapper: report latency for each error is false and specific error codes to track for latency are: []
DBWrapper: report latency for each error is false and specific error codes to track for latency are: []
DBWrapper: report latency for each error is false and specific error codes to track for latency are: []
DBWrapper: report latency for each error is false and specific error codes to track for latency are: []
DBWrapper: report latency for each error is false and specific error codes to track for latency are: []
DBWrapper: report latency for each error is false and specific error codes to track for latency are: []
DBWrapper: report latency for each error is false and specific error codes to track for latency are: []
DBWrapper: report latency for each error is false and specific error codes to track for latency are: []
DBWrapper: report latency for each error is false and specific error codes to track for latency are: []
DBWrapper: report latency for each error is false and specific error codes to track for latency are: []
DBWrapper: report latency for each error is false and specific error codes to track for latency are: []
DBWrapper: report latency for each error is false and specific error codes to track for latency are: []
DBWrapper: report latency for each error is false and specific error codes to track for latency are: []
DBWrapper: report latency for each error is false and specific error codes to track for latency are: []
DBWrapper: report latency for each error is false and specific error codes to track for latency are: []
DBWrapper: report latency for each error is false and specific error codes to track for latency are: []
DBWrapper: report latency for each error is false and specific error codes to track for latency are: []
DBWrapper: report latency for each error is false and specific error codes to track for latency are: []
DBWrapper: report latency for each error is false and specific error codes to track for latency are: []
DBWrapper: report latency for each error is false and specific error codes to track for latency are: []
DBWrapper: report latency for each error is false and specific error codes to track for latency are: []
DBWrapper: report latency for each error is false and specific error codes to track for latency are: []
DBWrapper: report latency for each error is false and specific error codes to track for latency are: []
DBWrapper: report latency for each error is false and specific error codes to track for latency are: []
DBWrapper: report latency for each error is false and specific error codes to track for latency are: []
DBWrapper: report latency for each error is false and specific error codes to track for latency are: []
DBWrapper: report latency for each error is false and specific error codes to track for latency are: []
DBWrapper: report latency for each error is false and specific error codes to track for latency are: []
DBWrapper: report latency for each error is false and specific error codes to track for latency are: []
DBWrapper: report latency for each error is false and specific error codes to track for latency are: []
DBWrapper: report latency for each error is false and specific error codes to track for latency are: []
DBWrapper: report latency for each error is false and specific error codes to track for latency are: []
DBWrapper: report latency for each error is false and specific error codes to track for latency are: []
DBWrapper: report latency for each error is false and specific error codes to track for latency are: []
DBWrapper: report latency for each error is false and specific error codes to track for latency are: []
DBWrapper: report latency for each error is false and specific error codes to track for latency are: []
DBWrapper: report latency for each error is false and specific error codes to track for latency are: []
DBWrapper: report latency for each error is false and specific error codes to track for latency are: []
DBWrapper: report latency for each error is false and specific error codes to track for latency are: []
DBWrapper: report latency for each error is false and specific error codes to track for latency are: []
DBWrapper: report latency for each error is false and specific error codes to track for latency are: []
DBWrapper: report latency for each error is false and specific error codes to track for latency are: []
DBWrapper: report latency for each error is false and specific error codes to track for latency are: []
DBWrapper: report latency for each error is false and specific error codes to track for latency are: []
DBWrapper: report latency for each error is false and specific error codes to track for latency are: []
DBWrapper: report latency for each error is false and specific error codes to track for latency are: []
DBWrapper: report latency for each error is false and specific error codes to track for latency are: []
DBWrapper: report latency for each error is false and specific error codes to track for latency are: []
DBWrapper: report latency for each error is false and specific error codes to track for latency are: []
DBWrapper: report latency for each error is false and specific error codes to track for latency are: []
DBWrapper: report latency for each error is false and specific error codes to track for latency are: []
DBWrapper: report latency for each error is false and specific error codes to track for latency are: []
DBWrapper: report latency for each error is false and specific error codes to track for latency are: []
2020-10-01 09:02:50:607 10 sec: 39809 operations; 3980.5 current ops/sec; est completion in 41 minutes [READ: Count=37835, Max=938495, Min=3452, Avg=24770.95, 90=35807, 99=76159, 99.9=665599, 99.99=859135] [UPDATE: Count=2013, Max=720383, Min=5292, Avg=23319.61, 90=32463, 99=151167, 99.9=587263, 99.99=720383] 
2020-10-01 09:03:00:607 20 sec: 105601 operations; 6579.86 current ops/sec; est completion in 31 minutes [READ: Count=62546, Max=585215, Min=3742, Avg=19544.68, 90=27215, 99=43711, 99.9=388095, 99.99=541183] [UPDATE: Count=3215, Max=491519, Min=4432, Avg=17705.12, 90=23935, 99=39103, 99.9=450047, 99.99=491519] 
2020-10-01 09:03:10:607 30 sec: 173694 operations; 6809.3 current ops/sec; est completion in 28 minutes [READ: Count=64634, Max=169087, Min=3806, Avg=18837.55, 90=26463, 99=44383, 99.9=96191, 99.99=152831] [UPDATE: Count=3455, Max=145791, Min=5288, Avg=17008.46, 90=23439, 99=38143, 99.9=136575, 99.99=145791] 
2020-10-01 09:03:20:607 40 sec: 242973 operations; 6927.9 current ops/sec; est completion in 26 minutes [READ: Count=65822, Max=213631, Min=3716, Avg=18613.36, 90=25679, 99=43007, 99.9=141183, 99.99=194815] [UPDATE: Count=3459, Max=194303, Min=5316, Avg=16695.12, 90=22463, 99=36447, 99.9=81919, 99.99=194303] 
2020-10-01 09:03:30:607 50 sec: 309721 operations; 6674.8 current ops/sec; est completion in 26 minutes [READ: Count=63479, Max=553471, Min=3302, Avg=19273.96, 90=26127, 99=44479, 99.9=416255, 99.99=517375] [UPDATE: Count=3263, Max=489215, Min=4048, Avg=17083.54, 90=22607, 99=37919, 99.9=398079, 99.99=489215] 
2020-10-01 09:03:40:607 60 sec: 378294 operations; 6857.3 current ops/sec; est completion in 25 minutes [READ: Count=65153, Max=210815, Min=4384, Avg=18764.63, 90=26431, 99=47679, 99.9=137215, 99.99=188671] [UPDATE: Count=3427, Max=164223, Min=5220, Avg=16691.2, 90=22831, 99=39551, 99.9=126783, 99.99=164223] 
2020-10-01 09:03:50:607 70 sec: 447374 operations; 6908 current ops/sec; est completion in 24 minutes [READ: Count=65605, Max=183039, Min=4244, Avg=18622.17, 90=26511, 99=45855, 99.9=78207, 99.99=171263] [UPDATE: Count=3471, Max=139135, Min=5264, Avg=16662.66, 90=23023, 99=39487, 99.9=81535, 99.99=139135] 
2020-10-01 09:04:00:607 80 sec: 514661 operations; 6728.7 current ops/sec; est completion in 24 minutes [READ: Count=63986, Max=537599, Min=3320, Avg=19141.23, 90=26079, 99=43711, 99.9=431615, 99.99=527359] [UPDATE: Count=3312, Max=416767, Min=4058, Avg=16612.39, 90=22463, 99=37599, 99.9=102207, 99.99=416767] 
2020-10-01 09:04:10:607 90 sec: 584529 operations; 6986.1 current ops/sec; est completion in 24 minutes [READ: Count=66391, Max=230399, Min=4344, Avg=18391.84, 90=25647, 99=43423, 99.9=114751, 99.99=204415] [UPDATE: Count=3475, Max=187007, Min=6204, Avg=16796.53, 90=22847, 99=41279, 99.9=142079, 99.99=187007] 
2020-10-01 09:04:20:607 100 sec: 654108 operations; 6957.9 current ops/sec; est completion in 23 minutes [READ: Count=66141, Max=173055, Min=4384, Avg=18476.84, 90=25855, 99=45023, 99.9=78655, 99.99=163327] [UPDATE: Count=3434, Max=140671, Min=5572, Avg=16773.65, 90=23103, 99=38623, 99.9=73919, 99.99=140671] 
2020-10-01 09:04:30:607 110 sec: 721424 operations; 6731.6 current ops/sec; est completion in 23 minutes [READ: Count=63956, Max=563711, Min=3746, Avg=19116.89, 90=26143, 99=45471, 99.9=434431, 99.99=541183] [UPDATE: Count=3353, Max=453887, Min=4168, Avg=16902.6, 90=22879, 99=39583, 99.9=142207, 99.99=453887] 
2020-10-01 09:04:40:607 120 sec: 791263 operations; 6984.6 current ops/sec; est completion in 23 minutes [READ: Count=66443, Max=155903, Min=3610, Avg=18420.55, 90=25903, 99=42143, 99.9=67839, 99.99=148351] [UPDATE: Count=3397, Max=144639, Min=4820, Avg=16475.28, 90=22319, 99=34399, 99.9=60287, 99.99=144639] 
2020-10-01 09:04:50:607 130 sec: 859899 operations; 6863.6 current ops/sec; est completion in 23 minutes [READ: Count=65168, Max=188031, Min=4112, Avg=18748.25, 90=26399, 99=47999, 99.9=154239, 99.99=180735] [UPDATE: Count=3474, Max=166655, Min=5200, Avg=16671.72, 90=22799, 99=38623, 99.9=132863, 99.99=166655] 
2020-10-01 09:05:00:607 140 sec: 929911 operations; 7001.2 current ops/sec; est completion in 22 minutes [READ: Count=66566, Max=119807, Min=4536, Avg=18359.01, 90=25871, 99=41983, 99.9=58847, 99.99=75263] [UPDATE: Count=3447, Max=61311, Min=5752, Avg=16542.72, 90=22991, 99=36959, 99.9=50495, 99.99=61311] 
2020-10-01 09:05:10:607 150 sec: 996733 operations; 6681.53 current ops/sec; est completion in 22 minutes [READ: Count=63471, Max=531455, Min=3268, Avg=19252.34, 90=26303, 99=47679, 99.9=407295, 99.99=524287] [UPDATE: Count=3351, Max=486655, Min=4152, Avg=17240.2, 90=22831, 99=39839, 99.9=359167, 99.99=486655] 
2020-10-01 09:05:20:607 160 sec: 1065727 operations; 6900.09 current ops/sec; est completion in 22 minutes [READ: Count=65697, Max=166399, Min=3920, Avg=18627.22, 90=26207, 99=45439, 99.9=85119, 99.99=146943] [UPDATE: Count=3290, Max=156159, Min=5404, Avg=16941.85, 90=22879, 99=41183, 99.9=131711, 99.99=156159] 
2020-10-01 09:05:30:607 170 sec: 1131964 operations; 6623.7 current ops/sec; est completion in 22 minutes [READ: Count=62918, Max=556543, Min=3354, Avg=19431.83, 90=26255, 99=46239, 99.9=469247, 99.99=536575] [UPDATE: Count=3322, Max=512767, Min=4100, Avg=17074.45, 90=22895, 99=37183, 99.9=427775, 99.99=512767] 
2020-10-01 09:05:40:607 180 sec: 1201573 operations; 6960.2 current ops/sec; est completion in 21 minutes [READ: Count=66139, Max=164223, Min=4094, Avg=18484.02, 90=25855, 99=43135, 99.9=69759, 99.99=148479] [UPDATE: Count=3467, Max=141439, Min=4292, Avg=16687.67, 90=22415, 99=39519, 99.9=115199, 99.99=141439] 
2020-10-01 09:05:50:607 190 sec: 1271410 operations; 6984.4 current ops/sec; est completion in 21 minutes [READ: Count=66381, Max=131199, Min=3982, Avg=18406.57, 90=25759, 99=41087, 99.9=60319, 99.99=109119] [UPDATE: Count=3461, Max=120383, Min=5184, Avg=16667.91, 90=22751, 99=37983, 99.9=60031, 99.99=120383] 
2020-10-01 09:06:00:607 200 sec: 1341078 operations; 6966.8 current ops/sec; est completion in 21 minutes [READ: Count=66130, Max=157439, Min=4014, Avg=18470.36, 90=25887, 99=42047, 99.9=63551, 99.99=140031] [UPDATE: Count=3533, Max=163839, Min=5600, Avg=16467.08, 90=22223, 99=36447, 99.9=52767, 99.99=163839] 
2020-10-01 09:06:10:607 210 sec: 1409583 operations; 6850.5 current ops/sec; est completion in 21 minutes [READ: Count=65058, Max=185343, Min=3904, Avg=18771.71, 90=26367, 99=47071, 99.9=114175, 99.99=167295] [UPDATE: Count=3451, Max=161407, Min=4952, Avg=16889.83, 90=23151, 99=39743, 99.9=124543, 99.99=161407] 
2020-10-01 09:06:20:607 220 sec: 1474911 operations; 6532.8 current ops/sec; est completion in 21 minutes [READ: Count=62053, Max=545279, Min=3830, Avg=19711.75, 90=26575, 99=49311, 99.9=455167, 99.99=529919] [UPDATE: Count=3280, Max=547327, Min=4484, Avg=17207.35, 90=23039, 99=37599, 99.9=382463, 99.99=547327] 
2020-10-01 09:06:30:607 230 sec: 1545070 operations; 7015.9 current ops/sec; est completion in 20 minutes [READ: Count=66609, Max=145663, Min=4716, Avg=18322.27, 90=25311, 99=39679, 99.9=60799, 99.99=136063] [UPDATE: Count=3540, Max=141439, Min=4564, Avg=16457.72, 90=22207, 99=33471, 99.9=45599, 99.99=141439] 
2020-10-01 09:06:40:607 240 sec: 1610864 operations; 6579.4 current ops/sec; est completion in 20 minutes [READ: Count=62521, Max=545791, Min=3248, Avg=19569.3, 90=26447, 99=47103, 99.9=454399, 99.99=531967] [UPDATE: Count=3275, Max=516095, Min=3988, Avg=17422.17, 90=23071, 99=38143, 99.9=430079, 99.99=516095] 
2020-10-01 09:06:50:607 250 sec: 1680308 operations; 6944.4 current ops/sec; est completion in 20 minutes [READ: Count=65941, Max=201727, Min=4082, Avg=18507.46, 90=25807, 99=42687, 99.9=72703, 99.99=139519] [UPDATE: Count=3504, Max=162303, Min=5360, Avg=16955.95, 90=23151, 99=39327, 99.9=122815, 99.99=162303] 
2020-10-01 09:07:00:607 260 sec: 1749622 operations; 6931.4 current ops/sec; est completion in 20 minutes [READ: Count=65855, Max=178815, Min=3814, Avg=18540.45, 90=25903, 99=41727, 99.9=65855, 99.99=147327] [UPDATE: Count=3457, Max=156031, Min=4968, Avg=16913.67, 90=23151, 99=38719, 99.9=60831, 99.99=156031] 
2020-10-01 09:07:10:607 270 sec: 1819312 operations; 6969 current ops/sec; est completion in 20 minutes [READ: Count=66247, Max=175103, Min=4276, Avg=18448.87, 90=25791, 99=42111, 99.9=81087, 99.99=158591] [UPDATE: Count=3443, Max=165247, Min=5200, Avg=16719.23, 90=22911, 99=35743, 99.9=117567, 99.99=165247] 
2020-10-01 09:07:20:611 280 sec: 1888310 operations; 6896.35 current ops/sec; est completion in 20 minutes [READ: Count=65548, Max=170111, Min=4532, Avg=18625.93, 90=26191, 99=44095, 99.9=75263, 99.99=164351] [UPDATE: Count=3453, Max=79679, Min=5088, Avg=16844.47, 90=23071, 99=41471, 99.9=63199, 99.99=79679] 
2020-10-01 09:07:30:607 290 sec: 1956598 operations; 6832.22 current ops/sec; est completion in 19 minutes [READ: Count=64856, Max=562687, Min=3860, Avg=18804.83, 90=25567, 99=43103, 99.9=381951, 99.99=538111] [UPDATE: Count=3428, Max=478719, Min=4344, Avg=17522.26, 90=23007, 99=41183, 99.9=397311, 99.99=478719] 
2020-10-01 09:07:40:609 300 sec: 2021955 operations; 6534.39 current ops/sec; est completion in 19 minutes [READ: Count=62029, Max=544255, Min=3454, Avg=19071.36, 90=25807, 99=43679, 99.9=431359, 99.99=523519] [UPDATE: Count=3327, Max=518143, Min=4376, Avg=17159.68, 90=22639, 99=38431, 99.9=326143, 99.99=518143] 
Maximum time elapsed. Requesting stop for the workload.
Stop requested for workload. Now Joining!
Still waiting for thread Thread-72 to complete. Workload status: true
2020-10-01 09:07:43:102 302 sec: 2022083 operations; 51.47 current ops/sec; est completion in 19 minutes [READ: Count=123, Max=546815, Min=281600, Avg=458723.9, 90=521471, 99=544767, 99.9=546815, 99.99=546815] [CLEANUP: Count=128, Max=2326527, Min=1, Avg=18171.47, 90=3, 99=71, 99.9=2326527, 99.99=2326527] [UPDATE: Count=5, Max=532991, Min=375808, Avg=458240, 90=532991, 99=532991, 99.9=532991, 99.99=532991] 
[OVERALL], RunTime(ms), 302487
[OVERALL], Throughput(ops/sec), 6684.859184031049
[TOTAL_GCS_G1_Young_Generation], Count, 41
[TOTAL_GC_TIME_G1_Young_Generation], Time(ms), 373
[TOTAL_GC_TIME_%_G1_Young_Generation], Time(%), 0.1233110844432984
[TOTAL_GCS_G1_Old_Generation], Count, 0
[TOTAL_GC_TIME_G1_Old_Generation], Time(ms), 0
[TOTAL_GC_TIME_%_G1_Old_Generation], Time(%), 0.0
[TOTAL_GCs], Count, 41
[TOTAL_GC_TIME], Time(ms), 373
[TOTAL_GC_TIME_%], Time(%), 0.1233110844432984
[READ], Operations, 1921301
[READ], AverageLatency(us), 18942.584542453264
[READ], MinLatency(us), 3248
[READ], MaxLatency(us), 938495
[READ], 95thPercentileLatency(us), 30847
[READ], 99thPercentileLatency(us), 45087
[READ], Return=OK, 1921301
[CLEANUP], Operations, 128
[CLEANUP], AverageLatency(us), 18171.46875
[CLEANUP], MinLatency(us), 1
[CLEANUP], MaxLatency(us), 2326527
[CLEANUP], 95thPercentileLatency(us), 5
[CLEANUP], 99thPercentileLatency(us), 71
[UPDATE], Operations, 100782
[UPDATE], AverageLatency(us), 17034.654253735785
[UPDATE], MinLatency(us), 3988
[UPDATE], MaxLatency(us), 720383
[UPDATE], 95thPercentileLatency(us), 26783
[UPDATE], 99thPercentileLatency(us), 39551
[UPDATE], Return=OK, 100782
