Command line: -t -db pt.ulisboa.tecnico.sconekv.ycsb.SconeKVClient -P workloadc -threads 16 -s -p scone.tx_size=5 -p operationcount=10000000 -p maxexecutiontime=300
YCSB Client 0.17.0

Loading workload...
Starting test.
WARNING: sun.reflect.Reflection.getCallerClass is not supported. This will impact performance.
Maximum execution time specified as: 300 secs
2020-09-30 12:14:13:334 0 sec: 0 operations; est completion in 0 second 
DBWrapper: report latency for each error is false and specific error codes to track for latency are: []
DBWrapper: report latency for each error is false and specific error codes to track for latency are: []
DBWrapper: report latency for each error is false and specific error codes to track for latency are: []
DBWrapper: report latency for each error is false and specific error codes to track for latency are: []
DBWrapper: report latency for each error is false and specific error codes to track for latency are: []
DBWrapper: report latency for each error is false and specific error codes to track for latency are: []
DBWrapper: report latency for each error is false and specific error codes to track for latency are: []
DBWrapper: report latency for each error is false and specific error codes to track for latency are: []
DBWrapper: report latency for each error is false and specific error codes to track for latency are: []
DBWrapper: report latency for each error is false and specific error codes to track for latency are: []
DBWrapper: report latency for each error is false and specific error codes to track for latency are: []
DBWrapper: report latency for each error is false and specific error codes to track for latency are: []
DBWrapper: report latency for each error is false and specific error codes to track for latency are: []
DBWrapper: report latency for each error is false and specific error codes to track for latency are: []
DBWrapper: report latency for each error is false and specific error codes to track for latency are: []
DBWrapper: report latency for each error is false and specific error codes to track for latency are: []
2020-09-30 12:14:23:301 10 sec: 12307 operations; 1230.33 current ops/sec; est completion in 2 hours 15 minutes [READ: Count=12296, Max=568319, Min=3, Avg=11002.35, 90=18191, 99=83967, 99.9=536063, 99.99=564735] [READ-FAILED: Count=13, Max=27007, Min=2562, Avg=6546.15, 90=9575, 99=27007, 99.9=27007, 99.99=27007] 
2020-09-30 12:14:33:299 20 sec: 32603 operations; 2030.21 current ops/sec; est completion in 1 hour 41 minutes [READ: Count=20279, Max=557055, Min=3, Avg=7856.85, 90=14695, 99=47839, 99.9=524799, 99.99=555007] [READ-FAILED: Count=20, Max=40095, Min=1845, Avg=4407.35, 90=3087, 99=40095, 99.9=40095, 99.99=40095] 
2020-09-30 12:14:43:299 30 sec: 52895 operations; 2029.2 current ops/sec; est completion in 1 hour 34 minutes [READ: Count=20261, Max=559103, Min=3, Avg=7926.62, 90=14519, 99=46207, 99.9=528383, 99.99=550911] [READ-FAILED: Count=31, Max=5707, Min=1742, Avg=2623.71, 90=3223, 99=5707, 99.9=5707, 99.99=5707] 
2020-09-30 12:14:53:299 40 sec: 74512 operations; 2161.7 current ops/sec; est completion in 1 hour 28 minutes [READ: Count=21582, Max=561663, Min=3, Avg=7201.6, 90=14463, 99=37023, 99.9=521215, 99.99=561151] [READ-FAILED: Count=31, Max=34623, Min=1510, Avg=3675.55, 90=3257, 99=34623, 99.9=34623, 99.99=34623] 
2020-09-30 12:15:03:299 50 sec: 96095 operations; 2158.3 current ops/sec; est completion in 1 hour 25 minutes [READ: Count=21560, Max=564223, Min=3, Avg=7555.66, 90=14687, 99=38687, 99.9=527871, 99.99=559615] [READ-FAILED: Count=23, Max=9967, Min=1762, Avg=3028.65, 90=3821, 99=9967, 99.9=9967, 99.99=9967] 
2020-09-30 12:15:13:299 60 sec: 117899 operations; 2180.4 current ops/sec; est completion in 1 hour 23 minutes [READ: Count=21783, Max=569343, Min=2, Avg=7355.78, 90=14159, 99=32255, 99.9=520703, 99.99=559615] [READ-FAILED: Count=24, Max=4663, Min=1770, Avg=2721.17, 90=3653, 99=4663, 99.9=4663, 99.99=4663] 
2020-09-30 12:15:23:299 70 sec: 140408 operations; 2250.9 current ops/sec; est completion in 1 hour 21 minutes [READ: Count=22478, Max=569855, Min=3, Avg=7123.5, 90=14543, 99=31743, 99.9=521471, 99.99=548351] [READ-FAILED: Count=28, Max=11031, Min=1832, Avg=2924.82, 90=3287, 99=11031, 99.9=11031, 99.99=11031] 
2020-09-30 12:15:33:298 80 sec: 164523 operations; 2411.5 current ops/sec; est completion in 1 hour 19 minutes [READ: Count=24085, Max=550399, Min=3, Avg=6576.43, 90=14103, 99=27135, 99.9=518911, 99.99=538623] [READ-FAILED: Count=30, Max=4459, Min=1844, Avg=2575.8, 90=3259, 99=4459, 99.9=4459, 99.99=4459] 
2020-09-30 12:15:43:298 90 sec: 187628 operations; 2310.5 current ops/sec; est completion in 1 hour 18 minutes [READ: Count=23080, Max=555007, Min=3, Avg=7008.01, 90=14191, 99=30767, 99.9=524799, 99.99=551423] [READ-FAILED: Count=28, Max=10575, Min=1756, Avg=2979.89, 90=3513, 99=10575, 99.9=10575, 99.99=10575] 
2020-09-30 12:15:53:298 100 sec: 210956 operations; 2332.8 current ops/sec; est completion in 1 hour 17 minutes [READ: Count=23296, Max=542719, Min=3, Avg=6820.39, 90=14279, 99=30287, 99.9=524031, 99.99=540159] [READ-FAILED: Count=30, Max=3299, Min=1699, Avg=2435.17, 90=3063, 99=3299, 99.9=3299, 99.99=3299] 
2020-09-30 12:16:03:299 110 sec: 234093 operations; 2313.7 current ops/sec; est completion in 1 hour 16 minutes [READ: Count=23108, Max=548351, Min=3, Avg=6956.36, 90=14423, 99=30463, 99.9=518655, 99.99=542207] [READ-FAILED: Count=30, Max=7651, Min=1760, Avg=2915.73, 90=3995, 99=7651, 99.9=7651, 99.99=7651] 
2020-09-30 12:16:13:299 120 sec: 255317 operations; 2122.4 current ops/sec; est completion in 1 hour 16 minutes [READ: Count=21198, Max=1009663, Min=3, Avg=7543.3, 90=13831, 99=34911, 99.9=530431, 99.99=983551] [READ-FAILED: Count=24, Max=3933, Min=1662, Avg=2515.38, 90=3167, 99=3933, 99.9=3933, 99.99=3933] 
2020-09-30 12:16:23:299 130 sec: 276718 operations; 2140.1 current ops/sec; est completion in 1 hour 16 minutes [READ: Count=21375, Max=552959, Min=3, Avg=7477.58, 90=14135, 99=34143, 99.9=521727, 99.99=546815] [READ-FAILED: Count=27, Max=5607, Min=2126, Avg=2790.15, 90=3307, 99=5607, 99.9=5607, 99.99=5607] 
2020-09-30 12:16:33:299 140 sec: 300136 operations; 2341.57 current ops/sec; est completion in 1 hour 15 minutes [READ: Count=23394, Max=547327, Min=3, Avg=6831.18, 90=14159, 99=31231, 99.9=527359, 99.99=544255] [READ-FAILED: Count=25, Max=5747, Min=1451, Avg=2865.68, 90=3537, 99=5747, 99.9=5747, 99.99=5747] 
2020-09-30 12:16:43:298 150 sec: 322791 operations; 2265.73 current ops/sec; est completion in 1 hour 14 minutes [READ: Count=22632, Max=571391, Min=3, Avg=6963.29, 90=14087, 99=29759, 99.9=532479, 99.99=561151] [READ-FAILED: Count=20, Max=3705, Min=1648, Avg=2601.05, 90=3171, 99=3705, 99.9=3705, 99.99=3705] 
2020-09-30 12:16:53:298 160 sec: 347128 operations; 2433.7 current ops/sec; est completion in 1 hour 14 minutes [READ: Count=24309, Max=535039, Min=2, Avg=6611.82, 90=14079, 99=28287, 99.9=521727, 99.99=532479] [READ-FAILED: Count=32, Max=3953, Min=1965, Avg=2668.12, 90=3231, 99=3953, 99.9=3953, 99.99=3953] 
2020-09-30 12:17:03:298 170 sec: 371147 operations; 2401.9 current ops/sec; est completion in 1 hour 13 minutes [READ: Count=23987, Max=540671, Min=3, Avg=6649.68, 90=14175, 99=28639, 99.9=519679, 99.99=536575] [READ-FAILED: Count=29, Max=17231, Min=1947, Avg=3277.14, 90=3501, 99=17231, 99.9=17231, 99.99=17231] 
2020-09-30 12:17:13:298 180 sec: 394229 operations; 2308.2 current ops/sec; est completion in 1 hour 13 minutes [READ: Count=23057, Max=549887, Min=3, Avg=6983.38, 90=14327, 99=34047, 99.9=521471, 99.99=546815] [READ-FAILED: Count=24, Max=20799, Min=1738, Avg=5067, 90=10887, 99=20799, 99.9=20799, 99.99=20799] 
2020-09-30 12:17:23:299 190 sec: 417345 operations; 2311.6 current ops/sec; est completion in 1 hour 12 minutes [READ: Count=23090, Max=542719, Min=2, Avg=6889.25, 90=14327, 99=32383, 99.9=519935, 99.99=541183] [READ-FAILED: Count=28, Max=4791, Min=1753, Avg=2630.18, 90=3317, 99=4791, 99.9=4791, 99.99=4791] 
2020-09-30 12:17:33:299 200 sec: 440457 operations; 2311.2 current ops/sec; est completion in 1 hour 12 minutes [READ: Count=23088, Max=568831, Min=3, Avg=6782.24, 90=14135, 99=32671, 99.9=519423, 99.99=561663] [READ-FAILED: Count=22, Max=8319, Min=1888, Avg=3057.32, 90=3915, 99=8319, 99.9=8319, 99.99=8319] 
2020-09-30 12:17:43:299 210 sec: 463714 operations; 2325.7 current ops/sec; est completion in 1 hour 11 minutes [READ: Count=23227, Max=567807, Min=2, Avg=7037.83, 90=14471, 99=29887, 99.9=524799, 99.99=561151] [READ-FAILED: Count=32, Max=34463, Min=1700, Avg=3959.97, 90=4383, 99=34463, 99.9=34463, 99.99=34463] 
2020-09-30 12:17:53:299 220 sec: 487043 operations; 2332.67 current ops/sec; est completion in 1 hour 11 minutes [READ: Count=23297, Max=558591, Min=2, Avg=6881.23, 90=13943, 99=31775, 99.9=521983, 99.99=549375] [READ-FAILED: Count=31, Max=5551, Min=1878, Avg=2744.81, 90=3469, 99=5551, 99.9=5551, 99.99=5551] 
2020-09-30 12:18:03:298 230 sec: 509726 operations; 2268.53 current ops/sec; est completion in 1 hour 11 minutes [READ: Count=22663, Max=577023, Min=3, Avg=7010.35, 90=14207, 99=28319, 99.9=528895, 99.99=558591] [READ-FAILED: Count=22, Max=7171, Min=1895, Avg=2911.95, 90=3653, 99=7171, 99.9=7171, 99.99=7171] 
2020-09-30 12:18:13:299 240 sec: 532161 operations; 2243.5 current ops/sec; est completion in 1 hour 11 minutes [READ: Count=22402, Max=566271, Min=3, Avg=7169.94, 90=14119, 99=35711, 99.9=523263, 99.99=554495] [READ-FAILED: Count=31, Max=5311, Min=1860, Avg=2679.52, 90=3501, 99=5311, 99.9=5311, 99.99=5311] 
2020-09-30 12:18:23:299 250 sec: 554740 operations; 2257.9 current ops/sec; est completion in 1 hour 10 minutes [READ: Count=22553, Max=561663, Min=3, Avg=7071.58, 90=14087, 99=33183, 99.9=526335, 99.99=544255] [READ-FAILED: Count=26, Max=6439, Min=1815, Avg=2550.77, 90=3047, 99=6439, 99.9=6439, 99.99=6439] 
2020-09-30 12:18:33:298 260 sec: 578243 operations; 2350.3 current ops/sec; est completion in 1 hour 10 minutes [READ: Count=23480, Max=551423, Min=3, Avg=6724.15, 90=14223, 99=29679, 99.9=524031, 99.99=547327] [READ-FAILED: Count=22, Max=10047, Min=1844, Avg=3258.27, 90=4579, 99=10047, 99.9=10047, 99.99=10047] 
2020-09-30 12:18:43:299 270 sec: 601436 operations; 2319.07 current ops/sec; est completion in 1 hour 10 minutes [READ: Count=23169, Max=552447, Min=2, Avg=6929.67, 90=13991, 99=28223, 99.9=522751, 99.99=542207] [READ-FAILED: Count=25, Max=3509, Min=1733, Avg=2481.64, 90=3175, 99=3509, 99.9=3509, 99.99=3509] 
2020-09-30 12:18:53:299 280 sec: 623697 operations; 2226.32 current ops/sec; est completion in 1 hour 10 minutes [READ: Count=22235, Max=553471, Min=2, Avg=7261.96, 90=14215, 99=33183, 99.9=525823, 99.99=544255] [READ-FAILED: Count=26, Max=5431, Min=1696, Avg=2740.96, 90=3403, 99=5431, 99.9=5431, 99.99=5431] 
2020-09-30 12:19:03:299 290 sec: 647322 operations; 2362.5 current ops/sec; est completion in 1 hour 9 minutes [READ: Count=23598, Max=546303, Min=3, Avg=6752.31, 90=14359, 99=27631, 99.9=517887, 99.99=538623] [READ-FAILED: Count=29, Max=3647, Min=1855, Avg=2473.1, 90=2977, 99=3647, 99.9=3647, 99.99=3647] 
2020-09-30 12:19:13:298 300 sec: 669130 operations; 2180.8 current ops/sec; est completion in 1 hour 9 minutes [READ: Count=21786, Max=548351, Min=3, Avg=7357.31, 90=14751, 99=32159, 99.9=521727, 99.99=543231] [READ-FAILED: Count=21, Max=2947, Min=1717, Avg=2534.05, 90=2809, 99=2947, 99.9=2947, 99.99=2947] 
Maximum time elapsed. Requesting stop for the workload.
Stop requested for workload. Now Joining!
[36m12:19:13.366[m [[34;1mINFO[m] [1;34mp.u.t.s.y.Stats.clientFinished@38[m: 
Ended SconeKV benchmark.
Number of clients: 16
Total transactions: 133159
Committed: 133159 (100.0%)
Aborted: 0 (0.0%)
2020-09-30 12:19:13:368 300 sec: 669300 operations; 2428.57 current ops/sec; est completion in 1 hour 9 minutes [READ: Count=167, Max=22191, Min=5, Avg=6018.46, 90=16319, 99=20895, 99.9=22191, 99.99=22191] [CLEANUP: Count=16, Max=1267, Min=2, Avg=82.75, 90=6, 99=1267, 99.9=1267, 99.99=1267] [READ-FAILED: Count=1, Max=2611, Min=2610, Avg=2611, 90=2611, 99=2611, 99.9=2611, 99.99=2611] 
[OVERALL], RunTime(ms), 300070
[OVERALL], Throughput(ops/sec), 2230.4795547705535
[TOTAL_GCS_G1_Young_Generation], Count, 122
[TOTAL_GC_TIME_G1_Young_Generation], Time(ms), 748
[TOTAL_GC_TIME_%_G1_Young_Generation], Time(%), 0.24927516912720366
[TOTAL_GCS_G1_Old_Generation], Count, 0
[TOTAL_GC_TIME_G1_Old_Generation], Time(ms), 0
[TOTAL_GC_TIME_%_G1_Old_Generation], Time(%), 0.0
[TOTAL_GCs], Count, 122
[TOTAL_GC_TIME], Time(ms), 748
[TOTAL_GC_TIME_%], Time(%), 0.24927516912720366
[READ], Operations, 668515
[READ], AverageLatency(us), 7136.735555671899
[READ], MinLatency(us), 2
[READ], MaxLatency(us), 1009663
[READ], 95thPercentileLatency(us), 17071
[READ], 99thPercentileLatency(us), 32895
[READ], Return=OK, 668515
[READ], Return=NOT_FOUND, 785
[CLEANUP], Operations, 16
[CLEANUP], AverageLatency(us), 82.75
[CLEANUP], MinLatency(us), 2
[CLEANUP], MaxLatency(us), 1267
[CLEANUP], 95thPercentileLatency(us), 15
[CLEANUP], 99thPercentileLatency(us), 1267
[READ-FAILED], Operations, 785
[READ-FAILED], AverageLatency(us), 3014.91847133758
[READ-FAILED], MinLatency(us), 1451
[READ-FAILED], MaxLatency(us), 40095
[READ-FAILED], 95thPercentileLatency(us), 4747
[READ-FAILED], 99thPercentileLatency(us), 10887
