Command line: -t -db pt.ulisboa.tecnico.sconekv.ycsb.SconeKVClient -P workloada -threads 64 -s -p scone.tx_size=5 -p operationcount=10000000 -p maxexecutiontime=300
YCSB Client 0.17.0

Loading workload...
Starting test.
WARNING: sun.reflect.Reflection.getCallerClass is not supported. This will impact performance.
Maximum execution time specified as: 300 secs
2020-09-30 10:46:36:677 0 sec: 0 operations; est completion in 0 second 
DBWrapper: report latency for each error is false and specific error codes to track for latency are: []
DBWrapper: report latency for each error is false and specific error codes to track for latency are: []
DBWrapper: report latency for each error is false and specific error codes to track for latency are: []
DBWrapper: report latency for each error is false and specific error codes to track for latency are: []
DBWrapper: report latency for each error is false and specific error codes to track for latency are: []
DBWrapper: report latency for each error is false and specific error codes to track for latency are: []
DBWrapper: report latency for each error is false and specific error codes to track for latency are: []
DBWrapper: report latency for each error is false and specific error codes to track for latency are: []
DBWrapper: report latency for each error is false and specific error codes to track for latency are: []
DBWrapper: report latency for each error is false and specific error codes to track for latency are: []
DBWrapper: report latency for each error is false and specific error codes to track for latency are: []
DBWrapper: report latency for each error is false and specific error codes to track for latency are: []
DBWrapper: report latency for each error is false and specific error codes to track for latency are: []
DBWrapper: report latency for each error is false and specific error codes to track for latency are: []
DBWrapper: report latency for each error is false and specific error codes to track for latency are: []
DBWrapper: report latency for each error is false and specific error codes to track for latency are: []
DBWrapper: report latency for each error is false and specific error codes to track for latency are: []
DBWrapper: report latency for each error is false and specific error codes to track for latency are: []
DBWrapper: report latency for each error is false and specific error codes to track for latency are: []
DBWrapper: report latency for each error is false and specific error codes to track for latency are: []
DBWrapper: report latency for each error is false and specific error codes to track for latency are: []
DBWrapper: report latency for each error is false and specific error codes to track for latency are: []
DBWrapper: report latency for each error is false and specific error codes to track for latency are: []
DBWrapper: report latency for each error is false and specific error codes to track for latency are: []
DBWrapper: report latency for each error is false and specific error codes to track for latency are: []
DBWrapper: report latency for each error is false and specific error codes to track for latency are: []
DBWrapper: report latency for each error is false and specific error codes to track for latency are: []
DBWrapper: report latency for each error is false and specific error codes to track for latency are: []
DBWrapper: report latency for each error is false and specific error codes to track for latency are: []
DBWrapper: report latency for each error is false and specific error codes to track for latency are: []
DBWrapper: report latency for each error is false and specific error codes to track for latency are: []
DBWrapper: report latency for each error is false and specific error codes to track for latency are: []
DBWrapper: report latency for each error is false and specific error codes to track for latency are: []
DBWrapper: report latency for each error is false and specific error codes to track for latency are: []
DBWrapper: report latency for each error is false and specific error codes to track for latency are: []
DBWrapper: report latency for each error is false and specific error codes to track for latency are: []
DBWrapper: report latency for each error is false and specific error codes to track for latency are: []
DBWrapper: report latency for each error is false and specific error codes to track for latency are: []
DBWrapper: report latency for each error is false and specific error codes to track for latency are: []
DBWrapper: report latency for each error is false and specific error codes to track for latency are: []
DBWrapper: report latency for each error is false and specific error codes to track for latency are: []
DBWrapper: report latency for each error is false and specific error codes to track for latency are: []
DBWrapper: report latency for each error is false and specific error codes to track for latency are: []
DBWrapper: report latency for each error is false and specific error codes to track for latency are: []
DBWrapper: report latency for each error is false and specific error codes to track for latency are: []
DBWrapper: report latency for each error is false and specific error codes to track for latency are: []
DBWrapper: report latency for each error is false and specific error codes to track for latency are: []
DBWrapper: report latency for each error is false and specific error codes to track for latency are: []
DBWrapper: report latency for each error is false and specific error codes to track for latency are: []
2020-09-30 10:46:46:673 10 sec: 14032 operations; 1403.06 current ops/sec; est completion in 1 hour 58 minutes [READ: Count=6948, Max=829951, Min=2, Avg=21429.55, 90=37567, 99=513279, 99.9=583679, 99.99=669183] [UPDATE: Count=7103, Max=1048575, Min=12, Avg=21648.61, 90=36063, 99=516351, 99.9=680447, 99.99=984575] [READ-FAILED: Count=4, Max=29135, Min=2278, Avg=12818.25, 90=29135, 99=29135, 99.9=29135, 99.99=29135] 
DBWrapper: report latency for each error is false and specific error codes to track for latency are: []
DBWrapper: report latency for each error is false and specific error codes to track for latency are: []
DBWrapper: report latency for each error is false and specific error codes to track for latency are: []
DBWrapper: report latency for each error is false and specific error codes to track for latency are: []
DBWrapper: report latency for each error is false and specific error codes to track for latency are: []
DBWrapper: report latency for each error is false and specific error codes to track for latency are: []
DBWrapper: report latency for each error is false and specific error codes to track for latency are: []
DBWrapper: report latency for each error is false and specific error codes to track for latency are: []
DBWrapper: report latency for each error is false and specific error codes to track for latency are: []
2020-09-30 10:46:56:673 20 sec: 48130 operations; 3410.14 current ops/sec; est completion in 1 hour 8 minutes [READ: Count=17239, Max=1224703, Min=1, Avg=15150.61, 90=25439, 99=350463, 99.9=563199, 99.99=946175] [UPDATE: Count=16873, Max=1212415, Min=5, Avg=15597.02, 90=26591, 99=332031, 99.9=577023, 99.99=970239] [READ-FAILED: Count=11, Max=12159, Min=2340, Avg=5065.73, 90=10367, 99=12159, 99.9=12159, 99.99=12159] 
2020-09-30 10:47:06:673 30 sec: 82297 operations; 3416.7 current ops/sec; est completion in 1 hour [READ: Count=17096, Max=1220607, Min=1, Avg=15920.22, 90=29471, 99=359423, 99.9=570367, 99.99=821759] [UPDATE: Count=17025, Max=844287, Min=1, Avg=17411.17, 90=30159, 99=458751, 99.9=582143, 99.99=812543] [READ-FAILED: Count=13, Max=9751, Min=1670, Avg=4013.62, 90=5671, 99=9751, 99.9=9751, 99.99=9751] 
DBWrapper: report latency for each error is false and specific error codes to track for latency are: []
DBWrapper: report latency for each error is false and specific error codes to track for latency are: []
DBWrapper: report latency for each error is false and specific error codes to track for latency are: []
DBWrapper: report latency for each error is false and specific error codes to track for latency are: []
DBWrapper: report latency for each error is false and specific error codes to track for latency are: []
DBWrapper: report latency for each error is false and specific error codes to track for latency are: []
2020-09-30 10:47:16:673 40 sec: 115820 operations; 3351.96 current ops/sec; est completion in 56 minutes [READ: Count=16834, Max=1238015, Min=0, Avg=18633.37, 90=30671, 99=487423, 99.9=591359, 99.99=1095679] [UPDATE: Count=16668, Max=15048703, Min=2, Avg=19416.92, 90=30367, 99=472063, 99.9=611327, 99.99=1203199] [READ-FAILED: Count=13, Max=9975, Min=2218, Avg=3719.54, 90=4499, 99=9975, 99.9=9975, 99.99=9975] 
2020-09-30 10:47:26:673 50 sec: 149376 operations; 3355.94 current ops/sec; est completion in 54 minutes [READ: Count=16971, Max=1074175, Min=1, Avg=18389.99, 90=31311, 99=461055, 99.9=600063, 99.99=799743] [UPDATE: Count=16574, Max=921599, Min=1, Avg=19744.71, 90=32543, 99=513791, 99.9=583167, 99.99=736255] [READ-FAILED: Count=14, Max=12791, Min=2188, Avg=4983.86, 90=10911, 99=12791, 99.9=12791, 99.99=12791] 
2020-09-30 10:47:36:673 60 sec: 184836 operations; 3546 current ops/sec; est completion in 53 minutes [READ: Count=17684, Max=692223, Min=0, Avg=18018.36, 90=32207, 99=455679, 99.9=585727, 99.99=674815] [UPDATE: Count=17761, Max=903167, Min=1, Avg=18162.47, 90=31599, 99=488703, 99.9=580607, 99.99=776703] [READ-FAILED: Count=11, Max=12311, Min=2246, Avg=3825.36, 90=4275, 99=12311, 99.9=12311, 99.99=12311] 
2020-09-30 10:47:46:673 70 sec: 217172 operations; 3233.6 current ops/sec; est completion in 52 minutes [READ: Count=16294, Max=901119, Min=0, Avg=18399.64, 90=34175, 99=461823, 99.9=575999, 99.99=813055] [UPDATE: Count=16028, Max=798207, Min=3, Avg=20001.79, 90=35231, 99=512511, 99.9=575999, 99.99=716799] [READ-FAILED: Count=11, Max=23183, Min=2254, Avg=7500.55, 90=14263, 99=23183, 99.9=23183, 99.99=23183] 
2020-09-30 10:47:56:673 80 sec: 252563 operations; 3539.1 current ops/sec; est completion in 51 minutes [READ: Count=17521, Max=1079295, Min=0, Avg=17670.55, 90=30687, 99=421631, 99.9=567807, 99.99=1033215] [UPDATE: Count=17871, Max=1089535, Min=1, Avg=19641.32, 90=31103, 99=516351, 99.9=590335, 99.99=1081343] [READ-FAILED: Count=10, Max=12847, Min=1966, Avg=4405.6, 90=8375, 99=12847, 99.9=12847, 99.99=12847] 
2020-09-30 10:48:06:673 90 sec: 287827 operations; 3526.4 current ops/sec; est completion in 50 minutes [READ: Count=17674, Max=821759, Min=0, Avg=17747.15, 90=31375, 99=418047, 99.9=567807, 99.99=652287] [UPDATE: Count=17578, Max=915967, Min=0, Avg=18533.48, 90=32175, 99=485375, 99.9=581631, 99.99=803327] [READ-FAILED: Count=14, Max=18735, Min=1921, Avg=5022.71, 90=8735, 99=18735, 99.9=18735, 99.99=18735] 
2020-09-30 10:48:16:673 100 sec: 325153 operations; 3732.6 current ops/sec; est completion in 49 minutes [READ: Count=18610, Max=1235967, Min=0, Avg=16979.05, 90=30223, 99=410111, 99.9=591359, 99.99=919551] [UPDATE: Count=18716, Max=929791, Min=2, Avg=17344.23, 90=31215, 99=392959, 99.9=593407, 99.99=822271] [READ-FAILED: Count=9, Max=15263, Min=1990, Avg=4994.44, 90=7431, 99=15263, 99.9=15263, 99.99=15263] 
2020-09-30 10:48:26:673 110 sec: 357450 operations; 3229.7 current ops/sec; est completion in 49 minutes [READ: Count=16100, Max=1007615, Min=1, Avg=19113.69, 90=34719, 99=449535, 99.9=587775, 99.99=860671] [UPDATE: Count=16165, Max=943103, Min=3, Avg=20346.4, 90=36351, 99=459263, 99.9=589823, 99.99=835583] [READ-FAILED: Count=9, Max=22735, Min=1977, Avg=7011.33, 90=18111, 99=22735, 99.9=22735, 99.99=22735] 
2020-09-30 10:48:36:673 120 sec: 390666 operations; 3321.6 current ops/sec; est completion in 49 minutes [READ: Count=16696, Max=860671, Min=0, Avg=19222.51, 90=33439, 99=508159, 99.9=580095, 99.99=721407] [UPDATE: Count=16526, Max=683007, Min=0, Avg=19332.89, 90=34335, 99=497407, 99.9=573439, 99.99=621567] [READ-FAILED: Count=9, Max=7247, Min=2168, Avg=3444.44, 90=4307, 99=7247, 99.9=7247, 99.99=7247] 
2020-09-30 10:48:46:673 130 sec: 425887 operations; 3521.75 current ops/sec; est completion in 48 minutes [READ: Count=17554, Max=969215, Min=1, Avg=18356.22, 90=32863, 99=455167, 99.9=596479, 99.99=724479] [UPDATE: Count=17653, Max=936959, Min=1, Avg=18081.06, 90=33151, 99=401663, 99.9=572927, 99.99=644607] [READ-FAILED: Count=12, Max=12255, Min=2080, Avg=4193.58, 90=6751, 99=12255, 99.9=12255, 99.99=12255] 
2020-09-30 10:48:56:673 140 sec: 460813 operations; 3492.95 current ops/sec; est completion in 48 minutes [READ: Count=17429, Max=773631, Min=0, Avg=18174.01, 90=32335, 99=474111, 99.9=575999, 99.99=609279] [UPDATE: Count=17466, Max=880127, Min=0, Avg=18224.13, 90=33823, 99=416511, 99.9=579071, 99.99=675839] [READ-FAILED: Count=17, Max=21823, Min=2064, Avg=4334.35, 90=4675, 99=21823, 99.9=21823, 99.99=21823] 
2020-09-30 10:49:06:673 150 sec: 491792 operations; 3097.9 current ops/sec; est completion in 48 minutes [READ: Count=15378, Max=1163263, Min=0, Avg=20076.68, 90=34207, 99=516863, 99.9=619007, 99.99=883199] [UPDATE: Count=15596, Max=1139711, Min=0, Avg=21568.45, 90=35167, 99=520191, 99.9=638975, 99.99=901631] [READ-FAILED: Count=5, Max=11951, Min=2054, Avg=5212.6, 90=11951, 99=11951, 99.9=11951, 99.99=11951] 
2020-09-30 10:49:16:673 160 sec: 525718 operations; 3392.6 current ops/sec; est completion in 48 minutes [READ: Count=16970, Max=820223, Min=0, Avg=17474.4, 90=32159, 99=383231, 99.9=569343, 99.99=603647] [UPDATE: Count=16957, Max=790527, Min=1, Avg=19740.99, 90=34591, 99=474367, 99.9=573439, 99.99=701951] [READ-FAILED: Count=6, Max=7043, Min=2002, Avg=4300.67, 90=6547, 99=7043, 99.9=7043, 99.99=7043] 
2020-09-30 10:49:26:673 170 sec: 557470 operations; 3175.2 current ops/sec; est completion in 48 minutes [READ: Count=16003, Max=1212415, Min=0, Avg=20291.19, 90=30943, 99=516607, 99.9=587775, 99.99=968703] [UPDATE: Count=15741, Max=1441791, Min=0, Avg=19712.44, 90=30975, 99=515071, 99.9=617983, 99.99=1142783] [READ-FAILED: Count=3, Max=2819, Min=2402, Avg=2557.67, 90=2819, 99=2819, 99.9=2819, 99.99=2819] 
2020-09-30 10:49:36:673 180 sec: 590873 operations; 3339.97 current ops/sec; est completion in 47 minutes [READ: Count=16737, Max=948735, Min=0, Avg=18549.32, 90=30895, 99=507391, 99.9=591871, 99.99=763391] [UPDATE: Count=16661, Max=893951, Min=3, Avg=19923.16, 90=32511, 99=512767, 99.9=612351, 99.99=693247] [READ-FAILED: Count=5, Max=4783, Min=1532, Avg=3394.4, 90=4783, 99=4783, 99.9=4783, 99.99=4783] 
2020-09-30 10:49:46:673 190 sec: 625732 operations; 3486.25 current ops/sec; est completion in 47 minutes [READ: Count=17496, Max=892415, Min=0, Avg=17950.03, 90=31167, 99=465151, 99.9=571903, 99.99=821759] [UPDATE: Count=17352, Max=862719, Min=0, Avg=19273.76, 90=32719, 99=512255, 99.9=598015, 99.99=780799] [READ-FAILED: Count=18, Max=14455, Min=1684, Avg=3787.5, 90=5307, 99=14455, 99.9=14455, 99.99=14455] 
2020-09-30 10:49:56:673 200 sec: 661072 operations; 3534 current ops/sec; est completion in 47 minutes [READ: Count=17833, Max=901119, Min=0, Avg=17087.56, 90=32175, 99=322047, 99.9=589311, 99.99=696831] [UPDATE: Count=17492, Max=1184767, Min=0, Avg=18695.72, 90=33247, 99=468735, 99.9=596479, 99.99=746495] [READ-FAILED: Count=11, Max=7563, Min=1725, Avg=3428.45, 90=7103, 99=7563, 99.9=7563, 99.99=7563] 
2020-09-30 10:50:06:674 210 sec: 694458 operations; 3337.93 current ops/sec; est completion in 46 minutes [READ: Count=16657, Max=924671, Min=0, Avg=19068.71, 90=32639, 99=513535, 99.9=601599, 99.99=803327] [UPDATE: Count=16737, Max=1242111, Min=1, Avg=19538.5, 90=33663, 99=512511, 99.9=695807, 99.99=1161215] [READ-FAILED: Count=7, Max=4343, Min=2244, Avg=3329.57, 90=4123, 99=4343, 99.9=4343, 99.99=4343] 
2020-09-30 10:50:16:673 220 sec: 733513 operations; 3906.28 current ops/sec; est completion in 46 minutes [READ: Count=19286, Max=979455, Min=0, Avg=16208.41, 90=31823, 99=250751, 99.9=572415, 99.99=648703] [UPDATE: Count=19745, Max=677887, Min=3, Avg=16526.86, 90=32607, 99=261119, 99.9=572927, 99.99=638975] [READ-FAILED: Count=15, Max=13703, Min=2320, Avg=4569.87, 90=7967, 99=13703, 99.9=13703, 99.99=13703] 
2020-09-30 10:50:26:673 230 sec: 766180 operations; 3266.7 current ops/sec; est completion in 46 minutes [READ: Count=16275, Max=882175, Min=0, Avg=19070.03, 90=30463, 99=516607, 99.9=628223, 99.99=817151] [UPDATE: Count=16379, Max=1184767, Min=1, Avg=20074.47, 90=31695, 99=514815, 99.9=601599, 99.99=779775] [READ-FAILED: Count=9, Max=6491, Min=1858, Avg=3406, 90=4111, 99=6491, 99.9=6491, 99.99=6491] 
2020-09-30 10:50:36:673 240 sec: 802482 operations; 3629.84 current ops/sec; est completion in 45 minutes [READ: Count=18299, Max=645119, Min=1, Avg=17064.75, 90=29279, 99=419327, 99.9=574975, 99.99=631295] [UPDATE: Count=17993, Max=711679, Min=1, Avg=17985.89, 90=29935, 99=458751, 99.9=588287, 99.99=677887] [READ-FAILED: Count=7, Max=32895, Min=2480, Avg=8036.29, 90=8111, 99=32895, 99.9=32895, 99.99=32895] 
2020-09-30 10:50:46:673 250 sec: 835028 operations; 3254.93 current ops/sec; est completion in 45 minutes [READ: Count=16236, Max=1118207, Min=0, Avg=19596.17, 90=30447, 99=516863, 99.9=582655, 99.99=914943] [UPDATE: Count=16310, Max=1016319, Min=0, Avg=19891.23, 90=31199, 99=514815, 99.9=613375, 99.99=948735] [READ-FAILED: Count=10, Max=15143, Min=1914, Avg=4115.4, 90=3821, 99=15143, 99.9=15143, 99.99=15143] 
2020-09-30 10:50:56:673 260 sec: 868363 operations; 3333.5 current ops/sec; est completion in 45 minutes [READ: Count=16475, Max=1193983, Min=0, Avg=18918.53, 90=34303, 99=498175, 99.9=582143, 99.99=1058815] [UPDATE: Count=16852, Max=1273855, Min=0, Avg=19809.56, 90=35839, 99=472063, 99.9=675839, 99.99=1261567] [READ-FAILED: Count=11, Max=25007, Min=1813, Avg=5263.27, 90=5883, 99=25007, 99.9=25007, 99.99=25007] 
2020-09-30 10:51:06:673 270 sec: 900045 operations; 3167.88 current ops/sec; est completion in 45 minutes [READ: Count=15815, Max=1010175, Min=1, Avg=19534.16, 90=33279, 99=517119, 99.9=773631, 99.99=972799] [UPDATE: Count=15839, Max=1057791, Min=0, Avg=20872.15, 90=34591, 99=521727, 99.9=735743, 99.99=875007] [READ-FAILED: Count=12, Max=11103, Min=1835, Avg=4578.25, 90=6503, 99=11103, 99.9=11103, 99.99=11103] 
2020-09-30 10:51:16:673 280 sec: 933366 operations; 3332.43 current ops/sec; est completion in 45 minutes [READ: Count=16594, Max=1092607, Min=0, Avg=18806.78, 90=28975, 99=515327, 99.9=679423, 99.99=806399] [UPDATE: Count=16721, Max=885247, Min=1, Avg=19561.45, 90=30143, 99=517375, 99.9=670207, 99.99=792575] [READ-FAILED: Count=10, Max=6719, Min=2146, Avg=3293.3, 90=3873, 99=6719, 99.9=6719, 99.99=6719] 
2020-09-30 10:51:26:673 290 sec: 966554 operations; 3318.47 current ops/sec; est completion in 45 minutes [READ: Count=16699, Max=778751, Min=1, Avg=18522.51, 90=37183, 99=404479, 99.9=565247, 99.99=644095] [UPDATE: Count=16475, Max=838143, Min=1, Avg=19324.72, 90=38719, 99=429055, 99.9=581119, 99.99=667647] [READ-FAILED: Count=9, Max=8519, Min=2466, Avg=4208, 90=5959, 99=8519, 99.9=8519, 99.99=8519] 
2020-09-30 10:51:36:673 300 sec: 1001541 operations; 3499.05 current ops/sec; est completion in 44 minutes [READ: Count=17578, Max=1120255, Min=0, Avg=18052.91, 90=31007, 99=481535, 99.9=574975, 99.99=806399] [UPDATE: Count=17419, Max=1342463, Min=0, Avg=19191.79, 90=31679, 99=500223, 99.9=606719, 99.99=1052671] [READ-FAILED: Count=6, Max=7903, Min=2190, Avg=4676, 90=5831, 99=7903, 99.9=7903, 99.99=7903] 
Maximum time elapsed. Requesting stop for the workload.
Stop requested for workload. Now Joining!
[36m10:51:37.261[m [[34;1mINFO[m] [1;34mp.u.t.s.y.Stats.clientFinished@38[m: 
Ended SconeKV benchmark.
Number of clients: 64
Total transactions: 199375
Committed: 140456 (70.44815%)
Aborted: 58919 (29.55185%)
2020-09-30 10:51:37:262 300 sec: 1001855 operations; 532.2 current ops/sec; est completion in 45 minutes [READ: Count=165, Max=573439, Min=3, Avg=87255.79, 90=518399, 99=566271, 99.9=573439, 99.99=573439] [CLEANUP: Count=64, Max=1238, Min=2, Avg=23.78, 90=5, 99=50, 99.9=1238, 99.99=1238] [UPDATE: Count=132, Max=571391, Min=1681, Avg=84471.17, 90=472063, 99=568319, 99.9=571391, 99.99=571391] [READ-FAILED: Count=0, Max=0, Min=9223372036854775807, Avg=NaN, 90=0, 99=0, 99.9=0, 99.99=0] 
[OVERALL], RunTime(ms), 300589
[OVERALL], Throughput(ops/sec), 3332.9729298144644
[TOTAL_GCS_G1_Young_Generation], Count, 143
[TOTAL_GC_TIME_G1_Young_Generation], Time(ms), 1590
[TOTAL_GC_TIME_%_G1_Young_Generation], Time(%), 0.528961472309366
[TOTAL_GCS_G1_Old_Generation], Count, 0
[TOTAL_GC_TIME_G1_Old_Generation], Time(ms), 0
[TOTAL_GC_TIME_%_G1_Old_Generation], Time(%), 0.0
[TOTAL_GCs], Count, 143
[TOTAL_GC_TIME], Time(ms), 1590
[TOTAL_GC_TIME_%], Time(%), 0.528961472309366
[READ], Operations, 501146
[READ], AverageLatency(us), 18232.897720424786
[READ], MinLatency(us), 0
[READ], MaxLatency(us), 1238015
[READ], 95thPercentileLatency(us), 51967
[READ], 99thPercentileLatency(us), 470271
[READ], Return=OK, 501146
[READ], Return=NOT_FOUND, 301
[CLEANUP], Operations, 64
[CLEANUP], AverageLatency(us), 23.78125
[CLEANUP], MinLatency(us), 2
[CLEANUP], MaxLatency(us), 1238
[CLEANUP], 95thPercentileLatency(us), 12
[CLEANUP], 99thPercentileLatency(us), 50
[UPDATE], Operations, 500408
[UPDATE], AverageLatency(us), 19094.54818867804
[UPDATE], MinLatency(us), 0
[UPDATE], MaxLatency(us), 15048703
[UPDATE], 95thPercentileLatency(us), 55455
[UPDATE], 99thPercentileLatency(us), 491263
[UPDATE], Return=OK, 500408
[READ-FAILED], Operations, 301
[READ-FAILED], AverageLatency(us), 4629.009966777408
[READ-FAILED], MinLatency(us), 1532
[READ-FAILED], MaxLatency(us), 32895
[READ-FAILED], 95thPercentileLatency(us), 12791
[READ-FAILED], 99thPercentileLatency(us), 23183
