Command line: -t -db pt.ulisboa.tecnico.sconekv.ycsb.SconeKVClient -P workloadb -threads 64 -s -p scone.tx_size=5 -p operationcount=10000000 -p maxexecutiontime=300
YCSB Client 0.17.0

Loading workload...
Starting test.
WARNING: sun.reflect.Reflection.getCallerClass is not supported. This will impact performance.
2020-09-30 11:32:38:295 0 sec: 0 operations; est completion in 0 second 
Maximum execution time specified as: 300 secs
DBWrapper: report latency for each error is false and specific error codes to track for latency are: []
DBWrapper: report latency for each error is false and specific error codes to track for latency are: []
DBWrapper: report latency for each error is false and specific error codes to track for latency are: []
DBWrapper: report latency for each error is false and specific error codes to track for latency are: []
DBWrapper: report latency for each error is false and specific error codes to track for latency are: []
DBWrapper: report latency for each error is false and specific error codes to track for latency are: []
DBWrapper: report latency for each error is false and specific error codes to track for latency are: []
DBWrapper: report latency for each error is false and specific error codes to track for latency are: []
DBWrapper: report latency for each error is false and specific error codes to track for latency are: []
DBWrapper: report latency for each error is false and specific error codes to track for latency are: []
DBWrapper: report latency for each error is false and specific error codes to track for latency are: []
DBWrapper: report latency for each error is false and specific error codes to track for latency are: []
DBWrapper: report latency for each error is false and specific error codes to track for latency are: []
DBWrapper: report latency for each error is false and specific error codes to track for latency are: []
DBWrapper: report latency for each error is false and specific error codes to track for latency are: []
DBWrapper: report latency for each error is false and specific error codes to track for latency are: []
DBWrapper: report latency for each error is false and specific error codes to track for latency are: []
DBWrapper: report latency for each error is false and specific error codes to track for latency are: []
DBWrapper: report latency for each error is false and specific error codes to track for latency are: []
DBWrapper: report latency for each error is false and specific error codes to track for latency are: []
DBWrapper: report latency for each error is false and specific error codes to track for latency are: []
DBWrapper: report latency for each error is false and specific error codes to track for latency are: []
DBWrapper: report latency for each error is false and specific error codes to track for latency are: []
DBWrapper: report latency for each error is false and specific error codes to track for latency are: []
DBWrapper: report latency for each error is false and specific error codes to track for latency are: []
DBWrapper: report latency for each error is false and specific error codes to track for latency are: []
DBWrapper: report latency for each error is false and specific error codes to track for latency are: []
DBWrapper: report latency for each error is false and specific error codes to track for latency are: []
DBWrapper: report latency for each error is false and specific error codes to track for latency are: []
DBWrapper: report latency for each error is false and specific error codes to track for latency are: []
DBWrapper: report latency for each error is false and specific error codes to track for latency are: []
DBWrapper: report latency for each error is false and specific error codes to track for latency are: []
DBWrapper: report latency for each error is false and specific error codes to track for latency are: []
DBWrapper: report latency for each error is false and specific error codes to track for latency are: []
DBWrapper: report latency for each error is false and specific error codes to track for latency are: []
DBWrapper: report latency for each error is false and specific error codes to track for latency are: []
DBWrapper: report latency for each error is false and specific error codes to track for latency are: []
DBWrapper: report latency for each error is false and specific error codes to track for latency are: []
DBWrapper: report latency for each error is false and specific error codes to track for latency are: []
DBWrapper: report latency for each error is false and specific error codes to track for latency are: []
DBWrapper: report latency for each error is false and specific error codes to track for latency are: []
DBWrapper: report latency for each error is false and specific error codes to track for latency are: []
DBWrapper: report latency for each error is false and specific error codes to track for latency are: []
DBWrapper: report latency for each error is false and specific error codes to track for latency are: []
DBWrapper: report latency for each error is false and specific error codes to track for latency are: []
DBWrapper: report latency for each error is false and specific error codes to track for latency are: []
DBWrapper: report latency for each error is false and specific error codes to track for latency are: []
DBWrapper: report latency for each error is false and specific error codes to track for latency are: []
DBWrapper: report latency for each error is false and specific error codes to track for latency are: []
DBWrapper: report latency for each error is false and specific error codes to track for latency are: []
DBWrapper: report latency for each error is false and specific error codes to track for latency are: []
DBWrapper: report latency for each error is false and specific error codes to track for latency are: []
DBWrapper: report latency for each error is false and specific error codes to track for latency are: []
DBWrapper: report latency for each error is false and specific error codes to track for latency are: []
DBWrapper: report latency for each error is false and specific error codes to track for latency are: []
DBWrapper: report latency for each error is false and specific error codes to track for latency are: []
DBWrapper: report latency for each error is false and specific error codes to track for latency are: []
DBWrapper: report latency for each error is false and specific error codes to track for latency are: []
DBWrapper: report latency for each error is false and specific error codes to track for latency are: []
DBWrapper: report latency for each error is false and specific error codes to track for latency are: []
DBWrapper: report latency for each error is false and specific error codes to track for latency are: []
DBWrapper: report latency for each error is false and specific error codes to track for latency are: []
DBWrapper: report latency for each error is false and specific error codes to track for latency are: []
DBWrapper: report latency for each error is false and specific error codes to track for latency are: []
2020-09-30 11:32:48:299 10 sec: 14278 operations; 1426.8 current ops/sec; est completion in 1 hour 56 minutes [READ: Count=13586, Max=923135, Min=1, Avg=30476.32, 90=59263, 99=210175, 99.9=604671, 99.99=807423] [UPDATE: Count=706, Max=700415, Min=100, Avg=28597.36, 90=57183, 99=232575, 99.9=572927, 99.99=700415] [READ-FAILED: Count=13, Max=93375, Min=5188, Avg=28633.08, 90=60447, 99=93375, 99.9=93375, 99.99=93375] 
2020-09-30 11:32:58:292 20 sec: 50331 operations; 3607.83 current ops/sec; est completion in 1 hour 5 minutes [READ: Count=34191, Max=1500159, Min=0, Avg=16764.69, 90=30943, 99=392191, 99.9=608767, 99.99=1158143] [UPDATE: Count=1819, Max=1433599, Min=20, Avg=23035.54, 90=30959, 99=528383, 99.9=1278975, 99.99=1433599] [READ-FAILED: Count=25, Max=29647, Min=1866, Avg=4618.52, 90=7007, 99=29647, 99.9=29647, 99.99=29647] 
2020-09-30 11:33:08:292 30 sec: 87639 operations; 3730.8 current ops/sec; est completion in 56 minutes [READ: Count=35376, Max=15056895, Min=0, Avg=17291.8, 90=26927, 99=512511, 99.9=691711, 99.99=1289215] [UPDATE: Count=1885, Max=1115135, Min=14, Avg=21316.81, 90=28367, 99=524287, 99.9=1027071, 99.99=1115135] [READ-FAILED: Count=42, Max=21375, Min=1857, Avg=4930.64, 90=8559, 99=21375, 99.9=21375, 99.99=21375] 
2020-09-30 11:33:18:291 40 sec: 128063 operations; 4042.4 current ops/sec; est completion in 51 minutes [READ: Count=38342, Max=1443839, Min=0, Avg=15833.59, 90=28271, 99=514559, 99.9=572415, 99.99=1275903] [UPDATE: Count=2045, Max=1003519, Min=14, Avg=22042.73, 90=31711, 99=535551, 99.9=902655, 99.99=1003519] [READ-FAILED: Count=35, Max=10823, Min=1799, Avg=4010.46, 90=7219, 99=10823, 99.9=10823, 99.99=10823] 
2020-09-30 11:33:28:292 50 sec: 165960 operations; 3789.7 current ops/sec; est completion in 49 minutes [READ: Count=35936, Max=1577983, Min=0, Avg=16388.47, 90=27791, 99=517119, 99.9=583679, 99.99=1184767] [UPDATE: Count=1934, Max=1655807, Min=15, Avg=24601.25, 90=28751, 99=549887, 99.9=1202175, 99.99=1655807] [READ-FAILED: Count=32, Max=20799, Min=1691, Avg=4415.56, 90=5455, 99=20799, 99.9=20799, 99.99=20799] 
2020-09-30 11:33:38:292 60 sec: 208056 operations; 4209.6 current ops/sec; est completion in 47 minutes [READ: Count=39899, Max=1727487, Min=0, Avg=15083.86, 90=28671, 99=189311, 99.9=585727, 99.99=1497087] [UPDATE: Count=2158, Max=1510399, Min=14, Avg=17764.08, 90=31055, 99=367871, 99.9=869375, 99.99=1510399] [READ-FAILED: Count=32, Max=9343, Min=1535, Avg=3823.66, 90=5751, 99=9343, 99.9=9343, 99.99=9343] 
2020-09-30 11:33:48:292 70 sec: 244418 operations; 3636.2 current ops/sec; est completion in 46 minutes [READ: Count=34455, Max=2371583, Min=0, Avg=17033.84, 90=28239, 99=512767, 99.9=750079, 99.99=2320383] [UPDATE: Count=1884, Max=2377727, Min=14, Avg=25794.35, 90=31471, 99=520959, 99.9=1671167, 99.99=2377727] [READ-FAILED: Count=28, Max=15239, Min=1509, Avg=4219.93, 90=7047, 99=15239, 99.9=15239, 99.99=15239] 
2020-09-30 11:33:58:291 80 sec: 284860 operations; 4044.2 current ops/sec; est completion in 45 minutes [READ: Count=38304, Max=1264639, Min=0, Avg=15778.4, 90=29055, 99=417279, 99.9=567807, 99.99=899583] [UPDATE: Count=2095, Max=1500159, Min=15, Avg=19844.76, 90=30607, 99=521727, 99.9=663039, 99.99=1500159] [READ-FAILED: Count=43, Max=26927, Min=1779, Avg=4282.6, 90=6943, 99=26927, 99.9=26927, 99.99=26927] 
2020-09-30 11:34:08:292 90 sec: 322746 operations; 3788.6 current ops/sec; est completion in 44 minutes [READ: Count=35931, Max=1324031, Min=0, Avg=16526.26, 90=26639, 99=517631, 99.9=570367, 99.99=814079] [UPDATE: Count=1921, Max=1461247, Min=15, Avg=19881.53, 90=27791, 99=527871, 99.9=773119, 99.99=1461247] [READ-FAILED: Count=36, Max=11207, Min=1716, Avg=3405.42, 90=4863, 99=11207, 99.9=11207, 99.99=11207] 
2020-09-30 11:34:18:291 100 sec: 358454 operations; 3570.8 current ops/sec; est completion in 44 minutes [READ: Count=33917, Max=2250751, Min=0, Avg=17366.78, 90=27759, 99=516095, 99.9=628735, 99.99=1884159] [UPDATE: Count=1750, Max=2158591, Min=15, Avg=22170.16, 90=29327, 99=519679, 99.9=1191935, 99.99=2158591] [READ-FAILED: Count=34, Max=13599, Min=1754, Avg=4808.62, 90=9391, 99=13599, 99.9=13599, 99.99=13599] 
2020-09-30 11:34:28:292 110 sec: 396121 operations; 3766.7 current ops/sec; est completion in 44 minutes [READ: Count=35710, Max=2129919, Min=0, Avg=16881.43, 90=28767, 99=516607, 99.9=837631, 99.99=1412095] [UPDATE: Count=1923, Max=1801215, Min=14, Avg=29015.18, 90=32575, 99=553471, 99.9=1226751, 99.99=1801215] [READ-FAILED: Count=42, Max=15487, Min=1867, Avg=3551.88, 90=5675, 99=15487, 99.9=15487, 99.99=15487] 
2020-09-30 11:34:38:291 120 sec: 431244 operations; 3512.3 current ops/sec; est completion in 44 minutes [READ: Count=33349, Max=1229823, Min=0, Avg=17838.37, 90=31167, 99=517631, 99.9=633343, 99.99=1046527] [UPDATE: Count=1730, Max=1048575, Min=15, Avg=19348.21, 90=33151, 99=513279, 99.9=651263, 99.99=1048575] [READ-FAILED: Count=37, Max=16159, Min=1964, Avg=3529.62, 90=4775, 99=16159, 99.9=16159, 99.99=16159] 
2020-09-30 11:34:48:291 130 sec: 474435 operations; 4319.1 current ops/sec; est completion in 43 minutes [READ: Count=41025, Max=1711103, Min=0, Avg=14810.83, 90=30127, 99=133887, 99.9=567295, 99.99=933375] [UPDATE: Count=2133, Max=1314815, Min=16, Avg=19811.37, 90=33759, 99=434175, 99.9=851967, 99.99=1314815] [READ-FAILED: Count=38, Max=14183, Min=1788, Avg=5440.58, 90=10711, 99=14183, 99.9=14183, 99.99=14183] 
2020-09-30 11:34:58:292 140 sec: 510518 operations; 3608.3 current ops/sec; est completion in 43 minutes [READ: Count=34322, Max=1741823, Min=0, Avg=16640.74, 90=28239, 99=516863, 99.9=594943, 99.99=1328127] [UPDATE: Count=1722, Max=1699839, Min=17, Avg=23655.94, 90=30735, 99=524031, 99.9=1000447, 99.99=1699839] [READ-FAILED: Count=36, Max=15055, Min=1986, Avg=4125.06, 90=6391, 99=15055, 99.9=15055, 99.99=15055] 
2020-09-30 11:35:08:292 150 sec: 550480 operations; 3996.2 current ops/sec; est completion in 42 minutes [READ: Count=37912, Max=2463743, Min=0, Avg=16395.64, 90=27839, 99=513023, 99.9=643071, 99.99=1445887] [UPDATE: Count=2015, Max=1910783, Min=15, Avg=23460.38, 90=32383, 99=520959, 99.9=1122303, 99.99=1910783] [READ-FAILED: Count=34, Max=37631, Min=1862, Avg=4891.41, 90=6251, 99=37631, 99.9=37631, 99.99=37631] 
2020-09-30 11:35:18:292 160 sec: 585472 operations; 3499.2 current ops/sec; est completion in 42 minutes [READ: Count=33228, Max=1233919, Min=0, Avg=17700.75, 90=28959, 99=518911, 99.9=589311, 99.99=1121279] [UPDATE: Count=1730, Max=1483775, Min=14, Avg=24467.56, 90=30911, 99=530943, 99.9=949759, 99.99=1483775] [READ-FAILED: Count=35, Max=16031, Min=2050, Avg=4192.77, 90=6983, 99=16031, 99.9=16031, 99.99=16031] 
2020-09-30 11:35:28:292 170 sec: 623463 operations; 3799.1 current ops/sec; est completion in 42 minutes [READ: Count=36018, Max=1442815, Min=0, Avg=16448.86, 90=27855, 99=517119, 99.9=596991, 99.99=951295] [UPDATE: Count=1937, Max=1254399, Min=16, Avg=20451.93, 90=28559, 99=528383, 99.9=875007, 99.99=1254399] [READ-FAILED: Count=36, Max=20895, Min=1820, Avg=3926.06, 90=5403, 99=20895, 99.9=20895, 99.99=20895] 
2020-09-30 11:35:38:291 180 sec: 659700 operations; 3623.7 current ops/sec; est completion in 42 minutes [READ: Count=34449, Max=4366335, Min=0, Avg=17541.1, 90=30415, 99=518143, 99.9=769023, 99.99=2762751] [UPDATE: Count=1750, Max=2012159, Min=15, Avg=21323.26, 90=31487, 99=528383, 99.9=996351, 99.99=2012159] [READ-FAILED: Count=38, Max=36575, Min=1970, Avg=5845.87, 90=6831, 99=36575, 99.9=36575, 99.99=36575] 
2020-09-30 11:35:48:291 190 sec: 695927 operations; 3622.7 current ops/sec; est completion in 42 minutes [READ: Count=34276, Max=3680255, Min=0, Avg=17371.39, 90=30431, 99=484863, 99.9=633343, 99.99=2293759] [UPDATE: Count=1916, Max=2439167, Min=17, Avg=25593.57, 90=34687, 99=528383, 99.9=1867775, 99.99=2439167] [READ-FAILED: Count=37, Max=9863, Min=1868, Avg=4259.68, 90=6971, 99=9863, 99.9=9863, 99.99=9863] 
2020-09-30 11:35:58:291 200 sec: 733905 operations; 3797.8 current ops/sec; est completion in 42 minutes [READ: Count=36000, Max=1467391, Min=0, Avg=16868.11, 90=29647, 99=516863, 99.9=672255, 99.99=1232895] [UPDATE: Count=1944, Max=1273855, Min=17, Avg=18520.04, 90=30559, 99=524031, 99.9=1135615, 99.99=1273855] [READ-FAILED: Count=32, Max=115903, Min=1852, Avg=8452.88, 90=13383, 99=115903, 99.9=115903, 99.99=115903] 
2020-09-30 11:36:08:292 210 sec: 772077 operations; 3817.2 current ops/sec; est completion in 41 minutes [READ: Count=36243, Max=1116159, Min=0, Avg=16453.4, 90=27455, 99=517887, 99.9=593919, 99.99=966655] [UPDATE: Count=1898, Max=1019391, Min=17, Avg=21328.57, 90=30223, 99=528895, 99.9=733183, 99.99=1019391] [READ-FAILED: Count=30, Max=13807, Min=2004, Avg=3921.93, 90=5979, 99=13807, 99.9=13807, 99.99=13807] 
2020-09-30 11:36:18:292 220 sec: 809713 operations; 3763.6 current ops/sec; est completion in 41 minutes [READ: Count=35748, Max=1540095, Min=0, Avg=16857.59, 90=29647, 99=513791, 99.9=580607, 99.99=995327] [UPDATE: Count=1849, Max=2053119, Min=17, Avg=23104.25, 90=30111, 99=527359, 99.9=673279, 99.99=2053119] [READ-FAILED: Count=37, Max=29983, Min=1718, Avg=5276.49, 90=8983, 99=29983, 99.9=29983, 99.99=29983] 
2020-09-30 11:36:28:292 230 sec: 847364 operations; 3764.72 current ops/sec; est completion in 41 minutes [READ: Count=35765, Max=1314815, Min=0, Avg=16729.26, 90=28367, 99=518399, 99.9=588287, 99.99=928255] [UPDATE: Count=1860, Max=1407999, Min=15, Avg=21756.34, 90=30191, 99=520959, 99.9=1111039, 99.99=1407999] [READ-FAILED: Count=31, Max=14183, Min=1864, Avg=4102.74, 90=5959, 99=14183, 99.9=14183, 99.99=14183] 
2020-09-30 11:36:38:292 240 sec: 883624 operations; 3626.36 current ops/sec; est completion in 41 minutes [READ: Count=34376, Max=1996799, Min=0, Avg=17137.92, 90=27487, 99=517631, 99.9=655359, 99.99=1114111] [UPDATE: Count=1842, Max=1244159, Min=15, Avg=21799.66, 90=32047, 99=525823, 99.9=941055, 99.99=1244159] [READ-FAILED: Count=37, Max=54431, Min=1967, Avg=4599.76, 90=4699, 99=54431, 99.9=54431, 99.99=54431] 
2020-09-30 11:36:48:292 250 sec: 923202 operations; 3957.8 current ops/sec; est completion in 40 minutes [READ: Count=37576, Max=2404351, Min=0, Avg=15988.75, 90=28287, 99=511743, 99.9=594431, 99.99=1609727] [UPDATE: Count=1964, Max=2008063, Min=16, Avg=21904.28, 90=29647, 99=524799, 99.9=1086463, 99.99=2008063] [READ-FAILED: Count=38, Max=19919, Min=1580, Avg=4556.79, 90=7855, 99=19919, 99.9=19919, 99.99=19919] 
2020-09-30 11:36:58:291 260 sec: 960186 operations; 3698.4 current ops/sec; est completion in 40 minutes [READ: Count=35042, Max=1547263, Min=0, Avg=17014.81, 90=27007, 99=518655, 99.9=626687, 99.99=1472511] [UPDATE: Count=1913, Max=1223679, Min=14, Avg=22085.51, 90=26847, 99=532991, 99.9=963583, 99.99=1223679] [READ-FAILED: Count=32, Max=23279, Min=1830, Avg=5116.75, 90=8815, 99=23279, 99.9=23279, 99.99=23279] 
2020-09-30 11:37:08:291 270 sec: 997557 operations; 3737.1 current ops/sec; est completion in 40 minutes [READ: Count=35465, Max=1662975, Min=0, Avg=16798.41, 90=28767, 99=515839, 99.9=608767, 99.99=1495039] [UPDATE: Count=1880, Max=1481727, Min=14, Avg=22218.14, 90=30335, 99=516607, 99.9=1123327, 99.99=1481727] [READ-FAILED: Count=26, Max=23807, Min=1761, Avg=4483.04, 90=5899, 99=23807, 99.9=23807, 99.99=23807] 
2020-09-30 11:37:18:291 280 sec: 1033852 operations; 3629.5 current ops/sec; est completion in 40 minutes [READ: Count=34404, Max=1740799, Min=0, Avg=17430.36, 90=30591, 99=516351, 99.9=590335, 99.99=1133567] [UPDATE: Count=1860, Max=1802239, Min=16, Avg=23468.72, 90=33279, 99=524799, 99.9=1155071, 99.99=1802239] [READ-FAILED: Count=32, Max=68287, Min=2118, Avg=6045.41, 90=8255, 99=68287, 99.9=68287, 99.99=68287] 
2020-09-30 11:37:28:292 290 sec: 1073735 operations; 3988.3 current ops/sec; est completion in 40 minutes [READ: Count=37852, Max=2308095, Min=0, Avg=16128.18, 90=29391, 99=386303, 99.9=599551, 99.99=1999871] [UPDATE: Count=1996, Max=2347007, Min=5, Avg=19897.43, 90=31919, 99=425471, 99.9=909311, 99.99=2347007] [READ-FAILED: Count=36, Max=14055, Min=1956, Avg=4043.14, 90=7119, 99=14055, 99.9=14055, 99.99=14055] 
2020-09-30 11:37:38:292 300 sec: 1108240 operations; 3450.5 current ops/sec; est completion in 40 minutes [READ: Count=32728, Max=1067007, Min=0, Avg=18030.58, 90=30655, 99=516607, 99.9=620031, 99.99=978431] [UPDATE: Count=1743, Max=1009663, Min=6, Avg=20993.13, 90=32447, 99=525823, 99.9=831999, 99.99=1009663] [READ-FAILED: Count=30, Max=48671, Min=1801, Avg=7641.1, 90=14583, 99=48671, 99.9=48671, 99.99=48671] 
Maximum time elapsed. Requesting stop for the workload.
Stop requested for workload. Now Joining!
[36m11:37:38.788[m [[34;1mINFO[m] [1;34mp.u.t.s.y.Stats.clientFinished@38[m: 
Ended SconeKV benchmark.
Number of clients: 64
Total transactions: 220565
Committed: 208011 (94.30825%)
Aborted: 12554 (5.691746%)
2020-09-30 11:37:38:792 300 sec: 1108538 operations; 597.19 current ops/sec; est completion in 40 minutes [READ: Count=285, Max=2267135, Min=1, Avg=81361.52, 90=90431, 99=1598463, 99.9=2267135, 99.99=2267135] [CLEANUP: Count=64, Max=1731, Min=2, Avg=31.41, 90=5, 99=59, 99.9=1731, 99.99=1731] [UPDATE: Count=12, Max=528895, Min=1466, Avg=109144.42, 90=528895, 99=528895, 99.9=528895, 99.99=528895] [READ-FAILED: Count=0, Max=0, Min=9223372036854775807, Avg=NaN, 90=0, 99=0, 99.9=0, 99.99=0] 
[OVERALL], RunTime(ms), 300499
[OVERALL], Throughput(ops/sec), 3688.990645559553
[TOTAL_GCS_G1_Young_Generation], Count, 148
[TOTAL_GC_TIME_G1_Young_Generation], Time(ms), 1555
[TOTAL_GC_TIME_%_G1_Young_Generation], Time(%), 0.5174726039021761
[TOTAL_GCS_G1_Old_Generation], Count, 0
[TOTAL_GC_TIME_G1_Old_Generation], Time(ms), 0
[TOTAL_GC_TIME_%_G1_Old_Generation], Time(%), 0.0
[TOTAL_GCs], Count, 148
[TOTAL_GC_TIME], Time(ms), 1555
[TOTAL_GC_TIME_%], Time(%), 0.5174726039021761
[READ], Operations, 1051710
[READ], AverageLatency(us), 16886.033947571097
[READ], MinLatency(us), 0
[READ], MaxLatency(us), 15056895
[READ], 95thPercentileLatency(us), 41759
[READ], 99thPercentileLatency(us), 514815
[READ], Return=OK, 1051710
[READ], Return=NOT_FOUND, 1014
[CLEANUP], Operations, 64
[CLEANUP], AverageLatency(us), 31.40625
[CLEANUP], MinLatency(us), 2
[CLEANUP], MaxLatency(us), 1731
[CLEANUP], 95thPercentileLatency(us), 8
[CLEANUP], 99thPercentileLatency(us), 59
[UPDATE], Operations, 55814
[UPDATE], AverageLatency(us), 22151.996631669474
[UPDATE], MinLatency(us), 5
[UPDATE], MaxLatency(us), 2439167
[UPDATE], 95thPercentileLatency(us), 49183
[UPDATE], 99thPercentileLatency(us), 525311
[UPDATE], Return=OK, 55814
[READ-FAILED], Operations, 1014
[READ-FAILED], AverageLatency(us), 4988.96449704142
[READ-FAILED], MinLatency(us), 1509
[READ-FAILED], MaxLatency(us), 115903
[READ-FAILED], 95thPercentileLatency(us), 13447
[READ-FAILED], 99thPercentileLatency(us), 29983
