Command line: -t -db pt.ulisboa.tecnico.sconekv.ycsb.SconeKVClient -P workloada -threads 16 -s -p scone.tx_size=5 -p operationcount=10000000 -p maxexecutiontime=300
YCSB Client 0.17.0

Loading workload...
Starting test.
WARNING: sun.reflect.Reflection.getCallerClass is not supported. This will impact performance.
Maximum execution time specified as: 300 secs
2020-09-07 14:20:58:507 0 sec: 0 operations; est completion in 0 second 
DBWrapper: report latency for each error is false and specific error codes to track for latency are: []
DBWrapper: report latency for each error is false and specific error codes to track for latency are: []
DBWrapper: report latency for each error is false and specific error codes to track for latency are: []
DBWrapper: report latency for each error is false and specific error codes to track for latency are: []
DBWrapper: report latency for each error is false and specific error codes to track for latency are: []
DBWrapper: report latency for each error is false and specific error codes to track for latency are: []
DBWrapper: report latency for each error is false and specific error codes to track for latency are: []
DBWrapper: report latency for each error is false and specific error codes to track for latency are: []
DBWrapper: report latency for each error is false and specific error codes to track for latency are: []
DBWrapper: report latency for each error is false and specific error codes to track for latency are: []
DBWrapper: report latency for each error is false and specific error codes to track for latency are: []
DBWrapper: report latency for each error is false and specific error codes to track for latency are: []
DBWrapper: report latency for each error is false and specific error codes to track for latency are: []
DBWrapper: report latency for each error is false and specific error codes to track for latency are: []
DBWrapper: report latency for each error is false and specific error codes to track for latency are: []
DBWrapper: report latency for each error is false and specific error codes to track for latency are: []
2020-09-07 14:21:08:507 10 sec: 15971 operations; 1597.1 current ops/sec; est completion in 1 hour 44 minutes [READ: Count=8069, Max=564223, Min=2, Avg=8880.21, 90=17391, 99=46175, 99.9=528383, 99.99=557567] [UPDATE: Count=7928, Max=569343, Min=2, Avg=7862.84, 90=17199, 99=46143, 99.9=520191, 99.99=555519] [READ-FAILED: Count=4, Max=3167, Min=2288, Avg=2671.5, 90=3167, 99=3167, 99.9=3167, 99.99=3167] 
2020-09-07 14:21:18:507 20 sec: 34993 operations; 1902.2 current ops/sec; est completion in 1 hour 34 minutes [READ: Count=9471, Max=545791, Min=2, Avg=8392.71, 90=15743, 99=47455, 99.9=520703, 99.99=540671] [UPDATE: Count=9521, Max=549887, Min=7, Avg=8268.45, 90=15823, 99=48767, 99.9=516351, 99.99=547327] [READ-FAILED: Count=5, Max=3735, Min=2176, Avg=2787, 90=3735, 99=3735, 99.9=3735, 99.99=3735] 
2020-09-07 14:21:28:506 30 sec: 55635 operations; 2064.2 current ops/sec; est completion in 1 hour 29 minutes [READ: Count=10351, Max=639487, Min=2, Avg=7673.04, 90=15503, 99=42783, 99.9=522751, 99.99=545279] [UPDATE: Count=10290, Max=596479, Min=1, Avg=7964, 90=15479, 99=44319, 99.9=524799, 99.99=548863] [READ-FAILED: Count=9, Max=2731, Min=2116, Avg=2341.22, 90=2451, 99=2731, 99.9=2731, 99.99=2731] 
2020-09-07 14:21:38:507 40 sec: 76395 operations; 2076 current ops/sec; est completion in 1 hour 26 minutes [READ: Count=10459, Max=539135, Min=0, Avg=7438.53, 90=16215, 99=42751, 99.9=519935, 99.99=538111] [UPDATE: Count=10280, Max=540159, Min=1, Avg=7915.35, 90=16399, 99=48031, 99.9=517887, 99.99=537599] [READ-FAILED: Count=15, Max=7243, Min=1652, Avg=3011.27, 90=6507, 99=7243, 99.9=7243, 99.99=7243] 
2020-09-07 14:21:48:506 50 sec: 95297 operations; 1890.2 current ops/sec; est completion in 1 hour 26 minutes [READ: Count=9427, Max=1007615, Min=1, Avg=8518.81, 90=16047, 99=47903, 99.9=525823, 99.99=552959] [UPDATE: Count=9470, Max=926719, Min=15, Avg=8343.76, 90=16231, 99=43167, 99.9=537599, 99.99=756223] [READ-FAILED: Count=4, Max=6971, Min=1877, Avg=3336.75, 90=6971, 99=6971, 99.9=6971, 99.99=6971] 
2020-09-07 14:21:58:507 60 sec: 115493 operations; 2019.6 current ops/sec; est completion in 1 hour 25 minutes [READ: Count=10109, Max=550399, Min=2, Avg=7651.8, 90=15879, 99=47743, 99.9=516351, 99.99=542207] [UPDATE: Count=10084, Max=1003007, Min=4, Avg=8288.44, 90=15783, 99=51199, 99.9=526335, 99.99=551423] [READ-FAILED: Count=4, Max=2941, Min=2340, Avg=2745.5, 90=2941, 99=2941, 99.9=2941, 99.99=2941] 
2020-09-07 14:22:08:506 70 sec: 133936 operations; 1844.3 current ops/sec; est completion in 1 hour 25 minutes [READ: Count=9160, Max=549375, Min=1, Avg=8652.71, 90=15831, 99=53759, 99.9=530431, 99.99=545791] [UPDATE: Count=9270, Max=910847, Min=3, Avg=8562.48, 90=15591, 99=61247, 99.9=531967, 99.99=691711] [READ-FAILED: Count=8, Max=3945, Min=2024, Avg=2664.38, 90=2961, 99=3945, 99.9=3945, 99.99=3945] 
2020-09-07 14:22:18:506 80 sec: 154335 operations; 2039.9 current ops/sec; est completion in 1 hour 25 minutes [READ: Count=10100, Max=553983, Min=0, Avg=7657.95, 90=15799, 99=43519, 99.9=531455, 99.99=550911] [UPDATE: Count=10298, Max=555007, Min=3, Avg=8104.99, 90=15783, 99=47423, 99.9=522495, 99.99=540671] [READ-FAILED: Count=5, Max=7259, Min=2186, Avg=3244, 90=7259, 99=7259, 99.9=7259, 99.99=7259] 
2020-09-07 14:22:28:507 90 sec: 173354 operations; 1901.9 current ops/sec; est completion in 1 hour 25 minutes [READ: Count=9472, Max=1011711, Min=1, Avg=8730.47, 90=15551, 99=50239, 99.9=535551, 99.99=1009663] [UPDATE: Count=9543, Max=1084415, Min=1, Avg=8043.22, 90=15535, 99=40479, 99.9=520191, 99.99=1047551] [READ-FAILED: Count=8, Max=6719, Min=1776, Avg=2896.25, 90=3039, 99=6719, 99.9=6719, 99.99=6719] 
2020-09-07 14:22:38:506 100 sec: 192007 operations; 1865.3 current ops/sec; est completion in 1 hour 25 minutes [READ: Count=9324, Max=564223, Min=1, Avg=8708.99, 90=16495, 99=57151, 99.9=532991, 99.99=551423] [UPDATE: Count=9325, Max=548863, Min=3, Avg=8499.94, 90=16447, 99=49919, 99.9=527871, 99.99=546303] [READ-FAILED: Count=4, Max=3303, Min=2134, Avg=2504, 90=3303, 99=3303, 99.9=3303, 99.99=3303] 
2020-09-07 14:22:48:506 110 sec: 212011 operations; 2000.4 current ops/sec; est completion in 1 hour 24 minutes [READ: Count=9934, Max=571391, Min=1, Avg=7874.22, 90=15359, 99=47839, 99.9=520191, 99.99=536575] [UPDATE: Count=10066, Max=563711, Min=1, Avg=8006.03, 90=15511, 99=46015, 99.9=524799, 99.99=562175] [READ-FAILED: Count=3, Max=2419, Min=2256, Avg=2345.67, 90=2419, 99=2419, 99.9=2419, 99.99=2419] 
2020-09-07 14:22:58:507 120 sec: 232407 operations; 2039.6 current ops/sec; est completion in 1 hour 24 minutes [READ: Count=10108, Max=536575, Min=1, Avg=7897.62, 90=15351, 99=43999, 99.9=520191, 99.99=535551] [UPDATE: Count=10270, Max=542207, Min=4, Avg=7897.54, 90=15471, 99=46271, 99.9=516607, 99.99=535039] [READ-FAILED: Count=11, Max=20335, Min=2014, Avg=5621.18, 90=14215, 99=20335, 99.9=20335, 99.99=20335] 
2020-09-07 14:23:08:506 130 sec: 252898 operations; 2049.1 current ops/sec; est completion in 1 hour 23 minutes [READ: Count=10206, Max=568831, Min=0, Avg=7894.53, 90=15967, 99=42015, 99.9=535039, 99.99=566271] [UPDATE: Count=10283, Max=561151, Min=1, Avg=7650.42, 90=16055, 99=43263, 99.9=524031, 99.99=541695] [READ-FAILED: Count=7, Max=4551, Min=2138, Avg=2889.14, 90=3023, 99=4551, 99.9=4551, 99.99=4551] 
2020-09-07 14:23:18:506 140 sec: 273209 operations; 2031.1 current ops/sec; est completion in 1 hour 23 minutes [READ: Count=9997, Max=548351, Min=1, Avg=7791.95, 90=15407, 99=49279, 99.9=516607, 99.99=546303] [UPDATE: Count=10309, Max=552447, Min=1, Avg=8014.2, 90=15519, 99=49855, 99.9=519167, 99.99=540159] [READ-FAILED: Count=4, Max=2849, Min=1979, Avg=2362, 90=2849, 99=2849, 99.9=2849, 99.99=2849] 
2020-09-07 14:23:28:507 150 sec: 295533 operations; 2232.4 current ops/sec; est completion in 1 hour 22 minutes [READ: Count=11063, Max=568319, Min=0, Avg=7118.77, 90=15951, 99=40831, 99.9=516607, 99.99=539135] [UPDATE: Count=11249, Max=536575, Min=1, Avg=7200.59, 90=15951, 99=40927, 99.9=515071, 99.99=532991] [READ-FAILED: Count=8, Max=4387, Min=1835, Avg=2419.12, 90=2403, 99=4387, 99.9=4387, 99.99=4387] 
2020-09-07 14:23:38:507 160 sec: 313561 operations; 1802.8 current ops/sec; est completion in 1 hour 22 minutes [READ: Count=9023, Max=536063, Min=0, Avg=9092.83, 90=16063, 99=66815, 99.9=525823, 99.99=535551] [UPDATE: Count=9004, Max=561151, Min=1, Avg=8576.13, 90=15975, 99=57439, 99.9=526335, 99.99=560639] [READ-FAILED: Count=5, Max=2767, Min=1997, Avg=2314.2, 90=2767, 99=2767, 99.9=2767, 99.99=2767] 
2020-09-07 14:23:48:506 170 sec: 335980 operations; 2241.9 current ops/sec; est completion in 1 hour 21 minutes [READ: Count=11181, Max=538623, Min=0, Avg=7175.21, 90=15087, 99=40351, 99.9=519679, 99.99=538623] [UPDATE: Count=11224, Max=527871, Min=3, Avg=6965.11, 90=15055, 99=38687, 99.9=511999, 99.99=526335] [READ-FAILED: Count=8, Max=4427, Min=1817, Avg=2641.38, 90=3051, 99=4427, 99.9=4427, 99.99=4427] 
2020-09-07 14:23:58:507 180 sec: 356201 operations; 2022.1 current ops/sec; est completion in 1 hour 21 minutes [READ: Count=10113, Max=538111, Min=1, Avg=7490.37, 90=15879, 99=46815, 99.9=485631, 99.99=532991] [UPDATE: Count=10105, Max=549375, Min=1, Avg=8328.63, 90=15895, 99=58143, 99.9=524799, 99.99=540159] [READ-FAILED: Count=3, Max=2953, Min=1911, Avg=2489.67, 90=2953, 99=2953, 99.9=2953, 99.99=2953] 
2020-09-07 14:24:08:506 190 sec: 376184 operations; 1998.3 current ops/sec; est completion in 1 hour 21 minutes [READ: Count=9884, Max=534015, Min=1, Avg=7417.81, 90=15951, 99=41375, 99.9=519167, 99.99=529407] [UPDATE: Count=10095, Max=534015, Min=1, Avg=8652.68, 90=16399, 99=56351, 99.9=522239, 99.99=531455] [READ-FAILED: Count=7, Max=2943, Min=1701, Avg=2132.43, 90=2597, 99=2943, 99.9=2943, 99.99=2943] 
2020-09-07 14:24:18:506 200 sec: 397327 operations; 2114.3 current ops/sec; est completion in 1 hour 20 minutes [READ: Count=10608, Max=1001471, Min=1, Avg=7721.7, 90=15239, 99=45631, 99.9=518399, 99.99=534015] [UPDATE: Count=10529, Max=552959, Min=3, Avg=7465.08, 90=15399, 99=43359, 99.9=515327, 99.99=544255] [READ-FAILED: Count=6, Max=3101, Min=1764, Avg=2497.83, 90=2793, 99=3101, 99.9=3101, 99.99=3101] 
2020-09-07 14:24:28:506 210 sec: 416422 operations; 1909.5 current ops/sec; est completion in 1 hour 20 minutes [READ: Count=9618, Max=1009663, Min=1, Avg=8396.38, 90=16175, 99=51327, 99.9=517119, 99.99=770559] [UPDATE: Count=9471, Max=858623, Min=1, Avg=8261.51, 90=16135, 99=47103, 99.9=516863, 99.99=533503] [READ-FAILED: Count=5, Max=2391, Min=1919, Avg=2204.2, 90=2391, 99=2391, 99.9=2391, 99.99=2391] 
2020-09-07 14:24:38:506 220 sec: 433810 operations; 1738.8 current ops/sec; est completion in 1 hour 20 minutes [READ: Count=8809, Max=565247, Min=2, Avg=9614.62, 90=16479, 99=72831, 99.9=529919, 99.99=551935] [UPDATE: Count=8571, Max=558591, Min=3, Avg=8774.12, 90=16199, 99=60991, 99.9=526847, 99.99=555519] [READ-FAILED: Count=9, Max=3045, Min=2001, Avg=2410.33, 90=2961, 99=3045, 99.9=3045, 99.99=3045] 
2020-09-07 14:24:48:506 230 sec: 453852 operations; 2004.2 current ops/sec; est completion in 1 hour 20 minutes [READ: Count=10061, Max=1009151, Min=0, Avg=7968.25, 90=15007, 99=41823, 99.9=520191, 99.99=1008639] [UPDATE: Count=9974, Max=1490943, Min=1, Avg=8041.9, 90=15071, 99=44383, 99.9=525823, 99.99=978943] [READ-FAILED: Count=8, Max=4555, Min=1799, Avg=2965.12, 90=3729, 99=4555, 99.9=4555, 99.99=4555] 
2020-09-07 14:24:58:506 240 sec: 474329 operations; 2047.7 current ops/sec; est completion in 1 hour 20 minutes [READ: Count=10210, Max=545279, Min=0, Avg=8048.27, 90=15807, 99=39903, 99.9=519167, 99.99=542719] [UPDATE: Count=10257, Max=543231, Min=3, Avg=7464.63, 90=15631, 99=40607, 99.9=516351, 99.99=542719] [READ-FAILED: Count=7, Max=3775, Min=1958, Avg=2448.29, 90=2579, 99=3775, 99.9=3775, 99.99=3775] 
2020-09-07 14:25:08:506 250 sec: 492384 operations; 1805.5 current ops/sec; est completion in 1 hour 20 minutes [READ: Count=9069, Max=1008639, Min=1, Avg=8741.85, 90=16191, 99=53375, 99.9=529407, 99.99=1001471] [UPDATE: Count=8984, Max=951807, Min=1, Avg=9177.28, 90=16383, 99=78207, 99.9=532479, 99.99=951295] [READ-FAILED: Count=3, Max=5771, Min=2090, Avg=3336.67, 90=5771, 99=5771, 99.9=5771, 99.99=5771] 
2020-09-07 14:25:18:506 260 sec: 513698 operations; 2131.4 current ops/sec; est completion in 1 hour 20 minutes [READ: Count=10604, Max=550399, Min=0, Avg=7388.46, 90=15711, 99=45023, 99.9=515583, 99.99=538623] [UPDATE: Count=10704, Max=749055, Min=1, Avg=7553.97, 90=15487, 99=44319, 99.9=525311, 99.99=541183] [READ-FAILED: Count=8, Max=13519, Min=1961, Avg=4036.38, 90=4423, 99=13519, 99.9=13519, 99.99=13519] 
2020-09-07 14:25:28:506 270 sec: 534119 operations; 2042.1 current ops/sec; est completion in 1 hour 19 minutes [READ: Count=10123, Max=568319, Min=1, Avg=7434.02, 90=15487, 99=39647, 99.9=521983, 99.99=559615] [UPDATE: Count=10288, Max=997375, Min=4, Avg=8238.32, 90=15447, 99=46015, 99.9=527871, 99.99=983551] [READ-FAILED: Count=10, Max=6939, Min=1982, Avg=2839.8, 90=2885, 99=6939, 99.9=6939, 99.99=6939] 
2020-09-07 14:25:38:506 280 sec: 553129 operations; 1901 current ops/sec; est completion in 1 hour 19 minutes [READ: Count=9605, Max=566783, Min=0, Avg=8367.16, 90=16479, 99=60383, 99.9=526847, 99.99=563711] [UPDATE: Count=9396, Max=567295, Min=3, Avg=8496.77, 90=16311, 99=56575, 99.9=524799, 99.99=565759] [READ-FAILED: Count=6, Max=2491, Min=1999, Avg=2218.5, 90=2413, 99=2491, 99.9=2491, 99.99=2491] 
2020-09-07 14:25:48:507 290 sec: 574154 operations; 2102.5 current ops/sec; est completion in 1 hour 19 minutes [READ: Count=10496, Max=537087, Min=0, Avg=7516.02, 90=15631, 99=43711, 99.9=520447, 99.99=536575] [UPDATE: Count=10520, Max=536063, Min=3, Avg=7454.1, 90=15511, 99=48191, 99.9=516351, 99.99=528383] [READ-FAILED: Count=9, Max=15263, Min=2448, Avg=4610, 90=4679, 99=15263, 99.9=15263, 99.99=15263] 
2020-09-07 14:25:58:506 300 sec: 596821 operations; 2266.7 current ops/sec; est completion in 1 hour 18 minutes [READ: Count=11253, Max=544255, Min=0, Avg=6988.29, 90=15207, 99=39359, 99.9=517887, 99.99=531967] [UPDATE: Count=11410, Max=535551, Min=1, Avg=7343.29, 90=15343, 99=41823, 99.9=523775, 99.99=531967] [READ-FAILED: Count=6, Max=2839, Min=1702, Avg=2182, 90=2409, 99=2839, 99.9=2839, 99.99=2839] 
Maximum time elapsed. Requesting stop for the workload.
Stop requested for workload. Now Joining!
[36m14:25:59.016[m [[34;1mINFO[m] [1;34mp.u.t.s.y.Stats.clientFinished@38[m: 
Ended SconeKV benchmark.
Number of clients: 16
Total transactions: 118781
Committed: 98857 (83.22627%)
Aborted: 19924 (16.773726%)
2020-09-07 14:25:59:018 300 sec: 596876 operations; 107.63 current ops/sec; est completion in 1 hour 18 minutes [READ: Count=31, Max=531967, Min=4, Avg=30018.52, 90=46143, 99=531967, 99.9=531967, 99.99=531967] [CLEANUP: Count=16, Max=1539, Min=3, Avg=100.25, 90=7, 99=1539, 99.9=1539, 99.99=1539] [UPDATE: Count=21, Max=534015, Min=2074, Avg=81946.33, 90=522239, 99=534015, 99.9=534015, 99.99=534015] [READ-FAILED: Count=0, Max=0, Min=9223372036854775807, Avg=NaN, 90=0, 99=0, 99.9=0, 99.99=0] 
[OVERALL], RunTime(ms), 300512
[OVERALL], Throughput(ops/sec), 1986.1968906399745
[TOTAL_GCS_G1_Young_Generation], Count, 101
[TOTAL_GC_TIME_G1_Young_Generation], Time(ms), 598
[TOTAL_GC_TIME_%_G1_Young_Generation], Time(%), 0.19899371738898944
[TOTAL_GCS_G1_Old_Generation], Count, 0
[TOTAL_GC_TIME_G1_Old_Generation], Time(ms), 0
[TOTAL_GC_TIME_%_G1_Old_Generation], Time(%), 0.0
[TOTAL_GCs], Count, 101
[TOTAL_GC_TIME], Time(ms), 598
[TOTAL_GC_TIME_%], Time(%), 0.19899371738898944
[READ], Operations, 297938
[READ], AverageLatency(us), 7969.943609073029
[READ], MinLatency(us), 0
[READ], MaxLatency(us), 1011711
[READ], 95thPercentileLatency(us), 19615
[READ], 99thPercentileLatency(us), 46175
[READ], Return=OK, 297938
[READ], Return=NOT_FOUND, 199
[CLEANUP], Operations, 16
[CLEANUP], AverageLatency(us), 100.25
[CLEANUP], MinLatency(us), 3
[CLEANUP], MaxLatency(us), 1539
[CLEANUP], 95thPercentileLatency(us), 14
[CLEANUP], 99thPercentileLatency(us), 1539
[UPDATE], Operations, 298739
[UPDATE], AverageLatency(us), 8024.957069549005
[UPDATE], MinLatency(us), 1
[UPDATE], MaxLatency(us), 1490943
[UPDATE], 95thPercentileLatency(us), 19791
[UPDATE], 99thPercentileLatency(us), 47519
[UPDATE], Return=OK, 298739
[READ-FAILED], Operations, 199
[READ-FAILED], AverageLatency(us), 2945.005025125628
[READ-FAILED], MinLatency(us), 1652
[READ-FAILED], MaxLatency(us), 20335
[READ-FAILED], 95thPercentileLatency(us), 6507
[READ-FAILED], 99thPercentileLatency(us), 14215
