Command line: -t -db pt.ulisboa.tecnico.sconekv.ycsb.SconeKVClient -P workloada -threads 256 -s -p scone.tx_size=5 -p operationcount=10000000 -p maxexecutiontime=300
YCSB Client 0.17.0

Loading workload...
Starting test.
WARNING: sun.reflect.Reflection.getCallerClass is not supported. This will impact performance.
2020-09-29 10:22:23:438 0 sec: 0 operations; est completion in 0 second 
Maximum execution time specified as: 300 secs
DBWrapper: report latency for each error is false and specific error codes to track for latency are: []
DBWrapper: report latency for each error is false and specific error codes to track for latency are: []
DBWrapper: report latency for each error is false and specific error codes to track for latency are: []
DBWrapper: report latency for each error is false and specific error codes to track for latency are: []
DBWrapper: report latency for each error is false and specific error codes to track for latency are: []
DBWrapper: report latency for each error is false and specific error codes to track for latency are: []
DBWrapper: report latency for each error is false and specific error codes to track for latency are: []
DBWrapper: report latency for each error is false and specific error codes to track for latency are: []
DBWrapper: report latency for each error is false and specific error codes to track for latency are: []
DBWrapper: report latency for each error is false and specific error codes to track for latency are: []
DBWrapper: report latency for each error is false and specific error codes to track for latency are: []
DBWrapper: report latency for each error is false and specific error codes to track for latency are: []
DBWrapper: report latency for each error is false and specific error codes to track for latency are: []
DBWrapper: report latency for each error is false and specific error codes to track for latency are: []
DBWrapper: report latency for each error is false and specific error codes to track for latency are: []
DBWrapper: report latency for each error is false and specific error codes to track for latency are: []
DBWrapper: report latency for each error is false and specific error codes to track for latency are: []
DBWrapper: report latency for each error is false and specific error codes to track for latency are: []
DBWrapper: report latency for each error is false and specific error codes to track for latency are: []
DBWrapper: report latency for each error is false and specific error codes to track for latency are: []
DBWrapper: report latency for each error is false and specific error codes to track for latency are: []
DBWrapper: report latency for each error is false and specific error codes to track for latency are: []
DBWrapper: report latency for each error is false and specific error codes to track for latency are: []
DBWrapper: report latency for each error is false and specific error codes to track for latency are: []
DBWrapper: report latency for each error is false and specific error codes to track for latency are: []
DBWrapper: report latency for each error is false and specific error codes to track for latency are: []
DBWrapper: report latency for each error is false and specific error codes to track for latency are: []
DBWrapper: report latency for each error is false and specific error codes to track for latency are: []
DBWrapper: report latency for each error is false and specific error codes to track for latency are: []
DBWrapper: report latency for each error is false and specific error codes to track for latency are: []
DBWrapper: report latency for each error is false and specific error codes to track for latency are: []
DBWrapper: report latency for each error is false and specific error codes to track for latency are: []
DBWrapper: report latency for each error is false and specific error codes to track for latency are: []
DBWrapper: report latency for each error is false and specific error codes to track for latency are: []
DBWrapper: report latency for each error is false and specific error codes to track for latency are: []
DBWrapper: report latency for each error is false and specific error codes to track for latency are: []
DBWrapper: report latency for each error is false and specific error codes to track for latency are: []
DBWrapper: report latency for each error is false and specific error codes to track for latency are: []
DBWrapper: report latency for each error is false and specific error codes to track for latency are: []
DBWrapper: report latency for each error is false and specific error codes to track for latency are: []
DBWrapper: report latency for each error is false and specific error codes to track for latency are: []
DBWrapper: report latency for each error is false and specific error codes to track for latency are: []
DBWrapper: report latency for each error is false and specific error codes to track for latency are: []
DBWrapper: report latency for each error is false and specific error codes to track for latency are: []
DBWrapper: report latency for each error is false and specific error codes to track for latency are: []
DBWrapper: report latency for each error is false and specific error codes to track for latency are: []
DBWrapper: report latency for each error is false and specific error codes to track for latency are: []
DBWrapper: report latency for each error is false and specific error codes to track for latency are: []
DBWrapper: report latency for each error is false and specific error codes to track for latency are: []
DBWrapper: report latency for each error is false and specific error codes to track for latency are: []
DBWrapper: report latency for each error is false and specific error codes to track for latency are: []
DBWrapper: report latency for each error is false and specific error codes to track for latency are: []
DBWrapper: report latency for each error is false and specific error codes to track for latency are: []
DBWrapper: report latency for each error is false and specific error codes to track for latency are: []
DBWrapper: report latency for each error is false and specific error codes to track for latency are: []
DBWrapper: report latency for each error is false and specific error codes to track for latency are: []
DBWrapper: report latency for each error is false and specific error codes to track for latency are: []
DBWrapper: report latency for each error is false and specific error codes to track for latency are: []
DBWrapper: report latency for each error is false and specific error codes to track for latency are: []
DBWrapper: report latency for each error is false and specific error codes to track for latency are: []
DBWrapper: report latency for each error is false and specific error codes to track for latency are: []
DBWrapper: report latency for each error is false and specific error codes to track for latency are: []
DBWrapper: report latency for each error is false and specific error codes to track for latency are: []
DBWrapper: report latency for each error is false and specific error codes to track for latency are: []
DBWrapper: report latency for each error is false and specific error codes to track for latency are: []
DBWrapper: report latency for each error is false and specific error codes to track for latency are: []
DBWrapper: report latency for each error is false and specific error codes to track for latency are: []
DBWrapper: report latency for each error is false and specific error codes to track for latency are: []
DBWrapper: report latency for each error is false and specific error codes to track for latency are: []
DBWrapper: report latency for each error is false and specific error codes to track for latency are: []
DBWrapper: report latency for each error is false and specific error codes to track for latency are: []
DBWrapper: report latency for each error is false and specific error codes to track for latency are: []
DBWrapper: report latency for each error is false and specific error codes to track for latency are: []
DBWrapper: report latency for each error is false and specific error codes to track for latency are: []
DBWrapper: report latency for each error is false and specific error codes to track for latency are: []
DBWrapper: report latency for each error is false and specific error codes to track for latency are: []
DBWrapper: report latency for each error is false and specific error codes to track for latency are: []
DBWrapper: report latency for each error is false and specific error codes to track for latency are: []
DBWrapper: report latency for each error is false and specific error codes to track for latency are: []
DBWrapper: report latency for each error is false and specific error codes to track for latency are: []
DBWrapper: report latency for each error is false and specific error codes to track for latency are: []
DBWrapper: report latency for each error is false and specific error codes to track for latency are: []
DBWrapper: report latency for each error is false and specific error codes to track for latency are: []
DBWrapper: report latency for each error is false and specific error codes to track for latency are: []
DBWrapper: report latency for each error is false and specific error codes to track for latency are: []
DBWrapper: report latency for each error is false and specific error codes to track for latency are: []
DBWrapper: report latency for each error is false and specific error codes to track for latency are: []
DBWrapper: report latency for each error is false and specific error codes to track for latency are: []
DBWrapper: report latency for each error is false and specific error codes to track for latency are: []
DBWrapper: report latency for each error is false and specific error codes to track for latency are: []
DBWrapper: report latency for each error is false and specific error codes to track for latency are: []
DBWrapper: report latency for each error is false and specific error codes to track for latency are: []
DBWrapper: report latency for each error is false and specific error codes to track for latency are: []
DBWrapper: report latency for each error is false and specific error codes to track for latency are: []
DBWrapper: report latency for each error is false and specific error codes to track for latency are: []
DBWrapper: report latency for each error is false and specific error codes to track for latency are: []
DBWrapper: report latency for each error is false and specific error codes to track for latency are: []
DBWrapper: report latency for each error is false and specific error codes to track for latency are: []
DBWrapper: report latency for each error is false and specific error codes to track for latency are: []
DBWrapper: report latency for each error is false and specific error codes to track for latency are: []
DBWrapper: report latency for each error is false and specific error codes to track for latency are: []
DBWrapper: report latency for each error is false and specific error codes to track for latency are: []
DBWrapper: report latency for each error is false and specific error codes to track for latency are: []
DBWrapper: report latency for each error is false and specific error codes to track for latency are: []
DBWrapper: report latency for each error is false and specific error codes to track for latency are: []
DBWrapper: report latency for each error is false and specific error codes to track for latency are: []
DBWrapper: report latency for each error is false and specific error codes to track for latency are: []
DBWrapper: report latency for each error is false and specific error codes to track for latency are: []
DBWrapper: report latency for each error is false and specific error codes to track for latency are: []
DBWrapper: report latency for each error is false and specific error codes to track for latency are: []
DBWrapper: report latency for each error is false and specific error codes to track for latency are: []
DBWrapper: report latency for each error is false and specific error codes to track for latency are: []
DBWrapper: report latency for each error is false and specific error codes to track for latency are: []
DBWrapper: report latency for each error is false and specific error codes to track for latency are: []
DBWrapper: report latency for each error is false and specific error codes to track for latency are: []
DBWrapper: report latency for each error is false and specific error codes to track for latency are: []
DBWrapper: report latency for each error is false and specific error codes to track for latency are: []
DBWrapper: report latency for each error is false and specific error codes to track for latency are: []
DBWrapper: report latency for each error is false and specific error codes to track for latency are: []
DBWrapper: report latency for each error is false and specific error codes to track for latency are: []
DBWrapper: report latency for each error is false and specific error codes to track for latency are: []
DBWrapper: report latency for each error is false and specific error codes to track for latency are: []
DBWrapper: report latency for each error is false and specific error codes to track for latency are: []
DBWrapper: report latency for each error is false and specific error codes to track for latency are: []
DBWrapper: report latency for each error is false and specific error codes to track for latency are: []
DBWrapper: report latency for each error is false and specific error codes to track for latency are: []
DBWrapper: report latency for each error is false and specific error codes to track for latency are: []
DBWrapper: report latency for each error is false and specific error codes to track for latency are: []
DBWrapper: report latency for each error is false and specific error codes to track for latency are: []
DBWrapper: report latency for each error is false and specific error codes to track for latency are: []
DBWrapper: report latency for each error is false and specific error codes to track for latency are: []
DBWrapper: report latency for each error is false and specific error codes to track for latency are: []
DBWrapper: report latency for each error is false and specific error codes to track for latency are: []
DBWrapper: report latency for each error is false and specific error codes to track for latency are: []
DBWrapper: report latency for each error is false and specific error codes to track for latency are: []
DBWrapper: report latency for each error is false and specific error codes to track for latency are: []
DBWrapper: report latency for each error is false and specific error codes to track for latency are: []
DBWrapper: report latency for each error is false and specific error codes to track for latency are: []
DBWrapper: report latency for each error is false and specific error codes to track for latency are: []
DBWrapper: report latency for each error is false and specific error codes to track for latency are: []
DBWrapper: report latency for each error is false and specific error codes to track for latency are: []
DBWrapper: report latency for each error is false and specific error codes to track for latency are: []
DBWrapper: report latency for each error is false and specific error codes to track for latency are: []
DBWrapper: report latency for each error is false and specific error codes to track for latency are: []
DBWrapper: report latency for each error is false and specific error codes to track for latency are: []
DBWrapper: report latency for each error is false and specific error codes to track for latency are: []
DBWrapper: report latency for each error is false and specific error codes to track for latency are: []
DBWrapper: report latency for each error is false and specific error codes to track for latency are: []
DBWrapper: report latency for each error is false and specific error codes to track for latency are: []
DBWrapper: report latency for each error is false and specific error codes to track for latency are: []
DBWrapper: report latency for each error is false and specific error codes to track for latency are: []
DBWrapper: report latency for each error is false and specific error codes to track for latency are: []
DBWrapper: report latency for each error is false and specific error codes to track for latency are: []
DBWrapper: report latency for each error is false and specific error codes to track for latency are: []
DBWrapper: report latency for each error is false and specific error codes to track for latency are: []
DBWrapper: report latency for each error is false and specific error codes to track for latency are: []
DBWrapper: report latency for each error is false and specific error codes to track for latency are: []
DBWrapper: report latency for each error is false and specific error codes to track for latency are: []
DBWrapper: report latency for each error is false and specific error codes to track for latency are: []
DBWrapper: report latency for each error is false and specific error codes to track for latency are: []
DBWrapper: report latency for each error is false and specific error codes to track for latency are: []
DBWrapper: report latency for each error is false and specific error codes to track for latency are: []
DBWrapper: report latency for each error is false and specific error codes to track for latency are: []
2020-09-29 10:22:33:445 10 sec: 3619 operations; 361.57 current ops/sec; est completion in 7 hours 40 minutes [READ: Count=1947, Max=1556479, Min=3, Avg=151620.26, 90=420863, 99=1124351, 99.9=1509375, 99.99=1556479] [UPDATE: Count=2879, Max=1624063, Min=13, Avg=125638.69, 90=338431, 99=1037823, 99.9=1468415, 99.99=1624063] [READ-FAILED: Count=3, Max=132863, Min=3746, Avg=76523.67, 90=132863, 99=132863, 99.9=132863, 99.99=132863] 
DBWrapper: report latency for each error is false and specific error codes to track for latency are: []
DBWrapper: report latency for each error is false and specific error codes to track for latency are: []
DBWrapper: report latency for each error is false and specific error codes to track for latency are: []
DBWrapper: report latency for each error is false and specific error codes to track for latency are: []
DBWrapper: report latency for each error is false and specific error codes to track for latency are: []
DBWrapper: report latency for each error is false and specific error codes to track for latency are: []
DBWrapper: report latency for each error is false and specific error codes to track for latency are: []
DBWrapper: report latency for each error is false and specific error codes to track for latency are: []
DBWrapper: report latency for each error is false and specific error codes to track for latency are: []
DBWrapper: report latency for each error is false and specific error codes to track for latency are: []
DBWrapper: report latency for each error is false and specific error codes to track for latency are: []
DBWrapper: report latency for each error is false and specific error codes to track for latency are: []
DBWrapper: report latency for each error is false and specific error codes to track for latency are: []
DBWrapper: report latency for each error is false and specific error codes to track for latency are: []
DBWrapper: report latency for each error is false and specific error codes to track for latency are: []
DBWrapper: report latency for each error is false and specific error codes to track for latency are: []
DBWrapper: report latency for each error is false and specific error codes to track for latency are: []
DBWrapper: report latency for each error is false and specific error codes to track for latency are: []
DBWrapper: report latency for each error is false and specific error codes to track for latency are: []
DBWrapper: report latency for each error is false and specific error codes to track for latency are: []
DBWrapper: report latency for each error is false and specific error codes to track for latency are: []
DBWrapper: report latency for each error is false and specific error codes to track for latency are: []
DBWrapper: report latency for each error is false and specific error codes to track for latency are: []
DBWrapper: report latency for each error is false and specific error codes to track for latency are: []
DBWrapper: report latency for each error is false and specific error codes to track for latency are: []
DBWrapper: report latency for each error is false and specific error codes to track for latency are: []
DBWrapper: report latency for each error is false and specific error codes to track for latency are: []
DBWrapper: report latency for each error is false and specific error codes to track for latency are: []
DBWrapper: report latency for each error is false and specific error codes to track for latency are: []
DBWrapper: report latency for each error is false and specific error codes to track for latency are: []
DBWrapper: report latency for each error is false and specific error codes to track for latency are: []
DBWrapper: report latency for each error is false and specific error codes to track for latency are: []
DBWrapper: report latency for each error is false and specific error codes to track for latency are: []
DBWrapper: report latency for each error is false and specific error codes to track for latency are: []
DBWrapper: report latency for each error is false and specific error codes to track for latency are: []
DBWrapper: report latency for each error is false and specific error codes to track for latency are: []
DBWrapper: report latency for each error is false and specific error codes to track for latency are: []
DBWrapper: report latency for each error is false and specific error codes to track for latency are: []
DBWrapper: report latency for each error is false and specific error codes to track for latency are: []
DBWrapper: report latency for each error is false and specific error codes to track for latency are: []
DBWrapper: report latency for each error is false and specific error codes to track for latency are: []
DBWrapper: report latency for each error is false and specific error codes to track for latency are: []
DBWrapper: report latency for each error is false and specific error codes to track for latency are: []
DBWrapper: report latency for each error is false and specific error codes to track for latency are: []
DBWrapper: report latency for each error is false and specific error codes to track for latency are: []
DBWrapper: report latency for each error is false and specific error codes to track for latency are: []
DBWrapper: report latency for each error is false and specific error codes to track for latency are: []
DBWrapper: report latency for each error is false and specific error codes to track for latency are: []
DBWrapper: report latency for each error is false and specific error codes to track for latency are: []
DBWrapper: report latency for each error is false and specific error codes to track for latency are: []
DBWrapper: report latency for each error is false and specific error codes to track for latency are: []
DBWrapper: report latency for each error is false and specific error codes to track for latency are: []
DBWrapper: report latency for each error is false and specific error codes to track for latency are: []
DBWrapper: report latency for each error is false and specific error codes to track for latency are: []
DBWrapper: report latency for each error is false and specific error codes to track for latency are: []
DBWrapper: report latency for each error is false and specific error codes to track for latency are: []
DBWrapper: report latency for each error is false and specific error codes to track for latency are: []
DBWrapper: report latency for each error is false and specific error codes to track for latency are: []
DBWrapper: report latency for each error is false and specific error codes to track for latency are: []
DBWrapper: report latency for each error is false and specific error codes to track for latency are: []
DBWrapper: report latency for each error is false and specific error codes to track for latency are: []
DBWrapper: report latency for each error is false and specific error codes to track for latency are: []
DBWrapper: report latency for each error is false and specific error codes to track for latency are: []
DBWrapper: report latency for each error is false and specific error codes to track for latency are: []
DBWrapper: report latency for each error is false and specific error codes to track for latency are: []
DBWrapper: report latency for each error is false and specific error codes to track for latency are: []
DBWrapper: report latency for each error is false and specific error codes to track for latency are: []
DBWrapper: report latency for each error is false and specific error codes to track for latency are: []
DBWrapper: report latency for each error is false and specific error codes to track for latency are: []
DBWrapper: report latency for each error is false and specific error codes to track for latency are: []
DBWrapper: report latency for each error is false and specific error codes to track for latency are: []
DBWrapper: report latency for each error is false and specific error codes to track for latency are: []
DBWrapper: report latency for each error is false and specific error codes to track for latency are: []
DBWrapper: report latency for each error is false and specific error codes to track for latency are: []
DBWrapper: report latency for each error is false and specific error codes to track for latency are: []
DBWrapper: report latency for each error is false and specific error codes to track for latency are: []
DBWrapper: report latency for each error is false and specific error codes to track for latency are: []
DBWrapper: report latency for each error is false and specific error codes to track for latency are: []
DBWrapper: report latency for each error is false and specific error codes to track for latency are: []
DBWrapper: report latency for each error is false and specific error codes to track for latency are: []
DBWrapper: report latency for each error is false and specific error codes to track for latency are: []
DBWrapper: report latency for each error is false and specific error codes to track for latency are: []
DBWrapper: report latency for each error is false and specific error codes to track for latency are: []
DBWrapper: report latency for each error is false and specific error codes to track for latency are: []
DBWrapper: report latency for each error is false and specific error codes to track for latency are: []
DBWrapper: report latency for each error is false and specific error codes to track for latency are: []
DBWrapper: report latency for each error is false and specific error codes to track for latency are: []
DBWrapper: report latency for each error is false and specific error codes to track for latency are: []
DBWrapper: report latency for each error is false and specific error codes to track for latency are: []
2020-09-29 10:22:43:730 20 sec: 25602 operations; 2200.28 current ops/sec; est completion in 2 hours 9 minutes [READ: Count=10900, Max=1571839, Min=2, Avg=88564.59, 90=254591, 99=770559, 99.9=1215487, 99.99=1544191] [UPDATE: Count=10014, Max=1775615, Min=7, Avg=95304.78, 90=284415, 99=849407, 99.9=1228799, 99.99=1632255] [READ-FAILED: Count=5, Max=116543, Min=2758, Avg=53781.4, 90=116543, 99=116543, 99.9=116543, 99.99=116543] 
DBWrapper: report latency for each error is false and specific error codes to track for latency are: []
DBWrapper: report latency for each error is false and specific error codes to track for latency are: []
DBWrapper: report latency for each error is false and specific error codes to track for latency are: []
DBWrapper: report latency for each error is false and specific error codes to track for latency are: []
2020-09-29 10:22:53:437 30 sec: 62797 operations; 3719.5 current ops/sec; est completion in 1 hour 19 minutes [READ: Count=18565, Max=1468415, Min=1, Avg=64333.57, 90=159103, 99=641023, 99.9=999423, 99.99=1284095] [UPDATE: Count=18531, Max=1689599, Min=1, Avg=60831.81, 90=144255, 99=637951, 99.9=998911, 99.99=1368063] [READ-FAILED: Count=5, Max=25055, Min=5004, Avg=12217.6, 90=25055, 99=25055, 99.9=25055, 99.99=25055] 
2020-09-29 10:23:03:470 40 sec: 113794 operations; 5099.7 current ops/sec; est completion in 57 minutes [READ: Count=25549, Max=2772991, Min=0, Avg=47150.25, 90=86079, 99=772095, 99.9=1862655, 99.99=2514943] [UPDATE: Count=25405, Max=3071999, Min=4, Avg=53508.83, 90=92223, 99=928255, 99.9=2246655, 99.99=2578431] [READ-FAILED: Count=7, Max=27327, Min=3574, Avg=11305, 90=12015, 99=27327, 99.9=27327, 99.99=27327] 
2020-09-29 10:23:13:436 50 sec: 166465 operations; 5267.1 current ops/sec; est completion in 49 minutes [READ: Count=26406, Max=2910207, Min=0, Avg=47357.37, 90=93055, 99=631807, 99.9=1636351, 99.99=2660351] [UPDATE: Count=26300, Max=2824191, Min=1, Avg=51470.98, 90=99967, 99=702463, 99.9=1870847, 99.99=2715647] [READ-FAILED: Count=4, Max=9759, Min=1973, Avg=5003, 90=9759, 99=9759, 99.9=9759, 99.99=9759] 
2020-09-29 10:23:23:437 60 sec: 217337 operations; 5087.2 current ops/sec; est completion in 45 minutes [READ: Count=25434, Max=2093055, Min=1, Avg=47872.35, 90=93375, 99=670207, 99.9=1348607, 99.99=1946623] [UPDATE: Count=25385, Max=2115583, Min=1, Avg=50622.3, 90=99711, 99=729599, 99.9=1419263, 99.99=2056191] [READ-FAILED: Count=14, Max=45375, Min=1806, Avg=12104.93, 90=26639, 99=45375, 99.9=45375, 99.99=45375] 
2020-09-29 10:23:33:437 70 sec: 268816 operations; 5147.9 current ops/sec; est completion in 42 minutes [READ: Count=25874, Max=2656255, Min=0, Avg=47863.41, 90=94655, 99=655359, 99.9=1670143, 99.99=2553855] [UPDATE: Count=25584, Max=2674687, Min=1, Avg=52087.01, 90=103679, 99=760831, 99.9=1871871, 99.99=2580479] [READ-FAILED: Count=16, Max=14711, Min=1957, Avg=6513.62, 90=12567, 99=14711, 99.9=14711, 99.99=14711] 
2020-09-29 10:23:43:437 80 sec: 317366 operations; 4855 current ops/sec; est completion in 40 minutes [READ: Count=24309, Max=2277375, Min=0, Avg=51531.09, 90=95359, 99=702975, 99.9=1631231, 99.99=2158591] [UPDATE: Count=24248, Max=2162687, Min=1, Avg=52714.58, 90=96895, 99=730111, 99.9=1698815, 99.99=2131967] [READ-FAILED: Count=8, Max=22959, Min=2452, Avg=6868.12, 90=7639, 99=22959, 99.9=22959, 99.99=22959] 
2020-09-29 10:23:53:437 90 sec: 367130 operations; 4976.4 current ops/sec; est completion in 39 minutes [READ: Count=24921, Max=2297855, Min=0, Avg=49448.33, 90=85951, 99=791551, 99.9=1845247, 99.99=2220031] [UPDATE: Count=24812, Max=2351103, Min=1, Avg=52785.46, 90=91007, 99=869887, 99.9=1908735, 99.99=2342911] [READ-FAILED: Count=11, Max=33503, Min=3590, Avg=10796.45, 90=25375, 99=33503, 99.9=33503, 99.99=33503] 
2020-09-29 10:24:03:437 100 sec: 420203 operations; 5307.3 current ops/sec; est completion in 38 minutes [READ: Count=26583, Max=3272703, Min=0, Avg=46997.77, 90=89087, 99=684543, 99.9=1620991, 99.99=3053567] [UPDATE: Count=26485, Max=3268607, Min=1, Avg=52240.38, 90=94079, 99=790015, 99.9=1925119, 99.99=3121151] [READ-FAILED: Count=12, Max=27247, Min=3140, Avg=8277.08, 90=22351, 99=27247, 99.9=27247, 99.99=27247] 
2020-09-29 10:24:13:436 110 sec: 470057 operations; 4985.4 current ops/sec; est completion in 37 minutes [READ: Count=25064, Max=2627583, Min=0, Avg=50764.15, 90=97471, 99=689151, 99.9=1351679, 99.99=1946623] [UPDATE: Count=24808, Max=2752511, Min=1, Avg=50918.91, 90=97663, 99=780287, 99.9=1373183, 99.99=2158591] [READ-FAILED: Count=13, Max=27791, Min=1875, Avg=9176.31, 90=13399, 99=27791, 99.9=27791, 99.99=27791] 
2020-09-29 10:24:23:436 120 sec: 522767 operations; 5271 current ops/sec; est completion in 36 minutes [READ: Count=26143, Max=2015231, Min=0, Avg=47057.44, 90=81727, 99=715775, 99.9=1732607, 99.99=1932287] [UPDATE: Count=26525, Max=1968127, Min=1, Avg=50926.95, 90=88831, 99=815103, 99.9=1676287, 99.99=1850367] [READ-FAILED: Count=10, Max=23535, Min=1927, Avg=5882, 90=6183, 99=23535, 99.9=23535, 99.99=23535] 
2020-09-29 10:24:33:437 130 sec: 570145 operations; 4737.33 current ops/sec; est completion in 35 minutes [READ: Count=23551, Max=2492415, Min=0, Avg=52207.62, 90=96383, 99=750079, 99.9=2148351, 99.99=2484223] [UPDATE: Count=23816, Max=3231743, Min=1, Avg=54849.22, 90=104127, 99=861695, 99.9=2164735, 99.99=2582527] [READ-FAILED: Count=5, Max=13807, Min=2078, Avg=7994.8, 90=13807, 99=13807, 99.9=13807, 99.99=13807] 
2020-09-29 10:24:43:436 140 sec: 630256 operations; 6011.7 current ops/sec; est completion in 34 minutes [READ: Count=29902, Max=2342911, Min=1, Avg=41796.46, 90=83775, 99=596991, 99.9=1284095, 99.99=2230271] [UPDATE: Count=30231, Max=2404351, Min=1, Avg=45017.62, 90=90815, 99=634367, 99.9=1826815, 99.99=2330623] [READ-FAILED: Count=14, Max=33343, Min=2564, Avg=9210.64, 90=20479, 99=33343, 99.9=33343, 99.99=33343] 
2020-09-29 10:24:53:438 150 sec: 675099 operations; 4483.85 current ops/sec; est completion in 34 minutes [READ: Count=22403, Max=2719743, Min=1, Avg=56149.27, 90=109055, 99=761855, 99.9=2109439, 99.99=2611199] [UPDATE: Count=22450, Max=2689023, Min=3, Avg=58329.21, 90=110271, 99=856575, 99.9=1968127, 99.99=2627583] [READ-FAILED: Count=10, Max=16559, Min=2676, Avg=7433.4, 90=12943, 99=16559, 99.9=16559, 99.99=16559] 
2020-09-29 10:25:03:437 160 sec: 727224 operations; 5213.02 current ops/sec; est completion in 34 minutes [READ: Count=26065, Max=2615295, Min=0, Avg=47257.44, 90=91007, 99=662527, 99.9=1776639, 99.99=2324479] [UPDATE: Count=26012, Max=2424831, Min=1, Avg=50113.45, 90=97087, 99=721407, 99.9=1964031, 99.99=2355199] [READ-FAILED: Count=10, Max=15935, Min=2230, Avg=7866.3, 90=12599, 99=15935, 99.9=15935, 99.99=15935] 
2020-09-29 10:25:13:436 170 sec: 767603 operations; 4037.9 current ops/sec; est completion in 34 minutes [READ: Count=20098, Max=2713599, Min=1, Avg=59568.68, 90=117183, 99=847871, 99.9=1767423, 99.99=2365439] [UPDATE: Count=20257, Max=2869247, Min=2, Avg=63122.86, 90=122431, 99=974847, 99.9=1871871, 99.99=2562047] [READ-FAILED: Count=11, Max=25359, Min=2206, Avg=8308.45, 90=16639, 99=25359, 99.9=25359, 99.99=25359] 
2020-09-29 10:25:23:438 180 sec: 825907 operations; 5829.82 current ops/sec; est completion in 33 minutes [READ: Count=29183, Max=2061311, Min=0, Avg=42016.99, 90=83647, 99=627711, 99.9=1305599, 99.99=1628159] [UPDATE: Count=29107, Max=2095103, Min=1, Avg=46291.9, 90=91263, 99=671743, 99.9=1430527, 99.99=2024447] [READ-FAILED: Count=16, Max=92863, Min=1426, Avg=13322.31, 90=17311, 99=92863, 99.9=92863, 99.99=92863] 
2020-09-29 10:25:33:437 190 sec: 879746 operations; 5384.44 current ops/sec; est completion in 32 minutes [READ: Count=27068, Max=2308095, Min=0, Avg=48982.62, 90=99327, 99=609791, 99.9=1523711, 99.99=2168831] [UPDATE: Count=26787, Max=2310143, Min=1, Avg=49563.9, 90=104639, 99=605183, 99.9=1481727, 99.99=2205695] [READ-FAILED: Count=8, Max=24111, Min=2506, Avg=10613.12, 90=15887, 99=24111, 99.9=24111, 99.99=24111] 
2020-09-29 10:25:43:437 200 sec: 927224 operations; 4747.8 current ops/sec; est completion in 32 minutes [READ: Count=23772, Max=2832383, Min=1, Avg=51710.39, 90=91775, 99=777215, 99.9=2024447, 99.99=2406399] [UPDATE: Count=23667, Max=3524607, Min=0, Avg=52592.77, 90=97215, 99=770559, 99.9=1989631, 99.99=2445311] [READ-FAILED: Count=7, Max=11495, Min=2930, Avg=5739, 90=8863, 99=11495, 99.9=11495, 99.99=11495] 
2020-09-29 10:25:53:436 210 sec: 976686 operations; 4946.2 current ops/sec; est completion in 32 minutes [READ: Count=24700, Max=2412543, Min=0, Avg=50213.94, 90=95935, 99=723967, 99.9=1538047, 99.99=1898495] [UPDATE: Count=24769, Max=2038783, Min=1, Avg=53549.35, 90=100607, 99=804351, 99.9=1538047, 99.99=1906687] [READ-FAILED: Count=8, Max=17855, Min=2282, Avg=5513.12, 90=7831, 99=17855, 99.9=17855, 99.99=17855] 
2020-09-29 10:26:03:436 220 sec: 1032184 operations; 5549.8 current ops/sec; est completion in 31 minutes [READ: Count=27726, Max=2705407, Min=0, Avg=44135.47, 90=88639, 99=574463, 99.9=1952767, 99.99=2629631] [UPDATE: Count=27763, Max=2703359, Min=1, Avg=50379.02, 90=97023, 99=684543, 99.9=1993727, 99.99=2469887] [READ-FAILED: Count=11, Max=25375, Min=3106, Avg=9895.82, 90=15519, 99=25375, 99.9=25375, 99.99=25375] 
2020-09-29 10:26:13:442 230 sec: 1090204 operations; 5798.52 current ops/sec; est completion in 31 minutes [READ: Count=28993, Max=1901567, Min=1, Avg=40652.06, 90=82751, 99=584703, 99.9=1346559, 99.99=1859583] [UPDATE: Count=29002, Max=2301951, Min=1, Avg=44656.84, 90=90047, 99=621055, 99.9=1415167, 99.99=1915903] [READ-FAILED: Count=13, Max=161279, Min=2230, Avg=22461.62, 90=66111, 99=161279, 99.9=161279, 99.99=161279] 
2020-09-29 10:26:23:437 240 sec: 1145539 operations; 5536.82 current ops/sec; est completion in 30 minutes [READ: Count=27725, Max=1982463, Min=0, Avg=43942.81, 90=95103, 99=569343, 99.9=1368063, 99.99=1873919] [UPDATE: Count=27603, Max=2144255, Min=1, Avg=48238.19, 90=105535, 99=608255, 99.9=1484799, 99.99=1911807] [READ-FAILED: Count=10, Max=23087, Min=3444, Avg=9336.2, 90=14015, 99=23087, 99.9=23087, 99.99=23087] 
2020-09-29 10:26:33:437 250 sec: 1203924 operations; 5838.5 current ops/sec; est completion in 30 minutes [READ: Count=28944, Max=2070527, Min=0, Avg=41577.13, 90=89151, 99=591871, 99.9=1183743, 99.99=1830911] [UPDATE: Count=29421, Max=2085887, Min=2, Avg=45424.33, 90=92415, 99=648703, 99.9=1457151, 99.99=1941503] [READ-FAILED: Count=8, Max=83455, Min=2019, Avg=13329.38, 90=5719, 99=83455, 99.9=83455, 99.99=83455] 
2020-09-29 10:26:43:437 260 sec: 1257790 operations; 5386.6 current ops/sec; est completion in 30 minutes [READ: Count=27045, Max=2123775, Min=0, Avg=46426.59, 90=91327, 99=642047, 99.9=1650687, 99.99=1999871] [UPDATE: Count=26820, Max=2240511, Min=1, Avg=50527.37, 90=97855, 99=708607, 99.9=1771519, 99.99=2037759] [READ-FAILED: Count=7, Max=68223, Min=1687, Avg=17288.86, 90=15183, 99=68223, 99.9=68223, 99.99=68223] 
2020-09-29 10:26:53:437 270 sec: 1309792 operations; 5200.2 current ops/sec; est completion in 29 minutes [READ: Count=26190, Max=1987583, Min=0, Avg=47078.81, 90=85951, 99=701439, 99.9=1587199, 99.99=1833983] [UPDATE: Count=25803, Max=3051519, Min=1, Avg=50928.93, 90=94271, 99=824319, 99.9=1640447, 99.99=1929215] [READ-FAILED: Count=9, Max=18335, Min=2256, Avg=6437.22, 90=11431, 99=18335, 99.9=18335, 99.99=18335] 
2020-09-29 10:27:03:437 280 sec: 1362833 operations; 5304.1 current ops/sec; est completion in 29 minutes [READ: Count=26456, Max=2228223, Min=0, Avg=48880.01, 90=95103, 99=704511, 99.9=1496063, 99.99=1946623] [UPDATE: Count=26593, Max=2199551, Min=1, Avg=50579.17, 90=99327, 99=768511, 99.9=1498111, 99.99=1863679] [READ-FAILED: Count=7, Max=12895, Min=2660, Avg=8023.71, 90=12135, 99=12895, 99.9=12895, 99.99=12895] 
2020-09-29 10:27:13:437 290 sec: 1422152 operations; 5931.9 current ops/sec; est completion in 29 minutes [READ: Count=29623, Max=1845247, Min=0, Avg=41527.53, 90=86719, 99=586239, 99.9=1161215, 99.99=1708031] [UPDATE: Count=29669, Max=1739775, Min=1, Avg=44398.69, 90=93759, 99=622591, 99.9=1264639, 99.99=1647615] [READ-FAILED: Count=9, Max=47231, Min=3578, Avg=12370.56, 90=12927, 99=47231, 99.9=47231, 99.99=47231] 
2020-09-29 10:27:23:437 300 sec: 1470212 operations; 4806 current ops/sec; est completion in 29 minutes [READ: Count=24088, Max=3446783, Min=0, Avg=51585.75, 90=93567, 99=757247, 99.9=2539519, 99.99=3405823] [UPDATE: Count=23975, Max=3485695, Min=1, Avg=54826.81, 90=102911, 99=844287, 99.9=2607103, 99.99=3405823] [READ-FAILED: Count=7, Max=12623, Min=2448, Avg=6172.86, 90=10167, 99=12623, 99.9=12623, 99.99=12623] 
Maximum time elapsed. Requesting stop for the workload.
Stop requested for workload. Now Joining!
[36m10:27:24.347[m [[34;1mINFO[m] [1;34mp.u.t.s.y.Stats.clientFinished@38[m: 
Ended SconeKV benchmark.
Number of clients: 256
Total transactions: 292869
Committed: 173482 (59.23536%)
Aborted: 119387 (40.76464%)
2020-09-29 10:27:24:349 300 sec: 1471915 operations; 1867.32 current ops/sec; est completion in 29 minutes [READ: Count=861, Max=1040895, Min=2, Avg=100747.44, 90=518143, 99=900607, 99.9=1005055, 99.99=1040895] [CLEANUP: Count=256, Max=1621, Min=2, Avg=9.58, 90=3, 99=15, 99.9=1621, 99.99=1621] [UPDATE: Count=828, Max=1515519, Min=4, Avg=126439.6, 90=585727, 99=954367, 99.9=1239039, 99.99=1515519] [READ-FAILED: Count=0, Max=0, Min=9223372036854775807, Avg=NaN, 90=0, 99=0, 99.9=0, 99.99=0] 
[OVERALL], RunTime(ms), 300908
[OVERALL], Throughput(ops/sec), 4891.578156778816
[TOTAL_GCS_G1_Young_Generation], Count, 137
[TOTAL_GC_TIME_G1_Young_Generation], Time(ms), 3631
[TOTAL_GC_TIME_%_G1_Young_Generation], Time(%), 1.2066811118348464
[TOTAL_GCS_G1_Old_Generation], Count, 0
[TOTAL_GC_TIME_G1_Old_Generation], Time(ms), 0
[TOTAL_GC_TIME_%_G1_Old_Generation], Time(%), 0.0
[TOTAL_GCs], Count, 137
[TOTAL_GC_TIME], Time(ms), 3631
[TOTAL_GC_TIME_%], Time(%), 1.2066811118348464
[READ], Operations, 736088
[READ], AverageLatency(us), 48847.56686021236
[READ], MinLatency(us), 0
[READ], MaxLatency(us), 3446783
[READ], 95thPercentileLatency(us), 223615
[READ], 99thPercentileLatency(us), 671743
[READ], Return=OK, 736088
[READ], Return=NOT_FOUND, 278
[CLEANUP], Operations, 256
[CLEANUP], AverageLatency(us), 9.58203125
[CLEANUP], MinLatency(us), 2
[CLEANUP], MaxLatency(us), 1621
[CLEANUP], 95thPercentileLatency(us), 5
[CLEANUP], 99thPercentileLatency(us), 15
[UPDATE], Operations, 735549
[UPDATE], AverageLatency(us), 52039.02244445985
[UPDATE], MinLatency(us), 0
[UPDATE], MaxLatency(us), 3524607
[UPDATE], 95thPercentileLatency(us), 257023
[UPDATE], 99thPercentileLatency(us), 743935
[UPDATE], Return=OK, 735549
[READ-FAILED], Operations, 278
[READ-FAILED], AverageLatency(us), 11401.856115107914
[READ-FAILED], MinLatency(us), 1426
[READ-FAILED], MaxLatency(us), 161279
[READ-FAILED], 95thPercentileLatency(us), 31967
[READ-FAILED], 99thPercentileLatency(us), 93055
