Command line: -t -db pt.ulisboa.tecnico.sconekv.ycsb.SconeKVClient -P workloadb -threads 128 -s -p scone.tx_size=5 -p operationcount=10000000 -p maxexecutiontime=300
YCSB Client 0.17.0

Loading workload...
Starting test.
WARNING: sun.reflect.Reflection.getCallerClass is not supported. This will impact performance.
2020-09-29 11:43:26:151 0 sec: 0 operations; est completion in 0 second 
Maximum execution time specified as: 300 secs
DBWrapper: report latency for each error is false and specific error codes to track for latency are: []
DBWrapper: report latency for each error is false and specific error codes to track for latency are: []
DBWrapper: report latency for each error is false and specific error codes to track for latency are: []
DBWrapper: report latency for each error is false and specific error codes to track for latency are: []
DBWrapper: report latency for each error is false and specific error codes to track for latency are: []
DBWrapper: report latency for each error is false and specific error codes to track for latency are: []
DBWrapper: report latency for each error is false and specific error codes to track for latency are: []
DBWrapper: report latency for each error is false and specific error codes to track for latency are: []
DBWrapper: report latency for each error is false and specific error codes to track for latency are: []
DBWrapper: report latency for each error is false and specific error codes to track for latency are: []
DBWrapper: report latency for each error is false and specific error codes to track for latency are: []
DBWrapper: report latency for each error is false and specific error codes to track for latency are: []
DBWrapper: report latency for each error is false and specific error codes to track for latency are: []
DBWrapper: report latency for each error is false and specific error codes to track for latency are: []
DBWrapper: report latency for each error is false and specific error codes to track for latency are: []
DBWrapper: report latency for each error is false and specific error codes to track for latency are: []
DBWrapper: report latency for each error is false and specific error codes to track for latency are: []
DBWrapper: report latency for each error is false and specific error codes to track for latency are: []
DBWrapper: report latency for each error is false and specific error codes to track for latency are: []
DBWrapper: report latency for each error is false and specific error codes to track for latency are: []
DBWrapper: report latency for each error is false and specific error codes to track for latency are: []
DBWrapper: report latency for each error is false and specific error codes to track for latency are: []
DBWrapper: report latency for each error is false and specific error codes to track for latency are: []
DBWrapper: report latency for each error is false and specific error codes to track for latency are: []
DBWrapper: report latency for each error is false and specific error codes to track for latency are: []
DBWrapper: report latency for each error is false and specific error codes to track for latency are: []
DBWrapper: report latency for each error is false and specific error codes to track for latency are: []
DBWrapper: report latency for each error is false and specific error codes to track for latency are: []
DBWrapper: report latency for each error is false and specific error codes to track for latency are: []
DBWrapper: report latency for each error is false and specific error codes to track for latency are: []
DBWrapper: report latency for each error is false and specific error codes to track for latency are: []
DBWrapper: report latency for each error is false and specific error codes to track for latency are: []
DBWrapper: report latency for each error is false and specific error codes to track for latency are: []
DBWrapper: report latency for each error is false and specific error codes to track for latency are: []
DBWrapper: report latency for each error is false and specific error codes to track for latency are: []
DBWrapper: report latency for each error is false and specific error codes to track for latency are: []
DBWrapper: report latency for each error is false and specific error codes to track for latency are: []
DBWrapper: report latency for each error is false and specific error codes to track for latency are: []
DBWrapper: report latency for each error is false and specific error codes to track for latency are: []
DBWrapper: report latency for each error is false and specific error codes to track for latency are: []
DBWrapper: report latency for each error is false and specific error codes to track for latency are: []
DBWrapper: report latency for each error is false and specific error codes to track for latency are: []
DBWrapper: report latency for each error is false and specific error codes to track for latency are: []
DBWrapper: report latency for each error is false and specific error codes to track for latency are: []
DBWrapper: report latency for each error is false and specific error codes to track for latency are: []
DBWrapper: report latency for each error is false and specific error codes to track for latency are: []
DBWrapper: report latency for each error is false and specific error codes to track for latency are: []
DBWrapper: report latency for each error is false and specific error codes to track for latency are: []
DBWrapper: report latency for each error is false and specific error codes to track for latency are: []
DBWrapper: report latency for each error is false and specific error codes to track for latency are: []
DBWrapper: report latency for each error is false and specific error codes to track for latency are: []
DBWrapper: report latency for each error is false and specific error codes to track for latency are: []
DBWrapper: report latency for each error is false and specific error codes to track for latency are: []
DBWrapper: report latency for each error is false and specific error codes to track for latency are: []
DBWrapper: report latency for each error is false and specific error codes to track for latency are: []
DBWrapper: report latency for each error is false and specific error codes to track for latency are: []
DBWrapper: report latency for each error is false and specific error codes to track for latency are: []
DBWrapper: report latency for each error is false and specific error codes to track for latency are: []
DBWrapper: report latency for each error is false and specific error codes to track for latency are: []
DBWrapper: report latency for each error is false and specific error codes to track for latency are: []
DBWrapper: report latency for each error is false and specific error codes to track for latency are: []
DBWrapper: report latency for each error is false and specific error codes to track for latency are: []
DBWrapper: report latency for each error is false and specific error codes to track for latency are: []
DBWrapper: report latency for each error is false and specific error codes to track for latency are: []
DBWrapper: report latency for each error is false and specific error codes to track for latency are: []
DBWrapper: report latency for each error is false and specific error codes to track for latency are: []
DBWrapper: report latency for each error is false and specific error codes to track for latency are: []
DBWrapper: report latency for each error is false and specific error codes to track for latency are: []
DBWrapper: report latency for each error is false and specific error codes to track for latency are: []
DBWrapper: report latency for each error is false and specific error codes to track for latency are: []
DBWrapper: report latency for each error is false and specific error codes to track for latency are: []
DBWrapper: report latency for each error is false and specific error codes to track for latency are: []
DBWrapper: report latency for each error is false and specific error codes to track for latency are: []
DBWrapper: report latency for each error is false and specific error codes to track for latency are: []
DBWrapper: report latency for each error is false and specific error codes to track for latency are: []
DBWrapper: report latency for each error is false and specific error codes to track for latency are: []
DBWrapper: report latency for each error is false and specific error codes to track for latency are: []
DBWrapper: report latency for each error is false and specific error codes to track for latency are: []
DBWrapper: report latency for each error is false and specific error codes to track for latency are: []
DBWrapper: report latency for each error is false and specific error codes to track for latency are: []
DBWrapper: report latency for each error is false and specific error codes to track for latency are: []
DBWrapper: report latency for each error is false and specific error codes to track for latency are: []
DBWrapper: report latency for each error is false and specific error codes to track for latency are: []
DBWrapper: report latency for each error is false and specific error codes to track for latency are: []
DBWrapper: report latency for each error is false and specific error codes to track for latency are: []
DBWrapper: report latency for each error is false and specific error codes to track for latency are: []
DBWrapper: report latency for each error is false and specific error codes to track for latency are: []
DBWrapper: report latency for each error is false and specific error codes to track for latency are: []
DBWrapper: report latency for each error is false and specific error codes to track for latency are: []
2020-09-29 11:43:36:149 10 sec: 10124 operations; 1012 current ops/sec; est completion in 2 hours 44 minutes [READ: Count=9653, Max=944639, Min=1, Avg=37622.83, 90=77375, 99=530943, 99.9=668671, 99.99=897023] [UPDATE: Count=485, Max=696831, Min=43, Avg=42398.47, 90=89087, 99=554495, 99.9=696831, 99.99=696831] [READ-FAILED: Count=10, Max=101759, Min=5972, Avg=37649.4, 90=81855, 99=101759, 99.9=101759, 99.99=101759] 
DBWrapper: report latency for each error is false and specific error codes to track for latency are: []
DBWrapper: report latency for each error is false and specific error codes to track for latency are: []
DBWrapper: report latency for each error is false and specific error codes to track for latency are: []
DBWrapper: report latency for each error is false and specific error codes to track for latency are: []
DBWrapper: report latency for each error is false and specific error codes to track for latency are: []
DBWrapper: report latency for each error is false and specific error codes to track for latency are: []
DBWrapper: report latency for each error is false and specific error codes to track for latency are: []
DBWrapper: report latency for each error is false and specific error codes to track for latency are: []
DBWrapper: report latency for each error is false and specific error codes to track for latency are: []
DBWrapper: report latency for each error is false and specific error codes to track for latency are: []
DBWrapper: report latency for each error is false and specific error codes to track for latency are: []
DBWrapper: report latency for each error is false and specific error codes to track for latency are: []
2020-09-29 11:43:46:146 20 sec: 19001 operations; 888.06 current ops/sec; est completion in 2 hours 55 minutes [READ: Count=8451, Max=3176447, Min=0, Avg=98380.9, 90=282367, 99=958463, 99.9=1646591, 99.99=2562047] [UPDATE: Count=397, Max=1881087, Min=27, Avg=113244.57, 90=326399, 99=1476607, 99.9=1881087, 99.99=1881087] [READ-FAILED: Count=13, Max=92671, Min=2132, Avg=19931.69, 90=37695, 99=92671, 99.9=92671, 99.99=92671] 
2020-09-29 11:43:56:146 30 sec: 35864 operations; 1686.3 current ops/sec; est completion in 2 hours 18 minutes [READ: Count=15957, Max=15106047, Min=1, Avg=57643.48, 90=105919, 99=872959, 99.9=1873919, 99.99=15048703] [UPDATE: Count=876, Max=6164479, Min=15, Avg=74439.02, 90=111551, 99=1101823, 99.9=2414591, 99.99=6164479] [READ-FAILED: Count=22, Max=94783, Min=1956, Avg=9065.18, 90=13335, 99=94783, 99.9=94783, 99.99=94783] 
DBWrapper: report latency for each error is false and specific error codes to track for latency are: []
DBWrapper: report latency for each error is false and specific error codes to track for latency are: []
DBWrapper: report latency for each error is false and specific error codes to track for latency are: []
DBWrapper: report latency for each error is false and specific error codes to track for latency are: []
DBWrapper: report latency for each error is false and specific error codes to track for latency are: []
DBWrapper: report latency for each error is false and specific error codes to track for latency are: []
DBWrapper: report latency for each error is false and specific error codes to track for latency are: []
DBWrapper: report latency for each error is false and specific error codes to track for latency are: []
DBWrapper: report latency for each error is false and specific error codes to track for latency are: []
DBWrapper: report latency for each error is false and specific error codes to track for latency are: []
DBWrapper: report latency for each error is false and specific error codes to track for latency are: []
DBWrapper: report latency for each error is false and specific error codes to track for latency are: []
DBWrapper: report latency for each error is false and specific error codes to track for latency are: []
DBWrapper: report latency for each error is false and specific error codes to track for latency are: []
DBWrapper: report latency for each error is false and specific error codes to track for latency are: []
DBWrapper: report latency for each error is false and specific error codes to track for latency are: []
DBWrapper: report latency for each error is false and specific error codes to track for latency are: []
DBWrapper: report latency for each error is false and specific error codes to track for latency are: []
DBWrapper: report latency for each error is false and specific error codes to track for latency are: []
DBWrapper: report latency for each error is false and specific error codes to track for latency are: []
DBWrapper: report latency for each error is false and specific error codes to track for latency are: []
DBWrapper: report latency for each error is false and specific error codes to track for latency are: []
DBWrapper: report latency for each error is false and specific error codes to track for latency are: []
DBWrapper: report latency for each error is false and specific error codes to track for latency are: []
DBWrapper: report latency for each error is false and specific error codes to track for latency are: []
2020-09-29 11:44:06:167 40 sec: 73386 operations; 3751.82 current ops/sec; est completion in 1 hour 30 minutes [READ: Count=35586, Max=6303743, Min=0, Avg=32767.52, 90=52831, 99=555519, 99.9=1608703, 99.99=5353471] [UPDATE: Count=1905, Max=6250495, Min=16, Avg=49050.97, 90=57343, 99=879103, 99.9=2811903, 99.99=6250495] [READ-FAILED: Count=39, Max=17951, Min=1632, Avg=5859.56, 90=12927, 99=17951, 99.9=17951, 99.99=17951] 
2020-09-29 11:44:16:146 50 sec: 116164 operations; 4278.23 current ops/sec; est completion in 1 hour 10 minutes [READ: Count=40531, Max=2695167, Min=0, Avg=28860.15, 90=52831, 99=540159, 99.9=1399807, 99.99=2416639] [UPDATE: Count=2199, Max=2580479, Min=19, Avg=35284.82, 90=53343, 99=578047, 99.9=2269183, 99.99=2580479] [READ-FAILED: Count=41, Max=22303, Min=2260, Avg=7018.85, 90=12391, 99=22303, 99.9=22303, 99.99=22303] 
2020-09-29 11:44:26:146 60 sec: 164982 operations; 4881.8 current ops/sec; est completion in 59 minutes [READ: Count=46308, Max=2435071, Min=0, Avg=25444.61, 90=48191, 99=532991, 99.9=1025023, 99.99=2103295] [UPDATE: Count=2466, Max=1725439, Min=14, Avg=34272.01, 90=51327, 99=583679, 99.9=1364991, 99.99=1725439] [READ-FAILED: Count=48, Max=65119, Min=2015, Avg=8593.38, 90=13263, 99=65119, 99.9=65119, 99.99=65119] 
DBWrapper: report latency for each error is false and specific error codes to track for latency are: []
DBWrapper: report latency for each error is false and specific error codes to track for latency are: []
2020-09-29 11:44:36:146 70 sec: 213574 operations; 4859.2 current ops/sec; est completion in 53 minutes [READ: Count=46073, Max=3981311, Min=0, Avg=24720.5, 90=42751, 99=534015, 99.9=1511423, 99.99=3092479] [UPDATE: Count=2459, Max=3102719, Min=12, Avg=38080.3, 90=48159, 99=736767, 99.9=2347007, 99.99=3102719] [READ-FAILED: Count=60, Max=51775, Min=1715, Avg=6641.87, 90=12039, 99=24479, 99.9=51775, 99.99=51775] 
2020-09-29 11:44:46:146 80 sec: 257090 operations; 4351.6 current ops/sec; est completion in 50 minutes [READ: Count=41194, Max=3760127, Min=0, Avg=29662.63, 90=44543, 99=542207, 99.9=2101247, 99.99=3069951] [UPDATE: Count=2278, Max=3880959, Min=14, Avg=47496.51, 90=49471, 99=991231, 99.9=3334143, 99.99=3880959] [READ-FAILED: Count=51, Max=134143, Min=2194, Avg=10187.22, 90=13199, 99=67775, 99.9=134143, 99.99=134143] 
2020-09-29 11:44:56:147 90 sec: 303456 operations; 4636.6 current ops/sec; est completion in 47 minutes [READ: Count=44032, Max=2537471, Min=0, Avg=26613.7, 90=50335, 99=535551, 99.9=1083391, 99.99=2365439] [UPDATE: Count=2284, Max=1488895, Min=13, Avg=35716.32, 90=56063, 99=637951, 99.9=1397759, 99.99=1488895] [READ-FAILED: Count=56, Max=42207, Min=1828, Avg=8832.3, 90=23103, 99=29343, 99.9=42207, 99.99=42207] 
2020-09-29 11:45:06:146 100 sec: 349621 operations; 4616.5 current ops/sec; est completion in 46 minutes [READ: Count=43807, Max=2623487, Min=0, Avg=25478.22, 90=47839, 99=529919, 99.9=1260543, 99.99=2433023] [UPDATE: Count=2299, Max=2383871, Min=14, Avg=37282.07, 90=52383, 99=611839, 99.9=2115583, 99.99=2383871] [READ-FAILED: Count=46, Max=108159, Min=2124, Avg=10124.24, 90=20895, 99=108159, 99.9=108159, 99.99=108159] 
2020-09-29 11:45:16:146 110 sec: 395946 operations; 4632.5 current ops/sec; est completion in 44 minutes [READ: Count=43958, Max=3911679, Min=0, Avg=29692.96, 90=52735, 99=540671, 99.9=1550335, 99.99=3489791] [UPDATE: Count=2307, Max=3962879, Min=11, Avg=39436.13, 90=54687, 99=752127, 99.9=2224127, 99.99=3962879] [READ-FAILED: Count=63, Max=51615, Min=1909, Avg=7076.6, 90=12551, 99=46463, 99.9=51615, 99.99=51615] 
2020-09-29 11:45:26:146 120 sec: 444614 operations; 4866.31 current ops/sec; est completion in 42 minutes [READ: Count=46134, Max=1995775, Min=0, Avg=25595.23, 90=45855, 99=535039, 99.9=1017343, 99.99=1695743] [UPDATE: Count=2466, Max=1389567, Min=14, Avg=33141.29, 90=48735, 99=591871, 99.9=1190911, 99.99=1389567] [READ-FAILED: Count=62, Max=23551, Min=1882, Avg=5682.94, 90=10271, 99=19567, 99.9=23551, 99.99=23551] 
2020-09-29 11:45:36:146 130 sec: 492839 operations; 4822.5 current ops/sec; est completion in 41 minutes [READ: Count=45759, Max=3069951, Min=0, Avg=26228.12, 90=47007, 99=535551, 99.9=1342463, 99.99=2297855] [UPDATE: Count=2422, Max=2766847, Min=7, Avg=35070.73, 90=48063, 99=571903, 99.9=1697791, 99.99=2766847] [READ-FAILED: Count=46, Max=112447, Min=1948, Avg=7837.11, 90=10991, 99=112447, 99.9=112447, 99.99=112447] 
2020-09-29 11:45:46:146 140 sec: 539017 operations; 4618.26 current ops/sec; est completion in 40 minutes [READ: Count=43936, Max=2863103, Min=0, Avg=27078.42, 90=45631, 99=542207, 99.9=1267711, 99.99=2527231] [UPDATE: Count=2192, Max=2562047, Min=14, Avg=35171.97, 90=50783, 99=584191, 99.9=2012159, 99.99=2562047] [READ-FAILED: Count=52, Max=33695, Min=1861, Avg=7221.17, 90=17087, 99=25439, 99.9=33695, 99.99=33695] 
2020-09-29 11:45:56:146 150 sec: 586128 operations; 4711.1 current ops/sec; est completion in 40 minutes [READ: Count=44755, Max=2830335, Min=0, Avg=25879.39, 90=48191, 99=529919, 99.9=1314815, 99.99=2553855] [UPDATE: Count=2309, Max=2750463, Min=15, Avg=43581.58, 90=55359, 99=1107967, 99.9=2113535, 99.99=2750463] [READ-FAILED: Count=50, Max=20335, Min=2042, Avg=6232.88, 90=15015, 99=20335, 99.9=20335, 99.99=20335] 
2020-09-29 11:46:06:146 160 sec: 635321 operations; 4919.3 current ops/sec; est completion in 39 minutes [READ: Count=46703, Max=3551231, Min=0, Avg=25075.17, 90=44127, 99=531455, 99.9=1513471, 99.99=2725887] [UPDATE: Count=2436, Max=3004415, Min=17, Avg=38906.55, 90=47647, 99=863743, 99.9=2217983, 99.99=3004415] [READ-FAILED: Count=54, Max=39871, Min=2172, Avg=7299.93, 90=14919, 99=22207, 99.9=39871, 99.99=39871] 
2020-09-29 11:46:16:146 170 sec: 686038 operations; 5071.19 current ops/sec; est completion in 38 minutes [READ: Count=48108, Max=2781183, Min=0, Avg=24824.7, 90=47391, 99=529407, 99.9=1000959, 99.99=2379775] [UPDATE: Count=2544, Max=2783231, Min=15, Avg=36899.73, 90=50463, 99=634367, 99.9=1944575, 99.99=2783231] [READ-FAILED: Count=59, Max=86783, Min=2446, Avg=8358.08, 90=14759, 99=33855, 99.9=86783, 99.99=86783] 
2020-09-29 11:46:26:146 180 sec: 731541 operations; 4550.76 current ops/sec; est completion in 38 minutes [READ: Count=43153, Max=3403775, Min=0, Avg=27886.54, 90=46303, 99=539135, 99.9=1735679, 99.99=3211263] [UPDATE: Count=2299, Max=3256319, Min=16, Avg=44804.49, 90=52287, 99=941567, 99.9=2879487, 99.99=3256319] [READ-FAILED: Count=51, Max=52351, Min=1985, Avg=7978.06, 90=17935, 99=32127, 99.9=52351, 99.99=52351] 
2020-09-29 11:46:36:146 190 sec: 772971 operations; 4143 current ops/sec; est completion in 37 minutes [READ: Count=39292, Max=4114431, Min=0, Avg=29012.53, 90=41919, 99=544767, 99.9=2351103, 99.99=3874815] [UPDATE: Count=2094, Max=3889151, Min=16, Avg=49297.5, 90=43935, 99=1185791, 99.9=3583999, 99.99=3889151] [READ-FAILED: Count=43, Max=28991, Min=2060, Avg=6199.91, 90=11959, 99=28991, 99.9=28991, 99.99=28991] 
2020-09-29 11:46:46:146 200 sec: 818737 operations; 4576.6 current ops/sec; est completion in 37 minutes [READ: Count=43451, Max=4161535, Min=0, Avg=26987.57, 90=46911, 99=539647, 99.9=1395711, 99.99=3276799] [UPDATE: Count=2265, Max=4796415, Min=16, Avg=40706.67, 90=52927, 99=588287, 99.9=3194879, 99.99=4796415] [READ-FAILED: Count=48, Max=98175, Min=2086, Avg=7124.67, 90=7219, 99=98175, 99.9=98175, 99.99=98175] 
2020-09-29 11:46:56:147 210 sec: 866318 operations; 4757.62 current ops/sec; est completion in 36 minutes [READ: Count=45152, Max=3598335, Min=0, Avg=26900.03, 90=46847, 99=534527, 99.9=1637375, 99.99=2680831] [UPDATE: Count=2388, Max=1815551, Min=16, Avg=33460.89, 90=48991, 99=633855, 99.9=1505279, 99.99=1815551] [READ-FAILED: Count=45, Max=82367, Min=2052, Avg=8147.49, 90=11063, 99=82367, 99.9=82367, 99.99=82367] 
2020-09-29 11:47:06:152 220 sec: 915330 operations; 4898.75 current ops/sec; est completion in 36 minutes [READ: Count=46455, Max=3319807, Min=0, Avg=25491.58, 90=45663, 99=540671, 99.9=1026559, 99.99=2584575] [UPDATE: Count=2507, Max=2762751, Min=16, Avg=38884.36, 90=48415, 99=650751, 99.9=1999871, 99.99=2762751] [READ-FAILED: Count=56, Max=88063, Min=2126, Avg=8074.46, 90=13975, 99=31871, 99.9=88063, 99.99=88063] 
2020-09-29 11:47:16:146 230 sec: 960225 operations; 4492.2 current ops/sec; est completion in 36 minutes [READ: Count=42623, Max=3112959, Min=0, Avg=28329.52, 90=47615, 99=546303, 99.9=1201151, 99.99=2744319] [UPDATE: Count=2225, Max=2441215, Min=1, Avg=37323.7, 90=49215, 99=586239, 99.9=2179071, 99.99=2441215] [READ-FAILED: Count=41, Max=23247, Min=1454, Avg=5333.32, 90=11751, 99=23247, 99.9=23247, 99.99=23247] 
2020-09-29 11:47:26:146 240 sec: 1010787 operations; 5056.2 current ops/sec; est completion in 35 minutes [READ: Count=47925, Max=4024319, Min=0, Avg=25350.99, 90=42911, 99=539135, 99.9=1351679, 99.99=3559423] [UPDATE: Count=2588, Max=4136959, Min=5, Avg=37071.77, 90=44639, 99=628735, 99.9=3266559, 99.99=4136959] [READ-FAILED: Count=46, Max=48799, Min=1904, Avg=6722.17, 90=11879, 99=48799, 99.9=48799, 99.99=48799] 
2020-09-29 11:47:36:146 250 sec: 1055481 operations; 4469.4 current ops/sec; est completion in 35 minutes [READ: Count=42433, Max=3493887, Min=0, Avg=27634.49, 90=46175, 99=538623, 99.9=1353727, 99.99=2205695] [UPDATE: Count=2221, Max=2918399, Min=3, Avg=41016.56, 90=49919, 99=844799, 99.9=2383871, 99.99=2918399] [READ-FAILED: Count=40, Max=20031, Min=2164, Avg=5947.07, 90=12167, 99=20031, 99.9=20031, 99.99=20031] 
2020-09-29 11:47:46:146 260 sec: 1101533 operations; 4604.74 current ops/sec; est completion in 35 minutes [READ: Count=43713, Max=3534847, Min=0, Avg=27247.52, 90=43455, 99=541695, 99.9=1987583, 99.99=3430399] [UPDATE: Count=2302, Max=3506175, Min=4, Avg=45065.92, 90=47519, 99=751103, 99.9=3450879, 99.99=3506175] [READ-FAILED: Count=41, Max=28127, Min=1747, Avg=7951.49, 90=16343, 99=28127, 99.9=28127, 99.99=28127] 
2020-09-29 11:47:56:146 270 sec: 1147635 operations; 4610.2 current ops/sec; est completion in 34 minutes [READ: Count=43735, Max=3618815, Min=0, Avg=26570.7, 90=42399, 99=532991, 99.9=1839103, 99.99=3409919] [UPDATE: Count=2319, Max=3577855, Min=5, Avg=38305.49, 90=45183, 99=669695, 99.9=3014655, 99.99=3577855] [READ-FAILED: Count=46, Max=72703, Min=1855, Avg=7271.72, 90=13127, 99=72703, 99.9=72703, 99.99=72703] 
2020-09-29 11:48:06:309 280 sec: 1194966 operations; 4660.86 current ops/sec; est completion in 34 minutes [READ: Count=44946, Max=2877439, Min=0, Avg=27220.2, 90=47103, 99=535039, 99.9=1353727, 99.99=2582527] [UPDATE: Count=2361, Max=2850815, Min=5, Avg=41765.61, 90=53375, 99=712191, 99.9=2437119, 99.99=2850815] [READ-FAILED: Count=27, Max=38015, Min=2892, Avg=7173.19, 90=9199, 99=38015, 99.9=38015, 99.99=38015] 
2020-09-29 11:48:16:146 290 sec: 1241867 operations; 4763.94 current ops/sec; est completion in 34 minutes [READ: Count=44450, Max=2547711, Min=0, Avg=26072.38, 90=46335, 99=537087, 99.9=1248255, 99.99=2353151] [UPDATE: Count=2388, Max=2676735, Min=4, Avg=37608.49, 90=51071, 99=747519, 99.9=2439167, 99.99=2676735] [READ-FAILED: Count=57, Max=61919, Min=1677, Avg=7845.98, 90=14719, 99=55935, 99.9=61919, 99.99=61919] 
2020-09-29 11:48:26:146 300 sec: 1286822 operations; 4495.95 current ops/sec; est completion in 33 minutes [READ: Count=42573, Max=4139007, Min=0, Avg=27935.89, 90=46239, 99=540671, 99.9=1622015, 99.99=3311615] [UPDATE: Count=2340, Max=3979263, Min=5, Avg=48858.26, 90=58559, 99=1046527, 99.9=3631103, 99.99=3979263] [READ-FAILED: Count=49, Max=28895, Min=2152, Avg=5684.18, 90=9087, 99=28895, 99.9=28895, 99.99=28895] 
Maximum time elapsed. Requesting stop for the workload.
Stop requested for workload. Now Joining!
[36m11:48:26.766[m [[34;1mINFO[m] [1;34mp.u.t.s.y.Stats.clientFinished@38[m: 
Ended SconeKV benchmark.
Number of clients: 128
Total transactions: 256186
Committed: 237814 (92.82865%)
Aborted: 18372 (7.1713524%)
2020-09-29 11:48:26:769 300 sec: 1287610 operations; 1266.88 current ops/sec; est completion in 33 minutes [READ: Count=756, Max=939519, Min=2, Avg=45037.11, 90=87935, 99=530943, 99.9=759807, 99.99=939519] [CLEANUP: Count=128, Max=1460, Min=2, Avg=16.04, 90=6, 99=33, 99.9=1460, 99.99=1460] [UPDATE: Count=24, Max=547327, Min=2376, Avg=90381.21, 90=536063, 99=547327, 99.9=547327, 99.99=547327] [READ-FAILED: Count=1, Max=5895, Min=5892, Avg=5894, 90=5895, 99=5895, 99.9=5895, 99.99=5895] 
[OVERALL], RunTime(ms), 300621
[OVERALL], Throughput(ops/sec), 4283.167177276371
[TOTAL_GCS_G1_Young_Generation], Count, 171
[TOTAL_GC_TIME_G1_Young_Generation], Time(ms), 2844
[TOTAL_GC_TIME_%_G1_Young_Generation], Time(%), 0.9460416936940533
[TOTAL_GCS_G1_Old_Generation], Count, 0
[TOTAL_GC_TIME_G1_Old_Generation], Time(ms), 0
[TOTAL_GC_TIME_%_G1_Old_Generation], Time(%), 0.0
[TOTAL_GCs], Count, 171
[TOTAL_GC_TIME], Time(ms), 2844
[TOTAL_GC_TIME_%], Time(%), 0.9460416936940533
[READ], Operations, 1221602
[READ], AverageLatency(us), 27951.465207162397
[READ], MinLatency(us), 0
[READ], MaxLatency(us), 15106047
[READ], 95thPercentileLatency(us), 73599
[READ], 99thPercentileLatency(us), 539647
[READ], Return=OK, 1221602
[READ], Return=NOT_FOUND, 1363
[CLEANUP], Operations, 128
[CLEANUP], AverageLatency(us), 16.0390625
[CLEANUP], MinLatency(us), 2
[CLEANUP], MaxLatency(us), 1460
[CLEANUP], 95thPercentileLatency(us), 10
[CLEANUP], 99thPercentileLatency(us), 33
[UPDATE], Operations, 64645
[UPDATE], AverageLatency(us), 40572.66699667415
[UPDATE], MinLatency(us), 1
[UPDATE], MaxLatency(us), 6250495
[UPDATE], 95thPercentileLatency(us), 95423
[UPDATE], 99thPercentileLatency(us), 713727
[UPDATE], Return=OK, 64645
[READ-FAILED], Operations, 1363
[READ-FAILED], AverageLatency(us), 7748.501834189288
[READ-FAILED], MinLatency(us), 1454
[READ-FAILED], MaxLatency(us), 134143
[READ-FAILED], 95thPercentileLatency(us), 23631
[READ-FAILED], 99thPercentileLatency(us), 65119
