Command line: -t -db pt.ulisboa.tecnico.sconekv.ycsb.SconeKVClient -P workloadf -threads 16 -s -p scone.tx_size=5 -p operationcount=10000000 -p maxexecutiontime=300
YCSB Client 0.17.0

Loading workload...
Starting test.
WARNING: sun.reflect.Reflection.getCallerClass is not supported. This will impact performance.
2020-09-29 15:03:26:984 0 sec: 0 operations; est completion in 0 second 
Maximum execution time specified as: 300 secs
DBWrapper: report latency for each error is false and specific error codes to track for latency are: []
DBWrapper: report latency for each error is false and specific error codes to track for latency are: []
DBWrapper: report latency for each error is false and specific error codes to track for latency are: []
DBWrapper: report latency for each error is false and specific error codes to track for latency are: []
DBWrapper: report latency for each error is false and specific error codes to track for latency are: []
DBWrapper: report latency for each error is false and specific error codes to track for latency are: []
DBWrapper: report latency for each error is false and specific error codes to track for latency are: []
DBWrapper: report latency for each error is false and specific error codes to track for latency are: []
DBWrapper: report latency for each error is false and specific error codes to track for latency are: []
DBWrapper: report latency for each error is false and specific error codes to track for latency are: []
DBWrapper: report latency for each error is false and specific error codes to track for latency are: []
DBWrapper: report latency for each error is false and specific error codes to track for latency are: []
DBWrapper: report latency for each error is false and specific error codes to track for latency are: []
DBWrapper: report latency for each error is false and specific error codes to track for latency are: []
DBWrapper: report latency for each error is false and specific error codes to track for latency are: []
DBWrapper: report latency for each error is false and specific error codes to track for latency are: []
2020-09-29 15:03:36:985 10 sec: 12417 operations; 1241.58 current ops/sec; est completion in 2 hours 14 minutes [READ: Count=12407, Max=826367, Min=1, Avg=10496.35, 90=18975, 99=72319, 99.9=534015, 99.99=753151] [READ-MODIFY-WRITE: Count=6283, Max=755711, Min=3, Avg=11055.38, 90=22575, 99=69631, 99.9=571391, 99.99=606719] [UPDATE: Count=6293, Max=493311, Min=1, Avg=985.79, 90=2943, 99=10903, 99.9=33151, 99.99=75711] [READ-FAILED: Count=11, Max=6427, Min=1989, Avg=2917.27, 90=3111, 99=6427, 99.9=6427, 99.99=6427] 
2020-09-29 15:03:46:984 20 sec: 29842 operations; 1742.5 current ops/sec; est completion in 1 hour 51 minutes [READ: Count=17414, Max=547327, Min=1, Avg=8824.58, 90=15871, 99=51231, 99.9=521471, 99.99=537599] [READ-MODIFY-WRITE: Count=8785, Max=550399, Min=3, Avg=9386.19, 90=18927, 99=51295, 99.9=522495, 99.99=547839] [UPDATE: Count=8787, Max=54271, Min=1, Avg=694.45, 90=2613, 99=6199, 99.9=18239, 99.99=52671] [READ-FAILED: Count=13, Max=6287, Min=2152, Avg=3220.46, 90=4399, 99=6287, 99.9=6287, 99.99=6287] 
2020-09-29 15:03:56:984 30 sec: 47476 operations; 1763.4 current ops/sec; est completion in 1 hour 44 minutes [READ: Count=17622, Max=570879, Min=0, Avg=8609.67, 90=15919, 99=55231, 99.9=527871, 99.99=538623] [READ-MODIFY-WRITE: Count=8784, Max=542207, Min=3, Avg=9317.87, 90=18751, 99=59103, 99.9=529919, 99.99=541183] [UPDATE: Count=8777, Max=105407, Min=1, Avg=741.76, 90=2599, 99=6551, 99.9=23919, 99.99=101375] [READ-FAILED: Count=14, Max=5015, Min=1788, Avg=2631.21, 90=3603, 99=5015, 99.9=5015, 99.99=5015] 
2020-09-29 15:04:06:984 40 sec: 67033 operations; 1955.7 current ops/sec; est completion in 1 hour 38 minutes [READ: Count=19539, Max=577023, Min=1, Avg=7738.64, 90=16143, 99=41727, 99.9=515327, 99.99=548863] [READ-MODIFY-WRITE: Count=9853, Max=541183, Min=3, Avg=8608.19, 90=19103, 99=47583, 99.9=518655, 99.99=537087] [UPDATE: Count=9850, Max=48895, Min=1, Avg=695.31, 90=2599, 99=7087, 99.9=18911, 99.99=37247] [READ-FAILED: Count=13, Max=8191, Min=2116, Avg=3094.15, 90=3253, 99=8191, 99.9=8191, 99.99=8191] 
2020-09-29 15:04:16:984 50 sec: 86237 operations; 1920.4 current ops/sec; est completion in 1 hour 35 minutes [READ: Count=19191, Max=559615, Min=0, Avg=8146.32, 90=16463, 99=44863, 99.9=522495, 99.99=545791] [READ-MODIFY-WRITE: Count=9548, Max=562175, Min=2, Avg=8621.37, 90=19327, 99=45183, 99.9=523519, 99.99=548351] [UPDATE: Count=9551, Max=96319, Min=1, Avg=704.37, 90=2569, 99=6047, 99.9=22367, 99.99=87935] [READ-FAILED: Count=18, Max=3725, Min=1681, Avg=2467.83, 90=2957, 99=3725, 99.9=3725, 99.99=3725] 
2020-09-29 15:04:26:984 60 sec: 105005 operations; 1876.8 current ops/sec; est completion in 1 hour 34 minutes [READ: Count=18751, Max=571903, Min=0, Avg=8164.67, 90=16223, 99=44703, 99.9=517631, 99.99=554495] [READ-MODIFY-WRITE: Count=9463, Max=549887, Min=2, Avg=9095.73, 90=19199, 99=51039, 99.9=523775, 99.99=541183] [UPDATE: Count=9462, Max=39071, Min=1, Avg=707.48, 90=2597, 99=7251, 99.9=21391, 99.99=31407] [READ-FAILED: Count=15, Max=12447, Min=2144, Avg=3806.73, 90=12375, 99=12447, 99.9=12447, 99.99=12447] 
2020-09-29 15:04:36:985 70 sec: 121635 operations; 1663 current ops/sec; est completion in 1 hour 34 minutes [READ: Count=16623, Max=1126399, Min=0, Avg=9293.66, 90=16143, 99=56927, 99.9=527359, 99.99=996863] [READ-MODIFY-WRITE: Count=8309, Max=1151999, Min=2, Avg=9309.88, 90=18831, 99=56127, 99.9=528895, 99.99=999935] [UPDATE: Count=8313, Max=60927, Min=0, Avg=636.12, 90=2511, 99=5535, 99.9=16079, 99.99=58591] [READ-FAILED: Count=7, Max=8135, Min=2536, Avg=4061.29, 90=6271, 99=8135, 99.9=8135, 99.99=8135] 
2020-09-29 15:04:46:984 80 sec: 139573 operations; 1793.8 current ops/sec; est completion in 1 hour 34 minutes [READ: Count=17928, Max=1003007, Min=0, Avg=8568.31, 90=15719, 99=49599, 99.9=526847, 99.99=559615] [READ-MODIFY-WRITE: Count=8928, Max=1005567, Min=2, Avg=9654.76, 90=18655, 99=60895, 99.9=530431, 99.99=1004543] [UPDATE: Count=8925, Max=54591, Min=0, Avg=686.21, 90=2535, 99=5015, 99.9=29663, 99.99=51839] [READ-FAILED: Count=11, Max=3787, Min=1787, Avg=2505.91, 90=2969, 99=3787, 99.9=3787, 99.99=3787] 
2020-09-29 15:04:56:984 90 sec: 160124 operations; 2055.1 current ops/sec; est completion in 1 hour 32 minutes [READ: Count=20531, Max=606719, Min=1, Avg=7415.07, 90=15911, 99=39999, 99.9=517119, 99.99=555007] [READ-MODIFY-WRITE: Count=10351, Max=609791, Min=3, Avg=7845.18, 90=18751, 99=43775, 99.9=516095, 99.99=561663] [UPDATE: Count=10349, Max=75519, Min=1, Avg=715.66, 90=2569, 99=6791, 99.9=24175, 99.99=70399] [READ-FAILED: Count=17, Max=3863, Min=1705, Avg=2585.59, 90=3037, 99=3863, 99.9=3863, 99.99=3863] 
2020-09-29 15:05:06:985 100 sec: 177855 operations; 1772.92 current ops/sec; est completion in 1 hour 32 minutes [READ: Count=17721, Max=567295, Min=0, Avg=8527.12, 90=16463, 99=54847, 99.9=525823, 99.99=564223] [READ-MODIFY-WRITE: Count=8804, Max=569343, Min=2, Avg=9497.81, 90=19263, 99=64191, 99.9=528383, 99.99=566783] [UPDATE: Count=8801, Max=78015, Min=0, Avg=655.26, 90=2511, 99=4883, 99.9=17919, 99.99=54463] [READ-FAILED: Count=9, Max=3093, Min=2074, Avg=2486.56, 90=2693, 99=3093, 99.9=3093, 99.99=3093] 
2020-09-29 15:05:16:984 110 sec: 195923 operations; 1806.98 current ops/sec; est completion in 1 hour 31 minutes [READ: Count=18052, Max=582655, Min=0, Avg=8676.09, 90=16239, 99=53279, 99.9=524799, 99.99=564735] [READ-MODIFY-WRITE: Count=8909, Max=592383, Min=2, Avg=9065.49, 90=18975, 99=58207, 99.9=530431, 99.99=582143] [UPDATE: Count=8913, Max=67007, Min=0, Avg=714.21, 90=2551, 99=7227, 99.9=24559, 99.99=65983] [READ-FAILED: Count=16, Max=4395, Min=2056, Avg=2689.44, 90=3711, 99=4395, 99.9=4395, 99.99=4395] 
2020-09-29 15:05:26:984 120 sec: 214409 operations; 1848.6 current ops/sec; est completion in 1 hour 31 minutes [READ: Count=18466, Max=556543, Min=1, Avg=8273.46, 90=16095, 99=49407, 99.9=523263, 99.99=552447] [READ-MODIFY-WRITE: Count=9186, Max=555007, Min=3, Avg=9270.58, 90=18895, 99=55359, 99.9=532991, 99.99=554495] [UPDATE: Count=9186, Max=63551, Min=0, Avg=657.03, 90=2549, 99=5323, 99.9=17359, 99.99=46399] [READ-FAILED: Count=20, Max=11831, Min=1780, Avg=3406.55, 90=5167, 99=11831, 99.9=11831, 99.99=11831] 
2020-09-29 15:05:36:985 130 sec: 233617 operations; 1920.8 current ops/sec; est completion in 1 hour 30 minutes [READ: Count=19198, Max=572927, Min=0, Avg=8026.49, 90=16511, 99=48575, 99.9=521727, 99.99=558079] [READ-MODIFY-WRITE: Count=9634, Max=574463, Min=3, Avg=8790.66, 90=19343, 99=57887, 99.9=525311, 99.99=566271] [UPDATE: Count=9634, Max=53119, Min=1, Avg=637.42, 90=2531, 99=5639, 99.9=15031, 99.99=36991] [READ-FAILED: Count=12, Max=11471, Min=1641, Avg=3702, 90=4619, 99=11471, 99.9=11471, 99.99=11471] 
2020-09-29 15:05:46:984 140 sec: 252699 operations; 1908.2 current ops/sec; est completion in 1 hour 30 minutes [READ: Count=19072, Max=553471, Min=0, Avg=7973.04, 90=15679, 99=50559, 99.9=516095, 99.99=546303] [READ-MODIFY-WRITE: Count=9519, Max=561663, Min=3, Avg=8534.8, 90=18591, 99=52639, 99.9=517887, 99.99=553471] [UPDATE: Count=9521, Max=62815, Min=1, Avg=714.04, 90=2595, 99=6055, 99.9=24047, 99.99=54847] [READ-FAILED: Count=9, Max=4127, Min=2078, Avg=2864.67, 90=3679, 99=4127, 99.9=4127, 99.99=4127] 
2020-09-29 15:05:56:985 150 sec: 271581 operations; 1888.2 current ops/sec; est completion in 1 hour 29 minutes [READ: Count=18863, Max=569855, Min=0, Avg=8181.41, 90=15695, 99=49791, 99.9=520447, 99.99=549887] [READ-MODIFY-WRITE: Count=9307, Max=536575, Min=1, Avg=8637.2, 90=18607, 99=52351, 99.9=517887, 99.99=534015] [UPDATE: Count=9303, Max=50911, Min=0, Avg=643.02, 90=2523, 99=5767, 99.9=14839, 99.99=50815] [READ-FAILED: Count=20, Max=6775, Min=2052, Avg=3111.15, 90=4407, 99=6775, 99.9=6775, 99.99=6775] 
2020-09-29 15:06:06:985 160 sec: 288049 operations; 1646.64 current ops/sec; est completion in 1 hour 29 minutes [READ: Count=16456, Max=1001983, Min=0, Avg=9175.99, 90=15575, 99=53023, 99.9=545791, 99.99=583679] [READ-MODIFY-WRITE: Count=8101, Max=578559, Min=2, Avg=9407.89, 90=18447, 99=49823, 99.9=544767, 99.99=574975] [UPDATE: Count=8099, Max=48063, Min=0, Avg=660.27, 90=2559, 99=5335, 99.9=16543, 99.99=46975] [READ-FAILED: Count=11, Max=4081, Min=2216, Avg=2858.82, 90=3707, 99=4081, 99.9=4081, 99.99=4081] 
2020-09-29 15:06:16:984 170 sec: 306951 operations; 1890.39 current ops/sec; est completion in 1 hour 29 minutes [READ: Count=18889, Max=609279, Min=0, Avg=8375.85, 90=15703, 99=59423, 99.9=516095, 99.99=541183] [READ-MODIFY-WRITE: Count=9429, Max=612351, Min=2, Avg=8965.26, 90=18495, 99=60895, 99.9=518399, 99.99=559103] [UPDATE: Count=9434, Max=59103, Min=0, Avg=652.1, 90=2551, 99=4767, 99.9=17023, 99.99=42911] [READ-FAILED: Count=12, Max=3967, Min=1651, Avg=2757.17, 90=3813, 99=3967, 99.9=3967, 99.99=3967] 
2020-09-29 15:06:26:984 180 sec: 323958 operations; 1700.7 current ops/sec; est completion in 1 hour 29 minutes [READ: Count=16998, Max=717823, Min=0, Avg=9033.35, 90=16103, 99=52479, 99.9=542719, 99.99=602111] [READ-MODIFY-WRITE: Count=8505, Max=644095, Min=2, Avg=9848.61, 90=19247, 99=60415, 99.9=537087, 99.99=604671] [UPDATE: Count=8506, Max=66303, Min=0, Avg=699.28, 90=2577, 99=6971, 99.9=22847, 99.99=65727] [READ-FAILED: Count=10, Max=2835, Min=1878, Avg=2405.4, 90=2787, 99=2835, 99.9=2835, 99.99=2835] 
2020-09-29 15:06:36:986 190 sec: 341066 operations; 1710.63 current ops/sec; est completion in 1 hour 29 minutes [READ: Count=17098, Max=582655, Min=0, Avg=8980.84, 90=16055, 99=68799, 99.9=524031, 99.99=568319] [READ-MODIFY-WRITE: Count=8487, Max=584703, Min=2, Avg=9617.76, 90=19167, 99=68031, 99.9=534015, 99.99=572415] [UPDATE: Count=8483, Max=106175, Min=0, Avg=696.18, 90=2561, 99=5991, 99.9=22447, 99.99=57951] [READ-FAILED: Count=13, Max=20847, Min=1809, Avg=4207.92, 90=5695, 99=20847, 99.9=20847, 99.99=20847] 
2020-09-29 15:06:46:984 200 sec: 362048 operations; 2098.41 current ops/sec; est completion in 1 hour 28 minutes [READ: Count=20961, Max=579071, Min=0, Avg=7300.59, 90=15455, 99=39359, 99.9=517119, 99.99=573439] [READ-MODIFY-WRITE: Count=10336, Max=581631, Min=3, Avg=8096.06, 90=18287, 99=44319, 99.9=519679, 99.99=576511] [UPDATE: Count=10337, Max=54399, Min=0, Avg=655.03, 90=2561, 99=5279, 99.9=15407, 99.99=38079] [READ-FAILED: Count=17, Max=4523, Min=1906, Avg=2835.06, 90=3887, 99=4523, 99.9=4523, 99.99=4523] 
2020-09-29 15:06:56:984 210 sec: 379002 operations; 1695.4 current ops/sec; est completion in 1 hour 28 minutes [READ: Count=16939, Max=1010687, Min=0, Avg=9069.46, 90=16799, 99=55039, 99.9=550399, 99.99=1007103] [READ-MODIFY-WRITE: Count=8446, Max=1013759, Min=3, Avg=9549.23, 90=19567, 99=57599, 99.9=547327, 99.99=1011199] [UPDATE: Count=8446, Max=67839, Min=1, Avg=682.73, 90=2571, 99=6739, 99.9=18143, 99.99=33631] [READ-FAILED: Count=15, Max=6211, Min=1742, Avg=2977.13, 90=4407, 99=6211, 99.9=6211, 99.99=6211] 
2020-09-29 15:07:06:984 220 sec: 394578 operations; 1557.6 current ops/sec; est completion in 1 hour 29 minutes [READ: Count=15569, Max=998911, Min=0, Avg=9988.58, 90=16303, 99=91711, 99.9=549375, 99.99=852479] [READ-MODIFY-WRITE: Count=7824, Max=1000959, Min=3, Avg=10876.98, 90=18943, 99=98751, 99.9=561151, 99.99=926207] [UPDATE: Count=7822, Max=94463, Min=1, Avg=671.62, 90=2485, 99=5327, 99.9=26527, 99.99=57407] [READ-FAILED: Count=10, Max=2947, Min=2232, Avg=2488, 90=2827, 99=2947, 99.9=2947, 99.99=2947] 
2020-09-29 15:07:16:984 230 sec: 413246 operations; 1866.8 current ops/sec; est completion in 1 hour 28 minutes [READ: Count=18648, Max=569855, Min=0, Avg=8229.35, 90=15831, 99=45375, 99.9=531455, 99.99=565759] [READ-MODIFY-WRITE: Count=9287, Max=571391, Min=2, Avg=9199.64, 90=18639, 99=51775, 99.9=536063, 99.99=569855] [UPDATE: Count=9289, Max=65727, Min=0, Avg=675.78, 90=2537, 99=5919, 99.9=20703, 99.99=52479] [READ-FAILED: Count=20, Max=6607, Min=2138, Avg=2935.95, 90=3381, 99=6607, 99.9=6607, 99.99=6607] 
2020-09-29 15:07:26:984 240 sec: 432680 operations; 1943.4 current ops/sec; est completion in 1 hour 28 minutes [READ: Count=19416, Max=570879, Min=0, Avg=7905.03, 90=15535, 99=45375, 99.9=522239, 99.99=553983] [READ-MODIFY-WRITE: Count=9712, Max=557567, Min=2, Avg=8851.91, 90=18287, 99=50431, 99.9=522495, 99.99=556543] [UPDATE: Count=9710, Max=62303, Min=0, Avg=665.35, 90=2533, 99=5059, 99.9=17215, 99.99=52959] [READ-FAILED: Count=16, Max=6235, Min=2186, Avg=2892.88, 90=2999, 99=6235, 99.9=6235, 99.99=6235] 
2020-09-29 15:07:36:984 250 sec: 449905 operations; 1722.5 current ops/sec; est completion in 1 hour 28 minutes [READ: Count=17209, Max=592895, Min=0, Avg=8890.73, 90=16575, 99=52767, 99.9=518911, 99.99=535039] [READ-MODIFY-WRITE: Count=8533, Max=544767, Min=3, Avg=9440.23, 90=19247, 99=61023, 99.9=518655, 99.99=536575] [UPDATE: Count=8537, Max=496895, Min=0, Avg=740.08, 90=2515, 99=5583, 99.9=33183, 99.99=74687] [READ-FAILED: Count=16, Max=11479, Min=1881, Avg=3616.69, 90=6251, 99=11479, 99.9=11479, 99.99=11479] 
2020-09-29 15:07:46:984 260 sec: 467315 operations; 1741 current ops/sec; est completion in 1 hour 28 minutes [READ: Count=17398, Max=578047, Min=0, Avg=8779.21, 90=16095, 99=59647, 99.9=520191, 99.99=552447] [READ-MODIFY-WRITE: Count=8647, Max=580607, Min=3, Avg=9245.49, 90=18815, 99=63551, 99.9=523263, 99.99=568831] [UPDATE: Count=8643, Max=57151, Min=1, Avg=650.67, 90=2471, 99=5895, 99.9=20175, 99.99=55903] [READ-FAILED: Count=11, Max=4179, Min=1954, Avg=2581.73, 90=3157, 99=4179, 99.9=4179, 99.99=4179] 
2020-09-29 15:07:56:984 270 sec: 486010 operations; 1869.5 current ops/sec; est completion in 1 hour 28 minutes [READ: Count=18686, Max=565247, Min=0, Avg=8126.79, 90=15327, 99=43487, 99.9=521727, 99.99=556031] [READ-MODIFY-WRITE: Count=9290, Max=574463, Min=2, Avg=9115.53, 90=18191, 99=52383, 99.9=524799, 99.99=561151] [UPDATE: Count=9290, Max=547327, Min=0, Avg=912.51, 90=2565, 99=5011, 99.9=22751, 99.99=502527] [READ-FAILED: Count=10, Max=9367, Min=1845, Avg=3793, 90=8679, 99=9367, 99.9=9367, 99.99=9367] 
2020-09-29 15:08:06:984 280 sec: 502955 operations; 1694.5 current ops/sec; est completion in 1 hour 28 minutes [READ: Count=16942, Max=1016831, Min=0, Avg=9155.41, 90=17055, 99=58879, 99.9=527359, 99.99=566783] [READ-MODIFY-WRITE: Count=8478, Max=1019391, Min=3, Avg=9918.72, 90=19919, 99=69695, 99.9=539647, 99.99=632831] [UPDATE: Count=8480, Max=72511, Min=1, Avg=750.88, 90=2563, 99=7699, 99.9=31599, 99.99=72447] [READ-FAILED: Count=4, Max=2739, Min=1791, Avg=2192, 90=2739, 99=2739, 99.9=2739, 99.99=2739] 
2020-09-29 15:08:16:984 290 sec: 522356 operations; 1940.1 current ops/sec; est completion in 1 hour 27 minutes [READ: Count=19389, Max=553983, Min=0, Avg=7884.01, 90=16151, 99=48383, 99.9=524031, 99.99=546303] [READ-MODIFY-WRITE: Count=9756, Max=553471, Min=3, Avg=8645.91, 90=19039, 99=52159, 99.9=526847, 99.99=549887] [UPDATE: Count=9755, Max=101823, Min=1, Avg=706.63, 90=2613, 99=5867, 99.9=21151, 99.99=77695] [READ-FAILED: Count=10, Max=3741, Min=1810, Avg=2748.9, 90=3687, 99=3741, 99.9=3741, 99.99=3741] 
2020-09-29 15:08:26:984 300 sec: 541140 operations; 1878.4 current ops/sec; est completion in 1 hour 27 minutes [READ: Count=18771, Max=553983, Min=0, Avg=8128.44, 90=15871, 99=47647, 99.9=519167, 99.99=551935] [READ-MODIFY-WRITE: Count=9418, Max=557055, Min=2, Avg=9058.28, 90=18719, 99=55967, 99.9=534527, 99.99=556031] [UPDATE: Count=9421, Max=469503, Min=1, Avg=719.82, 90=2567, 99=5955, 99.9=21695, 99.99=67071] [READ-FAILED: Count=14, Max=3089, Min=2110, Avg=2582.43, 90=3077, 99=3089, 99.9=3089, 99.99=3089] 
Maximum time elapsed. Requesting stop for the workload.
Stop requested for workload. Now Joining!
[36m15:08:27.524[m [[34;1mINFO[m] [1;34mp.u.t.s.y.Stats.clientFinished@38[m: 
Ended SconeKV benchmark.
Number of clients: 16
Total transactions: 119564
Committed: 101532 (84.91853%)
Aborted: 18032 (15.081462%)
2020-09-29 15:08:27:527 300 sec: 541201 operations; 112.55 current ops/sec; est completion in 1 hour 27 minutes [READ: Count=60, Max=522751, Min=1791, Avg=42242.75, 90=35999, 99=521215, 99.9=522751, 99.99=522751] [READ-MODIFY-WRITE: Count=27, Max=525823, Min=1816, Avg=48210.41, 90=35519, 99=525823, 99.9=525823, 99.99=525823] [CLEANUP: Count=16, Max=1820, Min=3, Avg=117.75, 90=8, 99=1820, 99.9=1820, 99.99=1820] [UPDATE: Count=22, Max=3205, Min=2, Avg=1059.73, 90=2417, 99=3205, 99.9=3205, 99.99=3205] [READ-FAILED: Count=0, Max=0, Min=9223372036854775807, Avg=NaN, 90=0, 99=0, 99.9=0, 99.99=0] 
[OVERALL], RunTime(ms), 300542
[OVERALL], Throughput(ops/sec), 1800.7499783724072
[TOTAL_GCS_G1_Young_Generation], Count, 104
[TOTAL_GC_TIME_G1_Young_Generation], Time(ms), 654
[TOTAL_GC_TIME_%_G1_Young_Generation], Time(%), 0.21760685694511916
[TOTAL_GCS_G1_Old_Generation], Count, 0
[TOTAL_GC_TIME_G1_Old_Generation], Time(ms), 0
[TOTAL_GC_TIME_%_G1_Old_Generation], Time(%), 0.0
[TOTAL_GCs], Count, 104
[TOTAL_GC_TIME], Time(ms), 654
[TOTAL_GC_TIME_%], Time(%), 0.21760685694511916
[READ], Operations, 540807
[READ], AverageLatency(us), 8475.662088323561
[READ], MinLatency(us), 0
[READ], MaxLatency(us), 1126399
[READ], 95thPercentileLatency(us), 20575
[READ], 99thPercentileLatency(us), 51103
[READ], Return=OK, 540807
[READ], Return=NOT_FOUND, 394
[READ-MODIFY-WRITE], Operations, 269939
[READ-MODIFY-WRITE], AverageLatency(us), 9168.01757804541
[READ-MODIFY-WRITE], MinLatency(us), 1
[READ-MODIFY-WRITE], MaxLatency(us), 1151999
[READ-MODIFY-WRITE], 95thPercentileLatency(us), 23807
[READ-MODIFY-WRITE], 99thPercentileLatency(us), 55775
[CLEANUP], Operations, 16
[CLEANUP], AverageLatency(us), 117.75
[CLEANUP], MinLatency(us), 3
[CLEANUP], MaxLatency(us), 1820
[CLEANUP], 95thPercentileLatency(us), 12
[CLEANUP], 99thPercentileLatency(us), 1820
[UPDATE], Operations, 269939
[UPDATE], AverageLatency(us), 701.4963788115093
[UPDATE], MinLatency(us), 0
[UPDATE], MaxLatency(us), 547327
[UPDATE], 95thPercentileLatency(us), 3053
[UPDATE], 99thPercentileLatency(us), 6075
[UPDATE], Return=OK, 269939
[READ-FAILED], Operations, 394
[READ-FAILED], AverageLatency(us), 2997.6979695431473
[READ-FAILED], MinLatency(us), 1641
[READ-FAILED], MaxLatency(us), 20847
[READ-FAILED], 95thPercentileLatency(us), 6135
[READ-FAILED], 99thPercentileLatency(us), 11479
