Command line: -t -db pt.ulisboa.tecnico.sconekv.ycsb.SconeKVClient -P workloadf -threads 256 -s -p scone.tx_size=5 -p operationcount=10000000 -p maxexecutiontime=300
YCSB Client 0.17.0

Loading workload...
Starting test.
WARNING: sun.reflect.Reflection.getCallerClass is not supported. This will impact performance.
2020-09-29 16:46:59:291 0 sec: 0 operations; est completion in 0 second 
Maximum execution time specified as: 300 secs
DBWrapper: report latency for each error is false and specific error codes to track for latency are: []
DBWrapper: report latency for each error is false and specific error codes to track for latency are: []
DBWrapper: report latency for each error is false and specific error codes to track for latency are: []
DBWrapper: report latency for each error is false and specific error codes to track for latency are: []
DBWrapper: report latency for each error is false and specific error codes to track for latency are: []
DBWrapper: report latency for each error is false and specific error codes to track for latency are: []
DBWrapper: report latency for each error is false and specific error codes to track for latency are: []
DBWrapper: report latency for each error is false and specific error codes to track for latency are: []
DBWrapper: report latency for each error is false and specific error codes to track for latency are: []
DBWrapper: report latency for each error is false and specific error codes to track for latency are: []
DBWrapper: report latency for each error is false and specific error codes to track for latency are: []
DBWrapper: report latency for each error is false and specific error codes to track for latency are: []
DBWrapper: report latency for each error is false and specific error codes to track for latency are: []
DBWrapper: report latency for each error is false and specific error codes to track for latency are: []
DBWrapper: report latency for each error is false and specific error codes to track for latency are: []
DBWrapper: report latency for each error is false and specific error codes to track for latency are: []
DBWrapper: report latency for each error is false and specific error codes to track for latency are: []
DBWrapper: report latency for each error is false and specific error codes to track for latency are: []
DBWrapper: report latency for each error is false and specific error codes to track for latency are: []
DBWrapper: report latency for each error is false and specific error codes to track for latency are: []
DBWrapper: report latency for each error is false and specific error codes to track for latency are: []
DBWrapper: report latency for each error is false and specific error codes to track for latency are: []
DBWrapper: report latency for each error is false and specific error codes to track for latency are: []
DBWrapper: report latency for each error is false and specific error codes to track for latency are: []
DBWrapper: report latency for each error is false and specific error codes to track for latency are: []
DBWrapper: report latency for each error is false and specific error codes to track for latency are: []
DBWrapper: report latency for each error is false and specific error codes to track for latency are: []
DBWrapper: report latency for each error is false and specific error codes to track for latency are: []
DBWrapper: report latency for each error is false and specific error codes to track for latency are: []
DBWrapper: report latency for each error is false and specific error codes to track for latency are: []
DBWrapper: report latency for each error is false and specific error codes to track for latency are: []
DBWrapper: report latency for each error is false and specific error codes to track for latency are: []
DBWrapper: report latency for each error is false and specific error codes to track for latency are: []
DBWrapper: report latency for each error is false and specific error codes to track for latency are: []
DBWrapper: report latency for each error is false and specific error codes to track for latency are: []
DBWrapper: report latency for each error is false and specific error codes to track for latency are: []
DBWrapper: report latency for each error is false and specific error codes to track for latency are: []
DBWrapper: report latency for each error is false and specific error codes to track for latency are: []
DBWrapper: report latency for each error is false and specific error codes to track for latency are: []
DBWrapper: report latency for each error is false and specific error codes to track for latency are: []
DBWrapper: report latency for each error is false and specific error codes to track for latency are: []
DBWrapper: report latency for each error is false and specific error codes to track for latency are: []
DBWrapper: report latency for each error is false and specific error codes to track for latency are: []
DBWrapper: report latency for each error is false and specific error codes to track for latency are: []
DBWrapper: report latency for each error is false and specific error codes to track for latency are: []
DBWrapper: report latency for each error is false and specific error codes to track for latency are: []
DBWrapper: report latency for each error is false and specific error codes to track for latency are: []
DBWrapper: report latency for each error is false and specific error codes to track for latency are: []
DBWrapper: report latency for each error is false and specific error codes to track for latency are: []
DBWrapper: report latency for each error is false and specific error codes to track for latency are: []
DBWrapper: report latency for each error is false and specific error codes to track for latency are: []
DBWrapper: report latency for each error is false and specific error codes to track for latency are: []
DBWrapper: report latency for each error is false and specific error codes to track for latency are: []
DBWrapper: report latency for each error is false and specific error codes to track for latency are: []
DBWrapper: report latency for each error is false and specific error codes to track for latency are: []
DBWrapper: report latency for each error is false and specific error codes to track for latency are: []
DBWrapper: report latency for each error is false and specific error codes to track for latency are: []
DBWrapper: report latency for each error is false and specific error codes to track for latency are: []
DBWrapper: report latency for each error is false and specific error codes to track for latency are: []
DBWrapper: report latency for each error is false and specific error codes to track for latency are: []
DBWrapper: report latency for each error is false and specific error codes to track for latency are: []
DBWrapper: report latency for each error is false and specific error codes to track for latency are: []
DBWrapper: report latency for each error is false and specific error codes to track for latency are: []
DBWrapper: report latency for each error is false and specific error codes to track for latency are: []
DBWrapper: report latency for each error is false and specific error codes to track for latency are: []
DBWrapper: report latency for each error is false and specific error codes to track for latency are: []
DBWrapper: report latency for each error is false and specific error codes to track for latency are: []
DBWrapper: report latency for each error is false and specific error codes to track for latency are: []
DBWrapper: report latency for each error is false and specific error codes to track for latency are: []
DBWrapper: report latency for each error is false and specific error codes to track for latency are: []
DBWrapper: report latency for each error is false and specific error codes to track for latency are: []
DBWrapper: report latency for each error is false and specific error codes to track for latency are: []
DBWrapper: report latency for each error is false and specific error codes to track for latency are: []
DBWrapper: report latency for each error is false and specific error codes to track for latency are: []
DBWrapper: report latency for each error is false and specific error codes to track for latency are: []
DBWrapper: report latency for each error is false and specific error codes to track for latency are: []
DBWrapper: report latency for each error is false and specific error codes to track for latency are: []
DBWrapper: report latency for each error is false and specific error codes to track for latency are: []
DBWrapper: report latency for each error is false and specific error codes to track for latency are: []
DBWrapper: report latency for each error is false and specific error codes to track for latency are: []
DBWrapper: report latency for each error is false and specific error codes to track for latency are: []
DBWrapper: report latency for each error is false and specific error codes to track for latency are: []
DBWrapper: report latency for each error is false and specific error codes to track for latency are: []
DBWrapper: report latency for each error is false and specific error codes to track for latency are: []
DBWrapper: report latency for each error is false and specific error codes to track for latency are: []
DBWrapper: report latency for each error is false and specific error codes to track for latency are: []
DBWrapper: report latency for each error is false and specific error codes to track for latency are: []
DBWrapper: report latency for each error is false and specific error codes to track for latency are: []
DBWrapper: report latency for each error is false and specific error codes to track for latency are: []
DBWrapper: report latency for each error is false and specific error codes to track for latency are: []
DBWrapper: report latency for each error is false and specific error codes to track for latency are: []
DBWrapper: report latency for each error is false and specific error codes to track for latency are: []
DBWrapper: report latency for each error is false and specific error codes to track for latency are: []
DBWrapper: report latency for each error is false and specific error codes to track for latency are: []
DBWrapper: report latency for each error is false and specific error codes to track for latency are: []
DBWrapper: report latency for each error is false and specific error codes to track for latency are: []
DBWrapper: report latency for each error is false and specific error codes to track for latency are: []
DBWrapper: report latency for each error is false and specific error codes to track for latency are: []
DBWrapper: report latency for each error is false and specific error codes to track for latency are: []
DBWrapper: report latency for each error is false and specific error codes to track for latency are: []
DBWrapper: report latency for each error is false and specific error codes to track for latency are: []
DBWrapper: report latency for each error is false and specific error codes to track for latency are: []
DBWrapper: report latency for each error is false and specific error codes to track for latency are: []
DBWrapper: report latency for each error is false and specific error codes to track for latency are: []
DBWrapper: report latency for each error is false and specific error codes to track for latency are: []
DBWrapper: report latency for each error is false and specific error codes to track for latency are: []
DBWrapper: report latency for each error is false and specific error codes to track for latency are: []
DBWrapper: report latency for each error is false and specific error codes to track for latency are: []
DBWrapper: report latency for each error is false and specific error codes to track for latency are: []
DBWrapper: report latency for each error is false and specific error codes to track for latency are: []
DBWrapper: report latency for each error is false and specific error codes to track for latency are: []
DBWrapper: report latency for each error is false and specific error codes to track for latency are: []
DBWrapper: report latency for each error is false and specific error codes to track for latency are: []
DBWrapper: report latency for each error is false and specific error codes to track for latency are: []
DBWrapper: report latency for each error is false and specific error codes to track for latency are: []
DBWrapper: report latency for each error is false and specific error codes to track for latency are: []
DBWrapper: report latency for each error is false and specific error codes to track for latency are: []
DBWrapper: report latency for each error is false and specific error codes to track for latency are: []
DBWrapper: report latency for each error is false and specific error codes to track for latency are: []
DBWrapper: report latency for each error is false and specific error codes to track for latency are: []
DBWrapper: report latency for each error is false and specific error codes to track for latency are: []
DBWrapper: report latency for each error is false and specific error codes to track for latency are: []
DBWrapper: report latency for each error is false and specific error codes to track for latency are: []
DBWrapper: report latency for each error is false and specific error codes to track for latency are: []
DBWrapper: report latency for each error is false and specific error codes to track for latency are: []
DBWrapper: report latency for each error is false and specific error codes to track for latency are: []
DBWrapper: report latency for each error is false and specific error codes to track for latency are: []
DBWrapper: report latency for each error is false and specific error codes to track for latency are: []
DBWrapper: report latency for each error is false and specific error codes to track for latency are: []
DBWrapper: report latency for each error is false and specific error codes to track for latency are: []
DBWrapper: report latency for each error is false and specific error codes to track for latency are: []
DBWrapper: report latency for each error is false and specific error codes to track for latency are: []
DBWrapper: report latency for each error is false and specific error codes to track for latency are: []
DBWrapper: report latency for each error is false and specific error codes to track for latency are: []
DBWrapper: report latency for each error is false and specific error codes to track for latency are: []
DBWrapper: report latency for each error is false and specific error codes to track for latency are: []
DBWrapper: report latency for each error is false and specific error codes to track for latency are: []
DBWrapper: report latency for each error is false and specific error codes to track for latency are: []
DBWrapper: report latency for each error is false and specific error codes to track for latency are: []
DBWrapper: report latency for each error is false and specific error codes to track for latency are: []
DBWrapper: report latency for each error is false and specific error codes to track for latency are: []
DBWrapper: report latency for each error is false and specific error codes to track for latency are: []
DBWrapper: report latency for each error is false and specific error codes to track for latency are: []
DBWrapper: report latency for each error is false and specific error codes to track for latency are: []
DBWrapper: report latency for each error is false and specific error codes to track for latency are: []
DBWrapper: report latency for each error is false and specific error codes to track for latency are: []
DBWrapper: report latency for each error is false and specific error codes to track for latency are: []
DBWrapper: report latency for each error is false and specific error codes to track for latency are: []
DBWrapper: report latency for each error is false and specific error codes to track for latency are: []
DBWrapper: report latency for each error is false and specific error codes to track for latency are: []
DBWrapper: report latency for each error is false and specific error codes to track for latency are: []
DBWrapper: report latency for each error is false and specific error codes to track for latency are: []
DBWrapper: report latency for each error is false and specific error codes to track for latency are: []
DBWrapper: report latency for each error is false and specific error codes to track for latency are: []
DBWrapper: report latency for each error is false and specific error codes to track for latency are: []
DBWrapper: report latency for each error is false and specific error codes to track for latency are: []
DBWrapper: report latency for each error is false and specific error codes to track for latency are: []
DBWrapper: report latency for each error is false and specific error codes to track for latency are: []
DBWrapper: report latency for each error is false and specific error codes to track for latency are: []
DBWrapper: report latency for each error is false and specific error codes to track for latency are: []
DBWrapper: report latency for each error is false and specific error codes to track for latency are: []
DBWrapper: report latency for each error is false and specific error codes to track for latency are: []
DBWrapper: report latency for each error is false and specific error codes to track for latency are: []
DBWrapper: report latency for each error is false and specific error codes to track for latency are: []
DBWrapper: report latency for each error is false and specific error codes to track for latency are: []
DBWrapper: report latency for each error is false and specific error codes to track for latency are: []
DBWrapper: report latency for each error is false and specific error codes to track for latency are: []
DBWrapper: report latency for each error is false and specific error codes to track for latency are: []
DBWrapper: report latency for each error is false and specific error codes to track for latency are: []
DBWrapper: report latency for each error is false and specific error codes to track for latency are: []
DBWrapper: report latency for each error is false and specific error codes to track for latency are: []
DBWrapper: report latency for each error is false and specific error codes to track for latency are: []
DBWrapper: report latency for each error is false and specific error codes to track for latency are: []
DBWrapper: report latency for each error is false and specific error codes to track for latency are: []
DBWrapper: report latency for each error is false and specific error codes to track for latency are: []
DBWrapper: report latency for each error is false and specific error codes to track for latency are: []
DBWrapper: report latency for each error is false and specific error codes to track for latency are: []
DBWrapper: report latency for each error is false and specific error codes to track for latency are: []
DBWrapper: report latency for each error is false and specific error codes to track for latency are: []
DBWrapper: report latency for each error is false and specific error codes to track for latency are: []
DBWrapper: report latency for each error is false and specific error codes to track for latency are: []
DBWrapper: report latency for each error is false and specific error codes to track for latency are: []
DBWrapper: report latency for each error is false and specific error codes to track for latency are: []
DBWrapper: report latency for each error is false and specific error codes to track for latency are: []
DBWrapper: report latency for each error is false and specific error codes to track for latency are: []
DBWrapper: report latency for each error is false and specific error codes to track for latency are: []
DBWrapper: report latency for each error is false and specific error codes to track for latency are: []
DBWrapper: report latency for each error is false and specific error codes to track for latency are: []
DBWrapper: report latency for each error is false and specific error codes to track for latency are: []
DBWrapper: report latency for each error is false and specific error codes to track for latency are: []
DBWrapper: report latency for each error is false and specific error codes to track for latency are: []
DBWrapper: report latency for each error is false and specific error codes to track for latency are: []
DBWrapper: report latency for each error is false and specific error codes to track for latency are: []
DBWrapper: report latency for each error is false and specific error codes to track for latency are: []
DBWrapper: report latency for each error is false and specific error codes to track for latency are: []
DBWrapper: report latency for each error is false and specific error codes to track for latency are: []
DBWrapper: report latency for each error is false and specific error codes to track for latency are: []
DBWrapper: report latency for each error is false and specific error codes to track for latency are: []
DBWrapper: report latency for each error is false and specific error codes to track for latency are: []
DBWrapper: report latency for each error is false and specific error codes to track for latency are: []
DBWrapper: report latency for each error is false and specific error codes to track for latency are: []
DBWrapper: report latency for each error is false and specific error codes to track for latency are: []
DBWrapper: report latency for each error is false and specific error codes to track for latency are: []
DBWrapper: report latency for each error is false and specific error codes to track for latency are: []
2020-09-29 16:47:09:392 10 sec: 3878 operations; 385.56 current ops/sec; est completion in 7 hours 12 minutes [READ: Count=3917, Max=2211839, Min=2, Avg=141248.54, 90=402943, 99=901119, 99.9=1734655, 99.99=2211839] [READ-MODIFY-WRITE: Count=2318, Max=2951167, Min=82, Avg=161844.59, 90=466175, 99=1165311, 99.9=1867775, 99.99=2951167] [UPDATE: Count=2352, Max=556543, Min=5, Avg=14129.4, 90=33695, 99=278015, 99.9=509951, 99.99=556543] [READ-FAILED: Count=1, Max=101183, Min=101120, Avg=101152, 90=101183, 99=101183, 99.9=101183, 99.99=101183] 
DBWrapper: report latency for each error is false and specific error codes to track for latency are: []
DBWrapper: report latency for each error is false and specific error codes to track for latency are: []
DBWrapper: report latency for each error is false and specific error codes to track for latency are: []
DBWrapper: report latency for each error is false and specific error codes to track for latency are: []
DBWrapper: report latency for each error is false and specific error codes to track for latency are: []
DBWrapper: report latency for each error is false and specific error codes to track for latency are: []
DBWrapper: report latency for each error is false and specific error codes to track for latency are: []
DBWrapper: report latency for each error is false and specific error codes to track for latency are: []
DBWrapper: report latency for each error is false and specific error codes to track for latency are: []
DBWrapper: report latency for each error is false and specific error codes to track for latency are: []
DBWrapper: report latency for each error is false and specific error codes to track for latency are: []
DBWrapper: report latency for each error is false and specific error codes to track for latency are: []
DBWrapper: report latency for each error is false and specific error codes to track for latency are: []
DBWrapper: report latency for each error is false and specific error codes to track for latency are: []
DBWrapper: report latency for each error is false and specific error codes to track for latency are: []
DBWrapper: report latency for each error is false and specific error codes to track for latency are: []
DBWrapper: report latency for each error is false and specific error codes to track for latency are: []
DBWrapper: report latency for each error is false and specific error codes to track for latency are: []
DBWrapper: report latency for each error is false and specific error codes to track for latency are: []
DBWrapper: report latency for each error is false and specific error codes to track for latency are: []
DBWrapper: report latency for each error is false and specific error codes to track for latency are: []
DBWrapper: report latency for each error is false and specific error codes to track for latency are: []
DBWrapper: report latency for each error is false and specific error codes to track for latency are: []
DBWrapper: report latency for each error is false and specific error codes to track for latency are: []
DBWrapper: report latency for each error is false and specific error codes to track for latency are: []
DBWrapper: report latency for each error is false and specific error codes to track for latency are: []
DBWrapper: report latency for each error is false and specific error codes to track for latency are: []
DBWrapper: report latency for each error is false and specific error codes to track for latency are: []
DBWrapper: report latency for each error is false and specific error codes to track for latency are: []
DBWrapper: report latency for each error is false and specific error codes to track for latency are: []
DBWrapper: report latency for each error is false and specific error codes to track for latency are: []
DBWrapper: report latency for each error is false and specific error codes to track for latency are: []
DBWrapper: report latency for each error is false and specific error codes to track for latency are: []
DBWrapper: report latency for each error is false and specific error codes to track for latency are: []
DBWrapper: report latency for each error is false and specific error codes to track for latency are: []
DBWrapper: report latency for each error is false and specific error codes to track for latency are: []
DBWrapper: report latency for each error is false and specific error codes to track for latency are: []
DBWrapper: report latency for each error is false and specific error codes to track for latency are: []
DBWrapper: report latency for each error is false and specific error codes to track for latency are: []
DBWrapper: report latency for each error is false and specific error codes to track for latency are: []
DBWrapper: report latency for each error is false and specific error codes to track for latency are: []
DBWrapper: report latency for each error is false and specific error codes to track for latency are: []
DBWrapper: report latency for each error is false and specific error codes to track for latency are: []
DBWrapper: report latency for each error is false and specific error codes to track for latency are: []
DBWrapper: report latency for each error is false and specific error codes to track for latency are: []
DBWrapper: report latency for each error is false and specific error codes to track for latency are: []
DBWrapper: report latency for each error is false and specific error codes to track for latency are: []
DBWrapper: report latency for each error is false and specific error codes to track for latency are: []
DBWrapper: report latency for each error is false and specific error codes to track for latency are: []
DBWrapper: report latency for each error is false and specific error codes to track for latency are: []
DBWrapper: report latency for each error is false and specific error codes to track for latency are: []
DBWrapper: report latency for each error is false and specific error codes to track for latency are: []
2020-09-29 16:47:19:291 20 sec: 22807 operations; 1903.94 current ops/sec; est completion in 2 hours 25 minutes [READ: Count=18900, Max=2498559, Min=1, Avg=107026.55, 90=292095, 99=909311, 99.9=1546239, 99.99=2209791] [READ-MODIFY-WRITE: Count=9194, Max=2779135, Min=5, Avg=119210.45, 90=325119, 99=1108991, 99.9=2244607, 99.99=2740223] [UPDATE: Count=9222, Max=757247, Min=2, Avg=13016.28, 90=17583, 99=244351, 99.9=446207, 99.99=551935] [READ-FAILED: Count=7, Max=199679, Min=5684, Avg=67304.29, 90=146687, 99=199679, 99.9=199679, 99.99=199679] 
2020-09-29 16:47:29:292 30 sec: 62364 operations; 3955.3 current ops/sec; est completion in 1 hour 19 minutes [READ: Count=39525, Max=1460223, Min=0, Avg=61656.3, 90=129727, 99=625663, 99.9=1111039, 99.99=1334271] [READ-MODIFY-WRITE: Count=19783, Max=1466367, Min=2, Avg=66784.81, 90=157311, 99=650751, 99.9=1147903, 99.99=1463295] [UPDATE: Count=19752, Max=237823, Min=0, Avg=5881.59, 90=22415, 99=76543, 99.9=166399, 99.99=219263] [READ-FAILED: Count=18, Max=79807, Min=3378, Avg=33738.72, 90=59455, 99=79807, 99.9=79807, 99.99=79807] 
2020-09-29 16:47:39:291 40 sec: 118258 operations; 5589.96 current ops/sec; est completion in 55 minutes [READ: Count=55886, Max=2228223, Min=0, Avg=44917.36, 90=91839, 99=633343, 99.9=1403903, 99.99=2073599] [READ-MODIFY-WRITE: Count=28074, Max=2220031, Min=2, Avg=47155.13, 90=102271, 99=636415, 99.9=1344511, 99.99=1852415] [UPDATE: Count=28134, Max=511999, Min=0, Avg=2469.43, 90=6631, 99=27615, 99.9=201343, 99.99=484095] [READ-FAILED: Count=18, Max=23151, Min=2654, Avg=8648.94, 90=16671, 99=23151, 99.9=23151, 99.99=23151] 
2020-09-29 16:47:49:291 50 sec: 163397 operations; 4513.9 current ops/sec; est completion in 50 minutes [READ: Count=45116, Max=2723839, Min=0, Avg=54835.72, 90=106943, 99=719871, 99.9=2195455, 99.99=2568191] [READ-MODIFY-WRITE: Count=22554, Max=2670591, Min=2, Avg=59082.22, 90=120959, 99=769535, 99.9=2293759, 99.99=2574335] [UPDATE: Count=22482, Max=341503, Min=0, Avg=2711.23, 90=6871, 99=41055, 99.9=179455, 99.99=283647] [READ-FAILED: Count=12, Max=28767, Min=1647, Avg=10882.92, 90=23359, 99=28767, 99.9=28767, 99.99=28767] 
2020-09-29 16:47:59:291 60 sec: 217572 operations; 5416.96 current ops/sec; est completion in 44 minutes [READ: Count=54155, Max=1873919, Min=0, Avg=45849.65, 90=86655, 99=674815, 99.9=1377279, 99.99=1672191] [READ-MODIFY-WRITE: Count=27093, Max=1796095, Min=2, Avg=47169.6, 90=95615, 99=678911, 99.9=1370111, 99.99=1628159] [UPDATE: Count=27103, Max=217343, Min=0, Avg=1899.78, 90=5679, 99=22239, 99.9=139007, 99.99=204927] [READ-FAILED: Count=21, Max=33663, Min=2041, Avg=8283.81, 90=11399, 99=33663, 99.9=33663, 99.99=33663] 
2020-09-29 16:48:09:291 70 sec: 261371 operations; 4380.34 current ops/sec; est completion in 43 minutes [READ: Count=43788, Max=2375679, Min=0, Avg=56985.78, 90=120319, 99=742911, 99.9=1499135, 99.99=2057215] [READ-MODIFY-WRITE: Count=22082, Max=2244607, Min=1, Avg=60285.31, 90=139135, 99=759807, 99.9=1507327, 99.99=2093055] [UPDATE: Count=22059, Max=973823, Min=0, Avg=3358.56, 90=8043, 99=57823, 99.9=155775, 99.99=274431] [READ-FAILED: Count=10, Max=33439, Min=1849, Avg=13385.9, 90=25391, 99=33439, 99.9=33439, 99.99=33439] 
2020-09-29 16:48:19:291 80 sec: 309339 operations; 4796.8 current ops/sec; est completion in 41 minutes [READ: Count=47956, Max=2150399, Min=0, Avg=50595.76, 90=94591, 99=793087, 99.9=1571839, 99.99=1951743] [READ-MODIFY-WRITE: Count=23907, Max=2086911, Min=3, Avg=52723.49, 90=105599, 99=828927, 99.9=1508351, 99.99=1930239] [UPDATE: Count=23942, Max=526335, Min=0, Avg=2284.43, 90=5103, 99=20879, 99.9=373759, 99.99=507903] [READ-FAILED: Count=12, Max=7099, Min=2328, Avg=4264.92, 90=6939, 99=7099, 99.9=7099, 99.99=7099] 
2020-09-29 16:48:29:291 90 sec: 361081 operations; 5174.2 current ops/sec; est completion in 40 minutes [READ: Count=51741, Max=2607103, Min=0, Avg=50275.13, 90=95999, 99=776191, 99.9=1959935, 99.99=2478079] [READ-MODIFY-WRITE: Count=25817, Max=2545663, Min=2, Avg=52446.93, 90=107391, 99=786943, 99.9=1872895, 99.99=2387967] [UPDATE: Count=25790, Max=1255423, Min=0, Avg=2159.28, 90=6755, 99=26239, 99.9=102015, 99.99=240255] [READ-FAILED: Count=14, Max=32687, Min=2050, Avg=9386.14, 90=26815, 99=32687, 99.9=32687, 99.99=32687] 
2020-09-29 16:48:39:291 100 sec: 408835 operations; 4775.4 current ops/sec; est completion in 39 minutes [READ: Count=47730, Max=3209215, Min=0, Avg=50721.84, 90=99711, 99=658943, 99.9=1751039, 99.99=3020799] [READ-MODIFY-WRITE: Count=24105, Max=3217407, Min=1, Avg=53505.77, 90=112575, 99=693759, 99.9=1762303, 99.99=2973695] [UPDATE: Count=24100, Max=302079, Min=0, Avg=2406.42, 90=7011, 99=34431, 99.9=131839, 99.99=255615] [READ-FAILED: Count=15, Max=64191, Min=2896, Avg=13347.73, 90=31647, 99=64191, 99.9=64191, 99.99=64191] 
2020-09-29 16:48:49:291 110 sec: 460701 operations; 5186.08 current ops/sec; est completion in 37 minutes [READ: Count=51849, Max=2051071, Min=0, Avg=49415.77, 90=93311, 99=801791, 99.9=1584127, 99.99=1918975] [READ-MODIFY-WRITE: Count=26021, Max=2063359, Min=2, Avg=51569.8, 90=106687, 99=808447, 99.9=1609727, 99.99=1911807] [UPDATE: Count=26024, Max=263167, Min=0, Avg=2110.5, 90=6051, 99=26639, 99.9=147711, 99.99=221183] [READ-FAILED: Count=14, Max=101695, Min=3182, Avg=17416.14, 90=57375, 99=101695, 99.9=101695, 99.99=101695] 
2020-09-29 16:48:59:291 120 sec: 502714 operations; 4201.72 current ops/sec; est completion in 37 minutes [READ: Count=42006, Max=3160063, Min=0, Avg=60183.63, 90=116927, 99=830975, 99.9=2162687, 99.99=2920447] [READ-MODIFY-WRITE: Count=21132, Max=3237887, Min=1, Avg=63392.57, 90=129791, 99=868351, 99.9=2359295, 99.99=2934783] [UPDATE: Count=21128, Max=248447, Min=0, Avg=2855.67, 90=6695, 99=47199, 99.9=145663, 99.99=202623] [READ-FAILED: Count=16, Max=36991, Min=2374, Avg=7534.38, 90=11423, 99=36991, 99.9=36991, 99.99=36991] 
2020-09-29 16:49:09:291 130 sec: 557046 operations; 5433.2 current ops/sec; est completion in 36 minutes [READ: Count=54311, Max=2226175, Min=0, Avg=45992.67, 90=89599, 99=692223, 99.9=1784831, 99.99=2092031] [READ-MODIFY-WRITE: Count=27204, Max=2256895, Min=1, Avg=49070.94, 90=100991, 99=720895, 99.9=1829887, 99.99=2103295] [UPDATE: Count=27209, Max=295935, Min=0, Avg=2151.32, 90=6107, 99=27007, 99.9=166143, 99.99=267519] [READ-FAILED: Count=21, Max=10015, Min=1732, Avg=5198.86, 90=6819, 99=10015, 99.9=10015, 99.99=10015] 
2020-09-29 16:49:19:294 140 sec: 603521 operations; 4645.64 current ops/sec; est completion in 36 minutes [READ: Count=46474, Max=2592767, Min=0, Avg=52823.37, 90=106431, 99=775167, 99.9=1730559, 99.99=2441215] [READ-MODIFY-WRITE: Count=23169, Max=2766847, Min=2, Avg=55522.72, 90=118847, 99=797695, 99.9=1699839, 99.99=2236415] [UPDATE: Count=23189, Max=267775, Min=0, Avg=2452.24, 90=6951, 99=32031, 99.9=172287, 99.99=235263] [READ-FAILED: Count=18, Max=53759, Min=3130, Avg=13962.22, 90=41023, 99=53759, 99.9=53759, 99.99=53759] 
2020-09-29 16:49:29:292 150 sec: 658079 operations; 5457.44 current ops/sec; est completion in 35 minutes [READ: Count=54532, Max=2611199, Min=0, Avg=46696.77, 90=91775, 99=649215, 99.9=1350655, 99.99=1995775] [READ-MODIFY-WRITE: Count=27208, Max=2617343, Min=2, Avg=50039.6, 90=105023, 99=664063, 99.9=1380351, 99.99=1971199] [UPDATE: Count=27208, Max=214143, Min=0, Avg=2565.71, 90=6895, 99=40159, 99.9=120127, 99.99=186623] [READ-FAILED: Count=10, Max=22383, Min=1695, Avg=7576, 90=15343, 99=22383, 99.9=22383, 99.99=22383] 
2020-09-29 16:49:39:292 160 sec: 710091 operations; 5201.2 current ops/sec; est completion in 34 minutes [READ: Count=51986, Max=2082815, Min=0, Avg=46739.92, 90=87935, 99=698879, 99.9=1525759, 99.99=1845247] [READ-MODIFY-WRITE: Count=26030, Max=1923071, Min=2, Avg=49176.09, 90=98047, 99=692735, 99.9=1525759, 99.99=1863679] [UPDATE: Count=26008, Max=387839, Min=0, Avg=1924.49, 90=5787, 99=24703, 99.9=134783, 99.99=200319] [READ-FAILED: Count=17, Max=15575, Min=2190, Avg=6089.06, 90=11431, 99=15575, 99.9=15575, 99.99=15575] 
2020-09-29 16:49:49:291 170 sec: 755547 operations; 4545.6 current ops/sec; est completion in 34 minutes [READ: Count=45448, Max=3248127, Min=0, Avg=56343.4, 90=103807, 99=846847, 99.9=2026495, 99.99=3037183] [READ-MODIFY-WRITE: Count=22798, Max=3149823, Min=2, Avg=59903.21, 90=119295, 99=889855, 99.9=2073599, 99.99=3041279] [UPDATE: Count=22809, Max=233215, Min=0, Avg=2941.21, 90=7507, 99=46399, 99.9=150015, 99.99=213375] [READ-FAILED: Count=14, Max=72383, Min=1963, Avg=9345.86, 90=9367, 99=72383, 99.9=72383, 99.99=72383] 
2020-09-29 16:49:59:291 180 sec: 807390 operations; 5184.3 current ops/sec; est completion in 34 minutes [READ: Count=51819, Max=2211839, Min=0, Avg=48791.81, 90=91199, 99=804863, 99.9=1688575, 99.99=2111487] [READ-MODIFY-WRITE: Count=25967, Max=2215935, Min=2, Avg=51215.68, 90=101311, 99=844799, 99.9=1695743, 99.99=2115583] [UPDATE: Count=25964, Max=239743, Min=0, Avg=1873.58, 90=5943, 99=23791, 99.9=86591, 99.99=196863] [READ-FAILED: Count=16, Max=21391, Min=1967, Avg=7157.19, 90=10279, 99=21391, 99.9=21391, 99.99=21391] 
2020-09-29 16:50:09:291 190 sec: 853191 operations; 4580.1 current ops/sec; est completion in 33 minutes [READ: Count=45854, Max=2115583, Min=0, Avg=54356.59, 90=124991, 99=700415, 99.9=1428479, 99.99=1842175] [READ-MODIFY-WRITE: Count=22890, Max=2119679, Min=2, Avg=57311.94, 90=137087, 99=719359, 99.9=1400831, 99.99=1950719] [UPDATE: Count=22888, Max=391167, Min=0, Avg=2541.43, 90=6443, 99=37247, 99.9=187007, 99.99=326655] [READ-FAILED: Count=9, Max=11191, Min=2440, Avg=6826, 90=10631, 99=11191, 99.9=11191, 99.99=11191] 
2020-09-29 16:50:19:291 200 sec: 899438 operations; 4625.16 current ops/sec; est completion in 33 minutes [READ: Count=46176, Max=2674687, Min=0, Avg=54318.64, 90=100287, 99=801791, 99.9=1787903, 99.99=2160639] [READ-MODIFY-WRITE: Count=23260, Max=2691071, Min=2, Avg=54680.16, 90=108287, 99=780287, 99.9=1687551, 99.99=2166783] [UPDATE: Count=23253, Max=459263, Min=0, Avg=2499.87, 90=6039, 99=39007, 99.9=160639, 99.99=368383] [READ-FAILED: Count=11, Max=89343, Min=2812, Avg=20874.82, 90=50271, 99=89343, 99.9=89343, 99.99=89343] 
2020-09-29 16:50:29:291 210 sec: 949018 operations; 4958 current ops/sec; est completion in 33 minutes [READ: Count=49569, Max=3055615, Min=0, Avg=49564.35, 90=101247, 99=741375, 99.9=1914879, 99.99=2488319] [READ-MODIFY-WRITE: Count=24762, Max=2549759, Min=1, Avg=50202.07, 90=109247, 99=723455, 99.9=1744895, 99.99=2306047] [UPDATE: Count=24756, Max=502015, Min=0, Avg=2165.52, 90=5131, 99=26303, 99.9=202623, 99.99=500991] [READ-FAILED: Count=12, Max=150783, Min=3246, Avg=18847.75, 90=15463, 99=150783, 99.9=150783, 99.99=150783] 
2020-09-29 16:50:39:291 220 sec: 997553 operations; 4853.5 current ops/sec; est completion in 33 minutes [READ: Count=48521, Max=1844223, Min=0, Avg=52589.91, 90=113983, 99=730111, 99.9=1460223, 99.99=1773567] [READ-MODIFY-WRITE: Count=24210, Max=1872895, Min=3, Avg=54745.67, 90=124415, 99=737791, 99.9=1389567, 99.99=1799167] [UPDATE: Count=24235, Max=609791, Min=1, Avg=2200.15, 90=6087, 99=29519, 99.9=129983, 99.99=463103] [READ-FAILED: Count=16, Max=34367, Min=2218, Avg=9749.62, 90=21039, 99=34367, 99.9=34367, 99.99=34367] 
2020-09-29 16:50:49:291 230 sec: 1050115 operations; 5256.2 current ops/sec; est completion in 32 minutes [READ: Count=52537, Max=1919999, Min=0, Avg=46261.57, 90=94975, 99=610815, 99.9=1169407, 99.99=1861631] [READ-MODIFY-WRITE: Count=26179, Max=1885183, Min=1, Avg=49775.55, 90=110335, 99=627199, 99.9=1197055, 99.99=1689599] [UPDATE: Count=26159, Max=503039, Min=0, Avg=3555.78, 90=7607, 99=63231, 99.9=240511, 99.99=457215] [READ-FAILED: Count=17, Max=110399, Min=2948, Avg=16959.35, 90=27167, 99=110399, 99.9=110399, 99.99=110399] 
2020-09-29 16:50:59:291 240 sec: 1093879 operations; 4376.4 current ops/sec; est completion in 32 minutes [READ: Count=43759, Max=3782655, Min=0, Avg=57291.25, 90=109695, 99=894463, 99.9=2316287, 99.99=2920447] [READ-MODIFY-WRITE: Count=21946, Max=3805183, Min=2, Avg=59877.04, 90=120959, 99=941055, 99.9=2344959, 99.99=2981887] [UPDATE: Count=21940, Max=276479, Min=0, Avg=2197.52, 90=5155, 99=29295, 99.9=193151, 99.99=268799] [READ-FAILED: Count=13, Max=80959, Min=1607, Avg=9634.08, 90=10847, 99=80959, 99.9=80959, 99.99=80959] 
2020-09-29 16:51:09:291 250 sec: 1145521 operations; 5163.68 current ops/sec; est completion in 32 minutes [READ: Count=51632, Max=1612799, Min=0, Avg=49091.93, 90=98431, 99=685567, 99.9=1290239, 99.99=1547263] [READ-MODIFY-WRITE: Count=25739, Max=1619967, Min=1, Avg=51757.55, 90=109247, 99=723455, 99.9=1333247, 99.99=1571839] [UPDATE: Count=25740, Max=572927, Min=0, Avg=2637.11, 90=6323, 99=39103, 99.9=250751, 99.99=508159] [READ-FAILED: Count=15, Max=15775, Min=2488, Avg=6818.33, 90=15591, 99=15775, 99.9=15775, 99.99=15775] 
2020-09-29 16:51:19:291 260 sec: 1194498 operations; 4898.19 current ops/sec; est completion in 31 minutes [READ: Count=48961, Max=2478079, Min=0, Avg=49573.26, 90=92159, 99=679935, 99.9=1598463, 99.99=2236415] [READ-MODIFY-WRITE: Count=24509, Max=2234367, Min=2, Avg=51967.3, 90=107455, 99=687615, 99.9=1606655, 99.99=2063359] [UPDATE: Count=24516, Max=451583, Min=0, Avg=3045.64, 90=6627, 99=59071, 99.9=144895, 99.99=254335] [READ-FAILED: Count=13, Max=97215, Min=2040, Avg=15480.38, 90=26623, 99=97215, 99.9=97215, 99.99=97215] 
2020-09-29 16:51:29:291 270 sec: 1236686 operations; 4218.8 current ops/sec; est completion in 31 minutes [READ: Count=42172, Max=2443263, Min=0, Avg=59965.11, 90=124543, 99=890367, 99.9=1923071, 99.99=2387967] [READ-MODIFY-WRITE: Count=21129, Max=2447359, Min=2, Avg=62471.7, 90=136191, 99=892927, 99.9=1938431, 99.99=2367487] [UPDATE: Count=21119, Max=245631, Min=0, Avg=2158.88, 90=5327, 99=32527, 99.9=134399, 99.99=225023] [READ-FAILED: Count=8, Max=14503, Min=2768, Avg=5387.25, 90=6555, 99=14503, 99.9=14503, 99.99=14503] 
2020-09-29 16:51:39:291 280 sec: 1288104 operations; 5141.29 current ops/sec; est completion in 31 minutes [READ: Count=51398, Max=2069503, Min=0, Avg=48816.07, 90=91711, 99=722431, 99.9=1468415, 99.99=1848319] [READ-MODIFY-WRITE: Count=25748, Max=1938431, Min=1, Avg=51937.53, 90=104767, 99=759807, 99.9=1561599, 99.99=1871871] [UPDATE: Count=25754, Max=485631, Min=0, Avg=2551.69, 90=6235, 99=42175, 99.9=168063, 99.99=308223] [READ-FAILED: Count=21, Max=19727, Min=2148, Avg=7369.86, 90=13415, 99=19727, 99.9=19727, 99.99=19727] 
2020-09-29 16:51:49:291 290 sec: 1335238 operations; 4713.87 current ops/sec; est completion in 31 minutes [READ: Count=47119, Max=2021375, Min=0, Avg=52016.84, 90=95103, 99=784383, 99.9=1612799, 99.99=1865727] [READ-MODIFY-WRITE: Count=23484, Max=2026495, Min=2, Avg=55443.8, 90=109759, 99=807423, 99.9=1633279, 99.99=1892351] [UPDATE: Count=23478, Max=387583, Min=1, Avg=2671.9, 90=5983, 99=42175, 99.9=198143, 99.99=371199] [READ-FAILED: Count=15, Max=9551, Min=2188, Avg=5586.93, 90=8071, 99=9551, 99.9=9551, 99.99=9551] 
2020-09-29 16:51:59:291 300 sec: 1387690 operations; 5245.2 current ops/sec; est completion in 31 minutes [READ: Count=52443, Max=2516991, Min=0, Avg=49196.97, 90=104383, 99=637951, 99.9=1605631, 99.99=2365439] [READ-MODIFY-WRITE: Count=26391, Max=2437119, Min=2, Avg=52419.63, 90=117503, 99=665599, 99.9=1699839, 99.99=2271231] [UPDATE: Count=26408, Max=289535, Min=0, Avg=2570.55, 90=7235, 99=37759, 99.9=152319, 99.99=245119] [READ-FAILED: Count=16, Max=74815, Min=2080, Avg=14163.81, 90=23919, 99=74815, 99.9=74815, 99.99=74815] 
Maximum time elapsed. Requesting stop for the workload.
Stop requested for workload. Now Joining!
[36m16:52:00.112[m [[34;1mINFO[m] [1;34mp.u.t.s.y.Stats.clientFinished@38[m: 
Ended SconeKV benchmark.
Number of clients: 256
Total transactions: 307002
Committed: 193238 (62.943565%)
Aborted: 113764 (37.05644%)
2020-09-29 16:52:00:118 300 sec: 1388977 operations; 1556.23 current ops/sec; est completion in 31 minutes [READ: Count=1277, Max=959487, Min=1, Avg=106645.78, 90=340223, 99=814591, 99.9=916991, 99.99=959487] [READ-MODIFY-WRITE: Count=624, Max=962559, Min=5, Avg=116543.39, 90=526847, 99=908799, 99.9=921087, 99.99=962559] [CLEANUP: Count=256, Max=4743, Min=2, Avg=21.62, 90=4, 99=15, 99.9=4743, 99.99=4743] [UPDATE: Count=606, Max=67263, Min=1, Avg=2402.23, 90=7047, 99=18559, 99.9=49599, 99.99=67263] [READ-FAILED: Count=0, Max=0, Min=9223372036854775807, Avg=NaN, 90=0, 99=0, 99.9=0, 99.99=0] 
[OVERALL], RunTime(ms), 300831
[OVERALL], Throughput(ops/sec), 4617.133872506491
[TOTAL_GCS_G1_Young_Generation], Count, 147
[TOTAL_GC_TIME_G1_Young_Generation], Time(ms), 3857
[TOTAL_GC_TIME_%_G1_Young_Generation], Time(%), 1.2821152075417759
[TOTAL_GCS_G1_Old_Generation], Count, 0
[TOTAL_GC_TIME_G1_Old_Generation], Time(ms), 0
[TOTAL_GC_TIME_%_G1_Old_Generation], Time(%), 0.0
[TOTAL_GCs], Count, 147
[TOTAL_GC_TIME], Time(ms), 3857
[TOTAL_GC_TIME_%], Time(%), 1.2821152075417759
[READ], Operations, 1388557
[READ], AverageLatency(us), 52317.77223189253
[READ], MinLatency(us), 0
[READ], MaxLatency(us), 3782655
[READ], 95thPercentileLatency(us), 234111
[READ], 99thPercentileLatency(us), 730623
[READ], Return=OK, 1388557
[READ], Return=NOT_FOUND, 420
[READ-MODIFY-WRITE], Operations, 695327
[READ-MODIFY-WRITE], AverageLatency(us), 55215.43633570967
[READ-MODIFY-WRITE], MinLatency(us), 1
[READ-MODIFY-WRITE], MaxLatency(us), 3805183
[READ-MODIFY-WRITE], 95thPercentileLatency(us), 253567
[READ-MODIFY-WRITE], 99thPercentileLatency(us), 758271
[CLEANUP], Operations, 256
[CLEANUP], AverageLatency(us), 21.6171875
[CLEANUP], MinLatency(us), 2
[CLEANUP], MaxLatency(us), 4743
[CLEANUP], 95thPercentileLatency(us), 6
[CLEANUP], 99thPercentileLatency(us), 15
[UPDATE], Operations, 695327
[UPDATE], AverageLatency(us), 2747.5653383228323
[UPDATE], MinLatency(us), 0
[UPDATE], MaxLatency(us), 1255423
[UPDATE], 95thPercentileLatency(us), 11895
[UPDATE], 99thPercentileLatency(us), 41695
[UPDATE], Return=OK, 695327
[READ-FAILED], Operations, 420
[READ-FAILED], AverageLatency(us), 12391.819047619048
[READ-FAILED], MinLatency(us), 1607
[READ-FAILED], MaxLatency(us), 199679
[READ-FAILED], 95thPercentileLatency(us), 46239
[READ-FAILED], 99thPercentileLatency(us), 101695
