Command line: -t -db pt.ulisboa.tecnico.sconekv.ycsb.SconeKVClient -P workloadc -threads 16 -s -p scone.tx_size=5 -p operationcount=10000000 -p maxexecutiontime=300
YCSB Client 0.17.0

Loading workload...
Starting test.
WARNING: sun.reflect.Reflection.getCallerClass is not supported. This will impact performance.
2020-09-29 13:03:06:964 0 sec: 0 operations; est completion in 0 second 
Maximum execution time specified as: 300 secs
DBWrapper: report latency for each error is false and specific error codes to track for latency are: []
DBWrapper: report latency for each error is false and specific error codes to track for latency are: []
DBWrapper: report latency for each error is false and specific error codes to track for latency are: []
DBWrapper: report latency for each error is false and specific error codes to track for latency are: []
DBWrapper: report latency for each error is false and specific error codes to track for latency are: []
DBWrapper: report latency for each error is false and specific error codes to track for latency are: []
DBWrapper: report latency for each error is false and specific error codes to track for latency are: []
DBWrapper: report latency for each error is false and specific error codes to track for latency are: []
DBWrapper: report latency for each error is false and specific error codes to track for latency are: []
DBWrapper: report latency for each error is false and specific error codes to track for latency are: []
DBWrapper: report latency for each error is false and specific error codes to track for latency are: []
DBWrapper: report latency for each error is false and specific error codes to track for latency are: []
DBWrapper: report latency for each error is false and specific error codes to track for latency are: []
DBWrapper: report latency for each error is false and specific error codes to track for latency are: []
DBWrapper: report latency for each error is false and specific error codes to track for latency are: []
DBWrapper: report latency for each error is false and specific error codes to track for latency are: []
2020-09-29 13:03:16:956 10 sec: 14278 operations; 1427.66 current ops/sec; est completion in 1 hour 56 minutes [READ: Count=14261, Max=563711, Min=2, Avg=9516.17, 90=18495, 99=43519, 99.9=537599, 99.99=562175] [READ-FAILED: Count=17, Max=14791, Min=2096, Avg=4109.76, 90=4979, 99=14791, 99.9=14791, 99.99=14791] 
2020-09-29 13:03:26:955 20 sec: 32068 operations; 1779.18 current ops/sec; est completion in 1 hour 43 minutes [READ: Count=17772, Max=579071, Min=4, Avg=8869.78, 90=16815, 99=39295, 99.9=535551, 99.99=553471] [READ-FAILED: Count=19, Max=3923, Min=1742, Avg=2750.42, 90=3291, 99=3923, 99.9=3923, 99.99=3923] 
2020-09-29 13:03:36:955 30 sec: 52458 operations; 2039 current ops/sec; est completion in 1 hour 34 minutes [READ: Count=20363, Max=538623, Min=3, Avg=7815.9, 90=15887, 99=30127, 99.9=523775, 99.99=536063] [READ-FAILED: Count=27, Max=5467, Min=1839, Avg=2843.81, 90=3577, 99=5467, 99.9=5467, 99.99=5467] 
2020-09-29 13:03:46:956 40 sec: 68804 operations; 1634.6 current ops/sec; est completion in 1 hour 36 minutes [READ: Count=16326, Max=620543, Min=3, Avg=9816.66, 90=16959, 99=58047, 99.9=544767, 99.99=600063] [READ-FAILED: Count=21, Max=6131, Min=1949, Avg=2828.57, 90=3135, 99=6131, 99.9=6131, 99.99=6131] 
2020-09-29 13:03:56:955 50 sec: 81868 operations; 1306.4 current ops/sec; est completion in 1 hour 40 minutes [READ: Count=13049, Max=601087, Min=3, Avg=12192.09, 90=19631, 99=124607, 99.9=554495, 99.99=594943] [READ-FAILED: Count=14, Max=4319, Min=1981, Avg=2709, 90=4147, 99=4319, 99.9=4319, 99.99=4319] 
2020-09-29 13:04:06:955 60 sec: 101282 operations; 1941.4 current ops/sec; est completion in 1 hour 37 minutes [READ: Count=19390, Max=564223, Min=3, Avg=8314.31, 90=16327, 99=36959, 99.9=532479, 99.99=556543] [READ-FAILED: Count=24, Max=30863, Min=1365, Avg=3805.17, 90=3409, 99=30863, 99.9=30863, 99.99=30863] 
2020-09-29 13:04:16:956 70 sec: 121095 operations; 1981.3 current ops/sec; est completion in 1 hour 35 minutes [READ: Count=19787, Max=570367, Min=3, Avg=8033.39, 90=15879, 99=43199, 99.9=528895, 99.99=548863] [READ-FAILED: Count=26, Max=7747, Min=1667, Avg=2843.58, 90=3245, 99=7747, 99.9=7747, 99.99=7747] 
2020-09-29 13:04:26:956 80 sec: 139999 operations; 1890.4 current ops/sec; est completion in 1 hour 33 minutes [READ: Count=18882, Max=564735, Min=3, Avg=8507.45, 90=16815, 99=40607, 99.9=531967, 99.99=561151] [READ-FAILED: Count=24, Max=6123, Min=1743, Avg=2820.42, 90=3609, 99=6123, 99.9=6123, 99.99=6123] 
2020-09-29 13:04:36:955 90 sec: 160826 operations; 2082.7 current ops/sec; est completion in 1 hour 31 minutes [READ: Count=20797, Max=564735, Min=3, Avg=7726.47, 90=15735, 99=36831, 99.9=525823, 99.99=550399] [READ-FAILED: Count=28, Max=8351, Min=1897, Avg=2917.04, 90=3721, 99=8351, 99.9=8351, 99.99=8351] 
2020-09-29 13:04:46:955 100 sec: 181893 operations; 2106.7 current ops/sec; est completion in 1 hour 29 minutes [READ: Count=21041, Max=553471, Min=3, Avg=7519.12, 90=16447, 99=35263, 99.9=525823, 99.99=543743] [READ-FAILED: Count=26, Max=36639, Min=1983, Avg=3973.54, 90=3425, 99=36639, 99.9=36639, 99.99=36639] 
2020-09-29 13:04:56:956 110 sec: 201396 operations; 1950.3 current ops/sec; est completion in 1 hour 29 minutes [READ: Count=19487, Max=621055, Min=3, Avg=8310.31, 90=15431, 99=38207, 99.9=535551, 99.99=619007] [READ-FAILED: Count=17, Max=5479, Min=2012, Avg=2772.47, 90=3051, 99=5479, 99.9=5479, 99.99=5479] 
2020-09-29 13:05:06:955 120 sec: 222293 operations; 2089.7 current ops/sec; est completion in 1 hour 27 minutes [READ: Count=20862, Max=544255, Min=3, Avg=7615.03, 90=16151, 99=33087, 99.9=524799, 99.99=540159] [READ-FAILED: Count=35, Max=7255, Min=1757, Avg=2948.63, 90=3743, 99=7255, 99.9=7255, 99.99=7255] 
2020-09-29 13:05:16:956 130 sec: 242096 operations; 1980.3 current ops/sec; est completion in 1 hour 27 minutes [READ: Count=19776, Max=550911, Min=3, Avg=7987.92, 90=16367, 99=35263, 99.9=523007, 99.99=541695] [READ-FAILED: Count=25, Max=3413, Min=1818, Avg=2352.88, 90=2781, 99=3413, 99.9=3413, 99.99=3413] 
2020-09-29 13:05:26:956 140 sec: 261947 operations; 1985.1 current ops/sec; est completion in 1 hour 26 minutes [READ: Count=19833, Max=546303, Min=3, Avg=8155.12, 90=15847, 99=35231, 99.9=523775, 99.99=540159] [READ-FAILED: Count=20, Max=4235, Min=1707, Avg=2764.95, 90=3209, 99=4235, 99.9=4235, 99.99=4235] 
2020-09-29 13:05:36:955 150 sec: 282088 operations; 2014.1 current ops/sec; est completion in 1 hour 26 minutes [READ: Count=20121, Max=587775, Min=3, Avg=7994.22, 90=15855, 99=33983, 99.9=525823, 99.99=573951] [READ-FAILED: Count=21, Max=3775, Min=1866, Avg=2523.29, 90=3285, 99=3775, 99.9=3775, 99.99=3775] 
2020-09-29 13:05:46:956 160 sec: 302839 operations; 2074.89 current ops/sec; est completion in 1 hour 25 minutes [READ: Count=20730, Max=563711, Min=2, Avg=7650.1, 90=16055, 99=34399, 99.9=529407, 99.99=552959] [READ-FAILED: Count=18, Max=3501, Min=1973, Avg=2541.22, 90=3087, 99=3501, 99.9=3501, 99.99=3501] 
2020-09-29 13:05:56:956 170 sec: 322868 operations; 2003.1 current ops/sec; est completion in 1 hour 24 minutes [READ: Count=19996, Max=563711, Min=3, Avg=7954.31, 90=15815, 99=35807, 99.9=531967, 99.99=548351] [READ-FAILED: Count=33, Max=3847, Min=1923, Avg=2752.27, 90=3673, 99=3847, 99.9=3847, 99.99=3847] 
2020-09-29 13:06:06:955 180 sec: 343709 operations; 2084.1 current ops/sec; est completion in 1 hour 24 minutes [READ: Count=20812, Max=549375, Min=3, Avg=7767.75, 90=16239, 99=38271, 99.9=524287, 99.99=544767] [READ-FAILED: Count=29, Max=3509, Min=2015, Avg=2699.76, 90=3171, 99=3509, 99.9=3509, 99.99=3509] 
2020-09-29 13:06:16:955 190 sec: 364097 operations; 2038.8 current ops/sec; est completion in 1 hour 23 minutes [READ: Count=20359, Max=567807, Min=3, Avg=7856.11, 90=15999, 99=32463, 99.9=527871, 99.99=563199] [READ-FAILED: Count=30, Max=4823, Min=1770, Avg=2692.6, 90=3417, 99=4823, 99.9=4823, 99.99=4823] 
2020-09-29 13:06:26:955 200 sec: 384489 operations; 2039.2 current ops/sec; est completion in 1 hour 23 minutes [READ: Count=20366, Max=560639, Min=2, Avg=7760.27, 90=15839, 99=35807, 99.9=526335, 99.99=553471] [READ-FAILED: Count=25, Max=3629, Min=1868, Avg=2559.44, 90=3245, 99=3629, 99.9=3629, 99.99=3629] 
2020-09-29 13:06:36:956 210 sec: 405326 operations; 2083.7 current ops/sec; est completion in 1 hour 22 minutes [READ: Count=20821, Max=542207, Min=3, Avg=7731.16, 90=16007, 99=35071, 99.9=524287, 99.99=533503] [READ-FAILED: Count=16, Max=6403, Min=1821, Avg=2816.38, 90=3295, 99=6403, 99.9=6403, 99.99=6403] 
2020-09-29 13:06:46:955 220 sec: 426051 operations; 2072.5 current ops/sec; est completion in 1 hour 22 minutes [READ: Count=20693, Max=556031, Min=3, Avg=7747.46, 90=16335, 99=33375, 99.9=524287, 99.99=545791] [READ-FAILED: Count=34, Max=8983, Min=1747, Avg=2668.38, 90=2957, 99=8983, 99.9=8983, 99.99=8983] 
2020-09-29 13:06:56:955 230 sec: 446891 operations; 2084 current ops/sec; est completion in 1 hour 21 minutes [READ: Count=20814, Max=550911, Min=3, Avg=7654.65, 90=15919, 99=34175, 99.9=523263, 99.99=548863] [READ-FAILED: Count=27, Max=10199, Min=1742, Avg=2714.44, 90=2953, 99=10199, 99.9=10199, 99.99=10199] 
2020-09-29 13:07:06:955 240 sec: 467748 operations; 2085.7 current ops/sec; est completion in 1 hour 21 minutes [READ: Count=20834, Max=565759, Min=2, Avg=7674.4, 90=16295, 99=32079, 99.9=523007, 99.99=561151] [READ-FAILED: Count=22, Max=7127, Min=1865, Avg=2703.09, 90=3203, 99=7127, 99.9=7127, 99.99=7127] 
2020-09-29 13:07:16:955 250 sec: 488796 operations; 2104.8 current ops/sec; est completion in 1 hour 21 minutes [READ: Count=21022, Max=547327, Min=3, Avg=7572.11, 90=16023, 99=33119, 99.9=526847, 99.99=543231] [READ-FAILED: Count=25, Max=7135, Min=1803, Avg=2615.84, 90=2949, 99=7135, 99.9=7135, 99.99=7135] 
2020-09-29 13:07:26:955 260 sec: 507291 operations; 1849.5 current ops/sec; est completion in 1 hour 21 minutes [READ: Count=18475, Max=989695, Min=3, Avg=8614.83, 90=16007, 99=36703, 99.9=529407, 99.99=550399] [READ-FAILED: Count=19, Max=3363, Min=1471, Avg=2465.95, 90=3065, 99=3363, 99.9=3363, 99.99=3363] 
2020-09-29 13:07:36:955 270 sec: 528851 operations; 2156 current ops/sec; est completion in 1 hour 20 minutes [READ: Count=21539, Max=565759, Min=3, Avg=7471.28, 90=16175, 99=33151, 99.9=524799, 99.99=557567] [READ-FAILED: Count=24, Max=10631, Min=1774, Avg=2999.71, 90=4287, 99=10631, 99.9=10631, 99.99=10631] 
2020-09-29 13:07:46:956 280 sec: 550284 operations; 2143.3 current ops/sec; est completion in 1 hour 20 minutes [READ: Count=21406, Max=572415, Min=3, Avg=7503.24, 90=15991, 99=33215, 99.9=527871, 99.99=553983] [READ-FAILED: Count=24, Max=3721, Min=1749, Avg=2444.21, 90=3151, 99=3721, 99.9=3721, 99.99=3721] 
2020-09-29 13:07:56:956 290 sec: 571485 operations; 2120.1 current ops/sec; est completion in 1 hour 19 minutes [READ: Count=21172, Max=568319, Min=3, Avg=7529.94, 90=16367, 99=35967, 99.9=525311, 99.99=556031] [READ-FAILED: Count=30, Max=12071, Min=1917, Avg=2952.27, 90=3547, 99=12071, 99.9=12071, 99.99=12071] 
2020-09-29 13:08:06:955 300 sec: 592427 operations; 2094.2 current ops/sec; est completion in 1 hour 19 minutes [READ: Count=20923, Max=584703, Min=2, Avg=7658.33, 90=16287, 99=32383, 99.9=519167, 99.99=571391] [READ-FAILED: Count=19, Max=6195, Min=1963, Avg=2777.21, 90=3311, 99=6195, 99.9=6195, 99.99=6195] 
Maximum time elapsed. Requesting stop for the workload.
Stop requested for workload. Now Joining!
[36m13:08:06.993[m [[34;1mINFO[m] [1;34mp.u.t.s.y.Stats.clientFinished@38[m: 
Ended SconeKV benchmark.
Number of clients: 16
Total transactions: 117870
Committed: 117870 (100.0%)
Aborted: 0 (0.0%)
2020-09-29 13:08:06:994 300 sec: 592510 operations; 2128.21 current ops/sec; est completion in 1 hour 19 minutes [READ: Count=82, Max=19407, Min=1547, Avg=6344.65, 90=17231, 99=18783, 99.9=19407, 99.99=19407] [CLEANUP: Count=16, Max=1605, Min=3, Avg=104.06, 90=7, 99=1605, 99.9=1605, 99.99=1605] [READ-FAILED: Count=0, Max=0, Min=9223372036854775807, Avg=NaN, 90=0, 99=0, 99.9=0, 99.99=0] 
[OVERALL], RunTime(ms), 300039
[OVERALL], Throughput(ops/sec), 1974.7766123737247
[TOTAL_GCS_G1_Young_Generation], Count, 107
[TOTAL_GC_TIME_G1_Young_Generation], Time(ms), 659
[TOTAL_GC_TIME_%_G1_Young_Generation], Time(%), 0.21963811371188413
[TOTAL_GCS_G1_Old_Generation], Count, 0
[TOTAL_GC_TIME_G1_Old_Generation], Time(ms), 0
[TOTAL_GC_TIME_%_G1_Old_Generation], Time(%), 0.0
[TOTAL_GCs], Count, 107
[TOTAL_GC_TIME], Time(ms), 659
[TOTAL_GC_TIME_%], Time(%), 0.21963811371188413
[READ], Operations, 591791
[READ], AverageLatency(us), 8061.605139314386
[READ], MinLatency(us), 2
[READ], MaxLatency(us), 989695
[READ], 95thPercentileLatency(us), 19263
[READ], 99thPercentileLatency(us), 37663
[READ], Return=OK, 591791
[READ], Return=NOT_FOUND, 719
[CLEANUP], Operations, 16
[CLEANUP], AverageLatency(us), 104.0625
[CLEANUP], MinLatency(us), 3
[CLEANUP], MaxLatency(us), 1605
[CLEANUP], 95thPercentileLatency(us), 11
[CLEANUP], 99thPercentileLatency(us), 1605
[READ-FAILED], Operations, 719
[READ-FAILED], AverageLatency(us), 2842.865090403338
[READ-FAILED], MinLatency(us), 1365
[READ-FAILED], MaxLatency(us), 36639
[READ-FAILED], 95thPercentileLatency(us), 4147
[READ-FAILED], 99thPercentileLatency(us), 8823
