Command line: -t -db pt.ulisboa.tecnico.sconekv.ycsb.SconeKVClient -P workloadc -threads 16 -s -p scone.tx_size=5 -p operationcount=10000000 -p maxexecutiontime=300
YCSB Client 0.17.0

Loading workload...
Starting test.
WARNING: sun.reflect.Reflection.getCallerClass is not supported. This will impact performance.
2020-09-29 13:08:08:649 0 sec: 0 operations; est completion in 0 second 
Maximum execution time specified as: 300 secs
DBWrapper: report latency for each error is false and specific error codes to track for latency are: []
DBWrapper: report latency for each error is false and specific error codes to track for latency are: []
DBWrapper: report latency for each error is false and specific error codes to track for latency are: []
DBWrapper: report latency for each error is false and specific error codes to track for latency are: []
DBWrapper: report latency for each error is false and specific error codes to track for latency are: []
DBWrapper: report latency for each error is false and specific error codes to track for latency are: []
DBWrapper: report latency for each error is false and specific error codes to track for latency are: []
DBWrapper: report latency for each error is false and specific error codes to track for latency are: []
DBWrapper: report latency for each error is false and specific error codes to track for latency are: []
DBWrapper: report latency for each error is false and specific error codes to track for latency are: []
DBWrapper: report latency for each error is false and specific error codes to track for latency are: []
DBWrapper: report latency for each error is false and specific error codes to track for latency are: []
DBWrapper: report latency for each error is false and specific error codes to track for latency are: []
DBWrapper: report latency for each error is false and specific error codes to track for latency are: []
DBWrapper: report latency for each error is false and specific error codes to track for latency are: []
DBWrapper: report latency for each error is false and specific error codes to track for latency are: []
2020-09-29 13:08:18:650 10 sec: 16344 operations; 1634.24 current ops/sec; est completion in 1 hour 41 minutes [READ: Count=16322, Max=564735, Min=2, Avg=8308.8, 90=17263, 99=38047, 99.9=534527, 99.99=562687] [READ-FAILED: Count=22, Max=28111, Min=1723, Avg=5123.68, 90=11063, 99=28111, 99.9=28111, 99.99=28111] 
2020-09-29 13:08:28:649 20 sec: 37699 operations; 2135.71 current ops/sec; est completion in 1 hour 28 minutes [READ: Count=21329, Max=560127, Min=3, Avg=7536.39, 90=16527, 99=33055, 99.9=526335, 99.99=553983] [READ-FAILED: Count=28, Max=10695, Min=1668, Avg=2908.11, 90=3365, 99=10695, 99.9=10695, 99.99=10695] 
2020-09-29 13:08:38:650 30 sec: 57084 operations; 1938.31 current ops/sec; est completion in 1 hour 27 minutes [READ: Count=19360, Max=550911, Min=3, Avg=8242.89, 90=16111, 99=36127, 99.9=532991, 99.99=549887] [READ-FAILED: Count=23, Max=4029, Min=2034, Avg=2659.57, 90=3317, 99=4029, 99.9=4029, 99.99=4029] 
2020-09-29 13:08:48:649 40 sec: 77276 operations; 2019.4 current ops/sec; est completion in 1 hour 25 minutes [READ: Count=20170, Max=554495, Min=3, Avg=7947.25, 90=16431, 99=37663, 99.9=520959, 99.99=534527] [READ-FAILED: Count=23, Max=48575, Min=2023, Avg=4851.48, 90=4443, 99=48575, 99.9=48575, 99.99=48575] 
2020-09-29 13:08:58:649 50 sec: 97377 operations; 2010.1 current ops/sec; est completion in 1 hour 24 minutes [READ: Count=20071, Max=555007, Min=3, Avg=7849.74, 90=15967, 99=36543, 99.9=523775, 99.99=546303] [READ-FAILED: Count=30, Max=5731, Min=1681, Avg=2668.9, 90=3593, 99=5731, 99.9=5731, 99.99=5731] 
2020-09-29 13:09:08:649 60 sec: 116973 operations; 1959.6 current ops/sec; est completion in 1 hour 24 minutes [READ: Count=19568, Max=555007, Min=3, Avg=8229.23, 90=16111, 99=43359, 99.9=528895, 99.99=538623] [READ-FAILED: Count=27, Max=10191, Min=1876, Avg=2955.44, 90=4001, 99=10191, 99.9=10191, 99.99=10191] 
2020-09-29 13:09:18:649 70 sec: 136942 operations; 1996.9 current ops/sec; est completion in 1 hour 24 minutes [READ: Count=19947, Max=567807, Min=3, Avg=7983.19, 90=15815, 99=35775, 99.9=522751, 99.99=556543] [READ-FAILED: Count=26, Max=8239, Min=1707, Avg=2614.92, 90=2835, 99=8239, 99.9=8239, 99.99=8239] 
2020-09-29 13:09:28:649 80 sec: 157911 operations; 2096.9 current ops/sec; est completion in 1 hour 23 minutes [READ: Count=20944, Max=593919, Min=3, Avg=7679.03, 90=16015, 99=39967, 99.9=526847, 99.99=591359] [READ-FAILED: Count=23, Max=3429, Min=2043, Avg=2614.83, 90=3381, 99=3429, 99.9=3429, 99.99=3429] 
2020-09-29 13:09:38:649 90 sec: 176270 operations; 1835.9 current ops/sec; est completion in 1 hour 23 minutes [READ: Count=18331, Max=568319, Min=3, Avg=8623.08, 90=16047, 99=44095, 99.9=529407, 99.99=562687] [READ-FAILED: Count=26, Max=16447, Min=1934, Avg=3075.54, 90=3225, 99=16447, 99.9=16447, 99.99=16447] 
2020-09-29 13:09:48:649 100 sec: 196749 operations; 2047.9 current ops/sec; est completion in 1 hour 23 minutes [READ: Count=20462, Max=560127, Min=3, Avg=7844.69, 90=16175, 99=34783, 99.9=529919, 99.99=557055] [READ-FAILED: Count=17, Max=4179, Min=1919, Avg=2539.94, 90=2853, 99=4179, 99.9=4179, 99.99=4179] 
2020-09-29 13:09:58:649 110 sec: 217037 operations; 2028.8 current ops/sec; est completion in 1 hour 22 minutes [READ: Count=20264, Max=586751, Min=3, Avg=7924.02, 90=16415, 99=36639, 99.9=536063, 99.99=561151] [READ-FAILED: Count=26, Max=47743, Min=1946, Avg=4682.54, 90=3867, 99=47743, 99.9=47743, 99.99=47743] 
2020-09-29 13:10:08:648 120 sec: 238204 operations; 2116.7 current ops/sec; est completion in 1 hour 21 minutes [READ: Count=21138, Max=553983, Min=3, Avg=7498.44, 90=16303, 99=35007, 99.9=521215, 99.99=548351] [READ-FAILED: Count=27, Max=14863, Min=2015, Avg=3374.04, 90=3205, 99=14863, 99.9=14863, 99.99=14863] 
2020-09-29 13:10:18:648 130 sec: 258169 operations; 1996.5 current ops/sec; est completion in 1 hour 21 minutes [READ: Count=19933, Max=563711, Min=3, Avg=8090.2, 90=16463, 99=33919, 99.9=527871, 99.99=553983] [READ-FAILED: Count=35, Max=5323, Min=1907, Avg=2690.51, 90=3585, 99=5323, 99.9=5323, 99.99=5323] 
2020-09-29 13:10:28:649 140 sec: 278669 operations; 2050 current ops/sec; est completion in 1 hour 21 minutes [READ: Count=20476, Max=553471, Min=2, Avg=7835.78, 90=16207, 99=38335, 99.9=527871, 99.99=548863] [READ-FAILED: Count=23, Max=5115, Min=1751, Avg=2587.87, 90=3297, 99=5115, 99.9=5115, 99.99=5115] 
2020-09-29 13:10:38:649 150 sec: 299068 operations; 2039.9 current ops/sec; est completion in 1 hour 21 minutes [READ: Count=20375, Max=567295, Min=3, Avg=7823.47, 90=16343, 99=33855, 99.9=525311, 99.99=557055] [READ-FAILED: Count=25, Max=4001, Min=1730, Avg=2829.2, 90=3911, 99=4001, 99.9=4001, 99.99=4001] 
2020-09-29 13:10:48:649 160 sec: 317865 operations; 1879.7 current ops/sec; est completion in 1 hour 21 minutes [READ: Count=18774, Max=560127, Min=3, Avg=8531.34, 90=16151, 99=44031, 99.9=530431, 99.99=549887] [READ-FAILED: Count=20, Max=4007, Min=1778, Avg=2573.6, 90=3177, 99=4007, 99.9=4007, 99.99=4007] 
2020-09-29 13:10:58:649 170 sec: 338732 operations; 2086.7 current ops/sec; est completion in 1 hour 20 minutes [READ: Count=20837, Max=552959, Min=2, Avg=7464.57, 90=15855, 99=35103, 99.9=526335, 99.99=550399] [READ-FAILED: Count=31, Max=11615, Min=1792, Avg=2732.06, 90=2921, 99=11615, 99.9=11615, 99.99=11615] 
2020-09-29 13:11:08:649 180 sec: 358766 operations; 2003.4 current ops/sec; est completion in 1 hour 20 minutes [READ: Count=20012, Max=552447, Min=3, Avg=8074.06, 90=15919, 99=32063, 99.9=526335, 99.99=551935] [READ-FAILED: Count=25, Max=3995, Min=1753, Avg=2509.36, 90=2959, 99=3995, 99.9=3995, 99.99=3995] 
2020-09-29 13:11:18:649 190 sec: 377851 operations; 1908.5 current ops/sec; est completion in 1 hour 20 minutes [READ: Count=19059, Max=550911, Min=3, Avg=8511.73, 90=16575, 99=40223, 99.9=521471, 99.99=532479] [READ-FAILED: Count=24, Max=3393, Min=1947, Avg=2547.88, 90=3185, 99=3393, 99.9=3393, 99.99=3393] 
2020-09-29 13:11:28:649 200 sec: 398690 operations; 2083.9 current ops/sec; est completion in 1 hour 20 minutes [READ: Count=20814, Max=579583, Min=3, Avg=7619.26, 90=16399, 99=35167, 99.9=528895, 99.99=563711] [READ-FAILED: Count=23, Max=4523, Min=1737, Avg=2716.65, 90=3487, 99=4523, 99.9=4523, 99.99=4523] 
2020-09-29 13:11:38:649 210 sec: 419177 operations; 2048.7 current ops/sec; est completion in 1 hour 20 minutes [READ: Count=20448, Max=569343, Min=3, Avg=7755.92, 90=16031, 99=33535, 99.9=530943, 99.99=563199] [READ-FAILED: Count=39, Max=3977, Min=1771, Avg=2513, 90=3111, 99=3977, 99.9=3977, 99.99=3977] 
2020-09-29 13:11:48:649 220 sec: 440249 operations; 2107.2 current ops/sec; est completion in 1 hour 19 minutes [READ: Count=21049, Max=587263, Min=3, Avg=7513.52, 90=15919, 99=35263, 99.9=528383, 99.99=570367] [READ-FAILED: Count=25, Max=4615, Min=1981, Avg=2583.16, 90=3261, 99=4615, 99.9=4615, 99.99=4615] 
2020-09-29 13:11:58:649 230 sec: 460949 operations; 2070 current ops/sec; est completion in 1 hour 19 minutes [READ: Count=20674, Max=573951, Min=3, Avg=7813.08, 90=16319, 99=33471, 99.9=525311, 99.99=563199] [READ-FAILED: Count=25, Max=4303, Min=1921, Avg=2652.24, 90=3223, 99=4303, 99.9=4303, 99.99=4303] 
2020-09-29 13:12:08:649 240 sec: 479324 operations; 1837.32 current ops/sec; est completion in 1 hour 19 minutes [READ: Count=18352, Max=573439, Min=3, Avg=8788.25, 90=15975, 99=46335, 99.9=537087, 99.99=565759] [READ-FAILED: Count=22, Max=15991, Min=1814, Avg=2993.91, 90=3093, 99=15991, 99.9=15991, 99.99=15991] 
2020-09-29 13:12:18:649 250 sec: 501196 operations; 2187.2 current ops/sec; est completion in 1 hour 18 minutes [READ: Count=21850, Max=563199, Min=3, Avg=7264.24, 90=16031, 99=29599, 99.9=520703, 99.99=556543] [READ-FAILED: Count=22, Max=4731, Min=1744, Avg=2473.05, 90=2623, 99=4731, 99.9=4731, 99.99=4731] 
2020-09-29 13:12:28:649 260 sec: 520954 operations; 1976 current ops/sec; est completion in 1 hour 18 minutes [READ: Count=19730, Max=575487, Min=3, Avg=8154.57, 90=15951, 99=37759, 99.9=531967, 99.99=571391] [READ-FAILED: Count=28, Max=12671, Min=1776, Avg=2995.86, 90=3279, 99=12671, 99.9=12671, 99.99=12671] 
2020-09-29 13:12:38:649 270 sec: 539722 operations; 1876.8 current ops/sec; est completion in 1 hour 18 minutes [READ: Count=18748, Max=555007, Min=2, Avg=8543.48, 90=16831, 99=46079, 99.9=530431, 99.99=553983] [READ-FAILED: Count=20, Max=12463, Min=1687, Avg=3079.75, 90=3363, 99=12463, 99.9=12463, 99.99=12463] 
2020-09-29 13:12:48:649 280 sec: 560431 operations; 2070.9 current ops/sec; est completion in 1 hour 18 minutes [READ: Count=20688, Max=559103, Min=3, Avg=7720.23, 90=15895, 99=34399, 99.9=526335, 99.99=552447] [READ-FAILED: Count=21, Max=15727, Min=1725, Avg=3344.05, 90=3903, 99=15727, 99.9=15727, 99.99=15727] 
2020-09-29 13:12:58:649 290 sec: 579895 operations; 1946.4 current ops/sec; est completion in 1 hour 18 minutes [READ: Count=19434, Max=580607, Min=3, Avg=8089.17, 90=16175, 99=36319, 99.9=528895, 99.99=574975] [READ-FAILED: Count=30, Max=4739, Min=1664, Avg=2705.9, 90=3173, 99=4739, 99.9=4739, 99.99=4739] 
2020-09-29 13:13:08:649 300 sec: 600400 operations; 2050.5 current ops/sec; est completion in 1 hour 18 minutes [READ: Count=20485, Max=570367, Min=3, Avg=7861.01, 90=16375, 99=34559, 99.9=528383, 99.99=557055] [READ-FAILED: Count=21, Max=8903, Min=1993, Avg=2956.14, 90=3923, 99=8903, 99.9=8903, 99.99=8903] 
Maximum time elapsed. Requesting stop for the workload.
Stop requested for workload. Now Joining!
[36m13:13:08.700[m [[34;1mINFO[m] [1;34mp.u.t.s.y.Stats.clientFinished@38[m: 
Ended SconeKV benchmark.
Number of clients: 16
Total transactions: 119468
Committed: 119468 (100.0%)
Aborted: 0 (0.0%)
2020-09-29 13:13:08:702 300 sec: 600471 operations; 1339.62 current ops/sec; est completion in 1 hour 18 minutes [READ: Count=70, Max=543743, Min=1976, Avg=43098.63, 90=16431, 99=539135, 99.9=543743, 99.99=543743] [CLEANUP: Count=16, Max=1376, Min=3, Avg=91.19, 90=12, 99=1376, 99.9=1376, 99.99=1376] [READ-FAILED: Count=0, Max=0, Min=9223372036854775807, Avg=NaN, 90=0, 99=0, 99.9=0, 99.99=0] 
[OVERALL], RunTime(ms), 300053
[OVERALL], Throughput(ops/sec), 2001.216451760189
[TOTAL_GCS_G1_Young_Generation], Count, 110
[TOTAL_GC_TIME_G1_Young_Generation], Time(ms), 647
[TOTAL_GC_TIME_%_G1_Young_Generation], Time(%), 0.21562857228556287
[TOTAL_GCS_G1_Old_Generation], Count, 0
[TOTAL_GC_TIME_G1_Old_Generation], Time(ms), 0
[TOTAL_GC_TIME_%_G1_Old_Generation], Time(%), 0.0
[TOTAL_GCs], Count, 110
[TOTAL_GC_TIME], Time(ms), 647
[TOTAL_GC_TIME_%], Time(%), 0.21562857228556287
[READ], Operations, 599714
[READ], AverageLatency(us), 7957.245972246771
[READ], MinLatency(us), 2
[READ], MaxLatency(us), 593919
[READ], 95thPercentileLatency(us), 19375
[READ], 99thPercentileLatency(us), 36703
[READ], Return=OK, 599714
[READ], Return=NOT_FOUND, 757
[CLEANUP], Operations, 16
[CLEANUP], AverageLatency(us), 91.1875
[CLEANUP], MinLatency(us), 3
[CLEANUP], MaxLatency(us), 1376
[CLEANUP], 95thPercentileLatency(us), 14
[CLEANUP], 99thPercentileLatency(us), 1376
[READ-FAILED], Operations, 757
[READ-FAILED], AverageLatency(us), 2966.9207397622195
[READ-FAILED], MinLatency(us), 1664
[READ-FAILED], MaxLatency(us), 48575
[READ-FAILED], 95thPercentileLatency(us), 4029
[READ-FAILED], 99thPercentileLatency(us), 12671
