Command line: -t -db pt.ulisboa.tecnico.sconekv.ycsb.SconeKVClient -P workloadb -threads 16 -s -p scone.tx_size=5 -p operationcount=10000000 -p maxexecutiontime=300
YCSB Client 0.17.0

Loading workload...
Starting test.
WARNING: sun.reflect.Reflection.getCallerClass is not supported. This will impact performance.
Maximum execution time specified as: 300 secs
2020-09-09 14:01:48:930 0 sec: 0 operations; est completion in 0 second 
DBWrapper: report latency for each error is false and specific error codes to track for latency are: []
DBWrapper: report latency for each error is false and specific error codes to track for latency are: []
DBWrapper: report latency for each error is false and specific error codes to track for latency are: []
DBWrapper: report latency for each error is false and specific error codes to track for latency are: []
DBWrapper: report latency for each error is false and specific error codes to track for latency are: []
DBWrapper: report latency for each error is false and specific error codes to track for latency are: []
DBWrapper: report latency for each error is false and specific error codes to track for latency are: []
DBWrapper: report latency for each error is false and specific error codes to track for latency are: []
DBWrapper: report latency for each error is false and specific error codes to track for latency are: []
DBWrapper: report latency for each error is false and specific error codes to track for latency are: []
DBWrapper: report latency for each error is false and specific error codes to track for latency are: []
DBWrapper: report latency for each error is false and specific error codes to track for latency are: []
DBWrapper: report latency for each error is false and specific error codes to track for latency are: []
DBWrapper: report latency for each error is false and specific error codes to track for latency are: []
DBWrapper: report latency for each error is false and specific error codes to track for latency are: []
DBWrapper: report latency for each error is false and specific error codes to track for latency are: []
2020-09-09 14:01:58:930 10 sec: 12970 operations; 1296.87 current ops/sec; est completion in 2 hours 8 minutes [READ: Count=12298, Max=585727, Min=0, Avg=10339.35, 90=19391, 99=57407, 99.9=531455, 99.99=553471] [UPDATE: Count=662, Max=526847, Min=27, Avg=11365.39, 90=20623, 99=98943, 99.9=522239, 99.99=526847] [READ-FAILED: Count=13, Max=10167, Min=1882, Avg=3981.62, 90=9991, 99=10167, 99.9=10167, 99.99=10167] 
2020-09-09 14:02:08:929 20 sec: 32611 operations; 1964.1 current ops/sec; est completion in 1 hour 41 minutes [READ: Count=18675, Max=1024511, Min=0, Avg=8005.29, 90=17487, 99=35551, 99.9=520191, 99.99=532479] [UPDATE: Count=951, Max=526335, Min=20, Avg=10032.87, 90=19039, 99=50079, 99.9=520959, 99.99=526335] [READ-FAILED: Count=14, Max=3199, Min=2072, Avg=2621, 90=3049, 99=3199, 99.9=3199, 99.99=3199] 
2020-09-09 14:02:18:929 30 sec: 50655 operations; 1804.4 current ops/sec; est completion in 1 hour 38 minutes [READ: Count=17095, Max=985087, Min=0, Avg=8910.15, 90=16847, 99=39999, 99.9=521215, 99.99=926207] [UPDATE: Count=924, Max=522239, Min=1542, Avg=7787.51, 90=16399, 99=37599, 99.9=507135, 99.99=522239] [READ-FAILED: Count=23, Max=5219, Min=1695, Avg=2726.52, 90=3795, 99=5219, 99.9=5219, 99.99=5219] 
2020-09-09 14:02:28:929 40 sec: 72003 operations; 2134.8 current ops/sec; est completion in 1 hour 31 minutes [READ: Count=20263, Max=562175, Min=0, Avg=7431.06, 90=15759, 99=33407, 99.9=520959, 99.99=550399] [UPDATE: Count=1065, Max=552959, Min=16, Avg=8245.45, 90=16247, 99=36895, 99.9=534527, 99.99=552959] [READ-FAILED: Count=22, Max=21183, Min=1886, Avg=3545.18, 90=4079, 99=21183, 99.9=21183, 99.99=21183] 
2020-09-09 14:02:38:929 50 sec: 91188 operations; 1918.5 current ops/sec; est completion in 1 hour 30 minutes [READ: Count=18207, Max=919039, Min=0, Avg=8393.28, 90=15895, 99=36543, 99.9=524799, 99.99=786431] [UPDATE: Count=963, Max=629759, Min=24, Avg=7097.64, 90=15855, 99=33695, 99.9=520447, 99.99=629759] [READ-FAILED: Count=15, Max=3621, Min=2043, Avg=2730.07, 90=3537, 99=3621, 99.9=3621, 99.99=3621] 
2020-09-09 14:02:48:929 60 sec: 112022 operations; 2083.4 current ops/sec; est completion in 1 hour 28 minutes [READ: Count=19774, Max=560127, Min=1, Avg=7716.41, 90=16015, 99=36479, 99.9=521983, 99.99=545791] [UPDATE: Count=1043, Max=532479, Min=19, Avg=8341.41, 90=16559, 99=48031, 99.9=519423, 99.99=532479] [READ-FAILED: Count=16, Max=9919, Min=2150, Avg=3722.19, 90=4891, 99=9919, 99.9=9919, 99.99=9919] 
2020-09-09 14:02:58:929 70 sec: 131960 operations; 1993.8 current ops/sec; est completion in 1 hour 27 minutes [READ: Count=18937, Max=588287, Min=0, Avg=8065.75, 90=15591, 99=35775, 99.9=525311, 99.99=544767] [UPDATE: Count=979, Max=536063, Min=19, Avg=7055.45, 90=15615, 99=33247, 99.9=446463, 99.99=536063] [READ-FAILED: Count=23, Max=9735, Min=1561, Avg=3133.7, 90=4783, 99=9735, 99.9=9735, 99.99=9735] 
2020-09-09 14:03:08:929 80 sec: 153847 operations; 2188.7 current ops/sec; est completion in 1 hour 25 minutes [READ: Count=20765, Max=549887, Min=0, Avg=7313.16, 90=16063, 99=33439, 99.9=523263, 99.99=547327] [UPDATE: Count=1104, Max=519423, Min=14, Avg=7661.92, 90=16295, 99=38207, 99.9=516095, 99.99=519423] [READ-FAILED: Count=18, Max=4875, Min=1843, Avg=3102.33, 90=4547, 99=4875, 99.9=4875, 99.99=4875] 
2020-09-09 14:03:18:932 90 sec: 174025 operations; 2017.19 current ops/sec; est completion in 1 hour 24 minutes [READ: Count=19173, Max=1008127, Min=0, Avg=7894.72, 90=15391, 99=32895, 99.9=537599, 99.99=984575] [UPDATE: Count=982, Max=525311, Min=15, Avg=7638.44, 90=15463, 99=36159, 99.9=511999, 99.99=525311] [READ-FAILED: Count=23, Max=3051, Min=1973, Avg=2526.3, 90=3041, 99=3051, 99.9=3051, 99.99=3051] 
2020-09-09 14:03:28:929 100 sec: 192903 operations; 1888.37 current ops/sec; est completion in 1 hour 24 minutes [READ: Count=17886, Max=1008127, Min=0, Avg=8555.29, 90=15583, 99=37663, 99.9=540671, 99.99=1005567] [UPDATE: Count=981, Max=521215, Min=17, Avg=6802.86, 90=15719, 99=32623, 99.9=485631, 99.99=521215] [READ-FAILED: Count=11, Max=12975, Min=2344, Avg=3743.45, 90=3707, 99=12975, 99.9=12975, 99.99=12975] 
2020-09-09 14:03:38:929 110 sec: 213576 operations; 2067.3 current ops/sec; est completion in 1 hour 24 minutes [READ: Count=19663, Max=539647, Min=0, Avg=7624.89, 90=16063, 99=36639, 99.9=520191, 99.99=535551] [UPDATE: Count=989, Max=537599, Min=16, Avg=9776.72, 90=16199, 99=65279, 99.9=535039, 99.99=537599] [READ-FAILED: Count=20, Max=12615, Min=1816, Avg=2851.7, 90=2775, 99=12615, 99.9=12615, 99.99=12615] 
2020-09-09 14:03:48:929 120 sec: 235162 operations; 2158.6 current ops/sec; est completion in 1 hour 23 minutes [READ: Count=20489, Max=1009663, Min=0, Avg=7265.16, 90=15655, 99=32367, 99.9=521983, 99.99=539647] [UPDATE: Count=1078, Max=532479, Min=16, Avg=9466.73, 90=16103, 99=63071, 99.9=529407, 99.99=532479] [READ-FAILED: Count=19, Max=4055, Min=1987, Avg=2614.42, 90=3479, 99=4055, 99.9=4055, 99.99=4055] 
2020-09-09 14:03:58:929 130 sec: 254971 operations; 1980.9 current ops/sec; est completion in 1 hour 22 minutes [READ: Count=18828, Max=1461247, Min=0, Avg=8165.99, 90=15871, 99=38079, 99.9=521983, 99.99=540159] [UPDATE: Count=962, Max=520703, Min=15, Avg=7894.56, 90=15735, 99=34207, 99.9=517887, 99.99=520703] [READ-FAILED: Count=19, Max=4103, Min=1546, Avg=2443.32, 90=2843, 99=4103, 99.9=4103, 99.99=4103] 
2020-09-09 14:04:08:929 140 sec: 276654 operations; 2168.3 current ops/sec; est completion in 1 hour 22 minutes [READ: Count=20598, Max=963583, Min=0, Avg=7288.68, 90=15615, 99=31983, 99.9=525311, 99.99=552447] [UPDATE: Count=1064, Max=759807, Min=15, Avg=8980.49, 90=15855, 99=47455, 99.9=529407, 99.99=759807] [READ-FAILED: Count=24, Max=5395, Min=1931, Avg=2671.25, 90=3863, 99=5395, 99.9=5395, 99.99=5395] 
2020-09-09 14:04:18:929 150 sec: 297262 operations; 2060.8 current ops/sec; est completion in 1 hour 21 minutes [READ: Count=19499, Max=553471, Min=0, Avg=7732.73, 90=16063, 99=37215, 99.9=524287, 99.99=547327] [UPDATE: Count=1085, Max=533503, Min=16, Avg=8809.19, 90=16767, 99=44063, 99.9=518399, 99.99=533503] [READ-FAILED: Count=21, Max=5459, Min=1915, Avg=2713.9, 90=4151, 99=5459, 99.9=5459, 99.99=5459] 
2020-09-09 14:04:28:930 160 sec: 317658 operations; 2039.6 current ops/sec; est completion in 1 hour 21 minutes [READ: Count=19342, Max=717311, Min=0, Avg=7906.75, 90=15671, 99=37599, 99.9=524799, 99.99=548863] [UPDATE: Count=1029, Max=513279, Min=17, Avg=5863.03, 90=14911, 99=33471, 99.9=120703, 99.99=513279] [READ-FAILED: Count=24, Max=13191, Min=1994, Avg=3332.04, 90=3949, 99=13191, 99.9=13191, 99.99=13191] 
2020-09-09 14:04:38:929 170 sec: 338198 operations; 2054 current ops/sec; est completion in 1 hour 20 minutes [READ: Count=19500, Max=860159, Min=0, Avg=7775.86, 90=15711, 99=35167, 99.9=527871, 99.99=608255] [UPDATE: Count=1016, Max=535551, Min=18, Avg=7989.6, 90=15719, 99=34975, 99.9=525823, 99.99=535551] [READ-FAILED: Count=25, Max=6387, Min=1536, Avg=2667.8, 90=3155, 99=6387, 99.9=6387, 99.99=6387] 
2020-09-09 14:04:48:929 180 sec: 358900 operations; 2070.2 current ops/sec; est completion in 1 hour 20 minutes [READ: Count=19656, Max=565759, Min=0, Avg=7652.08, 90=15863, 99=36415, 99.9=522239, 99.99=556543] [UPDATE: Count=1027, Max=580095, Min=18, Avg=9373.87, 90=15647, 99=63583, 99.9=520703, 99.99=580095] [READ-FAILED: Count=20, Max=3401, Min=1538, Avg=2384.15, 90=3103, 99=3401, 99.9=3401, 99.99=3401] 
2020-09-09 14:04:58:930 190 sec: 380173 operations; 2127.3 current ops/sec; est completion in 1 hour 20 minutes [READ: Count=20197, Max=622079, Min=0, Avg=7292.5, 90=15919, 99=37375, 99.9=524031, 99.99=547327] [UPDATE: Count=1051, Max=556543, Min=16, Avg=10707.21, 90=15943, 99=277759, 99.9=545279, 99.99=556543] [READ-FAILED: Count=24, Max=3895, Min=1786, Avg=2502.92, 90=3079, 99=3895, 99.9=3895, 99.99=3895] 
2020-09-09 14:05:08:929 200 sec: 400514 operations; 2034.1 current ops/sec; est completion in 1 hour 19 minutes [READ: Count=19329, Max=546303, Min=0, Avg=7853.25, 90=16287, 99=42527, 99.9=527359, 99.99=543743] [UPDATE: Count=984, Max=524287, Min=17, Avg=8103.78, 90=16111, 99=46655, 99.9=514559, 99.99=524287] [READ-FAILED: Count=27, Max=30767, Min=1454, Avg=3395.3, 90=3165, 99=30767, 99.9=30767, 99.99=30767] 
2020-09-09 14:05:18:930 210 sec: 420506 operations; 1999.2 current ops/sec; est completion in 1 hour 19 minutes [READ: Count=18999, Max=549375, Min=0, Avg=7926.06, 90=16039, 99=37855, 99.9=525311, 99.99=537087] [UPDATE: Count=972, Max=517119, Min=18, Avg=7810.46, 90=16071, 99=39935, 99.9=514815, 99.99=517119] [READ-FAILED: Count=21, Max=3637, Min=2110, Avg=2642.05, 90=3245, 99=3637, 99.9=3637, 99.99=3637] 
2020-09-09 14:05:28:929 220 sec: 441111 operations; 2060.5 current ops/sec; est completion in 1 hour 19 minutes [READ: Count=19619, Max=711679, Min=0, Avg=7801.6, 90=16079, 99=36831, 99.9=523263, 99.99=541695] [UPDATE: Count=968, Max=556543, Min=17, Avg=7939.95, 90=16135, 99=36255, 99.9=519679, 99.99=556543] [READ-FAILED: Count=20, Max=3403, Min=1845, Avg=2513.1, 90=3273, 99=3403, 99.9=3403, 99.99=3403] 
2020-09-09 14:05:38:929 230 sec: 461138 operations; 2002.7 current ops/sec; est completion in 1 hour 19 minutes [READ: Count=18982, Max=550399, Min=0, Avg=7936.58, 90=16199, 99=37823, 99.9=524799, 99.99=543743] [UPDATE: Count=1027, Max=533503, Min=17, Avg=10480.42, 90=16943, 99=127103, 99.9=521983, 99.99=533503] [READ-FAILED: Count=17, Max=4115, Min=1915, Avg=2606.12, 90=3087, 99=4115, 99.9=4115, 99.99=4115] 
2020-09-09 14:05:48:929 240 sec: 483280 operations; 2214.2 current ops/sec; est completion in 1 hour 18 minutes [READ: Count=21043, Max=564223, Min=0, Avg=7195.44, 90=15583, 99=32351, 99.9=520447, 99.99=550911] [UPDATE: Count=1073, Max=529919, Min=15, Avg=7460.31, 90=15607, 99=28927, 99.9=518655, 99.99=529919] [READ-FAILED: Count=27, Max=3867, Min=1788, Avg=2424, 90=2921, 99=3867, 99.9=3867, 99.99=3867] 
2020-09-09 14:05:58:929 250 sec: 504494 operations; 2121.4 current ops/sec; est completion in 1 hour 18 minutes [READ: Count=20094, Max=540159, Min=0, Avg=7556.29, 90=16151, 99=34783, 99.9=520191, 99.99=539647] [UPDATE: Count=1099, Max=518911, Min=14, Avg=7813.59, 90=16607, 99=38463, 99.9=516095, 99.99=518911] [READ-FAILED: Count=20, Max=4727, Min=1867, Avg=2600.4, 90=2945, 99=4727, 99.9=4727, 99.99=4727] 
2020-09-09 14:06:08:929 260 sec: 526060 operations; 2156.6 current ops/sec; est completion in 1 hour 18 minutes [READ: Count=20433, Max=553471, Min=0, Avg=7392.22, 90=15799, 99=33695, 99.9=523007, 99.99=548351] [UPDATE: Count=1113, Max=622591, Min=17, Avg=8594.75, 90=16015, 99=41887, 99.9=524799, 99.99=622591] [READ-FAILED: Count=21, Max=3051, Min=1724, Avg=2317.24, 90=2779, 99=3051, 99.9=3051, 99.99=3051] 
2020-09-09 14:06:18:929 270 sec: 548015 operations; 2195.5 current ops/sec; est completion in 1 hour 17 minutes [READ: Count=20863, Max=560127, Min=0, Avg=7319.58, 90=15983, 99=36319, 99.9=523007, 99.99=550911] [UPDATE: Count=1068, Max=647679, Min=18, Avg=6939.66, 90=15687, 99=34943, 99.9=557055, 99.99=647679] [READ-FAILED: Count=24, Max=9775, Min=1953, Avg=3074.46, 90=4327, 99=9775, 99.9=9775, 99.99=9775] 
2020-09-09 14:06:28:929 280 sec: 568794 operations; 2077.9 current ops/sec; est completion in 1 hour 17 minutes [READ: Count=19694, Max=556031, Min=0, Avg=7622.68, 90=15903, 99=35967, 99.9=523263, 99.99=546815] [UPDATE: Count=1065, Max=544767, Min=20, Avg=9177.35, 90=15799, 99=55167, 99.9=540671, 99.99=544767] [READ-FAILED: Count=18, Max=9319, Min=1697, Avg=2900.06, 90=3035, 99=9319, 99.9=9319, 99.99=9319] 
2020-09-09 14:06:38:929 290 sec: 590348 operations; 2155.4 current ops/sec; est completion in 1 hour 17 minutes [READ: Count=20475, Max=628735, Min=0, Avg=7324.6, 90=16223, 99=35807, 99.9=528895, 99.99=568831] [UPDATE: Count=1052, Max=543743, Min=17, Avg=8588.59, 90=16279, 99=40671, 99.9=523519, 99.99=543743] [READ-FAILED: Count=27, Max=5687, Min=1559, Avg=2678.41, 90=3685, 99=5687, 99.9=5687, 99.99=5687] 
2020-09-09 14:06:48:929 300 sec: 610321 operations; 1997.3 current ops/sec; est completion in 1 hour 16 minutes [READ: Count=18942, Max=1006591, Min=0, Avg=7936.99, 90=16047, 99=37439, 99.9=531967, 99.99=570879] [UPDATE: Count=1019, Max=965119, Min=18, Avg=8803.91, 90=16183, 99=40191, 99.9=921599, 99.99=965119] [READ-FAILED: Count=15, Max=2843, Min=1855, Avg=2369.6, 90=2831, 99=2843, 99.9=2843, 99.99=2843] 
Maximum time elapsed. Requesting stop for the workload.
Stop requested for workload. Now Joining!
[36m14:06:49.145[m [[34;1mINFO[m] [1;34mp.u.t.s.y.Stats.clientFinished@38[m: 
Ended SconeKV benchmark.
Number of clients: 16
Total transactions: 121449
Committed: 118184 (97.31163%)
Aborted: 3265 (2.6883712%)
2020-09-09 14:06:49:147 300 sec: 610393 operations; 331.8 current ops/sec; est completion in 1 hour 16 minutes [READ: Count=65, Max=514815, Min=2, Avg=37247.32, 90=16527, 99=514303, 99.9=514815, 99.99=514815] [CLEANUP: Count=16, Max=1540, Min=2, Avg=100.19, 90=6, 99=1540, 99.9=1540, 99.99=1540] [UPDATE: Count=4, Max=17839, Min=2534, Avg=6730.25, 90=17839, 99=17839, 99.9=17839, 99.99=17839] [READ-FAILED: Count=0, Max=0, Min=9223372036854775807, Avg=NaN, 90=0, 99=0, 99.9=0, 99.99=0] 
[OVERALL], RunTime(ms), 300218
[OVERALL], Throughput(ops/sec), 2033.1658994464024
[TOTAL_GCS_G1_Young_Generation], Count, 108
[TOTAL_GC_TIME_G1_Young_Generation], Time(ms), 1014
[TOTAL_GC_TIME_%_G1_Young_Generation], Time(%), 0.3377545650160883
[TOTAL_GCS_G1_Old_Generation], Count, 0
[TOTAL_GC_TIME_G1_Old_Generation], Time(ms), 0
[TOTAL_GC_TIME_%_G1_Old_Generation], Time(%), 0.0
[TOTAL_GCs], Count, 108
[TOTAL_GC_TIME], Time(ms), 1014
[TOTAL_GC_TIME_%], Time(%), 0.3377545650160883
[READ], Operations, 579383
[READ], AverageLatency(us), 7793.788580265558
[READ], MinLatency(us), 0
[READ], MaxLatency(us), 1461247
[READ], 95thPercentileLatency(us), 19407
[READ], 99thPercentileLatency(us), 36543
[READ], Return=OK, 579383
[READ], Return=NOT_FOUND, 611
[CLEANUP], Operations, 16
[CLEANUP], AverageLatency(us), 100.1875
[CLEANUP], MinLatency(us), 2
[CLEANUP], MaxLatency(us), 1540
[CLEANUP], 95thPercentileLatency(us), 12
[CLEANUP], 99thPercentileLatency(us), 1540
[UPDATE], Operations, 30399
[UPDATE], AverageLatency(us), 8392.468962794828
[UPDATE], MinLatency(us), 14
[UPDATE], MaxLatency(us), 965119
[UPDATE], 95thPercentileLatency(us), 20191
[UPDATE], 99thPercentileLatency(us), 41983
[UPDATE], Return=OK, 30399
[READ-FAILED], Operations, 611
[READ-FAILED], AverageLatency(us), 2826.847790507365
[READ-FAILED], MinLatency(us), 1454
[READ-FAILED], MaxLatency(us), 30767
[READ-FAILED], 95thPercentileLatency(us), 4223
[READ-FAILED], 99thPercentileLatency(us), 10167
