Command line: -t -db pt.ulisboa.tecnico.sconekv.ycsb.SconeKVClient -P workloada -threads 16 -s -p scone.tx_size=5 -p operationcount=10000000 -p maxexecutiontime=300
YCSB Client 0.17.0

Loading workload...
Starting test.
WARNING: sun.reflect.Reflection.getCallerClass is not supported. This will impact performance.
Maximum execution time specified as: 300 secs
2020-09-29 09:17:30:575 0 sec: 0 operations; est completion in 0 second 
DBWrapper: report latency for each error is false and specific error codes to track for latency are: []
DBWrapper: report latency for each error is false and specific error codes to track for latency are: []
DBWrapper: report latency for each error is false and specific error codes to track for latency are: []
DBWrapper: report latency for each error is false and specific error codes to track for latency are: []
DBWrapper: report latency for each error is false and specific error codes to track for latency are: []
DBWrapper: report latency for each error is false and specific error codes to track for latency are: []
DBWrapper: report latency for each error is false and specific error codes to track for latency are: []
DBWrapper: report latency for each error is false and specific error codes to track for latency are: []
DBWrapper: report latency for each error is false and specific error codes to track for latency are: []
DBWrapper: report latency for each error is false and specific error codes to track for latency are: []
DBWrapper: report latency for each error is false and specific error codes to track for latency are: []
DBWrapper: report latency for each error is false and specific error codes to track for latency are: []
DBWrapper: report latency for each error is false and specific error codes to track for latency are: []
DBWrapper: report latency for each error is false and specific error codes to track for latency are: []
DBWrapper: report latency for each error is false and specific error codes to track for latency are: []
DBWrapper: report latency for each error is false and specific error codes to track for latency are: []
2020-09-29 09:17:40:577 10 sec: 12861 operations; 1285.84 current ops/sec; est completion in 2 hours 9 minutes [READ: Count=6424, Max=550399, Min=1, Avg=10668.15, 90=17487, 99=87871, 99.9=526847, 99.99=542207] [UPDATE: Count=6486, Max=562687, Min=9, Avg=10597.17, 90=18095, 99=111231, 99.9=521215, 99.99=547327] [READ-FAILED: Count=3, Max=3383, Min=2684, Avg=2973, 90=3383, 99=3383, 99.9=3383, 99.99=3383] 
2020-09-29 09:17:50:575 20 sec: 31572 operations; 1871.47 current ops/sec; est completion in 1 hour 45 minutes [READ: Count=9501, Max=557567, Min=1, Avg=8289.73, 90=15703, 99=53727, 99.9=527871, 99.99=555007] [UPDATE: Count=9160, Max=559103, Min=12, Avg=8764.16, 90=15487, 99=53023, 99.9=526335, 99.99=548863] [READ-FAILED: Count=7, Max=3633, Min=2204, Avg=2919, 90=3507, 99=3633, 99.9=3633, 99.99=3633] 
2020-09-29 09:18:00:575 30 sec: 49462 operations; 1789 current ops/sec; est completion in 1 hour 40 minutes [READ: Count=9008, Max=578047, Min=1, Avg=8756.5, 90=16263, 99=65151, 99.9=535039, 99.99=577535] [UPDATE: Count=8879, Max=577535, Min=1, Avg=9149.67, 90=16671, 99=63263, 99.9=534527, 99.99=570879] [READ-FAILED: Count=5, Max=3063, Min=2206, Avg=2808.2, 90=3063, 99=3063, 99.9=3063, 99.99=3063] 
2020-09-29 09:18:10:575 40 sec: 67966 operations; 1850.4 current ops/sec; est completion in 1 hour 37 minutes [READ: Count=9249, Max=550911, Min=1, Avg=8593.8, 90=16319, 99=53791, 99.9=517887, 99.99=544767] [UPDATE: Count=9246, Max=567807, Min=2, Avg=8702.95, 90=16447, 99=48959, 99.9=523263, 99.99=546303] [READ-FAILED: Count=7, Max=2901, Min=2178, Avg=2503.86, 90=2865, 99=2901, 99.9=2901, 99.99=2901] 
2020-09-29 09:18:20:575 50 sec: 86125 operations; 1815.9 current ops/sec; est completion in 1 hour 35 minutes [READ: Count=9047, Max=589823, Min=0, Avg=8474.31, 90=16751, 99=67327, 99.9=520447, 99.99=559615] [UPDATE: Count=9100, Max=569343, Min=1, Avg=9136.58, 90=16831, 99=66175, 99.9=527871, 99.99=554495] [READ-FAILED: Count=8, Max=3049, Min=2192, Avg=2605.25, 90=2765, 99=3049, 99.9=3049, 99.99=3049] 
2020-09-29 09:18:30:575 60 sec: 103764 operations; 1763.9 current ops/sec; est completion in 1 hour 35 minutes [READ: Count=8906, Max=553983, Min=0, Avg=8782.81, 90=16383, 99=48767, 99.9=534015, 99.99=550399] [UPDATE: Count=8728, Max=562687, Min=1, Avg=9350.91, 90=16431, 99=62207, 99.9=541695, 99.99=559103] [READ-FAILED: Count=8, Max=3339, Min=2266, Avg=2792.25, 90=3043, 99=3339, 99.9=3339, 99.99=3339] 
2020-09-29 09:18:40:575 70 sec: 124018 operations; 2025.4 current ops/sec; est completion in 1 hour 32 minutes [READ: Count=10196, Max=548863, Min=0, Avg=8010.53, 90=16167, 99=55071, 99.9=518399, 99.99=543743] [UPDATE: Count=10050, Max=548351, Min=1, Avg=7681.31, 90=16071, 99=44927, 99.9=517119, 99.99=542207] [READ-FAILED: Count=3, Max=2833, Min=2000, Avg=2539.33, 90=2833, 99=2833, 99.9=2833, 99.99=2833] 
2020-09-29 09:18:50:575 80 sec: 143478 operations; 1946 current ops/sec; est completion in 1 hour 31 minutes [READ: Count=9712, Max=561151, Min=1, Avg=8236.12, 90=16159, 99=59391, 99.9=518143, 99.99=535551] [UPDATE: Count=9741, Max=574975, Min=2, Avg=8296.22, 90=16135, 99=53311, 99.9=526335, 99.99=548351] [READ-FAILED: Count=12, Max=8631, Min=1906, Avg=3364.92, 90=6823, 99=8631, 99.9=8631, 99.99=8631] 
2020-09-29 09:19:00:575 90 sec: 162048 operations; 1857 current ops/sec; est completion in 1 hour 31 minutes [READ: Count=9246, Max=561663, Min=0, Avg=8396.14, 90=16527, 99=57919, 99.9=525311, 99.99=544255] [UPDATE: Count=9314, Max=560127, Min=3, Avg=8796.09, 90=16639, 99=64959, 99.9=525311, 99.99=550399] [READ-FAILED: Count=7, Max=3779, Min=2180, Avg=2549, 90=2607, 99=3779, 99.9=3779, 99.99=3779] 
2020-09-29 09:19:10:575 100 sec: 181635 operations; 1958.7 current ops/sec; est completion in 1 hour 30 minutes [READ: Count=9948, Max=575999, Min=1, Avg=7894.54, 90=16359, 99=46111, 99.9=536063, 99.99=573439] [UPDATE: Count=9632, Max=580095, Min=3, Avg=8227.23, 90=16479, 99=45951, 99.9=541695, 99.99=571903] [READ-FAILED: Count=5, Max=5139, Min=2110, Avg=3464.2, 90=5139, 99=5139, 99.9=5139, 99.99=5139] 
2020-09-29 09:19:20:575 110 sec: 200794 operations; 1915.9 current ops/sec; est completion in 1 hour 29 minutes [READ: Count=9566, Max=565247, Min=1, Avg=8304.88, 90=16527, 99=47487, 99.9=523775, 99.99=548351] [UPDATE: Count=9586, Max=556031, Min=1, Avg=8576.04, 90=16447, 99=53247, 99.9=524799, 99.99=551935] [READ-FAILED: Count=9, Max=9175, Min=1752, Avg=3261.89, 90=3747, 99=9175, 99.9=9175, 99.99=9175] 
2020-09-29 09:19:30:575 120 sec: 220154 operations; 1936 current ops/sec; est completion in 1 hour 28 minutes [READ: Count=9682, Max=559103, Min=1, Avg=8306.49, 90=16279, 99=45119, 99.9=520959, 99.99=557567] [UPDATE: Count=9673, Max=540671, Min=3, Avg=8231.57, 90=16511, 99=56031, 99.9=517887, 99.99=527871] [READ-FAILED: Count=6, Max=2899, Min=1763, Avg=2246.17, 90=2427, 99=2899, 99.9=2899, 99.99=2899] 
2020-09-29 09:19:40:575 130 sec: 238590 operations; 1843.6 current ops/sec; est completion in 1 hour 28 minutes [READ: Count=9212, Max=555519, Min=1, Avg=8593.77, 90=16103, 99=53151, 99.9=526847, 99.99=553983] [UPDATE: Count=9215, Max=534527, Min=1, Avg=8787.28, 90=16703, 99=60095, 99.9=521215, 99.99=532479] [READ-FAILED: Count=12, Max=48159, Min=1694, Avg=7242.33, 90=13703, 99=48159, 99.9=48159, 99.99=48159] 
2020-09-29 09:19:50:575 140 sec: 257736 operations; 1914.6 current ops/sec; est completion in 1 hour 28 minutes [READ: Count=9545, Max=557567, Min=0, Avg=7974.35, 90=16511, 99=42335, 99.9=519423, 99.99=553471] [UPDATE: Count=9586, Max=552959, Min=4, Avg=8424.94, 90=16311, 99=55135, 99.9=527871, 99.99=551423] [READ-FAILED: Count=6, Max=9415, Min=1874, Avg=3729.5, 90=4559, 99=9415, 99.9=9415, 99.99=9415] 
2020-09-29 09:20:00:575 150 sec: 277843 operations; 2010.7 current ops/sec; est completion in 1 hour 27 minutes [READ: Count=10090, Max=589823, Min=1, Avg=7904.57, 90=16087, 99=46783, 99.9=529919, 99.99=588799] [UPDATE: Count=10012, Max=598015, Min=1, Avg=8128.51, 90=16431, 99=51327, 99.9=533503, 99.99=556031] [READ-FAILED: Count=7, Max=3217, Min=1973, Avg=2516.14, 90=2867, 99=3217, 99.9=3217, 99.99=3217] 
2020-09-29 09:20:10:575 160 sec: 296903 operations; 1906 current ops/sec; est completion in 1 hour 27 minutes [READ: Count=9528, Max=665599, Min=1, Avg=8121.75, 90=16063, 99=52383, 99.9=518655, 99.99=627199] [UPDATE: Count=9528, Max=651263, Min=1, Avg=8533.94, 90=16303, 99=63839, 99.9=515839, 99.99=610815] [READ-FAILED: Count=8, Max=2899, Min=2276, Avg=2478, 90=2645, 99=2899, 99.9=2899, 99.99=2899] 
2020-09-29 09:20:20:575 170 sec: 313466 operations; 1656.3 current ops/sec; est completion in 1 hour 27 minutes [READ: Count=8159, Max=577535, Min=0, Avg=9758.93, 90=16687, 99=72575, 99.9=530943, 99.99=576511] [UPDATE: Count=8405, Max=564735, Min=2, Avg=9724.67, 90=17039, 99=92735, 99.9=525823, 99.99=563199] [READ-FAILED: Count=1, Max=2633, Min=2632, Avg=2633, 90=2633, 99=2633, 99.9=2633, 99.99=2633] 
2020-09-29 09:20:30:575 180 sec: 332315 operations; 1884.9 current ops/sec; est completion in 1 hour 27 minutes [READ: Count=9489, Max=558079, Min=1, Avg=8888.01, 90=15967, 99=62271, 99.9=522495, 99.99=557055] [UPDATE: Count=9354, Max=564223, Min=1, Avg=8055.74, 90=16119, 99=44191, 99.9=518911, 99.99=555007] [READ-FAILED: Count=7, Max=4049, Min=2014, Avg=2668.29, 90=2879, 99=4049, 99.9=4049, 99.99=4049] 
2020-09-29 09:20:40:575 190 sec: 350621 operations; 1830.6 current ops/sec; est completion in 1 hour 27 minutes [READ: Count=9123, Max=568319, Min=1, Avg=8826.42, 90=15983, 99=66367, 99.9=523775, 99.99=562175] [UPDATE: Count=9168, Max=563199, Min=1, Avg=8800.3, 90=15863, 99=68479, 99.9=526335, 99.99=556031] [READ-FAILED: Count=8, Max=6367, Min=2002, Avg=3138.62, 90=4415, 99=6367, 99.9=6367, 99.99=6367] 
2020-09-29 09:20:50:575 200 sec: 367994 operations; 1737.3 current ops/sec; est completion in 1 hour 27 minutes [READ: Count=8639, Max=700415, Min=1, Avg=8725.05, 90=16511, 99=69183, 99.9=531455, 99.99=602111] [UPDATE: Count=8733, Max=570367, Min=4, Avg=9352.84, 90=17023, 99=72255, 99.9=529407, 99.99=568831] [READ-FAILED: Count=7, Max=3395, Min=2212, Avg=2662.43, 90=2881, 99=3395, 99.9=3395, 99.99=3395] 
2020-09-29 09:21:00:574 210 sec: 387920 operations; 1992.6 current ops/sec; est completion in 1 hour 26 minutes [READ: Count=10020, Max=550911, Min=0, Avg=7747.77, 90=15719, 99=49183, 99.9=515839, 99.99=550399] [UPDATE: Count=9898, Max=551423, Min=2, Avg=8592.19, 90=15735, 99=66047, 99.9=523263, 99.99=546815] [READ-FAILED: Count=4, Max=5327, Min=2009, Avg=3761.5, 90=5327, 99=5327, 99.9=5327, 99.99=5327] 
2020-09-29 09:21:10:574 220 sec: 407437 operations; 1951.7 current ops/sec; est completion in 1 hour 26 minutes [READ: Count=9680, Max=554495, Min=0, Avg=8182.02, 90=15663, 99=53023, 99.9=519679, 99.99=552959] [UPDATE: Count=9823, Max=546303, Min=1, Avg=8184.96, 90=15863, 99=57759, 99.9=519679, 99.99=541695] [READ-FAILED: Count=12, Max=6167, Min=1720, Avg=2808, 90=5223, 99=6167, 99.9=6167, 99.99=6167] 
2020-09-29 09:21:20:575 230 sec: 425881 operations; 1844.4 current ops/sec; est completion in 1 hour 26 minutes [READ: Count=9042, Max=582143, Min=1, Avg=8330.09, 90=16199, 99=57343, 99.9=518399, 99.99=568831] [UPDATE: Count=9401, Max=563199, Min=3, Avg=9036.06, 90=16399, 99=69503, 99.9=528895, 99.99=555007] [READ-FAILED: Count=6, Max=6999, Min=1954, Avg=3117, 90=2739, 99=6999, 99.9=6999, 99.99=6999] 
2020-09-29 09:21:30:575 240 sec: 444851 operations; 1897 current ops/sec; est completion in 1 hour 25 minutes [READ: Count=9412, Max=548863, Min=0, Avg=8281.33, 90=15551, 99=61151, 99.9=519167, 99.99=546815] [UPDATE: Count=9544, Max=751103, Min=1, Avg=8326.43, 90=15679, 99=66943, 99.9=519935, 99.99=664575] [READ-FAILED: Count=9, Max=3361, Min=1889, Avg=2526.33, 90=3221, 99=3361, 99.9=3361, 99.99=3361] 
2020-09-29 09:21:40:575 250 sec: 462849 operations; 1799.8 current ops/sec; est completion in 1 hour 25 minutes [READ: Count=8943, Max=728575, Min=1, Avg=9208.94, 90=16879, 99=67327, 99.9=523519, 99.99=568319] [UPDATE: Count=9056, Max=736255, Min=1, Avg=8798.75, 90=16383, 99=63455, 99.9=522751, 99.99=544255] [READ-FAILED: Count=5, Max=3339, Min=1922, Avg=2351.2, 90=3339, 99=3339, 99.9=3339, 99.99=3339] 
2020-09-29 09:21:50:575 260 sec: 479083 operations; 1623.4 current ops/sec; est completion in 1 hour 26 minutes [READ: Count=8050, Max=640511, Min=1, Avg=10245.44, 90=17023, 99=117247, 99.9=525823, 99.99=584191] [UPDATE: Count=8176, Max=553983, Min=1, Avg=9510.58, 90=16527, 99=75711, 99.9=522495, 99.99=549375] [READ-FAILED: Count=6, Max=4159, Min=2266, Avg=2957.83, 90=3697, 99=4159, 99.9=4159, 99.99=4159] 
2020-09-29 09:22:00:575 270 sec: 497206 operations; 1812.3 current ops/sec; est completion in 1 hour 26 minutes [READ: Count=9094, Max=558079, Min=0, Avg=8471.04, 90=15663, 99=58879, 99.9=525311, 99.99=542719] [UPDATE: Count=9025, Max=621055, Min=1, Avg=9133.68, 90=15463, 99=69503, 99.9=547327, 99.99=569855] [READ-FAILED: Count=5, Max=3049, Min=2268, Avg=2523, 90=3049, 99=3049, 99.9=3049, 99.99=3049] 
2020-09-29 09:22:10:575 280 sec: 515876 operations; 1867 current ops/sec; est completion in 1 hour 25 minutes [READ: Count=9272, Max=549887, Min=0, Avg=8570.61, 90=16847, 99=54303, 99.9=519423, 99.99=537087] [UPDATE: Count=9386, Max=565759, Min=3, Avg=8456.86, 90=16943, 99=56703, 99.9=521727, 99.99=544255] [READ-FAILED: Count=5, Max=3353, Min=1858, Avg=2600.4, 90=3353, 99=3353, 99.9=3353, 99.99=3353] 
2020-09-29 09:22:20:575 290 sec: 532162 operations; 1628.6 current ops/sec; est completion in 1 hour 26 minutes [READ: Count=8126, Max=557055, Min=0, Avg=8970.38, 90=16335, 99=73471, 99.9=529407, 99.99=556543] [UPDATE: Count=8154, Max=566783, Min=3, Avg=10380.17, 90=15975, 99=164223, 99.9=529919, 99.99=557055] [READ-FAILED: Count=6, Max=2937, Min=2140, Avg=2468.33, 90=2621, 99=2937, 99.9=2937, 99.99=2937] 
2020-09-29 09:22:30:575 300 sec: 552763 operations; 2060.1 current ops/sec; est completion in 1 hour 25 minutes [READ: Count=10371, Max=555007, Min=0, Avg=8152.1, 90=15919, 99=52863, 99.9=518399, 99.99=551423] [UPDATE: Count=10227, Max=567295, Min=1, Avg=7643.86, 90=15871, 99=46975, 99.9=523263, 99.99=555519] [READ-FAILED: Count=6, Max=3953, Min=1852, Avg=2533.5, 90=2463, 99=3953, 99.9=3953, 99.99=3953] 
Maximum time elapsed. Requesting stop for the workload.
Stop requested for workload. Now Joining!
[36m09:22:30.647[m [[34;1mINFO[m] [1;34mp.u.t.s.y.Stats.clientFinished@38[m: 
Ended SconeKV benchmark.
Number of clients: 16
Total transactions: 110003
Committed: 91881 (83.5259%)
Aborted: 18122 (16.474096%)
2020-09-29 09:22:30:650 300 sec: 552813 operations; 675.68 current ops/sec; est completion in 1 hour 25 minutes [READ: Count=27, Max=518655, Min=1707, Avg=23762.93, 90=14679, 99=518655, 99.9=518655, 99.99=518655] [CLEANUP: Count=16, Max=1472, Min=4, Avg=99.06, 90=17, 99=1472, 99.9=1472, 99.99=1472] [UPDATE: Count=20, Max=517631, Min=1744, Avg=36771.3, 90=28911, 99=517631, 99.9=517631, 99.99=517631] [READ-FAILED: Count=0, Max=0, Min=9223372036854775807, Avg=NaN, 90=0, 99=0, 99.9=0, 99.99=0] 
[OVERALL], RunTime(ms), 300075
[OVERALL], Throughput(ops/sec), 1842.2494376405898
[TOTAL_GCS_G1_Young_Generation], Count, 94
[TOTAL_GC_TIME_G1_Young_Generation], Time(ms), 573
[TOTAL_GC_TIME_%_G1_Young_Generation], Time(%), 0.19095226193451637
[TOTAL_GCS_G1_Old_Generation], Count, 0
[TOTAL_GC_TIME_G1_Old_Generation], Time(ms), 0
[TOTAL_GC_TIME_%_G1_Old_Generation], Time(%), 0.0
[TOTAL_GCs], Count, 94
[TOTAL_GC_TIME], Time(ms), 573
[TOTAL_GC_TIME_%], Time(%), 0.19095226193451637
[READ], Operations, 276307
[READ], AverageLatency(us), 8541.355727506
[READ], MinLatency(us), 0
[READ], MaxLatency(us), 728575
[READ], 95thPercentileLatency(us), 20127
[READ], 99thPercentileLatency(us), 57823
[READ], Return=OK, 276307
[READ], Return=NOT_FOUND, 200
[CLEANUP], Operations, 16
[CLEANUP], AverageLatency(us), 99.0625
[CLEANUP], MinLatency(us), 4
[CLEANUP], MaxLatency(us), 1472
[CLEANUP], 95thPercentileLatency(us), 24
[CLEANUP], 99thPercentileLatency(us), 1472
[UPDATE], Operations, 276306
[UPDATE], AverageLatency(us), 8733.185218562028
[UPDATE], MinLatency(us), 1
[UPDATE], MaxLatency(us), 751103
[UPDATE], 95thPercentileLatency(us), 20527
[UPDATE], 99thPercentileLatency(us), 61023
[UPDATE], Return=OK, 276306
[READ-FAILED], Operations, 200
[READ-FAILED], AverageLatency(us), 3085.93
[READ-FAILED], MinLatency(us), 1694
[READ-FAILED], MaxLatency(us), 48159
[READ-FAILED], 95thPercentileLatency(us), 5223
[READ-FAILED], 99thPercentileLatency(us), 9415
