Command line: -t -db pt.ulisboa.tecnico.sconekv.ycsb.SconeKVClient -P workloada -threads 32 -s -p scone.tx_size=5 -p operationcount=10000000 -p maxexecutiontime=300
YCSB Client 0.17.0

Loading workload...
Starting test.
WARNING: sun.reflect.Reflection.getCallerClass is not supported. This will impact performance.
2020-09-29 09:32:36:628 0 sec: 0 operations; est completion in 0 second 
Maximum execution time specified as: 300 secs
DBWrapper: report latency for each error is false and specific error codes to track for latency are: []
DBWrapper: report latency for each error is false and specific error codes to track for latency are: []
DBWrapper: report latency for each error is false and specific error codes to track for latency are: []
DBWrapper: report latency for each error is false and specific error codes to track for latency are: []
DBWrapper: report latency for each error is false and specific error codes to track for latency are: []
DBWrapper: report latency for each error is false and specific error codes to track for latency are: []
DBWrapper: report latency for each error is false and specific error codes to track for latency are: []
DBWrapper: report latency for each error is false and specific error codes to track for latency are: []
DBWrapper: report latency for each error is false and specific error codes to track for latency are: []
DBWrapper: report latency for each error is false and specific error codes to track for latency are: []
DBWrapper: report latency for each error is false and specific error codes to track for latency are: []
DBWrapper: report latency for each error is false and specific error codes to track for latency are: []
DBWrapper: report latency for each error is false and specific error codes to track for latency are: []
DBWrapper: report latency for each error is false and specific error codes to track for latency are: []
DBWrapper: report latency for each error is false and specific error codes to track for latency are: []
DBWrapper: report latency for each error is false and specific error codes to track for latency are: []
DBWrapper: report latency for each error is false and specific error codes to track for latency are: []
DBWrapper: report latency for each error is false and specific error codes to track for latency are: []
DBWrapper: report latency for each error is false and specific error codes to track for latency are: []
DBWrapper: report latency for each error is false and specific error codes to track for latency are: []
DBWrapper: report latency for each error is false and specific error codes to track for latency are: []
DBWrapper: report latency for each error is false and specific error codes to track for latency are: []
DBWrapper: report latency for each error is false and specific error codes to track for latency are: []
DBWrapper: report latency for each error is false and specific error codes to track for latency are: []
DBWrapper: report latency for each error is false and specific error codes to track for latency are: []
DBWrapper: report latency for each error is false and specific error codes to track for latency are: []
DBWrapper: report latency for each error is false and specific error codes to track for latency are: []
DBWrapper: report latency for each error is false and specific error codes to track for latency are: []
DBWrapper: report latency for each error is false and specific error codes to track for latency are: []
DBWrapper: report latency for each error is false and specific error codes to track for latency are: []
DBWrapper: report latency for each error is false and specific error codes to track for latency are: []
DBWrapper: report latency for each error is false and specific error codes to track for latency are: []
2020-09-29 09:32:46:628 10 sec: 16017 operations; 1601.54 current ops/sec; est completion in 1 hour 43 minutes [READ: Count=8043, Max=979967, Min=2, Avg=16108.21, 90=29343, 99=197887, 99.9=546303, 99.99=617471] [UPDATE: Count=8011, Max=659455, Min=12, Avg=16299.31, 90=29855, 99=226175, 99.9=553983, 99.99=625151] [READ-FAILED: Count=5, Max=13999, Min=2608, Avg=5727, 90=13999, 99=13999, 99.9=13999, 99.99=13999] 
2020-09-29 09:32:56:628 20 sec: 39726 operations; 2371.14 current ops/sec; est completion in 1 hour 23 minutes [READ: Count=11897, Max=894463, Min=0, Avg=12559.05, 90=20975, 99=324095, 99.9=534527, 99.99=629759] [UPDATE: Count=11780, Max=897535, Min=2, Avg=14313.63, 90=21599, 99=442623, 99.9=543231, 99.99=853503] [READ-FAILED: Count=4, Max=4363, Min=2544, Avg=3446.75, 90=4363, 99=4363, 99.9=4363, 99.99=4363] 
2020-09-29 09:33:06:628 30 sec: 65058 operations; 2533.2 current ops/sec; est completion in 1 hour 16 minutes [READ: Count=12678, Max=593407, Min=1, Avg=12705.21, 90=22543, 99=238847, 99.9=546815, 99.99=573439] [UPDATE: Count=12650, Max=594943, Min=1, Avg=12362.06, 90=22655, 99=189311, 99.9=548351, 99.99=594431] [READ-FAILED: Count=11, Max=13727, Min=1719, Avg=4681.18, 90=12847, 99=13727, 99.9=13727, 99.99=13727] 
2020-09-29 09:33:16:635 40 sec: 93449 operations; 2836.83 current ops/sec; est completion in 1 hour 10 minutes [READ: Count=14222, Max=621055, Min=1, Avg=11064.07, 90=21855, 99=90303, 99.9=529407, 99.99=616447] [UPDATE: Count=14151, Max=981503, Min=2, Avg=11439.43, 90=21535, 99=118143, 99.9=546303, 99.99=625151] [READ-FAILED: Count=8, Max=35359, Min=2220, Avg=8261.38, 90=14719, 99=35359, 99.9=35359, 99.99=35359] 
2020-09-29 09:33:26:628 50 sec: 116186 operations; 2275.52 current ops/sec; est completion in 1 hour 10 minutes [READ: Count=11358, Max=611839, Min=1, Avg=14431.83, 90=20671, 99=440063, 99.9=557567, 99.99=609279] [UPDATE: Count=11381, Max=599039, Min=3, Avg=14076.36, 90=21151, 99=407551, 99.9=549375, 99.99=585215] [READ-FAILED: Count=3, Max=3699, Min=1930, Avg=2644, 90=3699, 99=3699, 99.9=3699, 99.99=3699] 
2020-09-29 09:33:36:628 60 sec: 140477 operations; 2429.1 current ops/sec; est completion in 1 hour 10 minutes [READ: Count=12247, Max=573439, Min=0, Avg=12574.07, 90=22591, 99=216063, 99.9=531967, 99.99=566783] [UPDATE: Count=12028, Max=592383, Min=2, Avg=13496.84, 90=23551, 99=287487, 99.9=533503, 99.99=578559] [READ-FAILED: Count=6, Max=7271, Min=1844, Avg=3208, 90=2923, 99=7271, 99.9=7271, 99.99=7271] 
2020-09-29 09:33:46:628 70 sec: 167701 operations; 2722.4 current ops/sec; est completion in 1 hour 8 minutes [READ: Count=13641, Max=600575, Min=0, Avg=11772.41, 90=21887, 99=125823, 99.9=523519, 99.99=571391] [UPDATE: Count=13577, Max=594943, Min=3, Avg=11938.19, 90=22303, 99=142975, 99.9=531455, 99.99=592383] [READ-FAILED: Count=3, Max=4191, Min=2102, Avg=3344, 90=4191, 99=4191, 99.9=4191, 99.99=4191] 
2020-09-29 09:33:56:628 80 sec: 195023 operations; 2732.2 current ops/sec; est completion in 1 hour 7 minutes [READ: Count=13710, Max=623615, Min=0, Avg=11337.43, 90=20895, 99=145791, 99.9=537087, 99.99=616447] [UPDATE: Count=13601, Max=635391, Min=1, Avg=11796.96, 90=21055, 99=180735, 99.9=549375, 99.99=620031] [READ-FAILED: Count=10, Max=5787, Min=2214, Avg=3109.1, 90=3825, 99=5787, 99.9=5787, 99.99=5787] 
2020-09-29 09:34:06:628 90 sec: 220979 operations; 2595.6 current ops/sec; est completion in 1 hour 6 minutes [READ: Count=13024, Max=711679, Min=0, Avg=12177.67, 90=22191, 99=169087, 99.9=536063, 99.99=617471] [UPDATE: Count=12930, Max=709119, Min=1, Avg=12484.15, 90=23311, 99=164735, 99.9=555007, 99.99=660479] [READ-FAILED: Count=5, Max=7439, Min=2138, Avg=3902.4, 90=7439, 99=7439, 99.9=7439, 99.99=7439] 
2020-09-29 09:34:16:628 100 sec: 248102 operations; 2712.3 current ops/sec; est completion in 1 hour 5 minutes [READ: Count=13450, Max=863743, Min=1, Avg=12052.38, 90=22335, 99=129919, 99.9=531967, 99.99=841215] [UPDATE: Count=13673, Max=836607, Min=1, Avg=11832.51, 90=22655, 99=122047, 99.9=531455, 99.99=807935] [READ-FAILED: Count=3, Max=4647, Min=3746, Avg=4286.33, 90=4647, 99=4647, 99.9=4647, 99.99=4647] 
2020-09-29 09:34:26:628 110 sec: 273183 operations; 2508.1 current ops/sec; est completion in 1 hour 5 minutes [READ: Count=12550, Max=565759, Min=1, Avg=13141.67, 90=21375, 99=293375, 99.9=537087, 99.99=559615] [UPDATE: Count=12518, Max=718847, Min=1, Avg=12250.91, 90=21071, 99=224511, 99.9=548863, 99.99=585727] [READ-FAILED: Count=6, Max=3521, Min=2230, Avg=2759.33, 90=3087, 99=3521, 99.9=3521, 99.99=3521] 
2020-09-29 09:34:36:628 120 sec: 297691 operations; 2450.55 current ops/sec; est completion in 1 hour 5 minutes [READ: Count=12220, Max=737791, Min=0, Avg=12957.6, 90=20815, 99=305919, 99.9=532991, 99.99=578047] [UPDATE: Count=12292, Max=571903, Min=3, Avg=13227.15, 90=21295, 99=313599, 99.9=528895, 99.99=570879] [READ-FAILED: Count=6, Max=3893, Min=1897, Avg=2738, 90=3413, 99=3893, 99.9=3893, 99.99=3893] 
2020-09-29 09:34:46:628 130 sec: 323596 operations; 2590.5 current ops/sec; est completion in 1 hour 4 minutes [READ: Count=12804, Max=621567, Min=1, Avg=11329.47, 90=21679, 99=128063, 99.9=528895, 99.99=569855] [UPDATE: Count=13088, Max=591871, Min=1, Avg=13164.18, 90=22127, 99=299775, 99.9=530943, 99.99=567295] [READ-FAILED: Count=5, Max=8075, Min=1922, Avg=4594.4, 90=8075, 99=8075, 99.9=8075, 99.99=8075] 
2020-09-29 09:34:56:628 140 sec: 348765 operations; 2517.15 current ops/sec; est completion in 1 hour 4 minutes [READ: Count=12634, Max=610815, Min=0, Avg=12730.82, 90=21199, 99=277247, 99.9=541183, 99.99=591871] [UPDATE: Count=12539, Max=857087, Min=1, Avg=12862.22, 90=21311, 99=318719, 99.9=553471, 99.99=603135] [READ-FAILED: Count=3, Max=7603, Min=2454, Avg=4933, 90=7603, 99=7603, 99.9=7603, 99.99=7603] 
2020-09-29 09:35:06:627 150 sec: 374424 operations; 2565.9 current ops/sec; est completion in 1 hour 4 minutes [READ: Count=12898, Max=715775, Min=1, Avg=12316.41, 90=20047, 99=254847, 99.9=537599, 99.99=595455] [UPDATE: Count=12756, Max=575999, Min=1, Avg=12613.42, 90=20159, 99=303615, 99.9=546303, 99.99=573951] [READ-FAILED: Count=9, Max=10135, Min=2066, Avg=4082.78, 90=9271, 99=10135, 99.9=10135, 99.99=10135] 
2020-09-29 09:35:16:628 160 sec: 400103 operations; 2567.9 current ops/sec; est completion in 1 hour 3 minutes [READ: Count=12753, Max=575487, Min=1, Avg=12149.32, 90=21567, 99=197631, 99.9=528895, 99.99=565759] [UPDATE: Count=12908, Max=603647, Min=1, Avg=12477.23, 90=21967, 99=251007, 99.9=534015, 99.99=579583] [READ-FAILED: Count=8, Max=3343, Min=2078, Avg=2536.5, 90=2953, 99=3343, 99.9=3343, 99.99=3343] 
2020-09-29 09:35:26:628 170 sec: 424013 operations; 2391 current ops/sec; est completion in 1 hour 4 minutes [READ: Count=11832, Max=889855, Min=0, Avg=13219.64, 90=21231, 99=310271, 99.9=542207, 99.99=854527] [UPDATE: Count=12082, Max=801279, Min=2, Avg=13714.11, 90=21839, 99=336127, 99.9=559615, 99.99=659967] [READ-FAILED: Count=8, Max=11903, Min=2254, Avg=4421, 90=7407, 99=11903, 99.9=11903, 99.99=11903] 
2020-09-29 09:35:36:628 180 sec: 448526 operations; 2451.3 current ops/sec; est completion in 1 hour 3 minutes [READ: Count=12182, Max=566271, Min=1, Avg=13113.1, 90=23007, 99=250879, 99.9=550911, 99.99=565247] [UPDATE: Count=12314, Max=563711, Min=3, Avg=12968.82, 90=22959, 99=229887, 99.9=531967, 99.99=562687] [READ-FAILED: Count=5, Max=5607, Min=2256, Avg=3486.8, 90=5607, 99=5607, 99.9=5607, 99.99=5607] 
2020-09-29 09:35:46:628 190 sec: 472834 operations; 2430.8 current ops/sec; est completion in 1 hour 3 minutes [READ: Count=12098, Max=602111, Min=0, Avg=12539.53, 90=19631, 99=324607, 99.9=527359, 99.99=563711] [UPDATE: Count=12204, Max=563711, Min=3, Avg=13755.32, 90=19775, 99=430847, 99.9=537599, 99.99=563199] [READ-FAILED: Count=7, Max=3573, Min=1888, Avg=2526, 90=2755, 99=3573, 99.9=3573, 99.99=3573] 
2020-09-29 09:35:56:628 200 sec: 500100 operations; 2726.6 current ops/sec; est completion in 1 hour 3 minutes [READ: Count=13506, Max=630271, Min=1, Avg=11199.84, 90=20751, 99=126783, 99.9=529919, 99.99=600063] [UPDATE: Count=13747, Max=609279, Min=1, Avg=12174.49, 90=21679, 99=189951, 99.9=529407, 99.99=600063] [READ-FAILED: Count=11, Max=3661, Min=1764, Avg=2543, 90=3373, 99=3661, 99.9=3661, 99.99=3661] 
2020-09-29 09:36:06:627 210 sec: 526834 operations; 2673.4 current ops/sec; est completion in 1 hour 2 minutes [READ: Count=13300, Max=564223, Min=0, Avg=11522.38, 90=23231, 99=94655, 99.9=524031, 99.99=563711] [UPDATE: Count=13428, Max=569855, Min=1, Avg=12550.26, 90=23583, 99=171647, 99.9=529407, 99.99=560639] [READ-FAILED: Count=3, Max=4763, Min=1750, Avg=2937.67, 90=4763, 99=4763, 99.9=4763, 99.99=4763] 
2020-09-29 09:36:16:628 220 sec: 555023 operations; 2818.9 current ops/sec; est completion in 1 hour 2 minutes [READ: Count=14163, Max=561151, Min=0, Avg=10454.17, 90=19791, 99=103295, 99.9=526335, 99.99=550911] [UPDATE: Count=14018, Max=585727, Min=1, Avg=11684.48, 90=20287, 99=226431, 99.9=533503, 99.99=580095] [READ-FAILED: Count=8, Max=3965, Min=1657, Avg=2770.12, 90=3889, 99=3965, 99.9=3965, 99.99=3965] 
2020-09-29 09:36:26:628 230 sec: 580564 operations; 2554.1 current ops/sec; est completion in 1 hour 2 minutes [READ: Count=12846, Max=571903, Min=1, Avg=12668.05, 90=21759, 99=216703, 99.9=544767, 99.99=570367] [UPDATE: Count=12689, Max=883711, Min=1, Avg=12840.25, 90=22015, 99=227199, 99.9=541695, 99.99=567807] [READ-FAILED: Count=6, Max=4195, Min=1571, Avg=2777.33, 90=3321, 99=4195, 99.9=4195, 99.99=4195] 
2020-09-29 09:36:36:628 240 sec: 604955 operations; 2439.1 current ops/sec; est completion in 1 hour 2 minutes [READ: Count=12183, Max=581631, Min=1, Avg=12662.78, 90=22463, 99=214015, 99.9=525823, 99.99=573439] [UPDATE: Count=12208, Max=711679, Min=1, Avg=13698.39, 90=22415, 99=313599, 99.9=538623, 99.99=664063] [READ-FAILED: Count=5, Max=18255, Min=1995, Avg=5364, 90=18255, 99=18255, 99.9=18255, 99.99=18255] 
2020-09-29 09:36:46:628 250 sec: 632557 operations; 2760.2 current ops/sec; est completion in 1 hour 1 minute [READ: Count=13739, Max=584703, Min=1, Avg=11864.91, 90=20319, 99=242559, 99.9=536063, 99.99=579583] [UPDATE: Count=13856, Max=596991, Min=3, Avg=11460.92, 90=20591, 99=182271, 99.9=537087, 99.99=572415] [READ-FAILED: Count=5, Max=4175, Min=2027, Avg=3054, 90=4175, 99=4175, 99.9=4175, 99.99=4175] 
2020-09-29 09:36:56:629 260 sec: 657675 operations; 2511.3 current ops/sec; est completion in 1 hour 1 minute [READ: Count=12661, Max=763903, Min=0, Avg=12752.47, 90=21663, 99=259711, 99.9=543743, 99.99=733695] [UPDATE: Count=12449, Max=819199, Min=1, Avg=12476.96, 90=21311, 99=241151, 99.9=559103, 99.99=814591] [READ-FAILED: Count=5, Max=4935, Min=2310, Avg=3502, 90=4935, 99=4935, 99.9=4935, 99.99=4935] 
2020-09-29 09:37:06:627 270 sec: 680437 operations; 2276.66 current ops/sec; est completion in 1 hour 1 minute [READ: Count=11447, Max=975359, Min=0, Avg=13793.34, 90=22975, 99=347647, 99.9=549375, 99.99=623103] [UPDATE: Count=11322, Max=680959, Min=1, Avg=14628.57, 90=23711, 99=349695, 99.9=548351, 99.99=643071] [READ-FAILED: Count=5, Max=4127, Min=1949, Avg=2778.4, 90=4127, 99=4127, 99.9=4127, 99.99=4127] 
2020-09-29 09:37:16:628 280 sec: 706381 operations; 2594.4 current ops/sec; est completion in 1 hour 1 minute [READ: Count=12938, Max=769535, Min=0, Avg=11982.5, 90=21071, 99=158463, 99.9=534527, 99.99=564735] [UPDATE: Count=12998, Max=729599, Min=2, Avg=12547.75, 90=21455, 99=221695, 99.9=536063, 99.99=687615] [READ-FAILED: Count=4, Max=3181, Min=1632, Avg=2622.25, 90=3181, 99=3181, 99.9=3181, 99.99=3181] 
2020-09-29 09:37:26:628 290 sec: 732385 operations; 2600.4 current ops/sec; est completion in 1 hour 1 minute [READ: Count=12941, Max=678399, Min=1, Avg=12090.43, 90=21167, 99=176639, 99.9=529407, 99.99=586751] [UPDATE: Count=13048, Max=575487, Min=1, Avg=12171.29, 90=21039, 99=185727, 99.9=539135, 99.99=564223] [READ-FAILED: Count=7, Max=5095, Min=1668, Avg=2838.86, 90=3565, 99=5095, 99.9=5095, 99.99=5095] 
2020-09-29 09:37:36:627 300 sec: 755916 operations; 2353.1 current ops/sec; est completion in 1 hour 1 minute [READ: Count=11781, Max=590335, Min=1, Avg=13458.01, 90=20447, 99=388607, 99.9=530943, 99.99=585727] [UPDATE: Count=11756, Max=594431, Min=3, Avg=14259.03, 90=21423, 99=419071, 99.9=534015, 99.99=586239] [READ-FAILED: Count=3, Max=4623, Min=1902, Avg=3045.67, 90=4623, 99=4623, 99.9=4623, 99.99=4623] 
Maximum time elapsed. Requesting stop for the workload.
Stop requested for workload. Now Joining!
[36m09:37:37.213[m [[34;1mINFO[m] [1;34mp.u.t.s.y.Stats.clientFinished@38[m: 
Ended SconeKV benchmark.
Number of clients: 32
Total transactions: 150444
Committed: 116497 (77.435455%)
Aborted: 33947 (22.564543%)
2020-09-29 09:37:37:216 300 sec: 756176 operations; 442.18 current ops/sec; est completion in 1 hour 1 minute [READ: Count=133, Max=518911, Min=2, Avg=42471.43, 90=36543, 99=517375, 99.9=518911, 99.99=518911] [CLEANUP: Count=32, Max=1460, Min=2, Avg=49.34, 90=7, 99=1460, 99.9=1460, 99.99=1460] [UPDATE: Count=118, Max=517119, Min=5, Avg=24405.31, 90=28687, 99=515839, 99.9=517119, 99.99=517119] [READ-FAILED: Count=0, Max=0, Min=9223372036854775807, Avg=NaN, 90=0, 99=0, 99.9=0, 99.99=0] 
[OVERALL], RunTime(ms), 300587
[OVERALL], Throughput(ops/sec), 2515.664350088327
[TOTAL_GCS_G1_Young_Generation], Count, 128
[TOTAL_GC_TIME_G1_Young_Generation], Time(ms), 969
[TOTAL_GC_TIME_%_G1_Young_Generation], Time(%), 0.3223692308715946
[TOTAL_GCS_G1_Old_Generation], Count, 0
[TOTAL_GC_TIME_G1_Old_Generation], Time(ms), 0
[TOTAL_GC_TIME_%_G1_Old_Generation], Time(%), 0.0
[TOTAL_GCs], Count, 128
[TOTAL_GC_TIME], Time(ms), 969
[TOTAL_GC_TIME_%], Time(%), 0.3223692308715946
[READ], Operations, 377879
[READ], AverageLatency(us), 12412.728942333393
[READ], MinLatency(us), 0
[READ], MaxLatency(us), 979967
[READ], 95thPercentileLatency(us), 29919
[READ], 99thPercentileLatency(us), 216703
[READ], Return=OK, 377879
[READ], Return=NOT_FOUND, 177
[CLEANUP], Operations, 32
[CLEANUP], AverageLatency(us), 49.34375
[CLEANUP], MinLatency(us), 2
[CLEANUP], MaxLatency(us), 1460
[CLEANUP], 95thPercentileLatency(us), 7
[CLEANUP], 99thPercentileLatency(us), 1460
[UPDATE], Operations, 378120
[UPDATE], AverageLatency(us), 12833.15581561409
[UPDATE], MinLatency(us), 1
[UPDATE], MaxLatency(us), 981503
[UPDATE], 95thPercentileLatency(us), 30911
[UPDATE], 99thPercentileLatency(us), 261375
[UPDATE], Return=OK, 378120
[READ-FAILED], Operations, 177
[READ-FAILED], AverageLatency(us), 3658.5141242937852
[READ-FAILED], MinLatency(us), 1571
[READ-FAILED], MaxLatency(us), 35359
[READ-FAILED], 95thPercentileLatency(us), 8075
[READ-FAILED], 99thPercentileLatency(us), 14719
