Command line: -t -db pt.ulisboa.tecnico.sconekv.ycsb.SconeKVClient -P workloada -threads 256 -s -p scone.tx_size=5 -p operationcount=10000000 -p maxexecutiontime=300
YCSB Client 0.17.0

Loading workload...
Starting test.
WARNING: sun.reflect.Reflection.getCallerClass is not supported. This will impact performance.
2020-09-07 14:53:34:144 0 sec: 0 operations; est completion in 0 second 
Maximum execution time specified as: 300 secs
DBWrapper: report latency for each error is false and specific error codes to track for latency are: []
DBWrapper: report latency for each error is false and specific error codes to track for latency are: []
DBWrapper: report latency for each error is false and specific error codes to track for latency are: []
DBWrapper: report latency for each error is false and specific error codes to track for latency are: []
DBWrapper: report latency for each error is false and specific error codes to track for latency are: []
DBWrapper: report latency for each error is false and specific error codes to track for latency are: []
DBWrapper: report latency for each error is false and specific error codes to track for latency are: []
DBWrapper: report latency for each error is false and specific error codes to track for latency are: []
DBWrapper: report latency for each error is false and specific error codes to track for latency are: []
DBWrapper: report latency for each error is false and specific error codes to track for latency are: []
DBWrapper: report latency for each error is false and specific error codes to track for latency are: []
DBWrapper: report latency for each error is false and specific error codes to track for latency are: []
DBWrapper: report latency for each error is false and specific error codes to track for latency are: []
DBWrapper: report latency for each error is false and specific error codes to track for latency are: []
DBWrapper: report latency for each error is false and specific error codes to track for latency are: []
DBWrapper: report latency for each error is false and specific error codes to track for latency are: []
DBWrapper: report latency for each error is false and specific error codes to track for latency are: []
DBWrapper: report latency for each error is false and specific error codes to track for latency are: []
DBWrapper: report latency for each error is false and specific error codes to track for latency are: []
DBWrapper: report latency for each error is false and specific error codes to track for latency are: []
DBWrapper: report latency for each error is false and specific error codes to track for latency are: []
DBWrapper: report latency for each error is false and specific error codes to track for latency are: []
DBWrapper: report latency for each error is false and specific error codes to track for latency are: []
DBWrapper: report latency for each error is false and specific error codes to track for latency are: []
DBWrapper: report latency for each error is false and specific error codes to track for latency are: []
DBWrapper: report latency for each error is false and specific error codes to track for latency are: []
DBWrapper: report latency for each error is false and specific error codes to track for latency are: []
DBWrapper: report latency for each error is false and specific error codes to track for latency are: []
DBWrapper: report latency for each error is false and specific error codes to track for latency are: []
DBWrapper: report latency for each error is false and specific error codes to track for latency are: []
DBWrapper: report latency for each error is false and specific error codes to track for latency are: []
DBWrapper: report latency for each error is false and specific error codes to track for latency are: []
DBWrapper: report latency for each error is false and specific error codes to track for latency are: []
DBWrapper: report latency for each error is false and specific error codes to track for latency are: []
DBWrapper: report latency for each error is false and specific error codes to track for latency are: []
DBWrapper: report latency for each error is false and specific error codes to track for latency are: []
DBWrapper: report latency for each error is false and specific error codes to track for latency are: []
DBWrapper: report latency for each error is false and specific error codes to track for latency are: []
DBWrapper: report latency for each error is false and specific error codes to track for latency are: []
DBWrapper: report latency for each error is false and specific error codes to track for latency are: []
DBWrapper: report latency for each error is false and specific error codes to track for latency are: []
DBWrapper: report latency for each error is false and specific error codes to track for latency are: []
DBWrapper: report latency for each error is false and specific error codes to track for latency are: []
DBWrapper: report latency for each error is false and specific error codes to track for latency are: []
DBWrapper: report latency for each error is false and specific error codes to track for latency are: []
DBWrapper: report latency for each error is false and specific error codes to track for latency are: []
DBWrapper: report latency for each error is false and specific error codes to track for latency are: []
DBWrapper: report latency for each error is false and specific error codes to track for latency are: []
DBWrapper: report latency for each error is false and specific error codes to track for latency are: []
DBWrapper: report latency for each error is false and specific error codes to track for latency are: []
DBWrapper: report latency for each error is false and specific error codes to track for latency are: []
DBWrapper: report latency for each error is false and specific error codes to track for latency are: []
DBWrapper: report latency for each error is false and specific error codes to track for latency are: []
DBWrapper: report latency for each error is false and specific error codes to track for latency are: []
DBWrapper: report latency for each error is false and specific error codes to track for latency are: []
DBWrapper: report latency for each error is false and specific error codes to track for latency are: []
DBWrapper: report latency for each error is false and specific error codes to track for latency are: []
DBWrapper: report latency for each error is false and specific error codes to track for latency are: []
DBWrapper: report latency for each error is false and specific error codes to track for latency are: []
DBWrapper: report latency for each error is false and specific error codes to track for latency are: []
DBWrapper: report latency for each error is false and specific error codes to track for latency are: []
DBWrapper: report latency for each error is false and specific error codes to track for latency are: []
DBWrapper: report latency for each error is false and specific error codes to track for latency are: []
DBWrapper: report latency for each error is false and specific error codes to track for latency are: []
DBWrapper: report latency for each error is false and specific error codes to track for latency are: []
DBWrapper: report latency for each error is false and specific error codes to track for latency are: []
DBWrapper: report latency for each error is false and specific error codes to track for latency are: []
DBWrapper: report latency for each error is false and specific error codes to track for latency are: []
DBWrapper: report latency for each error is false and specific error codes to track for latency are: []
DBWrapper: report latency for each error is false and specific error codes to track for latency are: []
DBWrapper: report latency for each error is false and specific error codes to track for latency are: []
DBWrapper: report latency for each error is false and specific error codes to track for latency are: []
DBWrapper: report latency for each error is false and specific error codes to track for latency are: []
DBWrapper: report latency for each error is false and specific error codes to track for latency are: []
DBWrapper: report latency for each error is false and specific error codes to track for latency are: []
DBWrapper: report latency for each error is false and specific error codes to track for latency are: []
DBWrapper: report latency for each error is false and specific error codes to track for latency are: []
DBWrapper: report latency for each error is false and specific error codes to track for latency are: []
DBWrapper: report latency for each error is false and specific error codes to track for latency are: []
DBWrapper: report latency for each error is false and specific error codes to track for latency are: []
DBWrapper: report latency for each error is false and specific error codes to track for latency are: []
DBWrapper: report latency for each error is false and specific error codes to track for latency are: []
DBWrapper: report latency for each error is false and specific error codes to track for latency are: []
DBWrapper: report latency for each error is false and specific error codes to track for latency are: []
DBWrapper: report latency for each error is false and specific error codes to track for latency are: []
DBWrapper: report latency for each error is false and specific error codes to track for latency are: []
DBWrapper: report latency for each error is false and specific error codes to track for latency are: []
DBWrapper: report latency for each error is false and specific error codes to track for latency are: []
DBWrapper: report latency for each error is false and specific error codes to track for latency are: []
DBWrapper: report latency for each error is false and specific error codes to track for latency are: []
DBWrapper: report latency for each error is false and specific error codes to track for latency are: []
DBWrapper: report latency for each error is false and specific error codes to track for latency are: []
DBWrapper: report latency for each error is false and specific error codes to track for latency are: []
DBWrapper: report latency for each error is false and specific error codes to track for latency are: []
DBWrapper: report latency for each error is false and specific error codes to track for latency are: []
DBWrapper: report latency for each error is false and specific error codes to track for latency are: []
DBWrapper: report latency for each error is false and specific error codes to track for latency are: []
DBWrapper: report latency for each error is false and specific error codes to track for latency are: []
DBWrapper: report latency for each error is false and specific error codes to track for latency are: []
DBWrapper: report latency for each error is false and specific error codes to track for latency are: []
DBWrapper: report latency for each error is false and specific error codes to track for latency are: []
DBWrapper: report latency for each error is false and specific error codes to track for latency are: []
DBWrapper: report latency for each error is false and specific error codes to track for latency are: []
DBWrapper: report latency for each error is false and specific error codes to track for latency are: []
DBWrapper: report latency for each error is false and specific error codes to track for latency are: []
DBWrapper: report latency for each error is false and specific error codes to track for latency are: []
DBWrapper: report latency for each error is false and specific error codes to track for latency are: []
DBWrapper: report latency for each error is false and specific error codes to track for latency are: []
DBWrapper: report latency for each error is false and specific error codes to track for latency are: []
DBWrapper: report latency for each error is false and specific error codes to track for latency are: []
DBWrapper: report latency for each error is false and specific error codes to track for latency are: []
DBWrapper: report latency for each error is false and specific error codes to track for latency are: []
DBWrapper: report latency for each error is false and specific error codes to track for latency are: []
DBWrapper: report latency for each error is false and specific error codes to track for latency are: []
DBWrapper: report latency for each error is false and specific error codes to track for latency are: []
DBWrapper: report latency for each error is false and specific error codes to track for latency are: []
DBWrapper: report latency for each error is false and specific error codes to track for latency are: []
DBWrapper: report latency for each error is false and specific error codes to track for latency are: []
DBWrapper: report latency for each error is false and specific error codes to track for latency are: []
DBWrapper: report latency for each error is false and specific error codes to track for latency are: []
DBWrapper: report latency for each error is false and specific error codes to track for latency are: []
DBWrapper: report latency for each error is false and specific error codes to track for latency are: []
DBWrapper: report latency for each error is false and specific error codes to track for latency are: []
DBWrapper: report latency for each error is false and specific error codes to track for latency are: []
DBWrapper: report latency for each error is false and specific error codes to track for latency are: []
DBWrapper: report latency for each error is false and specific error codes to track for latency are: []
DBWrapper: report latency for each error is false and specific error codes to track for latency are: []
DBWrapper: report latency for each error is false and specific error codes to track for latency are: []
DBWrapper: report latency for each error is false and specific error codes to track for latency are: []
DBWrapper: report latency for each error is false and specific error codes to track for latency are: []
DBWrapper: report latency for each error is false and specific error codes to track for latency are: []
DBWrapper: report latency for each error is false and specific error codes to track for latency are: []
DBWrapper: report latency for each error is false and specific error codes to track for latency are: []
DBWrapper: report latency for each error is false and specific error codes to track for latency are: []
DBWrapper: report latency for each error is false and specific error codes to track for latency are: []
DBWrapper: report latency for each error is false and specific error codes to track for latency are: []
DBWrapper: report latency for each error is false and specific error codes to track for latency are: []
DBWrapper: report latency for each error is false and specific error codes to track for latency are: []
DBWrapper: report latency for each error is false and specific error codes to track for latency are: []
DBWrapper: report latency for each error is false and specific error codes to track for latency are: []
DBWrapper: report latency for each error is false and specific error codes to track for latency are: []
2020-09-07 14:53:44:152 10 sec: 4123 operations; 412.18 current ops/sec; est completion in 6 hours 44 minutes [READ: Count=2052, Max=4304895, Min=5, Avg=105462.23, 90=217599, 99=885759, 99.9=2148351, 99.99=4304895] [UPDATE: Count=2307, Max=3876863, Min=11, Avg=99210.91, 90=214143, 99=935935, 99.9=3817471, 99.99=3876863] [READ-FAILED: Count=3, Max=676351, Min=5652, Avg=293490, 90=676351, 99=676351, 99.9=676351, 99.99=676351] 
DBWrapper: report latency for each error is false and specific error codes to track for latency are: []
DBWrapper: report latency for each error is false and specific error codes to track for latency are: []
DBWrapper: report latency for each error is false and specific error codes to track for latency are: []
DBWrapper: report latency for each error is false and specific error codes to track for latency are: []
DBWrapper: report latency for each error is false and specific error codes to track for latency are: []
DBWrapper: report latency for each error is false and specific error codes to track for latency are: []
DBWrapper: report latency for each error is false and specific error codes to track for latency are: []
DBWrapper: report latency for each error is false and specific error codes to track for latency are: []
DBWrapper: report latency for each error is false and specific error codes to track for latency are: []
DBWrapper: report latency for each error is false and specific error codes to track for latency are: []
DBWrapper: report latency for each error is false and specific error codes to track for latency are: []
DBWrapper: report latency for each error is false and specific error codes to track for latency are: []
DBWrapper: report latency for each error is false and specific error codes to track for latency are: []
DBWrapper: report latency for each error is false and specific error codes to track for latency are: []
DBWrapper: report latency for each error is false and specific error codes to track for latency are: []
DBWrapper: report latency for each error is false and specific error codes to track for latency are: []
DBWrapper: report latency for each error is false and specific error codes to track for latency are: []
DBWrapper: report latency for each error is false and specific error codes to track for latency are: []
DBWrapper: report latency for each error is false and specific error codes to track for latency are: []
DBWrapper: report latency for each error is false and specific error codes to track for latency are: []
DBWrapper: report latency for each error is false and specific error codes to track for latency are: []
DBWrapper: report latency for each error is false and specific error codes to track for latency are: []
DBWrapper: report latency for each error is false and specific error codes to track for latency are: []
DBWrapper: report latency for each error is false and specific error codes to track for latency are: []
DBWrapper: report latency for each error is false and specific error codes to track for latency are: []
DBWrapper: report latency for each error is false and specific error codes to track for latency are: []
DBWrapper: report latency for each error is false and specific error codes to track for latency are: []
DBWrapper: report latency for each error is false and specific error codes to track for latency are: []
DBWrapper: report latency for each error is false and specific error codes to track for latency are: []
DBWrapper: report latency for each error is false and specific error codes to track for latency are: []
DBWrapper: report latency for each error is false and specific error codes to track for latency are: []
DBWrapper: report latency for each error is false and specific error codes to track for latency are: []
DBWrapper: report latency for each error is false and specific error codes to track for latency are: []
DBWrapper: report latency for each error is false and specific error codes to track for latency are: []
DBWrapper: report latency for each error is false and specific error codes to track for latency are: []
DBWrapper: report latency for each error is false and specific error codes to track for latency are: []
DBWrapper: report latency for each error is false and specific error codes to track for latency are: []
DBWrapper: report latency for each error is false and specific error codes to track for latency are: []
DBWrapper: report latency for each error is false and specific error codes to track for latency are: []
DBWrapper: report latency for each error is false and specific error codes to track for latency are: []
DBWrapper: report latency for each error is false and specific error codes to track for latency are: []
DBWrapper: report latency for each error is false and specific error codes to track for latency are: []
DBWrapper: report latency for each error is false and specific error codes to track for latency are: []
DBWrapper: report latency for each error is false and specific error codes to track for latency are: []
DBWrapper: report latency for each error is false and specific error codes to track for latency are: []
DBWrapper: report latency for each error is false and specific error codes to track for latency are: []
DBWrapper: report latency for each error is false and specific error codes to track for latency are: []
DBWrapper: report latency for each error is false and specific error codes to track for latency are: []
DBWrapper: report latency for each error is false and specific error codes to track for latency are: []
DBWrapper: report latency for each error is false and specific error codes to track for latency are: []
DBWrapper: report latency for each error is false and specific error codes to track for latency are: []
DBWrapper: report latency for each error is false and specific error codes to track for latency are: []
DBWrapper: report latency for each error is false and specific error codes to track for latency are: []
DBWrapper: report latency for each error is false and specific error codes to track for latency are: []
DBWrapper: report latency for each error is false and specific error codes to track for latency are: []
DBWrapper: report latency for each error is false and specific error codes to track for latency are: []
DBWrapper: report latency for each error is false and specific error codes to track for latency are: []
DBWrapper: report latency for each error is false and specific error codes to track for latency are: []
DBWrapper: report latency for each error is false and specific error codes to track for latency are: []
DBWrapper: report latency for each error is false and specific error codes to track for latency are: []
DBWrapper: report latency for each error is false and specific error codes to track for latency are: []
DBWrapper: report latency for each error is false and specific error codes to track for latency are: []
DBWrapper: report latency for each error is false and specific error codes to track for latency are: []
DBWrapper: report latency for each error is false and specific error codes to track for latency are: []
DBWrapper: report latency for each error is false and specific error codes to track for latency are: []
DBWrapper: report latency for each error is false and specific error codes to track for latency are: []
DBWrapper: report latency for each error is false and specific error codes to track for latency are: []
DBWrapper: report latency for each error is false and specific error codes to track for latency are: []
DBWrapper: report latency for each error is false and specific error codes to track for latency are: []
DBWrapper: report latency for each error is false and specific error codes to track for latency are: []
DBWrapper: report latency for each error is false and specific error codes to track for latency are: []
DBWrapper: report latency for each error is false and specific error codes to track for latency are: []
DBWrapper: report latency for each error is false and specific error codes to track for latency are: []
DBWrapper: report latency for each error is false and specific error codes to track for latency are: []
DBWrapper: report latency for each error is false and specific error codes to track for latency are: []
DBWrapper: report latency for each error is false and specific error codes to track for latency are: []
DBWrapper: report latency for each error is false and specific error codes to track for latency are: []
DBWrapper: report latency for each error is false and specific error codes to track for latency are: []
DBWrapper: report latency for each error is false and specific error codes to track for latency are: []
DBWrapper: report latency for each error is false and specific error codes to track for latency are: []
DBWrapper: report latency for each error is false and specific error codes to track for latency are: []
DBWrapper: report latency for each error is false and specific error codes to track for latency are: []
DBWrapper: report latency for each error is false and specific error codes to track for latency are: []
DBWrapper: report latency for each error is false and specific error codes to track for latency are: []
DBWrapper: report latency for each error is false and specific error codes to track for latency are: []
DBWrapper: report latency for each error is false and specific error codes to track for latency are: []
DBWrapper: report latency for each error is false and specific error codes to track for latency are: []
DBWrapper: report latency for each error is false and specific error codes to track for latency are: []
DBWrapper: report latency for each error is false and specific error codes to track for latency are: []
DBWrapper: report latency for each error is false and specific error codes to track for latency are: []
DBWrapper: report latency for each error is false and specific error codes to track for latency are: []
DBWrapper: report latency for each error is false and specific error codes to track for latency are: []
DBWrapper: report latency for each error is false and specific error codes to track for latency are: []
DBWrapper: report latency for each error is false and specific error codes to track for latency are: []
DBWrapper: report latency for each error is false and specific error codes to track for latency are: []
DBWrapper: report latency for each error is false and specific error codes to track for latency are: []
2020-09-07 14:53:54:144 20 sec: 26425 operations; 2230.2 current ops/sec; est completion in 2 hours 5 minutes [READ: Count=11123, Max=1372159, Min=1, Avg=84071.66, 90=235007, 99=670207, 99.9=1117183, 99.99=1228799] [UPDATE: Count=11126, Max=1433599, Min=2, Avg=83543.5, 90=235775, 99=682495, 99.9=1086463, 99.99=1293311] [READ-FAILED: Count=11, Max=268799, Min=2236, Avg=49386.36, 90=172159, 99=268799, 99.9=268799, 99.99=268799] 
2020-09-07 14:54:04:142 30 sec: 68138 operations; 4172.55 current ops/sec; est completion in 1 hour 12 minutes [READ: Count=20788, Max=15261695, Min=0, Avg=54275.11, 90=119743, 99=619519, 99.9=1252351, 99.99=1772543] [UPDATE: Count=20722, Max=1748991, Min=1, Avg=55525.11, 90=122303, 99=647167, 99.9=1361919, 99.99=1666047] [READ-FAILED: Count=12, Max=166015, Min=5096, Avg=47918.5, 90=96895, 99=166015, 99.9=166015, 99.99=166015] 
DBWrapper: report latency for each error is false and specific error codes to track for latency are: []
DBWrapper: report latency for each error is false and specific error codes to track for latency are: []
DBWrapper: report latency for each error is false and specific error codes to track for latency are: []
DBWrapper: report latency for each error is false and specific error codes to track for latency are: []
DBWrapper: report latency for each error is false and specific error codes to track for latency are: []
DBWrapper: report latency for each error is false and specific error codes to track for latency are: []
DBWrapper: report latency for each error is false and specific error codes to track for latency are: []
DBWrapper: report latency for each error is false and specific error codes to track for latency are: []
DBWrapper: report latency for each error is false and specific error codes to track for latency are: []
DBWrapper: report latency for each error is false and specific error codes to track for latency are: []
DBWrapper: report latency for each error is false and specific error codes to track for latency are: []
DBWrapper: report latency for each error is false and specific error codes to track for latency are: []
DBWrapper: report latency for each error is false and specific error codes to track for latency are: []
DBWrapper: report latency for each error is false and specific error codes to track for latency are: []
DBWrapper: report latency for each error is false and specific error codes to track for latency are: []
DBWrapper: report latency for each error is false and specific error codes to track for latency are: []
DBWrapper: report latency for each error is false and specific error codes to track for latency are: []
2020-09-07 14:54:14:142 40 sec: 120070 operations; 5193.2 current ops/sec; est completion in 54 minutes [READ: Count=25997, Max=15048703, Min=0, Avg=45408.78, 90=92351, 99=636927, 99.9=1457151, 99.99=1969151] [UPDATE: Count=25921, Max=15130623, Min=1, Avg=49287.65, 90=99775, 99=705535, 99.9=1642495, 99.99=2018303] [READ-FAILED: Count=25, Max=32863, Min=2540, Avg=9547.04, 90=28911, 99=32863, 99.9=32863, 99.99=32863] 
2020-09-07 14:54:24:142 50 sec: 171246 operations; 5117.6 current ops/sec; est completion in 47 minutes [READ: Count=25534, Max=2191359, Min=0, Avg=48770.27, 90=90175, 99=770559, 99.9=1472511, 99.99=1973247] [UPDATE: Count=25612, Max=2238463, Min=1, Avg=53289.38, 90=100927, 99=858111, 99.9=1657855, 99.99=2044927] [READ-FAILED: Count=31, Max=46559, Min=1853, Avg=7914.16, 90=12935, 99=46559, 99.9=46559, 99.99=46559] 
2020-09-07 14:54:34:142 60 sec: 226620 operations; 5537.4 current ops/sec; est completion in 43 minutes [READ: Count=27602, Max=2150399, Min=0, Avg=43833.15, 90=81407, 99=628223, 99.9=1507327, 99.99=1915903] [UPDATE: Count=27742, Max=2496511, Min=0, Avg=46074.64, 90=85055, 99=660479, 99.9=1557503, 99.99=2185215] [READ-FAILED: Count=27, Max=88895, Min=1848, Avg=12393.96, 90=20015, 99=88895, 99.9=88895, 99.99=88895] 
DBWrapper: report latency for each error is false and specific error codes to track for latency are: []
DBWrapper: report latency for each error is false and specific error codes to track for latency are: []
2020-09-07 14:54:44:143 70 sec: 285278 operations; 5865.21 current ops/sec; est completion in 39 minutes [READ: Count=29533, Max=2201599, Min=0, Avg=42837.18, 90=88767, 99=591871, 99.9=1626111, 99.99=2073599] [UPDATE: Count=29106, Max=2289663, Min=0, Avg=47478.24, 90=94079, 99=686591, 99.9=1815551, 99.99=2195455] [READ-FAILED: Count=28, Max=32495, Min=2078, Avg=9841.25, 90=17103, 99=32495, 99.9=32495, 99.99=32495] 
2020-09-07 14:54:54:142 80 sec: 342547 operations; 5727.47 current ops/sec; est completion in 37 minutes [READ: Count=28789, Max=1811455, Min=0, Avg=42265.13, 90=86911, 99=591359, 99.9=1381375, 99.99=1701887] [UPDATE: Count=28455, Max=1697791, Min=1, Avg=46359.84, 90=91583, 99=642047, 99.9=1412095, 99.99=1678335] [READ-FAILED: Count=23, Max=35455, Min=2064, Avg=7984.91, 90=16159, 99=35455, 99.9=35455, 99.99=35455] 
2020-09-07 14:55:04:142 90 sec: 394912 operations; 5236.5 current ops/sec; est completion in 36 minutes [READ: Count=25962, Max=2252799, Min=0, Avg=45638.35, 90=86591, 99=739327, 99.9=1718271, 99.99=2203647] [UPDATE: Count=26366, Max=2347007, Min=1, Avg=51526.26, 90=94271, 99=858111, 99.9=1717247, 99.99=2197503] [READ-FAILED: Count=26, Max=34655, Min=2208, Avg=7058.38, 90=9927, 99=34655, 99.9=34655, 99.99=34655] 
2020-09-07 14:55:14:142 100 sec: 446989 operations; 5207.7 current ops/sec; est completion in 35 minutes [READ: Count=26061, Max=2615295, Min=0, Avg=47803.65, 90=87487, 99=728063, 99.9=1818623, 99.99=2301951] [UPDATE: Count=26013, Max=2365439, Min=0, Avg=50683.72, 90=92223, 99=828927, 99.9=1780735, 99.99=2271231] [READ-FAILED: Count=23, Max=45695, Min=2488, Avg=9328.22, 90=20223, 99=45695, 99.9=45695, 99.99=45695] 
2020-09-07 14:55:24:142 110 sec: 497237 operations; 5024.3 current ops/sec; est completion in 35 minutes [READ: Count=24987, Max=2562047, Min=1, Avg=49333.66, 90=93503, 99=747519, 99.9=1892351, 99.99=2365439] [UPDATE: Count=25230, Max=2611199, Min=4, Avg=52058.49, 90=95039, 99=838655, 99.9=1978367, 99.99=2484223] [READ-FAILED: Count=17, Max=13423, Min=1754, Avg=5647.18, 90=7927, 99=13423, 99.9=13423, 99.99=13423] 
2020-09-07 14:55:34:142 120 sec: 551090 operations; 5385.3 current ops/sec; est completion in 34 minutes [READ: Count=26974, Max=1997823, Min=0, Avg=46977.16, 90=87551, 99=658943, 99.9=1642495, 99.99=1955839] [UPDATE: Count=26848, Max=1971199, Min=0, Avg=48015.18, 90=90623, 99=730623, 99.9=1679359, 99.99=1939455] [READ-FAILED: Count=25, Max=56127, Min=2132, Avg=8725.12, 90=17647, 99=56127, 99.9=56127, 99.99=56127] 
2020-09-07 14:55:44:142 130 sec: 603379 operations; 5229.42 current ops/sec; est completion in 33 minutes [READ: Count=26150, Max=2168831, Min=0, Avg=46448.84, 90=89471, 99=731647, 99.9=1539071, 99.99=2127871] [UPDATE: Count=26126, Max=2127871, Min=1, Avg=52149.96, 90=103295, 99=808447, 99.9=1605631, 99.99=2087935] [READ-FAILED: Count=20, Max=31551, Min=1766, Avg=9000.65, 90=20271, 99=31551, 99.9=31551, 99.99=31551] 
2020-09-07 14:55:54:142 140 sec: 657183 operations; 5380.4 current ops/sec; est completion in 33 minutes [READ: Count=26681, Max=2547711, Min=0, Avg=46979.27, 90=92543, 99=700415, 99.9=1803263, 99.99=2400255] [UPDATE: Count=27120, Max=2572287, Min=1, Avg=49610.71, 90=95039, 99=739839, 99.9=1907711, 99.99=2521087] [READ-FAILED: Count=15, Max=28367, Min=2039, Avg=9084.27, 90=24447, 99=28367, 99.9=28367, 99.99=28367] 
2020-09-07 14:56:04:142 150 sec: 706696 operations; 4950.8 current ops/sec; est completion in 32 minutes [READ: Count=25054, Max=2809855, Min=0, Avg=48009.23, 90=96511, 99=634367, 99.9=2103295, 99.99=2748415] [UPDATE: Count=24431, Max=2959359, Min=1, Avg=53760.86, 90=105535, 99=766463, 99.9=2119679, 99.99=2836479] [READ-FAILED: Count=20, Max=15927, Min=1851, Avg=6836.6, 90=12967, 99=15927, 99.9=15927, 99.99=15927] 
2020-09-07 14:56:14:142 160 sec: 760807 operations; 5411.64 current ops/sec; est completion in 32 minutes [READ: Count=27110, Max=1967103, Min=0, Avg=45948.96, 90=95295, 99=655359, 99.9=1329151, 99.99=1839103] [UPDATE: Count=26980, Max=2527231, Min=0, Avg=49755.98, 90=101695, 99=749567, 99.9=1447935, 99.99=1934335] [READ-FAILED: Count=27, Max=52607, Min=2374, Avg=9572.22, 90=15959, 99=52607, 99.9=52607, 99.99=52607] 
2020-09-07 14:56:24:142 170 sec: 811427 operations; 5062 current ops/sec; est completion in 32 minutes [READ: Count=25431, Max=1972223, Min=0, Avg=48063.63, 90=101759, 99=661503, 99.9=1415167, 99.99=1833983] [UPDATE: Count=25165, Max=2162687, Min=1, Avg=53363.05, 90=114431, 99=758271, 99.9=1552383, 99.99=2025471] [READ-FAILED: Count=25, Max=57919, Min=1652, Avg=7720.44, 90=11367, 99=57919, 99.9=57919, 99.99=57919] 
2020-09-07 14:56:34:143 180 sec: 862144 operations; 5071.19 current ops/sec; est completion in 31 minutes [READ: Count=25314, Max=2951167, Min=0, Avg=46822.96, 90=84351, 99=657407, 99.9=1816575, 99.99=2762751] [UPDATE: Count=25369, Max=3117055, Min=2, Avg=51186.17, 90=91391, 99=749055, 99.9=1947647, 99.99=2861055] [READ-FAILED: Count=21, Max=29823, Min=2070, Avg=8762.62, 90=17039, 99=29823, 99.9=29823, 99.99=29823] 
2020-09-07 14:56:44:142 190 sec: 913207 operations; 5106.81 current ops/sec; est completion in 31 minutes [READ: Count=25554, Max=2072575, Min=0, Avg=47829.24, 90=93247, 99=691199, 99.9=1510399, 99.99=1816575] [UPDATE: Count=25495, Max=2435071, Min=1, Avg=52258.16, 90=99711, 99=816127, 99.9=1649663, 99.99=2211839] [READ-FAILED: Count=22, Max=34111, Min=1865, Avg=9058.5, 90=19967, 99=34111, 99.9=34111, 99.99=34111] 
2020-09-07 14:56:54:142 200 sec: 969262 operations; 5605.5 current ops/sec; est completion in 31 minutes [READ: Count=27915, Max=2030591, Min=0, Avg=44632, 90=94975, 99=621567, 99.9=1398783, 99.99=1616895] [UPDATE: Count=28119, Max=2340863, Min=1, Avg=47312.93, 90=99647, 99=654847, 99.9=1425407, 99.99=1738751] [READ-FAILED: Count=19, Max=35423, Min=3492, Avg=8609.47, 90=13447, 99=35423, 99.9=35423, 99.99=35423] 
2020-09-07 14:57:04:142 210 sec: 1018847 operations; 4958.5 current ops/sec; est completion in 30 minutes [READ: Count=24473, Max=2510847, Min=0, Avg=50682.41, 90=98943, 99=773631, 99.9=1754111, 99.99=2420735] [UPDATE: Count=25089, Max=2426879, Min=0, Avg=53485.84, 90=103039, 99=834559, 99.9=1726463, 99.99=2336767] [READ-FAILED: Count=16, Max=433663, Min=2852, Avg=36153.62, 90=17151, 99=433663, 99.9=433663, 99.99=433663] 
2020-09-07 14:57:14:142 220 sec: 1073776 operations; 5492.9 current ops/sec; est completion in 30 minutes [READ: Count=27476, Max=1954815, Min=0, Avg=45002.89, 90=89855, 99=629759, 99.9=1610751, 99.99=1922047] [UPDATE: Count=27439, Max=2394111, Min=0, Avg=48623.48, 90=94271, 99=703999, 99.9=1687551, 99.99=2015231] [READ-FAILED: Count=19, Max=27391, Min=2372, Avg=7524.47, 90=13327, 99=27391, 99.9=27391, 99.99=27391] 
2020-09-07 14:57:24:142 230 sec: 1125546 operations; 5176.48 current ops/sec; est completion in 30 minutes [READ: Count=25717, Max=2754559, Min=0, Avg=47845.49, 90=97087, 99=693247, 99.9=1892351, 99.99=2623487] [UPDATE: Count=26022, Max=2725887, Min=0, Avg=50364.52, 90=101503, 99=749055, 99.9=2034687, 99.99=2697215] [READ-FAILED: Count=18, Max=63615, Min=1853, Avg=10037.17, 90=14967, 99=63615, 99.9=63615, 99.99=63615] 
2020-09-07 14:57:34:142 240 sec: 1179204 operations; 5366.34 current ops/sec; est completion in 29 minutes [READ: Count=26674, Max=2277375, Min=1, Avg=46291.02, 90=92479, 99=684543, 99.9=1704959, 99.99=2027519] [UPDATE: Count=26965, Max=2281471, Min=0, Avg=50453.56, 90=97599, 99=798719, 99.9=1607679, 99.99=1945599] [READ-FAILED: Count=23, Max=78399, Min=2158, Avg=10497.7, 90=17215, 99=78399, 99.9=78399, 99.99=78399] 
2020-09-07 14:57:44:142 250 sec: 1229885 operations; 5068.1 current ops/sec; est completion in 29 minutes [READ: Count=25441, Max=1846271, Min=0, Avg=48041.42, 90=92031, 99=668671, 99.9=1358847, 99.99=1653759] [UPDATE: Count=25236, Max=2181119, Min=0, Avg=52596.87, 90=101247, 99=783359, 99.9=1494015, 99.99=1784831] [READ-FAILED: Count=19, Max=19407, Min=2772, Avg=7748.74, 90=15071, 99=19407, 99.9=19407, 99.99=19407] 
2020-09-07 14:57:54:142 260 sec: 1279041 operations; 4915.6 current ops/sec; est completion in 29 minutes [READ: Count=24499, Max=2107391, Min=0, Avg=48392.91, 90=104255, 99=652799, 99.9=1771519, 99.99=2057215] [UPDATE: Count=24610, Max=2115583, Min=1, Avg=53779.19, 90=119487, 99=735743, 99.9=1764351, 99.99=2103295] [READ-FAILED: Count=25, Max=50335, Min=2650, Avg=10183.44, 90=23311, 99=50335, 99.9=50335, 99.99=50335] 
2020-09-07 14:58:04:142 270 sec: 1332275 operations; 5323.4 current ops/sec; est completion in 29 minutes [READ: Count=26724, Max=2963455, Min=0, Avg=46259.88, 90=94015, 99=636415, 99.9=2189311, 99.99=2899967] [UPDATE: Count=26515, Max=2965503, Min=1, Avg=51909.11, 90=100991, 99=774143, 99.9=2555903, 99.99=2938879] [READ-FAILED: Count=13, Max=39071, Min=1801, Avg=8077.92, 90=10903, 99=39071, 99.9=39071, 99.99=39071] 
2020-09-07 14:58:14:142 280 sec: 1384195 operations; 5192 current ops/sec; est completion in 29 minutes [READ: Count=25981, Max=2445311, Min=0, Avg=46115.01, 90=95231, 99=650239, 99.9=1639423, 99.99=2355199] [UPDATE: Count=25889, Max=2557951, Min=2, Avg=50489.82, 90=99455, 99=782335, 99.9=1785855, 99.99=2402303] [READ-FAILED: Count=37, Max=40191, Min=1830, Avg=10447.59, 90=17567, 99=40191, 99.9=40191, 99.99=40191] 
2020-09-07 14:58:24:142 290 sec: 1435345 operations; 5115 current ops/sec; est completion in 28 minutes [READ: Count=25462, Max=1917951, Min=0, Avg=48617.75, 90=105535, 99=702463, 99.9=1514495, 99.99=1848319] [UPDATE: Count=25675, Max=1788927, Min=1, Avg=48828.13, 90=105727, 99=667647, 99.9=1499135, 99.99=1713151] [READ-FAILED: Count=10, Max=91263, Min=2692, Avg=16302.7, 90=17903, 99=91263, 99.9=91263, 99.99=91263] 
2020-09-07 14:58:34:142 300 sec: 1481599 operations; 4624.94 current ops/sec; est completion in 28 minutes [READ: Count=23286, Max=2723839, Min=0, Avg=56301.94, 90=113471, 99=779775, 99.9=2154495, 99.99=2629631] [UPDATE: Count=22971, Max=2695167, Min=0, Avg=60141.35, 90=126207, 99=860671, 99.9=2136063, 99.99=2584575] [READ-FAILED: Count=8, Max=109247, Min=2360, Avg=19386.25, 90=15071, 99=109247, 99.9=109247, 99.99=109247] 
Maximum time elapsed. Requesting stop for the workload.
Stop requested for workload. Now Joining!
[36m14:58:34.751[m [[34;1mINFO[m] [1;34mp.u.t.s.y.Stats.clientFinished@38[m: 
Ended SconeKV benchmark.
Number of clients: 256
Total transactions: 295009
Committed: 176634 (59.874107%)
Aborted: 118375 (40.125893%)
2020-09-07 14:58:34:755 300 sec: 1482864 operations; 2070.38 current ops/sec; est completion in 28 minutes [READ: Count=668, Max=1638399, Min=1, Avg=75730.63, 90=210431, 99=540671, 99.9=1468415, 99.99=1638399] [CLEANUP: Count=256, Max=1395, Min=2, Avg=9.8, 90=5, 99=17, 99.9=1395, 99.99=1395] [UPDATE: Count=580, Max=1412095, Min=4, Avg=87248.92, 90=240895, 99=634879, 99.9=1367039, 99.99=1412095] [READ-FAILED: Count=0, Max=0, Min=9223372036854775807, Avg=NaN, 90=0, 99=0, 99.9=0, 99.99=0] 
[OVERALL], RunTime(ms), 300606
[OVERALL], Throughput(ops/sec), 4932.915510668449
[TOTAL_GCS_G1_Young_Generation], Count, 129
[TOTAL_GC_TIME_G1_Young_Generation], Time(ms), 3711
[TOTAL_GC_TIME_%_G1_Young_Generation], Time(%), 1.2345062972794953
[TOTAL_GCS_G1_Old_Generation], Count, 0
[TOTAL_GC_TIME_G1_Old_Generation], Time(ms), 0
[TOTAL_GC_TIME_%_G1_Old_Generation], Time(%), 0.0
[TOTAL_GCs], Count, 129
[TOTAL_GC_TIME], Time(ms), 3711
[TOTAL_GC_TIME_%], Time(%), 1.2345062972794953
[READ], Operations, 741012
[READ], AverageLatency(us), 47912.8084767858
[READ], MinLatency(us), 0
[READ], MaxLatency(us), 15261695
[READ], 95thPercentileLatency(us), 205951
[READ], 99thPercentileLatency(us), 668159
[READ], Return=OK, 741012
[READ], Return=NOT_FOUND, 608
[CLEANUP], Operations, 256
[CLEANUP], AverageLatency(us), 9.796875
[CLEANUP], MinLatency(us), 2
[CLEANUP], MaxLatency(us), 1395
[CLEANUP], 95thPercentileLatency(us), 7
[CLEANUP], 99thPercentileLatency(us), 17
[UPDATE], Operations, 741244
[UPDATE], AverageLatency(us), 51596.19646836939
[UPDATE], MinLatency(us), 0
[UPDATE], MaxLatency(us), 15130623
[UPDATE], 95thPercentileLatency(us), 239231
[UPDATE], 99thPercentileLatency(us), 753151
[UPDATE], Return=OK, 741244
[READ-FAILED], Operations, 608
[READ-FAILED], AverageLatency(us), 12821.041118421053
[READ-FAILED], MinLatency(us), 1652
[READ-FAILED], MaxLatency(us), 676351
[READ-FAILED], 95thPercentileLatency(us), 35455
[READ-FAILED], 99thPercentileLatency(us), 109247
