Command line: -t -db pt.ulisboa.tecnico.sconekv.ycsb.SconeKVClient -P workloadf -threads 16 -s -p scone.tx_size=5 -p operationcount=10000000 -p maxexecutiontime=300
YCSB Client 0.17.0

Loading workload...
Starting test.
WARNING: sun.reflect.Reflection.getCallerClass is not supported. This will impact performance.
2020-09-29 15:08:29:261 0 sec: 0 operations; est completion in 0 second 
Maximum execution time specified as: 300 secs
DBWrapper: report latency for each error is false and specific error codes to track for latency are: []
DBWrapper: report latency for each error is false and specific error codes to track for latency are: []
DBWrapper: report latency for each error is false and specific error codes to track for latency are: []
DBWrapper: report latency for each error is false and specific error codes to track for latency are: []
DBWrapper: report latency for each error is false and specific error codes to track for latency are: []
DBWrapper: report latency for each error is false and specific error codes to track for latency are: []
DBWrapper: report latency for each error is false and specific error codes to track for latency are: []
DBWrapper: report latency for each error is false and specific error codes to track for latency are: []
DBWrapper: report latency for each error is false and specific error codes to track for latency are: []
DBWrapper: report latency for each error is false and specific error codes to track for latency are: []
DBWrapper: report latency for each error is false and specific error codes to track for latency are: []
DBWrapper: report latency for each error is false and specific error codes to track for latency are: []
DBWrapper: report latency for each error is false and specific error codes to track for latency are: []
DBWrapper: report latency for each error is false and specific error codes to track for latency are: []
DBWrapper: report latency for each error is false and specific error codes to track for latency are: []
DBWrapper: report latency for each error is false and specific error codes to track for latency are: []
2020-09-29 15:08:39:264 10 sec: 10831 operations; 1082.88 current ops/sec; est completion in 2 hours 33 minutes [READ: Count=10832, Max=599039, Min=1, Avg=12021.39, 90=20143, 99=102207, 99.9=535039, 99.99=580095] [READ-MODIFY-WRITE: Count=5448, Max=602623, Min=5, Avg=12724.81, 90=23583, 99=102271, 99.9=543231, 99.99=561151] [UPDATE: Count=5462, Max=48831, Min=1, Avg=969.25, 90=2923, 99=12151, 99.9=28591, 99.99=39295] [READ-FAILED: Count=9, Max=9511, Min=2178, Avg=4682.78, 90=9439, 99=9511, 99.9=9511, 99.99=9511] 
2020-09-29 15:08:49:262 20 sec: 29645 operations; 1881.59 current ops/sec; est completion in 1 hour 52 minutes [READ: Count=18802, Max=566271, Min=0, Avg=8110.17, 90=16031, 99=46303, 99.9=522751, 99.99=555007] [READ-MODIFY-WRITE: Count=9485, Max=575487, Min=2, Avg=8583.57, 90=19007, 99=48543, 99.9=522239, 99.99=559103] [UPDATE: Count=9475, Max=71615, Min=0, Avg=706.71, 90=2613, 99=5891, 99.9=26431, 99.99=68415] [READ-FAILED: Count=8, Max=3007, Min=1840, Avg=2478.38, 90=2783, 99=3007, 99.9=3007, 99.99=3007] 
2020-09-29 15:08:59:261 30 sec: 47661 operations; 1801.78 current ops/sec; est completion in 1 hour 44 minutes [READ: Count=18000, Max=571903, Min=0, Avg=8228.99, 90=16783, 99=53823, 99.9=518655, 99.99=567295] [READ-MODIFY-WRITE: Count=8907, Max=574975, Min=2, Avg=9254.2, 90=19247, 99=59423, 99.9=527359, 99.99=569855] [UPDATE: Count=8903, Max=499455, Min=0, Avg=931.56, 90=2555, 99=6287, 99.9=29471, 99.99=496895] [READ-FAILED: Count=10, Max=10207, Min=1959, Avg=3996.2, 90=6195, 99=10207, 99.9=10207, 99.99=10207] 
2020-09-29 15:09:09:264 40 sec: 65630 operations; 1796.18 current ops/sec; est completion in 1 hour 40 minutes [READ: Count=17950, Max=721407, Min=0, Avg=8539.93, 90=16607, 99=49823, 99.9=523519, 99.99=612863] [READ-MODIFY-WRITE: Count=9037, Max=723967, Min=3, Avg=9105.2, 90=19839, 99=54271, 99.9=526847, 99.99=668671] [UPDATE: Count=9037, Max=71551, Min=1, Avg=755.17, 90=2583, 99=8163, 99.9=26127, 99.99=68735] [READ-FAILED: Count=19, Max=79935, Min=1903, Avg=6875.11, 90=5003, 99=79935, 99.9=79935, 99.99=79935] 
2020-09-29 15:09:19:261 50 sec: 83390 operations; 1776.53 current ops/sec; est completion in 1 hour 39 minutes [READ: Count=17760, Max=558079, Min=0, Avg=8670.43, 90=15567, 99=52991, 99.9=527359, 99.99=549887] [READ-MODIFY-WRITE: Count=8967, Max=562175, Min=2, Avg=9414.8, 90=18399, 99=57439, 99.9=533503, 99.99=558079] [UPDATE: Count=8975, Max=485119, Min=1, Avg=838.46, 90=2555, 99=5591, 99.9=26159, 99.99=476159] [READ-FAILED: Count=7, Max=4551, Min=1783, Avg=2526.57, 90=2521, 99=4551, 99.9=4551, 99.99=4551] 
2020-09-29 15:09:29:261 60 sec: 100680 operations; 1729 current ops/sec; est completion in 1 hour 38 minutes [READ: Count=17282, Max=560639, Min=0, Avg=8890.83, 90=15567, 99=50783, 99.9=531455, 99.99=548351] [READ-MODIFY-WRITE: Count=8766, Max=715263, Min=1, Avg=9833.38, 90=18495, 99=57311, 99.9=536063, 99.99=563711] [UPDATE: Count=8762, Max=362495, Min=0, Avg=682.14, 90=2555, 99=4863, 99.9=14111, 99.99=33695] [READ-FAILED: Count=7, Max=3899, Min=1956, Avg=2733.71, 90=3263, 99=3899, 99.9=3899, 99.99=3899] 
2020-09-29 15:09:39:263 70 sec: 119745 operations; 1906.31 current ops/sec; est completion in 1 hour 36 minutes [READ: Count=19050, Max=579071, Min=0, Avg=8122.49, 90=15559, 99=48511, 99.9=525311, 99.99=568319] [READ-MODIFY-WRITE: Count=9505, Max=582143, Min=2, Avg=8815.27, 90=18319, 99=55199, 99.9=527359, 99.99=568319] [UPDATE: Count=9502, Max=64799, Min=0, Avg=664.48, 90=2559, 99=5307, 99.9=19807, 99.99=54943] [READ-FAILED: Count=12, Max=4683, Min=1868, Avg=2579.08, 90=3061, 99=4683, 99.9=4683, 99.99=4683] 
2020-09-29 15:09:49:261 80 sec: 137732 operations; 1798.88 current ops/sec; est completion in 1 hour 35 minutes [READ: Count=17979, Max=563711, Min=0, Avg=8582.25, 90=15591, 99=63103, 99.9=525823, 99.99=549887] [READ-MODIFY-WRITE: Count=8922, Max=560127, Min=4, Avg=9416.94, 90=18463, 99=66751, 99.9=531967, 99.99=546303] [UPDATE: Count=8922, Max=59359, Min=1, Avg=679.8, 90=2559, 99=5755, 99.9=22831, 99.99=54911] [READ-FAILED: Count=13, Max=10175, Min=2366, Avg=3336.46, 90=3421, 99=10175, 99.9=10175, 99.99=10175] 
2020-09-29 15:09:59:261 90 sec: 156635 operations; 1890.49 current ops/sec; est completion in 1 hour 34 minutes [READ: Count=18881, Max=563711, Min=0, Avg=8065.32, 90=15647, 99=53599, 99.9=518911, 99.99=560127] [READ-MODIFY-WRITE: Count=9422, Max=566271, Min=2, Avg=8789.53, 90=18527, 99=60351, 99.9=520447, 99.99=562687] [UPDATE: Count=9424, Max=461311, Min=0, Avg=786.13, 90=2541, 99=6099, 99.9=37151, 99.99=459263] [READ-FAILED: Count=14, Max=61023, Min=1649, Avg=6636.07, 90=3241, 99=61023, 99.9=61023, 99.99=61023] 
2020-09-29 15:10:09:261 100 sec: 174689 operations; 1805.22 current ops/sec; est completion in 1 hour 33 minutes [READ: Count=18053, Max=555519, Min=0, Avg=8453.73, 90=15959, 99=47935, 99.9=528383, 99.99=552959] [READ-MODIFY-WRITE: Count=9067, Max=558591, Min=2, Avg=8965.81, 90=18543, 99=49727, 99.9=534527, 99.99=555519] [UPDATE: Count=9065, Max=33151, Min=0, Avg=628.8, 90=2517, 99=4735, 99.9=15111, 99.99=19375] [READ-FAILED: Count=3, Max=3843, Min=2548, Avg=3027.67, 90=3843, 99=3843, 99.9=3843, 99.99=3843] 
2020-09-29 15:10:19:262 110 sec: 191392 operations; 1670.3 current ops/sec; est completion in 1 hour 33 minutes [READ: Count=16687, Max=559103, Min=1, Avg=8945.09, 90=17119, 99=52703, 99.9=526847, 99.99=551423] [READ-MODIFY-WRITE: Count=8261, Max=562687, Min=3, Avg=9702.83, 90=20031, 99=54943, 99.9=534015, 99.99=553471] [UPDATE: Count=8260, Max=65535, Min=1, Avg=673.52, 90=2565, 99=6419, 99.9=16687, 99.99=31727] [READ-FAILED: Count=14, Max=12727, Min=1851, Avg=3666.64, 90=6843, 99=12727, 99.9=12727, 99.99=12727] 
2020-09-29 15:10:29:261 120 sec: 210713 operations; 1932.29 current ops/sec; est completion in 1 hour 32 minutes [READ: Count=19304, Max=575999, Min=0, Avg=8066.12, 90=16063, 99=44639, 99.9=519679, 99.99=567295] [READ-MODIFY-WRITE: Count=9583, Max=578559, Min=2, Avg=8790.8, 90=19039, 99=45311, 99.9=525311, 99.99=569343] [UPDATE: Count=9583, Max=505855, Min=0, Avg=786.02, 90=2581, 99=5863, 99.9=14423, 99.99=488703] [READ-FAILED: Count=17, Max=7203, Min=2058, Avg=2848.29, 90=2753, 99=7203, 99.9=7203, 99.99=7203] 
2020-09-29 15:10:39:261 130 sec: 229832 operations; 1911.9 current ops/sec; est completion in 1 hour 32 minutes [READ: Count=19109, Max=577023, Min=0, Avg=8174.27, 90=15351, 99=48095, 99.9=532479, 99.99=566271] [READ-MODIFY-WRITE: Count=9510, Max=570879, Min=2, Avg=8535.05, 90=17903, 99=51391, 99.9=534527, 99.99=569343] [UPDATE: Count=9513, Max=47103, Min=1, Avg=621.12, 90=2517, 99=4299, 99.9=16359, 99.99=46079] [READ-FAILED: Count=10, Max=4459, Min=1921, Avg=2690.5, 90=3961, 99=4459, 99.9=4459, 99.99=4459] 
2020-09-29 15:10:49:261 140 sec: 248540 operations; 1870.61 current ops/sec; est completion in 1 hour 31 minutes [READ: Count=18691, Max=555007, Min=0, Avg=8233.78, 90=16783, 99=44287, 99.9=519679, 99.99=555007] [READ-MODIFY-WRITE: Count=9425, Max=558079, Min=3, Avg=9049.92, 90=19727, 99=49567, 99.9=523519, 99.99=557567] [UPDATE: Count=9427, Max=64767, Min=1, Avg=698.72, 90=2623, 99=6987, 99.9=20815, 99.99=57503] [READ-FAILED: Count=20, Max=38303, Min=1975, Avg=5696.35, 90=8303, 99=38303, 99.9=38303, 99.99=38303] 
2020-09-29 15:10:59:261 150 sec: 266811 operations; 1827.1 current ops/sec; est completion in 1 hour 31 minutes [READ: Count=18261, Max=683519, Min=0, Avg=8399.44, 90=15575, 99=51647, 99.9=532991, 99.99=561663] [READ-MODIFY-WRITE: Count=9227, Max=685567, Min=2, Avg=9241.7, 90=18367, 99=61407, 99.9=537087, 99.99=573951] [UPDATE: Count=9223, Max=61919, Min=0, Avg=671.35, 90=2567, 99=5251, 99.9=18015, 99.99=61215] [READ-FAILED: Count=7, Max=2545, Min=1981, Avg=2282.29, 90=2493, 99=2545, 99.9=2545, 99.99=2545] 
2020-09-29 15:11:09:261 160 sec: 287012 operations; 2020.3 current ops/sec; est completion in 1 hour 30 minutes [READ: Count=20184, Max=850431, Min=0, Avg=7609.05, 90=15527, 99=42495, 99.9=521215, 99.99=568831] [READ-MODIFY-WRITE: Count=10075, Max=852991, Min=3, Avg=8176.97, 90=18287, 99=43135, 99.9=528383, 99.99=573951] [UPDATE: Count=10076, Max=65343, Min=1, Avg=640.71, 90=2525, 99=4911, 99.9=14535, 99.99=34783] [READ-FAILED: Count=18, Max=4283, Min=1937, Avg=2713.5, 90=3177, 99=4283, 99.9=4283, 99.99=4283] 
2020-09-29 15:11:19:261 170 sec: 302919 operations; 1590.7 current ops/sec; est completion in 1 hour 30 minutes [READ: Count=15899, Max=981503, Min=1, Avg=9660.86, 90=16735, 99=70591, 99.9=537087, 99.99=586239] [READ-MODIFY-WRITE: Count=8042, Max=577023, Min=4, Avg=10167.37, 90=19439, 99=64639, 99.9=532479, 99.99=560127] [UPDATE: Count=8042, Max=51295, Min=1, Avg=667.67, 90=2557, 99=5863, 99.9=20063, 99.99=29791] [READ-FAILED: Count=9, Max=3127, Min=2330, Avg=2631, 90=3085, 99=3127, 99.9=3127, 99.99=3127] 
2020-09-29 15:11:29:261 180 sec: 321794 operations; 1887.31 current ops/sec; est completion in 1 hour 30 minutes [READ: Count=18868, Max=578047, Min=0, Avg=8197.83, 90=15631, 99=54207, 99.9=519679, 99.99=569343] [READ-MODIFY-WRITE: Count=9443, Max=582143, Min=2, Avg=8854.64, 90=18687, 99=58111, 99.9=525311, 99.99=575487] [UPDATE: Count=9447, Max=65727, Min=1, Avg=645.47, 90=2497, 99=5199, 99.9=18399, 99.99=64479] [READ-FAILED: Count=10, Max=2895, Min=1798, Avg=2403, 90=2821, 99=2895, 99.9=2895, 99.99=2895] 
2020-09-29 15:11:39:261 190 sec: 341776 operations; 1998.2 current ops/sec; est completion in 1 hour 29 minutes [READ: Count=19965, Max=897535, Min=1, Avg=7684.85, 90=15183, 99=43103, 99.9=524799, 99.99=685055] [READ-MODIFY-WRITE: Count=9848, Max=562687, Min=3, Avg=8376.87, 90=18079, 99=47519, 99.9=527359, 99.99=560639] [UPDATE: Count=9846, Max=52351, Min=1, Avg=637.09, 90=2535, 99=4999, 99.9=12719, 99.99=43743] [READ-FAILED: Count=13, Max=8775, Min=1980, Avg=3138.23, 90=3697, 99=8775, 99.9=8775, 99.99=8775] 
2020-09-29 15:11:49:261 200 sec: 359746 operations; 1797.18 current ops/sec; est completion in 1 hour 29 minutes [READ: Count=17957, Max=608255, Min=1, Avg=8527.53, 90=16799, 99=48287, 99.9=538111, 99.99=607231] [READ-MODIFY-WRITE: Count=9012, Max=610815, Min=3, Avg=9728.99, 90=20207, 99=56127, 99.9=556031, 99.99=610303] [UPDATE: Count=9011, Max=89983, Min=1, Avg=752.01, 90=2575, 99=8223, 99.9=25999, 99.99=82751] [READ-FAILED: Count=14, Max=3729, Min=1907, Avg=2554.71, 90=3175, 99=3729, 99.9=3729, 99.99=3729] 
2020-09-29 15:11:59:261 210 sec: 378076 operations; 1832.82 current ops/sec; est completion in 1 hour 29 minutes [READ: Count=18315, Max=662527, Min=0, Avg=8290.35, 90=16327, 99=48575, 99.9=520191, 99.99=562687] [READ-MODIFY-WRITE: Count=9229, Max=575999, Min=1, Avg=9022.01, 90=19151, 99=54399, 99.9=519935, 99.99=562175] [UPDATE: Count=9226, Max=462079, Min=0, Avg=809.1, 90=2545, 99=5943, 99.9=31487, 99.99=438015] [READ-FAILED: Count=14, Max=3431, Min=2086, Avg=2648.86, 90=3251, 99=3431, 99.9=3431, 99.99=3431] 
2020-09-29 15:12:09:261 220 sec: 396036 operations; 1796.18 current ops/sec; est completion in 1 hour 28 minutes [READ: Count=17954, Max=581119, Min=0, Avg=8345.61, 90=15519, 99=55199, 99.9=526847, 99.99=558591] [READ-MODIFY-WRITE: Count=9087, Max=590847, Min=2, Avg=8998.24, 90=18255, 99=66495, 99.9=530431, 99.99=584703] [UPDATE: Count=9087, Max=51711, Min=1, Avg=649.58, 90=2511, 99=5199, 99.9=18383, 99.99=50335] [READ-FAILED: Count=5, Max=3083, Min=1913, Avg=2378.2, 90=3083, 99=3083, 99.9=3083, 99.99=3083] 
2020-09-29 15:12:19:261 230 sec: 415556 operations; 1952 current ops/sec; est completion in 1 hour 28 minutes [READ: Count=19507, Max=584191, Min=0, Avg=8065.12, 90=16375, 99=42975, 99.9=519167, 99.99=545791] [READ-MODIFY-WRITE: Count=9685, Max=587263, Min=2, Avg=8542.38, 90=19583, 99=43711, 99.9=526335, 99.99=567807] [UPDATE: Count=9689, Max=74943, Min=0, Avg=710.31, 90=2551, 99=6211, 99.9=22495, 99.99=69439] [READ-FAILED: Count=15, Max=30671, Min=1840, Avg=6175.87, 90=14407, 99=30671, 99.9=30671, 99.99=30671] 
2020-09-29 15:12:29:261 240 sec: 434457 operations; 1889.91 current ops/sec; est completion in 1 hour 28 minutes [READ: Count=18894, Max=559615, Min=0, Avg=8103.45, 90=16767, 99=46943, 99.9=519423, 99.99=542207] [READ-MODIFY-WRITE: Count=9360, Max=563199, Min=3, Avg=8859.49, 90=19679, 99=51999, 99.9=520959, 99.99=555519] [UPDATE: Count=9358, Max=74047, Min=1, Avg=675.14, 90=2537, 99=5611, 99.9=23535, 99.99=65183] [READ-FAILED: Count=5, Max=56159, Min=2284, Avg=14012.6, 90=56159, 99=56159, 99.9=56159, 99.99=56159] 
2020-09-29 15:12:39:261 250 sec: 453763 operations; 1930.79 current ops/sec; est completion in 1 hour 27 minutes [READ: Count=19295, Max=569343, Min=1, Avg=7960.23, 90=15951, 99=47871, 99.9=525823, 99.99=561663] [READ-MODIFY-WRITE: Count=9704, Max=566271, Min=3, Avg=9035.06, 90=18847, 99=54079, 99.9=527359, 99.99=563711] [UPDATE: Count=9708, Max=59967, Min=1, Avg=638.9, 90=2543, 99=4871, 99.9=16367, 99.99=56351] [READ-FAILED: Count=12, Max=9167, Min=1785, Avg=3410.83, 90=4159, 99=9167, 99.9=9167, 99.99=9167] 
2020-09-29 15:12:49:261 260 sec: 472245 operations; 1848.2 current ops/sec; est completion in 1 hour 27 minutes [READ: Count=18473, Max=559615, Min=0, Avg=8260.19, 90=16319, 99=52031, 99.9=519423, 99.99=546815] [READ-MODIFY-WRITE: Count=9266, Max=562175, Min=3, Avg=8637.77, 90=19087, 99=50207, 99.9=524031, 99.99=561151] [UPDATE: Count=9263, Max=92223, Min=1, Avg=678.75, 90=2553, 99=6039, 99.9=26719, 99.99=51711] [READ-FAILED: Count=9, Max=3791, Min=1677, Avg=2622.11, 90=3055, 99=3791, 99.9=3791, 99.99=3791] 
2020-09-29 15:12:59:261 270 sec: 490169 operations; 1792.22 current ops/sec; est completion in 1 hour 27 minutes [READ: Count=17915, Max=1023487, Min=1, Avg=8567.6, 90=16127, 99=56063, 99.9=520959, 99.99=552959] [READ-MODIFY-WRITE: Count=8991, Max=551423, Min=3, Avg=9335.17, 90=19247, 99=63359, 99.9=519167, 99.99=532479] [UPDATE: Count=8991, Max=470271, Min=1, Avg=753.15, 90=2585, 99=5055, 99.9=16895, 99.99=389119] [READ-FAILED: Count=8, Max=2661, Min=1745, Avg=2336.25, 90=2647, 99=2661, 99.9=2661, 99.99=2661] 
2020-09-29 15:13:09:261 280 sec: 509998 operations; 1983.1 current ops/sec; est completion in 1 hour 26 minutes [READ: Count=19819, Max=575487, Min=0, Avg=7776.47, 90=15919, 99=40223, 99.9=534527, 99.99=573951] [READ-MODIFY-WRITE: Count=9918, Max=577535, Min=3, Avg=8171.64, 90=18703, 99=41983, 99.9=544767, 99.99=577023] [UPDATE: Count=9915, Max=56063, Min=1, Avg=653.41, 90=2577, 99=4991, 99.9=14663, 99.99=42207] [READ-FAILED: Count=10, Max=6575, Min=1654, Avg=2698.2, 90=3555, 99=6575, 99.9=6575, 99.99=6575] 
2020-09-29 15:13:19:261 290 sec: 528505 operations; 1850.51 current ops/sec; est completion in 1 hour 26 minutes [READ: Count=18502, Max=666111, Min=0, Avg=8177.65, 90=16591, 99=52255, 99.9=519935, 99.99=562687] [READ-MODIFY-WRITE: Count=9359, Max=668159, Min=3, Avg=8989.35, 90=19647, 99=56191, 99.9=523007, 99.99=551935] [UPDATE: Count=9367, Max=510719, Min=1, Avg=897.29, 90=2573, 99=6611, 99.9=24671, 99.99=498431] [READ-FAILED: Count=5, Max=4339, Min=2164, Avg=2834.4, 90=4339, 99=4339, 99.9=4339, 99.99=4339] 
2020-09-29 15:13:29:261 300 sec: 545878 operations; 1737.3 current ops/sec; est completion in 1 hour 26 minutes [READ: Count=17369, Max=702463, Min=0, Avg=8854.66, 90=15927, 99=51615, 99.9=527871, 99.99=564735] [READ-MODIFY-WRITE: Count=8522, Max=557567, Min=2, Avg=9762.93, 90=19103, 99=58879, 99.9=527359, 99.99=553471] [UPDATE: Count=8515, Max=68927, Min=1, Avg=695.45, 90=2555, 99=5947, 99.9=19167, 99.99=56703] [READ-FAILED: Count=8, Max=11847, Min=2204, Avg=5636.5, 90=9791, 99=11847, 99.9=11847, 99.99=11847] 
Maximum time elapsed. Requesting stop for the workload.
Stop requested for workload. Now Joining!
[36m15:13:29.323[m [[34;1mINFO[m] [1;34mp.u.t.s.y.Stats.clientFinished@38[m: 
Ended SconeKV benchmark.
Number of clients: 16
Total transactions: 120634
Committed: 102188 (84.70912%)
Aborted: 18446 (15.29088%)
2020-09-29 15:13:29:324 300 sec: 545963 operations; 1349.21 current ops/sec; est completion in 1 hour 26 minutes [READ: Count=81, Max=514047, Min=2, Avg=13459.49, 90=16351, 99=68223, 99.9=514047, 99.99=514047] [READ-MODIFY-WRITE: Count=38, Max=516351, Min=1748, Avg=22644.87, 90=22367, 99=516351, 99.9=516351, 99.99=516351] [CLEANUP: Count=16, Max=1493, Min=4, Avg=98.06, 90=8, 99=1493, 99.9=1493, 99.99=1493] [UPDATE: Count=37, Max=3351, Min=1, Avg=746.62, 90=2273, 99=3351, 99.9=3351, 99.99=3351] [READ-FAILED: Count=0, Max=0, Min=9223372036854775807, Avg=NaN, 90=0, 99=0, 99.9=0, 99.99=0] 
[OVERALL], RunTime(ms), 300064
[OVERALL], Throughput(ops/sec), 1819.4885091180547
[TOTAL_GCS_G1_Young_Generation], Count, 105
[TOTAL_GC_TIME_G1_Young_Generation], Time(ms), 643
[TOTAL_GC_TIME_%_G1_Young_Generation], Time(%), 0.21428761864135654
[TOTAL_GCS_G1_Old_Generation], Count, 0
[TOTAL_GC_TIME_G1_Old_Generation], Time(ms), 0
[TOTAL_GC_TIME_%_G1_Old_Generation], Time(%), 0.0
[TOTAL_GCs], Count, 105
[TOTAL_GC_TIME], Time(ms), 643
[TOTAL_GC_TIME_%], Time(%), 0.21428761864135654
[READ], Operations, 545638
[READ], AverageLatency(us), 8384.030283814544
[READ], MinLatency(us), 0
[READ], MaxLatency(us), 1023487
[READ], 95thPercentileLatency(us), 20543
[READ], 99thPercentileLatency(us), 50879
[READ], Return=OK, 545638
[READ], Return=NOT_FOUND, 325
[READ-MODIFY-WRITE], Operations, 273111
[READ-MODIFY-WRITE], AverageLatency(us), 9093.853213528566
[READ-MODIFY-WRITE], MinLatency(us), 1
[READ-MODIFY-WRITE], MaxLatency(us), 852991
[READ-MODIFY-WRITE], 95thPercentileLatency(us), 23823
[READ-MODIFY-WRITE], 99thPercentileLatency(us), 55679
[CLEANUP], Operations, 16
[CLEANUP], AverageLatency(us), 98.0625
[CLEANUP], MinLatency(us), 4
[CLEANUP], MaxLatency(us), 1493
[CLEANUP], 95thPercentileLatency(us), 12
[CLEANUP], 99thPercentileLatency(us), 1493
[UPDATE], Operations, 273111
[UPDATE], AverageLatency(us), 715.8807664283021
[UPDATE], MinLatency(us), 0
[UPDATE], MaxLatency(us), 510719
[UPDATE], 95thPercentileLatency(us), 3049
[UPDATE], 99thPercentileLatency(us), 5963
[UPDATE], Return=OK, 273111
[READ-FAILED], Operations, 325
[READ-FAILED], AverageLatency(us), 3866.190769230769
[READ-FAILED], MinLatency(us), 1649
[READ-FAILED], MaxLatency(us), 79935
[READ-FAILED], 95thPercentileLatency(us), 8775
[READ-FAILED], 99thPercentileLatency(us), 38303
