Command line: -t -db pt.ulisboa.tecnico.sconekv.ycsb.SconeKVClient -P workloada -threads 32 -s -p scone.tx_size=5 -p operationcount=10000000 -p maxexecutiontime=300
YCSB Client 0.17.0

Loading workload...
Starting test.
WARNING: sun.reflect.Reflection.getCallerClass is not supported. This will impact performance.
2020-09-29 09:37:38:954 0 sec: 0 operations; est completion in 0 second 
Maximum execution time specified as: 300 secs
DBWrapper: report latency for each error is false and specific error codes to track for latency are: []
DBWrapper: report latency for each error is false and specific error codes to track for latency are: []
DBWrapper: report latency for each error is false and specific error codes to track for latency are: []
DBWrapper: report latency for each error is false and specific error codes to track for latency are: []
DBWrapper: report latency for each error is false and specific error codes to track for latency are: []
DBWrapper: report latency for each error is false and specific error codes to track for latency are: []
DBWrapper: report latency for each error is false and specific error codes to track for latency are: []
DBWrapper: report latency for each error is false and specific error codes to track for latency are: []
DBWrapper: report latency for each error is false and specific error codes to track for latency are: []
DBWrapper: report latency for each error is false and specific error codes to track for latency are: []
DBWrapper: report latency for each error is false and specific error codes to track for latency are: []
DBWrapper: report latency for each error is false and specific error codes to track for latency are: []
DBWrapper: report latency for each error is false and specific error codes to track for latency are: []
DBWrapper: report latency for each error is false and specific error codes to track for latency are: []
DBWrapper: report latency for each error is false and specific error codes to track for latency are: []
DBWrapper: report latency for each error is false and specific error codes to track for latency are: []
DBWrapper: report latency for each error is false and specific error codes to track for latency are: []
DBWrapper: report latency for each error is false and specific error codes to track for latency are: []
DBWrapper: report latency for each error is false and specific error codes to track for latency are: []
DBWrapper: report latency for each error is false and specific error codes to track for latency are: []
DBWrapper: report latency for each error is false and specific error codes to track for latency are: []
DBWrapper: report latency for each error is false and specific error codes to track for latency are: []
DBWrapper: report latency for each error is false and specific error codes to track for latency are: []
DBWrapper: report latency for each error is false and specific error codes to track for latency are: []
DBWrapper: report latency for each error is false and specific error codes to track for latency are: []
DBWrapper: report latency for each error is false and specific error codes to track for latency are: []
DBWrapper: report latency for each error is false and specific error codes to track for latency are: []
DBWrapper: report latency for each error is false and specific error codes to track for latency are: []
DBWrapper: report latency for each error is false and specific error codes to track for latency are: []
DBWrapper: report latency for each error is false and specific error codes to track for latency are: []
DBWrapper: report latency for each error is false and specific error codes to track for latency are: []
DBWrapper: report latency for each error is false and specific error codes to track for latency are: []
2020-09-29 09:37:48:955 10 sec: 15317 operations; 1531.7 current ops/sec; est completion in 1 hour 48 minutes [READ: Count=7582, Max=594431, Min=1, Avg=16588.48, 90=34559, 99=130943, 99.9=541695, 99.99=591871] [UPDATE: Count=7750, Max=600063, Min=11, Avg=18075.25, 90=33631, 99=195455, 99.9=560127, 99.99=595967] [READ-FAILED: Count=3, Max=8095, Min=2544, Avg=4400, 90=8095, 99=8095, 99.9=8095, 99.99=8095] 
2020-09-29 09:37:58:954 20 sec: 38307 operations; 2299 current ops/sec; est completion in 1 hour 26 minutes [READ: Count=11568, Max=697855, Min=0, Avg=13077.3, 90=19759, 99=334591, 99.9=536575, 99.99=575999] [UPDATE: Count=11416, Max=884223, Min=1, Avg=14720.65, 90=20799, 99=410879, 99.9=553983, 99.99=619519] [READ-FAILED: Count=3, Max=2993, Min=2246, Avg=2584.33, 90=2993, 99=2993, 99.9=2993, 99.99=2993] 
2020-09-29 09:38:08:954 30 sec: 60801 operations; 2249.4 current ops/sec; est completion in 1 hour 21 minutes [READ: Count=11111, Max=687615, Min=0, Avg=14146.45, 90=21407, 99=420607, 99.9=543231, 99.99=648703] [UPDATE: Count=11368, Max=724479, Min=5, Avg=14208.06, 90=22127, 99=395775, 99.9=569343, 99.99=710655] [READ-FAILED: Count=2, Max=5803, Min=2082, Avg=3942.5, 90=5803, 99=5803, 99.9=5803, 99.99=5803] 
2020-09-29 09:38:18:954 40 sec: 83306 operations; 2250.5 current ops/sec; est completion in 1 hour 19 minutes [READ: Count=11195, Max=745471, Min=0, Avg=14440.54, 90=21087, 99=431103, 99.9=537087, 99.99=645631] [UPDATE: Count=11312, Max=936447, Min=2, Avg=14442.07, 90=21823, 99=379135, 99.9=530431, 99.99=708607] [READ-FAILED: Count=4, Max=33375, Min=1924, Avg=10259, 90=33375, 99=33375, 99.9=33375, 99.99=33375] 
2020-09-29 09:38:28:954 50 sec: 105355 operations; 2204.9 current ops/sec; est completion in 1 hour 18 minutes [READ: Count=10999, Max=860671, Min=1, Avg=13824.04, 90=21951, 99=372991, 99.9=543231, 99.99=835071] [UPDATE: Count=11049, Max=850943, Min=4, Avg=15117.08, 90=22015, 99=446975, 99.9=567807, 99.99=846847] [READ-FAILED: Count=9, Max=10167, Min=1633, Avg=4130.22, 90=6519, 99=10167, 99.9=10167, 99.99=10167] 
2020-09-29 09:38:38:954 60 sec: 129902 operations; 2454.7 current ops/sec; est completion in 1 hour 15 minutes [READ: Count=12214, Max=749055, Min=1, Avg=13239.1, 90=20671, 99=355327, 99.9=542719, 99.99=735743] [UPDATE: Count=12336, Max=745471, Min=1, Avg=12805.54, 90=21183, 99=317439, 99.9=544767, 99.99=692223] [READ-FAILED: Count=3, Max=6043, Min=2364, Avg=3882.67, 90=6043, 99=6043, 99.9=6043, 99.99=6043] 
2020-09-29 09:38:48:954 70 sec: 152355 operations; 2245.3 current ops/sec; est completion in 1 hour 15 minutes [READ: Count=11226, Max=740351, Min=1, Avg=14181.81, 90=20975, 99=428287, 99.9=546303, 99.99=732671] [UPDATE: Count=11207, Max=565247, Min=1, Avg=14276.69, 90=21423, 99=408319, 99.9=546815, 99.99=561663] [READ-FAILED: Count=3, Max=3461, Min=2468, Avg=2873, 90=3461, 99=3461, 99.9=3461, 99.99=3461] 
2020-09-29 09:38:58:954 80 sec: 175891 operations; 2353.6 current ops/sec; est completion in 1 hour 14 minutes [READ: Count=11766, Max=632831, Min=1, Avg=14213.79, 90=22191, 99=391679, 99.9=551423, 99.99=599039] [UPDATE: Count=11764, Max=614911, Min=3, Avg=12952.11, 90=21983, 99=290303, 99.9=537087, 99.99=606207] [READ-FAILED: Count=10, Max=5227, Min=1616, Avg=2820.6, 90=3525, 99=5227, 99.9=5227, 99.99=5227] 
2020-09-29 09:39:08:954 90 sec: 199741 operations; 2385 current ops/sec; est completion in 1 hour 13 minutes [READ: Count=11880, Max=739327, Min=0, Avg=13063.67, 90=21263, 99=316415, 99.9=547327, 99.99=737279] [UPDATE: Count=11971, Max=714751, Min=4, Avg=13894.7, 90=21327, 99=412671, 99.9=542207, 99.99=694783] [READ-FAILED: Count=4, Max=3417, Min=2086, Avg=2738, 90=3417, 99=3417, 99.9=3417, 99.99=3417] 
2020-09-29 09:39:18:954 100 sec: 229345 operations; 2960.4 current ops/sec; est completion in 1 hour 11 minutes [READ: Count=14762, Max=602623, Min=1, Avg=10611.68, 90=21199, 99=88767, 99.9=541183, 99.99=598527] [UPDATE: Count=14824, Max=574975, Min=1, Avg=10650.85, 90=21295, 99=97151, 99.9=530943, 99.99=568831] [READ-FAILED: Count=9, Max=11487, Min=2130, Avg=3568.89, 90=2897, 99=11487, 99.9=11487, 99.99=11487] 
2020-09-29 09:39:28:953 110 sec: 257253 operations; 2790.8 current ops/sec; est completion in 1 hour 9 minutes [READ: Count=13952, Max=710655, Min=0, Avg=11195.77, 90=22111, 99=97279, 99.9=544255, 99.99=598015] [UPDATE: Count=13949, Max=847359, Min=1, Avg=12021.21, 90=22911, 99=126975, 99.9=546303, 99.99=577535] [READ-FAILED: Count=5, Max=10495, Min=2018, Avg=4702.8, 90=10495, 99=10495, 99.9=10495, 99.99=10495] 
2020-09-29 09:39:38:954 120 sec: 286509 operations; 2925.31 current ops/sec; est completion in 1 hour 7 minutes [READ: Count=14605, Max=701951, Min=0, Avg=10683.94, 90=20911, 99=94335, 99.9=541695, 99.99=612351] [UPDATE: Count=14656, Max=577023, Min=1, Avg=11187.72, 90=20927, 99=127743, 99.9=540159, 99.99=574975] [READ-FAILED: Count=4, Max=9351, Min=2172, Avg=4254.25, 90=9351, 99=9351, 99.9=9351, 99.99=9351] 
2020-09-29 09:39:48:954 130 sec: 312980 operations; 2647.36 current ops/sec; est completion in 1 hour 7 minutes [READ: Count=13163, Max=563711, Min=1, Avg=11730.63, 90=20351, 99=166271, 99.9=532991, 99.99=550399] [UPDATE: Count=13295, Max=612863, Min=1, Avg=12292.28, 90=20751, 99=231167, 99.9=544255, 99.99=608767] [READ-FAILED: Count=6, Max=6475, Min=1806, Avg=3158.33, 90=3671, 99=6475, 99.9=6475, 99.99=6475] 
2020-09-29 09:39:58:954 140 sec: 339083 operations; 2610.3 current ops/sec; est completion in 1 hour 6 minutes [READ: Count=13181, Max=596479, Min=0, Avg=12238.34, 90=22287, 99=178303, 99.9=535551, 99.99=580095] [UPDATE: Count=12919, Max=580095, Min=2, Avg=12266.04, 90=22527, 99=176767, 99.9=530431, 99.99=546303] [READ-FAILED: Count=2, Max=2489, Min=2330, Avg=2410, 90=2489, 99=2489, 99.9=2489, 99.99=2489] 
2020-09-29 09:40:08:953 150 sec: 359252 operations; 2016.9 current ops/sec; est completion in 1 hour 7 minutes [READ: Count=10051, Max=702975, Min=0, Avg=15608.22, 90=30799, 99=280831, 99.9=536063, 99.99=567295] [UPDATE: Count=10114, Max=920575, Min=1, Avg=16288.88, 90=30191, 99=371199, 99.9=551935, 99.99=690175] [READ-FAILED: Count=3, Max=2253, Min=1829, Avg=2015.67, 90=2253, 99=2253, 99.9=2253, 99.99=2253] 
2020-09-29 09:40:18:954 160 sec: 385320 operations; 2606.8 current ops/sec; est completion in 1 hour 6 minutes [READ: Count=13073, Max=696319, Min=0, Avg=12216.1, 90=21183, 99=210047, 99.9=544767, 99.99=634367] [UPDATE: Count=12995, Max=639999, Min=1, Avg=12332.26, 90=20879, 99=208895, 99.9=551935, 99.99=611839] [READ-FAILED: Count=6, Max=7583, Min=2466, Avg=3884.67, 90=4247, 99=7583, 99.9=7583, 99.99=7583] 
2020-09-29 09:40:28:954 170 sec: 407141 operations; 2182.1 current ops/sec; est completion in 1 hour 6 minutes [READ: Count=10847, Max=942591, Min=1, Avg=14232.18, 90=21999, 99=416511, 99.9=556543, 99.99=628223] [UPDATE: Count=10966, Max=1038847, Min=1, Avg=14793.84, 90=21983, 99=479743, 99.9=561663, 99.99=947711] [READ-FAILED: Count=3, Max=3299, Min=2360, Avg=2883.67, 90=3299, 99=3299, 99.9=3299, 99.99=3299] 
2020-09-29 09:40:38:953 180 sec: 433209 operations; 2606.8 current ops/sec; est completion in 1 hour 6 minutes [READ: Count=12960, Max=703999, Min=0, Avg=12436.04, 90=22399, 99=212351, 99.9=540159, 99.99=673279] [UPDATE: Count=13109, Max=630783, Min=1, Avg=12427.24, 90=22959, 99=199039, 99.9=545791, 99.99=616447] [READ-FAILED: Count=5, Max=6955, Min=2870, Avg=4225, 90=6955, 99=6955, 99.9=6955, 99.99=6955] 
2020-09-29 09:40:48:954 190 sec: 460399 operations; 2719 current ops/sec; est completion in 1 hour 5 minutes [READ: Count=13641, Max=586751, Min=0, Avg=11540.48, 90=22015, 99=98751, 99.9=531455, 99.99=584191] [UPDATE: Count=13541, Max=661503, Min=1, Avg=11876.25, 90=22319, 99=157951, 99.9=538623, 99.99=589823] [READ-FAILED: Count=3, Max=9223, Min=2422, Avg=6701, 90=9223, 99=9223, 99.9=9223, 99.99=9223] 
2020-09-29 09:40:58:954 200 sec: 486834 operations; 2643.5 current ops/sec; est completion in 1 hour 5 minutes [READ: Count=13227, Max=598527, Min=1, Avg=11542.43, 90=20895, 99=134527, 99.9=544255, 99.99=594943] [UPDATE: Count=13197, Max=622079, Min=3, Avg=12417.75, 90=21295, 99=246527, 99.9=538623, 99.99=614911] [READ-FAILED: Count=8, Max=5879, Min=1728, Avg=2886.25, 90=3051, 99=5879, 99.9=5879, 99.99=5879] 
2020-09-29 09:41:08:954 210 sec: 513964 operations; 2713 current ops/sec; est completion in 1 hour 4 minutes [READ: Count=13572, Max=998399, Min=0, Avg=11870.26, 90=21167, 99=163711, 99.9=538623, 99.99=958975] [UPDATE: Count=13555, Max=967679, Min=3, Avg=12027.55, 90=21359, 99=160767, 99.9=543743, 99.99=946175] [READ-FAILED: Count=4, Max=3609, Min=2288, Avg=2731.5, 90=3609, 99=3609, 99.9=3609, 99.99=3609] 
2020-09-29 09:41:18:954 220 sec: 544258 operations; 3029.4 current ops/sec; est completion in 1 hour 3 minutes [READ: Count=15209, Max=590847, Min=0, Avg=10879.32, 90=23247, 99=81919, 99.9=534015, 99.99=572415] [UPDATE: Count=15084, Max=593919, Min=1, Avg=10228.43, 90=22943, 99=77823, 99.9=522495, 99.99=555519] [READ-FAILED: Count=3, Max=11479, Min=1993, Avg=5349.33, 90=11479, 99=11479, 99.9=11479, 99.99=11479] 
2020-09-29 09:41:28:953 230 sec: 573110 operations; 2885.2 current ops/sec; est completion in 1 hour 3 minutes [READ: Count=14348, Max=641023, Min=1, Avg=11085.82, 90=21455, 99=109375, 99.9=538111, 99.99=622079] [UPDATE: Count=14501, Max=633343, Min=2, Avg=10926.21, 90=21391, 99=112511, 99.9=530943, 99.99=599039] [READ-FAILED: Count=5, Max=6815, Min=2258, Avg=3640.2, 90=6815, 99=6815, 99.9=6815, 99.99=6815] 
2020-09-29 09:41:38:953 240 sec: 600431 operations; 2732.1 current ops/sec; est completion in 1 hour 2 minutes [READ: Count=13672, Max=749055, Min=0, Avg=11668.39, 90=22079, 99=152319, 99.9=535551, 99.99=747007] [UPDATE: Count=13644, Max=625663, Min=1, Avg=11744.89, 90=22335, 99=171519, 99.9=539135, 99.99=610815] [READ-FAILED: Count=4, Max=2493, Min=2216, Avg=2329, 90=2493, 99=2493, 99.9=2493, 99.99=2493] 
2020-09-29 09:41:48:954 250 sec: 623202 operations; 2277.1 current ops/sec; est completion in 1 hour 2 minutes [READ: Count=11293, Max=826879, Min=0, Avg=14199.88, 90=24895, 99=280575, 99.9=554495, 99.99=771071] [UPDATE: Count=11475, Max=980991, Min=3, Avg=14150.63, 90=25215, 99=256383, 99.9=549375, 99.99=974847] [READ-FAILED: Count=3, Max=3399, Min=1990, Avg=2468.33, 90=3399, 99=3399, 99.9=3399, 99.99=3399] 
2020-09-29 09:41:58:953 260 sec: 651251 operations; 2804.9 current ops/sec; est completion in 1 hour 2 minutes [READ: Count=14058, Max=868863, Min=0, Avg=11471.88, 90=21119, 99=146559, 99.9=537599, 99.99=593407] [UPDATE: Count=13989, Max=943103, Min=1, Avg=11263.91, 90=20575, 99=135679, 99.9=530431, 99.99=583167] [READ-FAILED: Count=2, Max=2951, Min=1968, Avg=2459.5, 90=2951, 99=2951, 99.9=2951, 99.99=2951] 
2020-09-29 09:42:08:954 270 sec: 683002 operations; 3175.1 current ops/sec; est completion in 1 hour 1 minute [READ: Count=15892, Max=563711, Min=0, Avg=10090.28, 90=20671, 99=86079, 99.9=534015, 99.99=560127] [UPDATE: Count=15847, Max=569855, Min=3, Avg=10043.47, 90=20687, 99=90303, 99.9=524799, 99.99=561151] [READ-FAILED: Count=6, Max=5007, Min=2658, Avg=3790.33, 90=4183, 99=5007, 99.9=5007, 99.99=5007] 
2020-09-29 09:42:18:954 280 sec: 709308 operations; 2630.6 current ops/sec; est completion in 1 hour 1 minute [READ: Count=13241, Max=584703, Min=0, Avg=11594.28, 90=20783, 99=152575, 99.9=545279, 99.99=572927] [UPDATE: Count=13062, Max=641535, Min=1, Avg=12194.86, 90=21583, 99=178047, 99.9=543743, 99.99=589311] [READ-FAILED: Count=3, Max=3703, Min=1933, Avg=2601.67, 90=3703, 99=3703, 99.9=3703, 99.99=3703] 
2020-09-29 09:42:28:953 290 sec: 735659 operations; 2635.1 current ops/sec; est completion in 1 hour [READ: Count=13059, Max=592383, Min=0, Avg=12073.93, 90=22975, 99=156159, 99.9=540159, 99.99=585727] [UPDATE: Count=13291, Max=703487, Min=1, Avg=12358.09, 90=23039, 99=179583, 99.9=562175, 99.99=682495] [READ-FAILED: Count=7, Max=27199, Min=2220, Avg=6875, 90=5227, 99=27199, 99.9=27199, 99.99=27199] 
2020-09-29 09:42:38:953 300 sec: 761133 operations; 2547.4 current ops/sec; est completion in 1 hour [READ: Count=12686, Max=1015295, Min=0, Avg=11906.69, 90=20687, 99=164095, 99.9=554495, 99.99=665087] [UPDATE: Count=12779, Max=999423, Min=1, Avg=13278.91, 90=20815, 99=334591, 99.9=558079, 99.99=997375] [READ-FAILED: Count=3, Max=2939, Min=2248, Avg=2498.33, 90=2939, 99=2939, 99.9=2939, 99.99=2939] 
Maximum time elapsed. Requesting stop for the workload.
Stop requested for workload. Now Joining!
[36m09:42:39.293[m [[34;1mINFO[m] [1;34mp.u.t.s.y.Stats.clientFinished@38[m: 
Ended SconeKV benchmark.
Number of clients: 32
Total transactions: 151445
Committed: 116696 (77.05504%)
Aborted: 34749 (22.944963%)
2020-09-29 09:42:39:294 300 sec: 761197 operations; 187.68 current ops/sec; est completion in 1 hour [READ: Count=29, Max=545791, Min=1985, Avg=224074.66, 90=534527, 99=545791, 99.9=545791, 99.99=545791] [CLEANUP: Count=32, Max=1460, Min=3, Avg=49.28, 90=5, 99=1460, 99.9=1460, 99.99=1460] [UPDATE: Count=35, Max=744959, Min=1799, Avg=220366.26, 90=526335, 99=744959, 99.9=744959, 99.99=744959] [READ-FAILED: Count=0, Max=0, Min=9223372036854775807, Avg=NaN, 90=0, 99=0, 99.9=0, 99.99=0] 
[OVERALL], RunTime(ms), 300341
[OVERALL], Throughput(ops/sec), 2534.44251700567
[TOTAL_GCS_G1_Young_Generation], Count, 107
[TOTAL_GC_TIME_G1_Young_Generation], Time(ms), 889
[TOTAL_GC_TIME_%_G1_Young_Generation], Time(%), 0.29599688354237347
[TOTAL_GCS_G1_Old_Generation], Count, 0
[TOTAL_GC_TIME_G1_Old_Generation], Time(ms), 0
[TOTAL_GC_TIME_%_G1_Old_Generation], Time(%), 0.0
[TOTAL_GCs], Count, 107
[TOTAL_GC_TIME], Time(ms), 889
[TOTAL_GC_TIME_%], Time(%), 0.29599688354237347
[READ], Operations, 380062
[READ], AverageLatency(us), 12403.261449447722
[READ], MinLatency(us), 0
[READ], MaxLatency(us), 1015295
[READ], 95thPercentileLatency(us), 30159
[READ], 99thPercentileLatency(us), 202239
[READ], Return=OK, 380062
[READ], Return=NOT_FOUND, 135
[CLEANUP], Operations, 32
[CLEANUP], AverageLatency(us), 49.28125
[CLEANUP], MinLatency(us), 3
[CLEANUP], MaxLatency(us), 1460
[CLEANUP], 95thPercentileLatency(us), 7
[CLEANUP], 99thPercentileLatency(us), 1460
[UPDATE], Operations, 381000
[UPDATE], AverageLatency(us), 12700.903278215223
[UPDATE], MinLatency(us), 1
[UPDATE], MaxLatency(us), 1038847
[UPDATE], 95thPercentileLatency(us), 30975
[UPDATE], 99thPercentileLatency(us), 232447
[UPDATE], Return=OK, 381000
[READ-FAILED], Operations, 135
[READ-FAILED], AverageLatency(us), 3838.5037037037036
[READ-FAILED], MinLatency(us), 1616
[READ-FAILED], MaxLatency(us), 33375
[READ-FAILED], 95thPercentileLatency(us), 9223
[READ-FAILED], 99thPercentileLatency(us), 27199
