Command line: -t -db pt.ulisboa.tecnico.sconekv.ycsb.SconeKVClient -P workloadb -threads 256 -s -p scone.tx_size=5 -p operationcount=10000000 -p maxexecutiontime=300
YCSB Client 0.17.0

Loading workload...
Starting test.
WARNING: sun.reflect.Reflection.getCallerClass is not supported. This will impact performance.
2020-09-10 12:34:54:068 0 sec: 0 operations; est completion in 0 second 
Maximum execution time specified as: 300 secs
DBWrapper: report latency for each error is false and specific error codes to track for latency are: []
DBWrapper: report latency for each error is false and specific error codes to track for latency are: []
DBWrapper: report latency for each error is false and specific error codes to track for latency are: []
DBWrapper: report latency for each error is false and specific error codes to track for latency are: []
DBWrapper: report latency for each error is false and specific error codes to track for latency are: []
DBWrapper: report latency for each error is false and specific error codes to track for latency are: []
DBWrapper: report latency for each error is false and specific error codes to track for latency are: []
DBWrapper: report latency for each error is false and specific error codes to track for latency are: []
DBWrapper: report latency for each error is false and specific error codes to track for latency are: []
DBWrapper: report latency for each error is false and specific error codes to track for latency are: []
DBWrapper: report latency for each error is false and specific error codes to track for latency are: []
DBWrapper: report latency for each error is false and specific error codes to track for latency are: []
DBWrapper: report latency for each error is false and specific error codes to track for latency are: []
DBWrapper: report latency for each error is false and specific error codes to track for latency are: []
DBWrapper: report latency for each error is false and specific error codes to track for latency are: []
DBWrapper: report latency for each error is false and specific error codes to track for latency are: []
DBWrapper: report latency for each error is false and specific error codes to track for latency are: []
DBWrapper: report latency for each error is false and specific error codes to track for latency are: []
DBWrapper: report latency for each error is false and specific error codes to track for latency are: []
DBWrapper: report latency for each error is false and specific error codes to track for latency are: []
DBWrapper: report latency for each error is false and specific error codes to track for latency are: []
DBWrapper: report latency for each error is false and specific error codes to track for latency are: []
DBWrapper: report latency for each error is false and specific error codes to track for latency are: []
DBWrapper: report latency for each error is false and specific error codes to track for latency are: []
DBWrapper: report latency for each error is false and specific error codes to track for latency are: []
DBWrapper: report latency for each error is false and specific error codes to track for latency are: []
DBWrapper: report latency for each error is false and specific error codes to track for latency are: []
DBWrapper: report latency for each error is false and specific error codes to track for latency are: []
DBWrapper: report latency for each error is false and specific error codes to track for latency are: []
DBWrapper: report latency for each error is false and specific error codes to track for latency are: []
DBWrapper: report latency for each error is false and specific error codes to track for latency are: []
DBWrapper: report latency for each error is false and specific error codes to track for latency are: []
DBWrapper: report latency for each error is false and specific error codes to track for latency are: []
DBWrapper: report latency for each error is false and specific error codes to track for latency are: []
DBWrapper: report latency for each error is false and specific error codes to track for latency are: []
DBWrapper: report latency for each error is false and specific error codes to track for latency are: []
DBWrapper: report latency for each error is false and specific error codes to track for latency are: []
DBWrapper: report latency for each error is false and specific error codes to track for latency are: []
DBWrapper: report latency for each error is false and specific error codes to track for latency are: []
DBWrapper: report latency for each error is false and specific error codes to track for latency are: []
DBWrapper: report latency for each error is false and specific error codes to track for latency are: []
DBWrapper: report latency for each error is false and specific error codes to track for latency are: []
DBWrapper: report latency for each error is false and specific error codes to track for latency are: []
DBWrapper: report latency for each error is false and specific error codes to track for latency are: []
DBWrapper: report latency for each error is false and specific error codes to track for latency are: []
DBWrapper: report latency for each error is false and specific error codes to track for latency are: []
DBWrapper: report latency for each error is false and specific error codes to track for latency are: []
DBWrapper: report latency for each error is false and specific error codes to track for latency are: []
DBWrapper: report latency for each error is false and specific error codes to track for latency are: []
DBWrapper: report latency for each error is false and specific error codes to track for latency are: []
DBWrapper: report latency for each error is false and specific error codes to track for latency are: []
DBWrapper: report latency for each error is false and specific error codes to track for latency are: []
DBWrapper: report latency for each error is false and specific error codes to track for latency are: []
DBWrapper: report latency for each error is false and specific error codes to track for latency are: []
DBWrapper: report latency for each error is false and specific error codes to track for latency are: []
DBWrapper: report latency for each error is false and specific error codes to track for latency are: []
DBWrapper: report latency for each error is false and specific error codes to track for latency are: []
DBWrapper: report latency for each error is false and specific error codes to track for latency are: []
DBWrapper: report latency for each error is false and specific error codes to track for latency are: []
DBWrapper: report latency for each error is false and specific error codes to track for latency are: []
DBWrapper: report latency for each error is false and specific error codes to track for latency are: []
DBWrapper: report latency for each error is false and specific error codes to track for latency are: []
DBWrapper: report latency for each error is false and specific error codes to track for latency are: []
DBWrapper: report latency for each error is false and specific error codes to track for latency are: []
DBWrapper: report latency for each error is false and specific error codes to track for latency are: []
DBWrapper: report latency for each error is false and specific error codes to track for latency are: []
DBWrapper: report latency for each error is false and specific error codes to track for latency are: []
DBWrapper: report latency for each error is false and specific error codes to track for latency are: []
DBWrapper: report latency for each error is false and specific error codes to track for latency are: []
DBWrapper: report latency for each error is false and specific error codes to track for latency are: []
DBWrapper: report latency for each error is false and specific error codes to track for latency are: []
DBWrapper: report latency for each error is false and specific error codes to track for latency are: []
DBWrapper: report latency for each error is false and specific error codes to track for latency are: []
DBWrapper: report latency for each error is false and specific error codes to track for latency are: []
DBWrapper: report latency for each error is false and specific error codes to track for latency are: []
DBWrapper: report latency for each error is false and specific error codes to track for latency are: []
DBWrapper: report latency for each error is false and specific error codes to track for latency are: []
DBWrapper: report latency for each error is false and specific error codes to track for latency are: []
DBWrapper: report latency for each error is false and specific error codes to track for latency are: []
DBWrapper: report latency for each error is false and specific error codes to track for latency are: []
DBWrapper: report latency for each error is false and specific error codes to track for latency are: []
DBWrapper: report latency for each error is false and specific error codes to track for latency are: []
DBWrapper: report latency for each error is false and specific error codes to track for latency are: []
DBWrapper: report latency for each error is false and specific error codes to track for latency are: []
DBWrapper: report latency for each error is false and specific error codes to track for latency are: []
DBWrapper: report latency for each error is false and specific error codes to track for latency are: []
DBWrapper: report latency for each error is false and specific error codes to track for latency are: []
DBWrapper: report latency for each error is false and specific error codes to track for latency are: []
DBWrapper: report latency for each error is false and specific error codes to track for latency are: []
DBWrapper: report latency for each error is false and specific error codes to track for latency are: []
DBWrapper: report latency for each error is false and specific error codes to track for latency are: []
DBWrapper: report latency for each error is false and specific error codes to track for latency are: []
DBWrapper: report latency for each error is false and specific error codes to track for latency are: []
DBWrapper: report latency for each error is false and specific error codes to track for latency are: []
DBWrapper: report latency for each error is false and specific error codes to track for latency are: []
DBWrapper: report latency for each error is false and specific error codes to track for latency are: []
DBWrapper: report latency for each error is false and specific error codes to track for latency are: []
DBWrapper: report latency for each error is false and specific error codes to track for latency are: []
DBWrapper: report latency for each error is false and specific error codes to track for latency are: []
DBWrapper: report latency for each error is false and specific error codes to track for latency are: []
DBWrapper: report latency for each error is false and specific error codes to track for latency are: []
DBWrapper: report latency for each error is false and specific error codes to track for latency are: []
DBWrapper: report latency for each error is false and specific error codes to track for latency are: []
DBWrapper: report latency for each error is false and specific error codes to track for latency are: []
DBWrapper: report latency for each error is false and specific error codes to track for latency are: []
DBWrapper: report latency for each error is false and specific error codes to track for latency are: []
DBWrapper: report latency for each error is false and specific error codes to track for latency are: []
DBWrapper: report latency for each error is false and specific error codes to track for latency are: []
DBWrapper: report latency for each error is false and specific error codes to track for latency are: []
DBWrapper: report latency for each error is false and specific error codes to track for latency are: []
DBWrapper: report latency for each error is false and specific error codes to track for latency are: []
DBWrapper: report latency for each error is false and specific error codes to track for latency are: []
DBWrapper: report latency for each error is false and specific error codes to track for latency are: []
DBWrapper: report latency for each error is false and specific error codes to track for latency are: []
DBWrapper: report latency for each error is false and specific error codes to track for latency are: []
DBWrapper: report latency for each error is false and specific error codes to track for latency are: []
DBWrapper: report latency for each error is false and specific error codes to track for latency are: []
DBWrapper: report latency for each error is false and specific error codes to track for latency are: []
DBWrapper: report latency for each error is false and specific error codes to track for latency are: []
DBWrapper: report latency for each error is false and specific error codes to track for latency are: []
DBWrapper: report latency for each error is false and specific error codes to track for latency are: []
DBWrapper: report latency for each error is false and specific error codes to track for latency are: []
DBWrapper: report latency for each error is false and specific error codes to track for latency are: []
DBWrapper: report latency for each error is false and specific error codes to track for latency are: []
DBWrapper: report latency for each error is false and specific error codes to track for latency are: []
DBWrapper: report latency for each error is false and specific error codes to track for latency are: []
DBWrapper: report latency for each error is false and specific error codes to track for latency are: []
DBWrapper: report latency for each error is false and specific error codes to track for latency are: []
DBWrapper: report latency for each error is false and specific error codes to track for latency are: []
DBWrapper: report latency for each error is false and specific error codes to track for latency are: []
DBWrapper: report latency for each error is false and specific error codes to track for latency are: []
DBWrapper: report latency for each error is false and specific error codes to track for latency are: []
DBWrapper: report latency for each error is false and specific error codes to track for latency are: []
DBWrapper: report latency for each error is false and specific error codes to track for latency are: []
DBWrapper: report latency for each error is false and specific error codes to track for latency are: []
DBWrapper: report latency for each error is false and specific error codes to track for latency are: []
DBWrapper: report latency for each error is false and specific error codes to track for latency are: []
DBWrapper: report latency for each error is false and specific error codes to track for latency are: []
DBWrapper: report latency for each error is false and specific error codes to track for latency are: []
DBWrapper: report latency for each error is false and specific error codes to track for latency are: []
DBWrapper: report latency for each error is false and specific error codes to track for latency are: []
DBWrapper: report latency for each error is false and specific error codes to track for latency are: []
DBWrapper: report latency for each error is false and specific error codes to track for latency are: []
DBWrapper: report latency for each error is false and specific error codes to track for latency are: []
DBWrapper: report latency for each error is false and specific error codes to track for latency are: []
2020-09-10 12:35:04:289 10 sec: 4319 operations; 422.52 current ops/sec; est completion in 6 hours 34 minutes [READ: Count=4113, Max=2355199, Min=2, Avg=104100.89, 90=212991, 99=1319935, 99.9=1903615, 99.99=2355199] [UPDATE: Count=216, Max=1236991, Min=32, Avg=74336.55, 90=169087, 99=446719, 99.9=1236991, 99.99=1236991] [READ-FAILED: Count=4, Max=166655, Min=29504, Avg=86802, 90=166655, 99=166655, 99.9=166655, 99.99=166655] 
DBWrapper: report latency for each error is false and specific error codes to track for latency are: []
DBWrapper: report latency for each error is false and specific error codes to track for latency are: []
DBWrapper: report latency for each error is false and specific error codes to track for latency are: []
DBWrapper: report latency for each error is false and specific error codes to track for latency are: []
DBWrapper: report latency for each error is false and specific error codes to track for latency are: []
DBWrapper: report latency for each error is false and specific error codes to track for latency are: []
DBWrapper: report latency for each error is false and specific error codes to track for latency are: []
DBWrapper: report latency for each error is false and specific error codes to track for latency are: []
DBWrapper: report latency for each error is false and specific error codes to track for latency are: []
DBWrapper: report latency for each error is false and specific error codes to track for latency are: []
DBWrapper: report latency for each error is false and specific error codes to track for latency are: []
DBWrapper: report latency for each error is false and specific error codes to track for latency are: []
DBWrapper: report latency for each error is false and specific error codes to track for latency are: []
DBWrapper: report latency for each error is false and specific error codes to track for latency are: []
DBWrapper: report latency for each error is false and specific error codes to track for latency are: []
DBWrapper: report latency for each error is false and specific error codes to track for latency are: []
DBWrapper: report latency for each error is false and specific error codes to track for latency are: []
DBWrapper: report latency for each error is false and specific error codes to track for latency are: []
DBWrapper: report latency for each error is false and specific error codes to track for latency are: []
DBWrapper: report latency for each error is false and specific error codes to track for latency are: []
DBWrapper: report latency for each error is false and specific error codes to track for latency are: []
DBWrapper: report latency for each error is false and specific error codes to track for latency are: []
DBWrapper: report latency for each error is false and specific error codes to track for latency are: []
DBWrapper: report latency for each error is false and specific error codes to track for latency are: []
DBWrapper: report latency for each error is false and specific error codes to track for latency are: []
DBWrapper: report latency for each error is false and specific error codes to track for latency are: []
DBWrapper: report latency for each error is false and specific error codes to track for latency are: []
DBWrapper: report latency for each error is false and specific error codes to track for latency are: []
DBWrapper: report latency for each error is false and specific error codes to track for latency are: []
DBWrapper: report latency for each error is false and specific error codes to track for latency are: []
DBWrapper: report latency for each error is false and specific error codes to track for latency are: []
DBWrapper: report latency for each error is false and specific error codes to track for latency are: []
DBWrapper: report latency for each error is false and specific error codes to track for latency are: []
DBWrapper: report latency for each error is false and specific error codes to track for latency are: []
DBWrapper: report latency for each error is false and specific error codes to track for latency are: []
DBWrapper: report latency for each error is false and specific error codes to track for latency are: []
DBWrapper: report latency for each error is false and specific error codes to track for latency are: []
DBWrapper: report latency for each error is false and specific error codes to track for latency are: []
DBWrapper: report latency for each error is false and specific error codes to track for latency are: []
DBWrapper: report latency for each error is false and specific error codes to track for latency are: []
DBWrapper: report latency for each error is false and specific error codes to track for latency are: []
DBWrapper: report latency for each error is false and specific error codes to track for latency are: []
DBWrapper: report latency for each error is false and specific error codes to track for latency are: []
DBWrapper: report latency for each error is false and specific error codes to track for latency are: []
DBWrapper: report latency for each error is false and specific error codes to track for latency are: []
DBWrapper: report latency for each error is false and specific error codes to track for latency are: []
DBWrapper: report latency for each error is false and specific error codes to track for latency are: []
DBWrapper: report latency for each error is false and specific error codes to track for latency are: []
DBWrapper: report latency for each error is false and specific error codes to track for latency are: []
DBWrapper: report latency for each error is false and specific error codes to track for latency are: []
DBWrapper: report latency for each error is false and specific error codes to track for latency are: []
DBWrapper: report latency for each error is false and specific error codes to track for latency are: []
DBWrapper: report latency for each error is false and specific error codes to track for latency are: []
DBWrapper: report latency for each error is false and specific error codes to track for latency are: []
DBWrapper: report latency for each error is false and specific error codes to track for latency are: []
DBWrapper: report latency for each error is false and specific error codes to track for latency are: []
DBWrapper: report latency for each error is false and specific error codes to track for latency are: []
DBWrapper: report latency for each error is false and specific error codes to track for latency are: []
DBWrapper: report latency for each error is false and specific error codes to track for latency are: []
DBWrapper: report latency for each error is false and specific error codes to track for latency are: []
DBWrapper: report latency for each error is false and specific error codes to track for latency are: []
DBWrapper: report latency for each error is false and specific error codes to track for latency are: []
DBWrapper: report latency for each error is false and specific error codes to track for latency are: []
DBWrapper: report latency for each error is false and specific error codes to track for latency are: []
DBWrapper: report latency for each error is false and specific error codes to track for latency are: []
DBWrapper: report latency for each error is false and specific error codes to track for latency are: []
DBWrapper: report latency for each error is false and specific error codes to track for latency are: []
DBWrapper: report latency for each error is false and specific error codes to track for latency are: []
DBWrapper: report latency for each error is false and specific error codes to track for latency are: []
DBWrapper: report latency for each error is false and specific error codes to track for latency are: []
DBWrapper: report latency for each error is false and specific error codes to track for latency are: []
DBWrapper: report latency for each error is false and specific error codes to track for latency are: []
DBWrapper: report latency for each error is false and specific error codes to track for latency are: []
DBWrapper: report latency for each error is false and specific error codes to track for latency are: []
DBWrapper: report latency for each error is false and specific error codes to track for latency are: []
DBWrapper: report latency for each error is false and specific error codes to track for latency are: []
DBWrapper: report latency for each error is false and specific error codes to track for latency are: []
DBWrapper: report latency for each error is false and specific error codes to track for latency are: []
DBWrapper: report latency for each error is false and specific error codes to track for latency are: []
DBWrapper: report latency for each error is false and specific error codes to track for latency are: []
DBWrapper: report latency for each error is false and specific error codes to track for latency are: []
DBWrapper: report latency for each error is false and specific error codes to track for latency are: []
DBWrapper: report latency for each error is false and specific error codes to track for latency are: []
DBWrapper: report latency for each error is false and specific error codes to track for latency are: []
DBWrapper: report latency for each error is false and specific error codes to track for latency are: []
DBWrapper: report latency for each error is false and specific error codes to track for latency are: []
DBWrapper: report latency for each error is false and specific error codes to track for latency are: []
DBWrapper: report latency for each error is false and specific error codes to track for latency are: []
DBWrapper: report latency for each error is false and specific error codes to track for latency are: []
2020-09-10 12:35:14:075 20 sec: 26085 operations; 2225.79 current ops/sec; est completion in 2 hours 7 minutes [READ: Count=20760, Max=2607103, Min=0, Avg=81293.63, 90=242943, 99=752127, 99.9=1403903, 99.99=2279423] [UPDATE: Count=1152, Max=1352703, Min=19, Avg=90532.08, 90=249215, 99=864255, 99.9=1330175, 99.99=1352703] [READ-FAILED: Count=14, Max=337919, Min=2402, Avg=84157.21, 90=307455, 99=337919, 99.9=337919, 99.99=337919] 
DBWrapper: report latency for each error is false and specific error codes to track for latency are: []
DBWrapper: report latency for each error is false and specific error codes to track for latency are: []
DBWrapper: report latency for each error is false and specific error codes to track for latency are: []
DBWrapper: report latency for each error is false and specific error codes to track for latency are: []
DBWrapper: report latency for each error is false and specific error codes to track for latency are: []
2020-09-10 12:35:24:067 30 sec: 64630 operations; 3854.5 current ops/sec; est completion in 1 hour 16 minutes [READ: Count=36445, Max=3629055, Min=0, Avg=56559.54, 90=123455, 99=642559, 99.9=2162687, 99.99=3305471] [UPDATE: Count=1934, Max=3735551, Min=19, Avg=70374.59, 90=137087, 99=822271, 99.9=3008511, 99.99=3735551] [READ-FAILED: Count=6, Max=26303, Min=3420, Avg=12341.17, 90=17263, 99=26303, 99.9=26303, 99.99=26303] 
DBWrapper: report latency for each error is false and specific error codes to track for latency are: []
DBWrapper: report latency for each error is false and specific error codes to track for latency are: []
DBWrapper: report latency for each error is false and specific error codes to track for latency are: []
DBWrapper: report latency for each error is false and specific error codes to track for latency are: []
DBWrapper: report latency for each error is false and specific error codes to track for latency are: []
DBWrapper: report latency for each error is false and specific error codes to track for latency are: []
DBWrapper: report latency for each error is false and specific error codes to track for latency are: []
DBWrapper: report latency for each error is false and specific error codes to track for latency are: []
DBWrapper: report latency for each error is false and specific error codes to track for latency are: []
DBWrapper: report latency for each error is false and specific error codes to track for latency are: []
DBWrapper: report latency for each error is false and specific error codes to track for latency are: []
2020-09-10 12:35:34:067 40 sec: 121127 operations; 5649.7 current ops/sec; est completion in 54 minutes [READ: Count=53663, Max=7606271, Min=0, Avg=43541.22, 90=76223, 99=592383, 99.9=3561471, 99.99=6205439] [UPDATE: Count=2816, Max=7340031, Min=15, Avg=68041.53, 90=86143, 99=1274879, 99.9=4333567, 99.99=7340031] [READ-FAILED: Count=11, Max=20991, Min=2232, Avg=6157.45, 90=6815, 99=20991, 99.9=20991, 99.99=20991] 
2020-09-10 12:35:44:067 50 sec: 173404 operations; 5227.7 current ops/sec; est completion in 47 minutes [READ: Count=49705, Max=5570559, Min=0, Avg=46568.37, 90=84223, 99=598527, 99.9=2783231, 99.99=3817471] [UPDATE: Count=2560, Max=5136383, Min=16, Avg=70040.42, 90=98047, 99=1332223, 99.9=3426303, 99.99=5136383] [READ-FAILED: Count=10, Max=29231, Min=2076, Avg=9128.5, 90=13175, 99=29231, 99.9=29231, 99.99=29231] 
2020-09-10 12:35:54:085 60 sec: 228453 operations; 5498.3 current ops/sec; est completion in 42 minutes [READ: Count=52235, Max=8462335, Min=0, Avg=43649.71, 90=69823, 99=586239, 99.9=3635199, 99.99=6246399] [UPDATE: Count=2812, Max=6983679, Min=15, Avg=79694.85, 90=81087, 99=1813503, 99.9=5140479, 99.99=6983679] [READ-FAILED: Count=18, Max=28879, Min=2456, Avg=9217.39, 90=25263, 99=28879, 99.9=28879, 99.99=28879] 
DBWrapper: report latency for each error is false and specific error codes to track for latency are: []
DBWrapper: report latency for each error is false and specific error codes to track for latency are: []
DBWrapper: report latency for each error is false and specific error codes to track for latency are: []
DBWrapper: report latency for each error is false and specific error codes to track for latency are: []
DBWrapper: report latency for each error is false and specific error codes to track for latency are: []
DBWrapper: report latency for each error is false and specific error codes to track for latency are: []
2020-09-10 12:36:04:067 70 sec: 288602 operations; 6022.13 current ops/sec; est completion in 39 minutes [READ: Count=57095, Max=6000639, Min=0, Avg=40605.74, 90=76287, 99=559615, 99.9=2703359, 99.99=4911103] [UPDATE: Count=3014, Max=5947391, Min=15, Avg=67529.33, 90=86719, 99=1305599, 99.9=3864575, 99.99=5947391] [READ-FAILED: Count=29, Max=27215, Min=2200, Avg=8026.03, 90=14247, 99=27215, 99.9=27215, 99.99=27215] 
2020-09-10 12:36:14:067 80 sec: 339747 operations; 5114.5 current ops/sec; est completion in 37 minutes [READ: Count=48526, Max=7659519, Min=0, Avg=48617.61, 90=85439, 99=601599, 99.9=3461119, 99.99=6840319] [UPDATE: Count=2601, Max=7725055, Min=15, Avg=82058.07, 90=94591, 99=1615871, 99.9=6053887, 99.99=7725055] [READ-FAILED: Count=20, Max=48415, Min=2176, Avg=10764.9, 90=26959, 99=48415, 99.9=48415, 99.99=48415] 
2020-09-10 12:36:24:067 90 sec: 406992 operations; 6724.5 current ops/sec; est completion in 35 minutes [READ: Count=63866, Max=4358143, Min=0, Avg=34013.85, 90=62079, 99=548351, 99.9=2150399, 99.99=3950591] [UPDATE: Count=3345, Max=3868671, Min=15, Avg=59132.08, 90=71679, 99=1142783, 99.9=3448831, 99.99=3868671] [READ-FAILED: Count=25, Max=19311, Min=3130, Avg=8876.52, 90=15695, 99=19311, 99.9=19311, 99.99=19311] 
2020-09-10 12:36:34:067 100 sec: 463732 operations; 5674 current ops/sec; est completion in 34 minutes [READ: Count=53829, Max=5206015, Min=0, Avg=46611.83, 90=96383, 99=586239, 99.9=2768895, 99.99=5005311] [UPDATE: Count=2896, Max=5545983, Min=15, Avg=73643.39, 90=105535, 99=1546239, 99.9=4870143, 99.99=5545983] [READ-FAILED: Count=25, Max=47135, Min=2318, Avg=10276.72, 90=23471, 99=47135, 99.9=47135, 99.99=47135] 
2020-09-10 12:36:44:067 110 sec: 525110 operations; 6137.8 current ops/sec; est completion in 33 minutes [READ: Count=58254, Max=6737919, Min=0, Avg=41229.29, 90=65599, 99=570879, 99.9=2975743, 99.99=5242879] [UPDATE: Count=3103, Max=6844415, Min=16, Avg=63274.81, 90=62207, 99=888319, 99.9=5357567, 99.99=6844415] [READ-FAILED: Count=21, Max=63455, Min=2536, Avg=8952.86, 90=12183, 99=63455, 99.9=63455, 99.99=63455] 
2020-09-10 12:36:54:067 120 sec: 580818 operations; 5570.8 current ops/sec; est completion in 32 minutes [READ: Count=52830, Max=7479295, Min=0, Avg=43025.55, 90=79231, 99=564735, 99.9=3405823, 99.99=6811647] [UPDATE: Count=2852, Max=7147519, Min=15, Avg=72815.4, 90=98367, 99=1203199, 99.9=4902911, 99.99=7147519] [READ-FAILED: Count=14, Max=22863, Min=2348, Avg=7897.21, 90=20479, 99=22863, 99.9=22863, 99.99=22863] 
2020-09-10 12:37:04:068 130 sec: 630714 operations; 4989.6 current ops/sec; est completion in 32 minutes [READ: Count=47356, Max=6594559, Min=0, Avg=50372.06, 90=83455, 99=641023, 99.9=3866623, 99.99=4943871] [UPDATE: Count=2516, Max=4116479, Min=13, Avg=66239.85, 90=89791, 99=1149951, 99.9=2971647, 99.99=4116479] [READ-FAILED: Count=25, Max=48863, Min=2182, Avg=8816.64, 90=21327, 99=48863, 99.9=48863, 99.99=48863] 
2020-09-10 12:37:14:067 140 sec: 695802 operations; 6508.8 current ops/sec; est completion in 31 minutes [READ: Count=61851, Max=5980159, Min=0, Avg=36999.89, 90=69823, 99=565247, 99.9=2383871, 99.99=4964351] [UPDATE: Count=3217, Max=5660671, Min=14, Avg=55596.76, 90=78591, 99=795647, 99.9=4677631, 99.99=5660671] [READ-FAILED: Count=27, Max=26015, Min=1859, Avg=7930.19, 90=13079, 99=26015, 99.9=26015, 99.99=26015] 
2020-09-10 12:37:24:068 150 sec: 750982 operations; 5518 current ops/sec; est completion in 30 minutes [READ: Count=52310, Max=9953279, Min=0, Avg=46340.55, 90=67583, 99=641023, 99.9=3239935, 99.99=6373375] [UPDATE: Count=2844, Max=9510911, Min=3, Avg=68859.29, 90=75263, 99=1415167, 99.9=3311615, 99.99=9510911] [READ-FAILED: Count=23, Max=28911, Min=1814, Avg=7071.83, 90=11703, 99=28911, 99.9=28911, 99.99=28911] 
2020-09-10 12:37:34:067 160 sec: 804109 operations; 5312.7 current ops/sec; est completion in 30 minutes [READ: Count=50438, Max=8245247, Min=1, Avg=46005.66, 90=67455, 99=585727, 99.9=4833279, 99.99=7049215] [UPDATE: Count=2666, Max=6594559, Min=1, Avg=85881.88, 90=77055, 99=1925119, 99.9=5599231, 99.99=6594559] [READ-FAILED: Count=19, Max=22271, Min=1917, Avg=6879.37, 90=11647, 99=22271, 99.9=22271, 99.99=22271] 
2020-09-10 12:37:44:067 170 sec: 863122 operations; 5901.3 current ops/sec; est completion in 30 minutes [READ: Count=56091, Max=6172671, Min=0, Avg=37454.53, 90=66175, 99=555007, 99.9=1915903, 99.99=3160063] [UPDATE: Count=2896, Max=3170303, Min=18, Avg=57128.58, 90=73087, 99=1305599, 99.9=2902015, 99.99=3170303] [READ-FAILED: Count=26, Max=13695, Min=1967, Avg=5850.65, 90=8735, 99=13695, 99.9=13695, 99.99=13695] 
2020-09-10 12:37:54:068 180 sec: 915242 operations; 5212 current ops/sec; est completion in 29 minutes [READ: Count=49482, Max=7733247, Min=0, Avg=54515.37, 90=94527, 99=628223, 99.9=4239359, 99.99=7258111] [UPDATE: Count=2626, Max=6373375, Min=18, Avg=90202.41, 90=112639, 99=1584127, 99.9=5230591, 99.99=6373375] [READ-FAILED: Count=13, Max=23295, Min=2296, Avg=9167.77, 90=15967, 99=23295, 99.9=23295, 99.99=23295] 
2020-09-10 12:38:04:068 190 sec: 976027 operations; 6078.5 current ops/sec; est completion in 29 minutes [READ: Count=57722, Max=4468735, Min=0, Avg=39324.28, 90=65215, 99=572927, 99.9=2238463, 99.99=3821567] [UPDATE: Count=3041, Max=4218879, Min=16, Avg=68980.87, 90=84735, 99=1265663, 99.9=3389439, 99.99=4218879] [READ-FAILED: Count=25, Max=39391, Min=1797, Avg=8384.08, 90=16847, 99=39391, 99.9=39391, 99.99=39391] 
2020-09-10 12:38:14:068 200 sec: 1036579 operations; 6055.2 current ops/sec; est completion in 28 minutes [READ: Count=57563, Max=6959103, Min=0, Avg=40055.77, 90=68927, 99=586751, 99.9=2332671, 99.99=6156287] [UPDATE: Count=2973, Max=6717439, Min=15, Avg=66295.65, 90=74943, 99=1259519, 99.9=4915199, 99.99=6717439] [READ-FAILED: Count=14, Max=13983, Min=2534, Avg=5826.43, 90=8535, 99=13983, 99.9=13983, 99.99=13983] 
2020-09-10 12:38:24:067 210 sec: 1094301 operations; 5772.2 current ops/sec; est completion in 28 minutes [READ: Count=54816, Max=5435391, Min=0, Avg=44091.46, 90=70463, 99=584191, 99.9=3381247, 99.99=4575231] [UPDATE: Count=2898, Max=5431295, Min=6, Avg=71570.02, 90=71231, 99=1509375, 99.9=4919295, 99.99=5431295] [READ-FAILED: Count=14, Max=21919, Min=1888, Avg=8036.21, 90=18575, 99=21919, 99.9=21919, 99.99=21919] 
2020-09-10 12:38:34:067 220 sec: 1158437 operations; 6413.6 current ops/sec; est completion in 28 minutes [READ: Count=61010, Max=4763647, Min=0, Avg=40493.59, 90=70143, 99=572415, 99.9=2131967, 99.99=4227071] [UPDATE: Count=3087, Max=4188159, Min=5, Avg=66480.32, 90=81471, 99=1078271, 99.9=3241983, 99.99=4188159] [READ-FAILED: Count=32, Max=619519, Min=2232, Avg=30271.31, 90=18271, 99=619519, 99.9=619519, 99.99=619519] 
2020-09-10 12:38:44:067 230 sec: 1218002 operations; 5956.5 current ops/sec; est completion in 27 minutes [READ: Count=56531, Max=4554751, Min=0, Avg=41224.39, 90=77631, 99=569343, 99.9=1865727, 99.99=3358719] [UPDATE: Count=3019, Max=4534271, Min=5, Avg=57878.51, 90=88063, 99=877567, 99.9=3719167, 99.99=4534271] [READ-FAILED: Count=17, Max=203263, Min=3836, Avg=23819.35, 90=25679, 99=203263, 99.9=203263, 99.99=203263] 
2020-09-10 12:38:54:067 240 sec: 1282142 operations; 6414 current ops/sec; est completion in 27 minutes [READ: Count=60855, Max=5255167, Min=0, Avg=39038.42, 90=67455, 99=567807, 99.9=2885631, 99.99=4214783] [UPDATE: Count=3255, Max=3883007, Min=6, Avg=62101.78, 90=76671, 99=1221631, 99.9=3551231, 99.99=3883007] [READ-FAILED: Count=25, Max=60863, Min=2128, Avg=8952.92, 90=16303, 99=60863, 99.9=60863, 99.99=60863] 
2020-09-10 12:39:04:067 250 sec: 1345081 operations; 6293.9 current ops/sec; est completion in 26 minutes [READ: Count=59756, Max=3921919, Min=0, Avg=38905.94, 90=70911, 99=566271, 99.9=2303999, 99.99=3387391] [UPDATE: Count=3167, Max=3655679, Min=5, Avg=53765.71, 90=79935, 99=999935, 99.9=3028991, 99.99=3655679] [READ-FAILED: Count=16, Max=11391, Min=2232, Avg=6579.81, 90=10695, 99=11391, 99.9=11391, 99.99=11391] 
2020-09-10 12:39:14:067 260 sec: 1402236 operations; 5715.5 current ops/sec; est completion in 26 minutes [READ: Count=54293, Max=5156863, Min=0, Avg=41065.52, 90=75263, 99=565247, 99.9=2633727, 99.99=4743167] [UPDATE: Count=2852, Max=5165055, Min=5, Avg=68456.17, 90=79679, 99=1512447, 99.9=3692543, 99.99=5165055] [READ-FAILED: Count=20, Max=74879, Min=2242, Avg=14692.45, 90=25439, 99=74879, 99.9=74879, 99.99=74879] 
2020-09-10 12:39:24:067 270 sec: 1468133 operations; 6589.7 current ops/sec; est completion in 26 minutes [READ: Count=62569, Max=5525503, Min=0, Avg=40519.5, 90=73855, 99=564223, 99.9=3016703, 99.99=5312511] [UPDATE: Count=3305, Max=5181439, Min=6, Avg=66559.96, 90=79167, 99=1449983, 99.9=4599807, 99.99=5181439] [READ-FAILED: Count=23, Max=40671, Min=2066, Avg=8948.22, 90=15943, 99=40671, 99.9=40671, 99.99=40671] 
2020-09-10 12:39:34:067 280 sec: 1525453 operations; 5732 current ops/sec; est completion in 25 minutes [READ: Count=54417, Max=7028735, Min=0, Avg=43472.87, 90=76287, 99=589823, 99.9=3264511, 99.99=6606847] [UPDATE: Count=2877, Max=6631423, Min=5, Avg=63930.28, 90=81855, 99=1222655, 99.9=4222975, 99.99=6631423] [READ-FAILED: Count=16, Max=37791, Min=2172, Avg=8529.06, 90=16799, 99=37791, 99.9=37791, 99.99=37791] 
2020-09-10 12:39:44:067 290 sec: 1584238 operations; 5878.5 current ops/sec; est completion in 25 minutes [READ: Count=55827, Max=4694015, Min=0, Avg=42573.46, 90=71423, 99=583679, 99.9=2902015, 99.99=4251647] [UPDATE: Count=2944, Max=4280319, Min=6, Avg=67793.81, 90=76607, 99=1448959, 99.9=3926015, 99.99=4280319] [READ-FAILED: Count=19, Max=35775, Min=2906, Avg=9166.53, 90=16127, 99=35775, 99.9=35775, 99.99=35775] 
2020-09-10 12:39:54:067 300 sec: 1641347 operations; 5710.9 current ops/sec; est completion in 25 minutes [READ: Count=54144, Max=4669439, Min=0, Avg=43137.17, 90=74175, 99=590847, 99.9=2772991, 99.99=4349951] [UPDATE: Count=2944, Max=3928063, Min=1, Avg=62565.78, 90=84351, 99=1179647, 99.9=3493887, 99.99=3928063] [READ-FAILED: Count=20, Max=27903, Min=2088, Avg=8514, 90=16575, 99=27903, 99.9=27903, 99.99=27903] 
Maximum time elapsed. Requesting stop for the workload.
Stop requested for workload. Now Joining!
[36m12:39:54.865[m [[34;1mINFO[m] [1;34mp.u.t.s.y.Stats.clientFinished@38[m: 
Ended SconeKV benchmark.
Number of clients: 256
Total transactions: 326928
Committed: 298389 (91.27055%)
Aborted: 28539 (8.729445%)
2020-09-10 12:39:54:875 300 sec: 1643090 operations; 2173.32 current ops/sec; est completion in 25 minutes [READ: Count=1669, Max=4188159, Min=1, Avg=105039.73, 90=94399, 99=1568767, 99.9=3260415, 99.99=4188159] [CLEANUP: Count=256, Max=6535, Min=2, Avg=30.68, 90=7, 99=23, 99.9=6535, 99.99=6535] [UPDATE: Count=70, Max=2949119, Min=2264, Avg=248802.2, 90=909823, 99=2762751, 99.9=2949119, 99.99=2949119] [READ-FAILED: Count=0, Max=0, Min=9223372036854775807, Avg=NaN, 90=0, 99=0, 99.9=0, 99.99=0] 
[OVERALL], RunTime(ms), 300800
[OVERALL], Throughput(ops/sec), 5462.400265957447
[TOTAL_GCS_G1_Young_Generation], Count, 138
[TOTAL_GC_TIME_G1_Young_Generation], Time(ms), 4003
[TOTAL_GC_TIME_%_G1_Young_Generation], Time(%), 1.330784574468085
[TOTAL_GCS_G1_Old_Generation], Count, 0
[TOTAL_GC_TIME_G1_Old_Generation], Time(ms), 0
[TOTAL_GC_TIME_%_G1_Old_Generation], Time(%), 0.0
[TOTAL_GCs], Count, 138
[TOTAL_GC_TIME], Time(ms), 4003
[TOTAL_GC_TIME_%], Time(%), 1.330784574468085
[READ], Operations, 1560021
[READ], AverageLatency(us), 43506.61805065445
[READ], MinLatency(us), 0
[READ], MaxLatency(us), 9953279
[READ], 95thPercentileLatency(us), 129407
[READ], 99thPercentileLatency(us), 581119
[READ], Return=OK, 1560021
[READ], Return=NOT_FOUND, 571
[CLEANUP], Operations, 256
[CLEANUP], AverageLatency(us), 30.6796875
[CLEANUP], MinLatency(us), 2
[CLEANUP], MaxLatency(us), 6535
[CLEANUP], 95thPercentileLatency(us), 13
[CLEANUP], 99thPercentileLatency(us), 23
[UPDATE], Operations, 82498
[UPDATE], AverageLatency(us), 68160.83011709375
[UPDATE], MinLatency(us), 1
[UPDATE], MaxLatency(us), 9510911
[UPDATE], 95thPercentileLatency(us), 211967
[UPDATE], 99thPercentileLatency(us), 1305599
[UPDATE], Return=OK, 82498
[READ-FAILED], Operations, 571
[READ-FAILED], AverageLatency(us), 12672.481611208406
[READ-FAILED], MinLatency(us), 1797
[READ-FAILED], MaxLatency(us), 619519
[READ-FAILED], 95thPercentileLatency(us), 27903
[READ-FAILED], 99thPercentileLatency(us), 153471
