Command line: -t -db pt.ulisboa.tecnico.sconekv.ycsb.SconeKVClient -P workloadb -threads 128 -s -p scone.tx_size=5 -p operationcount=10000000 -p maxexecutiontime=300
YCSB Client 0.17.0

Loading workload...
Starting test.
WARNING: sun.reflect.Reflection.getCallerClass is not supported. This will impact performance.
2020-09-09 15:06:26:700 0 sec: 0 operations; est completion in 0 second 
Maximum execution time specified as: 300 secs
DBWrapper: report latency for each error is false and specific error codes to track for latency are: []
DBWrapper: report latency for each error is false and specific error codes to track for latency are: []
DBWrapper: report latency for each error is false and specific error codes to track for latency are: []
DBWrapper: report latency for each error is false and specific error codes to track for latency are: []
DBWrapper: report latency for each error is false and specific error codes to track for latency are: []
DBWrapper: report latency for each error is false and specific error codes to track for latency are: []
DBWrapper: report latency for each error is false and specific error codes to track for latency are: []
DBWrapper: report latency for each error is false and specific error codes to track for latency are: []
DBWrapper: report latency for each error is false and specific error codes to track for latency are: []
DBWrapper: report latency for each error is false and specific error codes to track for latency are: []
DBWrapper: report latency for each error is false and specific error codes to track for latency are: []
DBWrapper: report latency for each error is false and specific error codes to track for latency are: []
DBWrapper: report latency for each error is false and specific error codes to track for latency are: []
DBWrapper: report latency for each error is false and specific error codes to track for latency are: []
DBWrapper: report latency for each error is false and specific error codes to track for latency are: []
DBWrapper: report latency for each error is false and specific error codes to track for latency are: []
DBWrapper: report latency for each error is false and specific error codes to track for latency are: []
DBWrapper: report latency for each error is false and specific error codes to track for latency are: []
DBWrapper: report latency for each error is false and specific error codes to track for latency are: []
DBWrapper: report latency for each error is false and specific error codes to track for latency are: []
DBWrapper: report latency for each error is false and specific error codes to track for latency are: []
DBWrapper: report latency for each error is false and specific error codes to track for latency are: []
DBWrapper: report latency for each error is false and specific error codes to track for latency are: []
DBWrapper: report latency for each error is false and specific error codes to track for latency are: []
DBWrapper: report latency for each error is false and specific error codes to track for latency are: []
DBWrapper: report latency for each error is false and specific error codes to track for latency are: []
DBWrapper: report latency for each error is false and specific error codes to track for latency are: []
DBWrapper: report latency for each error is false and specific error codes to track for latency are: []
DBWrapper: report latency for each error is false and specific error codes to track for latency are: []
DBWrapper: report latency for each error is false and specific error codes to track for latency are: []
DBWrapper: report latency for each error is false and specific error codes to track for latency are: []
DBWrapper: report latency for each error is false and specific error codes to track for latency are: []
DBWrapper: report latency for each error is false and specific error codes to track for latency are: []
DBWrapper: report latency for each error is false and specific error codes to track for latency are: []
DBWrapper: report latency for each error is false and specific error codes to track for latency are: []
DBWrapper: report latency for each error is false and specific error codes to track for latency are: []
DBWrapper: report latency for each error is false and specific error codes to track for latency are: []
DBWrapper: report latency for each error is false and specific error codes to track for latency are: []
DBWrapper: report latency for each error is false and specific error codes to track for latency are: []
DBWrapper: report latency for each error is false and specific error codes to track for latency are: []
DBWrapper: report latency for each error is false and specific error codes to track for latency are: []
DBWrapper: report latency for each error is false and specific error codes to track for latency are: []
DBWrapper: report latency for each error is false and specific error codes to track for latency are: []
DBWrapper: report latency for each error is false and specific error codes to track for latency are: []
DBWrapper: report latency for each error is false and specific error codes to track for latency are: []
DBWrapper: report latency for each error is false and specific error codes to track for latency are: []
DBWrapper: report latency for each error is false and specific error codes to track for latency are: []
DBWrapper: report latency for each error is false and specific error codes to track for latency are: []
DBWrapper: report latency for each error is false and specific error codes to track for latency are: []
DBWrapper: report latency for each error is false and specific error codes to track for latency are: []
DBWrapper: report latency for each error is false and specific error codes to track for latency are: []
DBWrapper: report latency for each error is false and specific error codes to track for latency are: []
DBWrapper: report latency for each error is false and specific error codes to track for latency are: []
DBWrapper: report latency for each error is false and specific error codes to track for latency are: []
DBWrapper: report latency for each error is false and specific error codes to track for latency are: []
DBWrapper: report latency for each error is false and specific error codes to track for latency are: []
DBWrapper: report latency for each error is false and specific error codes to track for latency are: []
DBWrapper: report latency for each error is false and specific error codes to track for latency are: []
DBWrapper: report latency for each error is false and specific error codes to track for latency are: []
DBWrapper: report latency for each error is false and specific error codes to track for latency are: []
DBWrapper: report latency for each error is false and specific error codes to track for latency are: []
DBWrapper: report latency for each error is false and specific error codes to track for latency are: []
DBWrapper: report latency for each error is false and specific error codes to track for latency are: []
DBWrapper: report latency for each error is false and specific error codes to track for latency are: []
DBWrapper: report latency for each error is false and specific error codes to track for latency are: []
DBWrapper: report latency for each error is false and specific error codes to track for latency are: []
DBWrapper: report latency for each error is false and specific error codes to track for latency are: []
DBWrapper: report latency for each error is false and specific error codes to track for latency are: []
DBWrapper: report latency for each error is false and specific error codes to track for latency are: []
DBWrapper: report latency for each error is false and specific error codes to track for latency are: []
DBWrapper: report latency for each error is false and specific error codes to track for latency are: []
DBWrapper: report latency for each error is false and specific error codes to track for latency are: []
DBWrapper: report latency for each error is false and specific error codes to track for latency are: []
DBWrapper: report latency for each error is false and specific error codes to track for latency are: []
DBWrapper: report latency for each error is false and specific error codes to track for latency are: []
DBWrapper: report latency for each error is false and specific error codes to track for latency are: []
DBWrapper: report latency for each error is false and specific error codes to track for latency are: []
DBWrapper: report latency for each error is false and specific error codes to track for latency are: []
DBWrapper: report latency for each error is false and specific error codes to track for latency are: []
DBWrapper: report latency for each error is false and specific error codes to track for latency are: []
DBWrapper: report latency for each error is false and specific error codes to track for latency are: []
DBWrapper: report latency for each error is false and specific error codes to track for latency are: []
DBWrapper: report latency for each error is false and specific error codes to track for latency are: []
DBWrapper: report latency for each error is false and specific error codes to track for latency are: []
2020-09-09 15:06:36:701 10 sec: 11081 operations; 1107.88 current ops/sec; est completion in 2 hours 30 minutes [READ: Count=10510, Max=841215, Min=1, Avg=37858.79, 90=82495, 99=407551, 99.9=609791, 99.99=818687] [UPDATE: Count=563, Max=636415, Min=75, Avg=34321.94, 90=80191, 99=210943, 99.9=566783, 99.99=636415] [READ-FAILED: Count=16, Max=164991, Min=2564, Avg=24406.06, 90=58719, 99=164991, 99.9=164991, 99.99=164991] 
DBWrapper: report latency for each error is false and specific error codes to track for latency are: []
DBWrapper: report latency for each error is false and specific error codes to track for latency are: []
DBWrapper: report latency for each error is false and specific error codes to track for latency are: []
DBWrapper: report latency for each error is false and specific error codes to track for latency are: []
DBWrapper: report latency for each error is false and specific error codes to track for latency are: []
DBWrapper: report latency for each error is false and specific error codes to track for latency are: []
DBWrapper: report latency for each error is false and specific error codes to track for latency are: []
DBWrapper: report latency for each error is false and specific error codes to track for latency are: []
DBWrapper: report latency for each error is false and specific error codes to track for latency are: []
DBWrapper: report latency for each error is false and specific error codes to track for latency are: []
DBWrapper: report latency for each error is false and specific error codes to track for latency are: []
DBWrapper: report latency for each error is false and specific error codes to track for latency are: []
DBWrapper: report latency for each error is false and specific error codes to track for latency are: []
DBWrapper: report latency for each error is false and specific error codes to track for latency are: []
DBWrapper: report latency for each error is false and specific error codes to track for latency are: []
DBWrapper: report latency for each error is false and specific error codes to track for latency are: []
DBWrapper: report latency for each error is false and specific error codes to track for latency are: []
DBWrapper: report latency for each error is false and specific error codes to track for latency are: []
DBWrapper: report latency for each error is false and specific error codes to track for latency are: []
DBWrapper: report latency for each error is false and specific error codes to track for latency are: []
DBWrapper: report latency for each error is false and specific error codes to track for latency are: []
DBWrapper: report latency for each error is false and specific error codes to track for latency are: []
DBWrapper: report latency for each error is false and specific error codes to track for latency are: []
2020-09-09 15:06:46:699 20 sec: 48619 operations; 3754.55 current ops/sec; est completion in 1 hour 8 minutes [READ: Count=35596, Max=2148351, Min=0, Avg=24172.35, 90=46239, 99=523007, 99.9=1013759, 99.99=1545215] [UPDATE: Count=1918, Max=2301951, Min=17, Avg=32791.27, 90=52767, 99=584703, 99.9=1182719, 99.99=2301951] [READ-FAILED: Count=26, Max=58207, Min=2224, Avg=8425.38, 90=14567, 99=58207, 99.9=58207, 99.99=58207] 
2020-09-09 15:06:56:699 30 sec: 96186 operations; 4756.7 current ops/sec; est completion in 51 minutes [READ: Count=45095, Max=2578431, Min=0, Avg=22123.61, 90=39199, 99=526335, 99.9=1160191, 99.99=2373631] [UPDATE: Count=2445, Max=2613247, Min=17, Avg=29474.84, 90=40127, 99=629247, 99.9=1604607, 99.99=2613247] [READ-FAILED: Count=28, Max=12231, Min=1893, Avg=5111.54, 90=8471, 99=12231, 99.9=12231, 99.99=12231] 
DBWrapper: report latency for each error is false and specific error codes to track for latency are: []
DBWrapper: report latency for each error is false and specific error codes to track for latency are: []
DBWrapper: report latency for each error is false and specific error codes to track for latency are: []
DBWrapper: report latency for each error is false and specific error codes to track for latency are: []
DBWrapper: report latency for each error is false and specific error codes to track for latency are: []
DBWrapper: report latency for each error is false and specific error codes to track for latency are: []
DBWrapper: report latency for each error is false and specific error codes to track for latency are: []
DBWrapper: report latency for each error is false and specific error codes to track for latency are: []
DBWrapper: report latency for each error is false and specific error codes to track for latency are: []
DBWrapper: report latency for each error is false and specific error codes to track for latency are: []
DBWrapper: report latency for each error is false and specific error codes to track for latency are: []
DBWrapper: report latency for each error is false and specific error codes to track for latency are: []
DBWrapper: report latency for each error is false and specific error codes to track for latency are: []
DBWrapper: report latency for each error is false and specific error codes to track for latency are: []
DBWrapper: report latency for each error is false and specific error codes to track for latency are: []
DBWrapper: report latency for each error is false and specific error codes to track for latency are: []
DBWrapper: report latency for each error is false and specific error codes to track for latency are: []
DBWrapper: report latency for each error is false and specific error codes to track for latency are: []
DBWrapper: report latency for each error is false and specific error codes to track for latency are: []
DBWrapper: report latency for each error is false and specific error codes to track for latency are: []
DBWrapper: report latency for each error is false and specific error codes to track for latency are: []
2020-09-09 15:07:06:699 40 sec: 143030 operations; 4684.4 current ops/sec; est completion in 45 minutes [READ: Count=44414, Max=3954687, Min=0, Avg=25065.32, 90=46239, 99=533503, 99.9=1060863, 99.99=2627583] [UPDATE: Count=2391, Max=3217407, Min=16, Avg=42126.84, 90=52895, 99=673791, 99.9=2547711, 99.99=3217407] [READ-FAILED: Count=34, Max=24527, Min=1625, Avg=6412.71, 90=13143, 99=24527, 99.9=24527, 99.99=24527] 
2020-09-09 15:07:16:699 50 sec: 195356 operations; 5232.6 current ops/sec; est completion in 41 minutes [READ: Count=49613, Max=2359295, Min=0, Avg=24156.74, 90=49087, 99=521727, 99.9=860671, 99.99=1660927] [UPDATE: Count=2661, Max=2684927, Min=15, Avg=29851.96, 90=48159, 99=595967, 99.9=1222655, 99.99=2684927] [READ-FAILED: Count=49, Max=84927, Min=2488, Avg=7844.9, 90=14207, 99=84927, 99.9=84927, 99.99=84927] 
2020-09-09 15:07:26:699 60 sec: 246483 operations; 5112.7 current ops/sec; est completion in 39 minutes [READ: Count=48524, Max=3559423, Min=1, Avg=24328.53, 90=45311, 99=530431, 99.9=1259519, 99.99=2625535] [UPDATE: Count=2566, Max=2760703, Min=14, Avg=36331.25, 90=50239, 99=653823, 99.9=1951743, 99.99=2760703] [READ-FAILED: Count=38, Max=28047, Min=2116, Avg=6301.08, 90=10775, 99=28047, 99.9=28047, 99.99=28047] 
2020-09-09 15:07:36:699 70 sec: 292906 operations; 4642.3 current ops/sec; est completion in 38 minutes [READ: Count=44052, Max=3235839, Min=0, Avg=27139.19, 90=43807, 99=534015, 99.9=1575935, 99.99=2762751] [UPDATE: Count=2320, Max=2752511, Min=10, Avg=39304.34, 90=47935, 99=594431, 99.9=2033663, 99.99=2752511] [READ-FAILED: Count=48, Max=145279, Min=1851, Avg=10265.98, 90=18543, 99=145279, 99.9=145279, 99.99=145279] 
2020-09-09 15:07:46:699 80 sec: 346899 operations; 5399.3 current ops/sec; est completion in 37 minutes [READ: Count=51251, Max=1596415, Min=0, Avg=22846.98, 90=48831, 99=495359, 99.9=863231, 99.99=1425407] [UPDATE: Count=2713, Max=1735679, Min=14, Avg=32632.42, 90=53759, 99=615423, 99.9=1422335, 99.99=1735679] [READ-FAILED: Count=32, Max=40959, Min=2204, Avg=7611.19, 90=13359, 99=40959, 99.9=40959, 99.99=40959] 
2020-09-09 15:07:56:699 90 sec: 388411 operations; 4151.2 current ops/sec; est completion in 37 minutes [READ: Count=39445, Max=4780031, Min=0, Avg=30003.43, 90=47935, 99=537087, 99.9=1699839, 99.99=4044799] [UPDATE: Count=2052, Max=4718591, Min=13, Avg=49356.27, 90=53343, 99=995839, 99.9=3244031, 99.99=4718591] [READ-FAILED: Count=26, Max=34367, Min=1697, Avg=6968.38, 90=14423, 99=34367, 99.9=34367, 99.99=34367] 
2020-09-09 15:08:06:699 100 sec: 438691 operations; 5028 current ops/sec; est completion in 36 minutes [READ: Count=47763, Max=3528703, Min=0, Avg=25228.2, 90=44767, 99=531967, 99.9=1784831, 99.99=2818047] [UPDATE: Count=2476, Max=3037183, Min=14, Avg=36556.51, 90=45951, 99=613375, 99.9=2324479, 99.99=3037183] [READ-FAILED: Count=29, Max=37631, Min=2182, Avg=7946.38, 90=14783, 99=37631, 99.9=37631, 99.99=37631] 
2020-09-09 15:08:16:699 110 sec: 492123 operations; 5343.2 current ops/sec; est completion in 35 minutes [READ: Count=50769, Max=3176447, Min=0, Avg=22836.27, 90=45855, 99=519167, 99.9=1077247, 99.99=2865151] [UPDATE: Count=2627, Max=3086335, Min=15, Avg=32299.38, 90=49535, 99=569855, 99.9=2220031, 99.99=3086335] [READ-FAILED: Count=35, Max=25647, Min=1519, Avg=5465.97, 90=9735, 99=25647, 99.9=25647, 99.99=25647] 
2020-09-09 15:08:26:699 120 sec: 537747 operations; 4562.4 current ops/sec; est completion in 35 minutes [READ: Count=43306, Max=3026943, Min=0, Avg=27084.01, 90=47167, 99=536575, 99.9=1594367, 99.99=2512895] [UPDATE: Count=2291, Max=3305471, Min=15, Avg=39338.45, 90=52127, 99=647679, 99.9=2738175, 99.99=3305471] [READ-FAILED: Count=26, Max=49535, Min=1751, Avg=10052.62, 90=21727, 99=49535, 99.9=49535, 99.99=49535] 
2020-09-09 15:08:36:699 130 sec: 588678 operations; 5093.1 current ops/sec; est completion in 34 minutes [READ: Count=48284, Max=3491839, Min=0, Avg=25319.35, 90=46207, 99=527359, 99.9=1557503, 99.99=2484223] [UPDATE: Count=2601, Max=2545663, Min=16, Avg=43160.23, 90=51647, 99=974847, 99.9=2158591, 99.99=2545663] [READ-FAILED: Count=49, Max=26975, Min=2028, Avg=5911.1, 90=9527, 99=26975, 99.9=26975, 99.99=26975] 
2020-09-09 15:08:46:699 140 sec: 630709 operations; 4203.1 current ops/sec; est completion in 34 minutes [READ: Count=39889, Max=2807807, Min=0, Avg=29601.01, 90=49823, 99=566271, 99.9=1220607, 99.99=2404351] [UPDATE: Count=2111, Max=3266559, Min=16, Avg=41555.23, 90=53887, 99=671231, 99.9=1593343, 99.99=3266559] [READ-FAILED: Count=28, Max=29183, Min=1751, Avg=7047.96, 90=13287, 99=29183, 99.9=29183, 99.99=29183] 
2020-09-09 15:08:56:699 150 sec: 681763 operations; 5105.4 current ops/sec; est completion in 34 minutes [READ: Count=48583, Max=2363391, Min=0, Avg=24428.19, 90=45375, 99=529919, 99.9=1163263, 99.99=2103295] [UPDATE: Count=2437, Max=3067903, Min=16, Avg=40505.7, 90=50559, 99=694783, 99.9=2295807, 99.99=3067903] [READ-FAILED: Count=37, Max=35775, Min=2009, Avg=7027.14, 90=15351, 99=35775, 99.9=35775, 99.99=35775] 
2020-09-09 15:09:06:699 160 sec: 737698 operations; 5593.5 current ops/sec; est completion in 33 minutes [READ: Count=53050, Max=2437119, Min=0, Avg=22681.32, 90=47807, 99=360447, 99.9=937471, 99.99=1837055] [UPDATE: Count=2847, Max=2416639, Min=16, Avg=29738.67, 90=51839, 99=552447, 99.9=1223679, 99.99=2416639] [READ-FAILED: Count=36, Max=20191, Min=2090, Avg=6221.5, 90=10255, 99=20191, 99.9=20191, 99.99=20191] 
2020-09-09 15:09:16:699 170 sec: 775079 operations; 3738.1 current ops/sec; est completion in 33 minutes [READ: Count=35543, Max=2398207, Min=0, Avg=32408.17, 90=56831, 99=561663, 99.9=1492991, 99.99=2044927] [UPDATE: Count=1818, Max=2828287, Min=18, Avg=49139.76, 90=65023, 99=865279, 99.9=1783807, 99.99=2828287] [READ-FAILED: Count=20, Max=42015, Min=2068, Avg=8752.1, 90=22799, 99=42015, 99.9=42015, 99.99=42015] 
2020-09-09 15:09:26:699 180 sec: 825837 operations; 5075.8 current ops/sec; est completion in 33 minutes [READ: Count=48199, Max=3567615, Min=0, Avg=25446.88, 90=45535, 99=533503, 99.9=1611775, 99.99=2985983] [UPDATE: Count=2522, Max=3551231, Min=16, Avg=36230.35, 90=47423, 99=596479, 99.9=2723839, 99.99=3551231] [READ-FAILED: Count=37, Max=33983, Min=1939, Avg=7087.86, 90=11719, 99=33983, 99.9=33983, 99.99=33983] 
2020-09-09 15:09:36:699 190 sec: 876882 operations; 5104.5 current ops/sec; est completion in 32 minutes [READ: Count=48493, Max=2484223, Min=0, Avg=24392.27, 90=47359, 99=531967, 99.9=1150975, 99.99=1691647] [UPDATE: Count=2521, Max=2449407, Min=1, Avg=33682.81, 90=50687, 99=588287, 99.9=1447935, 99.99=2449407] [READ-FAILED: Count=31, Max=44319, Min=2094, Avg=8290.45, 90=11831, 99=44319, 99.9=44319, 99.99=44319] 
2020-09-09 15:09:46:699 200 sec: 919171 operations; 4228.9 current ops/sec; est completion in 32 minutes [READ: Count=40135, Max=2748415, Min=0, Avg=28453.32, 90=53503, 99=548351, 99.9=1219583, 99.99=2383871] [UPDATE: Count=2128, Max=2985983, Min=18, Avg=42873, 90=57183, 99=688639, 99.9=2656255, 99.99=2985983] [READ-FAILED: Count=30, Max=96383, Min=1819, Avg=7866.8, 90=10111, 99=96383, 99.9=96383, 99.99=96383] 
2020-09-09 15:09:56:699 210 sec: 968799 operations; 4962.8 current ops/sec; est completion in 32 minutes [READ: Count=47169, Max=4481023, Min=0, Avg=25272.81, 90=48223, 99=533503, 99.9=1282047, 99.99=3743743] [UPDATE: Count=2418, Max=4640767, Min=16, Avg=40401.22, 90=51519, 99=674303, 99.9=3258367, 99.99=4640767] [READ-FAILED: Count=37, Max=40543, Min=1744, Avg=7514.54, 90=14247, 99=40543, 99.9=40543, 99.99=40543] 
2020-09-09 15:10:06:699 220 sec: 1015628 operations; 4682.9 current ops/sec; est completion in 32 minutes [READ: Count=44479, Max=3319807, Min=0, Avg=27727.26, 90=50047, 99=544255, 99.9=1386495, 99.99=2945023] [UPDATE: Count=2319, Max=3143679, Min=17, Avg=38897.08, 90=56159, 99=590847, 99.9=2514943, 99.99=3143679] [READ-FAILED: Count=32, Max=119871, Min=2252, Avg=10314.94, 90=12511, 99=119871, 99.9=119871, 99.99=119871] 
2020-09-09 15:10:16:699 230 sec: 1063021 operations; 4739.3 current ops/sec; est completion in 32 minutes [READ: Count=45023, Max=3661823, Min=0, Avg=26530.5, 90=49919, 99=529919, 99.9=1338367, 99.99=2762751] [UPDATE: Count=2339, Max=2379775, Min=16, Avg=35109.8, 90=54271, 99=571391, 99.9=1683455, 99.99=2379775] [READ-FAILED: Count=30, Max=14559, Min=1920, Avg=5483.93, 90=9111, 99=14559, 99.9=14559, 99.99=14559] 
2020-09-09 15:10:26:699 240 sec: 1112231 operations; 4921 current ops/sec; est completion in 31 minutes [READ: Count=46770, Max=1992703, Min=0, Avg=25484.88, 90=49439, 99=534015, 99.9=1015807, 99.99=1745919] [UPDATE: Count=2400, Max=1960959, Min=17, Avg=36578.9, 90=54719, 99=585215, 99.9=1816575, 99.99=1960959] [READ-FAILED: Count=40, Max=21791, Min=1880, Avg=5567.95, 90=8639, 99=21791, 99.9=21791, 99.99=21791] 
2020-09-09 15:10:36:699 250 sec: 1158483 operations; 4625.2 current ops/sec; est completion in 31 minutes [READ: Count=43896, Max=3352575, Min=0, Avg=26871.12, 90=44479, 99=544255, 99.9=1723391, 99.99=3117055] [UPDATE: Count=2319, Max=3239935, Min=6, Avg=38385.92, 90=47871, 99=683007, 99.9=2224127, 99.99=3239935] [READ-FAILED: Count=38, Max=32271, Min=1628, Avg=7135.89, 90=11375, 99=32271, 99.9=32271, 99.99=32271] 
2020-09-09 15:10:46:699 260 sec: 1206485 operations; 4799.72 current ops/sec; est completion in 31 minutes [READ: Count=45513, Max=3786751, Min=0, Avg=26568.13, 90=50239, 99=528383, 99.9=1852415, 99.99=2830335] [UPDATE: Count=2454, Max=2646015, Min=4, Avg=33875.43, 90=51935, 99=545279, 99.9=2234367, 99.99=2646015] [READ-FAILED: Count=32, Max=30751, Min=1681, Avg=5531.72, 90=9487, 99=30751, 99.9=30751, 99.99=30751] 
2020-09-09 15:10:56:699 270 sec: 1254138 operations; 4765.78 current ops/sec; est completion in 31 minutes [READ: Count=45274, Max=4730879, Min=0, Avg=26376.86, 90=44863, 99=535039, 99.9=1335295, 99.99=3766271] [UPDATE: Count=2348, Max=3688447, Min=6, Avg=36654.01, 90=47615, 99=589823, 99.9=2969599, 99.99=3688447] [READ-FAILED: Count=36, Max=455679, Min=2390, Avg=21517.25, 90=10503, 99=455679, 99.9=455679, 99.99=455679] 
2020-09-09 15:11:06:699 280 sec: 1300542 operations; 4640.4 current ops/sec; est completion in 31 minutes [READ: Count=44080, Max=3422207, Min=0, Avg=26485.25, 90=43967, 99=547839, 99.9=1353727, 99.99=2410495] [UPDATE: Count=2293, Max=2811903, Min=2, Avg=43489.98, 90=51199, 99=776703, 99.9=2373631, 99.99=2811903] [READ-FAILED: Count=28, Max=22367, Min=1954, Avg=5521.07, 90=9647, 99=22367, 99.9=22367, 99.99=22367] 
2020-09-09 15:11:16:699 290 sec: 1348481 operations; 4793.9 current ops/sec; est completion in 31 minutes [READ: Count=45534, Max=3026943, Min=0, Avg=26238.96, 90=53311, 99=534527, 99.9=891391, 99.99=2379775] [UPDATE: Count=2369, Max=2096127, Min=4, Avg=29277.89, 90=50591, 99=550911, 99.9=1429503, 99.99=2096127] [READ-FAILED: Count=35, Max=30287, Min=1921, Avg=7389.34, 90=17071, 99=30287, 99.9=30287, 99.99=30287] 
2020-09-09 15:11:26:699 300 sec: 1393124 operations; 4464.3 current ops/sec; est completion in 30 minutes [READ: Count=42414, Max=2906111, Min=0, Avg=28645.25, 90=56543, 99=539135, 99.9=1159167, 99.99=2455551] [UPDATE: Count=2207, Max=3080191, Min=5, Avg=40718.69, 90=61311, 99=693247, 99.9=2136063, 99.99=3080191] [READ-FAILED: Count=26, Max=59231, Min=2246, Avg=8219.81, 90=13983, 99=59231, 99.9=59231, 99.99=59231] 
Maximum time elapsed. Requesting stop for the workload.
Stop requested for workload. Now Joining!
[36m15:11:27.361[m [[34;1mINFO[m] [1;34mp.u.t.s.y.Stats.clientFinished@38[m: 
Ended SconeKV benchmark.
Number of clients: 128
Total transactions: 277303
Committed: 257300 (92.78659%)
Aborted: 20003 (7.2134094%)
2020-09-09 15:11:27:364 300 sec: 1393832 operations; 1066.27 current ops/sec; est completion in 30 minutes [READ: Count=663, Max=1148927, Min=6, Avg=61110.04, 90=146687, 99=770047, 99.9=1055743, 99.99=1148927] [CLEANUP: Count=128, Max=1701, Min=2, Avg=16.49, 90=4, 99=53, 99.9=1701, 99.99=1701] [UPDATE: Count=38, Max=810495, Min=2062, Avg=44960.89, 90=82751, 99=810495, 99.9=810495, 99.99=810495] [READ-FAILED: Count=2, Max=13007, Min=5072, Avg=9039, 90=13007, 99=13007, 99.9=13007, 99.99=13007] 
[OVERALL], RunTime(ms), 300659
[OVERALL], Throughput(ops/sec), 4635.923088947944
[TOTAL_GCS_G1_Young_Generation], Count, 165
[TOTAL_GC_TIME_G1_Young_Generation], Time(ms), 2602
[TOTAL_GC_TIME_%_G1_Young_Generation], Time(%), 0.8654322671198932
[TOTAL_GCS_G1_Old_Generation], Count, 0
[TOTAL_GC_TIME_G1_Old_Generation], Time(ms), 0
[TOTAL_GC_TIME_%_G1_Old_Generation], Time(%), 0.0
[TOTAL_GCs], Count, 165
[TOTAL_GC_TIME], Time(ms), 2602
[TOTAL_GC_TIME_%], Time(%), 0.8654322671198932
[READ], Operations, 1323329
[READ], AverageLatency(us), 25953.037114731105
[READ], MinLatency(us), 0
[READ], MaxLatency(us), 4780031
[READ], 95thPercentileLatency(us), 72063
[READ], 99thPercentileLatency(us), 535039
[READ], Return=OK, 1323329
[READ], Return=NOT_FOUND, 991
[CLEANUP], Operations, 128
[CLEANUP], AverageLatency(us), 16.4921875
[CLEANUP], MinLatency(us), 2
[CLEANUP], MaxLatency(us), 1701
[CLEANUP], 95thPercentileLatency(us), 4
[CLEANUP], 99thPercentileLatency(us), 53
[UPDATE], Operations, 69512
[UPDATE], AverageLatency(us), 37274.7913166072
[UPDATE], MinLatency(us), 1
[UPDATE], MaxLatency(us), 4718591
[UPDATE], 95thPercentileLatency(us), 93439
[UPDATE], 99thPercentileLatency(us), 640511
[UPDATE], Return=OK, 69512
[READ-FAILED], Operations, 991
[READ-FAILED], AverageLatency(us), 8031.8930373360245
[READ-FAILED], MinLatency(us), 1519
[READ-FAILED], MaxLatency(us), 455679
[READ-FAILED], 95thPercentileLatency(us), 21791
[READ-FAILED], 99thPercentileLatency(us), 58207
