Command line: -t -db pt.ulisboa.tecnico.sconekv.ycsb.SconeKVClient -P workloadc -threads 32 -s -p scone.tx_size=5 -p operationcount=10000000 -p maxexecutiontime=300
YCSB Client 0.17.0

Loading workload...
Starting test.
WARNING: sun.reflect.Reflection.getCallerClass is not supported. This will impact performance.
2020-09-29 13:28:17:001 0 sec: 0 operations; est completion in 0 second 
Maximum execution time specified as: 300 secs
DBWrapper: report latency for each error is false and specific error codes to track for latency are: []
DBWrapper: report latency for each error is false and specific error codes to track for latency are: []
DBWrapper: report latency for each error is false and specific error codes to track for latency are: []
DBWrapper: report latency for each error is false and specific error codes to track for latency are: []
DBWrapper: report latency for each error is false and specific error codes to track for latency are: []
DBWrapper: report latency for each error is false and specific error codes to track for latency are: []
DBWrapper: report latency for each error is false and specific error codes to track for latency are: []
DBWrapper: report latency for each error is false and specific error codes to track for latency are: []
DBWrapper: report latency for each error is false and specific error codes to track for latency are: []
DBWrapper: report latency for each error is false and specific error codes to track for latency are: []
DBWrapper: report latency for each error is false and specific error codes to track for latency are: []
DBWrapper: report latency for each error is false and specific error codes to track for latency are: []
DBWrapper: report latency for each error is false and specific error codes to track for latency are: []
DBWrapper: report latency for each error is false and specific error codes to track for latency are: []
DBWrapper: report latency for each error is false and specific error codes to track for latency are: []
DBWrapper: report latency for each error is false and specific error codes to track for latency are: []
DBWrapper: report latency for each error is false and specific error codes to track for latency are: []
DBWrapper: report latency for each error is false and specific error codes to track for latency are: []
DBWrapper: report latency for each error is false and specific error codes to track for latency are: []
DBWrapper: report latency for each error is false and specific error codes to track for latency are: []
DBWrapper: report latency for each error is false and specific error codes to track for latency are: []
DBWrapper: report latency for each error is false and specific error codes to track for latency are: []
DBWrapper: report latency for each error is false and specific error codes to track for latency are: []
DBWrapper: report latency for each error is false and specific error codes to track for latency are: []
DBWrapper: report latency for each error is false and specific error codes to track for latency are: []
DBWrapper: report latency for each error is false and specific error codes to track for latency are: []
DBWrapper: report latency for each error is false and specific error codes to track for latency are: []
DBWrapper: report latency for each error is false and specific error codes to track for latency are: []
DBWrapper: report latency for each error is false and specific error codes to track for latency are: []
DBWrapper: report latency for each error is false and specific error codes to track for latency are: []
DBWrapper: report latency for each error is false and specific error codes to track for latency are: []
DBWrapper: report latency for each error is false and specific error codes to track for latency are: []
2020-09-29 13:28:27:002 10 sec: 16975 operations; 1697.33 current ops/sec; est completion in 1 hour 38 minutes [READ: Count=16960, Max=602623, Min=3, Avg=14125.3, 90=25567, 99=94143, 99.9=550399, 99.99=586751] [READ-FAILED: Count=19, Max=40863, Min=1815, Avg=6901, 90=12703, 99=40863, 99.9=40863, 99.99=40863] 
2020-09-29 13:28:37:001 20 sec: 48604 operations; 3163.22 current ops/sec; est completion in 1 hour 8 minutes [READ: Count=31580, Max=591359, Min=3, Avg=10244.32, 90=20559, 99=58527, 99.9=536063, 99.99=574975] [READ-FAILED: Count=47, Max=7659, Min=2066, Avg=3202.09, 90=4175, 99=7659, 99.9=7659, 99.99=7659] 
2020-09-29 13:28:47:001 30 sec: 79885 operations; 3128.1 current ops/sec; est completion in 1 hour 2 minutes [READ: Count=31239, Max=587263, Min=2, Avg=10327.13, 90=21647, 99=53535, 99.9=562175, 99.99=575487] [READ-FAILED: Count=40, Max=11143, Min=1585, Avg=3274.28, 90=4819, 99=11143, 99.9=11143, 99.99=11143] 
2020-09-29 13:28:57:001 40 sec: 111577 operations; 3169.2 current ops/sec; est completion in 59 minutes [READ: Count=31667, Max=601087, Min=3, Avg=10059.71, 90=21071, 99=61119, 99.9=533503, 99.99=585727] [READ-FAILED: Count=29, Max=28127, Min=2090, Avg=3733.66, 90=3597, 99=28127, 99.9=28127, 99.99=28127] 
2020-09-29 13:29:07:001 50 sec: 143452 operations; 3187.5 current ops/sec; est completion in 57 minutes [READ: Count=31836, Max=575999, Min=3, Avg=9929.59, 90=21375, 99=55743, 99.9=540671, 99.99=571391] [READ-FAILED: Count=36, Max=7735, Min=1771, Avg=3468.97, 90=4607, 99=7735, 99.9=7735, 99.99=7735] 
2020-09-29 13:29:17:001 60 sec: 171713 operations; 2826.1 current ops/sec; est completion in 57 minutes [READ: Count=28228, Max=589823, Min=3, Avg=11440.96, 90=20703, 99=73599, 99.9=550399, 99.99=584703] [READ-FAILED: Count=33, Max=33247, Min=1478, Avg=4201.76, 90=6127, 99=33247, 99.9=33247, 99.99=33247] 
2020-09-29 13:29:27:001 70 sec: 202268 operations; 3055.5 current ops/sec; est completion in 56 minutes [READ: Count=30519, Max=582655, Min=3, Avg=10387.1, 90=20575, 99=68031, 99.9=532479, 99.99=573951] [READ-FAILED: Count=36, Max=12775, Min=2026, Avg=3307.58, 90=4035, 99=12775, 99.9=12775, 99.99=12775] 
2020-09-29 13:29:37:001 80 sec: 232582 operations; 3031.4 current ops/sec; est completion in 56 minutes [READ: Count=30277, Max=591359, Min=3, Avg=10705.16, 90=21759, 99=60959, 99.9=562175, 99.99=588287] [READ-FAILED: Count=39, Max=17439, Min=1554, Avg=3676.82, 90=4679, 99=17439, 99.9=17439, 99.99=17439] 
2020-09-29 13:29:47:001 90 sec: 262158 operations; 2957.6 current ops/sec; est completion in 55 minutes [READ: Count=29529, Max=820735, Min=3, Avg=10790.42, 90=22527, 99=58143, 99.9=536063, 99.99=589823] [READ-FAILED: Count=45, Max=15231, Min=1543, Avg=3938.82, 90=6767, 99=15231, 99.9=15231, 99.99=15231] 
2020-09-29 13:29:57:001 100 sec: 291921 operations; 2976.3 current ops/sec; est completion in 55 minutes [READ: Count=29730, Max=586751, Min=2, Avg=10720.3, 90=19791, 99=70975, 99.9=537599, 99.99=571903] [READ-FAILED: Count=34, Max=75519, Min=1860, Avg=7033.35, 90=6015, 99=75519, 99.9=75519, 99.99=75519] 
2020-09-29 13:30:07:001 110 sec: 323853 operations; 3193.2 current ops/sec; est completion in 54 minutes [READ: Count=31887, Max=603135, Min=2, Avg=9974.08, 90=21039, 99=56767, 99.9=552959, 99.99=595967] [READ-FAILED: Count=46, Max=11631, Min=1563, Avg=3202.13, 90=4427, 99=11631, 99.9=11631, 99.99=11631] 
2020-09-29 13:30:17:001 120 sec: 351643 operations; 2779 current ops/sec; est completion in 54 minutes [READ: Count=27764, Max=596991, Min=3, Avg=11630.36, 90=21967, 99=69183, 99.9=542719, 99.99=588287] [READ-FAILED: Count=25, Max=16015, Min=1873, Avg=3941.08, 90=7655, 99=16015, 99.9=16015, 99.99=16015] 
2020-09-29 13:30:27:001 130 sec: 383234 operations; 3159.1 current ops/sec; est completion in 54 minutes [READ: Count=31553, Max=589823, Min=3, Avg=10171.79, 90=20175, 99=59839, 99.9=535551, 99.99=580095] [READ-FAILED: Count=39, Max=5635, Min=1634, Avg=2956.31, 90=4531, 99=5635, 99.9=5635, 99.99=5635] 
2020-09-29 13:30:37:001 140 sec: 415286 operations; 3205.2 current ops/sec; est completion in 53 minutes [READ: Count=32007, Max=648191, Min=2, Avg=9939.28, 90=20815, 99=53503, 99.9=536063, 99.99=577023] [READ-FAILED: Count=43, Max=7595, Min=1595, Avg=3238.58, 90=4699, 99=7595, 99.9=7595, 99.99=7595] 
2020-09-29 13:30:47:001 150 sec: 443252 operations; 2796.6 current ops/sec; est completion in 53 minutes [READ: Count=27933, Max=585727, Min=3, Avg=11484.93, 90=22207, 99=76607, 99.9=561663, 99.99=582655] [READ-FAILED: Count=32, Max=25599, Min=1915, Avg=3888.31, 90=6631, 99=25599, 99.9=25599, 99.99=25599] 
2020-09-29 13:30:57:001 160 sec: 474961 operations; 3170.9 current ops/sec; est completion in 53 minutes [READ: Count=31673, Max=583679, Min=3, Avg=10101.57, 90=20431, 99=58911, 99.9=530431, 99.99=574975] [READ-FAILED: Count=37, Max=7239, Min=1753, Avg=2784.05, 90=3675, 99=7239, 99.9=7239, 99.99=7239] 
2020-09-29 13:31:07:001 170 sec: 505948 operations; 3098.7 current ops/sec; est completion in 53 minutes [READ: Count=30944, Max=587775, Min=2, Avg=10256.57, 90=20463, 99=62751, 99.9=555519, 99.99=570367] [READ-FAILED: Count=42, Max=29535, Min=1641, Avg=4440.1, 90=6087, 99=29535, 99.9=29535, 99.99=29535] 
2020-09-29 13:31:17:001 180 sec: 535963 operations; 3001.5 current ops/sec; est completion in 52 minutes [READ: Count=29983, Max=574463, Min=3, Avg=10668.77, 90=20703, 99=65471, 99.9=538111, 99.99=567295] [READ-FAILED: Count=32, Max=8751, Min=1640, Avg=2732.75, 90=3277, 99=8751, 99.9=8751, 99.99=8751] 
2020-09-29 13:31:27:001 190 sec: 568154 operations; 3219.1 current ops/sec; est completion in 52 minutes [READ: Count=32151, Max=588287, Min=2, Avg=9828.1, 90=20479, 99=62655, 99.9=541695, 99.99=582655] [READ-FAILED: Count=42, Max=43871, Min=1752, Avg=4664.12, 90=7939, 99=43871, 99.9=43871, 99.99=43871] 
2020-09-29 13:31:37:001 200 sec: 598696 operations; 3054.2 current ops/sec; est completion in 52 minutes [READ: Count=30513, Max=605695, Min=3, Avg=10591.8, 90=20991, 99=60031, 99.9=540671, 99.99=594431] [READ-FAILED: Count=30, Max=24175, Min=1619, Avg=4065.23, 90=5607, 99=24175, 99.9=24175, 99.99=24175] 
2020-09-29 13:31:47:001 210 sec: 627672 operations; 2897.6 current ops/sec; est completion in 52 minutes [READ: Count=28935, Max=988671, Min=3, Avg=11046.45, 90=21535, 99=66815, 99.9=555007, 99.99=600575] [READ-FAILED: Count=38, Max=19183, Min=1746, Avg=3372.11, 90=4439, 99=19183, 99.9=19183, 99.99=19183] 
2020-09-29 13:31:57:001 220 sec: 660551 operations; 3287.9 current ops/sec; est completion in 51 minutes [READ: Count=32842, Max=589823, Min=3, Avg=9794.65, 90=20559, 99=52543, 99.9=543231, 99.99=572415] [READ-FAILED: Count=38, Max=76159, Min=1723, Avg=5235.89, 90=5919, 99=76159, 99.9=76159, 99.99=76159] 
2020-09-29 13:32:07:001 230 sec: 691063 operations; 3051.2 current ops/sec; est completion in 51 minutes [READ: Count=30478, Max=942591, Min=2, Avg=10446.77, 90=20575, 99=63583, 99.9=533503, 99.99=570879] [READ-FAILED: Count=36, Max=19535, Min=1806, Avg=3856.03, 90=5367, 99=19535, 99.9=19535, 99.99=19535] 
2020-09-29 13:32:17:001 240 sec: 720323 operations; 2926 current ops/sec; est completion in 51 minutes [READ: Count=29231, Max=575999, Min=3, Avg=10967.49, 90=21551, 99=68799, 99.9=537599, 99.99=566271] [READ-FAILED: Count=32, Max=7155, Min=1952, Avg=3083.28, 90=4087, 99=7155, 99.9=7155, 99.99=7155] 
2020-09-29 13:32:27:001 250 sec: 751054 operations; 3073.1 current ops/sec; est completion in 51 minutes [READ: Count=30693, Max=582143, Min=3, Avg=10372.7, 90=19871, 99=58079, 99.9=541695, 99.99=578047] [READ-FAILED: Count=36, Max=9791, Min=1656, Avg=3298.36, 90=4351, 99=9791, 99.9=9791, 99.99=9791] 
2020-09-29 13:32:37:001 260 sec: 781830 operations; 3077.6 current ops/sec; est completion in 51 minutes [READ: Count=30736, Max=569343, Min=3, Avg=10461.63, 90=20831, 99=60447, 99.9=533503, 99.99=567807] [READ-FAILED: Count=36, Max=7215, Min=1737, Avg=2938.81, 90=3755, 99=7215, 99.9=7215, 99.99=7215] 
2020-09-29 13:32:47:001 270 sec: 809782 operations; 2795.2 current ops/sec; est completion in 51 minutes [READ: Count=27920, Max=587775, Min=3, Avg=11353.91, 90=22223, 99=68671, 99.9=555519, 99.99=581119] [READ-FAILED: Count=32, Max=15855, Min=1892, Avg=3263.66, 90=4787, 99=15855, 99.9=15855, 99.99=15855] 
2020-09-29 13:32:57:001 280 sec: 842526 operations; 3274.4 current ops/sec; est completion in 50 minutes [READ: Count=32710, Max=574463, Min=3, Avg=9843.39, 90=20319, 99=51455, 99.9=540671, 99.99=565247] [READ-FAILED: Count=35, Max=15103, Min=1600, Avg=3100.97, 90=3353, 99=15103, 99.9=15103, 99.99=15103] 
2020-09-29 13:33:07:001 290 sec: 873307 operations; 3077.79 current ops/sec; est completion in 50 minutes [READ: Count=30752, Max=588799, Min=2, Avg=10247.96, 90=21791, 99=53855, 99.9=537599, 99.99=561151] [READ-FAILED: Count=31, Max=9143, Min=1822, Avg=3447.87, 90=5999, 99=9143, 99.9=9143, 99.99=9143] 
2020-09-29 13:33:17:001 300 sec: 902498 operations; 2919.39 current ops/sec; est completion in 50 minutes [READ: Count=29156, Max=642047, Min=3, Avg=11095.07, 90=21663, 99=61439, 99.9=540159, 99.99=567807] [READ-FAILED: Count=34, Max=9519, Min=1939, Avg=3208, 90=4659, 99=9519, 99.9=9519, 99.99=9519] 
Maximum time elapsed. Requesting stop for the workload.
Stop requested for workload. Now Joining!
[36m13:33:17.414[m [[34;1mINFO[m] [1;34mp.u.t.s.y.Stats.clientFinished@38[m: 
Ended SconeKV benchmark.
Number of clients: 32
Total transactions: 179561
Committed: 179561 (100.0%)
Aborted: 0 (0.0%)
2020-09-29 13:33:17:416 300 sec: 902719 operations; 531.25 current ops/sec; est completion in 50 minutes [READ: Count=219, Max=521215, Min=1578, Avg=25255.68, 90=22591, 99=519423, 99.9=521215, 99.99=521215] [CLEANUP: Count=32, Max=1442, Min=2, Avg=49.66, 90=7, 99=1442, 99.9=1442, 99.99=1442] [READ-FAILED: Count=0, Max=0, Min=9223372036854775807, Avg=NaN, 90=0, 99=0, 99.9=0, 99.99=0] 
[OVERALL], RunTime(ms), 300416
[OVERALL], Throughput(ops/sec), 3004.8965434597358
[TOTAL_GCS_G1_Young_Generation], Count, 138
[TOTAL_GC_TIME_G1_Young_Generation], Time(ms), 1050
[TOTAL_GC_TIME_%_G1_Young_Generation], Time(%), 0.349515338730294
[TOTAL_GCS_G1_Old_Generation], Count, 0
[TOTAL_GC_TIME_G1_Old_Generation], Time(ms), 0
[TOTAL_GC_TIME_%_G1_Old_Generation], Time(%), 0.0
[TOTAL_GCs], Count, 138
[TOTAL_GC_TIME], Time(ms), 1050
[TOTAL_GC_TIME_%], Time(%), 0.349515338730294
[READ], Operations, 901645
[READ], AverageLatency(us), 10561.09632061399
[READ], MinLatency(us), 2
[READ], MaxLatency(us), 988671
[READ], 95thPercentileLatency(us), 26111
[READ], 99thPercentileLatency(us), 62175
[READ], Return=OK, 901645
[READ], Return=NOT_FOUND, 1074
[CLEANUP], Operations, 32
[CLEANUP], AverageLatency(us), 49.65625
[CLEANUP], MinLatency(us), 2
[CLEANUP], MaxLatency(us), 1442
[CLEANUP], 95thPercentileLatency(us), 12
[CLEANUP], 99thPercentileLatency(us), 1442
[READ-FAILED], Operations, 1074
[READ-FAILED], AverageLatency(us), 3725.236499068901
[READ-FAILED], MinLatency(us), 1478
[READ-FAILED], MaxLatency(us), 76159
[READ-FAILED], 95thPercentileLatency(us), 7619
[READ-FAILED], 99thPercentileLatency(us), 19183
