Command line: -t -db pt.ulisboa.tecnico.sconekv.ycsb.SconeKVClient -P workloadf -threads 256 -s -p scone.tx_size=5 -p operationcount=10000000 -p maxexecutiontime=300
YCSB Client 0.17.0

Loading workload...
Starting test.
WARNING: sun.reflect.Reflection.getCallerClass is not supported. This will impact performance.
2020-09-10 11:34:51:200 0 sec: 0 operations; est completion in 0 second 
Maximum execution time specified as: 300 secs
DBWrapper: report latency for each error is false and specific error codes to track for latency are: []
DBWrapper: report latency for each error is false and specific error codes to track for latency are: []
DBWrapper: report latency for each error is false and specific error codes to track for latency are: []
DBWrapper: report latency for each error is false and specific error codes to track for latency are: []
DBWrapper: report latency for each error is false and specific error codes to track for latency are: []
DBWrapper: report latency for each error is false and specific error codes to track for latency are: []
DBWrapper: report latency for each error is false and specific error codes to track for latency are: []
DBWrapper: report latency for each error is false and specific error codes to track for latency are: []
DBWrapper: report latency for each error is false and specific error codes to track for latency are: []
DBWrapper: report latency for each error is false and specific error codes to track for latency are: []
DBWrapper: report latency for each error is false and specific error codes to track for latency are: []
DBWrapper: report latency for each error is false and specific error codes to track for latency are: []
DBWrapper: report latency for each error is false and specific error codes to track for latency are: []
DBWrapper: report latency for each error is false and specific error codes to track for latency are: []
DBWrapper: report latency for each error is false and specific error codes to track for latency are: []
DBWrapper: report latency for each error is false and specific error codes to track for latency are: []
DBWrapper: report latency for each error is false and specific error codes to track for latency are: []
DBWrapper: report latency for each error is false and specific error codes to track for latency are: []
DBWrapper: report latency for each error is false and specific error codes to track for latency are: []
DBWrapper: report latency for each error is false and specific error codes to track for latency are: []
DBWrapper: report latency for each error is false and specific error codes to track for latency are: []
DBWrapper: report latency for each error is false and specific error codes to track for latency are: []
DBWrapper: report latency for each error is false and specific error codes to track for latency are: []
DBWrapper: report latency for each error is false and specific error codes to track for latency are: []
DBWrapper: report latency for each error is false and specific error codes to track for latency are: []
DBWrapper: report latency for each error is false and specific error codes to track for latency are: []
DBWrapper: report latency for each error is false and specific error codes to track for latency are: []
DBWrapper: report latency for each error is false and specific error codes to track for latency are: []
DBWrapper: report latency for each error is false and specific error codes to track for latency are: []
DBWrapper: report latency for each error is false and specific error codes to track for latency are: []
DBWrapper: report latency for each error is false and specific error codes to track for latency are: []
DBWrapper: report latency for each error is false and specific error codes to track for latency are: []
DBWrapper: report latency for each error is false and specific error codes to track for latency are: []
DBWrapper: report latency for each error is false and specific error codes to track for latency are: []
DBWrapper: report latency for each error is false and specific error codes to track for latency are: []
DBWrapper: report latency for each error is false and specific error codes to track for latency are: []
DBWrapper: report latency for each error is false and specific error codes to track for latency are: []
DBWrapper: report latency for each error is false and specific error codes to track for latency are: []
DBWrapper: report latency for each error is false and specific error codes to track for latency are: []
DBWrapper: report latency for each error is false and specific error codes to track for latency are: []
DBWrapper: report latency for each error is false and specific error codes to track for latency are: []
DBWrapper: report latency for each error is false and specific error codes to track for latency are: []
DBWrapper: report latency for each error is false and specific error codes to track for latency are: []
DBWrapper: report latency for each error is false and specific error codes to track for latency are: []
DBWrapper: report latency for each error is false and specific error codes to track for latency are: []
DBWrapper: report latency for each error is false and specific error codes to track for latency are: []
DBWrapper: report latency for each error is false and specific error codes to track for latency are: []
DBWrapper: report latency for each error is false and specific error codes to track for latency are: []
DBWrapper: report latency for each error is false and specific error codes to track for latency are: []
DBWrapper: report latency for each error is false and specific error codes to track for latency are: []
DBWrapper: report latency for each error is false and specific error codes to track for latency are: []
DBWrapper: report latency for each error is false and specific error codes to track for latency are: []
DBWrapper: report latency for each error is false and specific error codes to track for latency are: []
DBWrapper: report latency for each error is false and specific error codes to track for latency are: []
DBWrapper: report latency for each error is false and specific error codes to track for latency are: []
DBWrapper: report latency for each error is false and specific error codes to track for latency are: []
DBWrapper: report latency for each error is false and specific error codes to track for latency are: []
DBWrapper: report latency for each error is false and specific error codes to track for latency are: []
DBWrapper: report latency for each error is false and specific error codes to track for latency are: []
DBWrapper: report latency for each error is false and specific error codes to track for latency are: []
DBWrapper: report latency for each error is false and specific error codes to track for latency are: []
DBWrapper: report latency for each error is false and specific error codes to track for latency are: []
DBWrapper: report latency for each error is false and specific error codes to track for latency are: []
DBWrapper: report latency for each error is false and specific error codes to track for latency are: []
DBWrapper: report latency for each error is false and specific error codes to track for latency are: []
DBWrapper: report latency for each error is false and specific error codes to track for latency are: []
DBWrapper: report latency for each error is false and specific error codes to track for latency are: []
DBWrapper: report latency for each error is false and specific error codes to track for latency are: []
DBWrapper: report latency for each error is false and specific error codes to track for latency are: []
DBWrapper: report latency for each error is false and specific error codes to track for latency are: []
DBWrapper: report latency for each error is false and specific error codes to track for latency are: []
DBWrapper: report latency for each error is false and specific error codes to track for latency are: []
DBWrapper: report latency for each error is false and specific error codes to track for latency are: []
DBWrapper: report latency for each error is false and specific error codes to track for latency are: []
DBWrapper: report latency for each error is false and specific error codes to track for latency are: []
DBWrapper: report latency for each error is false and specific error codes to track for latency are: []
DBWrapper: report latency for each error is false and specific error codes to track for latency are: []
DBWrapper: report latency for each error is false and specific error codes to track for latency are: []
DBWrapper: report latency for each error is false and specific error codes to track for latency are: []
DBWrapper: report latency for each error is false and specific error codes to track for latency are: []
DBWrapper: report latency for each error is false and specific error codes to track for latency are: []
DBWrapper: report latency for each error is false and specific error codes to track for latency are: []
DBWrapper: report latency for each error is false and specific error codes to track for latency are: []
DBWrapper: report latency for each error is false and specific error codes to track for latency are: []
DBWrapper: report latency for each error is false and specific error codes to track for latency are: []
DBWrapper: report latency for each error is false and specific error codes to track for latency are: []
DBWrapper: report latency for each error is false and specific error codes to track for latency are: []
DBWrapper: report latency for each error is false and specific error codes to track for latency are: []
DBWrapper: report latency for each error is false and specific error codes to track for latency are: []
DBWrapper: report latency for each error is false and specific error codes to track for latency are: []
DBWrapper: report latency for each error is false and specific error codes to track for latency are: []
DBWrapper: report latency for each error is false and specific error codes to track for latency are: []
DBWrapper: report latency for each error is false and specific error codes to track for latency are: []
DBWrapper: report latency for each error is false and specific error codes to track for latency are: []
DBWrapper: report latency for each error is false and specific error codes to track for latency are: []
DBWrapper: report latency for each error is false and specific error codes to track for latency are: []
DBWrapper: report latency for each error is false and specific error codes to track for latency are: []
DBWrapper: report latency for each error is false and specific error codes to track for latency are: []
DBWrapper: report latency for each error is false and specific error codes to track for latency are: []
DBWrapper: report latency for each error is false and specific error codes to track for latency are: []
DBWrapper: report latency for each error is false and specific error codes to track for latency are: []
DBWrapper: report latency for each error is false and specific error codes to track for latency are: []
DBWrapper: report latency for each error is false and specific error codes to track for latency are: []
DBWrapper: report latency for each error is false and specific error codes to track for latency are: []
DBWrapper: report latency for each error is false and specific error codes to track for latency are: []
DBWrapper: report latency for each error is false and specific error codes to track for latency are: []
DBWrapper: report latency for each error is false and specific error codes to track for latency are: []
DBWrapper: report latency for each error is false and specific error codes to track for latency are: []
DBWrapper: report latency for each error is false and specific error codes to track for latency are: []
DBWrapper: report latency for each error is false and specific error codes to track for latency are: []
DBWrapper: report latency for each error is false and specific error codes to track for latency are: []
DBWrapper: report latency for each error is false and specific error codes to track for latency are: []
DBWrapper: report latency for each error is false and specific error codes to track for latency are: []
DBWrapper: report latency for each error is false and specific error codes to track for latency are: []
DBWrapper: report latency for each error is false and specific error codes to track for latency are: []
DBWrapper: report latency for each error is false and specific error codes to track for latency are: []
DBWrapper: report latency for each error is false and specific error codes to track for latency are: []
DBWrapper: report latency for each error is false and specific error codes to track for latency are: []
DBWrapper: report latency for each error is false and specific error codes to track for latency are: []
DBWrapper: report latency for each error is false and specific error codes to track for latency are: []
DBWrapper: report latency for each error is false and specific error codes to track for latency are: []
DBWrapper: report latency for each error is false and specific error codes to track for latency are: []
DBWrapper: report latency for each error is false and specific error codes to track for latency are: []
DBWrapper: report latency for each error is false and specific error codes to track for latency are: []
DBWrapper: report latency for each error is false and specific error codes to track for latency are: []
DBWrapper: report latency for each error is false and specific error codes to track for latency are: []
DBWrapper: report latency for each error is false and specific error codes to track for latency are: []
DBWrapper: report latency for each error is false and specific error codes to track for latency are: []
DBWrapper: report latency for each error is false and specific error codes to track for latency are: []
DBWrapper: report latency for each error is false and specific error codes to track for latency are: []
DBWrapper: report latency for each error is false and specific error codes to track for latency are: []
DBWrapper: report latency for each error is false and specific error codes to track for latency are: []
DBWrapper: report latency for each error is false and specific error codes to track for latency are: []
DBWrapper: report latency for each error is false and specific error codes to track for latency are: []
DBWrapper: report latency for each error is false and specific error codes to track for latency are: []
DBWrapper: report latency for each error is false and specific error codes to track for latency are: []
DBWrapper: report latency for each error is false and specific error codes to track for latency are: []
DBWrapper: report latency for each error is false and specific error codes to track for latency are: []
DBWrapper: report latency for each error is false and specific error codes to track for latency are: []
DBWrapper: report latency for each error is false and specific error codes to track for latency are: []
DBWrapper: report latency for each error is false and specific error codes to track for latency are: []
DBWrapper: report latency for each error is false and specific error codes to track for latency are: []
DBWrapper: report latency for each error is false and specific error codes to track for latency are: []
DBWrapper: report latency for each error is false and specific error codes to track for latency are: []
DBWrapper: report latency for each error is false and specific error codes to track for latency are: []
DBWrapper: report latency for each error is false and specific error codes to track for latency are: []
DBWrapper: report latency for each error is false and specific error codes to track for latency are: []
DBWrapper: report latency for each error is false and specific error codes to track for latency are: []
DBWrapper: report latency for each error is false and specific error codes to track for latency are: []
DBWrapper: report latency for each error is false and specific error codes to track for latency are: []
DBWrapper: report latency for each error is false and specific error codes to track for latency are: []
DBWrapper: report latency for each error is false and specific error codes to track for latency are: []
DBWrapper: report latency for each error is false and specific error codes to track for latency are: []
DBWrapper: report latency for each error is false and specific error codes to track for latency are: []
DBWrapper: report latency for each error is false and specific error codes to track for latency are: []
DBWrapper: report latency for each error is false and specific error codes to track for latency are: []
DBWrapper: report latency for each error is false and specific error codes to track for latency are: []
DBWrapper: report latency for each error is false and specific error codes to track for latency are: []
DBWrapper: report latency for each error is false and specific error codes to track for latency are: []
DBWrapper: report latency for each error is false and specific error codes to track for latency are: []
DBWrapper: report latency for each error is false and specific error codes to track for latency are: []
DBWrapper: report latency for each error is false and specific error codes to track for latency are: []
DBWrapper: report latency for each error is false and specific error codes to track for latency are: []
DBWrapper: report latency for each error is false and specific error codes to track for latency are: []
DBWrapper: report latency for each error is false and specific error codes to track for latency are: []
2020-09-10 11:35:01:215 10 sec: 3957 operations; 395.11 current ops/sec; est completion in 7 hours 1 minute [READ: Count=4071, Max=3172351, Min=3, Avg=122434.8, 90=297727, 99=1043455, 99.9=2416639, 99.99=3172351] [READ-MODIFY-WRITE: Count=2045, Max=2361343, Min=12, Avg=138766.62, 90=345087, 99=1137663, 99.9=2240511, 99.99=2361343] [UPDATE: Count=2059, Max=829951, Min=3, Avg=12188.51, 90=23663, 99=205951, 99.9=786431, 99.99=829951] [READ-FAILED: Count=1, Max=53087, Min=53056, Avg=53072, 90=53087, 99=53087, 99.9=53087, 99.99=53087] 
DBWrapper: report latency for each error is false and specific error codes to track for latency are: []
DBWrapper: report latency for each error is false and specific error codes to track for latency are: []
DBWrapper: report latency for each error is false and specific error codes to track for latency are: []
DBWrapper: report latency for each error is false and specific error codes to track for latency are: []
DBWrapper: report latency for each error is false and specific error codes to track for latency are: []
DBWrapper: report latency for each error is false and specific error codes to track for latency are: []
DBWrapper: report latency for each error is false and specific error codes to track for latency are: []
DBWrapper: report latency for each error is false and specific error codes to track for latency are: []
DBWrapper: report latency for each error is false and specific error codes to track for latency are: []
DBWrapper: report latency for each error is false and specific error codes to track for latency are: []
DBWrapper: report latency for each error is false and specific error codes to track for latency are: []
DBWrapper: report latency for each error is false and specific error codes to track for latency are: []
DBWrapper: report latency for each error is false and specific error codes to track for latency are: []
DBWrapper: report latency for each error is false and specific error codes to track for latency are: []
DBWrapper: report latency for each error is false and specific error codes to track for latency are: []
DBWrapper: report latency for each error is false and specific error codes to track for latency are: []
DBWrapper: report latency for each error is false and specific error codes to track for latency are: []
DBWrapper: report latency for each error is false and specific error codes to track for latency are: []
DBWrapper: report latency for each error is false and specific error codes to track for latency are: []
DBWrapper: report latency for each error is false and specific error codes to track for latency are: []
DBWrapper: report latency for each error is false and specific error codes to track for latency are: []
DBWrapper: report latency for each error is false and specific error codes to track for latency are: []
DBWrapper: report latency for each error is false and specific error codes to track for latency are: []
DBWrapper: report latency for each error is false and specific error codes to track for latency are: []
DBWrapper: report latency for each error is false and specific error codes to track for latency are: []
DBWrapper: report latency for each error is false and specific error codes to track for latency are: []
DBWrapper: report latency for each error is false and specific error codes to track for latency are: []
DBWrapper: report latency for each error is false and specific error codes to track for latency are: []
DBWrapper: report latency for each error is false and specific error codes to track for latency are: []
DBWrapper: report latency for each error is false and specific error codes to track for latency are: []
DBWrapper: report latency for each error is false and specific error codes to track for latency are: []
DBWrapper: report latency for each error is false and specific error codes to track for latency are: []
DBWrapper: report latency for each error is false and specific error codes to track for latency are: []
DBWrapper: report latency for each error is false and specific error codes to track for latency are: []
DBWrapper: report latency for each error is false and specific error codes to track for latency are: []
DBWrapper: report latency for each error is false and specific error codes to track for latency are: []
DBWrapper: report latency for each error is false and specific error codes to track for latency are: []
DBWrapper: report latency for each error is false and specific error codes to track for latency are: []
DBWrapper: report latency for each error is false and specific error codes to track for latency are: []
DBWrapper: report latency for each error is false and specific error codes to track for latency are: []
DBWrapper: report latency for each error is false and specific error codes to track for latency are: []
DBWrapper: report latency for each error is false and specific error codes to track for latency are: []
DBWrapper: report latency for each error is false and specific error codes to track for latency are: []
DBWrapper: report latency for each error is false and specific error codes to track for latency are: []
DBWrapper: report latency for each error is false and specific error codes to track for latency are: []
DBWrapper: report latency for each error is false and specific error codes to track for latency are: []
DBWrapper: report latency for each error is false and specific error codes to track for latency are: []
DBWrapper: report latency for each error is false and specific error codes to track for latency are: []
DBWrapper: report latency for each error is false and specific error codes to track for latency are: []
DBWrapper: report latency for each error is false and specific error codes to track for latency are: []
DBWrapper: report latency for each error is false and specific error codes to track for latency are: []
DBWrapper: report latency for each error is false and specific error codes to track for latency are: []
DBWrapper: report latency for each error is false and specific error codes to track for latency are: []
DBWrapper: report latency for each error is false and specific error codes to track for latency are: []
DBWrapper: report latency for each error is false and specific error codes to track for latency are: []
DBWrapper: report latency for each error is false and specific error codes to track for latency are: []
DBWrapper: report latency for each error is false and specific error codes to track for latency are: []
DBWrapper: report latency for each error is false and specific error codes to track for latency are: []
DBWrapper: report latency for each error is false and specific error codes to track for latency are: []
2020-09-10 11:35:11:199 20 sec: 26159 operations; 2223.54 current ops/sec; est completion in 2 hours 7 minutes [READ: Count=22089, Max=1557503, Min=0, Avg=76223.28, 90=224895, 99=669695, 99.9=1127423, 99.99=1464319] [READ-MODIFY-WRITE: Count=11065, Max=2320383, Min=6, Avg=88882.39, 90=246655, 99=897535, 99.9=1471487, 99.99=1968127] [UPDATE: Count=11297, Max=635903, Min=2, Avg=9056.79, 90=11495, 99=205439, 99.9=419839, 99.99=620543] [READ-FAILED: Count=13, Max=177279, Min=2508, Avg=45209.62, 90=122367, 99=177279, 99.9=177279, 99.99=177279] 
DBWrapper: report latency for each error is false and specific error codes to track for latency are: []
DBWrapper: report latency for each error is false and specific error codes to track for latency are: []
DBWrapper: report latency for each error is false and specific error codes to track for latency are: []
DBWrapper: report latency for each error is false and specific error codes to track for latency are: []
DBWrapper: report latency for each error is false and specific error codes to track for latency are: []
DBWrapper: report latency for each error is false and specific error codes to track for latency are: []
DBWrapper: report latency for each error is false and specific error codes to track for latency are: []
DBWrapper: report latency for each error is false and specific error codes to track for latency are: []
DBWrapper: report latency for each error is false and specific error codes to track for latency are: []
DBWrapper: report latency for each error is false and specific error codes to track for latency are: []
DBWrapper: report latency for each error is false and specific error codes to track for latency are: []
DBWrapper: report latency for each error is false and specific error codes to track for latency are: []
DBWrapper: report latency for each error is false and specific error codes to track for latency are: []
DBWrapper: report latency for each error is false and specific error codes to track for latency are: []
DBWrapper: report latency for each error is false and specific error codes to track for latency are: []
DBWrapper: report latency for each error is false and specific error codes to track for latency are: []
DBWrapper: report latency for each error is false and specific error codes to track for latency are: []
DBWrapper: report latency for each error is false and specific error codes to track for latency are: []
DBWrapper: report latency for each error is false and specific error codes to track for latency are: []
DBWrapper: report latency for each error is false and specific error codes to track for latency are: []
DBWrapper: report latency for each error is false and specific error codes to track for latency are: []
DBWrapper: report latency for each error is false and specific error codes to track for latency are: []
DBWrapper: report latency for each error is false and specific error codes to track for latency are: []
2020-09-10 11:35:21:199 30 sec: 64500 operations; 3834.1 current ops/sec; est completion in 1 hour 17 minutes [READ: Count=38304, Max=3848191, Min=0, Avg=61653.36, 90=115455, 99=800255, 99.9=2854911, 99.99=3674111] [READ-MODIFY-WRITE: Count=19123, Max=3973119, Min=2, Avg=65833.2, 90=130815, 99=853503, 99.9=2797567, 99.99=3680255] [UPDATE: Count=18905, Max=677375, Min=0, Avg=4321.68, 90=10623, 99=54495, 99.9=348927, 99.99=578047] [READ-FAILED: Count=33, Max=83519, Min=2462, Avg=14379.61, 90=30927, 99=83519, 99.9=83519, 99.99=83519] 
DBWrapper: report latency for each error is false and specific error codes to track for latency are: []
DBWrapper: report latency for each error is false and specific error codes to track for latency are: []
DBWrapper: report latency for each error is false and specific error codes to track for latency are: []
DBWrapper: report latency for each error is false and specific error codes to track for latency are: []
DBWrapper: report latency for each error is false and specific error codes to track for latency are: []
DBWrapper: report latency for each error is false and specific error codes to track for latency are: []
DBWrapper: report latency for each error is false and specific error codes to track for latency are: []
DBWrapper: report latency for each error is false and specific error codes to track for latency are: []
DBWrapper: report latency for each error is false and specific error codes to track for latency are: []
2020-09-10 11:35:31:206 40 sec: 117763 operations; 5323.11 current ops/sec; est completion in 55 minutes [READ: Count=53245, Max=2022399, Min=0, Avg=46295.02, 90=94591, 99=602623, 99.9=1253375, 99.99=1907711] [READ-MODIFY-WRITE: Count=26745, Max=2030591, Min=2, Avg=48538.49, 90=106431, 99=602111, 99.9=1226751, 99.99=1914879] [UPDATE: Count=26762, Max=300287, Min=0, Avg=2444.82, 90=7855, 99=32799, 99.9=89215, 99.99=213503] [READ-FAILED: Count=37, Max=45151, Min=2504, Avg=9407.03, 90=22127, 99=45151, 99.9=45151, 99.99=45151] 
2020-09-10 11:35:41:199 50 sec: 172908 operations; 5517.81 current ops/sec; est completion in 47 minutes [READ: Count=55102, Max=1996799, Min=0, Avg=44042.4, 90=84991, 99=622591, 99.9=1500159, 99.99=1809407] [READ-MODIFY-WRITE: Count=27531, Max=2008063, Min=3, Avg=45797.84, 90=96191, 99=622591, 99.9=1434623, 99.99=1774591] [UPDATE: Count=27522, Max=434687, Min=0, Avg=2167.8, 90=6971, 99=27567, 99.9=80767, 99.99=371455] [READ-FAILED: Count=26, Max=49503, Min=2340, Avg=11314.96, 90=26639, 99=49503, 99.9=49503, 99.99=49503] 
2020-09-10 11:35:51:200 60 sec: 222571 operations; 4966.3 current ops/sec; est completion in 43 minutes [READ: Count=49628, Max=2424831, Min=0, Avg=50715.89, 90=92991, 99=837119, 99.9=1887231, 99.99=2381823] [READ-MODIFY-WRITE: Count=24860, Max=2430975, Min=2, Avg=54116.2, 90=105343, 99=873471, 99.9=1957887, 99.99=2412543] [UPDATE: Count=24839, Max=521727, Min=0, Avg=2007.03, 90=5943, 99=25423, 99.9=87935, 99.99=486655] [READ-FAILED: Count=31, Max=165759, Min=1682, Avg=14626.61, 90=20943, 99=165759, 99.9=165759, 99.99=165759] 
2020-09-10 11:36:01:200 70 sec: 270310 operations; 4773.9 current ops/sec; est completion in 42 minutes [READ: Count=47707, Max=3434495, Min=0, Avg=53298.79, 90=95615, 99=794623, 99.9=1998847, 99.99=2324479] [READ-MODIFY-WRITE: Count=23957, Max=3327999, Min=2, Avg=57393.6, 90=107775, 99=869887, 99.9=2056191, 99.99=2400255] [UPDATE: Count=23953, Max=546815, Min=0, Avg=2438.73, 90=5919, 99=30559, 99.9=238207, 99.99=499199] [READ-FAILED: Count=30, Max=34015, Min=2208, Avg=10878.4, 90=25455, 99=34015, 99.9=34015, 99.99=34015] 
2020-09-10 11:36:11:200 80 sec: 315705 operations; 4539.5 current ops/sec; est completion in 40 minutes [READ: Count=45370, Max=2684927, Min=0, Avg=55792.91, 90=100415, 99=820223, 99.9=2201599, 99.99=2615295] [READ-MODIFY-WRITE: Count=22628, Max=2680831, Min=2, Avg=58572.25, 90=112383, 99=841727, 99.9=2224127, 99.99=2623487] [UPDATE: Count=22632, Max=1144831, Min=0, Avg=2262.52, 90=6155, 99=33375, 99.9=117631, 99.99=149759] [READ-FAILED: Count=24, Max=37023, Min=1691, Avg=8228.75, 90=21615, 99=37023, 99.9=37023, 99.99=37023] 
2020-09-10 11:36:21:200 90 sec: 362162 operations; 4645.7 current ops/sec; est completion in 39 minutes [READ: Count=46442, Max=3244031, Min=0, Avg=51492.02, 90=78655, 99=889855, 99.9=2359295, 99.99=3201023] [READ-MODIFY-WRITE: Count=23240, Max=3270655, Min=2, Avg=52310.7, 90=88255, 99=843775, 99.9=2105343, 99.99=3186687] [UPDATE: Count=23234, Max=833023, Min=0, Avg=1957.88, 90=5687, 99=27791, 99.9=78015, 99.99=253311] [READ-FAILED: Count=23, Max=29455, Min=2282, Avg=7681.83, 90=17407, 99=29455, 99.9=29455, 99.99=29455] 
2020-09-10 11:36:31:199 100 sec: 404766 operations; 4260.4 current ops/sec; est completion in 39 minutes [READ: Count=42569, Max=2897919, Min=0, Avg=60365.62, 90=102719, 99=934399, 99.9=2314239, 99.99=2596863] [READ-MODIFY-WRITE: Count=21312, Max=2684927, Min=1, Avg=63349.65, 90=116159, 99=957951, 99.9=2379775, 99.99=2592767] [UPDATE: Count=21310, Max=505343, Min=0, Avg=2079.18, 90=5635, 99=29983, 99.9=98367, 99.99=443903] [READ-FAILED: Count=24, Max=62143, Min=2014, Avg=11055.17, 90=20191, 99=62143, 99.9=62143, 99.99=62143] 
2020-09-10 11:36:41:200 110 sec: 453863 operations; 4909.7 current ops/sec; est completion in 38 minutes [READ: Count=49080, Max=2600959, Min=0, Avg=52845.58, 90=88511, 99=875007, 99.9=1937407, 99.99=2367487] [READ-MODIFY-WRITE: Count=24445, Max=2574335, Min=2, Avg=55220.55, 90=97919, 99=894975, 99.9=1945599, 99.99=2330623] [UPDATE: Count=24450, Max=526847, Min=0, Avg=1885.12, 90=5903, 99=24319, 99.9=84031, 99.99=122495] [READ-FAILED: Count=27, Max=24703, Min=3060, Avg=7999.11, 90=14591, 99=24703, 99.9=24703, 99.99=24703] 
2020-09-10 11:36:51:200 120 sec: 500548 operations; 4668.5 current ops/sec; est completion in 37 minutes [READ: Count=46643, Max=2084863, Min=0, Avg=52841.82, 90=96255, 99=808959, 99.9=1568767, 99.99=1847295] [READ-MODIFY-WRITE: Count=23321, Max=1952767, Min=2, Avg=55895.49, 90=107647, 99=843263, 99.9=1590271, 99.99=1855487] [UPDATE: Count=23312, Max=584703, Min=0, Avg=2155.28, 90=5951, 99=27375, 99.9=110911, 99.99=530943] [READ-FAILED: Count=30, Max=125439, Min=1520, Avg=13545.73, 90=30687, 99=125439, 99.9=125439, 99.99=125439] 
2020-09-10 11:37:01:200 130 sec: 547755 operations; 4720.7 current ops/sec; est completion in 37 minutes [READ: Count=47178, Max=2430975, Min=0, Avg=53516.16, 90=105407, 99=763903, 99.9=1747967, 99.99=2283519] [READ-MODIFY-WRITE: Count=23501, Max=2379775, Min=2, Avg=54590.41, 90=112703, 99=776703, 99.9=1758207, 99.99=2340863] [UPDATE: Count=23513, Max=2369535, Min=0, Avg=2271.68, 90=5959, 99=28319, 99.9=109631, 99.99=509439] [READ-FAILED: Count=34, Max=39007, Min=1719, Avg=8520.65, 90=16863, 99=39007, 99.9=39007, 99.99=39007] 
2020-09-10 11:37:11:199 140 sec: 596282 operations; 4852.7 current ops/sec; est completion in 36 minutes [READ: Count=48500, Max=1841151, Min=0, Avg=51661.78, 90=98367, 99=726015, 99.9=1310719, 99.99=1662975] [READ-MODIFY-WRITE: Count=24277, Max=1846271, Min=1, Avg=53343.07, 90=109119, 99=734207, 99.9=1293311, 99.99=1669119] [UPDATE: Count=24285, Max=191999, Min=0, Avg=2316.17, 90=6959, 99=30879, 99.9=112703, 99.99=177535] [READ-FAILED: Count=34, Max=56767, Min=1972, Avg=11121.12, 90=32095, 99=56767, 99.9=56767, 99.99=56767] 
2020-09-10 11:37:21:200 150 sec: 650050 operations; 5376.26 current ops/sec; est completion in 35 minutes [READ: Count=53732, Max=2131967, Min=0, Avg=46794.62, 90=92223, 99=651775, 99.9=1333247, 99.99=2015231] [READ-MODIFY-WRITE: Count=26828, Max=2185215, Min=1, Avg=48573.79, 90=102591, 99=672767, 99.9=1376255, 99.99=2077695] [UPDATE: Count=26844, Max=190975, Min=0, Avg=2087.39, 90=6427, 99=28815, 99.9=98303, 99.99=181119] [READ-FAILED: Count=32, Max=31279, Min=1706, Avg=8101.78, 90=24703, 99=31279, 99.9=31279, 99.99=31279] 
2020-09-10 11:37:31:199 160 sec: 702545 operations; 5250.03 current ops/sec; est completion in 35 minutes [READ: Count=52461, Max=2326527, Min=0, Avg=47094.56, 90=86463, 99=700927, 99.9=1555455, 99.99=2121727] [READ-MODIFY-WRITE: Count=26342, Max=2334719, Min=2, Avg=49416.09, 90=98751, 99=721407, 99.9=1544191, 99.99=2071551] [UPDATE: Count=26311, Max=183935, Min=0, Avg=2213.57, 90=6491, 99=30511, 99.9=115455, 99.99=163711] [READ-FAILED: Count=29, Max=40767, Min=1714, Avg=9448.66, 90=14247, 99=40767, 99.9=40767, 99.99=40767] 
2020-09-10 11:37:41:200 170 sec: 757197 operations; 5465.2 current ops/sec; est completion in 34 minutes [READ: Count=54624, Max=1917951, Min=0, Avg=44786.13, 90=84415, 99=622079, 99.9=1354751, 99.99=1803263] [READ-MODIFY-WRITE: Count=27323, Max=1935359, Min=2, Avg=47067.29, 90=95807, 99=629247, 99.9=1393663, 99.99=1807359] [UPDATE: Count=27323, Max=593919, Min=0, Avg=2201.85, 90=7067, 99=28767, 99.9=94975, 99.99=156031] [READ-FAILED: Count=33, Max=49471, Min=1937, Avg=10097.3, 90=21263, 99=49471, 99.9=49471, 99.99=49471] 
2020-09-10 11:37:51:200 180 sec: 810912 operations; 5371.5 current ops/sec; est completion in 34 minutes [READ: Count=53686, Max=2826239, Min=0, Avg=48441.62, 90=91327, 99=661503, 99.9=1786879, 99.99=2670591] [READ-MODIFY-WRITE: Count=26900, Max=2807807, Min=2, Avg=50941.82, 90=103423, 99=664063, 99.9=1870847, 99.99=2678783] [UPDATE: Count=26904, Max=550399, Min=0, Avg=2306.66, 90=6855, 99=33535, 99.9=108159, 99.99=166783] [READ-FAILED: Count=37, Max=33279, Min=2626, Avg=9970.35, 90=16927, 99=33279, 99.9=33279, 99.99=33279] 
2020-09-10 11:38:01:200 190 sec: 856659 operations; 4574.7 current ops/sec; est completion in 33 minutes [READ: Count=45719, Max=3096575, Min=0, Avg=52283.48, 90=93631, 99=745471, 99.9=2455551, 99.99=2965503] [READ-MODIFY-WRITE: Count=22789, Max=3100671, Min=3, Avg=56004.22, 90=105023, 99=767999, 99.9=2519039, 99.99=3049471] [UPDATE: Count=22781, Max=233599, Min=0, Avg=2118.86, 90=6175, 99=28159, 99.9=110975, 99.99=187007] [READ-FAILED: Count=18, Max=52767, Min=1698, Avg=8009.44, 90=8999, 99=52767, 99.9=52767, 99.99=52767] 
2020-09-10 11:38:11:200 200 sec: 909272 operations; 5261.3 current ops/sec; est completion in 33 minutes [READ: Count=52606, Max=2557951, Min=0, Avg=49467.11, 90=89663, 99=815615, 99.9=1799167, 99.99=2396159] [READ-MODIFY-WRITE: Count=26494, Max=2574335, Min=3, Avg=51840.76, 90=102335, 99=839679, 99.9=1812479, 99.99=2228223] [UPDATE: Count=26509, Max=256383, Min=0, Avg=2277.56, 90=7043, 99=30447, 99.9=96063, 99.99=143103] [READ-FAILED: Count=27, Max=17791, Min=2590, Avg=7290.56, 90=13655, 99=17791, 99.9=17791, 99.99=17791] 
2020-09-10 11:38:21:200 210 sec: 962210 operations; 5293.27 current ops/sec; est completion in 32 minutes [READ: Count=52894, Max=3086335, Min=0, Avg=47427.03, 90=92799, 99=668671, 99.9=2293759, 99.99=3006463] [READ-MODIFY-WRITE: Count=26603, Max=3092479, Min=3, Avg=48979.45, 90=101759, 99=692735, 99.9=2142207, 99.99=3008511] [UPDATE: Count=26606, Max=218367, Min=0, Avg=2087.68, 90=6607, 99=28927, 99.9=84351, 99.99=118719] [READ-FAILED: Count=26, Max=73023, Min=1830, Avg=12836.96, 90=21711, 99=73023, 99.9=73023, 99.99=73023] 
2020-09-10 11:38:31:199 220 sec: 1013638 operations; 5143.31 current ops/sec; est completion in 32 minutes [READ: Count=51398, Max=3594239, Min=0, Avg=46974.47, 90=88319, 99=671743, 99.9=1516543, 99.99=2234367] [READ-MODIFY-WRITE: Count=25670, Max=2926591, Min=1, Avg=49122.28, 90=99455, 99=680959, 99.9=1559551, 99.99=2240511] [UPDATE: Count=25653, Max=568831, Min=0, Avg=2302.57, 90=6407, 99=28463, 99.9=120895, 99.99=542719] [READ-FAILED: Count=25, Max=34303, Min=2334, Avg=7911.72, 90=13983, 99=34303, 99.9=34303, 99.99=34303] 
2020-09-10 11:38:41:200 230 sec: 1067071 operations; 5343.3 current ops/sec; est completion in 32 minutes [READ: Count=53403, Max=2199551, Min=0, Avg=47472.07, 90=96127, 99=663551, 99.9=1530879, 99.99=2142207] [READ-MODIFY-WRITE: Count=26666, Max=2166783, Min=1, Avg=50015.69, 90=105855, 99=688127, 99.9=1537023, 99.99=2035711] [UPDATE: Count=26669, Max=158591, Min=0, Avg=2079.57, 90=6663, 99=27839, 99.9=91007, 99.99=129471] [READ-FAILED: Count=28, Max=26639, Min=2152, Avg=7011.89, 90=10783, 99=26639, 99.9=26639, 99.99=26639] 
2020-09-10 11:38:51:199 240 sec: 1116910 operations; 4983.9 current ops/sec; est completion in 31 minutes [READ: Count=49819, Max=2109439, Min=0, Avg=51107.98, 90=100543, 99=795647, 99.9=1724415, 99.99=2004991] [READ-MODIFY-WRITE: Count=24942, Max=2091007, Min=3, Avg=52990.99, 90=110271, 99=819199, 99.9=1766399, 99.99=2012159] [UPDATE: Count=24951, Max=147199, Min=0, Avg=1970.87, 90=5915, 99=27055, 99.9=93631, 99.99=142847] [READ-FAILED: Count=24, Max=93567, Min=2070, Avg=9849.46, 90=8863, 99=93567, 99.9=93567, 99.99=93567] 
2020-09-10 11:39:01:200 250 sec: 1165287 operations; 4837.7 current ops/sec; est completion in 31 minutes [READ: Count=48359, Max=2826239, Min=0, Avg=52207.59, 90=88063, 99=771071, 99.9=1797119, 99.99=2453503] [READ-MODIFY-WRITE: Count=24232, Max=2607103, Min=2, Avg=54143.54, 90=97279, 99=787967, 99.9=1745919, 99.99=2459647] [UPDATE: Count=24227, Max=513279, Min=0, Avg=2282.79, 90=6635, 99=24911, 99.9=112255, 99.99=511999] [READ-FAILED: Count=34, Max=536575, Min=2108, Avg=22910, 90=18511, 99=536575, 99.9=536575, 99.99=536575] 
2020-09-10 11:39:11:199 260 sec: 1213915 operations; 4862.8 current ops/sec; est completion in 31 minutes [READ: Count=48605, Max=2228223, Min=0, Avg=51287.29, 90=94847, 99=754687, 99.9=1619967, 99.99=1911807] [READ-MODIFY-WRITE: Count=24376, Max=2396159, Min=2, Avg=54187.82, 90=106943, 99=797183, 99.9=1671167, 99.99=1926143] [UPDATE: Count=24387, Max=547839, Min=0, Avg=2486.28, 90=7863, 99=30287, 99.9=125951, 99.99=529919] [READ-FAILED: Count=20, Max=47071, Min=1845, Avg=12444.6, 90=27423, 99=47071, 99.9=47071, 99.99=47071] 
2020-09-10 11:39:21:199 270 sec: 1264392 operations; 5047.7 current ops/sec; est completion in 31 minutes [READ: Count=50441, Max=1960959, Min=0, Avg=48193.22, 90=95743, 99=642559, 99.9=1310719, 99.99=1650687] [READ-MODIFY-WRITE: Count=25132, Max=1970175, Min=2, Avg=50215.77, 90=103999, 99=656383, 99.9=1323007, 99.99=1654783] [UPDATE: Count=25114, Max=194815, Min=0, Avg=1960.52, 90=6007, 99=26319, 99.9=99391, 99.99=130687] [READ-FAILED: Count=20, Max=14319, Min=1844, Avg=6403.05, 90=12591, 99=14319, 99.9=14319, 99.99=14319] 
2020-09-10 11:39:31:199 280 sec: 1315220 operations; 5082.8 current ops/sec; est completion in 30 minutes [READ: Count=50803, Max=3805183, Min=0, Avg=50680.48, 90=88703, 99=731647, 99.9=2553855, 99.99=3674111] [READ-MODIFY-WRITE: Count=25350, Max=3768319, Min=1, Avg=53766.08, 90=100095, 99=760831, 99.9=2588671, 99.99=3663871] [UPDATE: Count=25357, Max=174079, Min=0, Avg=2088.67, 90=6687, 99=26783, 99.9=94079, 99.99=162815] [READ-FAILED: Count=26, Max=64191, Min=1864, Avg=12159.5, 90=25999, 99=64191, 99.9=64191, 99.99=64191] 
2020-09-10 11:39:41:200 290 sec: 1365897 operations; 5067.7 current ops/sec; est completion in 30 minutes [READ: Count=50665, Max=3397631, Min=0, Avg=48914.09, 90=97535, 99=673279, 99.9=1355775, 99.99=2199551] [READ-MODIFY-WRITE: Count=25239, Max=2330623, Min=2, Avg=50806.78, 90=108351, 99=679935, 99.9=1308671, 99.99=2177023] [UPDATE: Count=25235, Max=643583, Min=0, Avg=2381.21, 90=6887, 99=31023, 99.9=137343, 99.99=440063] [READ-FAILED: Count=17, Max=115775, Min=2464, Avg=14822.47, 90=18623, 99=115775, 99.9=115775, 99.99=115775] 
2020-09-10 11:39:51:200 300 sec: 1420272 operations; 5437.5 current ops/sec; est completion in 30 minutes [READ: Count=54344, Max=2215935, Min=0, Avg=46338.54, 90=91455, 99=652799, 99.9=1482751, 99.99=2134015] [READ-MODIFY-WRITE: Count=27196, Max=2150399, Min=2, Avg=47437.91, 90=99967, 99=656383, 99.9=1462271, 99.99=2085887] [UPDATE: Count=27203, Max=1325055, Min=0, Avg=2258.75, 90=6783, 99=30143, 99.9=113599, 99.99=182271] [READ-FAILED: Count=28, Max=61439, Min=2784, Avg=11820.57, 90=20399, 99=61439, 99.9=61439, 99.99=61439] 
Maximum time elapsed. Requesting stop for the workload.
Stop requested for workload. Now Joining!
[36m11:39:51.839[m [[34;1mINFO[m] [1;34mp.u.t.s.y.Stats.clientFinished@38[m: 
Ended SconeKV benchmark.
Number of clients: 256
Total transactions: 314187
Committed: 197534 (62.871475%)
Aborted: 116653 (37.128525%)
2020-09-10 11:39:51:842 300 sec: 1421842 operations; 2445.48 current ops/sec; est completion in 30 minutes [READ: Count=1561, Max=963071, Min=2, Avg=62266.48, 90=159871, 99=582143, 99.9=792063, 99.99=963071] [READ-MODIFY-WRITE: Count=744, Max=1015807, Min=1807, Avg=70751.07, 90=182015, 99=609279, 99.9=812031, 99.99=1015807] [CLEANUP: Count=256, Max=2008, Min=2, Avg=11.48, 90=3, 99=37, 99.9=2008, 99.99=2008] [UPDATE: Count=729, Max=76671, Min=1, Avg=3817.58, 90=12319, 99=61279, 99.9=74815, 99.99=76671] [READ-FAILED: Count=3, Max=52959, Min=4604, Avg=21225.33, 90=52959, 99=52959, 99.9=52959, 99.99=52959] 
[OVERALL], RunTime(ms), 300631
[OVERALL], Throughput(ops/sec), 4729.525564562537
[TOTAL_GCS_G1_Young_Generation], Count, 140
[TOTAL_GC_TIME_G1_Young_Generation], Time(ms), 4139
[TOTAL_GC_TIME_%_G1_Young_Generation], Time(%), 1.376770858627354
[TOTAL_GCS_G1_Old_Generation], Count, 0
[TOTAL_GC_TIME_G1_Old_Generation], Time(ms), 0
[TOTAL_GC_TIME_%_G1_Old_Generation], Time(%), 0.0
[TOTAL_GCs], Count, 140
[TOTAL_GC_TIME], Time(ms), 4139
[TOTAL_GC_TIME_%], Time(%), 1.376770858627354
[READ], Operations, 1421048
[READ], AverageLatency(us), 50823.10865150227
[READ], MinLatency(us), 0
[READ], MaxLatency(us), 3848191
[READ], 95thPercentileLatency(us), 233855
[READ], 99thPercentileLatency(us), 726015
[READ], Return=OK, 1421048
[READ], Return=NOT_FOUND, 794
[READ-MODIFY-WRITE], Operations, 710876
[READ-MODIFY-WRITE], AverageLatency(us), 53372.664800893544
[READ-MODIFY-WRITE], MinLatency(us), 1
[READ-MODIFY-WRITE], MaxLatency(us), 3973119
[READ-MODIFY-WRITE], 95thPercentileLatency(us), 249087
[READ-MODIFY-WRITE], 99thPercentileLatency(us), 749567
[CLEANUP], Operations, 256
[CLEANUP], AverageLatency(us), 11.484375
[CLEANUP], MinLatency(us), 2
[CLEANUP], MaxLatency(us), 2008
[CLEANUP], 95thPercentileLatency(us), 4
[CLEANUP], 99thPercentileLatency(us), 37
[UPDATE], Operations, 710876
[UPDATE], AverageLatency(us), 2386.2275713345225
[UPDATE], MinLatency(us), 0
[UPDATE], MaxLatency(us), 2369535
[UPDATE], 95thPercentileLatency(us), 11383
[UPDATE], 99thPercentileLatency(us), 31183
[UPDATE], Return=OK, 710876
[READ-FAILED], Operations, 794
[READ-FAILED], AverageLatency(us), 11494.15491183879
[READ-FAILED], MinLatency(us), 1520
[READ-FAILED], MaxLatency(us), 536575
[READ-FAILED], 95thPercentileLatency(us), 34879
[READ-FAILED], 99thPercentileLatency(us), 73023
