Command line: -t -db pt.ulisboa.tecnico.sconekv.ycsb.SconeKVClient -P workloadc -threads 128 -s -p scone.tx_size=5 -p operationcount=10000000 -p maxexecutiontime=300
YCSB Client 0.17.0

Loading workload...
Starting test.
WARNING: sun.reflect.Reflection.getCallerClass is not supported. This will impact performance.
2020-09-29 13:53:29:068 0 sec: 0 operations; est completion in 0 second 
Maximum execution time specified as: 300 secs
DBWrapper: report latency for each error is false and specific error codes to track for latency are: []
DBWrapper: report latency for each error is false and specific error codes to track for latency are: []
DBWrapper: report latency for each error is false and specific error codes to track for latency are: []
DBWrapper: report latency for each error is false and specific error codes to track for latency are: []
DBWrapper: report latency for each error is false and specific error codes to track for latency are: []
DBWrapper: report latency for each error is false and specific error codes to track for latency are: []
DBWrapper: report latency for each error is false and specific error codes to track for latency are: []
DBWrapper: report latency for each error is false and specific error codes to track for latency are: []
DBWrapper: report latency for each error is false and specific error codes to track for latency are: []
DBWrapper: report latency for each error is false and specific error codes to track for latency are: []
DBWrapper: report latency for each error is false and specific error codes to track for latency are: []
DBWrapper: report latency for each error is false and specific error codes to track for latency are: []
DBWrapper: report latency for each error is false and specific error codes to track for latency are: []
DBWrapper: report latency for each error is false and specific error codes to track for latency are: []
DBWrapper: report latency for each error is false and specific error codes to track for latency are: []
DBWrapper: report latency for each error is false and specific error codes to track for latency are: []
DBWrapper: report latency for each error is false and specific error codes to track for latency are: []
DBWrapper: report latency for each error is false and specific error codes to track for latency are: []
DBWrapper: report latency for each error is false and specific error codes to track for latency are: []
DBWrapper: report latency for each error is false and specific error codes to track for latency are: []
DBWrapper: report latency for each error is false and specific error codes to track for latency are: []
DBWrapper: report latency for each error is false and specific error codes to track for latency are: []
DBWrapper: report latency for each error is false and specific error codes to track for latency are: []
DBWrapper: report latency for each error is false and specific error codes to track for latency are: []
DBWrapper: report latency for each error is false and specific error codes to track for latency are: []
DBWrapper: report latency for each error is false and specific error codes to track for latency are: []
DBWrapper: report latency for each error is false and specific error codes to track for latency are: []
DBWrapper: report latency for each error is false and specific error codes to track for latency are: []
DBWrapper: report latency for each error is false and specific error codes to track for latency are: []
DBWrapper: report latency for each error is false and specific error codes to track for latency are: []
DBWrapper: report latency for each error is false and specific error codes to track for latency are: []
DBWrapper: report latency for each error is false and specific error codes to track for latency are: []
DBWrapper: report latency for each error is false and specific error codes to track for latency are: []
DBWrapper: report latency for each error is false and specific error codes to track for latency are: []
DBWrapper: report latency for each error is false and specific error codes to track for latency are: []
DBWrapper: report latency for each error is false and specific error codes to track for latency are: []
DBWrapper: report latency for each error is false and specific error codes to track for latency are: []
DBWrapper: report latency for each error is false and specific error codes to track for latency are: []
DBWrapper: report latency for each error is false and specific error codes to track for latency are: []
DBWrapper: report latency for each error is false and specific error codes to track for latency are: []
DBWrapper: report latency for each error is false and specific error codes to track for latency are: []
DBWrapper: report latency for each error is false and specific error codes to track for latency are: []
DBWrapper: report latency for each error is false and specific error codes to track for latency are: []
DBWrapper: report latency for each error is false and specific error codes to track for latency are: []
DBWrapper: report latency for each error is false and specific error codes to track for latency are: []
DBWrapper: report latency for each error is false and specific error codes to track for latency are: []
DBWrapper: report latency for each error is false and specific error codes to track for latency are: []
DBWrapper: report latency for each error is false and specific error codes to track for latency are: []
DBWrapper: report latency for each error is false and specific error codes to track for latency are: []
DBWrapper: report latency for each error is false and specific error codes to track for latency are: []
DBWrapper: report latency for each error is false and specific error codes to track for latency are: []
DBWrapper: report latency for each error is false and specific error codes to track for latency are: []
DBWrapper: report latency for each error is false and specific error codes to track for latency are: []
DBWrapper: report latency for each error is false and specific error codes to track for latency are: []
DBWrapper: report latency for each error is false and specific error codes to track for latency are: []
DBWrapper: report latency for each error is false and specific error codes to track for latency are: []
DBWrapper: report latency for each error is false and specific error codes to track for latency are: []
DBWrapper: report latency for each error is false and specific error codes to track for latency are: []
DBWrapper: report latency for each error is false and specific error codes to track for latency are: []
DBWrapper: report latency for each error is false and specific error codes to track for latency are: []
DBWrapper: report latency for each error is false and specific error codes to track for latency are: []
DBWrapper: report latency for each error is false and specific error codes to track for latency are: []
DBWrapper: report latency for each error is false and specific error codes to track for latency are: []
DBWrapper: report latency for each error is false and specific error codes to track for latency are: []
DBWrapper: report latency for each error is false and specific error codes to track for latency are: []
DBWrapper: report latency for each error is false and specific error codes to track for latency are: []
DBWrapper: report latency for each error is false and specific error codes to track for latency are: []
DBWrapper: report latency for each error is false and specific error codes to track for latency are: []
DBWrapper: report latency for each error is false and specific error codes to track for latency are: []
DBWrapper: report latency for each error is false and specific error codes to track for latency are: []
DBWrapper: report latency for each error is false and specific error codes to track for latency are: []
DBWrapper: report latency for each error is false and specific error codes to track for latency are: []
DBWrapper: report latency for each error is false and specific error codes to track for latency are: []
DBWrapper: report latency for each error is false and specific error codes to track for latency are: []
DBWrapper: report latency for each error is false and specific error codes to track for latency are: []
DBWrapper: report latency for each error is false and specific error codes to track for latency are: []
DBWrapper: report latency for each error is false and specific error codes to track for latency are: []
DBWrapper: report latency for each error is false and specific error codes to track for latency are: []
DBWrapper: report latency for each error is false and specific error codes to track for latency are: []
DBWrapper: report latency for each error is false and specific error codes to track for latency are: []
DBWrapper: report latency for each error is false and specific error codes to track for latency are: []
DBWrapper: report latency for each error is false and specific error codes to track for latency are: []
DBWrapper: report latency for each error is false and specific error codes to track for latency are: []
DBWrapper: report latency for each error is false and specific error codes to track for latency are: []
DBWrapper: report latency for each error is false and specific error codes to track for latency are: []
DBWrapper: report latency for each error is false and specific error codes to track for latency are: []
DBWrapper: report latency for each error is false and specific error codes to track for latency are: []
DBWrapper: report latency for each error is false and specific error codes to track for latency are: []
DBWrapper: report latency for each error is false and specific error codes to track for latency are: []
DBWrapper: report latency for each error is false and specific error codes to track for latency are: []
DBWrapper: report latency for each error is false and specific error codes to track for latency are: []
DBWrapper: report latency for each error is false and specific error codes to track for latency are: []
DBWrapper: report latency for each error is false and specific error codes to track for latency are: []
DBWrapper: report latency for each error is false and specific error codes to track for latency are: []
DBWrapper: report latency for each error is false and specific error codes to track for latency are: []
DBWrapper: report latency for each error is false and specific error codes to track for latency are: []
DBWrapper: report latency for each error is false and specific error codes to track for latency are: []
DBWrapper: report latency for each error is false and specific error codes to track for latency are: []
DBWrapper: report latency for each error is false and specific error codes to track for latency are: []
DBWrapper: report latency for each error is false and specific error codes to track for latency are: []
DBWrapper: report latency for each error is false and specific error codes to track for latency are: []
DBWrapper: report latency for each error is false and specific error codes to track for latency are: []
DBWrapper: report latency for each error is false and specific error codes to track for latency are: []
DBWrapper: report latency for each error is false and specific error codes to track for latency are: []
DBWrapper: report latency for each error is false and specific error codes to track for latency are: []
DBWrapper: report latency for each error is false and specific error codes to track for latency are: []
DBWrapper: report latency for each error is false and specific error codes to track for latency are: []
DBWrapper: report latency for each error is false and specific error codes to track for latency are: []
DBWrapper: report latency for each error is false and specific error codes to track for latency are: []
DBWrapper: report latency for each error is false and specific error codes to track for latency are: []
DBWrapper: report latency for each error is false and specific error codes to track for latency are: []
DBWrapper: report latency for each error is false and specific error codes to track for latency are: []
DBWrapper: report latency for each error is false and specific error codes to track for latency are: []
DBWrapper: report latency for each error is false and specific error codes to track for latency are: []
DBWrapper: report latency for each error is false and specific error codes to track for latency are: []
DBWrapper: report latency for each error is false and specific error codes to track for latency are: []
DBWrapper: report latency for each error is false and specific error codes to track for latency are: []
DBWrapper: report latency for each error is false and specific error codes to track for latency are: []
DBWrapper: report latency for each error is false and specific error codes to track for latency are: []
DBWrapper: report latency for each error is false and specific error codes to track for latency are: []
DBWrapper: report latency for each error is false and specific error codes to track for latency are: []
DBWrapper: report latency for each error is false and specific error codes to track for latency are: []
DBWrapper: report latency for each error is false and specific error codes to track for latency are: []
DBWrapper: report latency for each error is false and specific error codes to track for latency are: []
DBWrapper: report latency for each error is false and specific error codes to track for latency are: []
DBWrapper: report latency for each error is false and specific error codes to track for latency are: []
DBWrapper: report latency for each error is false and specific error codes to track for latency are: []
DBWrapper: report latency for each error is false and specific error codes to track for latency are: []
2020-09-29 13:53:39:089 10 sec: 5644 operations; 563.78 current ops/sec; est completion in 4 hours 55 minutes [READ: Count=5841, Max=2174975, Min=4, Avg=101494.43, 90=226943, 99=682495, 99.9=1899519, 99.99=2073599] [READ-FAILED: Count=10, Max=98047, Min=2950, Avg=22019.8, 90=54335, 99=98047, 99.9=98047, 99.99=98047] 
2020-09-29 13:53:49:072 20 sec: 37042 operations; 3141.06 current ops/sec; est completion in 1 hour 29 minutes [READ: Count=31159, Max=1230847, Min=2, Avg=40915.59, 90=80447, 99=527359, 99.9=627711, 99.99=901119] [READ-FAILED: Count=32, Max=85119, Min=2214, Avg=19833.31, 90=40319, 99=85119, 99.9=85119, 99.99=85119] 
2020-09-29 13:53:59:082 30 sec: 92081 operations; 5498.4 current ops/sec; est completion in 53 minutes [READ: Count=54974, Max=987135, Min=2, Avg=23194.2, 90=49471, 99=527359, 99.9=582655, 99.99=624127] [READ-FAILED: Count=81, Max=535551, Min=1947, Avg=14788.11, 90=11671, 99=134911, 99.9=535551, 99.99=535551] 
2020-09-29 13:54:09:065 40 sec: 151680 operations; 5969.45 current ops/sec; est completion in 43 minutes [READ: Count=59524, Max=620543, Min=2, Avg=21396.77, 90=46271, 99=531455, 99.9=581119, 99.99=598527] [READ-FAILED: Count=65, Max=29871, Min=1847, Avg=5724.37, 90=10703, 99=25775, 99.9=29871, 99.99=29871] 
2020-09-29 13:54:19:065 50 sec: 210024 operations; 5834.4 current ops/sec; est completion in 38 minutes [READ: Count=58269, Max=634367, Min=2, Avg=21895.65, 90=47999, 99=524799, 99.9=586751, 99.99=628735] [READ-FAILED: Count=72, Max=88511, Min=1806, Avg=6296.11, 90=7679, 99=21487, 99.9=88511, 99.99=88511] 
2020-09-29 13:54:29:066 60 sec: 270725 operations; 6070.1 current ops/sec; est completion in 35 minutes [READ: Count=60624, Max=616959, Min=2, Avg=21230.2, 90=45119, 99=532479, 99.9=582143, 99.99=611327] [READ-FAILED: Count=79, Max=30191, Min=2132, Avg=5495.89, 90=7583, 99=22031, 99.9=30191, 99.99=30191] 
2020-09-29 13:54:39:065 70 sec: 330571 operations; 5985.2 current ops/sec; est completion in 34 minutes [READ: Count=59778, Max=809471, Min=2, Avg=21384.93, 90=48191, 99=526335, 99.9=573951, 99.99=632319] [READ-FAILED: Count=67, Max=56607, Min=1587, Avg=5847.3, 90=9119, 99=14903, 99.9=56607, 99.99=56607] 
2020-09-29 13:54:49:065 80 sec: 390987 operations; 6041 current ops/sec; est completion in 32 minutes [READ: Count=60320, Max=635903, Min=2, Avg=21095.92, 90=45023, 99=529919, 99.9=584703, 99.99=602111] [READ-FAILED: Count=98, Max=30927, Min=2096, Avg=5279.9, 90=8027, 99=16527, 99.9=30927, 99.99=30927] 
2020-09-29 13:54:59:066 90 sec: 448701 operations; 5771.4 current ops/sec; est completion in 31 minutes [READ: Count=57642, Max=606719, Min=2, Avg=22353.82, 90=47263, 99=530431, 99.9=581631, 99.99=593919] [READ-FAILED: Count=73, Max=27567, Min=1828, Avg=5537.05, 90=9167, 99=15959, 99.9=27567, 99.99=27567] 
2020-09-29 13:55:09:066 100 sec: 506740 operations; 5803.9 current ops/sec; est completion in 31 minutes [READ: Count=57959, Max=613375, Min=2, Avg=21945.1, 90=45375, 99=529919, 99.9=573951, 99.99=593919] [READ-FAILED: Count=73, Max=35007, Min=1755, Avg=5955.52, 90=9487, 99=29487, 99.9=35007, 99.99=35007] 
2020-09-29 13:55:19:065 110 sec: 560853 operations; 5411.3 current ops/sec; est completion in 30 minutes [READ: Count=54046, Max=977919, Min=2, Avg=23789.35, 90=46143, 99=536063, 99.9=584191, 99.99=611839] [READ-FAILED: Count=71, Max=22479, Min=1755, Avg=5886.83, 90=10599, 99=21583, 99.9=22479, 99.99=22479] 
2020-09-29 13:55:29:065 120 sec: 612340 operations; 5148.7 current ops/sec; est completion in 30 minutes [READ: Count=51423, Max=808447, Min=2, Avg=24813.92, 90=48863, 99=542207, 99.9=608255, 99.99=790527] [READ-FAILED: Count=65, Max=18383, Min=1671, Avg=4862.42, 90=7891, 99=17391, 99.9=18383, 99.99=18383] 
2020-09-29 13:55:39:065 130 sec: 664695 operations; 5235.5 current ops/sec; est completion in 30 minutes [READ: Count=52287, Max=641023, Min=2, Avg=24042.86, 90=49599, 99=537087, 99.9=581631, 99.99=610303] [READ-FAILED: Count=64, Max=30831, Min=1509, Avg=4859.64, 90=7619, 99=11471, 99.9=30831, 99.99=30831] 
2020-09-29 13:55:49:066 140 sec: 716384 operations; 5168.9 current ops/sec; est completion in 30 minutes [READ: Count=51636, Max=707071, Min=2, Avg=25111.76, 90=44511, 99=542207, 99.9=600575, 99.99=668159] [READ-FAILED: Count=54, Max=15319, Min=1, Avg=4504.48, 90=7763, 99=11415, 99.9=15319, 99.99=15319] 
2020-09-29 13:55:59:065 150 sec: 771167 operations; 5478.3 current ops/sec; est completion in 29 minutes [READ: Count=54700, Max=666111, Min=2, Avg=23367.96, 90=46623, 99=534015, 99.9=575487, 99.99=619007] [READ-FAILED: Count=83, Max=66175, Min=1723, Avg=6354.87, 90=9151, 99=59391, 99.9=66175, 99.99=66175] 
2020-09-29 13:56:09:065 160 sec: 829310 operations; 5814.3 current ops/sec; est completion in 29 minutes [READ: Count=58065, Max=688127, Min=2, Avg=22039.06, 90=47391, 99=530431, 99.9=615935, 99.99=665599] [READ-FAILED: Count=78, Max=75583, Min=1545, Avg=6796.69, 90=9975, 99=55039, 99.9=75583, 99.99=75583] 
2020-09-29 13:56:19:066 170 sec: 890351 operations; 6104.1 current ops/sec; est completion in 29 minutes [READ: Count=60958, Max=676863, Min=2, Avg=20842.32, 90=47967, 99=526847, 99.9=590335, 99.99=669183] [READ-FAILED: Count=81, Max=110719, Min=2122, Avg=7362.75, 90=9479, 99=60607, 99.9=110719, 99.99=110719] 
2020-09-29 13:56:29:065 180 sec: 947885 operations; 5753.4 current ops/sec; est completion in 28 minutes [READ: Count=57451, Max=877567, Min=2, Avg=22453.46, 90=45375, 99=534527, 99.9=574975, 99.99=630783] [READ-FAILED: Count=85, Max=30319, Min=2110, Avg=5748.04, 90=9223, 99=27583, 99.9=30319, 99.99=30319] 
2020-09-29 13:56:39:065 190 sec: 1009728 operations; 6184.3 current ops/sec; est completion in 28 minutes [READ: Count=61767, Max=708607, Min=2, Avg=20888.92, 90=44959, 99=530943, 99.9=586751, 99.99=676863] [READ-FAILED: Count=79, Max=43423, Min=1924, Avg=6074.18, 90=12991, 99=14815, 99.9=43423, 99.99=43423] 
2020-09-29 13:56:49:065 200 sec: 1068312 operations; 5858.4 current ops/sec; est completion in 27 minutes [READ: Count=58528, Max=705023, Min=2, Avg=21634.49, 90=43615, 99=534527, 99.9=596479, 99.99=669183] [READ-FAILED: Count=54, Max=30687, Min=2240, Avg=6101.65, 90=11759, 99=20383, 99.9=30687, 99.99=30687] 
2020-09-29 13:56:59:067 210 sec: 1124677 operations; 5636.5 current ops/sec; est completion in 27 minutes [READ: Count=56307, Max=667647, Min=2, Avg=22825.9, 90=43519, 99=540159, 99.9=603135, 99.99=655871] [READ-FAILED: Count=61, Max=34847, Min=1690, Avg=6044.7, 90=9375, 99=30063, 99.9=34847, 99.99=34847] 
2020-09-29 13:57:09:066 220 sec: 1184949 operations; 6027.2 current ops/sec; est completion in 27 minutes [READ: Count=60190, Max=684031, Min=2, Avg=21294.66, 90=46591, 99=531455, 99.9=576511, 99.99=663039] [READ-FAILED: Count=81, Max=87999, Min=2015, Avg=5961.2, 90=8863, 99=20735, 99.9=87999, 99.99=87999] 
2020-09-29 13:57:19:066 230 sec: 1242672 operations; 5772.3 current ops/sec; est completion in 27 minutes [READ: Count=57655, Max=670207, Min=2, Avg=22130.04, 90=43711, 99=534015, 99.9=574463, 99.99=647167] [READ-FAILED: Count=68, Max=73023, Min=1704, Avg=6243.74, 90=9503, 99=19135, 99.9=73023, 99.99=73023] 
2020-09-29 13:57:29:065 240 sec: 1304625 operations; 6195.3 current ops/sec; est completion in 26 minutes [READ: Count=61885, Max=708095, Min=2, Avg=20697.51, 90=44639, 99=531455, 99.9=599039, 99.99=686591] [READ-FAILED: Count=71, Max=105599, Min=2078, Avg=7106.06, 90=8863, 99=24047, 99.9=105599, 99.99=105599] 
2020-09-29 13:57:39:066 250 sec: 1363853 operations; 5923.39 current ops/sec; est completion in 26 minutes [READ: Count=59168, Max=979455, Min=2, Avg=21649.97, 90=44511, 99=531967, 99.9=596479, 99.99=687615] [READ-FAILED: Count=54, Max=41599, Min=1996, Avg=6635.81, 90=12535, 99=37471, 99.9=41599, 99.99=41599] 
2020-09-29 13:57:49:073 260 sec: 1423819 operations; 5991.81 current ops/sec; est completion in 26 minutes [READ: Count=59897, Max=684031, Min=2, Avg=21319.72, 90=44351, 99=532991, 99.9=599551, 99.99=663551] [READ-FAILED: Count=79, Max=37759, Min=1928, Avg=5148.68, 90=7819, 99=18655, 99.9=37759, 99.99=37759] 
2020-09-29 13:57:59:065 270 sec: 1472852 operations; 4906.73 current ops/sec; est completion in 26 minutes [READ: Count=48963, Max=707583, Min=2, Avg=25830.26, 90=48511, 99=545791, 99.9=612351, 99.99=694783] [READ-FAILED: Count=59, Max=41695, Min=1904, Avg=5676.71, 90=8151, 99=34303, 99.9=41695, 99.99=41695] 
2020-09-29 13:58:09:066 280 sec: 1527683 operations; 5483.1 current ops/sec; est completion in 25 minutes [READ: Count=54773, Max=752127, Min=2, Avg=23474.31, 90=42879, 99=538623, 99.9=577023, 99.99=637439] [READ-FAILED: Count=57, Max=19311, Min=1758, Avg=4465.04, 90=6251, 99=9935, 99.9=19311, 99.99=19311] 
2020-09-29 13:58:19:066 290 sec: 1590094 operations; 6241.1 current ops/sec; est completion in 25 minutes [READ: Count=62331, Max=710143, Min=2, Avg=20730.68, 90=43071, 99=532479, 99.9=575487, 99.99=688127] [READ-FAILED: Count=82, Max=64863, Min=1955, Avg=7598.34, 90=13631, 99=23183, 99.9=64863, 99.99=64863] 
2020-09-29 13:58:29:066 300 sec: 1649778 operations; 5968.4 current ops/sec; est completion in 25 minutes [READ: Count=59616, Max=691199, Min=2, Avg=21343.98, 90=42751, 99=536575, 99.9=583679, 99.99=677887] [READ-FAILED: Count=69, Max=34591, Min=1886, Avg=4940.64, 90=6615, 99=9255, 99.9=34591, 99.99=34591] 
Maximum time elapsed. Requesting stop for the workload.
Stop requested for workload. Now Joining!
[36m13:58:29.744[m [[34;1mINFO[m] [1;34mp.u.t.s.y.Stats.clientFinished@38[m: 
Ended SconeKV benchmark.
Number of clients: 128
Total transactions: 328451
Committed: 328451 (100.0%)
Aborted: 0 (0.0%)
2020-09-29 13:58:29:751 300 sec: 1651102 operations; 1944.2 current ops/sec; est completion in 25 minutes [READ: Count=1318, Max=630271, Min=4, Avg=32243.58, 90=42815, 99=563711, 99.9=609279, 99.99=630271] [CLEANUP: Count=128, Max=1666, Min=2, Avg=17.34, 90=6, 99=80, 99.9=1666, 99.99=1666] [READ-FAILED: Count=3, Max=5027, Min=4180, Avg=4572.67, 90=5027, 99=5027, 99.9=5027, 99.99=5027] 
[OVERALL], RunTime(ms), 300679
[OVERALL], Throughput(ops/sec), 5491.244815900013
[TOTAL_GCS_G1_Young_Generation], Count, 191
[TOTAL_GC_TIME_G1_Young_Generation], Time(ms), 3115
[TOTAL_GC_TIME_%_G1_Young_Generation], Time(%), 1.0359885459243912
[TOTAL_GCS_G1_Old_Generation], Count, 0
[TOTAL_GC_TIME_G1_Old_Generation], Time(ms), 0
[TOTAL_GC_TIME_%_G1_Old_Generation], Time(%), 0.0
[TOTAL_GCs], Count, 191
[TOTAL_GC_TIME], Time(ms), 3115
[TOTAL_GC_TIME_%], Time(%), 1.0359885459243912
[READ], Operations, 1649054
[READ], AverageLatency(us), 22873.91462317183
[READ], MinLatency(us), 2
[READ], MaxLatency(us), 2174975
[READ], 95thPercentileLatency(us), 65471
[READ], 99thPercentileLatency(us), 534015
[READ], Return=OK, 1649054
[READ], Return=NOT_FOUND, 2048
[CLEANUP], Operations, 128
[CLEANUP], AverageLatency(us), 17.34375
[CLEANUP], MinLatency(us), 2
[CLEANUP], MaxLatency(us), 1666
[CLEANUP], 95thPercentileLatency(us), 7
[CLEANUP], 99thPercentileLatency(us), 80
[READ-FAILED], Operations, 2048
[READ-FAILED], AverageLatency(us), 6549.568359375
[READ-FAILED], MinLatency(us), 1
[READ-FAILED], MaxLatency(us), 535551
[READ-FAILED], 95thPercentileLatency(us), 14815
[READ-FAILED], 99thPercentileLatency(us), 41695
