Command line: -t -db pt.ulisboa.tecnico.sconekv.ycsb.SconeKVClient -P workloadf -threads 16 -s -p scone.tx_size=5 -p operationcount=10000000 -p maxexecutiontime=300
YCSB Client 0.17.0

Loading workload...
Starting test.
WARNING: sun.reflect.Reflection.getCallerClass is not supported. This will impact performance.
Maximum execution time specified as: 300 secs
2020-09-10 10:11:46:676 0 sec: 0 operations; est completion in 0 second 
DBWrapper: report latency for each error is false and specific error codes to track for latency are: []
DBWrapper: report latency for each error is false and specific error codes to track for latency are: []
DBWrapper: report latency for each error is false and specific error codes to track for latency are: []
DBWrapper: report latency for each error is false and specific error codes to track for latency are: []
DBWrapper: report latency for each error is false and specific error codes to track for latency are: []
DBWrapper: report latency for each error is false and specific error codes to track for latency are: []
DBWrapper: report latency for each error is false and specific error codes to track for latency are: []
DBWrapper: report latency for each error is false and specific error codes to track for latency are: []
DBWrapper: report latency for each error is false and specific error codes to track for latency are: []
DBWrapper: report latency for each error is false and specific error codes to track for latency are: []
DBWrapper: report latency for each error is false and specific error codes to track for latency are: []
DBWrapper: report latency for each error is false and specific error codes to track for latency are: []
DBWrapper: report latency for each error is false and specific error codes to track for latency are: []
DBWrapper: report latency for each error is false and specific error codes to track for latency are: []
DBWrapper: report latency for each error is false and specific error codes to track for latency are: []
DBWrapper: report latency for each error is false and specific error codes to track for latency are: []
2020-09-10 10:11:56:676 10 sec: 12002 operations; 1200.08 current ops/sec; est completion in 2 hours 18 minutes [READ: Count=11995, Max=976383, Min=1, Avg=10674.44, 90=17087, 99=77823, 99.9=540159, 99.99=965631] [READ-MODIFY-WRITE: Count=6088, Max=978943, Min=5, Avg=11137.06, 90=20575, 99=69567, 99.9=555519, 99.99=968703] [UPDATE: Count=6098, Max=60127, Min=2, Avg=880.3, 90=2991, 99=9623, 99.9=26559, 99.99=54111] [READ-FAILED: Count=8, Max=7967, Min=2034, Avg=3553.75, 90=3901, 99=7967, 99.9=7967, 99.99=7967] 
2020-09-10 10:12:06:675 20 sec: 31570 operations; 1956.8 current ops/sec; est completion in 1 hour 45 minutes [READ: Count=19557, Max=556031, Min=0, Avg=7849.1, 90=15927, 99=42239, 99.9=519679, 99.99=550399] [READ-MODIFY-WRITE: Count=9628, Max=558591, Min=2, Avg=8631.93, 90=19007, 99=46815, 99.9=520703, 99.99=558591] [UPDATE: Count=9632, Max=45983, Min=0, Avg=676.5, 90=2559, 99=5795, 99.9=17455, 99.99=36511] [READ-FAILED: Count=13, Max=2875, Min=1999, Avg=2414.69, 90=2815, 99=2875, 99.9=2875, 99.99=2875] 
2020-09-10 10:12:16:675 30 sec: 49964 operations; 1839.4 current ops/sec; est completion in 1 hour 39 minutes [READ: Count=18384, Max=577535, Min=0, Avg=8352.51, 90=15463, 99=58943, 99.9=518399, 99.99=551423] [READ-MODIFY-WRITE: Count=9112, Max=553983, Min=2, Avg=8759.2, 90=18143, 99=60927, 99.9=517887, 99.99=549375] [UPDATE: Count=9099, Max=57631, Min=0, Avg=640.69, 90=2501, 99=5275, 99.9=20255, 99.99=53535] [READ-FAILED: Count=9, Max=4111, Min=1988, Avg=2861.44, 90=3691, 99=4111, 99.9=4111, 99.99=4111] 
2020-09-10 10:12:26:675 40 sec: 67540 operations; 1757.6 current ops/sec; est completion in 1 hour 38 minutes [READ: Count=17568, Max=542207, Min=0, Avg=8687.25, 90=16559, 99=57407, 99.9=523263, 99.99=541183] [READ-MODIFY-WRITE: Count=8905, Max=545791, Min=2, Avg=9258.74, 90=19663, 99=59615, 99.9=525823, 99.99=545279] [UPDATE: Count=8909, Max=93055, Min=0, Avg=769.22, 90=2571, 99=8823, 99.9=27295, 99.99=91455] [READ-FAILED: Count=8, Max=2785, Min=1809, Avg=2341.12, 90=2751, 99=2785, 99.9=2785, 99.99=2785] 
2020-09-10 10:12:36:675 50 sec: 85249 operations; 1770.9 current ops/sec; est completion in 1 hour 36 minutes [READ: Count=17701, Max=570879, Min=0, Avg=8720.65, 90=15431, 99=56095, 99.9=523775, 99.99=556543] [READ-MODIFY-WRITE: Count=8736, Max=572927, Min=4, Avg=9433.07, 90=18383, 99=60831, 99.9=528383, 99.99=567295] [UPDATE: Count=8732, Max=61631, Min=1, Avg=664.45, 90=2501, 99=5239, 99.9=23279, 99.99=60223] [READ-FAILED: Count=8, Max=3817, Min=1713, Avg=2406.5, 90=2869, 99=3817, 99.9=3817, 99.99=3817] 
2020-09-10 10:12:46:675 60 sec: 104034 operations; 1878.5 current ops/sec; est completion in 1 hour 35 minutes [READ: Count=18776, Max=707583, Min=1, Avg=8203.08, 90=15527, 99=49791, 99.9=522751, 99.99=543231] [READ-MODIFY-WRITE: Count=9482, Max=709631, Min=4, Avg=8925.46, 90=18399, 99=55103, 99.9=525823, 99.99=553983] [UPDATE: Count=9482, Max=19455, Min=1, Avg=624.78, 90=2527, 99=5123, 99.9=11743, 99.99=19007] [READ-FAILED: Count=12, Max=3101, Min=1590, Avg=2287.67, 90=2787, 99=3101, 99.9=3101, 99.99=3101] 
2020-09-10 10:12:56:675 70 sec: 123718 operations; 1968.4 current ops/sec; est completion in 1 hour 33 minutes [READ: Count=19672, Max=603647, Min=0, Avg=7783.84, 90=15831, 99=44479, 99.9=525823, 99.99=566783] [READ-MODIFY-WRITE: Count=9882, Max=569343, Min=2, Avg=8419.02, 90=18847, 99=46303, 99.9=525311, 99.99=561663] [UPDATE: Count=9888, Max=116479, Min=1, Avg=676.24, 90=2555, 99=5603, 99.9=19039, 99.99=54463] [READ-FAILED: Count=11, Max=4295, Min=1952, Avg=2483.09, 90=3193, 99=4295, 99.9=4295, 99.99=4295] 
2020-09-10 10:13:06:675 80 sec: 141076 operations; 1735.8 current ops/sec; est completion in 1 hour 33 minutes [READ: Count=17346, Max=542719, Min=0, Avg=8832.72, 90=15967, 99=58783, 99.9=523263, 99.99=534527] [READ-MODIFY-WRITE: Count=8763, Max=545279, Min=2, Avg=9443.51, 90=18959, 99=65855, 99.9=526847, 99.99=539135] [UPDATE: Count=8761, Max=72767, Min=1, Avg=719.52, 90=2533, 99=6507, 99.9=28255, 99.99=62015] [READ-FAILED: Count=9, Max=9623, Min=1962, Avg=3412.11, 90=3239, 99=9623, 99.9=9623, 99.99=9623] 
2020-09-10 10:13:16:676 90 sec: 159955 operations; 1887.71 current ops/sec; est completion in 1 hour 32 minutes [READ: Count=18870, Max=560127, Min=0, Avg=8180.8, 90=15551, 99=48255, 99.9=521727, 99.99=544255] [READ-MODIFY-WRITE: Count=9350, Max=562175, Min=2, Avg=8828.06, 90=17983, 99=56287, 99.9=521215, 99.99=561151] [UPDATE: Count=9346, Max=65023, Min=1, Avg=624.41, 90=2507, 99=4963, 99.9=19023, 99.99=61151] [READ-FAILED: Count=9, Max=4247, Min=2014, Avg=2615.44, 90=2689, 99=4247, 99.9=4247, 99.99=4247] 
2020-09-10 10:13:26:675 100 sec: 179638 operations; 1968.5 current ops/sec; est completion in 1 hour 31 minutes [READ: Count=19675, Max=541183, Min=0, Avg=7813.59, 90=15855, 99=47487, 99.9=519167, 99.99=540671] [READ-MODIFY-WRITE: Count=9833, Max=547327, Min=4, Avg=8454.52, 90=18735, 99=50111, 99.9=522239, 99.99=539135] [UPDATE: Count=9840, Max=59263, Min=1, Avg=627.01, 90=2479, 99=4791, 99.9=16559, 99.99=50335] [READ-FAILED: Count=12, Max=8687, Min=1668, Avg=3060.33, 90=4471, 99=8687, 99.9=8687, 99.99=8687] 
2020-09-10 10:13:36:675 110 sec: 198141 operations; 1850.3 current ops/sec; est completion in 1 hour 30 minutes [READ: Count=18490, Max=571903, Min=0, Avg=8257.69, 90=15751, 99=47199, 99.9=523263, 99.99=553983] [READ-MODIFY-WRITE: Count=9275, Max=557055, Min=2, Avg=8893.83, 90=18671, 99=53791, 99.9=525311, 99.99=554495] [UPDATE: Count=9270, Max=78143, Min=0, Avg=697.14, 90=2565, 99=6587, 99.9=16399, 99.99=76735] [READ-FAILED: Count=12, Max=4183, Min=1846, Avg=2687.25, 90=4099, 99=4183, 99.9=4183, 99.99=4183] 
2020-09-10 10:13:46:675 120 sec: 217880 operations; 1973.9 current ops/sec; est completion in 1 hour 29 minutes [READ: Count=19723, Max=539647, Min=1, Avg=7778.95, 90=15879, 99=45087, 99.9=521215, 99.99=534015] [READ-MODIFY-WRITE: Count=9921, Max=536575, Min=3, Avg=8368.36, 90=18639, 99=47423, 99.9=524799, 99.99=536063] [UPDATE: Count=9925, Max=64767, Min=0, Avg=667.99, 90=2533, 99=5195, 99.9=20495, 99.99=56863] [READ-FAILED: Count=13, Max=3913, Min=1733, Avg=2602.54, 90=3597, 99=3913, 99.9=3913, 99.99=3913] 
2020-09-10 10:13:56:677 130 sec: 235330 operations; 1744.83 current ops/sec; est completion in 1 hour 29 minutes [READ: Count=17438, Max=1000959, Min=0, Avg=8806.84, 90=15759, 99=54559, 99.9=526847, 99.99=816127] [READ-MODIFY-WRITE: Count=8812, Max=1004031, Min=3, Avg=9406.47, 90=18399, 99=56575, 99.9=529407, 99.99=862207] [UPDATE: Count=8810, Max=51903, Min=0, Avg=639.54, 90=2487, 99=4627, 99.9=18431, 99.99=51071] [READ-FAILED: Count=11, Max=2613, Min=1854, Avg=2306.09, 90=2591, 99=2613, 99.9=2613, 99.99=2613] 
2020-09-10 10:14:06:675 140 sec: 254032 operations; 1870.39 current ops/sec; est completion in 1 hour 29 minutes [READ: Count=18690, Max=555519, Min=0, Avg=8272.82, 90=16071, 99=51519, 99.9=518655, 99.99=537599] [READ-MODIFY-WRITE: Count=9310, Max=540159, Min=2, Avg=9021.66, 90=18879, 99=55455, 99.9=521471, 99.99=535039] [UPDATE: Count=9309, Max=64671, Min=0, Avg=669.43, 90=2511, 99=5651, 99.9=20751, 99.99=42431] [READ-FAILED: Count=15, Max=6895, Min=1993, Avg=2933.47, 90=4919, 99=6895, 99.9=6895, 99.99=6895] 
2020-09-10 10:14:16:676 150 sec: 273632 operations; 1959.8 current ops/sec; est completion in 1 hour 28 minutes [READ: Count=19588, Max=549887, Min=0, Avg=7835.13, 90=15695, 99=44095, 99.9=524287, 99.99=542207] [READ-MODIFY-WRITE: Count=9890, Max=549887, Min=3, Avg=8806.95, 90=18703, 99=51615, 99.9=529919, 99.99=544255] [UPDATE: Count=9888, Max=55359, Min=1, Avg=643.82, 90=2527, 99=5027, 99.9=16399, 99.99=48639] [READ-FAILED: Count=11, Max=7175, Min=2086, Avg=3102.36, 90=4053, 99=7175, 99.9=7175, 99.99=7175] 
2020-09-10 10:14:26:675 160 sec: 293372 operations; 1974.2 current ops/sec; est completion in 1 hour 28 minutes [READ: Count=19733, Max=591871, Min=0, Avg=7777.03, 90=15511, 99=41279, 99.9=519423, 99.99=542207] [READ-MODIFY-WRITE: Count=9884, Max=594431, Min=2, Avg=8464.32, 90=18319, 99=44127, 99.9=522751, 99.99=542207] [UPDATE: Count=9892, Max=55263, Min=1, Avg=637.05, 90=2511, 99=4811, 99.9=16119, 99.99=31903] [READ-FAILED: Count=6, Max=3271, Min=1715, Avg=2267.5, 90=2649, 99=3271, 99.9=3271, 99.99=3271] 
2020-09-10 10:14:36:675 170 sec: 310882 operations; 1751 current ops/sec; est completion in 1 hour 28 minutes [READ: Count=17500, Max=547327, Min=0, Avg=8794.93, 90=16415, 99=55519, 99.9=523007, 99.99=530943] [READ-MODIFY-WRITE: Count=8779, Max=549887, Min=2, Avg=9377.1, 90=19407, 99=56959, 99.9=528895, 99.99=545279] [UPDATE: Count=8776, Max=79679, Min=0, Avg=682.26, 90=2523, 99=7099, 99.9=20687, 99.99=60031] [READ-FAILED: Count=13, Max=3897, Min=1902, Avg=2624.85, 90=3229, 99=3897, 99.9=3897, 99.99=3897] 
2020-09-10 10:14:46:675 180 sec: 328176 operations; 1729.4 current ops/sec; est completion in 1 hour 28 minutes [READ: Count=17271, Max=809471, Min=0, Avg=8838.84, 90=15607, 99=59519, 99.9=523007, 99.99=550399] [READ-MODIFY-WRITE: Count=8638, Max=555519, Min=2, Avg=10000.87, 90=18463, 99=82303, 99.9=527871, 99.99=553471] [UPDATE: Count=8636, Max=45983, Min=0, Avg=619.61, 90=2453, 99=4467, 99.9=14167, 99.99=43647] [READ-FAILED: Count=19, Max=3259, Min=1705, Avg=2383.05, 90=3163, 99=3259, 99.9=3259, 99.99=3259] 
2020-09-10 10:14:56:675 190 sec: 347004 operations; 1882.8 current ops/sec; est completion in 1 hour 28 minutes [READ: Count=18813, Max=554495, Min=0, Avg=8286.04, 90=15479, 99=56639, 99.9=517375, 99.99=530943] [READ-MODIFY-WRITE: Count=9437, Max=532479, Min=3, Avg=8803.66, 90=17967, 99=62495, 99.9=520703, 99.99=530431] [UPDATE: Count=9434, Max=70335, Min=0, Avg=585.74, 90=2443, 99=4223, 99.9=12383, 99.99=27679] [READ-FAILED: Count=15, Max=3739, Min=1741, Avg=2439.2, 90=2867, 99=3739, 99.9=3739, 99.99=3739] 
2020-09-10 10:15:06:675 200 sec: 364940 operations; 1793.6 current ops/sec; est completion in 1 hour 28 minutes [READ: Count=17928, Max=567295, Min=0, Avg=8315.1, 90=16783, 99=51903, 99.9=517375, 99.99=529919] [READ-MODIFY-WRITE: Count=8983, Max=539647, Min=2, Avg=9014.55, 90=19839, 99=56127, 99.9=519423, 99.99=530943] [UPDATE: Count=8981, Max=117823, Min=1, Avg=693.23, 90=2529, 99=6639, 99.9=19855, 99.99=45887] [READ-FAILED: Count=8, Max=5959, Min=2062, Avg=2933.62, 90=2927, 99=5959, 99.9=5959, 99.99=5959] 
2020-09-10 10:15:16:675 210 sec: 384554 operations; 1961.4 current ops/sec; est completion in 1 hour 27 minutes [READ: Count=19609, Max=558591, Min=0, Avg=8027.73, 90=15671, 99=47231, 99.9=522495, 99.99=544255] [READ-MODIFY-WRITE: Count=9874, Max=560639, Min=3, Avg=8802.75, 90=18703, 99=52543, 99.9=521727, 99.99=535551] [UPDATE: Count=9882, Max=55615, Min=0, Avg=671.76, 90=2547, 99=5211, 99.9=18687, 99.99=51903] [READ-FAILED: Count=11, Max=4759, Min=1836, Avg=2561.82, 90=3193, 99=4759, 99.9=4759, 99.99=4759] 
2020-09-10 10:15:26:675 220 sec: 404165 operations; 1961.1 current ops/sec; est completion in 1 hour 27 minutes [READ: Count=19602, Max=549887, Min=0, Avg=7840.67, 90=15007, 99=43615, 99.9=521983, 99.99=548863] [READ-MODIFY-WRITE: Count=9870, Max=552959, Min=3, Avg=8469.51, 90=17807, 99=48735, 99.9=521471, 99.99=551935] [UPDATE: Count=9863, Max=64927, Min=1, Avg=628.67, 90=2541, 99=4499, 99.9=14215, 99.99=39711] [READ-FAILED: Count=5, Max=2511, Min=2011, Avg=2258.6, 90=2511, 99=2511, 99.9=2511, 99.99=2511] 
2020-09-10 10:15:36:675 230 sec: 422130 operations; 1796.5 current ops/sec; est completion in 1 hour 26 minutes [READ: Count=17954, Max=570879, Min=0, Avg=8569.33, 90=16255, 99=54847, 99.9=523263, 99.99=563199] [READ-MODIFY-WRITE: Count=8966, Max=561663, Min=3, Avg=9197.57, 90=19135, 99=59327, 99.9=522751, 99.99=545279] [UPDATE: Count=8966, Max=75391, Min=1, Avg=663.12, 90=2539, 99=5939, 99.9=17199, 99.99=59199] [READ-FAILED: Count=9, Max=9207, Min=2058, Avg=3241.11, 90=3325, 99=9207, 99.9=9207, 99.99=9207] 
2020-09-10 10:15:46:675 240 sec: 440142 operations; 1801.2 current ops/sec; est completion in 1 hour 26 minutes [READ: Count=18005, Max=541695, Min=0, Avg=8531.84, 90=15767, 99=52735, 99.9=519167, 99.99=529919] [READ-MODIFY-WRITE: Count=9042, Max=538111, Min=2, Avg=9288.51, 90=18703, 99=59807, 99.9=523007, 99.99=529919] [UPDATE: Count=9044, Max=51775, Min=0, Avg=636.03, 90=2491, 99=5023, 99.9=18703, 99.99=51327] [READ-FAILED: Count=8, Max=4099, Min=1850, Avg=2641.5, 90=3415, 99=4099, 99.9=4099, 99.99=4099] 
2020-09-10 10:15:56:675 250 sec: 459163 operations; 1902.1 current ops/sec; est completion in 1 hour 26 minutes [READ: Count=19008, Max=558591, Min=0, Avg=8142.09, 90=14807, 99=49887, 99.9=520447, 99.99=539135] [READ-MODIFY-WRITE: Count=9478, Max=541695, Min=4, Avg=8617.25, 90=17551, 99=52351, 99.9=521727, 99.99=530431] [UPDATE: Count=9476, Max=55871, Min=0, Avg=629.57, 90=2479, 99=4531, 99.9=16295, 99.99=45215] [READ-FAILED: Count=12, Max=3565, Min=1838, Avg=2484.08, 90=3113, 99=3565, 99.9=3565, 99.99=3565] 
2020-09-10 10:16:06:675 260 sec: 476147 operations; 1698.4 current ops/sec; est completion in 1 hour 26 minutes [READ: Count=16980, Max=569855, Min=0, Avg=9080.58, 90=16111, 99=71615, 99.9=521727, 99.99=540671] [READ-MODIFY-WRITE: Count=8526, Max=551935, Min=2, Avg=9582.78, 90=18959, 99=75007, 99.9=523775, 99.99=543231] [UPDATE: Count=8527, Max=43871, Min=0, Avg=652.59, 90=2475, 99=5891, 99.9=20095, 99.99=36415] [READ-FAILED: Count=7, Max=4591, Min=1811, Avg=2898.57, 90=3719, 99=4591, 99.9=4591, 99.99=4591] 
2020-09-10 10:16:16:675 270 sec: 495696 operations; 1954.9 current ops/sec; est completion in 1 hour 26 minutes [READ: Count=19531, Max=625151, Min=0, Avg=7748.62, 90=15863, 99=45727, 99.9=518399, 99.99=539647] [READ-MODIFY-WRITE: Count=9858, Max=628223, Min=3, Avg=8373.44, 90=18879, 99=51039, 99.9=521727, 99.99=561151] [UPDATE: Count=9859, Max=53791, Min=0, Avg=681.98, 90=2531, 99=6131, 99.9=22447, 99.99=53599] [READ-FAILED: Count=15, Max=13807, Min=1831, Avg=3849.07, 90=10407, 99=13807, 99.9=13807, 99.99=13807] 
2020-09-10 10:16:26:675 280 sec: 513462 operations; 1776.6 current ops/sec; est completion in 1 hour 26 minutes [READ: Count=17755, Max=1003519, Min=0, Avg=8771.94, 90=15375, 99=55807, 99.9=522751, 99.99=979967] [READ-MODIFY-WRITE: Count=8839, Max=553983, Min=2, Avg=9163.78, 90=17999, 99=49919, 99.9=525311, 99.99=545791] [UPDATE: Count=8843, Max=69951, Min=1, Avg=634.1, 90=2507, 99=4743, 99.9=18351, 99.99=61503] [READ-FAILED: Count=13, Max=6575, Min=1787, Avg=2768, 90=5519, 99=6575, 99.9=6575, 99.99=6575] 
2020-09-10 10:16:36:675 290 sec: 530110 operations; 1664.8 current ops/sec; est completion in 1 hour 26 minutes [READ: Count=16635, Max=549887, Min=0, Avg=9273.74, 90=16151, 99=79359, 99.9=524287, 99.99=544255] [READ-MODIFY-WRITE: Count=8364, Max=552959, Min=2, Avg=9935.55, 90=18911, 99=82751, 99.9=527359, 99.99=552447] [UPDATE: Count=8361, Max=59999, Min=0, Avg=701.25, 90=2495, 99=7003, 99.9=30687, 99.99=58399] [READ-FAILED: Count=13, Max=4639, Min=1933, Avg=2890, 90=3753, 99=4639, 99.9=4639, 99.99=4639] 
2020-09-10 10:16:46:675 300 sec: 549665 operations; 1955.5 current ops/sec; est completion in 1 hour 25 minutes [READ: Count=19545, Max=571391, Min=1, Avg=7841.72, 90=15879, 99=42079, 99.9=519935, 99.99=548351] [READ-MODIFY-WRITE: Count=9799, Max=573951, Min=4, Avg=8302.27, 90=18687, 99=46719, 99.9=516863, 99.99=550911] [UPDATE: Count=9798, Max=65535, Min=0, Avg=669.85, 90=2517, 99=4987, 99.9=24959, 99.99=60511] [READ-FAILED: Count=11, Max=8631, Min=1624, Avg=2978.45, 90=3611, 99=8631, 99.9=8631, 99.99=8631] 
Maximum time elapsed. Requesting stop for the workload.
Stop requested for workload. Now Joining!
[36m10:16:47.200[m [[34;1mINFO[m] [1;34mp.u.t.s.y.Stats.clientFinished@38[m: 
Ended SconeKV benchmark.
Number of clients: 16
Total transactions: 121470
Committed: 103000 (84.7946%)
Aborted: 18470 (15.205401%)
2020-09-10 10:16:47:202 300 sec: 549724 operations; 111.95 current ops/sec; est completion in 1 hour 26 minutes [READ: Count=56, Max=514047, Min=1626, Avg=16459.84, 90=19023, 99=27039, 99.9=514047, 99.99=514047] [READ-MODIFY-WRITE: Count=21, Max=22239, Min=1633, Avg=6127.95, 90=19455, 99=22239, 99.9=22239, 99.99=22239] [CLEANUP: Count=16, Max=1439, Min=2, Avg=93.44, 90=7, 99=1439, 99.9=1439, 99.99=1439] [UPDATE: Count=18, Max=2599, Min=1, Avg=610.22, 90=2215, 99=2599, 99.9=2599, 99.99=2599] [READ-FAILED: Count=0, Max=0, Min=9223372036854775807, Avg=NaN, 90=0, 99=0, 99.9=0, 99.99=0] 
[OVERALL], RunTime(ms), 300528
[OVERALL], Throughput(ops/sec), 1829.1939519778523
[TOTAL_GCS_G1_Young_Generation], Count, 105
[TOTAL_GC_TIME_G1_Young_Generation], Time(ms), 687
[TOTAL_GC_TIME_%_G1_Young_Generation], Time(%), 0.22859766810413673
[TOTAL_GCS_G1_Old_Generation], Count, 0
[TOTAL_GC_TIME_G1_Old_Generation], Time(ms), 0
[TOTAL_GC_TIME_%_G1_Old_Generation], Time(%), 0.0
[TOTAL_GCs], Count, 105
[TOTAL_GC_TIME], Time(ms), 687
[TOTAL_GC_TIME_%], Time(%), 0.22859766810413673
[READ], Operations, 549398
[READ], AverageLatency(us), 8348.006601771393
[READ], MinLatency(us), 0
[READ], MaxLatency(us), 1003519
[READ], 95thPercentileLatency(us), 20223
[READ], 99thPercentileLatency(us), 51007
[READ], Return=OK, 549398
[READ], Return=NOT_FOUND, 326
[READ-MODIFY-WRITE], Operations, 275345
[READ-MODIFY-WRITE], AverageLatency(us), 8993.19141440738
[READ-MODIFY-WRITE], MinLatency(us), 2
[READ-MODIFY-WRITE], MaxLatency(us), 1004031
[READ-MODIFY-WRITE], 95thPercentileLatency(us), 23519
[READ-MODIFY-WRITE], 99thPercentileLatency(us), 56031
[CLEANUP], Operations, 16
[CLEANUP], AverageLatency(us), 93.4375
[CLEANUP], MinLatency(us), 2
[CLEANUP], MaxLatency(us), 1439
[CLEANUP], 95thPercentileLatency(us), 12
[CLEANUP], 99thPercentileLatency(us), 1439
[UPDATE], Operations, 275345
[UPDATE], AverageLatency(us), 664.0413917085838
[UPDATE], MinLatency(us), 0
[UPDATE], MaxLatency(us), 117823
[UPDATE], 95thPercentileLatency(us), 2997
[UPDATE], 99thPercentileLatency(us), 5619
[UPDATE], Return=OK, 275345
[READ-FAILED], Operations, 326
[READ-FAILED], AverageLatency(us), 2748.030674846626
[READ-FAILED], MinLatency(us), 1590
[READ-FAILED], MaxLatency(us), 13807
[READ-FAILED], 95thPercentileLatency(us), 4591
[READ-FAILED], 99thPercentileLatency(us), 9207
