Command line: -t -db pt.ulisboa.tecnico.sconekv.ycsb.SconeKVClient -P workloada -threads 64 -s -p scone.tx_size=5 -p operationcount=10000000 -p maxexecutiontime=300
YCSB Client 0.17.0

Loading workload...
Starting test.
WARNING: sun.reflect.Reflection.getCallerClass is not supported. This will impact performance.
2020-09-29 09:52:45:698 0 sec: 0 operations; est completion in 0 second 
Maximum execution time specified as: 300 secs
DBWrapper: report latency for each error is false and specific error codes to track for latency are: []
DBWrapper: report latency for each error is false and specific error codes to track for latency are: []
DBWrapper: report latency for each error is false and specific error codes to track for latency are: []
DBWrapper: report latency for each error is false and specific error codes to track for latency are: []
DBWrapper: report latency for each error is false and specific error codes to track for latency are: []
DBWrapper: report latency for each error is false and specific error codes to track for latency are: []
DBWrapper: report latency for each error is false and specific error codes to track for latency are: []
DBWrapper: report latency for each error is false and specific error codes to track for latency are: []
DBWrapper: report latency for each error is false and specific error codes to track for latency are: []
DBWrapper: report latency for each error is false and specific error codes to track for latency are: []
DBWrapper: report latency for each error is false and specific error codes to track for latency are: []
DBWrapper: report latency for each error is false and specific error codes to track for latency are: []
DBWrapper: report latency for each error is false and specific error codes to track for latency are: []
DBWrapper: report latency for each error is false and specific error codes to track for latency are: []
DBWrapper: report latency for each error is false and specific error codes to track for latency are: []
DBWrapper: report latency for each error is false and specific error codes to track for latency are: []
DBWrapper: report latency for each error is false and specific error codes to track for latency are: []
DBWrapper: report latency for each error is false and specific error codes to track for latency are: []
DBWrapper: report latency for each error is false and specific error codes to track for latency are: []
DBWrapper: report latency for each error is false and specific error codes to track for latency are: []
DBWrapper: report latency for each error is false and specific error codes to track for latency are: []
DBWrapper: report latency for each error is false and specific error codes to track for latency are: []
DBWrapper: report latency for each error is false and specific error codes to track for latency are: []
DBWrapper: report latency for each error is false and specific error codes to track for latency are: []
DBWrapper: report latency for each error is false and specific error codes to track for latency are: []
DBWrapper: report latency for each error is false and specific error codes to track for latency are: []
DBWrapper: report latency for each error is false and specific error codes to track for latency are: []
DBWrapper: report latency for each error is false and specific error codes to track for latency are: []
DBWrapper: report latency for each error is false and specific error codes to track for latency are: []
DBWrapper: report latency for each error is false and specific error codes to track for latency are: []
DBWrapper: report latency for each error is false and specific error codes to track for latency are: []
DBWrapper: report latency for each error is false and specific error codes to track for latency are: []
DBWrapper: report latency for each error is false and specific error codes to track for latency are: []
DBWrapper: report latency for each error is false and specific error codes to track for latency are: []
DBWrapper: report latency for each error is false and specific error codes to track for latency are: []
DBWrapper: report latency for each error is false and specific error codes to track for latency are: []
DBWrapper: report latency for each error is false and specific error codes to track for latency are: []
DBWrapper: report latency for each error is false and specific error codes to track for latency are: []
DBWrapper: report latency for each error is false and specific error codes to track for latency are: []
DBWrapper: report latency for each error is false and specific error codes to track for latency are: []
DBWrapper: report latency for each error is false and specific error codes to track for latency are: []
DBWrapper: report latency for each error is false and specific error codes to track for latency are: []
DBWrapper: report latency for each error is false and specific error codes to track for latency are: []
DBWrapper: report latency for each error is false and specific error codes to track for latency are: []
DBWrapper: report latency for each error is false and specific error codes to track for latency are: []
DBWrapper: report latency for each error is false and specific error codes to track for latency are: []
DBWrapper: report latency for each error is false and specific error codes to track for latency are: []
DBWrapper: report latency for each error is false and specific error codes to track for latency are: []
DBWrapper: report latency for each error is false and specific error codes to track for latency are: []
DBWrapper: report latency for each error is false and specific error codes to track for latency are: []
DBWrapper: report latency for each error is false and specific error codes to track for latency are: []
DBWrapper: report latency for each error is false and specific error codes to track for latency are: []
DBWrapper: report latency for each error is false and specific error codes to track for latency are: []
DBWrapper: report latency for each error is false and specific error codes to track for latency are: []
DBWrapper: report latency for each error is false and specific error codes to track for latency are: []
DBWrapper: report latency for each error is false and specific error codes to track for latency are: []
2020-09-29 09:52:55:697 10 sec: 18858 operations; 1885.61 current ops/sec; est completion in 1 hour 28 minutes [READ: Count=9377, Max=617983, Min=2, Avg=19328.01, 90=37087, 99=243071, 99.9=568319, 99.99=615423] [UPDATE: Count=9562, Max=586751, Min=3, Avg=18442.63, 90=35231, 99=197503, 99.9=551935, 99.99=585215] [READ-FAILED: Count=2, Max=9247, Min=8368, Avg=8808, 90=9247, 99=9247, 99.9=9247, 99.99=9247] 
DBWrapper: report latency for each error is false and specific error codes to track for latency are: []
DBWrapper: report latency for each error is false and specific error codes to track for latency are: []
DBWrapper: report latency for each error is false and specific error codes to track for latency are: []
DBWrapper: report latency for each error is false and specific error codes to track for latency are: []
DBWrapper: report latency for each error is false and specific error codes to track for latency are: []
DBWrapper: report latency for each error is false and specific error codes to track for latency are: []
DBWrapper: report latency for each error is false and specific error codes to track for latency are: []
DBWrapper: report latency for each error is false and specific error codes to track for latency are: []
2020-09-29 09:53:05:696 20 sec: 47791 operations; 2893.3 current ops/sec; est completion in 1 hour 9 minutes [READ: Count=14369, Max=15048703, Min=1, Avg=20036.94, 90=29631, 99=513023, 99.9=692735, 99.99=1050623] [UPDATE: Count=14487, Max=1053695, Min=6, Avg=20069.44, 90=30463, 99=513791, 99.9=629759, 99.99=1031679] [READ-FAILED: Count=1, Max=3261, Min=3260, Avg=3261, 90=3261, 99=3261, 99.9=3261, 99.99=3261] 
2020-09-29 09:53:15:696 30 sec: 83515 operations; 3572.4 current ops/sec; est completion in 59 minutes [READ: Count=17764, Max=858111, Min=1, Avg=17787, 90=34079, 99=407039, 99.9=580095, 99.99=651263] [UPDATE: Count=17954, Max=867839, Min=1, Avg=18642.77, 90=33599, 99=466687, 99.9=578047, 99.99=784383] [READ-FAILED: Count=0, Max=0, Min=9223372036854775807, Avg=NaN, 90=0, 99=0, 99.9=0, 99.99=0] 
2020-09-29 09:53:25:696 40 sec: 118763 operations; 3524.8 current ops/sec; est completion in 55 minutes [READ: Count=17654, Max=640511, Min=0, Avg=17834.16, 90=29119, 99=484607, 99.9=560127, 99.99=587775] [UPDATE: Count=17630, Max=735231, Min=1, Avg=18492.36, 90=29823, 99=484351, 99.9=582143, 99.99=641535] [READ-FAILED: Count=3, Max=6763, Min=3170, Avg=4570.67, 90=6763, 99=6763, 99.9=6763, 99.99=6763] 
2020-09-29 09:53:35:696 50 sec: 151955 operations; 3319.2 current ops/sec; est completion in 54 minutes [READ: Count=16770, Max=1046527, Min=0, Avg=19110.76, 90=33279, 99=439295, 99.9=570367, 99.99=659967] [UPDATE: Count=16397, Max=990719, Min=1, Avg=19720.63, 90=33055, 99=486143, 99.9=581119, 99.99=842751] [READ-FAILED: Count=2, Max=5743, Min=2170, Avg=3956.5, 90=5743, 99=5743, 99.9=5743, 99.99=5743] 
2020-09-29 09:53:45:698 60 sec: 188430 operations; 3647.5 current ops/sec; est completion in 52 minutes [READ: Count=18255, Max=783359, Min=0, Avg=17004.59, 90=29871, 99=481535, 99.9=585215, 99.99=669695] [UPDATE: Count=18226, Max=1006591, Min=1, Avg=17917.56, 90=30367, 99=499711, 99.9=602623, 99.99=988671] [READ-FAILED: Count=6, Max=9279, Min=1861, Avg=4021.33, 90=4923, 99=9279, 99.9=9279, 99.99=9279] 
2020-09-29 09:53:55:699 70 sec: 220514 operations; 3208.4 current ops/sec; est completion in 51 minutes [READ: Count=16078, Max=829439, Min=0, Avg=19429.73, 90=32927, 99=514559, 99.9=576511, 99.99=709631] [UPDATE: Count=15996, Max=830975, Min=1, Avg=20466.14, 90=33983, 99=513791, 99.9=606207, 99.99=711679] [READ-FAILED: Count=3, Max=5179, Min=2872, Avg=3958, 90=5179, 99=5179, 99.9=5179, 99.99=5179] 
2020-09-29 09:54:05:696 80 sec: 252397 operations; 3188.3 current ops/sec; est completion in 51 minutes [READ: Count=15888, Max=790527, Min=0, Avg=18723.86, 90=30159, 99=513535, 99.9=572415, 99.99=643071] [UPDATE: Count=15979, Max=670207, Min=1, Avg=20810.72, 90=31279, 99=519679, 99.9=602623, 99.99=648191] [READ-FAILED: Count=3, Max=4591, Min=1980, Avg=3389.67, 90=4591, 99=4591, 99.9=4591, 99.99=4591] 
2020-09-29 09:54:15:697 90 sec: 289477 operations; 3708 current ops/sec; est completion in 50 minutes [READ: Count=18574, Max=724479, Min=0, Avg=17043.75, 90=33151, 99=314111, 99.9=549887, 99.99=651775] [UPDATE: Count=18500, Max=785919, Min=1, Avg=17834.36, 90=34399, 99=342271, 99.9=575999, 99.99=723455] [READ-FAILED: Count=7, Max=9423, Min=1999, Avg=3818.29, 90=3545, 99=9423, 99.9=9423, 99.99=9423] 
2020-09-29 09:54:25:696 100 sec: 328387 operations; 3891 current ops/sec; est completion in 49 minutes [READ: Count=19358, Max=826879, Min=1, Avg=16397.43, 90=31711, 99=292095, 99.9=571903, 99.99=666111] [UPDATE: Count=19546, Max=652287, Min=1, Avg=16320.65, 90=32575, 99=278271, 99.9=580607, 99.99=630783] [READ-FAILED: Count=1, Max=2475, Min=2474, Avg=2475, 90=2475, 99=2475, 99.9=2475, 99.99=2475] 
2020-09-29 09:54:35:697 110 sec: 362701 operations; 3431.4 current ops/sec; est completion in 48 minutes [READ: Count=16958, Max=860671, Min=0, Avg=18331.74, 90=31647, 99=449279, 99.9=577535, 99.99=741375] [UPDATE: Count=17365, Max=718335, Min=1, Avg=19088.09, 90=33343, 99=486911, 99.9=581119, 99.99=710655] [READ-FAILED: Count=3, Max=3401, Min=2468, Avg=2889, 90=3401, 99=3401, 99.9=3401, 99.99=3401] 
2020-09-29 09:54:45:696 120 sec: 396914 operations; 3421.3 current ops/sec; est completion in 48 minutes [READ: Count=17166, Max=821759, Min=0, Avg=18456.1, 90=32543, 99=498175, 99.9=596479, 99.99=741887] [UPDATE: Count=17034, Max=860671, Min=1, Avg=18173.49, 90=32511, 99=436479, 99.9=592895, 99.99=746495] [READ-FAILED: Count=3, Max=3513, Min=3200, Avg=3401.67, 90=3513, 99=3513, 99.9=3513, 99.99=3513] 
2020-09-29 09:54:55:696 130 sec: 435237 operations; 3832.3 current ops/sec; est completion in 47 minutes [READ: Count=19241, Max=955391, Min=0, Avg=17196.73, 90=32031, 99=383487, 99.9=608255, 99.99=856575] [UPDATE: Count=19079, Max=1348607, Min=3, Avg=17180.9, 90=31631, 99=387327, 99.9=575999, 99.99=812031] [READ-FAILED: Count=5, Max=5443, Min=3600, Avg=4691.4, 90=5443, 99=5443, 99.9=5443, 99.99=5443] 
2020-09-29 09:55:05:696 140 sec: 475175 operations; 3993.8 current ops/sec; est completion in 46 minutes [READ: Count=19811, Max=993791, Min=1, Avg=15236.42, 90=30191, 99=258303, 99.9=596991, 99.99=942079] [UPDATE: Count=20122, Max=1037311, Min=1, Avg=16643.34, 90=30751, 99=371711, 99.9=600063, 99.99=775679] [READ-FAILED: Count=3, Max=3677, Min=2132, Avg=2679.67, 90=3677, 99=3677, 99.9=3677, 99.99=3677] 
2020-09-29 09:55:15:696 150 sec: 513164 operations; 3798.9 current ops/sec; est completion in 46 minutes [READ: Count=19024, Max=975359, Min=0, Avg=16382.62, 90=30239, 99=353535, 99.9=601599, 99.99=899071] [UPDATE: Count=18963, Max=879103, Min=2, Avg=16748.22, 90=30927, 99=347135, 99.9=573951, 99.99=780287] [READ-FAILED: Count=3, Max=5023, Min=3766, Avg=4345, 90=5023, 99=5023, 99.9=5023, 99.99=5023] 
2020-09-29 09:55:25:696 160 sec: 553475 operations; 4031.1 current ops/sec; est completion in 45 minutes [READ: Count=19960, Max=1150975, Min=0, Avg=15568.6, 90=29071, 99=305663, 99.9=617471, 99.99=1072127] [UPDATE: Count=20351, Max=1166335, Min=1, Avg=16859.55, 90=29823, 99=398335, 99.9=649727, 99.99=1110015] [READ-FAILED: Count=2, Max=3579, Min=3506, Avg=3543, 90=3579, 99=3579, 99.9=3579, 99.99=3579] 
2020-09-29 09:55:35:696 170 sec: 590906 operations; 3743.1 current ops/sec; est completion in 45 minutes [READ: Count=18827, Max=701439, Min=0, Avg=16018.58, 90=30623, 99=331775, 99.9=550399, 99.99=626175] [UPDATE: Count=18595, Max=698879, Min=4, Avg=17699.53, 90=31407, 99=428031, 99.9=567295, 99.99=673279] [READ-FAILED: Count=2, Max=4415, Min=3978, Avg=4196.5, 90=4415, 99=4415, 99.9=4415, 99.99=4415] 
2020-09-29 09:55:45:696 180 sec: 628995 operations; 3808.9 current ops/sec; est completion in 44 minutes [READ: Count=19096, Max=779775, Min=0, Avg=16443.93, 90=29583, 99=355583, 99.9=586751, 99.99=769535] [UPDATE: Count=18999, Max=851967, Min=1, Avg=17334.5, 90=30751, 99=406271, 99.9=575999, 99.99=818175] [READ-FAILED: Count=3, Max=3751, Min=2048, Avg=2747.67, 90=3751, 99=3751, 99.9=3751, 99.99=3751] 
2020-09-29 09:55:55:696 190 sec: 665717 operations; 3672.2 current ops/sec; est completion in 44 minutes [READ: Count=18287, Max=929791, Min=0, Avg=16937.28, 90=29919, 99=442111, 99.9=568319, 99.99=629247] [UPDATE: Count=18428, Max=942079, Min=1, Avg=18042.7, 90=30703, 99=430335, 99.9=552959, 99.99=628735] [READ-FAILED: Count=4, Max=3605, Min=1816, Avg=2873.25, 90=3605, 99=3605, 99.9=3605, 99.99=3605] 
2020-09-29 09:56:05:696 200 sec: 701537 operations; 3582 current ops/sec; est completion in 44 minutes [READ: Count=17860, Max=750591, Min=0, Avg=17897.16, 90=31215, 99=476927, 99.9=591359, 99.99=670719] [UPDATE: Count=17951, Max=937983, Min=1, Avg=17466.59, 90=31471, 99=420607, 99.9=582143, 99.99=844287] [READ-FAILED: Count=1, Max=3187, Min=3186, Avg=3187, 90=3187, 99=3187, 99.9=3187, 99.99=3187] 
2020-09-29 09:56:15:696 210 sec: 737680 operations; 3614.3 current ops/sec; est completion in 43 minutes [READ: Count=18011, Max=728063, Min=0, Avg=17154.6, 90=31551, 99=392191, 99.9=565247, 99.99=656383] [UPDATE: Count=18147, Max=704511, Min=1, Avg=18697.21, 90=32031, 99=450815, 99.9=570367, 99.99=687103] [READ-FAILED: Count=2, Max=3195, Min=1975, Avg=2585, 90=3195, 99=3195, 99.9=3195, 99.99=3195] 
2020-09-29 09:56:25:696 220 sec: 773316 operations; 3563.6 current ops/sec; est completion in 43 minutes [READ: Count=17826, Max=1150975, Min=1, Avg=17490.12, 90=28799, 99=462079, 99.9=672767, 99.99=964607] [UPDATE: Count=17794, Max=1096703, Min=1, Avg=18252.87, 90=30351, 99=449279, 99.9=656895, 99.99=913919] [READ-FAILED: Count=1, Max=2869, Min=2868, Avg=2869, 90=2869, 99=2869, 99.9=2869, 99.99=2869] 
2020-09-29 09:56:35:696 230 sec: 809814 operations; 3649.8 current ops/sec; est completion in 43 minutes [READ: Count=18279, Max=1001983, Min=0, Avg=16700.94, 90=29679, 99=415231, 99.9=564735, 99.99=670719] [UPDATE: Count=18216, Max=705535, Min=1, Avg=17483.19, 90=30063, 99=456703, 99.9=564735, 99.99=673279] [READ-FAILED: Count=2, Max=5487, Min=4108, Avg=4798, 90=5487, 99=5487, 99.9=5487, 99.99=5487] 
2020-09-29 09:56:45:696 240 sec: 845725 operations; 3591.1 current ops/sec; est completion in 43 minutes [READ: Count=18053, Max=1023487, Min=0, Avg=17609.55, 90=32239, 99=428031, 99.9=669183, 99.99=981503] [UPDATE: Count=17864, Max=1002495, Min=3, Avg=19012.33, 90=32895, 99=458495, 99.9=682495, 99.99=967679] [READ-FAILED: Count=2, Max=4095, Min=3082, Avg=3589, 90=4095, 99=4095, 99.9=4095, 99.99=4095] 
2020-09-29 09:56:55:696 250 sec: 880728 operations; 3500.3 current ops/sec; est completion in 43 minutes [READ: Count=17451, Max=704511, Min=0, Avg=17882.59, 90=28655, 99=507903, 99.9=568319, 99.99=660991] [UPDATE: Count=17544, Max=740863, Min=1, Avg=18042.57, 90=29311, 99=478207, 99.9=584703, 99.99=715263] [READ-FAILED: Count=4, Max=4041, Min=2428, Avg=3112.5, 90=4041, 99=4041, 99.9=4041, 99.99=4041] 
2020-09-29 09:57:05:698 260 sec: 919041 operations; 3830.92 current ops/sec; est completion in 42 minutes [READ: Count=18991, Max=975871, Min=0, Avg=16334.66, 90=30607, 99=328191, 99.9=569855, 99.99=784383] [UPDATE: Count=19313, Max=990719, Min=1, Avg=17320.72, 90=31263, 99=397311, 99.9=579583, 99.99=751615] [READ-FAILED: Count=7, Max=3989, Min=2218, Avg=2795.29, 90=3185, 99=3989, 99.9=3989, 99.99=3989] 
2020-09-29 09:57:15:696 270 sec: 949775 operations; 3073.71 current ops/sec; est completion in 42 minutes [READ: Count=15434, Max=873983, Min=1, Avg=20291.95, 90=31919, 99=519679, 99.9=610815, 99.99=842239] [UPDATE: Count=15304, Max=1015295, Min=1, Avg=21785.27, 90=33567, 99=522751, 99.9=611327, 99.99=814591] [READ-FAILED: Count=4, Max=116799, Min=2020, Avg=30817.5, 90=116799, 99=116799, 99.9=116799, 99.99=116799] 
2020-09-29 09:57:25:696 280 sec: 988422 operations; 3864.7 current ops/sec; est completion in 42 minutes [READ: Count=19237, Max=740863, Min=1, Avg=16527.43, 90=30831, 99=387327, 99.9=563199, 99.99=697855] [UPDATE: Count=19419, Max=850431, Min=3, Avg=16578.8, 90=31727, 99=355583, 99.9=568319, 99.99=782335] [READ-FAILED: Count=1, Max=3641, Min=3640, Avg=3641, 90=3641, 99=3641, 99.9=3641, 99.99=3641] 
2020-09-29 09:57:35:696 290 sec: 1025493 operations; 3707.1 current ops/sec; est completion in 42 minutes [READ: Count=18534, Max=783359, Min=0, Avg=16653.43, 90=30831, 99=347647, 99.9=573439, 99.99=732159] [UPDATE: Count=18524, Max=828415, Min=1, Avg=17950.87, 90=32095, 99=407551, 99.9=562687, 99.99=677887] [READ-FAILED: Count=3, Max=4139, Min=3634, Avg=3953.33, 90=4139, 99=4139, 99.9=4139, 99.99=4139] 
2020-09-29 09:57:45:696 300 sec: 1060492 operations; 3499.9 current ops/sec; est completion in 42 minutes [READ: Count=17486, Max=915455, Min=0, Avg=17130.74, 90=27887, 99=419327, 99.9=575999, 99.99=800767] [UPDATE: Count=17500, Max=862207, Min=1, Avg=18879.52, 90=29663, 99=497663, 99.9=597503, 99.99=838143] [READ-FAILED: Count=5, Max=3379, Min=2422, Avg=2778.2, 90=3379, 99=3379, 99.9=3379, 99.99=3379] 
Maximum time elapsed. Requesting stop for the workload.
Stop requested for workload. Now Joining!
[36m09:57:46.174[m [[34;1mINFO[m] [1;34mp.u.t.s.y.Stats.clientFinished@38[m: 
Ended SconeKV benchmark.
Number of clients: 64
Total transactions: 211091
Committed: 149637 (70.887436%)
Aborted: 61454 (29.112562%)
2020-09-29 09:57:46:177 300 sec: 1060731 operations; 498.96 current ops/sec; est completion in 42 minutes [READ: Count=119, Max=604671, Min=1554, Avg=119919.55, 90=529407, 99=562175, 99.9=604671, 99.99=604671] [CLEANUP: Count=64, Max=1415, Min=3, Avg=26.41, 90=5, 99=32, 99.9=1415, 99.99=1415] [UPDATE: Count=116, Max=628735, Min=1471, Avg=130790.4, 90=532991, 99=615935, 99.9=628735, 99.99=628735] [READ-FAILED: Count=0, Max=0, Min=9223372036854775807, Avg=NaN, 90=0, 99=0, 99.9=0, 99.99=0] 
[OVERALL], RunTime(ms), 300479
[OVERALL], Throughput(ops/sec), 3530.1335534263626
[TOTAL_GCS_G1_Young_Generation], Count, 178
[TOTAL_GC_TIME_G1_Young_Generation], Time(ms), 1647
[TOTAL_GC_TIME_%_G1_Young_Generation], Time(%), 0.5481248273589835
[TOTAL_GCS_G1_Old_Generation], Count, 0
[TOTAL_GC_TIME_G1_Old_Generation], Time(ms), 0
[TOTAL_GC_TIME_%_G1_Old_Generation], Time(%), 0.0
[TOTAL_GCs], Count, 178
[TOTAL_GC_TIME], Time(ms), 1647
[TOTAL_GC_TIME_%], Time(%), 0.5481248273589835
[READ], Operations, 529738
[READ], AverageLatency(us), 17409.26034379259
[READ], MinLatency(us), 0
[READ], MaxLatency(us), 15048703
[READ], 95thPercentileLatency(us), 48703
[READ], 99thPercentileLatency(us), 422655
[READ], Return=OK, 529738
[READ], Return=NOT_FOUND, 88
[CLEANUP], Operations, 64
[CLEANUP], AverageLatency(us), 26.40625
[CLEANUP], MinLatency(us), 3
[CLEANUP], MaxLatency(us), 1415
[CLEANUP], 95thPercentileLatency(us), 13
[CLEANUP], 99thPercentileLatency(us), 32
[UPDATE], Operations, 530905
[UPDATE], AverageLatency(us), 18199.507868639397
[UPDATE], MinLatency(us), 1
[UPDATE], MaxLatency(us), 1348607
[UPDATE], 95thPercentileLatency(us), 52479
[UPDATE], 99thPercentileLatency(us), 452351
[UPDATE], Return=OK, 530905
[READ-FAILED], Operations, 88
[READ-FAILED], AverageLatency(us), 4876.965909090909
[READ-FAILED], MinLatency(us), 1816
[READ-FAILED], MaxLatency(us), 116799
[READ-FAILED], 95thPercentileLatency(us), 8375
[READ-FAILED], 99thPercentileLatency(us), 9423
