Command line: -t -db pt.ulisboa.tecnico.sconekv.ycsb.SconeKVClient -P workloadf -threads 64 -s -p scone.tx_size=5 -p operationcount=10000000 -p maxexecutiontime=300
YCSB Client 0.17.0

Loading workload...
Starting test.
WARNING: sun.reflect.Reflection.getCallerClass is not supported. This will impact performance.
2020-09-10 11:49:23:607 0 sec: 0 operations; est completion in 0 second 
Maximum execution time specified as: 300 secs
DBWrapper: report latency for each error is false and specific error codes to track for latency are: []
DBWrapper: report latency for each error is false and specific error codes to track for latency are: []
DBWrapper: report latency for each error is false and specific error codes to track for latency are: []
DBWrapper: report latency for each error is false and specific error codes to track for latency are: []
DBWrapper: report latency for each error is false and specific error codes to track for latency are: []
DBWrapper: report latency for each error is false and specific error codes to track for latency are: []
DBWrapper: report latency for each error is false and specific error codes to track for latency are: []
DBWrapper: report latency for each error is false and specific error codes to track for latency are: []
DBWrapper: report latency for each error is false and specific error codes to track for latency are: []
DBWrapper: report latency for each error is false and specific error codes to track for latency are: []
DBWrapper: report latency for each error is false and specific error codes to track for latency are: []
DBWrapper: report latency for each error is false and specific error codes to track for latency are: []
DBWrapper: report latency for each error is false and specific error codes to track for latency are: []
DBWrapper: report latency for each error is false and specific error codes to track for latency are: []
DBWrapper: report latency for each error is false and specific error codes to track for latency are: []
DBWrapper: report latency for each error is false and specific error codes to track for latency are: []
DBWrapper: report latency for each error is false and specific error codes to track for latency are: []
DBWrapper: report latency for each error is false and specific error codes to track for latency are: []
DBWrapper: report latency for each error is false and specific error codes to track for latency are: []
DBWrapper: report latency for each error is false and specific error codes to track for latency are: []
DBWrapper: report latency for each error is false and specific error codes to track for latency are: []
DBWrapper: report latency for each error is false and specific error codes to track for latency are: []
DBWrapper: report latency for each error is false and specific error codes to track for latency are: []
DBWrapper: report latency for each error is false and specific error codes to track for latency are: []
DBWrapper: report latency for each error is false and specific error codes to track for latency are: []
DBWrapper: report latency for each error is false and specific error codes to track for latency are: []
DBWrapper: report latency for each error is false and specific error codes to track for latency are: []
DBWrapper: report latency for each error is false and specific error codes to track for latency are: []
DBWrapper: report latency for each error is false and specific error codes to track for latency are: []
DBWrapper: report latency for each error is false and specific error codes to track for latency are: []
DBWrapper: report latency for each error is false and specific error codes to track for latency are: []
DBWrapper: report latency for each error is false and specific error codes to track for latency are: []
DBWrapper: report latency for each error is false and specific error codes to track for latency are: []
DBWrapper: report latency for each error is false and specific error codes to track for latency are: []
DBWrapper: report latency for each error is false and specific error codes to track for latency are: []
DBWrapper: report latency for each error is false and specific error codes to track for latency are: []
DBWrapper: report latency for each error is false and specific error codes to track for latency are: []
DBWrapper: report latency for each error is false and specific error codes to track for latency are: []
DBWrapper: report latency for each error is false and specific error codes to track for latency are: []
DBWrapper: report latency for each error is false and specific error codes to track for latency are: []
DBWrapper: report latency for each error is false and specific error codes to track for latency are: []
DBWrapper: report latency for each error is false and specific error codes to track for latency are: []
DBWrapper: report latency for each error is false and specific error codes to track for latency are: []
DBWrapper: report latency for each error is false and specific error codes to track for latency are: []
DBWrapper: report latency for each error is false and specific error codes to track for latency are: []
DBWrapper: report latency for each error is false and specific error codes to track for latency are: []
DBWrapper: report latency for each error is false and specific error codes to track for latency are: []
DBWrapper: report latency for each error is false and specific error codes to track for latency are: []
DBWrapper: report latency for each error is false and specific error codes to track for latency are: []
DBWrapper: report latency for each error is false and specific error codes to track for latency are: []
DBWrapper: report latency for each error is false and specific error codes to track for latency are: []
DBWrapper: report latency for each error is false and specific error codes to track for latency are: []
DBWrapper: report latency for each error is false and specific error codes to track for latency are: []
DBWrapper: report latency for each error is false and specific error codes to track for latency are: []
DBWrapper: report latency for each error is false and specific error codes to track for latency are: []
DBWrapper: report latency for each error is false and specific error codes to track for latency are: []
DBWrapper: report latency for each error is false and specific error codes to track for latency are: []
DBWrapper: report latency for each error is false and specific error codes to track for latency are: []
DBWrapper: report latency for each error is false and specific error codes to track for latency are: []
DBWrapper: report latency for each error is false and specific error codes to track for latency are: []
DBWrapper: report latency for each error is false and specific error codes to track for latency are: []
DBWrapper: report latency for each error is false and specific error codes to track for latency are: []
DBWrapper: report latency for each error is false and specific error codes to track for latency are: []
DBWrapper: report latency for each error is false and specific error codes to track for latency are: []
2020-09-10 11:49:33:607 10 sec: 11725 operations; 1172.38 current ops/sec; est completion in 2 hours 22 minutes [READ: Count=11728, Max=1070079, Min=1, Avg=30762.72, 90=60063, 99=259967, 99.9=617983, 99.99=1064959] [READ-MODIFY-WRITE: Count=6066, Max=1185791, Min=5, Avg=34504.03, 90=70527, 99=313343, 99.9=683007, 99.99=906751] [UPDATE: Count=6077, Max=131327, Min=2, Avg=3924.04, 90=13703, 99=53823, 99.9=102975, 99.99=124863] [READ-FAILED: Count=6, Max=44191, Min=1877, Avg=17307.5, 90=29311, 99=44191, 99.9=44191, 99.99=44191] 
2020-09-10 11:49:43:606 20 sec: 42668 operations; 3094.3 current ops/sec; est completion in 1 hour 17 minutes [READ: Count=30932, Max=15056895, Min=0, Avg=20014.29, 90=37727, 99=249855, 99.9=546303, 99.99=587263] [READ-MODIFY-WRITE: Count=15370, Max=617983, Min=2, Avg=21365.92, 90=46271, 99=246527, 99.9=562175, 99.99=590847] [UPDATE: Count=15375, Max=146559, Min=0, Avg=1826.79, 90=5539, 99=23983, 99.9=58271, 99.99=138111] [READ-FAILED: Count=6, Max=6311, Min=1771, Avg=3907.33, 90=5439, 99=6311, 99.9=6311, 99.99=6311] 
2020-09-10 11:49:53:606 30 sec: 75729 operations; 3306.1 current ops/sec; est completion in 1 hour 5 minutes [READ: Count=33048, Max=854527, Min=0, Avg=18900.15, 90=30479, 99=428543, 99.9=560127, 99.99=800255] [READ-MODIFY-WRITE: Count=16601, Max=856575, Min=3, Avg=19994.74, 90=35167, 99=431103, 99.9=559615, 99.99=802815] [UPDATE: Count=16597, Max=269823, Min=0, Avg=1155, 90=3527, 99=12839, 99.9=64351, 99.99=217087] [READ-FAILED: Count=13, Max=6099, Min=1828, Avg=3303.08, 90=6079, 99=6099, 99.9=6099, 99.99=6099] 
2020-09-10 11:50:03:606 40 sec: 109000 operations; 3327.1 current ops/sec; est completion in 1 hour [READ: Count=33261, Max=807935, Min=0, Avg=18461.66, 90=32367, 99=380159, 99.9=553983, 99.99=699391] [READ-MODIFY-WRITE: Count=16507, Max=749055, Min=2, Avg=19132.47, 90=37567, 99=350207, 99.9=571391, 99.99=711167] [UPDATE: Count=16508, Max=222719, Min=0, Avg=1235.38, 90=3589, 99=14815, 99.9=84863, 99.99=205567] [READ-FAILED: Count=7, Max=8175, Min=2968, Avg=5430.86, 90=7647, 99=8175, 99.9=8175, 99.99=8175] 
2020-09-10 11:50:13:607 50 sec: 139896 operations; 3089.6 current ops/sec; est completion in 58 minutes [READ: Count=30895, Max=1027071, Min=0, Avg=19970.68, 90=33887, 99=504831, 99.9=578559, 99.99=699391] [READ-MODIFY-WRITE: Count=15512, Max=998911, Min=3, Avg=21174.72, 90=39135, 99=515583, 99.9=583679, 99.99=709119] [UPDATE: Count=15505, Max=124543, Min=0, Avg=1156.89, 90=3621, 99=15119, 99.9=42431, 99.99=86527] [READ-FAILED: Count=5, Max=8391, Min=2404, Avg=4439.6, 90=8391, 99=8391, 99.9=8391, 99.99=8391] 
2020-09-10 11:50:23:606 60 sec: 178120 operations; 3822.4 current ops/sec; est completion in 55 minutes [READ: Count=38212, Max=1121279, Min=0, Avg=16447.38, 90=28927, 99=299007, 99.9=559615, 99.99=745471] [READ-MODIFY-WRITE: Count=19095, Max=783359, Min=2, Avg=17583.1, 90=34111, 99=295423, 99.9=568831, 99.99=653823] [UPDATE: Count=19096, Max=231167, Min=0, Avg=1097.87, 90=3763, 99=11727, 99.9=34655, 99.99=176767] [READ-FAILED: Count=9, Max=4819, Min=1746, Avg=2935.11, 90=3767, 99=4819, 99.9=4819, 99.99=4819] 
2020-09-10 11:50:33:606 70 sec: 213079 operations; 3495.9 current ops/sec; est completion in 53 minutes [READ: Count=34951, Max=1005055, Min=0, Avg=17754.43, 90=30751, 99=429311, 99.9=558591, 99.99=639487] [READ-MODIFY-WRITE: Count=17365, Max=695807, Min=3, Avg=18553.01, 90=35679, 99=426751, 99.9=568319, 99.99=634367] [UPDATE: Count=17380, Max=103423, Min=0, Avg=1060.32, 90=3703, 99=12855, 99.9=29103, 99.99=76031] [READ-FAILED: Count=11, Max=8127, Min=2070, Avg=4038.45, 90=6575, 99=8127, 99.9=8127, 99.99=8127] 
2020-09-10 11:50:43:606 80 sec: 245202 operations; 3212.3 current ops/sec; est completion in 53 minutes [READ: Count=32109, Max=931839, Min=0, Avg=19252.02, 90=29167, 99=509951, 99.9=550399, 99.99=639487] [READ-MODIFY-WRITE: Count=16066, Max=933887, Min=2, Avg=20229.35, 90=34143, 99=507135, 99.9=568319, 99.99=667647] [UPDATE: Count=16054, Max=456191, Min=0, Avg=1045.71, 90=3373, 99=11087, 99.9=30543, 99.99=415999] [READ-FAILED: Count=11, Max=19343, Min=1835, Avg=4631.82, 90=8087, 99=19343, 99.9=19343, 99.99=19343] 
2020-09-10 11:50:53:606 90 sec: 280774 operations; 3557.2 current ops/sec; est completion in 51 minutes [READ: Count=35566, Max=881663, Min=0, Avg=17602.23, 90=30895, 99=392191, 99.9=547839, 99.99=635903] [READ-MODIFY-WRITE: Count=17858, Max=664063, Min=2, Avg=18355.07, 90=36319, 99=355839, 99.9=551423, 99.99=606207] [UPDATE: Count=17854, Max=140287, Min=0, Avg=1081.02, 90=3679, 99=12711, 99.9=30143, 99.99=67263] [READ-FAILED: Count=14, Max=24623, Min=2190, Avg=6458.86, 90=14303, 99=24623, 99.9=24623, 99.99=24623] 
2020-09-10 11:51:03:606 100 sec: 317309 operations; 3653.5 current ops/sec; est completion in 50 minutes [READ: Count=36515, Max=923135, Min=0, Avg=16627.25, 90=26991, 99=377599, 99.9=556543, 99.99=777727] [READ-MODIFY-WRITE: Count=18368, Max=946175, Min=3, Avg=18043.28, 90=31535, 99=407295, 99.9=572415, 99.99=780287] [UPDATE: Count=18368, Max=510975, Min=0, Avg=1087.02, 90=3591, 99=10159, 99.9=62143, 99.99=348159] [READ-FAILED: Count=13, Max=16015, Min=2520, Avg=4679.69, 90=7495, 99=16015, 99.9=16015, 99.99=16015] 
2020-09-10 11:51:13:606 110 sec: 352892 operations; 3558.3 current ops/sec; est completion in 50 minutes [READ: Count=35568, Max=894975, Min=0, Avg=17235.6, 90=30943, 99=353791, 99.9=556543, 99.99=665087] [READ-MODIFY-WRITE: Count=17922, Max=726015, Min=2, Avg=18116.83, 90=36223, 99=314367, 99.9=553983, 99.99=665087] [UPDATE: Count=17923, Max=130431, Min=0, Avg=1098.1, 90=3743, 99=13511, 99.9=30335, 99.99=115519] [READ-FAILED: Count=13, Max=18879, Min=1829, Avg=5485.77, 90=12663, 99=18879, 99.9=18879, 99.99=18879] 
2020-09-10 11:51:23:606 120 sec: 389613 operations; 3672.1 current ops/sec; est completion in 49 minutes [READ: Count=36707, Max=910847, Min=0, Avg=17379.23, 90=31231, 99=362239, 99.9=567295, 99.99=884223] [READ-MODIFY-WRITE: Count=18356, Max=887807, Min=4, Avg=18353.84, 90=35551, 99=353279, 99.9=565247, 99.99=827391] [UPDATE: Count=18360, Max=142335, Min=1, Avg=1082.77, 90=3467, 99=12599, 99.9=50463, 99.99=136063] [READ-FAILED: Count=15, Max=48447, Min=2168, Avg=7527.27, 90=17039, 99=48447, 99.9=48447, 99.99=48447] 
2020-09-10 11:51:33:607 130 sec: 422493 operations; 3287.67 current ops/sec; est completion in 49 minutes [READ: Count=32869, Max=1024511, Min=0, Avg=18812.74, 90=29167, 99=514047, 99.9=665599, 99.99=1004543] [READ-MODIFY-WRITE: Count=16376, Max=1031679, Min=2, Avg=19460.74, 90=34079, 99=506623, 99.9=690175, 99.99=1007103] [UPDATE: Count=16375, Max=117311, Min=0, Avg=997.56, 90=3467, 99=10815, 99.9=32239, 99.99=111807] [READ-FAILED: Count=11, Max=9327, Min=2176, Avg=4051.91, 90=7451, 99=9327, 99.9=9327, 99.99=9327] 
2020-09-10 11:51:43:606 140 sec: 454204 operations; 3171.42 current ops/sec; est completion in 49 minutes [READ: Count=31697, Max=967679, Min=1, Avg=19622.24, 90=32463, 99=502783, 99.9=588287, 99.99=847871] [READ-MODIFY-WRITE: Count=15869, Max=852991, Min=3, Avg=20413.33, 90=37247, 99=498431, 99.9=573951, 99.99=741375] [UPDATE: Count=15865, Max=525311, Min=0, Avg=1176.04, 90=3575, 99=12743, 99.9=51359, 99.99=343551] [READ-FAILED: Count=16, Max=26015, Min=2018, Avg=5434.94, 90=7059, 99=26015, 99.9=26015, 99.99=26015] 
2020-09-10 11:51:53:606 150 sec: 484176 operations; 2997.2 current ops/sec; est completion in 49 minutes [READ: Count=29960, Max=1348607, Min=0, Avg=20933.31, 90=30575, 99=519167, 99.9=790015, 99.99=1220607] [READ-MODIFY-WRITE: Count=15064, Max=1232895, Min=2, Avg=21599.81, 90=34751, 99=521983, 99.9=720895, 99.99=1220607] [UPDATE: Count=15061, Max=140671, Min=0, Avg=1027.57, 90=3355, 99=12831, 99.9=34655, 99.99=108735] [READ-FAILED: Count=9, Max=6795, Min=2176, Avg=3918.56, 90=5467, 99=6795, 99.9=6795, 99.99=6795] 
2020-09-10 11:52:03:606 160 sec: 519322 operations; 3514.6 current ops/sec; est completion in 48 minutes [READ: Count=35144, Max=1007103, Min=0, Avg=17583.86, 90=32319, 99=353023, 99.9=548863, 99.99=791551] [READ-MODIFY-WRITE: Count=17680, Max=980479, Min=2, Avg=18399.58, 90=37311, 99=325887, 99.9=549887, 99.99=718335] [UPDATE: Count=17684, Max=517375, Min=0, Avg=1214.11, 90=3531, 99=15039, 99.9=50815, 99.99=249343] [READ-FAILED: Count=9, Max=75327, Min=1822, Avg=11365.44, 90=5155, 99=75327, 99.9=75327, 99.99=75327] 
2020-09-10 11:52:13:606 170 sec: 554300 operations; 3497.8 current ops/sec; est completion in 48 minutes [READ: Count=34962, Max=894975, Min=0, Avg=17615.76, 90=30319, 99=418815, 99.9=547327, 99.99=632319] [READ-MODIFY-WRITE: Count=17548, Max=700927, Min=2, Avg=18888.75, 90=35263, 99=421631, 99.9=562175, 99.99=615935] [UPDATE: Count=17542, Max=494847, Min=0, Avg=1227.2, 90=3501, 99=13039, 99.9=92927, 99.99=451327] [READ-FAILED: Count=12, Max=17055, Min=1784, Avg=4412.67, 90=8295, 99=17055, 99.9=17055, 99.99=17055] 
2020-09-10 11:52:23:606 180 sec: 587760 operations; 3346 current ops/sec; est completion in 48 minutes [READ: Count=33445, Max=944127, Min=0, Avg=18568.13, 90=31871, 99=432895, 99.9=576511, 99.99=869375] [READ-MODIFY-WRITE: Count=16746, Max=946175, Min=4, Avg=19345.46, 90=36511, 99=432895, 99.9=575999, 99.99=756735] [UPDATE: Count=16746, Max=133887, Min=1, Avg=1071.78, 90=3531, 99=13935, 99.9=30527, 99.99=73791] [READ-FAILED: Count=13, Max=26335, Min=2164, Avg=5829.15, 90=12511, 99=26335, 99.9=26335, 99.99=26335] 
2020-09-10 11:52:33:606 190 sec: 622154 operations; 3439.4 current ops/sec; est completion in 47 minutes [READ: Count=34389, Max=880639, Min=0, Avg=18048.2, 90=33279, 99=408831, 99.9=551935, 99.99=686591] [READ-MODIFY-WRITE: Count=17276, Max=887295, Min=2, Avg=19104.98, 90=38111, 99=415743, 99.9=559615, 99.99=692223] [UPDATE: Count=17279, Max=164351, Min=0, Avg=1141.46, 90=3563, 99=12919, 99.9=61471, 99.99=155135] [READ-FAILED: Count=8, Max=3725, Min=1788, Avg=2871.5, 90=3595, 99=3725, 99.9=3725, 99.99=3725] 
2020-09-10 11:52:43:606 200 sec: 656048 operations; 3389.4 current ops/sec; est completion in 47 minutes [READ: Count=33880, Max=1083391, Min=0, Avg=18478.69, 90=29327, 99=507391, 99.9=613375, 99.99=1012223] [READ-MODIFY-WRITE: Count=16903, Max=1088511, Min=2, Avg=20133.84, 90=34879, 99=514815, 99.9=617983, 99.99=972287] [UPDATE: Count=16906, Max=129471, Min=0, Avg=983.49, 90=3475, 99=11679, 99.9=26703, 99.99=97471] [READ-FAILED: Count=12, Max=7291, Min=2260, Avg=3536.83, 90=5819, 99=7291, 99.9=7291, 99.99=7291] 
2020-09-10 11:52:53:606 210 sec: 687874 operations; 3182.6 current ops/sec; est completion in 47 minutes [READ: Count=31814, Max=790015, Min=0, Avg=19504.23, 90=30783, 99=511743, 99.9=577023, 99.99=714239] [READ-MODIFY-WRITE: Count=15909, Max=795135, Min=2, Avg=20727.63, 90=35775, 99=519167, 99.9=583167, 99.99=681471] [UPDATE: Count=15912, Max=154111, Min=0, Avg=1047.07, 90=3461, 99=12231, 99.9=35071, 99.99=123199] [READ-FAILED: Count=13, Max=6027, Min=1919, Avg=3089.38, 90=3727, 99=6027, 99.9=6027, 99.99=6027] 
2020-09-10 11:53:03:606 220 sec: 719161 operations; 3128.7 current ops/sec; est completion in 47 minutes [READ: Count=31275, Max=1008127, Min=0, Avg=19829.66, 90=33311, 99=511487, 99.9=591871, 99.99=860159] [READ-MODIFY-WRITE: Count=15735, Max=1012735, Min=2, Avg=21407.1, 90=39263, 99=518655, 99.9=611839, 99.99=859135] [UPDATE: Count=15728, Max=139007, Min=0, Avg=1161.23, 90=3537, 99=12927, 99.9=85055, 99.99=129407] [READ-FAILED: Count=12, Max=27263, Min=1852, Avg=6155.25, 90=8479, 99=27263, 99.9=27263, 99.99=27263] 
2020-09-10 11:53:13:606 230 sec: 749292 operations; 3013.1 current ops/sec; est completion in 47 minutes [READ: Count=30119, Max=1001983, Min=0, Avg=20757.23, 90=36799, 99=511231, 99.9=626687, 99.99=836095] [READ-MODIFY-WRITE: Count=15143, Max=985087, Min=3, Avg=21958.68, 90=42271, 99=502015, 99.9=625663, 99.99=762367] [UPDATE: Count=15142, Max=198143, Min=0, Avg=1138.2, 90=3557, 99=14471, 99.9=37631, 99.99=175231] [READ-FAILED: Count=12, Max=15455, Min=1906, Avg=6835.67, 90=14879, 99=15455, 99.9=15455, 99.99=15455] 
2020-09-10 11:53:23:606 240 sec: 783929 operations; 3463.7 current ops/sec; est completion in 47 minutes [READ: Count=34624, Max=1124351, Min=0, Avg=17981.61, 90=32671, 99=409599, 99.9=586239, 99.99=1080319] [READ-MODIFY-WRITE: Count=17205, Max=1106943, Min=2, Avg=18734.58, 90=37439, 99=406015, 99.9=611327, 99.99=951807] [UPDATE: Count=17208, Max=146047, Min=0, Avg=1153.06, 90=3775, 99=13599, 99.9=48031, 99.99=126271] [READ-FAILED: Count=14, Max=14455, Min=2024, Avg=5830.64, 90=12455, 99=14455, 99.9=14455, 99.99=14455] 
2020-09-10 11:53:33:606 250 sec: 816839 operations; 3291 current ops/sec; est completion in 46 minutes [READ: Count=32901, Max=1308671, Min=0, Avg=18861.1, 90=31375, 99=430847, 99.9=673791, 99.99=1207295] [READ-MODIFY-WRITE: Count=16490, Max=1201151, Min=2, Avg=19718.13, 90=36479, 99=428799, 99.9=702463, 99.99=1155071] [UPDATE: Count=16493, Max=98623, Min=0, Avg=1023.55, 90=3549, 99=11991, 99.9=32255, 99.99=90239] [READ-FAILED: Count=9, Max=49663, Min=2118, Avg=10541.44, 90=14367, 99=49663, 99.9=49663, 99.99=49663] 
2020-09-10 11:53:43:606 260 sec: 849934 operations; 3309.5 current ops/sec; est completion in 46 minutes [READ: Count=33082, Max=1129471, Min=0, Avg=18778, 90=31519, 99=450559, 99.9=709631, 99.99=1107967] [READ-MODIFY-WRITE: Count=16582, Max=1119231, Min=2, Avg=19766.61, 90=36319, 99=463871, 99.9=706047, 99.99=1078271] [UPDATE: Count=16580, Max=137087, Min=0, Avg=1104.35, 90=3545, 99=12999, 99.9=41663, 99.99=127231] [READ-FAILED: Count=10, Max=17295, Min=1653, Avg=5177.6, 90=10047, 99=17295, 99.9=17295, 99.99=17295] 
2020-09-10 11:53:53:606 270 sec: 881602 operations; 3166.8 current ops/sec; est completion in 46 minutes [READ: Count=31663, Max=770047, Min=0, Avg=19539.71, 90=31855, 99=513535, 99.9=587263, 99.99=706559] [READ-MODIFY-WRITE: Count=15830, Max=726527, Min=2, Avg=20226.4, 90=36991, 99=515839, 99.9=591359, 99.99=694783] [UPDATE: Count=15829, Max=183295, Min=0, Avg=1141.37, 90=3571, 99=12759, 99.9=46399, 99.99=164223] [READ-FAILED: Count=9, Max=13263, Min=2170, Avg=4576, 90=6007, 99=13263, 99.9=13263, 99.99=13263] 
2020-09-10 11:54:03:606 280 sec: 911495 operations; 2989.3 current ops/sec; est completion in 46 minutes [READ: Count=29880, Max=1060863, Min=0, Avg=20969.49, 90=30895, 99=517375, 99.9=990719, 99.99=1032703] [READ-MODIFY-WRITE: Count=14933, Max=1050623, Min=2, Avg=22175.8, 90=35807, 99=520191, 99.9=989695, 99.99=1040383] [UPDATE: Count=14934, Max=134143, Min=0, Avg=1038.69, 90=3283, 99=13167, 99.9=38431, 99.99=129279] [READ-FAILED: Count=11, Max=5475, Min=2180, Avg=3265.27, 90=5139, 99=5475, 99.9=5475, 99.99=5475] 
2020-09-10 11:54:13:606 290 sec: 943413 operations; 3191.8 current ops/sec; est completion in 46 minutes [READ: Count=31914, Max=940543, Min=1, Avg=19534.24, 90=33215, 99=459519, 99.9=600575, 99.99=844799] [READ-MODIFY-WRITE: Count=15938, Max=943103, Min=3, Avg=20067.66, 90=38207, 99=446719, 99.9=574975, 99.99=726015] [UPDATE: Count=15949, Max=175615, Min=1, Avg=1110.13, 90=3393, 99=12615, 99.9=72703, 99.99=150783] [READ-FAILED: Count=11, Max=5503, Min=2012, Avg=3737.27, 90=5039, 99=5503, 99.9=5503, 99.99=5503] 
2020-09-10 11:54:23:606 300 sec: 981643 operations; 3823 current ops/sec; est completion in 45 minutes [READ: Count=38209, Max=971775, Min=0, Avg=16078.9, 90=30623, 99=241279, 99.9=564735, 99.99=838143] [READ-MODIFY-WRITE: Count=19043, Max=947199, Min=3, Avg=17193.35, 90=35295, 99=242943, 99.9=575999, 99.99=841727] [UPDATE: Count=19029, Max=161919, Min=0, Avg=1088.13, 90=3719, 99=12279, 99.9=32559, 99.99=148735] [READ-FAILED: Count=16, Max=10815, Min=1996, Avg=4066.06, 90=6511, 99=10815, 99.9=10815, 99.99=10815] 
Maximum time elapsed. Requesting stop for the workload.
Stop requested for workload. Now Joining!
[36m11:54:24.109[m [[34;1mINFO[m] [1;34mp.u.t.s.y.Stats.clientFinished@38[m: 
Ended SconeKV benchmark.
Number of clients: 64
Total transactions: 216916
Committed: 158101 (72.88582%)
Aborted: 58815 (27.114183%)
2020-09-10 11:54:24:111 300 sec: 981782 operations; 275.79 current ops/sec; est completion in 46 minutes [READ: Count=133, Max=669695, Min=1886, Avg=131675.3, 90=513279, 99=540671, 99.9=669695, 99.99=669695] [READ-MODIFY-WRITE: Count=57, Max=549887, Min=2430, Avg=157239.77, 90=520959, 99=537087, 99.9=549887, 99.99=549887] [CLEANUP: Count=64, Max=1477, Min=2, Avg=26.73, 90=5, 99=22, 99.9=1477, 99.99=1477] [UPDATE: Count=54, Max=146431, Min=2, Avg=8020.98, 90=21423, 99=110591, 99.9=146431, 99.99=146431] [READ-FAILED: Count=0, Max=0, Min=9223372036854775807, Avg=NaN, 90=0, 99=0, 99.9=0, 99.99=0] 
[OVERALL], RunTime(ms), 300506
[OVERALL], Throughput(ops/sec), 3267.096164469262
[TOTAL_GCS_G1_Young_Generation], Count, 156
[TOTAL_GC_TIME_G1_Young_Generation], Time(ms), 1571
[TOTAL_GC_TIME_%_G1_Young_Generation], Time(%), 0.522784902797282
[TOTAL_GCS_G1_Old_Generation], Count, 0
[TOTAL_GC_TIME_G1_Old_Generation], Time(ms), 0
[TOTAL_GC_TIME_%_G1_Old_Generation], Time(%), 0.0
[TOTAL_GCs], Count, 156
[TOTAL_GC_TIME], Time(ms), 1571
[TOTAL_GC_TIME_%], Time(%), 0.522784902797282
[READ], Operations, 981452
[READ], AverageLatency(us), 18734.18273537575
[READ], MinLatency(us), 0
[READ], MaxLatency(us), 15056895
[READ], 95thPercentileLatency(us), 52863
[READ], 99thPercentileLatency(us), 445183
[READ], Return=OK, 981452
[READ], Return=NOT_FOUND, 330
[READ-MODIFY-WRITE], Operations, 491413
[READ-MODIFY-WRITE], AverageLatency(us), 19776.972890420075
[READ-MODIFY-WRITE], MinLatency(us), 2
[READ-MODIFY-WRITE], MaxLatency(us), 1232895
[READ-MODIFY-WRITE], 95thPercentileLatency(us), 59263
[READ-MODIFY-WRITE], 99thPercentileLatency(us), 446207
[CLEANUP], Operations, 64
[CLEANUP], AverageLatency(us), 26.734375
[CLEANUP], MinLatency(us), 2
[CLEANUP], MaxLatency(us), 1477
[CLEANUP], 95thPercentileLatency(us), 5
[CLEANUP], 99thPercentileLatency(us), 22
[UPDATE], Operations, 491413
[UPDATE], AverageLatency(us), 1163.6325860325226
[UPDATE], MinLatency(us), 0
[UPDATE], MaxLatency(us), 525311
[UPDATE], 95thPercentileLatency(us), 5307
[UPDATE], 99thPercentileLatency(us), 14271
[UPDATE], Return=OK, 491413
[READ-FAILED], Operations, 330
[READ-FAILED], AverageLatency(us), 5328.930303030303
[READ-FAILED], MinLatency(us), 1653
[READ-FAILED], MaxLatency(us), 75327
[READ-FAILED], 95thPercentileLatency(us), 14879
[READ-FAILED], 99thPercentileLatency(us), 44191
