Command line: -t -db pt.ulisboa.tecnico.sconekv.ycsb.SconeKVClient -P workloadb -threads 32 -s -p scone.tx_size=5 -p operationcount=10000000 -p maxexecutiontime=300
YCSB Client 0.17.0

Loading workload...
Starting test.
WARNING: sun.reflect.Reflection.getCallerClass is not supported. This will impact performance.
2020-09-29 11:10:42:011 0 sec: 0 operations; est completion in 0 second 
Maximum execution time specified as: 300 secs
DBWrapper: report latency for each error is false and specific error codes to track for latency are: []
DBWrapper: report latency for each error is false and specific error codes to track for latency are: []
DBWrapper: report latency for each error is false and specific error codes to track for latency are: []
DBWrapper: report latency for each error is false and specific error codes to track for latency are: []
DBWrapper: report latency for each error is false and specific error codes to track for latency are: []
DBWrapper: report latency for each error is false and specific error codes to track for latency are: []
DBWrapper: report latency for each error is false and specific error codes to track for latency are: []
DBWrapper: report latency for each error is false and specific error codes to track for latency are: []
DBWrapper: report latency for each error is false and specific error codes to track for latency are: []
DBWrapper: report latency for each error is false and specific error codes to track for latency are: []
DBWrapper: report latency for each error is false and specific error codes to track for latency are: []
DBWrapper: report latency for each error is false and specific error codes to track for latency are: []
DBWrapper: report latency for each error is false and specific error codes to track for latency are: []
DBWrapper: report latency for each error is false and specific error codes to track for latency are: []
DBWrapper: report latency for each error is false and specific error codes to track for latency are: []
DBWrapper: report latency for each error is false and specific error codes to track for latency are: []
DBWrapper: report latency for each error is false and specific error codes to track for latency are: []
DBWrapper: report latency for each error is false and specific error codes to track for latency are: []
DBWrapper: report latency for each error is false and specific error codes to track for latency are: []
DBWrapper: report latency for each error is false and specific error codes to track for latency are: []
DBWrapper: report latency for each error is false and specific error codes to track for latency are: []
DBWrapper: report latency for each error is false and specific error codes to track for latency are: []
DBWrapper: report latency for each error is false and specific error codes to track for latency are: []
DBWrapper: report latency for each error is false and specific error codes to track for latency are: []
DBWrapper: report latency for each error is false and specific error codes to track for latency are: []
DBWrapper: report latency for each error is false and specific error codes to track for latency are: []
DBWrapper: report latency for each error is false and specific error codes to track for latency are: []
DBWrapper: report latency for each error is false and specific error codes to track for latency are: []
DBWrapper: report latency for each error is false and specific error codes to track for latency are: []
DBWrapper: report latency for each error is false and specific error codes to track for latency are: []
DBWrapper: report latency for each error is false and specific error codes to track for latency are: []
DBWrapper: report latency for each error is false and specific error codes to track for latency are: []
2020-09-29 11:10:52:011 10 sec: 12799 operations; 1279.9 current ops/sec; est completion in 2 hours 10 minutes [READ: Count=12135, Max=635391, Min=0, Avg=19263.7, 90=35839, 99=133247, 99.9=579583, 99.99=610303] [UPDATE: Count=664, Max=583167, Min=483, Avg=22717.36, 90=36447, 99=246783, 99.9=576511, 99.99=583167] [READ-FAILED: Count=19, Max=127167, Min=2130, Avg=16861.74, 90=19375, 99=127167, 99.9=127167, 99.99=127167] 
2020-09-29 11:11:02:011 20 sec: 41615 operations; 2881.6 current ops/sec; est completion in 1 hour 19 minutes [READ: Count=27333, Max=747007, Min=0, Avg=10883.82, 90=19727, 99=89663, 99.9=532479, 99.99=582143] [UPDATE: Count=1439, Max=567295, Min=18, Avg=13970.45, 90=20687, 99=372223, 99.9=553983, 99.99=567295] [READ-FAILED: Count=29, Max=10855, Min=1567, Avg=3685.48, 90=6027, 99=10855, 99.9=10855, 99.99=10855] 
2020-09-29 11:11:12:011 30 sec: 71602 operations; 2998.7 current ops/sec; est completion in 1 hour 9 minutes [READ: Count=28417, Max=844287, Min=0, Avg=10667.33, 90=18751, 99=80959, 99.9=532991, 99.99=691711] [UPDATE: Count=1555, Max=584191, Min=18, Avg=12530.35, 90=18223, 99=391679, 99.9=547327, 99.99=584191] [READ-FAILED: Count=22, Max=70335, Min=2011, Avg=6024.27, 90=4139, 99=70335, 99.9=70335, 99.99=70335] 
2020-09-29 11:11:22:011 40 sec: 100102 operations; 2850 current ops/sec; est completion in 1 hour 5 minutes [READ: Count=27068, Max=793087, Min=0, Avg=11059.26, 90=20159, 99=75455, 99.9=543743, 99.99=715775] [UPDATE: Count=1403, Max=782847, Min=18, Avg=11582.2, 90=20655, 99=63903, 99.9=543743, 99.99=782847] [READ-FAILED: Count=22, Max=11559, Min=1712, Avg=3382.91, 90=4799, 99=11559, 99.9=11559, 99.99=11559] 
2020-09-29 11:11:32:011 50 sec: 128487 operations; 2838.5 current ops/sec; est completion in 1 hour 4 minutes [READ: Count=27011, Max=1089535, Min=0, Avg=11382.53, 90=19055, 99=116287, 99.9=570879, 99.99=689663] [UPDATE: Count=1347, Max=988159, Min=18, Avg=13210.03, 90=19327, 99=348671, 99.9=741375, 99.99=988159] [READ-FAILED: Count=27, Max=9127, Min=1691, Avg=3383.96, 90=4135, 99=9127, 99.9=9127, 99.99=9127] 
2020-09-29 11:11:42:011 60 sec: 158724 operations; 3023.7 current ops/sec; est completion in 1 hour 2 minutes [READ: Count=28722, Max=833535, Min=0, Avg=10470.38, 90=19679, 99=80319, 99.9=530943, 99.99=611839] [UPDATE: Count=1500, Max=966655, Min=14, Avg=12725.01, 90=19887, 99=236927, 99.9=603647, 99.99=966655] [READ-FAILED: Count=17, Max=4723, Min=1623, Avg=2955.06, 90=4123, 99=4723, 99.9=4723, 99.99=4723] 
2020-09-29 11:11:52:011 70 sec: 188945 operations; 3022.1 current ops/sec; est completion in 1 hour [READ: Count=28676, Max=979455, Min=0, Avg=10418.1, 90=20415, 99=66239, 99.9=526335, 99.99=870911] [UPDATE: Count=1517, Max=1001471, Min=15, Avg=12016.77, 90=21103, 99=137087, 99.9=600063, 99.99=1001471] [READ-FAILED: Count=25, Max=11431, Min=1480, Avg=3275.76, 90=5763, 99=11431, 99.9=11431, 99.99=11431] 
2020-09-29 11:12:02:011 80 sec: 217697 operations; 2875.2 current ops/sec; est completion in 59 minutes [READ: Count=27307, Max=761855, Min=0, Avg=11167.93, 90=19519, 99=110143, 99.9=547327, 99.99=603135] [UPDATE: Count=1418, Max=590335, Min=14, Avg=11479.98, 90=19263, 99=201215, 99.9=569343, 99.99=590335] [READ-FAILED: Count=25, Max=25247, Min=1948, Avg=3764.48, 90=3841, 99=25247, 99.9=25247, 99.99=25247] 
2020-09-29 11:12:12:011 90 sec: 250058 operations; 3236.1 current ops/sec; est completion in 58 minutes [READ: Count=30674, Max=807423, Min=0, Avg=9680.45, 90=19455, 99=57375, 99.9=556543, 99.99=706559] [UPDATE: Count=1661, Max=713727, Min=16, Avg=11668.78, 90=20031, 99=114047, 99.9=608255, 99.99=713727] [READ-FAILED: Count=30, Max=15359, Min=1676, Avg=3157.13, 90=3805, 99=15359, 99.9=15359, 99.99=15359] 
2020-09-29 11:12:22:011 100 sec: 278673 operations; 2861.5 current ops/sec; est completion in 58 minutes [READ: Count=27221, Max=917503, Min=0, Avg=11064.28, 90=20175, 99=72639, 99.9=540671, 99.99=658943] [UPDATE: Count=1370, Max=870399, Min=17, Avg=14510.25, 90=21359, 99=427519, 99.9=747007, 99.99=870399] [READ-FAILED: Count=19, Max=31391, Min=1731, Avg=5175.26, 90=4419, 99=31391, 99.9=31391, 99.99=31391] 
2020-09-29 11:12:32:011 110 sec: 306744 operations; 2807.1 current ops/sec; est completion in 57 minutes [READ: Count=26673, Max=1295359, Min=0, Avg=11319.4, 90=19215, 99=103039, 99.9=561151, 99.99=633855] [UPDATE: Count=1384, Max=1188863, Min=16, Avg=15144.16, 90=19727, 99=463871, 99.9=617471, 99.99=1188863] [READ-FAILED: Count=16, Max=9615, Min=2218, Avg=3204.38, 90=3467, 99=9615, 99.9=9615, 99.99=9615] 
2020-09-29 11:12:42:011 120 sec: 338606 operations; 3186.2 current ops/sec; est completion in 57 minutes [READ: Count=30268, Max=1012735, Min=0, Avg=9758.5, 90=19487, 99=61119, 99.9=542207, 99.99=1006591] [UPDATE: Count=1568, Max=975359, Min=15, Avg=12756.36, 90=20319, 99=260991, 99.9=578047, 99.99=975359] [READ-FAILED: Count=26, Max=17711, Min=1967, Avg=4362.38, 90=7535, 99=17711, 99.9=17711, 99.99=17711] 
2020-09-29 11:12:52:011 130 sec: 365993 operations; 2738.7 current ops/sec; est completion in 57 minutes [READ: Count=26027, Max=1075199, Min=0, Avg=11545.6, 90=20639, 99=92351, 99.9=551423, 99.99=817151] [UPDATE: Count=1338, Max=593919, Min=17, Avg=13625.26, 90=20927, 99=402943, 99.9=590335, 99.99=593919] [READ-FAILED: Count=22, Max=7363, Min=1792, Avg=3156.55, 90=4847, 99=7363, 99.9=7363, 99.99=7363] 
2020-09-29 11:13:02:011 140 sec: 395524 operations; 2953.1 current ops/sec; est completion in 56 minutes [READ: Count=28037, Max=641023, Min=0, Avg=10577.34, 90=19695, 99=75647, 99.9=537087, 99.99=583167] [UPDATE: Count=1469, Max=565759, Min=15, Avg=13397.93, 90=22479, 99=262399, 99.9=522239, 99.99=565759] [READ-FAILED: Count=23, Max=25327, Min=1722, Avg=4435.52, 90=7747, 99=25327, 99.9=25327, 99.99=25327] 
2020-09-29 11:13:12:010 150 sec: 424423 operations; 2889.9 current ops/sec; est completion in 56 minutes [READ: Count=27457, Max=1051647, Min=0, Avg=11189.01, 90=19279, 99=80255, 99.9=595455, 99.99=838143] [UPDATE: Count=1416, Max=726527, Min=16, Avg=13842.37, 90=19839, 99=347903, 99.9=589311, 99.99=726527] [READ-FAILED: Count=28, Max=17711, Min=1385, Avg=3561.61, 90=4239, 99=17711, 99.9=17711, 99.99=17711] 
2020-09-29 11:13:22:011 160 sec: 452846 operations; 2842.3 current ops/sec; est completion in 56 minutes [READ: Count=26987, Max=1103871, Min=0, Avg=11034.44, 90=21135, 99=81599, 99.9=538111, 99.99=573439] [UPDATE: Count=1415, Max=820735, Min=16, Avg=15216.92, 90=23039, 99=391935, 99.9=565759, 99.99=820735] [READ-FAILED: Count=26, Max=9167, Min=1841, Avg=3080.38, 90=3615, 99=9167, 99.9=9167, 99.99=9167] 
2020-09-29 11:13:32:010 170 sec: 483204 operations; 3035.8 current ops/sec; est completion in 55 minutes [READ: Count=28874, Max=1354751, Min=0, Avg=10413.64, 90=18783, 99=72703, 99.9=539647, 99.99=710655] [UPDATE: Count=1461, Max=692735, Min=18, Avg=13998.94, 90=20047, 99=413183, 99.9=666111, 99.99=692735] [READ-FAILED: Count=21, Max=9135, Min=2336, Avg=3727.33, 90=5263, 99=9135, 99.9=9135, 99.99=9135] 
2020-09-29 11:13:42:011 180 sec: 514712 operations; 3150.8 current ops/sec; est completion in 55 minutes [READ: Count=29909, Max=1041919, Min=0, Avg=10021, 90=19327, 99=68223, 99.9=532991, 99.99=572415] [UPDATE: Count=1576, Max=543231, Min=17, Avg=11297.7, 90=19103, 99=111615, 99.9=529919, 99.99=543231] [READ-FAILED: Count=19, Max=15167, Min=2025, Avg=4109, 90=5483, 99=15167, 99.9=15167, 99.99=15167] 
2020-09-29 11:13:52:010 190 sec: 543810 operations; 2909.8 current ops/sec; est completion in 55 minutes [READ: Count=27583, Max=1229823, Min=0, Avg=10926.5, 90=20111, 99=83775, 99.9=547327, 99.99=840703] [UPDATE: Count=1481, Max=565759, Min=16, Avg=11784.01, 90=20575, 99=204159, 99.9=540671, 99.99=565759] [READ-FAILED: Count=33, Max=14191, Min=1757, Avg=3089.36, 90=3757, 99=14191, 99.9=14191, 99.99=14191] 
2020-09-29 11:14:02:011 200 sec: 574408 operations; 3059.8 current ops/sec; est completion in 54 minutes [READ: Count=29048, Max=696319, Min=0, Avg=10382.68, 90=19199, 99=76223, 99.9=531455, 99.99=565247] [UPDATE: Count=1525, Max=781311, Min=15, Avg=13599.9, 90=19615, 99=350975, 99.9=565759, 99.99=781311] [READ-FAILED: Count=25, Max=10311, Min=2019, Avg=3386.52, 90=4081, 99=10311, 99.9=10311, 99.99=10311] 
2020-09-29 11:14:12:011 210 sec: 604487 operations; 3007.9 current ops/sec; est completion in 54 minutes [READ: Count=28537, Max=1418239, Min=0, Avg=10478.86, 90=19583, 99=75263, 99.9=537599, 99.99=863743] [UPDATE: Count=1511, Max=846847, Min=17, Avg=12639.06, 90=20527, 99=132607, 99.9=586239, 99.99=846847] [READ-FAILED: Count=31, Max=5811, Min=1258, Avg=3074.97, 90=4583, 99=5811, 99.9=5811, 99.99=5811] 
2020-09-29 11:14:22:010 220 sec: 632991 operations; 2850.4 current ops/sec; est completion in 54 minutes [READ: Count=27047, Max=594431, Min=0, Avg=11245.68, 90=21759, 99=81087, 99.9=544255, 99.99=582655] [UPDATE: Count=1432, Max=869887, Min=15, Avg=13051.68, 90=22207, 99=173695, 99.9=848383, 99.99=869887] [READ-FAILED: Count=27, Max=32591, Min=1711, Avg=5104.96, 90=13663, 99=32591, 99.9=32591, 99.99=32591] 
2020-09-29 11:14:32:010 230 sec: 658811 operations; 2582 current ops/sec; est completion in 54 minutes [READ: Count=24515, Max=1262591, Min=0, Avg=12302.94, 90=19823, 99=216447, 99.9=609791, 99.99=999935] [UPDATE: Count=1282, Max=971263, Min=17, Avg=14029.08, 90=19679, 99=472831, 99.9=736255, 99.99=971263] [READ-FAILED: Count=23, Max=3577, Min=2054, Avg=2830.13, 90=3515, 99=3577, 99.9=3577, 99.99=3577] 
2020-09-29 11:14:42:010 240 sec: 690664 operations; 3185.3 current ops/sec; est completion in 53 minutes [READ: Count=30247, Max=709631, Min=0, Avg=9894.64, 90=20079, 99=67135, 99.9=532991, 99.99=592895] [UPDATE: Count=1580, Max=1049599, Min=16, Avg=12678.57, 90=20911, 99=155519, 99.9=620031, 99.99=1049599] [READ-FAILED: Count=26, Max=43487, Min=1953, Avg=5424.96, 90=5887, 99=43487, 99.9=43487, 99.99=43487] 
2020-09-29 11:14:52:010 250 sec: 719924 operations; 2926 current ops/sec; est completion in 53 minutes [READ: Count=27783, Max=1051647, Min=0, Avg=10820.98, 90=20255, 99=73791, 99.9=531455, 99.99=796671] [UPDATE: Count=1455, Max=689151, Min=16, Avg=12396.34, 90=20639, 99=231679, 99.9=531967, 99.99=689151] [READ-FAILED: Count=24, Max=6051, Min=1776, Avg=3135.33, 90=4255, 99=6051, 99.9=6051, 99.99=6051] 
2020-09-29 11:15:02:011 260 sec: 749549 operations; 2962.5 current ops/sec; est completion in 53 minutes [READ: Count=28090, Max=888319, Min=0, Avg=10744.26, 90=18703, 99=79935, 99.9=551935, 99.99=626175] [UPDATE: Count=1514, Max=653311, Min=18, Avg=12650.7, 90=18735, 99=288255, 99.9=558591, 99.99=653311] [READ-FAILED: Count=22, Max=4539, Min=1962, Avg=2790.5, 90=3939, 99=4539, 99.9=4539, 99.99=4539] 
2020-09-29 11:15:12:011 270 sec: 785271 operations; 3572.2 current ops/sec; est completion in 52 minutes [READ: Count=33818, Max=1106943, Min=0, Avg=8875.59, 90=18703, 99=50687, 99.9=527359, 99.99=590335] [UPDATE: Count=1866, Max=695295, Min=16, Avg=10433.07, 90=18655, 99=82943, 99.9=530943, 99.99=695295] [READ-FAILED: Count=33, Max=22111, Min=2033, Avg=3650.42, 90=3975, 99=22111, 99.9=22111, 99.99=22111] 
2020-09-29 11:15:22:010 280 sec: 814958 operations; 2968.7 current ops/sec; est completion in 52 minutes [READ: Count=28149, Max=843263, Min=0, Avg=10466.48, 90=20351, 99=63903, 99.9=538111, 99.99=667647] [UPDATE: Count=1506, Max=691199, Min=17, Avg=13788.98, 90=21695, 99=279039, 99.9=530431, 99.99=691199] [READ-FAILED: Count=32, Max=8975, Min=1928, Avg=3602.97, 90=5427, 99=8975, 99.9=8975, 99.99=8975] 
2020-09-29 11:15:32:010 290 sec: 846064 operations; 3110.6 current ops/sec; est completion in 52 minutes [READ: Count=29474, Max=894975, Min=0, Avg=10273.74, 90=19887, 99=83071, 99.9=533503, 99.99=591359] [UPDATE: Count=1598, Max=910847, Min=16, Avg=12311.74, 90=20719, 99=128959, 99.9=604671, 99.99=910847] [READ-FAILED: Count=37, Max=14559, Min=1774, Avg=3298.65, 90=4135, 99=14559, 99.9=14559, 99.99=14559] 
2020-09-29 11:15:42:010 300 sec: 880766 operations; 3470.2 current ops/sec; est completion in 51 minutes [READ: Count=32938, Max=756735, Min=0, Avg=9198.75, 90=18943, 99=47711, 99.9=552959, 99.99=681983] [UPDATE: Count=1735, Max=651775, Min=16, Avg=10340.54, 90=18799, 99=55327, 99.9=578047, 99.99=651775] [READ-FAILED: Count=27, Max=14215, Min=1771, Avg=3810.85, 90=5383, 99=14215, 99.9=14215, 99.99=14215] 
Maximum time elapsed. Requesting stop for the workload.
Stop requested for workload. Now Joining!
[36m11:15:42.530[m [[34;1mINFO[m] [1;34mp.u.t.s.y.Stats.clientFinished@38[m: 
Ended SconeKV benchmark.
Number of clients: 32
Total transactions: 175337
Committed: 168614 (96.16567%)
Aborted: 6723 (3.8343303%)
2020-09-29 11:15:42:531 300 sec: 881173 operations; 781.19 current ops/sec; est completion in 51 minutes [READ: Count=389, Max=521471, Min=118, Avg=12157.86, 90=22415, 99=43519, 99.9=521471, 99.99=521471] [CLEANUP: Count=32, Max=1452, Min=2, Avg=48.66, 90=6, 99=1452, 99.9=1452, 99.99=1452] [UPDATE: Count=16, Max=21151, Min=1832, Avg=7220.56, 90=20351, 99=21151, 99.9=21151, 99.99=21151] [READ-FAILED: Count=1, Max=3015, Min=3014, Avg=3015, 90=3015, 99=3015, 99.9=3015, 99.99=3015] 
[OVERALL], RunTime(ms), 300521
[OVERALL], Throughput(ops/sec), 2932.151164144935
[TOTAL_GCS_G1_Young_Generation], Count, 128
[TOTAL_GC_TIME_G1_Young_Generation], Time(ms), 1133
[TOTAL_GC_TIME_%_G1_Young_Generation], Time(%), 0.3770119226277032
[TOTAL_GCS_G1_Old_Generation], Count, 0
[TOTAL_GC_TIME_G1_Old_Generation], Time(ms), 0
[TOTAL_GC_TIME_%_G1_Old_Generation], Time(%), 0.0
[TOTAL_GCs], Count, 128
[TOTAL_GC_TIME], Time(ms), 1133
[TOTAL_GC_TIME_%], Time(%), 0.3770119226277032
[READ], Operations, 836414
[READ], AverageLatency(us), 10710.390202698663
[READ], MinLatency(us), 0
[READ], MaxLatency(us), 1418239
[READ], 95thPercentileLatency(us), 25439
[READ], 99thPercentileLatency(us), 76095
[READ], Return=OK, 836414
[READ], Return=NOT_FOUND, 757
[CLEANUP], Operations, 32
[CLEANUP], AverageLatency(us), 48.65625
[CLEANUP], MinLatency(us), 2
[CLEANUP], MaxLatency(us), 1452
[CLEANUP], 95thPercentileLatency(us), 7
[CLEANUP], 99thPercentileLatency(us), 1452
[UPDATE], Operations, 44002
[UPDATE], AverageLatency(us), 12930.967092404891
[UPDATE], MinLatency(us), 14
[UPDATE], MaxLatency(us), 1188863
[UPDATE], 95thPercentileLatency(us), 28063
[UPDATE], 99thPercentileLatency(us), 290559
[UPDATE], Return=OK, 44002
[READ-FAILED], Operations, 757
[READ-FAILED], AverageLatency(us), 4020.4015852047555
[READ-FAILED], MinLatency(us), 1258
[READ-FAILED], MaxLatency(us), 127167
[READ-FAILED], 95thPercentileLatency(us), 8975
[READ-FAILED], 99thPercentileLatency(us), 22111
