Command line: -t -db pt.ulisboa.tecnico.sconekv.ycsb.SconeKVClient -P workloadb -threads 16 -s -p scone.tx_size=5 -p operationcount=10000000 -p maxexecutiontime=300
YCSB Client 0.17.0

Loading workload...
Starting test.
WARNING: sun.reflect.Reflection.getCallerClass is not supported. This will impact performance.
Maximum execution time specified as: 300 secs
2020-09-29 10:45:30:709 0 sec: 0 operations; est completion in 0 second 
DBWrapper: report latency for each error is false and specific error codes to track for latency are: []
DBWrapper: report latency for each error is false and specific error codes to track for latency are: []
DBWrapper: report latency for each error is false and specific error codes to track for latency are: []
DBWrapper: report latency for each error is false and specific error codes to track for latency are: []
DBWrapper: report latency for each error is false and specific error codes to track for latency are: []
DBWrapper: report latency for each error is false and specific error codes to track for latency are: []
DBWrapper: report latency for each error is false and specific error codes to track for latency are: []
DBWrapper: report latency for each error is false and specific error codes to track for latency are: []
DBWrapper: report latency for each error is false and specific error codes to track for latency are: []
DBWrapper: report latency for each error is false and specific error codes to track for latency are: []
DBWrapper: report latency for each error is false and specific error codes to track for latency are: []
DBWrapper: report latency for each error is false and specific error codes to track for latency are: []
DBWrapper: report latency for each error is false and specific error codes to track for latency are: []
DBWrapper: report latency for each error is false and specific error codes to track for latency are: []
DBWrapper: report latency for each error is false and specific error codes to track for latency are: []
DBWrapper: report latency for each error is false and specific error codes to track for latency are: []
2020-09-29 10:45:40:708 10 sec: 13318 operations; 1331.53 current ops/sec; est completion in 2 hours 5 minutes [READ: Count=12662, Max=1011199, Min=0, Avg=9997.84, 90=18687, 99=51519, 99.9=529407, 99.99=563711] [UPDATE: Count=644, Max=545791, Min=27, Avg=10786.7, 90=19183, 99=58783, 99.9=538111, 99.99=545791] [READ-FAILED: Count=13, Max=18159, Min=2174, Avg=4482.54, 90=8935, 99=18159, 99.9=18159, 99.99=18159] 
2020-09-29 10:45:50:707 20 sec: 31335 operations; 1801.88 current ops/sec; est completion in 1 hour 46 minutes [READ: Count=17067, Max=553983, Min=0, Avg=8846.61, 90=16135, 99=43423, 99.9=524799, 99.99=546303] [UPDATE: Count=938, Max=542719, Min=20, Avg=9628.99, 90=16351, 99=65375, 99.9=541183, 99.99=542719] [READ-FAILED: Count=12, Max=3705, Min=2052, Avg=2675.67, 90=3581, 99=3705, 99.9=3705, 99.99=3705] 
2020-09-29 10:46:00:707 30 sec: 50662 operations; 1932.7 current ops/sec; est completion in 1 hour 38 minutes [READ: Count=18346, Max=560639, Min=0, Avg=8441.79, 90=15847, 99=34783, 99.9=526847, 99.99=553471] [UPDATE: Count=969, Max=540159, Min=16, Avg=6852.45, 90=15823, 99=31503, 99.9=513791, 99.99=540159] [READ-FAILED: Count=13, Max=2955, Min=2062, Avg=2491.31, 90=2905, 99=2955, 99.9=2955, 99.99=2955] 
2020-09-29 10:46:10:707 40 sec: 70819 operations; 2015.7 current ops/sec; est completion in 1 hour 33 minutes [READ: Count=19145, Max=847359, Min=0, Avg=7989.59, 90=15471, 99=35455, 99.9=523519, 99.99=796671] [UPDATE: Count=995, Max=519167, Min=14, Avg=6368.45, 90=15223, 99=35327, 99.9=118335, 99.99=519167] [READ-FAILED: Count=19, Max=4123, Min=1783, Avg=2795.74, 90=3601, 99=4123, 99.9=4123, 99.99=4123] 
2020-09-29 10:46:20:707 50 sec: 89281 operations; 1846.2 current ops/sec; est completion in 1 hour 32 minutes [READ: Count=17497, Max=544255, Min=0, Avg=8585.24, 90=15479, 99=42751, 99.9=529919, 99.99=539135] [UPDATE: Count=945, Max=523007, Min=18, Avg=6973.06, 90=14903, 99=36127, 99.9=512511, 99.99=523007] [READ-FAILED: Count=16, Max=35391, Min=1814, Avg=4573.19, 90=3377, 99=35391, 99.9=35391, 99.99=35391] 
2020-09-29 10:46:30:707 60 sec: 101577 operations; 1229.6 current ops/sec; est completion in 1 hour 37 minutes [READ: Count=11694, Max=854015, Min=0, Avg=13100.28, 90=18463, 99=204415, 99.9=571391, 99.99=686079] [UPDATE: Count=591, Max=609279, Min=17, Avg=14042.49, 90=18847, 99=391423, 99.9=541695, 99.99=609279] [READ-FAILED: Count=16, Max=9823, Min=1794, Avg=3310.12, 90=3819, 99=9823, 99.9=9823, 99.99=9823] 
2020-09-29 10:46:40:708 70 sec: 121457 operations; 1988 current ops/sec; est completion in 1 hour 34 minutes [READ: Count=18844, Max=573951, Min=0, Avg=8030.21, 90=14911, 99=39359, 99.9=521983, 99.99=563711] [UPDATE: Count=1016, Max=779263, Min=12, Avg=9834.52, 90=15031, 99=79295, 99.9=534527, 99.99=779263] [READ-FAILED: Count=21, Max=7847, Min=2090, Avg=3294.86, 90=4843, 99=7847, 99.9=7847, 99.99=7847] 
2020-09-29 10:46:50:707 80 sec: 141348 operations; 1989.1 current ops/sec; est completion in 1 hour 33 minutes [READ: Count=18802, Max=580607, Min=0, Avg=7823.12, 90=14775, 99=42815, 99.9=523775, 99.99=552447] [UPDATE: Count=1064, Max=527359, Min=13, Avg=8629.15, 90=14407, 99=49919, 99.9=522751, 99.99=527359] [READ-FAILED: Count=20, Max=5235, Min=1665, Avg=2724.35, 90=3363, 99=5235, 99.9=5235, 99.99=5235] 
2020-09-29 10:47:00:707 90 sec: 162889 operations; 2154.1 current ops/sec; est completion in 1 hour 30 minutes [READ: Count=20493, Max=556031, Min=0, Avg=7391.37, 90=15367, 99=36639, 99.9=521727, 99.99=552959] [UPDATE: Count=1035, Max=567295, Min=14, Avg=9991.47, 90=16367, 99=72703, 99.9=559103, 99.99=567295] [READ-FAILED: Count=17, Max=10143, Min=1460, Avg=3476.12, 90=5399, 99=10143, 99.9=10143, 99.99=10143] 
2020-09-29 10:47:10:707 100 sec: 183877 operations; 2098.8 current ops/sec; est completion in 1 hour 28 minutes [READ: Count=19904, Max=558591, Min=0, Avg=7632.15, 90=15359, 99=39391, 99.9=520703, 99.99=556543] [UPDATE: Count=1065, Max=529919, Min=14, Avg=7894.68, 90=14903, 99=36223, 99.9=521727, 99.99=529919] [READ-FAILED: Count=17, Max=4791, Min=2000, Avg=2552.88, 90=2597, 99=4791, 99.9=4791, 99.99=4791] 
2020-09-29 10:47:20:707 110 sec: 203745 operations; 1986.8 current ops/sec; est completion in 1 hour 28 minutes [READ: Count=18841, Max=556543, Min=0, Avg=8018.22, 90=15295, 99=40927, 99.9=521727, 99.99=555519] [UPDATE: Count=997, Max=550911, Min=13, Avg=9878.88, 90=15623, 99=69823, 99.9=528383, 99.99=550911] [READ-FAILED: Count=31, Max=4763, Min=1671, Avg=2705.26, 90=3309, 99=4763, 99.9=4763, 99.99=4763] 
2020-09-29 10:47:30:707 120 sec: 224013 operations; 2026.8 current ops/sec; est completion in 1 hour 27 minutes [READ: Count=19281, Max=1011199, Min=0, Avg=7838.52, 90=15207, 99=36735, 99.9=524287, 99.99=561151] [UPDATE: Count=963, Max=565247, Min=17, Avg=8515.38, 90=15783, 99=47679, 99.9=514815, 99.99=565247] [READ-FAILED: Count=22, Max=8663, Min=1734, Avg=2743.77, 90=2903, 99=8663, 99.9=8663, 99.99=8663] 
2020-09-29 10:47:40:707 130 sec: 244656 operations; 2064.3 current ops/sec; est completion in 1 hour 26 minutes [READ: Count=19625, Max=599039, Min=0, Avg=7668.74, 90=14863, 99=35839, 99.9=520191, 99.99=550911] [UPDATE: Count=997, Max=614399, Min=16, Avg=9317.76, 90=14639, 99=50047, 99.9=601599, 99.99=614399] [READ-FAILED: Count=20, Max=4935, Min=1985, Avg=2816, 90=3445, 99=4935, 99.9=4935, 99.99=4935] 
2020-09-29 10:47:50:708 140 sec: 263497 operations; 1884.1 current ops/sec; est completion in 1 hour 26 minutes [READ: Count=17887, Max=946175, Min=0, Avg=8379.43, 90=14959, 99=36511, 99.9=534015, 99.99=589311] [UPDATE: Count=937, Max=680959, Min=17, Avg=10146.19, 90=14367, 99=247295, 99.9=535551, 99.99=680959] [READ-FAILED: Count=18, Max=5547, Min=1918, Avg=3052.72, 90=4025, 99=5547, 99.9=5547, 99.99=5547] 
2020-09-29 10:48:00:707 150 sec: 284515 operations; 2101.8 current ops/sec; est completion in 1 hour 25 minutes [READ: Count=19947, Max=863743, Min=0, Avg=7613.8, 90=14935, 99=34367, 99.9=522751, 99.99=564223] [UPDATE: Count=1052, Max=517375, Min=17, Avg=8087.22, 90=15455, 99=36767, 99.9=513791, 99.99=517375] [READ-FAILED: Count=18, Max=9631, Min=1960, Avg=3463.67, 90=5543, 99=9631, 99.9=9631, 99.99=9631] 
2020-09-29 10:48:10:707 160 sec: 305976 operations; 2146.1 current ops/sec; est completion in 1 hour 24 minutes [READ: Count=20357, Max=842751, Min=0, Avg=7417.96, 90=14927, 99=37983, 99.9=529407, 99.99=563711] [UPDATE: Count=1080, Max=517375, Min=15, Avg=7771.91, 90=14927, 99=33087, 99.9=515327, 99.99=517375] [READ-FAILED: Count=26, Max=6407, Min=1669, Avg=2823.77, 90=3675, 99=6407, 99.9=6407, 99.99=6407] 
2020-09-29 10:48:20:707 170 sec: 328368 operations; 2239.2 current ops/sec; est completion in 1 hour 23 minutes [READ: Count=21243, Max=546303, Min=0, Avg=7115.18, 90=14711, 99=32799, 99.9=521215, 99.99=543743] [UPDATE: Count=1125, Max=527359, Min=15, Avg=6995.88, 90=14895, 99=33055, 99.9=516863, 99.99=527359] [READ-FAILED: Count=21, Max=19903, Min=1840, Avg=3373.24, 90=3479, 99=19903, 99.9=19903, 99.99=19903] 
2020-09-29 10:48:30:707 180 sec: 350573 operations; 2220.5 current ops/sec; est completion in 1 hour 22 minutes [READ: Count=21072, Max=1008127, Min=0, Avg=7150.25, 90=14927, 99=33919, 99.9=526335, 99.99=721407] [UPDATE: Count=1112, Max=532479, Min=17, Avg=7976.5, 90=14727, 99=37663, 99.9=527359, 99.99=532479] [READ-FAILED: Count=21, Max=19135, Min=1704, Avg=3611.43, 90=4391, 99=19135, 99.9=19135, 99.99=19135] 
2020-09-29 10:48:40:707 190 sec: 370995 operations; 2042.4 current ops/sec; est completion in 1 hour 22 minutes [READ: Count=19381, Max=746495, Min=0, Avg=7861.26, 90=14591, 99=37279, 99.9=525823, 99.99=569855] [UPDATE: Count=1023, Max=546815, Min=15, Avg=9327.57, 90=15215, 99=133759, 99.9=518655, 99.99=546815] [READ-FAILED: Count=19, Max=3141, Min=1787, Avg=2585.37, 90=2997, 99=3141, 99.9=3141, 99.99=3141] 
2020-09-29 10:48:50:707 200 sec: 392447 operations; 2144.99 current ops/sec; est completion in 1 hour 21 minutes [READ: Count=20363, Max=581631, Min=0, Avg=7274.38, 90=14711, 99=29583, 99.9=521471, 99.99=579071] [UPDATE: Count=1070, Max=654847, Min=15, Avg=10100.6, 90=15271, 99=50175, 99.9=575487, 99.99=654847] [READ-FAILED: Count=19, Max=4923, Min=2011, Avg=2680.21, 90=3323, 99=4923, 99.9=4923, 99.99=4923] 
2020-09-29 10:49:00:707 210 sec: 413776 operations; 2132.9 current ops/sec; est completion in 1 hour 21 minutes [READ: Count=20288, Max=553983, Min=0, Avg=7524.96, 90=15151, 99=33791, 99.9=520191, 99.99=541695] [UPDATE: Count=1022, Max=514047, Min=17, Avg=7400.62, 90=15199, 99=38431, 99.9=455423, 99.99=514047] [READ-FAILED: Count=21, Max=6131, Min=2058, Avg=2945.29, 90=3815, 99=6131, 99.9=6131, 99.99=6131] 
2020-09-29 10:49:10:707 220 sec: 435153 operations; 2137.91 current ops/sec; est completion in 1 hour 20 minutes [READ: Count=20272, Max=556543, Min=1, Avg=7455, 90=14967, 99=37023, 99.9=522495, 99.99=550399] [UPDATE: Count=1088, Max=516095, Min=17, Avg=7992.54, 90=15295, 99=52415, 99.9=513535, 99.99=516095] [READ-FAILED: Count=16, Max=4391, Min=2066, Avg=2775.69, 90=3769, 99=4391, 99.9=4391, 99.99=4391] 
2020-09-29 10:49:20:708 230 sec: 455516 operations; 2035.89 current ops/sec; est completion in 1 hour 20 minutes [READ: Count=19277, Max=1000447, Min=0, Avg=7690.66, 90=15007, 99=37279, 99.9=534015, 99.99=995839] [UPDATE: Count=1050, Max=517887, Min=19, Avg=8206.94, 90=15271, 99=38655, 99.9=514815, 99.99=517887] [READ-FAILED: Count=34, Max=19231, Min=1545, Avg=3250.21, 90=3713, 99=19231, 99.9=19231, 99.99=19231] 
2020-09-29 10:49:30:707 240 sec: 476484 operations; 2097.01 current ops/sec; est completion in 1 hour 19 minutes [READ: Count=19915, Max=554495, Min=1, Avg=7799.81, 90=15055, 99=34303, 99.9=523263, 99.99=547327] [UPDATE: Count=1035, Max=528895, Min=15, Avg=7246.07, 90=14943, 99=32927, 99.9=524287, 99.99=528895] [READ-FAILED: Count=22, Max=5163, Min=1715, Avg=2618.05, 90=3371, 99=5163, 99.9=5163, 99.99=5163] 
2020-09-29 10:49:40:708 250 sec: 497950 operations; 2146.6 current ops/sec; est completion in 1 hour 19 minutes [READ: Count=20342, Max=932863, Min=0, Avg=7186.77, 90=15031, 99=35039, 99.9=524031, 99.99=560639] [UPDATE: Count=1094, Max=549375, Min=16, Avg=8509.52, 90=15591, 99=46239, 99.9=520447, 99.99=549375] [READ-FAILED: Count=26, Max=9519, Min=1538, Avg=3096.08, 90=4079, 99=9519, 99.9=9519, 99.99=9519] 
2020-09-29 10:49:50:707 260 sec: 517951 operations; 2000.1 current ops/sec; est completion in 1 hour 19 minutes [READ: Count=19000, Max=603135, Min=0, Avg=8256.81, 90=15167, 99=43423, 99.9=538111, 99.99=594943] [UPDATE: Count=985, Max=519167, Min=17, Avg=7064.71, 90=14831, 99=44191, 99.9=511999, 99.99=519167] [READ-FAILED: Count=20, Max=3949, Min=2016, Avg=2596.3, 90=3085, 99=3949, 99.9=3949, 99.99=3949] 
2020-09-29 10:50:00:707 270 sec: 537964 operations; 2001.3 current ops/sec; est completion in 1 hour 19 minutes [READ: Count=19005, Max=584703, Min=0, Avg=8014.6, 90=14863, 99=38335, 99.9=523775, 99.99=575487] [UPDATE: Count=987, Max=596479, Min=16, Avg=7648.79, 90=15175, 99=42527, 99.9=512767, 99.99=596479] [READ-FAILED: Count=18, Max=8487, Min=1807, Avg=2930.22, 90=3959, 99=8487, 99.9=8487, 99.99=8487] 
2020-09-29 10:50:10:707 280 sec: 557660 operations; 1969.6 current ops/sec; est completion in 1 hour 19 minutes [READ: Count=18713, Max=689151, Min=0, Avg=8099.85, 90=15327, 99=55679, 99.9=526335, 99.99=605695] [UPDATE: Count=972, Max=522751, Min=16, Avg=8782.45, 90=16303, 99=42655, 99.9=519935, 99.99=522751] [READ-FAILED: Count=12, Max=3857, Min=1901, Avg=2514.08, 90=3123, 99=3857, 99.9=3857, 99.99=3857] 
2020-09-29 10:50:20:707 290 sec: 579626 operations; 2196.6 current ops/sec; est completion in 1 hour 18 minutes [READ: Count=20867, Max=537599, Min=0, Avg=7225.44, 90=14791, 99=34559, 99.9=521215, 99.99=536575] [UPDATE: Count=1084, Max=521471, Min=16, Avg=8494, 90=15415, 99=33631, 99.9=520959, 99.99=521471] [READ-FAILED: Count=18, Max=5339, Min=1722, Avg=2581.67, 90=3325, 99=5339, 99.9=5339, 99.99=5339] 
2020-09-29 10:50:30:707 300 sec: 602086 operations; 2246 current ops/sec; est completion in 1 hour 18 minutes [READ: Count=21312, Max=611327, Min=0, Avg=7058.86, 90=14743, 99=31055, 99.9=524287, 99.99=536575] [UPDATE: Count=1119, Max=535551, Min=17, Avg=8091.51, 90=15191, 99=40479, 99.9=528383, 99.99=535551] [READ-FAILED: Count=26, Max=26831, Min=1941, Avg=3842.04, 90=4535, 99=26831, 99.9=26831, 99.99=26831] 
Maximum time elapsed. Requesting stop for the workload.
Stop requested for workload. Now Joining!
[36m10:50:31.180[m [[34;1mINFO[m] [1;34mp.u.t.s.y.Stats.clientFinished@38[m: 
Ended SconeKV benchmark.
Number of clients: 16
Total transactions: 119806
Committed: 116729 (97.43169%)
Aborted: 3077 (2.5683186%)
2020-09-29 10:50:31:182 300 sec: 602127 operations; 86.5 current ops/sec; est completion in 1 hour 18 minutes [READ: Count=39, Max=520959, Min=2054, Avg=73635.56, 90=512767, 99=520959, 99.9=520959, 99.99=520959] [CLEANUP: Count=16, Max=1943, Min=3, Avg=128.19, 90=11, 99=1943, 99.9=1943, 99.99=1943] [UPDATE: Count=0, Max=0, Min=9223372036854775807, Avg=NaN, 90=0, 99=0, 99.9=0, 99.99=0] [READ-FAILED: Count=0, Max=0, Min=9223372036854775807, Avg=NaN, 90=0, 99=0, 99.9=0, 99.99=0] 
[OVERALL], RunTime(ms), 300475
[OVERALL], Throughput(ops/sec), 2003.9171312089193
[TOTAL_GCS_G1_Young_Generation], Count, 107
[TOTAL_GC_TIME_G1_Young_Generation], Time(ms), 679
[TOTAL_GC_TIME_%_G1_Young_Generation], Time(%), 0.22597553873034362
[TOTAL_GCS_G1_Old_Generation], Count, 0
[TOTAL_GC_TIME_G1_Old_Generation], Time(ms), 0
[TOTAL_GC_TIME_%_G1_Old_Generation], Time(%), 0.0
[TOTAL_GCs], Count, 107
[TOTAL_GC_TIME], Time(ms), 679
[TOTAL_GC_TIME_%], Time(%), 0.22597553873034362
[READ], Operations, 571481
[READ], AverageLatency(us), 7903.70067596298
[READ], MinLatency(us), 0
[READ], MaxLatency(us), 1011199
[READ], 95thPercentileLatency(us), 18271
[READ], 99thPercentileLatency(us), 39039
[READ], Return=OK, 571481
[READ], Return=NOT_FOUND, 592
[CLEANUP], Operations, 16
[CLEANUP], AverageLatency(us), 128.1875
[CLEANUP], MinLatency(us), 3
[CLEANUP], MaxLatency(us), 1943
[CLEANUP], 95thPercentileLatency(us), 35
[CLEANUP], 99thPercentileLatency(us), 1943
[UPDATE], Operations, 30054
[UPDATE], AverageLatency(us), 8504.564450655487
[UPDATE], MinLatency(us), 12
[UPDATE], MaxLatency(us), 779263
[UPDATE], 95thPercentileLatency(us), 19023
[UPDATE], 99thPercentileLatency(us), 47743
[UPDATE], Return=OK, 30054
[READ-FAILED], Operations, 592
[READ-FAILED], AverageLatency(us), 3044.3260135135133
[READ-FAILED], MinLatency(us), 1460
[READ-FAILED], MaxLatency(us), 35391
[READ-FAILED], 95thPercentileLatency(us), 4935
[READ-FAILED], 99thPercentileLatency(us), 10143
