Command line: -t -db pt.ulisboa.tecnico.sconekv.ycsb.SconeKVClient -P workloadf -threads 128 -s -p scone.tx_size=5 -p operationcount=10000000 -p maxexecutiontime=300
YCSB Client 0.17.0

Loading workload...
Starting test.
WARNING: sun.reflect.Reflection.getCallerClass is not supported. This will impact performance.
Maximum execution time specified as: 300 secs
2020-09-29 16:36:53:869 0 sec: 0 operations; est completion in 0 second 
DBWrapper: report latency for each error is false and specific error codes to track for latency are: []
DBWrapper: report latency for each error is false and specific error codes to track for latency are: []
DBWrapper: report latency for each error is false and specific error codes to track for latency are: []
DBWrapper: report latency for each error is false and specific error codes to track for latency are: []
DBWrapper: report latency for each error is false and specific error codes to track for latency are: []
DBWrapper: report latency for each error is false and specific error codes to track for latency are: []
DBWrapper: report latency for each error is false and specific error codes to track for latency are: []
DBWrapper: report latency for each error is false and specific error codes to track for latency are: []
DBWrapper: report latency for each error is false and specific error codes to track for latency are: []
DBWrapper: report latency for each error is false and specific error codes to track for latency are: []
DBWrapper: report latency for each error is false and specific error codes to track for latency are: []
DBWrapper: report latency for each error is false and specific error codes to track for latency are: []
DBWrapper: report latency for each error is false and specific error codes to track for latency are: []
DBWrapper: report latency for each error is false and specific error codes to track for latency are: []
DBWrapper: report latency for each error is false and specific error codes to track for latency are: []
DBWrapper: report latency for each error is false and specific error codes to track for latency are: []
DBWrapper: report latency for each error is false and specific error codes to track for latency are: []
DBWrapper: report latency for each error is false and specific error codes to track for latency are: []
DBWrapper: report latency for each error is false and specific error codes to track for latency are: []
DBWrapper: report latency for each error is false and specific error codes to track for latency are: []
DBWrapper: report latency for each error is false and specific error codes to track for latency are: []
DBWrapper: report latency for each error is false and specific error codes to track for latency are: []
DBWrapper: report latency for each error is false and specific error codes to track for latency are: []
DBWrapper: report latency for each error is false and specific error codes to track for latency are: []
DBWrapper: report latency for each error is false and specific error codes to track for latency are: []
DBWrapper: report latency for each error is false and specific error codes to track for latency are: []
DBWrapper: report latency for each error is false and specific error codes to track for latency are: []
DBWrapper: report latency for each error is false and specific error codes to track for latency are: []
DBWrapper: report latency for each error is false and specific error codes to track for latency are: []
DBWrapper: report latency for each error is false and specific error codes to track for latency are: []
DBWrapper: report latency for each error is false and specific error codes to track for latency are: []
DBWrapper: report latency for each error is false and specific error codes to track for latency are: []
DBWrapper: report latency for each error is false and specific error codes to track for latency are: []
DBWrapper: report latency for each error is false and specific error codes to track for latency are: []
DBWrapper: report latency for each error is false and specific error codes to track for latency are: []
DBWrapper: report latency for each error is false and specific error codes to track for latency are: []
DBWrapper: report latency for each error is false and specific error codes to track for latency are: []
DBWrapper: report latency for each error is false and specific error codes to track for latency are: []
DBWrapper: report latency for each error is false and specific error codes to track for latency are: []
DBWrapper: report latency for each error is false and specific error codes to track for latency are: []
DBWrapper: report latency for each error is false and specific error codes to track for latency are: []
DBWrapper: report latency for each error is false and specific error codes to track for latency are: []
DBWrapper: report latency for each error is false and specific error codes to track for latency are: []
DBWrapper: report latency for each error is false and specific error codes to track for latency are: []
DBWrapper: report latency for each error is false and specific error codes to track for latency are: []
DBWrapper: report latency for each error is false and specific error codes to track for latency are: []
DBWrapper: report latency for each error is false and specific error codes to track for latency are: []
DBWrapper: report latency for each error is false and specific error codes to track for latency are: []
DBWrapper: report latency for each error is false and specific error codes to track for latency are: []
DBWrapper: report latency for each error is false and specific error codes to track for latency are: []
DBWrapper: report latency for each error is false and specific error codes to track for latency are: []
DBWrapper: report latency for each error is false and specific error codes to track for latency are: []
DBWrapper: report latency for each error is false and specific error codes to track for latency are: []
DBWrapper: report latency for each error is false and specific error codes to track for latency are: []
DBWrapper: report latency for each error is false and specific error codes to track for latency are: []
DBWrapper: report latency for each error is false and specific error codes to track for latency are: []
DBWrapper: report latency for each error is false and specific error codes to track for latency are: []
DBWrapper: report latency for each error is false and specific error codes to track for latency are: []
DBWrapper: report latency for each error is false and specific error codes to track for latency are: []
DBWrapper: report latency for each error is false and specific error codes to track for latency are: []
DBWrapper: report latency for each error is false and specific error codes to track for latency are: []
DBWrapper: report latency for each error is false and specific error codes to track for latency are: []
DBWrapper: report latency for each error is false and specific error codes to track for latency are: []
DBWrapper: report latency for each error is false and specific error codes to track for latency are: []
DBWrapper: report latency for each error is false and specific error codes to track for latency are: []
DBWrapper: report latency for each error is false and specific error codes to track for latency are: []
DBWrapper: report latency for each error is false and specific error codes to track for latency are: []
DBWrapper: report latency for each error is false and specific error codes to track for latency are: []
DBWrapper: report latency for each error is false and specific error codes to track for latency are: []
DBWrapper: report latency for each error is false and specific error codes to track for latency are: []
DBWrapper: report latency for each error is false and specific error codes to track for latency are: []
DBWrapper: report latency for each error is false and specific error codes to track for latency are: []
DBWrapper: report latency for each error is false and specific error codes to track for latency are: []
DBWrapper: report latency for each error is false and specific error codes to track for latency are: []
DBWrapper: report latency for each error is false and specific error codes to track for latency are: []
DBWrapper: report latency for each error is false and specific error codes to track for latency are: []
DBWrapper: report latency for each error is false and specific error codes to track for latency are: []
DBWrapper: report latency for each error is false and specific error codes to track for latency are: []
DBWrapper: report latency for each error is false and specific error codes to track for latency are: []
DBWrapper: report latency for each error is false and specific error codes to track for latency are: []
DBWrapper: report latency for each error is false and specific error codes to track for latency are: []
DBWrapper: report latency for each error is false and specific error codes to track for latency are: []
DBWrapper: report latency for each error is false and specific error codes to track for latency are: []
DBWrapper: report latency for each error is false and specific error codes to track for latency are: []
DBWrapper: report latency for each error is false and specific error codes to track for latency are: []
DBWrapper: report latency for each error is false and specific error codes to track for latency are: []
DBWrapper: report latency for each error is false and specific error codes to track for latency are: []
DBWrapper: report latency for each error is false and specific error codes to track for latency are: []
DBWrapper: report latency for each error is false and specific error codes to track for latency are: []
DBWrapper: report latency for each error is false and specific error codes to track for latency are: []
DBWrapper: report latency for each error is false and specific error codes to track for latency are: []
DBWrapper: report latency for each error is false and specific error codes to track for latency are: []
DBWrapper: report latency for each error is false and specific error codes to track for latency are: []
DBWrapper: report latency for each error is false and specific error codes to track for latency are: []
DBWrapper: report latency for each error is false and specific error codes to track for latency are: []
DBWrapper: report latency for each error is false and specific error codes to track for latency are: []
DBWrapper: report latency for each error is false and specific error codes to track for latency are: []
DBWrapper: report latency for each error is false and specific error codes to track for latency are: []
DBWrapper: report latency for each error is false and specific error codes to track for latency are: []
DBWrapper: report latency for each error is false and specific error codes to track for latency are: []
DBWrapper: report latency for each error is false and specific error codes to track for latency are: []
DBWrapper: report latency for each error is false and specific error codes to track for latency are: []
DBWrapper: report latency for each error is false and specific error codes to track for latency are: []
DBWrapper: report latency for each error is false and specific error codes to track for latency are: []
DBWrapper: report latency for each error is false and specific error codes to track for latency are: []
DBWrapper: report latency for each error is false and specific error codes to track for latency are: []
DBWrapper: report latency for each error is false and specific error codes to track for latency are: []
DBWrapper: report latency for each error is false and specific error codes to track for latency are: []
DBWrapper: report latency for each error is false and specific error codes to track for latency are: []
DBWrapper: report latency for each error is false and specific error codes to track for latency are: []
DBWrapper: report latency for each error is false and specific error codes to track for latency are: []
DBWrapper: report latency for each error is false and specific error codes to track for latency are: []
DBWrapper: report latency for each error is false and specific error codes to track for latency are: []
DBWrapper: report latency for each error is false and specific error codes to track for latency are: []
DBWrapper: report latency for each error is false and specific error codes to track for latency are: []
DBWrapper: report latency for each error is false and specific error codes to track for latency are: []
DBWrapper: report latency for each error is false and specific error codes to track for latency are: []
DBWrapper: report latency for each error is false and specific error codes to track for latency are: []
DBWrapper: report latency for each error is false and specific error codes to track for latency are: []
DBWrapper: report latency for each error is false and specific error codes to track for latency are: []
DBWrapper: report latency for each error is false and specific error codes to track for latency are: []
DBWrapper: report latency for each error is false and specific error codes to track for latency are: []
2020-09-29 16:37:04:252 10 sec: 7275 operations; 700.66 current ops/sec; est completion in 3 hours 57 minutes [READ: Count=7297, Max=1448959, Min=2, Avg=66000.41, 90=161407, 99=594431, 99.9=927231, 99.99=1298431] [READ-MODIFY-WRITE: Count=3712, Max=1660927, Min=9, Avg=74149.72, 90=196991, 99=607231, 99.9=1015807, 99.99=1660927] [UPDATE: Count=3764, Max=645631, Min=2, Avg=7520.34, 90=14823, 99=110271, 99.9=374783, 99.99=645631] [READ-FAILED: Count=4, Max=109247, Min=39424, Avg=65988, 90=109247, 99=109247, 99.9=109247, 99.99=109247] 
DBWrapper: report latency for each error is false and specific error codes to track for latency are: []
DBWrapper: report latency for each error is false and specific error codes to track for latency are: []
DBWrapper: report latency for each error is false and specific error codes to track for latency are: []
DBWrapper: report latency for each error is false and specific error codes to track for latency are: []
DBWrapper: report latency for each error is false and specific error codes to track for latency are: []
DBWrapper: report latency for each error is false and specific error codes to track for latency are: []
2020-09-29 16:37:13:868 20 sec: 30521 operations; 2417.18 current ops/sec; est completion in 1 hour 48 minutes [READ: Count=23214, Max=1870847, Min=0, Avg=49031.27, 90=94207, 99=552447, 99.9=898047, 99.99=1613823] [READ-MODIFY-WRITE: Count=11449, Max=1882111, Min=4, Avg=53182.13, 90=105983, 99=578559, 99.9=987647, 99.99=1857535] [UPDATE: Count=11397, Max=460287, Min=1, Avg=4704.57, 90=15279, 99=70399, 99.9=145279, 99.99=185983] [READ-FAILED: Count=13, Max=20639, Min=4264, Avg=11750, 90=18927, 99=20639, 99.9=20639, 99.99=20639] 
2020-09-29 16:37:23:869 30 sec: 66942 operations; 3642.1 current ops/sec; est completion in 1 hour 14 minutes [READ: Count=36394, Max=1865727, Min=0, Avg=33883.41, 90=61535, 99=544767, 99.9=851455, 99.99=1328127] [READ-MODIFY-WRITE: Count=18207, Max=1335295, Min=2, Avg=35687.18, 90=70847, 99=552447, 99.9=877567, 99.99=1226751] [UPDATE: Count=18229, Max=152959, Min=1, Avg=1780.22, 90=5051, 99=25007, 99.9=76799, 99.99=145791] [READ-FAILED: Count=22, Max=70655, Min=1931, Avg=10871.32, 90=20159, 99=70655, 99.9=70655, 99.99=70655] 
2020-09-29 16:37:33:869 40 sec: 103570 operations; 3662.8 current ops/sec; est completion in 1 hour 3 minutes [READ: Count=36602, Max=1456127, Min=0, Avg=34097.69, 90=59807, 99=560639, 99.9=1099775, 99.99=1251327] [READ-MODIFY-WRITE: Count=18293, Max=1460223, Min=2, Avg=35244.4, 90=64319, 99=571391, 99.9=1104895, 99.99=1281023] [UPDATE: Count=18276, Max=530431, Min=0, Avg=1239.68, 90=3657, 99=15159, 99.9=75839, 99.99=132607] [READ-FAILED: Count=24, Max=18239, Min=2330, Avg=4421.04, 90=6919, 99=18239, 99.9=18239, 99.99=18239] 
2020-09-29 16:37:43:869 50 sec: 137620 operations; 3405 current ops/sec; est completion in 59 minutes [READ: Count=34033, Max=1444863, Min=1, Avg=37437.04, 90=63775, 99=585727, 99.9=1054719, 99.99=1367039] [READ-MODIFY-WRITE: Count=16973, Max=1451007, Min=3, Avg=38491.05, 90=70783, 99=579071, 99.9=1047551, 99.99=1373183] [UPDATE: Count=16975, Max=194047, Min=1, Avg=1352.23, 90=3841, 99=18415, 99.9=70079, 99.99=136063] [READ-FAILED: Count=19, Max=9583, Min=1844, Avg=3804.89, 90=5335, 99=9583, 99.9=9583, 99.99=9583] 
2020-09-29 16:37:53:870 60 sec: 176645 operations; 3901.72 current ops/sec; est completion in 55 minutes [READ: Count=39006, Max=1219583, Min=0, Avg=32023.21, 90=61791, 99=546303, 99.9=800767, 99.99=1183743] [READ-MODIFY-WRITE: Count=19514, Max=1218559, Min=2, Avg=32735.07, 90=67967, 99=550399, 99.9=787967, 99.99=1172479] [UPDATE: Count=19520, Max=126335, Min=0, Avg=1281.91, 90=3951, 99=15975, 99.9=68287, 99.99=114047] [READ-FAILED: Count=27, Max=18447, Min=1903, Avg=5601, 90=11631, 99=18447, 99.9=18447, 99.99=18447] 
2020-09-29 16:38:03:869 70 sec: 210944 operations; 3430.59 current ops/sec; est completion in 54 minutes [READ: Count=34290, Max=1426431, Min=0, Avg=36751.71, 90=68223, 99=562687, 99.9=980479, 99.99=1338367] [READ-MODIFY-WRITE: Count=17147, Max=1428479, Min=3, Avg=38359.69, 90=75967, 99=565759, 99.9=1045503, 99.99=1352703] [UPDATE: Count=17146, Max=181247, Min=1, Avg=1657.41, 90=4231, 99=25999, 99.9=70463, 99.99=155007] [READ-FAILED: Count=11, Max=14335, Min=2168, Avg=4423.27, 90=5695, 99=14335, 99.9=14335, 99.99=14335] 
2020-09-29 16:38:13:870 80 sec: 249068 operations; 3812.02 current ops/sec; est completion in 52 minutes [READ: Count=38106, Max=1179647, Min=0, Avg=32815.91, 90=60223, 99=539647, 99.9=969215, 99.99=1133567] [READ-MODIFY-WRITE: Count=19023, Max=1172479, Min=3, Avg=35307.62, 90=67647, 99=548863, 99.9=972799, 99.99=1129471] [UPDATE: Count=19035, Max=506367, Min=0, Avg=1548.62, 90=4255, 99=17007, 99.9=104575, 99.99=437247] [READ-FAILED: Count=11, Max=13335, Min=2072, Avg=5652, 90=10543, 99=13335, 99.9=13335, 99.99=13335] 
2020-09-29 16:38:23:870 90 sec: 281920 operations; 3285.53 current ops/sec; est completion in 51 minutes [READ: Count=32843, Max=1568767, Min=0, Avg=37845.89, 90=63903, 99=585215, 99.9=1111039, 99.99=1456127] [READ-MODIFY-WRITE: Count=16293, Max=1501183, Min=2, Avg=40363.63, 90=72319, 99=608255, 99.9=1153023, 99.99=1465343] [UPDATE: Count=16273, Max=532479, Min=0, Avg=1736.17, 90=4175, 99=18351, 99.9=91455, 99.99=503295] [READ-FAILED: Count=19, Max=45599, Min=1793, Avg=7712.16, 90=12295, 99=45599, 99.9=45599, 99.99=45599] 
2020-09-29 16:38:33:869 100 sec: 318613 operations; 3669.3 current ops/sec; est completion in 50 minutes [READ: Count=36657, Max=1476607, Min=0, Avg=33911.56, 90=60127, 99=551423, 99.9=1049599, 99.99=1358847] [READ-MODIFY-WRITE: Count=18413, Max=1442815, Min=3, Avg=34466.26, 90=66687, 99=552959, 99.9=1033727, 99.99=1330175] [UPDATE: Count=18413, Max=428799, Min=1, Avg=1473.98, 90=4103, 99=20815, 99.9=77183, 99.99=177791] [READ-FAILED: Count=27, Max=45247, Min=1958, Avg=6617.44, 90=8119, 99=45247, 99.9=45247, 99.99=45247] 
2020-09-29 16:38:43:869 110 sec: 353216 operations; 3460.3 current ops/sec; est completion in 50 minutes [READ: Count=34578, Max=1831935, Min=0, Avg=36554.24, 90=66239, 99=553983, 99.9=1012735, 99.99=1581055] [READ-MODIFY-WRITE: Count=17235, Max=1765375, Min=2, Avg=37865.8, 90=73791, 99=557567, 99.9=1046015, 99.99=1561599] [UPDATE: Count=17250, Max=267007, Min=0, Avg=1527.7, 90=3985, 99=19375, 99.9=116031, 99.99=246527] [READ-FAILED: Count=27, Max=18959, Min=2076, Avg=4814.48, 90=9663, 99=18959, 99.9=18959, 99.99=18959] 
2020-09-29 16:38:53:869 120 sec: 388555 operations; 3533.9 current ops/sec; est completion in 49 minutes [READ: Count=35322, Max=1810431, Min=0, Avg=34798.62, 90=64991, 99=558079, 99.9=974847, 99.99=1255423] [READ-MODIFY-WRITE: Count=17746, Max=1841151, Min=1, Avg=37320.5, 90=74047, 99=570367, 99.9=933375, 99.99=1249279] [UPDATE: Count=17739, Max=178943, Min=0, Avg=1430.64, 90=4307, 99=18399, 99.9=63135, 99.99=134015] [READ-FAILED: Count=13, Max=14247, Min=2156, Avg=5265.69, 90=10239, 99=14247, 99.9=14247, 99.99=14247] 
2020-09-29 16:39:03:869 130 sec: 429431 operations; 4087.6 current ops/sec; est completion in 48 minutes [READ: Count=40865, Max=1462271, Min=0, Avg=31306.61, 90=59647, 99=546815, 99.9=801791, 99.99=1248255] [READ-MODIFY-WRITE: Count=20507, Max=1351679, Min=2, Avg=32484.02, 90=67135, 99=553471, 99.9=793599, 99.99=1146879] [UPDATE: Count=20497, Max=510463, Min=0, Avg=1530.72, 90=4903, 99=19695, 99.9=63743, 99.99=102655] [READ-FAILED: Count=22, Max=41599, Min=2160, Avg=10368.64, 90=28975, 99=41599, 99.9=41599, 99.99=41599] 
2020-09-29 16:39:13:868 140 sec: 467377 operations; 3794.6 current ops/sec; est completion in 47 minutes [READ: Count=37918, Max=1444863, Min=0, Avg=32687.69, 90=60703, 99=538111, 99.9=871935, 99.99=1345535] [READ-MODIFY-WRITE: Count=18905, Max=1447935, Min=2, Avg=33871.01, 90=67839, 99=543231, 99.9=865791, 99.99=1291263] [UPDATE: Count=18910, Max=569343, Min=1, Avg=1908.94, 90=4131, 99=21855, 99.9=172031, 99.99=491007] [READ-FAILED: Count=25, Max=42559, Min=2258, Avg=8058.08, 90=19967, 99=42559, 99.9=42559, 99.99=42559] 
2020-09-29 16:39:23:869 150 sec: 501844 operations; 3446.7 current ops/sec; est completion in 47 minutes [READ: Count=34442, Max=1558527, Min=0, Avg=35351.14, 90=60607, 99=558591, 99.9=1104895, 99.99=1516543] [READ-MODIFY-WRITE: Count=17158, Max=1565695, Min=2, Avg=37507.93, 90=67583, 99=568831, 99.9=1138687, 99.99=1348607] [UPDATE: Count=17158, Max=528383, Min=0, Avg=1390.73, 90=4049, 99=18815, 99.9=68799, 99.99=128191] [READ-FAILED: Count=19, Max=27631, Min=2246, Avg=7305.05, 90=14191, 99=27631, 99.9=27631, 99.99=27631] 
2020-09-29 16:39:33:869 160 sec: 539850 operations; 3800.6 current ops/sec; est completion in 46 minutes [READ: Count=37984, Max=1840127, Min=0, Avg=33864.18, 90=63039, 99=553471, 99.9=1190911, 99.99=1763327] [READ-MODIFY-WRITE: Count=18928, Max=1828863, Min=3, Avg=34322.6, 90=68671, 99=555519, 99.9=1218559, 99.99=1773567] [UPDATE: Count=18926, Max=209407, Min=1, Avg=1411.14, 90=4279, 99=19279, 99.9=57919, 99.99=123327] [READ-FAILED: Count=17, Max=36191, Min=1526, Avg=5986.82, 90=7987, 99=36191, 99.9=36191, 99.99=36191] 
2020-09-29 16:39:43:868 170 sec: 576619 operations; 3676.9 current ops/sec; est completion in 46 minutes [READ: Count=36761, Max=1852415, Min=0, Avg=33964.07, 90=60607, 99=547839, 99.9=853503, 99.99=1214463] [READ-MODIFY-WRITE: Count=18549, Max=1785855, Min=1, Avg=34855.06, 90=66111, 99=553471, 99.9=861183, 99.99=1218559] [UPDATE: Count=18571, Max=184959, Min=0, Avg=1356.85, 90=4041, 99=17455, 99.9=75327, 99.99=129919] [READ-FAILED: Count=14, Max=48607, Min=2702, Avg=9565.21, 90=23599, 99=48607, 99.9=48607, 99.99=48607] 
2020-09-29 16:39:53:869 180 sec: 613775 operations; 3715.6 current ops/sec; est completion in 45 minutes [READ: Count=37135, Max=1525759, Min=0, Avg=33478.2, 90=57855, 99=553471, 99.9=1015295, 99.99=1451007] [READ-MODIFY-WRITE: Count=18454, Max=1529855, Min=2, Avg=34695.72, 90=64095, 99=565247, 99.9=1054719, 99.99=1453055] [UPDATE: Count=18431, Max=175999, Min=0, Avg=1327.63, 90=3949, 99=15959, 99.9=92927, 99.99=131967] [READ-FAILED: Count=16, Max=8879, Min=2272, Avg=4431.75, 90=8647, 99=8879, 99.9=8879, 99.99=8879] 
2020-09-29 16:40:03:868 190 sec: 647418 operations; 3364.3 current ops/sec; est completion in 45 minutes [READ: Count=33633, Max=1645567, Min=0, Avg=37815.77, 90=68799, 99=600575, 99.9=1055743, 99.99=1378303] [READ-MODIFY-WRITE: Count=16912, Max=1527807, Min=2, Avg=40334.3, 90=78911, 99=616447, 99.9=1064959, 99.99=1381375] [UPDATE: Count=16919, Max=167423, Min=0, Avg=1666.95, 90=4459, 99=25375, 99.9=85759, 99.99=127999] [READ-FAILED: Count=14, Max=43167, Min=2196, Avg=9902.14, 90=31375, 99=43167, 99.9=43167, 99.99=43167] 
2020-09-29 16:40:13:869 200 sec: 684343 operations; 3692.5 current ops/sec; est completion in 45 minutes [READ: Count=36917, Max=1489919, Min=0, Avg=34060.69, 90=57791, 99=555007, 99.9=1260543, 99.99=1448959] [READ-MODIFY-WRITE: Count=18810, Max=1495039, Min=3, Avg=36496.97, 90=64575, 99=578559, 99.9=1295359, 99.99=1435647] [UPDATE: Count=18816, Max=156287, Min=1, Avg=1409.7, 90=4175, 99=17503, 99.9=94463, 99.99=138239] [READ-FAILED: Count=17, Max=33823, Min=1740, Avg=6012.65, 90=11031, 99=33823, 99.9=33823, 99.99=33823] 
2020-09-29 16:40:23:869 210 sec: 713628 operations; 2928.5 current ops/sec; est completion in 45 minutes [READ: Count=29265, Max=2478079, Min=0, Avg=42027.65, 90=73535, 99=595455, 99.9=1398783, 99.99=2322431] [READ-MODIFY-WRITE: Count=14484, Max=2420735, Min=1, Avg=44574.03, 90=82495, 99=604159, 99.9=1716223, 99.99=2408447] [UPDATE: Count=14467, Max=265471, Min=0, Avg=1899.66, 90=4467, 99=27919, 99.9=135679, 99.99=256383] [READ-FAILED: Count=6, Max=176895, Min=1989, Avg=32143.17, 90=3819, 99=176895, 99.9=176895, 99.99=176895] 
2020-09-29 16:40:33:868 220 sec: 750810 operations; 3718.2 current ops/sec; est completion in 45 minutes [READ: Count=37171, Max=1710079, Min=0, Avg=33274.77, 90=57311, 99=554495, 99.9=977407, 99.99=1446911] [READ-MODIFY-WRITE: Count=18526, Max=1719295, Min=2, Avg=34738.13, 90=64863, 99=558591, 99.9=992255, 99.99=1676287] [UPDATE: Count=18536, Max=271103, Min=0, Avg=1503.07, 90=4069, 99=21807, 99.9=86399, 99.99=246783] [READ-FAILED: Count=14, Max=6151, Min=1500, Avg=3324.57, 90=4851, 99=6151, 99.9=6151, 99.99=6151] 
2020-09-29 16:40:43:869 230 sec: 786923 operations; 3611.3 current ops/sec; est completion in 44 minutes [READ: Count=36092, Max=1306623, Min=0, Avg=35108.27, 90=60255, 99=559615, 99.9=991231, 99.99=1207295] [READ-MODIFY-WRITE: Count=17952, Max=1264639, Min=2, Avg=35987.39, 90=66687, 99=570367, 99.9=992255, 99.99=1255423] [UPDATE: Count=17949, Max=158591, Min=0, Avg=1349.08, 90=3935, 99=18623, 99.9=63519, 99.99=129983] [READ-FAILED: Count=19, Max=19999, Min=2168, Avg=4851.63, 90=6415, 99=19999, 99.9=19999, 99.99=19999] 
2020-09-29 16:40:53:869 240 sec: 827930 operations; 4100.7 current ops/sec; est completion in 44 minutes [READ: Count=40998, Max=1824767, Min=0, Avg=30798.57, 90=60959, 99=540159, 99.9=1085439, 99.99=1548287] [READ-MODIFY-WRITE: Count=20600, Max=1826815, Min=1, Avg=33186.08, 90=68479, 99=549375, 99.9=1125375, 99.99=1712127] [UPDATE: Count=20604, Max=148223, Min=0, Avg=1715.4, 90=4995, 99=25103, 99.9=61087, 99.99=122239] [READ-FAILED: Count=14, Max=17775, Min=2048, Avg=5431.57, 90=8919, 99=17775, 99.9=17775, 99.99=17775] 
2020-09-29 16:41:03:868 250 sec: 863459 operations; 3552.9 current ops/sec; est completion in 44 minutes [READ: Count=35510, Max=1760255, Min=0, Avg=35083.71, 90=62655, 99=559103, 99.9=894463, 99.99=1347583] [READ-MODIFY-WRITE: Count=17684, Max=1763327, Min=2, Avg=37232.37, 90=70655, 99=569855, 99.9=943103, 99.99=1379327] [UPDATE: Count=17683, Max=529407, Min=0, Avg=1312.18, 90=4021, 99=15519, 99.9=56191, 99.99=159615] [READ-FAILED: Count=19, Max=20239, Min=2296, Avg=5292.26, 90=8007, 99=20239, 99.9=20239, 99.99=20239] 
2020-09-29 16:41:13:869 260 sec: 905782 operations; 4232.3 current ops/sec; est completion in 43 minutes [READ: Count=42293, Max=1389567, Min=0, Avg=28748.14, 90=56255, 99=525311, 99.9=750079, 99.99=1289215] [READ-MODIFY-WRITE: Count=21168, Max=1291263, Min=1, Avg=30691.32, 90=65471, 99=529407, 99.9=743935, 99.99=1202175] [UPDATE: Count=21158, Max=128895, Min=0, Avg=1791.92, 90=5319, 99=27103, 99.9=58943, 99.99=112511] [READ-FAILED: Count=23, Max=44319, Min=2790, Avg=12452.13, 90=26863, 99=44319, 99.9=44319, 99.99=44319] 
2020-09-29 16:41:23:869 270 sec: 941601 operations; 3581.9 current ops/sec; est completion in 43 minutes [READ: Count=35812, Max=1584127, Min=0, Avg=35583.47, 90=65183, 99=560639, 99.9=978943, 99.99=1292287] [READ-MODIFY-WRITE: Count=17861, Max=1351679, Min=2, Avg=37173.8, 90=71807, 99=565759, 99.9=1044991, 99.99=1308671] [UPDATE: Count=17868, Max=155519, Min=1, Avg=1373.18, 90=3981, 99=17423, 99.9=91391, 99.99=144895] [READ-FAILED: Count=13, Max=26655, Min=2096, Avg=5326, 90=5787, 99=26655, 99.9=26655, 99.99=26655] 
2020-09-29 16:41:33:868 280 sec: 979676 operations; 3807.5 current ops/sec; est completion in 42 minutes [READ: Count=38056, Max=1480703, Min=0, Avg=33350.36, 90=61055, 99=548863, 99.9=1144831, 99.99=1434623] [READ-MODIFY-WRITE: Count=19135, Max=1469439, Min=2, Avg=35572.23, 90=69375, 99=553983, 99.9=1148927, 99.99=1376255] [UPDATE: Count=19135, Max=171519, Min=1, Avg=1604.41, 90=4247, 99=23007, 99.9=96319, 99.99=162559] [READ-FAILED: Count=18, Max=40415, Min=2088, Avg=8020.78, 90=12335, 99=40415, 99.9=40415, 99.99=40415] 
2020-09-29 16:41:43:869 290 sec: 1015337 operations; 3566.1 current ops/sec; est completion in 42 minutes [READ: Count=35646, Max=1267711, Min=0, Avg=34379.24, 90=60383, 99=569855, 99.9=875519, 99.99=1214463] [READ-MODIFY-WRITE: Count=17783, Max=1275903, Min=2, Avg=36269.14, 90=68415, 99=582143, 99.9=856575, 99.99=1245183] [UPDATE: Count=17781, Max=544767, Min=0, Avg=1680.66, 90=4547, 99=20703, 99.9=105919, 99.99=385023] [READ-FAILED: Count=16, Max=43167, Min=2236, Avg=7518.69, 90=9023, 99=43167, 99.9=43167, 99.99=43167] 
2020-09-29 16:41:53:869 300 sec: 1044655 operations; 2931.8 current ops/sec; est completion in 42 minutes [READ: Count=29302, Max=1750015, Min=0, Avg=43764.24, 90=91327, 99=592383, 99.9=1073151, 99.99=1530879] [READ-MODIFY-WRITE: Count=14622, Max=1752063, Min=2, Avg=44637.82, 90=95359, 99=609791, 99.9=1078271, 99.99=1656831] [UPDATE: Count=14637, Max=352767, Min=1, Avg=1908.02, 90=4603, 99=27791, 99.9=143359, 99.99=280831] [READ-FAILED: Count=18, Max=92415, Min=1763, Avg=10786.83, 90=17279, 99=92415, 99.9=92415, 99.99=92415] 
Maximum time elapsed. Requesting stop for the workload.
Stop requested for workload. Now Joining!
[36m16:41:54.470[m [[34;1mINFO[m] [1;34mp.u.t.s.y.Stats.clientFinished@38[m: 
Ended SconeKV benchmark.
Number of clients: 128
Total transactions: 231070
Committed: 155888 (67.46354%)
Aborted: 75182 (32.53646%)
2020-09-29 16:41:54:473 300 sec: 1045530 operations; 1448.68 current ops/sec; est completion in 42 minutes [READ: Count=866, Max=532479, Min=0, Avg=30545.12, 90=96063, 99=193535, 99.9=530431, 99.99=532479] [READ-MODIFY-WRITE: Count=444, Max=545791, Min=3, Avg=34400.47, 90=108095, 99=232959, 99.9=545791, 99.99=545791] [CLEANUP: Count=128, Max=1606, Min=2, Avg=15.68, 90=4, 99=20, 99.9=1606, 99.99=1606] [UPDATE: Count=424, Max=32255, Min=1, Avg=2372.42, 90=7499, 99=26479, 99.9=32255, 99.99=32255] [READ-FAILED: Count=1, Max=16215, Min=16208, Avg=16212, 90=16215, 99=16215, 99.9=16215, 99.99=16215] 
[OVERALL], RunTime(ms), 300603
[OVERALL], Throughput(ops/sec), 3478.1090009081745
[TOTAL_GCS_G1_Young_Generation], Count, 138
[TOTAL_GC_TIME_G1_Young_Generation], Time(ms), 2272
[TOTAL_GC_TIME_%_G1_Young_Generation], Time(%), 0.7558141468980683
[TOTAL_GCS_G1_Old_Generation], Count, 0
[TOTAL_GC_TIME_G1_Old_Generation], Time(ms), 0
[TOTAL_GC_TIME_%_G1_Old_Generation], Time(%), 0.0
[TOTAL_GCs], Count, 138
[TOTAL_GC_TIME], Time(ms), 2272
[TOTAL_GC_TIME_%], Time(%), 0.7558141468980683
[READ], Operations, 1045008
[READ], AverageLatency(us), 35113.495471805
[READ], MinLatency(us), 0
[READ], MaxLatency(us), 2478079
[READ], 95thPercentileLatency(us), 141695
[READ], 99thPercentileLatency(us), 555519
[READ], Return=OK, 1045008
[READ], Return=NOT_FOUND, 522
[READ-MODIFY-WRITE], Operations, 522487
[READ-MODIFY-WRITE], AverageLatency(us), 36837.20114184659
[READ-MODIFY-WRITE], MinLatency(us), 1
[READ-MODIFY-WRITE], MaxLatency(us), 2420735
[READ-MODIFY-WRITE], 95thPercentileLatency(us), 150655
[READ-MODIFY-WRITE], 99thPercentileLatency(us), 564735
[CLEANUP], Operations, 128
[CLEANUP], AverageLatency(us), 15.6796875
[CLEANUP], MinLatency(us), 2
[CLEANUP], MaxLatency(us), 1606
[CLEANUP], 95thPercentileLatency(us), 4
[CLEANUP], 99thPercentileLatency(us), 20
[UPDATE], Operations, 522487
[UPDATE], AverageLatency(us), 1650.83674809134
[UPDATE], MinLatency(us), 0
[UPDATE], MaxLatency(us), 645631
[UPDATE], 95thPercentileLatency(us), 7443
[UPDATE], 99thPercentileLatency(us), 22847
[UPDATE], Return=OK, 522487
[READ-FAILED], Operations, 522
[READ-FAILED], AverageLatency(us), 7805.814176245211
[READ-FAILED], MinLatency(us), 1500
[READ-FAILED], MaxLatency(us), 176895
[READ-FAILED], 95thPercentileLatency(us), 26863
[READ-FAILED], 99thPercentileLatency(us), 56735
