Command line: -t -db pt.ulisboa.tecnico.sconekv.ycsb.SconeKVClient -P workloadc -threads 16 -s -p scone.tx_size=5 -p operationcount=10000000 -p maxexecutiontime=300
YCSB Client 0.17.0

Loading workload...
Starting test.
WARNING: sun.reflect.Reflection.getCallerClass is not supported. This will impact performance.
Maximum execution time specified as: 300 secs
2020-09-09 15:45:08:938 0 sec: 0 operations; est completion in 0 second 
DBWrapper: report latency for each error is false and specific error codes to track for latency are: []
DBWrapper: report latency for each error is false and specific error codes to track for latency are: []
DBWrapper: report latency for each error is false and specific error codes to track for latency are: []
DBWrapper: report latency for each error is false and specific error codes to track for latency are: []
DBWrapper: report latency for each error is false and specific error codes to track for latency are: []
DBWrapper: report latency for each error is false and specific error codes to track for latency are: []
DBWrapper: report latency for each error is false and specific error codes to track for latency are: []
DBWrapper: report latency for each error is false and specific error codes to track for latency are: []
DBWrapper: report latency for each error is false and specific error codes to track for latency are: []
DBWrapper: report latency for each error is false and specific error codes to track for latency are: []
DBWrapper: report latency for each error is false and specific error codes to track for latency are: []
DBWrapper: report latency for each error is false and specific error codes to track for latency are: []
DBWrapper: report latency for each error is false and specific error codes to track for latency are: []
DBWrapper: report latency for each error is false and specific error codes to track for latency are: []
DBWrapper: report latency for each error is false and specific error codes to track for latency are: []
DBWrapper: report latency for each error is false and specific error codes to track for latency are: []
2020-09-09 15:45:18:939 10 sec: 13944 operations; 1394.26 current ops/sec; est completion in 1 hour 59 minutes [READ: Count=13900, Max=550911, Min=2, Avg=9636.1, 90=18063, 99=47903, 99.9=533503, 99.99=547839] [READ-FAILED: Count=47, Max=17359, Min=2020, Avg=4004.68, 90=6023, 99=17359, 99.9=17359, 99.99=17359] 
2020-09-09 15:45:28:938 20 sec: 33527 operations; 1958.5 current ops/sec; est completion in 1 hour 39 minutes [READ: Count=19491, Max=1018367, Min=2, Avg=8186.93, 90=15975, 99=33631, 99.9=525311, 99.99=546303] [READ-FAILED: Count=90, Max=8951, Min=1, Avg=2781.6, 90=3763, 99=7587, 99.9=8951, 99.99=8951] 
2020-09-09 15:45:38:938 30 sec: 54959 operations; 2143.2 current ops/sec; est completion in 1 hour 30 minutes [READ: Count=21349, Max=543231, Min=2, Avg=7415.1, 90=15255, 99=29711, 99.9=521215, 99.99=540159] [READ-FAILED: Count=84, Max=5027, Min=1519, Avg=2740.01, 90=3701, 99=4775, 99.9=5027, 99.99=5027] 
2020-09-09 15:45:48:938 40 sec: 75319 operations; 2036 current ops/sec; est completion in 1 hour 27 minutes [READ: Count=20263, Max=551935, Min=2, Avg=7942.84, 90=15551, 99=35487, 99.9=525823, 99.99=544767] [READ-FAILED: Count=98, Max=10471, Min=2, Avg=2744.19, 90=3419, 99=9183, 99.9=10471, 99.99=10471] 
2020-09-09 15:45:58:938 50 sec: 96964 operations; 2164.5 current ops/sec; est completion in 1 hour 25 minutes [READ: Count=21552, Max=550911, Min=2, Avg=7343.92, 90=15215, 99=30447, 99.9=523775, 99.99=537087] [READ-FAILED: Count=90, Max=24975, Min=1727, Avg=3182.03, 90=4239, 99=12487, 99.9=24975, 99.99=24975] 
2020-09-09 15:46:08:938 60 sec: 119713 operations; 2274.9 current ops/sec; est completion in 1 hour 22 minutes [READ: Count=22645, Max=547839, Min=2, Avg=7083.8, 90=15375, 99=29455, 99.9=519423, 99.99=534527] [READ-FAILED: Count=106, Max=11679, Min=1572, Avg=2716.63, 90=3463, 99=5507, 99.9=11679, 99.99=11679] 
2020-09-09 15:46:18:938 70 sec: 140438 operations; 2072.5 current ops/sec; est completion in 1 hour 21 minutes [READ: Count=20621, Max=565759, Min=2, Avg=7761.69, 90=14887, 99=37215, 99.9=529407, 99.99=557567] [READ-FAILED: Count=102, Max=17359, Min=1, Avg=2929.3, 90=3993, 99=8575, 99.9=17359, 99.99=17359] 
2020-09-09 15:46:28:938 80 sec: 162734 operations; 2229.6 current ops/sec; est completion in 1 hour 20 minutes [READ: Count=22206, Max=539647, Min=2, Avg=7188.79, 90=14815, 99=28623, 99.9=519167, 99.99=534015] [READ-FAILED: Count=94, Max=23439, Min=1, Avg=2678.23, 90=3159, 99=4583, 99.9=23439, 99.99=23439] 
2020-09-09 15:46:38:938 90 sec: 185463 operations; 2272.9 current ops/sec; est completion in 1 hour 19 minutes [READ: Count=22634, Max=549375, Min=2, Avg=7048.58, 90=15007, 99=29519, 99.9=518143, 99.99=537087] [READ-FAILED: Count=94, Max=14903, Min=1681, Avg=2686.68, 90=3155, 99=4523, 99.9=14903, 99.99=14903] 
2020-09-09 15:46:48:938 100 sec: 207385 operations; 2192.2 current ops/sec; est completion in 1 hour 18 minutes [READ: Count=21821, Max=539647, Min=3, Avg=7296.39, 90=14919, 99=29839, 99.9=522751, 99.99=536063] [READ-FAILED: Count=104, Max=8847, Min=1, Avg=2781.11, 90=3725, 99=8107, 99.9=8847, 99.99=8847] 
2020-09-09 15:46:58:938 110 sec: 229097 operations; 2171.2 current ops/sec; est completion in 1 hour 18 minutes [READ: Count=21608, Max=545791, Min=2, Avg=7359.92, 90=15711, 99=32431, 99.9=522239, 99.99=538111] [READ-FAILED: Count=99, Max=8815, Min=1716, Avg=2708.21, 90=3377, 99=7327, 99.9=8815, 99.99=8815] 
2020-09-09 15:47:08:938 120 sec: 249859 operations; 2076.2 current ops/sec; est completion in 1 hour 18 minutes [READ: Count=20677, Max=557055, Min=2, Avg=7682.96, 90=15247, 99=32719, 99.9=530943, 99.99=544255] [READ-FAILED: Count=85, Max=15303, Min=1774, Avg=2945.29, 90=3251, 99=12823, 99.9=15303, 99.99=15303] 
2020-09-09 15:47:18:938 130 sec: 269936 operations; 2007.7 current ops/sec; est completion in 1 hour 18 minutes [READ: Count=19985, Max=625663, Min=3, Avg=8073.9, 90=15143, 99=35071, 99.9=524799, 99.99=543743] [READ-FAILED: Count=93, Max=6511, Min=1, Avg=2565.06, 90=3173, 99=6371, 99.9=6511, 99.99=6511] 
2020-09-09 15:47:28:938 140 sec: 292492 operations; 2255.6 current ops/sec; est completion in 1 hour 17 minutes [READ: Count=22459, Max=557567, Min=2, Avg=7096.21, 90=14999, 99=30095, 99.9=522495, 99.99=552959] [READ-FAILED: Count=102, Max=7039, Min=1778, Avg=2677.13, 90=3397, 99=5867, 99.9=7039, 99.99=7039] 
2020-09-09 15:47:38:938 150 sec: 313945 operations; 2145.3 current ops/sec; est completion in 1 hour 17 minutes [READ: Count=21341, Max=553471, Min=2, Avg=7451.1, 90=14959, 99=30639, 99.9=524287, 99.99=551935] [READ-FAILED: Count=105, Max=8071, Min=1513, Avg=2678.56, 90=3227, 99=7515, 99.9=8071, 99.99=8071] 
2020-09-09 15:47:48:938 160 sec: 335617 operations; 2167.2 current ops/sec; est completion in 1 hour 16 minutes [READ: Count=21581, Max=562687, Min=2, Avg=7387.49, 90=15127, 99=33119, 99.9=523519, 99.99=548351] [READ-FAILED: Count=91, Max=18687, Min=1, Avg=2772.15, 90=3465, 99=9063, 99.9=18687, 99.99=18687] 
2020-09-09 15:47:58:938 170 sec: 356632 operations; 2101.5 current ops/sec; est completion in 1 hour 16 minutes [READ: Count=20925, Max=546303, Min=2, Avg=7612.4, 90=15047, 99=33503, 99.9=525311, 99.99=544767] [READ-FAILED: Count=90, Max=18671, Min=1, Avg=2841.06, 90=3603, 99=10175, 99.9=18671, 99.99=18671] 
2020-09-09 15:48:08:938 180 sec: 378352 operations; 2172 current ops/sec; est completion in 1 hour 16 minutes [READ: Count=21604, Max=551935, Min=2, Avg=7451.26, 90=14711, 99=31119, 99.9=521727, 99.99=534015] [READ-FAILED: Count=118, Max=10903, Min=2, Avg=2718.5, 90=3371, 99=7563, 99.9=10903, 99.99=10903] 
2020-09-09 15:48:18:938 190 sec: 400345 operations; 2199.3 current ops/sec; est completion in 1 hour 15 minutes [READ: Count=21875, Max=547327, Min=3, Avg=7247.68, 90=14807, 99=29359, 99.9=525311, 99.99=546303] [READ-FAILED: Count=117, Max=12951, Min=1547, Avg=2693.3, 90=3437, 99=6631, 99.9=12951, 99.99=12951] 
2020-09-09 15:48:28:938 200 sec: 421897 operations; 2155.2 current ops/sec; est completion in 1 hour 15 minutes [READ: Count=21455, Max=564223, Min=2, Avg=7447.46, 90=15015, 99=32303, 99.9=523263, 99.99=540159] [READ-FAILED: Count=97, Max=11575, Min=1, Avg=2863.24, 90=3625, 99=8655, 99.9=11575, 99.99=11575] 
2020-09-09 15:48:38:938 210 sec: 444133 operations; 2223.6 current ops/sec; est completion in 1 hour 15 minutes [READ: Count=22121, Max=546815, Min=2, Avg=7211.17, 90=15295, 99=31407, 99.9=520959, 99.99=541183] [READ-FAILED: Count=114, Max=8807, Min=1671, Avg=2848.87, 90=3693, 99=7803, 99.9=8807, 99.99=8807] 
2020-09-09 15:48:48:938 220 sec: 466848 operations; 2271.5 current ops/sec; est completion in 1 hour 14 minutes [READ: Count=22599, Max=567807, Min=2, Avg=7075.6, 90=15119, 99=29375, 99.9=519167, 99.99=550399] [READ-FAILED: Count=117, Max=18351, Min=1, Avg=2750.69, 90=3329, 99=14471, 99.9=18351, 99.99=18351] 
2020-09-09 15:48:58:938 230 sec: 487440 operations; 2059.2 current ops/sec; est completion in 1 hour 14 minutes [READ: Count=20493, Max=595967, Min=3, Avg=7773.98, 90=15431, 99=35295, 99.9=529919, 99.99=558591] [READ-FAILED: Count=99, Max=24527, Min=1, Avg=3124.48, 90=4103, 99=15727, 99.9=24527, 99.99=24527] 
2020-09-09 15:49:08:938 240 sec: 508805 operations; 2136.29 current ops/sec; est completion in 1 hour 14 minutes [READ: Count=21265, Max=567295, Min=2, Avg=7395.26, 90=15359, 99=35167, 99.9=523775, 99.99=560127] [READ-FAILED: Count=100, Max=12383, Min=1431, Avg=2800.31, 90=3517, 99=9455, 99.9=12383, 99.99=12383] 
2020-09-09 15:49:18:938 250 sec: 529635 operations; 2083.21 current ops/sec; est completion in 1 hour 14 minutes [READ: Count=20741, Max=557055, Min=2, Avg=7658.38, 90=14983, 99=31295, 99.9=520447, 99.99=549887] [READ-FAILED: Count=90, Max=4419, Min=0, Avg=2466.56, 90=3355, 99=4379, 99.9=4419, 99.99=4419] 
2020-09-09 15:49:28:938 260 sec: 551266 operations; 2163.1 current ops/sec; est completion in 1 hour 14 minutes [READ: Count=21522, Max=552959, Min=3, Avg=7434.38, 90=15495, 99=35519, 99.9=524287, 99.99=544255] [READ-FAILED: Count=107, Max=13631, Min=1658, Avg=2826.72, 90=3755, 99=7651, 99.9=13631, 99.99=13631] 
2020-09-09 15:49:38:938 270 sec: 571958 operations; 2069.2 current ops/sec; est completion in 1 hour 14 minutes [READ: Count=20600, Max=550911, Min=2, Avg=7881.75, 90=15399, 99=33023, 99.9=527871, 99.99=547327] [READ-FAILED: Count=92, Max=19167, Min=1, Avg=2975.5, 90=3643, 99=10863, 99.9=19167, 99.99=19167] 
2020-09-09 15:49:48:938 280 sec: 590689 operations; 1873.1 current ops/sec; est completion in 1 hour 14 minutes [READ: Count=18655, Max=598527, Min=3, Avg=8495.69, 90=15335, 99=42111, 99.9=542719, 99.99=594943] [READ-FAILED: Count=78, Max=4875, Min=1, Avg=2644.14, 90=3505, 99=4703, 99.9=4875, 99.99=4875] 
2020-09-09 15:49:58:938 290 sec: 612482 operations; 2179.3 current ops/sec; est completion in 1 hour 14 minutes [READ: Count=21693, Max=577023, Min=3, Avg=7350.45, 90=15223, 99=31503, 99.9=519167, 99.99=542207] [READ-FAILED: Count=98, Max=15343, Min=1, Avg=2812.59, 90=3501, 99=10335, 99.9=15343, 99.99=15343] 
2020-09-09 15:50:08:938 300 sec: 635488 operations; 2300.6 current ops/sec; est completion in 1 hour 13 minutes [READ: Count=22878, Max=538623, Min=2, Avg=7020.05, 90=14951, 99=26367, 99.9=520703, 99.99=538111] [READ-FAILED: Count=128, Max=13887, Min=1, Avg=2827.66, 90=3781, 99=11551, 99.9=13887, 99.99=13887] 
Maximum time elapsed. Requesting stop for the workload.
Stop requested for workload. Now Joining!
[36m15:50:09.336[m [[34;1mINFO[m] [1;34mp.u.t.s.y.Stats.clientFinished@38[m: 
Ended SconeKV benchmark.
Number of clients: 16
Total transactions: 126356
Committed: 126356 (100.0%)
Aborted: 0 (0.0%)
2020-09-09 15:50:09:338 300 sec: 635536 operations; 119.7 current ops/sec; est completion in 1 hour 13 minutes [READ: Count=48, Max=527871, Min=1517, Avg=80910.19, 90=514559, 99=527871, 99.9=527871, 99.99=527871] [CLEANUP: Count=16, Max=1428, Min=3, Avg=93.12, 90=7, 99=1428, 99.9=1428, 99.99=1428] [READ-FAILED: Count=0, Max=0, Min=9223372036854775807, Avg=NaN, 90=0, 99=0, 99.9=0, 99.99=0] 
[OVERALL], RunTime(ms), 300401
[OVERALL], Throughput(ops/sec), 2115.6254473187505
[TOTAL_GCS_G1_Young_Generation], Count, 116
[TOTAL_GC_TIME_G1_Young_Generation], Time(ms), 688
[TOTAL_GC_TIME_%_G1_Young_Generation], Time(%), 0.2290272003089204
[TOTAL_GCS_G1_Old_Generation], Count, 0
[TOTAL_GC_TIME_G1_Old_Generation], Time(ms), 0
[TOTAL_GC_TIME_%_G1_Old_Generation], Time(%), 0.0
[TOTAL_GCs], Count, 116
[TOTAL_GC_TIME], Time(ms), 688
[TOTAL_GC_TIME_%], Time(%), 0.2290272003089204
[READ], Operations, 632607
[READ], AverageLatency(us), 7532.615337800562
[READ], MinLatency(us), 2
[READ], MaxLatency(us), 1018367
[READ], 95thPercentileLatency(us), 17983
[READ], 99thPercentileLatency(us), 32687
[READ], Return=OK, 632607
[READ], Return=NOT_FOUND, 2929
[CLEANUP], Operations, 16
[CLEANUP], AverageLatency(us), 93.125
[CLEANUP], MinLatency(us), 3
[CLEANUP], MaxLatency(us), 1428
[CLEANUP], 95thPercentileLatency(us), 12
[CLEANUP], 99thPercentileLatency(us), 1428
[READ-FAILED], Operations, 2929
[READ-FAILED], AverageLatency(us), 2804.7872994195973
[READ-FAILED], MinLatency(us), 0
[READ-FAILED], MaxLatency(us), 24975
[READ-FAILED], 95thPercentileLatency(us), 4627
[READ-FAILED], 99thPercentileLatency(us), 10175
