Command line: -t -db pt.ulisboa.tecnico.sconekv.ycsb.SconeKVClient -P workloada -threads 256 -s -p scone.tx_size=5 -p operationcount=10000000 -p maxexecutiontime=300
YCSB Client 0.17.0

Loading workload...
Starting test.
WARNING: sun.reflect.Reflection.getCallerClass is not supported. This will impact performance.
2020-09-29 10:32:29:860 0 sec: 0 operations; est completion in 0 second 
Maximum execution time specified as: 300 secs
DBWrapper: report latency for each error is false and specific error codes to track for latency are: []
DBWrapper: report latency for each error is false and specific error codes to track for latency are: []
DBWrapper: report latency for each error is false and specific error codes to track for latency are: []
DBWrapper: report latency for each error is false and specific error codes to track for latency are: []
DBWrapper: report latency for each error is false and specific error codes to track for latency are: []
DBWrapper: report latency for each error is false and specific error codes to track for latency are: []
DBWrapper: report latency for each error is false and specific error codes to track for latency are: []
DBWrapper: report latency for each error is false and specific error codes to track for latency are: []
DBWrapper: report latency for each error is false and specific error codes to track for latency are: []
DBWrapper: report latency for each error is false and specific error codes to track for latency are: []
DBWrapper: report latency for each error is false and specific error codes to track for latency are: []
DBWrapper: report latency for each error is false and specific error codes to track for latency are: []
DBWrapper: report latency for each error is false and specific error codes to track for latency are: []
DBWrapper: report latency for each error is false and specific error codes to track for latency are: []
DBWrapper: report latency for each error is false and specific error codes to track for latency are: []
DBWrapper: report latency for each error is false and specific error codes to track for latency are: []
DBWrapper: report latency for each error is false and specific error codes to track for latency are: []
DBWrapper: report latency for each error is false and specific error codes to track for latency are: []
DBWrapper: report latency for each error is false and specific error codes to track for latency are: []
DBWrapper: report latency for each error is false and specific error codes to track for latency are: []
DBWrapper: report latency for each error is false and specific error codes to track for latency are: []
DBWrapper: report latency for each error is false and specific error codes to track for latency are: []
DBWrapper: report latency for each error is false and specific error codes to track for latency are: []
DBWrapper: report latency for each error is false and specific error codes to track for latency are: []
DBWrapper: report latency for each error is false and specific error codes to track for latency are: []
DBWrapper: report latency for each error is false and specific error codes to track for latency are: []
DBWrapper: report latency for each error is false and specific error codes to track for latency are: []
DBWrapper: report latency for each error is false and specific error codes to track for latency are: []
DBWrapper: report latency for each error is false and specific error codes to track for latency are: []
DBWrapper: report latency for each error is false and specific error codes to track for latency are: []
DBWrapper: report latency for each error is false and specific error codes to track for latency are: []
DBWrapper: report latency for each error is false and specific error codes to track for latency are: []
DBWrapper: report latency for each error is false and specific error codes to track for latency are: []
DBWrapper: report latency for each error is false and specific error codes to track for latency are: []
DBWrapper: report latency for each error is false and specific error codes to track for latency are: []
DBWrapper: report latency for each error is false and specific error codes to track for latency are: []
DBWrapper: report latency for each error is false and specific error codes to track for latency are: []
DBWrapper: report latency for each error is false and specific error codes to track for latency are: []
DBWrapper: report latency for each error is false and specific error codes to track for latency are: []
DBWrapper: report latency for each error is false and specific error codes to track for latency are: []
DBWrapper: report latency for each error is false and specific error codes to track for latency are: []
DBWrapper: report latency for each error is false and specific error codes to track for latency are: []
DBWrapper: report latency for each error is false and specific error codes to track for latency are: []
DBWrapper: report latency for each error is false and specific error codes to track for latency are: []
DBWrapper: report latency for each error is false and specific error codes to track for latency are: []
DBWrapper: report latency for each error is false and specific error codes to track for latency are: []
DBWrapper: report latency for each error is false and specific error codes to track for latency are: []
DBWrapper: report latency for each error is false and specific error codes to track for latency are: []
DBWrapper: report latency for each error is false and specific error codes to track for latency are: []
DBWrapper: report latency for each error is false and specific error codes to track for latency are: []
DBWrapper: report latency for each error is false and specific error codes to track for latency are: []
DBWrapper: report latency for each error is false and specific error codes to track for latency are: []
DBWrapper: report latency for each error is false and specific error codes to track for latency are: []
DBWrapper: report latency for each error is false and specific error codes to track for latency are: []
DBWrapper: report latency for each error is false and specific error codes to track for latency are: []
DBWrapper: report latency for each error is false and specific error codes to track for latency are: []
DBWrapper: report latency for each error is false and specific error codes to track for latency are: []
DBWrapper: report latency for each error is false and specific error codes to track for latency are: []
DBWrapper: report latency for each error is false and specific error codes to track for latency are: []
DBWrapper: report latency for each error is false and specific error codes to track for latency are: []
DBWrapper: report latency for each error is false and specific error codes to track for latency are: []
DBWrapper: report latency for each error is false and specific error codes to track for latency are: []
DBWrapper: report latency for each error is false and specific error codes to track for latency are: []
DBWrapper: report latency for each error is false and specific error codes to track for latency are: []
DBWrapper: report latency for each error is false and specific error codes to track for latency are: []
DBWrapper: report latency for each error is false and specific error codes to track for latency are: []
DBWrapper: report latency for each error is false and specific error codes to track for latency are: []
DBWrapper: report latency for each error is false and specific error codes to track for latency are: []
DBWrapper: report latency for each error is false and specific error codes to track for latency are: []
DBWrapper: report latency for each error is false and specific error codes to track for latency are: []
DBWrapper: report latency for each error is false and specific error codes to track for latency are: []
DBWrapper: report latency for each error is false and specific error codes to track for latency are: []
DBWrapper: report latency for each error is false and specific error codes to track for latency are: []
DBWrapper: report latency for each error is false and specific error codes to track for latency are: []
DBWrapper: report latency for each error is false and specific error codes to track for latency are: []
DBWrapper: report latency for each error is false and specific error codes to track for latency are: []
DBWrapper: report latency for each error is false and specific error codes to track for latency are: []
DBWrapper: report latency for each error is false and specific error codes to track for latency are: []
DBWrapper: report latency for each error is false and specific error codes to track for latency are: []
DBWrapper: report latency for each error is false and specific error codes to track for latency are: []
DBWrapper: report latency for each error is false and specific error codes to track for latency are: []
DBWrapper: report latency for each error is false and specific error codes to track for latency are: []
DBWrapper: report latency for each error is false and specific error codes to track for latency are: []
DBWrapper: report latency for each error is false and specific error codes to track for latency are: []
DBWrapper: report latency for each error is false and specific error codes to track for latency are: []
DBWrapper: report latency for each error is false and specific error codes to track for latency are: []
DBWrapper: report latency for each error is false and specific error codes to track for latency are: []
DBWrapper: report latency for each error is false and specific error codes to track for latency are: []
DBWrapper: report latency for each error is false and specific error codes to track for latency are: []
DBWrapper: report latency for each error is false and specific error codes to track for latency are: []
DBWrapper: report latency for each error is false and specific error codes to track for latency are: []
DBWrapper: report latency for each error is false and specific error codes to track for latency are: []
DBWrapper: report latency for each error is false and specific error codes to track for latency are: []
DBWrapper: report latency for each error is false and specific error codes to track for latency are: []
DBWrapper: report latency for each error is false and specific error codes to track for latency are: []
DBWrapper: report latency for each error is false and specific error codes to track for latency are: []
DBWrapper: report latency for each error is false and specific error codes to track for latency are: []
DBWrapper: report latency for each error is false and specific error codes to track for latency are: []
DBWrapper: report latency for each error is false and specific error codes to track for latency are: []
DBWrapper: report latency for each error is false and specific error codes to track for latency are: []
DBWrapper: report latency for each error is false and specific error codes to track for latency are: []
DBWrapper: report latency for each error is false and specific error codes to track for latency are: []
DBWrapper: report latency for each error is false and specific error codes to track for latency are: []
DBWrapper: report latency for each error is false and specific error codes to track for latency are: []
DBWrapper: report latency for each error is false and specific error codes to track for latency are: []
DBWrapper: report latency for each error is false and specific error codes to track for latency are: []
DBWrapper: report latency for each error is false and specific error codes to track for latency are: []
DBWrapper: report latency for each error is false and specific error codes to track for latency are: []
DBWrapper: report latency for each error is false and specific error codes to track for latency are: []
DBWrapper: report latency for each error is false and specific error codes to track for latency are: []
DBWrapper: report latency for each error is false and specific error codes to track for latency are: []
DBWrapper: report latency for each error is false and specific error codes to track for latency are: []
DBWrapper: report latency for each error is false and specific error codes to track for latency are: []
DBWrapper: report latency for each error is false and specific error codes to track for latency are: []
DBWrapper: report latency for each error is false and specific error codes to track for latency are: []
DBWrapper: report latency for each error is false and specific error codes to track for latency are: []
DBWrapper: report latency for each error is false and specific error codes to track for latency are: []
DBWrapper: report latency for each error is false and specific error codes to track for latency are: []
DBWrapper: report latency for each error is false and specific error codes to track for latency are: []
DBWrapper: report latency for each error is false and specific error codes to track for latency are: []
DBWrapper: report latency for each error is false and specific error codes to track for latency are: []
DBWrapper: report latency for each error is false and specific error codes to track for latency are: []
DBWrapper: report latency for each error is false and specific error codes to track for latency are: []
DBWrapper: report latency for each error is false and specific error codes to track for latency are: []
DBWrapper: report latency for each error is false and specific error codes to track for latency are: []
DBWrapper: report latency for each error is false and specific error codes to track for latency are: []
DBWrapper: report latency for each error is false and specific error codes to track for latency are: []
DBWrapper: report latency for each error is false and specific error codes to track for latency are: []
2020-09-29 10:32:39:975 10 sec: 5499 operations; 549.85 current ops/sec; est completion in 5 hours 2 minutes [READ: Count=2783, Max=2367487, Min=3, Avg=103835.05, 90=256895, 99=767487, 99.9=1743871, 99.99=2367487] [UPDATE: Count=3201, Max=2324479, Min=11, Avg=97478.87, 90=240127, 99=752127, 99.9=1742847, 99.99=2324479] 
DBWrapper: report latency for each error is false and specific error codes to track for latency are: []
DBWrapper: report latency for each error is false and specific error codes to track for latency are: []
DBWrapper: report latency for each error is false and specific error codes to track for latency are: []
DBWrapper: report latency for each error is false and specific error codes to track for latency are: []
DBWrapper: report latency for each error is false and specific error codes to track for latency are: []
DBWrapper: report latency for each error is false and specific error codes to track for latency are: []
DBWrapper: report latency for each error is false and specific error codes to track for latency are: []
DBWrapper: report latency for each error is false and specific error codes to track for latency are: []
DBWrapper: report latency for each error is false and specific error codes to track for latency are: []
DBWrapper: report latency for each error is false and specific error codes to track for latency are: []
DBWrapper: report latency for each error is false and specific error codes to track for latency are: []
DBWrapper: report latency for each error is false and specific error codes to track for latency are: []
DBWrapper: report latency for each error is false and specific error codes to track for latency are: []
DBWrapper: report latency for each error is false and specific error codes to track for latency are: []
DBWrapper: report latency for each error is false and specific error codes to track for latency are: []
DBWrapper: report latency for each error is false and specific error codes to track for latency are: []
DBWrapper: report latency for each error is false and specific error codes to track for latency are: []
DBWrapper: report latency for each error is false and specific error codes to track for latency are: []
DBWrapper: report latency for each error is false and specific error codes to track for latency are: []
DBWrapper: report latency for each error is false and specific error codes to track for latency are: []
DBWrapper: report latency for each error is false and specific error codes to track for latency are: []
DBWrapper: report latency for each error is false and specific error codes to track for latency are: []
DBWrapper: report latency for each error is false and specific error codes to track for latency are: []
DBWrapper: report latency for each error is false and specific error codes to track for latency are: []
DBWrapper: report latency for each error is false and specific error codes to track for latency are: []
DBWrapper: report latency for each error is false and specific error codes to track for latency are: []
DBWrapper: report latency for each error is false and specific error codes to track for latency are: []
DBWrapper: report latency for each error is false and specific error codes to track for latency are: []
DBWrapper: report latency for each error is false and specific error codes to track for latency are: []
DBWrapper: report latency for each error is false and specific error codes to track for latency are: []
DBWrapper: report latency for each error is false and specific error codes to track for latency are: []
DBWrapper: report latency for each error is false and specific error codes to track for latency are: []
DBWrapper: report latency for each error is false and specific error codes to track for latency are: []
DBWrapper: report latency for each error is false and specific error codes to track for latency are: []
DBWrapper: report latency for each error is false and specific error codes to track for latency are: []
DBWrapper: report latency for each error is false and specific error codes to track for latency are: []
DBWrapper: report latency for each error is false and specific error codes to track for latency are: []
DBWrapper: report latency for each error is false and specific error codes to track for latency are: []
DBWrapper: report latency for each error is false and specific error codes to track for latency are: []
DBWrapper: report latency for each error is false and specific error codes to track for latency are: []
DBWrapper: report latency for each error is false and specific error codes to track for latency are: []
DBWrapper: report latency for each error is false and specific error codes to track for latency are: []
DBWrapper: report latency for each error is false and specific error codes to track for latency are: []
DBWrapper: report latency for each error is false and specific error codes to track for latency are: []
DBWrapper: report latency for each error is false and specific error codes to track for latency are: []
DBWrapper: report latency for each error is false and specific error codes to track for latency are: []
DBWrapper: report latency for each error is false and specific error codes to track for latency are: []
DBWrapper: report latency for each error is false and specific error codes to track for latency are: []
DBWrapper: report latency for each error is false and specific error codes to track for latency are: []
DBWrapper: report latency for each error is false and specific error codes to track for latency are: []
DBWrapper: report latency for each error is false and specific error codes to track for latency are: []
DBWrapper: report latency for each error is false and specific error codes to track for latency are: []
DBWrapper: report latency for each error is false and specific error codes to track for latency are: []
DBWrapper: report latency for each error is false and specific error codes to track for latency are: []
DBWrapper: report latency for each error is false and specific error codes to track for latency are: []
DBWrapper: report latency for each error is false and specific error codes to track for latency are: []
DBWrapper: report latency for each error is false and specific error codes to track for latency are: []
DBWrapper: report latency for each error is false and specific error codes to track for latency are: []
DBWrapper: report latency for each error is false and specific error codes to track for latency are: []
DBWrapper: report latency for each error is false and specific error codes to track for latency are: []
DBWrapper: report latency for each error is false and specific error codes to track for latency are: []
DBWrapper: report latency for each error is false and specific error codes to track for latency are: []
DBWrapper: report latency for each error is false and specific error codes to track for latency are: []
DBWrapper: report latency for each error is false and specific error codes to track for latency are: []
DBWrapper: report latency for each error is false and specific error codes to track for latency are: []
DBWrapper: report latency for each error is false and specific error codes to track for latency are: []
DBWrapper: report latency for each error is false and specific error codes to track for latency are: []
DBWrapper: report latency for each error is false and specific error codes to track for latency are: []
DBWrapper: report latency for each error is false and specific error codes to track for latency are: []
DBWrapper: report latency for each error is false and specific error codes to track for latency are: []
DBWrapper: report latency for each error is false and specific error codes to track for latency are: []
DBWrapper: report latency for each error is false and specific error codes to track for latency are: []
DBWrapper: report latency for each error is false and specific error codes to track for latency are: []
DBWrapper: report latency for each error is false and specific error codes to track for latency are: []
DBWrapper: report latency for each error is false and specific error codes to track for latency are: []
DBWrapper: report latency for each error is false and specific error codes to track for latency are: []
DBWrapper: report latency for each error is false and specific error codes to track for latency are: []
DBWrapper: report latency for each error is false and specific error codes to track for latency are: []
DBWrapper: report latency for each error is false and specific error codes to track for latency are: []
DBWrapper: report latency for each error is false and specific error codes to track for latency are: []
DBWrapper: report latency for each error is false and specific error codes to track for latency are: []
DBWrapper: report latency for each error is false and specific error codes to track for latency are: []
DBWrapper: report latency for each error is false and specific error codes to track for latency are: []
DBWrapper: report latency for each error is false and specific error codes to track for latency are: []
DBWrapper: report latency for each error is false and specific error codes to track for latency are: []
DBWrapper: report latency for each error is false and specific error codes to track for latency are: []
DBWrapper: report latency for each error is false and specific error codes to track for latency are: []
DBWrapper: report latency for each error is false and specific error codes to track for latency are: []
DBWrapper: report latency for each error is false and specific error codes to track for latency are: []
DBWrapper: report latency for each error is false and specific error codes to track for latency are: []
DBWrapper: report latency for each error is false and specific error codes to track for latency are: []
DBWrapper: report latency for each error is false and specific error codes to track for latency are: []
DBWrapper: report latency for each error is false and specific error codes to track for latency are: []
DBWrapper: report latency for each error is false and specific error codes to track for latency are: []
DBWrapper: report latency for each error is false and specific error codes to track for latency are: []
DBWrapper: report latency for each error is false and specific error codes to track for latency are: []
DBWrapper: report latency for each error is false and specific error codes to track for latency are: []
DBWrapper: report latency for each error is false and specific error codes to track for latency are: []
DBWrapper: report latency for each error is false and specific error codes to track for latency are: []
DBWrapper: report latency for each error is false and specific error codes to track for latency are: []
DBWrapper: report latency for each error is false and specific error codes to track for latency are: []
DBWrapper: report latency for each error is false and specific error codes to track for latency are: []
DBWrapper: report latency for each error is false and specific error codes to track for latency are: []
DBWrapper: report latency for each error is false and specific error codes to track for latency are: []
2020-09-29 10:32:49:883 20 sec: 33428 operations; 2792.9 current ops/sec; est completion in 1 hour 39 minutes [READ: Count=14055, Max=1329151, Min=1, Avg=61051.34, 90=163199, 99=586751, 99.9=1105919, 99.99=1327103] [UPDATE: Count=13719, Max=1358847, Min=10, Avg=59616.85, 90=161919, 99=599039, 99.9=1137663, 99.99=1295359] [READ-FAILED: Count=4, Max=8591, Min=2986, Avg=5737.75, 90=8591, 99=8591, 99.9=8591, 99.99=8591] 
2020-09-29 10:32:59:859 30 sec: 81757 operations; 4832.9 current ops/sec; est completion in 1 hour [READ: Count=23980, Max=2086911, Min=1, Avg=46376.77, 90=89023, 99=620031, 99.9=1323007, 99.99=1831935] [UPDATE: Count=24092, Max=1984511, Min=1, Avg=48984.54, 90=92863, 99=675839, 99.9=1290239, 99.99=1915903] [READ-FAILED: Count=6, Max=12359, Min=1853, Avg=6883.33, 90=11919, 99=12359, 99.9=12359, 99.99=12359] 
DBWrapper: report latency for each error is false and specific error codes to track for latency are: []
DBWrapper: report latency for each error is false and specific error codes to track for latency are: []
DBWrapper: report latency for each error is false and specific error codes to track for latency are: []
DBWrapper: report latency for each error is false and specific error codes to track for latency are: []
DBWrapper: report latency for each error is false and specific error codes to track for latency are: []
DBWrapper: report latency for each error is false and specific error codes to track for latency are: []
DBWrapper: report latency for each error is false and specific error codes to track for latency are: []
DBWrapper: report latency for each error is false and specific error codes to track for latency are: []
DBWrapper: report latency for each error is false and specific error codes to track for latency are: []
DBWrapper: report latency for each error is false and specific error codes to track for latency are: []
DBWrapper: report latency for each error is false and specific error codes to track for latency are: []
DBWrapper: report latency for each error is false and specific error codes to track for latency are: []
DBWrapper: report latency for each error is false and specific error codes to track for latency are: []
DBWrapper: report latency for each error is false and specific error codes to track for latency are: []
DBWrapper: report latency for each error is false and specific error codes to track for latency are: []
DBWrapper: report latency for each error is false and specific error codes to track for latency are: []
DBWrapper: report latency for each error is false and specific error codes to track for latency are: []
DBWrapper: report latency for each error is false and specific error codes to track for latency are: []
DBWrapper: report latency for each error is false and specific error codes to track for latency are: []
DBWrapper: report latency for each error is false and specific error codes to track for latency are: []
2020-09-29 10:33:09:860 40 sec: 131699 operations; 4994.2 current ops/sec; est completion in 49 minutes [READ: Count=24878, Max=1932287, Min=0, Avg=45053.94, 90=93183, 99=604671, 99.9=1424383, 99.99=1810431] [UPDATE: Count=24999, Max=1728511, Min=1, Avg=49187.18, 90=105407, 99=652287, 99.9=1418239, 99.99=1717247] [READ-FAILED: Count=6, Max=18719, Min=2324, Avg=6968.83, 90=9567, 99=18719, 99.9=18719, 99.99=18719] 
2020-09-29 10:33:19:860 50 sec: 187006 operations; 5530.7 current ops/sec; est completion in 43 minutes [READ: Count=27638, Max=2787327, Min=0, Avg=43965.1, 90=82175, 99=662015, 99.9=1908735, 99.99=2549759] [UPDATE: Count=27656, Max=2625535, Min=1, Avg=48583.61, 90=87103, 99=749567, 99.9=2015231, 99.99=2523135] [READ-FAILED: Count=5, Max=7079, Min=2410, Avg=4270.2, 90=7079, 99=7079, 99.9=7079, 99.99=7079] 
2020-09-29 10:33:29:860 60 sec: 233955 operations; 4694.9 current ops/sec; est completion in 41 minutes [READ: Count=23470, Max=2531327, Min=0, Avg=51776.53, 90=86911, 99=793087, 99.9=1625087, 99.99=2400255] [UPDATE: Count=23493, Max=2682879, Min=3, Avg=57090.02, 90=97215, 99=852479, 99.9=1780735, 99.99=2658303] [READ-FAILED: Count=7, Max=35935, Min=1900, Avg=9266.71, 90=11815, 99=35935, 99.9=35935, 99.99=35935] 
DBWrapper: report latency for each error is false and specific error codes to track for latency are: []
DBWrapper: report latency for each error is false and specific error codes to track for latency are: []
DBWrapper: report latency for each error is false and specific error codes to track for latency are: []
DBWrapper: report latency for each error is false and specific error codes to track for latency are: []
2020-09-29 10:33:39:859 70 sec: 289384 operations; 5542.9 current ops/sec; est completion in 39 minutes [READ: Count=27560, Max=2512895, Min=0, Avg=43978.06, 90=78911, 99=686079, 99.9=1716223, 99.99=2412543] [UPDATE: Count=27880, Max=2545663, Min=2, Avg=47839.51, 90=86143, 99=811007, 99.9=1809407, 99.99=2437119] [READ-FAILED: Count=9, Max=17375, Min=3648, Avg=8656.22, 90=12151, 99=17375, 99.9=17375, 99.99=17375] 
2020-09-29 10:33:49:859 80 sec: 348216 operations; 5883.2 current ops/sec; est completion in 36 minutes [READ: Count=29271, Max=2772991, Min=0, Avg=42979.81, 90=80575, 99=627711, 99.9=1488895, 99.99=1845247] [UPDATE: Count=29514, Max=3123199, Min=1, Avg=43897.53, 90=82111, 99=638975, 99.9=1526783, 99.99=1838079] [READ-FAILED: Count=4, Max=12239, Min=3576, Avg=7278.75, 90=12239, 99=12239, 99.9=12239, 99.99=12239] 
2020-09-29 10:33:59:860 90 sec: 406614 operations; 5839.22 current ops/sec; est completion in 35 minutes [READ: Count=29168, Max=2283519, Min=0, Avg=41125.74, 90=83647, 99=599551, 99.9=1480703, 99.99=2174975] [UPDATE: Count=29235, Max=2263039, Min=1, Avg=44896.51, 90=89791, 99=703487, 99.9=1626111, 99.99=2160639] [READ-FAILED: Count=4, Max=17679, Min=3426, Avg=8497.75, 90=17679, 99=17679, 99.9=17679, 99.99=17679] 
2020-09-29 10:34:09:860 100 sec: 462341 operations; 5573.26 current ops/sec; est completion in 34 minutes [READ: Count=28025, Max=1728511, Min=0, Avg=44519.35, 90=89471, 99=634367, 99.9=1303551, 99.99=1586175] [UPDATE: Count=27790, Max=1652735, Min=1, Avg=47656.64, 90=95551, 99=707583, 99.9=1316863, 99.99=1518591] [READ-FAILED: Count=2, Max=2717, Min=2082, Avg=2400, 90=2717, 99=2717, 99.9=2717, 99.99=2717] 
2020-09-29 10:34:19:859 110 sec: 527836 operations; 6549.5 current ops/sec; est completion in 32 minutes [READ: Count=32682, Max=1866751, Min=0, Avg=38410.75, 90=78143, 99=585727, 99.9=1445887, 99.99=1836031] [UPDATE: Count=32722, Max=1858559, Min=1, Avg=40862.53, 90=80639, 99=609279, 99.9=1428479, 99.99=1812479] [READ-FAILED: Count=6, Max=26959, Min=5872, Avg=17262.67, 90=24927, 99=26959, 99.9=26959, 99.99=26959] 
2020-09-29 10:34:29:859 120 sec: 590337 operations; 6250.1 current ops/sec; est completion in 31 minutes [READ: Count=31540, Max=1807359, Min=1, Avg=39369.11, 90=78143, 99=592383, 99.9=1254399, 99.99=1763327] [UPDATE: Count=30940, Max=1787903, Min=1, Avg=42406.65, 90=80639, 99=635903, 99.9=1382399, 99.99=1773567] [READ-FAILED: Count=13, Max=12703, Min=2082, Avg=5437.85, 90=9439, 99=12703, 99.9=12703, 99.99=12703] 
2020-09-29 10:34:39:859 130 sec: 647232 operations; 5689.5 current ops/sec; est completion in 31 minutes [READ: Count=28519, Max=2482175, Min=0, Avg=43498.29, 90=81471, 99=621055, 99.9=1807359, 99.99=2402303] [UPDATE: Count=28415, Max=2500607, Min=1, Avg=46876.67, 90=86015, 99=676351, 99.9=1826815, 99.99=2420735] [READ-FAILED: Count=3, Max=11911, Min=3454, Avg=7943.67, 90=11911, 99=11911, 99.9=11911, 99.99=11911] 
2020-09-29 10:34:49:859 140 sec: 708157 operations; 6092.5 current ops/sec; est completion in 30 minutes [READ: Count=30486, Max=2002943, Min=0, Avg=40300.2, 90=81407, 99=592383, 99.9=1503231, 99.99=1935359] [UPDATE: Count=30383, Max=1982463, Min=1, Avg=43017.44, 90=90111, 99=627711, 99.9=1519615, 99.99=1964031] [READ-FAILED: Count=7, Max=18111, Min=2348, Avg=5834.86, 90=4811, 99=18111, 99.9=18111, 99.99=18111] 
2020-09-29 10:34:59:860 150 sec: 771667 operations; 6351 current ops/sec; est completion in 29 minutes [READ: Count=31865, Max=1822719, Min=0, Avg=39645.96, 90=81343, 99=589311, 99.9=1345535, 99.99=1810431] [UPDATE: Count=31660, Max=1851391, Min=2, Avg=41292.8, 90=84799, 99=640511, 99.9=1345535, 99.99=1729535] [READ-FAILED: Count=9, Max=19007, Min=4168, Avg=9373.78, 90=14223, 99=19007, 99.9=19007, 99.99=19007] 
2020-09-29 10:35:09:859 160 sec: 829894 operations; 5822.7 current ops/sec; est completion in 29 minutes [READ: Count=29144, Max=2441215, Min=0, Avg=41049.35, 90=83647, 99=612351, 99.9=1765375, 99.99=2375679] [UPDATE: Count=29047, Max=2439167, Min=1, Avg=45512.41, 90=87295, 99=745471, 99.9=1902591, 99.99=2357247] [READ-FAILED: Count=8, Max=12215, Min=3188, Avg=7037.75, 90=12095, 99=12215, 99.9=12215, 99.99=12215] 
2020-09-29 10:35:19:859 170 sec: 880927 operations; 5103.3 current ops/sec; est completion in 29 minutes [READ: Count=25622, Max=2297855, Min=0, Avg=47612.22, 90=101567, 99=685055, 99.9=1611775, 99.99=2075647] [UPDATE: Count=25407, Max=2342911, Min=2, Avg=53108.86, 90=112767, 99=798207, 99.9=1902591, 99.99=2328575] [READ-FAILED: Count=4, Max=5135, Min=2990, Avg=4154.5, 90=5135, 99=5135, 99.9=5135, 99.99=5135] 
2020-09-29 10:35:29:859 180 sec: 939238 operations; 5831.1 current ops/sec; est completion in 28 minutes [READ: Count=28868, Max=2365439, Min=0, Avg=41404.17, 90=73727, 99=610815, 99.9=1755135, 99.99=2299903] [UPDATE: Count=29430, Max=2451455, Min=1, Avg=44196.53, 90=79039, 99=671743, 99.9=1924095, 99.99=2361343] [READ-FAILED: Count=7, Max=17151, Min=2730, Avg=7268, 90=10071, 99=17151, 99.9=17151, 99.99=17151] 
2020-09-29 10:35:39:859 190 sec: 998894 operations; 5965.6 current ops/sec; est completion in 28 minutes [READ: Count=29944, Max=2093055, Min=0, Avg=42460.53, 90=90303, 99=595967, 99.9=1369087, 99.99=1935359] [UPDATE: Count=29728, Max=2224127, Min=1, Avg=46346.65, 90=96447, 99=675839, 99.9=1482751, 99.99=2144255] [READ-FAILED: Count=6, Max=25999, Min=2322, Avg=7745.33, 90=5743, 99=25999, 99.9=25999, 99.99=25999] 
2020-09-29 10:35:49:859 200 sec: 1055080 operations; 5618.6 current ops/sec; est completion in 28 minutes [READ: Count=28011, Max=2365439, Min=0, Avg=43585.06, 90=86207, 99=604159, 99.9=1774591, 99.99=2306047] [UPDATE: Count=28148, Max=2699263, Min=3, Avg=45820.47, 90=89151, 99=670719, 99.9=2011135, 99.99=2383871] [READ-FAILED: Count=5, Max=9935, Min=2478, Avg=4658.2, 90=9935, 99=9935, 99.9=9935, 99.99=9935] 
2020-09-29 10:35:59:859 210 sec: 1112421 operations; 5734.1 current ops/sec; est completion in 27 minutes [READ: Count=28622, Max=2117631, Min=0, Avg=42952.63, 90=89407, 99=613887, 99.9=1591295, 99.99=2056191] [UPDATE: Count=28714, Max=2166783, Min=1, Avg=46352.54, 90=96063, 99=673791, 99.9=1599487, 99.99=2062335] [READ-FAILED: Count=4, Max=10223, Min=3158, Avg=6373.75, 90=10223, 99=10223, 99.9=10223, 99.99=10223] 
2020-09-29 10:36:09:859 220 sec: 1169554 operations; 5713.3 current ops/sec; est completion in 27 minutes [READ: Count=28753, Max=2207743, Min=1, Avg=42590.29, 90=72895, 99=688639, 99.9=1501183, 99.99=2107391] [UPDATE: Count=28380, Max=2199551, Min=1, Avg=47372.83, 90=82687, 99=735231, 99.9=1718271, 99.99=2119679] [READ-FAILED: Count=11, Max=16735, Min=1955, Avg=6301.82, 90=9983, 99=16735, 99.9=16735, 99.99=16735] 
2020-09-29 10:36:19:859 230 sec: 1225531 operations; 5597.7 current ops/sec; est completion in 27 minutes [READ: Count=27920, Max=2203647, Min=0, Avg=43136.92, 90=77247, 99=655359, 99.9=1669119, 99.99=2136063] [UPDATE: Count=28058, Max=2691071, Min=0, Avg=47912.97, 90=79935, 99=828927, 99.9=1845247, 99.99=2103295] [READ-FAILED: Count=3, Max=19967, Min=3428, Avg=9475.67, 90=19967, 99=19967, 99.9=19967, 99.99=19967] 
2020-09-29 10:36:29:860 240 sec: 1271676 operations; 4614.5 current ops/sec; est completion in 27 minutes [READ: Count=23126, Max=3287039, Min=0, Avg=52248.17, 90=90751, 99=930815, 99.9=2051071, 99.99=2586623] [UPDATE: Count=23002, Max=3497983, Min=1, Avg=60575.77, 90=100351, 99=1119231, 99.9=2381823, 99.99=3184639] [READ-FAILED: Count=7, Max=7715, Min=2740, Avg=5418, 90=7175, 99=7715, 99.9=7715, 99.99=7715] 
2020-09-29 10:36:39:860 250 sec: 1324977 operations; 5330.1 current ops/sec; est completion in 27 minutes [READ: Count=26733, Max=2244607, Min=0, Avg=45292.82, 90=77759, 99=710655, 99.9=1601535, 99.99=1931263] [UPDATE: Count=26573, Max=2065407, Min=2, Avg=47612.16, 90=80703, 99=780799, 99.9=1581055, 99.99=1931263] [READ-FAILED: Count=8, Max=9607, Min=2198, Avg=5643.5, 90=8743, 99=9607, 99.9=9607, 99.99=9607] 
2020-09-29 10:36:49:860 260 sec: 1386569 operations; 6159.2 current ops/sec; est completion in 26 minutes [READ: Count=30598, Max=2197503, Min=1, Avg=40636.78, 90=75455, 99=605183, 99.9=1429503, 99.99=2101247] [UPDATE: Count=30993, Max=2396159, Min=1, Avg=45271.05, 90=83391, 99=659967, 99.9=1820671, 99.99=2189311] [READ-FAILED: Count=10, Max=40159, Min=2854, Avg=11572.1, 90=13383, 99=40159, 99.9=40159, 99.99=40159] 
2020-09-29 10:36:59:859 270 sec: 1443911 operations; 5734.2 current ops/sec; est completion in 26 minutes [READ: Count=28473, Max=1696767, Min=0, Avg=42137.44, 90=82047, 99=634879, 99.9=1197055, 99.99=1520639] [UPDATE: Count=28869, Max=1785855, Min=1, Avg=47004.01, 90=92799, 99=699391, 99.9=1225727, 99.99=1480703] [READ-FAILED: Count=4, Max=14151, Min=2554, Avg=6213.5, 90=14151, 99=14151, 99.9=14151, 99.99=14151] 
2020-09-29 10:37:09:859 280 sec: 1495104 operations; 5119.3 current ops/sec; est completion in 26 minutes [READ: Count=25607, Max=2009087, Min=1, Avg=48633.16, 90=84799, 99=683519, 99.9=1523711, 99.99=1893375] [UPDATE: Count=25567, Max=2029567, Min=1, Avg=51044.32, 90=94783, 99=738815, 99.9=1532927, 99.99=1958911] [READ-FAILED: Count=2, Max=8927, Min=2452, Avg=5688.5, 90=8927, 99=8927, 99.9=8927, 99.99=8927] 
2020-09-29 10:37:19:859 290 sec: 1548422 operations; 5331.8 current ops/sec; est completion in 26 minutes [READ: Count=26677, Max=2535423, Min=0, Avg=46411.32, 90=72447, 99=751103, 99.9=2029567, 99.99=2486271] [UPDATE: Count=26636, Max=2701311, Min=1, Avg=49327.75, 90=81855, 99=831999, 99.9=2013183, 99.99=2535423] [READ-FAILED: Count=3, Max=8927, Min=2796, Avg=4840, 90=8927, 99=8927, 99.9=8927, 99.99=8927] 
2020-09-29 10:37:29:859 300 sec: 1603125 operations; 5470.3 current ops/sec; est completion in 26 minutes [READ: Count=27260, Max=2658303, Min=1, Avg=42680.52, 90=74239, 99=673279, 99.9=1506303, 99.99=2365439] [UPDATE: Count=27431, Max=2420735, Min=0, Avg=47104.4, 90=83967, 99=749055, 99.9=1421311, 99.99=2250751] [READ-FAILED: Count=5, Max=13295, Min=3628, Avg=5650.8, 90=13295, 99=13295, 99.9=13295, 99.99=13295] 
Maximum time elapsed. Requesting stop for the workload.
Stop requested for workload. Now Joining!
[36m10:37:30.338[m [[34;1mINFO[m] [1;34mp.u.t.s.y.Stats.clientFinished@38[m: 
Ended SconeKV benchmark.
Number of clients: 256
Total transactions: 319171
Committed: 190950 (59.826862%)
Aborted: 128221 (40.173138%)
2020-09-29 10:37:30:340 300 sec: 1603860 operations; 1531.25 current ops/sec; est completion in 26 minutes [READ: Count=350, Max=2445311, Min=2, Avg=409777.28, 90=1517567, 99=2398207, 99.9=2445311, 99.99=2445311] [CLEANUP: Count=256, Max=2020, Min=2, Avg=10.77, 90=3, 99=19, 99.9=2020, 99.99=2020] [UPDATE: Count=378, Max=2414591, Min=1491, Avg=317288.75, 90=1146879, 99=2289663, 99.9=2414591, 99.99=2414591] [READ-FAILED: Count=0, Max=0, Min=9223372036854775807, Avg=NaN, 90=0, 99=0, 99.9=0, 99.99=0] 
[OVERALL], RunTime(ms), 300469
[OVERALL], Throughput(ops/sec), 5337.855153110637
[TOTAL_GCS_G1_Young_Generation], Count, 143
[TOTAL_GC_TIME_G1_Young_Generation], Time(ms), 3820
[TOTAL_GC_TIME_%_G1_Young_Generation], Time(%), 1.2713457960721406
[TOTAL_GCS_G1_Old_Generation], Count, 0
[TOTAL_GC_TIME_G1_Old_Generation], Time(ms), 0
[TOTAL_GC_TIME_%_G1_Old_Generation], Time(%), 0.0
[TOTAL_GCs], Count, 143
[TOTAL_GC_TIME], Time(ms), 3820
[TOTAL_GC_TIME_%], Time(%), 1.2713457960721406
[READ], Operations, 801628
[READ], AverageLatency(us), 44125.131226703656
[READ], MinLatency(us), 0
[READ], MaxLatency(us), 3287039
[READ], 95thPercentileLatency(us), 191871
[READ], 99thPercentileLatency(us), 637951
[READ], Return=OK, 801628
[READ], Return=NOT_FOUND, 172
[CLEANUP], Operations, 256
[CLEANUP], AverageLatency(us), 10.7734375
[CLEANUP], MinLatency(us), 2
[CLEANUP], MaxLatency(us), 2020
[CLEANUP], 95thPercentileLatency(us), 4
[CLEANUP], 99thPercentileLatency(us), 19
[UPDATE], Operations, 802060
[UPDATE], AverageLatency(us), 47621.43407351071
[UPDATE], MinLatency(us), 0
[UPDATE], MaxLatency(us), 3497983
[UPDATE], 95thPercentileLatency(us), 226047
[UPDATE], 99thPercentileLatency(us), 718335
[UPDATE], Return=OK, 802060
[READ-FAILED], Operations, 172
[READ-FAILED], AverageLatency(us), 7302.337209302325
[READ-FAILED], MinLatency(us), 1853
[READ-FAILED], MaxLatency(us), 40159
[READ-FAILED], 95thPercentileLatency(us), 18111
[READ-FAILED], 99thPercentileLatency(us), 26959
