Command line: -t -db pt.ulisboa.tecnico.sconekv.ycsb.SconeKVClient -P workloadb -threads 128 -s -p scone.tx_size=5 -p operationcount=10000000 -p maxexecutiontime=300
YCSB Client 0.17.0

Loading workload...
Starting test.
WARNING: sun.reflect.Reflection.getCallerClass is not supported. This will impact performance.
2020-09-29 11:53:32:754 0 sec: 0 operations; est completion in 0 second 
Maximum execution time specified as: 300 secs
DBWrapper: report latency for each error is false and specific error codes to track for latency are: []
DBWrapper: report latency for each error is false and specific error codes to track for latency are: []
DBWrapper: report latency for each error is false and specific error codes to track for latency are: []
DBWrapper: report latency for each error is false and specific error codes to track for latency are: []
DBWrapper: report latency for each error is false and specific error codes to track for latency are: []
DBWrapper: report latency for each error is false and specific error codes to track for latency are: []
DBWrapper: report latency for each error is false and specific error codes to track for latency are: []
DBWrapper: report latency for each error is false and specific error codes to track for latency are: []
DBWrapper: report latency for each error is false and specific error codes to track for latency are: []
DBWrapper: report latency for each error is false and specific error codes to track for latency are: []
DBWrapper: report latency for each error is false and specific error codes to track for latency are: []
DBWrapper: report latency for each error is false and specific error codes to track for latency are: []
DBWrapper: report latency for each error is false and specific error codes to track for latency are: []
DBWrapper: report latency for each error is false and specific error codes to track for latency are: []
DBWrapper: report latency for each error is false and specific error codes to track for latency are: []
DBWrapper: report latency for each error is false and specific error codes to track for latency are: []
DBWrapper: report latency for each error is false and specific error codes to track for latency are: []
DBWrapper: report latency for each error is false and specific error codes to track for latency are: []
DBWrapper: report latency for each error is false and specific error codes to track for latency are: []
DBWrapper: report latency for each error is false and specific error codes to track for latency are: []
DBWrapper: report latency for each error is false and specific error codes to track for latency are: []
DBWrapper: report latency for each error is false and specific error codes to track for latency are: []
DBWrapper: report latency for each error is false and specific error codes to track for latency are: []
DBWrapper: report latency for each error is false and specific error codes to track for latency are: []
DBWrapper: report latency for each error is false and specific error codes to track for latency are: []
DBWrapper: report latency for each error is false and specific error codes to track for latency are: []
DBWrapper: report latency for each error is false and specific error codes to track for latency are: []
DBWrapper: report latency for each error is false and specific error codes to track for latency are: []
DBWrapper: report latency for each error is false and specific error codes to track for latency are: []
DBWrapper: report latency for each error is false and specific error codes to track for latency are: []
DBWrapper: report latency for each error is false and specific error codes to track for latency are: []
DBWrapper: report latency for each error is false and specific error codes to track for latency are: []
DBWrapper: report latency for each error is false and specific error codes to track for latency are: []
DBWrapper: report latency for each error is false and specific error codes to track for latency are: []
DBWrapper: report latency for each error is false and specific error codes to track for latency are: []
DBWrapper: report latency for each error is false and specific error codes to track for latency are: []
DBWrapper: report latency for each error is false and specific error codes to track for latency are: []
DBWrapper: report latency for each error is false and specific error codes to track for latency are: []
DBWrapper: report latency for each error is false and specific error codes to track for latency are: []
DBWrapper: report latency for each error is false and specific error codes to track for latency are: []
DBWrapper: report latency for each error is false and specific error codes to track for latency are: []
DBWrapper: report latency for each error is false and specific error codes to track for latency are: []
DBWrapper: report latency for each error is false and specific error codes to track for latency are: []
DBWrapper: report latency for each error is false and specific error codes to track for latency are: []
DBWrapper: report latency for each error is false and specific error codes to track for latency are: []
DBWrapper: report latency for each error is false and specific error codes to track for latency are: []
DBWrapper: report latency for each error is false and specific error codes to track for latency are: []
DBWrapper: report latency for each error is false and specific error codes to track for latency are: []
DBWrapper: report latency for each error is false and specific error codes to track for latency are: []
DBWrapper: report latency for each error is false and specific error codes to track for latency are: []
DBWrapper: report latency for each error is false and specific error codes to track for latency are: []
DBWrapper: report latency for each error is false and specific error codes to track for latency are: []
DBWrapper: report latency for each error is false and specific error codes to track for latency are: []
DBWrapper: report latency for each error is false and specific error codes to track for latency are: []
DBWrapper: report latency for each error is false and specific error codes to track for latency are: []
DBWrapper: report latency for each error is false and specific error codes to track for latency are: []
DBWrapper: report latency for each error is false and specific error codes to track for latency are: []
DBWrapper: report latency for each error is false and specific error codes to track for latency are: []
DBWrapper: report latency for each error is false and specific error codes to track for latency are: []
DBWrapper: report latency for each error is false and specific error codes to track for latency are: []
DBWrapper: report latency for each error is false and specific error codes to track for latency are: []
DBWrapper: report latency for each error is false and specific error codes to track for latency are: []
DBWrapper: report latency for each error is false and specific error codes to track for latency are: []
DBWrapper: report latency for each error is false and specific error codes to track for latency are: []
DBWrapper: report latency for each error is false and specific error codes to track for latency are: []
DBWrapper: report latency for each error is false and specific error codes to track for latency are: []
DBWrapper: report latency for each error is false and specific error codes to track for latency are: []
DBWrapper: report latency for each error is false and specific error codes to track for latency are: []
DBWrapper: report latency for each error is false and specific error codes to track for latency are: []
DBWrapper: report latency for each error is false and specific error codes to track for latency are: []
DBWrapper: report latency for each error is false and specific error codes to track for latency are: []
DBWrapper: report latency for each error is false and specific error codes to track for latency are: []
DBWrapper: report latency for each error is false and specific error codes to track for latency are: []
DBWrapper: report latency for each error is false and specific error codes to track for latency are: []
DBWrapper: report latency for each error is false and specific error codes to track for latency are: []
DBWrapper: report latency for each error is false and specific error codes to track for latency are: []
DBWrapper: report latency for each error is false and specific error codes to track for latency are: []
DBWrapper: report latency for each error is false and specific error codes to track for latency are: []
DBWrapper: report latency for each error is false and specific error codes to track for latency are: []
DBWrapper: report latency for each error is false and specific error codes to track for latency are: []
DBWrapper: report latency for each error is false and specific error codes to track for latency are: []
DBWrapper: report latency for each error is false and specific error codes to track for latency are: []
DBWrapper: report latency for each error is false and specific error codes to track for latency are: []
DBWrapper: report latency for each error is false and specific error codes to track for latency are: []
DBWrapper: report latency for each error is false and specific error codes to track for latency are: []
DBWrapper: report latency for each error is false and specific error codes to track for latency are: []
DBWrapper: report latency for each error is false and specific error codes to track for latency are: []
DBWrapper: report latency for each error is false and specific error codes to track for latency are: []
DBWrapper: report latency for each error is false and specific error codes to track for latency are: []
DBWrapper: report latency for each error is false and specific error codes to track for latency are: []
DBWrapper: report latency for each error is false and specific error codes to track for latency are: []
DBWrapper: report latency for each error is false and specific error codes to track for latency are: []
DBWrapper: report latency for each error is false and specific error codes to track for latency are: []
DBWrapper: report latency for each error is false and specific error codes to track for latency are: []
DBWrapper: report latency for each error is false and specific error codes to track for latency are: []
DBWrapper: report latency for each error is false and specific error codes to track for latency are: []
DBWrapper: report latency for each error is false and specific error codes to track for latency are: []
DBWrapper: report latency for each error is false and specific error codes to track for latency are: []
DBWrapper: report latency for each error is false and specific error codes to track for latency are: []
DBWrapper: report latency for each error is false and specific error codes to track for latency are: []
DBWrapper: report latency for each error is false and specific error codes to track for latency are: []
DBWrapper: report latency for each error is false and specific error codes to track for latency are: []
DBWrapper: report latency for each error is false and specific error codes to track for latency are: []
DBWrapper: report latency for each error is false and specific error codes to track for latency are: []
DBWrapper: report latency for each error is false and specific error codes to track for latency are: []
DBWrapper: report latency for each error is false and specific error codes to track for latency are: []
DBWrapper: report latency for each error is false and specific error codes to track for latency are: []
DBWrapper: report latency for each error is false and specific error codes to track for latency are: []
2020-09-29 11:53:42:836 10 sec: 10507 operations; 1049.44 current ops/sec; est completion in 2 hours 38 minutes [READ: Count=10147, Max=829439, Min=2, Avg=45068.16, 90=114303, 99=371711, 99.9=637439, 99.99=823295] [UPDATE: Count=572, Max=721407, Min=15, Avg=45173.05, 90=128511, 99=335615, 99.9=610303, 99.99=721407] [READ-FAILED: Count=7, Max=239871, Min=5260, Avg=97531.43, 90=161791, 99=239871, 99.9=239871, 99.99=239871] 
DBWrapper: report latency for each error is false and specific error codes to track for latency are: []
DBWrapper: report latency for each error is false and specific error codes to track for latency are: []
DBWrapper: report latency for each error is false and specific error codes to track for latency are: []
DBWrapper: report latency for each error is false and specific error codes to track for latency are: []
DBWrapper: report latency for each error is false and specific error codes to track for latency are: []
DBWrapper: report latency for each error is false and specific error codes to track for latency are: []
DBWrapper: report latency for each error is false and specific error codes to track for latency are: []
DBWrapper: report latency for each error is false and specific error codes to track for latency are: []
DBWrapper: report latency for each error is false and specific error codes to track for latency are: []
DBWrapper: report latency for each error is false and specific error codes to track for latency are: []
DBWrapper: report latency for each error is false and specific error codes to track for latency are: []
2020-09-29 11:53:52:756 20 sec: 39247 operations; 2876.59 current ops/sec; est completion in 1 hour 24 minutes [READ: Count=27082, Max=1069055, Min=0, Avg=37219.9, 90=73407, 99=527871, 99.9=676863, 99.99=899071] [UPDATE: Count=1436, Max=845823, Min=15, Avg=37190.06, 90=67839, 99=536575, 99.9=775679, 99.99=845823] [READ-FAILED: Count=24, Max=121023, Min=2556, Avg=22639.83, 90=44863, 99=121023, 99.9=121023, 99.99=121023] 
2020-09-29 11:54:02:754 30 sec: 81033 operations; 4179.85 current ops/sec; est completion in 1 hour 1 minute [READ: Count=39566, Max=3397631, Min=0, Avg=27013.19, 90=43423, 99=535551, 99.9=1801215, 99.99=2928639] [UPDATE: Count=2165, Max=3196927, Min=17, Avg=40839.41, 90=45631, 99=583167, 99.9=3010559, 99.99=3196927] [READ-FAILED: Count=41, Max=120319, Min=1915, Avg=7372.07, 90=8083, 99=120319, 99.9=120319, 99.99=120319] 
DBWrapper: report latency for each error is false and specific error codes to track for latency are: []
DBWrapper: report latency for each error is false and specific error codes to track for latency are: []
DBWrapper: report latency for each error is false and specific error codes to track for latency are: []
DBWrapper: report latency for each error is false and specific error codes to track for latency are: []
DBWrapper: report latency for each error is false and specific error codes to track for latency are: []
DBWrapper: report latency for each error is false and specific error codes to track for latency are: []
DBWrapper: report latency for each error is false and specific error codes to track for latency are: []
DBWrapper: report latency for each error is false and specific error codes to track for latency are: []
DBWrapper: report latency for each error is false and specific error codes to track for latency are: []
2020-09-29 11:54:12:754 40 sec: 129440 operations; 4840.7 current ops/sec; est completion in 50 minutes [READ: Count=45908, Max=15040511, Min=0, Avg=26071.54, 90=49695, 99=535039, 99.9=1072127, 99.99=2021375] [UPDATE: Count=2461, Max=2252799, Min=20, Avg=37947.62, 90=54399, 99=683519, 99.9=1432575, 99.99=2252799] [READ-FAILED: Count=38, Max=80383, Min=1538, Avg=8759.37, 90=17023, 99=80383, 99.9=80383, 99.99=80383] 
2020-09-29 11:54:22:754 50 sec: 172157 operations; 4271.7 current ops/sec; est completion in 47 minutes [READ: Count=40512, Max=3811327, Min=0, Avg=28802.7, 90=47519, 99=540159, 99.9=1662975, 99.99=3448831] [UPDATE: Count=2170, Max=3692543, Min=18, Avg=44744.34, 90=52095, 99=636927, 99.9=3393535, 99.99=3692543] [READ-FAILED: Count=36, Max=51807, Min=1577, Avg=6814.14, 90=8319, 99=51807, 99.9=51807, 99.99=51807] 
2020-09-29 11:54:32:754 60 sec: 217909 operations; 4575.2 current ops/sec; est completion in 44 minutes [READ: Count=43353, Max=2531327, Min=0, Avg=28212.18, 90=46079, 99=545791, 99.9=1368063, 99.99=2111487] [UPDATE: Count=2360, Max=2770943, Min=12, Avg=32230.75, 90=45343, 99=573951, 99.9=2205695, 99.99=2770943] [READ-FAILED: Count=35, Max=25151, Min=1974, Avg=5824.43, 90=11743, 99=25151, 99.9=25151, 99.99=25151] 
2020-09-29 11:54:42:754 70 sec: 261554 operations; 4364.5 current ops/sec; est completion in 43 minutes [READ: Count=41442, Max=2625535, Min=0, Avg=27431.26, 90=49983, 99=541695, 99.9=1491967, 99.99=2250751] [UPDATE: Count=2170, Max=2092031, Min=15, Avg=43096.14, 90=59103, 99=827903, 99.9=1810431, 99.99=2092031] [READ-FAILED: Count=32, Max=20223, Min=2448, Avg=7180.28, 90=12535, 99=20223, 99.9=20223, 99.99=20223] 
2020-09-29 11:54:52:754 80 sec: 309064 operations; 4751 current ops/sec; est completion in 41 minutes [READ: Count=45066, Max=3254271, Min=0, Avg=26919.79, 90=44671, 99=536063, 99.9=2340863, 99.99=3106815] [UPDATE: Count=2407, Max=2820095, Min=15, Avg=36762.94, 90=47007, 99=645631, 99.9=2410495, 99.99=2820095] [READ-FAILED: Count=43, Max=39071, Min=1839, Avg=7155.4, 90=15871, 99=39071, 99.9=39071, 99.99=39071] 
2020-09-29 11:55:02:754 90 sec: 354900 operations; 4583.6 current ops/sec; est completion in 40 minutes [READ: Count=43558, Max=3293183, Min=0, Avg=27190.77, 90=43967, 99=543743, 99.9=1605631, 99.99=3141631] [UPDATE: Count=2236, Max=2832383, Min=15, Avg=46203.87, 90=49279, 99=976895, 99.9=2390015, 99.99=2832383] [READ-FAILED: Count=41, Max=19055, Min=1609, Avg=6070.41, 90=11391, 99=19055, 99.9=19055, 99.99=19055] 
2020-09-29 11:55:12:754 100 sec: 402350 operations; 4745 current ops/sec; est completion in 39 minutes [READ: Count=45042, Max=2623487, Min=0, Avg=26750.22, 90=48159, 99=556031, 99.9=1142783, 99.99=2572287] [UPDATE: Count=2373, Max=2430975, Min=14, Avg=36583.27, 90=51999, 99=633343, 99.9=2224127, 99.99=2430975] [READ-FAILED: Count=33, Max=14199, Min=2104, Avg=4866.39, 90=7851, 99=14199, 99.9=14199, 99.99=14199] 
2020-09-29 11:55:22:754 110 sec: 447094 operations; 4474.4 current ops/sec; est completion in 39 minutes [READ: Count=42505, Max=2988031, Min=0, Avg=27773.01, 90=46367, 99=547327, 99.9=1647615, 99.99=2854911] [UPDATE: Count=2201, Max=2656255, Min=15, Avg=38503.6, 90=49215, 99=622591, 99.9=2199551, 99.99=2656255] [READ-FAILED: Count=38, Max=97087, Min=2382, Avg=10836.68, 90=20175, 99=97087, 99.9=97087, 99.99=97087] 
2020-09-29 11:55:32:754 120 sec: 488896 operations; 4180.2 current ops/sec; est completion in 38 minutes [READ: Count=39723, Max=3489791, Min=0, Avg=28754.58, 90=47071, 99=547327, 99.9=1434623, 99.99=2228223] [UPDATE: Count=2050, Max=3303423, Min=14, Avg=36255.2, 90=49471, 99=617983, 99.9=1968127, 99.99=3303423] [READ-FAILED: Count=31, Max=103551, Min=1692, Avg=12235.23, 90=27631, 99=103551, 99.9=103551, 99.99=103551] 
2020-09-29 11:55:42:754 130 sec: 534530 operations; 4563.4 current ops/sec; est completion in 38 minutes [READ: Count=43330, Max=5152767, Min=0, Avg=27979.07, 90=44319, 99=539647, 99.9=1697791, 99.99=3801087] [UPDATE: Count=2259, Max=5279743, Min=15, Avg=38412.86, 90=47391, 99=623615, 99.9=2097151, 99.99=5279743] [READ-FAILED: Count=41, Max=28079, Min=2009, Avg=5119.27, 90=7615, 99=28079, 99.9=28079, 99.99=28079] 
2020-09-29 11:55:52:754 140 sec: 574226 operations; 3969.6 current ops/sec; est completion in 38 minutes [READ: Count=37604, Max=3590143, Min=0, Avg=31060.6, 90=50911, 99=547327, 99.9=2301951, 99.99=3500031] [UPDATE: Count=2055, Max=3850239, Min=15, Avg=51212.57, 90=60383, 99=950271, 99.9=3010559, 99.99=3850239] [READ-FAILED: Count=36, Max=47679, Min=1857, Avg=9612.64, 90=19615, 99=47679, 99.9=47679, 99.99=47679] 
2020-09-29 11:56:02:754 150 sec: 621433 operations; 4720.7 current ops/sec; est completion in 37 minutes [READ: Count=44802, Max=4861951, Min=0, Avg=27984.06, 90=48799, 99=545279, 99.9=1445887, 99.99=3096575] [UPDATE: Count=2366, Max=5029887, Min=16, Avg=39040.48, 90=52991, 99=581119, 99.9=3553279, 99.99=5029887] [READ-FAILED: Count=38, Max=24767, Min=2042, Avg=6932.53, 90=14375, 99=24767, 99.9=24767, 99.99=24767] 
2020-09-29 11:56:12:754 160 sec: 664911 operations; 4347.8 current ops/sec; est completion in 37 minutes [READ: Count=41254, Max=4681727, Min=0, Avg=28885.32, 90=46943, 99=565759, 99.9=1540095, 99.99=3383295] [UPDATE: Count=2199, Max=2879487, Min=17, Avg=41145.53, 90=54111, 99=744959, 99.9=2328575, 99.99=2879487] [READ-FAILED: Count=30, Max=14119, Min=2142, Avg=4824.87, 90=8799, 99=14119, 99.9=14119, 99.99=14119] 
2020-09-29 11:56:22:754 170 sec: 711531 operations; 4662 current ops/sec; est completion in 37 minutes [READ: Count=44250, Max=2818047, Min=0, Avg=26174.02, 90=46975, 99=535551, 99.9=1572863, 99.99=2697215] [UPDATE: Count=2321, Max=2953215, Min=17, Avg=40649.97, 90=50399, 99=654335, 99.9=2410495, 99.99=2953215] [READ-FAILED: Count=48, Max=16231, Min=1753, Avg=5634.21, 90=8495, 99=16231, 99.9=16231, 99.99=16231] 
2020-09-29 11:56:32:754 180 sec: 757870 operations; 4633.9 current ops/sec; est completion in 36 minutes [READ: Count=44086, Max=2707455, Min=0, Avg=27417.79, 90=49631, 99=546303, 99.9=1416191, 99.99=2490367] [UPDATE: Count=2215, Max=2400255, Min=15, Avg=41331.61, 90=55167, 99=651775, 99.9=2205695, 99.99=2400255] [READ-FAILED: Count=39, Max=21631, Min=1404, Avg=6694.72, 90=17455, 99=21631, 99.9=21631, 99.99=21631] 
2020-09-29 11:56:42:754 190 sec: 805264 operations; 4738.93 current ops/sec; est completion in 36 minutes [READ: Count=44962, Max=2465791, Min=0, Avg=26340.8, 90=47231, 99=540159, 99.9=1204223, 99.99=2081791] [UPDATE: Count=2387, Max=3061759, Min=15, Avg=37300.67, 90=49663, 99=610303, 99.9=2297855, 99.99=3061759] [READ-FAILED: Count=42, Max=35167, Min=1828, Avg=7298.21, 90=12503, 99=35167, 99.9=35167, 99.99=35167] 
2020-09-29 11:56:52:754 200 sec: 856694 operations; 5143.51 current ops/sec; est completion in 35 minutes [READ: Count=48824, Max=3080191, Min=0, Avg=23867.75, 90=48351, 99=520959, 99.9=926207, 99.99=1689599] [UPDATE: Count=2567, Max=3260415, Min=17, Avg=33440.14, 90=50783, 99=617471, 99.9=1418239, 99.99=3260415] [READ-FAILED: Count=41, Max=68095, Min=1995, Avg=7619.37, 90=11511, 99=68095, 99.9=68095, 99.99=68095] 
2020-09-29 11:57:02:754 210 sec: 901296 operations; 4460.2 current ops/sec; est completion in 35 minutes [READ: Count=42242, Max=3424255, Min=0, Avg=28962.33, 90=48543, 99=549375, 99.9=1950719, 99.99=3065855] [UPDATE: Count=2313, Max=3334143, Min=14, Avg=41556.88, 90=51103, 99=622079, 99.9=3033087, 99.99=3334143] [READ-FAILED: Count=43, Max=15847, Min=2400, Avg=4794.6, 90=6523, 99=15847, 99.9=15847, 99.99=15847] 
2020-09-29 11:57:12:754 220 sec: 947445 operations; 4614.9 current ops/sec; est completion in 35 minutes [READ: Count=43679, Max=2336767, Min=0, Avg=27371.33, 90=48671, 99=542719, 99.9=1333247, 99.99=1844223] [UPDATE: Count=2428, Max=2051071, Min=17, Avg=34387.78, 90=51615, 99=636415, 99.9=1936383, 99.99=2051071] [READ-FAILED: Count=42, Max=40959, Min=1801, Avg=8051.05, 90=18863, 99=40959, 99.9=40959, 99.99=40959] 
2020-09-29 11:57:22:754 230 sec: 993481 operations; 4603.6 current ops/sec; est completion in 34 minutes [READ: Count=43600, Max=4329471, Min=0, Avg=25425.28, 90=48767, 99=534015, 99.9=1102847, 99.99=3317759] [UPDATE: Count=2387, Max=4374527, Min=17, Avg=42148.49, 90=52799, 99=776703, 99.9=2965503, 99.99=4374527] [READ-FAILED: Count=48, Max=19023, Min=2114, Avg=5137.25, 90=9215, 99=19023, 99.9=19023, 99.99=19023] 
2020-09-29 11:57:32:753 240 sec: 1042352 operations; 4887.1 current ops/sec; est completion in 34 minutes [READ: Count=46452, Max=4853759, Min=0, Avg=26793.86, 90=47647, 99=533503, 99.9=1568767, 99.99=4530175] [UPDATE: Count=2379, Max=4784127, Min=17, Avg=39478.25, 90=55103, 99=568319, 99.9=3514367, 99.99=4784127] [READ-FAILED: Count=42, Max=30639, Min=2070, Avg=6574.05, 90=12391, 99=30639, 99.9=30639, 99.99=30639] 
2020-09-29 11:57:42:754 250 sec: 1086963 operations; 4461.1 current ops/sec; est completion in 34 minutes [READ: Count=42368, Max=3688447, Min=0, Avg=27363.15, 90=47807, 99=540159, 99.9=1052671, 99.99=3115007] [UPDATE: Count=2214, Max=2873343, Min=6, Avg=35073.49, 90=53119, 99=571391, 99.9=2022399, 99.99=2873343] [READ-FAILED: Count=28, Max=48063, Min=2032, Avg=9556.86, 90=18847, 99=48063, 99.9=48063, 99.99=48063] 
2020-09-29 11:57:52:754 260 sec: 1136253 operations; 4929 current ops/sec; est completion in 33 minutes [READ: Count=46761, Max=3268607, Min=0, Avg=26034.36, 90=47455, 99=531967, 99.9=1416191, 99.99=2478079] [UPDATE: Count=2482, Max=2781183, Min=5, Avg=44870.46, 90=55871, 99=911871, 99.9=2156543, 99.99=2781183] [READ-FAILED: Count=46, Max=32495, Min=1949, Avg=6393.09, 90=8967, 99=32495, 99.9=32495, 99.99=32495] 
2020-09-29 11:58:02:753 270 sec: 1176759 operations; 4050.6 current ops/sec; est completion in 33 minutes [READ: Count=38452, Max=3999743, Min=0, Avg=31158.59, 90=52383, 99=550399, 99.9=2087935, 99.99=3839999] [UPDATE: Count=2013, Max=3450879, Min=5, Avg=35623.22, 90=51199, 99=616959, 99.9=1822719, 99.99=3450879] [READ-FAILED: Count=40, Max=51775, Min=1738, Avg=7457.68, 90=12535, 99=51775, 99.9=51775, 99.99=51775] 
2020-09-29 11:58:12:754 280 sec: 1217817 operations; 4105.8 current ops/sec; est completion in 33 minutes [READ: Count=38973, Max=3895295, Min=0, Avg=30848.66, 90=45311, 99=543743, 99.9=2295807, 99.99=3430399] [UPDATE: Count=2047, Max=3612671, Min=5, Avg=42456.11, 90=48543, 99=771583, 99.9=2682879, 99.99=3612671] [READ-FAILED: Count=40, Max=44031, Min=1891, Avg=6521.52, 90=12775, 99=44031, 99.9=44031, 99.99=44031] 
2020-09-29 11:58:22:754 290 sec: 1263540 operations; 4572.3 current ops/sec; est completion in 33 minutes [READ: Count=43292, Max=2772991, Min=0, Avg=27108.73, 90=45183, 99=544767, 99.9=1472511, 99.99=2508799] [UPDATE: Count=2395, Max=2502655, Min=5, Avg=40061.62, 90=49535, 99=645119, 99.9=2291711, 99.99=2502655] [READ-FAILED: Count=38, Max=37087, Min=1818, Avg=7824.08, 90=19823, 99=37087, 99.9=37087, 99.99=37087] 
2020-09-29 11:58:32:753 300 sec: 1310380 operations; 4684 current ops/sec; est completion in 33 minutes [READ: Count=44422, Max=3665919, Min=0, Avg=26953.53, 90=48319, 99=540671, 99.9=1288191, 99.99=2639871] [UPDATE: Count=2381, Max=3389439, Min=6, Avg=40672.56, 90=53919, 99=883711, 99.9=2260991, 99.99=3389439] [READ-FAILED: Count=37, Max=21167, Min=2018, Avg=5448.35, 90=11943, 99=21167, 99.9=21167, 99.99=21167] 
Maximum time elapsed. Requesting stop for the workload.
Stop requested for workload. Now Joining!
[36m11:58:33.401[m [[34;1mINFO[m] [1;34mp.u.t.s.y.Stats.clientFinished@38[m: 
Ended SconeKV benchmark.
Number of clients: 128
Total transactions: 260816
Committed: 241676 (92.66149%)
Aborted: 19140 (7.3385067%)
2020-09-29 11:58:33:403 300 sec: 1310901 operations; 802.77 current ops/sec; est completion in 33 minutes [READ: Count=485, Max=986623, Min=1, Avg=62844.17, 90=127167, 99=555519, 99.9=986623, 99.99=986623] [CLEANUP: Count=128, Max=1278, Min=2, Avg=12.62, 90=4, 99=19, 99.9=1278, 99.99=1278] [UPDATE: Count=31, Max=813567, Min=8, Avg=119874.71, 90=310527, 99=813567, 99.9=813567, 99.99=813567] [READ-FAILED: Count=1, Max=88575, Min=88512, Avg=88544, 90=88575, 99=88575, 99.9=88575, 99.99=88575] 
[OVERALL], RunTime(ms), 300642
[OVERALL], Throughput(ops/sec), 4360.338874807911
[TOTAL_GCS_G1_Young_Generation], Count, 155
[TOTAL_GC_TIME_G1_Young_Generation], Time(ms), 2576
[TOTAL_GC_TIME_%_G1_Young_Generation], Time(%), 0.8568330439526082
[TOTAL_GCS_G1_Old_Generation], Count, 0
[TOTAL_GC_TIME_G1_Old_Generation], Time(ms), 0
[TOTAL_GC_TIME_%_G1_Old_Generation], Time(%), 0.0
[TOTAL_GCs], Count, 155
[TOTAL_GC_TIME], Time(ms), 2576
[TOTAL_GC_TIME_%], Time(%), 0.8568330439526082
[READ], Operations, 1243742
[READ], AverageLatency(us), 27880.23523286984
[READ], MinLatency(us), 0
[READ], MaxLatency(us), 15040511
[READ], 95thPercentileLatency(us), 73727
[READ], 99thPercentileLatency(us), 540671
[READ], Return=OK, 1243742
[READ], Return=NOT_FOUND, 1119
[CLEANUP], Operations, 128
[CLEANUP], AverageLatency(us), 12.6171875
[CLEANUP], MinLatency(us), 2
[CLEANUP], MaxLatency(us), 1278
[CLEANUP], 95thPercentileLatency(us), 5
[CLEANUP], 99thPercentileLatency(us), 19
[UPDATE], Operations, 66040
[UPDATE], AverageLatency(us), 39662.88390369473
[UPDATE], MinLatency(us), 5
[UPDATE], MaxLatency(us), 5279743
[UPDATE], 95thPercentileLatency(us), 96447
[UPDATE], 99thPercentileLatency(us), 662015
[UPDATE], Return=OK, 66040
[READ-FAILED], Operations, 1119
[READ-FAILED], AverageLatency(us), 7987.710455764075
[READ-FAILED], MinLatency(us), 1404
[READ-FAILED], MaxLatency(us), 239871
[READ-FAILED], 95thPercentileLatency(us), 21295
[READ-FAILED], 99thPercentileLatency(us), 68095
