Command line: -t -db pt.ulisboa.tecnico.sconekv.ycsb.SconeKVClient -P workloada -threads 128 -s -p scone.tx_size=5 -p operationcount=10000000 -p maxexecutiontime=300
YCSB Client 0.17.0

Loading workload...
Starting test.
WARNING: sun.reflect.Reflection.getCallerClass is not supported. This will impact performance.
2020-09-29 10:07:15:754 0 sec: 0 operations; est completion in 0 second 
Maximum execution time specified as: 300 secs
DBWrapper: report latency for each error is false and specific error codes to track for latency are: []
DBWrapper: report latency for each error is false and specific error codes to track for latency are: []
DBWrapper: report latency for each error is false and specific error codes to track for latency are: []
DBWrapper: report latency for each error is false and specific error codes to track for latency are: []
DBWrapper: report latency for each error is false and specific error codes to track for latency are: []
DBWrapper: report latency for each error is false and specific error codes to track for latency are: []
DBWrapper: report latency for each error is false and specific error codes to track for latency are: []
DBWrapper: report latency for each error is false and specific error codes to track for latency are: []
DBWrapper: report latency for each error is false and specific error codes to track for latency are: []
DBWrapper: report latency for each error is false and specific error codes to track for latency are: []
DBWrapper: report latency for each error is false and specific error codes to track for latency are: []
DBWrapper: report latency for each error is false and specific error codes to track for latency are: []
DBWrapper: report latency for each error is false and specific error codes to track for latency are: []
DBWrapper: report latency for each error is false and specific error codes to track for latency are: []
DBWrapper: report latency for each error is false and specific error codes to track for latency are: []
DBWrapper: report latency for each error is false and specific error codes to track for latency are: []
DBWrapper: report latency for each error is false and specific error codes to track for latency are: []
DBWrapper: report latency for each error is false and specific error codes to track for latency are: []
DBWrapper: report latency for each error is false and specific error codes to track for latency are: []
DBWrapper: report latency for each error is false and specific error codes to track for latency are: []
DBWrapper: report latency for each error is false and specific error codes to track for latency are: []
DBWrapper: report latency for each error is false and specific error codes to track for latency are: []
DBWrapper: report latency for each error is false and specific error codes to track for latency are: []
DBWrapper: report latency for each error is false and specific error codes to track for latency are: []
DBWrapper: report latency for each error is false and specific error codes to track for latency are: []
DBWrapper: report latency for each error is false and specific error codes to track for latency are: []
DBWrapper: report latency for each error is false and specific error codes to track for latency are: []
DBWrapper: report latency for each error is false and specific error codes to track for latency are: []
DBWrapper: report latency for each error is false and specific error codes to track for latency are: []
DBWrapper: report latency for each error is false and specific error codes to track for latency are: []
DBWrapper: report latency for each error is false and specific error codes to track for latency are: []
DBWrapper: report latency for each error is false and specific error codes to track for latency are: []
DBWrapper: report latency for each error is false and specific error codes to track for latency are: []
DBWrapper: report latency for each error is false and specific error codes to track for latency are: []
DBWrapper: report latency for each error is false and specific error codes to track for latency are: []
DBWrapper: report latency for each error is false and specific error codes to track for latency are: []
DBWrapper: report latency for each error is false and specific error codes to track for latency are: []
DBWrapper: report latency for each error is false and specific error codes to track for latency are: []
DBWrapper: report latency for each error is false and specific error codes to track for latency are: []
DBWrapper: report latency for each error is false and specific error codes to track for latency are: []
DBWrapper: report latency for each error is false and specific error codes to track for latency are: []
DBWrapper: report latency for each error is false and specific error codes to track for latency are: []
DBWrapper: report latency for each error is false and specific error codes to track for latency are: []
DBWrapper: report latency for each error is false and specific error codes to track for latency are: []
DBWrapper: report latency for each error is false and specific error codes to track for latency are: []
DBWrapper: report latency for each error is false and specific error codes to track for latency are: []
DBWrapper: report latency for each error is false and specific error codes to track for latency are: []
DBWrapper: report latency for each error is false and specific error codes to track for latency are: []
DBWrapper: report latency for each error is false and specific error codes to track for latency are: []
DBWrapper: report latency for each error is false and specific error codes to track for latency are: []
DBWrapper: report latency for each error is false and specific error codes to track for latency are: []
DBWrapper: report latency for each error is false and specific error codes to track for latency are: []
DBWrapper: report latency for each error is false and specific error codes to track for latency are: []
DBWrapper: report latency for each error is false and specific error codes to track for latency are: []
DBWrapper: report latency for each error is false and specific error codes to track for latency are: []
DBWrapper: report latency for each error is false and specific error codes to track for latency are: []
DBWrapper: report latency for each error is false and specific error codes to track for latency are: []
DBWrapper: report latency for each error is false and specific error codes to track for latency are: []
DBWrapper: report latency for each error is false and specific error codes to track for latency are: []
DBWrapper: report latency for each error is false and specific error codes to track for latency are: []
DBWrapper: report latency for each error is false and specific error codes to track for latency are: []
DBWrapper: report latency for each error is false and specific error codes to track for latency are: []
DBWrapper: report latency for each error is false and specific error codes to track for latency are: []
DBWrapper: report latency for each error is false and specific error codes to track for latency are: []
DBWrapper: report latency for each error is false and specific error codes to track for latency are: []
DBWrapper: report latency for each error is false and specific error codes to track for latency are: []
DBWrapper: report latency for each error is false and specific error codes to track for latency are: []
DBWrapper: report latency for each error is false and specific error codes to track for latency are: []
DBWrapper: report latency for each error is false and specific error codes to track for latency are: []
DBWrapper: report latency for each error is false and specific error codes to track for latency are: []
DBWrapper: report latency for each error is false and specific error codes to track for latency are: []
DBWrapper: report latency for each error is false and specific error codes to track for latency are: []
DBWrapper: report latency for each error is false and specific error codes to track for latency are: []
DBWrapper: report latency for each error is false and specific error codes to track for latency are: []
DBWrapper: report latency for each error is false and specific error codes to track for latency are: []
DBWrapper: report latency for each error is false and specific error codes to track for latency are: []
DBWrapper: report latency for each error is false and specific error codes to track for latency are: []
DBWrapper: report latency for each error is false and specific error codes to track for latency are: []
DBWrapper: report latency for each error is false and specific error codes to track for latency are: []
DBWrapper: report latency for each error is false and specific error codes to track for latency are: []
DBWrapper: report latency for each error is false and specific error codes to track for latency are: []
DBWrapper: report latency for each error is false and specific error codes to track for latency are: []
DBWrapper: report latency for each error is false and specific error codes to track for latency are: []
DBWrapper: report latency for each error is false and specific error codes to track for latency are: []
DBWrapper: report latency for each error is false and specific error codes to track for latency are: []
DBWrapper: report latency for each error is false and specific error codes to track for latency are: []
DBWrapper: report latency for each error is false and specific error codes to track for latency are: []
DBWrapper: report latency for each error is false and specific error codes to track for latency are: []
DBWrapper: report latency for each error is false and specific error codes to track for latency are: []
DBWrapper: report latency for each error is false and specific error codes to track for latency are: []
DBWrapper: report latency for each error is false and specific error codes to track for latency are: []
DBWrapper: report latency for each error is false and specific error codes to track for latency are: []
DBWrapper: report latency for each error is false and specific error codes to track for latency are: []
DBWrapper: report latency for each error is false and specific error codes to track for latency are: []
DBWrapper: report latency for each error is false and specific error codes to track for latency are: []
DBWrapper: report latency for each error is false and specific error codes to track for latency are: []
DBWrapper: report latency for each error is false and specific error codes to track for latency are: []
DBWrapper: report latency for each error is false and specific error codes to track for latency are: []
DBWrapper: report latency for each error is false and specific error codes to track for latency are: []
DBWrapper: report latency for each error is false and specific error codes to track for latency are: []
DBWrapper: report latency for each error is false and specific error codes to track for latency are: []
DBWrapper: report latency for each error is false and specific error codes to track for latency are: []
DBWrapper: report latency for each error is false and specific error codes to track for latency are: []
DBWrapper: report latency for each error is false and specific error codes to track for latency are: []
DBWrapper: report latency for each error is false and specific error codes to track for latency are: []
DBWrapper: report latency for each error is false and specific error codes to track for latency are: []
DBWrapper: report latency for each error is false and specific error codes to track for latency are: []
DBWrapper: report latency for each error is false and specific error codes to track for latency are: []
DBWrapper: report latency for each error is false and specific error codes to track for latency are: []
DBWrapper: report latency for each error is false and specific error codes to track for latency are: []
DBWrapper: report latency for each error is false and specific error codes to track for latency are: []
DBWrapper: report latency for each error is false and specific error codes to track for latency are: []
DBWrapper: report latency for each error is false and specific error codes to track for latency are: []
DBWrapper: report latency for each error is false and specific error codes to track for latency are: []
DBWrapper: report latency for each error is false and specific error codes to track for latency are: []
DBWrapper: report latency for each error is false and specific error codes to track for latency are: []
DBWrapper: report latency for each error is false and specific error codes to track for latency are: []
DBWrapper: report latency for each error is false and specific error codes to track for latency are: []
DBWrapper: report latency for each error is false and specific error codes to track for latency are: []
DBWrapper: report latency for each error is false and specific error codes to track for latency are: []
DBWrapper: report latency for each error is false and specific error codes to track for latency are: []
2020-09-29 10:07:25:754 10 sec: 5285 operations; 528.45 current ops/sec; est completion in 5 hours 15 minutes [READ: Count=2690, Max=1421311, Min=3, Avg=103997.41, 90=263935, 99=679935, 99.9=991743, 99.99=1421311] [UPDATE: Count=2849, Max=1661951, Min=16, Avg=104862.83, 90=272639, 99=702975, 99.9=1140735, 99.99=1661951] [READ-FAILED: Count=1, Max=17327, Min=17312, Avg=17320, 90=17327, 99=17327, 99.9=17327, 99.99=17327] 
DBWrapper: report latency for each error is false and specific error codes to track for latency are: []
DBWrapper: report latency for each error is false and specific error codes to track for latency are: []
DBWrapper: report latency for each error is false and specific error codes to track for latency are: []
DBWrapper: report latency for each error is false and specific error codes to track for latency are: []
DBWrapper: report latency for each error is false and specific error codes to track for latency are: []
DBWrapper: report latency for each error is false and specific error codes to track for latency are: []
DBWrapper: report latency for each error is false and specific error codes to track for latency are: []
2020-09-29 10:07:35:754 20 sec: 33287 operations; 2800.2 current ops/sec; est completion in 1 hour 39 minutes [READ: Count=13932, Max=1463295, Min=1, Avg=43446.72, 90=90111, 99=570367, 99.9=1114111, 99.99=1443839] [UPDATE: Count=13826, Max=1580031, Min=4, Avg=43291.7, 90=90239, 99=590335, 99.9=1144831, 99.99=1569791] [READ-FAILED: Count=18, Max=56671, Min=2230, Avg=9604.39, 90=12775, 99=56671, 99.9=56671, 99.99=56671] 
2020-09-29 10:07:45:754 30 sec: 71047 operations; 3776 current ops/sec; est completion in 1 hour 9 minutes [READ: Count=18930, Max=1111039, Min=0, Avg=33965.15, 90=61951, 99=547327, 99.9=797183, 99.99=1038335] [UPDATE: Count=18818, Max=1108991, Min=1, Avg=34429.99, 90=64479, 99=555519, 99.9=845823, 99.99=1012735] [READ-FAILED: Count=26, Max=54655, Min=1907, Avg=7845.5, 90=9855, 99=54655, 99.9=54655, 99.99=54655] 
2020-09-29 10:07:55:754 40 sec: 113628 operations; 4258.1 current ops/sec; est completion in 58 minutes [READ: Count=21303, Max=1374207, Min=0, Avg=29575.03, 90=56447, 99=537087, 99.9=802303, 99.99=1186815] [UPDATE: Count=21224, Max=1282047, Min=1, Avg=30313.44, 90=60575, 99=536063, 99.9=943103, 99.99=1215487] [READ-FAILED: Count=25, Max=23679, Min=2088, Avg=5025.8, 90=7535, 99=23679, 99.9=23679, 99.99=23679] 
2020-09-29 10:08:05:754 50 sec: 157705 operations; 4407.7 current ops/sec; est completion in 52 minutes [READ: Count=22108, Max=7233535, Min=1, Avg=29194.3, 90=52575, 99=538623, 99.9=930815, 99.99=1265663] [UPDATE: Count=21947, Max=1505279, Min=1, Avg=29385.41, 90=52991, 99=537087, 99.9=1000959, 99.99=1390591] [READ-FAILED: Count=23, Max=68159, Min=2186, Avg=8334.43, 90=12183, 99=68159, 99.9=68159, 99.99=68159] 
2020-09-29 10:08:15:754 60 sec: 193260 operations; 3555.5 current ops/sec; est completion in 50 minutes [READ: Count=17618, Max=1900543, Min=0, Avg=35087.02, 90=51263, 99=568319, 99.9=1480703, 99.99=1700863] [UPDATE: Count=17960, Max=1761279, Min=1, Avg=37048.23, 90=54591, 99=600575, 99.9=1420287, 99.99=1737727] [READ-FAILED: Count=22, Max=23279, Min=2060, Avg=5914, 90=8823, 99=23279, 99.9=23279, 99.99=23279] 
2020-09-29 10:08:25:753 70 sec: 238108 operations; 4484.8 current ops/sec; est completion in 47 minutes [READ: Count=22415, Max=1148927, Min=0, Avg=27082.98, 90=48607, 99=529407, 99.9=706559, 99.99=1090559] [UPDATE: Count=22359, Max=1142783, Min=1, Avg=28495.66, 90=51775, 99=531455, 99.9=721919, 99.99=1003519] [READ-FAILED: Count=23, Max=65375, Min=1696, Avg=9572.3, 90=21263, 99=65375, 99.9=65375, 99.99=65375] 
2020-09-29 10:08:35:754 80 sec: 281870 operations; 4376.2 current ops/sec; est completion in 45 minutes [READ: Count=21977, Max=1053695, Min=0, Avg=29689.02, 90=47519, 99=539135, 99.9=745471, 99.99=1004031] [UPDATE: Count=21757, Max=1275903, Min=1, Avg=30118.22, 90=48607, 99=540159, 99.9=793087, 99.99=1089535] [READ-FAILED: Count=21, Max=9903, Min=2084, Avg=4628.62, 90=8199, 99=9903, 99.9=9903, 99.99=9903] 
2020-09-29 10:08:45:754 90 sec: 325357 operations; 4348.7 current ops/sec; est completion in 44 minutes [READ: Count=21719, Max=1447935, Min=0, Avg=27354.99, 90=50335, 99=529919, 99.9=1026047, 99.99=1277951] [UPDATE: Count=21756, Max=1374207, Min=1, Avg=30763.2, 90=53887, 99=539135, 99.9=1018879, 99.99=1307647] [READ-FAILED: Count=19, Max=56607, Min=1776, Avg=6943.26, 90=7339, 99=56607, 99.9=56607, 99.99=56607] 
2020-09-29 10:08:55:757 100 sec: 367046 operations; 4167.23 current ops/sec; est completion in 43 minutes [READ: Count=20923, Max=1282047, Min=0, Avg=30781.31, 90=54079, 99=538623, 99.9=780287, 99.99=1080319] [UPDATE: Count=20780, Max=1034751, Min=1, Avg=31722.22, 90=55807, 99=542719, 99.9=737791, 99.99=972287] [READ-FAILED: Count=18, Max=13927, Min=2406, Avg=5046.56, 90=7843, 99=13927, 99.9=13927, 99.99=13927] 
2020-09-29 10:09:05:754 110 sec: 409996 operations; 4296.72 current ops/sec; est completion in 42 minutes [READ: Count=21525, Max=1222655, Min=0, Avg=28308.71, 90=49823, 99=530431, 99.9=990207, 99.99=1131519] [UPDATE: Count=21367, Max=1171455, Min=1, Avg=29053.73, 90=50495, 99=530943, 99.9=972799, 99.99=1153023] [READ-FAILED: Count=17, Max=19967, Min=3466, Avg=6624.76, 90=11519, 99=19967, 99.9=19967, 99.99=19967] 
2020-09-29 10:09:15:753 120 sec: 453021 operations; 4302.5 current ops/sec; est completion in 42 minutes [READ: Count=21382, Max=1275903, Min=0, Avg=30213.9, 90=51391, 99=542719, 99.9=926207, 99.99=1259519] [UPDATE: Count=21633, Max=1240063, Min=1, Avg=30978.04, 90=53695, 99=544255, 99.9=967679, 99.99=1162239] [READ-FAILED: Count=15, Max=10719, Min=2352, Avg=4712.4, 90=10311, 99=10719, 99.9=10719, 99.99=10719] 
2020-09-29 10:09:25:753 130 sec: 497388 operations; 4436.7 current ops/sec; est completion in 41 minutes [READ: Count=22067, Max=1217535, Min=0, Avg=27256.51, 90=48383, 99=532479, 99.9=666111, 99.99=996863] [UPDATE: Count=22285, Max=1547263, Min=1, Avg=28505.53, 90=51039, 99=532991, 99.9=741375, 99.99=1461247] [READ-FAILED: Count=16, Max=5551, Min=1982, Avg=3555.06, 90=4995, 99=5551, 99.9=5551, 99.99=5551] 
2020-09-29 10:09:35:754 140 sec: 538250 operations; 4086.2 current ops/sec; est completion in 41 minutes [READ: Count=20295, Max=1744895, Min=1, Avg=31725.53, 90=54175, 99=551423, 99.9=1236991, 99.99=1631231] [UPDATE: Count=20545, Max=1750015, Min=1, Avg=33384.51, 90=54367, 99=562687, 99.9=1284095, 99.99=1731583] [READ-FAILED: Count=17, Max=44383, Min=1828, Avg=9642.24, 90=19439, 99=44383, 99.9=44383, 99.99=44383] 
2020-09-29 10:09:45:754 150 sec: 582460 operations; 4421 current ops/sec; est completion in 40 minutes [READ: Count=22261, Max=1481727, Min=0, Avg=27731.45, 90=45887, 99=535551, 99.9=967167, 99.99=1458175] [UPDATE: Count=21935, Max=1498111, Min=1, Avg=30196.27, 90=48319, 99=544255, 99.9=1126399, 99.99=1364991] [READ-FAILED: Count=20, Max=26367, Min=2122, Avg=7563.5, 90=23055, 99=26367, 99.9=26367, 99.99=26367] 
2020-09-29 10:09:55:754 160 sec: 623208 operations; 4074.8 current ops/sec; est completion in 40 minutes [READ: Count=20306, Max=1156095, Min=1, Avg=29599.8, 90=48191, 99=536575, 99.9=825343, 99.99=1121279] [UPDATE: Count=20430, Max=1303551, Min=3, Avg=32429.63, 90=51295, 99=546303, 99.9=971775, 99.99=1203199] [READ-FAILED: Count=15, Max=14999, Min=1735, Avg=5208.2, 90=11399, 99=14999, 99.9=14999, 99.99=14999] 
2020-09-29 10:10:05:753 170 sec: 666298 operations; 4309 current ops/sec; est completion in 39 minutes [READ: Count=21337, Max=1297407, Min=0, Avg=28976.2, 90=48959, 99=541183, 99.9=1041919, 99.99=1257471] [UPDATE: Count=21733, Max=1414143, Min=1, Avg=31245.7, 90=51007, 99=551423, 99.9=1111039, 99.99=1310719] [READ-FAILED: Count=17, Max=36383, Min=2027, Avg=9685.41, 90=21775, 99=36383, 99.9=36383, 99.99=36383] 
2020-09-29 10:10:15:754 180 sec: 707243 operations; 4094.5 current ops/sec; est completion in 39 minutes [READ: Count=20519, Max=1544191, Min=0, Avg=30152.16, 90=51743, 99=539135, 99.9=891903, 99.99=1242111] [UPDATE: Count=20412, Max=1208319, Min=3, Avg=31066.5, 90=52319, 99=542719, 99.9=866815, 99.99=1044479] [READ-FAILED: Count=8, Max=14727, Min=2450, Avg=5383.12, 90=5731, 99=14727, 99.9=14727, 99.99=14727] 
2020-09-29 10:10:25:753 190 sec: 746240 operations; 3899.7 current ops/sec; est completion in 39 minutes [READ: Count=19513, Max=1606655, Min=0, Avg=33169.06, 90=58495, 99=546303, 99.9=1032703, 99.99=1301503] [UPDATE: Count=19496, Max=1725439, Min=1, Avg=33673.39, 90=61631, 99=551935, 99.9=1028607, 99.99=1395711] [READ-FAILED: Count=14, Max=24415, Min=1868, Avg=6869.14, 90=14495, 99=24415, 99.9=24415, 99.99=24415] 
2020-09-29 10:10:35:754 200 sec: 791761 operations; 4552.1 current ops/sec; est completion in 38 minutes [READ: Count=22762, Max=1198079, Min=0, Avg=28066.42, 90=52159, 99=531455, 99.9=766975, 99.99=1107967] [UPDATE: Count=22715, Max=2066431, Min=1, Avg=27861.28, 90=52191, 99=532479, 99.9=797183, 99.99=1092607] [READ-FAILED: Count=22, Max=24031, Min=1860, Avg=5202.41, 90=7283, 99=24031, 99.9=24031, 99.99=24031] 
2020-09-29 10:10:45:753 210 sec: 833618 operations; 4185.7 current ops/sec; est completion in 38 minutes [READ: Count=20953, Max=1305599, Min=0, Avg=29798.77, 90=58047, 99=543231, 99.9=678911, 99.99=972287] [UPDATE: Count=20892, Max=1236991, Min=4, Avg=31945.77, 90=62207, 99=547839, 99.9=756223, 99.99=1049599] [READ-FAILED: Count=16, Max=22303, Min=1615, Avg=5422.38, 90=7199, 99=22303, 99.9=22303, 99.99=22303] 
2020-09-29 10:10:55:754 220 sec: 872998 operations; 3938 current ops/sec; est completion in 38 minutes [READ: Count=19787, Max=1543167, Min=0, Avg=31138.27, 90=52767, 99=549887, 99.9=916479, 99.99=1234943] [UPDATE: Count=19575, Max=1555455, Min=1, Avg=32615.87, 90=54239, 99=549887, 99.9=961023, 99.99=1181695] [READ-FAILED: Count=15, Max=49919, Min=2226, Avg=10066.93, 90=40063, 99=49919, 99.9=49919, 99.99=49919] 
2020-09-29 10:11:05:754 230 sec: 911770 operations; 3877.2 current ops/sec; est completion in 38 minutes [READ: Count=19319, Max=1612799, Min=0, Avg=32028.42, 90=49439, 99=562175, 99.9=939519, 99.99=1515519] [UPDATE: Count=19455, Max=1607679, Min=1, Avg=34919.74, 90=51967, 99=575487, 99.9=1138687, 99.99=1572863] [READ-FAILED: Count=7, Max=14799, Min=2742, Avg=5507.57, 90=5191, 99=14799, 99.9=14799, 99.99=14799] 
2020-09-29 10:11:15:754 240 sec: 955323 operations; 4355.3 current ops/sec; est completion in 37 minutes [READ: Count=21667, Max=1528831, Min=0, Avg=27822.85, 90=48031, 99=535039, 99.9=891903, 99.99=1329151] [UPDATE: Count=21864, Max=1459199, Min=1, Avg=30287.21, 90=51807, 99=544255, 99.9=986623, 99.99=1338367] [READ-FAILED: Count=17, Max=13759, Min=1865, Avg=5141.29, 90=10695, 99=13759, 99.9=13759, 99.99=13759] 
2020-09-29 10:11:25:755 250 sec: 999346 operations; 4401.86 current ops/sec; est completion in 37 minutes [READ: Count=21982, Max=1239039, Min=1, Avg=29101.54, 90=50559, 99=537087, 99.9=852991, 99.99=1116159] [UPDATE: Count=22025, Max=1133567, Min=3, Avg=29265.44, 90=50623, 99=538111, 99.9=942591, 99.99=1100799] [READ-FAILED: Count=18, Max=10999, Min=1967, Avg=5089.56, 90=10031, 99=10999, 99.9=10999, 99.99=10999] 
2020-09-29 10:11:35:754 260 sec: 1039948 operations; 4060.61 current ops/sec; est completion in 37 minutes [READ: Count=20100, Max=1172479, Min=1, Avg=31810.89, 90=51999, 99=542719, 99.9=905215, 99.99=1101823] [UPDATE: Count=20485, Max=1331199, Min=1, Avg=31930.23, 90=52671, 99=544767, 99.9=969215, 99.99=1171455] [READ-FAILED: Count=13, Max=47167, Min=2366, Avg=7295.23, 90=6143, 99=47167, 99.9=47167, 99.99=47167] 
2020-09-29 10:11:45:754 270 sec: 1082262 operations; 4231.4 current ops/sec; est completion in 37 minutes [READ: Count=21360, Max=1684479, Min=0, Avg=29117.87, 90=50911, 99=540159, 99.9=854015, 99.99=1304575] [UPDATE: Count=20935, Max=1590271, Min=1, Avg=30712.19, 90=53023, 99=550399, 99.9=948735, 99.99=1197055] [READ-FAILED: Count=14, Max=28687, Min=2776, Avg=5754.57, 90=7215, 99=28687, 99.9=28687, 99.99=28687] 
2020-09-29 10:11:55:754 280 sec: 1126488 operations; 4422.6 current ops/sec; est completion in 36 minutes [READ: Count=22253, Max=1317887, Min=0, Avg=28515.92, 90=53151, 99=541695, 99.9=753663, 99.99=1077247] [UPDATE: Count=21991, Max=1356799, Min=3, Avg=29805.97, 90=55519, 99=536575, 99.9=756735, 99.99=1266687] [READ-FAILED: Count=13, Max=45087, Min=2188, Avg=8240.62, 90=9919, 99=45087, 99.9=45087, 99.99=45087] 
2020-09-29 10:12:05:754 290 sec: 1166235 operations; 3974.7 current ops/sec; est completion in 36 minutes [READ: Count=20012, Max=1344511, Min=1, Avg=31843.98, 90=56255, 99=551935, 99.9=809471, 99.99=1057791] [UPDATE: Count=19695, Max=1405951, Min=1, Avg=32449.33, 90=58495, 99=552447, 99.9=830975, 99.99=1353727] [READ-FAILED: Count=20, Max=92991, Min=2166, Avg=9475.45, 90=10231, 99=92991, 99.9=92991, 99.99=92991] 
2020-09-29 10:12:15:754 300 sec: 1206234 operations; 3999.9 current ops/sec; est completion in 36 minutes [READ: Count=20137, Max=1035263, Min=1, Avg=31491.21, 90=53535, 99=548351, 99.9=727551, 99.99=966655] [UPDATE: Count=19849, Max=1134591, Min=3, Avg=31779.48, 90=58143, 99=543231, 99.9=753663, 99.99=1012223] [READ-FAILED: Count=14, Max=11519, Min=2448, Avg=5478.29, 90=10575, 99=11519, 99.9=11519, 99.99=11519] 
Maximum time elapsed. Requesting stop for the workload.
Stop requested for workload. Now Joining!
[36m10:12:16.456[m [[34;1mINFO[m] [1;34mp.u.t.s.y.Stats.clientFinished@38[m: 
Ended SconeKV benchmark.
Number of clients: 128
Total transactions: 240197
Committed: 154533 (64.335945%)
Aborted: 85664 (35.66406%)
2020-09-29 10:12:16:459 300 sec: 1207190 operations; 1357.95 current ops/sec; est completion in 36 minutes [READ: Count=485, Max=1028607, Min=3, Avg=84565.16, 90=516607, 99=619007, 99.9=1028607, 99.99=1028607] [CLEANUP: Count=128, Max=1606, Min=2, Avg=16.7, 90=5, 99=15, 99.9=1606, 99.99=1606] [UPDATE: Count=456, Max=1076223, Min=4, Avg=69992.31, 90=188415, 99=626687, 99.9=1076223, 99.99=1076223] [READ-FAILED: Count=0, Max=0, Min=9223372036854775807, Avg=NaN, 90=0, 99=0, 99.9=0, 99.99=0] 
[OVERALL], RunTime(ms), 300693
[OVERALL], Throughput(ops/sec), 4014.6927264685246
[TOTAL_GCS_G1_Young_Generation], Count, 173
[TOTAL_GC_TIME_G1_Young_Generation], Time(ms), 2542
[TOTAL_GC_TIME_%_G1_Young_Generation], Time(%), 0.8453805043682427
[TOTAL_GCS_G1_Old_Generation], Count, 0
[TOTAL_GC_TIME_G1_Old_Generation], Time(ms), 0
[TOTAL_GC_TIME_%_G1_Old_Generation], Time(%), 0.0
[TOTAL_GCs], Count, 173
[TOTAL_GC_TIME], Time(ms), 2542
[TOTAL_GC_TIME_%], Time(%), 0.8453805043682427
[READ], Operations, 603637
[READ], AverageLatency(us), 30600.546711020033
[READ], MinLatency(us), 0
[READ], MaxLatency(us), 7233535
[READ], 95thPercentileLatency(us), 109695
[READ], 99thPercentileLatency(us), 541695
[READ], Return=OK, 603637
[READ], Return=NOT_FOUND, 504
[CLEANUP], Operations, 128
[CLEANUP], AverageLatency(us), 16.703125
[CLEANUP], MinLatency(us), 2
[CLEANUP], MaxLatency(us), 1606
[CLEANUP], 95thPercentileLatency(us), 6
[CLEANUP], 99thPercentileLatency(us), 15
[UPDATE], Operations, 603049
[UPDATE], AverageLatency(us), 31847.509177529522
[UPDATE], MinLatency(us), 1
[UPDATE], MaxLatency(us), 2066431
[UPDATE], 95thPercentileLatency(us), 121535
[UPDATE], 99thPercentileLatency(us), 545279
[UPDATE], Return=OK, 603049
[READ-FAILED], Operations, 504
[READ-FAILED], AverageLatency(us), 6820.738095238095
[READ-FAILED], MinLatency(us), 1615
[READ-FAILED], MaxLatency(us), 92991
[READ-FAILED], 95thPercentileLatency(us), 23055
[READ-FAILED], 99thPercentileLatency(us), 54655
