Command line: -t -db pt.ulisboa.tecnico.sconekv.ycsb.SconeKVClient -P workloada -threads 32 -s -p scone.tx_size=5 -p operationcount=10000000 -p maxexecutiontime=300
YCSB Client 0.17.0

Loading workload...
Starting test.
WARNING: sun.reflect.Reflection.getCallerClass is not supported. This will impact performance.
2020-09-29 09:27:34:507 0 sec: 0 operations; est completion in 0 second 
Maximum execution time specified as: 300 secs
DBWrapper: report latency for each error is false and specific error codes to track for latency are: []
DBWrapper: report latency for each error is false and specific error codes to track for latency are: []
DBWrapper: report latency for each error is false and specific error codes to track for latency are: []
DBWrapper: report latency for each error is false and specific error codes to track for latency are: []
DBWrapper: report latency for each error is false and specific error codes to track for latency are: []
DBWrapper: report latency for each error is false and specific error codes to track for latency are: []
DBWrapper: report latency for each error is false and specific error codes to track for latency are: []
DBWrapper: report latency for each error is false and specific error codes to track for latency are: []
DBWrapper: report latency for each error is false and specific error codes to track for latency are: []
DBWrapper: report latency for each error is false and specific error codes to track for latency are: []
DBWrapper: report latency for each error is false and specific error codes to track for latency are: []
DBWrapper: report latency for each error is false and specific error codes to track for latency are: []
DBWrapper: report latency for each error is false and specific error codes to track for latency are: []
DBWrapper: report latency for each error is false and specific error codes to track for latency are: []
DBWrapper: report latency for each error is false and specific error codes to track for latency are: []
DBWrapper: report latency for each error is false and specific error codes to track for latency are: []
DBWrapper: report latency for each error is false and specific error codes to track for latency are: []
DBWrapper: report latency for each error is false and specific error codes to track for latency are: []
DBWrapper: report latency for each error is false and specific error codes to track for latency are: []
DBWrapper: report latency for each error is false and specific error codes to track for latency are: []
DBWrapper: report latency for each error is false and specific error codes to track for latency are: []
DBWrapper: report latency for each error is false and specific error codes to track for latency are: []
DBWrapper: report latency for each error is false and specific error codes to track for latency are: []
DBWrapper: report latency for each error is false and specific error codes to track for latency are: []
DBWrapper: report latency for each error is false and specific error codes to track for latency are: []
DBWrapper: report latency for each error is false and specific error codes to track for latency are: []
DBWrapper: report latency for each error is false and specific error codes to track for latency are: []
DBWrapper: report latency for each error is false and specific error codes to track for latency are: []
DBWrapper: report latency for each error is false and specific error codes to track for latency are: []
DBWrapper: report latency for each error is false and specific error codes to track for latency are: []
DBWrapper: report latency for each error is false and specific error codes to track for latency are: []
DBWrapper: report latency for each error is false and specific error codes to track for latency are: []
2020-09-29 09:27:44:507 10 sec: 16154 operations; 1615.24 current ops/sec; est completion in 1 hour 43 minutes [READ: Count=8207, Max=583679, Min=1, Avg=15146.45, 90=27839, 99=229887, 99.9=546815, 99.99=578047] [UPDATE: Count=7970, Max=589311, Min=9, Avg=15551.57, 90=29039, 99=230015, 99.9=548351, 99.99=578559] [READ-FAILED: Count=9, Max=10439, Min=2458, Avg=3759.22, 90=4511, 99=10439, 99.9=10439, 99.99=10439] 
2020-09-29 09:27:54:506 20 sec: 44887 operations; 2873.3 current ops/sec; est completion in 1 hour 13 minutes [READ: Count=14455, Max=600575, Min=0, Avg=10788.25, 90=22799, 99=95231, 99.9=533503, 99.99=583167] [UPDATE: Count=14242, Max=986111, Min=1, Avg=11453.56, 90=23359, 99=117375, 99.9=537599, 99.99=659967] [READ-FAILED: Count=6, Max=3587, Min=1751, Avg=2597.67, 90=2903, 99=3587, 99.9=3587, 99.99=3587] 
2020-09-29 09:28:04:506 30 sec: 70845 operations; 2595.8 current ops/sec; est completion in 1 hour 10 minutes [READ: Count=12981, Max=581119, Min=0, Avg=11274.81, 90=22271, 99=101951, 99.9=524799, 99.99=568319] [UPDATE: Count=12983, Max=625663, Min=1, Avg=13498.88, 90=23215, 99=271615, 99.9=551935, 99.99=624639] [READ-FAILED: Count=7, Max=6319, Min=1950, Avg=3017.71, 90=3079, 99=6319, 99.9=6319, 99.99=6319] 
2020-09-29 09:28:14:506 40 sec: 97120 operations; 2627.5 current ops/sec; est completion in 1 hour 7 minutes [READ: Count=13224, Max=603135, Min=0, Avg=11858.82, 90=21615, 99=195071, 99.9=533503, 99.99=592383] [UPDATE: Count=13044, Max=638975, Min=2, Avg=12445.46, 90=21615, 99=309759, 99.9=542207, 99.99=610815] [READ-FAILED: Count=8, Max=4955, Min=2230, Avg=3070.12, 90=3681, 99=4955, 99.9=4955, 99.99=4955] 
2020-09-29 09:28:24:506 50 sec: 121202 operations; 2408.2 current ops/sec; est completion in 1 hour 7 minutes [READ: Count=12047, Max=703487, Min=0, Avg=13554.72, 90=23535, 99=292351, 99.9=537599, 99.99=602623] [UPDATE: Count=12026, Max=683519, Min=1, Avg=13034.71, 90=23695, 99=218495, 99.9=531455, 99.99=584703] [READ-FAILED: Count=3, Max=2719, Min=2252, Avg=2533, 90=2719, 99=2719, 99.9=2719, 99.99=2719] 
2020-09-29 09:28:34:507 60 sec: 148219 operations; 2701.7 current ops/sec; est completion in 1 hour 6 minutes [READ: Count=13549, Max=564735, Min=0, Avg=11623.53, 90=22703, 99=122111, 99.9=531967, 99.99=552959] [UPDATE: Count=13459, Max=573439, Min=1, Avg=11718.92, 90=22927, 99=134143, 99.9=527359, 99.99=572927] [READ-FAILED: Count=8, Max=3343, Min=2484, Avg=2874, 90=3213, 99=3343, 99.9=3343, 99.99=3343] 
2020-09-29 09:28:44:506 70 sec: 174817 operations; 2659.8 current ops/sec; est completion in 1 hour 5 minutes [READ: Count=13234, Max=1008639, Min=0, Avg=11085.77, 90=21311, 99=115519, 99.9=535039, 99.99=1008639] [UPDATE: Count=13352, Max=969215, Min=4, Avg=12547.5, 90=21695, 99=218623, 99.9=548351, 99.99=770559] [READ-FAILED: Count=4, Max=3397, Min=2478, Avg=3079, 90=3397, 99=3397, 99.9=3397, 99.99=3397] 
2020-09-29 09:28:54:506 80 sec: 202288 operations; 2747.1 current ops/sec; est completion in 1 hour 4 minutes [READ: Count=13664, Max=1053695, Min=0, Avg=11960.94, 90=21247, 99=170879, 99.9=567807, 99.99=919039] [UPDATE: Count=13799, Max=1150975, Min=1, Avg=11915.64, 90=21279, 99=141183, 99.9=569855, 99.99=1010687] [READ-FAILED: Count=8, Max=4223, Min=1755, Avg=2839.88, 90=3945, 99=4223, 99.9=4223, 99.99=4223] 
2020-09-29 09:29:04:508 90 sec: 224933 operations; 2264.5 current ops/sec; est completion in 1 hour 5 minutes [READ: Count=11279, Max=699391, Min=1, Avg=14492.59, 90=23215, 99=408575, 99.9=539135, 99.99=583679] [UPDATE: Count=11378, Max=900095, Min=1, Avg=13865.65, 90=23103, 99=329215, 99.9=536063, 99.99=602623] [READ-FAILED: Count=4, Max=3151, Min=2310, Avg=2705, 90=3151, 99=3151, 99.9=3151, 99.99=3151] 
2020-09-29 09:29:14:507 100 sec: 248369 operations; 2343.6 current ops/sec; est completion in 1 hour 5 minutes [READ: Count=11665, Max=625151, Min=0, Avg=13300.04, 90=20975, 99=329727, 99.9=546815, 99.99=585727] [UPDATE: Count=11752, Max=819711, Min=2, Avg=14025.69, 90=21167, 99=400383, 99.9=559103, 99.99=594943] [READ-FAILED: Count=8, Max=3665, Min=2092, Avg=2571.25, 90=2969, 99=3665, 99.9=3665, 99.99=3665] 
2020-09-29 09:29:24:506 110 sec: 275385 operations; 2701.6 current ops/sec; est completion in 1 hour 4 minutes [READ: Count=13571, Max=619519, Min=1, Avg=12231.17, 90=21679, 99=213247, 99.9=531455, 99.99=612351] [UPDATE: Count=13442, Max=572415, Min=1, Avg=11508.54, 90=21455, 99=158591, 99.9=528383, 99.99=568831] [READ-FAILED: Count=7, Max=3367, Min=1992, Avg=2502, 90=2845, 99=3367, 99.9=3367, 99.99=3367] 
2020-09-29 09:29:34:506 120 sec: 299795 operations; 2441 current ops/sec; est completion in 1 hour 4 minutes [READ: Count=12170, Max=747007, Min=0, Avg=13076.59, 90=23935, 99=180863, 99.9=548863, 99.99=733183] [UPDATE: Count=12233, Max=738303, Min=3, Avg=13001.76, 90=23855, 99=221311, 99.9=542719, 99.99=606207] [READ-FAILED: Count=7, Max=8879, Min=1839, Avg=3329.29, 90=3537, 99=8879, 99.9=8879, 99.99=8879] 
2020-09-29 09:29:44:506 130 sec: 323726 operations; 2393.1 current ops/sec; est completion in 1 hour 4 minutes [READ: Count=12021, Max=637951, Min=0, Avg=12947.9, 90=21359, 99=259455, 99.9=530431, 99.99=625663] [UPDATE: Count=11895, Max=578559, Min=1, Avg=13768.47, 90=21631, 99=379647, 99.9=537087, 99.99=561663] [READ-FAILED: Count=9, Max=4803, Min=1858, Avg=3185.67, 90=4075, 99=4803, 99.9=4803, 99.99=4803] 
2020-09-29 09:29:54:506 140 sec: 345011 operations; 2128.5 current ops/sec; est completion in 1 hour 5 minutes [READ: Count=10732, Max=585727, Min=0, Avg=14444.88, 90=22031, 99=435967, 99.9=550911, 99.99=578047] [UPDATE: Count=10554, Max=605695, Min=3, Avg=15377.73, 90=22719, 99=452351, 99.9=541183, 99.99=601599] [READ-FAILED: Count=3, Max=3035, Min=2560, Avg=2725.67, 90=3035, 99=3035, 99.9=3035, 99.99=3035] 
2020-09-29 09:30:04:506 150 sec: 366917 operations; 2190.6 current ops/sec; est completion in 1 hour 5 minutes [READ: Count=10963, Max=893951, Min=1, Avg=14698.23, 90=23823, 99=362751, 99.9=549887, 99.99=684031] [UPDATE: Count=10931, Max=671231, Min=0, Avg=14637.43, 90=23023, 99=395007, 99.9=550911, 99.99=633855] [READ-FAILED: Count=6, Max=5079, Min=2118, Avg=3266.17, 90=3435, 99=5079, 99.9=5079, 99.99=5079] 
2020-09-29 09:30:14:506 160 sec: 394723 operations; 2780.6 current ops/sec; est completion in 1 hour 4 minutes [READ: Count=14085, Max=957951, Min=0, Avg=11445.99, 90=21551, 99=112511, 99.9=532991, 99.99=892415] [UPDATE: Count=13724, Max=899583, Min=4, Avg=11782.9, 90=21647, 99=161663, 99.9=529407, 99.99=724991] [READ-FAILED: Count=4, Max=13999, Min=2404, Avg=5756.75, 90=13999, 99=13999, 99.9=13999, 99.99=13999] 
2020-09-29 09:30:24:506 170 sec: 418606 operations; 2388.3 current ops/sec; est completion in 1 hour 4 minutes [READ: Count=11755, Max=719871, Min=1, Avg=13580.29, 90=21183, 99=334847, 99.9=563711, 99.99=670207] [UPDATE: Count=12118, Max=707583, Min=3, Avg=13080.97, 90=20623, 99=342271, 99.9=575999, 99.99=700415] [READ-FAILED: Count=6, Max=4135, Min=1870, Avg=2690, 90=3219, 99=4135, 99.9=4135, 99.99=4135] 
2020-09-29 09:30:34:506 180 sec: 444397 operations; 2579.1 current ops/sec; est completion in 1 hour 4 minutes [READ: Count=12813, Max=601599, Min=0, Avg=12123.95, 90=22847, 99=134527, 99.9=534015, 99.99=584703] [UPDATE: Count=12971, Max=604159, Min=1, Avg=12630.72, 90=23695, 99=175359, 99.9=531967, 99.99=558079] [READ-FAILED: Count=4, Max=3043, Min=1755, Avg=2440, 90=3043, 99=3043, 99.9=3043, 99.99=3043] 
2020-09-29 09:30:44:506 190 sec: 470550 operations; 2615.3 current ops/sec; est completion in 1 hour 4 minutes [READ: Count=13097, Max=1046015, Min=0, Avg=12288.18, 90=20143, 99=266495, 99.9=539135, 99.99=839679] [UPDATE: Count=13064, Max=753151, Min=1, Avg=12264.86, 90=20399, 99=249727, 99.9=570367, 99.99=653823] [READ-FAILED: Count=4, Max=7467, Min=2340, Avg=4056.75, 90=7467, 99=7467, 99.9=7467, 99.99=7467] 
2020-09-29 09:30:54:506 200 sec: 496509 operations; 2595.9 current ops/sec; est completion in 1 hour 3 minutes [READ: Count=12863, Max=840703, Min=1, Avg=12366.54, 90=21135, 99=242431, 99.9=535039, 99.99=673791] [UPDATE: Count=13079, Max=1191935, Min=1, Avg=12323.26, 90=21599, 99=235391, 99.9=532991, 99.99=775679] [READ-FAILED: Count=8, Max=3943, Min=2035, Avg=2799.75, 90=2993, 99=3943, 99.9=3943, 99.99=3943] 
2020-09-29 09:31:04:506 210 sec: 522114 operations; 2560.5 current ops/sec; est completion in 1 hour 3 minutes [READ: Count=12861, Max=576511, Min=0, Avg=12693.4, 90=22351, 99=195071, 99.9=534015, 99.99=560127] [UPDATE: Count=12734, Max=630271, Min=1, Avg=12011.49, 90=22383, 99=150015, 99.9=531967, 99.99=605183] [READ-FAILED: Count=8, Max=9247, Min=1969, Avg=4699.12, 90=8159, 99=9247, 99.9=9247, 99.99=9247] 
2020-09-29 09:31:14:506 220 sec: 546626 operations; 2451.2 current ops/sec; est completion in 1 hour 3 minutes [READ: Count=12234, Max=586239, Min=1, Avg=13350.6, 90=20463, 99=388607, 99.9=529407, 99.99=556031] [UPDATE: Count=12275, Max=588799, Min=3, Avg=12635.28, 90=20335, 99=326399, 99.9=531455, 99.99=554495] [READ-FAILED: Count=4, Max=3315, Min=2664, Avg=2908.5, 90=3315, 99=3315, 99.9=3315, 99.99=3315] 
2020-09-29 09:31:24:506 230 sec: 567740 operations; 2111.4 current ops/sec; est completion in 1 hour 3 minutes [READ: Count=10418, Max=875519, Min=0, Avg=15488.21, 90=23039, 99=484351, 99.9=580095, 99.99=821759] [UPDATE: Count=10697, Max=799231, Min=1, Avg=15181.61, 90=23679, 99=461055, 99.9=565247, 99.99=644095] [READ-FAILED: Count=4, Max=4243, Min=2290, Avg=3027.75, 90=4243, 99=4243, 99.9=4243, 99.99=4243] 
2020-09-29 09:31:34:506 240 sec: 593491 operations; 2575.1 current ops/sec; est completion in 1 hour 3 minutes [READ: Count=12897, Max=587263, Min=1, Avg=12329.86, 90=21487, 99=222719, 99.9=527871, 99.99=580095] [UPDATE: Count=12850, Max=579071, Min=1, Avg=12477.22, 90=21855, 99=237439, 99.9=528895, 99.99=562687] [READ-FAILED: Count=9, Max=8407, Min=1933, Avg=3214.44, 90=3313, 99=8407, 99.9=8407, 99.99=8407] 
2020-09-29 09:31:44:506 250 sec: 617568 operations; 2407.7 current ops/sec; est completion in 1 hour 3 minutes [READ: Count=11933, Max=809983, Min=1, Avg=12972.93, 90=21183, 99=286719, 99.9=533503, 99.99=664063] [UPDATE: Count=12131, Max=703487, Min=4, Avg=13207.37, 90=22207, 99=317183, 99.9=542719, 99.99=688639] [READ-FAILED: Count=3, Max=7807, Min=2460, Avg=4409.33, 90=7807, 99=7807, 99.9=7807, 99.99=7807] 
2020-09-29 09:31:54:506 260 sec: 643455 operations; 2588.7 current ops/sec; est completion in 1 hour 3 minutes [READ: Count=12877, Max=599551, Min=0, Avg=12838.43, 90=22047, 99=274175, 99.9=531967, 99.99=572927] [UPDATE: Count=13008, Max=943615, Min=3, Avg=12084.11, 90=22047, 99=175231, 99.9=526847, 99.99=749567] [READ-FAILED: Count=2, Max=21807, Min=2066, Avg=11933.5, 90=21807, 99=21807, 99.9=21807, 99.99=21807] 
2020-09-29 09:32:04:507 270 sec: 668401 operations; 2494.6 current ops/sec; est completion in 1 hour 2 minutes [READ: Count=12457, Max=581119, Min=0, Avg=13014.18, 90=21215, 99=292863, 99.9=542207, 99.99=579583] [UPDATE: Count=12491, Max=588799, Min=1, Avg=12976.03, 90=21455, 99=312063, 99.9=538623, 99.99=572415] [READ-FAILED: Count=9, Max=3461, Min=2118, Avg=2857.67, 90=3373, 99=3461, 99.9=3461, 99.99=3461] 
2020-09-29 09:32:14:506 280 sec: 693733 operations; 2533.2 current ops/sec; est completion in 1 hour 2 minutes [READ: Count=12631, Max=949759, Min=1, Avg=12640.04, 90=21807, 99=213631, 99.9=539647, 99.99=918015] [UPDATE: Count=12697, Max=890367, Min=1, Avg=12446.83, 90=22575, 99=209791, 99.9=526847, 99.99=662527] [READ-FAILED: Count=4, Max=6455, Min=1893, Avg=3408.25, 90=6455, 99=6455, 99.9=6455, 99.99=6455] 
2020-09-29 09:32:24:506 290 sec: 720904 operations; 2717.1 current ops/sec; est completion in 1 hour 2 minutes [READ: Count=13512, Max=596479, Min=0, Avg=11434.43, 90=22079, 99=137855, 99.9=540159, 99.99=578047] [UPDATE: Count=13640, Max=762879, Min=1, Avg=12089.76, 90=22431, 99=141567, 99.9=547327, 99.99=594431] [READ-FAILED: Count=12, Max=3775, Min=1909, Avg=2651.33, 90=3189, 99=3775, 99.9=3775, 99.99=3775] 
2020-09-29 09:32:34:506 300 sec: 745240 operations; 2433.6 current ops/sec; est completion in 1 hour 2 minutes [READ: Count=12178, Max=567807, Min=0, Avg=13013.8, 90=22271, 99=207359, 99.9=535551, 99.99=565759] [UPDATE: Count=12145, Max=572415, Min=3, Avg=12794.19, 90=22095, 99=184191, 99.9=529919, 99.99=569855] [READ-FAILED: Count=5, Max=6859, Min=2350, Avg=3635.6, 90=6859, 99=6859, 99.9=6859, 99.99=6859] 
Maximum time elapsed. Requesting stop for the workload.
Stop requested for workload. Now Joining!
[36m09:32:34.808[m [[34;1mINFO[m] [1;34mp.u.t.s.y.Stats.clientFinished@38[m: 
Ended SconeKV benchmark.
Number of clients: 32
Total transactions: 148299
Committed: 114400 (77.14145%)
Aborted: 33899 (22.85855%)
2020-09-29 09:32:34:811 300 sec: 745312 operations; 236.84 current ops/sec; est completion in 1 hour 2 minutes [READ: Count=46, Max=526335, Min=2, Avg=136807.89, 90=365055, 99=526335, 99.9=526335, 99.99=526335] [CLEANUP: Count=32, Max=1486, Min=2, Avg=49.84, 90=7, 99=1486, 99.9=1486, 99.99=1486] [UPDATE: Count=26, Max=523519, Min=2040, Avg=167281.58, 90=481023, 99=523519, 99.9=523519, 99.99=523519] [READ-FAILED: Count=0, Max=0, Min=9223372036854775807, Avg=NaN, 90=0, 99=0, 99.9=0, 99.99=0] 
[OVERALL], RunTime(ms), 300303
[OVERALL], Throughput(ops/sec), 2481.8666480188344
[TOTAL_GCS_G1_Young_Generation], Count, 126
[TOTAL_GC_TIME_G1_Young_Generation], Time(ms), 1343
[TOTAL_GC_TIME_%_G1_Young_Generation], Time(%), 0.447214979537334
[TOTAL_GCS_G1_Old_Generation], Count, 0
[TOTAL_GC_TIME_G1_Old_Generation], Time(ms), 0
[TOTAL_GC_TIME_%_G1_Old_Generation], Time(%), 0.0
[TOTAL_GCs], Count, 126
[TOTAL_GC_TIME], Time(ms), 1343
[TOTAL_GC_TIME_%], Time(%), 0.447214979537334
[READ], Operations, 372419
[READ], AverageLatency(us), 12712.128954215548
[READ], MinLatency(us), 0
[READ], MaxLatency(us), 1053695
[READ], 95thPercentileLatency(us), 30815
[READ], 99thPercentileLatency(us), 239743
[READ], Return=OK, 372419
[READ], Return=NOT_FOUND, 183
[CLEANUP], Operations, 32
[CLEANUP], AverageLatency(us), 49.84375
[CLEANUP], MinLatency(us), 2
[CLEANUP], MaxLatency(us), 1486
[CLEANUP], 95thPercentileLatency(us), 7
[CLEANUP], 99thPercentileLatency(us), 1486
[UPDATE], Operations, 372710
[UPDATE], AverageLatency(us), 12856.98897802581
[UPDATE], MinLatency(us), 0
[UPDATE], MaxLatency(us), 1191935
[UPDATE], 95thPercentileLatency(us), 31615
[UPDATE], 99thPercentileLatency(us), 251007
[UPDATE], Return=OK, 372710
[READ-FAILED], Operations, 183
[READ-FAILED], AverageLatency(us), 3243.96174863388
[READ-FAILED], MinLatency(us), 1751
[READ-FAILED], MaxLatency(us), 21807
[READ-FAILED], 95thPercentileLatency(us), 7115
[READ-FAILED], 99thPercentileLatency(us), 10439
