Command line: -t -db pt.ulisboa.tecnico.sconekv.ycsb.SconeKVClient -P workloadc -threads 64 -s -p scone.tx_size=5 -p operationcount=10000000 -p maxexecutiontime=300
YCSB Client 0.17.0

Loading workload...
Starting test.
WARNING: sun.reflect.Reflection.getCallerClass is not supported. This will impact performance.
2020-09-29 13:33:19:155 0 sec: 0 operations; est completion in 0 second 
Maximum execution time specified as: 300 secs
DBWrapper: report latency for each error is false and specific error codes to track for latency are: []
DBWrapper: report latency for each error is false and specific error codes to track for latency are: []
DBWrapper: report latency for each error is false and specific error codes to track for latency are: []
DBWrapper: report latency for each error is false and specific error codes to track for latency are: []
DBWrapper: report latency for each error is false and specific error codes to track for latency are: []
DBWrapper: report latency for each error is false and specific error codes to track for latency are: []
DBWrapper: report latency for each error is false and specific error codes to track for latency are: []
DBWrapper: report latency for each error is false and specific error codes to track for latency are: []
DBWrapper: report latency for each error is false and specific error codes to track for latency are: []
DBWrapper: report latency for each error is false and specific error codes to track for latency are: []
DBWrapper: report latency for each error is false and specific error codes to track for latency are: []
DBWrapper: report latency for each error is false and specific error codes to track for latency are: []
DBWrapper: report latency for each error is false and specific error codes to track for latency are: []
DBWrapper: report latency for each error is false and specific error codes to track for latency are: []
DBWrapper: report latency for each error is false and specific error codes to track for latency are: []
DBWrapper: report latency for each error is false and specific error codes to track for latency are: []
DBWrapper: report latency for each error is false and specific error codes to track for latency are: []
DBWrapper: report latency for each error is false and specific error codes to track for latency are: []
DBWrapper: report latency for each error is false and specific error codes to track for latency are: []
DBWrapper: report latency for each error is false and specific error codes to track for latency are: []
DBWrapper: report latency for each error is false and specific error codes to track for latency are: []
DBWrapper: report latency for each error is false and specific error codes to track for latency are: []
DBWrapper: report latency for each error is false and specific error codes to track for latency are: []
DBWrapper: report latency for each error is false and specific error codes to track for latency are: []
DBWrapper: report latency for each error is false and specific error codes to track for latency are: []
DBWrapper: report latency for each error is false and specific error codes to track for latency are: []
DBWrapper: report latency for each error is false and specific error codes to track for latency are: []
DBWrapper: report latency for each error is false and specific error codes to track for latency are: []
DBWrapper: report latency for each error is false and specific error codes to track for latency are: []
DBWrapper: report latency for each error is false and specific error codes to track for latency are: []
DBWrapper: report latency for each error is false and specific error codes to track for latency are: []
DBWrapper: report latency for each error is false and specific error codes to track for latency are: []
DBWrapper: report latency for each error is false and specific error codes to track for latency are: []
DBWrapper: report latency for each error is false and specific error codes to track for latency are: []
DBWrapper: report latency for each error is false and specific error codes to track for latency are: []
DBWrapper: report latency for each error is false and specific error codes to track for latency are: []
DBWrapper: report latency for each error is false and specific error codes to track for latency are: []
DBWrapper: report latency for each error is false and specific error codes to track for latency are: []
DBWrapper: report latency for each error is false and specific error codes to track for latency are: []
DBWrapper: report latency for each error is false and specific error codes to track for latency are: []
DBWrapper: report latency for each error is false and specific error codes to track for latency are: []
DBWrapper: report latency for each error is false and specific error codes to track for latency are: []
DBWrapper: report latency for each error is false and specific error codes to track for latency are: []
DBWrapper: report latency for each error is false and specific error codes to track for latency are: []
DBWrapper: report latency for each error is false and specific error codes to track for latency are: []
DBWrapper: report latency for each error is false and specific error codes to track for latency are: []
DBWrapper: report latency for each error is false and specific error codes to track for latency are: []
DBWrapper: report latency for each error is false and specific error codes to track for latency are: []
DBWrapper: report latency for each error is false and specific error codes to track for latency are: []
DBWrapper: report latency for each error is false and specific error codes to track for latency are: []
DBWrapper: report latency for each error is false and specific error codes to track for latency are: []
DBWrapper: report latency for each error is false and specific error codes to track for latency are: []
DBWrapper: report latency for each error is false and specific error codes to track for latency are: []
DBWrapper: report latency for each error is false and specific error codes to track for latency are: []
DBWrapper: report latency for each error is false and specific error codes to track for latency are: []
DBWrapper: report latency for each error is false and specific error codes to track for latency are: []
DBWrapper: report latency for each error is false and specific error codes to track for latency are: []
DBWrapper: report latency for each error is false and specific error codes to track for latency are: []
DBWrapper: report latency for each error is false and specific error codes to track for latency are: []
DBWrapper: report latency for each error is false and specific error codes to track for latency are: []
DBWrapper: report latency for each error is false and specific error codes to track for latency are: []
DBWrapper: report latency for each error is false and specific error codes to track for latency are: []
DBWrapper: report latency for each error is false and specific error codes to track for latency are: []
DBWrapper: report latency for each error is false and specific error codes to track for latency are: []
2020-09-29 13:33:29:185 10 sec: 13897 operations; 1387.9 current ops/sec; est completion in 1 hour 59 minutes [READ: Count=13928, Max=819199, Min=3, Avg=28341.96, 90=59359, 99=201087, 99.9=592383, 99.99=719359] [READ-FAILED: Count=15, Max=146559, Min=2720, Avg=36040.93, 90=112831, 99=146559, 99.9=146559, 99.99=146559] 
2020-09-29 13:33:39:154 20 sec: 53413 operations; 3956.74 current ops/sec; est completion in 1 hour 2 minutes [READ: Count=39417, Max=613887, Min=2, Avg=15998.39, 90=31471, 99=98239, 99.9=551423, 99.99=577023] [READ-FAILED: Count=55, Max=36863, Min=1979, Avg=6965.33, 90=12431, 99=34015, 99.9=36863, 99.99=36863] 
2020-09-29 13:33:49:155 30 sec: 90990 operations; 3757.7 current ops/sec; est completion in 54 minutes [READ: Count=37532, Max=15040511, Min=2, Avg=17172.29, 90=34111, 99=445183, 99.9=567295, 99.99=591359] [READ-FAILED: Count=49, Max=25631, Min=1578, Avg=7261.57, 90=21279, 99=25631, 99.9=25631, 99.99=25631] 
2020-09-29 13:33:59:155 40 sec: 132326 operations; 4133.6 current ops/sec; est completion in 49 minutes [READ: Count=41279, Max=614911, Min=2, Avg=15647.85, 90=30143, 99=484095, 99.9=559103, 99.99=606719] [READ-FAILED: Count=54, Max=15351, Min=1869, Avg=4546.33, 90=10023, 99=14551, 99.9=15351, 99.99=15351] 
2020-09-29 13:34:09:155 50 sec: 172560 operations; 4023.4 current ops/sec; est completion in 47 minutes [READ: Count=40187, Max=629247, Min=2, Avg=15787.26, 90=31999, 99=114175, 99.9=564223, 99.99=602111] [READ-FAILED: Count=50, Max=24527, Min=1612, Avg=4898.34, 90=8591, 99=24527, 99.9=24527, 99.99=24527] 
2020-09-29 13:34:19:155 60 sec: 212146 operations; 3958.6 current ops/sec; est completion in 46 minutes [READ: Count=39533, Max=582143, Min=2, Avg=16193.36, 90=30383, 99=520191, 99.9=558591, 99.99=577535] [READ-FAILED: Count=49, Max=71039, Min=2013, Avg=5467.86, 90=5759, 99=71039, 99.9=71039, 99.99=71039] 
2020-09-29 13:34:29:155 70 sec: 256659 operations; 4451.3 current ops/sec; est completion in 44 minutes [READ: Count=44462, Max=613887, Min=2, Avg=14434.67, 90=28655, 99=104063, 99.9=564223, 99.99=593407] [READ-FAILED: Count=49, Max=14799, Min=2019, Avg=4307.39, 90=6383, 99=14799, 99.9=14799, 99.99=14799] 
2020-09-29 13:34:39:155 80 sec: 294513 operations; 3785.4 current ops/sec; est completion in 43 minutes [READ: Count=37816, Max=602623, Min=2, Avg=16981.88, 90=32623, 99=520703, 99.9=565759, 99.99=595967] [READ-FAILED: Count=42, Max=45951, Min=1945, Avg=7213.33, 90=19231, 99=45951, 99.9=45951, 99.99=45951] 
2020-09-29 13:34:49:155 90 sec: 340710 operations; 4619.24 current ops/sec; est completion in 42 minutes [READ: Count=46150, Max=593407, Min=2, Avg=13768.24, 90=30111, 99=87807, 99.9=549887, 99.99=567295] [READ-FAILED: Count=49, Max=20527, Min=1805, Avg=4380.27, 90=6659, 99=20527, 99.9=20527, 99.99=20527] 
2020-09-29 13:34:59:155 100 sec: 379003 operations; 3829.68 current ops/sec; est completion in 42 minutes [READ: Count=38248, Max=603647, Min=2, Avg=16678.53, 90=32223, 99=513791, 99.9=553471, 99.99=569343] [READ-FAILED: Count=42, Max=22607, Min=1952, Avg=5641.93, 90=12863, 99=22607, 99.9=22607, 99.99=22607] 
2020-09-29 13:35:09:155 110 sec: 421576 operations; 4257.3 current ops/sec; est completion in 41 minutes [READ: Count=42528, Max=588799, Min=2, Avg=15015.58, 90=29919, 99=133119, 99.9=558079, 99.99=580607] [READ-FAILED: Count=44, Max=112575, Min=1983, Avg=6506.2, 90=8103, 99=112575, 99.9=112575, 99.99=112575] 
2020-09-29 13:35:19:155 120 sec: 462706 operations; 4113 current ops/sec; est completion in 41 minutes [READ: Count=41097, Max=599551, Min=2, Avg=15608.89, 90=30543, 99=389887, 99.9=564735, 99.99=583679] [READ-FAILED: Count=35, Max=93631, Min=2134, Avg=6559.26, 90=7799, 99=93631, 99.9=93631, 99.99=93631] 
2020-09-29 13:35:29:155 130 sec: 501622 operations; 3891.6 current ops/sec; est completion in 41 minutes [READ: Count=38864, Max=603135, Min=2, Avg=16539.19, 90=32495, 99=517887, 99.9=559615, 99.99=591871] [READ-FAILED: Count=50, Max=10871, Min=1928, Avg=3789.6, 90=6063, 99=10871, 99.9=10871, 99.99=10871] 
2020-09-29 13:35:39:155 140 sec: 540978 operations; 3935.6 current ops/sec; est completion in 40 minutes [READ: Count=39311, Max=588287, Min=2, Avg=16015.09, 90=28207, 99=521215, 99.9=558079, 99.99=573439] [READ-FAILED: Count=44, Max=19407, Min=1974, Avg=4695.09, 90=7379, 99=19407, 99.9=19407, 99.99=19407] 
2020-09-29 13:35:49:155 150 sec: 581315 operations; 4033.7 current ops/sec; est completion in 40 minutes [READ: Count=40311, Max=596479, Min=2, Avg=16074.84, 90=32703, 99=124287, 99.9=556031, 99.99=581119] [READ-FAILED: Count=33, Max=11247, Min=1804, Avg=4176.42, 90=7623, 99=11247, 99.9=11247, 99.99=11247] 
2020-09-29 13:35:59:154 160 sec: 619190 operations; 3787.5 current ops/sec; est completion in 40 minutes [READ: Count=37827, Max=923647, Min=2, Avg=16892.67, 90=28975, 99=522239, 99.9=563199, 99.99=836095] [READ-FAILED: Count=43, Max=14999, Min=1763, Avg=4169.47, 90=8147, 99=14999, 99.9=14999, 99.99=14999] 
2020-09-29 13:36:09:155 170 sec: 661523 operations; 4233.3 current ops/sec; est completion in 40 minutes [READ: Count=42279, Max=646143, Min=2, Avg=15046.13, 90=29711, 99=134399, 99.9=548863, 99.99=574975] [READ-FAILED: Count=51, Max=12359, Min=1690, Avg=3983.65, 90=5735, 99=12351, 99.9=12359, 99.99=12359] 
2020-09-29 13:36:19:155 180 sec: 699998 operations; 3847.5 current ops/sec; est completion in 39 minutes [READ: Count=38431, Max=632831, Min=2, Avg=16652.98, 90=35935, 99=127743, 99.9=551935, 99.99=580095] [READ-FAILED: Count=47, Max=48767, Min=1643, Avg=5759.17, 90=9303, 99=48767, 99.9=48767, 99.99=48767] 
2020-09-29 13:36:29:155 190 sec: 737205 operations; 3720.7 current ops/sec; est completion in 39 minutes [READ: Count=37170, Max=585727, Min=2, Avg=17194.5, 90=28591, 99=522239, 99.9=554495, 99.99=576511] [READ-FAILED: Count=36, Max=11383, Min=1614, Avg=3299.78, 90=4451, 99=11383, 99.9=11383, 99.99=11383] 
2020-09-29 13:36:39:155 200 sec: 775736 operations; 3853.1 current ops/sec; est completion in 39 minutes [READ: Count=38473, Max=603135, Min=2, Avg=16763.58, 90=29551, 99=521215, 99.9=554495, 99.99=575487] [READ-FAILED: Count=58, Max=34815, Min=1745, Avg=5425.93, 90=12351, 99=23167, 99.9=34815, 99.99=34815] 
2020-09-29 13:36:49:155 210 sec: 809391 operations; 3365.5 current ops/sec; est completion in 39 minutes [READ: Count=33616, Max=683007, Min=2, Avg=18939.83, 90=33759, 99=522751, 99.9=553983, 99.99=620543] [READ-FAILED: Count=38, Max=50335, Min=1741, Avg=5800.29, 90=10103, 99=50335, 99.9=50335, 99.99=50335] 
2020-09-29 13:36:59:155 220 sec: 846937 operations; 3754.6 current ops/sec; est completion in 39 minutes [READ: Count=37500, Max=588287, Min=2, Avg=16866.08, 90=33567, 99=518911, 99.9=552959, 99.99=571903] [READ-FAILED: Count=48, Max=15183, Min=2164, Avg=4194.38, 90=6559, 99=15183, 99.9=15183, 99.99=15183] 
2020-09-29 13:37:09:155 230 sec: 887773 operations; 4083.6 current ops/sec; est completion in 39 minutes [READ: Count=40782, Max=699903, Min=2, Avg=15967.98, 90=28335, 99=520191, 99.9=560127, 99.99=585215] [READ-FAILED: Count=55, Max=126719, Min=1659, Avg=6583.49, 90=10391, 99=32127, 99.9=126719, 99.99=126719] 
2020-09-29 13:37:19:155 240 sec: 928242 operations; 4046.9 current ops/sec; est completion in 39 minutes [READ: Count=40411, Max=583167, Min=2, Avg=15582.96, 90=30319, 99=515327, 99.9=555519, 99.99=571903] [READ-FAILED: Count=54, Max=21823, Min=1662, Avg=4172.19, 90=6551, 99=11511, 99.9=21823, 99.99=21823] 
2020-09-29 13:37:29:154 250 sec: 959070 operations; 3082.8 current ops/sec; est completion in 39 minutes [READ: Count=30799, Max=787967, Min=2, Avg=20855.9, 90=30927, 99=525823, 99.9=553983, 99.99=568831] [READ-FAILED: Count=33, Max=10855, Min=2102, Avg=3938.48, 90=8047, 99=10855, 99.9=10855, 99.99=10855] 
2020-09-29 13:37:39:154 260 sec: 1002473 operations; 4340.3 current ops/sec; est completion in 38 minutes [READ: Count=43337, Max=601599, Min=2, Avg=14826.25, 90=28703, 99=122623, 99.9=562687, 99.99=593919] [READ-FAILED: Count=63, Max=100031, Min=1672, Avg=6275.03, 90=12351, 99=19087, 99.9=100031, 99.99=100031] 
2020-09-29 13:37:49:155 270 sec: 1047166 operations; 4469.3 current ops/sec; est completion in 38 minutes [READ: Count=44639, Max=571903, Min=2, Avg=14364.61, 90=31455, 99=94143, 99.9=553471, 99.99=565759] [READ-FAILED: Count=54, Max=60831, Min=1966, Avg=5448.39, 90=8919, 99=15271, 99.9=60831, 99.99=60831] 
2020-09-29 13:37:59:155 280 sec: 1089230 operations; 4206.4 current ops/sec; est completion in 38 minutes [READ: Count=42003, Max=626175, Min=2, Avg=15150.19, 90=31279, 99=101567, 99.9=550399, 99.99=567295] [READ-FAILED: Count=62, Max=28159, Min=1853, Avg=5208.69, 90=8455, 99=24143, 99.9=28159, 99.99=28159] 
2020-09-29 13:38:09:155 290 sec: 1132762 operations; 4353.2 current ops/sec; est completion in 37 minutes [READ: Count=43463, Max=601599, Min=2, Avg=14776.82, 90=30623, 99=98047, 99.9=554495, 99.99=569855] [READ-FAILED: Count=68, Max=20239, Min=2050, Avg=5221.68, 90=11439, 99=18031, 99.9=20239, 99.99=20239] 
2020-09-29 13:38:19:154 300 sec: 1179020 operations; 4625.8 current ops/sec; est completion in 37 minutes [READ: Count=46197, Max=569855, Min=2, Avg=13825.05, 90=29151, 99=89215, 99.9=546815, 99.99=565759] [READ-FAILED: Count=62, Max=12511, Min=1683, Avg=4005.15, 90=6371, 99=11471, 99.9=12511, 99.99=12511] 
Maximum time elapsed. Requesting stop for the workload.
Stop requested for workload. Now Joining!
[36m13:38:19.776[m [[34;1mINFO[m] [1;34mp.u.t.s.y.Stats.clientFinished@38[m: 
Ended SconeKV benchmark.
Number of clients: 64
Total transactions: 234716
Committed: 234716 (100.0%)
Aborted: 0 (0.0%)
2020-09-29 13:38:19:778 300 sec: 1179791 operations; 1235.58 current ops/sec; est completion in 37 minutes [READ: Count=767, Max=542207, Min=2, Avg=26069.24, 90=29231, 99=521983, 99.9=536575, 99.99=542207] [CLEANUP: Count=64, Max=1482, Min=3, Avg=29.28, 90=9, 99=50, 99.9=1482, 99.99=1482] [READ-FAILED: Count=2, Max=7067, Min=6204, Avg=6636, 90=7067, 99=7067, 99.9=7067, 99.99=7067] 
[OVERALL], RunTime(ms), 300624
[OVERALL], Throughput(ops/sec), 3924.4737612432805
[TOTAL_GCS_G1_Young_Generation], Count, 181
[TOTAL_GC_TIME_G1_Young_Generation], Time(ms), 2302
[TOTAL_GC_TIME_%_G1_Young_Generation], Time(%), 0.7657405929001011
[TOTAL_GCS_G1_Old_Generation], Count, 0
[TOTAL_GC_TIME_G1_Old_Generation], Time(ms), 0
[TOTAL_GC_TIME_%_G1_Old_Generation], Time(%), 0.0
[TOTAL_GCs], Count, 181
[TOTAL_GC_TIME], Time(ms), 2302
[TOTAL_GC_TIME_%], Time(%), 0.7657405929001011
[READ], Operations, 1178357
[READ], AverageLatency(us), 16090.837911600644
[READ], MinLatency(us), 2
[READ], MaxLatency(us), 15040511
[READ], 95thPercentileLatency(us), 42143
[READ], 99thPercentileLatency(us), 515327
[READ], Return=OK, 1178357
[READ], Return=NOT_FOUND, 1434
[CLEANUP], Operations, 64
[CLEANUP], AverageLatency(us), 29.28125
[CLEANUP], MinLatency(us), 3
[CLEANUP], MaxLatency(us), 1482
[CLEANUP], 95thPercentileLatency(us), 21
[CLEANUP], 99thPercentileLatency(us), 50
[READ-FAILED], Operations, 1434
[READ-FAILED], AverageLatency(us), 5514.708507670851
[READ-FAILED], MinLatency(us), 1578
[READ-FAILED], MaxLatency(us), 146559
[READ-FAILED], 95thPercentileLatency(us), 14599
[READ-FAILED], 99thPercentileLatency(us), 36863
