Command line: -t -db pt.ulisboa.tecnico.sconekv.ycsb.SconeKVClient -P workloadf -threads 128 -s -p scone.tx_size=5 -p operationcount=10000000 -p maxexecutiontime=300
YCSB Client 0.17.0

Loading workload...
Starting test.
WARNING: sun.reflect.Reflection.getCallerClass is not supported. This will impact performance.
2020-09-29 16:31:51:108 0 sec: 0 operations; est completion in 0 second 
Maximum execution time specified as: 300 secs
DBWrapper: report latency for each error is false and specific error codes to track for latency are: []
DBWrapper: report latency for each error is false and specific error codes to track for latency are: []
DBWrapper: report latency for each error is false and specific error codes to track for latency are: []
DBWrapper: report latency for each error is false and specific error codes to track for latency are: []
DBWrapper: report latency for each error is false and specific error codes to track for latency are: []
DBWrapper: report latency for each error is false and specific error codes to track for latency are: []
DBWrapper: report latency for each error is false and specific error codes to track for latency are: []
DBWrapper: report latency for each error is false and specific error codes to track for latency are: []
DBWrapper: report latency for each error is false and specific error codes to track for latency are: []
DBWrapper: report latency for each error is false and specific error codes to track for latency are: []
DBWrapper: report latency for each error is false and specific error codes to track for latency are: []
DBWrapper: report latency for each error is false and specific error codes to track for latency are: []
DBWrapper: report latency for each error is false and specific error codes to track for latency are: []
DBWrapper: report latency for each error is false and specific error codes to track for latency are: []
DBWrapper: report latency for each error is false and specific error codes to track for latency are: []
DBWrapper: report latency for each error is false and specific error codes to track for latency are: []
DBWrapper: report latency for each error is false and specific error codes to track for latency are: []
DBWrapper: report latency for each error is false and specific error codes to track for latency are: []
DBWrapper: report latency for each error is false and specific error codes to track for latency are: []
DBWrapper: report latency for each error is false and specific error codes to track for latency are: []
DBWrapper: report latency for each error is false and specific error codes to track for latency are: []
DBWrapper: report latency for each error is false and specific error codes to track for latency are: []
DBWrapper: report latency for each error is false and specific error codes to track for latency are: []
DBWrapper: report latency for each error is false and specific error codes to track for latency are: []
DBWrapper: report latency for each error is false and specific error codes to track for latency are: []
DBWrapper: report latency for each error is false and specific error codes to track for latency are: []
DBWrapper: report latency for each error is false and specific error codes to track for latency are: []
DBWrapper: report latency for each error is false and specific error codes to track for latency are: []
DBWrapper: report latency for each error is false and specific error codes to track for latency are: []
DBWrapper: report latency for each error is false and specific error codes to track for latency are: []
DBWrapper: report latency for each error is false and specific error codes to track for latency are: []
DBWrapper: report latency for each error is false and specific error codes to track for latency are: []
DBWrapper: report latency for each error is false and specific error codes to track for latency are: []
DBWrapper: report latency for each error is false and specific error codes to track for latency are: []
DBWrapper: report latency for each error is false and specific error codes to track for latency are: []
DBWrapper: report latency for each error is false and specific error codes to track for latency are: []
DBWrapper: report latency for each error is false and specific error codes to track for latency are: []
DBWrapper: report latency for each error is false and specific error codes to track for latency are: []
DBWrapper: report latency for each error is false and specific error codes to track for latency are: []
DBWrapper: report latency for each error is false and specific error codes to track for latency are: []
DBWrapper: report latency for each error is false and specific error codes to track for latency are: []
DBWrapper: report latency for each error is false and specific error codes to track for latency are: []
DBWrapper: report latency for each error is false and specific error codes to track for latency are: []
DBWrapper: report latency for each error is false and specific error codes to track for latency are: []
DBWrapper: report latency for each error is false and specific error codes to track for latency are: []
DBWrapper: report latency for each error is false and specific error codes to track for latency are: []
DBWrapper: report latency for each error is false and specific error codes to track for latency are: []
DBWrapper: report latency for each error is false and specific error codes to track for latency are: []
DBWrapper: report latency for each error is false and specific error codes to track for latency are: []
DBWrapper: report latency for each error is false and specific error codes to track for latency are: []
DBWrapper: report latency for each error is false and specific error codes to track for latency are: []
DBWrapper: report latency for each error is false and specific error codes to track for latency are: []
DBWrapper: report latency for each error is false and specific error codes to track for latency are: []
DBWrapper: report latency for each error is false and specific error codes to track for latency are: []
DBWrapper: report latency for each error is false and specific error codes to track for latency are: []
DBWrapper: report latency for each error is false and specific error codes to track for latency are: []
DBWrapper: report latency for each error is false and specific error codes to track for latency are: []
DBWrapper: report latency for each error is false and specific error codes to track for latency are: []
DBWrapper: report latency for each error is false and specific error codes to track for latency are: []
DBWrapper: report latency for each error is false and specific error codes to track for latency are: []
DBWrapper: report latency for each error is false and specific error codes to track for latency are: []
DBWrapper: report latency for each error is false and specific error codes to track for latency are: []
DBWrapper: report latency for each error is false and specific error codes to track for latency are: []
DBWrapper: report latency for each error is false and specific error codes to track for latency are: []
DBWrapper: report latency for each error is false and specific error codes to track for latency are: []
DBWrapper: report latency for each error is false and specific error codes to track for latency are: []
DBWrapper: report latency for each error is false and specific error codes to track for latency are: []
DBWrapper: report latency for each error is false and specific error codes to track for latency are: []
DBWrapper: report latency for each error is false and specific error codes to track for latency are: []
DBWrapper: report latency for each error is false and specific error codes to track for latency are: []
DBWrapper: report latency for each error is false and specific error codes to track for latency are: []
DBWrapper: report latency for each error is false and specific error codes to track for latency are: []
DBWrapper: report latency for each error is false and specific error codes to track for latency are: []
DBWrapper: report latency for each error is false and specific error codes to track for latency are: []
DBWrapper: report latency for each error is false and specific error codes to track for latency are: []
DBWrapper: report latency for each error is false and specific error codes to track for latency are: []
DBWrapper: report latency for each error is false and specific error codes to track for latency are: []
DBWrapper: report latency for each error is false and specific error codes to track for latency are: []
DBWrapper: report latency for each error is false and specific error codes to track for latency are: []
DBWrapper: report latency for each error is false and specific error codes to track for latency are: []
DBWrapper: report latency for each error is false and specific error codes to track for latency are: []
DBWrapper: report latency for each error is false and specific error codes to track for latency are: []
DBWrapper: report latency for each error is false and specific error codes to track for latency are: []
DBWrapper: report latency for each error is false and specific error codes to track for latency are: []
DBWrapper: report latency for each error is false and specific error codes to track for latency are: []
DBWrapper: report latency for each error is false and specific error codes to track for latency are: []
DBWrapper: report latency for each error is false and specific error codes to track for latency are: []
DBWrapper: report latency for each error is false and specific error codes to track for latency are: []
DBWrapper: report latency for each error is false and specific error codes to track for latency are: []
DBWrapper: report latency for each error is false and specific error codes to track for latency are: []
DBWrapper: report latency for each error is false and specific error codes to track for latency are: []
DBWrapper: report latency for each error is false and specific error codes to track for latency are: []
DBWrapper: report latency for each error is false and specific error codes to track for latency are: []
DBWrapper: report latency for each error is false and specific error codes to track for latency are: []
DBWrapper: report latency for each error is false and specific error codes to track for latency are: []
DBWrapper: report latency for each error is false and specific error codes to track for latency are: []
DBWrapper: report latency for each error is false and specific error codes to track for latency are: []
DBWrapper: report latency for each error is false and specific error codes to track for latency are: []
DBWrapper: report latency for each error is false and specific error codes to track for latency are: []
DBWrapper: report latency for each error is false and specific error codes to track for latency are: []
DBWrapper: report latency for each error is false and specific error codes to track for latency are: []
DBWrapper: report latency for each error is false and specific error codes to track for latency are: []
DBWrapper: report latency for each error is false and specific error codes to track for latency are: []
DBWrapper: report latency for each error is false and specific error codes to track for latency are: []
DBWrapper: report latency for each error is false and specific error codes to track for latency are: []
DBWrapper: report latency for each error is false and specific error codes to track for latency are: []
DBWrapper: report latency for each error is false and specific error codes to track for latency are: []
DBWrapper: report latency for each error is false and specific error codes to track for latency are: []
DBWrapper: report latency for each error is false and specific error codes to track for latency are: []
2020-09-29 16:32:01:168 10 sec: 10459 operations; 1040.7 current ops/sec; est completion in 2 hours 39 minutes [READ: Count=10543, Max=1231871, Min=1, Avg=47718.26, 90=114303, 99=518911, 99.9=769535, 99.99=1013759] [READ-MODIFY-WRITE: Count=5274, Max=807935, Min=9, Avg=50735.94, 90=131839, 99=490239, 99.9=727039, 99.99=775679] [UPDATE: Count=5367, Max=642047, Min=2, Avg=5602.74, 90=9607, 99=89983, 99.9=249343, 99.99=638463] [READ-FAILED: Count=11, Max=101951, Min=3098, Avg=28706.27, 90=61599, 99=101951, 99.9=101951, 99.99=101951] 
DBWrapper: report latency for each error is false and specific error codes to track for latency are: []
DBWrapper: report latency for each error is false and specific error codes to track for latency are: []
DBWrapper: report latency for each error is false and specific error codes to track for latency are: []
DBWrapper: report latency for each error is false and specific error codes to track for latency are: []
DBWrapper: report latency for each error is false and specific error codes to track for latency are: []
DBWrapper: report latency for each error is false and specific error codes to track for latency are: []
DBWrapper: report latency for each error is false and specific error codes to track for latency are: []
DBWrapper: report latency for each error is false and specific error codes to track for latency are: []
DBWrapper: report latency for each error is false and specific error codes to track for latency are: []
DBWrapper: report latency for each error is false and specific error codes to track for latency are: []
DBWrapper: report latency for each error is false and specific error codes to track for latency are: []
2020-09-29 16:32:11:107 20 sec: 34059 operations; 2371.62 current ops/sec; est completion in 1 hour 37 minutes [READ: Count=23493, Max=1191935, Min=0, Avg=43258.61, 90=81535, 99=552959, 99.9=771071, 99.99=1048063] [READ-MODIFY-WRITE: Count=11997, Max=1343487, Min=4, Avg=49420.8, 90=99839, 99=592895, 99.9=1010687, 99.99=1315839] [UPDATE: Count=12035, Max=228863, Min=1, Avg=4882.32, 90=17519, 99=66943, 99.9=133375, 99.99=184703] [READ-FAILED: Count=14, Max=35391, Min=5132, Avg=18975.29, 90=34495, 99=35391, 99.9=35391, 99.99=35391] 
2020-09-29 16:32:21:107 30 sec: 69276 operations; 3521.7 current ops/sec; est completion in 1 hour 11 minutes [READ: Count=35203, Max=1214463, Min=0, Avg=33161.45, 90=65791, 99=546815, 99.9=782335, 99.99=1192959] [READ-MODIFY-WRITE: Count=17519, Max=1224703, Min=3, Avg=35165.63, 90=74431, 99=556031, 99.9=788479, 99.99=1197055] [UPDATE: Count=17412, Max=552447, Min=0, Avg=1690.84, 90=4655, 99=24623, 99.9=76991, 99.99=141695] [READ-FAILED: Count=21, Max=15015, Min=1751, Avg=4402.95, 90=6167, 99=15015, 99.9=15015, 99.99=15015] 
DBWrapper: report latency for each error is false and specific error codes to track for latency are: []
DBWrapper: report latency for each error is false and specific error codes to track for latency are: []
DBWrapper: report latency for each error is false and specific error codes to track for latency are: []
DBWrapper: report latency for each error is false and specific error codes to track for latency are: []
DBWrapper: report latency for each error is false and specific error codes to track for latency are: []
DBWrapper: report latency for each error is false and specific error codes to track for latency are: []
DBWrapper: report latency for each error is false and specific error codes to track for latency are: []
DBWrapper: report latency for each error is false and specific error codes to track for latency are: []
2020-09-29 16:32:31:108 40 sec: 105611 operations; 3633.5 current ops/sec; est completion in 1 hour 2 minutes [READ: Count=36295, Max=1382399, Min=0, Avg=33480.06, 90=60639, 99=546303, 99.9=910335, 99.99=1234943] [READ-MODIFY-WRITE: Count=18066, Max=1261567, Min=2, Avg=35592.48, 90=68927, 99=555519, 99.9=918527, 99.99=1128447] [UPDATE: Count=18057, Max=242559, Min=0, Avg=1634.17, 90=4375, 99=21727, 99.9=80639, 99.99=220799] [READ-FAILED: Count=35, Max=30959, Min=1600, Avg=7859.8, 90=18575, 99=30959, 99.9=30959, 99.99=30959] 
2020-09-29 16:32:41:107 50 sec: 141576 operations; 3596.86 current ops/sec; est completion in 58 minutes [READ: Count=35951, Max=1442815, Min=0, Avg=35172.41, 90=62335, 99=557567, 99.9=932863, 99.99=1345535] [READ-MODIFY-WRITE: Count=17996, Max=1399807, Min=1, Avg=36229.42, 90=68671, 99=562687, 99.9=986111, 99.99=1333247] [UPDATE: Count=18022, Max=133375, Min=0, Avg=1420.53, 90=4045, 99=19839, 99.9=73407, 99.99=119807] [READ-FAILED: Count=23, Max=10583, Min=1855, Avg=4302.09, 90=7247, 99=10583, 99.9=10583, 99.99=10583] 
2020-09-29 16:32:51:107 60 sec: 179465 operations; 3788.52 current ops/sec; est completion in 54 minutes [READ: Count=37853, Max=1465343, Min=0, Avg=32921.68, 90=60671, 99=547327, 99.9=1017855, 99.99=1348607] [READ-MODIFY-WRITE: Count=18918, Max=1471487, Min=2, Avg=34913.25, 90=68863, 99=552447, 99.9=1012735, 99.99=1335295] [UPDATE: Count=18877, Max=154367, Min=0, Avg=1448.51, 90=4073, 99=19775, 99.9=88127, 99.99=152447] [READ-FAILED: Count=25, Max=12319, Min=1923, Avg=3947.36, 90=5695, 99=12319, 99.9=12319, 99.99=12319] 
2020-09-29 16:33:01:107 70 sec: 218629 operations; 3916.4 current ops/sec; est completion in 52 minutes [READ: Count=39134, Max=1210367, Min=0, Avg=31955.37, 90=61183, 99=541695, 99.9=984063, 99.99=1141759] [READ-MODIFY-WRITE: Count=19497, Max=1218559, Min=2, Avg=32758.94, 90=67967, 99=542207, 99.9=987647, 99.99=1157119] [UPDATE: Count=19499, Max=103871, Min=0, Avg=1395.55, 90=4171, 99=19423, 99.9=67135, 99.99=101503] [READ-FAILED: Count=35, Max=31519, Min=1963, Avg=5163.94, 90=8431, 99=31519, 99.9=31519, 99.99=31519] 
2020-09-29 16:33:11:107 80 sec: 255884 operations; 3725.5 current ops/sec; est completion in 50 minutes [READ: Count=37220, Max=1573887, Min=0, Avg=33793.3, 90=63711, 99=551935, 99.9=1011199, 99.99=1374207] [READ-MODIFY-WRITE: Count=18611, Max=1381375, Min=2, Avg=35142.89, 90=70847, 99=556543, 99.9=971263, 99.99=1368063] [UPDATE: Count=18619, Max=307199, Min=0, Avg=1542.78, 90=4315, 99=22047, 99.9=73983, 99.99=123903] [READ-FAILED: Count=31, Max=61055, Min=1789, Avg=8819.26, 90=16847, 99=61055, 99.9=61055, 99.99=61055] 
2020-09-29 16:33:21:107 90 sec: 293038 operations; 3715.4 current ops/sec; est completion in 49 minutes [READ: Count=37127, Max=1393663, Min=0, Avg=33368.89, 90=58879, 99=551423, 99.9=935423, 99.99=1213439] [READ-MODIFY-WRITE: Count=18595, Max=1292287, Min=2, Avg=34959.25, 90=66367, 99=559615, 99.9=944127, 99.99=1275903] [UPDATE: Count=18593, Max=170879, Min=0, Avg=1456.08, 90=4061, 99=19199, 99.9=84351, 99.99=163839] [READ-FAILED: Count=29, Max=16039, Min=1753, Avg=4315.55, 90=7903, 99=16039, 99.9=16039, 99.99=16039] 
2020-09-29 16:33:31:107 100 sec: 327530 operations; 3449.2 current ops/sec; est completion in 49 minutes [READ: Count=34464, Max=1681407, Min=0, Avg=36261.82, 90=68095, 99=555519, 99.9=861695, 99.99=1304575] [READ-MODIFY-WRITE: Count=17237, Max=1684479, Min=2, Avg=38271.16, 90=76287, 99=565759, 99.9=893951, 99.99=1299455] [UPDATE: Count=17229, Max=486399, Min=0, Avg=1666.19, 90=4091, 99=24719, 99.9=87743, 99.99=479999] [READ-FAILED: Count=23, Max=19247, Min=2420, Avg=5977.78, 90=11711, 99=19247, 99.9=19247, 99.99=19247] 
2020-09-29 16:33:41:107 110 sec: 365855 operations; 3832.5 current ops/sec; est completion in 48 minutes [READ: Count=38313, Max=2034687, Min=0, Avg=33096.14, 90=64319, 99=542207, 99.9=899583, 99.99=1758207] [READ-MODIFY-WRITE: Count=19219, Max=1974271, Min=2, Avg=34886.96, 90=71871, 99=552959, 99.9=901119, 99.99=1832959] [UPDATE: Count=19230, Max=175359, Min=0, Avg=1518.12, 90=4303, 99=20271, 99.9=72767, 99.99=123391] [READ-FAILED: Count=29, Max=66303, Min=2043, Avg=8169.97, 90=12623, 99=66303, 99.9=66303, 99.99=66303] 
2020-09-29 16:33:51:107 120 sec: 400884 operations; 3502.9 current ops/sec; est completion in 47 minutes [READ: Count=34989, Max=2508799, Min=0, Avg=35860.84, 90=60895, 99=582143, 99.9=1314815, 99.99=2486271] [READ-MODIFY-WRITE: Count=17475, Max=2396159, Min=2, Avg=36402.25, 90=66623, 99=588799, 99.9=1286143, 99.99=2297855] [UPDATE: Count=17477, Max=140799, Min=0, Avg=1268.84, 90=3915, 99=14623, 99.9=68415, 99.99=97919] [READ-FAILED: Count=26, Max=139519, Min=2394, Avg=10857.12, 90=9623, 99=139519, 99.9=139519, 99.99=139519] 
2020-09-29 16:34:01:107 130 sec: 438301 operations; 3741.7 current ops/sec; est completion in 47 minutes [READ: Count=37391, Max=1315839, Min=0, Avg=33242.23, 90=65343, 99=544255, 99.9=891903, 99.99=1166335] [READ-MODIFY-WRITE: Count=18715, Max=1203199, Min=2, Avg=35817.9, 90=73279, 99=554495, 99.9=899071, 99.99=1142783] [UPDATE: Count=18715, Max=165247, Min=0, Avg=1633.23, 90=4499, 99=22623, 99.9=83071, 99.99=157951] [READ-FAILED: Count=32, Max=67519, Min=2106, Avg=8472.78, 90=15911, 99=67519, 99.9=67519, 99.99=67519] 
2020-09-29 16:34:11:107 140 sec: 476847 operations; 3854.6 current ops/sec; est completion in 46 minutes [READ: Count=38514, Max=1660927, Min=0, Avg=32258.9, 90=60159, 99=539647, 99.9=907263, 99.99=1274879] [READ-MODIFY-WRITE: Count=19450, Max=1311743, Min=2, Avg=33031.13, 90=66175, 99=547327, 99.9=951807, 99.99=1260543] [UPDATE: Count=19445, Max=111807, Min=0, Avg=1337.42, 90=4167, 99=17775, 99.9=65471, 99.99=97087] [READ-FAILED: Count=31, Max=50399, Min=2114, Avg=8758.19, 90=20863, 99=50399, 99.9=50399, 99.99=50399] 
2020-09-29 16:34:21:107 150 sec: 512779 operations; 3593.2 current ops/sec; est completion in 46 minutes [READ: Count=35910, Max=1950719, Min=0, Avg=35309.47, 90=62143, 99=559615, 99.9=1170431, 99.99=1817599] [READ-MODIFY-WRITE: Count=17906, Max=1930239, Min=2, Avg=37195.62, 90=69631, 99=569343, 99.9=1183743, 99.99=1856511] [UPDATE: Count=17906, Max=112319, Min=0, Avg=1322.84, 90=3979, 99=17455, 99.9=57887, 99.99=107647] [READ-FAILED: Count=23, Max=17071, Min=2072, Avg=4711.3, 90=10175, 99=17071, 99.9=17071, 99.99=17071] 
2020-09-29 16:34:31:107 160 sec: 548081 operations; 3530.2 current ops/sec; est completion in 46 minutes [READ: Count=35268, Max=1255423, Min=0, Avg=34901.4, 90=61407, 99=545279, 99.9=876543, 99.99=1134591] [READ-MODIFY-WRITE: Count=17683, Max=1259519, Min=2, Avg=35479.45, 90=67007, 99=548863, 99.9=893951, 99.99=1161215] [UPDATE: Count=17682, Max=530943, Min=0, Avg=1572.6, 90=3977, 99=16447, 99.9=111999, 99.99=479999] [READ-FAILED: Count=26, Max=20687, Min=1739, Avg=6424.77, 90=14239, 99=20687, 99.9=20687, 99.99=20687] 
2020-09-29 16:34:41:107 170 sec: 581124 operations; 3304.3 current ops/sec; est completion in 45 minutes [READ: Count=33028, Max=1989631, Min=0, Avg=38670.25, 90=63519, 99=593407, 99.9=1316863, 99.99=1605631] [READ-MODIFY-WRITE: Count=16569, Max=1991679, Min=2, Avg=40242.26, 90=69119, 99=603647, 99.9=1268735, 99.99=1610751] [UPDATE: Count=16568, Max=295935, Min=0, Avg=1342.23, 90=3797, 99=19055, 99.9=62015, 99.99=100351] [READ-FAILED: Count=17, Max=29343, Min=1664, Avg=6239.94, 90=12359, 99=29343, 99.9=29343, 99.99=29343] 
2020-09-29 16:34:51:107 180 sec: 617475 operations; 3635.1 current ops/sec; est completion in 45 minutes [READ: Count=36330, Max=2063359, Min=0, Avg=34655.49, 90=62079, 99=547839, 99.9=1256447, 99.99=1949695] [READ-MODIFY-WRITE: Count=18072, Max=2075647, Min=2, Avg=36975.4, 90=69759, 99=555007, 99.9=1313791, 99.99=1960959] [UPDATE: Count=18075, Max=509695, Min=0, Avg=1325.68, 90=3861, 99=16295, 99.9=76095, 99.99=144511] [READ-FAILED: Count=20, Max=34751, Min=1926, Avg=5814.7, 90=11559, 99=34751, 99.9=34751, 99.99=34751] 
2020-09-29 16:35:01:107 190 sec: 651840 operations; 3436.5 current ops/sec; est completion in 45 minutes [READ: Count=34351, Max=1731583, Min=0, Avg=36350.07, 90=61791, 99=578047, 99.9=1167359, 99.99=1597439] [READ-MODIFY-WRITE: Count=17246, Max=1674239, Min=2, Avg=37832.48, 90=69567, 99=592895, 99.9=1173503, 99.99=1586175] [UPDATE: Count=17276, Max=153087, Min=0, Avg=1645.8, 90=4363, 99=26495, 99.9=88383, 99.99=139647] [READ-FAILED: Count=16, Max=56863, Min=2594, Avg=11472.44, 90=18623, 99=56863, 99.9=56863, 99.99=56863] 
2020-09-29 16:35:11:107 200 sec: 685719 operations; 3387.9 current ops/sec; est completion in 45 minutes [READ: Count=33855, Max=1262591, Min=0, Avg=36412.87, 90=67391, 99=553471, 99.9=806399, 99.99=1079295] [READ-MODIFY-WRITE: Count=16976, Max=1137663, Min=4, Avg=38484.32, 90=74559, 99=563711, 99.9=847359, 99.99=1081343] [UPDATE: Count=16944, Max=479487, Min=0, Avg=1769.6, 90=4021, 99=19583, 99.9=264959, 99.99=413183] [READ-FAILED: Count=21, Max=21007, Min=1930, Avg=5761.14, 90=11951, 99=21007, 99.9=21007, 99.99=21007] 
2020-09-29 16:35:21:107 210 sec: 720561 operations; 3484.2 current ops/sec; est completion in 45 minutes [READ: Count=34816, Max=1525759, Min=0, Avg=36308.47, 90=62623, 99=564223, 99.9=1026047, 99.99=1520639] [READ-MODIFY-WRITE: Count=17515, Max=1523711, Min=2, Avg=38487.98, 90=71231, 99=575487, 99.9=1038847, 99.99=1459199] [UPDATE: Count=17516, Max=134911, Min=0, Avg=1264.34, 90=3795, 99=18063, 99.9=46079, 99.99=122303] [READ-FAILED: Count=27, Max=29311, Min=1840, Avg=5436.74, 90=9327, 99=29311, 99.9=29311, 99.99=29311] 
2020-09-29 16:35:31:107 220 sec: 754224 operations; 3366.3 current ops/sec; est completion in 44 minutes [READ: Count=33637, Max=1567743, Min=0, Avg=37466.5, 90=64895, 99=571391, 99.9=1200127, 99.99=1424383] [READ-MODIFY-WRITE: Count=16728, Max=1564671, Min=2, Avg=39785.09, 90=73023, 99=582143, 99.9=1236991, 99.99=1427455] [UPDATE: Count=16721, Max=778239, Min=0, Avg=1581.03, 90=3871, 99=16607, 99.9=105919, 99.99=505599] [READ-FAILED: Count=24, Max=23807, Min=1815, Avg=4617.67, 90=8031, 99=23807, 99.9=23807, 99.99=23807] 
2020-09-29 16:35:41:107 230 sec: 788758 operations; 3453.4 current ops/sec; est completion in 44 minutes [READ: Count=34517, Max=2318335, Min=0, Avg=36261.27, 90=64191, 99=572415, 99.9=1044479, 99.99=1441791] [READ-MODIFY-WRITE: Count=17214, Max=1663999, Min=3, Avg=36315.71, 90=68735, 99=578559, 99.9=1079295, 99.99=1449983] [UPDATE: Count=17222, Max=644607, Min=0, Avg=1281.06, 90=3845, 99=17023, 99.9=56607, 99.99=112831] [READ-FAILED: Count=21, Max=19263, Min=2334, Avg=6268.38, 90=13519, 99=19263, 99.9=19263, 99.99=19263] 
2020-09-29 16:35:51:108 240 sec: 823445 operations; 3468.7 current ops/sec; est completion in 44 minutes [READ: Count=34670, Max=1415167, Min=0, Avg=35296.73, 90=62591, 99=556543, 99.9=1202175, 99.99=1396735] [READ-MODIFY-WRITE: Count=17271, Max=1413119, Min=2, Avg=36555.24, 90=68415, 99=559103, 99.9=1200127, 99.99=1396735] [UPDATE: Count=17262, Max=175743, Min=0, Avg=1515.36, 90=4107, 99=22287, 99.9=84671, 99.99=151935] [READ-FAILED: Count=13, Max=108863, Min=1936, Avg=23772.69, 90=96319, 99=108863, 99.9=108863, 99.99=108863] 
2020-09-29 16:36:01:108 250 sec: 858433 operations; 3498.8 current ops/sec; est completion in 44 minutes [READ: Count=34975, Max=1598463, Min=0, Avg=37129.43, 90=59359, 99=595455, 99.9=1279999, 99.99=1543167] [READ-MODIFY-WRITE: Count=17646, Max=1549311, Min=2, Avg=37788.87, 90=65151, 99=589823, 99.9=1260543, 99.99=1537023] [UPDATE: Count=17664, Max=132479, Min=0, Avg=1266.65, 90=3821, 99=15943, 99.9=63295, 99.99=121727] [READ-FAILED: Count=17, Max=29087, Min=1732, Avg=6040.06, 90=7699, 99=29087, 99.9=29087, 99.99=29087] 
2020-09-29 16:36:11:107 260 sec: 891773 operations; 3334 current ops/sec; est completion in 44 minutes [READ: Count=33311, Max=2072575, Min=1, Avg=37521.58, 90=62239, 99=582143, 99.9=1379327, 99.99=1995775] [READ-MODIFY-WRITE: Count=16625, Max=2077695, Min=3, Avg=38586.55, 90=68223, 99=584191, 99.9=1384447, 99.99=2001919] [UPDATE: Count=16621, Max=687615, Min=0, Avg=1338.33, 90=3935, 99=18111, 99.9=46847, 99.99=92223] [READ-FAILED: Count=26, Max=23327, Min=1728, Avg=5458.27, 90=8991, 99=23327, 99.9=23327, 99.99=23327] 
2020-09-29 16:36:21:108 270 sec: 924561 operations; 3278.8 current ops/sec; est completion in 44 minutes [READ: Count=32767, Max=1978367, Min=1, Avg=38004.97, 90=63967, 99=583167, 99.9=1172479, 99.99=1570815] [READ-MODIFY-WRITE: Count=16378, Max=2017279, Min=2, Avg=39180.87, 90=70527, 99=595967, 99.9=1227775, 99.99=1505279] [UPDATE: Count=16373, Max=503551, Min=0, Avg=1315.66, 90=3769, 99=17583, 99.9=66431, 99.99=135295] [READ-FAILED: Count=22, Max=14175, Min=1912, Avg=4137.77, 90=6175, 99=14175, 99.9=14175, 99.99=14175] 
2020-09-29 16:36:31:107 280 sec: 959051 operations; 3449 current ops/sec; est completion in 44 minutes [READ: Count=34474, Max=1540095, Min=0, Avg=36364.85, 90=67135, 99=550911, 99.9=910847, 99.99=1136639] [READ-MODIFY-WRITE: Count=17150, Max=1241087, Min=4, Avg=37231.11, 90=72959, 99=557567, 99.9=891903, 99.99=1105919] [UPDATE: Count=17142, Max=115071, Min=0, Avg=1333.18, 90=3745, 99=17551, 99.9=89215, 99.99=110335] [READ-FAILED: Count=15, Max=12975, Min=1853, Avg=4722.4, 90=7607, 99=12975, 99.9=12975, 99.99=12975] 
2020-09-29 16:36:41:107 290 sec: 992125 operations; 3307.4 current ops/sec; est completion in 43 minutes [READ: Count=33063, Max=1658879, Min=0, Avg=38519.09, 90=69439, 99=562687, 99.9=828927, 99.99=1071103] [READ-MODIFY-WRITE: Count=16681, Max=1661951, Min=1, Avg=38844.91, 90=73535, 99=563711, 99.9=828415, 99.99=1044991] [UPDATE: Count=16689, Max=113599, Min=0, Avg=1166.56, 90=3623, 99=14799, 99.9=53823, 99.99=89791] [READ-FAILED: Count=16, Max=10271, Min=2294, Avg=4322.81, 90=6583, 99=10271, 99.9=10271, 99.99=10271] 
2020-09-29 16:36:51:107 300 sec: 1025212 operations; 3308.7 current ops/sec; est completion in 43 minutes [READ: Count=33066, Max=2598911, Min=0, Avg=37188.96, 90=59199, 99=574463, 99.9=1777663, 99.99=2506751] [READ-MODIFY-WRITE: Count=16453, Max=2553855, Min=1, Avg=39118.4, 90=65599, 99=582655, 99.9=1940479, 99.99=2519039] [UPDATE: Count=16448, Max=515071, Min=0, Avg=1380.76, 90=4147, 99=17983, 99.9=56063, 99.99=153855] [READ-FAILED: Count=15, Max=14495, Min=2416, Avg=5813.4, 90=10359, 99=14495, 99.9=14495, 99.99=14495] 
Maximum time elapsed. Requesting stop for the workload.
Stop requested for workload. Now Joining!
[36m16:36:51.785[m [[34;1mINFO[m] [1;34mp.u.t.s.y.Stats.clientFinished@38[m: 
Ended SconeKV benchmark.
Number of clients: 128
Total transactions: 226734
Committed: 152869 (67.42217%)
Aborted: 73865 (32.57782%)
2020-09-29 16:36:51:787 300 sec: 1026141 operations; 1368.19 current ops/sec; est completion in 43 minutes [READ: Count=929, Max=1310719, Min=1, Avg=81170.78, 90=230015, 99=1039359, 99.9=1288191, 99.99=1310719] [READ-MODIFY-WRITE: Count=475, Max=1313791, Min=5, Avg=87478.16, 90=261631, 99=1036799, 99.9=1313791, 99.99=1313791] [CLEANUP: Count=128, Max=1526, Min=2, Avg=15.08, 90=4, 99=14, 99.9=1526, 99.99=1526] [UPDATE: Count=471, Max=22655, Min=1, Avg=1593.17, 90=5511, 99=12559, 99.9=22655, 99.99=22655] [READ-FAILED: Count=0, Max=0, Min=9223372036854775807, Avg=NaN, 90=0, 99=0, 99.9=0, 99.99=0] 
[OVERALL], RunTime(ms), 300677
[OVERALL], Throughput(ops/sec), 3412.7685190420284
[TOTAL_GCS_G1_Young_Generation], Count, 116
[TOTAL_GC_TIME_G1_Young_Generation], Time(ms), 2315
[TOTAL_GC_TIME_%_G1_Young_Generation], Time(%), 0.7699291931208573
[TOTAL_GCS_G1_Old_Generation], Count, 0
[TOTAL_GC_TIME_G1_Old_Generation], Time(ms), 0
[TOTAL_GC_TIME_%_G1_Old_Generation], Time(%), 0.0
[TOTAL_GCs], Count, 116
[TOTAL_GC_TIME], Time(ms), 2315
[TOTAL_GC_TIME_%], Time(%), 0.7699291931208573
[READ], Operations, 1025457
[READ], AverageLatency(us), 35652.395154550606
[READ], MinLatency(us), 0
[READ], MaxLatency(us), 2598911
[READ], 95thPercentileLatency(us), 146303
[READ], 99thPercentileLatency(us), 558079
[READ], Return=OK, 1025457
[READ], Return=NOT_FOUND, 684
[READ-MODIFY-WRITE], Operations, 513157
[READ-MODIFY-WRITE], AverageLatency(us), 37232.10513351664
[READ-MODIFY-WRITE], MinLatency(us), 1
[READ-MODIFY-WRITE], MaxLatency(us), 2553855
[READ-MODIFY-WRITE], 95thPercentileLatency(us), 154495
[READ-MODIFY-WRITE], 99thPercentileLatency(us), 565759
[CLEANUP], Operations, 128
[CLEANUP], AverageLatency(us), 15.078125
[CLEANUP], MinLatency(us), 2
[CLEANUP], MaxLatency(us), 1526
[CLEANUP], 95thPercentileLatency(us), 7
[CLEANUP], 99thPercentileLatency(us), 14
[UPDATE], Operations, 513157
[UPDATE], AverageLatency(us), 1569.1816792911332
[UPDATE], MinLatency(us), 0
[UPDATE], MaxLatency(us), 778239
[UPDATE], 95thPercentileLatency(us), 6995
[UPDATE], 99thPercentileLatency(us), 22223
[UPDATE], Return=OK, 513157
[READ-FAILED], Operations, 684
[READ-FAILED], AverageLatency(us), 7293.388888888889
[READ-FAILED], MinLatency(us), 1600
[READ-FAILED], MaxLatency(us), 139519
[READ-FAILED], 95thPercentileLatency(us), 23327
[READ-FAILED], 99thPercentileLatency(us), 61055
