Command line: -t -db pt.ulisboa.tecnico.sconekv.ycsb.SconeKVClient -P workloadf -threads 16 -s -p scone.tx_size=5 -p operationcount=10000000 -p maxexecutiontime=300
YCSB Client 0.17.0

Loading workload...
Starting test.
WARNING: sun.reflect.Reflection.getCallerClass is not supported. This will impact performance.
2020-09-29 14:58:24:709 0 sec: 0 operations; est completion in 0 second 
Maximum execution time specified as: 300 secs
DBWrapper: report latency for each error is false and specific error codes to track for latency are: []
DBWrapper: report latency for each error is false and specific error codes to track for latency are: []
DBWrapper: report latency for each error is false and specific error codes to track for latency are: []
DBWrapper: report latency for each error is false and specific error codes to track for latency are: []
DBWrapper: report latency for each error is false and specific error codes to track for latency are: []
DBWrapper: report latency for each error is false and specific error codes to track for latency are: []
DBWrapper: report latency for each error is false and specific error codes to track for latency are: []
DBWrapper: report latency for each error is false and specific error codes to track for latency are: []
DBWrapper: report latency for each error is false and specific error codes to track for latency are: []
DBWrapper: report latency for each error is false and specific error codes to track for latency are: []
DBWrapper: report latency for each error is false and specific error codes to track for latency are: []
DBWrapper: report latency for each error is false and specific error codes to track for latency are: []
DBWrapper: report latency for each error is false and specific error codes to track for latency are: []
DBWrapper: report latency for each error is false and specific error codes to track for latency are: []
DBWrapper: report latency for each error is false and specific error codes to track for latency are: []
DBWrapper: report latency for each error is false and specific error codes to track for latency are: []
2020-09-29 14:58:34:709 10 sec: 11496 operations; 1149.49 current ops/sec; est completion in 2 hours 24 minutes [READ: Count=11486, Max=561151, Min=1, Avg=11447.68, 90=21791, 99=74367, 99.9=532991, 99.99=552447] [READ-MODIFY-WRITE: Count=5769, Max=563199, Min=4, Avg=13018.03, 90=25615, 99=102079, 99.9=543743, 99.99=554495] [UPDATE: Count=5776, Max=45663, Min=1, Avg=918.01, 90=3071, 99=10367, 99.9=26303, 99.99=41215] [READ-FAILED: Count=13, Max=23119, Min=2598, Avg=7213.54, 90=17391, 99=23119, 99.9=23119, 99.99=23119] 
2020-09-29 14:58:44:708 20 sec: 18832 operations; 733.6 current ops/sec; est completion in 2 hours 56 minutes [READ: Count=7331, Max=985087, Min=0, Avg=21037.61, 90=38687, 99=516607, 99.9=579071, 99.99=889343] [READ-MODIFY-WRITE: Count=3673, Max=652799, Min=2, Avg=22958.52, 90=42751, 99=520959, 99.9=592383, 99.99=652799] [UPDATE: Count=3666, Max=61855, Min=0, Avg=1394.27, 90=3439, 99=23263, 99.9=42079, 99.99=61855] [READ-FAILED: Count=5, Max=30527, Min=2011, Avg=8132.4, 90=30527, 99=30527, 99.9=30527, 99.99=30527] 
2020-09-29 14:58:54:708 30 sec: 28380 operations; 954.8 current ops/sec; est completion in 2 hours 55 minutes [READ: Count=9538, Max=1101823, Min=1, Avg=16302.47, 90=22991, 99=304383, 99.9=868863, 99.99=1026047] [READ-MODIFY-WRITE: Count=4785, Max=1028095, Min=3, Avg=17516.81, 90=26943, 99=292095, 99.9=922623, 99.99=1028095] [UPDATE: Count=4791, Max=262911, Min=0, Avg=986.75, 90=2725, 99=11615, 99.9=50367, 99.99=262911] [READ-FAILED: Count=12, Max=4911, Min=2484, Avg=3034.42, 90=3755, 99=4911, 99.9=4911, 99.99=4911] 
2020-09-29 14:59:04:708 40 sec: 43854 operations; 1547.4 current ops/sec; est completion in 2 hours 31 minutes [READ: Count=15446, Max=605695, Min=0, Avg=9888.34, 90=19055, 99=83007, 99.9=540159, 99.99=582143] [READ-MODIFY-WRITE: Count=7598, Max=585727, Min=4, Avg=10165.67, 90=22239, 99=81087, 99.9=537087, 99.99=561151] [UPDATE: Count=7598, Max=509951, Min=1, Avg=863.89, 90=2607, 99=8367, 99.9=51071, 99.99=83007] [READ-FAILED: Count=25, Max=7455, Min=1896, Avg=2985.6, 90=4463, 99=7455, 99.9=7455, 99.99=7455] 
2020-09-29 14:59:14:708 50 sec: 61819 operations; 1796.5 current ops/sec; est completion in 2 hours 13 minutes [READ: Count=17951, Max=585215, Min=0, Avg=8546.14, 90=16271, 99=53823, 99.9=540159, 99.99=566271] [READ-MODIFY-WRITE: Count=9070, Max=573439, Min=3, Avg=8980.68, 90=19279, 99=56799, 99.9=529919, 99.99=559615] [UPDATE: Count=9069, Max=76543, Min=0, Avg=699.1, 90=2653, 99=5815, 99.9=23007, 99.99=65791] [READ-FAILED: Count=13, Max=5139, Min=1835, Avg=2933.23, 90=4459, 99=5139, 99.9=5139, 99.99=5139] 
2020-09-29 14:59:24:708 60 sec: 77378 operations; 1555.9 current ops/sec; est completion in 2 hours 8 minutes [READ: Count=15539, Max=560639, Min=0, Avg=9848.95, 90=18015, 99=74367, 99.9=529919, 99.99=555007] [READ-MODIFY-WRITE: Count=7796, Max=565759, Min=3, Avg=10358.79, 90=20959, 99=76543, 99.9=530431, 99.99=551423] [UPDATE: Count=7793, Max=400639, Min=0, Avg=802.77, 90=2573, 99=7099, 99.9=25471, 99.99=191487] [READ-FAILED: Count=20, Max=9599, Min=1952, Avg=3367.55, 90=3847, 99=9599, 99.9=9599, 99.99=9599] 
2020-09-29 14:59:34:709 70 sec: 95007 operations; 1762.9 current ops/sec; est completion in 2 hours 1 minute [READ: Count=17607, Max=551423, Min=0, Avg=8690.92, 90=15839, 99=58623, 99.9=527359, 99.99=549375] [READ-MODIFY-WRITE: Count=8753, Max=581119, Min=2, Avg=9484.2, 90=18703, 99=70015, 99.9=532479, 99.99=549887] [UPDATE: Count=8753, Max=111935, Min=1, Avg=737.62, 90=2543, 99=6299, 99.9=32799, 99.99=109951] [READ-FAILED: Count=24, Max=7107, Min=1601, Avg=2774.08, 90=3423, 99=7107, 99.9=7107, 99.99=7107] 
2020-09-29 14:59:44:708 80 sec: 112350 operations; 1734.3 current ops/sec; est completion in 1 hour 57 minutes [READ: Count=17326, Max=577535, Min=0, Avg=8920.86, 90=15783, 99=56191, 99.9=539135, 99.99=573439] [READ-MODIFY-WRITE: Count=8677, Max=582655, Min=2, Avg=9761.45, 90=18911, 99=64223, 99.9=534527, 99.99=564735] [UPDATE: Count=8681, Max=94143, Min=0, Avg=743.27, 90=2571, 99=7471, 99.9=28319, 99.99=93695] [READ-FAILED: Count=16, Max=4543, Min=1953, Avg=2796.19, 90=3523, 99=4543, 99.9=4543, 99.99=4543] 
2020-09-29 14:59:54:708 90 sec: 131550 operations; 1920 current ops/sec; est completion in 1 hour 52 minutes [READ: Count=19183, Max=534015, Min=0, Avg=7987.78, 90=16399, 99=42815, 99.9=517119, 99.99=528383] [READ-MODIFY-WRITE: Count=9607, Max=536575, Min=2, Avg=8928.77, 90=19423, 99=49983, 99.9=522239, 99.99=534015] [UPDATE: Count=9607, Max=32831, Min=0, Avg=653.71, 90=2613, 99=5823, 99.9=14623, 99.99=25695] [READ-FAILED: Count=17, Max=6155, Min=1953, Avg=2817.88, 90=3035, 99=6155, 99.9=6155, 99.99=6155] 
2020-09-29 15:00:04:708 100 sec: 149391 operations; 1784.1 current ops/sec; est completion in 1 hour 49 minutes [READ: Count=17826, Max=533503, Min=0, Avg=8382.57, 90=16231, 99=47775, 99.9=519167, 99.99=527871] [READ-MODIFY-WRITE: Count=8980, Max=531967, Min=2, Avg=8819.79, 90=19007, 99=51327, 99.9=520959, 99.99=530943] [UPDATE: Count=8977, Max=452863, Min=0, Avg=761.86, 90=2611, 99=6287, 99.9=22751, 99.99=243071] [READ-FAILED: Count=16, Max=13071, Min=1876, Avg=3410.25, 90=3281, 99=13071, 99.9=13071, 99.99=13071] 
2020-09-29 15:00:14:708 110 sec: 166117 operations; 1672.6 current ops/sec; est completion in 1 hour 48 minutes [READ: Count=16709, Max=552959, Min=0, Avg=9422.96, 90=16255, 99=60735, 99.9=528895, 99.99=541183] [READ-MODIFY-WRITE: Count=8309, Max=559615, Min=3, Avg=9936.03, 90=19279, 99=65023, 99.9=534527, 99.99=548863] [UPDATE: Count=8312, Max=487679, Min=0, Avg=743.78, 90=2589, 99=7479, 99.9=19743, 99.99=38111] [READ-FAILED: Count=18, Max=6463, Min=1923, Avg=2966.67, 90=3719, 99=6463, 99.9=6463, 99.99=6463] 
2020-09-29 15:00:24:708 120 sec: 184784 operations; 1866.7 current ops/sec; est completion in 1 hour 46 minutes [READ: Count=18647, Max=546303, Min=0, Avg=8182.84, 90=16023, 99=46591, 99.9=523007, 99.99=532479] [READ-MODIFY-WRITE: Count=9352, Max=625663, Min=2, Avg=8731.19, 90=18783, 99=48671, 99.9=528383, 99.99=549375] [UPDATE: Count=9351, Max=502015, Min=0, Avg=758.95, 90=2551, 99=5259, 99.9=24527, 99.99=478719] [READ-FAILED: Count=17, Max=14439, Min=1817, Avg=3430.29, 90=4083, 99=14439, 99.9=14439, 99.99=14439] 
2020-09-29 15:00:34:708 130 sec: 202958 operations; 1817.4 current ops/sec; est completion in 1 hour 44 minutes [READ: Count=18159, Max=554495, Min=0, Avg=8408.09, 90=15479, 99=47135, 99.9=521727, 99.99=543743] [READ-MODIFY-WRITE: Count=9216, Max=557567, Min=3, Avg=9185.09, 90=18559, 99=52415, 99.9=527359, 99.99=550399] [UPDATE: Count=9214, Max=43391, Min=1, Avg=689.17, 90=2595, 99=6399, 99.9=18687, 99.99=42911] [READ-FAILED: Count=19, Max=6739, Min=1657, Avg=3012.47, 90=4111, 99=6739, 99.9=6739, 99.99=6739] 
2020-09-29 15:00:44:708 140 sec: 221566 operations; 1860.8 current ops/sec; est completion in 1 hour 42 minutes [READ: Count=18583, Max=553983, Min=0, Avg=8297.65, 90=16127, 99=49535, 99.9=520959, 99.99=535039] [READ-MODIFY-WRITE: Count=9190, Max=556031, Min=3, Avg=8777.44, 90=18927, 99=48351, 99.9=522239, 99.99=551935] [UPDATE: Count=9188, Max=62367, Min=0, Avg=649.91, 90=2565, 99=5443, 99.9=15671, 99.99=36415] [READ-FAILED: Count=22, Max=4967, Min=1737, Avg=2995.64, 90=4211, 99=4967, 99.9=4967, 99.99=4967] 
2020-09-29 15:00:54:708 150 sec: 240704 operations; 1913.8 current ops/sec; est completion in 1 hour 41 minutes [READ: Count=19120, Max=553471, Min=0, Avg=7993.14, 90=15799, 99=44447, 99.9=517887, 99.99=534015] [READ-MODIFY-WRITE: Count=9694, Max=535551, Min=3, Avg=8703.57, 90=18831, 99=48415, 99.9=519935, 99.99=532991] [UPDATE: Count=9694, Max=504319, Min=0, Avg=768.8, 90=2617, 99=6311, 99.9=17167, 99.99=374783] [READ-FAILED: Count=17, Max=4527, Min=2068, Avg=2752.12, 90=3373, 99=4527, 99.9=4527, 99.99=4527] 
2020-09-29 15:01:04:708 160 sec: 260964 operations; 2026 current ops/sec; est completion in 1 hour 39 minutes [READ: Count=20242, Max=546815, Min=0, Avg=7379.87, 90=15983, 99=41055, 99.9=497407, 99.99=531967] [READ-MODIFY-WRITE: Count=10132, Max=534527, Min=2, Avg=8036.63, 90=18799, 99=45791, 99.9=512767, 99.99=534015] [UPDATE: Count=10132, Max=72191, Min=0, Avg=678.07, 90=2565, 99=6091, 99.9=19999, 99.99=53503] [READ-FAILED: Count=17, Max=4187, Min=1672, Avg=2432.35, 90=3053, 99=4187, 99.9=4187, 99.99=4187] 
2020-09-29 15:01:14:709 170 sec: 278818 operations; 1785.4 current ops/sec; est completion in 1 hour 38 minutes [READ: Count=17845, Max=552959, Min=0, Avg=8799.02, 90=15471, 99=53471, 99.9=527359, 99.99=547327] [READ-MODIFY-WRITE: Count=8995, Max=555519, Min=2, Avg=9491.6, 90=18367, 99=59647, 99.9=528895, 99.99=549375] [UPDATE: Count=8994, Max=50879, Min=0, Avg=646.23, 90=2535, 99=4911, 99.9=16303, 99.99=38335] [READ-FAILED: Count=11, Max=3835, Min=1854, Avg=2628.27, 90=3523, 99=3835, 99.9=3835, 99.99=3835] 
2020-09-29 15:01:24:708 180 sec: 298927 operations; 2010.9 current ops/sec; est completion in 1 hour 37 minutes [READ: Count=20091, Max=548351, Min=0, Avg=7618.72, 90=16175, 99=43807, 99.9=517887, 99.99=541183] [READ-MODIFY-WRITE: Count=10077, Max=626175, Min=3, Avg=8435.98, 90=19167, 99=48319, 99.9=521983, 99.99=548351] [UPDATE: Count=10079, Max=87231, Min=0, Avg=713.15, 90=2619, 99=6171, 99.9=24383, 99.99=82111] [READ-FAILED: Count=18, Max=3361, Min=1555, Avg=2604.33, 90=3257, 99=3361, 99.9=3361, 99.99=3361] 
2020-09-29 15:01:34:708 190 sec: 319011 operations; 2008.4 current ops/sec; est completion in 1 hour 36 minutes [READ: Count=20057, Max=555007, Min=0, Avg=7648.52, 90=15727, 99=39775, 99.9=521983, 99.99=545279] [READ-MODIFY-WRITE: Count=10033, Max=548351, Min=3, Avg=8150.84, 90=18495, 99=44319, 99.9=519935, 99.99=546303] [UPDATE: Count=10037, Max=44511, Min=0, Avg=637.28, 90=2531, 99=5167, 99.9=17359, 99.99=32735] [READ-FAILED: Count=27, Max=11751, Min=2015, Avg=3124.48, 90=4391, 99=11751, 99.9=11751, 99.99=11751] 
2020-09-29 15:01:44:708 200 sec: 337528 operations; 1851.7 current ops/sec; est completion in 1 hour 35 minutes [READ: Count=18499, Max=556543, Min=0, Avg=8268.85, 90=15919, 99=48767, 99.9=520191, 99.99=542719] [READ-MODIFY-WRITE: Count=9232, Max=558591, Min=2, Avg=9092.2, 90=18863, 99=56095, 99.9=524799, 99.99=547327] [UPDATE: Count=9229, Max=47647, Min=0, Avg=705.32, 90=2613, 99=6823, 99.9=22383, 99.99=42079] [READ-FAILED: Count=16, Max=50815, Min=1901, Avg=5821.5, 90=3819, 99=50815, 99.9=50815, 99.99=50815] 
2020-09-29 15:01:54:708 210 sec: 354910 operations; 1738.2 current ops/sec; est completion in 1 hour 35 minutes [READ: Count=17371, Max=716287, Min=0, Avg=8618, 90=15487, 99=52063, 99.9=524031, 99.99=551935] [READ-MODIFY-WRITE: Count=8557, Max=718847, Min=2, Avg=9700.85, 90=18303, 99=63167, 99.9=530943, 99.99=554495] [UPDATE: Count=8554, Max=50943, Min=0, Avg=656.75, 90=2545, 99=5275, 99.9=19647, 99.99=42783] [READ-FAILED: Count=13, Max=3853, Min=2256, Avg=2933, 90=3455, 99=3853, 99.9=3853, 99.99=3853] 
2020-09-29 15:02:04:708 220 sec: 372887 operations; 1797.7 current ops/sec; est completion in 1 hour 34 minutes [READ: Count=17955, Max=569343, Min=0, Avg=8720.38, 90=15727, 99=47999, 99.9=522239, 99.99=548351] [READ-MODIFY-WRITE: Count=9015, Max=570367, Min=2, Avg=9767.85, 90=18607, 99=53503, 99.9=532479, 99.99=540159] [UPDATE: Count=9019, Max=532991, Min=0, Avg=807.31, 90=2515, 99=5387, 99.9=17727, 99.99=481535] [READ-FAILED: Count=20, Max=6987, Min=1702, Avg=3052.65, 90=4659, 99=6987, 99.9=6987, 99.99=6987] 
2020-09-29 15:02:14:708 230 sec: 390818 operations; 1793.1 current ops/sec; est completion in 1 hour 34 minutes [READ: Count=17919, Max=553471, Min=0, Avg=8581.49, 90=16303, 99=52383, 99.9=528895, 99.99=548863] [READ-MODIFY-WRITE: Count=8957, Max=556031, Min=3, Avg=9463.63, 90=19023, 99=57407, 99.9=542207, 99.99=555007] [UPDATE: Count=8958, Max=62943, Min=0, Avg=695.48, 90=2571, 99=5947, 99.9=31279, 99.99=47967] [READ-FAILED: Count=16, Max=6327, Min=1622, Avg=2697.88, 90=3049, 99=6327, 99.9=6327, 99.99=6327] 
2020-09-29 15:02:24:708 240 sec: 409900 operations; 1908.2 current ops/sec; est completion in 1 hour 33 minutes [READ: Count=19066, Max=692735, Min=0, Avg=8042.85, 90=16087, 99=43935, 99.9=520447, 99.99=549887] [READ-MODIFY-WRITE: Count=9576, Max=694783, Min=2, Avg=8652.53, 90=18751, 99=46495, 99.9=524287, 99.99=552447] [UPDATE: Count=9571, Max=87807, Min=0, Avg=676.95, 90=2551, 99=6495, 99.9=20399, 99.99=54335] [READ-FAILED: Count=12, Max=9855, Min=1733, Avg=3171.58, 90=4319, 99=9855, 99.9=9855, 99.99=9855] 
2020-09-29 15:02:34:708 250 sec: 427863 operations; 1796.3 current ops/sec; est completion in 1 hour 33 minutes [READ: Count=17946, Max=565247, Min=0, Avg=8549.34, 90=16031, 99=50207, 99.9=526335, 99.99=561151] [READ-MODIFY-WRITE: Count=9002, Max=562175, Min=2, Avg=9159.79, 90=18735, 99=53791, 99.9=529407, 99.99=562175] [UPDATE: Count=9003, Max=43455, Min=0, Avg=652.25, 90=2541, 99=5387, 99.9=16719, 99.99=42431] [READ-FAILED: Count=17, Max=5327, Min=2106, Avg=2898.12, 90=3271, 99=5327, 99.9=5327, 99.99=5327] 
2020-09-29 15:02:44:708 260 sec: 445253 operations; 1739 current ops/sec; est completion in 1 hour 33 minutes [READ: Count=17379, Max=578559, Min=0, Avg=8852.8, 90=15879, 99=54527, 99.9=530431, 99.99=560639] [READ-MODIFY-WRITE: Count=8746, Max=581119, Min=2, Avg=9503.61, 90=18607, 99=61407, 99.9=524287, 99.99=560127] [UPDATE: Count=8746, Max=63103, Min=0, Avg=672.97, 90=2537, 99=5015, 99.9=22543, 99.99=47103] [READ-FAILED: Count=12, Max=3469, Min=1795, Avg=2477, 90=2911, 99=3469, 99.9=3469, 99.99=3469] 
2020-09-29 15:02:54:708 270 sec: 464765 operations; 1951.2 current ops/sec; est completion in 1 hour 32 minutes [READ: Count=19497, Max=560127, Min=0, Avg=7861.44, 90=15831, 99=43839, 99.9=525823, 99.99=553471] [READ-MODIFY-WRITE: Count=9688, Max=559103, Min=2, Avg=8631.38, 90=18847, 99=47743, 99.9=527871, 99.99=556543] [UPDATE: Count=9694, Max=46815, Min=0, Avg=653.18, 90=2579, 99=5231, 99.9=16767, 99.99=38367] [READ-FAILED: Count=15, Max=3733, Min=2014, Avg=2634.13, 90=3195, 99=3733, 99.9=3733, 99.99=3733] 
2020-09-29 15:03:04:708 280 sec: 484106 operations; 1934.1 current ops/sec; est completion in 1 hour 31 minutes [READ: Count=19323, Max=566783, Min=0, Avg=8015.11, 90=15335, 99=43615, 99.9=534015, 99.99=556031] [READ-MODIFY-WRITE: Count=9632, Max=562175, Min=2, Avg=8641.51, 90=18191, 99=47199, 99.9=539135, 99.99=559103] [UPDATE: Count=9627, Max=50335, Min=0, Avg=649.92, 90=2575, 99=4651, 99.9=16623, 99.99=44927] [READ-FAILED: Count=19, Max=18783, Min=1927, Avg=3657.05, 90=3549, 99=18783, 99.9=18783, 99.99=18783] 
2020-09-29 15:03:14:708 290 sec: 501949 operations; 1784.3 current ops/sec; est completion in 1 hour 31 minutes [READ: Count=17830, Max=570367, Min=0, Avg=8557.76, 90=15975, 99=63487, 99.9=524031, 99.99=548863] [READ-MODIFY-WRITE: Count=8855, Max=538623, Min=2, Avg=9269.96, 90=18671, 99=69951, 99.9=527359, 99.99=537087] [UPDATE: Count=8855, Max=63391, Min=0, Avg=659.48, 90=2479, 99=5403, 99.9=22079, 99.99=45055] [READ-FAILED: Count=11, Max=3069, Min=1874, Avg=2379.27, 90=2867, 99=3069, 99.9=3069, 99.99=3069] 
2020-09-29 15:03:24:708 300 sec: 522120 operations; 2017.1 current ops/sec; est completion in 1 hour 30 minutes [READ: Count=20158, Max=567807, Min=0, Avg=7606.72, 90=15791, 99=41119, 99.9=523007, 99.99=556031] [READ-MODIFY-WRITE: Count=10020, Max=566271, Min=2, Avg=8352.93, 90=18543, 99=43775, 99.9=528383, 99.99=560639] [UPDATE: Count=10020, Max=60255, Min=0, Avg=670.98, 90=2553, 99=5611, 99.9=23343, 99.99=50527] [READ-FAILED: Count=14, Max=3477, Min=2118, Avg=2604, 90=3403, 99=3477, 99.9=3477, 99.99=3477] 
Maximum time elapsed. Requesting stop for the workload.
Stop requested for workload. Now Joining!
[36m15:03:25.244[m [[34;1mINFO[m] [1;34mp.u.t.s.y.Stats.clientFinished@38[m: 
Ended SconeKV benchmark.
Number of clients: 16
Total transactions: 115335
Committed: 97683 (84.695015%)
Aborted: 17652 (15.304981%)
2020-09-29 15:03:25:247 300 sec: 522167 operations; 87.36 current ops/sec; est completion in 1 hour 30 minutes [READ: Count=46, Max=536575, Min=1452, Avg=66643.87, 90=41503, 99=536575, 99.9=536575, 99.99=536575] [READ-MODIFY-WRITE: Count=25, Max=539647, Min=2184, Avg=77279.84, 90=515839, 99=539647, 99.9=539647, 99.99=539647] [CLEANUP: Count=16, Max=1422, Min=4, Avg=96.56, 90=13, 99=1422, 99.9=1422, 99.99=1422] [UPDATE: Count=23, Max=5471, Min=1, Avg=1542.09, 90=3115, 99=5471, 99.9=5471, 99.99=5471] [READ-FAILED: Count=0, Max=0, Min=9223372036854775807, Avg=NaN, 90=0, 99=0, 99.9=0, 99.99=0] 
[OVERALL], RunTime(ms), 300538
[OVERALL], Throughput(ops/sec), 1737.4408560647905
[TOTAL_GCS_G1_Young_Generation], Count, 102
[TOTAL_GC_TIME_G1_Young_Generation], Time(ms), 1086
[TOTAL_GC_TIME_%_G1_Young_Generation], Time(%), 0.3613519754573465
[TOTAL_GCS_G1_Old_Generation], Count, 0
[TOTAL_GC_TIME_G1_Old_Generation], Time(ms), 0
[TOTAL_GC_TIME_%_G1_Old_Generation], Time(%), 0.0
[TOTAL_GCs], Count, 102
[TOTAL_GC_TIME], Time(ms), 1086
[TOTAL_GC_TIME_%], Time(%), 0.3613519754573465
[READ], Operations, 521675
[READ], AverageLatency(us), 8787.140794555997
[READ], MinLatency(us), 0
[READ], MaxLatency(us), 1101823
[READ], 95thPercentileLatency(us), 21311
[READ], 99thPercentileLatency(us), 56543
[READ], Return=OK, 521675
[READ], Return=NOT_FOUND, 492
[READ-MODIFY-WRITE], Operations, 261011
[READ-MODIFY-WRITE], AverageLatency(us), 9523.184306408542
[READ-MODIFY-WRITE], MinLatency(us), 2
[READ-MODIFY-WRITE], MaxLatency(us), 1028095
[READ-MODIFY-WRITE], 95thPercentileLatency(us), 24575
[READ-MODIFY-WRITE], 99thPercentileLatency(us), 62655
[CLEANUP], Operations, 16
[CLEANUP], AverageLatency(us), 96.5625
[CLEANUP], MinLatency(us), 4
[CLEANUP], MaxLatency(us), 1422
[CLEANUP], 95thPercentileLatency(us), 45
[CLEANUP], 99thPercentileLatency(us), 1422
[UPDATE], Operations, 261011
[UPDATE], AverageLatency(us), 723.0044174383455
[UPDATE], MinLatency(us), 0
[UPDATE], MaxLatency(us), 532991
[UPDATE], 95thPercentileLatency(us), 3099
[UPDATE], 99thPercentileLatency(us), 6459
[UPDATE], Return=OK, 261011
[READ-FAILED], Operations, 492
[READ-FAILED], AverageLatency(us), 3195.2601626016262
[READ-FAILED], MinLatency(us), 1555
[READ-FAILED], MaxLatency(us), 50815
[READ-FAILED], 95thPercentileLatency(us), 4967
[READ-FAILED], 99thPercentileLatency(us), 14439
