Command line: -t -db pt.ulisboa.tecnico.sconekv.ycsb.SconeKVClient -P workloadf -threads 32 -s -p scone.tx_size=5 -p operationcount=10000000 -p maxexecutiontime=300
YCSB Client 0.17.0

Loading workload...
Starting test.
WARNING: sun.reflect.Reflection.getCallerClass is not supported. This will impact performance.
Maximum execution time specified as: 300 secs
2020-09-29 15:13:30:848 0 sec: 0 operations; est completion in 0 second 
DBWrapper: report latency for each error is false and specific error codes to track for latency are: []
DBWrapper: report latency for each error is false and specific error codes to track for latency are: []
DBWrapper: report latency for each error is false and specific error codes to track for latency are: []
DBWrapper: report latency for each error is false and specific error codes to track for latency are: []
DBWrapper: report latency for each error is false and specific error codes to track for latency are: []
DBWrapper: report latency for each error is false and specific error codes to track for latency are: []
DBWrapper: report latency for each error is false and specific error codes to track for latency are: []
DBWrapper: report latency for each error is false and specific error codes to track for latency are: []
DBWrapper: report latency for each error is false and specific error codes to track for latency are: []
DBWrapper: report latency for each error is false and specific error codes to track for latency are: []
DBWrapper: report latency for each error is false and specific error codes to track for latency are: []
DBWrapper: report latency for each error is false and specific error codes to track for latency are: []
DBWrapper: report latency for each error is false and specific error codes to track for latency are: []
DBWrapper: report latency for each error is false and specific error codes to track for latency are: []
DBWrapper: report latency for each error is false and specific error codes to track for latency are: []
DBWrapper: report latency for each error is false and specific error codes to track for latency are: []
DBWrapper: report latency for each error is false and specific error codes to track for latency are: []
DBWrapper: report latency for each error is false and specific error codes to track for latency are: []
DBWrapper: report latency for each error is false and specific error codes to track for latency are: []
DBWrapper: report latency for each error is false and specific error codes to track for latency are: []
DBWrapper: report latency for each error is false and specific error codes to track for latency are: []
DBWrapper: report latency for each error is false and specific error codes to track for latency are: []
DBWrapper: report latency for each error is false and specific error codes to track for latency are: []
DBWrapper: report latency for each error is false and specific error codes to track for latency are: []
DBWrapper: report latency for each error is false and specific error codes to track for latency are: []
DBWrapper: report latency for each error is false and specific error codes to track for latency are: []
DBWrapper: report latency for each error is false and specific error codes to track for latency are: []
DBWrapper: report latency for each error is false and specific error codes to track for latency are: []
DBWrapper: report latency for each error is false and specific error codes to track for latency are: []
DBWrapper: report latency for each error is false and specific error codes to track for latency are: []
DBWrapper: report latency for each error is false and specific error codes to track for latency are: []
DBWrapper: report latency for each error is false and specific error codes to track for latency are: []
2020-09-29 15:13:40:850 10 sec: 14701 operations; 1469.95 current ops/sec; est completion in 1 hour 53 minutes [READ: Count=14694, Max=781311, Min=0, Avg=15963.91, 90=26623, 99=303103, 99.9=560127, 99.99=681471] [READ-MODIFY-WRITE: Count=7537, Max=685055, Min=4, Avg=17345.47, 90=31455, 99=312831, 99.9=553471, 99.99=648703] [UPDATE: Count=7591, Max=91967, Min=1, Avg=1250.6, 90=3783, 99=14791, 99.9=50687, 99.99=91007] [READ-FAILED: Count=12, Max=42783, Min=2300, Avg=11041.08, 90=37631, 99=42783, 99.9=42783, 99.99=42783] 
2020-09-29 15:13:50:847 20 sec: 37349 operations; 2264.8 current ops/sec; est completion in 1 hour 28 minutes [READ: Count=22632, Max=15048703, Min=0, Avg=13882.9, 90=21199, 99=276223, 99.9=560639, 99.99=603135] [READ-MODIFY-WRITE: Count=11196, Max=15048703, Min=2, Avg=15244.42, 90=24479, 99=281343, 99.9=572415, 99.99=596991] [UPDATE: Count=11149, Max=86399, Min=0, Avg=811.63, 90=2891, 99=8215, 99.9=28447, 99.99=68031] [READ-FAILED: Count=12, Max=4679, Min=2282, Avg=3275.83, 90=4375, 99=4679, 99.9=4679, 99.99=4679] 
2020-09-29 15:14:00:847 30 sec: 59795 operations; 2244.82 current ops/sec; est completion in 1 hour 23 minutes [READ: Count=22427, Max=720383, Min=1, Avg=13638.11, 90=22191, 99=260863, 99.9=559103, 99.99=634879] [READ-MODIFY-WRITE: Count=11173, Max=631295, Min=2, Avg=14143.07, 90=25823, 99=263423, 99.9=557055, 99.99=629759] [UPDATE: Count=11166, Max=487679, Min=0, Avg=1124.59, 90=2945, 99=9151, 99.9=67135, 99.99=463615] [READ-FAILED: Count=18, Max=28671, Min=1596, Avg=4749.61, 90=5371, 99=28671, 99.9=28671, 99.99=28671] 
2020-09-29 15:14:10:847 40 sec: 84505 operations; 2471 current ops/sec; est completion in 1 hour 18 minutes [READ: Count=24698, Max=641023, Min=0, Avg=12833.32, 90=22863, 99=183423, 99.9=543743, 99.99=620031] [READ-MODIFY-WRITE: Count=12350, Max=643071, Min=3, Avg=13066.14, 90=26111, 99=147839, 99.9=553983, 99.99=625663] [UPDATE: Count=12372, Max=499199, Min=1, Avg=859.45, 90=2891, 99=8287, 99.9=32671, 99.99=79167] [READ-FAILED: Count=13, Max=4955, Min=2072, Avg=3065.23, 90=3827, 99=4955, 99.9=4955, 99.99=4955] 
2020-09-29 15:14:20:847 50 sec: 110125 operations; 2561.74 current ops/sec; est completion in 1 hour 14 minutes [READ: Count=25599, Max=1040895, Min=0, Avg=11840.84, 90=21791, 99=135935, 99.9=542207, 99.99=587263] [READ-MODIFY-WRITE: Count=12866, Max=1028607, Min=1, Avg=12853.8, 90=25247, 99=136703, 99.9=544767, 99.99=589823] [UPDATE: Count=12846, Max=503039, Min=0, Avg=856.74, 90=2917, 99=7603, 99.9=31359, 99.99=84863] [READ-FAILED: Count=21, Max=6023, Min=44, Avg=2963.95, 90=4427, 99=6023, 99.9=6023, 99.99=6023] 
2020-09-29 15:14:30:848 60 sec: 134194 operations; 2406.9 current ops/sec; est completion in 1 hour 13 minutes [READ: Count=24064, Max=777215, Min=0, Avg=13020.52, 90=22575, 99=207743, 99.9=552447, 99.99=691199] [READ-MODIFY-WRITE: Count=12034, Max=786431, Min=2, Avg=14191.56, 90=26383, 99=233727, 99.9=557055, 99.99=760319] [UPDATE: Count=12038, Max=474623, Min=0, Avg=934.01, 90=3003, 99=9319, 99.9=60127, 99.99=95743] [READ-FAILED: Count=10, Max=5227, Min=2128, Avg=3169.2, 90=4411, 99=5227, 99.9=5227, 99.99=5227] 
2020-09-29 15:14:40:847 70 sec: 160900 operations; 2670.87 current ops/sec; est completion in 1 hour 11 minutes [READ: Count=26697, Max=817663, Min=0, Avg=11434.3, 90=21983, 99=102143, 99.9=527359, 99.99=571903] [READ-MODIFY-WRITE: Count=13274, Max=826367, Min=2, Avg=12409.72, 90=25567, 99=112703, 99.9=537599, 99.99=724479] [UPDATE: Count=13277, Max=487679, Min=0, Avg=1026.31, 90=2935, 99=8639, 99.9=55455, 99.99=473599] [READ-FAILED: Count=9, Max=5459, Min=2044, Avg=3349.11, 90=4183, 99=5459, 99.9=5459, 99.99=5459] 
2020-09-29 15:14:50:849 80 sec: 185983 operations; 2507.55 current ops/sec; est completion in 1 hour 10 minutes [READ: Count=25067, Max=592383, Min=0, Avg=12283.04, 90=22431, 99=152575, 99.9=544255, 99.99=574975] [READ-MODIFY-WRITE: Count=12466, Max=591871, Min=2, Avg=13604.17, 90=26015, 99=195583, 99.9=548351, 99.99=590335] [UPDATE: Count=12459, Max=76927, Min=0, Avg=845.24, 90=2937, 99=9063, 99.9=28655, 99.99=73599] [READ-FAILED: Count=12, Max=6055, Min=2037, Avg=2950.33, 90=4155, 99=6055, 99.9=6055, 99.99=6055] 
2020-09-29 15:15:00:847 90 sec: 210405 operations; 2442.69 current ops/sec; est completion in 1 hour 9 minutes [READ: Count=24403, Max=900095, Min=0, Avg=12269.64, 90=24271, 99=118271, 99.9=534527, 99.99=598527] [READ-MODIFY-WRITE: Count=12241, Max=903167, Min=2, Avg=13081.88, 90=27855, 99=120575, 99.9=534527, 99.99=601087] [UPDATE: Count=12239, Max=93375, Min=0, Avg=911.04, 90=2997, 99=10031, 99.9=48959, 99.99=93119] [READ-FAILED: Count=17, Max=30511, Min=1769, Avg=5029.18, 90=6243, 99=30511, 99.9=30511, 99.99=30511] 
2020-09-29 15:15:10:847 100 sec: 235390 operations; 2498.75 current ops/sec; est completion in 1 hour 9 minutes [READ: Count=24974, Max=1001983, Min=0, Avg=12885.47, 90=22095, 99=216703, 99.9=574463, 99.99=994303] [READ-MODIFY-WRITE: Count=12612, Max=996351, Min=1, Avg=13880.86, 90=25791, 99=253055, 99.9=573951, 99.99=642047] [UPDATE: Count=12616, Max=71103, Min=0, Avg=825.24, 90=2961, 99=8367, 99.9=23711, 99.99=67519] [READ-FAILED: Count=17, Max=7063, Min=2376, Avg=3354.06, 90=4163, 99=7063, 99.9=7063, 99.99=7063] 
2020-09-29 15:15:20:847 110 sec: 258413 operations; 2302.3 current ops/sec; est completion in 1 hour 9 minutes [READ: Count=22999, Max=1070079, Min=0, Avg=13206.7, 90=21807, 99=224767, 99.9=556031, 99.99=1001983] [READ-MODIFY-WRITE: Count=11384, Max=1073151, Min=3, Avg=14492.07, 90=25375, 99=300543, 99.9=553983, 99.99=1019903] [UPDATE: Count=11383, Max=107007, Min=0, Avg=872.61, 90=2759, 99=9631, 99.9=56351, 99.99=83199] [READ-FAILED: Count=18, Max=9591, Min=1655, Avg=3124.28, 90=3611, 99=9591, 99.9=9591, 99.99=9591] 
2020-09-29 15:15:30:847 120 sec: 283911 operations; 2549.55 current ops/sec; est completion in 1 hour 8 minutes [READ: Count=25489, Max=647679, Min=1, Avg=12221.11, 90=21519, 99=127615, 99.9=560127, 99.99=589311] [READ-MODIFY-WRITE: Count=12867, Max=650239, Min=3, Avg=13124.96, 90=25087, 99=153215, 99.9=547839, 99.99=599039] [UPDATE: Count=12867, Max=98431, Min=0, Avg=871.26, 90=3039, 99=8687, 99.9=35103, 99.99=89727] [READ-FAILED: Count=12, Max=4215, Min=1829, Avg=3117.42, 90=3729, 99=4215, 99.9=4215, 99.99=4215] 
2020-09-29 15:15:40:847 130 sec: 307584 operations; 2367.54 current ops/sec; est completion in 1 hour 8 minutes [READ: Count=23667, Max=646143, Min=0, Avg=13193.64, 90=22447, 99=246143, 99.9=558591, 99.99=610303] [READ-MODIFY-WRITE: Count=11801, Max=612351, Min=2, Avg=14225.95, 90=26511, 99=254463, 99.9=548351, 99.99=581119] [UPDATE: Count=11834, Max=85439, Min=0, Avg=819.81, 90=2909, 99=7675, 99.9=24815, 99.99=75455] [READ-FAILED: Count=9, Max=4347, Min=1922, Avg=2824.44, 90=3523, 99=4347, 99.9=4347, 99.99=4347] 
2020-09-29 15:15:50:847 140 sec: 334394 operations; 2680.73 current ops/sec; est completion in 1 hour 7 minutes [READ: Count=26796, Max=629759, Min=0, Avg=11433.05, 90=22623, 99=92927, 99.9=537599, 99.99=574463] [READ-MODIFY-WRITE: Count=13315, Max=641023, Min=2, Avg=12874.8, 90=26719, 99=104511, 99.9=550399, 99.99=583167] [UPDATE: Count=13282, Max=491007, Min=0, Avg=897.9, 90=2999, 99=8791, 99.9=28927, 99.99=79679] [READ-FAILED: Count=8, Max=20047, Min=1834, Avg=5689.12, 90=8399, 99=20047, 99.9=20047, 99.99=20047] 
2020-09-29 15:16:00:847 150 sec: 361800 operations; 2740.6 current ops/sec; est completion in 1 hour 6 minutes [READ: Count=27390, Max=691711, Min=0, Avg=10998.25, 90=21183, 99=86975, 99.9=555007, 99.99=617471] [READ-MODIFY-WRITE: Count=13751, Max=652799, Min=2, Avg=12130.96, 90=24927, 99=97919, 99.9=559615, 99.99=619519] [UPDATE: Count=13751, Max=83711, Min=0, Avg=846.08, 90=3033, 99=8351, 99.9=25711, 99.99=72575] [READ-FAILED: Count=18, Max=44383, Min=2004, Avg=5670.5, 90=4615, 99=44383, 99.9=44383, 99.99=44383] 
2020-09-29 15:16:10:849 160 sec: 384300 operations; 2249.55 current ops/sec; est completion in 1 hour 6 minutes [READ: Count=22487, Max=771071, Min=0, Avg=13815.49, 90=24175, 99=264959, 99.9=560127, 99.99=735743] [READ-MODIFY-WRITE: Count=11267, Max=740351, Min=2, Avg=14469.93, 90=27695, 99=241535, 99.9=562687, 99.99=737791] [UPDATE: Count=11264, Max=95615, Min=0, Avg=891.56, 90=2911, 99=10567, 99.9=33791, 99.99=70783] [READ-FAILED: Count=11, Max=3661, Min=1810, Avg=2592.91, 90=3551, 99=3661, 99.9=3661, 99.99=3661] 
2020-09-29 15:16:20:847 170 sec: 408189 operations; 2389.38 current ops/sec; est completion in 1 hour 6 minutes [READ: Count=23878, Max=1077247, Min=1, Avg=13154.53, 90=21951, 99=221567, 99.9=564223, 99.99=948735] [READ-MODIFY-WRITE: Count=11994, Max=1079295, Min=3, Avg=13967.18, 90=25503, 99=223231, 99.9=570879, 99.99=961535] [UPDATE: Count=11999, Max=102911, Min=0, Avg=813.57, 90=2923, 99=7747, 99.9=29327, 99.99=95487] [READ-FAILED: Count=15, Max=5263, Min=2036, Avg=3188.93, 90=5207, 99=5263, 99.9=5263, 99.99=5263] 
2020-09-29 15:16:30:847 180 sec: 432992 operations; 2480.3 current ops/sec; est completion in 1 hour 6 minutes [READ: Count=24781, Max=692223, Min=0, Avg=12359.59, 90=20783, 99=194303, 99.9=538623, 99.99=582655] [READ-MODIFY-WRITE: Count=12483, Max=694783, Min=3, Avg=13855.01, 90=24367, 99=247807, 99.9=547839, 99.99=587263] [UPDATE: Count=12478, Max=99071, Min=0, Avg=833.24, 90=2953, 99=7647, 99.9=31471, 99.99=86655] [READ-FAILED: Count=18, Max=14743, Min=2048, Avg=3616.17, 90=4107, 99=14743, 99.9=14743, 99.99=14743] 
2020-09-29 15:16:40:847 190 sec: 460966 operations; 2797.4 current ops/sec; est completion in 1 hour 5 minutes [READ: Count=27965, Max=700415, Min=0, Avg=11026.5, 90=22703, 99=92991, 99.9=530431, 99.99=600063] [READ-MODIFY-WRITE: Count=13779, Max=702463, Min=1, Avg=11983.04, 90=26703, 99=100863, 99.9=536575, 99.99=629759] [UPDATE: Count=13781, Max=93503, Min=0, Avg=887.5, 90=3111, 99=9287, 99.9=31407, 99.99=79423] [READ-FAILED: Count=9, Max=36991, Min=2088, Avg=7451.89, 90=9687, 99=36991, 99.9=36991, 99.99=36991] 
2020-09-29 15:16:50:847 200 sec: 485237 operations; 2427.34 current ops/sec; est completion in 1 hour 5 minutes [READ: Count=24265, Max=1007103, Min=0, Avg=12954.56, 90=21759, 99=193791, 99.9=665087, 99.99=953855] [READ-MODIFY-WRITE: Count=12163, Max=916479, Min=2, Avg=13930.36, 90=25439, 99=229247, 99.9=575487, 99.99=897535] [UPDATE: Count=12166, Max=497151, Min=0, Avg=941.68, 90=2989, 99=8495, 99.9=50015, 99.99=476927] [READ-FAILED: Count=11, Max=4323, Min=1783, Avg=2673.45, 90=3175, 99=4323, 99.9=4323, 99.99=4323] 
2020-09-29 15:17:00:847 210 sec: 510190 operations; 2495.3 current ops/sec; est completion in 1 hour 5 minutes [READ: Count=24933, Max=697855, Min=0, Avg=12384.13, 90=21791, 99=163455, 99.9=536575, 99.99=596479] [READ-MODIFY-WRITE: Count=12430, Max=605183, Min=3, Avg=13297.76, 90=25311, 99=159103, 99.9=549887, 99.99=599551] [UPDATE: Count=12443, Max=84671, Min=0, Avg=833.86, 90=2897, 99=8847, 99.9=30815, 99.99=78207] [READ-FAILED: Count=19, Max=6307, Min=1910, Avg=3181.16, 90=4759, 99=6307, 99.9=6307, 99.99=6307] 
2020-09-29 15:17:10:848 220 sec: 535680 operations; 2548.49 current ops/sec; est completion in 1 hour 4 minutes [READ: Count=25476, Max=971263, Min=0, Avg=12133.67, 90=21487, 99=138239, 99.9=558079, 99.99=595967] [READ-MODIFY-WRITE: Count=12781, Max=974335, Min=2, Avg=13071.65, 90=24975, 99=149631, 99.9=560127, 99.99=611839] [UPDATE: Count=12767, Max=91455, Min=0, Avg=802.77, 90=2895, 99=8083, 99.9=26607, 99.99=82943] [READ-FAILED: Count=11, Max=6351, Min=1763, Avg=3575.91, 90=5203, 99=6351, 99.9=6351, 99.99=6351] 
2020-09-29 15:17:20:847 230 sec: 559662 operations; 2398.44 current ops/sec; est completion in 1 hour 4 minutes [READ: Count=23970, Max=834047, Min=0, Avg=12815.43, 90=22255, 99=190463, 99.9=532991, 99.99=756735] [READ-MODIFY-WRITE: Count=11928, Max=784383, Min=2, Avg=14156.49, 90=26319, 99=214271, 99.9=535551, 99.99=593919] [UPDATE: Count=11927, Max=210815, Min=0, Avg=908.1, 90=2891, 99=9327, 99.9=42847, 99.99=111231] [READ-FAILED: Count=13, Max=6271, Min=2468, Avg=3587.46, 90=4735, 99=6271, 99.9=6271, 99.99=6271] 
2020-09-29 15:17:30:847 240 sec: 583968 operations; 2430.6 current ops/sec; est completion in 1 hour 4 minutes [READ: Count=24290, Max=1297407, Min=0, Avg=12697.87, 90=22031, 99=178943, 99.9=566271, 99.99=1068031] [READ-MODIFY-WRITE: Count=12023, Max=1300479, Min=2, Avg=13399.17, 90=25423, 99=165503, 99.9=577535, 99.99=1161215] [UPDATE: Count=12025, Max=248447, Min=0, Avg=1013.3, 90=2917, 99=11103, 99.9=73471, 99.99=242303] [READ-FAILED: Count=14, Max=8927, Min=1862, Avg=3302.21, 90=6103, 99=8927, 99.9=8927, 99.99=8927] 
2020-09-29 15:17:40:847 250 sec: 609901 operations; 2593.56 current ops/sec; est completion in 1 hour 4 minutes [READ: Count=25915, Max=689151, Min=0, Avg=11981.12, 90=21567, 99=127999, 99.9=536575, 99.99=590335] [READ-MODIFY-WRITE: Count=13091, Max=628223, Min=2, Avg=13309.37, 90=25199, 99=164863, 99.9=544767, 99.99=599039] [UPDATE: Count=13086, Max=148607, Min=0, Avg=853.67, 90=2847, 99=8023, 99.9=42175, 99.99=145151] [READ-FAILED: Count=20, Max=11087, Min=1953, Avg=3713.4, 90=5331, 99=11087, 99.9=11087, 99.99=11087] 
2020-09-29 15:17:50:847 260 sec: 632097 operations; 2219.38 current ops/sec; est completion in 1 hour 4 minutes [READ: Count=22183, Max=851967, Min=0, Avg=13744.05, 90=21183, 99=353535, 99.9=558591, 99.99=716287] [READ-MODIFY-WRITE: Count=11140, Max=856063, Min=2, Avg=14772.77, 90=24799, 99=377343, 99.9=556543, 99.99=699391] [UPDATE: Count=11144, Max=57887, Min=0, Avg=777.07, 90=2819, 99=7475, 99.9=23007, 99.99=51583] [READ-FAILED: Count=12, Max=6359, Min=1825, Avg=3570.5, 90=5751, 99=6359, 99.9=6359, 99.99=6359] 
2020-09-29 15:18:00:847 270 sec: 655109 operations; 2301.43 current ops/sec; est completion in 1 hour 4 minutes [READ: Count=23003, Max=836607, Min=0, Avg=13658.66, 90=21823, 99=332031, 99.9=556543, 99.99=827903] [READ-MODIFY-WRITE: Count=11514, Max=835583, Min=2, Avg=14926.86, 90=25343, 99=400639, 99.9=558079, 99.99=831487] [UPDATE: Count=11517, Max=504063, Min=0, Avg=1020.09, 90=2935, 99=8719, 99.9=33023, 99.99=493055] [READ-FAILED: Count=11, Max=3241, Min=2094, Avg=2669.91, 90=3215, 99=3241, 99.9=3241, 99.99=3241] 
2020-09-29 15:18:10:847 280 sec: 682164 operations; 2705.5 current ops/sec; est completion in 1 hour 3 minutes [READ: Count=27036, Max=629247, Min=0, Avg=11388.28, 90=21519, 99=119551, 99.9=536063, 99.99=580095] [READ-MODIFY-WRITE: Count=13449, Max=633855, Min=2, Avg=12045.86, 90=24975, 99=116095, 99.9=544255, 99.99=584703] [UPDATE: Count=13447, Max=94143, Min=0, Avg=826.8, 90=2929, 99=9031, 99.9=29455, 99.99=90431] [READ-FAILED: Count=17, Max=12175, Min=1956, Avg=3774.06, 90=4255, 99=12175, 99.9=12175, 99.99=12175] 
2020-09-29 15:18:20:847 290 sec: 706932 operations; 2476.55 current ops/sec; est completion in 1 hour 3 minutes [READ: Count=24753, Max=673791, Min=0, Avg=12406.04, 90=22623, 99=157055, 99.9=562687, 99.99=605183] [READ-MODIFY-WRITE: Count=12381, Max=676863, Min=2, Avg=13538.15, 90=26063, 99=201599, 99.9=568319, 99.99=611839] [UPDATE: Count=12377, Max=56287, Min=0, Avg=784.86, 90=2865, 99=7875, 99.9=23007, 99.99=54975] [READ-FAILED: Count=14, Max=3683, Min=1950, Avg=2768.07, 90=3359, 99=3683, 99.9=3683, 99.99=3683] 
2020-09-29 15:18:30:847 300 sec: 732344 operations; 2541.2 current ops/sec; est completion in 1 hour 3 minutes [READ: Count=25406, Max=827391, Min=1, Avg=12251.54, 90=21263, 99=154495, 99.9=530431, 99.99=599039] [READ-MODIFY-WRITE: Count=12628, Max=829951, Min=3, Avg=13198.68, 90=24671, 99=167423, 99.9=546303, 99.99=609279] [UPDATE: Count=12632, Max=520959, Min=0, Avg=950.82, 90=3113, 99=9631, 99.9=32287, 99.99=507391] [READ-FAILED: Count=12, Max=20703, Min=2202, Avg=4658.17, 90=5107, 99=20703, 99.9=20703, 99.99=20703] 
Maximum time elapsed. Requesting stop for the workload.
Stop requested for workload. Now Joining!
[36m15:18:31.442[m [[34;1mINFO[m] [1;34mp.u.t.s.y.Stats.clientFinished@38[m: 
Ended SconeKV benchmark.
Number of clients: 32
Total transactions: 161811
Committed: 127708 (78.92418%)
Aborted: 34103 (21.075823%)
2020-09-29 15:18:31:444 300 sec: 732471 operations; 212.73 current ops/sec; est completion in 1 hour 3 minutes [READ: Count=121, Max=589311, Min=2, Avg=36346.77, 90=61855, 99=553471, 99.9=589311, 99.99=589311] [READ-MODIFY-WRITE: Count=54, Max=592383, Min=1795, Avg=44825.85, 90=74047, 99=551935, 99.9=592383, 99.99=592383] [CLEANUP: Count=32, Max=1696, Min=2, Avg=56.41, 90=5, 99=1696, 99.9=1696, 99.99=1696] [UPDATE: Count=49, Max=40031, Min=1, Avg=3107.49, 90=3211, 99=40031, 99.9=40031, 99.99=40031] [READ-FAILED: Count=0, Max=0, Min=9223372036854775807, Avg=NaN, 90=0, 99=0, 99.9=0, 99.99=0] 
[OVERALL], RunTime(ms), 300598
[OVERALL], Throughput(ops/sec), 2436.7128191138995
[TOTAL_GCS_G1_Young_Generation], Count, 118
[TOTAL_GC_TIME_G1_Young_Generation], Time(ms), 986
[TOTAL_GC_TIME_%_G1_Young_Generation], Time(%), 0.32801282776332513
[TOTAL_GCS_G1_Old_Generation], Count, 0
[TOTAL_GC_TIME_G1_Old_Generation], Time(ms), 0
[TOTAL_GC_TIME_%_G1_Old_Generation], Time(%), 0.0
[TOTAL_GCs], Count, 118
[TOTAL_GC_TIME], Time(ms), 986
[TOTAL_GC_TIME_%], Time(%), 0.32801282776332513
[READ], Operations, 732058
[READ], AverageLatency(us), 12574.108987266036
[READ], MinLatency(us), 0
[READ], MaxLatency(us), 15048703
[READ], 95thPercentileLatency(us), 31103
[READ], 99thPercentileLatency(us), 167039
[READ], Return=OK, 732058
[READ], Return=NOT_FOUND, 413
[READ-MODIFY-WRITE], Operations, 365972
[READ-MODIFY-WRITE], AverageLatency(us), 13597.232979572207
[READ-MODIFY-WRITE], MinLatency(us), 1
[READ-MODIFY-WRITE], MaxLatency(us), 15048703
[READ-MODIFY-WRITE], 95thPercentileLatency(us), 35679
[READ-MODIFY-WRITE], 99thPercentileLatency(us), 185727
[CLEANUP], Operations, 32
[CLEANUP], AverageLatency(us), 56.40625
[CLEANUP], MinLatency(us), 2
[CLEANUP], MaxLatency(us), 1696
[CLEANUP], 95thPercentileLatency(us), 5
[CLEANUP], 99thPercentileLatency(us), 1696
[UPDATE], Operations, 365972
[UPDATE], AverageLatency(us), 891.351436721935
[UPDATE], MinLatency(us), 0
[UPDATE], MaxLatency(us), 520959
[UPDATE], 95thPercentileLatency(us), 3873
[UPDATE], 99thPercentileLatency(us), 8983
[UPDATE], Return=OK, 365972
[READ-FAILED], Operations, 413
[READ-FAILED], AverageLatency(us), 3878.0823244552057
[READ-FAILED], MinLatency(us), 44
[READ-FAILED], MaxLatency(us), 44383
[READ-FAILED], 95thPercentileLatency(us), 7087
[READ-FAILED], 99thPercentileLatency(us), 30511
