Command line: -t -db pt.ulisboa.tecnico.sconekv.ycsb.SconeKVClient -P workloada -threads 64 -s -p scone.tx_size=5 -p operationcount=10000000 -p maxexecutiontime=300
YCSB Client 0.17.0

Loading workload...
Starting test.
WARNING: sun.reflect.Reflection.getCallerClass is not supported. This will impact performance.
2020-09-29 09:42:41:050 0 sec: 0 operations; est completion in 0 second 
Maximum execution time specified as: 300 secs
DBWrapper: report latency for each error is false and specific error codes to track for latency are: []
DBWrapper: report latency for each error is false and specific error codes to track for latency are: []
DBWrapper: report latency for each error is false and specific error codes to track for latency are: []
DBWrapper: report latency for each error is false and specific error codes to track for latency are: []
DBWrapper: report latency for each error is false and specific error codes to track for latency are: []
DBWrapper: report latency for each error is false and specific error codes to track for latency are: []
DBWrapper: report latency for each error is false and specific error codes to track for latency are: []
DBWrapper: report latency for each error is false and specific error codes to track for latency are: []
DBWrapper: report latency for each error is false and specific error codes to track for latency are: []
DBWrapper: report latency for each error is false and specific error codes to track for latency are: []
DBWrapper: report latency for each error is false and specific error codes to track for latency are: []
DBWrapper: report latency for each error is false and specific error codes to track for latency are: []
DBWrapper: report latency for each error is false and specific error codes to track for latency are: []
DBWrapper: report latency for each error is false and specific error codes to track for latency are: []
DBWrapper: report latency for each error is false and specific error codes to track for latency are: []
DBWrapper: report latency for each error is false and specific error codes to track for latency are: []
DBWrapper: report latency for each error is false and specific error codes to track for latency are: []
DBWrapper: report latency for each error is false and specific error codes to track for latency are: []
DBWrapper: report latency for each error is false and specific error codes to track for latency are: []
DBWrapper: report latency for each error is false and specific error codes to track for latency are: []
DBWrapper: report latency for each error is false and specific error codes to track for latency are: []
DBWrapper: report latency for each error is false and specific error codes to track for latency are: []
DBWrapper: report latency for each error is false and specific error codes to track for latency are: []
DBWrapper: report latency for each error is false and specific error codes to track for latency are: []
DBWrapper: report latency for each error is false and specific error codes to track for latency are: []
DBWrapper: report latency for each error is false and specific error codes to track for latency are: []
DBWrapper: report latency for each error is false and specific error codes to track for latency are: []
DBWrapper: report latency for each error is false and specific error codes to track for latency are: []
DBWrapper: report latency for each error is false and specific error codes to track for latency are: []
DBWrapper: report latency for each error is false and specific error codes to track for latency are: []
DBWrapper: report latency for each error is false and specific error codes to track for latency are: []
DBWrapper: report latency for each error is false and specific error codes to track for latency are: []
DBWrapper: report latency for each error is false and specific error codes to track for latency are: []
DBWrapper: report latency for each error is false and specific error codes to track for latency are: []
DBWrapper: report latency for each error is false and specific error codes to track for latency are: []
DBWrapper: report latency for each error is false and specific error codes to track for latency are: []
DBWrapper: report latency for each error is false and specific error codes to track for latency are: []
DBWrapper: report latency for each error is false and specific error codes to track for latency are: []
DBWrapper: report latency for each error is false and specific error codes to track for latency are: []
DBWrapper: report latency for each error is false and specific error codes to track for latency are: []
DBWrapper: report latency for each error is false and specific error codes to track for latency are: []
DBWrapper: report latency for each error is false and specific error codes to track for latency are: []
DBWrapper: report latency for each error is false and specific error codes to track for latency are: []
DBWrapper: report latency for each error is false and specific error codes to track for latency are: []
DBWrapper: report latency for each error is false and specific error codes to track for latency are: []
DBWrapper: report latency for each error is false and specific error codes to track for latency are: []
DBWrapper: report latency for each error is false and specific error codes to track for latency are: []
DBWrapper: report latency for each error is false and specific error codes to track for latency are: []
DBWrapper: report latency for each error is false and specific error codes to track for latency are: []
DBWrapper: report latency for each error is false and specific error codes to track for latency are: []
DBWrapper: report latency for each error is false and specific error codes to track for latency are: []
DBWrapper: report latency for each error is false and specific error codes to track for latency are: []
DBWrapper: report latency for each error is false and specific error codes to track for latency are: []
DBWrapper: report latency for each error is false and specific error codes to track for latency are: []
DBWrapper: report latency for each error is false and specific error codes to track for latency are: []
DBWrapper: report latency for each error is false and specific error codes to track for latency are: []
DBWrapper: report latency for each error is false and specific error codes to track for latency are: []
DBWrapper: report latency for each error is false and specific error codes to track for latency are: []
DBWrapper: report latency for each error is false and specific error codes to track for latency are: []
DBWrapper: report latency for each error is false and specific error codes to track for latency are: []
DBWrapper: report latency for each error is false and specific error codes to track for latency are: []
DBWrapper: report latency for each error is false and specific error codes to track for latency are: []
DBWrapper: report latency for each error is false and specific error codes to track for latency are: []
DBWrapper: report latency for each error is false and specific error codes to track for latency are: []
2020-09-29 09:42:51:049 10 sec: 10735 operations; 1073.5 current ops/sec; est completion in 2 hours 35 minutes [READ: Count=5349, Max=955903, Min=2, Avg=36517.34, 90=76223, 99=521727, 99.9=647167, 99.99=790527] [UPDATE: Count=5458, Max=869887, Min=14, Avg=36072.68, 90=75775, 99=516863, 99.9=674303, 99.99=769023] [READ-FAILED: Count=1, Max=12183, Min=12176, Avg=12180, 90=12183, 99=12183, 99.9=12183, 99.99=12183] 
2020-09-29 09:43:01:049 20 sec: 42289 operations; 3155.4 current ops/sec; est completion in 1 hour 18 minutes [READ: Count=15772, Max=971775, Min=1, Avg=19475.22, 90=32959, 99=474879, 99.9=580607, 99.99=855039] [UPDATE: Count=15728, Max=888319, Min=1, Avg=20574.7, 90=32991, 99=517375, 99.9=592383, 99.99=720895] [READ-FAILED: Count=6, Max=52095, Min=2236, Avg=12851.17, 90=8687, 99=52095, 99.9=52095, 99.99=52095] 
2020-09-29 09:43:11:050 30 sec: 74833 operations; 3254.4 current ops/sec; est completion in 1 hour 6 minutes [READ: Count=16166, Max=932863, Min=0, Avg=19339.26, 90=33087, 99=515839, 99.9=586239, 99.99=726015] [UPDATE: Count=16362, Max=15073279, Min=10, Avg=20852.51, 90=33983, 99=515583, 99.9=623103, 99.99=842751] [READ-FAILED: Count=8, Max=4843, Min=2430, Avg=3354.62, 90=4423, 99=4843, 99.9=4843, 99.99=4843] 
2020-09-29 09:43:21:048 40 sec: 110750 operations; 3591.7 current ops/sec; est completion in 59 minutes [READ: Count=18010, Max=925183, Min=0, Avg=17223.24, 90=30303, 99=444671, 99.9=587263, 99.99=636415] [UPDATE: Count=17892, Max=722943, Min=1, Avg=17693.01, 90=31551, 99=410367, 99.9=582143, 99.99=662015] [READ-FAILED: Count=3, Max=3213, Min=2796, Avg=3020.33, 90=3213, 99=3213, 99.9=3213, 99.99=3213] 
2020-09-29 09:43:31:049 50 sec: 139949 operations; 2919.9 current ops/sec; est completion in 58 minutes [READ: Count=14661, Max=1042431, Min=1, Avg=22837.47, 90=32095, 99=525311, 99.9=682495, 99.99=910847] [UPDATE: Count=14536, Max=1503231, Min=1, Avg=21934.54, 90=32623, 99=522239, 99.9=672255, 99.99=947711] [READ-FAILED: Count=6, Max=5375, Min=2054, Avg=3685.33, 90=4687, 99=5375, 99.9=5375, 99.99=5375] 
2020-09-29 09:43:41:048 60 sec: 174085 operations; 3413.6 current ops/sec; est completion in 56 minutes [READ: Count=17130, Max=1018879, Min=0, Avg=18520.13, 90=33599, 99=442367, 99.9=568831, 99.99=982527] [UPDATE: Count=17003, Max=1017343, Min=1, Avg=18900.91, 90=34111, 99=455423, 99.9=566783, 99.99=970239] [READ-FAILED: Count=4, Max=3647, Min=2484, Avg=3093.5, 90=3647, 99=3647, 99.9=3647, 99.99=3647] 
2020-09-29 09:43:51:048 70 sec: 205788 operations; 3170.3 current ops/sec; est completion in 55 minutes [READ: Count=15832, Max=814591, Min=1, Avg=19733.99, 90=31455, 99=517631, 99.9=577023, 99.99=688639] [UPDATE: Count=15872, Max=1011199, Min=1, Avg=20546.81, 90=32079, 99=517631, 99.9=595967, 99.99=781823] [READ-FAILED: Count=9, Max=4339, Min=2054, Avg=3269.44, 90=4159, 99=4339, 99.9=4339, 99.99=4339] 
2020-09-29 09:44:01:049 80 sec: 235083 operations; 2929.5 current ops/sec; est completion in 55 minutes [READ: Count=14708, Max=885247, Min=1, Avg=21248.07, 90=31967, 99=521727, 99.9=636927, 99.99=851967] [UPDATE: Count=14565, Max=1044991, Min=0, Avg=22171.16, 90=33823, 99=522239, 99.9=684543, 99.99=968703] [READ-FAILED: Count=5, Max=3413, Min=1931, Avg=2853.8, 90=3413, 99=3413, 99.9=3413, 99.99=3413] 
2020-09-29 09:44:11:049 90 sec: 269265 operations; 3417.86 current ops/sec; est completion in 54 minutes [READ: Count=17145, Max=904191, Min=1, Avg=18562.78, 90=32079, 99=485375, 99.9=561151, 99.99=685567] [UPDATE: Count=17032, Max=901119, Min=1, Avg=18720.38, 90=32271, 99=503039, 99.9=597503, 99.99=765951] [READ-FAILED: Count=4, Max=4819, Min=2100, Avg=3130.25, 90=4819, 99=4819, 99.9=4819, 99.99=4819] 
2020-09-29 09:44:21:049 100 sec: 302619 operations; 3335.73 current ops/sec; est completion in 53 minutes [READ: Count=16729, Max=769535, Min=0, Avg=18990.74, 90=32735, 99=481023, 99.9=561663, 99.99=654847] [UPDATE: Count=16627, Max=715263, Min=0, Avg=19839.51, 90=33535, 99=514303, 99.9=559615, 99.99=663551] [READ-FAILED: Count=7, Max=17807, Min=2076, Avg=6487.29, 90=9111, 99=17807, 99.9=17807, 99.99=17807] 
2020-09-29 09:44:31:049 110 sec: 333374 operations; 3075.5 current ops/sec; est completion in 53 minutes [READ: Count=15280, Max=1008127, Min=0, Avg=20677.73, 90=32767, 99=518911, 99.9=567807, 99.99=797695] [UPDATE: Count=15460, Max=1120255, Min=3, Avg=20841.94, 90=32447, 99=516351, 99.9=628223, 99.99=821759] [READ-FAILED: Count=11, Max=6651, Min=2200, Avg=3550.91, 90=4707, 99=6651, 99.9=6651, 99.99=6651] 
2020-09-29 09:44:41:049 120 sec: 366597 operations; 3322.3 current ops/sec; est completion in 52 minutes [READ: Count=16561, Max=714751, Min=0, Avg=18505.53, 90=30847, 99=507903, 99.9=579583, 99.99=678911] [UPDATE: Count=16658, Max=982015, Min=1, Avg=19462.64, 90=31247, 99=497407, 99.9=579071, 99.99=889855] [READ-FAILED: Count=4, Max=14727, Min=2466, Avg=6529, 90=14727, 99=14727, 99.9=14727, 99.99=14727] 
2020-09-29 09:44:51:048 130 sec: 401296 operations; 3469.9 current ops/sec; est completion in 51 minutes [READ: Count=17369, Max=760319, Min=0, Avg=18175.26, 90=34655, 99=329983, 99.9=565247, 99.99=707583] [UPDATE: Count=17337, Max=12656639, Min=3, Avg=19073.83, 90=35647, 99=307711, 99.9=570879, 99.99=801791] [READ-FAILED: Count=4, Max=19791, Min=2478, Avg=7341.75, 90=19791, 99=19791, 99.9=19791, 99.99=19791] 
2020-09-29 09:45:01:048 140 sec: 434276 operations; 3298 current ops/sec; est completion in 51 minutes [READ: Count=16625, Max=927231, Min=0, Avg=19848.05, 90=30847, 99=519167, 99.9=599551, 99.99=726527] [UPDATE: Count=16335, Max=848895, Min=3, Avg=18941.95, 90=30335, 99=514815, 99.9=617471, 99.99=792063] [READ-FAILED: Count=4, Max=11279, Min=1784, Avg=4552, 90=11279, 99=11279, 99.9=11279, 99.99=11279] 
2020-09-29 09:45:11:048 150 sec: 468399 operations; 3412.3 current ops/sec; est completion in 50 minutes [READ: Count=17115, Max=667647, Min=0, Avg=18183.44, 90=29855, 99=512511, 99.9=563199, 99.99=623103] [UPDATE: Count=17009, Max=759807, Min=1, Avg=18817.87, 90=30143, 99=515071, 99.9=574975, 99.99=724479] [READ-FAILED: Count=1, Max=3603, Min=3602, Avg=3603, 90=3603, 99=3603, 99.9=3603, 99.99=3603] 
2020-09-29 09:45:21:048 160 sec: 505196 operations; 3679.7 current ops/sec; est completion in 50 minutes [READ: Count=18348, Max=1039871, Min=0, Avg=17766.45, 90=32431, 99=372223, 99.9=597503, 99.99=943103] [UPDATE: Count=18451, Max=1014783, Min=1, Avg=17726.2, 90=32079, 99=374271, 99.9=653823, 99.99=971263] [READ-FAILED: Count=6, Max=6275, Min=3244, Avg=4566.33, 90=5139, 99=6275, 99.9=6275, 99.99=6275] 
2020-09-29 09:45:31:048 170 sec: 536834 operations; 3163.8 current ops/sec; est completion in 49 minutes [READ: Count=15776, Max=1040895, Min=0, Avg=19546.96, 90=31535, 99=518399, 99.9=581631, 99.99=918015] [UPDATE: Count=15858, Max=1074175, Min=1, Avg=20837.4, 90=32399, 99=518399, 99.9=574975, 99.99=839679] [READ-FAILED: Count=3, Max=24079, Min=3272, Avg=10613, 90=24079, 99=24079, 99.9=24079, 99.99=24079] 
2020-09-29 09:45:41:048 180 sec: 570364 operations; 3353 current ops/sec; est completion in 49 minutes [READ: Count=16570, Max=792575, Min=0, Avg=18856.23, 90=32415, 99=489983, 99.9=568831, 99.99=676351] [UPDATE: Count=16953, Max=1012735, Min=1, Avg=18908.38, 90=32143, 99=496127, 99.9=572927, 99.99=855551] [READ-FAILED: Count=1, Max=2225, Min=2224, Avg=2225, 90=2225, 99=2225, 99.9=2225, 99.99=2225] 
2020-09-29 09:45:51:048 190 sec: 604311 operations; 3394.7 current ops/sec; est completion in 49 minutes [READ: Count=16978, Max=950783, Min=0, Avg=18484.32, 90=30687, 99=459775, 99.9=566783, 99.99=698879] [UPDATE: Count=16973, Max=990719, Min=1, Avg=19448.63, 90=32271, 99=450047, 99.9=627199, 99.99=938495] [READ-FAILED: Count=3, Max=7059, Min=2504, Avg=4405.33, 90=7059, 99=7059, 99.9=7059, 99.99=7059] 
2020-09-29 09:46:01:048 200 sec: 635188 operations; 3087.7 current ops/sec; est completion in 49 minutes [READ: Count=15306, Max=814079, Min=1, Avg=20288.39, 90=31551, 99=520191, 99.9=597503, 99.99=786431] [UPDATE: Count=15559, Max=1127423, Min=3, Avg=21022.6, 90=32415, 99=521471, 99.9=693759, 99.99=963583] [READ-FAILED: Count=8, Max=4843, Min=2314, Avg=3469.88, 90=4061, 99=4843, 99.9=4843, 99.99=4843] 
2020-09-29 09:46:11:048 210 sec: 669932 operations; 3474.4 current ops/sec; est completion in 48 minutes [READ: Count=17427, Max=815615, Min=0, Avg=18124.47, 90=28687, 99=516607, 99.9=571903, 99.99=734207] [UPDATE: Count=17311, Max=810495, Min=1, Avg=18779.47, 90=29631, 99=518911, 99.9=567295, 99.99=779263] [READ-FAILED: Count=6, Max=5343, Min=1502, Avg=2823, 90=2919, 99=5343, 99.9=5343, 99.99=5343] 
2020-09-29 09:46:21:048 220 sec: 701216 operations; 3128.4 current ops/sec; est completion in 48 minutes [READ: Count=15584, Max=730623, Min=1, Avg=20724.39, 90=34175, 99=515583, 99.9=573439, 99.99=689151] [UPDATE: Count=15690, Max=1070079, Min=1, Avg=20334.33, 90=35071, 99=472575, 99.9=579071, 99.99=798207] [READ-FAILED: Count=7, Max=18431, Min=2222, Avg=6137.57, 90=9399, 99=18431, 99.9=18431, 99.99=18431] 
2020-09-29 09:46:31:048 230 sec: 733715 operations; 3249.9 current ops/sec; est completion in 48 minutes [READ: Count=16035, Max=768511, Min=1, Avg=19226.05, 90=30303, 99=516863, 99.9=591871, 99.99=709119] [UPDATE: Count=16460, Max=915967, Min=1, Avg=20025.82, 90=31519, 99=515327, 99.9=635391, 99.99=801279] [READ-FAILED: Count=4, Max=24335, Min=3254, Avg=12695.75, 90=24335, 99=24335, 99.9=24335, 99.99=24335] 
2020-09-29 09:46:41:048 240 sec: 763956 operations; 3024.1 current ops/sec; est completion in 48 minutes [READ: Count=15252, Max=824319, Min=1, Avg=20982.67, 90=29327, 99=523775, 99.9=655871, 99.99=812031] [UPDATE: Count=14987, Max=950783, Min=3, Avg=20550.46, 90=30079, 99=520447, 99.9=700415, 99.99=813567] [READ-FAILED: Count=9, Max=4439, Min=1879, Avg=2969.78, 90=4081, 99=4439, 99.9=4439, 99.99=4439] 
2020-09-29 09:46:51:048 250 sec: 794689 operations; 3073.3 current ops/sec; est completion in 48 minutes [READ: Count=15313, Max=986111, Min=0, Avg=20751.07, 90=32735, 99=520959, 99.9=609791, 99.99=970751] [UPDATE: Count=15399, Max=1020927, Min=2, Avg=22022.78, 90=34623, 99=522751, 99.9=680447, 99.99=876543] [READ-FAILED: Count=10, Max=18287, Min=2094, Avg=5621.1, 90=13695, 99=18287, 99.9=18287, 99.99=18287] 
2020-09-29 09:47:01:049 260 sec: 825413 operations; 3072.4 current ops/sec; est completion in 48 minutes [READ: Count=15355, Max=766463, Min=0, Avg=19466.54, 90=35391, 99=441343, 99.9=540671, 99.99=608767] [UPDATE: Count=15369, Max=1089535, Min=1, Avg=21480.61, 90=36703, 99=514815, 99.9=568831, 99.99=847871] [READ-FAILED: Count=2, Max=2675, Min=1992, Avg=2333.5, 90=2675, 99=2675, 99.9=2675, 99.99=2675] 
2020-09-29 09:47:11:048 270 sec: 854376 operations; 2896.3 current ops/sec; est completion in 48 minutes [READ: Count=14460, Max=1431551, Min=0, Avg=21259.72, 90=31871, 99=518911, 99.9=687615, 99.99=1360895] [UPDATE: Count=14512, Max=1423359, Min=3, Avg=23212.84, 90=34143, 99=521215, 99.9=741887, 99.99=1112063] [READ-FAILED: Count=6, Max=5119, Min=1965, Avg=3663.5, 90=4587, 99=5119, 99.9=5119, 99.99=5119] 
2020-09-29 09:47:21:048 280 sec: 891201 operations; 3682.5 current ops/sec; est completion in 47 minutes [READ: Count=18355, Max=669695, Min=0, Avg=17166.78, 90=28879, 99=513791, 99.9=578047, 99.99=633855] [UPDATE: Count=18456, Max=977407, Min=1, Avg=17854.34, 90=29487, 99=481791, 99.9=606207, 99.99=831487] [READ-FAILED: Count=3, Max=4287, Min=3360, Avg=3826, 90=4287, 99=4287, 99.9=4287, 99.99=4287] 
2020-09-29 09:47:31:048 290 sec: 925658 operations; 3445.7 current ops/sec; est completion in 47 minutes [READ: Count=17247, Max=1014783, Min=0, Avg=18435.06, 90=34655, 99=372223, 99.9=575999, 99.99=674815] [UPDATE: Count=17203, Max=702463, Min=0, Avg=18231.52, 90=34175, 99=368383, 99.9=573951, 99.99=635903] [READ-FAILED: Count=2, Max=76031, Min=2564, Avg=39282.5, 90=76031, 99=76031, 99.9=76031, 99.99=76031] 
2020-09-29 09:47:41:049 300 sec: 964119 operations; 3846.1 current ops/sec; est completion in 46 minutes [READ: Count=19249, Max=688639, Min=0, Avg=16540.89, 90=33791, 99=249855, 99.9=563199, 99.99=649215] [UPDATE: Count=19209, Max=709119, Min=1, Avg=17044.25, 90=34943, 99=268799, 99.9=588799, 99.99=680959] [READ-FAILED: Count=5, Max=5971, Min=2362, Avg=3421.2, 90=5971, 99=5971, 99.9=5971, 99.99=5971] 
Maximum time elapsed. Requesting stop for the workload.
Stop requested for workload. Now Joining!
[36m09:47:41.285[m [[34;1mINFO[m] [1;34mp.u.t.s.y.Stats.clientFinished@38[m: 
Ended SconeKV benchmark.
Number of clients: 64
Total transactions: 191905
Committed: 135583 (70.6511%)
Aborted: 56322 (29.348898%)
2020-09-29 09:47:41:287 300 sec: 964226 operations; 447.7 current ops/sec; est completion in 46 minutes [READ: Count=49, Max=578559, Min=1505, Avg=107825.94, 90=319999, 99=578559, 99.9=578559, 99.99=578559] [CLEANUP: Count=64, Max=2223, Min=2, Avg=38.77, 90=4, 99=32, 99.9=2223, 99.99=2223] [UPDATE: Count=54, Max=544255, Min=1689, Avg=171121.26, 90=475391, 99=516863, 99.9=544255, 99.99=544255] [READ-FAILED: Count=0, Max=0, Min=9223372036854775807, Avg=NaN, 90=0, 99=0, 99.9=0, 99.99=0] 
[OVERALL], RunTime(ms), 300239
[OVERALL], Throughput(ops/sec), 3211.5281492411045
[TOTAL_GCS_G1_Young_Generation], Count, 162
[TOTAL_GC_TIME_G1_Young_Generation], Time(ms), 1515
[TOTAL_GC_TIME_%_G1_Young_Generation], Time(%), 0.5045980035904729
[TOTAL_GCS_G1_Old_Generation], Count, 0
[TOTAL_GC_TIME_G1_Old_Generation], Time(ms), 0
[TOTAL_GC_TIME_%_G1_Old_Generation], Time(%), 0.0
[TOTAL_GCs], Count, 162
[TOTAL_GC_TIME], Time(ms), 1515
[TOTAL_GC_TIME_%], Time(%), 0.5045980035904729
[READ], Operations, 481756
[READ], AverageLatency(us), 19380.559804133212
[READ], MinLatency(us), 0
[READ], MaxLatency(us), 1431551
[READ], 95thPercentileLatency(us), 55231
[READ], 99thPercentileLatency(us), 514303
[READ], Return=OK, 481756
[READ], Return=NOT_FOUND, 152
[CLEANUP], Operations, 64
[CLEANUP], AverageLatency(us), 38.765625
[CLEANUP], MinLatency(us), 2
[CLEANUP], MaxLatency(us), 2223
[CLEANUP], 95thPercentileLatency(us), 14
[CLEANUP], 99thPercentileLatency(us), 32
[UPDATE], Operations, 482318
[UPDATE], AverageLatency(us), 19957.24405682558
[UPDATE], MinLatency(us), 0
[UPDATE], MaxLatency(us), 15073279
[UPDATE], 95thPercentileLatency(us), 57919
[UPDATE], 99thPercentileLatency(us), 513535
[UPDATE], Return=OK, 482318
[READ-FAILED], Operations, 152
[READ-FAILED], AverageLatency(us), 5312.5526315789475
[READ-FAILED], MinLatency(us), 1502
[READ-FAILED], MaxLatency(us), 76031
[READ-FAILED], 95thPercentileLatency(us), 14727
[READ-FAILED], 99thPercentileLatency(us), 24335
