Command line: -t -db pt.ulisboa.tecnico.sconekv.ycsb.SconeKVClient -P workloadb -threads 16 -s -p scone.tx_size=5 -p operationcount=10000000 -p maxexecutiontime=300
YCSB Client 0.17.0

Loading workload...
Starting test.
WARNING: sun.reflect.Reflection.getCallerClass is not supported. This will impact performance.
2020-09-09 14:11:53:096 0 sec: 0 operations; est completion in 0 second 
Maximum execution time specified as: 300 secs
DBWrapper: report latency for each error is false and specific error codes to track for latency are: []
DBWrapper: report latency for each error is false and specific error codes to track for latency are: []
DBWrapper: report latency for each error is false and specific error codes to track for latency are: []
DBWrapper: report latency for each error is false and specific error codes to track for latency are: []
DBWrapper: report latency for each error is false and specific error codes to track for latency are: []
DBWrapper: report latency for each error is false and specific error codes to track for latency are: []
DBWrapper: report latency for each error is false and specific error codes to track for latency are: []
DBWrapper: report latency for each error is false and specific error codes to track for latency are: []
DBWrapper: report latency for each error is false and specific error codes to track for latency are: []
DBWrapper: report latency for each error is false and specific error codes to track for latency are: []
DBWrapper: report latency for each error is false and specific error codes to track for latency are: []
DBWrapper: report latency for each error is false and specific error codes to track for latency are: []
DBWrapper: report latency for each error is false and specific error codes to track for latency are: []
DBWrapper: report latency for each error is false and specific error codes to track for latency are: []
DBWrapper: report latency for each error is false and specific error codes to track for latency are: []
DBWrapper: report latency for each error is false and specific error codes to track for latency are: []
2020-09-09 14:12:03:096 10 sec: 13911 operations; 1390.96 current ops/sec; est completion in 1 hour 59 minutes [READ: Count=13238, Max=546815, Min=0, Avg=9218.78, 90=16639, 99=50911, 99.9=530431, 99.99=544255] [UPDATE: Count=661, Max=79807, Min=83, Avg=6684.53, 90=16671, 99=33791, 99.9=73663, 99.99=79807] [READ-FAILED: Count=16, Max=11479, Min=1660, Avg=3478.75, 90=5463, 99=11479, 99.9=11479, 99.99=11479] 
2020-09-09 14:12:13:096 20 sec: 34977 operations; 2106.81 current ops/sec; est completion in 1 hour 34 minutes [READ: Count=20020, Max=15056895, Min=0, Avg=7926.19, 90=15159, 99=38879, 99.9=522751, 99.99=543743] [UPDATE: Count=1026, Max=547327, Min=16, Avg=7361.76, 90=15439, 99=39647, 99.9=514303, 99.99=547327] [READ-FAILED: Count=18, Max=45983, Min=1959, Avg=5438.56, 90=3779, 99=45983, 99.9=45983, 99.99=45983] 
2020-09-09 14:12:23:096 30 sec: 57843 operations; 2286.6 current ops/sec; est completion in 1 hour 25 minutes [READ: Count=21705, Max=551935, Min=0, Avg=7128.36, 90=15623, 99=29375, 99.9=522751, 99.99=545279] [UPDATE: Count=1142, Max=413183, Min=18, Avg=6137.57, 90=15063, 99=43679, 99.9=335359, 99.99=413183] [READ-FAILED: Count=17, Max=7075, Min=1614, Avg=2928.88, 90=3589, 99=7075, 99.9=7075, 99.99=7075] 
2020-09-09 14:12:33:096 40 sec: 79834 operations; 2198.88 current ops/sec; est completion in 1 hour 22 minutes [READ: Count=20871, Max=572415, Min=0, Avg=7215.9, 90=15767, 99=39199, 99.9=518399, 99.99=551935] [UPDATE: Count=1099, Max=521215, Min=15, Avg=8396.93, 90=16895, 99=45183, 99.9=517375, 99.99=521215] [READ-FAILED: Count=22, Max=5551, Min=1485, Avg=2822.86, 90=3685, 99=5551, 99.9=5551, 99.99=5551] 
2020-09-09 14:12:43:096 50 sec: 102370 operations; 2253.83 current ops/sec; est completion in 1 hour 20 minutes [READ: Count=21423, Max=561151, Min=1, Avg=7103.75, 90=15335, 99=36159, 99.9=524799, 99.99=558591] [UPDATE: Count=1090, Max=556031, Min=20, Avg=7371.86, 90=15583, 99=43199, 99.9=526847, 99.99=556031] [READ-FAILED: Count=23, Max=3973, Min=1998, Avg=2620.61, 90=3665, 99=3973, 99.9=3973, 99.99=3973] 
2020-09-09 14:12:53:095 60 sec: 124277 operations; 2190.7 current ops/sec; est completion in 1 hour 19 minutes [READ: Count=20827, Max=574463, Min=0, Avg=7017.81, 90=15335, 99=35263, 99.9=523263, 99.99=551935] [UPDATE: Count=1060, Max=556543, Min=18, Avg=8682.5, 90=16055, 99=41695, 99.9=527359, 99.99=556543] [READ-FAILED: Count=19, Max=3953, Min=1851, Avg=2561.11, 90=3231, 99=3953, 99.9=3953, 99.99=3953] 
2020-09-09 14:13:03:096 70 sec: 146375 operations; 2209.8 current ops/sec; est completion in 1 hour 18 minutes [READ: Count=20999, Max=674303, Min=0, Avg=7427.02, 90=16015, 99=40863, 99.9=524799, 99.99=545791] [UPDATE: Count=1079, Max=517375, Min=14, Avg=7166.78, 90=16079, 99=46463, 99.9=409855, 99.99=517375] [READ-FAILED: Count=21, Max=3201, Min=1976, Avg=2482.1, 90=2945, 99=3201, 99.9=3201, 99.99=3201] 
2020-09-09 14:13:13:096 80 sec: 169363 operations; 2298.8 current ops/sec; est completion in 1 hour 17 minutes [READ: Count=21723, Max=553983, Min=0, Avg=6894.84, 90=15391, 99=29775, 99.9=518399, 99.99=548351] [UPDATE: Count=1237, Max=549887, Min=13, Avg=8039.39, 90=15727, 99=53375, 99.9=514815, 99.99=549887] [READ-FAILED: Count=30, Max=4103, Min=1610, Avg=2496.17, 90=2983, 99=4103, 99.9=4103, 99.99=4103] 
2020-09-09 14:13:23:096 90 sec: 191935 operations; 2257.2 current ops/sec; est completion in 1 hour 16 minutes [READ: Count=21365, Max=749055, Min=0, Avg=7123.46, 90=15399, 99=33503, 99.9=523775, 99.99=554495] [UPDATE: Count=1193, Max=524031, Min=16, Avg=6382.19, 90=14943, 99=30831, 99.9=514047, 99.99=524031] [READ-FAILED: Count=15, Max=4839, Min=1667, Avg=2487.93, 90=2939, 99=4839, 99.9=4839, 99.99=4839] 
2020-09-09 14:13:33:096 100 sec: 214464 operations; 2252.9 current ops/sec; est completion in 1 hour 16 minutes [READ: Count=21415, Max=553983, Min=0, Avg=7076.46, 90=15495, 99=35327, 99.9=523263, 99.99=542719] [UPDATE: Count=1098, Max=518911, Min=17, Avg=6956.67, 90=14855, 99=36479, 99.9=515839, 99.99=518911] [READ-FAILED: Count=15, Max=4151, Min=1593, Avg=2636.53, 90=3847, 99=4151, 99.9=4151, 99.99=4151] 
2020-09-09 14:13:43:096 110 sec: 236988 operations; 2252.4 current ops/sec; est completion in 1 hour 15 minutes [READ: Count=21382, Max=864255, Min=0, Avg=7079.8, 90=15375, 99=34367, 99.9=520447, 99.99=547327] [UPDATE: Count=1124, Max=545791, Min=14, Avg=8525.18, 90=15703, 99=34399, 99.9=541183, 99.99=545791] [READ-FAILED: Count=18, Max=4683, Min=2048, Avg=2644.44, 90=2897, 99=4683, 99.9=4683, 99.99=4683] 
2020-09-09 14:13:53:096 120 sec: 259874 operations; 2288.6 current ops/sec; est completion in 1 hour 14 minutes [READ: Count=21765, Max=811007, Min=1, Avg=6963.44, 90=15279, 99=30607, 99.9=524031, 99.99=546303] [UPDATE: Count=1097, Max=549375, Min=16, Avg=6271.69, 90=14727, 99=22815, 99.9=523775, 99.99=549375] [READ-FAILED: Count=21, Max=6555, Min=1822, Avg=2745.05, 90=3621, 99=6555, 99.9=6555, 99.99=6555] 
2020-09-09 14:14:03:096 130 sec: 281635 operations; 2176.1 current ops/sec; est completion in 1 hour 14 minutes [READ: Count=20636, Max=642047, Min=0, Avg=7396.01, 90=15671, 99=35711, 99.9=527359, 99.99=542719] [UPDATE: Count=1109, Max=511743, Min=16, Avg=7040.38, 90=15799, 99=32927, 99.9=461055, 99.99=511743] [READ-FAILED: Count=19, Max=23663, Min=1786, Avg=4258.74, 90=6475, 99=23663, 99.9=23663, 99.99=23663] 
2020-09-09 14:14:13:096 140 sec: 305446 operations; 2381.1 current ops/sec; est completion in 1 hour 14 minutes [READ: Count=22542, Max=552959, Min=0, Avg=6679.21, 90=15279, 99=30607, 99.9=521471, 99.99=547327] [UPDATE: Count=1245, Max=522751, Min=17, Avg=7448.82, 90=15159, 99=36287, 99.9=515327, 99.99=522751] [READ-FAILED: Count=24, Max=4175, Min=1564, Avg=2517.71, 90=3713, 99=4175, 99.9=4175, 99.99=4175] 
2020-09-09 14:14:23:097 150 sec: 325245 operations; 1979.7 current ops/sec; est completion in 1 hour 14 minutes [READ: Count=18777, Max=548351, Min=0, Avg=7939.45, 90=15231, 99=39007, 99.9=526335, 99.99=544767] [UPDATE: Count=1010, Max=564735, Min=16, Avg=9371.31, 90=15479, 99=48927, 99.9=538111, 99.99=564735] [READ-FAILED: Count=11, Max=3875, Min=1821, Avg=2570, 90=3031, 99=3875, 99.9=3875, 99.99=3875] 
2020-09-09 14:14:33:096 160 sec: 347208 operations; 2196.52 current ops/sec; est completion in 1 hour 14 minutes [READ: Count=20858, Max=558079, Min=0, Avg=7348.2, 90=15799, 99=35935, 99.9=519935, 99.99=547839] [UPDATE: Count=1086, Max=527359, Min=17, Avg=7637.05, 90=15743, 99=28623, 99.9=517119, 99.99=527359] [READ-FAILED: Count=18, Max=4279, Min=1779, Avg=2554.67, 90=3115, 99=4279, 99.9=4279, 99.99=4279] 
2020-09-09 14:14:43:096 170 sec: 370623 operations; 2341.5 current ops/sec; est completion in 1 hour 13 minutes [READ: Count=22296, Max=545791, Min=0, Avg=6750.42, 90=15335, 99=30943, 99.9=517119, 99.99=543743] [UPDATE: Count=1099, Max=539135, Min=17, Avg=8468.65, 90=15383, 99=39935, 99.9=536063, 99.99=539135] [READ-FAILED: Count=22, Max=4583, Min=1800, Avg=2695.23, 90=3805, 99=4583, 99.9=4583, 99.99=4583] 
2020-09-09 14:14:53:096 180 sec: 392399 operations; 2177.6 current ops/sec; est completion in 1 hour 13 minutes [READ: Count=20687, Max=584191, Min=0, Avg=7299.5, 90=15607, 99=34207, 99.9=518911, 99.99=543231] [UPDATE: Count=1062, Max=532479, Min=15, Avg=7916.93, 90=15759, 99=34623, 99.9=508927, 99.99=532479] [READ-FAILED: Count=25, Max=12511, Min=1917, Avg=3107.92, 90=3953, 99=12511, 99.9=12511, 99.99=12511] 
2020-09-09 14:15:03:096 190 sec: 415256 operations; 2285.7 current ops/sec; est completion in 1 hour 13 minutes [READ: Count=21688, Max=536575, Min=0, Avg=7036.51, 90=15519, 99=33055, 99.9=519167, 99.99=529919] [UPDATE: Count=1148, Max=517375, Min=16, Avg=6762.73, 90=15567, 99=29855, 99.9=493567, 99.99=517375] [READ-FAILED: Count=23, Max=64575, Min=1935, Avg=5198.43, 90=3325, 99=64575, 99.9=64575, 99.99=64575] 
2020-09-09 14:15:13:096 200 sec: 437191 operations; 2193.5 current ops/sec; est completion in 1 hour 12 minutes [READ: Count=20810, Max=558591, Min=0, Avg=7279.79, 90=15495, 99=35839, 99.9=522239, 99.99=555519] [UPDATE: Count=1108, Max=513279, Min=17, Avg=7052.19, 90=15375, 99=41279, 99.9=474623, 99.99=513279] [READ-FAILED: Count=14, Max=10151, Min=1628, Avg=2934.07, 90=4491, 99=10151, 99.9=10151, 99.99=10151] 
2020-09-09 14:15:23:096 210 sec: 457999 operations; 2080.8 current ops/sec; est completion in 1 hour 12 minutes [READ: Count=19737, Max=545791, Min=0, Avg=7518.08, 90=15623, 99=35487, 99.9=527871, 99.99=543743] [UPDATE: Count=1056, Max=546303, Min=16, Avg=10168.98, 90=16151, 99=48959, 99.9=534527, 99.99=546303] [READ-FAILED: Count=17, Max=2817, Min=1489, Avg=2233.65, 90=2565, 99=2817, 99.9=2817, 99.99=2817] 
2020-09-09 14:15:33:096 220 sec: 478049 operations; 2005 current ops/sec; est completion in 1 hour 13 minutes [READ: Count=19020, Max=1018367, Min=1, Avg=7867.24, 90=15135, 99=32399, 99.9=530431, 99.99=548351] [UPDATE: Count=1014, Max=544767, Min=16, Avg=9187.24, 90=15751, 99=40127, 99.9=529407, 99.99=544767] [READ-FAILED: Count=15, Max=11191, Min=1727, Avg=2896.4, 90=3351, 99=11191, 99.9=11191, 99.99=11191] 
2020-09-09 14:15:43:096 230 sec: 500275 operations; 2222.6 current ops/sec; est completion in 1 hour 12 minutes [READ: Count=21137, Max=533503, Min=0, Avg=7272.13, 90=15663, 99=37407, 99.9=519423, 99.99=531455] [UPDATE: Count=1067, Max=524287, Min=20, Avg=7207.15, 90=15599, 99=44767, 99.9=514303, 99.99=524287] [READ-FAILED: Count=24, Max=22303, Min=1654, Avg=3383.83, 90=3829, 99=22303, 99.9=22303, 99.99=22303] 
2020-09-09 14:15:53:096 240 sec: 522060 operations; 2178.5 current ops/sec; est completion in 1 hour 12 minutes [READ: Count=20711, Max=551935, Min=0, Avg=7344.25, 90=16119, 99=35327, 99.9=520703, 99.99=546815] [UPDATE: Count=1051, Max=518911, Min=17, Avg=7234.72, 90=15711, 99=31903, 99.9=518399, 99.99=518911] [READ-FAILED: Count=21, Max=8295, Min=1772, Avg=2652.05, 90=3185, 99=8295, 99.9=8295, 99.99=8295] 
2020-09-09 14:16:03:096 250 sec: 545135 operations; 2307.5 current ops/sec; est completion in 1 hour 12 minutes [READ: Count=21891, Max=559103, Min=0, Avg=6944.69, 90=15543, 99=32207, 99.9=516863, 99.99=546815] [UPDATE: Count=1159, Max=524799, Min=17, Avg=7091.39, 90=15095, 99=31679, 99.9=514815, 99.99=524799] [READ-FAILED: Count=24, Max=22463, Min=1811, Avg=3281.04, 90=3227, 99=22463, 99.9=22463, 99.99=22463] 
2020-09-09 14:16:13:096 260 sec: 568985 operations; 2385 current ops/sec; est completion in 1 hour 11 minutes [READ: Count=22604, Max=542207, Min=0, Avg=6654.24, 90=15503, 99=28799, 99.9=516607, 99.99=536063] [UPDATE: Count=1228, Max=736767, Min=18, Avg=7681.41, 90=15583, 99=36927, 99.9=538111, 99.99=736767] [READ-FAILED: Count=19, Max=3075, Min=1687, Avg=2454, 90=2883, 99=3075, 99.9=3075, 99.99=3075] 
2020-09-09 14:16:23:096 270 sec: 591153 operations; 2216.8 current ops/sec; est completion in 1 hour 11 minutes [READ: Count=21000, Max=557055, Min=0, Avg=7185.68, 90=16119, 99=34015, 99.9=522751, 99.99=555007] [UPDATE: Count=1148, Max=518399, Min=15, Avg=7489.27, 90=16623, 99=36351, 99.9=517119, 99.99=518399] [READ-FAILED: Count=21, Max=3085, Min=1894, Avg=2338.48, 90=2557, 99=3085, 99.9=3085, 99.99=3085] 
2020-09-09 14:16:33:096 280 sec: 614122 operations; 2296.9 current ops/sec; est completion in 1 hour 11 minutes [READ: Count=21839, Max=543231, Min=0, Avg=6817.02, 90=15239, 99=30783, 99.9=517375, 99.99=539647] [UPDATE: Count=1118, Max=520191, Min=15, Avg=7989.29, 90=15671, 99=38111, 99.9=518143, 99.99=520191] [READ-FAILED: Count=13, Max=4343, Min=2064, Avg=2755.23, 90=3319, 99=4343, 99.9=4343, 99.99=4343] 
2020-09-09 14:16:43:096 290 sec: 635013 operations; 2089.1 current ops/sec; est completion in 1 hour 11 minutes [READ: Count=19767, Max=576511, Min=0, Avg=7627.85, 90=15599, 99=39935, 99.9=523519, 99.99=559615] [UPDATE: Count=1099, Max=518399, Min=18, Avg=7793.99, 90=16071, 99=44415, 99.9=517375, 99.99=518399] [READ-FAILED: Count=22, Max=4839, Min=1790, Avg=2519.59, 90=2797, 99=4839, 99.9=4839, 99.99=4839] 
2020-09-09 14:16:53:097 300 sec: 656412 operations; 2139.69 current ops/sec; est completion in 1 hour 11 minutes [READ: Count=20297, Max=642047, Min=1, Avg=7500.72, 90=15623, 99=33727, 99.9=527359, 99.99=546303] [UPDATE: Count=1086, Max=532479, Min=16, Avg=8538.63, 90=16071, 99=54975, 99.9=519679, 99.99=532479] [READ-FAILED: Count=17, Max=9903, Min=1802, Avg=3205.94, 90=2969, 99=9903, 99.9=9903, 99.99=9903] 
Maximum time elapsed. Requesting stop for the workload.
Stop requested for workload. Now Joining!
[36m14:16:53.317[m [[34;1mINFO[m] [1;34mp.u.t.s.y.Stats.clientFinished@38[m: 
Ended SconeKV benchmark.
Number of clients: 16
Total transactions: 130619
Committed: 127037 (97.257675%)
Aborted: 3582 (2.742327%)
2020-09-09 14:16:53:318 300 sec: 656474 operations; 279.28 current ops/sec; est completion in 1 hour 11 minutes [READ: Count=59, Max=541695, Min=1791, Avg=41800.51, 90=17071, 99=535039, 99.9=541695, 99.99=541695] [CLEANUP: Count=16, Max=1358, Min=3, Avg=88.69, 90=5, 99=1358, 99.9=1358, 99.99=1358] [UPDATE: Count=2, Max=16375, Min=2746, Avg=9559.5, 90=16375, 99=16375, 99.9=16375, 99.99=16375] [READ-FAILED: Count=0, Max=0, Min=9223372036854775807, Avg=NaN, 90=0, 99=0, 99.9=0, 99.99=0] 
[OVERALL], RunTime(ms), 300223
[OVERALL], Throughput(ops/sec), 2186.6212781832173
[TOTAL_GCS_G1_Young_Generation], Count, 115
[TOTAL_GC_TIME_G1_Young_Generation], Time(ms), 699
[TOTAL_GC_TIME_%_G1_Young_Generation], Time(%), 0.23282693198056112
[TOTAL_GCS_G1_Old_Generation], Count, 0
[TOTAL_GC_TIME_G1_Old_Generation], Time(ms), 0
[TOTAL_GC_TIME_%_G1_Old_Generation], Time(%), 0.0
[TOTAL_GCs], Count, 115
[TOTAL_GC_TIME], Time(ms), 699
[TOTAL_GC_TIME_%], Time(%), 0.23282693198056112
[READ], Operations, 623089
[READ], AverageLatency(us), 7253.35539545715
[READ], MinLatency(us), 0
[READ], MaxLatency(us), 15056895
[READ], 95thPercentileLatency(us), 18255
[READ], 99thPercentileLatency(us), 34815
[READ], Return=OK, 623089
[READ], Return=NOT_FOUND, 584
[CLEANUP], Operations, 16
[CLEANUP], AverageLatency(us), 88.6875
[CLEANUP], MinLatency(us), 3
[CLEANUP], MaxLatency(us), 1358
[CLEANUP], 95thPercentileLatency(us), 13
[CLEANUP], 99thPercentileLatency(us), 1358
[UPDATE], Operations, 32801
[UPDATE], AverageLatency(us), 7663.179049419225
[UPDATE], MinLatency(us), 13
[UPDATE], MaxLatency(us), 736767
[UPDATE], 95thPercentileLatency(us), 18879
[UPDATE], 99thPercentileLatency(us), 40735
[UPDATE], Return=OK, 32801
[READ-FAILED], Operations, 584
[READ-FAILED], AverageLatency(us), 2971.3801369863013
[READ-FAILED], MinLatency(us), 1485
[READ-FAILED], MaxLatency(us), 64575
[READ-FAILED], 95thPercentileLatency(us), 4279
[READ-FAILED], 99thPercentileLatency(us), 11479
