Command line: -t -db pt.ulisboa.tecnico.sconekv.ycsb.SconeKVClient -P workloada -threads 16 -s -p scone.tx_size=5 -p operationcount=10000000 -p maxexecutiontime=300
YCSB Client 0.17.0

Loading workload...
Starting test.
WARNING: sun.reflect.Reflection.getCallerClass is not supported. This will impact performance.
2020-09-07 14:15:56:849 0 sec: 0 operations; est completion in 0 second 
Maximum execution time specified as: 300 secs
DBWrapper: report latency for each error is false and specific error codes to track for latency are: []
DBWrapper: report latency for each error is false and specific error codes to track for latency are: []
DBWrapper: report latency for each error is false and specific error codes to track for latency are: []
DBWrapper: report latency for each error is false and specific error codes to track for latency are: []
DBWrapper: report latency for each error is false and specific error codes to track for latency are: []
DBWrapper: report latency for each error is false and specific error codes to track for latency are: []
DBWrapper: report latency for each error is false and specific error codes to track for latency are: []
DBWrapper: report latency for each error is false and specific error codes to track for latency are: []
DBWrapper: report latency for each error is false and specific error codes to track for latency are: []
DBWrapper: report latency for each error is false and specific error codes to track for latency are: []
DBWrapper: report latency for each error is false and specific error codes to track for latency are: []
DBWrapper: report latency for each error is false and specific error codes to track for latency are: []
DBWrapper: report latency for each error is false and specific error codes to track for latency are: []
DBWrapper: report latency for each error is false and specific error codes to track for latency are: []
DBWrapper: report latency for each error is false and specific error codes to track for latency are: []
DBWrapper: report latency for each error is false and specific error codes to track for latency are: []
2020-09-07 14:16:06:849 10 sec: 13926 operations; 1392.46 current ops/sec; est completion in 1 hour 59 minutes [READ: Count=7003, Max=593407, Min=2, Avg=8827.29, 90=16591, 99=50175, 99.9=528383, 99.99=567295] [UPDATE: Count=6940, Max=541183, Min=6, Avg=9119.54, 90=16863, 99=48831, 99.9=522239, 99.99=537599] [READ-FAILED: Count=8, Max=9519, Min=2047, Avg=3336.62, 90=3037, 99=9519, 99.9=9519, 99.99=9519] 
2020-09-07 14:16:16:848 20 sec: 33075 operations; 1914.9 current ops/sec; est completion in 1 hour 40 minutes [READ: Count=9533, Max=990207, Min=1, Avg=8411.58, 90=15535, 99=50047, 99.9=534527, 99.99=857599] [UPDATE: Count=9589, Max=562687, Min=5, Avg=8277.61, 90=15679, 99=44991, 99.9=522239, 99.99=548351] [READ-FAILED: Count=9, Max=8871, Min=2160, Avg=3271.11, 90=3389, 99=8871, 99.9=8871, 99.99=8871] 
2020-09-07 14:16:26:848 30 sec: 54986 operations; 2191.1 current ops/sec; est completion in 1 hour 30 minutes [READ: Count=10955, Max=566783, Min=1, Avg=7663.9, 90=15663, 99=39711, 99.9=522751, 99.99=566783] [UPDATE: Count=10959, Max=564735, Min=1, Avg=7036.76, 90=15631, 99=38079, 99.9=514559, 99.99=543231] [READ-FAILED: Count=3, Max=2649, Min=2340, Avg=2485, 90=2649, 99=2649, 99.9=2649, 99.99=2649] 
2020-09-07 14:16:36:848 40 sec: 74897 operations; 1991.1 current ops/sec; est completion in 1 hour 28 minutes [READ: Count=9884, Max=559615, Min=1, Avg=8063.02, 90=16007, 99=48351, 99.9=516607, 99.99=547839] [UPDATE: Count=10014, Max=539647, Min=1, Avg=7827.8, 90=15687, 99=49343, 99.9=514303, 99.99=537599] [READ-FAILED: Count=4, Max=2573, Min=2023, Avg=2209.5, 90=2573, 99=2573, 99.9=2573, 99.99=2573] 
2020-09-07 14:16:46:850 50 sec: 96506 operations; 2160.68 current ops/sec; est completion in 1 hour 25 minutes [READ: Count=10704, Max=548863, Min=0, Avg=7447.37, 90=15991, 99=38975, 99.9=527359, 99.99=547839] [UPDATE: Count=10897, Max=551935, Min=1, Avg=7486.74, 90=15935, 99=40479, 99.9=520447, 99.99=543743] [READ-FAILED: Count=8, Max=3335, Min=2600, Avg=2984.75, 90=3261, 99=3335, 99.9=3335, 99.99=3335] 
2020-09-07 14:16:56:848 60 sec: 117693 operations; 2118.91 current ops/sec; est completion in 1 hour 23 minutes [READ: Count=10626, Max=566271, Min=1, Avg=7378.91, 90=15735, 99=39903, 99.9=521983, 99.99=558079] [UPDATE: Count=10555, Max=562687, Min=1, Avg=7662.06, 90=15815, 99=46015, 99.9=523263, 99.99=561151] [READ-FAILED: Count=6, Max=2479, Min=2047, Avg=2302.67, 90=2443, 99=2479, 99.9=2479, 99.99=2479] 
2020-09-07 14:17:06:848 70 sec: 134391 operations; 1669.8 current ops/sec; est completion in 1 hour 25 minutes [READ: Count=8323, Max=600575, Min=1, Avg=10131.39, 90=15639, 99=178047, 99.9=542207, 99.99=600063] [UPDATE: Count=8372, Max=596991, Min=2, Avg=9003.17, 90=15607, 99=64671, 99.9=543743, 99.99=581631] [READ-FAILED: Count=8, Max=2681, Min=1980, Avg=2362.88, 90=2625, 99=2681, 99.9=2681, 99.99=2681] 
2020-09-07 14:17:16:848 80 sec: 151753 operations; 1736.37 current ops/sec; est completion in 1 hour 26 minutes [READ: Count=8714, Max=1007103, Min=1, Avg=8615.1, 90=15119, 99=61311, 99.9=524031, 99.99=1004031] [UPDATE: Count=8642, Max=1006079, Min=1, Avg=9844.12, 90=15511, 99=83199, 99.9=541183, 99.99=1004543] [READ-FAILED: Count=4, Max=5479, Min=1991, Avg=3203.75, 90=5479, 99=5479, 99.9=5479, 99.99=5479] 
2020-09-07 14:17:26:848 90 sec: 175499 operations; 2374.36 current ops/sec; est completion in 1 hour 23 minutes [READ: Count=11911, Max=527359, Min=1, Avg=6494.66, 90=15407, 99=33759, 99.9=370431, 99.99=523263] [UPDATE: Count=11824, Max=529919, Min=3, Avg=6959.32, 90=15815, 99=38303, 99.9=514047, 99.99=528895] [READ-FAILED: Count=13, Max=3791, Min=2033, Avg=2510.69, 90=3279, 99=3791, 99.9=3791, 99.99=3791] 
2020-09-07 14:17:36:848 100 sec: 197463 operations; 2196.4 current ops/sec; est completion in 1 hour 22 minutes [READ: Count=10881, Max=527359, Min=0, Avg=7147.74, 90=15599, 99=41983, 99.9=513279, 99.99=526335] [UPDATE: Count=11079, Max=552447, Min=3, Avg=7391.89, 90=15807, 99=38783, 99.9=516863, 99.99=541695] [READ-FAILED: Count=4, Max=3467, Min=2312, Avg=3077.5, 90=3467, 99=3467, 99.9=3467, 99.99=3467] 
2020-09-07 14:17:46:848 110 sec: 219927 operations; 2246.4 current ops/sec; est completion in 1 hour 21 minutes [READ: Count=11200, Max=551935, Min=0, Avg=7290.21, 90=15575, 99=36671, 99.9=517375, 99.99=549887] [UPDATE: Count=11250, Max=557055, Min=1, Avg=7012.17, 90=15599, 99=34623, 99.9=517887, 99.99=550399] [READ-FAILED: Count=9, Max=3257, Min=2130, Avg=2609.67, 90=3199, 99=3257, 99.9=3257, 99.99=3257] 
2020-09-07 14:17:56:848 120 sec: 236219 operations; 1629.2 current ops/sec; est completion in 1 hour 22 minutes [READ: Count=8150, Max=999935, Min=1, Avg=9435.7, 90=16247, 99=60127, 99.9=542207, 99.99=561663] [UPDATE: Count=8141, Max=554495, Min=3, Avg=10135.35, 90=16303, 99=76863, 99.9=550399, 99.99=553983] [READ-FAILED: Count=2, Max=2973, Min=2932, Avg=2953, 90=2973, 99=2973, 99.9=2973, 99.99=2973] 
2020-09-07 14:18:06:848 130 sec: 257698 operations; 2147.9 current ops/sec; est completion in 1 hour 21 minutes [READ: Count=10772, Max=556543, Min=2, Avg=7525.95, 90=16111, 99=44607, 99.9=521215, 99.99=541183] [UPDATE: Count=10703, Max=556543, Min=1, Avg=7399.94, 90=15967, 99=43295, 99.9=519167, 99.99=540671] [READ-FAILED: Count=6, Max=6059, Min=2244, Avg=3449.17, 90=3451, 99=6059, 99.9=6059, 99.99=6059] 
2020-09-07 14:18:16:848 140 sec: 277543 operations; 1984.5 current ops/sec; est completion in 1 hour 21 minutes [READ: Count=9844, Max=1013759, Min=1, Avg=8207.68, 90=15119, 99=45087, 99.9=537599, 99.99=1009663] [UPDATE: Count=9990, Max=1006079, Min=1, Avg=7788.57, 90=15303, 99=45567, 99.9=523263, 99.99=1005567] [READ-FAILED: Count=5, Max=46239, Min=1996, Avg=10994.6, 90=46239, 99=46239, 99.9=46239, 99.99=46239] 
2020-09-07 14:18:26:848 150 sec: 296805 operations; 1926.2 current ops/sec; est completion in 1 hour 21 minutes [READ: Count=9606, Max=555519, Min=1, Avg=8379.79, 90=16103, 99=53791, 99.9=524031, 99.99=551423] [UPDATE: Count=9652, Max=563711, Min=3, Avg=8361.28, 90=16463, 99=54399, 99.9=525823, 99.99=559615] [READ-FAILED: Count=12, Max=3725, Min=1509, Avg=2641, 90=2965, 99=3725, 99.9=3725, 99.99=3725] 
2020-09-07 14:18:36:848 160 sec: 317197 operations; 2039.2 current ops/sec; est completion in 1 hour 21 minutes [READ: Count=10193, Max=549375, Min=1, Avg=7434.62, 90=15751, 99=47391, 99.9=518911, 99.99=547839] [UPDATE: Count=10184, Max=715775, Min=1, Avg=8147.62, 90=15775, 99=47935, 99.9=525823, 99.99=559103] [READ-FAILED: Count=6, Max=3945, Min=1817, Avg=2712.5, 90=3463, 99=3945, 99.9=3945, 99.99=3945] 
2020-09-07 14:18:46:848 170 sec: 337112 operations; 1991.5 current ops/sec; est completion in 1 hour 21 minutes [READ: Count=10079, Max=685567, Min=1, Avg=7356.01, 90=15703, 99=44671, 99.9=516863, 99.99=561663] [UPDATE: Count=9830, Max=1011199, Min=1, Avg=8762.18, 90=15759, 99=64895, 99.9=518655, 99.99=545791] [READ-FAILED: Count=10, Max=16991, Min=2012, Avg=3945, 90=3051, 99=16991, 99.9=16991, 99.99=16991] 
2020-09-07 14:18:56:848 180 sec: 357036 operations; 1992.4 current ops/sec; est completion in 1 hour 21 minutes [READ: Count=9870, Max=548351, Min=0, Avg=7980.33, 90=15591, 99=52383, 99.9=524031, 99.99=544767] [UPDATE: Count=10053, Max=547839, Min=3, Avg=8151.19, 90=15519, 99=51647, 99.9=520191, 99.99=546815] [READ-FAILED: Count=5, Max=12735, Min=2092, Avg=4553.6, 90=12735, 99=12735, 99.9=12735, 99.99=12735] 
2020-09-07 14:19:06:848 190 sec: 377223 operations; 2018.7 current ops/sec; est completion in 1 hour 20 minutes [READ: Count=10048, Max=542719, Min=1, Avg=7728.29, 90=16295, 99=39455, 99.9=517119, 99.99=542207] [UPDATE: Count=10129, Max=935423, Min=1, Avg=8011.82, 90=16111, 99=46303, 99.9=517375, 99.99=547839] [READ-FAILED: Count=3, Max=4471, Min=2424, Avg=3126.67, 90=4471, 99=4471, 99.9=4471, 99.99=4471] 
2020-09-07 14:19:16:848 200 sec: 397441 operations; 2021.8 current ops/sec; est completion in 1 hour 20 minutes [READ: Count=10091, Max=547839, Min=1, Avg=7697.12, 90=15535, 99=41983, 99.9=518655, 99.99=538623] [UPDATE: Count=10121, Max=552959, Min=3, Avg=8154.03, 90=15383, 99=48799, 99.9=521215, 99.99=543743] [READ-FAILED: Count=13, Max=14071, Min=1896, Avg=3420.54, 90=3875, 99=14071, 99.9=14071, 99.99=14071] 
2020-09-07 14:19:26:848 210 sec: 418715 operations; 2127.4 current ops/sec; est completion in 1 hour 20 minutes [READ: Count=10516, Max=547327, Min=1, Avg=7473.58, 90=15383, 99=36639, 99.9=519167, 99.99=546303] [UPDATE: Count=10746, Max=548863, Min=1, Avg=7566.39, 90=15375, 99=39167, 99.9=524799, 99.99=548351] [READ-FAILED: Count=7, Max=2629, Min=1905, Avg=2346, 90=2619, 99=2629, 99.9=2629, 99.99=2629] 
2020-09-07 14:19:36:848 220 sec: 439602 operations; 2088.7 current ops/sec; est completion in 1 hour 19 minutes [READ: Count=10450, Max=572415, Min=0, Avg=7778.99, 90=15663, 99=42847, 99.9=521215, 99.99=548351] [UPDATE: Count=10437, Max=649215, Min=1, Avg=7583.79, 90=15823, 99=43487, 99.9=518911, 99.99=577535] [READ-FAILED: Count=8, Max=7075, Min=1840, Avg=3236.88, 90=4967, 99=7075, 99.9=7075, 99.99=7075] 
2020-09-07 14:19:46:848 230 sec: 460801 operations; 2119.9 current ops/sec; est completion in 1 hour 19 minutes [READ: Count=10700, Max=544255, Min=0, Avg=7231.19, 90=15679, 99=41023, 99.9=515839, 99.99=540671] [UPDATE: Count=10482, Max=544767, Min=1, Avg=7744.85, 90=15871, 99=43679, 99.9=522495, 99.99=543743] [READ-FAILED: Count=9, Max=3389, Min=2096, Avg=2710.11, 90=3069, 99=3389, 99.9=3389, 99.99=3389] 
2020-09-07 14:19:56:849 240 sec: 478863 operations; 1806.2 current ops/sec; est completion in 1 hour 19 minutes [READ: Count=9164, Max=1011711, Min=0, Avg=8717.71, 90=15807, 99=48479, 99.9=531455, 99.99=1010175] [UPDATE: Count=8893, Max=1010175, Min=1, Avg=8905.29, 90=15855, 99=55007, 99.9=525311, 99.99=984575] [READ-FAILED: Count=5, Max=3437, Min=1957, Avg=2491.8, 90=3437, 99=3437, 99.9=3437, 99.99=3437] 
2020-09-07 14:20:06:849 250 sec: 499440 operations; 2057.49 current ops/sec; est completion in 1 hour 19 minutes [READ: Count=10287, Max=637951, Min=1, Avg=7536.24, 90=15487, 99=45663, 99.9=520191, 99.99=607743] [UPDATE: Count=10286, Max=739327, Min=1, Avg=8048.24, 90=15423, 99=49343, 99.9=535551, 99.99=556031] [READ-FAILED: Count=6, Max=3755, Min=2074, Avg=2670.67, 90=2885, 99=3755, 99.9=3755, 99.99=3755] 
2020-09-07 14:20:16:848 260 sec: 520147 operations; 2070.91 current ops/sec; est completion in 1 hour 18 minutes [READ: Count=10375, Max=543743, Min=0, Avg=7770.78, 90=15567, 99=43391, 99.9=523263, 99.99=543743] [UPDATE: Count=10325, Max=544255, Min=2, Avg=7752.8, 90=15695, 99=47135, 99.9=522751, 99.99=544255] [READ-FAILED: Count=4, Max=2719, Min=1877, Avg=2427, 90=2719, 99=2719, 99.9=2719, 99.99=2719] 
2020-09-07 14:20:26:848 270 sec: 537883 operations; 1773.6 current ops/sec; est completion in 1 hour 19 minutes [READ: Count=8882, Max=1013247, Min=2, Avg=9241.34, 90=15751, 99=58559, 99.9=533503, 99.99=1011711] [UPDATE: Count=8845, Max=1009663, Min=3, Avg=8767.51, 90=15855, 99=57759, 99.9=524287, 99.99=992767] [READ-FAILED: Count=8, Max=3099, Min=1829, Avg=2505.5, 90=2809, 99=3099, 99.9=3099, 99.99=3099] 
2020-09-07 14:20:36:848 280 sec: 558722 operations; 2084.11 current ops/sec; est completion in 1 hour 18 minutes [READ: Count=10458, Max=553983, Min=1, Avg=8034.69, 90=15695, 99=43871, 99.9=519935, 99.99=547839] [UPDATE: Count=10381, Max=547327, Min=1, Avg=7402.43, 90=15831, 99=39135, 99.9=517119, 99.99=543743] [READ-FAILED: Count=7, Max=7255, Min=2256, Avg=3395.14, 90=3895, 99=7255, 99.9=7255, 99.99=7255] 
2020-09-07 14:20:46:848 290 sec: 580572 operations; 2184.78 current ops/sec; est completion in 1 hour 18 minutes [READ: Count=10967, Max=547327, Min=0, Avg=7211.16, 90=15583, 99=37919, 99.9=516351, 99.99=538623] [UPDATE: Count=10874, Max=988159, Min=1, Avg=7399.52, 90=15839, 99=40415, 99.9=517375, 99.99=554495] [READ-FAILED: Count=6, Max=3105, Min=1772, Avg=2550.5, 90=3101, 99=3105, 99.9=3105, 99.99=3105] 
2020-09-07 14:20:56:848 300 sec: 602950 operations; 2238.02 current ops/sec; est completion in 1 hour 17 minutes [READ: Count=11195, Max=559103, Min=1, Avg=7261.07, 90=15895, 99=38175, 99.9=519167, 99.99=556543] [UPDATE: Count=11181, Max=559103, Min=1, Avg=7055.33, 90=15743, 99=36255, 99.9=520959, 99.99=558591] [READ-FAILED: Count=8, Max=3097, Min=2076, Avg=2621.75, 90=2963, 99=3097, 99.9=3097, 99.99=3097] 
Maximum time elapsed. Requesting stop for the workload.
Stop requested for workload. Now Joining!
[36m14:20:56.885[m [[34;1mINFO[m] [1;34mp.u.t.s.y.Stats.clientFinished@38[m: 
Ended SconeKV benchmark.
Number of clients: 16
Total transactions: 120006
Committed: 99988 (83.31917%)
Aborted: 20018 (16.680832%)
2020-09-07 14:20:56:889 300 sec: 603044 operations; 2350 current ops/sec; est completion in 1 hour 17 minutes [READ: Count=40, Max=20687, Min=2, Avg=6292.7, 90=15855, 99=20687, 99.9=20687, 99.99=20687] [CLEANUP: Count=16, Max=1951, Min=2, Avg=127.06, 90=17, 99=1951, 99.9=1951, 99.99=1951] [UPDATE: Count=43, Max=15103, Min=1766, Avg=5397.05, 90=13583, 99=15103, 99.9=15103, 99.99=15103] [READ-FAILED: Count=0, Max=0, Min=9223372036854775807, Avg=NaN, 90=0, 99=0, 99.9=0, 99.99=0] 
[OVERALL], RunTime(ms), 300039
[OVERALL], Throughput(ops/sec), 2009.885381567063
[TOTAL_GCS_G1_Young_Generation], Count, 102
[TOTAL_GC_TIME_G1_Young_Generation], Time(ms), 618
[TOTAL_GC_TIME_%_G1_Young_Generation], Time(%), 0.20597322348094746
[TOTAL_GCS_G1_Old_Generation], Count, 0
[TOTAL_GC_TIME_G1_Old_Generation], Time(ms), 0
[TOTAL_GC_TIME_%_G1_Old_Generation], Time(%), 0.0
[TOTAL_GCs], Count, 102
[TOTAL_GC_TIME], Time(ms), 618
[TOTAL_GC_TIME_%], Time(%), 0.20597322348094746
[READ], Operations, 301421
[READ], AverageLatency(us), 7847.040856476489
[READ], MinLatency(us), 0
[READ], MaxLatency(us), 1013759
[READ], 95thPercentileLatency(us), 19359
[READ], 99thPercentileLatency(us), 44575
[READ], Return=OK, 301421
[READ], Return=NOT_FOUND, 206
[CLEANUP], Operations, 16
[CLEANUP], AverageLatency(us), 127.0625
[CLEANUP], MinLatency(us), 2
[CLEANUP], MaxLatency(us), 1951
[CLEANUP], 95thPercentileLatency(us), 23
[CLEANUP], 99thPercentileLatency(us), 1951
[UPDATE], Operations, 301417
[UPDATE], AverageLatency(us), 7951.561531035078
[UPDATE], MinLatency(us), 1
[UPDATE], MaxLatency(us), 1011199
[UPDATE], 95thPercentileLatency(us), 19615
[UPDATE], 99thPercentileLatency(us), 46271
[UPDATE], Return=OK, 301417
[READ-FAILED], Operations, 206
[READ-FAILED], AverageLatency(us), 3111.0
[READ-FAILED], MinLatency(us), 1509
[READ-FAILED], MaxLatency(us), 46239
[READ-FAILED], 95thPercentileLatency(us), 4967
[READ-FAILED], 99thPercentileLatency(us), 14071
