Command line: -t -db pt.ulisboa.tecnico.sconekv.ycsb.SconeKVClient -P workloadb -threads 64 -s -p scone.tx_size=5 -p operationcount=10000000 -p maxexecutiontime=300
YCSB Client 0.17.0

Loading workload...
Starting test.
WARNING: sun.reflect.Reflection.getCallerClass is not supported. This will impact performance.
2020-09-29 11:20:46:827 0 sec: 0 operations; est completion in 0 second 
Maximum execution time specified as: 300 secs
DBWrapper: report latency for each error is false and specific error codes to track for latency are: []
DBWrapper: report latency for each error is false and specific error codes to track for latency are: []
DBWrapper: report latency for each error is false and specific error codes to track for latency are: []
DBWrapper: report latency for each error is false and specific error codes to track for latency are: []
DBWrapper: report latency for each error is false and specific error codes to track for latency are: []
DBWrapper: report latency for each error is false and specific error codes to track for latency are: []
DBWrapper: report latency for each error is false and specific error codes to track for latency are: []
DBWrapper: report latency for each error is false and specific error codes to track for latency are: []
DBWrapper: report latency for each error is false and specific error codes to track for latency are: []
DBWrapper: report latency for each error is false and specific error codes to track for latency are: []
DBWrapper: report latency for each error is false and specific error codes to track for latency are: []
DBWrapper: report latency for each error is false and specific error codes to track for latency are: []
DBWrapper: report latency for each error is false and specific error codes to track for latency are: []
DBWrapper: report latency for each error is false and specific error codes to track for latency are: []
DBWrapper: report latency for each error is false and specific error codes to track for latency are: []
DBWrapper: report latency for each error is false and specific error codes to track for latency are: []
DBWrapper: report latency for each error is false and specific error codes to track for latency are: []
DBWrapper: report latency for each error is false and specific error codes to track for latency are: []
DBWrapper: report latency for each error is false and specific error codes to track for latency are: []
DBWrapper: report latency for each error is false and specific error codes to track for latency are: []
DBWrapper: report latency for each error is false and specific error codes to track for latency are: []
DBWrapper: report latency for each error is false and specific error codes to track for latency are: []
DBWrapper: report latency for each error is false and specific error codes to track for latency are: []
DBWrapper: report latency for each error is false and specific error codes to track for latency are: []
DBWrapper: report latency for each error is false and specific error codes to track for latency are: []
DBWrapper: report latency for each error is false and specific error codes to track for latency are: []
DBWrapper: report latency for each error is false and specific error codes to track for latency are: []
DBWrapper: report latency for each error is false and specific error codes to track for latency are: []
DBWrapper: report latency for each error is false and specific error codes to track for latency are: []
DBWrapper: report latency for each error is false and specific error codes to track for latency are: []
DBWrapper: report latency for each error is false and specific error codes to track for latency are: []
DBWrapper: report latency for each error is false and specific error codes to track for latency are: []
DBWrapper: report latency for each error is false and specific error codes to track for latency are: []
DBWrapper: report latency for each error is false and specific error codes to track for latency are: []
DBWrapper: report latency for each error is false and specific error codes to track for latency are: []
DBWrapper: report latency for each error is false and specific error codes to track for latency are: []
DBWrapper: report latency for each error is false and specific error codes to track for latency are: []
DBWrapper: report latency for each error is false and specific error codes to track for latency are: []
DBWrapper: report latency for each error is false and specific error codes to track for latency are: []
DBWrapper: report latency for each error is false and specific error codes to track for latency are: []
DBWrapper: report latency for each error is false and specific error codes to track for latency are: []
DBWrapper: report latency for each error is false and specific error codes to track for latency are: []
DBWrapper: report latency for each error is false and specific error codes to track for latency are: []
DBWrapper: report latency for each error is false and specific error codes to track for latency are: []
DBWrapper: report latency for each error is false and specific error codes to track for latency are: []
DBWrapper: report latency for each error is false and specific error codes to track for latency are: []
DBWrapper: report latency for each error is false and specific error codes to track for latency are: []
DBWrapper: report latency for each error is false and specific error codes to track for latency are: []
DBWrapper: report latency for each error is false and specific error codes to track for latency are: []
DBWrapper: report latency for each error is false and specific error codes to track for latency are: []
DBWrapper: report latency for each error is false and specific error codes to track for latency are: []
DBWrapper: report latency for each error is false and specific error codes to track for latency are: []
DBWrapper: report latency for each error is false and specific error codes to track for latency are: []
DBWrapper: report latency for each error is false and specific error codes to track for latency are: []
DBWrapper: report latency for each error is false and specific error codes to track for latency are: []
DBWrapper: report latency for each error is false and specific error codes to track for latency are: []
DBWrapper: report latency for each error is false and specific error codes to track for latency are: []
DBWrapper: report latency for each error is false and specific error codes to track for latency are: []
DBWrapper: report latency for each error is false and specific error codes to track for latency are: []
DBWrapper: report latency for each error is false and specific error codes to track for latency are: []
DBWrapper: report latency for each error is false and specific error codes to track for latency are: []
DBWrapper: report latency for each error is false and specific error codes to track for latency are: []
DBWrapper: report latency for each error is false and specific error codes to track for latency are: []
DBWrapper: report latency for each error is false and specific error codes to track for latency are: []
2020-09-29 11:20:56:832 10 sec: 13551 operations; 1354.29 current ops/sec; est completion in 2 hours 2 minutes [READ: Count=12870, Max=811007, Min=0, Avg=32734.52, 90=66367, 99=247935, 99.9=598527, 99.99=772607] [UPDATE: Count=664, Max=935935, Min=19, Avg=34263.11, 90=64895, 99=415487, 99.9=654335, 99.99=935935] [READ-FAILED: Count=19, Max=95551, Min=2910, Avg=23951.53, 90=71103, 99=95551, 99.9=95551, 99.99=95551] 
2020-09-29 11:21:06:826 20 sec: 49179 operations; 3564.58 current ops/sec; est completion in 1 hour 7 minutes [READ: Count=33812, Max=1333247, Min=0, Avg=17346.02, 90=31167, 99=368127, 99.9=586239, 99.99=1010175] [UPDATE: Count=1791, Max=1474559, Min=18, Avg=24627.68, 90=33567, 99=524031, 99.9=1285119, 99.99=1474559] [READ-FAILED: Count=32, Max=21343, Min=1965, Avg=6178.09, 90=12671, 99=21343, 99.9=21343, 99.99=21343] 
2020-09-29 11:21:16:826 30 sec: 89270 operations; 4009.1 current ops/sec; est completion in 55 minutes [READ: Count=38020, Max=848383, Min=0, Avg=15368.66, 90=27983, 99=351487, 99.9=579071, 99.99=683007] [UPDATE: Count=2043, Max=804863, Min=18, Avg=23936.88, 90=31807, 99=536575, 99.9=690175, 99.99=804863] [READ-FAILED: Count=25, Max=27807, Min=1873, Avg=5245.88, 90=9831, 99=27807, 99.9=27807, 99.99=27807] 
2020-09-29 11:21:26:826 40 sec: 125782 operations; 3651.2 current ops/sec; est completion in 52 minutes [READ: Count=34704, Max=3811327, Min=0, Avg=17598.51, 90=29775, 99=513279, 99.9=834559, 99.99=2854911] [UPDATE: Count=1787, Max=1445887, Min=14, Avg=19294.95, 90=29871, 99=518143, 99.9=849407, 99.99=1445887] [READ-FAILED: Count=23, Max=34911, Min=2034, Avg=5386.91, 90=8543, 99=34911, 99.9=34911, 99.99=34911] 
2020-09-29 11:21:36:826 50 sec: 162821 operations; 3703.9 current ops/sec; est completion in 50 minutes [READ: Count=35145, Max=1777663, Min=0, Avg=17015.64, 90=25903, 99=519935, 99.9=569855, 99.99=870911] [UPDATE: Count=1868, Max=1798143, Min=15, Avg=21369.02, 90=28495, 99=522751, 99.9=700927, 99.99=1798143] [READ-FAILED: Count=21, Max=12239, Min=1649, Avg=4461.1, 90=8583, 99=12239, 99.9=12239, 99.99=12239] 
2020-09-29 11:21:46:826 60 sec: 202969 operations; 4014.8 current ops/sec; est completion in 48 minutes [READ: Count=38128, Max=1464319, Min=0, Avg=15706.12, 90=26735, 99=484607, 99.9=613375, 99.99=1179647] [UPDATE: Count=2008, Max=1012735, Min=15, Avg=21702.12, 90=29423, 99=523007, 99.9=939007, 99.99=1012735] [READ-FAILED: Count=19, Max=16207, Min=1931, Avg=3803.05, 90=5955, 99=16207, 99.9=16207, 99.99=16207] 
2020-09-29 11:21:56:826 70 sec: 240884 operations; 3791.5 current ops/sec; est completion in 47 minutes [READ: Count=35891, Max=2537471, Min=0, Avg=16618.14, 90=29487, 99=412671, 99.9=584703, 99.99=1644543] [UPDATE: Count=1983, Max=1148927, Min=16, Avg=21854.54, 90=30335, 99=531455, 99.9=826879, 99.99=1148927] [READ-FAILED: Count=33, Max=25007, Min=1817, Avg=4917.88, 90=8679, 99=25007, 99.9=25007, 99.99=25007] 
2020-09-29 11:22:06:826 80 sec: 282067 operations; 4118.3 current ops/sec; est completion in 45 minutes [READ: Count=39155, Max=1571839, Min=1, Avg=15394.21, 90=27023, 99=379391, 99.9=565247, 99.99=1196031] [UPDATE: Count=1995, Max=1422335, Min=14, Avg=19557.69, 90=27439, 99=523775, 99.9=1228799, 99.99=1422335] [READ-FAILED: Count=33, Max=21759, Min=1697, Avg=5195.76, 90=9743, 99=21759, 99.9=21759, 99.99=21759] 
2020-09-29 11:22:16:826 90 sec: 321065 operations; 3899.8 current ops/sec; est completion in 45 minutes [READ: Count=37044, Max=2029567, Min=0, Avg=16100.76, 90=27247, 99=488959, 99.9=575487, 99.99=1410047] [UPDATE: Count=1934, Max=1670143, Min=16, Avg=20559.07, 90=29375, 99=519423, 99.9=1112063, 99.99=1670143] [READ-FAILED: Count=26, Max=141183, Min=1926, Avg=10983.08, 90=8123, 99=141183, 99.9=141183, 99.99=141183] 
2020-09-29 11:22:26:826 100 sec: 354211 operations; 3314.6 current ops/sec; est completion in 45 minutes [READ: Count=31470, Max=2250751, Min=0, Avg=19068.98, 90=28815, 99=522751, 99.9=688127, 99.99=2075647] [UPDATE: Count=1649, Max=2303999, Min=16, Avg=24990.83, 90=28671, 99=547327, 99.9=1620991, 99.99=2303999] [READ-FAILED: Count=22, Max=24367, Min=1957, Avg=5265.68, 90=5731, 99=24367, 99.9=24367, 99.99=24367] 
2020-09-29 11:22:36:826 110 sec: 392407 operations; 3819.6 current ops/sec; est completion in 44 minutes [READ: Count=36214, Max=1498111, Min=0, Avg=16187.2, 90=26223, 99=517119, 99.9=592383, 99.99=987647] [UPDATE: Count=1955, Max=812543, Min=15, Avg=18058, 90=25135, 99=520447, 99.9=600575, 99.99=812543] [READ-FAILED: Count=28, Max=21935, Min=1933, Avg=4852.61, 90=10919, 99=21935, 99.9=21935, 99.99=21935] 
2020-09-29 11:22:46:826 120 sec: 432541 operations; 4013.4 current ops/sec; est completion in 44 minutes [READ: Count=38207, Max=2199551, Min=0, Avg=16155.42, 90=29743, 99=329471, 99.9=631295, 99.99=1785855] [UPDATE: Count=1909, Max=1918975, Min=15, Avg=18919.83, 90=30351, 99=464127, 99.9=708095, 99.99=1918975] [READ-FAILED: Count=22, Max=23423, Min=1566, Avg=4737, 90=8567, 99=23423, 99.9=23423, 99.99=23423] 
2020-09-29 11:22:56:826 130 sec: 463752 operations; 3121.1 current ops/sec; est completion in 44 minutes [READ: Count=29651, Max=1714175, Min=0, Avg=20371.73, 90=29327, 99=525823, 99.9=944127, 99.99=1540095] [UPDATE: Count=1535, Max=1114111, Min=16, Avg=22721.94, 90=30767, 99=531455, 99.9=926207, 99.99=1114111] [READ-FAILED: Count=19, Max=21791, Min=1965, Avg=4867, 90=7935, 99=21791, 99.9=21791, 99.99=21791] 
2020-09-29 11:23:06:826 140 sec: 503061 operations; 3930.9 current ops/sec; est completion in 44 minutes [READ: Count=37362, Max=1342463, Min=0, Avg=15375.06, 90=25839, 99=420863, 99.9=635391, 99.99=1083391] [UPDATE: Count=1914, Max=988159, Min=14, Avg=18446.08, 90=27759, 99=515839, 99.9=671743, 99.99=988159] [READ-FAILED: Count=33, Max=19295, Min=2060, Avg=4395.79, 90=6439, 99=19295, 99.9=19295, 99.99=19295] 
2020-09-29 11:23:16:826 150 sec: 537516 operations; 3445.5 current ops/sec; est completion in 44 minutes [READ: Count=32756, Max=3057663, Min=0, Avg=18995.06, 90=27919, 99=518143, 99.9=1107967, 99.99=2775039] [UPDATE: Count=1684, Max=3221503, Min=15, Avg=29955.83, 90=31359, 99=552447, 99.9=2069503, 99.99=3221503] [READ-FAILED: Count=17, Max=25919, Min=1998, Avg=7700.76, 90=19327, 99=25919, 99.9=25919, 99.99=25919] 
2020-09-29 11:23:26:826 160 sec: 571333 operations; 3381.7 current ops/sec; est completion in 44 minutes [READ: Count=32196, Max=1407999, Min=0, Avg=18651.15, 90=27199, 99=523775, 99.9=654847, 99.99=1193983] [UPDATE: Count=1601, Max=1038335, Min=15, Avg=25084.61, 90=31583, 99=524287, 99.9=575999, 99.99=1038335] [READ-FAILED: Count=20, Max=22367, Min=2196, Avg=6677.3, 90=12479, 99=22367, 99.9=22367, 99.99=22367] 
2020-09-29 11:23:36:826 170 sec: 602864 operations; 3153.1 current ops/sec; est completion in 44 minutes [READ: Count=29945, Max=1009151, Min=0, Avg=20112.25, 90=33951, 99=520703, 99.9=575999, 99.99=962559] [UPDATE: Count=1568, Max=1014783, Min=15, Avg=24573.87, 90=33983, 99=525311, 99.9=730623, 99.99=1014783] [READ-FAILED: Count=17, Max=9927, Min=1827, Avg=3732.59, 90=5103, 99=9927, 99.9=9927, 99.99=9927] 
2020-09-29 11:23:46:826 180 sec: 642119 operations; 3925.5 current ops/sec; est completion in 43 minutes [READ: Count=37300, Max=1328127, Min=0, Avg=15995.86, 90=30239, 99=278783, 99.9=574975, 99.99=886783] [UPDATE: Count=1936, Max=1192959, Min=15, Avg=21114.15, 90=31423, 99=525311, 99.9=954879, 99.99=1192959] [READ-FAILED: Count=21, Max=19039, Min=1813, Avg=4384.1, 90=8559, 99=19039, 99.9=19039, 99.99=19039] 
2020-09-29 11:23:56:826 190 sec: 682544 operations; 4042.5 current ops/sec; est completion in 43 minutes [READ: Count=38305, Max=1746943, Min=0, Avg=15662.87, 90=27871, 99=285439, 99.9=579071, 99.99=1404927] [UPDATE: Count=2090, Max=783359, Min=16, Avg=19937.79, 90=29807, 99=520447, 99.9=742399, 99.99=783359] [READ-FAILED: Count=28, Max=7339, Min=2146, Avg=3664.79, 90=6455, 99=7339, 99.9=7339, 99.99=7339] 
2020-09-29 11:24:06:826 200 sec: 718959 operations; 3641.5 current ops/sec; est completion in 43 minutes [READ: Count=34595, Max=1191935, Min=0, Avg=17320.41, 90=29471, 99=518911, 99.9=586751, 99.99=1082367] [UPDATE: Count=1797, Max=905215, Min=13, Avg=18957.71, 90=29343, 99=520703, 99.9=830463, 99.99=905215] [READ-FAILED: Count=24, Max=6923, Min=1686, Avg=3468.79, 90=5075, 99=6923, 99.9=6923, 99.99=6923] 
2020-09-29 11:24:16:826 210 sec: 757356 operations; 3839.7 current ops/sec; est completion in 42 minutes [READ: Count=36457, Max=1656831, Min=0, Avg=16641.15, 90=26959, 99=516351, 99.9=666111, 99.99=1050623] [UPDATE: Count=1912, Max=1821695, Min=14, Avg=20323.14, 90=27167, 99=518399, 99.9=1154047, 99.99=1821695] [READ-FAILED: Count=26, Max=11759, Min=1744, Avg=4061.19, 90=5331, 99=11759, 99.9=11759, 99.99=11759] 
2020-09-29 11:24:26:826 220 sec: 797339 operations; 3998.3 current ops/sec; est completion in 42 minutes [READ: Count=38025, Max=1777663, Min=0, Avg=15714.15, 90=27247, 99=454655, 99.9=578047, 99.99=1321983] [UPDATE: Count=1925, Max=1678335, Min=15, Avg=20105.21, 90=27951, 99=519935, 99.9=1045503, 99.99=1678335] [READ-FAILED: Count=35, Max=49439, Min=1990, Avg=5416.26, 90=8067, 99=49439, 99.9=49439, 99.99=49439] 
2020-09-29 11:24:36:826 230 sec: 832021 operations; 3468.2 current ops/sec; est completion in 42 minutes [READ: Count=32881, Max=1341439, Min=0, Avg=18083.93, 90=29167, 99=519167, 99.9=586239, 99.99=1105919] [UPDATE: Count=1771, Max=1000959, Min=16, Avg=22343.82, 90=29903, 99=524287, 99.9=949247, 99.99=1000959] [READ-FAILED: Count=28, Max=15023, Min=2062, Avg=4546.36, 90=7355, 99=15023, 99.9=15023, 99.99=15023] 
2020-09-29 11:24:46:826 240 sec: 868630 operations; 3660.9 current ops/sec; est completion in 42 minutes [READ: Count=34748, Max=2289663, Min=0, Avg=17255.09, 90=28127, 99=518911, 99.9=599039, 99.99=1124351] [UPDATE: Count=1837, Max=1063935, Min=17, Avg=22231.45, 90=29759, 99=529407, 99.9=867327, 99.99=1063935] [READ-FAILED: Count=24, Max=12511, Min=1517, Avg=3863.12, 90=5587, 99=12511, 99.9=12511, 99.99=12511] 
2020-09-29 11:24:56:826 250 sec: 909583 operations; 4095.3 current ops/sec; est completion in 41 minutes [READ: Count=38823, Max=2197503, Min=0, Avg=15351.89, 90=25647, 99=466175, 99.9=803839, 99.99=1582079] [UPDATE: Count=2098, Max=2209791, Min=15, Avg=25175.34, 90=27231, 99=543231, 99.9=1784831, 99.99=2209791] [READ-FAILED: Count=31, Max=92735, Min=1950, Avg=6934.42, 90=5831, 99=92735, 99.9=92735, 99.99=92735] 
2020-09-29 11:25:06:826 260 sec: 943675 operations; 3409.2 current ops/sec; est completion in 41 minutes [READ: Count=32339, Max=1335295, Min=0, Avg=17818.23, 90=29023, 99=513535, 99.9=658943, 99.99=1245183] [UPDATE: Count=1722, Max=1381375, Min=16, Avg=26409.5, 90=30927, 99=528383, 99.9=1352703, 99.99=1381375] [READ-FAILED: Count=30, Max=9071, Min=1852, Avg=3474.5, 90=4831, 99=9071, 99.9=9071, 99.99=9071] 
2020-09-29 11:25:16:826 270 sec: 978703 operations; 3502.8 current ops/sec; est completion in 41 minutes [READ: Count=33223, Max=2258943, Min=0, Avg=18230.77, 90=29695, 99=519423, 99.9=654847, 99.99=1858559] [UPDATE: Count=1784, Max=1552383, Min=15, Avg=25006.36, 90=31231, 99=542719, 99.9=1486847, 99.99=1552383] [READ-FAILED: Count=24, Max=17151, Min=1641, Avg=4602.38, 90=7899, 99=17151, 99.9=17151, 99.99=17151] 
2020-09-29 11:25:26:826 280 sec: 1020772 operations; 4206.9 current ops/sec; est completion in 41 minutes [READ: Count=39974, Max=1875967, Min=0, Avg=15094.82, 90=26271, 99=318719, 99.9=660991, 99.99=1739775] [UPDATE: Count=2071, Max=1429503, Min=16, Avg=17543.81, 90=26911, 99=415743, 99.9=1108991, 99.99=1429503] [READ-FAILED: Count=25, Max=19231, Min=1671, Avg=4312.76, 90=9575, 99=19231, 99.9=19231, 99.99=19231] 
2020-09-29 11:25:36:826 290 sec: 1062097 operations; 4132.5 current ops/sec; est completion in 40 minutes [READ: Count=39286, Max=1326079, Min=0, Avg=15557.32, 90=27199, 99=308735, 99.9=618495, 99.99=1191935] [UPDATE: Count=2012, Max=991231, Min=5, Avg=17443.4, 90=27439, 99=516607, 99.9=567295, 99.99=991231] [READ-FAILED: Count=25, Max=19695, Min=1951, Avg=4680.88, 90=6771, 99=19695, 99.9=19695, 99.99=19695] 
2020-09-29 11:25:46:826 300 sec: 1095545 operations; 3344.8 current ops/sec; est completion in 40 minutes [READ: Count=31781, Max=2541567, Min=0, Avg=18764.45, 90=30255, 99=517631, 99.9=963583, 99.99=1974271] [UPDATE: Count=1639, Max=1344511, Min=5, Avg=23303.34, 90=33535, 99=520703, 99.9=862719, 99.99=1344511] [READ-FAILED: Count=27, Max=36255, Min=1999, Avg=7350, 90=13351, 99=36255, 99.9=36255, 99.99=36255] 
Maximum time elapsed. Requesting stop for the workload.
Stop requested for workload. Now Joining!
[36m11:25:47.414[m [[34;1mINFO[m] [1;34mp.u.t.s.y.Stats.clientFinished@38[m: 
Ended SconeKV benchmark.
Number of clients: 64
Total transactions: 218027
Committed: 206050 (94.506645%)
Aborted: 11977 (5.493356%)
2020-09-29 11:25:47:416 300 sec: 1095838 operations; 497.45 current ops/sec; est completion in 40 minutes [READ: Count=274, Max=559615, Min=0, Avg=69276.3, 90=303615, 99=547327, 99.9=559615, 99.99=559615] [CLEANUP: Count=64, Max=1635, Min=3, Avg=29.86, 90=5, 99=42, 99.9=1635, 99.99=1635] [UPDATE: Count=18, Max=537599, Min=9, Avg=103693.06, 90=437247, 99=537599, 99.9=537599, 99.99=537599] [READ-FAILED: Count=0, Max=0, Min=9223372036854775807, Avg=NaN, 90=0, 99=0, 99.9=0, 99.99=0] 
[OVERALL], RunTime(ms), 300590
[OVERALL], Throughput(ops/sec), 3645.6236069064175
[TOTAL_GCS_G1_Young_Generation], Count, 192
[TOTAL_GC_TIME_G1_Young_Generation], Time(ms), 1770
[TOTAL_GC_TIME_%_G1_Young_Generation], Time(%), 0.588841944176453
[TOTAL_GCS_G1_Old_Generation], Count, 0
[TOTAL_GC_TIME_G1_Old_Generation], Time(ms), 0
[TOTAL_GC_TIME_%_G1_Old_Generation], Time(%), 0.0
[TOTAL_GCs], Count, 192
[TOTAL_GC_TIME], Time(ms), 1770
[TOTAL_GC_TIME_%], Time(%), 0.588841944176453
[READ], Operations, 1040581
[READ], AverageLatency(us), 17110.05763799262
[READ], MinLatency(us), 0
[READ], MaxLatency(us), 3811327
[READ], 95thPercentileLatency(us), 40351
[READ], 99thPercentileLatency(us), 515839
[READ], Return=OK, 1040581
[READ], Return=NOT_FOUND, 757
[CLEANUP], Operations, 64
[CLEANUP], AverageLatency(us), 29.859375
[CLEANUP], MinLatency(us), 3
[CLEANUP], MaxLatency(us), 1635
[CLEANUP], 95thPercentileLatency(us), 12
[CLEANUP], 99thPercentileLatency(us), 42
[UPDATE], Operations, 54500
[UPDATE], AverageLatency(us), 21959.403027522934
[UPDATE], MinLatency(us), 5
[UPDATE], MaxLatency(us), 3221503
[UPDATE], 95thPercentileLatency(us), 47487
[UPDATE], 99thPercentileLatency(us), 523775
[UPDATE], Return=OK, 54500
[READ-FAILED], Operations, 757
[READ-FAILED], AverageLatency(us), 5628.147952443857
[READ-FAILED], MinLatency(us), 1517
[READ-FAILED], MaxLatency(us), 141183
[READ-FAILED], 95thPercentileLatency(us), 15527
[READ-FAILED], 99thPercentileLatency(us), 34911
