Command line: -t -db pt.ulisboa.tecnico.sconekv.ycsb.SconeKVClient -P workloadc -threads 128 -s -p scone.tx_size=5 -p operationcount=10000000 -p maxexecutiontime=300
YCSB Client 0.17.0

Loading workload...
Starting test.
WARNING: sun.reflect.Reflection.getCallerClass is not supported. This will impact performance.
2020-09-29 13:58:31:680 0 sec: 0 operations; est completion in 0 second 
Maximum execution time specified as: 300 secs
DBWrapper: report latency for each error is false and specific error codes to track for latency are: []
DBWrapper: report latency for each error is false and specific error codes to track for latency are: []
DBWrapper: report latency for each error is false and specific error codes to track for latency are: []
DBWrapper: report latency for each error is false and specific error codes to track for latency are: []
DBWrapper: report latency for each error is false and specific error codes to track for latency are: []
DBWrapper: report latency for each error is false and specific error codes to track for latency are: []
DBWrapper: report latency for each error is false and specific error codes to track for latency are: []
DBWrapper: report latency for each error is false and specific error codes to track for latency are: []
DBWrapper: report latency for each error is false and specific error codes to track for latency are: []
DBWrapper: report latency for each error is false and specific error codes to track for latency are: []
DBWrapper: report latency for each error is false and specific error codes to track for latency are: []
DBWrapper: report latency for each error is false and specific error codes to track for latency are: []
DBWrapper: report latency for each error is false and specific error codes to track for latency are: []
DBWrapper: report latency for each error is false and specific error codes to track for latency are: []
DBWrapper: report latency for each error is false and specific error codes to track for latency are: []
DBWrapper: report latency for each error is false and specific error codes to track for latency are: []
DBWrapper: report latency for each error is false and specific error codes to track for latency are: []
DBWrapper: report latency for each error is false and specific error codes to track for latency are: []
DBWrapper: report latency for each error is false and specific error codes to track for latency are: []
DBWrapper: report latency for each error is false and specific error codes to track for latency are: []
DBWrapper: report latency for each error is false and specific error codes to track for latency are: []
DBWrapper: report latency for each error is false and specific error codes to track for latency are: []
DBWrapper: report latency for each error is false and specific error codes to track for latency are: []
DBWrapper: report latency for each error is false and specific error codes to track for latency are: []
DBWrapper: report latency for each error is false and specific error codes to track for latency are: []
DBWrapper: report latency for each error is false and specific error codes to track for latency are: []
DBWrapper: report latency for each error is false and specific error codes to track for latency are: []
DBWrapper: report latency for each error is false and specific error codes to track for latency are: []
DBWrapper: report latency for each error is false and specific error codes to track for latency are: []
DBWrapper: report latency for each error is false and specific error codes to track for latency are: []
DBWrapper: report latency for each error is false and specific error codes to track for latency are: []
DBWrapper: report latency for each error is false and specific error codes to track for latency are: []
DBWrapper: report latency for each error is false and specific error codes to track for latency are: []
DBWrapper: report latency for each error is false and specific error codes to track for latency are: []
DBWrapper: report latency for each error is false and specific error codes to track for latency are: []
DBWrapper: report latency for each error is false and specific error codes to track for latency are: []
DBWrapper: report latency for each error is false and specific error codes to track for latency are: []
DBWrapper: report latency for each error is false and specific error codes to track for latency are: []
DBWrapper: report latency for each error is false and specific error codes to track for latency are: []
DBWrapper: report latency for each error is false and specific error codes to track for latency are: []
DBWrapper: report latency for each error is false and specific error codes to track for latency are: []
DBWrapper: report latency for each error is false and specific error codes to track for latency are: []
DBWrapper: report latency for each error is false and specific error codes to track for latency are: []
DBWrapper: report latency for each error is false and specific error codes to track for latency are: []
DBWrapper: report latency for each error is false and specific error codes to track for latency are: []
DBWrapper: report latency for each error is false and specific error codes to track for latency are: []
DBWrapper: report latency for each error is false and specific error codes to track for latency are: []
DBWrapper: report latency for each error is false and specific error codes to track for latency are: []
DBWrapper: report latency for each error is false and specific error codes to track for latency are: []
DBWrapper: report latency for each error is false and specific error codes to track for latency are: []
DBWrapper: report latency for each error is false and specific error codes to track for latency are: []
DBWrapper: report latency for each error is false and specific error codes to track for latency are: []
DBWrapper: report latency for each error is false and specific error codes to track for latency are: []
DBWrapper: report latency for each error is false and specific error codes to track for latency are: []
DBWrapper: report latency for each error is false and specific error codes to track for latency are: []
DBWrapper: report latency for each error is false and specific error codes to track for latency are: []
DBWrapper: report latency for each error is false and specific error codes to track for latency are: []
DBWrapper: report latency for each error is false and specific error codes to track for latency are: []
DBWrapper: report latency for each error is false and specific error codes to track for latency are: []
DBWrapper: report latency for each error is false and specific error codes to track for latency are: []
DBWrapper: report latency for each error is false and specific error codes to track for latency are: []
DBWrapper: report latency for each error is false and specific error codes to track for latency are: []
DBWrapper: report latency for each error is false and specific error codes to track for latency are: []
DBWrapper: report latency for each error is false and specific error codes to track for latency are: []
DBWrapper: report latency for each error is false and specific error codes to track for latency are: []
DBWrapper: report latency for each error is false and specific error codes to track for latency are: []
DBWrapper: report latency for each error is false and specific error codes to track for latency are: []
DBWrapper: report latency for each error is false and specific error codes to track for latency are: []
DBWrapper: report latency for each error is false and specific error codes to track for latency are: []
DBWrapper: report latency for each error is false and specific error codes to track for latency are: []
DBWrapper: report latency for each error is false and specific error codes to track for latency are: []
DBWrapper: report latency for each error is false and specific error codes to track for latency are: []
DBWrapper: report latency for each error is false and specific error codes to track for latency are: []
DBWrapper: report latency for each error is false and specific error codes to track for latency are: []
DBWrapper: report latency for each error is false and specific error codes to track for latency are: []
DBWrapper: report latency for each error is false and specific error codes to track for latency are: []
DBWrapper: report latency for each error is false and specific error codes to track for latency are: []
DBWrapper: report latency for each error is false and specific error codes to track for latency are: []
DBWrapper: report latency for each error is false and specific error codes to track for latency are: []
DBWrapper: report latency for each error is false and specific error codes to track for latency are: []
DBWrapper: report latency for each error is false and specific error codes to track for latency are: []
DBWrapper: report latency for each error is false and specific error codes to track for latency are: []
DBWrapper: report latency for each error is false and specific error codes to track for latency are: []
DBWrapper: report latency for each error is false and specific error codes to track for latency are: []
DBWrapper: report latency for each error is false and specific error codes to track for latency are: []
DBWrapper: report latency for each error is false and specific error codes to track for latency are: []
DBWrapper: report latency for each error is false and specific error codes to track for latency are: []
DBWrapper: report latency for each error is false and specific error codes to track for latency are: []
DBWrapper: report latency for each error is false and specific error codes to track for latency are: []
DBWrapper: report latency for each error is false and specific error codes to track for latency are: []
DBWrapper: report latency for each error is false and specific error codes to track for latency are: []
DBWrapper: report latency for each error is false and specific error codes to track for latency are: []
DBWrapper: report latency for each error is false and specific error codes to track for latency are: []
DBWrapper: report latency for each error is false and specific error codes to track for latency are: []
DBWrapper: report latency for each error is false and specific error codes to track for latency are: []
DBWrapper: report latency for each error is false and specific error codes to track for latency are: []
DBWrapper: report latency for each error is false and specific error codes to track for latency are: []
DBWrapper: report latency for each error is false and specific error codes to track for latency are: []
DBWrapper: report latency for each error is false and specific error codes to track for latency are: []
DBWrapper: report latency for each error is false and specific error codes to track for latency are: []
DBWrapper: report latency for each error is false and specific error codes to track for latency are: []
DBWrapper: report latency for each error is false and specific error codes to track for latency are: []
DBWrapper: report latency for each error is false and specific error codes to track for latency are: []
DBWrapper: report latency for each error is false and specific error codes to track for latency are: []
DBWrapper: report latency for each error is false and specific error codes to track for latency are: []
DBWrapper: report latency for each error is false and specific error codes to track for latency are: []
DBWrapper: report latency for each error is false and specific error codes to track for latency are: []
2020-09-29 13:58:41:679 10 sec: 11302 operations; 1130.09 current ops/sec; est completion in 2 hours 27 minutes [READ: Count=11286, Max=755199, Min=3, Avg=42247.07, 90=102783, 99=449535, 99.9=653823, 99.99=699903] [READ-FAILED: Count=21, Max=145279, Min=2338, Avg=27574.24, 90=52927, 99=145279, 99.9=145279, 99.99=145279] 
DBWrapper: report latency for each error is false and specific error codes to track for latency are: []
DBWrapper: report latency for each error is false and specific error codes to track for latency are: []
DBWrapper: report latency for each error is false and specific error codes to track for latency are: []
DBWrapper: report latency for each error is false and specific error codes to track for latency are: []
DBWrapper: report latency for each error is false and specific error codes to track for latency are: []
DBWrapper: report latency for each error is false and specific error codes to track for latency are: []
DBWrapper: report latency for each error is false and specific error codes to track for latency are: []
DBWrapper: report latency for each error is false and specific error codes to track for latency are: []
DBWrapper: report latency for each error is false and specific error codes to track for latency are: []
DBWrapper: report latency for each error is false and specific error codes to track for latency are: []
DBWrapper: report latency for each error is false and specific error codes to track for latency are: []
DBWrapper: report latency for each error is false and specific error codes to track for latency are: []
DBWrapper: report latency for each error is false and specific error codes to track for latency are: []
DBWrapper: report latency for each error is false and specific error codes to track for latency are: []
DBWrapper: report latency for each error is false and specific error codes to track for latency are: []
DBWrapper: report latency for each error is false and specific error codes to track for latency are: []
DBWrapper: report latency for each error is false and specific error codes to track for latency are: []
DBWrapper: report latency for each error is false and specific error codes to track for latency are: []
DBWrapper: report latency for each error is false and specific error codes to track for latency are: []
DBWrapper: report latency for each error is false and specific error codes to track for latency are: []
DBWrapper: report latency for each error is false and specific error codes to track for latency are: []
2020-09-29 13:58:51:685 20 sec: 45755 operations; 3444.27 current ops/sec; est completion in 1 hour 12 minutes [READ: Count=34410, Max=750079, Min=2, Avg=33860.37, 90=64543, 99=528895, 99.9=638975, 99.99=695807] [READ-FAILED: Count=44, Max=139903, Min=3456, Avg=16330.89, 90=29743, 99=139903, 99.9=139903, 99.99=139903] 
2020-09-29 13:59:01:678 30 sec: 99502 operations; 5376.31 current ops/sec; est completion in 49 minutes [READ: Count=53698, Max=15081471, Min=2, Avg=23714.97, 90=43775, 99=537599, 99.9=589823, 99.99=649215] [READ-FAILED: Count=51, Max=37087, Min=1917, Avg=6249.76, 90=9735, 99=26047, 99.9=37087, 99.99=37087] 
2020-09-29 13:59:11:678 40 sec: 150192 operations; 5069 current ops/sec; est completion in 43 minutes [READ: Count=50634, Max=672255, Min=2, Avg=25002.27, 90=44543, 99=544255, 99.9=605183, 99.99=654847] [READ-FAILED: Count=51, Max=18959, Min=1607, Avg=5001.29, 90=8831, 99=11511, 99.9=18959, 99.99=18959] 
2020-09-29 13:59:21:678 50 sec: 199288 operations; 4909.6 current ops/sec; est completion in 40 minutes [READ: Count=49047, Max=1016319, Min=2, Avg=26556.24, 90=42847, 99=541183, 99.9=625663, 99.99=886271] [READ-FAILED: Count=63, Max=29327, Min=1448, Avg=4535.7, 90=7139, 99=16719, 99.9=29327, 99.99=29327] 
2020-09-29 13:59:31:678 60 sec: 250993 operations; 5170.5 current ops/sec; est completion in 38 minutes [READ: Count=51621, Max=686079, Min=2, Avg=24783.89, 90=45375, 99=537087, 99.9=576511, 99.99=652799] [READ-FAILED: Count=69, Max=20047, Min=1756, Avg=5352.03, 90=10559, 99=19631, 99.9=20047, 99.99=20047] 
2020-09-29 13:59:41:678 70 sec: 308043 operations; 5705 current ops/sec; est completion in 36 minutes [READ: Count=56961, Max=644095, Min=2, Avg=22441.32, 90=44575, 99=535039, 99.9=569855, 99.99=621567] [READ-FAILED: Count=90, Max=56095, Min=1951, Avg=5949.49, 90=9511, 99=29263, 99.9=56095, 99.99=56095] 
2020-09-29 13:59:51:678 80 sec: 359357 operations; 5131.4 current ops/sec; est completion in 35 minutes [READ: Count=51260, Max=693759, Min=2, Avg=25056.98, 90=41311, 99=543743, 99.9=603135, 99.99=671231] [READ-FAILED: Count=58, Max=14791, Min=1791, Avg=4729.41, 90=8447, 99=9495, 99.9=14791, 99.99=14791] 
2020-09-29 14:00:01:678 90 sec: 406658 operations; 4730.1 current ops/sec; est completion in 35 minutes [READ: Count=47240, Max=693247, Min=2, Avg=26755.25, 90=50783, 99=550399, 99.9=589311, 99.99=615935] [READ-FAILED: Count=55, Max=24271, Min=2010, Avg=6443.11, 90=14759, 99=22431, 99.9=24271, 99.99=24271] 
2020-09-29 14:00:11:678 100 sec: 452665 operations; 4600.7 current ops/sec; est completion in 35 minutes [READ: Count=45951, Max=1128447, Min=2, Avg=28069.01, 90=47743, 99=541695, 99.9=601087, 99.99=668159] [READ-FAILED: Count=57, Max=348671, Min=1947, Avg=18890.79, 90=16943, 99=192511, 99.9=348671, 99.99=348671] 
2020-09-29 14:00:21:940 110 sec: 502704 operations; 4876.62 current ops/sec; est completion in 34 minutes [READ: Count=50004, Max=992767, Min=2, Avg=25261.22, 90=52511, 99=535551, 99.9=718335, 99.99=980991] [READ-FAILED: Count=62, Max=33151, Min=2084, Avg=6519.35, 90=9727, 99=29695, 99.9=33151, 99.99=33151] 
2020-09-29 14:00:31:678 120 sec: 560225 operations; 5906.25 current ops/sec; est completion in 33 minutes [READ: Count=57419, Max=1030655, Min=2, Avg=22511.95, 90=46175, 99=531455, 99.9=660479, 99.99=992255] [READ-FAILED: Count=73, Max=21567, Min=2376, Avg=5735.34, 90=9863, 99=17199, 99.9=21567, 99.99=21567] 
2020-09-29 14:00:41:678 130 sec: 622830 operations; 6260.5 current ops/sec; est completion in 32 minutes [READ: Count=62530, Max=715263, Min=2, Avg=20407.27, 90=43455, 99=528895, 99.9=617983, 99.99=647679] [READ-FAILED: Count=75, Max=57951, Min=1743, Avg=5563.72, 90=7995, 99=25263, 99.9=57951, 99.99=57951] 
2020-09-29 14:00:51:678 140 sec: 681404 operations; 5857.4 current ops/sec; est completion in 31 minutes [READ: Count=58516, Max=973823, Min=2, Avg=21958.37, 90=47711, 99=521983, 99.9=608255, 99.99=670207] [READ-FAILED: Count=62, Max=513023, Min=1808, Avg=15084.89, 90=14911, 99=53055, 99.9=513023, 99.99=513023] 
2020-09-29 14:01:01:678 150 sec: 739517 operations; 5811.3 current ops/sec; est completion in 31 minutes [READ: Count=58039, Max=714239, Min=2, Avg=21994.5, 90=45823, 99=528895, 99.9=605183, 99.99=671743] [READ-FAILED: Count=71, Max=14103, Min=1854, Avg=5280.14, 90=9607, 99=12975, 99.9=14103, 99.99=14103] 
2020-09-29 14:01:11:678 160 sec: 802478 operations; 6296.1 current ops/sec; est completion in 30 minutes [READ: Count=62894, Max=1040895, Min=2, Avg=20391.79, 90=47103, 99=220799, 99.9=629247, 99.99=672767] [READ-FAILED: Count=72, Max=28751, Min=2037, Avg=6428.22, 90=11767, 99=17247, 99.9=28751, 99.99=28751] 
2020-09-29 14:01:21:678 170 sec: 860575 operations; 5810.28 current ops/sec; est completion in 30 minutes [READ: Count=58034, Max=915455, Min=2, Avg=22086.49, 90=46943, 99=532479, 99.9=576511, 99.99=661503] [READ-FAILED: Count=63, Max=54815, Min=1997, Avg=5893.13, 90=8175, 99=18607, 99.9=54815, 99.99=54815] 
2020-09-29 14:01:31:682 180 sec: 922719 operations; 6211.92 current ops/sec; est completion in 29 minutes [READ: Count=62055, Max=688639, Min=2, Avg=20519.84, 90=45087, 99=528895, 99.9=613887, 99.99=673791] [READ-FAILED: Count=83, Max=27039, Min=2160, Avg=5505.27, 90=9631, 99=18239, 99.9=27039, 99.99=27039] 
2020-09-29 14:01:41:678 190 sec: 985804 operations; 6310.39 current ops/sec; est completion in 28 minutes [READ: Count=63010, Max=697855, Min=2, Avg=20405.33, 90=44799, 99=527359, 99.9=634879, 99.99=682495] [READ-FAILED: Count=76, Max=20047, Min=1701, Avg=5705.09, 90=9887, 99=14679, 99.9=20047, 99.99=20047] 
2020-09-29 14:01:51:678 200 sec: 1044932 operations; 5912.8 current ops/sec; est completion in 28 minutes [READ: Count=59060, Max=971775, Min=2, Avg=21489.91, 90=46015, 99=527359, 99.9=663551, 99.99=694783] [READ-FAILED: Count=69, Max=59839, Min=2088, Avg=7249.74, 90=9999, 99=49631, 99.9=59839, 99.99=59839] 
2020-09-29 14:02:01:678 210 sec: 1103114 operations; 5818.2 current ops/sec; est completion in 28 minutes [READ: Count=58123, Max=902143, Min=2, Avg=22166.16, 90=48127, 99=527871, 99.9=637439, 99.99=840191] [READ-FAILED: Count=63, Max=38911, Min=2076, Avg=6489.59, 90=10263, 99=31071, 99.9=38911, 99.99=38911] 
2020-09-29 14:02:11:678 220 sec: 1163246 operations; 6013.2 current ops/sec; est completion in 27 minutes [READ: Count=60062, Max=762879, Min=2, Avg=21115.65, 90=46047, 99=526335, 99.9=662015, 99.99=694271] [READ-FAILED: Count=70, Max=25599, Min=1992, Avg=5346.83, 90=7483, 99=18847, 99.9=25599, 99.99=25599] 
2020-09-29 14:02:21:678 230 sec: 1220078 operations; 5683.2 current ops/sec; est completion in 27 minutes [READ: Count=56767, Max=709119, Min=2, Avg=22792.64, 90=47071, 99=527359, 99.9=627711, 99.99=701439] [READ-FAILED: Count=61, Max=49471, Min=2080, Avg=6876.34, 90=13239, 99=25823, 99.9=49471, 99.99=49471] 
2020-09-29 14:02:31:678 240 sec: 1276307 operations; 5622.9 current ops/sec; est completion in 27 minutes [READ: Count=56163, Max=690687, Min=2, Avg=22442.89, 90=45823, 99=531455, 99.9=653823, 99.99=684031] [READ-FAILED: Count=64, Max=53983, Min=1768, Avg=7270.58, 90=14711, 99=41439, 99.9=53983, 99.99=53983] 
2020-09-29 14:02:41:678 250 sec: 1328463 operations; 5215.6 current ops/sec; est completion in 27 minutes [READ: Count=52085, Max=708095, Min=2, Avg=24794.3, 90=54687, 99=536063, 99.9=610815, 99.99=684543] [READ-FAILED: Count=75, Max=55263, Min=1763, Avg=6347.11, 90=9607, 99=18223, 99.9=55263, 99.99=55263] 
2020-09-29 14:02:51:678 260 sec: 1391082 operations; 6261.9 current ops/sec; est completion in 26 minutes [READ: Count=62551, Max=689663, Min=2, Avg=20461.72, 90=48927, 99=255743, 99.9=615935, 99.99=678911] [READ-FAILED: Count=66, Max=65535, Min=1777, Avg=7518.23, 90=11871, 99=32735, 99.9=65535, 99.99=65535] 
2020-09-29 14:03:01:678 270 sec: 1452417 operations; 6133.5 current ops/sec; est completion in 26 minutes [READ: Count=61268, Max=1062911, Min=2, Avg=20783.63, 90=47711, 99=520191, 99.9=648703, 99.99=797695] [READ-FAILED: Count=73, Max=92799, Min=1882, Avg=8224.47, 90=10919, 99=68095, 99.9=92799, 99.99=92799] 
2020-09-29 14:03:11:678 280 sec: 1506270 operations; 5385.3 current ops/sec; est completion in 26 minutes [READ: Count=53774, Max=700415, Min=2, Avg=23868.86, 90=44319, 99=537087, 99.9=619519, 99.99=692223] [READ-FAILED: Count=74, Max=303615, Min=1689, Avg=10316.14, 90=11087, 99=42079, 99.9=303615, 99.99=303615] 
2020-09-29 14:03:21:678 290 sec: 1561541 operations; 5527.1 current ops/sec; est completion in 26 minutes [READ: Count=55194, Max=797183, Min=2, Avg=23243.54, 90=44383, 99=535551, 99.9=650239, 99.99=692735] [READ-FAILED: Count=75, Max=61631, Min=1908, Avg=5948.48, 90=9423, 99=41215, 99.9=61631, 99.99=61631] 
2020-09-29 14:03:31:678 300 sec: 1618647 operations; 5710.6 current ops/sec; est completion in 25 minutes [READ: Count=57023, Max=701951, Min=2, Avg=22113.86, 90=44735, 99=536575, 99.9=633343, 99.99=674303] [READ-FAILED: Count=82, Max=134399, Min=1579, Avg=6751.78, 90=10311, 99=19407, 99.9=134399, 99.99=134399] 
Maximum time elapsed. Requesting stop for the workload.
Stop requested for workload. Now Joining!
[36m14:03:32.341[m [[34;1mINFO[m] [1;34mp.u.t.s.y.Stats.clientFinished@38[m: 
Ended SconeKV benchmark.
Number of clients: 128
Total transactions: 322219
Committed: 322219 (100.0%)
Aborted: 0 (0.0%)
2020-09-29 14:03:32:343 300 sec: 1619636 operations; 1489.46 current ops/sec; est completion in 25 minutes [READ: Count=987, Max=685567, Min=3, Avg=60911.9, 90=127487, 99=669695, 99.9=685055, 99.99=685567] [CLEANUP: Count=128, Max=1455, Min=2, Avg=14.73, 90=5, 99=14, 99.9=1455, 99.99=1455] [READ-FAILED: Count=2, Max=4179, Min=3010, Avg=3594.5, 90=4179, 99=4179, 99.9=4179, 99.99=4179] 
[OVERALL], RunTime(ms), 300664
[OVERALL], Throughput(ops/sec), 5386.863741585291
[TOTAL_GCS_G1_Young_Generation], Count, 165
[TOTAL_GC_TIME_G1_Young_Generation], Time(ms), 3409
[TOTAL_GC_TIME_%_G1_Young_Generation], Time(%), 1.1338238033153287
[TOTAL_GCS_G1_Old_Generation], Count, 0
[TOTAL_GC_TIME_G1_Old_Generation], Time(ms), 0
[TOTAL_GC_TIME_%_G1_Old_Generation], Time(%), 0.0
[TOTAL_GCs], Count, 165
[TOTAL_GC_TIME], Time(ms), 3409
[TOTAL_GC_TIME_%], Time(%), 1.1338238033153287
[READ], Operations, 1617666
[READ], AverageLatency(us), 23186.917849543726
[READ], MinLatency(us), 2
[READ], MaxLatency(us), 15081471
[READ], 95thPercentileLatency(us), 62943
[READ], 99thPercentileLatency(us), 533503
[READ], Return=OK, 1617666
[READ], Return=NOT_FOUND, 1970
[CLEANUP], Operations, 128
[CLEANUP], AverageLatency(us), 14.7265625
[CLEANUP], MinLatency(us), 2
[CLEANUP], MaxLatency(us), 1455
[CLEANUP], 95thPercentileLatency(us), 7
[CLEANUP], 99thPercentileLatency(us), 14
[READ-FAILED], Operations, 1970
[READ-FAILED], AverageLatency(us), 7387.521319796954
[READ-FAILED], MinLatency(us), 1448
[READ-FAILED], MaxLatency(us), 513023
[READ-FAILED], 95thPercentileLatency(us), 16943
[READ-FAILED], 99thPercentileLatency(us), 53983
