Command line: -t -db pt.ulisboa.tecnico.sconekv.ycsb.SconeKVClient -P workloadf -threads 256 -s -p scone.tx_size=5 -p operationcount=10000000 -p maxexecutiontime=300
YCSB Client 0.17.0

Loading workload...
Starting test.
WARNING: sun.reflect.Reflection.getCallerClass is not supported. This will impact performance.
2020-09-29 16:41:56:487 0 sec: 0 operations; est completion in 0 second 
Maximum execution time specified as: 300 secs
DBWrapper: report latency for each error is false and specific error codes to track for latency are: []
DBWrapper: report latency for each error is false and specific error codes to track for latency are: []
DBWrapper: report latency for each error is false and specific error codes to track for latency are: []
DBWrapper: report latency for each error is false and specific error codes to track for latency are: []
DBWrapper: report latency for each error is false and specific error codes to track for latency are: []
DBWrapper: report latency for each error is false and specific error codes to track for latency are: []
DBWrapper: report latency for each error is false and specific error codes to track for latency are: []
DBWrapper: report latency for each error is false and specific error codes to track for latency are: []
DBWrapper: report latency for each error is false and specific error codes to track for latency are: []
DBWrapper: report latency for each error is false and specific error codes to track for latency are: []
DBWrapper: report latency for each error is false and specific error codes to track for latency are: []
DBWrapper: report latency for each error is false and specific error codes to track for latency are: []
DBWrapper: report latency for each error is false and specific error codes to track for latency are: []
DBWrapper: report latency for each error is false and specific error codes to track for latency are: []
DBWrapper: report latency for each error is false and specific error codes to track for latency are: []
DBWrapper: report latency for each error is false and specific error codes to track for latency are: []
DBWrapper: report latency for each error is false and specific error codes to track for latency are: []
DBWrapper: report latency for each error is false and specific error codes to track for latency are: []
DBWrapper: report latency for each error is false and specific error codes to track for latency are: []
DBWrapper: report latency for each error is false and specific error codes to track for latency are: []
DBWrapper: report latency for each error is false and specific error codes to track for latency are: []
DBWrapper: report latency for each error is false and specific error codes to track for latency are: []
DBWrapper: report latency for each error is false and specific error codes to track for latency are: []
DBWrapper: report latency for each error is false and specific error codes to track for latency are: []
DBWrapper: report latency for each error is false and specific error codes to track for latency are: []
DBWrapper: report latency for each error is false and specific error codes to track for latency are: []
DBWrapper: report latency for each error is false and specific error codes to track for latency are: []
DBWrapper: report latency for each error is false and specific error codes to track for latency are: []
DBWrapper: report latency for each error is false and specific error codes to track for latency are: []
DBWrapper: report latency for each error is false and specific error codes to track for latency are: []
DBWrapper: report latency for each error is false and specific error codes to track for latency are: []
DBWrapper: report latency for each error is false and specific error codes to track for latency are: []
DBWrapper: report latency for each error is false and specific error codes to track for latency are: []
DBWrapper: report latency for each error is false and specific error codes to track for latency are: []
DBWrapper: report latency for each error is false and specific error codes to track for latency are: []
DBWrapper: report latency for each error is false and specific error codes to track for latency are: []
DBWrapper: report latency for each error is false and specific error codes to track for latency are: []
DBWrapper: report latency for each error is false and specific error codes to track for latency are: []
DBWrapper: report latency for each error is false and specific error codes to track for latency are: []
DBWrapper: report latency for each error is false and specific error codes to track for latency are: []
DBWrapper: report latency for each error is false and specific error codes to track for latency are: []
DBWrapper: report latency for each error is false and specific error codes to track for latency are: []
DBWrapper: report latency for each error is false and specific error codes to track for latency are: []
DBWrapper: report latency for each error is false and specific error codes to track for latency are: []
DBWrapper: report latency for each error is false and specific error codes to track for latency are: []
DBWrapper: report latency for each error is false and specific error codes to track for latency are: []
DBWrapper: report latency for each error is false and specific error codes to track for latency are: []
DBWrapper: report latency for each error is false and specific error codes to track for latency are: []
DBWrapper: report latency for each error is false and specific error codes to track for latency are: []
DBWrapper: report latency for each error is false and specific error codes to track for latency are: []
DBWrapper: report latency for each error is false and specific error codes to track for latency are: []
DBWrapper: report latency for each error is false and specific error codes to track for latency are: []
DBWrapper: report latency for each error is false and specific error codes to track for latency are: []
DBWrapper: report latency for each error is false and specific error codes to track for latency are: []
DBWrapper: report latency for each error is false and specific error codes to track for latency are: []
DBWrapper: report latency for each error is false and specific error codes to track for latency are: []
DBWrapper: report latency for each error is false and specific error codes to track for latency are: []
DBWrapper: report latency for each error is false and specific error codes to track for latency are: []
DBWrapper: report latency for each error is false and specific error codes to track for latency are: []
DBWrapper: report latency for each error is false and specific error codes to track for latency are: []
DBWrapper: report latency for each error is false and specific error codes to track for latency are: []
DBWrapper: report latency for each error is false and specific error codes to track for latency are: []
DBWrapper: report latency for each error is false and specific error codes to track for latency are: []
DBWrapper: report latency for each error is false and specific error codes to track for latency are: []
DBWrapper: report latency for each error is false and specific error codes to track for latency are: []
DBWrapper: report latency for each error is false and specific error codes to track for latency are: []
DBWrapper: report latency for each error is false and specific error codes to track for latency are: []
DBWrapper: report latency for each error is false and specific error codes to track for latency are: []
DBWrapper: report latency for each error is false and specific error codes to track for latency are: []
DBWrapper: report latency for each error is false and specific error codes to track for latency are: []
DBWrapper: report latency for each error is false and specific error codes to track for latency are: []
DBWrapper: report latency for each error is false and specific error codes to track for latency are: []
DBWrapper: report latency for each error is false and specific error codes to track for latency are: []
DBWrapper: report latency for each error is false and specific error codes to track for latency are: []
DBWrapper: report latency for each error is false and specific error codes to track for latency are: []
DBWrapper: report latency for each error is false and specific error codes to track for latency are: []
DBWrapper: report latency for each error is false and specific error codes to track for latency are: []
DBWrapper: report latency for each error is false and specific error codes to track for latency are: []
DBWrapper: report latency for each error is false and specific error codes to track for latency are: []
DBWrapper: report latency for each error is false and specific error codes to track for latency are: []
DBWrapper: report latency for each error is false and specific error codes to track for latency are: []
DBWrapper: report latency for each error is false and specific error codes to track for latency are: []
DBWrapper: report latency for each error is false and specific error codes to track for latency are: []
DBWrapper: report latency for each error is false and specific error codes to track for latency are: []
DBWrapper: report latency for each error is false and specific error codes to track for latency are: []
DBWrapper: report latency for each error is false and specific error codes to track for latency are: []
DBWrapper: report latency for each error is false and specific error codes to track for latency are: []
DBWrapper: report latency for each error is false and specific error codes to track for latency are: []
DBWrapper: report latency for each error is false and specific error codes to track for latency are: []
DBWrapper: report latency for each error is false and specific error codes to track for latency are: []
DBWrapper: report latency for each error is false and specific error codes to track for latency are: []
DBWrapper: report latency for each error is false and specific error codes to track for latency are: []
DBWrapper: report latency for each error is false and specific error codes to track for latency are: []
DBWrapper: report latency for each error is false and specific error codes to track for latency are: []
DBWrapper: report latency for each error is false and specific error codes to track for latency are: []
DBWrapper: report latency for each error is false and specific error codes to track for latency are: []
DBWrapper: report latency for each error is false and specific error codes to track for latency are: []
DBWrapper: report latency for each error is false and specific error codes to track for latency are: []
DBWrapper: report latency for each error is false and specific error codes to track for latency are: []
DBWrapper: report latency for each error is false and specific error codes to track for latency are: []
DBWrapper: report latency for each error is false and specific error codes to track for latency are: []
DBWrapper: report latency for each error is false and specific error codes to track for latency are: []
DBWrapper: report latency for each error is false and specific error codes to track for latency are: []
DBWrapper: report latency for each error is false and specific error codes to track for latency are: []
DBWrapper: report latency for each error is false and specific error codes to track for latency are: []
DBWrapper: report latency for each error is false and specific error codes to track for latency are: []
DBWrapper: report latency for each error is false and specific error codes to track for latency are: []
DBWrapper: report latency for each error is false and specific error codes to track for latency are: []
DBWrapper: report latency for each error is false and specific error codes to track for latency are: []
DBWrapper: report latency for each error is false and specific error codes to track for latency are: []
DBWrapper: report latency for each error is false and specific error codes to track for latency are: []
DBWrapper: report latency for each error is false and specific error codes to track for latency are: []
DBWrapper: report latency for each error is false and specific error codes to track for latency are: []
DBWrapper: report latency for each error is false and specific error codes to track for latency are: []
DBWrapper: report latency for each error is false and specific error codes to track for latency are: []
DBWrapper: report latency for each error is false and specific error codes to track for latency are: []
DBWrapper: report latency for each error is false and specific error codes to track for latency are: []
DBWrapper: report latency for each error is false and specific error codes to track for latency are: []
DBWrapper: report latency for each error is false and specific error codes to track for latency are: []
DBWrapper: report latency for each error is false and specific error codes to track for latency are: []
DBWrapper: report latency for each error is false and specific error codes to track for latency are: []
DBWrapper: report latency for each error is false and specific error codes to track for latency are: []
DBWrapper: report latency for each error is false and specific error codes to track for latency are: []
DBWrapper: report latency for each error is false and specific error codes to track for latency are: []
DBWrapper: report latency for each error is false and specific error codes to track for latency are: []
DBWrapper: report latency for each error is false and specific error codes to track for latency are: []
DBWrapper: report latency for each error is false and specific error codes to track for latency are: []
DBWrapper: report latency for each error is false and specific error codes to track for latency are: []
DBWrapper: report latency for each error is false and specific error codes to track for latency are: []
DBWrapper: report latency for each error is false and specific error codes to track for latency are: []
DBWrapper: report latency for each error is false and specific error codes to track for latency are: []
DBWrapper: report latency for each error is false and specific error codes to track for latency are: []
DBWrapper: report latency for each error is false and specific error codes to track for latency are: []
DBWrapper: report latency for each error is false and specific error codes to track for latency are: []
DBWrapper: report latency for each error is false and specific error codes to track for latency are: []
DBWrapper: report latency for each error is false and specific error codes to track for latency are: []
DBWrapper: report latency for each error is false and specific error codes to track for latency are: []
DBWrapper: report latency for each error is false and specific error codes to track for latency are: []
DBWrapper: report latency for each error is false and specific error codes to track for latency are: []
DBWrapper: report latency for each error is false and specific error codes to track for latency are: []
DBWrapper: report latency for each error is false and specific error codes to track for latency are: []
DBWrapper: report latency for each error is false and specific error codes to track for latency are: []
DBWrapper: report latency for each error is false and specific error codes to track for latency are: []
DBWrapper: report latency for each error is false and specific error codes to track for latency are: []
DBWrapper: report latency for each error is false and specific error codes to track for latency are: []
DBWrapper: report latency for each error is false and specific error codes to track for latency are: []
DBWrapper: report latency for each error is false and specific error codes to track for latency are: []
DBWrapper: report latency for each error is false and specific error codes to track for latency are: []
DBWrapper: report latency for each error is false and specific error codes to track for latency are: []
DBWrapper: report latency for each error is false and specific error codes to track for latency are: []
DBWrapper: report latency for each error is false and specific error codes to track for latency are: []
DBWrapper: report latency for each error is false and specific error codes to track for latency are: []
DBWrapper: report latency for each error is false and specific error codes to track for latency are: []
DBWrapper: report latency for each error is false and specific error codes to track for latency are: []
DBWrapper: report latency for each error is false and specific error codes to track for latency are: []
DBWrapper: report latency for each error is false and specific error codes to track for latency are: []
DBWrapper: report latency for each error is false and specific error codes to track for latency are: []
DBWrapper: report latency for each error is false and specific error codes to track for latency are: []
DBWrapper: report latency for each error is false and specific error codes to track for latency are: []
DBWrapper: report latency for each error is false and specific error codes to track for latency are: []
DBWrapper: report latency for each error is false and specific error codes to track for latency are: []
DBWrapper: report latency for each error is false and specific error codes to track for latency are: []
DBWrapper: report latency for each error is false and specific error codes to track for latency are: []
DBWrapper: report latency for each error is false and specific error codes to track for latency are: []
DBWrapper: report latency for each error is false and specific error codes to track for latency are: []
DBWrapper: report latency for each error is false and specific error codes to track for latency are: []
2020-09-29 16:42:06:583 10 sec: 4239 operations; 423.35 current ops/sec; est completion in 6 hours 33 minutes [READ: Count=4581, Max=3440639, Min=1, Avg=130771.29, 90=303871, 99=1709055, 99.9=3086335, 99.99=3440639] [READ-MODIFY-WRITE: Count=2235, Max=3729407, Min=8, Avg=143427.99, 90=348415, 99=1753087, 99.9=2729983, 99.99=3729407] [UPDATE: Count=2246, Max=1799167, Min=3, Avg=11905.92, 90=13871, 99=231935, 99.9=749567, 99.99=1799167] [READ-FAILED: Count=5, Max=124863, Min=2598, Avg=31633.2, 90=124863, 99=124863, 99.9=124863, 99.99=124863] 
DBWrapper: report latency for each error is false and specific error codes to track for latency are: []
DBWrapper: report latency for each error is false and specific error codes to track for latency are: []
DBWrapper: report latency for each error is false and specific error codes to track for latency are: []
DBWrapper: report latency for each error is false and specific error codes to track for latency are: []
DBWrapper: report latency for each error is false and specific error codes to track for latency are: []
DBWrapper: report latency for each error is false and specific error codes to track for latency are: []
DBWrapper: report latency for each error is false and specific error codes to track for latency are: []
DBWrapper: report latency for each error is false and specific error codes to track for latency are: []
DBWrapper: report latency for each error is false and specific error codes to track for latency are: []
DBWrapper: report latency for each error is false and specific error codes to track for latency are: []
DBWrapper: report latency for each error is false and specific error codes to track for latency are: []
DBWrapper: report latency for each error is false and specific error codes to track for latency are: []
DBWrapper: report latency for each error is false and specific error codes to track for latency are: []
DBWrapper: report latency for each error is false and specific error codes to track for latency are: []
DBWrapper: report latency for each error is false and specific error codes to track for latency are: []
DBWrapper: report latency for each error is false and specific error codes to track for latency are: []
DBWrapper: report latency for each error is false and specific error codes to track for latency are: []
DBWrapper: report latency for each error is false and specific error codes to track for latency are: []
DBWrapper: report latency for each error is false and specific error codes to track for latency are: []
DBWrapper: report latency for each error is false and specific error codes to track for latency are: []
DBWrapper: report latency for each error is false and specific error codes to track for latency are: []
DBWrapper: report latency for each error is false and specific error codes to track for latency are: []
DBWrapper: report latency for each error is false and specific error codes to track for latency are: []
DBWrapper: report latency for each error is false and specific error codes to track for latency are: []
DBWrapper: report latency for each error is false and specific error codes to track for latency are: []
DBWrapper: report latency for each error is false and specific error codes to track for latency are: []
DBWrapper: report latency for each error is false and specific error codes to track for latency are: []
DBWrapper: report latency for each error is false and specific error codes to track for latency are: []
DBWrapper: report latency for each error is false and specific error codes to track for latency are: []
DBWrapper: report latency for each error is false and specific error codes to track for latency are: []
DBWrapper: report latency for each error is false and specific error codes to track for latency are: []
DBWrapper: report latency for each error is false and specific error codes to track for latency are: []
DBWrapper: report latency for each error is false and specific error codes to track for latency are: []
DBWrapper: report latency for each error is false and specific error codes to track for latency are: []
DBWrapper: report latency for each error is false and specific error codes to track for latency are: []
DBWrapper: report latency for each error is false and specific error codes to track for latency are: []
DBWrapper: report latency for each error is false and specific error codes to track for latency are: []
DBWrapper: report latency for each error is false and specific error codes to track for latency are: []
DBWrapper: report latency for each error is false and specific error codes to track for latency are: []
DBWrapper: report latency for each error is false and specific error codes to track for latency are: []
DBWrapper: report latency for each error is false and specific error codes to track for latency are: []
DBWrapper: report latency for each error is false and specific error codes to track for latency are: []
DBWrapper: report latency for each error is false and specific error codes to track for latency are: []
DBWrapper: report latency for each error is false and specific error codes to track for latency are: []
DBWrapper: report latency for each error is false and specific error codes to track for latency are: []
DBWrapper: report latency for each error is false and specific error codes to track for latency are: []
DBWrapper: report latency for each error is false and specific error codes to track for latency are: []
DBWrapper: report latency for each error is false and specific error codes to track for latency are: []
DBWrapper: report latency for each error is false and specific error codes to track for latency are: []
DBWrapper: report latency for each error is false and specific error codes to track for latency are: []
DBWrapper: report latency for each error is false and specific error codes to track for latency are: []
DBWrapper: report latency for each error is false and specific error codes to track for latency are: []
DBWrapper: report latency for each error is false and specific error codes to track for latency are: []
DBWrapper: report latency for each error is false and specific error codes to track for latency are: []
DBWrapper: report latency for each error is false and specific error codes to track for latency are: []
DBWrapper: report latency for each error is false and specific error codes to track for latency are: []
DBWrapper: report latency for each error is false and specific error codes to track for latency are: []
DBWrapper: report latency for each error is false and specific error codes to track for latency are: []
DBWrapper: report latency for each error is false and specific error codes to track for latency are: []
DBWrapper: report latency for each error is false and specific error codes to track for latency are: []
DBWrapper: report latency for each error is false and specific error codes to track for latency are: []
DBWrapper: report latency for each error is false and specific error codes to track for latency are: []
DBWrapper: report latency for each error is false and specific error codes to track for latency are: []
DBWrapper: report latency for each error is false and specific error codes to track for latency are: []
DBWrapper: report latency for each error is false and specific error codes to track for latency are: []
DBWrapper: report latency for each error is false and specific error codes to track for latency are: []
DBWrapper: report latency for each error is false and specific error codes to track for latency are: []
DBWrapper: report latency for each error is false and specific error codes to track for latency are: []
DBWrapper: report latency for each error is false and specific error codes to track for latency are: []
DBWrapper: report latency for each error is false and specific error codes to track for latency are: []
DBWrapper: report latency for each error is false and specific error codes to track for latency are: []
DBWrapper: report latency for each error is false and specific error codes to track for latency are: []
DBWrapper: report latency for each error is false and specific error codes to track for latency are: []
DBWrapper: report latency for each error is false and specific error codes to track for latency are: []
DBWrapper: report latency for each error is false and specific error codes to track for latency are: []
DBWrapper: report latency for each error is false and specific error codes to track for latency are: []
DBWrapper: report latency for each error is false and specific error codes to track for latency are: []
DBWrapper: report latency for each error is false and specific error codes to track for latency are: []
DBWrapper: report latency for each error is false and specific error codes to track for latency are: []
DBWrapper: report latency for each error is false and specific error codes to track for latency are: []
2020-09-29 16:42:16:488 20 sec: 19291 operations; 1507.01 current ops/sec; est completion in 2 hours 52 minutes [READ: Count=14712, Max=2355199, Min=1, Avg=117897.25, 90=364543, 99=1046527, 99.9=2068479, 99.99=2258943] [READ-MODIFY-WRITE: Count=7382, Max=2267135, Min=4, Avg=143656.94, 90=422911, 99=1479679, 99.9=2127871, 99.99=2250751] [UPDATE: Count=7417, Max=908799, Min=2, Avg=14080.94, 90=12583, 99=323583, 99.9=591871, 99.99=718847] [READ-FAILED: Count=7, Max=29919, Min=2474, Avg=10817.14, 90=11583, 99=29919, 99.9=29919, 99.99=29919] 
2020-09-29 16:42:26:487 30 sec: 55118 operations; 3583.06 current ops/sec; est completion in 1 hour 30 minutes [READ: Count=35802, Max=15351807, Min=0, Avg=67231.93, 90=169983, 99=722431, 99.9=1416191, 99.99=1866751] [READ-MODIFY-WRITE: Count=17999, Max=3207167, Min=3, Avg=73851.65, 90=184319, 99=842239, 99.9=1472511, 99.99=1951743] [UPDATE: Count=17967, Max=547839, Min=0, Avg=6112.67, 90=12655, 99=142335, 99.9=302591, 99.99=436223] [READ-FAILED: Count=17, Max=23647, Min=3024, Avg=10423.18, 90=19919, 99=23647, 99.9=23647, 99.99=23647] 
DBWrapper: report latency for each error is false and specific error codes to track for latency are: []
DBWrapper: report latency for each error is false and specific error codes to track for latency are: []
DBWrapper: report latency for each error is false and specific error codes to track for latency are: []
DBWrapper: report latency for each error is false and specific error codes to track for latency are: []
DBWrapper: report latency for each error is false and specific error codes to track for latency are: []
DBWrapper: report latency for each error is false and specific error codes to track for latency are: []
DBWrapper: report latency for each error is false and specific error codes to track for latency are: []
DBWrapper: report latency for each error is false and specific error codes to track for latency are: []
DBWrapper: report latency for each error is false and specific error codes to track for latency are: []
DBWrapper: report latency for each error is false and specific error codes to track for latency are: []
2020-09-29 16:42:36:487 40 sec: 94412 operations; 3929.4 current ops/sec; est completion in 1 hour 9 minutes [READ: Count=39274, Max=2465791, Min=0, Avg=63016.94, 90=115007, 99=929279, 99.9=2085887, 99.99=2385919] [READ-MODIFY-WRITE: Count=19723, Max=2541567, Min=2, Avg=64082.84, 90=121727, 99=935423, 99.9=2084863, 99.99=2402303] [UPDATE: Count=19736, Max=287743, Min=1, Avg=1979.57, 90=5335, 99=26703, 99.9=121727, 99.99=204799] [READ-FAILED: Count=23, Max=23071, Min=1672, Avg=6643.09, 90=15823, 99=23071, 99.9=23071, 99.99=23071] 
2020-09-29 16:42:46:487 50 sec: 144705 operations; 5029.3 current ops/sec; est completion in 56 minutes [READ: Count=50267, Max=2244607, Min=0, Avg=48348.02, 90=89919, 99=691199, 99.9=1654783, 99.99=2189311] [READ-MODIFY-WRITE: Count=25352, Max=2263039, Min=2, Avg=49787.14, 90=98687, 99=700415, 99.9=1641471, 99.99=2193407] [UPDATE: Count=25337, Max=174719, Min=0, Avg=2185.14, 90=6795, 99=29999, 99.9=98367, 99.99=170111] [READ-FAILED: Count=20, Max=78783, Min=2322, Avg=12267, 90=18287, 99=78783, 99.9=78783, 99.99=78783] 
2020-09-29 16:42:56:487 60 sec: 189695 operations; 4499 current ops/sec; est completion in 51 minutes [READ: Count=44987, Max=2893823, Min=0, Avg=57582.16, 90=104191, 99=887295, 99.9=1960959, 99.99=2715647] [READ-MODIFY-WRITE: Count=22483, Max=2770943, Min=2, Avg=58807.15, 90=112511, 99=898047, 99.9=1803263, 99.99=2699263] [UPDATE: Count=22503, Max=549887, Min=1, Avg=2306.21, 90=5939, 99=26303, 99.9=169343, 99.99=532479] [READ-FAILED: Count=12, Max=36063, Min=1571, Avg=7746.58, 90=13311, 99=36063, 99.9=36063, 99.99=36063] 
2020-09-29 16:43:06:487 70 sec: 237014 operations; 4731.9 current ops/sec; est completion in 48 minutes [READ: Count=47296, Max=2770943, Min=0, Avg=53376.28, 90=97343, 99=676351, 99.9=1883135, 99.99=2689023] [READ-MODIFY-WRITE: Count=23638, Max=2719743, Min=2, Avg=56434.22, 90=112831, 99=710655, 99.9=1888255, 99.99=2707455] [UPDATE: Count=23622, Max=504575, Min=1, Avg=2543.48, 90=6575, 99=40159, 99.9=130175, 99.99=500735] [READ-FAILED: Count=23, Max=32639, Min=2252, Avg=8840, 90=18431, 99=32639, 99.9=32639, 99.99=32639] 
2020-09-29 16:43:16:487 80 sec: 284083 operations; 4706.9 current ops/sec; est completion in 45 minutes [READ: Count=47048, Max=3745791, Min=0, Avg=51994.17, 90=114367, 99=674303, 99.9=1514495, 99.99=2045951] [READ-MODIFY-WRITE: Count=23730, Max=3788799, Min=2, Avg=53867.79, 90=122559, 99=701951, 99.9=1575935, 99.99=2082815] [UPDATE: Count=23738, Max=277503, Min=1, Avg=2169.52, 90=5995, 99=29631, 99.9=130943, 99.99=269311] [READ-FAILED: Count=23, Max=101375, Min=2232, Avg=9472.09, 90=13071, 99=101375, 99.9=101375, 99.99=101375] 
2020-09-29 16:43:26:487 90 sec: 330122 operations; 4603.9 current ops/sec; est completion in 43 minutes [READ: Count=46003, Max=2725887, Min=1, Avg=54904.54, 90=110015, 99=714239, 99.9=2166783, 99.99=2646015] [READ-MODIFY-WRITE: Count=22971, Max=2732031, Min=3, Avg=57874.04, 90=124543, 99=726527, 99.9=2144255, 99.99=2666495] [UPDATE: Count=22950, Max=221311, Min=1, Avg=2437, 90=6947, 99=36191, 99.9=120127, 99.99=201215] [READ-FAILED: Count=23, Max=82303, Min=2498, Avg=14359.65, 90=26927, 99=82303, 99.9=82303, 99.99=82303] 
2020-09-29 16:43:36:487 100 sec: 366875 operations; 3675.3 current ops/sec; est completion in 43 minutes [READ: Count=36749, Max=3356671, Min=0, Avg=68285.74, 90=143615, 99=951295, 99.9=2109439, 99.99=3051519] [READ-MODIFY-WRITE: Count=18347, Max=3155967, Min=2, Avg=70896.73, 90=151807, 99=1001471, 99.9=2177023, 99.99=2592767] [UPDATE: Count=18365, Max=525823, Min=1, Avg=2330.43, 90=6327, 99=33663, 99.9=135423, 99.99=190591] [READ-FAILED: Count=16, Max=26063, Min=2730, Avg=7558.06, 90=12055, 99=26063, 99.9=26063, 99.99=26063] 
2020-09-29 16:43:46:487 110 sec: 415505 operations; 4863 current ops/sec; est completion in 42 minutes [READ: Count=48616, Max=2295807, Min=0, Avg=52608.62, 90=106687, 99=771583, 99.9=1535999, 99.99=2030591] [READ-MODIFY-WRITE: Count=24326, Max=2297855, Min=3, Avg=55602.08, 90=118847, 99=823807, 99.9=1701887, 99.99=2117631] [UPDATE: Count=24349, Max=195071, Min=1, Avg=2033.7, 90=6215, 99=26479, 99.9=109887, 99.99=176255] [READ-FAILED: Count=14, Max=43167, Min=2316, Avg=9591.36, 90=15927, 99=43167, 99.9=43167, 99.99=43167] 
2020-09-29 16:43:56:487 120 sec: 461124 operations; 4561.9 current ops/sec; est completion in 41 minutes [READ: Count=45590, Max=3272703, Min=0, Avg=53295.22, 90=97855, 99=738303, 99.9=2256895, 99.99=3237887] [READ-MODIFY-WRITE: Count=22827, Max=3278847, Min=2, Avg=54836.45, 90=108863, 99=712191, 99.9=2258943, 99.99=3231743] [UPDATE: Count=22797, Max=499455, Min=1, Avg=2321.14, 90=6483, 99=31599, 99.9=131199, 99.99=498943] [READ-FAILED: Count=20, Max=88767, Min=1911, Avg=8679.4, 90=8279, 99=88767, 99.9=88767, 99.99=88767] 
2020-09-29 16:44:06:487 130 sec: 507920 operations; 4679.6 current ops/sec; est completion in 40 minutes [READ: Count=46788, Max=2226175, Min=0, Avg=54144.18, 90=102079, 99=840703, 99.9=1513471, 99.99=1958911] [READ-MODIFY-WRITE: Count=23410, Max=2234367, Min=2, Avg=55979.31, 90=112767, 99=845823, 99.9=1504255, 99.99=1966079] [UPDATE: Count=23405, Max=179199, Min=0, Avg=1966.31, 90=5843, 99=25743, 99.9=109631, 99.99=176511] [READ-FAILED: Count=15, Max=58719, Min=2414, Avg=10392.2, 90=16511, 99=58719, 99.9=58719, 99.99=58719] 
2020-09-29 16:44:16:487 140 sec: 555395 operations; 4747.03 current ops/sec; est completion in 39 minutes [READ: Count=47443, Max=2332671, Min=0, Avg=52969.34, 90=100095, 99=858111, 99.9=1873919, 99.99=2215935] [READ-MODIFY-WRITE: Count=23779, Max=2287615, Min=2, Avg=55252.57, 90=109951, 99=885247, 99.9=1892351, 99.99=2224127] [UPDATE: Count=23773, Max=185343, Min=1, Avg=2192.48, 90=6551, 99=28671, 99.9=126911, 99.99=174335] [READ-FAILED: Count=22, Max=22751, Min=1979, Avg=8066.41, 90=16911, 99=22751, 99.9=22751, 99.99=22751] 
2020-09-29 16:44:26:487 150 sec: 601189 operations; 4579.86 current ops/sec; est completion in 39 minutes [READ: Count=45781, Max=2830335, Min=0, Avg=55710.36, 90=112191, 99=784383, 99.9=1551359, 99.99=2156543] [READ-MODIFY-WRITE: Count=22740, Max=2422783, Min=2, Avg=59414.07, 90=127615, 99=825343, 99.9=1608703, 99.99=2162687] [UPDATE: Count=22749, Max=908799, Min=1, Avg=2211.16, 90=5819, 99=29935, 99.9=155519, 99.99=192255] [READ-FAILED: Count=23, Max=41727, Min=2272, Avg=9386.74, 90=25775, 99=41727, 99.9=41727, 99.99=41727] 
2020-09-29 16:44:36:487 160 sec: 642147 operations; 4095.8 current ops/sec; est completion in 38 minutes [READ: Count=40934, Max=2684927, Min=0, Avg=56196.9, 90=116991, 99=764415, 99.9=2017279, 99.99=2613247] [READ-MODIFY-WRITE: Count=20315, Max=2668543, Min=2, Avg=58190.67, 90=125631, 99=781311, 99.9=1917951, 99.99=2650111] [UPDATE: Count=20307, Max=325631, Min=1, Avg=1881.29, 90=5023, 99=27631, 99.9=88639, 99.99=278015] [READ-FAILED: Count=16, Max=33631, Min=2238, Avg=7710.5, 90=17135, 99=33631, 99.9=33631, 99.99=33631] 
2020-09-29 16:44:46:487 170 sec: 692739 operations; 5059.2 current ops/sec; est completion in 38 minutes [READ: Count=50577, Max=2938879, Min=0, Avg=53209.06, 90=96447, 99=830975, 99.9=2051071, 99.99=2854911] [READ-MODIFY-WRITE: Count=25260, Max=2942975, Min=2, Avg=55461.78, 90=106751, 99=857599, 99.9=2144255, 99.99=2820095] [UPDATE: Count=25277, Max=243839, Min=1, Avg=2077.43, 90=6551, 99=24911, 99.9=137727, 99.99=190079] [READ-FAILED: Count=23, Max=33183, Min=2640, Avg=9098.74, 90=15511, 99=33183, 99.9=33183, 99.99=33183] 
2020-09-29 16:44:56:494 180 sec: 734736 operations; 4199.28 current ops/sec; est completion in 37 minutes [READ: Count=41986, Max=3004415, Min=0, Avg=60583.58, 90=125503, 99=900607, 99.9=1793023, 99.99=2168831] [READ-MODIFY-WRITE: Count=21200, Max=2553855, Min=2, Avg=62669.88, 90=137471, 99=914431, 99.9=1806335, 99.99=2050047] [UPDATE: Count=21191, Max=257023, Min=1, Avg=2262.85, 90=6019, 99=32095, 99.9=146687, 99.99=228735] [READ-FAILED: Count=10, Max=19551, Min=2296, Avg=8580.6, 90=16023, 99=19551, 99.9=19551, 99.99=19551] 
2020-09-29 16:45:06:487 190 sec: 786898 operations; 5216.72 current ops/sec; est completion in 37 minutes [READ: Count=52134, Max=1766399, Min=0, Avg=46442.98, 90=98239, 99=631807, 99.9=1248255, 99.99=1623039] [READ-MODIFY-WRITE: Count=26038, Max=1768447, Min=2, Avg=48894.41, 90=111423, 99=648191, 99.9=1248255, 99.99=1515519] [UPDATE: Count=26032, Max=191615, Min=1, Avg=2399.57, 90=6363, 99=40191, 99.9=133375, 99.99=177535] [READ-FAILED: Count=21, Max=23967, Min=2023, Avg=6378.1, 90=11439, 99=23967, 99.9=23967, 99.99=23967] 
2020-09-29 16:45:16:487 200 sec: 825347 operations; 3844.9 current ops/sec; est completion in 37 minutes [READ: Count=38443, Max=3954687, Min=1, Avg=63594.47, 90=120191, 99=888319, 99.9=3031039, 99.99=3842047] [READ-MODIFY-WRITE: Count=19245, Max=3966975, Min=3, Avg=64534.43, 90=127039, 99=905727, 99.9=3008511, 99.99=3858431] [UPDATE: Count=19247, Max=398847, Min=1, Avg=2370.14, 90=5755, 99=37439, 99.9=129855, 99.99=355839] [READ-FAILED: Count=7, Max=17263, Min=2312, Avg=6901, 90=12215, 99=17263, 99.9=17263, 99.99=17263] 
2020-09-29 16:45:26:488 210 sec: 870827 operations; 4547.55 current ops/sec; est completion in 36 minutes [READ: Count=45471, Max=3563519, Min=0, Avg=57444.76, 90=106815, 99=805887, 99.9=2402303, 99.99=3330047] [READ-MODIFY-WRITE: Count=22611, Max=3569663, Min=2, Avg=58924.13, 90=116031, 99=816127, 99.9=2271231, 99.99=3287039] [UPDATE: Count=22624, Max=556031, Min=0, Avg=2050.42, 90=5663, 99=26175, 99.9=138879, 99.99=195199] [READ-FAILED: Count=11, Max=24575, Min=2198, Avg=9287.45, 90=21951, 99=24575, 99.9=24575, 99.99=24575] 
2020-09-29 16:45:36:487 220 sec: 914943 operations; 4412.04 current ops/sec; est completion in 36 minutes [READ: Count=44114, Max=2840575, Min=0, Avg=57591.62, 90=98943, 99=936959, 99.9=2144255, 99.99=2746367] [READ-MODIFY-WRITE: Count=22064, Max=2844671, Min=3, Avg=58455.13, 90=106751, 99=951807, 99.9=2148351, 99.99=2762751] [UPDATE: Count=22059, Max=1203199, Min=1, Avg=2241.73, 90=6111, 99=31615, 99.9=125439, 99.99=257663] [READ-FAILED: Count=14, Max=13823, Min=3068, Avg=6150.79, 90=10495, 99=13823, 99.9=13823, 99.99=13823] 
2020-09-29 16:45:46:487 230 sec: 961266 operations; 4631.84 current ops/sec; est completion in 36 minutes [READ: Count=46301, Max=2013183, Min=0, Avg=54529.63, 90=119999, 99=735743, 99.9=1369087, 99.99=1997823] [READ-MODIFY-WRITE: Count=23100, Max=2063359, Min=2, Avg=57007.66, 90=131327, 99=756223, 99.9=1366015, 99.99=2018303] [UPDATE: Count=23095, Max=222463, Min=1, Avg=2339.59, 90=6211, 99=35103, 99.9=129727, 99.99=201599] [READ-FAILED: Count=15, Max=13343, Min=1871, Avg=6327.6, 90=11655, 99=13343, 99.9=13343, 99.99=13343] 
2020-09-29 16:45:56:487 240 sec: 1009825 operations; 4856.39 current ops/sec; est completion in 35 minutes [READ: Count=48537, Max=2787327, Min=0, Avg=51197.9, 90=100479, 99=718335, 99.9=1448959, 99.99=2195455] [READ-MODIFY-WRITE: Count=24380, Max=2791423, Min=2, Avg=54508.14, 90=111615, 99=722943, 99.9=1548287, 99.99=2213887] [UPDATE: Count=24372, Max=382719, Min=1, Avg=2000.7, 90=5835, 99=25455, 99.9=135295, 99.99=366335] [READ-FAILED: Count=14, Max=13439, Min=2124, Avg=6054.57, 90=8319, 99=13439, 99.9=13439, 99.99=13439] 
2020-09-29 16:46:06:487 250 sec: 1056478 operations; 4665.3 current ops/sec; est completion in 35 minutes [READ: Count=46641, Max=2840575, Min=0, Avg=53219.54, 90=99839, 99=724479, 99.9=2125823, 99.99=2772991] [READ-MODIFY-WRITE: Count=23139, Max=2797567, Min=2, Avg=56753.15, 90=114431, 99=757247, 99.9=2131967, 99.99=2764799] [UPDATE: Count=23146, Max=223487, Min=0, Avg=2401.84, 90=6239, 99=36607, 99.9=138879, 99.99=207999] [READ-FAILED: Count=11, Max=16623, Min=2620, Avg=6905.82, 90=15303, 99=16623, 99.9=16623, 99.99=16623] 
2020-09-29 16:46:16:487 260 sec: 1109941 operations; 5346.3 current ops/sec; est completion in 34 minutes [READ: Count=53442, Max=2297855, Min=0, Avg=46835.54, 90=90495, 99=677887, 99.9=1729535, 99.99=2172927] [READ-MODIFY-WRITE: Count=26540, Max=2301951, Min=2, Avg=48661.65, 90=102271, 99=697343, 99.9=1643519, 99.99=2148351] [UPDATE: Count=26538, Max=211711, Min=1, Avg=2213.55, 90=6307, 99=29967, 99.9=139007, 99.99=181247] [READ-FAILED: Count=21, Max=31007, Min=2084, Avg=6222.95, 90=10823, 99=31007, 99.9=31007, 99.99=31007] 
2020-09-29 16:46:26:487 270 sec: 1154657 operations; 4471.6 current ops/sec; est completion in 34 minutes [READ: Count=44701, Max=2875391, Min=0, Avg=56292.51, 90=111423, 99=873983, 99.9=1686527, 99.99=2068479] [READ-MODIFY-WRITE: Count=22558, Max=2105343, Min=2, Avg=58106.05, 90=122687, 99=878591, 99.9=1649663, 99.99=1954815] [UPDATE: Count=22550, Max=505855, Min=1, Avg=2196.18, 90=6039, 99=32271, 99.9=116607, 99.99=201855] [READ-FAILED: Count=13, Max=27711, Min=2822, Avg=9642.69, 90=27151, 99=27711, 99.9=27711, 99.99=27711] 
2020-09-29 16:46:36:487 280 sec: 1201403 operations; 4674.6 current ops/sec; est completion in 34 minutes [READ: Count=46746, Max=3180543, Min=0, Avg=52430.68, 90=97215, 99=814079, 99.9=2543615, 99.99=3112959] [READ-MODIFY-WRITE: Count=23580, Max=3186687, Min=2, Avg=55071.8, 90=108927, 99=839679, 99.9=2373631, 99.99=3129343] [UPDATE: Count=23597, Max=240511, Min=0, Avg=2222.76, 90=6039, 99=30895, 99.9=153471, 99.99=230015] [READ-FAILED: Count=9, Max=29199, Min=2054, Avg=8372.44, 90=13031, 99=29199, 99.9=29199, 99.99=29199] 
2020-09-29 16:46:46:487 290 sec: 1246830 operations; 4542.7 current ops/sec; est completion in 33 minutes [READ: Count=45425, Max=2476031, Min=0, Avg=57170.5, 90=121087, 99=775679, 99.9=1667071, 99.99=2441215] [READ-MODIFY-WRITE: Count=22868, Max=2480127, Min=2, Avg=59737.65, 90=135423, 99=793087, 99.9=1600511, 99.99=2355199] [UPDATE: Count=22867, Max=593407, Min=1, Avg=2764.43, 90=7063, 99=40415, 99.9=146303, 99.99=569343] [READ-FAILED: Count=17, Max=25599, Min=1900, Avg=8304.41, 90=15671, 99=25599, 99.9=25599, 99.99=25599] 
2020-09-29 16:46:56:488 300 sec: 1302696 operations; 5586.04 current ops/sec; est completion in 33 minutes [READ: Count=55835, Max=1756159, Min=0, Avg=44778.82, 90=97023, 99=635903, 99.9=1200127, 99.99=1469439] [READ-MODIFY-WRITE: Count=28074, Max=1532927, Min=2, Avg=46793.98, 90=107903, 99=638463, 99.9=1189887, 99.99=1457151] [UPDATE: Count=28068, Max=286207, Min=0, Avg=2321.51, 90=6099, 99=31359, 99.9=163199, 99.99=275455] [READ-FAILED: Count=15, Max=23487, Min=1531, Avg=7169.07, 90=20863, 99=23487, 99.9=23487, 99.99=23487] 
Maximum time elapsed. Requesting stop for the workload.
Stop requested for workload. Now Joining!
[36m16:46:57.042[m [[34;1mINFO[m] [1;34mp.u.t.s.y.Stats.clientFinished@38[m: 
Ended SconeKV benchmark.
Number of clients: 256
Total transactions: 288257
Committed: 180958 (62.77662%)
Aborted: 107299 (37.22338%)
2020-09-29 16:46:57:045 300 sec: 1304085 operations; 2498.2 current ops/sec; est completion in 33 minutes [READ: Count=1381, Max=856063, Min=0, Avg=67827.46, 90=120639, 99=663551, 99.9=838143, 99.99=856063] [READ-MODIFY-WRITE: Count=640, Max=836095, Min=6, Avg=68396.96, 90=137215, 99=663039, 99.9=823807, 99.99=836095] [CLEANUP: Count=256, Max=1553, Min=3, Avg=12.9, 90=7, 99=57, 99.9=1553, 99.99=1553] [UPDATE: Count=630, Max=59039, Min=1, Avg=3693.94, 90=11623, 99=47679, 99.9=55519, 99.99=59039] [READ-FAILED: Count=0, Max=0, Min=9223372036854775807, Avg=NaN, 90=0, 99=0, 99.9=0, 99.99=0] 
[OVERALL], RunTime(ms), 300553
[OVERALL], Throughput(ops/sec), 4338.951865394789
[TOTAL_GCS_G1_Young_Generation], Count, 141
[TOTAL_GC_TIME_G1_Young_Generation], Time(ms), 3754
[TOTAL_GC_TIME_%_G1_Young_Generation], Time(%), 1.2490309529434076
[TOTAL_GCS_G1_Old_Generation], Count, 0
[TOTAL_GC_TIME_G1_Old_Generation], Time(ms), 0
[TOTAL_GC_TIME_%_G1_Old_Generation], Time(%), 0.0
[TOTAL_GCs], Count, 141
[TOTAL_GC_TIME], Time(ms), 3754
[TOTAL_GC_TIME_%], Time(%), 1.2490309529434076
[READ], Operations, 1303605
[READ], AverageLatency(us), 55640.5568465908
[READ], MinLatency(us), 0
[READ], MaxLatency(us), 15351807
[READ], 95thPercentileLatency(us), 279807
[READ], 99thPercentileLatency(us), 779775
[READ], Return=OK, 1303605
[READ], Return=NOT_FOUND, 480
[READ-MODIFY-WRITE], Operations, 652554
[READ-MODIFY-WRITE], AverageLatency(us), 58252.6277580093
[READ-MODIFY-WRITE], MinLatency(us), 2
[READ-MODIFY-WRITE], MaxLatency(us), 3966975
[READ-MODIFY-WRITE], 95thPercentileLatency(us), 293631
[READ-MODIFY-WRITE], 99thPercentileLatency(us), 807423
[CLEANUP], Operations, 256
[CLEANUP], AverageLatency(us), 12.8984375
[CLEANUP], MinLatency(us), 3
[CLEANUP], MaxLatency(us), 1553
[CLEANUP], 95thPercentileLatency(us), 16
[CLEANUP], 99thPercentileLatency(us), 57
[UPDATE], Operations, 652554
[UPDATE], AverageLatency(us), 2514.610193179415
[UPDATE], MinLatency(us), 0
[UPDATE], MaxLatency(us), 1799167
[UPDATE], 95thPercentileLatency(us), 11287
[UPDATE], 99thPercentileLatency(us), 34623
[UPDATE], Return=OK, 652554
[READ-FAILED], Operations, 480
[READ-FAILED], AverageLatency(us), 8867.420833333334
[READ-FAILED], MinLatency(us), 1531
[READ-FAILED], MaxLatency(us), 124863
[READ-FAILED], 95thPercentileLatency(us), 23967
[READ-FAILED], 99thPercentileLatency(us), 58719
