Command line: -t -db pt.ulisboa.tecnico.sconekv.ycsb.SconeKVClient -P workloadb -threads 32 -s -p scone.tx_size=5 -p operationcount=10000000 -p maxexecutiontime=300
YCSB Client 0.17.0

Loading workload...
Starting test.
WARNING: sun.reflect.Reflection.getCallerClass is not supported. This will impact performance.
Maximum execution time specified as: 300 secs
2020-09-09 14:35:35:013 0 sec: 0 operations; est completion in 0 second 
DBWrapper: report latency for each error is false and specific error codes to track for latency are: []
DBWrapper: report latency for each error is false and specific error codes to track for latency are: []
DBWrapper: report latency for each error is false and specific error codes to track for latency are: []
DBWrapper: report latency for each error is false and specific error codes to track for latency are: []
DBWrapper: report latency for each error is false and specific error codes to track for latency are: []
DBWrapper: report latency for each error is false and specific error codes to track for latency are: []
DBWrapper: report latency for each error is false and specific error codes to track for latency are: []
DBWrapper: report latency for each error is false and specific error codes to track for latency are: []
DBWrapper: report latency for each error is false and specific error codes to track for latency are: []
DBWrapper: report latency for each error is false and specific error codes to track for latency are: []
DBWrapper: report latency for each error is false and specific error codes to track for latency are: []
DBWrapper: report latency for each error is false and specific error codes to track for latency are: []
DBWrapper: report latency for each error is false and specific error codes to track for latency are: []
DBWrapper: report latency for each error is false and specific error codes to track for latency are: []
DBWrapper: report latency for each error is false and specific error codes to track for latency are: []
DBWrapper: report latency for each error is false and specific error codes to track for latency are: []
DBWrapper: report latency for each error is false and specific error codes to track for latency are: []
DBWrapper: report latency for each error is false and specific error codes to track for latency are: []
DBWrapper: report latency for each error is false and specific error codes to track for latency are: []
DBWrapper: report latency for each error is false and specific error codes to track for latency are: []
DBWrapper: report latency for each error is false and specific error codes to track for latency are: []
DBWrapper: report latency for each error is false and specific error codes to track for latency are: []
DBWrapper: report latency for each error is false and specific error codes to track for latency are: []
DBWrapper: report latency for each error is false and specific error codes to track for latency are: []
DBWrapper: report latency for each error is false and specific error codes to track for latency are: []
DBWrapper: report latency for each error is false and specific error codes to track for latency are: []
DBWrapper: report latency for each error is false and specific error codes to track for latency are: []
DBWrapper: report latency for each error is false and specific error codes to track for latency are: []
DBWrapper: report latency for each error is false and specific error codes to track for latency are: []
DBWrapper: report latency for each error is false and specific error codes to track for latency are: []
DBWrapper: report latency for each error is false and specific error codes to track for latency are: []
DBWrapper: report latency for each error is false and specific error codes to track for latency are: []
2020-09-09 14:35:45:014 10 sec: 14611 operations; 1460.95 current ops/sec; est completion in 1 hour 53 minutes [READ: Count=13901, Max=620543, Min=0, Avg=16074.43, 90=30735, 99=79231, 99.9=550911, 99.99=584191] [UPDATE: Count=720, Max=445695, Min=42, Avg=16863.8, 90=35231, 99=88703, 99.9=431359, 99.99=445695] [READ-FAILED: Count=7, Max=42527, Min=2318, Avg=12035.29, 90=22351, 99=42527, 99.9=42527, 99.99=42527] 
2020-09-09 14:35:55:013 20 sec: 43260 operations; 2864.9 current ops/sec; est completion in 1 hour 16 minutes [READ: Count=27183, Max=15040511, Min=0, Avg=11416.01, 90=21663, 99=67583, 99.9=531455, 99.99=545279] [UPDATE: Count=1431, Max=522495, Min=15, Avg=10872.82, 90=21759, 99=82751, 99.9=520191, 99.99=522495] [READ-FAILED: Count=26, Max=47839, Min=1652, Avg=6111.92, 90=6091, 99=47839, 99.9=47839, 99.99=47839] 
2020-09-09 14:36:05:013 30 sec: 72863 operations; 2960.3 current ops/sec; est completion in 1 hour 8 minutes [READ: Count=28140, Max=909823, Min=0, Avg=10753.93, 90=21359, 99=66943, 99.9=535551, 99.99=565759] [UPDATE: Count=1421, Max=599551, Min=15, Avg=11195.69, 90=21039, 99=67711, 99.9=548351, 99.99=599551] [READ-FAILED: Count=38, Max=6707, Min=1721, Avg=3116.03, 90=4339, 99=6707, 99.9=6707, 99.99=6707] 
2020-09-09 14:36:15:013 40 sec: 104374 operations; 3151.1 current ops/sec; est completion in 1 hour 3 minutes [READ: Count=29897, Max=1227775, Min=0, Avg=10243.61, 90=20399, 99=63967, 99.9=538623, 99.99=826367] [UPDATE: Count=1591, Max=1164287, Min=17, Avg=10727, 90=21519, 99=53695, 99.9=536575, 99.99=1164287] [READ-FAILED: Count=23, Max=13967, Min=1942, Avg=3236.17, 90=3589, 99=13967, 99.9=13967, 99.99=13967] 
2020-09-09 14:36:25:013 50 sec: 136050 operations; 3167.6 current ops/sec; est completion in 1 hour [READ: Count=30119, Max=1275903, Min=0, Avg=9890.76, 90=20303, 99=53151, 99.9=536063, 99.99=1002495] [UPDATE: Count=1533, Max=1105919, Min=14, Avg=13381.46, 90=21071, 99=304383, 99.9=692223, 99.99=1105919] [READ-FAILED: Count=24, Max=20479, Min=1817, Avg=3978.71, 90=5563, 99=20479, 99.9=20479, 99.99=20479] 
2020-09-09 14:36:35:014 60 sec: 166864 operations; 3081.4 current ops/sec; est completion in 58 minutes [READ: Count=29183, Max=1479679, Min=0, Avg=10418.46, 90=19631, 99=63871, 99.9=540159, 99.99=566271] [UPDATE: Count=1607, Max=540671, Min=13, Avg=10206.07, 90=19679, 99=105343, 99.9=524799, 99.99=540671] [READ-FAILED: Count=25, Max=15343, Min=1759, Avg=4314.32, 90=10183, 99=15343, 99.9=15343, 99.99=15343] 
2020-09-09 14:36:45:013 70 sec: 195422 operations; 2855.8 current ops/sec; est completion in 58 minutes [READ: Count=27099, Max=1136639, Min=0, Avg=11067.21, 90=19871, 99=76351, 99.9=537087, 99.99=790015] [UPDATE: Count=1432, Max=1083391, Min=12, Avg=13352.48, 90=19711, 99=306687, 99.9=812543, 99.99=1083391] [READ-FAILED: Count=26, Max=7223, Min=1895, Avg=3010.27, 90=3649, 99=7223, 99.9=7223, 99.99=7223] 
2020-09-09 14:36:55:013 80 sec: 224991 operations; 2956.9 current ops/sec; est completion in 57 minutes [READ: Count=28126, Max=767487, Min=0, Avg=10622.63, 90=20671, 99=69439, 99.9=535039, 99.99=597503] [UPDATE: Count=1424, Max=603647, Min=12, Avg=12693.48, 90=21823, 99=134271, 99.9=541695, 99.99=603647] [READ-FAILED: Count=17, Max=7695, Min=2204, Avg=3687, 90=5795, 99=7695, 99.9=7695, 99.99=7695] 
2020-09-09 14:37:05:013 90 sec: 257075 operations; 3208.4 current ops/sec; est completion in 56 minutes [READ: Count=30454, Max=858111, Min=0, Avg=10051.65, 90=20431, 99=62399, 99.9=534527, 99.99=597503] [UPDATE: Count=1596, Max=531967, Min=14, Avg=11462.31, 90=20735, 99=133759, 99.9=525823, 99.99=531967] [READ-FAILED: Count=36, Max=12191, Min=1724, Avg=3510.25, 90=4651, 99=12191, 99.9=12191, 99.99=12191] 
2020-09-09 14:37:15:013 100 sec: 287285 operations; 3021 current ops/sec; est completion in 56 minutes [READ: Count=28646, Max=1618943, Min=0, Avg=10545.58, 90=20431, 99=58975, 99.9=542719, 99.99=812031] [UPDATE: Count=1537, Max=1353727, Min=13, Avg=11471.4, 90=21359, 99=81535, 99.9=573951, 99.99=1353727] [READ-FAILED: Count=24, Max=13663, Min=1930, Avg=3784.96, 90=5987, 99=13663, 99.9=13663, 99.99=13663] 
2020-09-09 14:37:25:013 110 sec: 315293 operations; 2800.8 current ops/sec; est completion in 56 minutes [READ: Count=26553, Max=803327, Min=0, Avg=11281.56, 90=21887, 99=87423, 99.9=536063, 99.99=710143] [UPDATE: Count=1431, Max=559615, Min=12, Avg=13032.08, 90=22591, 99=194047, 99.9=550911, 99.99=559615] [READ-FAILED: Count=29, Max=23343, Min=1813, Avg=4574, 90=7191, 99=23343, 99.9=23343, 99.99=23343] 
2020-09-09 14:37:35:013 120 sec: 343788 operations; 2849.5 current ops/sec; est completion in 56 minutes [READ: Count=27039, Max=1019903, Min=0, Avg=11290.38, 90=20959, 99=79615, 99.9=545791, 99.99=637951] [UPDATE: Count=1426, Max=789503, Min=14, Avg=10895.32, 90=20079, 99=107519, 99.9=649727, 99.99=789503] [READ-FAILED: Count=25, Max=15183, Min=2108, Avg=3741.16, 90=7991, 99=15183, 99.9=15183, 99.99=15183] 
2020-09-09 14:37:45:013 130 sec: 374980 operations; 3119.2 current ops/sec; est completion in 55 minutes [READ: Count=29644, Max=661503, Min=0, Avg=10102.3, 90=19679, 99=58303, 99.9=538623, 99.99=563711] [UPDATE: Count=1520, Max=553983, Min=14, Avg=10622.6, 90=19647, 99=80511, 99.9=523007, 99.99=553983] [READ-FAILED: Count=30, Max=16031, Min=1674, Avg=3260.3, 90=3991, 99=16031, 99.9=16031, 99.99=16031] 
2020-09-09 14:37:55:013 140 sec: 406393 operations; 3141.3 current ops/sec; est completion in 55 minutes [READ: Count=29793, Max=1557503, Min=0, Avg=10177.86, 90=19247, 99=56415, 99.9=545279, 99.99=844287] [UPDATE: Count=1583, Max=976383, Min=16, Avg=11699.04, 90=19295, 99=119935, 99.9=544255, 99.99=976383] [READ-FAILED: Count=35, Max=17215, Min=1723, Avg=3531.71, 90=4131, 99=17215, 99.9=17215, 99.99=17215] 
2020-09-09 14:38:05:013 150 sec: 438411 operations; 3201.8 current ops/sec; est completion in 54 minutes [READ: Count=30357, Max=1040383, Min=0, Avg=9824.11, 90=19855, 99=53791, 99.9=533503, 99.99=662527] [UPDATE: Count=1629, Max=955391, Min=14, Avg=12548.31, 90=20479, 99=209151, 99.9=545279, 99.99=955391] [READ-FAILED: Count=31, Max=6659, Min=1484, Avg=3017.87, 90=5327, 99=6659, 99.9=6659, 99.99=6659] 
2020-09-09 14:38:15:013 160 sec: 470198 operations; 3178.7 current ops/sec; est completion in 54 minutes [READ: Count=30172, Max=637951, Min=0, Avg=10058.17, 90=20847, 99=55071, 99.9=543231, 99.99=567807] [UPDATE: Count=1584, Max=539647, Min=1, Avg=10615.1, 90=22015, 99=66111, 99.9=525311, 99.99=539647] [READ-FAILED: Count=33, Max=11015, Min=1772, Avg=3288.52, 90=5483, 99=11015, 99.9=11015, 99.99=11015] 
2020-09-09 14:38:25:013 170 sec: 501661 operations; 3146.3 current ops/sec; est completion in 53 minutes [READ: Count=29864, Max=1294335, Min=0, Avg=10128.66, 90=19423, 99=58687, 99.9=535039, 99.99=1076223] [UPDATE: Count=1571, Max=788991, Min=15, Avg=12046.13, 90=20255, 99=156415, 99.9=540159, 99.99=788991] [READ-FAILED: Count=32, Max=11399, Min=1399, Avg=3157.78, 90=4323, 99=11399, 99.9=11399, 99.99=11399] 
2020-09-09 14:38:35:013 180 sec: 534431 operations; 3277 current ops/sec; est completion in 53 minutes [READ: Count=31081, Max=1366015, Min=0, Avg=9642.66, 90=20271, 99=52031, 99.9=534527, 99.99=750591] [UPDATE: Count=1658, Max=1284095, Min=15, Avg=12507.34, 90=21087, 99=145023, 99.9=540159, 99.99=1284095] [READ-FAILED: Count=26, Max=14967, Min=2082, Avg=3855.04, 90=3761, 99=14967, 99.9=14967, 99.99=14967] 
2020-09-09 14:38:45:013 190 sec: 563756 operations; 2932.5 current ops/sec; est completion in 53 minutes [READ: Count=27769, Max=704511, Min=0, Avg=10768.67, 90=19951, 99=74623, 99.9=535039, 99.99=581119] [UPDATE: Count=1532, Max=554495, Min=13, Avg=13198.18, 90=20479, 99=413183, 99.9=539135, 99.99=554495] [READ-FAILED: Count=23, Max=77631, Min=1827, Avg=7510.39, 90=7619, 99=77631, 99.9=77631, 99.99=77631] 
2020-09-09 14:38:55:013 200 sec: 595140 operations; 3138.4 current ops/sec; est completion in 52 minutes [READ: Count=29819, Max=720383, Min=0, Avg=10166.13, 90=20031, 99=61887, 99.9=528895, 99.99=591359] [UPDATE: Count=1540, Max=557567, Min=14, Avg=10851.88, 90=19311, 99=95615, 99.9=524799, 99.99=557567] [READ-FAILED: Count=28, Max=22479, Min=1820, Avg=3508.71, 90=4415, 99=22479, 99.9=22479, 99.99=22479] 
2020-09-09 14:39:05:013 210 sec: 623955 operations; 2881.5 current ops/sec; est completion in 52 minutes [READ: Count=27353, Max=711679, Min=0, Avg=10773.83, 90=19375, 99=70399, 99.9=532479, 99.99=543743] [UPDATE: Count=1440, Max=541183, Min=15, Avg=13088.74, 90=19295, 99=514559, 99.9=540671, 99.99=541183] [READ-FAILED: Count=20, Max=19247, Min=2040, Avg=5314.95, 90=9679, 99=19247, 99.9=19247, 99.99=19247] 
2020-09-09 14:39:15:013 220 sec: 654684 operations; 3072.9 current ops/sec; est completion in 52 minutes [READ: Count=29166, Max=1153023, Min=0, Avg=10374.64, 90=19519, 99=60927, 99.9=531967, 99.99=1087487] [UPDATE: Count=1539, Max=637439, Min=14, Avg=13627.59, 90=20079, 99=396287, 99.9=531455, 99.99=637439] [READ-FAILED: Count=27, Max=11879, Min=1851, Avg=3002.74, 90=3539, 99=11879, 99.9=11879, 99.99=11879] 
2020-09-09 14:39:25:013 230 sec: 682400 operations; 2771.6 current ops/sec; est completion in 52 minutes [READ: Count=26343, Max=1387519, Min=0, Avg=11435.99, 90=18943, 99=98943, 99.9=536575, 99.99=987647] [UPDATE: Count=1341, Max=1101823, Min=15, Avg=15363.8, 90=19807, 99=514047, 99.9=1071103, 99.99=1101823] [READ-FAILED: Count=28, Max=14927, Min=1609, Avg=3183.36, 90=3909, 99=14927, 99.9=14927, 99.99=14927] 
2020-09-09 14:39:35:013 240 sec: 713903 operations; 3150.3 current ops/sec; est completion in 52 minutes [READ: Count=29917, Max=573951, Min=0, Avg=10129.83, 90=19807, 99=64095, 99.9=531455, 99.99=545279] [UPDATE: Count=1561, Max=532479, Min=16, Avg=9773.84, 90=20063, 99=63871, 99.9=513791, 99.99=532479] [READ-FAILED: Count=29, Max=9679, Min=1862, Avg=3281.31, 90=4583, 99=9679, 99.9=9679, 99.99=9679] 
2020-09-09 14:39:45:013 250 sec: 744853 operations; 3095 current ops/sec; est completion in 51 minutes [READ: Count=29380, Max=1283071, Min=0, Avg=10264.81, 90=20479, 99=61855, 99.9=530431, 99.99=639999] [UPDATE: Count=1545, Max=551935, Min=16, Avg=12053.67, 90=21151, 99=108607, 99.9=538623, 99.99=551935] [READ-FAILED: Count=21, Max=5967, Min=2064, Avg=3172.43, 90=4339, 99=5967, 99.9=5967, 99.99=5967] 
2020-09-09 14:39:55:013 260 sec: 774028 operations; 2917.5 current ops/sec; est completion in 51 minutes [READ: Count=27718, Max=943103, Min=0, Avg=10896.21, 90=18879, 99=78463, 99.9=538111, 99.99=595967] [UPDATE: Count=1429, Max=648191, Min=15, Avg=12217.99, 90=19167, 99=273919, 99.9=537599, 99.99=648191] [READ-FAILED: Count=30, Max=4155, Min=1728, Avg=2710.43, 90=3361, 99=4155, 99.9=4155, 99.99=4155] 
2020-09-09 14:40:05:013 270 sec: 804423 operations; 3039.5 current ops/sec; est completion in 51 minutes [READ: Count=28851, Max=1633279, Min=0, Avg=10409.85, 90=20543, 99=58463, 99.9=531967, 99.99=595967] [UPDATE: Count=1522, Max=721407, Min=15, Avg=12848.96, 90=21071, 99=315391, 99.9=529919, 99.99=721407] [READ-FAILED: Count=24, Max=6515, Min=59, Avg=2726.38, 90=4199, 99=6515, 99.9=6515, 99.99=6515] 
2020-09-09 14:40:15:013 280 sec: 836396 operations; 3197.3 current ops/sec; est completion in 51 minutes [READ: Count=30341, Max=671231, Min=0, Avg=9920.66, 90=19007, 99=61919, 99.9=530431, 99.99=566271] [UPDATE: Count=1609, Max=750079, Min=13, Avg=12044.01, 90=19135, 99=253311, 99.9=595967, 99.99=750079] [READ-FAILED: Count=21, Max=4339, Min=1623, Avg=2816.19, 90=3807, 99=4339, 99.9=4339, 99.99=4339] 
2020-09-09 14:40:25:013 290 sec: 867084 operations; 3068.8 current ops/sec; est completion in 50 minutes [READ: Count=29087, Max=792063, Min=0, Avg=10358.1, 90=20863, 99=63007, 99.9=531455, 99.99=545791] [UPDATE: Count=1581, Max=542719, Min=16, Avg=11687.77, 90=21471, 99=128255, 99.9=519679, 99.99=542719] [READ-FAILED: Count=21, Max=14543, Min=1856, Avg=3564.62, 90=4239, 99=14543, 99.9=14543, 99.99=14543] 
2020-09-09 14:40:35:013 300 sec: 898012 operations; 3092.8 current ops/sec; est completion in 50 minutes [READ: Count=29306, Max=758783, Min=0, Avg=10099.92, 90=19215, 99=59583, 99.9=532479, 99.99=612863] [UPDATE: Count=1594, Max=537599, Min=12, Avg=14040.32, 90=20415, 99=435711, 99.9=528383, 99.99=537599] [READ-FAILED: Count=27, Max=24783, Min=1837, Avg=4589.11, 90=4751, 99=24783, 99.9=24783, 99.99=24783] 
Maximum time elapsed. Requesting stop for the workload.
Stop requested for workload. Now Joining!
[36m14:40:35.564[m [[34;1mINFO[m] [1;34mp.u.t.s.y.Stats.clientFinished@38[m: 
Ended SconeKV benchmark.
Number of clients: 32
Total transactions: 178667
Committed: 171447 (95.95896%)
Aborted: 7220 (4.0410376%)
2020-09-09 14:40:35:567 300 sec: 898104 operations; 166.67 current ops/sec; est completion in 50 minutes [READ: Count=84, Max=656895, Min=1736, Avg=120043.04, 90=522495, 99=635391, 99.9=656895, 99.99=656895] [CLEANUP: Count=32, Max=1354, Min=2, Avg=45.91, 90=7, 99=1354, 99.9=1354, 99.99=1354] [UPDATE: Count=6, Max=758271, Min=9608, Avg=249976, 90=477439, 99=758271, 99.9=758271, 99.99=758271] [READ-FAILED: Count=0, Max=0, Min=9223372036854775807, Avg=NaN, 90=0, 99=0, 99.9=0, 99.99=0] 
[OVERALL], RunTime(ms), 300552
[OVERALL], Throughput(ops/sec), 2988.181745588118
[TOTAL_GCS_G1_Young_Generation], Count, 132
[TOTAL_GC_TIME_G1_Young_Generation], Time(ms), 1076
[TOTAL_GC_TIME_%_G1_Young_Generation], Time(%), 0.3580079320716548
[TOTAL_GCS_G1_Old_Generation], Count, 0
[TOTAL_GC_TIME_G1_Old_Generation], Time(ms), 0
[TOTAL_GC_TIME_%_G1_Old_Generation], Time(%), 0.0
[TOTAL_GCs], Count, 132
[TOTAL_GC_TIME], Time(ms), 1076
[TOTAL_GC_TIME_%], Time(%), 0.3580079320716548
[READ], Operations, 852385
[READ], AverageLatency(us), 10533.937943534906
[READ], MinLatency(us), 0
[READ], MaxLatency(us), 15040511
[READ], 95thPercentileLatency(us), 25839
[READ], 99thPercentileLatency(us), 64223
[READ], Return=OK, 852385
[READ], Return=NOT_FOUND, 786
[CLEANUP], Operations, 32
[CLEANUP], AverageLatency(us), 45.90625
[CLEANUP], MinLatency(us), 2
[CLEANUP], MaxLatency(us), 1354
[CLEANUP], 95thPercentileLatency(us), 7
[CLEANUP], 99thPercentileLatency(us), 1354
[UPDATE], Operations, 44933
[UPDATE], AverageLatency(us), 12161.881289920548
[UPDATE], MinLatency(us), 1
[UPDATE], MaxLatency(us), 1353727
[UPDATE], 95thPercentileLatency(us), 27311
[UPDATE], 99thPercentileLatency(us), 176255
[UPDATE], Return=OK, 44933
[READ-FAILED], Operations, 786
[READ-FAILED], AverageLatency(us), 3768.913486005089
[READ-FAILED], MinLatency(us), 59
[READ-FAILED], MaxLatency(us), 77631
[READ-FAILED], 95thPercentileLatency(us), 8303
[READ-FAILED], 99thPercentileLatency(us), 22351
