Command line: -t -db pt.ulisboa.tecnico.sconekv.ycsb.SconeKVClient -P workloada -threads 128 -s -p scone.tx_size=5 -p operationcount=10000000 -p maxexecutiontime=300
YCSB Client 0.17.0

Loading workload...
Starting test.
WARNING: sun.reflect.Reflection.getCallerClass is not supported. This will impact performance.
Maximum execution time specified as: 300 secs
2020-09-10 09:34:15:013 0 sec: 0 operations; est completion in 0 second 
DBWrapper: report latency for each error is false and specific error codes to track for latency are: []
DBWrapper: report latency for each error is false and specific error codes to track for latency are: []
DBWrapper: report latency for each error is false and specific error codes to track for latency are: []
DBWrapper: report latency for each error is false and specific error codes to track for latency are: []
DBWrapper: report latency for each error is false and specific error codes to track for latency are: []
DBWrapper: report latency for each error is false and specific error codes to track for latency are: []
DBWrapper: report latency for each error is false and specific error codes to track for latency are: []
DBWrapper: report latency for each error is false and specific error codes to track for latency are: []
DBWrapper: report latency for each error is false and specific error codes to track for latency are: []
DBWrapper: report latency for each error is false and specific error codes to track for latency are: []
DBWrapper: report latency for each error is false and specific error codes to track for latency are: []
DBWrapper: report latency for each error is false and specific error codes to track for latency are: []
DBWrapper: report latency for each error is false and specific error codes to track for latency are: []
DBWrapper: report latency for each error is false and specific error codes to track for latency are: []
DBWrapper: report latency for each error is false and specific error codes to track for latency are: []
DBWrapper: report latency for each error is false and specific error codes to track for latency are: []
DBWrapper: report latency for each error is false and specific error codes to track for latency are: []
DBWrapper: report latency for each error is false and specific error codes to track for latency are: []
DBWrapper: report latency for each error is false and specific error codes to track for latency are: []
DBWrapper: report latency for each error is false and specific error codes to track for latency are: []
DBWrapper: report latency for each error is false and specific error codes to track for latency are: []
DBWrapper: report latency for each error is false and specific error codes to track for latency are: []
DBWrapper: report latency for each error is false and specific error codes to track for latency are: []
DBWrapper: report latency for each error is false and specific error codes to track for latency are: []
DBWrapper: report latency for each error is false and specific error codes to track for latency are: []
DBWrapper: report latency for each error is false and specific error codes to track for latency are: []
DBWrapper: report latency for each error is false and specific error codes to track for latency are: []
DBWrapper: report latency for each error is false and specific error codes to track for latency are: []
DBWrapper: report latency for each error is false and specific error codes to track for latency are: []
DBWrapper: report latency for each error is false and specific error codes to track for latency are: []
DBWrapper: report latency for each error is false and specific error codes to track for latency are: []
DBWrapper: report latency for each error is false and specific error codes to track for latency are: []
DBWrapper: report latency for each error is false and specific error codes to track for latency are: []
DBWrapper: report latency for each error is false and specific error codes to track for latency are: []
DBWrapper: report latency for each error is false and specific error codes to track for latency are: []
DBWrapper: report latency for each error is false and specific error codes to track for latency are: []
DBWrapper: report latency for each error is false and specific error codes to track for latency are: []
DBWrapper: report latency for each error is false and specific error codes to track for latency are: []
DBWrapper: report latency for each error is false and specific error codes to track for latency are: []
DBWrapper: report latency for each error is false and specific error codes to track for latency are: []
DBWrapper: report latency for each error is false and specific error codes to track for latency are: []
DBWrapper: report latency for each error is false and specific error codes to track for latency are: []
DBWrapper: report latency for each error is false and specific error codes to track for latency are: []
DBWrapper: report latency for each error is false and specific error codes to track for latency are: []
DBWrapper: report latency for each error is false and specific error codes to track for latency are: []
DBWrapper: report latency for each error is false and specific error codes to track for latency are: []
DBWrapper: report latency for each error is false and specific error codes to track for latency are: []
DBWrapper: report latency for each error is false and specific error codes to track for latency are: []
DBWrapper: report latency for each error is false and specific error codes to track for latency are: []
DBWrapper: report latency for each error is false and specific error codes to track for latency are: []
DBWrapper: report latency for each error is false and specific error codes to track for latency are: []
DBWrapper: report latency for each error is false and specific error codes to track for latency are: []
DBWrapper: report latency for each error is false and specific error codes to track for latency are: []
DBWrapper: report latency for each error is false and specific error codes to track for latency are: []
DBWrapper: report latency for each error is false and specific error codes to track for latency are: []
DBWrapper: report latency for each error is false and specific error codes to track for latency are: []
DBWrapper: report latency for each error is false and specific error codes to track for latency are: []
DBWrapper: report latency for each error is false and specific error codes to track for latency are: []
DBWrapper: report latency for each error is false and specific error codes to track for latency are: []
DBWrapper: report latency for each error is false and specific error codes to track for latency are: []
DBWrapper: report latency for each error is false and specific error codes to track for latency are: []
DBWrapper: report latency for each error is false and specific error codes to track for latency are: []
DBWrapper: report latency for each error is false and specific error codes to track for latency are: []
DBWrapper: report latency for each error is false and specific error codes to track for latency are: []
DBWrapper: report latency for each error is false and specific error codes to track for latency are: []
DBWrapper: report latency for each error is false and specific error codes to track for latency are: []
DBWrapper: report latency for each error is false and specific error codes to track for latency are: []
DBWrapper: report latency for each error is false and specific error codes to track for latency are: []
DBWrapper: report latency for each error is false and specific error codes to track for latency are: []
DBWrapper: report latency for each error is false and specific error codes to track for latency are: []
DBWrapper: report latency for each error is false and specific error codes to track for latency are: []
DBWrapper: report latency for each error is false and specific error codes to track for latency are: []
DBWrapper: report latency for each error is false and specific error codes to track for latency are: []
DBWrapper: report latency for each error is false and specific error codes to track for latency are: []
DBWrapper: report latency for each error is false and specific error codes to track for latency are: []
DBWrapper: report latency for each error is false and specific error codes to track for latency are: []
DBWrapper: report latency for each error is false and specific error codes to track for latency are: []
DBWrapper: report latency for each error is false and specific error codes to track for latency are: []
DBWrapper: report latency for each error is false and specific error codes to track for latency are: []
DBWrapper: report latency for each error is false and specific error codes to track for latency are: []
DBWrapper: report latency for each error is false and specific error codes to track for latency are: []
DBWrapper: report latency for each error is false and specific error codes to track for latency are: []
DBWrapper: report latency for each error is false and specific error codes to track for latency are: []
DBWrapper: report latency for each error is false and specific error codes to track for latency are: []
DBWrapper: report latency for each error is false and specific error codes to track for latency are: []
DBWrapper: report latency for each error is false and specific error codes to track for latency are: []
DBWrapper: report latency for each error is false and specific error codes to track for latency are: []
DBWrapper: report latency for each error is false and specific error codes to track for latency are: []
DBWrapper: report latency for each error is false and specific error codes to track for latency are: []
DBWrapper: report latency for each error is false and specific error codes to track for latency are: []
DBWrapper: report latency for each error is false and specific error codes to track for latency are: []
DBWrapper: report latency for each error is false and specific error codes to track for latency are: []
DBWrapper: report latency for each error is false and specific error codes to track for latency are: []
DBWrapper: report latency for each error is false and specific error codes to track for latency are: []
2020-09-10 09:34:25:012 10 sec: 11374 operations; 1137.4 current ops/sec; est completion in 2 hours 26 minutes [READ: Count=5737, Max=917503, Min=3, Avg=42727.23, 90=99711, 99=526847, 99.9=705535, 99.99=857087] [UPDATE: Count=6412, Max=916479, Min=13, Avg=38556.51, 90=93503, 99=383487, 99.9=742399, 99.99=876543] [READ-FAILED: Count=1, Max=3359, Min=3358, Avg=3359, 90=3359, 99=3359, 99.9=3359, 99.99=3359] 
DBWrapper: report latency for each error is false and specific error codes to track for latency are: []
DBWrapper: report latency for each error is false and specific error codes to track for latency are: []
DBWrapper: report latency for each error is false and specific error codes to track for latency are: []
DBWrapper: report latency for each error is false and specific error codes to track for latency are: []
DBWrapper: report latency for each error is false and specific error codes to track for latency are: []
DBWrapper: report latency for each error is false and specific error codes to track for latency are: []
DBWrapper: report latency for each error is false and specific error codes to track for latency are: []
DBWrapper: report latency for each error is false and specific error codes to track for latency are: []
DBWrapper: report latency for each error is false and specific error codes to track for latency are: []
DBWrapper: report latency for each error is false and specific error codes to track for latency are: []
DBWrapper: report latency for each error is false and specific error codes to track for latency are: []
DBWrapper: report latency for each error is false and specific error codes to track for latency are: []
DBWrapper: report latency for each error is false and specific error codes to track for latency are: []
DBWrapper: report latency for each error is false and specific error codes to track for latency are: []
DBWrapper: report latency for each error is false and specific error codes to track for latency are: []
DBWrapper: report latency for each error is false and specific error codes to track for latency are: []
DBWrapper: report latency for each error is false and specific error codes to track for latency are: []
2020-09-10 09:34:35:012 20 sec: 45166 operations; 3379.2 current ops/sec; est completion in 1 hour 13 minutes [READ: Count=16800, Max=819711, Min=0, Avg=28932.09, 90=56991, 99=349183, 99.9=591359, 99.99=761343] [UPDATE: Count=16228, Max=803839, Min=9, Avg=29600.2, 90=59103, 99=330751, 99.9=585727, 99.99=693759] [READ-FAILED: Count=9, Max=33759, Min=2476, Avg=10440.44, 90=17679, 99=33759, 99.9=33759, 99.99=33759] 
2020-09-10 09:34:45:012 30 sec: 79440 operations; 3427.4 current ops/sec; est completion in 1 hour 2 minutes [READ: Count=17109, Max=15048703, Min=0, Avg=33575.44, 90=51359, 99=547327, 99.9=947711, 99.99=1599487] [UPDATE: Count=17181, Max=1574911, Min=1, Avg=32169.23, 90=52863, 99=546815, 99.9=901119, 99.99=1566719] [READ-FAILED: Count=9, Max=19167, Min=2064, Avg=7306, 90=12847, 99=19167, 99.9=19167, 99.99=19167] 
DBWrapper: report latency for each error is false and specific error codes to track for latency are: []
DBWrapper: report latency for each error is false and specific error codes to track for latency are: []
DBWrapper: report latency for each error is false and specific error codes to track for latency are: []
DBWrapper: report latency for each error is false and specific error codes to track for latency are: []
DBWrapper: report latency for each error is false and specific error codes to track for latency are: []
DBWrapper: report latency for each error is false and specific error codes to track for latency are: []
DBWrapper: report latency for each error is false and specific error codes to track for latency are: []
DBWrapper: report latency for each error is false and specific error codes to track for latency are: []
DBWrapper: report latency for each error is false and specific error codes to track for latency are: []
DBWrapper: report latency for each error is false and specific error codes to track for latency are: []
DBWrapper: report latency for each error is false and specific error codes to track for latency are: []
DBWrapper: report latency for each error is false and specific error codes to track for latency are: []
DBWrapper: report latency for each error is false and specific error codes to track for latency are: []
DBWrapper: report latency for each error is false and specific error codes to track for latency are: []
DBWrapper: report latency for each error is false and specific error codes to track for latency are: []
DBWrapper: report latency for each error is false and specific error codes to track for latency are: []
DBWrapper: report latency for each error is false and specific error codes to track for latency are: []
2020-09-10 09:34:55:012 40 sec: 126426 operations; 4698.6 current ops/sec; est completion in 52 minutes [READ: Count=23625, Max=1101823, Min=0, Avg=24670.9, 90=47711, 99=522239, 99.9=684031, 99.99=918015] [UPDATE: Count=23375, Max=1070079, Min=1, Avg=26501.3, 90=49471, 99=527871, 99.9=729087, 99.99=962047] [READ-FAILED: Count=6, Max=16375, Min=2018, Avg=8205.33, 90=12895, 99=16375, 99.9=16375, 99.99=16375] 
2020-09-10 09:35:05:012 50 sec: 163578 operations; 3715.2 current ops/sec; est completion in 50 minutes [READ: Count=18425, Max=15081471, Min=0, Avg=34397, 90=62943, 99=546303, 99.9=876543, 99.99=1075199] [UPDATE: Count=18676, Max=15056895, Min=0, Avg=35210.03, 90=65727, 99=548351, 99.9=868863, 99.99=1120255] [READ-FAILED: Count=8, Max=7103, Min=2218, Avg=3811.12, 90=4443, 99=7103, 99.9=7103, 99.99=7103] 
2020-09-10 09:35:15:011 60 sec: 205147 operations; 4156.9 current ops/sec; est completion in 47 minutes [READ: Count=20830, Max=1065983, Min=1, Avg=29473.26, 90=52863, 99=539135, 99.9=803839, 99.99=1013759] [UPDATE: Count=20710, Max=1191935, Min=0, Avg=31504.37, 90=55999, 99=547839, 99.9=842239, 99.99=1151999] [READ-FAILED: Count=9, Max=5915, Min=1382, Avg=3268.89, 90=5203, 99=5915, 99.9=5915, 99.99=5915] 
2020-09-10 09:35:25:012 70 sec: 249932 operations; 4478.5 current ops/sec; est completion in 45 minutes [READ: Count=22349, Max=1391615, Min=1, Avg=27904.91, 90=46687, 99=535551, 99.9=1071103, 99.99=1371135] [UPDATE: Count=22429, Max=1437695, Min=0, Avg=30407.3, 90=48159, 99=548863, 99.9=1200127, 99.99=1366015] [READ-FAILED: Count=8, Max=11023, Min=2252, Avg=4628.38, 90=5535, 99=11023, 99.9=11023, 99.99=11023] 
2020-09-10 09:35:35:011 80 sec: 291143 operations; 4121.1 current ops/sec; est completion in 44 minutes [READ: Count=20488, Max=1155071, Min=0, Avg=30197.1, 90=54239, 99=541695, 99.9=835583, 99.99=1126399] [UPDATE: Count=20750, Max=1253375, Min=3, Avg=32346.05, 90=56479, 99=549375, 99.9=934399, 99.99=1211391] [READ-FAILED: Count=4, Max=5387, Min=1808, Avg=3896.75, 90=5387, 99=5387, 99.9=5387, 99.99=5387] 
2020-09-10 09:35:45:012 90 sec: 334124 operations; 4298.1 current ops/sec; est completion in 43 minutes [READ: Count=21475, Max=1270783, Min=0, Avg=28710.84, 90=54111, 99=533503, 99.9=705535, 99.99=911359] [UPDATE: Count=21466, Max=1317887, Min=0, Avg=30293.76, 90=56351, 99=538111, 99.9=729599, 99.99=976895] [READ-FAILED: Count=8, Max=15927, Min=1777, Avg=4961.12, 90=5687, 99=15927, 99.9=15927, 99.99=15927] 
2020-09-10 09:35:55:012 100 sec: 376639 operations; 4251.5 current ops/sec; est completion in 42 minutes [READ: Count=21361, Max=1168383, Min=0, Avg=28912.79, 90=51839, 99=537087, 99.9=881663, 99.99=1120255] [UPDATE: Count=21160, Max=1319935, Min=0, Avg=30941.77, 90=56351, 99=540671, 99.9=887295, 99.99=1140735] [READ-FAILED: Count=10, Max=11951, Min=2006, Avg=5190.7, 90=10135, 99=11951, 99.9=11951, 99.99=11951] 
2020-09-10 09:36:05:012 110 sec: 422511 operations; 4587.2 current ops/sec; est completion in 41 minutes [READ: Count=22805, Max=1075199, Min=1, Avg=26822.24, 90=50399, 99=525823, 99.9=670719, 99.99=940543] [UPDATE: Count=23060, Max=1186815, Min=1, Avg=29475.79, 90=55231, 99=532991, 99.9=733695, 99.99=1015295] [READ-FAILED: Count=7, Max=11911, Min=2452, Avg=5352.86, 90=9279, 99=11911, 99.9=11911, 99.99=11911] 
2020-09-10 09:36:15:012 120 sec: 472379 operations; 4986.8 current ops/sec; est completion in 40 minutes [READ: Count=24958, Max=1180671, Min=1, Avg=25208.53, 90=46175, 99=523519, 99.9=741887, 99.99=1126399] [UPDATE: Count=24898, Max=1108991, Min=0, Avg=26238.35, 90=48767, 99=523007, 99.9=752639, 99.99=1056767] [READ-FAILED: Count=7, Max=11143, Min=2104, Avg=4157, 90=4555, 99=11143, 99.9=11143, 99.99=11143] 
2020-09-10 09:36:25:011 130 sec: 515911 operations; 4353.2 current ops/sec; est completion in 39 minutes [READ: Count=21601, Max=1120255, Min=0, Avg=28426.6, 90=55871, 99=525311, 99.9=693759, 99.99=1053695] [UPDATE: Count=21917, Max=1111039, Min=0, Avg=29224.03, 90=55999, 99=526847, 99.9=777727, 99.99=1019391] [READ-FAILED: Count=9, Max=5359, Min=2446, Avg=3732.33, 90=4591, 99=5359, 99.9=5359, 99.99=5359] 
2020-09-10 09:36:35:011 140 sec: 558000 operations; 4208.9 current ops/sec; est completion in 39 minutes [READ: Count=20970, Max=1544191, Min=0, Avg=30101.61, 90=47167, 99=545791, 99.9=1025023, 99.99=1452031] [UPDATE: Count=21133, Max=1559551, Min=4, Avg=31663.1, 90=49311, 99=558591, 99.9=1065983, 99.99=1482751] [READ-FAILED: Count=6, Max=4595, Min=2408, Avg=3644.83, 90=4559, 99=4595, 99.9=4595, 99.99=4595] 
2020-09-10 09:36:45:016 150 sec: 603076 operations; 4506.25 current ops/sec; est completion in 38 minutes [READ: Count=22652, Max=1328127, Min=0, Avg=27629.78, 90=44767, 99=537087, 99.9=759295, 99.99=1069055] [UPDATE: Count=22410, Max=1349631, Min=0, Avg=29518.13, 90=47135, 99=538623, 99.9=805887, 99.99=1144831] [READ-FAILED: Count=9, Max=6687, Min=2033, Avg=4192.78, 90=6607, 99=6687, 99.9=6687, 99.99=6687] 
2020-09-10 09:36:55:011 160 sec: 645574 operations; 4251.08 current ops/sec; est completion in 38 minutes [READ: Count=20983, Max=1181695, Min=0, Avg=29052.76, 90=51967, 99=535039, 99.9=786943, 99.99=1065983] [UPDATE: Count=21495, Max=1407999, Min=0, Avg=30819.99, 90=54879, 99=542207, 99.9=882687, 99.99=1195007] [READ-FAILED: Count=9, Max=14767, Min=2037, Avg=4629.89, 90=4575, 99=14767, 99.9=14767, 99.99=14767] 
2020-09-10 09:37:05:012 170 sec: 693871 operations; 4829.22 current ops/sec; est completion in 38 minutes [READ: Count=24100, Max=1176575, Min=0, Avg=25906.85, 90=46239, 99=527871, 99.9=750079, 99.99=1072127] [UPDATE: Count=24183, Max=1483775, Min=1, Avg=27399.48, 90=48575, 99=534015, 99.9=901119, 99.99=1151999] [READ-FAILED: Count=10, Max=6147, Min=2118, Avg=3463.1, 90=4379, 99=6147, 99.9=6147, 99.99=6147] 
2020-09-10 09:37:15:011 180 sec: 735043 operations; 4117.61 current ops/sec; est completion in 37 minutes [READ: Count=20807, Max=992255, Min=0, Avg=30628.34, 90=54783, 99=538111, 99.9=707583, 99.99=886783] [UPDATE: Count=20361, Max=1024511, Min=0, Avg=31232.64, 90=56159, 99=538623, 99.9=762879, 99.99=957439] [READ-FAILED: Count=6, Max=19103, Min=2304, Avg=9119.5, 90=12479, 99=19103, 99.9=19103, 99.99=19103] 
2020-09-10 09:37:25:012 190 sec: 779116 operations; 4407.3 current ops/sec; est completion in 37 minutes [READ: Count=22161, Max=1193983, Min=1, Avg=28669.89, 90=54879, 99=535551, 99.9=767999, 99.99=1144831] [UPDATE: Count=21900, Max=1134591, Min=2, Avg=29319.42, 90=56447, 99=537599, 99.9=785919, 99.99=1080319] [READ-FAILED: Count=5, Max=15375, Min=2454, Avg=6517.8, 90=15375, 99=15375, 99.9=15375, 99.99=15375] 
2020-09-10 09:37:35:012 200 sec: 823997 operations; 4488.1 current ops/sec; est completion in 37 minutes [READ: Count=22363, Max=1217535, Min=0, Avg=26623.76, 90=45151, 99=530943, 99.9=824831, 99.99=1183743] [UPDATE: Count=22504, Max=1437695, Min=0, Avg=28775.09, 90=48703, 99=533503, 99.9=940031, 99.99=1206271] [READ-FAILED: Count=11, Max=91455, Min=2482, Avg=12601.09, 90=16063, 99=91455, 99.9=91455, 99.99=91455] 
2020-09-10 09:37:45:012 210 sec: 867802 operations; 4380.5 current ops/sec; est completion in 36 minutes [READ: Count=21956, Max=1180671, Min=0, Avg=29147.55, 90=51679, 99=535039, 99.9=967167, 99.99=1150975] [UPDATE: Count=21862, Max=1197055, Min=1, Avg=30500.86, 90=53791, 99=543231, 99.9=967167, 99.99=1175551] [READ-FAILED: Count=7, Max=16031, Min=3112, Avg=6755.86, 90=8091, 99=16031, 99.9=16031, 99.99=16031] 
2020-09-10 09:37:55:012 220 sec: 914978 operations; 4717.6 current ops/sec; est completion in 36 minutes [READ: Count=23512, Max=1067007, Min=0, Avg=26557.48, 90=58751, 99=510719, 99.9=669695, 99.99=1032191] [UPDATE: Count=23648, Max=990719, Min=3, Avg=27760.91, 90=59519, 99=519679, 99.9=669183, 99.99=978943] [READ-FAILED: Count=6, Max=5067, Min=1778, Avg=3534, 90=3953, 99=5067, 99.9=5067, 99.99=5067] 
2020-09-10 09:38:05:012 230 sec: 954548 operations; 3957 current ops/sec; est completion in 36 minutes [READ: Count=19697, Max=1669119, Min=0, Avg=31031.05, 90=55007, 99=538111, 99.9=939007, 99.99=1545215] [UPDATE: Count=19857, Max=1778687, Min=1, Avg=34255.81, 90=57439, 99=552447, 99.9=1074175, 99.99=1650687] [READ-FAILED: Count=5, Max=23183, Min=2126, Avg=7743, 90=23183, 99=23183, 99.9=23183, 99.99=23183] 
2020-09-10 09:38:15:012 240 sec: 998944 operations; 4439.6 current ops/sec; est completion in 36 minutes [READ: Count=22218, Max=1298431, Min=0, Avg=27747.86, 90=59263, 99=522751, 99.9=800767, 99.99=1274879] [UPDATE: Count=22183, Max=1381375, Min=0, Avg=29090.92, 90=61279, 99=524287, 99.9=869375, 99.99=1313791] [READ-FAILED: Count=5, Max=35199, Min=2192, Avg=11437.2, 90=35199, 99=35199, 99.9=35199, 99.99=35199] 
2020-09-10 09:38:25:012 250 sec: 1040491 operations; 4154.7 current ops/sec; est completion in 35 minutes [READ: Count=20780, Max=1261567, Min=0, Avg=30043.46, 90=49279, 99=542207, 99.9=796671, 99.99=1129471] [UPDATE: Count=20755, Max=1344511, Min=0, Avg=31143.48, 90=50367, 99=543743, 99.9=839167, 99.99=1219583] [READ-FAILED: Count=10, Max=15439, Min=1859, Avg=3998.2, 90=4635, 99=15439, 99.9=15439, 99.99=15439] 
2020-09-10 09:38:35:011 260 sec: 1082336 operations; 4184.5 current ops/sec; est completion in 35 minutes [READ: Count=21117, Max=1239039, Min=0, Avg=30233.94, 90=49471, 99=544255, 99.9=918527, 99.99=1211391] [UPDATE: Count=20724, Max=1356799, Min=0, Avg=32299.74, 90=51711, 99=547327, 99.9=947711, 99.99=1268735] [READ-FAILED: Count=6, Max=10487, Min=2584, Avg=4756, 90=5827, 99=10487, 99.9=10487, 99.99=10487] 
2020-09-10 09:38:45:012 270 sec: 1124849 operations; 4251.3 current ops/sec; est completion in 35 minutes [READ: Count=21216, Max=1382399, Min=1, Avg=29427.01, 90=55263, 99=536575, 99.9=892927, 99.99=1325055] [UPDATE: Count=21295, Max=1263615, Min=1, Avg=30192.16, 90=58047, 99=536063, 99.9=767999, 99.99=1247231] [READ-FAILED: Count=4, Max=6847, Min=3546, Avg=5143.25, 90=6847, 99=6847, 99.9=6847, 99.99=6847] 
2020-09-10 09:38:55:012 280 sec: 1161615 operations; 3676.6 current ops/sec; est completion in 35 minutes [READ: Count=18318, Max=1524735, Min=0, Avg=34803.58, 90=55967, 99=559615, 99.9=971263, 99.99=1422335] [UPDATE: Count=18434, Max=1513471, Min=2, Avg=35223.37, 90=58751, 99=560639, 99.9=1016319, 99.99=1337343] [READ-FAILED: Count=11, Max=22927, Min=2540, Avg=6026.45, 90=11111, 99=22927, 99.9=22927, 99.99=22927] 
2020-09-10 09:39:05:012 290 sec: 1210894 operations; 4927.9 current ops/sec; est completion in 35 minutes [READ: Count=24561, Max=1191935, Min=0, Avg=24814.2, 90=50591, 99=496127, 99.9=774655, 99.99=1122303] [UPDATE: Count=24711, Max=1169407, Min=0, Avg=27252.84, 90=52031, 99=523519, 99.9=850431, 99.99=1150975] [READ-FAILED: Count=4, Max=4719, Min=1606, Avg=2977.5, 90=4719, 99=4719, 99.9=4719, 99.99=4719] 
2020-09-10 09:39:15:011 300 sec: 1257644 operations; 4675 current ops/sec; est completion in 34 minutes [READ: Count=23498, Max=1134591, Min=0, Avg=27083.54, 90=54943, 99=524799, 99.9=718335, 99.99=946175] [UPDATE: Count=23252, Max=1016319, Min=0, Avg=27762.75, 90=56671, 99=524799, 99.9=797183, 99.99=990719] [READ-FAILED: Count=6, Max=17983, Min=3104, Avg=6250, 90=5611, 99=17983, 99.9=17983, 99.99=17983] 
Maximum time elapsed. Requesting stop for the workload.
Stop requested for workload. Now Joining!
[36m09:39:15.625[m [[34;1mINFO[m] [1;34mp.u.t.s.y.Stats.clientFinished@38[m: 
Ended SconeKV benchmark.
Number of clients: 128
Total transactions: 250392
Committed: 162027 (64.709335%)
Aborted: 88365 (35.290665%)
2020-09-10 09:39:15:628 300 sec: 1258302 operations; 1068.18 current ops/sec; est completion in 34 minutes [READ: Count=319, Max=617983, Min=2, Avg=65082.22, 90=168191, 99=548351, 99.9=617983, 99.99=617983] [CLEANUP: Count=128, Max=1373, Min=2, Avg=14.98, 90=6, 99=27, 99.9=1373, 99.99=1373] [UPDATE: Count=327, Max=1030655, Min=4, Avg=66863.5, 90=124223, 99=745983, 99.9=1030655, 99.99=1030655] [READ-FAILED: Count=0, Max=0, Min=9223372036854775807, Avg=NaN, 90=0, 99=0, 99.9=0, 99.99=0] 
[OVERALL], RunTime(ms), 300615
[OVERALL], Throughput(ops/sec), 4185.759193653012
[TOTAL_GCS_G1_Young_Generation], Count, 144
[TOTAL_GC_TIME_G1_Young_Generation], Time(ms), 2192
[TOTAL_GC_TIME_%_G1_Young_Generation], Time(%), 0.7291718643447599
[TOTAL_GCS_G1_Old_Generation], Count, 0
[TOTAL_GC_TIME_G1_Old_Generation], Time(ms), 0
[TOTAL_GC_TIME_%_G1_Old_Generation], Time(%), 0.0
[TOTAL_GCs], Count, 144
[TOTAL_GC_TIME], Time(ms), 2192
[TOTAL_GC_TIME_%], Time(%), 0.7291718643447599
[READ], Operations, 628791
[READ], AverageLatency(us), 28801.277098431754
[READ], MinLatency(us), 0
[READ], MaxLatency(us), 15081471
[READ], 95thPercentileLatency(us), 105663
[READ], 99thPercentileLatency(us), 534015
[READ], Return=OK, 628791
[READ], Return=NOT_FOUND, 215
[CLEANUP], Operations, 128
[CLEANUP], AverageLatency(us), 14.984375
[CLEANUP], MinLatency(us), 2
[CLEANUP], MaxLatency(us), 1373
[CLEANUP], 95thPercentileLatency(us), 9
[CLEANUP], 99thPercentileLatency(us), 27
[UPDATE], Operations, 629296
[UPDATE], AverageLatency(us), 30225.003944089905
[UPDATE], MinLatency(us), 0
[UPDATE], MaxLatency(us), 15056895
[UPDATE], 95thPercentileLatency(us), 117183
[UPDATE], 99thPercentileLatency(us), 538111
[UPDATE], Return=OK, 629296
[READ-FAILED], Operations, 215
[READ-FAILED], AverageLatency(us), 5802.781395348838
[READ-FAILED], MinLatency(us), 1382
[READ-FAILED], MaxLatency(us), 91455
[READ-FAILED], 95thPercentileLatency(us), 16031
[READ-FAILED], 99thPercentileLatency(us), 33759
