Command line: -t -db pt.ulisboa.tecnico.sconekv.ycsb.SconeKVClient -P workloadb -threads 64 -s -p scone.tx_size=5 -p operationcount=10000000 -p maxexecutiontime=300
YCSB Client 0.17.0

Loading workload...
Starting test.
WARNING: sun.reflect.Reflection.getCallerClass is not supported. This will impact performance.
Maximum execution time specified as: 300 secs
2020-09-29 11:15:44:272 0 sec: 0 operations; est completion in 0 second 
DBWrapper: report latency for each error is false and specific error codes to track for latency are: []
DBWrapper: report latency for each error is false and specific error codes to track for latency are: []
DBWrapper: report latency for each error is false and specific error codes to track for latency are: []
DBWrapper: report latency for each error is false and specific error codes to track for latency are: []
DBWrapper: report latency for each error is false and specific error codes to track for latency are: []
DBWrapper: report latency for each error is false and specific error codes to track for latency are: []
DBWrapper: report latency for each error is false and specific error codes to track for latency are: []
DBWrapper: report latency for each error is false and specific error codes to track for latency are: []
DBWrapper: report latency for each error is false and specific error codes to track for latency are: []
DBWrapper: report latency for each error is false and specific error codes to track for latency are: []
DBWrapper: report latency for each error is false and specific error codes to track for latency are: []
DBWrapper: report latency for each error is false and specific error codes to track for latency are: []
DBWrapper: report latency for each error is false and specific error codes to track for latency are: []
DBWrapper: report latency for each error is false and specific error codes to track for latency are: []
DBWrapper: report latency for each error is false and specific error codes to track for latency are: []
DBWrapper: report latency for each error is false and specific error codes to track for latency are: []
DBWrapper: report latency for each error is false and specific error codes to track for latency are: []
DBWrapper: report latency for each error is false and specific error codes to track for latency are: []
DBWrapper: report latency for each error is false and specific error codes to track for latency are: []
DBWrapper: report latency for each error is false and specific error codes to track for latency are: []
DBWrapper: report latency for each error is false and specific error codes to track for latency are: []
DBWrapper: report latency for each error is false and specific error codes to track for latency are: []
DBWrapper: report latency for each error is false and specific error codes to track for latency are: []
DBWrapper: report latency for each error is false and specific error codes to track for latency are: []
DBWrapper: report latency for each error is false and specific error codes to track for latency are: []
DBWrapper: report latency for each error is false and specific error codes to track for latency are: []
DBWrapper: report latency for each error is false and specific error codes to track for latency are: []
DBWrapper: report latency for each error is false and specific error codes to track for latency are: []
DBWrapper: report latency for each error is false and specific error codes to track for latency are: []
DBWrapper: report latency for each error is false and specific error codes to track for latency are: []
DBWrapper: report latency for each error is false and specific error codes to track for latency are: []
DBWrapper: report latency for each error is false and specific error codes to track for latency are: []
DBWrapper: report latency for each error is false and specific error codes to track for latency are: []
DBWrapper: report latency for each error is false and specific error codes to track for latency are: []
DBWrapper: report latency for each error is false and specific error codes to track for latency are: []
DBWrapper: report latency for each error is false and specific error codes to track for latency are: []
DBWrapper: report latency for each error is false and specific error codes to track for latency are: []
DBWrapper: report latency for each error is false and specific error codes to track for latency are: []
DBWrapper: report latency for each error is false and specific error codes to track for latency are: []
DBWrapper: report latency for each error is false and specific error codes to track for latency are: []
DBWrapper: report latency for each error is false and specific error codes to track for latency are: []
DBWrapper: report latency for each error is false and specific error codes to track for latency are: []
DBWrapper: report latency for each error is false and specific error codes to track for latency are: []
DBWrapper: report latency for each error is false and specific error codes to track for latency are: []
DBWrapper: report latency for each error is false and specific error codes to track for latency are: []
DBWrapper: report latency for each error is false and specific error codes to track for latency are: []
DBWrapper: report latency for each error is false and specific error codes to track for latency are: []
DBWrapper: report latency for each error is false and specific error codes to track for latency are: []
DBWrapper: report latency for each error is false and specific error codes to track for latency are: []
DBWrapper: report latency for each error is false and specific error codes to track for latency are: []
DBWrapper: report latency for each error is false and specific error codes to track for latency are: []
DBWrapper: report latency for each error is false and specific error codes to track for latency are: []
DBWrapper: report latency for each error is false and specific error codes to track for latency are: []
DBWrapper: report latency for each error is false and specific error codes to track for latency are: []
DBWrapper: report latency for each error is false and specific error codes to track for latency are: []
DBWrapper: report latency for each error is false and specific error codes to track for latency are: []
DBWrapper: report latency for each error is false and specific error codes to track for latency are: []
DBWrapper: report latency for each error is false and specific error codes to track for latency are: []
DBWrapper: report latency for each error is false and specific error codes to track for latency are: []
DBWrapper: report latency for each error is false and specific error codes to track for latency are: []
DBWrapper: report latency for each error is false and specific error codes to track for latency are: []
DBWrapper: report latency for each error is false and specific error codes to track for latency are: []
2020-09-29 11:15:54:266 10 sec: 14841 operations; 1483.95 current ops/sec; est completion in 1 hour 52 minutes [READ: Count=14117, Max=839167, Min=1, Avg=21870.08, 90=43103, 99=146943, 99.9=571903, 99.99=691711] [UPDATE: Count=725, Max=873471, Min=41, Avg=26768.1, 90=47903, 99=548351, 99.9=807935, 99.99=873471] [READ-FAILED: Count=13, Max=41215, Min=4006, Avg=16365, 90=35615, 99=41215, 99.9=41215, 99.99=41215] 
DBWrapper: report latency for each error is false and specific error codes to track for latency are: []
DBWrapper: report latency for each error is false and specific error codes to track for latency are: []
2020-09-29 11:16:04:264 20 sec: 57469 operations; 4262.8 current ops/sec; est completion in 57 minutes [READ: Count=40463, Max=1307647, Min=0, Avg=14930.98, 90=29183, 99=122751, 99.9=583167, 99.99=1023487] [UPDATE: Count=2141, Max=1245183, Min=19, Avg=17127.55, 90=30479, 99=321023, 99.9=710655, 99.99=1245183] [READ-FAILED: Count=24, Max=24431, Min=1834, Avg=6530.83, 90=15447, 99=24431, 99.9=24431, 99.99=24431] 
2020-09-29 11:16:14:265 30 sec: 97168 operations; 3969.9 current ops/sec; est completion in 50 minutes [READ: Count=37780, Max=1316863, Min=0, Avg=15752.89, 90=26959, 99=463359, 99.9=578559, 99.99=1026559] [UPDATE: Count=1883, Max=1118207, Min=20, Avg=19726.32, 90=28031, 99=520959, 99.9=1038847, 99.99=1118207] [READ-FAILED: Count=24, Max=24415, Min=1865, Avg=5878.46, 90=10487, 99=24415, 99.9=24415, 99.99=24415] 
2020-09-29 11:16:24:264 40 sec: 134924 operations; 3775.6 current ops/sec; est completion in 48 minutes [READ: Count=35828, Max=1625087, Min=0, Avg=16464.91, 90=28783, 99=403199, 99.9=616447, 99.99=1356799] [UPDATE: Count=1899, Max=1768447, Min=16, Avg=25236.42, 90=31183, 99=543231, 99.9=1517567, 99.99=1768447] [READ-FAILED: Count=29, Max=7295, Min=1361, Avg=3482.28, 90=4803, 99=7295, 99.9=7295, 99.99=7295] 
2020-09-29 11:16:34:264 50 sec: 179361 operations; 4444.14 current ops/sec; est completion in 45 minutes [READ: Count=42075, Max=1394687, Min=0, Avg=14125.77, 90=26703, 99=156415, 99.9=595455, 99.99=1009663] [UPDATE: Count=2324, Max=1396735, Min=14, Avg=22288.4, 90=29023, 99=525823, 99.9=1069055, 99.99=1396735] [READ-FAILED: Count=39, Max=124543, Min=1377, Avg=7720.26, 90=6235, 99=124543, 99.9=124543, 99.99=124543] 
2020-09-29 11:16:44:264 60 sec: 215141 operations; 3577.64 current ops/sec; est completion in 45 minutes [READ: Count=34008, Max=2224127, Min=0, Avg=17841.28, 90=27279, 99=520447, 99.9=646143, 99.99=1785855] [UPDATE: Count=1740, Max=2105343, Min=16, Avg=22934.49, 90=27903, 99=529407, 99.9=1157119, 99.99=2105343] [READ-FAILED: Count=36, Max=21823, Min=1846, Avg=4731.31, 90=5919, 99=21823, 99.9=21823, 99.99=21823] 
2020-09-29 11:16:54:264 70 sec: 255896 operations; 4075.91 current ops/sec; est completion in 44 minutes [READ: Count=38661, Max=1669119, Min=0, Avg=15360.53, 90=27103, 99=301055, 99.9=583167, 99.99=1053695] [UPDATE: Count=2062, Max=1650687, Min=17, Avg=18759.67, 90=28607, 99=474111, 99.9=948223, 99.99=1650687] [READ-FAILED: Count=29, Max=15703, Min=1861, Avg=4358.59, 90=9239, 99=15703, 99.9=15703, 99.99=15703] 
2020-09-29 11:17:04:264 80 sec: 292702 operations; 3680.23 current ops/sec; est completion in 44 minutes [READ: Count=34956, Max=1784831, Min=0, Avg=17132.64, 90=27503, 99=516607, 99.9=565759, 99.99=964607] [UPDATE: Count=1828, Max=1072127, Min=16, Avg=21610.83, 90=29919, 99=520703, 99.9=823807, 99.99=1072127] [READ-FAILED: Count=25, Max=10159, Min=1647, Avg=3316.32, 90=5439, 99=10159, 99.9=10159, 99.99=10159] 
2020-09-29 11:17:14:264 90 sec: 334399 operations; 4169.7 current ops/sec; est completion in 43 minutes [READ: Count=39607, Max=2377727, Min=0, Avg=15123.53, 90=27199, 99=289023, 99.9=632831, 99.99=1290239] [UPDATE: Count=2058, Max=2197503, Min=19, Avg=20602.92, 90=28079, 99=520959, 99.9=1439743, 99.99=2197503] [READ-FAILED: Count=32, Max=14119, Min=1729, Avg=3707.59, 90=4567, 99=14119, 99.9=14119, 99.99=14119] 
2020-09-29 11:17:24:264 100 sec: 376028 operations; 4163.32 current ops/sec; est completion in 42 minutes [READ: Count=39545, Max=2095103, Min=0, Avg=15132.31, 90=28383, 99=209663, 99.9=572927, 99.99=1402879] [UPDATE: Count=2044, Max=1279999, Min=17, Avg=20857.6, 90=29967, 99=519167, 99.9=1039359, 99.99=1279999] [READ-FAILED: Count=34, Max=8343, Min=1727, Avg=3819.35, 90=6987, 99=8343, 99.9=8343, 99.99=8343] 
2020-09-29 11:17:34:264 110 sec: 408714 operations; 3268.27 current ops/sec; est completion in 43 minutes [READ: Count=31059, Max=2787327, Min=0, Avg=19522.9, 90=31871, 99=517887, 99.9=798719, 99.99=1522687] [UPDATE: Count=1605, Max=1454079, Min=17, Avg=23820.61, 90=31727, 99=526335, 99.9=986111, 99.99=1454079] [READ-FAILED: Count=28, Max=23231, Min=1924, Avg=5415.21, 90=8879, 99=23231, 99.9=23231, 99.99=23231] 
2020-09-29 11:17:44:264 120 sec: 444810 operations; 3609.96 current ops/sec; est completion in 42 minutes [READ: Count=34256, Max=1844223, Min=0, Avg=17527.66, 90=25647, 99=518655, 99.9=586751, 99.99=1465343] [UPDATE: Count=1811, Max=1982463, Min=15, Avg=21332.91, 90=27567, 99=519935, 99.9=591871, 99.99=1982463] [READ-FAILED: Count=24, Max=6079, Min=1600, Avg=2899.46, 90=4131, 99=6079, 99.9=6079, 99.99=6079] 
2020-09-29 11:17:54:264 130 sec: 481125 operations; 3631.14 current ops/sec; est completion in 42 minutes [READ: Count=34418, Max=1519615, Min=0, Avg=17345.51, 90=31679, 99=410879, 99.9=579583, 99.99=1326079] [UPDATE: Count=1868, Max=1555455, Min=17, Avg=21589.62, 90=35743, 99=464127, 99.9=608767, 99.99=1555455] [READ-FAILED: Count=29, Max=161279, Min=1768, Avg=10962.52, 90=13983, 99=161279, 99.9=161279, 99.99=161279] 
2020-09-29 11:18:04:264 140 sec: 518040 operations; 3691.87 current ops/sec; est completion in 42 minutes [READ: Count=34993, Max=2566143, Min=0, Avg=17084.07, 90=28015, 99=513791, 99.9=601599, 99.99=1815551] [UPDATE: Count=1895, Max=1510399, Min=14, Avg=22243.1, 90=28831, 99=534015, 99.9=1112063, 99.99=1510399] [READ-FAILED: Count=28, Max=14055, Min=1636, Avg=4547.5, 90=10831, 99=14055, 99.9=14055, 99.99=14055] 
2020-09-29 11:18:14:264 150 sec: 559124 operations; 4107.99 current ops/sec; est completion in 42 minutes [READ: Count=39026, Max=1149951, Min=0, Avg=15388.88, 90=25407, 99=490495, 99.9=593919, 99.99=974335] [UPDATE: Count=2027, Max=880127, Min=13, Avg=17775.71, 90=25583, 99=523519, 99.9=737279, 99.99=880127] [READ-FAILED: Count=28, Max=9327, Min=1849, Avg=3748.68, 90=4655, 99=9327, 99.9=9327, 99.99=9327] 
2020-09-29 11:18:24:264 160 sec: 597755 operations; 3863.1 current ops/sec; est completion in 41 minutes [READ: Count=36640, Max=1120255, Min=0, Avg=16397.43, 90=30767, 99=320255, 99.9=582655, 99.99=899583] [UPDATE: Count=1968, Max=1098751, Min=15, Avg=17912.58, 90=29487, 99=400895, 99.9=747519, 99.99=1098751] [READ-FAILED: Count=29, Max=16431, Min=1912, Avg=5895.9, 90=14223, 99=16431, 99.9=16431, 99.99=16431] 
2020-09-29 11:18:34:264 170 sec: 637747 operations; 3999.2 current ops/sec; est completion in 41 minutes [READ: Count=37903, Max=1556479, Min=0, Avg=15657.73, 90=25983, 99=490751, 99.9=687615, 99.99=1303551] [UPDATE: Count=2061, Max=1400831, Min=15, Avg=22326.01, 90=28895, 99=524799, 99.9=874495, 99.99=1400831] [READ-FAILED: Count=26, Max=21919, Min=2064, Avg=5254.08, 90=11559, 99=21919, 99.9=21919, 99.99=21919] 
2020-09-29 11:18:44:264 180 sec: 679193 operations; 4144.6 current ops/sec; est completion in 41 minutes [READ: Count=39385, Max=1444863, Min=0, Avg=15201.8, 90=26095, 99=329215, 99.9=720895, 99.99=1328127] [UPDATE: Count=2023, Max=1601535, Min=15, Avg=21127.25, 90=27455, 99=540671, 99.9=1106943, 99.99=1601535] [READ-FAILED: Count=35, Max=6495, Min=1559, Avg=3367.77, 90=5219, 99=6495, 99.9=6495, 99.99=6495] 
2020-09-29 11:18:54:264 190 sec: 715969 operations; 3677.6 current ops/sec; est completion in 41 minutes [READ: Count=34834, Max=1871871, Min=0, Avg=17195.38, 90=30383, 99=463359, 99.9=718847, 99.99=1699839] [UPDATE: Count=1921, Max=1915903, Min=13, Avg=24534.76, 90=32863, 99=531967, 99.9=1343487, 99.99=1915903] [READ-FAILED: Count=21, Max=9767, Min=1914, Avg=3813.43, 90=7279, 99=9767, 99.9=9767, 99.99=9767] 
2020-09-29 11:19:04:264 200 sec: 754411 operations; 3844.2 current ops/sec; est completion in 40 minutes [READ: Count=36521, Max=1443839, Min=0, Avg=16283.99, 90=25647, 99=513535, 99.9=645631, 99.99=1193983] [UPDATE: Count=1892, Max=986623, Min=16, Avg=21921.43, 90=27615, 99=518143, 99.9=775679, 99.99=986623] [READ-FAILED: Count=30, Max=9159, Min=1964, Avg=3298.37, 90=4343, 99=9159, 99.9=9159, 99.99=9159] 
2020-09-29 11:19:14:264 210 sec: 790322 operations; 3591.1 current ops/sec; est completion in 40 minutes [READ: Count=34073, Max=2949119, Min=0, Avg=17463.02, 90=28287, 99=516095, 99.9=811519, 99.99=1617919] [UPDATE: Count=1819, Max=1352703, Min=15, Avg=21260.21, 90=30415, 99=514047, 99.9=970239, 99.99=1352703] [READ-FAILED: Count=20, Max=7827, Min=1853, Avg=3747.85, 90=4379, 99=7827, 99.9=7827, 99.99=7827] 
2020-09-29 11:19:24:264 220 sec: 829141 operations; 3882.29 current ops/sec; est completion in 40 minutes [READ: Count=36808, Max=1047039, Min=0, Avg=16418.76, 90=32607, 99=280319, 99.9=588287, 99.99=893951] [UPDATE: Count=1989, Max=1235967, Min=16, Avg=19337.64, 90=33823, 99=465151, 99.9=889343, 99.99=1235967] [READ-FAILED: Count=23, Max=89791, Min=1901, Avg=7753.09, 90=8855, 99=89791, 99.9=89791, 99.99=89791] 
2020-09-29 11:19:34:264 230 sec: 866102 operations; 3695.73 current ops/sec; est completion in 40 minutes [READ: Count=35176, Max=1992703, Min=0, Avg=17145.01, 90=29055, 99=517375, 99.9=586751, 99.99=1156095] [UPDATE: Count=1757, Max=1330175, Min=17, Avg=21628.44, 90=31839, 99=528383, 99.9=995327, 99.99=1330175] [READ-FAILED: Count=24, Max=125055, Min=1700, Avg=9307.96, 90=7987, 99=125055, 99.9=125055, 99.99=125055] 
2020-09-29 11:19:44:264 240 sec: 896914 operations; 3081.51 current ops/sec; est completion in 40 minutes [READ: Count=29346, Max=2990079, Min=0, Avg=20437.22, 90=29471, 99=525311, 99.9=675839, 99.99=2394111] [UPDATE: Count=1449, Max=2455551, Min=17, Avg=26705.69, 90=31055, 99=541695, 99.9=1819647, 99.99=2455551] [READ-FAILED: Count=20, Max=11295, Min=2330, Avg=4648.7, 90=9599, 99=11295, 99.9=11295, 99.99=11295] 
2020-09-29 11:19:54:264 250 sec: 935303 operations; 3838.52 current ops/sec; est completion in 40 minutes [READ: Count=36330, Max=3917823, Min=0, Avg=15847.49, 90=26079, 99=515071, 99.9=592383, 99.99=2065407] [UPDATE: Count=2028, Max=4052991, Min=1, Avg=27916.73, 90=28559, 99=529919, 99.9=2094079, 99.99=4052991] [READ-FAILED: Count=28, Max=20271, Min=1683, Avg=5036.64, 90=8767, 99=20271, 99.9=20271, 99.99=20271] 
2020-09-29 11:20:04:264 260 sec: 974938 operations; 3963.5 current ops/sec; est completion in 40 minutes [READ: Count=37645, Max=3180543, Min=0, Avg=16165.75, 90=28223, 99=289535, 99.9=628223, 99.99=2293759] [UPDATE: Count=1958, Max=2322431, Min=17, Avg=22580.5, 90=31007, 99=525823, 99.9=990719, 99.99=2322431] [READ-FAILED: Count=34, Max=21487, Min=1968, Avg=4889.82, 90=9727, 99=21487, 99.9=21487, 99.99=21487] 
2020-09-29 11:20:14:264 270 sec: 1008128 operations; 3319 current ops/sec; est completion in 40 minutes [READ: Count=31513, Max=2162687, Min=0, Avg=19021.29, 90=30463, 99=521983, 99.9=648191, 99.99=1252351] [UPDATE: Count=1666, Max=885247, Min=15, Avg=22345.99, 90=31935, 99=545279, 99.9=676351, 99.99=885247] [READ-FAILED: Count=12, Max=6783, Min=1904, Avg=3489.5, 90=4183, 99=6783, 99.9=6783, 99.99=6783] 
2020-09-29 11:20:24:264 280 sec: 1049190 operations; 4106.2 current ops/sec; est completion in 39 minutes [READ: Count=38993, Max=1607679, Min=0, Avg=15262.27, 90=26671, 99=453119, 99.9=572927, 99.99=983551] [UPDATE: Count=2033, Max=1235967, Min=5, Avg=19723.86, 90=27423, 99=522239, 99.9=906239, 99.99=1235967] [READ-FAILED: Count=36, Max=13191, Min=1762, Avg=4379.17, 90=6479, 99=13191, 99.9=13191, 99.99=13191] 
2020-09-29 11:20:34:264 290 sec: 1089054 operations; 3986.4 current ops/sec; est completion in 39 minutes [READ: Count=37870, Max=1983487, Min=0, Avg=15793.58, 90=26639, 99=507647, 99.9=567295, 99.99=1176575] [UPDATE: Count=1966, Max=746495, Min=5, Avg=19029.86, 90=28287, 99=521983, 99.9=610815, 99.99=746495] [READ-FAILED: Count=28, Max=21695, Min=1860, Avg=4238.64, 90=5503, 99=21695, 99.9=21695, 99.99=21695] 
2020-09-29 11:20:44:264 300 sec: 1122642 operations; 3358.8 current ops/sec; est completion in 39 minutes [READ: Count=31879, Max=1679359, Min=0, Avg=19145.55, 90=31967, 99=521471, 99.9=580607, 99.99=1496063] [UPDATE: Count=1674, Max=1589247, Min=6, Avg=24752.8, 90=31119, 99=532991, 99.9=1124351, 99.99=1589247] [READ-FAILED: Count=34, Max=17567, Min=1872, Avg=4097.79, 90=7951, 99=17567, 99.9=17567, 99.99=17567] 
Maximum time elapsed. Requesting stop for the workload.
Stop requested for workload. Now Joining!
[36m11:20:44.730[m [[34;1mINFO[m] [1;34mp.u.t.s.y.Stats.clientFinished@38[m: 
Ended SconeKV benchmark.
Number of clients: 64
Total transactions: 223456
Committed: 211367 (94.58998%)
Aborted: 12089 (5.4100137%)
2020-09-29 11:20:44:732 300 sec: 1123202 operations; 1199.14 current ops/sec; est completion in 39 minutes [READ: Count=534, Max=542207, Min=1, Avg=20235.04, 90=31023, 99=521727, 99.9=529919, 99.99=542207] [CLEANUP: Count=64, Max=1687, Min=2, Avg=30.14, 90=7, 99=22, 99.9=1687, 99.99=1687] [UPDATE: Count=24, Max=82495, Min=1820, Avg=12196.42, 90=29919, 99=82495, 99.9=82495, 99.99=82495] [READ-FAILED: Count=0, Max=0, Min=9223372036854775807, Avg=NaN, 90=0, 99=0, 99.9=0, 99.99=0] 
[OVERALL], RunTime(ms), 300467
[OVERALL], Throughput(ops/sec), 3738.187554706507
[TOTAL_GCS_G1_Young_Generation], Count, 157
[TOTAL_GC_TIME_G1_Young_Generation], Time(ms), 1602
[TOTAL_GC_TIME_%_G1_Young_Generation], Time(%), 0.5331700319835456
[TOTAL_GCS_G1_Old_Generation], Count, 0
[TOTAL_GC_TIME_G1_Old_Generation], Time(ms), 0
[TOTAL_GC_TIME_%_G1_Old_Generation], Time(%), 0.0
[TOTAL_GCs], Count, 157
[TOTAL_GC_TIME], Time(ms), 1602
[TOTAL_GC_TIME_%], Time(%), 0.5331700319835456
[READ], Operations, 1066242
[READ], AverageLatency(us), 16580.038615998994
[READ], MinLatency(us), 0
[READ], MaxLatency(us), 3917823
[READ], 95thPercentileLatency(us), 40223
[READ], 99thPercentileLatency(us), 507903
[READ], Return=OK, 1066242
[READ], Return=NOT_FOUND, 822
[CLEANUP], Operations, 64
[CLEANUP], AverageLatency(us), 30.140625
[CLEANUP], MinLatency(us), 2
[CLEANUP], MaxLatency(us), 1687
[CLEANUP], 95thPercentileLatency(us), 8
[CLEANUP], 99thPercentileLatency(us), 22
[UPDATE], Operations, 56138
[UPDATE], AverageLatency(us), 21646.477038725996
[UPDATE], MinLatency(us), 1
[UPDATE], MaxLatency(us), 4052991
[UPDATE], 95thPercentileLatency(us), 47231
[UPDATE], 99thPercentileLatency(us), 523775
[UPDATE], Return=OK, 56138
[READ-FAILED], Operations, 822
[READ-FAILED], AverageLatency(us), 5171.708029197081
[READ-FAILED], MinLatency(us), 1361
[READ-FAILED], MaxLatency(us), 161279
[READ-FAILED], 95thPercentileLatency(us), 13351
[READ-FAILED], 99thPercentileLatency(us), 24431
