Command line: -t -db pt.ulisboa.tecnico.sconekv.ycsb.SconeKVClient -P workloadc -threads 32 -s -p scone.tx_size=5 -p operationcount=10000000 -p maxexecutiontime=300
YCSB Client 0.17.0

Loading workload...
Starting test.
WARNING: sun.reflect.Reflection.getCallerClass is not supported. This will impact performance.
2020-09-09 16:00:15:361 0 sec: 0 operations; est completion in 0 second 
Maximum execution time specified as: 300 secs
DBWrapper: report latency for each error is false and specific error codes to track for latency are: []
DBWrapper: report latency for each error is false and specific error codes to track for latency are: []
DBWrapper: report latency for each error is false and specific error codes to track for latency are: []
DBWrapper: report latency for each error is false and specific error codes to track for latency are: []
DBWrapper: report latency for each error is false and specific error codes to track for latency are: []
DBWrapper: report latency for each error is false and specific error codes to track for latency are: []
DBWrapper: report latency for each error is false and specific error codes to track for latency are: []
DBWrapper: report latency for each error is false and specific error codes to track for latency are: []
DBWrapper: report latency for each error is false and specific error codes to track for latency are: []
DBWrapper: report latency for each error is false and specific error codes to track for latency are: []
DBWrapper: report latency for each error is false and specific error codes to track for latency are: []
DBWrapper: report latency for each error is false and specific error codes to track for latency are: []
DBWrapper: report latency for each error is false and specific error codes to track for latency are: []
DBWrapper: report latency for each error is false and specific error codes to track for latency are: []
DBWrapper: report latency for each error is false and specific error codes to track for latency are: []
DBWrapper: report latency for each error is false and specific error codes to track for latency are: []
DBWrapper: report latency for each error is false and specific error codes to track for latency are: []
DBWrapper: report latency for each error is false and specific error codes to track for latency are: []
DBWrapper: report latency for each error is false and specific error codes to track for latency are: []
DBWrapper: report latency for each error is false and specific error codes to track for latency are: []
DBWrapper: report latency for each error is false and specific error codes to track for latency are: []
DBWrapper: report latency for each error is false and specific error codes to track for latency are: []
DBWrapper: report latency for each error is false and specific error codes to track for latency are: []
DBWrapper: report latency for each error is false and specific error codes to track for latency are: []
DBWrapper: report latency for each error is false and specific error codes to track for latency are: []
DBWrapper: report latency for each error is false and specific error codes to track for latency are: []
DBWrapper: report latency for each error is false and specific error codes to track for latency are: []
DBWrapper: report latency for each error is false and specific error codes to track for latency are: []
DBWrapper: report latency for each error is false and specific error codes to track for latency are: []
DBWrapper: report latency for each error is false and specific error codes to track for latency are: []
DBWrapper: report latency for each error is false and specific error codes to track for latency are: []
DBWrapper: report latency for each error is false and specific error codes to track for latency are: []
2020-09-09 16:00:25:361 10 sec: 18948 operations; 1894.61 current ops/sec; est completion in 1 hour 27 minutes [READ: Count=18872, Max=593407, Min=2, Avg=12632, 90=22223, 99=58495, 99.9=545279, 99.99=571903] [READ-FAILED: Count=81, Max=19663, Min=1, Avg=5371.68, 90=10287, 99=19135, 99.9=19663, 99.99=19663] 
2020-09-09 16:00:35:360 20 sec: 46848 operations; 2790.28 current ops/sec; est completion in 1 hour 10 minutes [READ: Count=27781, Max=578047, Min=3, Avg=11504.24, 90=20207, 99=63423, 99.9=535039, 99.99=557567] [READ-FAILED: Count=120, Max=61983, Min=1, Avg=4122.52, 90=5115, 99=51295, 99.9=61983, 99.99=61983] 
2020-09-09 16:00:45:360 30 sec: 77472 operations; 3062.4 current ops/sec; est completion in 1 hour 4 minutes [READ: Count=30473, Max=565759, Min=2, Avg=10430.36, 90=18847, 99=54303, 99.9=533503, 99.99=561663] [READ-FAILED: Count=147, Max=20495, Min=2, Avg=3145.71, 90=4383, 99=11727, 99.9=20495, 99.99=20495] 
2020-09-09 16:00:55:360 40 sec: 105940 operations; 2846.8 current ops/sec; est completion in 1 hour 2 minutes [READ: Count=28333, Max=585215, Min=2, Avg=11201.99, 90=19535, 99=68415, 99.9=535039, 99.99=571903] [READ-FAILED: Count=139, Max=68351, Min=1, Avg=3635.73, 90=5251, 99=17279, 99.9=68351, 99.99=68351] 
2020-09-09 16:01:05:360 50 sec: 136349 operations; 3040.9 current ops/sec; est completion in 1 hour [READ: Count=30285, Max=583679, Min=3, Avg=10554.11, 90=19183, 99=57695, 99.9=539647, 99.99=575487] [READ-FAILED: Count=124, Max=27231, Min=1, Avg=3417.59, 90=4915, 99=19775, 99.9=27231, 99.99=27231] 
2020-09-09 16:01:15:361 60 sec: 165221 operations; 2887.2 current ops/sec; est completion in 59 minutes [READ: Count=28720, Max=575487, Min=2, Avg=11082.66, 90=19455, 99=61727, 99.9=540671, 99.99=571903] [READ-FAILED: Count=146, Max=19359, Min=0, Avg=3663.4, 90=5647, 99=16767, 99.9=19359, 99.99=19359] 
2020-09-09 16:01:25:360 70 sec: 193913 operations; 2869.2 current ops/sec; est completion in 59 minutes [READ: Count=28550, Max=600575, Min=2, Avg=11265.63, 90=20255, 99=72063, 99.9=543231, 99.99=581119] [READ-FAILED: Count=149, Max=11343, Min=0, Avg=3090.26, 90=5511, 99=9687, 99.9=11343, 99.99=11343] 
2020-09-09 16:01:35:360 80 sec: 223059 operations; 2914.6 current ops/sec; est completion in 58 minutes [READ: Count=29001, Max=593407, Min=3, Avg=11061.5, 90=19375, 99=68159, 99.9=537599, 99.99=582143] [READ-FAILED: Count=143, Max=73983, Min=1567, Avg=3599.68, 90=4041, 99=23695, 99.9=73983, 99.99=73983] 
2020-09-09 16:01:45:360 90 sec: 253118 operations; 3005.9 current ops/sec; est completion in 57 minutes [READ: Count=29912, Max=589823, Min=3, Avg=10646.47, 90=19871, 99=52063, 99.9=537087, 99.99=585215] [READ-FAILED: Count=144, Max=19823, Min=1854, Avg=3611.57, 90=5811, 99=18047, 99.9=19823, 99.99=19823] 
2020-09-09 16:01:55:361 100 sec: 284634 operations; 3151.6 current ops/sec; est completion in 56 minutes [READ: Count=31378, Max=568831, Min=2, Avg=10002.31, 90=19263, 99=53567, 99.9=539647, 99.99=567807] [READ-FAILED: Count=136, Max=13719, Min=1, Avg=3422.46, 90=4975, 99=12215, 99.9=13719, 99.99=13719] 
2020-09-09 16:02:05:360 110 sec: 311242 operations; 2660.8 current ops/sec; est completion in 57 minutes [READ: Count=26480, Max=1159167, Min=3, Avg=12198.64, 90=19007, 99=75711, 99.9=969727, 99.99=1129471] [READ-FAILED: Count=130, Max=80895, Min=1735, Avg=4645.15, 90=6147, 99=54271, 99.9=80895, 99.99=80895] 
2020-09-09 16:02:15:360 120 sec: 340824 operations; 2958.2 current ops/sec; est completion in 56 minutes [READ: Count=29462, Max=588799, Min=2, Avg=10938.81, 90=19103, 99=60735, 99.9=543743, 99.99=585215] [READ-FAILED: Count=120, Max=63903, Min=2, Avg=3641.05, 90=4399, 99=21999, 99.9=63903, 99.99=63903] 
2020-09-09 16:02:25:360 130 sec: 370498 operations; 2967.4 current ops/sec; est completion in 56 minutes [READ: Count=29538, Max=579583, Min=3, Avg=10804, 90=20031, 99=57535, 99.9=532991, 99.99=577023] [READ-FAILED: Count=139, Max=12791, Min=1543, Avg=3409.61, 90=5819, 99=11647, 99.9=12791, 99.99=12791] 
2020-09-09 16:02:35:361 140 sec: 398213 operations; 2771.5 current ops/sec; est completion in 56 minutes [READ: Count=27591, Max=1008127, Min=2, Avg=11572.94, 90=20063, 99=73279, 99.9=537599, 99.99=956927] [READ-FAILED: Count=122, Max=13455, Min=1, Avg=3336.99, 90=4951, 99=13263, 99.9=13455, 99.99=13455] 
2020-09-09 16:02:45:361 150 sec: 428496 operations; 3028.3 current ops/sec; est completion in 55 minutes [READ: Count=30137, Max=584703, Min=2, Avg=10510.57, 90=19711, 99=52767, 99.9=538111, 99.99=575487] [READ-FAILED: Count=143, Max=39711, Min=1681, Avg=3871.22, 90=5047, 99=38143, 99.9=39711, 99.99=39711] 
2020-09-09 16:02:55:361 160 sec: 458616 operations; 3012 current ops/sec; est completion in 55 minutes [READ: Count=29987, Max=583167, Min=2, Avg=10648.48, 90=19935, 99=54271, 99.9=534015, 99.99=579071] [READ-FAILED: Count=135, Max=25423, Min=1, Avg=3954.67, 90=6403, 99=21039, 99.9=25423, 99.99=25423] 
2020-09-09 16:03:05:361 170 sec: 485066 operations; 2645 current ops/sec; est completion in 55 minutes [READ: Count=26333, Max=588799, Min=3, Avg=12167.83, 90=19199, 99=506623, 99.9=541183, 99.99=587775] [READ-FAILED: Count=117, Max=70271, Min=1783, Avg=3681.71, 90=4539, 99=16831, 99.9=70271, 99.99=70271] 
2020-09-09 16:03:15:360 180 sec: 516332 operations; 3126.6 current ops/sec; est completion in 55 minutes [READ: Count=31130, Max=577535, Min=3, Avg=10298.09, 90=20863, 99=49439, 99.9=531967, 99.99=572927] [READ-FAILED: Count=137, Max=100799, Min=1, Avg=4907.09, 90=5895, 99=65983, 99.9=100799, 99.99=100799] 
2020-09-09 16:03:25:360 190 sec: 542737 operations; 2640.5 current ops/sec; est completion in 55 minutes [READ: Count=26272, Max=578047, Min=2, Avg=12036.74, 90=19711, 99=510975, 99.9=537599, 99.99=569343] [READ-FAILED: Count=132, Max=30735, Min=1, Avg=3302.61, 90=5135, 99=12775, 99.9=30735, 99.99=30735] 
2020-09-09 16:03:35:360 200 sec: 573304 operations; 3056.7 current ops/sec; est completion in 54 minutes [READ: Count=30441, Max=560639, Min=2, Avg=10588.76, 90=19711, 99=53375, 99.9=529919, 99.99=551935] [READ-FAILED: Count=129, Max=17231, Min=1689, Avg=3569.22, 90=6019, 99=14423, 99.9=17231, 99.99=17231] 
2020-09-09 16:03:45:361 210 sec: 602795 operations; 2949.1 current ops/sec; est completion in 54 minutes [READ: Count=29347, Max=592895, Min=3, Avg=10782.71, 90=20047, 99=60799, 99.9=546815, 99.99=588799] [READ-FAILED: Count=140, Max=29359, Min=1755, Avg=3653.96, 90=5159, 99=24879, 99.9=29359, 99.99=29359] 
2020-09-09 16:03:55:360 220 sec: 631214 operations; 2841.9 current ops/sec; est completion in 54 minutes [READ: Count=28280, Max=1017343, Min=2, Avg=11283.02, 90=19935, 99=59935, 99.9=544255, 99.99=1010687] [READ-FAILED: Count=142, Max=84991, Min=1, Avg=4298.35, 90=6491, 99=39039, 99.9=84991, 99.99=84991] 
2020-09-09 16:04:05:361 230 sec: 659901 operations; 2868.7 current ops/sec; est completion in 54 minutes [READ: Count=28559, Max=617471, Min=2, Avg=11062.49, 90=19055, 99=70975, 99.9=542719, 99.99=582143] [READ-FAILED: Count=125, Max=28447, Min=1533, Avg=3797.12, 90=5215, 99=22095, 99.9=28447, 99.99=28447] 
2020-09-09 16:04:15:361 240 sec: 690318 operations; 3041.7 current ops/sec; est completion in 53 minutes [READ: Count=30281, Max=567295, Min=3, Avg=10658.84, 90=19263, 99=57471, 99.9=529919, 99.99=558591] [READ-FAILED: Count=136, Max=13999, Min=1, Avg=3155.05, 90=4463, 99=9855, 99.9=13999, 99.99=13999] 
2020-09-09 16:04:25:361 250 sec: 721141 operations; 3082.3 current ops/sec; est completion in 53 minutes [READ: Count=30697, Max=585215, Min=3, Avg=10457.96, 90=19695, 99=56415, 99.9=534527, 99.99=577535] [READ-FAILED: Count=128, Max=30559, Min=1564, Avg=3778.96, 90=5467, 99=27503, 99.9=30559, 99.99=30559] 
2020-09-09 16:04:35:362 260 sec: 749303 operations; 2815.92 current ops/sec; est completion in 53 minutes [READ: Count=28010, Max=599551, Min=3, Avg=11361.39, 90=19359, 99=77567, 99.9=532991, 99.99=598527] [READ-FAILED: Count=149, Max=26015, Min=1722, Avg=3635, 90=5331, 99=18943, 99.9=26015, 99.99=26015] 
2020-09-09 16:04:45:361 270 sec: 777361 operations; 2806.08 current ops/sec; est completion in 53 minutes [READ: Count=27936, Max=608255, Min=2, Avg=11529.67, 90=19631, 99=87615, 99.9=534527, 99.99=602111] [READ-FAILED: Count=125, Max=11175, Min=1640, Avg=3253.96, 90=5331, 99=9239, 99.9=11175, 99.99=11175] 
2020-09-09 16:04:55:365 280 sec: 808330 operations; 3096.9 current ops/sec; est completion in 53 minutes [READ: Count=30852, Max=588799, Min=3, Avg=10278.97, 90=19231, 99=53407, 99.9=529407, 99.99=584703] [READ-FAILED: Count=122, Max=48735, Min=1611, Avg=4332.11, 90=5731, 99=26431, 99.9=48735, 99.99=48735] 
2020-09-09 16:05:05:360 290 sec: 837182 operations; 2885.2 current ops/sec; est completion in 52 minutes [READ: Count=28720, Max=597503, Min=3, Avg=11227.99, 90=20111, 99=67391, 99.9=548351, 99.99=593919] [READ-FAILED: Count=125, Max=23023, Min=1690, Avg=3409.99, 90=4987, 99=12303, 99.9=23023, 99.99=23023] 
2020-09-09 16:05:15:360 300 sec: 868810 operations; 3162.8 current ops/sec; est completion in 52 minutes [READ: Count=31491, Max=577535, Min=2, Avg=10112.44, 90=20143, 99=51199, 99.9=528895, 99.99=559103] [READ-FAILED: Count=137, Max=27583, Min=1, Avg=3920.81, 90=6219, 99=18975, 99.9=27583, 99.99=27583] 
Maximum time elapsed. Requesting stop for the workload.
Stop requested for workload. Now Joining!
[36m16:05:15.787[m [[34;1mINFO[m] [1;34mp.u.t.s.y.Stats.clientFinished@38[m: 
Ended SconeKV benchmark.
Number of clients: 32
Total transactions: 172777
Committed: 172777 (100.0%)
Aborted: 0 (0.0%)
2020-09-09 16:05:15:791 300 sec: 869098 operations; 668.21 current ops/sec; est completion in 52 minutes [READ: Count=287, Max=531455, Min=2, Avg=15580.91, 90=18639, 99=515327, 99.9=531455, 99.99=531455] [CLEANUP: Count=32, Max=1585, Min=2, Avg=55.09, 90=8, 99=1585, 99.9=1585, 99.99=1585] [READ-FAILED: Count=0, Max=0, Min=9223372036854775807, Avg=NaN, 90=0, 99=0, 99.9=0, 99.99=0] 
[OVERALL], RunTime(ms), 300430
[OVERALL], Throughput(ops/sec), 2892.8469194155045
[TOTAL_GCS_G1_Young_Generation], Count, 133
[TOTAL_GC_TIME_G1_Young_Generation], Time(ms), 1148
[TOTAL_GC_TIME_%_G1_Young_Generation], Time(%), 0.38211896281995805
[TOTAL_GCS_G1_Old_Generation], Count, 0
[TOTAL_GC_TIME_G1_Old_Generation], Time(ms), 0
[TOTAL_GC_TIME_%_G1_Old_Generation], Time(%), 0.0
[TOTAL_GCs], Count, 133
[TOTAL_GC_TIME], Time(ms), 1148
[TOTAL_GC_TIME_%], Time(%), 0.38211896281995805
[READ], Operations, 865136
[READ], AverageLatency(us), 10984.791787649572
[READ], MinLatency(us), 2
[READ], MaxLatency(us), 1159167
[READ], 95thPercentileLatency(us), 25087
[READ], 99thPercentileLatency(us), 61055
[READ], Return=OK, 865136
[READ], Return=NOT_FOUND, 3962
[CLEANUP], Operations, 32
[CLEANUP], AverageLatency(us), 55.09375
[CLEANUP], MinLatency(us), 2
[CLEANUP], MaxLatency(us), 1585
[CLEANUP], 95thPercentileLatency(us), 15
[CLEANUP], 99thPercentileLatency(us), 1585
[READ-FAILED], Operations, 3962
[READ-FAILED], AverageLatency(us), 3729.2526501766783
[READ-FAILED], MinLatency(us), 0
[READ-FAILED], MaxLatency(us), 100799
[READ-FAILED], 95thPercentileLatency(us), 8019
[READ-FAILED], 99thPercentileLatency(us), 19359
