Command line: -t -db pt.ulisboa.tecnico.sconekv.ycsb.SconeKVClient -P workloadc -threads 32 -s -p scone.tx_size=5 -p operationcount=10000000 -p maxexecutiontime=300
YCSB Client 0.17.0

Loading workload...
Starting test.
WARNING: sun.reflect.Reflection.getCallerClass is not supported. This will impact performance.
2020-09-29 13:23:14:888 0 sec: 0 operations; est completion in 0 second 
Maximum execution time specified as: 300 secs
DBWrapper: report latency for each error is false and specific error codes to track for latency are: []
DBWrapper: report latency for each error is false and specific error codes to track for latency are: []
DBWrapper: report latency for each error is false and specific error codes to track for latency are: []
DBWrapper: report latency for each error is false and specific error codes to track for latency are: []
DBWrapper: report latency for each error is false and specific error codes to track for latency are: []
DBWrapper: report latency for each error is false and specific error codes to track for latency are: []
DBWrapper: report latency for each error is false and specific error codes to track for latency are: []
DBWrapper: report latency for each error is false and specific error codes to track for latency are: []
DBWrapper: report latency for each error is false and specific error codes to track for latency are: []
DBWrapper: report latency for each error is false and specific error codes to track for latency are: []
DBWrapper: report latency for each error is false and specific error codes to track for latency are: []
DBWrapper: report latency for each error is false and specific error codes to track for latency are: []
DBWrapper: report latency for each error is false and specific error codes to track for latency are: []
DBWrapper: report latency for each error is false and specific error codes to track for latency are: []
DBWrapper: report latency for each error is false and specific error codes to track for latency are: []
DBWrapper: report latency for each error is false and specific error codes to track for latency are: []
DBWrapper: report latency for each error is false and specific error codes to track for latency are: []
DBWrapper: report latency for each error is false and specific error codes to track for latency are: []
DBWrapper: report latency for each error is false and specific error codes to track for latency are: []
DBWrapper: report latency for each error is false and specific error codes to track for latency are: []
DBWrapper: report latency for each error is false and specific error codes to track for latency are: []
DBWrapper: report latency for each error is false and specific error codes to track for latency are: []
DBWrapper: report latency for each error is false and specific error codes to track for latency are: []
DBWrapper: report latency for each error is false and specific error codes to track for latency are: []
DBWrapper: report latency for each error is false and specific error codes to track for latency are: []
DBWrapper: report latency for each error is false and specific error codes to track for latency are: []
DBWrapper: report latency for each error is false and specific error codes to track for latency are: []
DBWrapper: report latency for each error is false and specific error codes to track for latency are: []
DBWrapper: report latency for each error is false and specific error codes to track for latency are: []
DBWrapper: report latency for each error is false and specific error codes to track for latency are: []
DBWrapper: report latency for each error is false and specific error codes to track for latency are: []
DBWrapper: report latency for each error is false and specific error codes to track for latency are: []
2020-09-29 13:23:24:889 10 sec: 13208 operations; 1320.54 current ops/sec; est completion in 2 hours 6 minutes [READ: Count=13194, Max=623103, Min=2, Avg=18840.53, 90=33503, 99=178815, 99.9=583679, 99.99=615423] [READ-FAILED: Count=21, Max=36191, Min=2030, Avg=7957.1, 90=16479, 99=36191, 99.9=36191, 99.99=36191] 
2020-09-29 13:23:34:887 20 sec: 40799 operations; 2759.65 current ops/sec; est completion in 1 hour 21 minutes [READ: Count=27547, Max=584191, Min=2, Avg=11598.26, 90=22047, 99=76415, 99.9=548351, 99.99=577023] [READ-FAILED: Count=42, Max=28575, Min=1913, Avg=3910.45, 90=4195, 99=28575, 99.9=28575, 99.99=28575] 
2020-09-29 13:23:44:890 30 sec: 66601 operations; 2579.43 current ops/sec; est completion in 1 hour 14 minutes [READ: Count=25769, Max=607231, Min=3, Avg=12383.33, 90=23199, 99=110143, 99.9=539647, 99.99=591871] [READ-FAILED: Count=29, Max=11087, Min=1601, Avg=3432.17, 90=5055, 99=11087, 99.9=11087, 99.99=11087] 
2020-09-29 13:23:54:887 40 sec: 92416 operations; 2582.27 current ops/sec; est completion in 1 hour 11 minutes [READ: Count=25780, Max=627199, Min=2, Avg=12320.35, 90=21727, 99=91327, 99.9=557567, 99.99=590335] [READ-FAILED: Count=36, Max=9943, Min=1947, Avg=3524.11, 90=5967, 99=9943, 99.9=9943, 99.99=9943] 
2020-09-29 13:24:04:887 50 sec: 117171 operations; 2475.5 current ops/sec; est completion in 1 hour 10 minutes [READ: Count=24720, Max=1007615, Min=2, Avg=13084.97, 90=22495, 99=513791, 99.9=559615, 99.99=724479] [READ-FAILED: Count=33, Max=10215, Min=1693, Avg=2824.33, 90=3523, 99=10215, 99.9=10215, 99.99=10215] 
2020-09-29 13:24:14:887 60 sec: 142446 operations; 2527.5 current ops/sec; est completion in 1 hour 9 minutes [READ: Count=25240, Max=598015, Min=2, Avg=12591.23, 90=22063, 99=227711, 99.9=535551, 99.99=583679] [READ-FAILED: Count=37, Max=10231, Min=1717, Avg=2983.22, 90=3185, 99=10231, 99.9=10231, 99.99=10231] 
2020-09-29 13:24:24:887 70 sec: 168940 operations; 2649.14 current ops/sec; est completion in 1 hour 7 minutes [READ: Count=26449, Max=579071, Min=2, Avg=12096.15, 90=20815, 99=100671, 99.9=546815, 99.99=571903] [READ-FAILED: Count=45, Max=12479, Min=1437, Avg=3457, 90=4919, 99=12479, 99.9=12479, 99.99=12479] 
2020-09-29 13:24:34:887 80 sec: 197577 operations; 2863.7 current ops/sec; est completion in 1 hour 6 minutes [READ: Count=28594, Max=600063, Min=2, Avg=11207.39, 90=21727, 99=70719, 99.9=530943, 99.99=568319] [READ-FAILED: Count=41, Max=73919, Min=1954, Avg=5063.76, 90=4815, 99=73919, 99.9=73919, 99.99=73919] 
2020-09-29 13:24:44:887 90 sec: 228479 operations; 3090.2 current ops/sec; est completion in 1 hour 4 minutes [READ: Count=30863, Max=926207, Min=2, Avg=10323.1, 90=21519, 99=55263, 99.9=534527, 99.99=593919] [READ-FAILED: Count=39, Max=70847, Min=1761, Avg=4897.26, 90=4363, 99=70847, 99.9=70847, 99.99=70847] 
2020-09-29 13:24:54:891 100 sec: 254169 operations; 2568.23 current ops/sec; est completion in 1 hour 3 minutes [READ: Count=25663, Max=600575, Min=3, Avg=12583.07, 90=20687, 99=499455, 99.9=563199, 99.99=594943] [READ-FAILED: Count=33, Max=8463, Min=1660, Avg=2927.97, 90=3821, 99=8463, 99.9=8463, 99.99=8463] 
2020-09-29 13:25:04:887 110 sec: 283139 operations; 2897.87 current ops/sec; est completion in 1 hour 2 minutes [READ: Count=28936, Max=588287, Min=2, Avg=10940.35, 90=21199, 99=66111, 99.9=530431, 99.99=583679] [READ-FAILED: Count=28, Max=3997, Min=1599, Avg=2567.32, 90=3067, 99=3997, 99.9=3997, 99.99=3997] 
2020-09-29 13:25:14:887 120 sec: 312784 operations; 2964.5 current ops/sec; est completion in 1 hour 1 minute [READ: Count=29613, Max=601599, Min=2, Avg=10848.24, 90=21263, 99=68543, 99.9=546303, 99.99=591871] [READ-FAILED: Count=33, Max=7639, Min=1525, Avg=2994.97, 90=3985, 99=7639, 99.9=7639, 99.99=7639] 
2020-09-29 13:25:24:887 130 sec: 340512 operations; 2772.8 current ops/sec; est completion in 1 hour 1 minute [READ: Count=27695, Max=578047, Min=3, Avg=11400.54, 90=20591, 99=72511, 99.9=542719, 99.99=573439] [READ-FAILED: Count=35, Max=4767, Min=1707, Avg=2762.8, 90=3743, 99=4767, 99.9=4767, 99.99=4767] 
2020-09-29 13:25:34:887 140 sec: 370166 operations; 2965.4 current ops/sec; est completion in 1 hour [READ: Count=29615, Max=606719, Min=2, Avg=10756.8, 90=21007, 99=74559, 99.9=550911, 99.99=603135] [READ-FAILED: Count=36, Max=28399, Min=1997, Avg=4363.42, 90=4747, 99=28399, 99.9=28399, 99.99=28399] 
2020-09-29 13:25:44:887 150 sec: 400915 operations; 3075.21 current ops/sec; est completion in 59 minutes [READ: Count=30712, Max=597503, Min=2, Avg=10516.43, 90=20783, 99=71231, 99.9=550399, 99.99=591359] [READ-FAILED: Count=38, Max=12095, Min=1747, Avg=3429.34, 90=4779, 99=12095, 99.9=12095, 99.99=12095] 
2020-09-29 13:25:54:887 160 sec: 427502 operations; 2658.43 current ops/sec; est completion in 59 minutes [READ: Count=26554, Max=586239, Min=3, Avg=12084.25, 90=23999, 99=93567, 99.9=536575, 99.99=581631] [READ-FAILED: Count=32, Max=15279, Min=1812, Avg=3406.81, 90=3393, 99=15279, 99.9=15279, 99.99=15279] 
2020-09-29 13:26:04:887 170 sec: 454926 operations; 2742.4 current ops/sec; est completion in 59 minutes [READ: Count=27398, Max=593407, Min=2, Avg=11646.21, 90=23295, 99=77759, 99.9=536575, 99.99=583167] [READ-FAILED: Count=30, Max=14839, Min=1681, Avg=4115.97, 90=8711, 99=14839, 99.9=14839, 99.99=14839] 
2020-09-29 13:26:14:887 180 sec: 486871 operations; 3194.82 current ops/sec; est completion in 58 minutes [READ: Count=31909, Max=583679, Min=2, Avg=10040.25, 90=21487, 99=52639, 99.9=532479, 99.99=573951] [READ-FAILED: Count=32, Max=16463, Min=2100, Avg=4328.44, 90=7911, 99=16463, 99.9=16463, 99.99=16463] 
2020-09-29 13:26:24:887 190 sec: 517579 operations; 3070.49 current ops/sec; est completion in 58 minutes [READ: Count=30671, Max=620543, Min=2, Avg=10479.24, 90=20959, 99=61055, 99.9=545279, 99.99=614399] [READ-FAILED: Count=37, Max=6355, Min=1977, Avg=3160.03, 90=4439, 99=6355, 99.9=6355, 99.99=6355] 
2020-09-29 13:26:34:887 200 sec: 547446 operations; 2987 current ops/sec; est completion in 57 minutes [READ: Count=29831, Max=578559, Min=3, Avg=10700.21, 90=22319, 99=60351, 99.9=530431, 99.99=573439] [READ-FAILED: Count=39, Max=8439, Min=1727, Avg=3109.41, 90=4735, 99=8439, 99.9=8439, 99.99=8439] 
2020-09-29 13:26:44:887 210 sec: 580304 operations; 3285.8 current ops/sec; est completion in 56 minutes [READ: Count=32814, Max=587775, Min=2, Avg=9702.73, 90=21311, 99=47999, 99.9=540159, 99.99=575487] [READ-FAILED: Count=42, Max=12287, Min=1838, Avg=3568.4, 90=5327, 99=12287, 99.9=12287, 99.99=12287] 
2020-09-29 13:26:54:887 220 sec: 610436 operations; 3013.2 current ops/sec; est completion in 56 minutes [READ: Count=30094, Max=595967, Min=3, Avg=10692.46, 90=20639, 99=69183, 99.9=553983, 99.99=591871] [READ-FAILED: Count=41, Max=20895, Min=1649, Avg=3434.8, 90=4691, 99=20895, 99.9=20895, 99.99=20895] 
2020-09-29 13:27:04:887 230 sec: 639492 operations; 2905.6 current ops/sec; est completion in 56 minutes [READ: Count=29017, Max=600575, Min=2, Avg=10932.62, 90=21151, 99=70399, 99.9=530431, 99.99=589311] [READ-FAILED: Count=42, Max=18895, Min=1720, Avg=3529.9, 90=3773, 99=18895, 99.9=18895, 99.99=18895] 
2020-09-29 13:27:14:887 240 sec: 667688 operations; 2819.32 current ops/sec; est completion in 55 minutes [READ: Count=28152, Max=611839, Min=3, Avg=11332.88, 90=20463, 99=73855, 99.9=538623, 99.99=600575] [READ-FAILED: Count=41, Max=13663, Min=1738, Avg=2914.83, 90=3811, 99=13663, 99.9=13663, 99.99=13663] 
2020-09-29 13:27:24:887 250 sec: 696381 operations; 2869.3 current ops/sec; est completion in 55 minutes [READ: Count=28660, Max=870399, Min=2, Avg=11224.15, 90=21087, 99=75391, 99.9=555007, 99.99=717823] [READ-FAILED: Count=31, Max=8207, Min=1683, Avg=3100.84, 90=4295, 99=8207, 99.9=8207, 99.99=8207] 
2020-09-29 13:27:34:887 260 sec: 723003 operations; 2662.2 current ops/sec; est completion in 55 minutes [READ: Count=26584, Max=972799, Min=2, Avg=12010.29, 90=21359, 99=71807, 99.9=539647, 99.99=563711] [READ-FAILED: Count=36, Max=11895, Min=1901, Avg=3310.89, 90=4235, 99=11895, 99.9=11895, 99.99=11895] 
2020-09-29 13:27:44:887 270 sec: 750422 operations; 2741.9 current ops/sec; est completion in 55 minutes [READ: Count=27388, Max=573439, Min=2, Avg=11466.26, 90=21295, 99=95935, 99.9=530943, 99.99=566783] [READ-FAILED: Count=31, Max=113663, Min=1877, Avg=6940, 90=7827, 99=113663, 99.9=113663, 99.99=113663] 
2020-09-29 13:27:54:887 280 sec: 779352 operations; 2893 current ops/sec; est completion in 55 minutes [READ: Count=28897, Max=1012223, Min=2, Avg=11163.05, 90=20751, 99=81663, 99.9=531455, 99.99=570367] [READ-FAILED: Count=35, Max=6623, Min=1671, Avg=2731.17, 90=3461, 99=6623, 99.9=6623, 99.99=6623] 
2020-09-29 13:28:04:887 290 sec: 810118 operations; 3076.91 current ops/sec; est completion in 54 minutes [READ: Count=30718, Max=566271, Min=2, Avg=10495.88, 90=20687, 99=58335, 99.9=536575, 99.99=563711] [READ-FAILED: Count=46, Max=16463, Min=1466, Avg=3625.67, 90=4599, 99=16463, 99.9=16463, 99.99=16463] 
2020-09-29 13:28:14:887 300 sec: 843010 operations; 3289.2 current ops/sec; est completion in 54 minutes [READ: Count=32857, Max=585215, Min=2, Avg=9674.61, 90=20991, 99=48447, 99.9=545279, 99.99=563199] [READ-FAILED: Count=35, Max=19215, Min=1984, Avg=4574.09, 90=8911, 99=19215, 99.9=19215, 99.99=19215] 
Maximum time elapsed. Requesting stop for the workload.
Stop requested for workload. Now Joining!
[36m13:28:15.239[m [[34;1mINFO[m] [1;34mp.u.t.s.y.Stats.clientFinished@38[m: 
Ended SconeKV benchmark.
Number of clients: 32
Total transactions: 167772
Committed: 167772 (100.0%)
Aborted: 0 (0.0%)
2020-09-29 13:28:15:242 300 sec: 843325 operations; 889.83 current ops/sec; est completion in 54 minutes [READ: Count=315, Max=519935, Min=6, Avg=19814.11, 90=20079, 99=517119, 99.9=519935, 99.99=519935] [CLEANUP: Count=32, Max=1378, Min=2, Avg=46.88, 90=8, 99=1378, 99.9=1378, 99.99=1378] [READ-FAILED: Count=0, Max=0, Min=9223372036854775807, Avg=NaN, 90=0, 99=0, 99.9=0, 99.99=0] 
[OVERALL], RunTime(ms), 300354
[OVERALL], Throughput(ops/sec), 2807.770164539177
[TOTAL_GCS_G1_Young_Generation], Count, 129
[TOTAL_GC_TIME_G1_Young_Generation], Time(ms), 1067
[TOTAL_GC_TIME_%_G1_Young_Generation], Time(%), 0.3552474746465837
[TOTAL_GCS_G1_Old_Generation], Count, 0
[TOTAL_GC_TIME_G1_Old_Generation], Time(ms), 0
[TOTAL_GC_TIME_%_G1_Old_Generation], Time(%), 0.0
[TOTAL_GCs], Count, 129
[TOTAL_GC_TIME], Time(ms), 1067
[TOTAL_GC_TIME_%], Time(%), 0.3552474746465837
[READ], Operations, 842249
[READ], AverageLatency(us), 11308.5168257843
[READ], MinLatency(us), 2
[READ], MaxLatency(us), 1012223
[READ], 95thPercentileLatency(us), 27295
[READ], 99thPercentileLatency(us), 74367
[READ], Return=OK, 842249
[READ], Return=NOT_FOUND, 1076
[CLEANUP], Operations, 32
[CLEANUP], AverageLatency(us), 46.875
[CLEANUP], MinLatency(us), 2
[CLEANUP], MaxLatency(us), 1378
[CLEANUP], 95thPercentileLatency(us), 12
[CLEANUP], 99thPercentileLatency(us), 1378
[READ-FAILED], Operations, 1076
[READ-FAILED], AverageLatency(us), 3705.8671003717473
[READ-FAILED], MinLatency(us), 1437
[READ-FAILED], MaxLatency(us), 113663
[READ-FAILED], 95thPercentileLatency(us), 8439
[READ-FAILED], 99thPercentileLatency(us), 16479
