Command line: -t -db pt.ulisboa.tecnico.sconekv.ycsb.SconeKVClient -P workloadf -threads 64 -s -p scone.tx_size=5 -p operationcount=10000000 -p maxexecutiontime=300
YCSB Client 0.17.0

Loading workload...
Starting test.
WARNING: sun.reflect.Reflection.getCallerClass is not supported. This will impact performance.
2020-09-29 15:28:37:358 0 sec: 0 operations; est completion in 0 second 
Maximum execution time specified as: 300 secs
DBWrapper: report latency for each error is false and specific error codes to track for latency are: []
DBWrapper: report latency for each error is false and specific error codes to track for latency are: []
DBWrapper: report latency for each error is false and specific error codes to track for latency are: []
DBWrapper: report latency for each error is false and specific error codes to track for latency are: []
DBWrapper: report latency for each error is false and specific error codes to track for latency are: []
DBWrapper: report latency for each error is false and specific error codes to track for latency are: []
DBWrapper: report latency for each error is false and specific error codes to track for latency are: []
DBWrapper: report latency for each error is false and specific error codes to track for latency are: []
DBWrapper: report latency for each error is false and specific error codes to track for latency are: []
DBWrapper: report latency for each error is false and specific error codes to track for latency are: []
DBWrapper: report latency for each error is false and specific error codes to track for latency are: []
DBWrapper: report latency for each error is false and specific error codes to track for latency are: []
DBWrapper: report latency for each error is false and specific error codes to track for latency are: []
DBWrapper: report latency for each error is false and specific error codes to track for latency are: []
DBWrapper: report latency for each error is false and specific error codes to track for latency are: []
DBWrapper: report latency for each error is false and specific error codes to track for latency are: []
DBWrapper: report latency for each error is false and specific error codes to track for latency are: []
DBWrapper: report latency for each error is false and specific error codes to track for latency are: []
DBWrapper: report latency for each error is false and specific error codes to track for latency are: []
DBWrapper: report latency for each error is false and specific error codes to track for latency are: []
DBWrapper: report latency for each error is false and specific error codes to track for latency are: []
DBWrapper: report latency for each error is false and specific error codes to track for latency are: []
DBWrapper: report latency for each error is false and specific error codes to track for latency are: []
DBWrapper: report latency for each error is false and specific error codes to track for latency are: []
DBWrapper: report latency for each error is false and specific error codes to track for latency are: []
DBWrapper: report latency for each error is false and specific error codes to track for latency are: []
DBWrapper: report latency for each error is false and specific error codes to track for latency are: []
DBWrapper: report latency for each error is false and specific error codes to track for latency are: []
DBWrapper: report latency for each error is false and specific error codes to track for latency are: []
DBWrapper: report latency for each error is false and specific error codes to track for latency are: []
DBWrapper: report latency for each error is false and specific error codes to track for latency are: []
DBWrapper: report latency for each error is false and specific error codes to track for latency are: []
DBWrapper: report latency for each error is false and specific error codes to track for latency are: []
DBWrapper: report latency for each error is false and specific error codes to track for latency are: []
DBWrapper: report latency for each error is false and specific error codes to track for latency are: []
DBWrapper: report latency for each error is false and specific error codes to track for latency are: []
DBWrapper: report latency for each error is false and specific error codes to track for latency are: []
DBWrapper: report latency for each error is false and specific error codes to track for latency are: []
DBWrapper: report latency for each error is false and specific error codes to track for latency are: []
DBWrapper: report latency for each error is false and specific error codes to track for latency are: []
DBWrapper: report latency for each error is false and specific error codes to track for latency are: []
DBWrapper: report latency for each error is false and specific error codes to track for latency are: []
DBWrapper: report latency for each error is false and specific error codes to track for latency are: []
DBWrapper: report latency for each error is false and specific error codes to track for latency are: []
DBWrapper: report latency for each error is false and specific error codes to track for latency are: []
DBWrapper: report latency for each error is false and specific error codes to track for latency are: []
DBWrapper: report latency for each error is false and specific error codes to track for latency are: []
DBWrapper: report latency for each error is false and specific error codes to track for latency are: []
DBWrapper: report latency for each error is false and specific error codes to track for latency are: []
DBWrapper: report latency for each error is false and specific error codes to track for latency are: []
DBWrapper: report latency for each error is false and specific error codes to track for latency are: []
DBWrapper: report latency for each error is false and specific error codes to track for latency are: []
DBWrapper: report latency for each error is false and specific error codes to track for latency are: []
DBWrapper: report latency for each error is false and specific error codes to track for latency are: []
DBWrapper: report latency for each error is false and specific error codes to track for latency are: []
DBWrapper: report latency for each error is false and specific error codes to track for latency are: []
DBWrapper: report latency for each error is false and specific error codes to track for latency are: []
DBWrapper: report latency for each error is false and specific error codes to track for latency are: []
DBWrapper: report latency for each error is false and specific error codes to track for latency are: []
DBWrapper: report latency for each error is false and specific error codes to track for latency are: []
DBWrapper: report latency for each error is false and specific error codes to track for latency are: []
DBWrapper: report latency for each error is false and specific error codes to track for latency are: []
DBWrapper: report latency for each error is false and specific error codes to track for latency are: []
DBWrapper: report latency for each error is false and specific error codes to track for latency are: []
2020-09-29 15:28:47:358 10 sec: 12435 operations; 1243.38 current ops/sec; est completion in 2 hours 13 minutes [READ: Count=12433, Max=1121279, Min=1, Avg=35264.37, 90=73855, 99=347647, 99.9=611839, 99.99=765439] [READ-MODIFY-WRITE: Count=6322, Max=1247231, Min=6, Avg=40123.07, 90=86655, 99=419839, 99.9=651263, 99.99=861183] [UPDATE: Count=6386, Max=143871, Min=1, Avg=4214.69, 90=12911, 99=62879, 99.9=111679, 99.99=138239] [READ-FAILED: Count=5, Max=18591, Min=5504, Avg=9628.4, 90=18591, 99=18591, 99.9=18591, 99.99=18591] 
2020-09-29 15:28:57:358 20 sec: 41531 operations; 2909.89 current ops/sec; est completion in 1 hour 19 minutes [READ: Count=29095, Max=1043455, Min=0, Avg=21111.41, 90=36415, 99=463103, 99.9=579071, 99.99=652287] [READ-MODIFY-WRITE: Count=14561, Max=893951, Min=2, Avg=23326.1, 90=44319, 99=515071, 99.9=586239, 99.99=653311] [UPDATE: Count=14506, Max=112575, Min=1, Avg=1649.98, 90=5155, 99=22111, 99.9=53503, 99.99=109247] [READ-FAILED: Count=5, Max=3851, Min=2090, Avg=2948.6, 90=3851, 99=3851, 99.9=3851, 99.99=3851] 
2020-09-29 15:29:07:358 30 sec: 75957 operations; 3442.6 current ops/sec; est completion in 1 hour 5 minutes [READ: Count=34417, Max=1115135, Min=0, Avg=18044.87, 90=31903, 99=397055, 99.9=570367, 99.99=745983] [READ-MODIFY-WRITE: Count=17132, Max=1118207, Min=2, Avg=19304.26, 90=37183, 99=420095, 99.9=572415, 99.99=748543] [UPDATE: Count=17149, Max=160383, Min=0, Avg=1056.4, 90=3651, 99=11183, 99.9=36095, 99.99=119039] [READ-FAILED: Count=13, Max=16815, Min=2060, Avg=4397.77, 90=5203, 99=16815, 99.9=16815, 99.99=16815] 
2020-09-29 15:29:17:358 40 sec: 106156 operations; 3019.9 current ops/sec; est completion in 1 hour 2 minutes [READ: Count=30181, Max=791551, Min=0, Avg=20463.05, 90=42207, 99=388607, 99.9=567807, 99.99=688127] [READ-MODIFY-WRITE: Count=15044, Max=708095, Min=2, Avg=21429.13, 90=47871, 99=344831, 99.9=566271, 99.99=671231] [UPDATE: Count=15037, Max=225279, Min=0, Avg=1550.2, 90=3663, 99=25631, 99.9=88255, 99.99=198655] [READ-FAILED: Count=12, Max=8591, Min=2196, Avg=3846.83, 90=8183, 99=8591, 99.9=8591, 99.99=8591] 
2020-09-29 15:29:27:358 50 sec: 139401 operations; 3324.5 current ops/sec; est completion in 58 minutes [READ: Count=33227, Max=942591, Min=0, Avg=18338.75, 90=32143, 99=425471, 99.9=562687, 99.99=761343] [READ-MODIFY-WRITE: Count=16592, Max=944639, Min=2, Avg=19430.4, 90=37183, 99=418559, 99.9=563711, 99.99=825343] [UPDATE: Count=16581, Max=141695, Min=0, Avg=1099.26, 90=3491, 99=12231, 99.9=63871, 99.99=127231] [READ-FAILED: Count=15, Max=8535, Min=1951, Avg=3860.67, 90=6695, 99=8535, 99.9=8535, 99.99=8535] 
2020-09-29 15:29:37:358 60 sec: 174153 operations; 3475.2 current ops/sec; est completion in 56 minutes [READ: Count=34740, Max=647167, Min=0, Avg=17922.94, 90=31807, 99=425215, 99.9=579071, 99.99=642559] [READ-MODIFY-WRITE: Count=17176, Max=650239, Min=2, Avg=18659.49, 90=36095, 99=415487, 99.9=569855, 99.99=619519] [UPDATE: Count=17168, Max=126399, Min=1, Avg=964.84, 90=3583, 99=9975, 99.9=25967, 99.99=93695] [READ-FAILED: Count=10, Max=15951, Min=2172, Avg=5596.3, 90=13191, 99=15951, 99.9=15951, 99.99=15951] 
2020-09-29 15:29:47:358 70 sec: 204590 operations; 3043.7 current ops/sec; est completion in 55 minutes [READ: Count=30429, Max=779775, Min=0, Avg=20726.91, 90=36735, 99=475391, 99.9=558079, 99.99=650751] [READ-MODIFY-WRITE: Count=15420, Max=779775, Min=2, Avg=21793.4, 90=42559, 99=438783, 99.9=560127, 99.99=619007] [UPDATE: Count=15432, Max=161535, Min=0, Avg=1312.38, 90=3641, 99=18431, 99.9=73087, 99.99=122047] [READ-FAILED: Count=12, Max=14167, Min=2266, Avg=5073.92, 90=6747, 99=14167, 99.9=14167, 99.99=14167] 
2020-09-29 15:29:57:358 80 sec: 239748 operations; 3515.45 current ops/sec; est completion in 54 minutes [READ: Count=35148, Max=845311, Min=0, Avg=17389.63, 90=30351, 99=374783, 99.9=577535, 99.99=644095] [READ-MODIFY-WRITE: Count=17631, Max=848383, Min=2, Avg=18259.45, 90=34815, 99=365311, 99.9=589823, 99.99=705535] [UPDATE: Count=17621, Max=141183, Min=0, Avg=1116.38, 90=3473, 99=12455, 99.9=80063, 99.99=130815] [READ-FAILED: Count=7, Max=12303, Min=2120, Avg=4631.71, 90=5227, 99=12303, 99.9=12303, 99.99=12303] 
2020-09-29 15:30:07:358 90 sec: 273090 operations; 3334.53 current ops/sec; est completion in 53 minutes [READ: Count=33334, Max=1477631, Min=0, Avg=18797.88, 90=32991, 99=444415, 99.9=594943, 99.99=1169407] [READ-MODIFY-WRITE: Count=16682, Max=1209343, Min=2, Avg=20014.91, 90=37759, 99=443647, 99.9=619007, 99.99=1132543] [UPDATE: Count=16687, Max=133119, Min=0, Avg=1073.09, 90=3625, 99=12127, 99.9=45151, 99.99=121663] [READ-FAILED: Count=9, Max=9543, Min=2968, Avg=4420.78, 90=5323, 99=9543, 99.9=9543, 99.99=9543] 
2020-09-29 15:30:17:358 100 sec: 304437 operations; 3134.7 current ops/sec; est completion in 53 minutes [READ: Count=31340, Max=1128447, Min=0, Avg=20019.79, 90=38207, 99=435199, 99.9=673791, 99.99=1051647] [READ-MODIFY-WRITE: Count=15558, Max=1038847, Min=2, Avg=21097.69, 90=42591, 99=476671, 99.9=706559, 99.99=1036287] [UPDATE: Count=15556, Max=117439, Min=1, Avg=1115.84, 90=3695, 99=13735, 99.9=36415, 99.99=111423] [READ-FAILED: Count=9, Max=28831, Min=1910, Avg=6584.89, 90=8527, 99=28831, 99.9=28831, 99.99=28831] 
2020-09-29 15:30:27:358 110 sec: 340942 operations; 3650.5 current ops/sec; est completion in 51 minutes [READ: Count=36488, Max=956927, Min=0, Avg=16913.27, 90=31999, 99=304895, 99.9=557055, 99.99=677375] [READ-MODIFY-WRITE: Count=18095, Max=962047, Min=1, Avg=18021.46, 90=36543, 99=311551, 99.9=562687, 99.99=792575] [UPDATE: Count=18092, Max=148991, Min=0, Avg=1034.37, 90=3467, 99=11239, 99.9=44543, 99.99=119807] [READ-FAILED: Count=13, Max=67519, Min=1962, Avg=11265.08, 90=26623, 99=67519, 99.9=67519, 99.99=67519] 
2020-09-29 15:30:37:357 120 sec: 372630 operations; 3168.8 current ops/sec; est completion in 51 minutes [READ: Count=31686, Max=788479, Min=0, Avg=19360.96, 90=33887, 99=439807, 99.9=582655, 99.99=735231] [READ-MODIFY-WRITE: Count=15786, Max=940543, Min=3, Avg=20421.95, 90=39135, 99=421375, 99.9=599551, 99.99=796159] [UPDATE: Count=15790, Max=524799, Min=1, Avg=1442.85, 90=3811, 99=14135, 99.9=143743, 99.99=337151] [READ-FAILED: Count=9, Max=8855, Min=2114, Avg=3633.11, 90=3979, 99=8855, 99.9=8855, 99.99=8855] 
2020-09-29 15:30:47:358 130 sec: 409111 operations; 3648.1 current ops/sec; est completion in 50 minutes [READ: Count=36472, Max=815615, Min=0, Avg=17148.57, 90=33279, 99=275967, 99.9=593407, 99.99=729599] [READ-MODIFY-WRITE: Count=18307, Max=739839, Min=2, Avg=18028.79, 90=37695, 99=278783, 99.9=579583, 99.99=699903] [UPDATE: Count=18302, Max=136063, Min=1, Avg=1114.37, 90=3733, 99=12719, 99.9=51007, 99.99=122175] [READ-FAILED: Count=11, Max=10407, Min=1890, Avg=4088.73, 90=6647, 99=10407, 99.9=10407, 99.99=10407] 
2020-09-29 15:30:57:358 140 sec: 446891 operations; 3778 current ops/sec; est completion in 49 minutes [READ: Count=37764, Max=1324031, Min=0, Avg=16354.06, 90=31327, 99=246271, 99.9=566271, 99.99=776191] [READ-MODIFY-WRITE: Count=18763, Max=829951, Min=1, Avg=17634.09, 90=35839, 99=276735, 99.9=585215, 99.99=778751] [UPDATE: Count=18762, Max=133631, Min=0, Avg=1068.64, 90=3623, 99=10727, 99.9=44319, 99.99=132351] [READ-FAILED: Count=10, Max=17423, Min=2180, Avg=5922, 90=8927, 99=17423, 99.9=17423, 99.99=17423] 
2020-09-29 15:31:07:358 150 sec: 476577 operations; 2968.6 current ops/sec; est completion in 49 minutes [READ: Count=29674, Max=890879, Min=0, Avg=20631.39, 90=33823, 99=505855, 99.9=602623, 99.99=840703] [READ-MODIFY-WRITE: Count=14943, Max=870399, Min=2, Avg=21708.46, 90=39199, 99=497663, 99.9=607231, 99.99=841727] [UPDATE: Count=14946, Max=176255, Min=0, Avg=1184.96, 90=3603, 99=14951, 99.9=45439, 99.99=170623] [READ-FAILED: Count=10, Max=19423, Min=2037, Avg=5065.2, 90=7103, 99=19423, 99.9=19423, 99.99=19423] 
2020-09-29 15:31:17:357 160 sec: 510080 operations; 3350.3 current ops/sec; est completion in 49 minutes [READ: Count=33491, Max=821759, Min=0, Avg=18784.18, 90=34015, 99=388095, 99.9=609791, 99.99=767487] [READ-MODIFY-WRITE: Count=16793, Max=824831, Min=2, Avg=19904.49, 90=39071, 99=401919, 99.9=598015, 99.99=757247] [UPDATE: Count=16799, Max=161663, Min=1, Avg=1084.8, 90=3523, 99=12527, 99.9=46367, 99.99=122879] [READ-FAILED: Count=15, Max=40223, Min=2126, Avg=6571.27, 90=7347, 99=40223, 99.9=40223, 99.99=40223] 
2020-09-29 15:31:27:358 170 sec: 545454 operations; 3537.4 current ops/sec; est completion in 49 minutes [READ: Count=35363, Max=901119, Min=0, Avg=17660.82, 90=32143, 99=370431, 99.9=565247, 99.99=614399] [READ-MODIFY-WRITE: Count=17748, Max=656895, Min=3, Avg=19094.54, 90=36863, 99=403711, 99.9=569855, 99.99=635903] [UPDATE: Count=17745, Max=132351, Min=1, Avg=1084.9, 90=3567, 99=12255, 99.9=45151, 99.99=124863] [READ-FAILED: Count=9, Max=6987, Min=2826, Avg=4103.33, 90=5175, 99=6987, 99.9=6987, 99.99=6987] 
2020-09-29 15:31:37:358 180 sec: 572644 operations; 2719 current ops/sec; est completion in 49 minutes [READ: Count=27180, Max=1244159, Min=0, Avg=22779.21, 90=35967, 99=520703, 99.9=594431, 99.99=926719] [READ-MODIFY-WRITE: Count=13506, Max=1034751, Min=2, Avg=23256.23, 90=39583, 99=525311, 99.9=598527, 99.99=989183] [UPDATE: Count=13500, Max=151039, Min=0, Avg=1157.27, 90=3311, 99=15871, 99.9=56447, 99.99=144895] [READ-FAILED: Count=10, Max=11975, Min=2015, Avg=4043.4, 90=4555, 99=11975, 99.9=11975, 99.99=11975] 
2020-09-29 15:31:47:358 190 sec: 608557 operations; 3591.3 current ops/sec; est completion in 48 minutes [READ: Count=35909, Max=810495, Min=0, Avg=17342.22, 90=33215, 99=263167, 99.9=567295, 99.99=692735] [READ-MODIFY-WRITE: Count=17831, Max=907263, Min=2, Avg=18008.24, 90=38079, 99=245503, 99.9=562687, 99.99=732671] [UPDATE: Count=17836, Max=161791, Min=0, Avg=1165.81, 90=3685, 99=13199, 99.9=62143, 99.99=154751] [READ-FAILED: Count=10, Max=8199, Min=2300, Avg=4019.8, 90=4995, 99=8199, 99.9=8199, 99.99=8199] 
2020-09-29 15:31:57:358 200 sec: 643296 operations; 3473.55 current ops/sec; est completion in 48 minutes [READ: Count=34728, Max=720895, Min=0, Avg=17694.52, 90=34047, 99=238079, 99.9=568831, 99.99=695807] [READ-MODIFY-WRITE: Count=17427, Max=720383, Min=2, Avg=19034.15, 90=39103, 99=250751, 99.9=596479, 99.99=654847] [UPDATE: Count=17427, Max=217727, Min=0, Avg=1204.04, 90=3745, 99=16383, 99.9=47487, 99.99=119871] [READ-FAILED: Count=11, Max=231935, Min=1907, Avg=25167.55, 90=13967, 99=231935, 99.9=231935, 99.99=231935] 
2020-09-29 15:32:07:358 210 sec: 671045 operations; 2775.18 current ops/sec; est completion in 48 minutes [READ: Count=27736, Max=1472511, Min=0, Avg=22222.75, 90=32831, 99=521215, 99.9=686591, 99.99=1221631] [READ-MODIFY-WRITE: Count=13727, Max=1337343, Min=2, Avg=23585.71, 90=37855, 99=529407, 99.9=771071, 99.99=1295359] [UPDATE: Count=13727, Max=507391, Min=0, Avg=1285.09, 90=3357, 99=13679, 99.9=80831, 99.99=494335] [READ-FAILED: Count=5, Max=2793, Min=2228, Avg=2458.6, 90=2793, 99=2793, 99.9=2793, 99.99=2793] 
2020-09-29 15:32:17:358 220 sec: 708611 operations; 3756.6 current ops/sec; est completion in 48 minutes [READ: Count=37559, Max=1351679, Min=0, Avg=16575.29, 90=29839, 99=317695, 99.9=557567, 99.99=677375] [READ-MODIFY-WRITE: Count=18669, Max=1355775, Min=3, Avg=17716.59, 90=34207, 99=319999, 99.9=578047, 99.99=1134591] [UPDATE: Count=18675, Max=157055, Min=1, Avg=1037.35, 90=3651, 99=10847, 99.9=38815, 99.99=123967] [READ-FAILED: Count=8, Max=7979, Min=1933, Avg=3813.62, 90=5935, 99=7979, 99.9=7979, 99.99=7979] 
2020-09-29 15:32:27:358 230 sec: 737963 operations; 2935.2 current ops/sec; est completion in 48 minutes [READ: Count=29346, Max=1209343, Min=0, Avg=21429.14, 90=31295, 99=521215, 99.9=704511, 99.99=1059839] [READ-MODIFY-WRITE: Count=14673, Max=1192959, Min=2, Avg=22265.55, 90=35615, 99=523519, 99.9=670207, 99.99=1089535] [UPDATE: Count=14673, Max=518143, Min=0, Avg=1078.38, 90=3307, 99=10711, 99.9=38911, 99.99=496383] [READ-FAILED: Count=5, Max=4715, Min=2504, Avg=3326.4, 90=4715, 99=4715, 99.9=4715, 99.99=4715] 
2020-09-29 15:32:37:358 240 sec: 767628 operations; 2966.5 current ops/sec; est completion in 48 minutes [READ: Count=29665, Max=829439, Min=0, Avg=20912.13, 90=39871, 99=419071, 99.9=577535, 99.99=713215] [READ-MODIFY-WRITE: Count=14811, Max=768511, Min=2, Avg=22477.01, 90=45503, 99=469247, 99.9=588287, 99.99=716799] [UPDATE: Count=14808, Max=211071, Min=1, Avg=1292.53, 90=3357, 99=17567, 99.9=115967, 99.99=202879] [READ-FAILED: Count=2, Max=6483, Min=2524, Avg=4503.5, 90=6483, 99=6483, 99.9=6483, 99.99=6483] 
2020-09-29 15:32:47:358 250 sec: 802029 operations; 3440.1 current ops/sec; est completion in 47 minutes [READ: Count=34389, Max=825343, Min=0, Avg=18110.56, 90=32047, 99=425471, 99.9=584703, 99.99=700927] [READ-MODIFY-WRITE: Count=17319, Max=833535, Min=2, Avg=19257.48, 90=36671, 99=462335, 99.9=594943, 99.99=694783] [UPDATE: Count=17321, Max=147199, Min=1, Avg=991.89, 90=3409, 99=10175, 99.9=36383, 99.99=141183] [READ-FAILED: Count=13, Max=8615, Min=2116, Avg=3922.92, 90=7223, 99=8615, 99.9=8615, 99.99=8615] 
2020-09-29 15:32:57:364 260 sec: 830086 operations; 2803.74 current ops/sec; est completion in 47 minutes [READ: Count=28063, Max=1080319, Min=0, Avg=22142.98, 90=36031, 99=518655, 99.9=664063, 99.99=1058815] [READ-MODIFY-WRITE: Count=13986, Max=1084415, Min=2, Avg=23136.08, 90=41567, 99=519679, 99.9=684031, 99.99=1069055] [UPDATE: Count=13983, Max=226815, Min=0, Avg=1166.61, 90=3563, 99=13159, 99.9=59519, 99.99=216319] [READ-FAILED: Count=4, Max=4025, Min=2128, Avg=2755, 90=4025, 99=4025, 99.9=4025, 99.99=4025] 
2020-09-29 15:33:07:357 270 sec: 861121 operations; 3105.67 current ops/sec; est completion in 47 minutes [READ: Count=31014, Max=694271, Min=0, Avg=19805.1, 90=37503, 99=386815, 99.9=571391, 99.99=634367] [READ-MODIFY-WRITE: Count=15544, Max=784895, Min=2, Avg=21430.39, 90=44159, 99=410879, 99.9=578559, 99.99=634879] [UPDATE: Count=15546, Max=283135, Min=1, Avg=1325.38, 90=3559, 99=19631, 99.9=65183, 99.99=269567] [READ-FAILED: Count=13, Max=5275, Min=1955, Avg=3293.54, 90=4515, 99=5275, 99.9=5275, 99.99=5275] 
2020-09-29 15:33:17:357 280 sec: 891293 operations; 3017.2 current ops/sec; est completion in 47 minutes [READ: Count=30165, Max=1141759, Min=0, Avg=20908.37, 90=31871, 99=516607, 99.9=825855, 99.99=1103871] [READ-MODIFY-WRITE: Count=15061, Max=1118207, Min=3, Avg=22116.68, 90=36735, 99=519935, 99.9=815615, 99.99=1116159] [UPDATE: Count=15057, Max=486911, Min=1, Avg=1287.36, 90=3421, 99=12335, 99.9=100223, 99.99=452351] [READ-FAILED: Count=8, Max=5415, Min=2798, Avg=3787.88, 90=4787, 99=5415, 99.9=5415, 99.99=5415] 
2020-09-29 15:33:27:358 290 sec: 923514 operations; 3222.1 current ops/sec; est completion in 47 minutes [READ: Count=32213, Max=1168383, Min=0, Avg=19298.07, 90=32799, 99=471807, 99.9=593407, 99.99=1083391] [READ-MODIFY-WRITE: Count=16080, Max=1189887, Min=1, Avg=20477.48, 90=37503, 99=478975, 99.9=597503, 99.99=1086463] [UPDATE: Count=16089, Max=165375, Min=0, Avg=1083.37, 90=3411, 99=11975, 99.9=76479, 99.99=146815] [READ-FAILED: Count=6, Max=12279, Min=1890, Avg=4533.33, 90=5091, 99=12279, 99.9=12279, 99.99=12279] 
2020-09-29 15:33:37:358 300 sec: 958490 operations; 3497.6 current ops/sec; est completion in 47 minutes [READ: Count=34969, Max=1027071, Min=0, Avg=17558.11, 90=33951, 99=316671, 99.9=685567, 99.99=964607] [READ-MODIFY-WRITE: Count=17515, Max=1007615, Min=2, Avg=18655.12, 90=38975, 99=338175, 99.9=665087, 99.99=967167] [UPDATE: Count=17508, Max=133759, Min=0, Avg=1058.24, 90=3665, 99=12423, 99.9=30463, 99.99=124479] [READ-FAILED: Count=5, Max=8383, Min=3292, Avg=4829.4, 90=8383, 99=8383, 99.9=8383, 99.99=8383] 
Maximum time elapsed. Requesting stop for the workload.
Stop requested for workload. Now Joining!
[36m15:33:37.653[m [[34;1mINFO[m] [1;34mp.u.t.s.y.Stats.clientFinished@38[m: 
Ended SconeKV benchmark.
Number of clients: 64
Total transactions: 211863
Committed: 154793 (73.06278%)
Aborted: 57070 (26.93722%)
2020-09-29 15:33:37:655 300 sec: 959009 operations; 1747.47 current ops/sec; est completion in 47 minutes [READ: Count=517, Max=598527, Min=1560, Avg=39891.69, 90=86847, 99=555519, 99.9=591359, 99.99=598527] [READ-MODIFY-WRITE: Count=236, Max=605695, Min=1570, Avg=40389.94, 90=89023, 99=594943, 99.9=605695, 99.99=605695] [CLEANUP: Count=64, Max=1589, Min=2, Avg=28.62, 90=4, 99=19, 99.9=1589, 99.99=1589] [UPDATE: Count=229, Max=35999, Min=1, Avg=1295.41, 90=4083, 99=11319, 99.9=35999, 99.99=35999] [READ-FAILED: Count=0, Max=0, Min=9223372036854775807, Avg=NaN, 90=0, 99=0, 99.9=0, 99.99=0] 
[OVERALL], RunTime(ms), 300297
[OVERALL], Throughput(ops/sec), 3193.535066950386
[TOTAL_GCS_G1_Young_Generation], Count, 152
[TOTAL_GC_TIME_G1_Young_Generation], Time(ms), 1459
[TOTAL_GC_TIME_%_G1_Young_Generation], Time(%), 0.4858523395172113
[TOTAL_GCS_G1_Old_Generation], Count, 0
[TOTAL_GC_TIME_G1_Old_Generation], Time(ms), 0
[TOTAL_GC_TIME_%_G1_Old_Generation], Time(%), 0.0
[TOTAL_GCs], Count, 152
[TOTAL_GC_TIME], Time(ms), 1459
[TOTAL_GC_TIME_%], Time(%), 0.4858523395172113
[READ], Operations, 958735
[READ], AverageLatency(us), 19242.7120904108
[READ], MinLatency(us), 0
[READ], MaxLatency(us), 1477631
[READ], 95thPercentileLatency(us), 58143
[READ], 99thPercentileLatency(us), 427007
[READ], Return=OK, 958735
[READ], Return=NOT_FOUND, 274
[READ-MODIFY-WRITE], Operations, 478938
[READ-MODIFY-WRITE], AverageLatency(us), 20433.221659170915
[READ-MODIFY-WRITE], MinLatency(us), 1
[READ-MODIFY-WRITE], MaxLatency(us), 1355775
[READ-MODIFY-WRITE], 95thPercentileLatency(us), 64479
[READ-MODIFY-WRITE], 99thPercentileLatency(us), 435455
[CLEANUP], Operations, 64
[CLEANUP], AverageLatency(us), 28.625
[CLEANUP], MinLatency(us), 2
[CLEANUP], MaxLatency(us), 1589
[CLEANUP], 95thPercentileLatency(us), 5
[CLEANUP], 99thPercentileLatency(us), 19
[UPDATE], Operations, 478938
[UPDATE], AverageLatency(us), 1207.8693108502562
[UPDATE], MinLatency(us), 0
[UPDATE], MaxLatency(us), 524799
[UPDATE], 95thPercentileLatency(us), 5299
[UPDATE], 99thPercentileLatency(us), 14727
[UPDATE], Return=OK, 478938
[READ-FAILED], Operations, 274
[READ-FAILED], AverageLatency(us), 5672.78102189781
[READ-FAILED], MinLatency(us), 1890
[READ-FAILED], MaxLatency(us), 231935
[READ-FAILED], 95thPercentileLatency(us), 12303
[READ-FAILED], 99thPercentileLatency(us), 28831
