Command line: -t -db pt.ulisboa.tecnico.sconekv.ycsb.SconeKVClient -P workloadc -threads 256 -s -p scone.tx_size=5 -p operationcount=10000000 -p maxexecutiontime=300
YCSB Client 0.17.0

Loading workload...
Starting test.
WARNING: sun.reflect.Reflection.getCallerClass is not supported. This will impact performance.
2020-09-29 14:19:48:028 0 sec: 0 operations; est completion in 0 second 
Maximum execution time specified as: 300 secs
DBWrapper: report latency for each error is false and specific error codes to track for latency are: []
DBWrapper: report latency for each error is false and specific error codes to track for latency are: []
DBWrapper: report latency for each error is false and specific error codes to track for latency are: []
DBWrapper: report latency for each error is false and specific error codes to track for latency are: []
DBWrapper: report latency for each error is false and specific error codes to track for latency are: []
DBWrapper: report latency for each error is false and specific error codes to track for latency are: []
DBWrapper: report latency for each error is false and specific error codes to track for latency are: []
DBWrapper: report latency for each error is false and specific error codes to track for latency are: []
DBWrapper: report latency for each error is false and specific error codes to track for latency are: []
DBWrapper: report latency for each error is false and specific error codes to track for latency are: []
DBWrapper: report latency for each error is false and specific error codes to track for latency are: []
DBWrapper: report latency for each error is false and specific error codes to track for latency are: []
DBWrapper: report latency for each error is false and specific error codes to track for latency are: []
DBWrapper: report latency for each error is false and specific error codes to track for latency are: []
DBWrapper: report latency for each error is false and specific error codes to track for latency are: []
DBWrapper: report latency for each error is false and specific error codes to track for latency are: []
DBWrapper: report latency for each error is false and specific error codes to track for latency are: []
DBWrapper: report latency for each error is false and specific error codes to track for latency are: []
DBWrapper: report latency for each error is false and specific error codes to track for latency are: []
DBWrapper: report latency for each error is false and specific error codes to track for latency are: []
DBWrapper: report latency for each error is false and specific error codes to track for latency are: []
DBWrapper: report latency for each error is false and specific error codes to track for latency are: []
DBWrapper: report latency for each error is false and specific error codes to track for latency are: []
DBWrapper: report latency for each error is false and specific error codes to track for latency are: []
DBWrapper: report latency for each error is false and specific error codes to track for latency are: []
DBWrapper: report latency for each error is false and specific error codes to track for latency are: []
DBWrapper: report latency for each error is false and specific error codes to track for latency are: []
DBWrapper: report latency for each error is false and specific error codes to track for latency are: []
DBWrapper: report latency for each error is false and specific error codes to track for latency are: []
DBWrapper: report latency for each error is false and specific error codes to track for latency are: []
DBWrapper: report latency for each error is false and specific error codes to track for latency are: []
DBWrapper: report latency for each error is false and specific error codes to track for latency are: []
DBWrapper: report latency for each error is false and specific error codes to track for latency are: []
DBWrapper: report latency for each error is false and specific error codes to track for latency are: []
DBWrapper: report latency for each error is false and specific error codes to track for latency are: []
DBWrapper: report latency for each error is false and specific error codes to track for latency are: []
DBWrapper: report latency for each error is false and specific error codes to track for latency are: []
DBWrapper: report latency for each error is false and specific error codes to track for latency are: []
DBWrapper: report latency for each error is false and specific error codes to track for latency are: []
DBWrapper: report latency for each error is false and specific error codes to track for latency are: []
DBWrapper: report latency for each error is false and specific error codes to track for latency are: []
DBWrapper: report latency for each error is false and specific error codes to track for latency are: []
DBWrapper: report latency for each error is false and specific error codes to track for latency are: []
DBWrapper: report latency for each error is false and specific error codes to track for latency are: []
DBWrapper: report latency for each error is false and specific error codes to track for latency are: []
DBWrapper: report latency for each error is false and specific error codes to track for latency are: []
DBWrapper: report latency for each error is false and specific error codes to track for latency are: []
DBWrapper: report latency for each error is false and specific error codes to track for latency are: []
DBWrapper: report latency for each error is false and specific error codes to track for latency are: []
DBWrapper: report latency for each error is false and specific error codes to track for latency are: []
DBWrapper: report latency for each error is false and specific error codes to track for latency are: []
DBWrapper: report latency for each error is false and specific error codes to track for latency are: []
DBWrapper: report latency for each error is false and specific error codes to track for latency are: []
DBWrapper: report latency for each error is false and specific error codes to track for latency are: []
DBWrapper: report latency for each error is false and specific error codes to track for latency are: []
DBWrapper: report latency for each error is false and specific error codes to track for latency are: []
DBWrapper: report latency for each error is false and specific error codes to track for latency are: []
DBWrapper: report latency for each error is false and specific error codes to track for latency are: []
DBWrapper: report latency for each error is false and specific error codes to track for latency are: []
DBWrapper: report latency for each error is false and specific error codes to track for latency are: []
DBWrapper: report latency for each error is false and specific error codes to track for latency are: []
DBWrapper: report latency for each error is false and specific error codes to track for latency are: []
DBWrapper: report latency for each error is false and specific error codes to track for latency are: []
DBWrapper: report latency for each error is false and specific error codes to track for latency are: []
DBWrapper: report latency for each error is false and specific error codes to track for latency are: []
DBWrapper: report latency for each error is false and specific error codes to track for latency are: []
DBWrapper: report latency for each error is false and specific error codes to track for latency are: []
DBWrapper: report latency for each error is false and specific error codes to track for latency are: []
DBWrapper: report latency for each error is false and specific error codes to track for latency are: []
DBWrapper: report latency for each error is false and specific error codes to track for latency are: []
DBWrapper: report latency for each error is false and specific error codes to track for latency are: []
DBWrapper: report latency for each error is false and specific error codes to track for latency are: []
DBWrapper: report latency for each error is false and specific error codes to track for latency are: []
DBWrapper: report latency for each error is false and specific error codes to track for latency are: []
DBWrapper: report latency for each error is false and specific error codes to track for latency are: []
DBWrapper: report latency for each error is false and specific error codes to track for latency are: []
DBWrapper: report latency for each error is false and specific error codes to track for latency are: []
DBWrapper: report latency for each error is false and specific error codes to track for latency are: []
DBWrapper: report latency for each error is false and specific error codes to track for latency are: []
DBWrapper: report latency for each error is false and specific error codes to track for latency are: []
DBWrapper: report latency for each error is false and specific error codes to track for latency are: []
DBWrapper: report latency for each error is false and specific error codes to track for latency are: []
DBWrapper: report latency for each error is false and specific error codes to track for latency are: []
DBWrapper: report latency for each error is false and specific error codes to track for latency are: []
DBWrapper: report latency for each error is false and specific error codes to track for latency are: []
DBWrapper: report latency for each error is false and specific error codes to track for latency are: []
DBWrapper: report latency for each error is false and specific error codes to track for latency are: []
DBWrapper: report latency for each error is false and specific error codes to track for latency are: []
DBWrapper: report latency for each error is false and specific error codes to track for latency are: []
DBWrapper: report latency for each error is false and specific error codes to track for latency are: []
DBWrapper: report latency for each error is false and specific error codes to track for latency are: []
DBWrapper: report latency for each error is false and specific error codes to track for latency are: []
DBWrapper: report latency for each error is false and specific error codes to track for latency are: []
DBWrapper: report latency for each error is false and specific error codes to track for latency are: []
DBWrapper: report latency for each error is false and specific error codes to track for latency are: []
DBWrapper: report latency for each error is false and specific error codes to track for latency are: []
DBWrapper: report latency for each error is false and specific error codes to track for latency are: []
DBWrapper: report latency for each error is false and specific error codes to track for latency are: []
DBWrapper: report latency for each error is false and specific error codes to track for latency are: []
DBWrapper: report latency for each error is false and specific error codes to track for latency are: []
DBWrapper: report latency for each error is false and specific error codes to track for latency are: []
DBWrapper: report latency for each error is false and specific error codes to track for latency are: []
DBWrapper: report latency for each error is false and specific error codes to track for latency are: []
DBWrapper: report latency for each error is false and specific error codes to track for latency are: []
DBWrapper: report latency for each error is false and specific error codes to track for latency are: []
DBWrapper: report latency for each error is false and specific error codes to track for latency are: []
DBWrapper: report latency for each error is false and specific error codes to track for latency are: []
DBWrapper: report latency for each error is false and specific error codes to track for latency are: []
DBWrapper: report latency for each error is false and specific error codes to track for latency are: []
DBWrapper: report latency for each error is false and specific error codes to track for latency are: []
DBWrapper: report latency for each error is false and specific error codes to track for latency are: []
DBWrapper: report latency for each error is false and specific error codes to track for latency are: []
DBWrapper: report latency for each error is false and specific error codes to track for latency are: []
DBWrapper: report latency for each error is false and specific error codes to track for latency are: []
DBWrapper: report latency for each error is false and specific error codes to track for latency are: []
DBWrapper: report latency for each error is false and specific error codes to track for latency are: []
DBWrapper: report latency for each error is false and specific error codes to track for latency are: []
DBWrapper: report latency for each error is false and specific error codes to track for latency are: []
DBWrapper: report latency for each error is false and specific error codes to track for latency are: []
DBWrapper: report latency for each error is false and specific error codes to track for latency are: []
DBWrapper: report latency for each error is false and specific error codes to track for latency are: []
DBWrapper: report latency for each error is false and specific error codes to track for latency are: []
DBWrapper: report latency for each error is false and specific error codes to track for latency are: []
DBWrapper: report latency for each error is false and specific error codes to track for latency are: []
DBWrapper: report latency for each error is false and specific error codes to track for latency are: []
DBWrapper: report latency for each error is false and specific error codes to track for latency are: []
DBWrapper: report latency for each error is false and specific error codes to track for latency are: []
DBWrapper: report latency for each error is false and specific error codes to track for latency are: []
DBWrapper: report latency for each error is false and specific error codes to track for latency are: []
DBWrapper: report latency for each error is false and specific error codes to track for latency are: []
DBWrapper: report latency for each error is false and specific error codes to track for latency are: []
DBWrapper: report latency for each error is false and specific error codes to track for latency are: []
DBWrapper: report latency for each error is false and specific error codes to track for latency are: []
DBWrapper: report latency for each error is false and specific error codes to track for latency are: []
DBWrapper: report latency for each error is false and specific error codes to track for latency are: []
DBWrapper: report latency for each error is false and specific error codes to track for latency are: []
DBWrapper: report latency for each error is false and specific error codes to track for latency are: []
DBWrapper: report latency for each error is false and specific error codes to track for latency are: []
DBWrapper: report latency for each error is false and specific error codes to track for latency are: []
DBWrapper: report latency for each error is false and specific error codes to track for latency are: []
DBWrapper: report latency for each error is false and specific error codes to track for latency are: []
DBWrapper: report latency for each error is false and specific error codes to track for latency are: []
DBWrapper: report latency for each error is false and specific error codes to track for latency are: []
DBWrapper: report latency for each error is false and specific error codes to track for latency are: []
DBWrapper: report latency for each error is false and specific error codes to track for latency are: []
DBWrapper: report latency for each error is false and specific error codes to track for latency are: []
DBWrapper: report latency for each error is false and specific error codes to track for latency are: []
DBWrapper: report latency for each error is false and specific error codes to track for latency are: []
DBWrapper: report latency for each error is false and specific error codes to track for latency are: []
DBWrapper: report latency for each error is false and specific error codes to track for latency are: []
DBWrapper: report latency for each error is false and specific error codes to track for latency are: []
DBWrapper: report latency for each error is false and specific error codes to track for latency are: []
DBWrapper: report latency for each error is false and specific error codes to track for latency are: []
DBWrapper: report latency for each error is false and specific error codes to track for latency are: []
DBWrapper: report latency for each error is false and specific error codes to track for latency are: []
DBWrapper: report latency for each error is false and specific error codes to track for latency are: []
DBWrapper: report latency for each error is false and specific error codes to track for latency are: []
DBWrapper: report latency for each error is false and specific error codes to track for latency are: []
DBWrapper: report latency for each error is false and specific error codes to track for latency are: []
DBWrapper: report latency for each error is false and specific error codes to track for latency are: []
DBWrapper: report latency for each error is false and specific error codes to track for latency are: []
DBWrapper: report latency for each error is false and specific error codes to track for latency are: []
DBWrapper: report latency for each error is false and specific error codes to track for latency are: []
DBWrapper: report latency for each error is false and specific error codes to track for latency are: []
DBWrapper: report latency for each error is false and specific error codes to track for latency are: []
DBWrapper: report latency for each error is false and specific error codes to track for latency are: []
DBWrapper: report latency for each error is false and specific error codes to track for latency are: []
DBWrapper: report latency for each error is false and specific error codes to track for latency are: []
DBWrapper: report latency for each error is false and specific error codes to track for latency are: []
DBWrapper: report latency for each error is false and specific error codes to track for latency are: []
DBWrapper: report latency for each error is false and specific error codes to track for latency are: []
DBWrapper: report latency for each error is false and specific error codes to track for latency are: []
DBWrapper: report latency for each error is false and specific error codes to track for latency are: []
DBWrapper: report latency for each error is false and specific error codes to track for latency are: []
DBWrapper: report latency for each error is false and specific error codes to track for latency are: []
DBWrapper: report latency for each error is false and specific error codes to track for latency are: []
DBWrapper: report latency for each error is false and specific error codes to track for latency are: []
DBWrapper: report latency for each error is false and specific error codes to track for latency are: []
DBWrapper: report latency for each error is false and specific error codes to track for latency are: []
DBWrapper: report latency for each error is false and specific error codes to track for latency are: []
DBWrapper: report latency for each error is false and specific error codes to track for latency are: []
DBWrapper: report latency for each error is false and specific error codes to track for latency are: []
DBWrapper: report latency for each error is false and specific error codes to track for latency are: []
DBWrapper: report latency for each error is false and specific error codes to track for latency are: []
DBWrapper: report latency for each error is false and specific error codes to track for latency are: []
DBWrapper: report latency for each error is false and specific error codes to track for latency are: []
DBWrapper: report latency for each error is false and specific error codes to track for latency are: []
DBWrapper: report latency for each error is false and specific error codes to track for latency are: []
DBWrapper: report latency for each error is false and specific error codes to track for latency are: []
DBWrapper: report latency for each error is false and specific error codes to track for latency are: []
DBWrapper: report latency for each error is false and specific error codes to track for latency are: []
DBWrapper: report latency for each error is false and specific error codes to track for latency are: []
2020-09-29 14:19:58:075 10 sec: 4266 operations; 424.56 current ops/sec; est completion in 6 hours 32 minutes [READ: Count=4628, Max=1497087, Min=5, Avg=136784, 90=365823, 99=1026559, 99.9=1367039, 99.99=1497087] [READ-FAILED: Count=16, Max=579071, Min=2534, Avg=114489.25, 90=197887, 99=579071, 99.9=579071, 99.99=579071] 
DBWrapper: report latency for each error is false and specific error codes to track for latency are: []
DBWrapper: report latency for each error is false and specific error codes to track for latency are: []
DBWrapper: report latency for each error is false and specific error codes to track for latency are: []
DBWrapper: report latency for each error is false and specific error codes to track for latency are: []
DBWrapper: report latency for each error is false and specific error codes to track for latency are: []
DBWrapper: report latency for each error is false and specific error codes to track for latency are: []
DBWrapper: report latency for each error is false and specific error codes to track for latency are: []
DBWrapper: report latency for each error is false and specific error codes to track for latency are: []
DBWrapper: report latency for each error is false and specific error codes to track for latency are: []
DBWrapper: report latency for each error is false and specific error codes to track for latency are: []
DBWrapper: report latency for each error is false and specific error codes to track for latency are: []
DBWrapper: report latency for each error is false and specific error codes to track for latency are: []
DBWrapper: report latency for each error is false and specific error codes to track for latency are: []
DBWrapper: report latency for each error is false and specific error codes to track for latency are: []
DBWrapper: report latency for each error is false and specific error codes to track for latency are: []
DBWrapper: report latency for each error is false and specific error codes to track for latency are: []
DBWrapper: report latency for each error is false and specific error codes to track for latency are: []
DBWrapper: report latency for each error is false and specific error codes to track for latency are: []
DBWrapper: report latency for each error is false and specific error codes to track for latency are: []
DBWrapper: report latency for each error is false and specific error codes to track for latency are: []
DBWrapper: report latency for each error is false and specific error codes to track for latency are: []
DBWrapper: report latency for each error is false and specific error codes to track for latency are: []
DBWrapper: report latency for each error is false and specific error codes to track for latency are: []
DBWrapper: report latency for each error is false and specific error codes to track for latency are: []
DBWrapper: report latency for each error is false and specific error codes to track for latency are: []
DBWrapper: report latency for each error is false and specific error codes to track for latency are: []
DBWrapper: report latency for each error is false and specific error codes to track for latency are: []
DBWrapper: report latency for each error is false and specific error codes to track for latency are: []
DBWrapper: report latency for each error is false and specific error codes to track for latency are: []
DBWrapper: report latency for each error is false and specific error codes to track for latency are: []
DBWrapper: report latency for each error is false and specific error codes to track for latency are: []
DBWrapper: report latency for each error is false and specific error codes to track for latency are: []
DBWrapper: report latency for each error is false and specific error codes to track for latency are: []
DBWrapper: report latency for each error is false and specific error codes to track for latency are: []
DBWrapper: report latency for each error is false and specific error codes to track for latency are: []
DBWrapper: report latency for each error is false and specific error codes to track for latency are: []
DBWrapper: report latency for each error is false and specific error codes to track for latency are: []
DBWrapper: report latency for each error is false and specific error codes to track for latency are: []
DBWrapper: report latency for each error is false and specific error codes to track for latency are: []
DBWrapper: report latency for each error is false and specific error codes to track for latency are: []
DBWrapper: report latency for each error is false and specific error codes to track for latency are: []
DBWrapper: report latency for each error is false and specific error codes to track for latency are: []
DBWrapper: report latency for each error is false and specific error codes to track for latency are: []
DBWrapper: report latency for each error is false and specific error codes to track for latency are: []
DBWrapper: report latency for each error is false and specific error codes to track for latency are: []
DBWrapper: report latency for each error is false and specific error codes to track for latency are: []
DBWrapper: report latency for each error is false and specific error codes to track for latency are: []
DBWrapper: report latency for each error is false and specific error codes to track for latency are: []
DBWrapper: report latency for each error is false and specific error codes to track for latency are: []
DBWrapper: report latency for each error is false and specific error codes to track for latency are: []
DBWrapper: report latency for each error is false and specific error codes to track for latency are: []
DBWrapper: report latency for each error is false and specific error codes to track for latency are: []
DBWrapper: report latency for each error is false and specific error codes to track for latency are: []
DBWrapper: report latency for each error is false and specific error codes to track for latency are: []
DBWrapper: report latency for each error is false and specific error codes to track for latency are: []
2020-09-29 14:20:08:029 20 sec: 25226 operations; 2105.9 current ops/sec; est completion in 2 hours 11 minutes [READ: Count=20552, Max=2185215, Min=4, Avg=103804.5, 90=306175, 99=888831, 99.9=1728511, 99.99=2160639] [READ-FAILED: Count=39, Max=606207, Min=2272, Avg=83845.08, 90=225535, 99=606207, 99.9=606207, 99.99=606207] 
DBWrapper: report latency for each error is false and specific error codes to track for latency are: []
DBWrapper: report latency for each error is false and specific error codes to track for latency are: []
DBWrapper: report latency for each error is false and specific error codes to track for latency are: []
DBWrapper: report latency for each error is false and specific error codes to track for latency are: []
DBWrapper: report latency for each error is false and specific error codes to track for latency are: []
DBWrapper: report latency for each error is false and specific error codes to track for latency are: []
DBWrapper: report latency for each error is false and specific error codes to track for latency are: []
DBWrapper: report latency for each error is false and specific error codes to track for latency are: []
DBWrapper: report latency for each error is false and specific error codes to track for latency are: []
2020-09-29 14:20:18:028 30 sec: 71211 operations; 4598.96 current ops/sec; est completion in 1 hour 9 minutes [READ: Count=45862, Max=15286271, Min=3, Avg=53963.81, 90=114303, 99=586239, 99.9=750591, 99.99=1970175] [READ-FAILED: Count=120, Max=116927, Min=2304, Avg=22409.42, 90=42431, 99=76159, 99.9=116927, 99.99=116927] 
2020-09-29 14:20:28:028 40 sec: 134035 operations; 6282.4 current ops/sec; est completion in 49 minutes [READ: Count=62686, Max=697343, Min=3, Avg=41026.14, 90=105215, 99=575487, 99.9=652799, 99.99=681471] [READ-FAILED: Count=140, Max=57375, Min=1700, Avg=10039.94, 90=20431, 99=50271, 99.9=57375, 99.99=57375] 
2020-09-29 14:20:38:028 50 sec: 197055 operations; 6302 current ops/sec; est completion in 41 minutes [READ: Count=62862, Max=745471, Min=3, Avg=40427.98, 90=100991, 99=574975, 99.9=645631, 99.99=723455] [READ-FAILED: Count=155, Max=70655, Min=1749, Avg=8839.04, 90=17391, 99=53215, 99.9=70655, 99.99=70655] 
2020-09-29 14:20:48:028 60 sec: 234455 operations; 3739.63 current ops/sec; est completion in 41 minutes [READ: Count=37310, Max=1523711, Min=3, Avg=69523.74, 90=173695, 99=750079, 99.9=1184767, 99.99=1404927] [READ-FAILED: Count=94, Max=240383, Min=0, Avg=24242.38, 90=47999, 99=161279, 99.9=240383, 99.99=240383] 
2020-09-29 14:20:58:028 70 sec: 302863 operations; 6841.48 current ops/sec; est completion in 37 minutes [READ: Count=68224, Max=877567, Min=3, Avg=37405.77, 90=90559, 99=560127, 99.9=649215, 99.99=812031] [READ-FAILED: Count=183, Max=63583, Min=2142, Avg=9021.17, 90=16655, 99=44703, 99.9=63583, 99.99=63583] 
2020-09-29 14:21:08:027 80 sec: 371459 operations; 6859.6 current ops/sec; est completion in 34 minutes [READ: Count=68429, Max=734207, Min=3, Avg=37305.95, 90=90367, 99=568319, 99.9=639487, 99.99=681471] [READ-FAILED: Count=168, Max=65503, Min=1811, Avg=10193.57, 90=18431, 99=56831, 99.9=65503, 99.99=65503] 
2020-09-29 14:21:18:027 90 sec: 439609 operations; 6815 current ops/sec; est completion in 32 minutes [READ: Count=67994, Max=730111, Min=3, Avg=37535.55, 90=92415, 99=566783, 99.9=637951, 99.99=668159] [READ-FAILED: Count=148, Max=67903, Min=1875, Avg=11595.64, 90=25807, 99=60479, 99.9=67903, 99.99=67903] 
2020-09-29 14:21:28:027 100 sec: 507663 operations; 6805.4 current ops/sec; est completion in 31 minutes [READ: Count=67881, Max=771583, Min=3, Avg=37485.18, 90=92351, 99=553471, 99.9=635903, 99.99=739327] [READ-FAILED: Count=174, Max=522239, Min=1895, Avg=18269.61, 90=21343, 99=365055, 99.9=522239, 99.99=522239] 
2020-09-29 14:21:38:027 110 sec: 580363 operations; 7270 current ops/sec; est completion in 29 minutes [READ: Count=72531, Max=866815, Min=3, Avg=35246.38, 90=87999, 99=556543, 99.9=639999, 99.99=699391] [READ-FAILED: Count=174, Max=59231, Min=1980, Avg=11049.52, 90=24511, 99=52895, 99.9=59231, 99.99=59231] 
2020-09-29 14:21:48:027 120 sec: 651708 operations; 7134.5 current ops/sec; est completion in 28 minutes [READ: Count=71166, Max=771583, Min=3, Avg=35931.94, 90=85567, 99=563711, 99.9=628735, 99.99=714751] [READ-FAILED: Count=175, Max=42527, Min=1911, Avg=8539.62, 90=17823, 99=37279, 99.9=42527, 99.99=42527] 
2020-09-29 14:21:58:028 130 sec: 724699 operations; 7299.1 current ops/sec; est completion in 27 minutes [READ: Count=72821, Max=701439, Min=3, Avg=35278.05, 90=89855, 99=552959, 99.9=633343, 99.99=681983] [READ-FAILED: Count=181, Max=153855, Min=1658, Avg=10247.04, 90=19375, 99=47903, 99.9=153855, 99.99=153855] 
2020-09-29 14:22:08:028 140 sec: 797512 operations; 7281.3 current ops/sec; est completion in 26 minutes [READ: Count=72623, Max=718335, Min=3, Avg=35341.73, 90=88511, 99=556543, 99.9=640511, 99.99=671743] [READ-FAILED: Count=179, Max=139263, Min=1, Avg=10992.03, 90=20367, 99=41759, 99.9=139263, 99.99=139263] 
2020-09-29 14:22:18:027 150 sec: 865298 operations; 6778.6 current ops/sec; est completion in 26 minutes [READ: Count=67665, Max=760319, Min=3, Avg=37562.68, 90=91775, 99=567295, 99.9=674303, 99.99=728063] [READ-FAILED: Count=122, Max=81663, Min=1948, Avg=10303.54, 90=17391, 99=62847, 99.9=81663, 99.99=81663] 
2020-09-29 14:22:28:027 160 sec: 933313 operations; 6801.5 current ops/sec; est completion in 25 minutes [READ: Count=67879, Max=747519, Min=3, Avg=37638.56, 90=88319, 99=575487, 99.9=650239, 99.99=724479] [READ-FAILED: Count=136, Max=49887, Min=1710, Avg=9555.65, 90=19023, 99=41503, 99.9=49887, 99.99=49887] 
2020-09-29 14:22:38:028 170 sec: 1001432 operations; 6811.9 current ops/sec; est completion in 25 minutes [READ: Count=67964, Max=1021439, Min=3, Avg=37832.64, 90=88191, 99=564223, 99.9=662015, 99.99=710655] [READ-FAILED: Count=152, Max=98751, Min=1734, Avg=10226.59, 90=17951, 99=36159, 99.9=98751, 99.99=98751] 
2020-09-29 14:22:48:027 180 sec: 1068026 operations; 6659.4 current ops/sec; est completion in 25 minutes [READ: Count=66440, Max=1011199, Min=3, Avg=38582.28, 90=87807, 99=578047, 99.9=679423, 99.99=708607] [READ-FAILED: Count=164, Max=65919, Min=2098, Avg=10487.46, 90=20911, 99=41439, 99.9=65919, 99.99=65919] 
2020-09-29 14:22:58:027 190 sec: 1135890 operations; 6786.4 current ops/sec; est completion in 24 minutes [READ: Count=67701, Max=1080319, Min=3, Avg=37845.27, 90=86783, 99=576511, 99.9=939519, 99.99=1062911] [READ-FAILED: Count=161, Max=115455, Min=1758, Avg=12877.06, 90=31807, 99=70975, 99.9=115455, 99.99=115455] 
2020-09-29 14:23:08:027 200 sec: 1207610 operations; 7172 current ops/sec; est completion in 24 minutes [READ: Count=71555, Max=769535, Min=3, Avg=35778.34, 90=82879, 99=560127, 99.9=644095, 99.99=691199] [READ-FAILED: Count=163, Max=105087, Min=1816, Avg=10684.17, 90=22207, 99=56607, 99.9=105087, 99.99=105087] 
2020-09-29 14:23:18:027 210 sec: 1272161 operations; 6455.1 current ops/sec; est completion in 24 minutes [READ: Count=64363, Max=1059839, Min=3, Avg=39611.24, 90=91263, 99=578047, 99.9=652799, 99.99=882175] [READ-FAILED: Count=190, Max=134911, Min=1806, Avg=11003.42, 90=16383, 99=110719, 99.9=134911, 99.99=134911] 
2020-09-29 14:23:28:028 220 sec: 1336143 operations; 6398.2 current ops/sec; est completion in 23 minutes [READ: Count=63831, Max=782847, Min=3, Avg=39942.82, 90=95999, 99=576511, 99.9=687103, 99.99=744447] [READ-FAILED: Count=149, Max=223487, Min=1966, Avg=16165.25, 90=38335, 99=117695, 99.9=223487, 99.99=223487] 
2020-09-29 14:23:38:027 230 sec: 1394819 operations; 5867.6 current ops/sec; est completion in 23 minutes [READ: Count=58532, Max=818687, Min=3, Avg=43438.18, 90=102719, 99=586751, 99.9=666111, 99.99=696831] [READ-FAILED: Count=141, Max=55199, Min=1727, Avg=9558.4, 90=22943, 99=40671, 99.9=55199, 99.99=55199] 
2020-09-29 14:23:48:027 240 sec: 1453805 operations; 5898.6 current ops/sec; est completion in 23 minutes [READ: Count=58834, Max=1106943, Min=3, Avg=43561.28, 90=101119, 99=593919, 99.9=966655, 99.99=1052671] [READ-FAILED: Count=150, Max=110975, Min=2156, Avg=8694.29, 90=14399, 99=48479, 99.9=110975, 99.99=110975] 
2020-09-29 14:23:58:028 250 sec: 1515123 operations; 6131.19 current ops/sec; est completion in 23 minutes [READ: Count=61167, Max=823807, Min=3, Avg=41911.89, 90=99775, 99=589823, 99.9=695807, 99.99=782847] [READ-FAILED: Count=150, Max=115839, Min=1752, Avg=10934.72, 90=23695, 99=76799, 99.9=115839, 99.99=115839] 
2020-09-29 14:24:08:027 260 sec: 1573777 operations; 5865.99 current ops/sec; est completion in 23 minutes [READ: Count=58508, Max=750591, Min=3, Avg=43587.23, 90=102335, 99=593407, 99.9=681983, 99.99=722431] [READ-FAILED: Count=149, Max=66367, Min=1822, Avg=9139.87, 90=16671, 99=44191, 99.9=66367, 99.99=66367] 
2020-09-29 14:24:18:028 270 sec: 1629747 operations; 5597 current ops/sec; est completion in 23 minutes [READ: Count=55838, Max=1118207, Min=3, Avg=45478.11, 90=107519, 99=595455, 99.9=727551, 99.99=1036287] [READ-FAILED: Count=132, Max=109439, Min=1820, Avg=9339.93, 90=18031, 99=90751, 99.9=109439, 99.99=109439] 
2020-09-29 14:24:28:029 280 sec: 1687015 operations; 5726.23 current ops/sec; est completion in 23 minutes [READ: Count=57144, Max=878591, Min=3, Avg=44768.28, 90=102207, 99=621567, 99.9=742399, 99.99=812543] [READ-FAILED: Count=135, Max=63135, Min=2035, Avg=8615.35, 90=20111, 99=53759, 99.9=63135, 99.99=63135] 
2020-09-29 14:24:38:027 290 sec: 1749968 operations; 6295.93 current ops/sec; est completion in 22 minutes [READ: Count=62791, Max=775167, Min=3, Avg=41405.16, 90=93119, 99=587775, 99.9=681471, 99.99=744447] [READ-FAILED: Count=155, Max=71295, Min=0, Avg=7953.43, 90=15743, 99=35871, 99.9=71295, 99.99=71295] 
2020-09-29 14:24:48:027 300 sec: 1811620 operations; 6165.2 current ops/sec; est completion in 22 minutes [READ: Count=61517, Max=1019391, Min=3, Avg=41647.19, 90=95295, 99=591871, 99.9=683519, 99.99=776191] [READ-FAILED: Count=134, Max=116607, Min=2184, Avg=10734.5, 90=21663, 99=111167, 99.9=116607, 99.99=116607] 
Maximum time elapsed. Requesting stop for the workload.
Stop requested for workload. Now Joining!
[36m14:24:48.781[m [[34;1mINFO[m] [1;34mp.u.t.s.y.Stats.clientFinished@38[m: 
Ended SconeKV benchmark.
Number of clients: 256
Total transactions: 360661
Committed: 360661 (100.0%)
Aborted: 0 (0.0%)
2020-09-29 14:24:48:783 300 sec: 1813509 operations; 2501.99 current ops/sec; est completion in 22 minutes [READ: Count=1876, Max=621055, Min=3, Avg=52841.74, 90=89215, 99=557055, 99.9=587775, 99.99=621055] [CLEANUP: Count=256, Max=1791, Min=2, Avg=10.02, 90=3, 99=18, 99.9=1791, 99.99=1791] [READ-FAILED: Count=6, Max=21231, Min=4264, Avg=10770.33, 90=15711, 99=21231, 99.9=21231, 99.99=21231] 
[OVERALL], RunTime(ms), 300743
[OVERALL], Throughput(ops/sec), 6030.095463568562
[TOTAL_GCS_G1_Young_Generation], Count, 160
[TOTAL_GC_TIME_G1_Young_Generation], Time(ms), 4517
[TOTAL_GC_TIME_%_G1_Young_Generation], Time(%), 1.501946844980598
[TOTAL_GCS_G1_Old_Generation], Count, 0
[TOTAL_GC_TIME_G1_Old_Generation], Time(ms), 0
[TOTAL_GC_TIME_%_G1_Old_Generation], Time(%), 0.0
[TOTAL_GCs], Count, 160
[TOTAL_GC_TIME], Time(ms), 4517
[TOTAL_GC_TIME_%], Time(%), 1.501946844980598
[READ], Operations, 1809174
[READ], AverageLatency(us), 41140.079110135346
[READ], MinLatency(us), 3
[READ], MaxLatency(us), 15286271
[READ], 95thPercentileLatency(us), 146559
[READ], 99thPercentileLatency(us), 579071
[READ], Return=OK, 1809174
[READ], Return=NOT_FOUND, 4335
[CLEANUP], Operations, 256
[CLEANUP], AverageLatency(us), 10.01953125
[CLEANUP], MinLatency(us), 2
[CLEANUP], MaxLatency(us), 1791
[CLEANUP], 95thPercentileLatency(us), 5
[CLEANUP], 99thPercentileLatency(us), 18
[READ-FAILED], Operations, 4335
[READ-FAILED], AverageLatency(us), 12289.231603229528
[READ-FAILED], MinLatency(us), 0
[READ-FAILED], MaxLatency(us), 606207
[READ-FAILED], 95thPercentileLatency(us), 34431
[READ-FAILED], 99thPercentileLatency(us), 100415
