Command line: -t -db pt.ulisboa.tecnico.sconekv.ycsb.SconeKVClient -P workloadb -threads 256 -s -p scone.tx_size=5 -p operationcount=10000000 -p maxexecutiontime=300
YCSB Client 0.17.0

Loading workload...
Starting test.
WARNING: sun.reflect.Reflection.getCallerClass is not supported. This will impact performance.
2020-09-29 11:58:35:297 0 sec: 0 operations; est completion in 0 second 
Maximum execution time specified as: 300 secs
DBWrapper: report latency for each error is false and specific error codes to track for latency are: []
DBWrapper: report latency for each error is false and specific error codes to track for latency are: []
DBWrapper: report latency for each error is false and specific error codes to track for latency are: []
DBWrapper: report latency for each error is false and specific error codes to track for latency are: []
DBWrapper: report latency for each error is false and specific error codes to track for latency are: []
DBWrapper: report latency for each error is false and specific error codes to track for latency are: []
DBWrapper: report latency for each error is false and specific error codes to track for latency are: []
DBWrapper: report latency for each error is false and specific error codes to track for latency are: []
DBWrapper: report latency for each error is false and specific error codes to track for latency are: []
DBWrapper: report latency for each error is false and specific error codes to track for latency are: []
DBWrapper: report latency for each error is false and specific error codes to track for latency are: []
DBWrapper: report latency for each error is false and specific error codes to track for latency are: []
DBWrapper: report latency for each error is false and specific error codes to track for latency are: []
DBWrapper: report latency for each error is false and specific error codes to track for latency are: []
DBWrapper: report latency for each error is false and specific error codes to track for latency are: []
DBWrapper: report latency for each error is false and specific error codes to track for latency are: []
DBWrapper: report latency for each error is false and specific error codes to track for latency are: []
DBWrapper: report latency for each error is false and specific error codes to track for latency are: []
DBWrapper: report latency for each error is false and specific error codes to track for latency are: []
DBWrapper: report latency for each error is false and specific error codes to track for latency are: []
DBWrapper: report latency for each error is false and specific error codes to track for latency are: []
DBWrapper: report latency for each error is false and specific error codes to track for latency are: []
DBWrapper: report latency for each error is false and specific error codes to track for latency are: []
DBWrapper: report latency for each error is false and specific error codes to track for latency are: []
DBWrapper: report latency for each error is false and specific error codes to track for latency are: []
DBWrapper: report latency for each error is false and specific error codes to track for latency are: []
DBWrapper: report latency for each error is false and specific error codes to track for latency are: []
DBWrapper: report latency for each error is false and specific error codes to track for latency are: []
DBWrapper: report latency for each error is false and specific error codes to track for latency are: []
DBWrapper: report latency for each error is false and specific error codes to track for latency are: []
DBWrapper: report latency for each error is false and specific error codes to track for latency are: []
DBWrapper: report latency for each error is false and specific error codes to track for latency are: []
DBWrapper: report latency for each error is false and specific error codes to track for latency are: []
DBWrapper: report latency for each error is false and specific error codes to track for latency are: []
DBWrapper: report latency for each error is false and specific error codes to track for latency are: []
DBWrapper: report latency for each error is false and specific error codes to track for latency are: []
DBWrapper: report latency for each error is false and specific error codes to track for latency are: []
DBWrapper: report latency for each error is false and specific error codes to track for latency are: []
DBWrapper: report latency for each error is false and specific error codes to track for latency are: []
DBWrapper: report latency for each error is false and specific error codes to track for latency are: []
DBWrapper: report latency for each error is false and specific error codes to track for latency are: []
DBWrapper: report latency for each error is false and specific error codes to track for latency are: []
DBWrapper: report latency for each error is false and specific error codes to track for latency are: []
DBWrapper: report latency for each error is false and specific error codes to track for latency are: []
DBWrapper: report latency for each error is false and specific error codes to track for latency are: []
DBWrapper: report latency for each error is false and specific error codes to track for latency are: []
DBWrapper: report latency for each error is false and specific error codes to track for latency are: []
DBWrapper: report latency for each error is false and specific error codes to track for latency are: []
DBWrapper: report latency for each error is false and specific error codes to track for latency are: []
DBWrapper: report latency for each error is false and specific error codes to track for latency are: []
DBWrapper: report latency for each error is false and specific error codes to track for latency are: []
DBWrapper: report latency for each error is false and specific error codes to track for latency are: []
DBWrapper: report latency for each error is false and specific error codes to track for latency are: []
DBWrapper: report latency for each error is false and specific error codes to track for latency are: []
DBWrapper: report latency for each error is false and specific error codes to track for latency are: []
DBWrapper: report latency for each error is false and specific error codes to track for latency are: []
DBWrapper: report latency for each error is false and specific error codes to track for latency are: []
DBWrapper: report latency for each error is false and specific error codes to track for latency are: []
DBWrapper: report latency for each error is false and specific error codes to track for latency are: []
DBWrapper: report latency for each error is false and specific error codes to track for latency are: []
DBWrapper: report latency for each error is false and specific error codes to track for latency are: []
DBWrapper: report latency for each error is false and specific error codes to track for latency are: []
DBWrapper: report latency for each error is false and specific error codes to track for latency are: []
DBWrapper: report latency for each error is false and specific error codes to track for latency are: []
DBWrapper: report latency for each error is false and specific error codes to track for latency are: []
DBWrapper: report latency for each error is false and specific error codes to track for latency are: []
DBWrapper: report latency for each error is false and specific error codes to track for latency are: []
DBWrapper: report latency for each error is false and specific error codes to track for latency are: []
DBWrapper: report latency for each error is false and specific error codes to track for latency are: []
DBWrapper: report latency for each error is false and specific error codes to track for latency are: []
DBWrapper: report latency for each error is false and specific error codes to track for latency are: []
DBWrapper: report latency for each error is false and specific error codes to track for latency are: []
DBWrapper: report latency for each error is false and specific error codes to track for latency are: []
DBWrapper: report latency for each error is false and specific error codes to track for latency are: []
DBWrapper: report latency for each error is false and specific error codes to track for latency are: []
DBWrapper: report latency for each error is false and specific error codes to track for latency are: []
DBWrapper: report latency for each error is false and specific error codes to track for latency are: []
DBWrapper: report latency for each error is false and specific error codes to track for latency are: []
DBWrapper: report latency for each error is false and specific error codes to track for latency are: []
DBWrapper: report latency for each error is false and specific error codes to track for latency are: []
DBWrapper: report latency for each error is false and specific error codes to track for latency are: []
DBWrapper: report latency for each error is false and specific error codes to track for latency are: []
DBWrapper: report latency for each error is false and specific error codes to track for latency are: []
DBWrapper: report latency for each error is false and specific error codes to track for latency are: []
DBWrapper: report latency for each error is false and specific error codes to track for latency are: []
DBWrapper: report latency for each error is false and specific error codes to track for latency are: []
DBWrapper: report latency for each error is false and specific error codes to track for latency are: []
DBWrapper: report latency for each error is false and specific error codes to track for latency are: []
DBWrapper: report latency for each error is false and specific error codes to track for latency are: []
DBWrapper: report latency for each error is false and specific error codes to track for latency are: []
DBWrapper: report latency for each error is false and specific error codes to track for latency are: []
DBWrapper: report latency for each error is false and specific error codes to track for latency are: []
DBWrapper: report latency for each error is false and specific error codes to track for latency are: []
DBWrapper: report latency for each error is false and specific error codes to track for latency are: []
DBWrapper: report latency for each error is false and specific error codes to track for latency are: []
DBWrapper: report latency for each error is false and specific error codes to track for latency are: []
DBWrapper: report latency for each error is false and specific error codes to track for latency are: []
DBWrapper: report latency for each error is false and specific error codes to track for latency are: []
DBWrapper: report latency for each error is false and specific error codes to track for latency are: []
DBWrapper: report latency for each error is false and specific error codes to track for latency are: []
DBWrapper: report latency for each error is false and specific error codes to track for latency are: []
DBWrapper: report latency for each error is false and specific error codes to track for latency are: []
DBWrapper: report latency for each error is false and specific error codes to track for latency are: []
DBWrapper: report latency for each error is false and specific error codes to track for latency are: []
DBWrapper: report latency for each error is false and specific error codes to track for latency are: []
DBWrapper: report latency for each error is false and specific error codes to track for latency are: []
DBWrapper: report latency for each error is false and specific error codes to track for latency are: []
DBWrapper: report latency for each error is false and specific error codes to track for latency are: []
DBWrapper: report latency for each error is false and specific error codes to track for latency are: []
DBWrapper: report latency for each error is false and specific error codes to track for latency are: []
DBWrapper: report latency for each error is false and specific error codes to track for latency are: []
DBWrapper: report latency for each error is false and specific error codes to track for latency are: []
DBWrapper: report latency for each error is false and specific error codes to track for latency are: []
DBWrapper: report latency for each error is false and specific error codes to track for latency are: []
DBWrapper: report latency for each error is false and specific error codes to track for latency are: []
DBWrapper: report latency for each error is false and specific error codes to track for latency are: []
DBWrapper: report latency for each error is false and specific error codes to track for latency are: []
DBWrapper: report latency for each error is false and specific error codes to track for latency are: []
DBWrapper: report latency for each error is false and specific error codes to track for latency are: []
DBWrapper: report latency for each error is false and specific error codes to track for latency are: []
DBWrapper: report latency for each error is false and specific error codes to track for latency are: []
DBWrapper: report latency for each error is false and specific error codes to track for latency are: []
DBWrapper: report latency for each error is false and specific error codes to track for latency are: []
DBWrapper: report latency for each error is false and specific error codes to track for latency are: []
DBWrapper: report latency for each error is false and specific error codes to track for latency are: []
DBWrapper: report latency for each error is false and specific error codes to track for latency are: []
DBWrapper: report latency for each error is false and specific error codes to track for latency are: []
DBWrapper: report latency for each error is false and specific error codes to track for latency are: []
DBWrapper: report latency for each error is false and specific error codes to track for latency are: []
DBWrapper: report latency for each error is false and specific error codes to track for latency are: []
DBWrapper: report latency for each error is false and specific error codes to track for latency are: []
DBWrapper: report latency for each error is false and specific error codes to track for latency are: []
DBWrapper: report latency for each error is false and specific error codes to track for latency are: []
DBWrapper: report latency for each error is false and specific error codes to track for latency are: []
DBWrapper: report latency for each error is false and specific error codes to track for latency are: []
DBWrapper: report latency for each error is false and specific error codes to track for latency are: []
DBWrapper: report latency for each error is false and specific error codes to track for latency are: []
DBWrapper: report latency for each error is false and specific error codes to track for latency are: []
DBWrapper: report latency for each error is false and specific error codes to track for latency are: []
DBWrapper: report latency for each error is false and specific error codes to track for latency are: []
DBWrapper: report latency for each error is false and specific error codes to track for latency are: []
DBWrapper: report latency for each error is false and specific error codes to track for latency are: []
DBWrapper: report latency for each error is false and specific error codes to track for latency are: []
DBWrapper: report latency for each error is false and specific error codes to track for latency are: []
DBWrapper: report latency for each error is false and specific error codes to track for latency are: []
DBWrapper: report latency for each error is false and specific error codes to track for latency are: []
DBWrapper: report latency for each error is false and specific error codes to track for latency are: []
DBWrapper: report latency for each error is false and specific error codes to track for latency are: []
DBWrapper: report latency for each error is false and specific error codes to track for latency are: []
DBWrapper: report latency for each error is false and specific error codes to track for latency are: []
DBWrapper: report latency for each error is false and specific error codes to track for latency are: []
DBWrapper: report latency for each error is false and specific error codes to track for latency are: []
DBWrapper: report latency for each error is false and specific error codes to track for latency are: []
DBWrapper: report latency for each error is false and specific error codes to track for latency are: []
DBWrapper: report latency for each error is false and specific error codes to track for latency are: []
DBWrapper: report latency for each error is false and specific error codes to track for latency are: []
DBWrapper: report latency for each error is false and specific error codes to track for latency are: []
DBWrapper: report latency for each error is false and specific error codes to track for latency are: []
DBWrapper: report latency for each error is false and specific error codes to track for latency are: []
DBWrapper: report latency for each error is false and specific error codes to track for latency are: []
DBWrapper: report latency for each error is false and specific error codes to track for latency are: []
2020-09-29 11:58:46:175 10 sec: 2071 operations; 190.37 current ops/sec; est completion in 14 hours 35 minutes [READ: Count=2151, Max=3307519, Min=2, Avg=159197.7, 90=438015, 99=2279423, 99.9=2809855, 99.99=3307519] [UPDATE: Count=179, Max=2813951, Min=1886, Avg=159324.2, 90=421375, 99=2353151, 99.9=2813951, 99.99=2813951] [READ-FAILED: Count=4, Max=2412543, Min=14904, Avg=625951, 90=2412543, 99=2412543, 99.9=2412543, 99.99=2412543] 
DBWrapper: report latency for each error is false and specific error codes to track for latency are: []
DBWrapper: report latency for each error is false and specific error codes to track for latency are: []
DBWrapper: report latency for each error is false and specific error codes to track for latency are: []
DBWrapper: report latency for each error is false and specific error codes to track for latency are: []
DBWrapper: report latency for each error is false and specific error codes to track for latency are: []
DBWrapper: report latency for each error is false and specific error codes to track for latency are: []
DBWrapper: report latency for each error is false and specific error codes to track for latency are: []
DBWrapper: report latency for each error is false and specific error codes to track for latency are: []
DBWrapper: report latency for each error is false and specific error codes to track for latency are: []
DBWrapper: report latency for each error is false and specific error codes to track for latency are: []
DBWrapper: report latency for each error is false and specific error codes to track for latency are: []
DBWrapper: report latency for each error is false and specific error codes to track for latency are: []
DBWrapper: report latency for each error is false and specific error codes to track for latency are: []
DBWrapper: report latency for each error is false and specific error codes to track for latency are: []
DBWrapper: report latency for each error is false and specific error codes to track for latency are: []
DBWrapper: report latency for each error is false and specific error codes to track for latency are: []
DBWrapper: report latency for each error is false and specific error codes to track for latency are: []
DBWrapper: report latency for each error is false and specific error codes to track for latency are: []
DBWrapper: report latency for each error is false and specific error codes to track for latency are: []
DBWrapper: report latency for each error is false and specific error codes to track for latency are: []
DBWrapper: report latency for each error is false and specific error codes to track for latency are: []
DBWrapper: report latency for each error is false and specific error codes to track for latency are: []
DBWrapper: report latency for each error is false and specific error codes to track for latency are: []
DBWrapper: report latency for each error is false and specific error codes to track for latency are: []
DBWrapper: report latency for each error is false and specific error codes to track for latency are: []
DBWrapper: report latency for each error is false and specific error codes to track for latency are: []
DBWrapper: report latency for each error is false and specific error codes to track for latency are: []
DBWrapper: report latency for each error is false and specific error codes to track for latency are: []
DBWrapper: report latency for each error is false and specific error codes to track for latency are: []
DBWrapper: report latency for each error is false and specific error codes to track for latency are: []
DBWrapper: report latency for each error is false and specific error codes to track for latency are: []
DBWrapper: report latency for each error is false and specific error codes to track for latency are: []
2020-09-29 11:58:55:318 20 sec: 18368 operations; 1786.76 current ops/sec; est completion in 3 hours 1 minute [READ: Count=15479, Max=3192831, Min=1, Avg=101852.6, 90=281087, 99=864255, 99.9=2445311, 99.99=3094527] [UPDATE: Count=727, Max=1392639, Min=24, Avg=91472.69, 90=264959, 99=776703, 99.9=1083391, 99.99=1392639] [READ-FAILED: Count=19, Max=350463, Min=3944, Avg=60756.53, 90=148351, 99=350463, 99.9=350463, 99.99=350463] 
DBWrapper: report latency for each error is false and specific error codes to track for latency are: []
DBWrapper: report latency for each error is false and specific error codes to track for latency are: []
DBWrapper: report latency for each error is false and specific error codes to track for latency are: []
DBWrapper: report latency for each error is false and specific error codes to track for latency are: []
DBWrapper: report latency for each error is false and specific error codes to track for latency are: []
DBWrapper: report latency for each error is false and specific error codes to track for latency are: []
DBWrapper: report latency for each error is false and specific error codes to track for latency are: []
DBWrapper: report latency for each error is false and specific error codes to track for latency are: []
DBWrapper: report latency for each error is false and specific error codes to track for latency are: []
DBWrapper: report latency for each error is false and specific error codes to track for latency are: []
DBWrapper: report latency for each error is false and specific error codes to track for latency are: []
DBWrapper: report latency for each error is false and specific error codes to track for latency are: []
DBWrapper: report latency for each error is false and specific error codes to track for latency are: []
DBWrapper: report latency for each error is false and specific error codes to track for latency are: []
DBWrapper: report latency for each error is false and specific error codes to track for latency are: []
DBWrapper: report latency for each error is false and specific error codes to track for latency are: []
DBWrapper: report latency for each error is false and specific error codes to track for latency are: []
DBWrapper: report latency for each error is false and specific error codes to track for latency are: []
DBWrapper: report latency for each error is false and specific error codes to track for latency are: []
DBWrapper: report latency for each error is false and specific error codes to track for latency are: []
DBWrapper: report latency for each error is false and specific error codes to track for latency are: []
DBWrapper: report latency for each error is false and specific error codes to track for latency are: []
DBWrapper: report latency for each error is false and specific error codes to track for latency are: []
DBWrapper: report latency for each error is false and specific error codes to track for latency are: []
DBWrapper: report latency for each error is false and specific error codes to track for latency are: []
DBWrapper: report latency for each error is false and specific error codes to track for latency are: []
DBWrapper: report latency for each error is false and specific error codes to track for latency are: []
DBWrapper: report latency for each error is false and specific error codes to track for latency are: []
DBWrapper: report latency for each error is false and specific error codes to track for latency are: []
DBWrapper: report latency for each error is false and specific error codes to track for latency are: []
DBWrapper: report latency for each error is false and specific error codes to track for latency are: []
DBWrapper: report latency for each error is false and specific error codes to track for latency are: []
DBWrapper: report latency for each error is false and specific error codes to track for latency are: []
DBWrapper: report latency for each error is false and specific error codes to track for latency are: []
DBWrapper: report latency for each error is false and specific error codes to track for latency are: []
DBWrapper: report latency for each error is false and specific error codes to track for latency are: []
DBWrapper: report latency for each error is false and specific error codes to track for latency are: []
DBWrapper: report latency for each error is false and specific error codes to track for latency are: []
DBWrapper: report latency for each error is false and specific error codes to track for latency are: []
DBWrapper: report latency for each error is false and specific error codes to track for latency are: []
DBWrapper: report latency for each error is false and specific error codes to track for latency are: []
DBWrapper: report latency for each error is false and specific error codes to track for latency are: []
DBWrapper: report latency for each error is false and specific error codes to track for latency are: []
DBWrapper: report latency for each error is false and specific error codes to track for latency are: []
DBWrapper: report latency for each error is false and specific error codes to track for latency are: []
DBWrapper: report latency for each error is false and specific error codes to track for latency are: []
DBWrapper: report latency for each error is false and specific error codes to track for latency are: []
DBWrapper: report latency for each error is false and specific error codes to track for latency are: []
DBWrapper: report latency for each error is false and specific error codes to track for latency are: []
DBWrapper: report latency for each error is false and specific error codes to track for latency are: []
DBWrapper: report latency for each error is false and specific error codes to track for latency are: []
DBWrapper: report latency for each error is false and specific error codes to track for latency are: []
2020-09-29 11:59:05:318 30 sec: 53559 operations; 3515.94 current ops/sec; est completion in 1 hour 32 minutes [READ: Count=33256, Max=15704063, Min=0, Avg=62672.02, 90=139903, 99=573951, 99.9=1130495, 99.99=2355199] [UPDATE: Count=1800, Max=2291711, Min=14, Avg=60881.29, 90=130303, 99=581631, 99.9=1308671, 99.99=2291711] [READ-FAILED: Count=28, Max=147583, Min=2178, Avg=28386, 90=48895, 99=147583, 99.9=147583, 99.99=147583] 
DBWrapper: report latency for each error is false and specific error codes to track for latency are: []
DBWrapper: report latency for each error is false and specific error codes to track for latency are: []
DBWrapper: report latency for each error is false and specific error codes to track for latency are: []
DBWrapper: report latency for each error is false and specific error codes to track for latency are: []
DBWrapper: report latency for each error is false and specific error codes to track for latency are: []
DBWrapper: report latency for each error is false and specific error codes to track for latency are: []
DBWrapper: report latency for each error is false and specific error codes to track for latency are: []
DBWrapper: report latency for each error is false and specific error codes to track for latency are: []
DBWrapper: report latency for each error is false and specific error codes to track for latency are: []
DBWrapper: report latency for each error is false and specific error codes to track for latency are: []
DBWrapper: report latency for each error is false and specific error codes to track for latency are: []
2020-09-29 11:59:15:297 40 sec: 101819 operations; 4830.35 current ops/sec; est completion in 1 hour 4 minutes [READ: Count=45796, Max=15056895, Min=0, Avg=44508.43, 90=75007, 99=590847, 99.9=2578431, 99.99=4575231] [UPDATE: Count=2348, Max=5959679, Min=13, Avg=75289.32, 90=88127, 99=1633279, 99.9=4792319, 99.99=5959679] [READ-FAILED: Count=38, Max=30303, Min=1741, Avg=7391.16, 90=14607, 99=30303, 99.9=30303, 99.99=30303] 
2020-09-29 11:59:25:297 50 sec: 156669 operations; 5485 current ops/sec; est completion in 52 minutes [READ: Count=52055, Max=5779455, Min=0, Avg=43556.06, 90=71231, 99=579071, 99.9=3801087, 99.99=5005311] [UPDATE: Count=2751, Max=5402623, Min=14, Avg=74813.4, 90=77823, 99=2061311, 99.9=4628479, 99.99=5402623] [READ-FAILED: Count=44, Max=128831, Min=2029, Avg=11604, 90=22095, 99=128831, 99.9=128831, 99.99=128831] 
2020-09-29 11:59:35:297 60 sec: 209008 operations; 5233.9 current ops/sec; est completion in 46 minutes [READ: Count=49668, Max=5799935, Min=0, Avg=45435.82, 90=74303, 99=585727, 99.9=4001791, 99.99=5308415] [UPDATE: Count=2621, Max=5353471, Min=13, Avg=74149.83, 90=85375, 99=1745919, 99.9=4329471, 99.99=5353471] [READ-FAILED: Count=49, Max=125311, Min=1684, Avg=10498.57, 90=22719, 99=125311, 99.9=125311, 99.99=125311] 
2020-09-29 11:59:45:297 70 sec: 267772 operations; 5876.4 current ops/sec; est completion in 42 minutes [READ: Count=55821, Max=5693439, Min=0, Avg=49992.21, 90=87295, 99=626687, 99.9=3770367, 99.99=5251071] [UPDATE: Count=2907, Max=5283839, Min=15, Avg=71341.56, 90=98943, 99=1303551, 99.9=4845567, 99.99=5283839] [READ-FAILED: Count=39, Max=168319, Min=2412, Avg=13400.1, 90=20335, 99=168319, 99.9=168319, 99.99=168319] 
2020-09-29 11:59:55:297 80 sec: 315307 operations; 4753.5 current ops/sec; est completion in 40 minutes [READ: Count=45192, Max=7991295, Min=0, Avg=49097.96, 90=63135, 99=616447, 99.9=4620287, 99.99=7679999] [UPDATE: Count=2299, Max=7811071, Min=8, Avg=71315.39, 90=70975, 99=1350655, 99.9=7454719, 99.99=7811071] [READ-FAILED: Count=38, Max=119231, Min=2102, Avg=8773.63, 90=10815, 99=119231, 99.9=119231, 99.99=119231] 
2020-09-29 12:00:05:297 90 sec: 368334 operations; 5302.7 current ops/sec; est completion in 39 minutes [READ: Count=50296, Max=7786495, Min=0, Avg=46421.21, 90=78655, 99=603647, 99.9=3102719, 99.99=5480447] [UPDATE: Count=2683, Max=5947391, Min=13, Avg=70709.14, 90=84159, 99=1632255, 99.9=4014079, 99.99=5947391] [READ-FAILED: Count=48, Max=37375, Min=2136, Avg=10747.4, 90=21199, 99=37375, 99.9=37375, 99.99=37375] 
2020-09-29 12:00:15:297 100 sec: 413658 operations; 4532.4 current ops/sec; est completion in 38 minutes [READ: Count=43009, Max=7925759, Min=0, Avg=59248.53, 90=82815, 99=694783, 99.9=4517887, 99.99=5877759] [UPDATE: Count=2281, Max=7135231, Min=14, Avg=105026.46, 90=104575, 99=2979839, 99.9=5414911, 99.99=7135231] [READ-FAILED: Count=41, Max=125887, Min=2308, Avg=10222.07, 90=17215, 99=125887, 99.9=125887, 99.99=125887] 
2020-09-29 12:00:25:298 110 sec: 467989 operations; 5432.56 current ops/sec; est completion in 37 minutes [READ: Count=51609, Max=5386239, Min=0, Avg=44921.85, 90=86399, 99=613375, 99.9=1994751, 99.99=4284415] [UPDATE: Count=2675, Max=4927487, Min=13, Avg=64005.67, 90=91455, 99=1282047, 99.9=3180543, 99.99=4927487] [READ-FAILED: Count=43, Max=40351, Min=2356, Avg=9181.33, 90=18047, 99=40351, 99.9=40351, 99.99=40351] 
2020-09-29 12:00:35:297 120 sec: 517002 operations; 4901.79 current ops/sec; est completion in 36 minutes [READ: Count=46495, Max=5742591, Min=0, Avg=44491.88, 90=82239, 99=587263, 99.9=2617343, 99.99=4427775] [UPDATE: Count=2483, Max=5304319, Min=15, Avg=77400.8, 90=92607, 99=1668095, 99.9=4464639, 99.99=5304319] [READ-FAILED: Count=40, Max=93375, Min=2174, Avg=9776.6, 90=13791, 99=93375, 99.9=93375, 99.99=93375] 
2020-09-29 12:00:45:297 130 sec: 570092 operations; 5309 current ops/sec; est completion in 35 minutes [READ: Count=50449, Max=8601599, Min=0, Avg=52523.55, 90=87743, 99=617983, 99.9=4251647, 99.99=7405567] [UPDATE: Count=2591, Max=7000063, Min=15, Avg=84513.65, 90=106879, 99=1729535, 99.9=4833279, 99.99=7000063] [READ-FAILED: Count=45, Max=191487, Min=1951, Avg=18015.42, 90=31855, 99=191487, 99.9=191487, 99.99=191487] 
2020-09-29 12:00:55:297 140 sec: 626010 operations; 5591.8 current ops/sec; est completion in 34 minutes [READ: Count=53089, Max=4964351, Min=0, Avg=41446.84, 90=70911, 99=575487, 99.9=2764799, 99.99=3995647] [UPDATE: Count=2778, Max=3844095, Min=14, Avg=57657.44, 90=74815, 99=842239, 99.9=3371007, 99.99=3844095] [READ-FAILED: Count=49, Max=33055, Min=2058, Avg=7885.18, 90=15775, 99=33055, 99.9=33055, 99.99=33055] 
2020-09-29 12:01:05:297 150 sec: 674139 operations; 4812.9 current ops/sec; est completion in 34 minutes [READ: Count=45712, Max=9322495, Min=0, Avg=55374.69, 90=77695, 99=672255, 99.9=5140479, 99.99=9134079] [UPDATE: Count=2386, Max=9232383, Min=14, Avg=115133.45, 90=88447, 99=3411967, 99.9=8454143, 99.99=9232383] [READ-FAILED: Count=40, Max=84223, Min=2302, Avg=8647.45, 90=10231, 99=84223, 99.9=84223, 99.99=84223] 
2020-09-29 12:01:15:297 160 sec: 725078 operations; 5093.9 current ops/sec; est completion in 34 minutes [READ: Count=48406, Max=8028159, Min=0, Avg=47246.85, 90=63007, 99=617471, 99.9=5181439, 99.99=7061503] [UPDATE: Count=2495, Max=6270975, Min=13, Avg=90988.75, 90=68799, 99=2678783, 99.9=6098943, 99.99=6270975] [READ-FAILED: Count=38, Max=173183, Min=2192, Avg=10766.21, 90=15383, 99=173183, 99.9=173183, 99.99=173183] 
2020-09-29 12:01:25:297 170 sec: 774277 operations; 4919.9 current ops/sec; est completion in 33 minutes [READ: Count=46639, Max=7143423, Min=0, Avg=50674.98, 90=72255, 99=610815, 99.9=4341759, 99.99=6123519] [UPDATE: Count=2514, Max=7823359, Min=15, Avg=83149.71, 90=81919, 99=1890303, 99.9=5197823, 99.99=7823359] [READ-FAILED: Count=37, Max=42367, Min=1765, Avg=8055.81, 90=12607, 99=42367, 99.9=42367, 99.99=42367] 
2020-09-29 12:01:35:297 180 sec: 828375 operations; 5409.8 current ops/sec; est completion in 33 minutes [READ: Count=51381, Max=6205439, Min=0, Avg=43693.7, 90=80895, 99=608767, 99.9=2756607, 99.99=4399103] [UPDATE: Count=2692, Max=4546559, Min=8, Avg=70717.46, 90=88703, 99=1786879, 99.9=3768319, 99.99=4546559] [READ-FAILED: Count=31, Max=161151, Min=2278, Avg=14578.97, 90=23199, 99=161151, 99.9=161151, 99.99=161151] 
2020-09-29 12:01:45:297 190 sec: 872772 operations; 4439.7 current ops/sec; est completion in 33 minutes [READ: Count=42083, Max=11706367, Min=0, Avg=55116.39, 90=65727, 99=603647, 99.9=6483967, 99.99=8413183] [UPDATE: Count=2278, Max=8544255, Min=13, Avg=96037.46, 90=66303, 99=2349055, 99.9=8056831, 99.99=8544255] [READ-FAILED: Count=30, Max=48095, Min=1402, Avg=6720.97, 90=9143, 99=48095, 99.9=48095, 99.99=48095] 
2020-09-29 12:01:55:297 200 sec: 926214 operations; 5344.2 current ops/sec; est completion in 32 minutes [READ: Count=50708, Max=6889471, Min=0, Avg=45262.64, 90=75455, 99=566271, 99.9=4284415, 99.99=6135807] [UPDATE: Count=2692, Max=6635519, Min=15, Avg=76386.89, 90=80831, 99=1701887, 99.9=4648959, 99.99=6635519] [READ-FAILED: Count=41, Max=74111, Min=1807, Avg=10906.61, 90=25087, 99=74111, 99.9=74111, 99.99=74111] 
2020-09-29 12:02:05:296 210 sec: 969750 operations; 4353.6 current ops/sec; est completion in 32 minutes [READ: Count=41292, Max=7016447, Min=0, Avg=59553.45, 90=71679, 99=835071, 99.9=4607999, 99.99=6791167] [UPDATE: Count=2210, Max=7131135, Min=15, Avg=119928.42, 90=85375, 99=3426303, 99.9=6660095, 99.99=7131135] [READ-FAILED: Count=35, Max=153599, Min=1918, Avg=11254.69, 90=15679, 99=153599, 99.9=153599, 99.99=153599] 
2020-09-29 12:02:15:297 220 sec: 1027013 operations; 5726.3 current ops/sec; est completion in 32 minutes [READ: Count=54401, Max=7393279, Min=0, Avg=44233.7, 90=80447, 99=592895, 99.9=3006463, 99.99=7245823] [UPDATE: Count=2822, Max=6205439, Min=4, Avg=69395.21, 90=93311, 99=1233919, 99.9=5099519, 99.99=6205439] [READ-FAILED: Count=38, Max=47423, Min=2300, Avg=10492.05, 90=23647, 99=47423, 99.9=47423, 99.99=47423] 
2020-09-29 12:02:25:297 230 sec: 1076121 operations; 4910.8 current ops/sec; est completion in 31 minutes [READ: Count=46556, Max=7544831, Min=0, Avg=50480.48, 90=74047, 99=654847, 99.9=4599807, 99.99=7213055] [UPDATE: Count=2514, Max=7356415, Min=5, Avg=88436.69, 90=85887, 99=2236415, 99.9=4829183, 99.99=7356415] [READ-FAILED: Count=39, Max=26719, Min=1751, Avg=8367.95, 90=17503, 99=26719, 99.9=26719, 99.99=26719] 
2020-09-29 12:02:35:297 240 sec: 1125607 operations; 4948.6 current ops/sec; est completion in 31 minutes [READ: Count=47025, Max=4624383, Min=0, Avg=46572.74, 90=85503, 99=629759, 99.9=2342911, 99.99=3936255] [UPDATE: Count=2427, Max=4304895, Min=4, Avg=70895.11, 90=97279, 99=1249279, 99.9=3645439, 99.99=4304895] [READ-FAILED: Count=33, Max=17439, Min=1931, Avg=7304.24, 90=14175, 99=17439, 99.9=17439, 99.99=17439] 
2020-09-29 12:02:45:297 250 sec: 1181308 operations; 5570.1 current ops/sec; est completion in 31 minutes [READ: Count=52779, Max=7614463, Min=0, Avg=43862.99, 90=75391, 99=599551, 99.9=2637823, 99.99=6049791] [UPDATE: Count=2885, Max=5943295, Min=5, Avg=65878.5, 90=82303, 99=1283071, 99.9=3860479, 99.99=5943295] [READ-FAILED: Count=41, Max=48639, Min=1563, Avg=10372.61, 90=23871, 99=48639, 99.9=48639, 99.99=48639] 
2020-09-29 12:02:55:297 260 sec: 1235598 operations; 5429 current ops/sec; est completion in 30 minutes [READ: Count=51528, Max=6877183, Min=0, Avg=50292.98, 90=81791, 99=602623, 99.9=3954687, 99.99=6254591] [UPDATE: Count=2730, Max=6193151, Min=5, Avg=77005.82, 90=94399, 99=1516543, 99.9=5316607, 99.99=6193151] [READ-FAILED: Count=42, Max=118719, Min=2108, Avg=9898.64, 90=14911, 99=118719, 99.9=118719, 99.99=118719] 
2020-09-29 12:03:05:297 270 sec: 1288426 operations; 5282.8 current ops/sec; est completion in 30 minutes [READ: Count=50144, Max=7372799, Min=0, Avg=46952.75, 90=76735, 99=609279, 99.9=3934207, 99.99=6520831] [UPDATE: Count=2639, Max=7258111, Min=4, Avg=78099.85, 90=86911, 99=1703935, 99.9=4661247, 99.99=7258111] [READ-FAILED: Count=34, Max=88319, Min=1854, Avg=11312.18, 90=34591, 99=88319, 99.9=88319, 99.99=88319] 
2020-09-29 12:03:15:297 280 sec: 1338578 operations; 5015.2 current ops/sec; est completion in 30 minutes [READ: Count=47643, Max=6721535, Min=0, Avg=47375.62, 90=75071, 99=601087, 99.9=4874239, 99.99=6238207] [UPDATE: Count=2467, Max=6676479, Min=4, Avg=69065.06, 90=84607, 99=1072127, 99.9=5967871, 99.99=6676479] [READ-FAILED: Count=43, Max=19167, Min=2324, Avg=6985.72, 90=16591, 99=19167, 99.9=19167, 99.99=19167] 
2020-09-29 12:03:25:296 290 sec: 1393053 operations; 5447.5 current ops/sec; est completion in 29 minutes [READ: Count=51654, Max=6123519, Min=0, Avg=48327.98, 90=81279, 99=634367, 99.9=3665919, 99.99=5042175] [UPDATE: Count=2795, Max=4915199, Min=4, Avg=81754.31, 90=91839, 99=1946623, 99.9=4460543, 99.99=4915199] [READ-FAILED: Count=32, Max=30143, Min=1463, Avg=7676.53, 90=15743, 99=30143, 99.9=30143, 99.99=30143] 
2020-09-29 12:03:35:297 300 sec: 1442590 operations; 4953.2 current ops/sec; est completion in 29 minutes [READ: Count=47083, Max=6148095, Min=0, Avg=46865.34, 90=72831, 99=582655, 99.9=3813375, 99.99=5443583] [UPDATE: Count=2416, Max=5128191, Min=4, Avg=75457.54, 90=79871, 99=2088959, 99.9=4907007, 99.99=5128191] [READ-FAILED: Count=38, Max=25599, Min=1677, Avg=5537.32, 90=9215, 99=25599, 99.9=25599, 99.99=25599] 
Maximum time elapsed. Requesting stop for the workload.
Stop requested for workload. Now Joining!
[36m12:03:36.128[m [[34;1mINFO[m] [1;34mp.u.t.s.y.Stats.clientFinished@38[m: 
Ended SconeKV benchmark.
Number of clients: 256
Total transactions: 287343
Committed: 262184 (91.24426%)
Aborted: 25159 (8.755738%)
2020-09-29 12:03:36:144 300 sec: 1444373 operations; 2105.08 current ops/sec; est completion in 29 minutes [READ: Count=1689, Max=5615615, Min=0, Avg=179876.81, 90=89151, 99=4081663, 99.9=5468159, 99.99=5615615] [CLEANUP: Count=256, Max=10839, Min=2, Avg=46.9, 90=6, 99=26, 99.9=10839, 99.99=10839] [UPDATE: Count=83, Max=3631103, Min=2250, Avg=198000.45, 90=778239, 99=2496511, 99.9=3631103, 99.99=3631103] [READ-FAILED: Count=0, Max=0, Min=9223372036854775807, Avg=NaN, 90=0, 99=0, 99.9=0, 99.99=0] 
[OVERALL], RunTime(ms), 300835
[OVERALL], Throughput(ops/sec), 4801.213289677065
[TOTAL_GCS_G1_Young_Generation], Count, 135
[TOTAL_GC_TIME_G1_Young_Generation], Time(ms), 4152
[TOTAL_GC_TIME_%_G1_Young_Generation], Time(%), 1.3801585586783454
[TOTAL_GCS_G1_Old_Generation], Count, 0
[TOTAL_GC_TIME_G1_Old_Generation], Time(ms), 0
[TOTAL_GC_TIME_%_G1_Old_Generation], Time(%), 0.0
[TOTAL_GCs], Count, 135
[TOTAL_GC_TIME], Time(ms), 4152
[TOTAL_GC_TIME_%], Time(%), 1.3801585586783454
[READ], Operations, 1371088
[READ], AverageLatency(us), 49352.81298647497
[READ], MinLatency(us), 0
[READ], MaxLatency(us), 15704063
[READ], 95thPercentileLatency(us), 138367
[READ], 99thPercentileLatency(us), 617983
[READ], Return=OK, 1371088
[READ], Return=NOT_FOUND, 1117
[CLEANUP], Operations, 256
[CLEANUP], AverageLatency(us), 46.8984375
[CLEANUP], MinLatency(us), 2
[CLEANUP], MaxLatency(us), 10839
[CLEANUP], 95thPercentileLatency(us), 7
[CLEANUP], 99thPercentileLatency(us), 26
[UPDATE], Operations, 72168
[UPDATE], AverageLatency(us), 79114.57511639508
[UPDATE], MinLatency(us), 4
[UPDATE], MaxLatency(us), 9232383
[UPDATE], 95thPercentileLatency(us), 231551
[UPDATE], 99thPercentileLatency(us), 1722367
[UPDATE], Return=OK, 72168
[READ-FAILED], Operations, 1117
[READ-FAILED], AverageLatency(us), 13454.50581915846
[READ-FAILED], MinLatency(us), 1402
[READ-FAILED], MaxLatency(us), 2412543
[READ-FAILED], 95thPercentileLatency(us), 33311
[READ-FAILED], 99thPercentileLatency(us), 125887
