Command line: -t -db pt.ulisboa.tecnico.sconekv.ycsb.SconeKVClient -P workloadf -threads 32 -s -p scone.tx_size=5 -p operationcount=10000000 -p maxexecutiontime=300
YCSB Client 0.17.0

Loading workload...
Starting test.
WARNING: sun.reflect.Reflection.getCallerClass is not supported. This will impact performance.
2020-09-29 15:23:35:022 0 sec: 0 operations; est completion in 0 second 
Maximum execution time specified as: 300 secs
DBWrapper: report latency for each error is false and specific error codes to track for latency are: []
DBWrapper: report latency for each error is false and specific error codes to track for latency are: []
DBWrapper: report latency for each error is false and specific error codes to track for latency are: []
DBWrapper: report latency for each error is false and specific error codes to track for latency are: []
DBWrapper: report latency for each error is false and specific error codes to track for latency are: []
DBWrapper: report latency for each error is false and specific error codes to track for latency are: []
DBWrapper: report latency for each error is false and specific error codes to track for latency are: []
DBWrapper: report latency for each error is false and specific error codes to track for latency are: []
DBWrapper: report latency for each error is false and specific error codes to track for latency are: []
DBWrapper: report latency for each error is false and specific error codes to track for latency are: []
DBWrapper: report latency for each error is false and specific error codes to track for latency are: []
DBWrapper: report latency for each error is false and specific error codes to track for latency are: []
DBWrapper: report latency for each error is false and specific error codes to track for latency are: []
DBWrapper: report latency for each error is false and specific error codes to track for latency are: []
DBWrapper: report latency for each error is false and specific error codes to track for latency are: []
DBWrapper: report latency for each error is false and specific error codes to track for latency are: []
DBWrapper: report latency for each error is false and specific error codes to track for latency are: []
DBWrapper: report latency for each error is false and specific error codes to track for latency are: []
DBWrapper: report latency for each error is false and specific error codes to track for latency are: []
DBWrapper: report latency for each error is false and specific error codes to track for latency are: []
DBWrapper: report latency for each error is false and specific error codes to track for latency are: []
DBWrapper: report latency for each error is false and specific error codes to track for latency are: []
DBWrapper: report latency for each error is false and specific error codes to track for latency are: []
DBWrapper: report latency for each error is false and specific error codes to track for latency are: []
DBWrapper: report latency for each error is false and specific error codes to track for latency are: []
DBWrapper: report latency for each error is false and specific error codes to track for latency are: []
DBWrapper: report latency for each error is false and specific error codes to track for latency are: []
DBWrapper: report latency for each error is false and specific error codes to track for latency are: []
DBWrapper: report latency for each error is false and specific error codes to track for latency are: []
DBWrapper: report latency for each error is false and specific error codes to track for latency are: []
DBWrapper: report latency for each error is false and specific error codes to track for latency are: []
DBWrapper: report latency for each error is false and specific error codes to track for latency are: []
2020-09-29 15:23:45:022 10 sec: 14955 operations; 1495.35 current ops/sec; est completion in 1 hour 51 minutes [READ: Count=14948, Max=585215, Min=1, Avg=15590.26, 90=29359, 99=139263, 99.9=537599, 99.99=582655] [READ-MODIFY-WRITE: Count=7495, Max=634879, Min=5, Avg=16895.02, 90=35103, 99=145407, 99.9=540671, 99.99=608255] [UPDATE: Count=7553, Max=501503, Min=1, Avg=1660.62, 90=4603, 99=21775, 99.9=68159, 99.99=109695] [READ-FAILED: Count=7, Max=21455, Min=2730, Avg=6491.71, 90=5719, 99=21455, 99.9=21455, 99.99=21455] 
2020-09-29 15:23:55:022 20 sec: 41931 operations; 2697.87 current ops/sec; est completion in 1 hour 19 minutes [READ: Count=26971, Max=932351, Min=0, Avg=11382.63, 90=21247, 99=90047, 99.9=531455, 99.99=795135] [READ-MODIFY-WRITE: Count=13479, Max=930303, Min=2, Avg=12424.43, 90=25087, 99=106367, 99.9=537599, 99.99=798207] [UPDATE: Count=13427, Max=504319, Min=0, Avg=995.92, 90=3137, 99=9639, 99.9=33791, 99.99=484607] [READ-FAILED: Count=10, Max=4327, Min=2142, Avg=3128.5, 90=3883, 99=4327, 99.9=4327, 99.99=4327] 
2020-09-29 15:24:05:022 30 sec: 67884 operations; 2595.3 current ops/sec; est completion in 1 hour 13 minutes [READ: Count=25939, Max=575487, Min=0, Avg=11714.22, 90=23967, 99=91519, 99.9=527871, 99.99=561151] [READ-MODIFY-WRITE: Count=13079, Max=579583, Min=2, Avg=12896.33, 90=27823, 99=99327, 99.9=531455, 99.99=569855] [UPDATE: Count=13076, Max=499711, Min=1, Avg=1015.23, 90=2963, 99=10551, 99.9=39359, 99.99=460031] [READ-FAILED: Count=9, Max=5807, Min=1678, Avg=3034.67, 90=4495, 99=5807, 99.9=5807, 99.99=5807] 
2020-09-29 15:24:15:022 40 sec: 92169 operations; 2428.5 current ops/sec; est completion in 1 hour 11 minutes [READ: Count=24272, Max=1041407, Min=0, Avg=12475.52, 90=21567, 99=142079, 99.9=548351, 99.99=619007] [READ-MODIFY-WRITE: Count=12156, Max=1013759, Min=4, Avg=12835.77, 90=25247, 99=129279, 99.9=547839, 99.99=610815] [UPDATE: Count=12153, Max=415999, Min=1, Avg=886.68, 90=3039, 99=8163, 99.9=30527, 99.99=110655] [READ-FAILED: Count=13, Max=25295, Min=1788, Avg=6607.77, 90=19487, 99=25295, 99.9=25295, 99.99=25295] 
2020-09-29 15:24:25:022 50 sec: 118535 operations; 2636.6 current ops/sec; est completion in 1 hour 9 minutes [READ: Count=26358, Max=804351, Min=0, Avg=11982.66, 90=20751, 99=142975, 99.9=553983, 99.99=592895] [READ-MODIFY-WRITE: Count=13176, Max=807935, Min=2, Avg=12599.52, 90=24079, 99=137599, 99.9=557567, 99.99=598015] [UPDATE: Count=13183, Max=105151, Min=0, Avg=813.91, 90=2947, 99=7535, 99.9=28223, 99.99=93567] [READ-FAILED: Count=8, Max=4267, Min=1829, Avg=2751.12, 90=3355, 99=4267, 99.9=4267, 99.99=4267] 
2020-09-29 15:24:35:022 60 sec: 143463 operations; 2492.8 current ops/sec; est completion in 1 hour 8 minutes [READ: Count=24921, Max=589823, Min=0, Avg=12401.28, 90=23743, 99=130175, 99.9=535039, 99.99=570879] [READ-MODIFY-WRITE: Count=12503, Max=588799, Min=3, Avg=13308.27, 90=28127, 99=124543, 99.9=543231, 99.99=574975] [UPDATE: Count=12509, Max=128255, Min=0, Avg=972.97, 90=3055, 99=12255, 99.9=39679, 99.99=93695] [READ-FAILED: Count=14, Max=5899, Min=2148, Avg=3037.93, 90=3721, 99=5899, 99.9=5899, 99.99=5899] 
2020-09-29 15:24:45:022 70 sec: 168489 operations; 2502.6 current ops/sec; est completion in 1 hour 8 minutes [READ: Count=25013, Max=705535, Min=0, Avg=11967.73, 90=21279, 99=152959, 99.9=537599, 99.99=608767] [READ-MODIFY-WRITE: Count=12551, Max=709119, Min=2, Avg=12826.94, 90=24911, 99=141951, 99.9=541183, 99.99=626175] [UPDATE: Count=12540, Max=82623, Min=0, Avg=810.02, 90=2949, 99=8059, 99.9=22431, 99.99=65183] [READ-FAILED: Count=6, Max=3555, Min=2090, Avg=2839.67, 90=3483, 99=3555, 99.9=3555, 99.99=3555] 
2020-09-29 15:24:55:022 80 sec: 195065 operations; 2657.6 current ops/sec; est completion in 1 hour 7 minutes [READ: Count=26568, Max=784383, Min=0, Avg=11995.35, 90=20959, 99=159871, 99.9=539647, 99.99=623103] [READ-MODIFY-WRITE: Count=13347, Max=790527, Min=2, Avg=12998.82, 90=24447, 99=195327, 99.9=543743, 99.99=762879] [UPDATE: Count=13354, Max=457215, Min=0, Avg=879.98, 90=2895, 99=6807, 99.9=25119, 99.99=363263] [READ-FAILED: Count=11, Max=16039, Min=2106, Avg=4104.82, 90=4263, 99=16039, 99.9=16039, 99.99=16039] 
2020-09-29 15:25:05:022 90 sec: 221644 operations; 2657.9 current ops/sec; est completion in 1 hour 6 minutes [READ: Count=26571, Max=578047, Min=0, Avg=11470.66, 90=21343, 99=111807, 99.9=545791, 99.99=571903] [READ-MODIFY-WRITE: Count=13277, Max=580607, Min=2, Avg=12126.87, 90=25391, 99=114559, 99.9=543231, 99.99=576511] [UPDATE: Count=13269, Max=121599, Min=0, Avg=845.54, 90=2999, 99=8695, 99.9=25055, 99.99=101055] [READ-FAILED: Count=6, Max=5307, Min=2270, Avg=3535.33, 90=4635, 99=5307, 99.9=5307, 99.99=5307] 
2020-09-29 15:25:15:022 100 sec: 244339 operations; 2269.27 current ops/sec; est completion in 1 hour 6 minutes [READ: Count=22684, Max=691199, Min=1, Avg=13760.95, 90=21871, 99=317951, 99.9=562175, 99.99=673791] [READ-MODIFY-WRITE: Count=11484, Max=649215, Min=4, Avg=14009.12, 90=25551, 99=255743, 99.9=565247, 99.99=636927] [UPDATE: Count=11487, Max=91903, Min=0, Avg=873.08, 90=2949, 99=9047, 99.9=49887, 99.99=85055] [READ-FAILED: Count=13, Max=5443, Min=2204, Avg=2964.15, 90=3723, 99=5443, 99.9=5443, 99.99=5443] 
2020-09-29 15:25:25:022 110 sec: 269622 operations; 2528.55 current ops/sec; est completion in 1 hour 6 minutes [READ: Count=25277, Max=610303, Min=0, Avg=12132.87, 90=22607, 99=131839, 99.9=535551, 99.99=578047] [READ-MODIFY-WRITE: Count=12682, Max=612863, Min=2, Avg=12872.82, 90=26111, 99=131327, 99.9=545791, 99.99=586239] [UPDATE: Count=12684, Max=500735, Min=0, Avg=868.57, 90=2927, 99=9015, 99.9=28655, 99.99=108735] [READ-FAILED: Count=8, Max=4927, Min=1900, Avg=3174.62, 90=4371, 99=4927, 99.9=4927, 99.99=4927] 
2020-09-29 15:25:35:022 120 sec: 299620 operations; 2999.5 current ops/sec; est completion in 1 hour 4 minutes [READ: Count=29977, Max=607743, Min=0, Avg=10191.23, 90=19983, 99=78719, 99.9=527359, 99.99=563711] [READ-MODIFY-WRITE: Count=15114, Max=610303, Min=2, Avg=10820.26, 90=23807, 99=79743, 99.9=529919, 99.99=571391] [UPDATE: Count=15110, Max=93759, Min=1, Avg=852.13, 90=3043, 99=8575, 99.9=26175, 99.99=92415] [READ-FAILED: Count=20, Max=11695, Min=2035, Avg=3460.3, 90=3727, 99=11695, 99.9=11695, 99.99=11695] 
2020-09-29 15:25:45:022 130 sec: 322078 operations; 2246.02 current ops/sec; est completion in 1 hour 5 minutes [READ: Count=22448, Max=759807, Min=0, Avg=13875.63, 90=24399, 99=260351, 99.9=551423, 99.99=589823] [READ-MODIFY-WRITE: Count=11295, Max=594431, Min=1, Avg=14765.06, 90=28351, 99=266495, 99.9=553471, 99.99=572415] [UPDATE: Count=11295, Max=105599, Min=0, Avg=902.52, 90=3001, 99=10119, 99.9=24719, 99.99=98495] [READ-FAILED: Count=10, Max=16687, Min=1742, Avg=4804.6, 90=7319, 99=16687, 99.9=16687, 99.99=16687] 
2020-09-29 15:25:55:022 140 sec: 351918 operations; 2984 current ops/sec; est completion in 1 hour 3 minutes [READ: Count=29835, Max=615935, Min=0, Avg=10349.95, 90=19919, 99=78079, 99.9=536063, 99.99=586751] [READ-MODIFY-WRITE: Count=14791, Max=619007, Min=2, Avg=10991.52, 90=23327, 99=81023, 99.9=542207, 99.99=607231] [UPDATE: Count=14790, Max=522751, Min=0, Avg=819.81, 90=2955, 99=6839, 99.9=16895, 99.99=100095] [READ-FAILED: Count=6, Max=3165, Min=2258, Avg=2721.33, 90=2989, 99=3165, 99.9=3165, 99.99=3165] 
2020-09-29 15:26:05:022 150 sec: 378131 operations; 2621.3 current ops/sec; est completion in 1 hour 3 minutes [READ: Count=26201, Max=617983, Min=0, Avg=11764.88, 90=20351, 99=164607, 99.9=536063, 99.99=563711] [READ-MODIFY-WRITE: Count=13052, Max=622079, Min=2, Avg=12786.86, 90=23631, 99=197759, 99.9=543743, 99.99=572927] [UPDATE: Count=13053, Max=501759, Min=0, Avg=963.81, 90=2933, 99=6555, 99.9=21887, 99.99=497919] [READ-FAILED: Count=8, Max=4575, Min=1987, Avg=2920.38, 90=3527, 99=4575, 99.9=4575, 99.99=4575] 
2020-09-29 15:26:15:022 160 sec: 399205 operations; 2107.4 current ops/sec; est completion in 1 hour 4 minutes [READ: Count=21070, Max=622591, Min=0, Avg=14605.74, 90=24895, 99=289535, 99.9=560639, 99.99=614911] [READ-MODIFY-WRITE: Count=10511, Max=625151, Min=2, Avg=14942.74, 90=29391, 99=209919, 99.9=575999, 99.99=619007] [UPDATE: Count=10510, Max=119167, Min=0, Avg=1014.82, 90=2949, 99=13503, 99.9=46079, 99.99=112959] [READ-FAILED: Count=4, Max=2293, Min=1664, Avg=1951.75, 90=2293, 99=2293, 99.9=2293, 99.99=2293] 
2020-09-29 15:26:25:022 170 sec: 428643 operations; 2943.8 current ops/sec; est completion in 1 hour 3 minutes [READ: Count=29434, Max=756735, Min=0, Avg=10438.29, 90=19903, 99=96383, 99.9=532991, 99.99=555007] [READ-MODIFY-WRITE: Count=14734, Max=573439, Min=3, Avg=11211.28, 90=23247, 99=112127, 99.9=536063, 99.99=565247] [UPDATE: Count=14741, Max=520447, Min=0, Avg=802.54, 90=2855, 99=6527, 99.9=24255, 99.99=118207] [READ-FAILED: Count=9, Max=3527, Min=2066, Avg=2540.33, 90=3073, 99=3527, 99.9=3527, 99.99=3527] 
2020-09-29 15:26:35:022 180 sec: 453327 operations; 2468.15 current ops/sec; est completion in 1 hour 3 minutes [READ: Count=24673, Max=954367, Min=0, Avg=12565.13, 90=20447, 99=216703, 99.9=547839, 99.99=584703] [READ-MODIFY-WRITE: Count=12325, Max=956927, Min=4, Avg=13558.51, 90=23967, 99=264703, 99.9=551423, 99.99=642047] [UPDATE: Count=12317, Max=108031, Min=0, Avg=771.26, 90=2901, 99=7271, 99.9=20463, 99.99=81791] [READ-FAILED: Count=5, Max=4093, Min=2262, Avg=2921, 90=4093, 99=4093, 99.9=4093, 99.99=4093] 
2020-09-29 15:26:45:022 190 sec: 478977 operations; 2565.26 current ops/sec; est completion in 1 hour 2 minutes [READ: Count=25644, Max=718335, Min=0, Avg=11823.64, 90=21967, 99=110783, 99.9=531455, 99.99=574975] [READ-MODIFY-WRITE: Count=12885, Max=721919, Min=2, Avg=12782.03, 90=25407, 99=122879, 99.9=550911, 99.99=620543] [UPDATE: Count=12886, Max=121023, Min=0, Avg=942.31, 90=2995, 99=12031, 99.9=38143, 99.99=106815] [READ-FAILED: Count=6, Max=5963, Min=2106, Avg=3227.17, 90=3385, 99=5963, 99.9=5963, 99.99=5963] 
2020-09-29 15:26:55:022 200 sec: 502942 operations; 2396.5 current ops/sec; est completion in 1 hour 2 minutes [READ: Count=23964, Max=705023, Min=0, Avg=13102.75, 90=23279, 99=218367, 99.9=552447, 99.99=611327] [READ-MODIFY-WRITE: Count=12025, Max=621567, Min=2, Avg=13626.33, 90=26559, 99=183423, 99.9=560127, 99.99=610815] [UPDATE: Count=12028, Max=122751, Min=0, Avg=820.55, 90=2957, 99=8351, 99.9=20639, 99.99=95167] [READ-FAILED: Count=7, Max=9559, Min=2014, Avg=3997.14, 90=6599, 99=9559, 99.9=9559, 99.99=9559] 
2020-09-29 15:27:05:022 210 sec: 526430 operations; 2348.8 current ops/sec; est completion in 1 hour 3 minutes [READ: Count=23476, Max=632319, Min=0, Avg=13088.11, 90=21631, 99=226943, 99.9=550399, 99.99=606207] [READ-MODIFY-WRITE: Count=11854, Max=925695, Min=2, Avg=14219.67, 90=25007, 99=292607, 99.9=565759, 99.99=635903] [UPDATE: Count=11856, Max=511999, Min=0, Avg=970.8, 90=2815, 99=8743, 99.9=60063, 99.99=473343] [READ-FAILED: Count=7, Max=4519, Min=2306, Avg=2988.29, 90=3775, 99=4519, 99.9=4519, 99.99=4519] 
2020-09-29 15:27:15:022 220 sec: 552802 operations; 2637.2 current ops/sec; est completion in 1 hour 2 minutes [READ: Count=26361, Max=711679, Min=0, Avg=11815.48, 90=19583, 99=175615, 99.9=554495, 99.99=613375] [READ-MODIFY-WRITE: Count=13236, Max=713727, Min=3, Avg=12324.3, 90=22815, 99=161663, 99.9=557567, 99.99=616447] [UPDATE: Count=13233, Max=80191, Min=0, Avg=740.78, 90=2893, 99=6251, 99.9=15623, 99.99=77375] [READ-FAILED: Count=11, Max=8535, Min=2266, Avg=3716.45, 90=4639, 99=8535, 99.9=8535, 99.99=8535] 
2020-09-29 15:27:25:022 230 sec: 576661 operations; 2385.9 current ops/sec; est completion in 1 hour 2 minutes [READ: Count=23850, Max=582655, Min=0, Avg=12877.62, 90=25759, 99=120959, 99.9=546815, 99.99=562687] [READ-MODIFY-WRITE: Count=11927, Max=589823, Min=2, Avg=14120.5, 90=30255, 99=134271, 99.9=543231, 99.99=586751] [UPDATE: Count=11925, Max=149503, Min=0, Avg=1053.4, 90=3107, 99=14175, 99.9=39871, 99.99=139263] [READ-FAILED: Count=8, Max=6147, Min=2094, Avg=3223.75, 90=4627, 99=6147, 99.9=6147, 99.99=6147] 
2020-09-29 15:27:35:022 240 sec: 601500 operations; 2483.9 current ops/sec; est completion in 1 hour 2 minutes [READ: Count=24828, Max=620543, Min=0, Avg=12307.58, 90=21167, 99=207871, 99.9=532479, 99.99=601599] [READ-MODIFY-WRITE: Count=12367, Max=584191, Min=3, Avg=13414.5, 90=24607, 99=237055, 99.9=539135, 99.99=566271] [UPDATE: Count=12368, Max=508415, Min=0, Avg=1010.97, 90=2891, 99=7615, 99.9=24543, 99.99=498175] [READ-FAILED: Count=11, Max=7047, Min=1807, Avg=3692.18, 90=5687, 99=7047, 99.9=7047, 99.99=7047] 
2020-09-29 15:27:45:022 250 sec: 625501 operations; 2400.1 current ops/sec; est completion in 1 hour 2 minutes [READ: Count=23996, Max=717823, Min=0, Avg=13051.5, 90=21295, 99=232575, 99.9=550911, 99.99=713215] [READ-MODIFY-WRITE: Count=11948, Max=812543, Min=2, Avg=13659.51, 90=24671, 99=234879, 99.9=554495, 99.99=783871] [UPDATE: Count=11950, Max=101503, Min=0, Avg=850.19, 90=2843, 99=9679, 99.9=39391, 99.99=98879] [READ-FAILED: Count=7, Max=3661, Min=2031, Avg=2721.57, 90=3009, 99=3661, 99.9=3661, 99.99=3661] 
2020-09-29 15:27:55:022 260 sec: 653961 operations; 2846 current ops/sec; est completion in 1 hour 1 minute [READ: Count=28452, Max=582655, Min=0, Avg=10840.1, 90=21327, 99=89343, 99.9=545279, 99.99=560639] [READ-MODIFY-WRITE: Count=14262, Max=586751, Min=3, Avg=11707.16, 90=24863, 99=94463, 99.9=551935, 99.99=569855] [UPDATE: Count=14265, Max=151935, Min=0, Avg=819.24, 90=2955, 99=7867, 99.9=25519, 99.99=105983] [READ-FAILED: Count=11, Max=4619, Min=2068, Avg=3014.45, 90=4175, 99=4619, 99.9=4619, 99.99=4619] 
2020-09-29 15:28:05:022 270 sec: 675652 operations; 2169.1 current ops/sec; est completion in 1 hour 2 minutes [READ: Count=21684, Max=759807, Min=0, Avg=14289, 90=24911, 99=269567, 99.9=543743, 99.99=587775] [READ-MODIFY-WRITE: Count=10804, Max=761343, Min=2, Avg=15364.77, 90=28767, 99=292351, 99.9=550399, 99.99=578559] [UPDATE: Count=10802, Max=130239, Min=0, Avg=947.27, 90=2987, 99=12327, 99.9=33759, 99.99=112319] [READ-FAILED: Count=7, Max=4271, Min=2424, Avg=3246, 90=4013, 99=4271, 99.9=4271, 99.99=4271] 
2020-09-29 15:28:15:021 280 sec: 703526 operations; 2787.4 current ops/sec; est completion in 1 hour 1 minute [READ: Count=27859, Max=611839, Min=0, Avg=11049.41, 90=21263, 99=105407, 99.9=545791, 99.99=607743] [READ-MODIFY-WRITE: Count=13976, Max=614399, Min=2, Avg=11878.32, 90=24767, 99=112575, 99.9=559615, 99.99=612351] [UPDATE: Count=13975, Max=137727, Min=0, Avg=802.59, 90=2951, 99=7467, 99.9=22591, 99.99=129791] [READ-FAILED: Count=12, Max=5471, Min=2070, Avg=3366.33, 90=4631, 99=5471, 99.9=5471, 99.99=5471] 
2020-09-29 15:28:25:022 290 sec: 733038 operations; 2951.2 current ops/sec; est completion in 1 hour 1 minute [READ: Count=29503, Max=582655, Min=0, Avg=10446.22, 90=20271, 99=91711, 99.9=528895, 99.99=556031] [READ-MODIFY-WRITE: Count=14681, Max=585727, Min=2, Avg=10903.97, 90=23711, 99=92415, 99.9=525311, 99.99=581631] [UPDATE: Count=14687, Max=137471, Min=0, Avg=777.63, 90=2939, 99=6527, 99.9=22623, 99.99=117951] [READ-FAILED: Count=10, Max=4231, Min=2180, Avg=3293.6, 90=4119, 99=4231, 99.9=4231, 99.99=4231] 
2020-09-29 15:28:35:022 300 sec: 755013 operations; 2197.5 current ops/sec; est completion in 1 hour 1 minute [READ: Count=21957, Max=881663, Min=0, Avg=13847.92, 90=28463, 99=128447, 99.9=541183, 99.99=589311] [READ-MODIFY-WRITE: Count=10852, Max=895487, Min=2, Avg=14793.7, 90=31871, 99=130367, 99.9=544255, 99.99=685055] [UPDATE: Count=10848, Max=483839, Min=0, Avg=1253.85, 90=2959, 99=20575, 99.9=46751, 99.99=322303] [READ-FAILED: Count=16, Max=4311, Min=2086, Avg=2743.69, 90=3139, 99=4311, 99.9=4311, 99.99=4311] 
Maximum time elapsed. Requesting stop for the workload.
Stop requested for workload. Now Joining!
[36m15:28:35.565[m [[34;1mINFO[m] [1;34mp.u.t.s.y.Stats.clientFinished@38[m: 
Ended SconeKV benchmark.
Number of clients: 32
Total transactions: 166843
Committed: 131409 (78.76207%)
Aborted: 35434 (21.23793%)
2020-09-29 15:28:35:567 300 sec: 755156 operations; 261.9 current ops/sec; est completion in 1 hour 1 minute [READ: Count=142, Max=593407, Min=1607, Avg=100331.37, 90=518399, 99=590335, 99.9=593407, 99.99=593407] [READ-MODIFY-WRITE: Count=77, Max=562175, Min=1613, Avg=89643.42, 90=518143, 99=556543, 99.9=562175, 99.99=562175] [CLEANUP: Count=32, Max=1425, Min=2, Avg=48.16, 90=4, 99=1425, 99.9=1425, 99.99=1425] [UPDATE: Count=71, Max=12407, Min=1, Avg=1193.96, 90=2997, 99=4915, 99.9=12407, 99.99=12407] [READ-FAILED: Count=0, Max=0, Min=9223372036854775807, Avg=NaN, 90=0, 99=0, 99.9=0, 99.99=0] 
[OVERALL], RunTime(ms), 300546
[OVERALL], Throughput(ops/sec), 2512.6137097149854
[TOTAL_GCS_G1_Young_Generation], Count, 115
[TOTAL_GC_TIME_G1_Young_Generation], Time(ms), 1050
[TOTAL_GC_TIME_%_G1_Young_Generation], Time(%), 0.3493641572338344
[TOTAL_GCS_G1_Old_Generation], Count, 0
[TOTAL_GC_TIME_G1_Old_Generation], Time(ms), 0
[TOTAL_GC_TIME_%_G1_Old_Generation], Time(%), 0.0
[TOTAL_GCs], Count, 115
[TOTAL_GC_TIME], Time(ms), 1050
[TOTAL_GC_TIME_%], Time(%), 0.3493641572338344
[READ], Operations, 754876
[READ], AverageLatency(us), 12169.802141013888
[READ], MinLatency(us), 0
[READ], MaxLatency(us), 1041407
[READ], 95thPercentileLatency(us), 31471
[READ], 99thPercentileLatency(us), 135039
[READ], Return=OK, 754876
[READ], Return=NOT_FOUND, 280
[READ-MODIFY-WRITE], Operations, 377945
[READ-MODIFY-WRITE], AverageLatency(us), 12976.038158991387
[READ-MODIFY-WRITE], MinLatency(us), 1
[READ-MODIFY-WRITE], MaxLatency(us), 1013759
[READ-MODIFY-WRITE], 95thPercentileLatency(us), 35807
[READ-MODIFY-WRITE], 99thPercentileLatency(us), 137215
[CLEANUP], Operations, 32
[CLEANUP], AverageLatency(us), 48.15625
[CLEANUP], MinLatency(us), 2
[CLEANUP], MaxLatency(us), 1425
[CLEANUP], 95thPercentileLatency(us), 7
[CLEANUP], 99thPercentileLatency(us), 1425
[UPDATE], Operations, 377945
[UPDATE], AverageLatency(us), 909.1384619455212
[UPDATE], MinLatency(us), 0
[UPDATE], MaxLatency(us), 522751
[UPDATE], 95thPercentileLatency(us), 3889
[UPDATE], 99thPercentileLatency(us), 9463
[UPDATE], Return=OK, 377945
[READ-FAILED], Operations, 280
[READ-FAILED], AverageLatency(us), 3470.5035714285714
[READ-FAILED], MinLatency(us), 1664
[READ-FAILED], MaxLatency(us), 25295
[READ-FAILED], 95thPercentileLatency(us), 5963
[READ-FAILED], 99thPercentileLatency(us), 16687
