Command line: -t -db pt.ulisboa.tecnico.sconekv.ycsb.SconeKVClient -P workloadb -threads 128 -s -p scone.tx_size=5 -p operationcount=10000000 -p maxexecutiontime=300
YCSB Client 0.17.0

Loading workload...
Starting test.
WARNING: sun.reflect.Reflection.getCallerClass is not supported. This will impact performance.
Maximum execution time specified as: 300 secs
2020-09-29 11:48:29:042 0 sec: 0 operations; est completion in 0 second 
DBWrapper: report latency for each error is false and specific error codes to track for latency are: []
DBWrapper: report latency for each error is false and specific error codes to track for latency are: []
DBWrapper: report latency for each error is false and specific error codes to track for latency are: []
DBWrapper: report latency for each error is false and specific error codes to track for latency are: []
DBWrapper: report latency for each error is false and specific error codes to track for latency are: []
DBWrapper: report latency for each error is false and specific error codes to track for latency are: []
DBWrapper: report latency for each error is false and specific error codes to track for latency are: []
DBWrapper: report latency for each error is false and specific error codes to track for latency are: []
DBWrapper: report latency for each error is false and specific error codes to track for latency are: []
DBWrapper: report latency for each error is false and specific error codes to track for latency are: []
DBWrapper: report latency for each error is false and specific error codes to track for latency are: []
DBWrapper: report latency for each error is false and specific error codes to track for latency are: []
DBWrapper: report latency for each error is false and specific error codes to track for latency are: []
DBWrapper: report latency for each error is false and specific error codes to track for latency are: []
DBWrapper: report latency for each error is false and specific error codes to track for latency are: []
DBWrapper: report latency for each error is false and specific error codes to track for latency are: []
DBWrapper: report latency for each error is false and specific error codes to track for latency are: []
DBWrapper: report latency for each error is false and specific error codes to track for latency are: []
DBWrapper: report latency for each error is false and specific error codes to track for latency are: []
DBWrapper: report latency for each error is false and specific error codes to track for latency are: []
DBWrapper: report latency for each error is false and specific error codes to track for latency are: []
DBWrapper: report latency for each error is false and specific error codes to track for latency are: []
DBWrapper: report latency for each error is false and specific error codes to track for latency are: []
DBWrapper: report latency for each error is false and specific error codes to track for latency are: []
DBWrapper: report latency for each error is false and specific error codes to track for latency are: []
DBWrapper: report latency for each error is false and specific error codes to track for latency are: []
DBWrapper: report latency for each error is false and specific error codes to track for latency are: []
DBWrapper: report latency for each error is false and specific error codes to track for latency are: []
DBWrapper: report latency for each error is false and specific error codes to track for latency are: []
DBWrapper: report latency for each error is false and specific error codes to track for latency are: []
DBWrapper: report latency for each error is false and specific error codes to track for latency are: []
DBWrapper: report latency for each error is false and specific error codes to track for latency are: []
DBWrapper: report latency for each error is false and specific error codes to track for latency are: []
DBWrapper: report latency for each error is false and specific error codes to track for latency are: []
DBWrapper: report latency for each error is false and specific error codes to track for latency are: []
DBWrapper: report latency for each error is false and specific error codes to track for latency are: []
DBWrapper: report latency for each error is false and specific error codes to track for latency are: []
DBWrapper: report latency for each error is false and specific error codes to track for latency are: []
DBWrapper: report latency for each error is false and specific error codes to track for latency are: []
DBWrapper: report latency for each error is false and specific error codes to track for latency are: []
DBWrapper: report latency for each error is false and specific error codes to track for latency are: []
DBWrapper: report latency for each error is false and specific error codes to track for latency are: []
DBWrapper: report latency for each error is false and specific error codes to track for latency are: []
DBWrapper: report latency for each error is false and specific error codes to track for latency are: []
DBWrapper: report latency for each error is false and specific error codes to track for latency are: []
DBWrapper: report latency for each error is false and specific error codes to track for latency are: []
DBWrapper: report latency for each error is false and specific error codes to track for latency are: []
DBWrapper: report latency for each error is false and specific error codes to track for latency are: []
DBWrapper: report latency for each error is false and specific error codes to track for latency are: []
DBWrapper: report latency for each error is false and specific error codes to track for latency are: []
DBWrapper: report latency for each error is false and specific error codes to track for latency are: []
DBWrapper: report latency for each error is false and specific error codes to track for latency are: []
DBWrapper: report latency for each error is false and specific error codes to track for latency are: []
DBWrapper: report latency for each error is false and specific error codes to track for latency are: []
DBWrapper: report latency for each error is false and specific error codes to track for latency are: []
DBWrapper: report latency for each error is false and specific error codes to track for latency are: []
DBWrapper: report latency for each error is false and specific error codes to track for latency are: []
DBWrapper: report latency for each error is false and specific error codes to track for latency are: []
DBWrapper: report latency for each error is false and specific error codes to track for latency are: []
DBWrapper: report latency for each error is false and specific error codes to track for latency are: []
DBWrapper: report latency for each error is false and specific error codes to track for latency are: []
DBWrapper: report latency for each error is false and specific error codes to track for latency are: []
DBWrapper: report latency for each error is false and specific error codes to track for latency are: []
DBWrapper: report latency for each error is false and specific error codes to track for latency are: []
DBWrapper: report latency for each error is false and specific error codes to track for latency are: []
DBWrapper: report latency for each error is false and specific error codes to track for latency are: []
DBWrapper: report latency for each error is false and specific error codes to track for latency are: []
DBWrapper: report latency for each error is false and specific error codes to track for latency are: []
DBWrapper: report latency for each error is false and specific error codes to track for latency are: []
DBWrapper: report latency for each error is false and specific error codes to track for latency are: []
DBWrapper: report latency for each error is false and specific error codes to track for latency are: []
DBWrapper: report latency for each error is false and specific error codes to track for latency are: []
DBWrapper: report latency for each error is false and specific error codes to track for latency are: []
DBWrapper: report latency for each error is false and specific error codes to track for latency are: []
DBWrapper: report latency for each error is false and specific error codes to track for latency are: []
DBWrapper: report latency for each error is false and specific error codes to track for latency are: []
DBWrapper: report latency for each error is false and specific error codes to track for latency are: []
DBWrapper: report latency for each error is false and specific error codes to track for latency are: []
DBWrapper: report latency for each error is false and specific error codes to track for latency are: []
DBWrapper: report latency for each error is false and specific error codes to track for latency are: []
DBWrapper: report latency for each error is false and specific error codes to track for latency are: []
DBWrapper: report latency for each error is false and specific error codes to track for latency are: []
DBWrapper: report latency for each error is false and specific error codes to track for latency are: []
DBWrapper: report latency for each error is false and specific error codes to track for latency are: []
DBWrapper: report latency for each error is false and specific error codes to track for latency are: []
DBWrapper: report latency for each error is false and specific error codes to track for latency are: []
DBWrapper: report latency for each error is false and specific error codes to track for latency are: []
DBWrapper: report latency for each error is false and specific error codes to track for latency are: []
DBWrapper: report latency for each error is false and specific error codes to track for latency are: []
DBWrapper: report latency for each error is false and specific error codes to track for latency are: []
DBWrapper: report latency for each error is false and specific error codes to track for latency are: []
DBWrapper: report latency for each error is false and specific error codes to track for latency are: []
DBWrapper: report latency for each error is false and specific error codes to track for latency are: []
DBWrapper: report latency for each error is false and specific error codes to track for latency are: []
DBWrapper: report latency for each error is false and specific error codes to track for latency are: []
DBWrapper: report latency for each error is false and specific error codes to track for latency are: []
DBWrapper: report latency for each error is false and specific error codes to track for latency are: []
DBWrapper: report latency for each error is false and specific error codes to track for latency are: []
DBWrapper: report latency for each error is false and specific error codes to track for latency are: []
DBWrapper: report latency for each error is false and specific error codes to track for latency are: []
DBWrapper: report latency for each error is false and specific error codes to track for latency are: []
DBWrapper: report latency for each error is false and specific error codes to track for latency are: []
DBWrapper: report latency for each error is false and specific error codes to track for latency are: []
DBWrapper: report latency for each error is false and specific error codes to track for latency are: []
DBWrapper: report latency for each error is false and specific error codes to track for latency are: []
DBWrapper: report latency for each error is false and specific error codes to track for latency are: []
DBWrapper: report latency for each error is false and specific error codes to track for latency are: []
DBWrapper: report latency for each error is false and specific error codes to track for latency are: []
DBWrapper: report latency for each error is false and specific error codes to track for latency are: []
DBWrapper: report latency for each error is false and specific error codes to track for latency are: []
DBWrapper: report latency for each error is false and specific error codes to track for latency are: []
DBWrapper: report latency for each error is false and specific error codes to track for latency are: []
DBWrapper: report latency for each error is false and specific error codes to track for latency are: []
DBWrapper: report latency for each error is false and specific error codes to track for latency are: []
DBWrapper: report latency for each error is false and specific error codes to track for latency are: []
DBWrapper: report latency for each error is false and specific error codes to track for latency are: []
2020-09-29 11:48:39:321 10 sec: 8860 operations; 862.29 current ops/sec; est completion in 3 hours 13 minutes [READ: Count=8413, Max=1309695, Min=3, Avg=56389.27, 90=141823, 99=518655, 99.9=792575, 99.99=1107967] [UPDATE: Count=450, Max=513023, Min=27, Avg=59670.25, 90=170495, 99=423423, 99.9=513023, 99.99=513023] [READ-FAILED: Count=7, Max=81087, Min=2882, Avg=19183.43, 90=32927, 99=81087, 99.9=81087, 99.99=81087] 
DBWrapper: report latency for each error is false and specific error codes to track for latency are: []
DBWrapper: report latency for each error is false and specific error codes to track for latency are: []
DBWrapper: report latency for each error is false and specific error codes to track for latency are: []
DBWrapper: report latency for each error is false and specific error codes to track for latency are: []
DBWrapper: report latency for each error is false and specific error codes to track for latency are: []
DBWrapper: report latency for each error is false and specific error codes to track for latency are: []
DBWrapper: report latency for each error is false and specific error codes to track for latency are: []
DBWrapper: report latency for each error is false and specific error codes to track for latency are: []
DBWrapper: report latency for each error is false and specific error codes to track for latency are: []
DBWrapper: report latency for each error is false and specific error codes to track for latency are: []
DBWrapper: report latency for each error is false and specific error codes to track for latency are: []
DBWrapper: report latency for each error is false and specific error codes to track for latency are: []
2020-09-29 11:48:49:042 20 sec: 34350 operations; 2621.08 current ops/sec; est completion in 1 hour 36 minutes [READ: Count=24214, Max=1030143, Min=0, Avg=44691.93, 90=93055, 99=543743, 99.9=709631, 99.99=892927] [UPDATE: Count=1250, Max=1185791, Min=15, Avg=48440.73, 90=93311, 99=564223, 99.9=892415, 99.99=1185791] [READ-FAILED: Count=22, Max=158719, Min=4540, Avg=32461.73, 90=96319, 99=158719, 99.9=158719, 99.99=158719] 
2020-09-29 11:48:59:041 30 sec: 76095 operations; 4174.5 current ops/sec; est completion in 1 hour 5 minutes [READ: Count=39603, Max=3987455, Min=0, Avg=29660.9, 90=48447, 99=538623, 99.9=1474559, 99.99=2951167] [UPDATE: Count=2105, Max=3252223, Min=17, Avg=42413.84, 90=54047, 99=752127, 99.9=2461695, 99.99=3252223] [READ-FAILED: Count=34, Max=23791, Min=2226, Avg=6582.85, 90=11239, 99=23791, 99.9=23791, 99.99=23791] 
2020-09-29 11:49:09:041 40 sec: 118326 operations; 4223.1 current ops/sec; est completion in 55 minutes [READ: Count=40025, Max=15056895, Min=0, Avg=29764.17, 90=47967, 99=549887, 99.9=1099775, 99.99=2672639] [UPDATE: Count=2166, Max=2846719, Min=14, Avg=37260.56, 90=47263, 99=600575, 99.9=2002943, 99.99=2846719] [READ-FAILED: Count=40, Max=63615, Min=1929, Avg=7803.75, 90=13895, 99=63615, 99.9=63615, 99.99=63615] 
2020-09-29 11:49:19:042 50 sec: 163484 operations; 4515.8 current ops/sec; est completion in 50 minutes [READ: Count=42813, Max=3350527, Min=0, Avg=27454.1, 90=42527, 99=538623, 99.9=1850367, 99.99=3280895] [UPDATE: Count=2306, Max=3377151, Min=14, Avg=45819.66, 90=44191, 99=1028095, 99.9=2885631, 99.99=3377151] [READ-FAILED: Count=40, Max=26015, Min=1701, Avg=5777.07, 90=15607, 99=26015, 99.9=26015, 99.99=26015] 
2020-09-29 11:49:29:041 60 sec: 207078 operations; 4359.4 current ops/sec; est completion in 47 minutes [READ: Count=41371, Max=4562943, Min=0, Avg=28544.83, 90=42399, 99=541695, 99.9=1674239, 99.99=2967551] [UPDATE: Count=2175, Max=3405823, Min=13, Avg=46497.85, 90=48447, 99=994815, 99.9=3276799, 99.99=3405823] [READ-FAILED: Count=48, Max=23039, Min=1688, Avg=5746.25, 90=9503, 99=23039, 99.9=23039, 99.99=23039] 
2020-09-29 11:49:39:042 70 sec: 255486 operations; 4840.8 current ops/sec; est completion in 44 minutes [READ: Count=45842, Max=3233791, Min=0, Avg=25937.21, 90=46559, 99=530431, 99.9=1245183, 99.99=2439167] [UPDATE: Count=2526, Max=2875391, Min=14, Avg=34158.83, 90=48415, 99=583679, 99.9=1577983, 99.99=2875391] [READ-FAILED: Count=41, Max=41151, Min=2012, Avg=6073.17, 90=9127, 99=41151, 99.9=41151, 99.99=41151] 
2020-09-29 11:49:49:042 80 sec: 300693 operations; 4520.25 current ops/sec; est completion in 43 minutes [READ: Count=42898, Max=3653631, Min=0, Avg=27710.75, 90=43135, 99=543231, 99.9=1533951, 99.99=3000319] [UPDATE: Count=2267, Max=2981887, Min=14, Avg=36867.64, 90=49407, 99=597503, 99.9=1725439, 99.99=2981887] [READ-FAILED: Count=45, Max=60351, Min=1800, Avg=7038.04, 90=12071, 99=60351, 99.9=60351, 99.99=60351] 
2020-09-29 11:49:59:042 90 sec: 344884 operations; 4419.54 current ops/sec; est completion in 42 minutes [READ: Count=41979, Max=4796415, Min=0, Avg=28731.8, 90=50751, 99=537087, 99.9=1256447, 99.99=3610623] [UPDATE: Count=2164, Max=4501503, Min=15, Avg=38153.48, 90=51711, 99=588287, 99.9=3045375, 99.99=4501503] [READ-FAILED: Count=47, Max=463871, Min=1909, Avg=16650.32, 90=10175, 99=463871, 99.9=463871, 99.99=463871] 
2020-09-29 11:50:09:042 100 sec: 393276 operations; 4839.2 current ops/sec; est completion in 40 minutes [READ: Count=45826, Max=2314239, Min=0, Avg=25892.79, 90=49919, 99=528895, 99.9=1197055, 99.99=1946623] [UPDATE: Count=2509, Max=2205695, Min=13, Avg=40135.97, 90=54431, 99=746495, 99.9=1732607, 99.99=2205695] [READ-FAILED: Count=55, Max=35839, Min=2094, Avg=7033.96, 90=12455, 99=24815, 99.9=35839, 99.99=35839] 
2020-09-29 11:50:19:041 110 sec: 437273 operations; 4399.7 current ops/sec; est completion in 40 minutes [READ: Count=41782, Max=3319807, Min=0, Avg=28639.55, 90=44095, 99=547327, 99.9=1571839, 99.99=2762751] [UPDATE: Count=2174, Max=3319807, Min=15, Avg=39769.19, 90=44671, 99=670207, 99.9=2486271, 99.99=3319807] [READ-FAILED: Count=45, Max=19583, Min=1857, Avg=4873.4, 90=8199, 99=19583, 99.9=19583, 99.99=19583] 
2020-09-29 11:50:29:042 120 sec: 479899 operations; 4262.6 current ops/sec; est completion in 39 minutes [READ: Count=40507, Max=4118527, Min=0, Avg=28843.64, 90=45855, 99=542719, 99.9=2531327, 99.99=3948543] [UPDATE: Count=2075, Max=3934207, Min=14, Avg=45790.46, 90=52383, 99=925183, 99.9=3201023, 99.99=3934207] [READ-FAILED: Count=37, Max=121791, Min=2202, Avg=10785.43, 90=13967, 99=121791, 99.9=121791, 99.99=121791] 
2020-09-29 11:50:39:042 130 sec: 528908 operations; 4900.9 current ops/sec; est completion in 38 minutes [READ: Count=46561, Max=2213887, Min=0, Avg=25678.22, 90=51135, 99=529919, 99.9=1309695, 99.99=1971199] [UPDATE: Count=2402, Max=2306047, Min=15, Avg=33731.68, 90=53919, 99=570879, 99.9=1895423, 99.99=2306047] [READ-FAILED: Count=49, Max=55999, Min=2106, Avg=7705.37, 90=14191, 99=55999, 99.9=55999, 99.99=55999] 
2020-09-29 11:50:49:042 140 sec: 576813 operations; 4790.5 current ops/sec; est completion in 38 minutes [READ: Count=45417, Max=2351103, Min=0, Avg=26340.92, 90=50783, 99=541695, 99.9=982015, 99.99=1576959] [UPDATE: Count=2449, Max=2725887, Min=13, Avg=39229.28, 90=55999, 99=629247, 99.9=1780735, 99.99=2725887] [READ-FAILED: Count=38, Max=41855, Min=1912, Avg=6165.26, 90=10087, 99=41855, 99.9=41855, 99.99=41855] 
2020-09-29 11:50:59:042 150 sec: 624233 operations; 4742 current ops/sec; est completion in 37 minutes [READ: Count=44967, Max=3565567, Min=0, Avg=26189.36, 90=45951, 99=542719, 99.9=1123327, 99.99=2205695] [UPDATE: Count=2412, Max=4120575, Min=14, Avg=36704.25, 90=49311, 99=616959, 99.9=1883135, 99.99=4120575] [READ-FAILED: Count=39, Max=15143, Min=2324, Avg=5746.33, 90=10375, 99=15143, 99.9=15143, 99.99=15143] 
2020-09-29 11:51:09:042 160 sec: 668829 operations; 4459.6 current ops/sec; est completion in 37 minutes [READ: Count=42415, Max=2764799, Min=0, Avg=28630.73, 90=53247, 99=541695, 99.9=1495039, 99.99=2656255] [UPDATE: Count=2164, Max=3153919, Min=13, Avg=41341.93, 90=60191, 99=706559, 99.9=2498559, 99.99=3153919] [READ-FAILED: Count=34, Max=24031, Min=2056, Avg=6040.24, 90=11479, 99=24031, 99.9=24031, 99.99=24031] 
2020-09-29 11:51:19:042 170 sec: 715714 operations; 4688.5 current ops/sec; est completion in 36 minutes [READ: Count=44535, Max=3350527, Min=0, Avg=26734.66, 90=47263, 99=538623, 99.9=1299455, 99.99=2559999] [UPDATE: Count=2286, Max=3198975, Min=15, Avg=38309.48, 90=52671, 99=631807, 99.9=1951743, 99.99=3198975] [READ-FAILED: Count=46, Max=34591, Min=2336, Avg=7546.96, 90=12415, 99=34591, 99.9=34591, 99.99=34591] 
2020-09-29 11:51:29:042 180 sec: 762392 operations; 4667.8 current ops/sec; est completion in 36 minutes [READ: Count=44284, Max=2938879, Min=0, Avg=26873.23, 90=47583, 99=537599, 99.9=1494015, 99.99=2519039] [UPDATE: Count=2359, Max=3577855, Min=16, Avg=39527.67, 90=48255, 99=625663, 99.9=2494463, 99.99=3577855] [READ-FAILED: Count=36, Max=31103, Min=1850, Avg=4880.39, 90=5475, 99=31103, 99.9=31103, 99.99=31103] 
2020-09-29 11:51:39:042 190 sec: 804917 operations; 4252.5 current ops/sec; est completion in 36 minutes [READ: Count=40435, Max=4151295, Min=0, Avg=29321.71, 90=44863, 99=545279, 99.9=2353151, 99.99=3735551] [UPDATE: Count=2056, Max=3117055, Min=16, Avg=41244.04, 90=49663, 99=710143, 99.9=2971647, 99.99=3117055] [READ-FAILED: Count=38, Max=23343, Min=2124, Avg=5092.66, 90=8327, 99=23343, 99.9=23343, 99.99=23343] 
2020-09-29 11:51:49:042 200 sec: 848624 operations; 4370.7 current ops/sec; est completion in 35 minutes [READ: Count=41508, Max=3932159, Min=0, Avg=28043.64, 90=46015, 99=541695, 99.9=1321983, 99.99=2279423] [UPDATE: Count=2162, Max=3827711, Min=17, Avg=42056.7, 90=49567, 99=614399, 99.9=2269183, 99.99=3827711] [READ-FAILED: Count=31, Max=44063, Min=2204, Avg=7318.42, 90=12663, 99=44063, 99.9=44063, 99.99=44063] 
2020-09-29 11:51:59:042 210 sec: 895030 operations; 4640.6 current ops/sec; est completion in 35 minutes [READ: Count=44059, Max=2443263, Min=0, Avg=26491.71, 90=44991, 99=540671, 99.9=1251327, 99.99=2160639] [UPDATE: Count=2318, Max=2539519, Min=17, Avg=34062.57, 90=46719, 99=581119, 99.9=1809407, 99.99=2539519] [READ-FAILED: Count=35, Max=16271, Min=1889, Avg=4864.31, 90=11215, 99=16271, 99.9=16271, 99.99=16271] 
2020-09-29 11:52:09:042 220 sec: 940034 operations; 4500.4 current ops/sec; est completion in 35 minutes [READ: Count=42780, Max=4222975, Min=0, Avg=27771.46, 90=46239, 99=535039, 99.9=1727487, 99.99=3792895] [UPDATE: Count=2171, Max=4276223, Min=16, Avg=50886.43, 90=53151, 99=919551, 99.9=3188735, 99.99=4276223] [READ-FAILED: Count=50, Max=32799, Min=1570, Avg=6200.7, 90=13023, 99=32799, 99.9=32799, 99.99=32799] 
2020-09-29 11:52:19:042 230 sec: 982588 operations; 4255.4 current ops/sec; est completion in 35 minutes [READ: Count=40344, Max=4476927, Min=0, Avg=30113.46, 90=41855, 99=545279, 99.9=3067903, 99.99=4007935] [UPDATE: Count=2181, Max=3913727, Min=16, Avg=52091.71, 90=47167, 99=1261567, 99.9=3434495, 99.99=3913727] [READ-FAILED: Count=29, Max=93567, Min=2080, Avg=9887.52, 90=18767, 99=93567, 99.9=93567, 99.99=93567] 
2020-09-29 11:52:29:041 240 sec: 1026469 operations; 4388.1 current ops/sec; est completion in 34 minutes [READ: Count=41642, Max=4272127, Min=0, Avg=28282.01, 90=45983, 99=539135, 99.9=1129471, 99.99=3670015] [UPDATE: Count=2198, Max=3784703, Min=6, Avg=35118.97, 90=44127, 99=563199, 99.9=2613247, 99.99=3784703] [READ-FAILED: Count=44, Max=31903, Min=1713, Avg=7441.48, 90=14887, 99=31903, 99.9=31903, 99.99=31903] 
2020-09-29 11:52:39:042 250 sec: 1072273 operations; 4580.4 current ops/sec; est completion in 34 minutes [READ: Count=43528, Max=4689919, Min=0, Avg=27442.18, 90=46463, 99=548351, 99.9=1110015, 99.99=2461695] [UPDATE: Count=2222, Max=1905663, Min=5, Avg=36054.14, 90=50079, 99=711679, 99.9=1149951, 99.99=1905663] [READ-FAILED: Count=50, Max=129087, Min=1922, Avg=9834.18, 90=16527, 99=129087, 99.9=129087, 99.99=129087] 
2020-09-29 11:52:49:042 260 sec: 1119009 operations; 4673.6 current ops/sec; est completion in 34 minutes [READ: Count=44267, Max=3950591, Min=0, Avg=26289.79, 90=45279, 99=543743, 99.9=1292287, 99.99=3465215] [UPDATE: Count=2430, Max=2965503, Min=4, Avg=41609.42, 90=49151, 99=829951, 99.9=2580479, 99.99=2965503] [READ-FAILED: Count=44, Max=17103, Min=1933, Avg=5190.09, 90=9967, 99=17103, 99.9=17103, 99.99=17103] 
2020-09-29 11:52:59:042 270 sec: 1162945 operations; 4393.6 current ops/sec; est completion in 34 minutes [READ: Count=41726, Max=2867199, Min=0, Avg=29220.93, 90=50303, 99=546815, 99.9=1860607, 99.99=2609151] [UPDATE: Count=2172, Max=2594815, Min=5, Avg=42332.53, 90=50847, 99=1029119, 99.9=2324479, 99.99=2594815] [READ-FAILED: Count=31, Max=67199, Min=2160, Avg=7526.77, 90=10087, 99=67199, 99.9=67199, 99.99=67199] 
2020-09-29 11:53:09:042 280 sec: 1205652 operations; 4270.7 current ops/sec; est completion in 34 minutes [READ: Count=40571, Max=4028415, Min=0, Avg=28748.66, 90=45951, 99=553471, 99.9=2034687, 99.99=3766271] [UPDATE: Count=2095, Max=3983359, Min=3, Avg=44926.44, 90=55391, 99=842239, 99.9=3106815, 99.99=3983359] [READ-FAILED: Count=43, Max=32031, Min=1681, Avg=5723.33, 90=10519, 99=32031, 99.9=32031, 99.99=32031] 
2020-09-29 11:53:19:042 290 sec: 1256581 operations; 5092.9 current ops/sec; est completion in 33 minutes [READ: Count=48377, Max=2996223, Min=0, Avg=24933.39, 90=49151, 99=531967, 99.9=867327, 99.99=2054143] [UPDATE: Count=2512, Max=3053567, Min=5, Avg=35915.52, 90=55167, 99=595967, 99.9=1787903, 99.99=3053567] [READ-FAILED: Count=38, Max=98879, Min=1993, Avg=10639.97, 90=17455, 99=98879, 99.9=98879, 99.99=98879] 
2020-09-29 11:53:29:042 300 sec: 1300701 operations; 4412 current ops/sec; est completion in 33 minutes [READ: Count=41894, Max=3348479, Min=0, Avg=27339.88, 90=44191, 99=548351, 99.9=1191935, 99.99=2242559] [UPDATE: Count=2189, Max=3035135, Min=4, Avg=42025.37, 90=49183, 99=744447, 99.9=2918399, 99.99=3035135] [READ-FAILED: Count=37, Max=91135, Min=2162, Avg=9474.84, 90=15503, 99=91135, 99.9=91135, 99.99=91135] 
Maximum time elapsed. Requesting stop for the workload.
Stop requested for workload. Now Joining!
[36m11:53:30.174[m [[34;1mINFO[m] [1;34mp.u.t.s.y.Stats.clientFinished@38[m: 
Ended SconeKV benchmark.
Number of clients: 128
Total transactions: 259383
Committed: 240390 (92.67762%)
Aborted: 18993 (7.3223763%)
2020-09-29 11:53:30:177 301 sec: 1303829 operations; 2758.38 current ops/sec; est completion in 33 minutes [READ: Count=2969, Max=4694015, Min=1, Avg=53187.69, 90=57631, 99=973311, 99.9=3203071, 99.99=4694015] [CLEANUP: Count=128, Max=1584, Min=2, Avg=15.73, 90=4, 99=19, 99.9=1584, 99.99=1584] [UPDATE: Count=157, Max=3201023, Min=7, Avg=90244.63, 90=60095, 99=1139711, 99.9=3201023, 99.99=3201023] [READ-FAILED: Count=2, Max=7703, Min=3772, Avg=5737.5, 90=7703, 99=7703, 99.9=7703, 99.99=7703] 
[OVERALL], RunTime(ms), 301134
[OVERALL], Throughput(ops/sec), 4329.7302861848875
[TOTAL_GCS_G1_Young_Generation], Count, 159
[TOTAL_GC_TIME_G1_Young_Generation], Time(ms), 2889
[TOTAL_GC_TIME_%_G1_Young_Generation], Time(%), 0.9593735679132878
[TOTAL_GCS_G1_Old_Generation], Count, 0
[TOTAL_GC_TIME_G1_Old_Generation], Time(ms), 0
[TOTAL_GC_TIME_%_G1_Old_Generation], Time(%), 0.0
[TOTAL_GCs], Count, 159
[TOTAL_GC_TIME], Time(ms), 2889
[TOTAL_GC_TIME_%], Time(%), 0.9593735679132878
[READ], Operations, 1237552
[READ], AverageLatency(us), 28224.97750397559
[READ], MinLatency(us), 0
[READ], MaxLatency(us), 15056895
[READ], 95thPercentileLatency(us), 75327
[READ], 99thPercentileLatency(us), 541183
[READ], Return=OK, 1237552
[READ], Return=NOT_FOUND, 1175
[CLEANUP], Operations, 128
[CLEANUP], AverageLatency(us), 15.7265625
[CLEANUP], MinLatency(us), 2
[CLEANUP], MaxLatency(us), 1584
[CLEANUP], 95thPercentileLatency(us), 6
[CLEANUP], 99thPercentileLatency(us), 19
[UPDATE], Operations, 65102
[UPDATE], AverageLatency(us), 40771.85088015729
[UPDATE], MinLatency(us), 3
[UPDATE], MaxLatency(us), 4501503
[UPDATE], 95thPercentileLatency(us), 98879
[UPDATE], 99thPercentileLatency(us), 685567
[UPDATE], Return=OK, 65102
[READ-FAILED], Operations, 1175
[READ-FAILED], AverageLatency(us), 7906.130212765957
[READ-FAILED], MinLatency(us), 1570
[READ-FAILED], MaxLatency(us), 463871
[READ-FAILED], 95thPercentileLatency(us), 20271
[READ-FAILED], 99thPercentileLatency(us), 67199
