Command line: -t -db pt.ulisboa.tecnico.sconekv.ycsb.SconeKVClient -P workloada -threads 64 -s -p scone.tx_size=5 -p operationcount=10000000 -p maxexecutiontime=300
YCSB Client 0.17.0

Loading workload...
Starting test.
WARNING: sun.reflect.Reflection.getCallerClass is not supported. This will impact performance.
2020-09-29 09:47:43:267 0 sec: 0 operations; est completion in 0 second 
Maximum execution time specified as: 300 secs
DBWrapper: report latency for each error is false and specific error codes to track for latency are: []
DBWrapper: report latency for each error is false and specific error codes to track for latency are: []
DBWrapper: report latency for each error is false and specific error codes to track for latency are: []
DBWrapper: report latency for each error is false and specific error codes to track for latency are: []
DBWrapper: report latency for each error is false and specific error codes to track for latency are: []
DBWrapper: report latency for each error is false and specific error codes to track for latency are: []
DBWrapper: report latency for each error is false and specific error codes to track for latency are: []
DBWrapper: report latency for each error is false and specific error codes to track for latency are: []
DBWrapper: report latency for each error is false and specific error codes to track for latency are: []
DBWrapper: report latency for each error is false and specific error codes to track for latency are: []
DBWrapper: report latency for each error is false and specific error codes to track for latency are: []
DBWrapper: report latency for each error is false and specific error codes to track for latency are: []
DBWrapper: report latency for each error is false and specific error codes to track for latency are: []
DBWrapper: report latency for each error is false and specific error codes to track for latency are: []
DBWrapper: report latency for each error is false and specific error codes to track for latency are: []
DBWrapper: report latency for each error is false and specific error codes to track for latency are: []
DBWrapper: report latency for each error is false and specific error codes to track for latency are: []
DBWrapper: report latency for each error is false and specific error codes to track for latency are: []
DBWrapper: report latency for each error is false and specific error codes to track for latency are: []
DBWrapper: report latency for each error is false and specific error codes to track for latency are: []
DBWrapper: report latency for each error is false and specific error codes to track for latency are: []
DBWrapper: report latency for each error is false and specific error codes to track for latency are: []
DBWrapper: report latency for each error is false and specific error codes to track for latency are: []
DBWrapper: report latency for each error is false and specific error codes to track for latency are: []
DBWrapper: report latency for each error is false and specific error codes to track for latency are: []
DBWrapper: report latency for each error is false and specific error codes to track for latency are: []
DBWrapper: report latency for each error is false and specific error codes to track for latency are: []
DBWrapper: report latency for each error is false and specific error codes to track for latency are: []
DBWrapper: report latency for each error is false and specific error codes to track for latency are: []
DBWrapper: report latency for each error is false and specific error codes to track for latency are: []
DBWrapper: report latency for each error is false and specific error codes to track for latency are: []
DBWrapper: report latency for each error is false and specific error codes to track for latency are: []
DBWrapper: report latency for each error is false and specific error codes to track for latency are: []
DBWrapper: report latency for each error is false and specific error codes to track for latency are: []
DBWrapper: report latency for each error is false and specific error codes to track for latency are: []
DBWrapper: report latency for each error is false and specific error codes to track for latency are: []
DBWrapper: report latency for each error is false and specific error codes to track for latency are: []
DBWrapper: report latency for each error is false and specific error codes to track for latency are: []
DBWrapper: report latency for each error is false and specific error codes to track for latency are: []
DBWrapper: report latency for each error is false and specific error codes to track for latency are: []
DBWrapper: report latency for each error is false and specific error codes to track for latency are: []
DBWrapper: report latency for each error is false and specific error codes to track for latency are: []
DBWrapper: report latency for each error is false and specific error codes to track for latency are: []
DBWrapper: report latency for each error is false and specific error codes to track for latency are: []
DBWrapper: report latency for each error is false and specific error codes to track for latency are: []
DBWrapper: report latency for each error is false and specific error codes to track for latency are: []
DBWrapper: report latency for each error is false and specific error codes to track for latency are: []
DBWrapper: report latency for each error is false and specific error codes to track for latency are: []
DBWrapper: report latency for each error is false and specific error codes to track for latency are: []
DBWrapper: report latency for each error is false and specific error codes to track for latency are: []
DBWrapper: report latency for each error is false and specific error codes to track for latency are: []
DBWrapper: report latency for each error is false and specific error codes to track for latency are: []
DBWrapper: report latency for each error is false and specific error codes to track for latency are: []
DBWrapper: report latency for each error is false and specific error codes to track for latency are: []
DBWrapper: report latency for each error is false and specific error codes to track for latency are: []
DBWrapper: report latency for each error is false and specific error codes to track for latency are: []
DBWrapper: report latency for each error is false and specific error codes to track for latency are: []
DBWrapper: report latency for each error is false and specific error codes to track for latency are: []
DBWrapper: report latency for each error is false and specific error codes to track for latency are: []
DBWrapper: report latency for each error is false and specific error codes to track for latency are: []
DBWrapper: report latency for each error is false and specific error codes to track for latency are: []
DBWrapper: report latency for each error is false and specific error codes to track for latency are: []
DBWrapper: report latency for each error is false and specific error codes to track for latency are: []
DBWrapper: report latency for each error is false and specific error codes to track for latency are: []
2020-09-29 09:47:53:285 10 sec: 12286 operations; 1227.5 current ops/sec; est completion in 2 hours 15 minutes [READ: Count=6258, Max=1074175, Min=3, Avg=36019.47, 90=74623, 99=305663, 99.9=655871, 99.99=829439] [UPDATE: Count=6196, Max=779263, Min=13, Avg=35460, 90=71743, 99=316927, 99.9=657919, 99.99=769023] [READ-FAILED: Count=4, Max=57695, Min=6992, Avg=31747, 90=57695, 99=57695, 99.9=57695, 99.99=57695] 
2020-09-29 09:48:03:267 20 sec: 47545 operations; 3529.08 current ops/sec; est completion in 1 hour 9 minutes [READ: Count=17609, Max=1203199, Min=0, Avg=17294.32, 90=33119, 99=230271, 99.9=627711, 99.99=936959] [UPDATE: Count=17490, Max=727551, Min=7, Avg=18251.18, 90=33983, 99=290559, 99.9=595455, 99.99=673791] [READ-FAILED: Count=2, Max=3491, Min=2146, Avg=2819, 90=3491, 99=3491, 99.9=3491, 99.99=3491] 
2020-09-29 09:48:13:267 30 sec: 83772 operations; 3622.7 current ops/sec; est completion in 59 minutes [READ: Count=18226, Max=1075199, Min=1, Avg=17206.17, 90=32447, 99=330495, 99.9=570367, 99.99=807935] [UPDATE: Count=18014, Max=1079295, Min=1, Avg=18683.47, 90=32607, 99=455423, 99.9=579583, 99.99=1036287] [READ-FAILED: Count=3, Max=8043, Min=2808, Avg=4843.33, 90=8043, 99=8043, 99.9=8043, 99.99=8043] 
2020-09-29 09:48:23:267 40 sec: 119521 operations; 3574.9 current ops/sec; est completion in 55 minutes [READ: Count=17866, Max=1112063, Min=0, Avg=17792.64, 90=32927, 99=395007, 99.9=613375, 99.99=1011711] [UPDATE: Count=17870, Max=1122303, Min=1, Avg=18080.46, 90=33503, 99=376063, 99.9=585727, 99.99=1003007] [READ-FAILED: Count=5, Max=16031, Min=2160, Avg=6818.4, 90=16031, 99=16031, 99.9=16031, 99.99=16031] 
2020-09-29 09:48:33:267 50 sec: 159292 operations; 3977.1 current ops/sec; est completion in 51 minutes [READ: Count=19800, Max=648703, Min=0, Avg=15644.89, 90=30719, 99=284159, 99.9=553983, 99.99=624127] [UPDATE: Count=19947, Max=731647, Min=1, Avg=15337.04, 90=30767, 99=263679, 99.9=559615, 99.99=641023] [READ-FAILED: Count=4, Max=8027, Min=2016, Avg=4094.5, 90=8027, 99=8027, 99.9=8027, 99.99=8027] 
2020-09-29 09:48:43:267 60 sec: 191939 operations; 3264.7 current ops/sec; est completion in 51 minutes [READ: Count=16237, Max=854527, Min=0, Avg=20063.85, 90=34815, 99=516095, 99.9=628223, 99.99=786431] [UPDATE: Count=16432, Max=839679, Min=1, Avg=20446.6, 90=35903, 99=491263, 99.9=638975, 99.99=807935] [READ-FAILED: Count=3, Max=7855, Min=2328, Avg=4316, 90=7855, 99=7855, 99.9=7855, 99.99=7855] 
2020-09-29 09:48:53:267 70 sec: 226553 operations; 3461.4 current ops/sec; est completion in 50 minutes [READ: Count=17266, Max=800255, Min=0, Avg=18207.83, 90=30959, 99=477183, 99.9=564735, 99.99=636927] [UPDATE: Count=17334, Max=994303, Min=1, Avg=18782.96, 90=31759, 99=503039, 99.9=609791, 99.99=924159] [READ-FAILED: Count=0, Max=0, Min=9223372036854775807, Avg=NaN, 90=0, 99=0, 99.9=0, 99.99=0] 
2020-09-29 09:49:03:267 80 sec: 259450 operations; 3289.37 current ops/sec; est completion in 50 minutes [READ: Count=16474, Max=741375, Min=0, Avg=18940.34, 90=32831, 99=514815, 99.9=604671, 99.99=728575] [UPDATE: Count=16435, Max=750079, Min=1, Avg=19960, 90=33279, 99=516351, 99.9=616447, 99.99=693759] [READ-FAILED: Count=2, Max=2881, Min=2538, Avg=2710, 90=2881, 99=2881, 99.9=2881, 99.99=2881] 
2020-09-29 09:49:13:267 90 sec: 292543 operations; 3309.63 current ops/sec; est completion in 49 minutes [READ: Count=16654, Max=740351, Min=0, Avg=18925.89, 90=32143, 99=470783, 99.9=561151, 99.99=600063] [UPDATE: Count=16411, Max=1076223, Min=1, Avg=19672.61, 90=33023, 99=497663, 99.9=578559, 99.99=687103] [READ-FAILED: Count=4, Max=10191, Min=2064, Avg=4417.25, 90=10191, 99=10191, 99.9=10191, 99.99=10191] 
2020-09-29 09:49:23:267 100 sec: 322831 operations; 3028.8 current ops/sec; est completion in 49 minutes [READ: Count=15268, Max=1030655, Min=0, Avg=20201.74, 90=30847, 99=520191, 99.9=588799, 99.99=1015295] [UPDATE: Count=15020, Max=1014271, Min=1, Avg=21350.41, 90=31919, 99=517375, 99.9=591871, 99.99=651263] [READ-FAILED: Count=0, Max=0, Min=9223372036854775807, Avg=NaN, 90=0, 99=0, 99.9=0, 99.99=0] 
2020-09-29 09:49:33:267 110 sec: 356621 operations; 3379 current ops/sec; est completion in 49 minutes [READ: Count=16887, Max=1018879, Min=0, Avg=18957.37, 90=32111, 99=507391, 99.9=589823, 99.99=884735] [UPDATE: Count=16920, Max=1444863, Min=3, Avg=19712.4, 90=32031, 99=509439, 99.9=603647, 99.99=1017343] [READ-FAILED: Count=2, Max=2857, Min=2250, Avg=2554, 90=2857, 99=2857, 99.9=2857, 99.99=2857] 
2020-09-29 09:49:43:267 120 sec: 395631 operations; 3901 current ops/sec; est completion in 48 minutes [READ: Count=19282, Max=779263, Min=0, Avg=15471.86, 90=29663, 99=290303, 99.9=589311, 99.99=693247] [UPDATE: Count=19701, Max=758271, Min=3, Avg=16741.94, 90=30047, 99=380159, 99.9=579071, 99.99=675839] [READ-FAILED: Count=11, Max=6379, Min=2668, Avg=3789.36, 90=5839, 99=6379, 99.9=6379, 99.99=6379] 
2020-09-29 09:49:53:267 130 sec: 422784 operations; 2715.3 current ops/sec; est completion in 49 minutes [READ: Count=13465, Max=735743, Min=1, Avg=22578.08, 90=38751, 99=520191, 99.9=652799, 99.99=728575] [UPDATE: Count=13689, Max=1072127, Min=1, Avg=25144.38, 90=41439, 99=523263, 99.9=668671, 99.99=950783] [READ-FAILED: Count=6, Max=10743, Min=1699, Avg=4258.33, 90=4539, 99=10743, 99.9=10743, 99.99=10743] 
2020-09-29 09:50:03:267 140 sec: 459040 operations; 3625.6 current ops/sec; est completion in 48 minutes [READ: Count=17996, Max=987135, Min=0, Avg=17143.07, 90=32431, 99=367871, 99.9=593407, 99.99=886271] [UPDATE: Count=18252, Max=1044991, Min=1, Avg=18165.02, 90=32831, 99=400639, 99.9=773631, 99.99=1011199] [READ-FAILED: Count=6, Max=5243, Min=2134, Avg=3271.5, 90=3327, 99=5243, 99.9=5243, 99.99=5243] 
2020-09-29 09:50:13:267 150 sec: 497935 operations; 3889.5 current ops/sec; est completion in 47 minutes [READ: Count=19418, Max=652799, Min=0, Avg=15823.46, 90=31983, 99=256255, 99.9=542207, 99.99=594431] [UPDATE: Count=19469, Max=656895, Min=1, Avg=16814.63, 90=32191, 99=301567, 99.9=552959, 99.99=593919] [READ-FAILED: Count=4, Max=3961, Min=1580, Avg=2804.25, 90=3961, 99=3961, 99.9=3961, 99.99=3961] 
2020-09-29 09:50:23:267 160 sec: 532087 operations; 3414.86 current ops/sec; est completion in 47 minutes [READ: Count=17020, Max=947199, Min=1, Avg=18761.06, 90=33727, 99=444159, 99.9=577535, 99.99=821247] [UPDATE: Count=17132, Max=827903, Min=1, Avg=19027.18, 90=34591, 99=412927, 99.9=563711, 99.99=776703] [READ-FAILED: Count=2, Max=3513, Min=2488, Avg=3001, 90=3513, 99=3513, 99.9=3513, 99.99=3513] 
2020-09-29 09:50:33:267 170 sec: 568938 operations; 3685.1 current ops/sec; est completion in 46 minutes [READ: Count=18420, Max=978943, Min=0, Avg=16883.13, 90=32015, 99=389119, 99.9=580095, 99.99=758783] [UPDATE: Count=18427, Max=877055, Min=3, Avg=17262.32, 90=33407, 99=391679, 99.9=579583, 99.99=785919] [READ-FAILED: Count=3, Max=9543, Min=2866, Avg=5672.33, 90=9543, 99=9543, 99.9=9543, 99.99=9543] 
2020-09-29 09:50:43:267 180 sec: 606069 operations; 3713.47 current ops/sec; est completion in 46 minutes [READ: Count=18498, Max=774655, Min=0, Avg=17563.93, 90=31951, 99=392703, 99.9=583679, 99.99=738303] [UPDATE: Count=18626, Max=819199, Min=1, Avg=17228.38, 90=31135, 99=388863, 99.9=593407, 99.99=768511] [READ-FAILED: Count=3, Max=2781, Min=2246, Avg=2473.67, 90=2781, 99=2781, 99.9=2781, 99.99=2781] 
2020-09-29 09:50:53:270 190 sec: 641515 operations; 3543.18 current ops/sec; est completion in 46 minutes [READ: Count=17721, Max=849919, Min=1, Avg=18125.39, 90=31039, 99=506367, 99.9=574975, 99.99=691711] [UPDATE: Count=17728, Max=849407, Min=3, Avg=18429.75, 90=32015, 99=476415, 99.9=596991, 99.99=804351] [READ-FAILED: Count=6, Max=8543, Min=2528, Avg=3967.83, 90=3775, 99=8543, 99.9=8543, 99.99=8543] 
2020-09-29 09:51:03:267 200 sec: 674659 operations; 3315.73 current ops/sec; est completion in 46 minutes [READ: Count=16546, Max=833535, Min=1, Avg=18412.58, 90=33823, 99=447231, 99.9=562175, 99.99=627711] [UPDATE: Count=16585, Max=1028607, Min=3, Avg=20153.25, 90=35295, 99=488447, 99.9=632319, 99.99=983551] [READ-FAILED: Count=6, Max=8671, Min=2294, Avg=4605.67, 90=7963, 99=8671, 99.9=8671, 99.99=8671] 
2020-09-29 09:51:13:267 210 sec: 708399 operations; 3374 current ops/sec; est completion in 45 minutes [READ: Count=16787, Max=652287, Min=0, Avg=18493.25, 90=30975, 99=487167, 99.9=550399, 99.99=595455] [UPDATE: Count=16953, Max=841215, Min=1, Avg=18903.78, 90=31295, 99=509439, 99.9=556031, 99.99=652287] [READ-FAILED: Count=3, Max=2915, Min=1991, Avg=2437.67, 90=2915, 99=2915, 99.9=2915, 99.99=2915] 
2020-09-29 09:51:23:267 220 sec: 743400 operations; 3500.1 current ops/sec; est completion in 45 minutes [READ: Count=17394, Max=695295, Min=0, Avg=17699.3, 90=31023, 99=417023, 99.9=584703, 99.99=680959] [UPDATE: Count=17597, Max=698367, Min=3, Avg=18615.48, 90=31135, 99=476415, 99.9=592383, 99.99=650751] [READ-FAILED: Count=5, Max=21119, Min=2228, Avg=6421.2, 90=21119, 99=21119, 99.9=21119, 99.99=21119] 
2020-09-29 09:51:33:267 230 sec: 773269 operations; 2986.6 current ops/sec; est completion in 45 minutes [READ: Count=14868, Max=777727, Min=0, Avg=21253.41, 90=30767, 99=524799, 99.9=608767, 99.99=691199] [UPDATE: Count=14996, Max=1073151, Min=1, Avg=21777.22, 90=31007, 99=525311, 99.9=622079, 99.99=999935] [READ-FAILED: Count=2, Max=2767, Min=2268, Avg=2518, 90=2767, 99=2767, 99.9=2767, 99.99=2767] 
2020-09-29 09:51:43:267 240 sec: 806599 operations; 3333.33 current ops/sec; est completion in 45 minutes [READ: Count=16569, Max=921087, Min=0, Avg=18925.99, 90=33663, 99=504319, 99.9=589311, 99.99=867327] [UPDATE: Count=16766, Max=940543, Min=1, Avg=19960.45, 90=34559, 99=514047, 99.9=674815, 99.99=920575] [READ-FAILED: Count=3, Max=2883, Min=1733, Avg=2368.33, 90=2883, 99=2883, 99.9=2883, 99.99=2883] 
2020-09-29 09:51:53:267 250 sec: 842097 operations; 3549.8 current ops/sec; est completion in 45 minutes [READ: Count=17697, Max=720383, Min=1, Avg=18077.85, 90=31327, 99=491007, 99.9=577023, 99.99=645119] [UPDATE: Count=17789, Max=961023, Min=1, Avg=17882.81, 90=32623, 99=414463, 99.9=568319, 99.99=760831] [READ-FAILED: Count=4, Max=8823, Min=2310, Avg=4018.75, 90=8823, 99=8823, 99.9=8823, 99.99=8823] 
2020-09-29 09:52:03:267 260 sec: 878065 operations; 3596.8 current ops/sec; est completion in 45 minutes [READ: Count=17906, Max=705023, Min=0, Avg=16995.64, 90=29775, 99=440831, 99.9=555007, 99.99=662015] [UPDATE: Count=18074, Max=1032191, Min=1, Avg=18594.61, 90=31071, 99=495359, 99.9=567295, 99.99=736255] [READ-FAILED: Count=4, Max=4067, Min=1793, Avg=2742.5, 90=4067, 99=4067, 99.9=4067, 99.99=4067] 
2020-09-29 09:52:13:267 270 sec: 908609 operations; 3054.09 current ops/sec; est completion in 45 minutes [READ: Count=15308, Max=1203199, Min=0, Avg=20261.83, 90=32799, 99=518399, 99.9=782335, 99.99=1052671] [UPDATE: Count=15225, Max=1166335, Min=1, Avg=21364.2, 90=33599, 99=520703, 99.9=660479, 99.99=1068031] [READ-FAILED: Count=4, Max=5055, Min=1814, Avg=3384.5, 90=5055, 99=5055, 99.9=5055, 99.99=5055] 
2020-09-29 09:52:23:267 280 sec: 946341 operations; 3773.58 current ops/sec; est completion in 44 minutes [READ: Count=18887, Max=1278975, Min=1, Avg=17413.93, 90=31103, 99=453631, 99.9=583167, 99.99=885759] [UPDATE: Count=18839, Max=827391, Min=1, Avg=16694.63, 90=31743, 99=369151, 99.9=577023, 99.99=721407] [READ-FAILED: Count=2, Max=4371, Min=2578, Avg=3474.5, 90=4371, 99=4371, 99.9=4371, 99.99=4371] 
2020-09-29 09:52:33:267 290 sec: 977493 operations; 3115.2 current ops/sec; est completion in 44 minutes [READ: Count=15545, Max=921087, Min=0, Avg=19846.66, 90=31887, 99=486655, 99.9=592895, 99.99=838143] [UPDATE: Count=15618, Max=905215, Min=3, Avg=21390.37, 90=33311, 99=516863, 99.9=601087, 99.99=871935] [READ-FAILED: Count=1, Max=3649, Min=3648, Avg=3649, 90=3649, 99=3649, 99.9=3649, 99.99=3649] 
2020-09-29 09:52:43:267 300 sec: 1009952 operations; 3245.9 current ops/sec; est completion in 44 minutes [READ: Count=16237, Max=1164287, Min=1, Avg=19219.08, 90=32207, 99=499455, 99.9=612351, 99.99=857599] [UPDATE: Count=16204, Max=970751, Min=1, Avg=19700.29, 90=33311, 99=513535, 99.9=674303, 99.99=957439] [READ-FAILED: Count=4, Max=6443, Min=2538, Avg=3977, 90=6443, 99=6443, 99.9=6443, 99.99=6443] 
Maximum time elapsed. Requesting stop for the workload.
Stop requested for workload. Now Joining!
[36m09:52:43.793[m [[34;1mINFO[m] [1;34mp.u.t.s.y.Stats.clientFinished@38[m: 
Ended SconeKV benchmark.
Number of clients: 64
Total transactions: 201003
Committed: 141825 (70.55865%)
Aborted: 59178 (29.44135%)
2020-09-29 09:52:43:795 300 sec: 1010223 operations; 512.29 current ops/sec; est completion in 44 minutes [READ: Count=138, Max=894463, Min=1462, Avg=99793.83, 90=518143, 99=572927, 99.9=894463, 99.99=894463] [CLEANUP: Count=64, Max=1981, Min=2, Avg=35.12, 90=8, 99=23, 99.9=1981, 99.99=1981] [UPDATE: Count=129, Max=537087, Min=1649, Avg=107099.19, 90=512767, 99=534527, 99.9=537087, 99.99=537087] [READ-FAILED: Count=0, Max=0, Min=9223372036854775807, Avg=NaN, 90=0, 99=0, 99.9=0, 99.99=0] 
[OVERALL], RunTime(ms), 300524
[OVERALL], Throughput(ops/sec), 3361.5385127310965
[TOTAL_GCS_G1_Young_Generation], Count, 142
[TOTAL_GC_TIME_G1_Young_Generation], Time(ms), 1912
[TOTAL_GC_TIME_%_G1_Young_Generation], Time(%), 0.6362220654589983
[TOTAL_GCS_G1_Old_Generation], Count, 0
[TOTAL_GC_TIME_G1_Old_Generation], Time(ms), 0
[TOTAL_GC_TIME_%_G1_Old_Generation], Time(%), 0.0
[TOTAL_GCs], Count, 142
[TOTAL_GC_TIME], Time(ms), 1912
[TOTAL_GC_TIME_%], Time(%), 0.6362220654589983
[READ], Operations, 504247
[READ], AverageLatency(us), 18466.84121472215
[READ], MinLatency(us), 0
[READ], MaxLatency(us), 1278975
[READ], 95thPercentileLatency(us), 52223
[READ], 99thPercentileLatency(us), 462847
[READ], Return=OK, 504247
[READ], Return=NOT_FOUND, 108
[CLEANUP], Operations, 64
[CLEANUP], AverageLatency(us), 35.125
[CLEANUP], MinLatency(us), 2
[CLEANUP], MaxLatency(us), 1981
[CLEANUP], 95thPercentileLatency(us), 10
[CLEANUP], 99thPercentileLatency(us), 23
[UPDATE], Operations, 505868
[UPDATE], AverageLatency(us), 19175.804192002655
[UPDATE], MinLatency(us), 1
[UPDATE], MaxLatency(us), 1444863
[UPDATE], 95thPercentileLatency(us), 55423
[UPDATE], 99thPercentileLatency(us), 475903
[UPDATE], Return=OK, 505868
[READ-FAILED], Operations, 108
[READ-FAILED], AverageLatency(us), 4975.740740740741
[READ-FAILED], MinLatency(us), 1580
[READ-FAILED], MaxLatency(us), 57695
[READ-FAILED], 95thPercentileLatency(us), 10191
[READ-FAILED], 99thPercentileLatency(us), 54783
