Command line: -t -db pt.ulisboa.tecnico.sconekv.ycsb.SconeKVClient -P workloada -threads 32 -s -p scone.tx_size=5 -p operationcount=10000000 -p maxexecutiontime=300
YCSB Client 0.17.0

Loading workload...
Starting test.
WARNING: sun.reflect.Reflection.getCallerClass is not supported. This will impact performance.
2020-09-07 14:42:25:488 0 sec: 0 operations; est completion in 0 second 
Maximum execution time specified as: 300 secs
DBWrapper: report latency for each error is false and specific error codes to track for latency are: []
DBWrapper: report latency for each error is false and specific error codes to track for latency are: []
DBWrapper: report latency for each error is false and specific error codes to track for latency are: []
DBWrapper: report latency for each error is false and specific error codes to track for latency are: []
DBWrapper: report latency for each error is false and specific error codes to track for latency are: []
DBWrapper: report latency for each error is false and specific error codes to track for latency are: []
DBWrapper: report latency for each error is false and specific error codes to track for latency are: []
DBWrapper: report latency for each error is false and specific error codes to track for latency are: []
DBWrapper: report latency for each error is false and specific error codes to track for latency are: []
DBWrapper: report latency for each error is false and specific error codes to track for latency are: []
DBWrapper: report latency for each error is false and specific error codes to track for latency are: []
DBWrapper: report latency for each error is false and specific error codes to track for latency are: []
DBWrapper: report latency for each error is false and specific error codes to track for latency are: []
DBWrapper: report latency for each error is false and specific error codes to track for latency are: []
DBWrapper: report latency for each error is false and specific error codes to track for latency are: []
DBWrapper: report latency for each error is false and specific error codes to track for latency are: []
DBWrapper: report latency for each error is false and specific error codes to track for latency are: []
DBWrapper: report latency for each error is false and specific error codes to track for latency are: []
DBWrapper: report latency for each error is false and specific error codes to track for latency are: []
DBWrapper: report latency for each error is false and specific error codes to track for latency are: []
DBWrapper: report latency for each error is false and specific error codes to track for latency are: []
DBWrapper: report latency for each error is false and specific error codes to track for latency are: []
DBWrapper: report latency for each error is false and specific error codes to track for latency are: []
DBWrapper: report latency for each error is false and specific error codes to track for latency are: []
DBWrapper: report latency for each error is false and specific error codes to track for latency are: []
DBWrapper: report latency for each error is false and specific error codes to track for latency are: []
DBWrapper: report latency for each error is false and specific error codes to track for latency are: []
DBWrapper: report latency for each error is false and specific error codes to track for latency are: []
DBWrapper: report latency for each error is false and specific error codes to track for latency are: []
DBWrapper: report latency for each error is false and specific error codes to track for latency are: []
DBWrapper: report latency for each error is false and specific error codes to track for latency are: []
DBWrapper: report latency for each error is false and specific error codes to track for latency are: []
2020-09-07 14:42:35:488 10 sec: 14189 operations; 1418.76 current ops/sec; est completion in 1 hour 57 minutes [READ: Count=7134, Max=633855, Min=2, Avg=16976.95, 90=27135, 99=464639, 99.9=567807, 99.99=610815] [UPDATE: Count=7076, Max=644607, Min=6, Avg=16977.9, 90=26239, 99=489727, 99.9=559615, 99.99=636927] [READ-FAILED: Count=6, Max=6635, Min=2112, Avg=3259.5, 90=3265, 99=6635, 99.9=6635, 99.99=6635] 
2020-09-07 14:42:45:488 20 sec: 38615 operations; 2442.6 current ops/sec; est completion in 1 hour 26 minutes [READ: Count=12149, Max=574975, Min=1, Avg=12756.38, 90=23551, 99=173311, 99.9=542207, 99.99=570879] [UPDATE: Count=12248, Max=655871, Min=1, Avg=13329.45, 90=24095, 99=198271, 99.9=539135, 99.99=598015] [READ-FAILED: Count=4, Max=3345, Min=2043, Avg=2732, 90=3345, 99=3345, 99.9=3345, 99.99=3345] 
2020-09-07 14:42:55:487 30 sec: 65300 operations; 2668.5 current ops/sec; est completion in 1 hour 16 minutes [READ: Count=13481, Max=692223, Min=1, Avg=12090.21, 90=22303, 99=190847, 99.9=533503, 99.99=635391] [UPDATE: Count=13200, Max=593407, Min=1, Avg=11786.36, 90=22431, 99=125759, 99.9=537087, 99.99=587775] [READ-FAILED: Count=7, Max=4527, Min=1986, Avg=3016.14, 90=3877, 99=4527, 99.9=4527, 99.99=4527] 
2020-09-07 14:43:05:487 40 sec: 89721 operations; 2442.1 current ops/sec; est completion in 1 hour 13 minutes [READ: Count=12106, Max=967167, Min=0, Avg=13146.75, 90=22303, 99=312831, 99.9=532479, 99.99=691199] [UPDATE: Count=12311, Max=969727, Min=1, Avg=13267.16, 90=23007, 99=272639, 99.9=537087, 99.99=580095] [READ-FAILED: Count=6, Max=3879, Min=2256, Avg=3182.67, 90=3857, 99=3879, 99.9=3879, 99.99=3879] 
2020-09-07 14:43:15:487 50 sec: 117105 operations; 2738.4 current ops/sec; est completion in 1 hour 10 minutes [READ: Count=13758, Max=825343, Min=0, Avg=11370.79, 90=22415, 99=108223, 99.9=532991, 99.99=624127] [UPDATE: Count=13624, Max=570879, Min=4, Avg=11775.02, 90=22495, 99=129855, 99.9=532479, 99.99=555007] [READ-FAILED: Count=7, Max=4751, Min=2018, Avg=2906.43, 90=3209, 99=4751, 99.9=4751, 99.99=4751] 
2020-09-07 14:43:25:488 60 sec: 141612 operations; 2450.45 current ops/sec; est completion in 1 hour 9 minutes [READ: Count=12378, Max=709119, Min=1, Avg=13029.53, 90=21839, 99=263423, 99.9=542719, 99.99=707071] [UPDATE: Count=12119, Max=786943, Min=3, Avg=13258.98, 90=22591, 99=292095, 99.9=545279, 99.99=751103] [READ-FAILED: Count=4, Max=2531, Min=1915, Avg=2200.5, 90=2531, 99=2531, 99.9=2531, 99.99=2531] 
2020-09-07 14:43:35:487 70 sec: 166992 operations; 2538.25 current ops/sec; est completion in 1 hour 8 minutes [READ: Count=12743, Max=1015295, Min=1, Avg=12246.84, 90=22607, 99=100607, 99.9=591871, 99.99=1004543] [UPDATE: Count=12626, Max=1006591, Min=3, Avg=12877.77, 90=22911, 99=172031, 99.9=556543, 99.99=1005055] [READ-FAILED: Count=11, Max=8231, Min=1801, Avg=3288, 90=3865, 99=8231, 99.9=8231, 99.99=8231] 
2020-09-07 14:43:45:487 80 sec: 192249 operations; 2525.7 current ops/sec; est completion in 1 hour 8 minutes [READ: Count=12551, Max=729599, Min=0, Avg=12355.19, 90=22511, 99=168191, 99.9=540671, 99.99=657919] [UPDATE: Count=12698, Max=613887, Min=1, Avg=13008.1, 90=22671, 99=254335, 99.9=536575, 99.99=585727] [READ-FAILED: Count=5, Max=6819, Min=2248, Avg=3692.6, 90=6819, 99=6819, 99.9=6819, 99.99=6819] 
2020-09-07 14:43:55:487 90 sec: 216938 operations; 2468.9 current ops/sec; est completion in 1 hour 7 minutes [READ: Count=12260, Max=1005567, Min=0, Avg=12844.58, 90=22063, 99=215423, 99.9=574463, 99.99=1002495] [UPDATE: Count=12427, Max=1001471, Min=1, Avg=13106.52, 90=22911, 99=221055, 99.9=561663, 99.99=999935] [READ-FAILED: Count=6, Max=7395, Min=2216, Avg=4184.83, 90=5491, 99=7395, 99.9=7395, 99.99=7395] 
2020-09-07 14:44:05:487 100 sec: 244886 operations; 2794.8 current ops/sec; est completion in 1 hour 6 minutes [READ: Count=13934, Max=592895, Min=1, Avg=11523.3, 90=23023, 99=107199, 99.9=540159, 99.99=589823] [UPDATE: Count=14002, Max=647679, Min=3, Avg=11312.78, 90=23039, 99=99071, 99.9=542719, 99.99=592895] [READ-FAILED: Count=8, Max=5515, Min=1832, Avg=2920.12, 90=3681, 99=5515, 99.9=5515, 99.99=5515] 
2020-09-07 14:44:15:487 110 sec: 272435 operations; 2754.9 current ops/sec; est completion in 1 hour 5 minutes [READ: Count=13828, Max=692223, Min=0, Avg=11455.28, 90=21759, 99=136831, 99.9=540671, 99.99=610815] [UPDATE: Count=13714, Max=782335, Min=4, Avg=11917.33, 90=21727, 99=162943, 99.9=537599, 99.99=771071] [READ-FAILED: Count=11, Max=6575, Min=1785, Avg=3046.36, 90=3971, 99=6575, 99.9=6575, 99.99=6575] 
2020-09-07 14:44:25:488 120 sec: 299009 operations; 2657.4 current ops/sec; est completion in 1 hour 4 minutes [READ: Count=13276, Max=578559, Min=0, Avg=11320.2, 90=23583, 99=93247, 99.9=530431, 99.99=571903] [UPDATE: Count=13281, Max=618495, Min=1, Avg=11696.43, 90=23743, 99=99647, 99.9=544255, 99.99=588287] [READ-FAILED: Count=10, Max=4455, Min=1858, Avg=2704.8, 90=3609, 99=4455, 99.9=4455, 99.99=4455] 
2020-09-07 14:44:35:487 130 sec: 325768 operations; 2675.9 current ops/sec; est completion in 1 hour 4 minutes [READ: Count=13340, Max=946175, Min=0, Avg=12502.57, 90=22687, 99=153343, 99.9=540671, 99.99=811519] [UPDATE: Count=13415, Max=975871, Min=1, Avg=12455.41, 90=23167, 99=153087, 99.9=545279, 99.99=703999] [READ-FAILED: Count=9, Max=4735, Min=2146, Avg=2961.67, 90=4231, 99=4735, 99.9=4735, 99.99=4735] 
2020-09-07 14:44:45:487 140 sec: 355445 operations; 2967.7 current ops/sec; est completion in 1 hour 3 minutes [READ: Count=14807, Max=572927, Min=0, Avg=10431.82, 90=22367, 99=92223, 99.9=528383, 99.99=556031] [UPDATE: Count=14860, Max=661503, Min=1, Avg=11079.4, 90=22831, 99=99199, 99.9=542719, 99.99=614911] [READ-FAILED: Count=9, Max=4323, Min=2368, Avg=3281.33, 90=3785, 99=4323, 99.9=4323, 99.99=4323] 
2020-09-07 14:44:55:487 150 sec: 380639 operations; 2519.4 current ops/sec; est completion in 1 hour 3 minutes [READ: Count=12527, Max=898047, Min=0, Avg=12293.61, 90=21951, 99=166655, 99.9=554495, 99.99=823295] [UPDATE: Count=12660, Max=936447, Min=3, Avg=13074.39, 90=23151, 99=213503, 99.9=544255, 99.99=858623] [READ-FAILED: Count=12, Max=4223, Min=1968, Avg=2639.33, 90=3037, 99=4223, 99.9=4223, 99.99=4223] 
2020-09-07 14:45:05:487 160 sec: 406463 operations; 2582.4 current ops/sec; est completion in 1 hour 2 minutes [READ: Count=12916, Max=599551, Min=0, Avg=12347.77, 90=21951, 99=207743, 99.9=540671, 99.99=579071] [UPDATE: Count=12899, Max=575999, Min=1, Avg=12317.99, 90=22623, 99=204031, 99.9=543743, 99.99=568831] [READ-FAILED: Count=5, Max=3915, Min=1939, Avg=2710.2, 90=3915, 99=3915, 99.9=3915, 99.99=3915] 
2020-09-07 14:45:15:487 170 sec: 433196 operations; 2673.3 current ops/sec; est completion in 1 hour 2 minutes [READ: Count=13280, Max=589823, Min=1, Avg=12031.09, 90=22159, 99=159359, 99.9=536063, 99.99=576511] [UPDATE: Count=13450, Max=603647, Min=3, Avg=12046.97, 90=22767, 99=152575, 99.9=547327, 99.99=596991] [READ-FAILED: Count=4, Max=3151, Min=1809, Avg=2553.5, 90=3151, 99=3151, 99.9=3151, 99.99=3151] 
2020-09-07 14:45:25:487 180 sec: 460893 operations; 2769.7 current ops/sec; est completion in 1 hour 2 minutes [READ: Count=13858, Max=603135, Min=1, Avg=11318.34, 90=23855, 99=92095, 99.9=530431, 99.99=581119] [UPDATE: Count=13834, Max=749567, Min=1, Avg=11648.28, 90=24559, 99=91071, 99.9=532991, 99.99=569343] [READ-FAILED: Count=7, Max=6807, Min=1964, Avg=3102.71, 90=3397, 99=6807, 99.9=6807, 99.99=6807] 
2020-09-07 14:45:35:487 190 sec: 488259 operations; 2736.6 current ops/sec; est completion in 1 hour 1 minute [READ: Count=13761, Max=594431, Min=0, Avg=11512.36, 90=22799, 99=126975, 99.9=529919, 99.99=557567] [UPDATE: Count=13590, Max=570367, Min=1, Avg=11323.63, 90=22463, 99=135423, 99.9=530431, 99.99=566271] [READ-FAILED: Count=9, Max=3687, Min=1987, Avg=2755.44, 90=3441, 99=3687, 99.9=3687, 99.99=3687] 
2020-09-07 14:45:45:488 200 sec: 513815 operations; 2555.6 current ops/sec; est completion in 1 hour 1 minute [READ: Count=12750, Max=1035263, Min=0, Avg=12594.19, 90=22559, 99=210303, 99.9=547839, 99.99=714239] [UPDATE: Count=12798, Max=605183, Min=3, Avg=13157.67, 90=22607, 99=280831, 99.9=552447, 99.99=598527] [READ-FAILED: Count=7, Max=8335, Min=1911, Avg=3037.29, 90=2587, 99=8335, 99.9=8335, 99.99=8335] 
2020-09-07 14:45:55:487 210 sec: 541590 operations; 2777.5 current ops/sec; est completion in 1 hour 1 minute [READ: Count=13857, Max=623615, Min=1, Avg=11215.87, 90=23071, 99=92543, 99.9=526847, 99.99=568319] [UPDATE: Count=13913, Max=613887, Min=1, Avg=11765.28, 90=23375, 99=104127, 99.9=539135, 99.99=605695] [READ-FAILED: Count=8, Max=6991, Min=1871, Avg=3161.88, 90=3547, 99=6991, 99.9=6991, 99.99=6991] 
2020-09-07 14:46:05:487 220 sec: 567284 operations; 2569.4 current ops/sec; est completion in 1 hour [READ: Count=12751, Max=591871, Min=0, Avg=12437.57, 90=24095, 99=144255, 99.9=538111, 99.99=583167] [UPDATE: Count=12933, Max=642559, Min=1, Avg=12239.96, 90=24079, 99=149375, 99.9=541183, 99.99=594943] [READ-FAILED: Count=9, Max=5071, Min=1841, Avg=3362.22, 90=4859, 99=5071, 99.9=5071, 99.99=5071] 
2020-09-07 14:46:15:487 230 sec: 594584 operations; 2730 current ops/sec; est completion in 1 hour [READ: Count=13641, Max=699391, Min=1, Avg=11406.17, 90=22959, 99=108031, 99.9=539647, 99.99=571391] [UPDATE: Count=13656, Max=614911, Min=1, Avg=12175.55, 90=23391, 99=150271, 99.9=543743, 99.99=606719] [READ-FAILED: Count=9, Max=6819, Min=2011, Avg=2980.44, 90=2953, 99=6819, 99.9=6819, 99.99=6819] 
2020-09-07 14:46:25:487 240 sec: 622552 operations; 2796.8 current ops/sec; est completion in 1 hour [READ: Count=13945, Max=859647, Min=0, Avg=11523.95, 90=22783, 99=107263, 99.9=530943, 99.99=720383] [UPDATE: Count=14014, Max=649727, Min=1, Avg=11369.64, 90=22767, 99=106367, 99.9=534015, 99.99=594943] [READ-FAILED: Count=6, Max=3017, Min=1783, Avg=2455.33, 90=2965, 99=3017, 99.9=3017, 99.99=3017] 
2020-09-07 14:46:35:487 250 sec: 648842 operations; 2629 current ops/sec; est completion in 1 hour [READ: Count=13200, Max=609279, Min=0, Avg=11492.87, 90=21663, 99=141951, 99.9=541695, 99.99=593919] [UPDATE: Count=13080, Max=611327, Min=0, Avg=12700.75, 90=22623, 99=238207, 99.9=539135, 99.99=606207] [READ-FAILED: Count=10, Max=19919, Min=1956, Avg=6199.9, 90=19567, 99=19919, 99.9=19919, 99.99=19919] 
2020-09-07 14:46:45:487 260 sec: 675978 operations; 2713.6 current ops/sec; est completion in 59 minutes [READ: Count=13514, Max=567295, Min=1, Avg=11768.25, 90=23487, 99=114175, 99.9=531967, 99.99=562687] [UPDATE: Count=13619, Max=575999, Min=1, Avg=11930.36, 90=23439, 99=135039, 99.9=531967, 99.99=564223] [READ-FAILED: Count=6, Max=5519, Min=1770, Avg=3038.83, 90=4055, 99=5519, 99.9=5519, 99.99=5519] 
2020-09-07 14:46:55:487 270 sec: 703602 operations; 2762.4 current ops/sec; est completion in 59 minutes [READ: Count=13772, Max=724479, Min=0, Avg=11900.78, 90=22959, 99=135935, 99.9=529919, 99.99=595967] [UPDATE: Count=13847, Max=574463, Min=1, Avg=11401.22, 90=22991, 99=97023, 99.9=532479, 99.99=552447] [READ-FAILED: Count=8, Max=4703, Min=1606, Avg=2683.25, 90=2975, 99=4703, 99.9=4703, 99.99=4703] 
2020-09-07 14:47:05:487 280 sec: 730165 operations; 2656.3 current ops/sec; est completion in 59 minutes [READ: Count=13419, Max=587775, Min=0, Avg=11754.58, 90=22975, 99=130367, 99.9=529407, 99.99=569855] [UPDATE: Count=13131, Max=986623, Min=3, Avg=12258.83, 90=24015, 99=136319, 99.9=533503, 99.99=590335] [READ-FAILED: Count=3, Max=3569, Min=3014, Avg=3287.67, 90=3569, 99=3569, 99.9=3569, 99.99=3569] 
2020-09-07 14:47:15:487 290 sec: 754366 operations; 2420.1 current ops/sec; est completion in 59 minutes [READ: Count=11984, Max=606207, Min=0, Avg=13188.59, 90=24015, 99=276223, 99.9=538111, 99.99=592383] [UPDATE: Count=12213, Max=631295, Min=3, Avg=13145.69, 90=24127, 99=229119, 99.9=544255, 99.99=614399] [READ-FAILED: Count=7, Max=3211, Min=1792, Avg=2645.43, 90=3051, 99=3211, 99.9=3211, 99.99=3211] 
2020-09-07 14:47:25:487 300 sec: 782458 operations; 2809.2 current ops/sec; est completion in 58 minutes [READ: Count=13892, Max=684543, Min=0, Avg=11278.53, 90=21615, 99=103743, 99.9=534015, 99.99=659455] [UPDATE: Count=14189, Max=662015, Min=3, Avg=11430.49, 90=21951, 99=102271, 99.9=540671, 99.99=605695] [READ-FAILED: Count=7, Max=4067, Min=2106, Avg=2737.57, 90=3057, 99=4067, 99.9=4067, 99.99=4067] 
Maximum time elapsed. Requesting stop for the workload.
Stop requested for workload. Now Joining!
[36m14:47:25.818[m [[34;1mINFO[m] [1;34mp.u.t.s.y.Stats.clientFinished@38[m: 
Ended SconeKV benchmark.
Number of clients: 32
Total transactions: 155710
Committed: 119453 (76.71505%)
Aborted: 36257 (23.284952%)
2020-09-07 14:47:25:820 300 sec: 782668 operations; 630.63 current ops/sec; est completion in 58 minutes [READ: Count=107, Max=535551, Min=1544, Avg=41675.84, 90=31567, 99=530431, 99.9=535551, 99.99=535551] [CLEANUP: Count=32, Max=1529, Min=2, Avg=51.59, 90=7, 99=1529, 99.9=1529, 99.99=1529] [UPDATE: Count=102, Max=539647, Min=6, Avg=43083.96, 90=65855, 99=525311, 99.9=539647, 99.99=539647] [READ-FAILED: Count=0, Max=0, Min=9223372036854775807, Avg=NaN, 90=0, 99=0, 99.9=0, 99.99=0] 
[OVERALL], RunTime(ms), 300333
[OVERALL], Throughput(ops/sec), 2606.000672586762
[TOTAL_GCS_G1_Young_Generation], Count, 133
[TOTAL_GC_TIME_G1_Young_Generation], Time(ms), 980
[TOTAL_GC_TIME_%_G1_Young_Generation], Time(%), 0.32630446870640256
[TOTAL_GCS_G1_Old_Generation], Count, 0
[TOTAL_GC_TIME_G1_Old_Generation], Time(ms), 0
[TOTAL_GC_TIME_%_G1_Old_Generation], Time(%), 0.0
[TOTAL_GCs], Count, 133
[TOTAL_GC_TIME], Time(ms), 980
[TOTAL_GC_TIME_%], Time(%), 0.32630446870640256
[READ], Operations, 390919
[READ], AverageLatency(us), 12038.398133628705
[READ], MinLatency(us), 0
[READ], MaxLatency(us), 1035263
[READ], 95thPercentileLatency(us), 31599
[READ], 99thPercentileLatency(us), 138367
[READ], Return=OK, 390919
[READ], Return=NOT_FOUND, 220
[CLEANUP], Operations, 32
[CLEANUP], AverageLatency(us), 51.59375
[CLEANUP], MinLatency(us), 2
[CLEANUP], MaxLatency(us), 1529
[CLEANUP], 95thPercentileLatency(us), 8
[CLEANUP], 99thPercentileLatency(us), 1529
[UPDATE], Operations, 391529
[UPDATE], AverageLatency(us), 12297.950912959193
[UPDATE], MinLatency(us), 0
[UPDATE], MaxLatency(us), 1006591
[UPDATE], 95thPercentileLatency(us), 32607
[UPDATE], 99thPercentileLatency(us), 156799
[UPDATE], Return=OK, 391529
[READ-FAILED], Operations, 220
[READ-FAILED], AverageLatency(us), 3132.981818181818
[READ-FAILED], MinLatency(us), 1606
[READ-FAILED], MaxLatency(us), 19919
[READ-FAILED], 95thPercentileLatency(us), 5519
[READ-FAILED], 99thPercentileLatency(us), 8335
