Command line: -t -db pt.ulisboa.tecnico.sconekv.ycsb.SconeKVClient -P workloadf -threads 64 -s -p scone.tx_size=5 -p operationcount=10000000 -p maxexecutiontime=300
YCSB Client 0.17.0

Loading workload...
Starting test.
WARNING: sun.reflect.Reflection.getCallerClass is not supported. This will impact performance.
Maximum execution time specified as: 300 secs
2020-09-29 15:33:39:512 0 sec: 0 operations; est completion in 0 second 
DBWrapper: report latency for each error is false and specific error codes to track for latency are: []
DBWrapper: report latency for each error is false and specific error codes to track for latency are: []
DBWrapper: report latency for each error is false and specific error codes to track for latency are: []
DBWrapper: report latency for each error is false and specific error codes to track for latency are: []
DBWrapper: report latency for each error is false and specific error codes to track for latency are: []
DBWrapper: report latency for each error is false and specific error codes to track for latency are: []
DBWrapper: report latency for each error is false and specific error codes to track for latency are: []
DBWrapper: report latency for each error is false and specific error codes to track for latency are: []
DBWrapper: report latency for each error is false and specific error codes to track for latency are: []
DBWrapper: report latency for each error is false and specific error codes to track for latency are: []
DBWrapper: report latency for each error is false and specific error codes to track for latency are: []
DBWrapper: report latency for each error is false and specific error codes to track for latency are: []
DBWrapper: report latency for each error is false and specific error codes to track for latency are: []
DBWrapper: report latency for each error is false and specific error codes to track for latency are: []
DBWrapper: report latency for each error is false and specific error codes to track for latency are: []
DBWrapper: report latency for each error is false and specific error codes to track for latency are: []
DBWrapper: report latency for each error is false and specific error codes to track for latency are: []
DBWrapper: report latency for each error is false and specific error codes to track for latency are: []
DBWrapper: report latency for each error is false and specific error codes to track for latency are: []
DBWrapper: report latency for each error is false and specific error codes to track for latency are: []
DBWrapper: report latency for each error is false and specific error codes to track for latency are: []
DBWrapper: report latency for each error is false and specific error codes to track for latency are: []
DBWrapper: report latency for each error is false and specific error codes to track for latency are: []
DBWrapper: report latency for each error is false and specific error codes to track for latency are: []
DBWrapper: report latency for each error is false and specific error codes to track for latency are: []
DBWrapper: report latency for each error is false and specific error codes to track for latency are: []
DBWrapper: report latency for each error is false and specific error codes to track for latency are: []
DBWrapper: report latency for each error is false and specific error codes to track for latency are: []
DBWrapper: report latency for each error is false and specific error codes to track for latency are: []
DBWrapper: report latency for each error is false and specific error codes to track for latency are: []
DBWrapper: report latency for each error is false and specific error codes to track for latency are: []
DBWrapper: report latency for each error is false and specific error codes to track for latency are: []
DBWrapper: report latency for each error is false and specific error codes to track for latency are: []
DBWrapper: report latency for each error is false and specific error codes to track for latency are: []
DBWrapper: report latency for each error is false and specific error codes to track for latency are: []
DBWrapper: report latency for each error is false and specific error codes to track for latency are: []
DBWrapper: report latency for each error is false and specific error codes to track for latency are: []
DBWrapper: report latency for each error is false and specific error codes to track for latency are: []
DBWrapper: report latency for each error is false and specific error codes to track for latency are: []
DBWrapper: report latency for each error is false and specific error codes to track for latency are: []
DBWrapper: report latency for each error is false and specific error codes to track for latency are: []
DBWrapper: report latency for each error is false and specific error codes to track for latency are: []
DBWrapper: report latency for each error is false and specific error codes to track for latency are: []
DBWrapper: report latency for each error is false and specific error codes to track for latency are: []
DBWrapper: report latency for each error is false and specific error codes to track for latency are: []
DBWrapper: report latency for each error is false and specific error codes to track for latency are: []
DBWrapper: report latency for each error is false and specific error codes to track for latency are: []
DBWrapper: report latency for each error is false and specific error codes to track for latency are: []
DBWrapper: report latency for each error is false and specific error codes to track for latency are: []
DBWrapper: report latency for each error is false and specific error codes to track for latency are: []
DBWrapper: report latency for each error is false and specific error codes to track for latency are: []
DBWrapper: report latency for each error is false and specific error codes to track for latency are: []
DBWrapper: report latency for each error is false and specific error codes to track for latency are: []
DBWrapper: report latency for each error is false and specific error codes to track for latency are: []
DBWrapper: report latency for each error is false and specific error codes to track for latency are: []
DBWrapper: report latency for each error is false and specific error codes to track for latency are: []
DBWrapper: report latency for each error is false and specific error codes to track for latency are: []
DBWrapper: report latency for each error is false and specific error codes to track for latency are: []
DBWrapper: report latency for each error is false and specific error codes to track for latency are: []
DBWrapper: report latency for each error is false and specific error codes to track for latency are: []
DBWrapper: report latency for each error is false and specific error codes to track for latency are: []
DBWrapper: report latency for each error is false and specific error codes to track for latency are: []
2020-09-29 15:33:49:512 10 sec: 11799 operations; 1179.9 current ops/sec; est completion in 2 hours 21 minutes [READ: Count=11795, Max=768511, Min=0, Avg=32182.09, 90=65247, 99=306175, 99.9=597503, 99.99=755711] [READ-MODIFY-WRITE: Count=5953, Max=822271, Min=5, Avg=35769.65, 90=75263, 99=341247, 99.9=631807, 99.99=685055] [UPDATE: Count=5958, Max=173439, Min=1, Avg=3833.94, 90=12991, 99=56767, 99.9=120639, 99.99=145663] [READ-FAILED: Count=5, Max=53855, Min=5132, Avg=17592.4, 90=53855, 99=53855, 99.9=53855, 99.99=53855] 
DBWrapper: report latency for each error is false and specific error codes to track for latency are: []
DBWrapper: report latency for each error is false and specific error codes to track for latency are: []
2020-09-29 15:33:59:512 20 sec: 39107 operations; 2730.8 current ops/sec; est completion in 1 hour 24 minutes [READ: Count=27304, Max=817151, Min=0, Avg=22249.4, 90=35423, 99=519679, 99.9=594431, 99.99=699903] [READ-MODIFY-WRITE: Count=13508, Max=744959, Min=1, Avg=23105.11, 90=41439, 99=522239, 99.9=602623, 99.99=712191] [UPDATE: Count=13515, Max=192383, Min=0, Avg=1499.6, 90=4355, 99=19791, 99.9=46815, 99.99=172415] [READ-FAILED: Count=8, Max=11575, Min=2174, Avg=4789.88, 90=7627, 99=11575, 99.9=11575, 99.99=11575] 
2020-09-29 15:34:09:512 30 sec: 71241 operations; 3213.4 current ops/sec; est completion in 1 hour 9 minutes [READ: Count=32128, Max=990719, Min=0, Avg=19470.5, 90=30735, 99=483583, 99.9=593919, 99.99=884735] [READ-MODIFY-WRITE: Count=15994, Max=992767, Min=2, Avg=20075.23, 90=35103, 99=479231, 99.9=591359, 99.99=931327] [UPDATE: Count=15993, Max=121343, Min=0, Avg=1031.55, 90=3555, 99=11311, 99.9=39903, 99.99=114623] [READ-FAILED: Count=9, Max=7955, Min=2418, Avg=3947.89, 90=6219, 99=7955, 99.9=7955, 99.99=7955] 
2020-09-29 15:34:19:512 40 sec: 104840 operations; 3359.9 current ops/sec; est completion in 1 hour 2 minutes [READ: Count=33582, Max=1087487, Min=0, Avg=18062.67, 90=34335, 99=362495, 99.9=550911, 99.99=643583] [READ-MODIFY-WRITE: Count=16971, Max=1106943, Min=2, Avg=19806.42, 90=38655, 99=427263, 99.9=576511, 99.99=837119] [UPDATE: Count=16964, Max=199295, Min=0, Avg=1081.69, 90=3415, 99=12351, 99.9=63263, 99.99=177791] [READ-FAILED: Count=10, Max=26943, Min=2432, Avg=6665.3, 90=7959, 99=26943, 99.9=26943, 99.99=26943] 
2020-09-29 15:34:29:512 50 sec: 134702 operations; 2986.2 current ops/sec; est completion in 1 hour 1 minute [READ: Count=29856, Max=1112063, Min=0, Avg=21110.41, 90=40671, 99=475903, 99.9=649215, 99.99=929791] [READ-MODIFY-WRITE: Count=14989, Max=935935, Min=2, Avg=22001.78, 90=44255, 99=476927, 99.9=693759, 99.99=932351] [UPDATE: Count=14995, Max=501503, Min=0, Avg=1334.45, 90=3441, 99=18319, 99.9=66303, 99.99=499711] [READ-FAILED: Count=8, Max=4975, Min=2048, Avg=3292.75, 90=4963, 99=4975, 99.9=4975, 99.99=4975] 
2020-09-29 15:34:39:512 60 sec: 164206 operations; 2950.4 current ops/sec; est completion in 59 minutes [READ: Count=29495, Max=1093631, Min=0, Avg=20969.27, 90=33535, 99=515839, 99.9=580607, 99.99=858111] [READ-MODIFY-WRITE: Count=14699, Max=895999, Min=2, Avg=22589.4, 90=39423, 99=521471, 99.9=591359, 99.99=807935] [UPDATE: Count=14703, Max=512255, Min=0, Avg=1620.64, 90=3613, 99=16143, 99.9=204927, 99.99=510207] [READ-FAILED: Count=9, Max=8391, Min=1674, Avg=3830.89, 90=4643, 99=8391, 99.9=8391, 99.99=8391] 
2020-09-29 15:34:49:512 70 sec: 196467 operations; 3226.1 current ops/sec; est completion in 58 minutes [READ: Count=32259, Max=832511, Min=0, Avg=19329.13, 90=35359, 99=414975, 99.9=569343, 99.99=782335] [READ-MODIFY-WRITE: Count=16205, Max=838655, Min=3, Avg=20649.59, 90=41087, 99=421119, 99.9=569343, 99.99=700415] [UPDATE: Count=16206, Max=177151, Min=0, Avg=1081.81, 90=3509, 99=12215, 99.9=40479, 99.99=142207] [READ-FAILED: Count=5, Max=6587, Min=3278, Avg=4670.2, 90=6587, 99=6587, 99.9=6587, 99.99=6587] 
2020-09-29 15:34:59:512 80 sec: 232685 operations; 3621.8 current ops/sec; est completion in 55 minutes [READ: Count=36212, Max=769535, Min=1, Avg=16977.21, 90=35327, 99=218751, 99.9=543231, 99.99=671743] [READ-MODIFY-WRITE: Count=18149, Max=776191, Min=3, Avg=17777.56, 90=39967, 99=214143, 99.9=556543, 99.99=698367] [UPDATE: Count=18136, Max=157055, Min=1, Avg=1168.85, 90=3587, 99=16215, 99.9=55391, 99.99=116095] [READ-FAILED: Count=5, Max=3045, Min=2178, Avg=2661.8, 90=3045, 99=3045, 99.9=3045, 99.99=3045] 
2020-09-29 15:35:09:512 90 sec: 266865 operations; 3418 current ops/sec; est completion in 54 minutes [READ: Count=34170, Max=1052671, Min=0, Avg=18189.48, 90=30687, 99=454655, 99.9=552959, 99.99=947199] [READ-MODIFY-WRITE: Count=16981, Max=1055743, Min=2, Avg=19330.59, 90=35519, 99=460031, 99.9=564735, 99.99=857087] [UPDATE: Count=16984, Max=139903, Min=0, Avg=976.37, 90=3413, 99=10463, 99.9=36831, 99.99=100991] [READ-FAILED: Count=6, Max=8991, Min=2354, Avg=3979.17, 90=3675, 99=8991, 99.9=8991, 99.99=8991] 
2020-09-29 15:35:19:511 100 sec: 299284 operations; 3241.9 current ops/sec; est completion in 54 minutes [READ: Count=32405, Max=1549311, Min=0, Avg=19408.02, 90=31951, 99=498943, 99.9=659967, 99.99=1021951] [READ-MODIFY-WRITE: Count=16230, Max=1552383, Min=1, Avg=20756.69, 90=36479, 99=517631, 99.9=683519, 99.99=1138687] [UPDATE: Count=16234, Max=164351, Min=0, Avg=1062.72, 90=3511, 99=11807, 99.9=42783, 99.99=132607] [READ-FAILED: Count=18, Max=13575, Min=2096, Avg=4110.44, 90=4819, 99=13575, 99.9=13575, 99.99=13575] 
2020-09-29 15:35:29:512 110 sec: 332563 operations; 3327.9 current ops/sec; est completion in 53 minutes [READ: Count=33274, Max=873983, Min=0, Avg=18417.83, 90=38527, 99=306687, 99.9=584191, 99.99=853503] [READ-MODIFY-WRITE: Count=16668, Max=877055, Min=2, Avg=19833.68, 90=43679, 99=350975, 99.9=599551, 99.99=860671] [UPDATE: Count=16665, Max=517887, Min=0, Avg=1247.8, 90=3425, 99=14127, 99.9=72511, 99.99=490751] [READ-FAILED: Count=6, Max=17423, Min=1821, Avg=6043.17, 90=5623, 99=17423, 99.9=17423, 99.99=17423] 
2020-09-29 15:35:39:512 120 sec: 359371 operations; 2680.8 current ops/sec; est completion in 53 minutes [READ: Count=26801, Max=1011199, Min=0, Avg=23054.21, 90=47231, 99=434687, 99.9=804863, 99.99=980991] [READ-MODIFY-WRITE: Count=13489, Max=992767, Min=2, Avg=24691.54, 90=53247, 99=452351, 99.9=780287, 99.99=982527] [UPDATE: Count=13492, Max=527359, Min=0, Avg=1452.03, 90=3469, 99=20159, 99.9=82047, 99.99=521471] [READ-FAILED: Count=8, Max=28015, Min=2060, Avg=6166.5, 90=4635, 99=28015, 99.9=28015, 99.99=28015] 
2020-09-29 15:35:49:512 130 sec: 392025 operations; 3265.4 current ops/sec; est completion in 53 minutes [READ: Count=32646, Max=1418239, Min=0, Avg=19175.46, 90=29695, 99=487935, 99.9=585727, 99.99=731135] [READ-MODIFY-WRITE: Count=16330, Max=665599, Min=2, Avg=19316.08, 90=34559, 99=442623, 99.9=586239, 99.99=647167] [UPDATE: Count=16326, Max=134783, Min=0, Avg=1077.08, 90=3523, 99=11103, 99.9=75583, 99.99=119935] [READ-FAILED: Count=5, Max=4427, Min=2126, Avg=3402.6, 90=4427, 99=4427, 99.9=4427, 99.99=4427] 
2020-09-29 15:35:59:512 140 sec: 426978 operations; 3495.3 current ops/sec; est completion in 52 minutes [READ: Count=34941, Max=758783, Min=0, Avg=17880.12, 90=31871, 99=393983, 99.9=552959, 99.99=675327] [READ-MODIFY-WRITE: Count=17297, Max=712703, Min=1, Avg=18549.81, 90=36383, 99=374015, 99.9=553983, 99.99=583679] [UPDATE: Count=17294, Max=239615, Min=0, Avg=1050.22, 90=3427, 99=11383, 99.9=39455, 99.99=186751] [READ-FAILED: Count=10, Max=9983, Min=2208, Avg=4287.2, 90=6279, 99=9983, 99.9=9983, 99.99=9983] 
2020-09-29 15:36:09:512 150 sec: 464281 operations; 3730.3 current ops/sec; est completion in 51 minutes [READ: Count=37310, Max=815615, Min=0, Avg=16577.24, 90=34495, 99=215295, 99.9=580607, 99.99=747007] [READ-MODIFY-WRITE: Count=18541, Max=818175, Min=2, Avg=17546.96, 90=38687, 99=219135, 99.9=589823, 99.99=797695] [UPDATE: Count=18542, Max=168959, Min=0, Avg=1114.41, 90=3593, 99=13087, 99.9=49247, 99.99=159871] [READ-FAILED: Count=3, Max=3463, Min=2970, Avg=3263, 90=3463, 99=3463, 99.9=3463, 99.99=3463] 
2020-09-29 15:36:19:512 160 sec: 496076 operations; 3179.5 current ops/sec; est completion in 51 minutes [READ: Count=31779, Max=1288191, Min=0, Avg=19452.56, 90=41599, 99=337151, 99.9=598527, 99.99=1209343] [READ-MODIFY-WRITE: Count=15937, Max=1245183, Min=2, Avg=20344.13, 90=45887, 99=335615, 99.9=601087, 99.99=869375] [UPDATE: Count=15944, Max=186751, Min=0, Avg=1231.74, 90=3463, 99=16639, 99.9=56703, 99.99=175743] [READ-FAILED: Count=7, Max=13575, Min=2188, Avg=4416.86, 90=4013, 99=13575, 99.9=13575, 99.99=13575] 
2020-09-29 15:36:29:512 170 sec: 526608 operations; 3053.2 current ops/sec; est completion in 50 minutes [READ: Count=30526, Max=1065983, Min=0, Avg=20273.51, 90=34367, 99=445695, 99.9=630783, 99.99=915967] [READ-MODIFY-WRITE: Count=15194, Max=925695, Min=1, Avg=21618.58, 90=39455, 99=443391, 99.9=611839, 99.99=919039] [UPDATE: Count=15192, Max=182783, Min=0, Avg=1091.21, 90=3309, 99=11575, 99.9=86015, 99.99=174207] [READ-FAILED: Count=5, Max=7279, Min=2212, Avg=3938.6, 90=7279, 99=7279, 99.9=7279, 99.99=7279] 
2020-09-29 15:36:39:511 180 sec: 561376 operations; 3476.8 current ops/sec; est completion in 50 minutes [READ: Count=34770, Max=980991, Min=0, Avg=18055.72, 90=30719, 99=427007, 99.9=624127, 99.99=866303] [READ-MODIFY-WRITE: Count=17277, Max=944127, Min=3, Avg=19068.09, 90=35327, 99=445695, 99.9=638975, 99.99=868351] [UPDATE: Count=17275, Max=513279, Min=0, Avg=1093.99, 90=3567, 99=9855, 99.9=54207, 99.99=157823] [READ-FAILED: Count=7, Max=8623, Min=2294, Avg=4541.86, 90=6679, 99=8623, 99.9=8623, 99.99=8623] 
2020-09-29 15:36:49:512 190 sec: 597690 operations; 3631.4 current ops/sec; est completion in 49 minutes [READ: Count=36307, Max=911359, Min=0, Avg=17030.9, 90=33087, 99=251519, 99.9=565759, 99.99=661503] [READ-MODIFY-WRITE: Count=18154, Max=913407, Min=1, Avg=18319.16, 90=38591, 99=245247, 99.9=568831, 99.99=673279] [UPDATE: Count=18170, Max=164095, Min=0, Avg=1253.13, 90=3779, 99=15575, 99.9=66431, 99.99=140543] [READ-FAILED: Count=2, Max=3853, Min=3466, Avg=3660, 90=3853, 99=3853, 99.9=3853, 99.99=3853] 
2020-09-29 15:36:59:511 200 sec: 637000 operations; 3931 current ops/sec; est completion in 49 minutes [READ: Count=39297, Max=837631, Min=0, Avg=15715.04, 90=31439, 99=195967, 99.9=606719, 99.99=695295] [READ-MODIFY-WRITE: Count=19631, Max=804863, Min=2, Avg=16461.33, 90=35775, 99=187391, 99.9=609279, 99.99=687103] [UPDATE: Count=19615, Max=143615, Min=0, Avg=1022.8, 90=3683, 99=9527, 99.9=36031, 99.99=124735] [READ-FAILED: Count=10, Max=5047, Min=1830, Avg=3595.4, 90=4367, 99=5047, 99.9=5047, 99.99=5047] 
2020-09-29 15:37:09:512 210 sec: 673166 operations; 3616.6 current ops/sec; est completion in 48 minutes [READ: Count=36157, Max=987135, Min=0, Avg=17109.37, 90=32927, 99=274943, 99.9=580607, 99.99=630271] [READ-MODIFY-WRITE: Count=17922, Max=989695, Min=2, Avg=18203.4, 90=37599, 99=297215, 99.9=587775, 99.99=667647] [UPDATE: Count=17923, Max=499199, Min=0, Avg=1221.15, 90=3537, 99=9895, 99.9=93311, 99.99=483583] [READ-FAILED: Count=11, Max=5847, Min=1399, Avg=3220.09, 90=5007, 99=5847, 99.9=5847, 99.99=5847] 
2020-09-29 15:37:19:511 220 sec: 711017 operations; 3785.1 current ops/sec; est completion in 47 minutes [READ: Count=37835, Max=709631, Min=0, Avg=16188.73, 90=32303, 99=212991, 99.9=580607, 99.99=623615] [READ-MODIFY-WRITE: Count=18861, Max=714239, Min=2, Avg=17443.17, 90=37055, 99=236415, 99.9=581631, 99.99=654847] [UPDATE: Count=18860, Max=129215, Min=0, Avg=1074.82, 90=3709, 99=11375, 99.9=42079, 99.99=119615] [READ-FAILED: Count=12, Max=4311, Min=1954, Avg=3065.42, 90=3899, 99=4311, 99.9=4311, 99.99=4311] 
2020-09-29 15:37:29:512 230 sec: 745840 operations; 3482.3 current ops/sec; est completion in 47 minutes [READ: Count=34821, Max=1183743, Min=0, Avg=17906.32, 90=32159, 99=422655, 99.9=594431, 99.99=645631] [READ-MODIFY-WRITE: Count=17379, Max=993791, Min=2, Avg=18814.66, 90=37119, 99=401919, 99.9=604671, 99.99=650239] [UPDATE: Count=17382, Max=158591, Min=0, Avg=1079.54, 90=3655, 99=10575, 99.9=60959, 99.99=132863] [READ-FAILED: Count=7, Max=6279, Min=2624, Avg=4604.29, 90=6091, 99=6279, 99.9=6279, 99.99=6279] 
2020-09-29 15:37:39:512 240 sec: 780100 operations; 3426 current ops/sec; est completion in 47 minutes [READ: Count=34252, Max=1028095, Min=0, Avg=18212.16, 90=30495, 99=404735, 99.9=566271, 99.99=667647] [READ-MODIFY-WRITE: Count=17214, Max=692735, Min=1, Avg=19329.36, 90=34783, 99=411647, 99.9=569343, 99.99=646143] [UPDATE: Count=17218, Max=236159, Min=0, Avg=1065.79, 90=3425, 99=9767, 99.9=84607, 99.99=176767] [READ-FAILED: Count=7, Max=17183, Min=2043, Avg=6632.29, 90=12607, 99=17183, 99.9=17183, 99.99=17183] 
2020-09-29 15:37:49:511 250 sec: 820392 operations; 4029.2 current ops/sec; est completion in 46 minutes [READ: Count=40281, Max=820735, Min=0, Avg=15335.9, 90=32175, 99=173183, 99.9=561151, 99.99=631807] [READ-MODIFY-WRITE: Count=20107, Max=654847, Min=2, Avg=16504.89, 90=37247, 99=187135, 99.9=563711, 99.99=631807] [UPDATE: Count=20096, Max=144127, Min=1, Avg=1046.79, 90=3703, 99=10207, 99.9=34975, 99.99=124351] [READ-FAILED: Count=8, Max=5699, Min=2492, Avg=3676.12, 90=5091, 99=5699, 99.9=5699, 99.99=5699] 
2020-09-29 15:37:59:512 260 sec: 854457 operations; 3406.5 current ops/sec; est completion in 46 minutes [READ: Count=34058, Max=1012735, Min=0, Avg=18235.28, 90=34335, 99=349695, 99.9=585215, 99.99=836095] [READ-MODIFY-WRITE: Count=16809, Max=1014783, Min=2, Avg=19652.21, 90=39295, 99=387839, 99.9=600063, 99.99=800767] [UPDATE: Count=16816, Max=509439, Min=0, Avg=1274.38, 90=3691, 99=12535, 99.9=48639, 99.99=451839] [READ-FAILED: Count=10, Max=11095, Min=1704, Avg=5059.8, 90=7139, 99=11095, 99.9=11095, 99.99=11095] 
2020-09-29 15:38:09:511 270 sec: 894128 operations; 3967.1 current ops/sec; est completion in 45 minutes [READ: Count=39661, Max=655871, Min=0, Avg=15312.12, 90=29151, 99=219007, 99.9=554495, 99.99=625663] [READ-MODIFY-WRITE: Count=19777, Max=660479, Min=3, Avg=15881.48, 90=33535, 99=191743, 99.9=546303, 99.99=649727] [UPDATE: Count=19770, Max=144767, Min=0, Avg=1059.6, 90=3757, 99=10143, 99.9=43359, 99.99=130751] [READ-FAILED: Count=5, Max=7255, Min=2009, Avg=4521, 90=7255, 99=7255, 99.9=7255, 99.99=7255] 
2020-09-29 15:38:19:512 280 sec: 933438 operations; 3931 current ops/sec; est completion in 45 minutes [READ: Count=39304, Max=1131519, Min=0, Avg=15988.93, 90=30015, 99=246527, 99.9=568319, 99.99=708095] [READ-MODIFY-WRITE: Count=19662, Max=1148927, Min=2, Avg=17147.69, 90=34751, 99=259455, 99.9=570879, 99.99=698367] [UPDATE: Count=19669, Max=146687, Min=0, Avg=1076.93, 90=3771, 99=10423, 99.9=41919, 99.99=125439] [READ-FAILED: Count=7, Max=8767, Min=2134, Avg=3968.29, 90=4075, 99=8767, 99.9=8767, 99.99=8767] 
2020-09-29 15:38:29:511 290 sec: 973660 operations; 4022.2 current ops/sec; est completion in 44 minutes [READ: Count=40219, Max=709119, Min=0, Avg=15429.49, 90=28863, 99=205567, 99.9=569855, 99.99=673279] [READ-MODIFY-WRITE: Count=20078, Max=637439, Min=1, Avg=16242.62, 90=33471, 99=204799, 99.9=568831, 99.99=616959] [UPDATE: Count=20078, Max=144127, Min=0, Avg=1042.55, 90=3773, 99=9703, 99.9=41503, 99.99=116735] [READ-FAILED: Count=8, Max=6191, Min=2008, Avg=3571.75, 90=4371, 99=6191, 99.9=6191, 99.99=6191] 
2020-09-29 15:38:39:512 300 sec: 1007977 operations; 3431.36 current ops/sec; est completion in 44 minutes [READ: Count=34305, Max=837631, Min=0, Avg=17552.5, 90=29695, 99=366335, 99.9=612863, 99.99=781823] [READ-MODIFY-WRITE: Count=16995, Max=841727, Min=2, Avg=18730.21, 90=34431, 99=370431, 99.9=614911, 99.99=791039] [UPDATE: Count=16986, Max=134911, Min=0, Avg=1060.67, 90=3689, 99=9751, 99.9=46623, 99.99=130239] [READ-FAILED: Count=6, Max=7983, Min=2942, Avg=4614.33, 90=5327, 99=7983, 99.9=7983, 99.99=7983] 
Maximum time elapsed. Requesting stop for the workload.
Stop requested for workload. Now Joining!
[36m15:38:39.716[m [[34;1mINFO[m] [1;34mp.u.t.s.y.Stats.clientFinished@38[m: 
Ended SconeKV benchmark.
Number of clients: 64
Total transactions: 222654
Committed: 162531 (72.997116%)
Aborted: 60123 (27.002884%)
2020-09-29 15:38:39:718 300 sec: 1008044 operations; 325.24 current ops/sec; est completion in 44 minutes [READ: Count=67, Max=609279, Min=2062, Avg=437693.57, 90=564223, 99=593919, 99.9=609279, 99.99=609279] [READ-MODIFY-WRITE: Count=28, Max=613375, Min=2336, Avg=457112.04, 90=577535, 99=613375, 99.9=613375, 99.99=613375] [CLEANUP: Count=64, Max=1580, Min=2, Avg=28.17, 90=4, 99=15, 99.9=1580, 99.99=1580] [UPDATE: Count=28, Max=4069, Min=3, Avg=2597.36, 90=3389, 99=4069, 99.9=4069, 99.99=4069] [READ-FAILED: Count=0, Max=0, Min=9223372036854775807, Avg=NaN, 90=0, 99=0, 99.9=0, 99.99=0] 
[OVERALL], RunTime(ms), 300209
[OVERALL], Throughput(ops/sec), 3357.807394182053
[TOTAL_GCS_G1_Young_Generation], Count, 153
[TOTAL_GC_TIME_G1_Young_Generation], Time(ms), 1552
[TOTAL_GC_TIME_%_G1_Young_Generation], Time(%), 0.516973175354503
[TOTAL_GCS_G1_Old_Generation], Count, 0
[TOTAL_GC_TIME_G1_Old_Generation], Time(ms), 0
[TOTAL_GC_TIME_%_G1_Old_Generation], Time(%), 0.0
[TOTAL_GCs], Count, 153
[TOTAL_GC_TIME], Time(ms), 1552
[TOTAL_GC_TIME_%], Time(%), 0.516973175354503
[READ], Operations, 1007817
[READ], AverageLatency(us), 18220.012744377203
[READ], MinLatency(us), 0
[READ], MaxLatency(us), 1549311
[READ], 95thPercentileLatency(us), 55263
[READ], 99thPercentileLatency(us), 357631
[READ], Return=OK, 1007817
[READ], Return=NOT_FOUND, 227
[READ-MODIFY-WRITE], Operations, 503029
[READ-MODIFY-WRITE], AverageLatency(us), 19313.51384313827
[READ-MODIFY-WRITE], MinLatency(us), 1
[READ-MODIFY-WRITE], MaxLatency(us), 1552383
[READ-MODIFY-WRITE], 95thPercentileLatency(us), 61311
[READ-MODIFY-WRITE], 99thPercentileLatency(us), 360703
[CLEANUP], Operations, 64
[CLEANUP], AverageLatency(us), 28.171875
[CLEANUP], MinLatency(us), 2
[CLEANUP], MaxLatency(us), 1580
[CLEANUP], 95thPercentileLatency(us), 5
[CLEANUP], 99thPercentileLatency(us), 15
[UPDATE], Operations, 503029
[UPDATE], AverageLatency(us), 1176.859598551972
[UPDATE], MinLatency(us), 0
[UPDATE], MaxLatency(us), 527359
[UPDATE], 95thPercentileLatency(us), 5107
[UPDATE], 99thPercentileLatency(us), 13399
[UPDATE], Return=OK, 503029
[READ-FAILED], Operations, 227
[READ-FAILED], AverageLatency(us), 4591.466960352423
[READ-FAILED], MinLatency(us), 1399
[READ-FAILED], MaxLatency(us), 53855
[READ-FAILED], 95thPercentileLatency(us), 9983
[READ-FAILED], 99thPercentileLatency(us), 26943
