Command line: -t -db pt.ulisboa.tecnico.sconekv.ycsb.SconeKVClient -P workloadb -threads 64 -s -p scone.tx_size=5 -p operationcount=10000000 -p maxexecutiontime=300
YCSB Client 0.17.0

Loading workload...
Starting test.
WARNING: sun.reflect.Reflection.getCallerClass is not supported. This will impact performance.
Maximum execution time specified as: 300 secs
2020-09-09 14:51:39:709 0 sec: 0 operations; est completion in 0 second 
DBWrapper: report latency for each error is false and specific error codes to track for latency are: []
DBWrapper: report latency for each error is false and specific error codes to track for latency are: []
DBWrapper: report latency for each error is false and specific error codes to track for latency are: []
DBWrapper: report latency for each error is false and specific error codes to track for latency are: []
DBWrapper: report latency for each error is false and specific error codes to track for latency are: []
DBWrapper: report latency for each error is false and specific error codes to track for latency are: []
DBWrapper: report latency for each error is false and specific error codes to track for latency are: []
DBWrapper: report latency for each error is false and specific error codes to track for latency are: []
DBWrapper: report latency for each error is false and specific error codes to track for latency are: []
DBWrapper: report latency for each error is false and specific error codes to track for latency are: []
DBWrapper: report latency for each error is false and specific error codes to track for latency are: []
DBWrapper: report latency for each error is false and specific error codes to track for latency are: []
DBWrapper: report latency for each error is false and specific error codes to track for latency are: []
DBWrapper: report latency for each error is false and specific error codes to track for latency are: []
DBWrapper: report latency for each error is false and specific error codes to track for latency are: []
DBWrapper: report latency for each error is false and specific error codes to track for latency are: []
DBWrapper: report latency for each error is false and specific error codes to track for latency are: []
DBWrapper: report latency for each error is false and specific error codes to track for latency are: []
DBWrapper: report latency for each error is false and specific error codes to track for latency are: []
DBWrapper: report latency for each error is false and specific error codes to track for latency are: []
DBWrapper: report latency for each error is false and specific error codes to track for latency are: []
DBWrapper: report latency for each error is false and specific error codes to track for latency are: []
DBWrapper: report latency for each error is false and specific error codes to track for latency are: []
DBWrapper: report latency for each error is false and specific error codes to track for latency are: []
DBWrapper: report latency for each error is false and specific error codes to track for latency are: []
DBWrapper: report latency for each error is false and specific error codes to track for latency are: []
DBWrapper: report latency for each error is false and specific error codes to track for latency are: []
DBWrapper: report latency for each error is false and specific error codes to track for latency are: []
DBWrapper: report latency for each error is false and specific error codes to track for latency are: []
DBWrapper: report latency for each error is false and specific error codes to track for latency are: []
DBWrapper: report latency for each error is false and specific error codes to track for latency are: []
DBWrapper: report latency for each error is false and specific error codes to track for latency are: []
DBWrapper: report latency for each error is false and specific error codes to track for latency are: []
DBWrapper: report latency for each error is false and specific error codes to track for latency are: []
DBWrapper: report latency for each error is false and specific error codes to track for latency are: []
DBWrapper: report latency for each error is false and specific error codes to track for latency are: []
DBWrapper: report latency for each error is false and specific error codes to track for latency are: []
DBWrapper: report latency for each error is false and specific error codes to track for latency are: []
DBWrapper: report latency for each error is false and specific error codes to track for latency are: []
DBWrapper: report latency for each error is false and specific error codes to track for latency are: []
DBWrapper: report latency for each error is false and specific error codes to track for latency are: []
DBWrapper: report latency for each error is false and specific error codes to track for latency are: []
DBWrapper: report latency for each error is false and specific error codes to track for latency are: []
DBWrapper: report latency for each error is false and specific error codes to track for latency are: []
DBWrapper: report latency for each error is false and specific error codes to track for latency are: []
DBWrapper: report latency for each error is false and specific error codes to track for latency are: []
DBWrapper: report latency for each error is false and specific error codes to track for latency are: []
DBWrapper: report latency for each error is false and specific error codes to track for latency are: []
DBWrapper: report latency for each error is false and specific error codes to track for latency are: []
DBWrapper: report latency for each error is false and specific error codes to track for latency are: []
DBWrapper: report latency for each error is false and specific error codes to track for latency are: []
DBWrapper: report latency for each error is false and specific error codes to track for latency are: []
DBWrapper: report latency for each error is false and specific error codes to track for latency are: []
DBWrapper: report latency for each error is false and specific error codes to track for latency are: []
DBWrapper: report latency for each error is false and specific error codes to track for latency are: []
DBWrapper: report latency for each error is false and specific error codes to track for latency are: []
DBWrapper: report latency for each error is false and specific error codes to track for latency are: []
DBWrapper: report latency for each error is false and specific error codes to track for latency are: []
DBWrapper: report latency for each error is false and specific error codes to track for latency are: []
DBWrapper: report latency for each error is false and specific error codes to track for latency are: []
DBWrapper: report latency for each error is false and specific error codes to track for latency are: []
DBWrapper: report latency for each error is false and specific error codes to track for latency are: []
DBWrapper: report latency for each error is false and specific error codes to track for latency are: []
2020-09-09 14:51:49:710 10 sec: 13773 operations; 1377.16 current ops/sec; est completion in 2 hours [READ: Count=13134, Max=1288191, Min=0, Avg=27689.48, 90=53791, 99=280319, 99.9=613887, 99.99=1067007] [UPDATE: Count=647, Max=544767, Min=82, Avg=24963.46, 90=48383, 99=233215, 99.9=530943, 99.99=544767] [READ-FAILED: Count=8, Max=57855, Min=2768, Avg=14688.88, 90=15415, 99=57855, 99.9=57855, 99.99=57855] 
DBWrapper: report latency for each error is false and specific error codes to track for latency are: []
2020-09-09 14:51:59:709 20 sec: 52813 operations; 3904 current ops/sec; est completion in 1 hour 2 minutes [READ: Count=36999, Max=1238015, Min=0, Avg=15723.79, 90=28943, 99=365823, 99.9=557567, 99.99=993791] [UPDATE: Count=2010, Max=1499135, Min=16, Avg=20770.71, 90=29039, 99=521727, 99.9=1197055, 99.99=1499135] [READ-FAILED: Count=23, Max=16847, Min=1866, Avg=4132.3, 90=5199, 99=16847, 99.9=16847, 99.99=16847] 
2020-09-09 14:52:09:709 30 sec: 90265 operations; 3745.2 current ops/sec; est completion in 54 minutes [READ: Count=35509, Max=1845247, Min=0, Avg=16911.89, 90=29231, 99=511487, 99.9=762367, 99.99=1722367] [UPDATE: Count=1913, Max=1730559, Min=17, Avg=18010.73, 90=28607, 99=390911, 99.9=974335, 99.99=1730559] [READ-FAILED: Count=27, Max=36575, Min=1910, Avg=5758.41, 90=7963, 99=36575, 99.9=36575, 99.99=36575] 
2020-09-09 14:52:19:709 40 sec: 127844 operations; 3758.28 current ops/sec; est completion in 51 minutes [READ: Count=35598, Max=2066431, Min=0, Avg=17090.44, 90=28143, 99=520447, 99.9=620543, 99.99=1269759] [UPDATE: Count=1950, Max=1832959, Min=17, Avg=21682.46, 90=28431, 99=528895, 99.9=1008639, 99.99=1832959] [READ-FAILED: Count=30, Max=15423, Min=1645, Avg=4425.1, 90=7163, 99=15423, 99.9=15423, 99.99=15423] 
2020-09-09 14:52:29:709 50 sec: 163880 operations; 3603.6 current ops/sec; est completion in 50 minutes [READ: Count=34208, Max=1791999, Min=0, Avg=17791.14, 90=32415, 99=515327, 99.9=558591, 99.99=1301503] [UPDATE: Count=1805, Max=1487871, Min=14, Avg=20072.66, 90=36671, 99=497407, 99.9=699903, 99.99=1487871] [READ-FAILED: Count=26, Max=17855, Min=1690, Avg=4398.5, 90=6367, 99=17855, 99.9=17855, 99.99=17855] 
2020-09-09 14:52:39:709 60 sec: 199138 operations; 3525.8 current ops/sec; est completion in 49 minutes [READ: Count=33509, Max=2013183, Min=0, Avg=17521.68, 90=27599, 99=520703, 99.9=669183, 99.99=1489919] [UPDATE: Count=1723, Max=1387519, Min=14, Avg=26348.39, 90=29567, 99=543231, 99.9=1324031, 99.99=1387519] [READ-FAILED: Count=25, Max=6971, Min=2022, Avg=3676.04, 90=5175, 99=6971, 99.9=6971, 99.99=6971] 
2020-09-09 14:52:49:709 70 sec: 236718 operations; 3758 current ops/sec; est completion in 48 minutes [READ: Count=35684, Max=1555455, Min=0, Avg=16510.77, 90=28367, 99=511231, 99.9=868351, 99.99=1339391] [UPDATE: Count=1857, Max=1617919, Min=14, Avg=22278.66, 90=30735, 99=524799, 99.9=1097727, 99.99=1617919] [READ-FAILED: Count=34, Max=26351, Min=1974, Avg=4917.15, 90=7551, 99=26351, 99.9=26351, 99.99=26351] 
2020-09-09 14:52:59:709 80 sec: 272407 operations; 3568.9 current ops/sec; est completion in 47 minutes [READ: Count=33853, Max=1827839, Min=0, Avg=18123.16, 90=31295, 99=521215, 99.9=727551, 99.99=1492991] [UPDATE: Count=1815, Max=1277951, Min=13, Avg=21932.47, 90=32559, 99=524799, 99.9=821759, 99.99=1277951] [READ-FAILED: Count=30, Max=18959, Min=1693, Avg=5002.4, 90=13447, 99=18959, 99.9=18959, 99.99=18959] 
2020-09-09 14:53:09:709 90 sec: 317947 operations; 4554 current ops/sec; est completion in 45 minutes [READ: Count=43221, Max=1150975, Min=0, Avg=13943.25, 90=28479, 99=126655, 99.9=551423, 99.99=838143] [UPDATE: Count=2281, Max=987135, Min=10, Avg=17206.98, 90=29951, 99=515071, 99.9=566783, 99.99=987135] [READ-FAILED: Count=34, Max=25647, Min=2258, Avg=5064.82, 90=7783, 99=25647, 99.9=25647, 99.99=25647] 
2020-09-09 14:53:19:709 100 sec: 356579 operations; 3863.2 current ops/sec; est completion in 45 minutes [READ: Count=36648, Max=1593343, Min=0, Avg=16222.53, 90=31775, 99=350719, 99.9=564223, 99.99=942079] [UPDATE: Count=1940, Max=1333247, Min=14, Avg=19607.23, 90=33919, 99=516351, 99.9=767487, 99.99=1333247] [READ-FAILED: Count=39, Max=25151, Min=1806, Avg=4748.1, 90=8535, 99=25151, 99.9=25151, 99.99=25151] 
2020-09-09 14:53:29:709 110 sec: 396028 operations; 3944.9 current ops/sec; est completion in 44 minutes [READ: Count=37382, Max=1766399, Min=0, Avg=15853.35, 90=27759, 99=466687, 99.9=707583, 99.99=1485823] [UPDATE: Count=2037, Max=2484223, Min=7, Avg=24060.58, 90=29919, 99=529919, 99.9=1929215, 99.99=2484223] [READ-FAILED: Count=34, Max=17647, Min=1828, Avg=4475.53, 90=10255, 99=17647, 99.9=17647, 99.99=17647] 
2020-09-09 14:53:39:709 120 sec: 436580 operations; 4055.2 current ops/sec; est completion in 43 minutes [READ: Count=38477, Max=1367039, Min=0, Avg=15644.84, 90=31631, 99=190207, 99.9=590847, 99.99=1297407] [UPDATE: Count=2040, Max=1047039, Min=14, Avg=17493.99, 90=31807, 99=352255, 99.9=934399, 99.99=1047039] [READ-FAILED: Count=32, Max=22607, Min=1670, Avg=4462.56, 90=8327, 99=22607, 99.9=22607, 99.99=22607] 
2020-09-09 14:53:49:721 130 sec: 475372 operations; 3874.55 current ops/sec; est completion in 43 minutes [READ: Count=36790, Max=1361919, Min=0, Avg=16452.41, 90=30271, 99=461567, 99.9=595967, 99.99=1211391] [UPDATE: Count=1984, Max=878591, Min=14, Avg=18608.69, 90=30431, 99=515839, 99.9=710143, 99.99=878591] [READ-FAILED: Count=29, Max=25183, Min=1710, Avg=5327.52, 90=9575, 99=25183, 99.9=25183, 99.99=25183] 
2020-09-09 14:53:59:709 140 sec: 519943 operations; 4462.45 current ops/sec; est completion in 42 minutes [READ: Count=42387, Max=1669119, Min=0, Avg=14258.82, 90=27855, 99=123071, 99.9=558591, 99.99=1015807] [UPDATE: Count=2142, Max=1458175, Min=14, Avg=17450.81, 90=30847, 99=306943, 99.9=1131519, 99.99=1458175] [READ-FAILED: Count=34, Max=105407, Min=1850, Avg=7289.88, 90=6031, 99=105407, 99.9=105407, 99.99=105407] 
2020-09-09 14:54:09:710 150 sec: 558725 operations; 3878.2 current ops/sec; est completion in 42 minutes [READ: Count=36793, Max=953343, Min=0, Avg=15942.62, 90=31343, 99=233087, 99.9=575487, 99.99=845311] [UPDATE: Count=1951, Max=1000447, Min=16, Avg=21145.94, 90=33311, 99=522751, 99.9=904703, 99.99=1000447] [READ-FAILED: Count=36, Max=9815, Min=1882, Avg=4063, 90=7135, 99=9815, 99.9=9815, 99.99=9815] 
2020-09-09 14:54:19:709 160 sec: 595792 operations; 3706.7 current ops/sec; est completion in 42 minutes [READ: Count=35172, Max=2979839, Min=0, Avg=17320.2, 90=30863, 99=514047, 99.9=596991, 99.99=1700863] [UPDATE: Count=1878, Max=2676735, Min=15, Avg=20632.08, 90=30271, 99=515839, 99.9=1516543, 99.99=2676735] [READ-FAILED: Count=18, Max=92223, Min=1873, Avg=8306.61, 90=4435, 99=92223, 99.9=92223, 99.99=92223] 
2020-09-09 14:54:29:709 170 sec: 637376 operations; 4158.4 current ops/sec; est completion in 41 minutes [READ: Count=39508, Max=1313791, Min=0, Avg=15333.39, 90=29839, 99=153471, 99.9=549375, 99.99=1003007] [UPDATE: Count=2042, Max=1567743, Min=14, Avg=17906.4, 90=32495, 99=261759, 99.9=1021439, 99.99=1567743] [READ-FAILED: Count=35, Max=40255, Min=1728, Avg=5618.4, 90=10935, 99=40255, 99.9=40255, 99.99=40255] 
2020-09-09 14:54:39:709 180 sec: 675265 operations; 3788.9 current ops/sec; est completion in 41 minutes [READ: Count=35999, Max=1852415, Min=0, Avg=16883.41, 90=32079, 99=327679, 99.9=858111, 99.99=1507327] [UPDATE: Count=1863, Max=1833983, Min=15, Avg=16443.59, 90=30815, 99=235647, 99.9=583679, 99.99=1833983] [READ-FAILED: Count=26, Max=23663, Min=1997, Avg=5899.38, 90=16103, 99=23663, 99.9=23663, 99.99=23663] 
2020-09-09 14:54:49:709 190 sec: 714138 operations; 3887.3 current ops/sec; est completion in 41 minutes [READ: Count=36900, Max=1484799, Min=0, Avg=16133.47, 90=28351, 99=477695, 99.9=731647, 99.99=1390591] [UPDATE: Count=1934, Max=1467391, Min=2, Avg=21628.76, 90=29711, 99=530431, 99.9=1204223, 99.99=1467391] [READ-FAILED: Count=42, Max=13367, Min=1643, Avg=3612.07, 90=6043, 99=13367, 99.9=13367, 99.99=13367] 
2020-09-09 14:54:59:709 200 sec: 752533 operations; 3839.5 current ops/sec; est completion in 40 minutes [READ: Count=36416, Max=2012159, Min=0, Avg=16282.12, 90=29695, 99=515071, 99.9=588287, 99.99=926719] [UPDATE: Count=1952, Max=890879, Min=14, Avg=19911.36, 90=33791, 99=514559, 99.9=616447, 99.99=890879] [READ-FAILED: Count=23, Max=9023, Min=1791, Avg=4109.22, 90=8019, 99=9023, 99.9=9023, 99.99=9023] 
2020-09-09 14:55:09:709 210 sec: 791019 operations; 3848.6 current ops/sec; est completion in 40 minutes [READ: Count=36550, Max=2138111, Min=0, Avg=16520.03, 90=28335, 99=516095, 99.9=1136639, 99.99=1870847] [UPDATE: Count=1915, Max=1791999, Min=14, Avg=19819.3, 90=29071, 99=518399, 99.9=1370111, 99.99=1791999] [READ-FAILED: Count=24, Max=20191, Min=1729, Avg=4717.58, 90=8743, 99=20191, 99.9=20191, 99.99=20191] 
2020-09-09 14:55:19:709 220 sec: 831101 operations; 4008.2 current ops/sec; est completion in 40 minutes [READ: Count=38055, Max=2232319, Min=0, Avg=15870.58, 90=26639, 99=514559, 99.9=630271, 99.99=1652735] [UPDATE: Count=1991, Max=1772543, Min=15, Avg=23453.17, 90=28319, 99=530431, 99.9=1462271, 99.99=1772543] [READ-FAILED: Count=36, Max=16975, Min=1523, Avg=3997.64, 90=7087, 99=16975, 99.9=16975, 99.99=16975] 
2020-09-09 14:55:29:709 230 sec: 863107 operations; 3200.6 current ops/sec; est completion in 40 minutes [READ: Count=30318, Max=1991679, Min=0, Avg=19311.24, 90=34655, 99=520959, 99.9=693247, 99.99=1699839] [UPDATE: Count=1661, Max=2097151, Min=14, Avg=32077.73, 90=40735, 99=535551, 99.9=1698815, 99.99=2097151] [READ-FAILED: Count=21, Max=53535, Min=1800, Avg=8997.71, 90=23551, 99=53535, 99.9=53535, 99.99=53535] 
2020-09-09 14:55:39:709 240 sec: 899436 operations; 3632.9 current ops/sec; est completion in 40 minutes [READ: Count=34536, Max=1331199, Min=0, Avg=17413.72, 90=28031, 99=518143, 99.9=585215, 99.99=1146879] [UPDATE: Count=1770, Max=1557503, Min=14, Avg=21540.25, 90=27983, 99=527871, 99.9=1508351, 99.99=1557503] [READ-FAILED: Count=23, Max=21231, Min=1725, Avg=4984.83, 90=10135, 99=21231, 99.9=21231, 99.99=21231] 
2020-09-09 14:55:49:709 250 sec: 940425 operations; 4098.9 current ops/sec; est completion in 40 minutes [READ: Count=38847, Max=1923071, Min=0, Avg=15340.72, 90=25999, 99=446719, 99.9=572927, 99.99=1574911] [UPDATE: Count=2112, Max=1342463, Min=14, Avg=18964.41, 90=28271, 99=516863, 99.9=1062911, 99.99=1342463] [READ-FAILED: Count=31, Max=17247, Min=1798, Avg=3991.23, 90=6567, 99=17247, 99.9=17247, 99.99=17247] 
2020-09-09 14:55:59:709 260 sec: 975591 operations; 3516.25 current ops/sec; est completion in 40 minutes [READ: Count=33387, Max=1487871, Min=0, Avg=17702.99, 90=31695, 99=518911, 99.9=580607, 99.99=1240063] [UPDATE: Count=1746, Max=1443839, Min=15, Avg=25081.45, 90=34463, 99=540671, 99.9=1301503, 99.99=1443839] [READ-FAILED: Count=32, Max=20479, Min=2012, Avg=4420.19, 90=8151, 99=20479, 99.9=20479, 99.99=20479] 
2020-09-09 14:56:09:709 270 sec: 1011525 operations; 3593.76 current ops/sec; est completion in 40 minutes [READ: Count=34132, Max=1702911, Min=0, Avg=17462.5, 90=24815, 99=521727, 99.9=708095, 99.99=1492991] [UPDATE: Count=1772, Max=1170431, Min=16, Avg=24898.37, 90=26815, 99=527871, 99.9=1049599, 99.99=1170431] [READ-FAILED: Count=32, Max=73663, Min=1850, Avg=5866.34, 90=6651, 99=73663, 99.9=73663, 99.99=73663] 
2020-09-09 14:56:19:709 280 sec: 1046561 operations; 3503.6 current ops/sec; est completion in 39 minutes [READ: Count=33291, Max=2353151, Min=0, Avg=18079.24, 90=25647, 99=522495, 99.9=740351, 99.99=2062335] [UPDATE: Count=1712, Max=2291711, Min=16, Avg=24950.43, 90=26463, 99=523775, 99.9=2019327, 99.99=2291711] [READ-FAILED: Count=32, Max=13311, Min=1875, Avg=3754.03, 90=4887, 99=13311, 99.9=13311, 99.99=13311] 
2020-09-09 14:56:29:709 290 sec: 1084564 operations; 3800.3 current ops/sec; est completion in 39 minutes [READ: Count=36155, Max=2024447, Min=0, Avg=16610.13, 90=32767, 99=492543, 99.9=568831, 99.99=1080319] [UPDATE: Count=1822, Max=2193407, Min=14, Avg=22376, 90=36767, 99=524287, 99.9=830463, 99.99=2193407] [READ-FAILED: Count=26, Max=20927, Min=1667, Avg=5375.69, 90=11031, 99=20927, 99.9=20927, 99.99=20927] 
2020-09-09 14:56:39:709 300 sec: 1123745 operations; 3918.1 current ops/sec; est completion in 39 minutes [READ: Count=37157, Max=2096127, Min=0, Avg=16053.55, 90=27455, 99=454911, 99.9=622591, 99.99=1774591] [UPDATE: Count=1995, Max=1726463, Min=14, Avg=21622.84, 90=28351, 99=526335, 99.9=1565695, 99.99=1726463] [READ-FAILED: Count=31, Max=25631, Min=1790, Avg=4449.84, 90=6887, 99=25631, 99.9=25631, 99.99=25631] 
Maximum time elapsed. Requesting stop for the workload.
Stop requested for workload. Now Joining!
[36m14:56:40.287[m [[34;1mINFO[m] [1;34mp.u.t.s.y.Stats.clientFinished@38[m: 
Ended SconeKV benchmark.
Number of clients: 64
Total transactions: 223619
Committed: 211576 (94.6145%)
Aborted: 12043 (5.3854995%)
2020-09-09 14:56:40:289 300 sec: 1124020 operations; 474.14 current ops/sec; est completion in 39 minutes [READ: Count=261, Max=974335, Min=1780, Avg=59075.23, 90=53407, 99=563199, 99.9=974335, 99.99=974335] [CLEANUP: Count=64, Max=1637, Min=3, Avg=31.78, 90=9, 99=85, 99.9=1637, 99.99=1637] [UPDATE: Count=11, Max=753663, Min=2706, Avg=234115, 90=750591, 99=753663, 99.9=753663, 99.99=753663] [READ-FAILED: Count=0, Max=0, Min=9223372036854775807, Avg=NaN, 90=0, 99=0, 99.9=0, 99.99=0] 
[OVERALL], RunTime(ms), 300579
[OVERALL], Throughput(ops/sec), 3739.516067323399
[TOTAL_GCS_G1_Young_Generation], Count, 164
[TOTAL_GC_TIME_G1_Young_Generation], Time(ms), 1598
[TOTAL_GC_TIME_%_G1_Young_Generation], Time(%), 0.531640600308072
[TOTAL_GCS_G1_Old_Generation], Count, 0
[TOTAL_GC_TIME_G1_Old_Generation], Time(ms), 0
[TOTAL_GC_TIME_%_G1_Old_Generation], Time(%), 0.0
[TOTAL_GCs], Count, 164
[TOTAL_GC_TIME], Time(ms), 1598
[TOTAL_GC_TIME_%], Time(%), 0.531640600308072
[READ], Operations, 1066876
[READ], AverageLatency(us), 16631.549118173058
[READ], MinLatency(us), 0
[READ], MaxLatency(us), 2979839
[READ], 95thPercentileLatency(us), 41823
[READ], 99thPercentileLatency(us), 507903
[READ], Return=OK, 1066876
[READ], Return=NOT_FOUND, 873
[CLEANUP], Operations, 64
[CLEANUP], AverageLatency(us), 31.78125
[CLEANUP], MinLatency(us), 3
[CLEANUP], MaxLatency(us), 1637
[CLEANUP], 95thPercentileLatency(us), 27
[CLEANUP], 99thPercentileLatency(us), 85
[UPDATE], Operations, 56271
[UPDATE], AverageLatency(us), 21233.80354001173
[UPDATE], MinLatency(us), 2
[UPDATE], MaxLatency(us), 2676735
[UPDATE], 95thPercentileLatency(us), 47679
[UPDATE], 99thPercentileLatency(us), 523519
[UPDATE], Return=OK, 56271
[READ-FAILED], Operations, 873
[READ-FAILED], AverageLatency(us), 5020.066437571592
[READ-FAILED], MinLatency(us), 1523
[READ-FAILED], MaxLatency(us), 105407
[READ-FAILED], 95thPercentileLatency(us), 13447
[READ-FAILED], 99thPercentileLatency(us), 27103
