Command line: -t -db pt.ulisboa.tecnico.sconekv.ycsb.SconeKVClient -P workloadb -threads 16 -s -p scone.tx_size=5 -p operationcount=10000000 -p maxexecutiontime=300
YCSB Client 0.17.0

Loading workload...
Starting test.
WARNING: sun.reflect.Reflection.getCallerClass is not supported. This will impact performance.
Maximum execution time specified as: 300 secs
2020-09-29 10:50:32:914 0 sec: 0 operations; est completion in 0 second 
DBWrapper: report latency for each error is false and specific error codes to track for latency are: []
DBWrapper: report latency for each error is false and specific error codes to track for latency are: []
DBWrapper: report latency for each error is false and specific error codes to track for latency are: []
DBWrapper: report latency for each error is false and specific error codes to track for latency are: []
DBWrapper: report latency for each error is false and specific error codes to track for latency are: []
DBWrapper: report latency for each error is false and specific error codes to track for latency are: []
DBWrapper: report latency for each error is false and specific error codes to track for latency are: []
DBWrapper: report latency for each error is false and specific error codes to track for latency are: []
DBWrapper: report latency for each error is false and specific error codes to track for latency are: []
DBWrapper: report latency for each error is false and specific error codes to track for latency are: []
DBWrapper: report latency for each error is false and specific error codes to track for latency are: []
DBWrapper: report latency for each error is false and specific error codes to track for latency are: []
DBWrapper: report latency for each error is false and specific error codes to track for latency are: []
DBWrapper: report latency for each error is false and specific error codes to track for latency are: []
DBWrapper: report latency for each error is false and specific error codes to track for latency are: []
DBWrapper: report latency for each error is false and specific error codes to track for latency are: []
2020-09-29 10:50:42:915 10 sec: 16117 operations; 1611.54 current ops/sec; est completion in 1 hour 43 minutes [READ: Count=15289, Max=566271, Min=1, Avg=8604.15, 90=16167, 99=37983, 99.9=535551, 99.99=561663] [UPDATE: Count=821, Max=535039, Min=20, Avg=8376.32, 90=15407, 99=43327, 99.9=529919, 99.99=535039] [READ-FAILED: Count=14, Max=11295, Min=1637, Avg=4365.07, 90=10639, 99=11295, 99.9=11295, 99.99=11295] 
2020-09-29 10:50:52:914 20 sec: 36924 operations; 2080.91 current ops/sec; est completion in 1 hour 29 minutes [READ: Count=19684, Max=565247, Min=0, Avg=7531.97, 90=14919, 99=33471, 99.9=525311, 99.99=561151] [UPDATE: Count=1097, Max=564735, Min=19, Avg=9827.28, 90=15951, 99=47263, 99.9=542207, 99.99=564735] [READ-FAILED: Count=21, Max=7695, Min=1855, Avg=2964.71, 90=4083, 99=7695, 99.9=7695, 99.99=7695] 
2020-09-29 10:51:02:914 30 sec: 56936 operations; 2001 current ops/sec; est completion in 1 hour 27 minutes [READ: Count=19015, Max=570879, Min=1, Avg=7886.94, 90=14567, 99=34591, 99.9=528895, 99.99=550399] [UPDATE: Count=979, Max=790527, Min=17, Avg=10110.57, 90=14351, 99=245887, 99.9=525311, 99.99=790527] [READ-FAILED: Count=18, Max=9015, Min=1742, Avg=2881.39, 90=3243, 99=9015, 99.9=9015, 99.99=9015] 
2020-09-29 10:51:12:914 40 sec: 79793 operations; 2285.93 current ops/sec; est completion in 1 hour 22 minutes [READ: Count=21655, Max=609791, Min=1, Avg=7012.16, 90=14847, 99=31407, 99.9=518143, 99.99=596479] [UPDATE: Count=1173, Max=519167, Min=19, Avg=7109.57, 90=14999, 99=41535, 99.9=511487, 99.99=519167] [READ-FAILED: Count=29, Max=11983, Min=1863, Avg=3358.07, 90=4195, 99=11983, 99.9=11983, 99.99=11983] 
2020-09-29 10:51:22:914 50 sec: 100875 operations; 2108.2 current ops/sec; est completion in 1 hour 21 minutes [READ: Count=20019, Max=557567, Min=0, Avg=7567.1, 90=15455, 99=44063, 99.9=522751, 99.99=553471] [UPDATE: Count=1049, Max=549375, Min=17, Avg=7837.34, 90=15951, 99=47007, 99.9=518655, 99.99=549375] [READ-FAILED: Count=15, Max=5475, Min=1723, Avg=2655.67, 90=3443, 99=5475, 99.9=5475, 99.99=5475] 
2020-09-29 10:51:32:914 60 sec: 122262 operations; 2138.7 current ops/sec; est completion in 1 hour 20 minutes [READ: Count=20328, Max=617983, Min=1, Avg=7459.21, 90=14615, 99=34367, 99.9=527359, 99.99=547839] [UPDATE: Count=1037, Max=521471, Min=12, Avg=7124.04, 90=14311, 99=39487, 99.9=515071, 99.99=521471] [READ-FAILED: Count=23, Max=4251, Min=1831, Avg=2747.96, 90=3273, 99=4251, 99.9=4251, 99.99=4251] 
2020-09-29 10:51:42:914 70 sec: 143558 operations; 2129.6 current ops/sec; est completion in 1 hour 20 minutes [READ: Count=20272, Max=633343, Min=1, Avg=7398.89, 90=15231, 99=38239, 99.9=538111, 99.99=595455] [UPDATE: Count=1006, Max=552447, Min=15, Avg=8115.21, 90=15543, 99=39871, 99.9=513535, 99.99=552447] [READ-FAILED: Count=17, Max=3139, Min=1644, Avg=2460.71, 90=2983, 99=3139, 99.9=3139, 99.99=3139] 
2020-09-29 10:51:52:914 80 sec: 165434 operations; 2187.38 current ops/sec; est completion in 1 hour 19 minutes [READ: Count=20766, Max=562175, Min=0, Avg=7312.76, 90=14871, 99=34047, 99.9=520191, 99.99=548863] [UPDATE: Count=1093, Max=559615, Min=15, Avg=8793.38, 90=15023, 99=60543, 99.9=555007, 99.99=559615] [READ-FAILED: Count=14, Max=3105, Min=1872, Avg=2467.64, 90=2957, 99=3105, 99.9=3105, 99.99=3105] 
2020-09-29 10:52:02:914 90 sec: 186953 operations; 2152.12 current ops/sec; est completion in 1 hour 18 minutes [READ: Count=20466, Max=554495, Min=0, Avg=7437.14, 90=15143, 99=39583, 99.9=522239, 99.99=550911] [UPDATE: Count=1037, Max=531967, Min=16, Avg=6815.54, 90=15215, 99=32367, 99.9=456959, 99.99=531967] [READ-FAILED: Count=18, Max=5415, Min=1919, Avg=2887.28, 90=3913, 99=5415, 99.9=5415, 99.99=5415] 
2020-09-29 10:52:12:914 100 sec: 208541 operations; 2158.58 current ops/sec; est completion in 1 hour 18 minutes [READ: Count=20543, Max=569343, Min=0, Avg=7429.26, 90=15103, 99=30639, 99.9=525311, 99.99=560639] [UPDATE: Count=1024, Max=570367, Min=17, Avg=7367.26, 90=15439, 99=31999, 99.9=520447, 99.99=570367] [READ-FAILED: Count=22, Max=14479, Min=1846, Avg=3577.45, 90=5471, 99=14479, 99.9=14479, 99.99=14479] 
2020-09-29 10:52:22:914 110 sec: 230392 operations; 2185.32 current ops/sec; est completion in 1 hour 17 minutes [READ: Count=20731, Max=554495, Min=0, Avg=7150.1, 90=15375, 99=36991, 99.9=519167, 99.99=545791] [UPDATE: Count=1093, Max=547327, Min=17, Avg=9405.86, 90=15767, 99=53951, 99.9=540671, 99.99=547327] [READ-FAILED: Count=27, Max=7223, Min=1605, Avg=2680.52, 90=3359, 99=7223, 99.9=7223, 99.99=7223] 
2020-09-29 10:52:32:914 120 sec: 250537 operations; 2014.5 current ops/sec; est completion in 1 hour 17 minutes [READ: Count=19181, Max=552959, Min=0, Avg=7585.13, 90=15119, 99=34335, 99.9=526335, 99.99=545279] [UPDATE: Count=942, Max=530943, Min=14, Avg=9440.58, 90=15343, 99=71167, 99.9=525311, 99.99=530943] [READ-FAILED: Count=19, Max=19807, Min=1755, Avg=4622.74, 90=8759, 99=19807, 99.9=19807, 99.99=19807] 
2020-09-29 10:52:42:914 130 sec: 270510 operations; 1997.3 current ops/sec; est completion in 1 hour 17 minutes [READ: Count=18974, Max=984063, Min=0, Avg=8257.99, 90=14607, 99=41951, 99.9=530431, 99.99=564223] [UPDATE: Count=983, Max=586751, Min=20, Avg=9037.46, 90=14879, 99=50655, 99.9=560127, 99.99=586751] [READ-FAILED: Count=16, Max=6627, Min=1961, Avg=2822.94, 90=3139, 99=6627, 99.9=6627, 99.99=6627] 
2020-09-29 10:52:52:914 140 sec: 291468 operations; 2095.8 current ops/sec; est completion in 1 hour 17 minutes [READ: Count=19876, Max=554495, Min=0, Avg=7621.89, 90=14967, 99=42015, 99.9=523007, 99.99=546303] [UPDATE: Count=1068, Max=892927, Min=17, Avg=9250.98, 90=14959, 99=48927, 99.9=547327, 99.99=892927] [READ-FAILED: Count=14, Max=3835, Min=1696, Avg=2675.79, 90=3735, 99=3835, 99.9=3835, 99.99=3835] 
2020-09-29 10:53:02:914 150 sec: 311156 operations; 1968.8 current ops/sec; est completion in 1 hour 17 minutes [READ: Count=18666, Max=553983, Min=0, Avg=7997.99, 90=14991, 99=37727, 99.9=525823, 99.99=552959] [UPDATE: Count=992, Max=538111, Min=17, Avg=9576.31, 90=14927, 99=51455, 99.9=517887, 99.99=538111] [READ-FAILED: Count=31, Max=7559, Min=1549, Avg=2762.42, 90=3379, 99=7559, 99.9=7559, 99.99=7559] 
2020-09-29 10:53:12:914 160 sec: 333615 operations; 2245.68 current ops/sec; est completion in 1 hour 17 minutes [READ: Count=21318, Max=559103, Min=0, Avg=7117.95, 90=14911, 99=34975, 99.9=524031, 99.99=553471] [UPDATE: Count=1127, Max=517631, Min=16, Avg=7453.81, 90=15607, 99=49055, 99.9=514047, 99.99=517631] [READ-FAILED: Count=14, Max=8679, Min=1998, Avg=3608.71, 90=7735, 99=8679, 99.9=8679, 99.99=8679] 
2020-09-29 10:53:22:914 170 sec: 354414 operations; 2079.9 current ops/sec; est completion in 1 hour 17 minutes [READ: Count=19728, Max=616447, Min=0, Avg=7671.12, 90=14767, 99=34335, 99.9=525311, 99.99=553983] [UPDATE: Count=1053, Max=533503, Min=7, Avg=8972.39, 90=15311, 99=55935, 99.9=526847, 99.99=533503] [READ-FAILED: Count=21, Max=7451, Min=1718, Avg=2982.19, 90=3815, 99=7451, 99.9=7451, 99.99=7451] 
2020-09-29 10:53:32:914 180 sec: 376521 operations; 2210.92 current ops/sec; est completion in 1 hour 16 minutes [READ: Count=21005, Max=586239, Min=0, Avg=7156.42, 90=14791, 99=31151, 99.9=519423, 99.99=545791] [UPDATE: Count=1076, Max=521471, Min=18, Avg=8698.01, 90=15455, 99=39967, 99.9=514047, 99.99=521471] [READ-FAILED: Count=22, Max=7087, Min=2007, Avg=2816.14, 90=3675, 99=7087, 99.9=7087, 99.99=7087] 
2020-09-29 10:53:42:914 190 sec: 397749 operations; 2122.59 current ops/sec; est completion in 1 hour 16 minutes [READ: Count=20144, Max=562687, Min=0, Avg=7421.09, 90=15487, 99=41311, 99.9=522751, 99.99=544767] [UPDATE: Count=1067, Max=521983, Min=15, Avg=9324.22, 90=15927, 99=61407, 99.9=518143, 99.99=521983] [READ-FAILED: Count=20, Max=8959, Min=1857, Avg=3123.6, 90=4119, 99=8959, 99.9=8959, 99.99=8959] 
2020-09-29 10:53:52:914 200 sec: 419515 operations; 2176.6 current ops/sec; est completion in 1 hour 16 minutes [READ: Count=20645, Max=571903, Min=0, Avg=7411.39, 90=15183, 99=38047, 99.9=524799, 99.99=565247] [UPDATE: Count=1093, Max=510719, Min=9, Avg=6102.4, 90=14319, 99=31695, 99.9=458495, 99.99=510719] [READ-FAILED: Count=27, Max=5587, Min=1676, Avg=2810.7, 90=3335, 99=5587, 99.9=5587, 99.99=5587] 
2020-09-29 10:54:02:914 210 sec: 439756 operations; 2024.1 current ops/sec; est completion in 1 hour 16 minutes [READ: Count=19235, Max=812031, Min=0, Avg=7886.54, 90=14775, 99=37279, 99.9=536063, 99.99=555007] [UPDATE: Count=991, Max=523007, Min=14, Avg=8742.18, 90=14895, 99=60831, 99.9=514047, 99.99=523007] [READ-FAILED: Count=14, Max=4663, Min=1663, Avg=2580.79, 90=3213, 99=4663, 99.9=4663, 99.99=4663] 
2020-09-29 10:54:12:914 220 sec: 461550 operations; 2179.4 current ops/sec; est completion in 1 hour 15 minutes [READ: Count=20733, Max=578559, Min=0, Avg=7240.36, 90=14983, 99=33279, 99.9=526847, 99.99=563711] [UPDATE: Count=1041, Max=582143, Min=16, Avg=9255.54, 90=15223, 99=62975, 99.9=533503, 99.99=582143] [READ-FAILED: Count=20, Max=4359, Min=1826, Avg=2526.8, 90=3041, 99=4359, 99.9=4359, 99.99=4359] 
2020-09-29 10:54:22:914 230 sec: 482783 operations; 2123.3 current ops/sec; est completion in 1 hour 15 minutes [READ: Count=20181, Max=568831, Min=0, Avg=7494.22, 90=15071, 99=37983, 99.9=520703, 99.99=562687] [UPDATE: Count=1038, Max=756735, Min=17, Avg=8492.3, 90=15167, 99=42559, 99.9=537599, 99.99=756735] [READ-FAILED: Count=13, Max=10583, Min=1953, Avg=3656.38, 90=7019, 99=10583, 99.9=10583, 99.99=10583] 
2020-09-29 10:54:32:914 240 sec: 505955 operations; 2317.2 current ops/sec; est completion in 1 hour 15 minutes [READ: Count=22001, Max=572415, Min=0, Avg=6797.34, 90=15007, 99=29439, 99.9=516351, 99.99=556031] [UPDATE: Count=1146, Max=549887, Min=17, Avg=7691.94, 90=15215, 99=42399, 99.9=530943, 99.99=549887] [READ-FAILED: Count=26, Max=4307, Min=1830, Avg=2768.31, 90=3381, 99=4307, 99.9=4307, 99.99=4307] 
2020-09-29 10:54:42:914 250 sec: 526265 operations; 2031 current ops/sec; est completion in 1 hour 15 minutes [READ: Count=19269, Max=585215, Min=0, Avg=7944.49, 90=15239, 99=41087, 99.9=530431, 99.99=558079] [UPDATE: Count=1022, Max=539135, Min=16, Avg=7963.57, 90=15351, 99=31263, 99.9=515839, 99.99=539135] [READ-FAILED: Count=22, Max=5527, Min=1867, Avg=2776.18, 90=3365, 99=5527, 99.9=5527, 99.99=5527] 
2020-09-29 10:54:52:914 260 sec: 547915 operations; 2165.22 current ops/sec; est completion in 1 hour 14 minutes [READ: Count=20523, Max=564223, Min=0, Avg=7415.11, 90=14591, 99=33631, 99.9=532991, 99.99=557055] [UPDATE: Count=1115, Max=719871, Min=16, Avg=6783.3, 90=14559, 99=27951, 99.9=532479, 99.99=719871] [READ-FAILED: Count=12, Max=3663, Min=1968, Avg=2516.58, 90=2859, 99=3663, 99.9=3663, 99.99=3663] 
2020-09-29 10:55:02:915 270 sec: 569286 operations; 2136.89 current ops/sec; est completion in 1 hour 14 minutes [READ: Count=20316, Max=555007, Min=0, Avg=7199.01, 90=14935, 99=35903, 99.9=528895, 99.99=546815] [UPDATE: Count=1029, Max=397055, Min=16, Avg=7189.72, 90=15831, 99=42783, 99.9=283135, 99.99=397055] [READ-FAILED: Count=22, Max=3815, Min=1732, Avg=2638.32, 90=3423, 99=3815, 99.9=3815, 99.99=3815] 
2020-09-29 10:55:12:914 280 sec: 590884 operations; 2160.02 current ops/sec; est completion in 1 hour 14 minutes [READ: Count=20508, Max=591359, Min=0, Avg=7630.73, 90=14751, 99=32511, 99.9=535551, 99.99=589823] [UPDATE: Count=1075, Max=523263, Min=15, Avg=8506.31, 90=14639, 99=27775, 99.9=521727, 99.99=523263] [READ-FAILED: Count=18, Max=12071, Min=1951, Avg=3360, 90=3957, 99=12071, 99.9=12071, 99.99=12071] 
2020-09-29 10:55:22:914 290 sec: 610884 operations; 1999.8 current ops/sec; est completion in 1 hour 14 minutes [READ: Count=18981, Max=922623, Min=1, Avg=8083.66, 90=15295, 99=39871, 99.9=530943, 99.99=578047] [UPDATE: Count=998, Max=491775, Min=16, Avg=6667.91, 90=15263, 99=44671, 99.9=221311, 99.99=491775] [READ-FAILED: Count=20, Max=3157, Min=1904, Avg=2482.9, 90=2973, 99=3157, 99.9=3157, 99.99=3157] 
2020-09-29 10:55:32:914 300 sec: 634631 operations; 2374.7 current ops/sec; est completion in 1 hour 13 minutes [READ: Count=22554, Max=838655, Min=0, Avg=6637.83, 90=14631, 99=28959, 99.9=517119, 99.99=553471] [UPDATE: Count=1174, Max=324607, Min=15, Avg=5871.19, 90=15079, 99=28127, 99.9=69439, 99.99=324607] [READ-FAILED: Count=19, Max=7859, Min=2021, Avg=3200.42, 90=4727, 99=7859, 99.9=7859, 99.99=7859] 
Maximum time elapsed. Requesting stop for the workload.
Stop requested for workload. Now Joining!
[36m10:55:33.159[m [[34;1mINFO[m] [1;34mp.u.t.s.y.Stats.clientFinished@38[m: 
Ended SconeKV benchmark.
Number of clients: 16
Total transactions: 126293
Committed: 123048 (97.43058%)
Aborted: 3245 (2.569422%)
2020-09-29 10:55:33:161 300 sec: 634666 operations; 142.28 current ops/sec; est completion in 1 hour 13 minutes [READ: Count=29, Max=561151, Min=7, Avg=198199.03, 90=553471, 99=561151, 99.9=561151, 99.99=561151] [CLEANUP: Count=16, Max=1432, Min=2, Avg=93.38, 90=5, 99=1432, 99.9=1432, 99.99=1432] [UPDATE: Count=4, Max=560639, Min=2460, Avg=142062.75, 90=560639, 99=560639, 99.9=560639, 99.99=560639] [READ-FAILED: Count=0, Max=0, Min=9223372036854775807, Avg=NaN, 90=0, 99=0, 99.9=0, 99.99=0] 
[OVERALL], RunTime(ms), 300247
[OVERALL], Throughput(ops/sec), 2113.812960662388
[TOTAL_GCS_G1_Young_Generation], Count, 111
[TOTAL_GC_TIME_G1_Young_Generation], Time(ms), 731
[TOTAL_GC_TIME_%_G1_Young_Generation], Time(%), 0.2434662128181131
[TOTAL_GCS_G1_Old_Generation], Count, 0
[TOTAL_GC_TIME_G1_Old_Generation], Time(ms), 0
[TOTAL_GC_TIME_%_G1_Old_Generation], Time(%), 0.0
[TOTAL_GCs], Count, 111
[TOTAL_GC_TIME], Time(ms), 731
[TOTAL_GC_TIME_%], Time(%), 0.2434662128181131
[READ], Operations, 602635
[READ], AverageLatency(us), 7497.085886149991
[READ], MinLatency(us), 0
[READ], MaxLatency(us), 984063
[READ], 95thPercentileLatency(us), 17759
[READ], 99thPercentileLatency(us), 35775
[READ], Return=OK, 602635
[READ], Return=NOT_FOUND, 588
[CLEANUP], Operations, 16
[CLEANUP], AverageLatency(us), 93.375
[CLEANUP], MinLatency(us), 2
[CLEANUP], MaxLatency(us), 1432
[CLEANUP], 95thPercentileLatency(us), 15
[CLEANUP], 99thPercentileLatency(us), 1432
[UPDATE], Operations, 31443
[UPDATE], AverageLatency(us), 8187.620519670515
[UPDATE], MinLatency(us), 7
[UPDATE], MaxLatency(us), 892927
[UPDATE], 95thPercentileLatency(us), 18399
[UPDATE], 99thPercentileLatency(us), 46143
[UPDATE], Return=OK, 31443
[READ-FAILED], Operations, 588
[READ-FAILED], AverageLatency(us), 2978.0340136054424
[READ-FAILED], MinLatency(us), 1549
[READ-FAILED], MaxLatency(us), 19807
[READ-FAILED], 95thPercentileLatency(us), 5587
[READ-FAILED], 99thPercentileLatency(us), 10639
