Command line: -t -db pt.ulisboa.tecnico.sconekv.ycsb.SconeKVClient -P workloadc -threads 32 -s -p scone.tx_size=5 -p operationcount=10000000 -p maxexecutiontime=300
YCSB Client 0.17.0

Loading workload...
Starting test.
WARNING: sun.reflect.Reflection.getCallerClass is not supported. This will impact performance.
2020-09-29 13:18:12:441 0 sec: 0 operations; est completion in 0 second 
Maximum execution time specified as: 300 secs
DBWrapper: report latency for each error is false and specific error codes to track for latency are: []
DBWrapper: report latency for each error is false and specific error codes to track for latency are: []
DBWrapper: report latency for each error is false and specific error codes to track for latency are: []
DBWrapper: report latency for each error is false and specific error codes to track for latency are: []
DBWrapper: report latency for each error is false and specific error codes to track for latency are: []
DBWrapper: report latency for each error is false and specific error codes to track for latency are: []
DBWrapper: report latency for each error is false and specific error codes to track for latency are: []
DBWrapper: report latency for each error is false and specific error codes to track for latency are: []
DBWrapper: report latency for each error is false and specific error codes to track for latency are: []
DBWrapper: report latency for each error is false and specific error codes to track for latency are: []
DBWrapper: report latency for each error is false and specific error codes to track for latency are: []
DBWrapper: report latency for each error is false and specific error codes to track for latency are: []
DBWrapper: report latency for each error is false and specific error codes to track for latency are: []
DBWrapper: report latency for each error is false and specific error codes to track for latency are: []
DBWrapper: report latency for each error is false and specific error codes to track for latency are: []
DBWrapper: report latency for each error is false and specific error codes to track for latency are: []
DBWrapper: report latency for each error is false and specific error codes to track for latency are: []
DBWrapper: report latency for each error is false and specific error codes to track for latency are: []
DBWrapper: report latency for each error is false and specific error codes to track for latency are: []
DBWrapper: report latency for each error is false and specific error codes to track for latency are: []
DBWrapper: report latency for each error is false and specific error codes to track for latency are: []
DBWrapper: report latency for each error is false and specific error codes to track for latency are: []
DBWrapper: report latency for each error is false and specific error codes to track for latency are: []
DBWrapper: report latency for each error is false and specific error codes to track for latency are: []
DBWrapper: report latency for each error is false and specific error codes to track for latency are: []
DBWrapper: report latency for each error is false and specific error codes to track for latency are: []
DBWrapper: report latency for each error is false and specific error codes to track for latency are: []
DBWrapper: report latency for each error is false and specific error codes to track for latency are: []
DBWrapper: report latency for each error is false and specific error codes to track for latency are: []
DBWrapper: report latency for each error is false and specific error codes to track for latency are: []
DBWrapper: report latency for each error is false and specific error codes to track for latency are: []
DBWrapper: report latency for each error is false and specific error codes to track for latency are: []
2020-09-29 13:18:22:442 10 sec: 15844 operations; 1584.24 current ops/sec; est completion in 1 hour 45 minutes [READ: Count=15821, Max=590335, Min=2, Avg=14914.16, 90=29151, 99=84927, 99.9=564735, 99.99=584703] [READ-FAILED: Count=26, Max=56799, Min=1916, Avg=9615.31, 90=14431, 99=56799, 99.9=56799, 99.99=56799] 
2020-09-29 13:18:32:441 20 sec: 42994 operations; 2715.27 current ops/sec; est completion in 1 hour 17 minutes [READ: Count=27122, Max=15081471, Min=2, Avg=12238.47, 90=20783, 99=65599, 99.9=548351, 99.99=586239] [READ-FAILED: Count=32, Max=39583, Min=1886, Avg=4561.16, 90=5567, 99=39583, 99.9=39583, 99.99=39583] 
2020-09-29 13:18:42:441 30 sec: 69360 operations; 2636.6 current ops/sec; est completion in 1 hour 11 minutes [READ: Count=26327, Max=575999, Min=2, Avg=12174.04, 90=22351, 99=86847, 99.9=543231, 99.99=566271] [READ-FAILED: Count=33, Max=47871, Min=1998, Avg=4317.21, 90=4139, 99=47871, 99.9=47871, 99.99=47871] 
2020-09-29 13:18:52:441 40 sec: 97462 operations; 2810.2 current ops/sec; est completion in 1 hour 7 minutes [READ: Count=28076, Max=613375, Min=2, Avg=11333.63, 90=22447, 99=65087, 99.9=544767, 99.99=591359] [READ-FAILED: Count=29, Max=23615, Min=1864, Avg=4041.86, 90=6111, 99=23615, 99.9=23615, 99.99=23615] 
2020-09-29 13:19:02:441 50 sec: 125575 operations; 2811.3 current ops/sec; est completion in 1 hour 5 minutes [READ: Count=28078, Max=607743, Min=3, Avg=11415.34, 90=21407, 99=71743, 99.9=557055, 99.99=588287] [READ-FAILED: Count=34, Max=30095, Min=1710, Avg=4437.24, 90=8751, 99=30095, 99.9=30095, 99.99=30095] 
2020-09-29 13:19:12:441 60 sec: 156204 operations; 3062.9 current ops/sec; est completion in 1 hour 3 minutes [READ: Count=30587, Max=582143, Min=2, Avg=10364.44, 90=21583, 99=54335, 99.9=544255, 99.99=579583] [READ-FAILED: Count=40, Max=8631, Min=1796, Avg=2848.4, 90=3385, 99=8631, 99.9=8631, 99.99=8631] 
2020-09-29 13:19:22:441 70 sec: 183896 operations; 2769.2 current ops/sec; est completion in 1 hour 2 minutes [READ: Count=27662, Max=603135, Min=2, Avg=11599.53, 90=21743, 99=79807, 99.9=548863, 99.99=582655] [READ-FAILED: Count=31, Max=30223, Min=2172, Avg=4514.16, 90=5831, 99=30223, 99.9=30223, 99.99=30223] 
2020-09-29 13:19:32:441 80 sec: 213822 operations; 2992.6 current ops/sec; est completion in 1 hour 1 minute [READ: Count=29888, Max=590335, Min=2, Avg=10650.89, 90=22031, 99=64511, 99.9=537087, 99.99=568831] [READ-FAILED: Count=36, Max=8535, Min=1690, Avg=3112.14, 90=4073, 99=8535, 99.9=8535, 99.99=8535] 
2020-09-29 13:19:42:442 90 sec: 239517 operations; 2569.5 current ops/sec; est completion in 1 hour 1 minute [READ: Count=25669, Max=607231, Min=2, Avg=12487.51, 90=23407, 99=84415, 99.9=561151, 99.99=600063] [READ-FAILED: Count=34, Max=9047, Min=1738, Avg=3674.65, 90=5751, 99=9047, 99.9=9047, 99.99=9047] 
2020-09-29 13:19:52:441 100 sec: 267905 operations; 2838.8 current ops/sec; est completion in 1 hour [READ: Count=28362, Max=579583, Min=2, Avg=11322.47, 90=21167, 99=71551, 99.9=549887, 99.99=574975] [READ-FAILED: Count=20, Max=4081, Min=1865, Avg=2653.1, 90=3169, 99=4081, 99.9=4081, 99.99=4081] 
2020-09-29 13:20:02:441 110 sec: 293255 operations; 2534.75 current ops/sec; est completion in 1 hour [READ: Count=25321, Max=647679, Min=3, Avg=12700, 90=23231, 99=122239, 99.9=546303, 99.99=580095] [READ-FAILED: Count=27, Max=5647, Min=1784, Avg=2956.44, 90=4071, 99=5647, 99.9=5647, 99.99=5647] 
2020-09-29 13:20:12:442 120 sec: 321000 operations; 2774.78 current ops/sec; est completion in 1 hour [READ: Count=27719, Max=577023, Min=3, Avg=11418.35, 90=22191, 99=70207, 99.9=550911, 99.99=574463] [READ-FAILED: Count=30, Max=15087, Min=1904, Avg=3782.33, 90=6407, 99=15087, 99.9=15087, 99.99=15087] 
2020-09-29 13:20:22:441 130 sec: 349721 operations; 2872.1 current ops/sec; est completion in 59 minutes [READ: Count=28695, Max=618495, Min=3, Avg=11202.52, 90=21727, 99=77567, 99.9=550399, 99.99=583167] [READ-FAILED: Count=25, Max=8527, Min=2112, Avg=3048.96, 90=4763, 99=8527, 99.9=8527, 99.99=8527] 
2020-09-29 13:20:32:442 140 sec: 376462 operations; 2673.83 current ops/sec; est completion in 59 minutes [READ: Count=26719, Max=592383, Min=3, Avg=11976.89, 90=21839, 99=84927, 99.9=547327, 99.99=569343] [READ-FAILED: Count=28, Max=5391, Min=1762, Avg=3090.93, 90=4067, 99=5391, 99.9=5391, 99.99=5391] 
2020-09-29 13:20:42:441 150 sec: 404520 operations; 2806.08 current ops/sec; est completion in 59 minutes [READ: Count=28014, Max=587775, Min=3, Avg=11455.19, 90=21183, 99=75135, 99.9=554495, 99.99=580607] [READ-FAILED: Count=37, Max=12631, Min=1480, Avg=3170.41, 90=3967, 99=12631, 99.9=12631, 99.99=12631] 
2020-09-29 13:20:52:441 160 sec: 428947 operations; 2442.46 current ops/sec; est completion in 59 minutes [READ: Count=24389, Max=604159, Min=3, Avg=13042.22, 90=22639, 99=481279, 99.9=548351, 99.99=600063] [READ-FAILED: Count=39, Max=9847, Min=1708, Avg=3229.59, 90=5439, 99=9847, 99.9=9847, 99.99=9847] 
2020-09-29 13:21:02:441 170 sec: 457058 operations; 2811.38 current ops/sec; est completion in 59 minutes [READ: Count=28078, Max=596479, Min=2, Avg=11246.88, 90=21855, 99=69311, 99.9=555519, 99.99=587263] [READ-FAILED: Count=33, Max=62719, Min=1783, Avg=4698.85, 90=3965, 99=62719, 99.9=62719, 99.99=62719] 
2020-09-29 13:21:12:441 180 sec: 485531 operations; 2847.02 current ops/sec; est completion in 58 minutes [READ: Count=28437, Max=580607, Min=3, Avg=11415.9, 90=21887, 99=66303, 99.9=538623, 99.99=568831] [READ-FAILED: Count=33, Max=9663, Min=1974, Avg=3351.88, 90=4323, 99=9663, 99.9=9663, 99.99=9663] 
2020-09-29 13:21:22:441 190 sec: 515122 operations; 2959.4 current ops/sec; est completion in 58 minutes [READ: Count=29559, Max=581119, Min=3, Avg=10833.59, 90=22911, 99=54015, 99.9=541183, 99.99=575487] [READ-FAILED: Count=32, Max=22751, Min=2060, Avg=4261.34, 90=5695, 99=22751, 99.9=22751, 99.99=22751] 
2020-09-29 13:21:32:441 200 sec: 544218 operations; 2909.31 current ops/sec; est completion in 57 minutes [READ: Count=29063, Max=585215, Min=2, Avg=10933, 90=20895, 99=68351, 99.9=535039, 99.99=567295] [READ-FAILED: Count=36, Max=8759, Min=1774, Avg=3331.22, 90=4371, 99=8759, 99.9=8759, 99.99=8759] 
2020-09-29 13:21:42:441 210 sec: 569308 operations; 2509.25 current ops/sec; est completion in 57 minutes [READ: Count=25050, Max=601087, Min=2, Avg=12755.19, 90=23839, 99=100799, 99.9=560639, 99.99=584191] [READ-FAILED: Count=39, Max=25247, Min=1851, Avg=3554.72, 90=4567, 99=25247, 99.9=25247, 99.99=25247] 
2020-09-29 13:21:52:441 220 sec: 601065 operations; 3175.38 current ops/sec; est completion in 57 minutes [READ: Count=31709, Max=595967, Min=3, Avg=10118.92, 90=21999, 99=54207, 99.9=545791, 99.99=586239] [READ-FAILED: Count=46, Max=14551, Min=1690, Avg=3348.39, 90=4411, 99=14551, 99.9=14551, 99.99=14551] 
2020-09-29 13:22:02:441 230 sec: 628131 operations; 2706.6 current ops/sec; est completion in 57 minutes [READ: Count=27041, Max=584703, Min=3, Avg=11588.78, 90=22191, 99=83199, 99.9=552447, 99.99=577023] [READ-FAILED: Count=26, Max=15463, Min=1784, Avg=3792.54, 90=5211, 99=15463, 99.9=15463, 99.99=15463] 
2020-09-29 13:22:12:441 240 sec: 654527 operations; 2639.86 current ops/sec; est completion in 57 minutes [READ: Count=26358, Max=594431, Min=2, Avg=12223.8, 90=22271, 99=97471, 99.9=540671, 99.99=589823] [READ-FAILED: Count=38, Max=6159, Min=1374, Avg=2915.05, 90=3827, 99=6159, 99.9=6159, 99.99=6159] 
2020-09-29 13:22:22:441 250 sec: 684075 operations; 2954.8 current ops/sec; est completion in 56 minutes [READ: Count=29512, Max=591871, Min=2, Avg=10998.31, 90=21311, 99=72255, 99.9=547327, 99.99=587263] [READ-FAILED: Count=35, Max=12175, Min=1621, Avg=2929.89, 90=3273, 99=12175, 99.9=12175, 99.99=12175] 
2020-09-29 13:22:32:441 260 sec: 710193 operations; 2611.8 current ops/sec; est completion in 56 minutes [READ: Count=26088, Max=602623, Min=2, Avg=12078.1, 90=23519, 99=79807, 99.9=546815, 99.99=584703] [READ-FAILED: Count=30, Max=21167, Min=2009, Avg=3615.93, 90=4147, 99=21167, 99.9=21167, 99.99=21167] 
2020-09-29 13:22:42:441 270 sec: 737987 operations; 2779.12 current ops/sec; est completion in 56 minutes [READ: Count=27752, Max=606719, Min=2, Avg=11442.15, 90=22159, 99=88191, 99.9=545791, 99.99=602623] [READ-FAILED: Count=42, Max=19615, Min=1740, Avg=3299.76, 90=4047, 99=19615, 99.9=19615, 99.99=19615] 
2020-09-29 13:22:52:442 280 sec: 764159 operations; 2617.2 current ops/sec; est completion in 56 minutes [READ: Count=26141, Max=612863, Min=2, Avg=12414.97, 90=22143, 99=184575, 99.9=543231, 99.99=607743] [READ-FAILED: Count=32, Max=9999, Min=1723, Avg=3293.81, 90=4747, 99=9999, 99.9=9999, 99.99=9999] 
2020-09-29 13:23:02:441 290 sec: 789571 operations; 2541.2 current ops/sec; est completion in 56 minutes [READ: Count=25382, Max=588287, Min=3, Avg=12452.09, 90=23183, 99=76159, 99.9=565247, 99.99=581631] [READ-FAILED: Count=30, Max=13231, Min=1784, Avg=3626.53, 90=8103, 99=13231, 99.9=13231, 99.99=13231] 
2020-09-29 13:23:12:441 300 sec: 816202 operations; 2663.1 current ops/sec; est completion in 56 minutes [READ: Count=26602, Max=592383, Min=3, Avg=12165.99, 90=21231, 99=108031, 99.9=544255, 99.99=580095] [READ-FAILED: Count=29, Max=7227, Min=1830, Avg=2857.72, 90=4279, 99=7227, 99.9=7227, 99.99=7227] 
Maximum time elapsed. Requesting stop for the workload.
Stop requested for workload. Now Joining!
[36m13:23:12.994[m [[34;1mINFO[m] [1;34mp.u.t.s.y.Stats.clientFinished@38[m: 
Ended SconeKV benchmark.
Number of clients: 32
Total transactions: 162424
Committed: 162424 (100.0%)
Aborted: 0 (0.0%)
2020-09-29 13:23:12:996 300 sec: 816433 operations; 416.97 current ops/sec; est completion in 56 minutes [READ: Count=230, Max=519679, Min=1444, Avg=30541.36, 90=31183, 99=519423, 99.9=519679, 99.99=519679] [CLEANUP: Count=32, Max=1409, Min=2, Avg=47.59, 90=5, 99=1409, 99.9=1409, 99.99=1409] [READ-FAILED: Count=0, Max=0, Min=9223372036854775807, Avg=NaN, 90=0, 99=0, 99.9=0, 99.99=0] 
[OVERALL], RunTime(ms), 300556
[OVERALL], Throughput(ops/sec), 2716.4089221309837
[TOTAL_GCS_G1_Young_Generation], Count, 150
[TOTAL_GC_TIME_G1_Young_Generation], Time(ms), 1144
[TOTAL_GC_TIME_%_G1_Young_Generation], Time(%), 0.38062790295319343
[TOTAL_GCS_G1_Old_Generation], Count, 0
[TOTAL_GC_TIME_G1_Old_Generation], Time(ms), 0
[TOTAL_GC_TIME_%_G1_Old_Generation], Time(%), 0.0
[TOTAL_GCs], Count, 150
[TOTAL_GC_TIME], Time(ms), 1144
[TOTAL_GC_TIME_%], Time(%), 0.38062790295319343
[READ], Operations, 815451
[READ], AverageLatency(us), 11682.33537514823
[READ], MinLatency(us), 2
[READ], MaxLatency(us), 15081471
[READ], 95thPercentileLatency(us), 28303
[READ], 99thPercentileLatency(us), 76671
[READ], Return=OK, 815451
[READ], Return=NOT_FOUND, 982
[CLEANUP], Operations, 32
[CLEANUP], AverageLatency(us), 47.59375
[CLEANUP], MinLatency(us), 2
[CLEANUP], MaxLatency(us), 1409
[CLEANUP], 95thPercentileLatency(us), 6
[CLEANUP], 99thPercentileLatency(us), 1409
[READ-FAILED], Operations, 982
[READ-FAILED], AverageLatency(us), 3686.7851323828922
[READ-FAILED], MinLatency(us), 1374
[READ-FAILED], MaxLatency(us), 62719
[READ-FAILED], 95thPercentileLatency(us), 8135
[READ-FAILED], 99thPercentileLatency(us), 22223
