Command line: -t -db pt.ulisboa.tecnico.sconekv.ycsb.SconeKVClient -P workloadc -threads 16 -s -p scone.tx_size=5 -p operationcount=10000000 -p maxexecutiontime=300
YCSB Client 0.17.0

Loading workload...
Starting test.
WARNING: sun.reflect.Reflection.getCallerClass is not supported. This will impact performance.
Maximum execution time specified as: 300 secs
2020-09-09 15:50:11:145 0 sec: 0 operations; est completion in 0 second 
DBWrapper: report latency for each error is false and specific error codes to track for latency are: []
DBWrapper: report latency for each error is false and specific error codes to track for latency are: []
DBWrapper: report latency for each error is false and specific error codes to track for latency are: []
DBWrapper: report latency for each error is false and specific error codes to track for latency are: []
DBWrapper: report latency for each error is false and specific error codes to track for latency are: []
DBWrapper: report latency for each error is false and specific error codes to track for latency are: []
DBWrapper: report latency for each error is false and specific error codes to track for latency are: []
DBWrapper: report latency for each error is false and specific error codes to track for latency are: []
DBWrapper: report latency for each error is false and specific error codes to track for latency are: []
DBWrapper: report latency for each error is false and specific error codes to track for latency are: []
DBWrapper: report latency for each error is false and specific error codes to track for latency are: []
DBWrapper: report latency for each error is false and specific error codes to track for latency are: []
DBWrapper: report latency for each error is false and specific error codes to track for latency are: []
DBWrapper: report latency for each error is false and specific error codes to track for latency are: []
DBWrapper: report latency for each error is false and specific error codes to track for latency are: []
DBWrapper: report latency for each error is false and specific error codes to track for latency are: []
2020-09-09 15:50:21:146 10 sec: 16763 operations; 1676.3 current ops/sec; est completion in 1 hour 39 minutes [READ: Count=16683, Max=556543, Min=3, Avg=8050.51, 90=16287, 99=36671, 99.9=525823, 99.99=550911] [READ-FAILED: Count=88, Max=23503, Min=1632, Avg=3509.65, 90=5475, 99=10655, 99.9=23503, 99.99=23503] 
2020-09-09 15:50:31:144 20 sec: 37961 operations; 2119.8 current ops/sec; est completion in 1 hour 27 minutes [READ: Count=21079, Max=557055, Min=3, Avg=7509.2, 90=14815, 99=30527, 99.9=519423, 99.99=541695] [READ-FAILED: Count=111, Max=15199, Min=1, Avg=2829.14, 90=3597, 99=12847, 99.9=15199, 99.99=15199] 
2020-09-09 15:50:41:144 30 sec: 60521 operations; 2256 current ops/sec; est completion in 1 hour 22 minutes [READ: Count=22459, Max=563711, Min=3, Avg=6937.26, 90=14999, 99=29999, 99.9=519679, 99.99=541183] [READ-FAILED: Count=102, Max=9639, Min=0, Avg=2703.15, 90=3903, 99=7363, 99.9=9639, 99.99=9639] 
2020-09-09 15:50:51:145 40 sec: 82716 operations; 2219.5 current ops/sec; est completion in 1 hour 19 minutes [READ: Count=22097, Max=558591, Min=3, Avg=7383.48, 90=15127, 99=33855, 99.9=527359, 99.99=550399] [READ-FAILED: Count=98, Max=15463, Min=1641, Avg=2815.85, 90=3273, 99=10407, 99.9=15463, 99.99=15463] 
2020-09-09 15:51:01:145 50 sec: 104678 operations; 2196.2 current ops/sec; est completion in 1 hour 18 minutes [READ: Count=21871, Max=561663, Min=2, Avg=7282.73, 90=15039, 99=30911, 99.9=524799, 99.99=559103] [READ-FAILED: Count=94, Max=8815, Min=1, Avg=2776.02, 90=3729, 99=8231, 99.9=8815, 99.99=8815] 
2020-09-09 15:51:11:145 60 sec: 126547 operations; 2186.9 current ops/sec; est completion in 1 hour 18 minutes [READ: Count=21763, Max=587263, Min=2, Avg=7426.59, 90=15071, 99=32191, 99.9=528383, 99.99=571391] [READ-FAILED: Count=104, Max=14175, Min=1600, Avg=2963.81, 90=4077, 99=11023, 99.9=14175, 99.99=14175] 
2020-09-09 15:51:21:144 70 sec: 148434 operations; 2188.7 current ops/sec; est completion in 1 hour 17 minutes [READ: Count=21796, Max=569343, Min=3, Avg=7313.83, 90=15607, 99=35007, 99.9=521727, 99.99=561663] [READ-FAILED: Count=91, Max=12775, Min=1, Avg=2923.86, 90=3487, 99=10223, 99.9=12775, 99.99=12775] 
2020-09-09 15:51:31:144 80 sec: 167864 operations; 1943 current ops/sec; est completion in 1 hour 18 minutes [READ: Count=19349, Max=550399, Min=3, Avg=8270.68, 90=15839, 99=48223, 99.9=520191, 99.99=541695] [READ-FAILED: Count=81, Max=22719, Min=1, Avg=2791.75, 90=3139, 99=10599, 99.9=22719, 99.99=22719] 
2020-09-09 15:51:41:144 90 sec: 187041 operations; 1917.7 current ops/sec; est completion in 1 hour 18 minutes [READ: Count=19083, Max=558079, Min=3, Avg=8258.64, 90=15703, 99=42015, 99.9=527359, 99.99=557055] [READ-FAILED: Count=95, Max=93119, Min=1536, Avg=3920.96, 90=3525, 99=20303, 99.9=93119, 99.99=93119] 
2020-09-09 15:51:51:144 100 sec: 209245 operations; 2220.4 current ops/sec; est completion in 1 hour 18 minutes [READ: Count=22109, Max=553471, Min=3, Avg=7250.37, 90=15167, 99=30335, 99.9=526335, 99.99=551935] [READ-FAILED: Count=99, Max=89983, Min=1, Avg=3646.26, 90=3677, 99=10511, 99.9=89983, 99.99=89983] 
2020-09-09 15:52:01:144 110 sec: 231989 operations; 2274.4 current ops/sec; est completion in 1 hour 17 minutes [READ: Count=22650, Max=566783, Min=3, Avg=7097.63, 90=15207, 99=28847, 99.9=520447, 99.99=562175] [READ-FAILED: Count=87, Max=12559, Min=2, Avg=2993.15, 90=3705, 99=12367, 99.9=12559, 99.99=12559] 
2020-09-09 15:52:11:149 120 sec: 254952 operations; 2295.15 current ops/sec; est completion in 1 hour 16 minutes [READ: Count=22853, Max=572927, Min=3, Avg=6985.01, 90=15191, 99=31231, 99.9=527871, 99.99=563199] [READ-FAILED: Count=112, Max=11407, Min=1686, Avg=2683.82, 90=3403, 99=6655, 99.9=11407, 99.99=11407] 
2020-09-09 15:52:21:144 130 sec: 275590 operations; 2064.83 current ops/sec; est completion in 1 hour 16 minutes [READ: Count=20522, Max=944639, Min=3, Avg=7759.87, 90=15263, 99=30159, 99.9=527359, 99.99=567295] [READ-FAILED: Count=116, Max=14583, Min=2, Avg=2881.72, 90=3857, 99=10583, 99.9=14583, 99.99=14583] 
2020-09-09 15:52:31:144 140 sec: 298559 operations; 2296.9 current ops/sec; est completion in 1 hour 15 minutes [READ: Count=22861, Max=558079, Min=3, Avg=6986.98, 90=14815, 99=28383, 99.9=521983, 99.99=546815] [READ-FAILED: Count=108, Max=13783, Min=1671, Avg=2724.64, 90=3387, 99=9463, 99.9=13783, 99.99=13783] 
2020-09-09 15:52:41:145 150 sec: 321241 operations; 2268.2 current ops/sec; est completion in 1 hour 15 minutes [READ: Count=22570, Max=552959, Min=3, Avg=7060.12, 90=14967, 99=29247, 99.9=523263, 99.99=539647] [READ-FAILED: Count=110, Max=12487, Min=1612, Avg=3086.06, 90=3771, 99=10479, 99.9=12487, 99.99=12487] 
2020-09-09 15:52:51:144 160 sec: 343639 operations; 2239.8 current ops/sec; est completion in 1 hour 14 minutes [READ: Count=22293, Max=552447, Min=3, Avg=7163.94, 90=14967, 99=29679, 99.9=531967, 99.99=547839] [READ-FAILED: Count=111, Max=19391, Min=1699, Avg=2997, 90=3491, 99=17167, 99.9=19391, 99.99=19391] 
2020-09-09 15:53:01:145 170 sec: 364720 operations; 2108.1 current ops/sec; est completion in 1 hour 14 minutes [READ: Count=20981, Max=560127, Min=3, Avg=7602.6, 90=14591, 99=30191, 99.9=527871, 99.99=545279] [READ-FAILED: Count=94, Max=8575, Min=1, Avg=2559.59, 90=3287, 99=8511, 99.9=8575, 99.99=8575] 
2020-09-09 15:53:11:144 180 sec: 384513 operations; 1979.3 current ops/sec; est completion in 1 hour 15 minutes [READ: Count=19715, Max=564223, Min=3, Avg=8088.29, 90=15567, 99=42719, 99.9=532479, 99.99=559103] [READ-FAILED: Count=78, Max=23311, Min=1676, Avg=3049.94, 90=3573, 99=18879, 99.9=23311, 99.99=23311] 
2020-09-09 15:53:21:145 190 sec: 407567 operations; 2305.4 current ops/sec; est completion in 1 hour 14 minutes [READ: Count=22954, Max=556543, Min=3, Avg=6931.39, 90=14935, 99=32015, 99.9=523263, 99.99=551423] [READ-FAILED: Count=102, Max=8983, Min=1, Avg=2692.51, 90=3415, 99=7159, 99.9=8983, 99.99=8983] 
2020-09-09 15:53:31:144 200 sec: 429186 operations; 2161.9 current ops/sec; est completion in 1 hour 14 minutes [READ: Count=21527, Max=570367, Min=3, Avg=7458.08, 90=15183, 99=32479, 99.9=521215, 99.99=563711] [READ-FAILED: Count=92, Max=14487, Min=1513, Avg=3017.27, 90=3559, 99=11495, 99.9=14487, 99.99=14487] 
2020-09-09 15:53:41:144 210 sec: 450928 operations; 2174.2 current ops/sec; est completion in 1 hour 14 minutes [READ: Count=21636, Max=543231, Min=2, Avg=7353.3, 90=15071, 99=29743, 99.9=523519, 99.99=537599] [READ-FAILED: Count=105, Max=19423, Min=2, Avg=2930.88, 90=3661, 99=11647, 99.9=19423, 99.99=19423] 
2020-09-09 15:53:51:144 220 sec: 471794 operations; 2086.6 current ops/sec; est completion in 1 hour 14 minutes [READ: Count=20770, Max=1003007, Min=3, Avg=7652.07, 90=14983, 99=31695, 99.9=528895, 99.99=873983] [READ-FAILED: Count=95, Max=11583, Min=1524, Avg=2717.24, 90=3595, 99=9311, 99.9=11583, 99.99=11583] 
2020-09-09 15:54:01:144 230 sec: 493023 operations; 2122.9 current ops/sec; est completion in 1 hour 13 minutes [READ: Count=21130, Max=551423, Min=3, Avg=7603.51, 90=14759, 99=27935, 99.9=523263, 99.99=548863] [READ-FAILED: Count=104, Max=18607, Min=1, Avg=2773.36, 90=3559, 99=6747, 99.9=18607, 99.99=18607] 
2020-09-09 15:54:11:144 240 sec: 514783 operations; 2176 current ops/sec; est completion in 1 hour 13 minutes [READ: Count=21659, Max=559103, Min=3, Avg=7344.92, 90=14455, 99=29327, 99.9=526847, 99.99=556543] [READ-FAILED: Count=98, Max=12791, Min=1, Avg=2707.17, 90=3479, 99=6375, 99.9=12791, 99.99=12791] 
2020-09-09 15:54:21:144 250 sec: 535609 operations; 2082.6 current ops/sec; est completion in 1 hour 13 minutes [READ: Count=20727, Max=557567, Min=3, Avg=7689.52, 90=15143, 99=32831, 99.9=525311, 99.99=550399] [READ-FAILED: Count=98, Max=25823, Min=1, Avg=3148.2, 90=4447, 99=7475, 99.9=25823, 99.99=25823] 
2020-09-09 15:54:31:144 260 sec: 557562 operations; 2195.3 current ops/sec; est completion in 1 hour 13 minutes [READ: Count=21834, Max=575487, Min=2, Avg=7342.15, 90=14943, 99=32575, 99.9=534527, 99.99=567807] [READ-FAILED: Count=121, Max=30511, Min=1, Avg=2924.24, 90=3285, 99=22703, 99.9=30511, 99.99=30511] 
2020-09-09 15:54:41:144 270 sec: 578107 operations; 2054.5 current ops/sec; est completion in 1 hour 13 minutes [READ: Count=20445, Max=566783, Min=3, Avg=7792.26, 90=14807, 99=35967, 99.9=523263, 99.99=560127] [READ-FAILED: Count=100, Max=17679, Min=1721, Avg=3105.76, 90=4383, 99=13007, 99.9=17679, 99.99=17679] 
2020-09-09 15:54:51:144 280 sec: 599727 operations; 2162 current ops/sec; est completion in 1 hour 13 minutes [READ: Count=21510, Max=570879, Min=3, Avg=7341.21, 90=15407, 99=33823, 99.9=532991, 99.99=566783] [READ-FAILED: Count=110, Max=6763, Min=1720, Avg=2648.6, 90=3265, 99=6463, 99.9=6763, 99.99=6763] 
2020-09-09 15:55:01:144 290 sec: 622678 operations; 2295.1 current ops/sec; est completion in 1 hour 12 minutes [READ: Count=22857, Max=552447, Min=3, Avg=7056.27, 90=14591, 99=28511, 99.9=527359, 99.99=550399] [READ-FAILED: Count=93, Max=50559, Min=2, Avg=3292.34, 90=3775, 99=8303, 99.9=50559, 99.99=50559] 
2020-09-09 15:55:11:144 300 sec: 643338 operations; 2066 current ops/sec; est completion in 1 hour 12 minutes [READ: Count=20564, Max=549887, Min=3, Avg=7740.04, 90=14751, 99=32319, 99.9=532991, 99.99=547327] [READ-FAILED: Count=94, Max=12063, Min=1, Avg=2669.46, 90=3445, 99=5207, 99.9=12063, 99.99=12063] 
Maximum time elapsed. Requesting stop for the workload.
Stop requested for workload. Now Joining!
[36m15:55:11.656[m [[34;1mINFO[m] [1;34mp.u.t.s.y.Stats.clientFinished@38[m: 
Ended SconeKV benchmark.
Number of clients: 16
Total transactions: 127879
Committed: 127879 (100.0%)
Aborted: 0 (0.0%)
2020-09-09 15:55:11:658 300 sec: 643383 operations; 87.72 current ops/sec; est completion in 1 hour 12 minutes [READ: Count=45, Max=520959, Min=1874, Avg=79005.47, 90=512511, 99=520959, 99.9=520959, 99.99=520959] [CLEANUP: Count=16, Max=1443, Min=2, Avg=94.25, 90=7, 99=1443, 99.9=1443, 99.99=1443] [READ-FAILED: Count=0, Max=0, Min=9223372036854775807, Avg=NaN, 90=0, 99=0, 99.9=0, 99.99=0] 
[OVERALL], RunTime(ms), 300513
[OVERALL], Throughput(ops/sec), 2140.948977248904
[TOTAL_GCS_G1_Young_Generation], Count, 118
[TOTAL_GC_TIME_G1_Young_Generation], Time(ms), 694
[TOTAL_GC_TIME_%_G1_Young_Generation], Time(%), 0.23093842862039246
[TOTAL_GCS_G1_Old_Generation], Count, 0
[TOTAL_GC_TIME_G1_Old_Generation], Time(ms), 0
[TOTAL_GC_TIME_%_G1_Old_Generation], Time(%), 0.0
[TOTAL_GCs], Count, 118
[TOTAL_GC_TIME], Time(ms), 694
[TOTAL_GC_TIME_%], Time(%), 0.23093842862039246
[READ], Operations, 640392
[READ], AverageLatency(us), 7441.585691264101
[READ], MinLatency(us), 2
[READ], MaxLatency(us), 1003007
[READ], 95thPercentileLatency(us), 17631
[READ], 99thPercentileLatency(us), 32543
[READ], Return=OK, 640392
[READ], Return=NOT_FOUND, 2991
[CLEANUP], Operations, 16
[CLEANUP], AverageLatency(us), 94.25
[CLEANUP], MinLatency(us), 2
[CLEANUP], MaxLatency(us), 1443
[CLEANUP], 95thPercentileLatency(us), 11
[CLEANUP], 99thPercentileLatency(us), 1443
[READ-FAILED], Operations, 2991
[READ-FAILED], AverageLatency(us), 2943.0989635573387
[READ-FAILED], MinLatency(us), 0
[READ-FAILED], MaxLatency(us), 93119
[READ-FAILED], 95thPercentileLatency(us), 4919
[READ-FAILED], 99thPercentileLatency(us), 12367
