Command line: -t -db pt.ulisboa.tecnico.sconekv.ycsb.SconeKVClient -P workloadb -threads 32 -s -p scone.tx_size=5 -p operationcount=10000000 -p maxexecutiontime=300
YCSB Client 0.17.0

Loading workload...
Starting test.
WARNING: sun.reflect.Reflection.getCallerClass is not supported. This will impact performance.
2020-09-29 11:05:39:666 0 sec: 0 operations; est completion in 0 second 
Maximum execution time specified as: 300 secs
DBWrapper: report latency for each error is false and specific error codes to track for latency are: []
DBWrapper: report latency for each error is false and specific error codes to track for latency are: []
DBWrapper: report latency for each error is false and specific error codes to track for latency are: []
DBWrapper: report latency for each error is false and specific error codes to track for latency are: []
DBWrapper: report latency for each error is false and specific error codes to track for latency are: []
DBWrapper: report latency for each error is false and specific error codes to track for latency are: []
DBWrapper: report latency for each error is false and specific error codes to track for latency are: []
DBWrapper: report latency for each error is false and specific error codes to track for latency are: []
DBWrapper: report latency for each error is false and specific error codes to track for latency are: []
DBWrapper: report latency for each error is false and specific error codes to track for latency are: []
DBWrapper: report latency for each error is false and specific error codes to track for latency are: []
DBWrapper: report latency for each error is false and specific error codes to track for latency are: []
DBWrapper: report latency for each error is false and specific error codes to track for latency are: []
DBWrapper: report latency for each error is false and specific error codes to track for latency are: []
DBWrapper: report latency for each error is false and specific error codes to track for latency are: []
DBWrapper: report latency for each error is false and specific error codes to track for latency are: []
DBWrapper: report latency for each error is false and specific error codes to track for latency are: []
DBWrapper: report latency for each error is false and specific error codes to track for latency are: []
DBWrapper: report latency for each error is false and specific error codes to track for latency are: []
DBWrapper: report latency for each error is false and specific error codes to track for latency are: []
DBWrapper: report latency for each error is false and specific error codes to track for latency are: []
DBWrapper: report latency for each error is false and specific error codes to track for latency are: []
DBWrapper: report latency for each error is false and specific error codes to track for latency are: []
DBWrapper: report latency for each error is false and specific error codes to track for latency are: []
DBWrapper: report latency for each error is false and specific error codes to track for latency are: []
DBWrapper: report latency for each error is false and specific error codes to track for latency are: []
DBWrapper: report latency for each error is false and specific error codes to track for latency are: []
DBWrapper: report latency for each error is false and specific error codes to track for latency are: []
DBWrapper: report latency for each error is false and specific error codes to track for latency are: []
DBWrapper: report latency for each error is false and specific error codes to track for latency are: []
DBWrapper: report latency for each error is false and specific error codes to track for latency are: []
DBWrapper: report latency for each error is false and specific error codes to track for latency are: []
2020-09-29 11:05:49:666 10 sec: 15083 operations; 1508.15 current ops/sec; est completion in 1 hour 50 minutes [READ: Count=14303, Max=814591, Min=0, Avg=16838.62, 90=34111, 99=91263, 99.9=531455, 99.99=602623] [UPDATE: Count=776, Max=523263, Min=24, Avg=16802.76, 90=33951, 99=77055, 99.9=519423, 99.99=523263] [READ-FAILED: Count=11, Max=38303, Min=3676, Avg=13136.27, 90=17151, 99=38303, 99.9=38303, 99.99=38303] 
2020-09-29 11:05:59:666 20 sec: 41988 operations; 2690.77 current ops/sec; est completion in 1 hour 19 minutes [READ: Count=25526, Max=604671, Min=0, Avg=11845.57, 90=19855, 99=168703, 99.9=532479, 99.99=595455] [UPDATE: Count=1357, Max=598015, Min=18, Avg=14478.65, 90=20879, 99=486655, 99.9=577535, 99.99=598015] [READ-FAILED: Count=21, Max=4411, Min=1875, Avg=2757.76, 90=3811, 99=4411, 99.9=4411, 99.99=4411] 
2020-09-29 11:06:09:666 30 sec: 69380 operations; 2739.2 current ops/sec; est completion in 1 hour 11 minutes [READ: Count=25952, Max=773631, Min=0, Avg=11411.03, 90=18991, 99=126975, 99.9=531967, 99.99=579583] [UPDATE: Count=1414, Max=601087, Min=17, Avg=13451.75, 90=19935, 99=358143, 99.9=536575, 99.99=601087] [READ-FAILED: Count=21, Max=9567, Min=1663, Avg=2994.05, 90=3811, 99=9567, 99.9=9567, 99.99=9567] 
2020-09-29 11:06:19:666 40 sec: 95195 operations; 2581.5 current ops/sec; est completion in 1 hour 9 minutes [READ: Count=24555, Max=1335295, Min=0, Avg=12340.32, 90=19663, 99=226303, 99.9=562175, 99.99=1007615] [UPDATE: Count=1248, Max=639487, Min=19, Avg=14216.56, 90=20927, 99=490239, 99.9=609791, 99.99=639487] [READ-FAILED: Count=17, Max=6451, Min=1904, Avg=2978.71, 90=3811, 99=6451, 99.9=6451, 99.99=6451] 
2020-09-29 11:06:29:666 50 sec: 125572 operations; 3037.7 current ops/sec; est completion in 1 hour 5 minutes [READ: Count=28785, Max=724991, Min=0, Avg=10615.11, 90=18159, 99=87167, 99.9=567807, 99.99=612863] [UPDATE: Count=1560, Max=606207, Min=20, Avg=11727.65, 90=18623, 99=179711, 99.9=580607, 99.99=606207] [READ-FAILED: Count=27, Max=10607, Min=1795, Avg=3381.74, 90=3949, 99=10607, 99.9=10607, 99.99=10607] 
2020-09-29 11:06:39:666 60 sec: 151729 operations; 2615.7 current ops/sec; est completion in 1 hour 4 minutes [READ: Count=24774, Max=1017343, Min=0, Avg=12148.46, 90=19375, 99=256895, 99.9=539135, 99.99=723455] [UPDATE: Count=1376, Max=560639, Min=15, Avg=13269.7, 90=19967, 99=364799, 99.9=524287, 99.99=560639] [READ-FAILED: Count=15, Max=73791, Min=2037, Avg=7655.67, 90=5431, 99=73791, 99.9=73791, 99.99=73791] 
2020-09-29 11:06:49:666 70 sec: 179348 operations; 2761.9 current ops/sec; est completion in 1 hour 3 minutes [READ: Count=26230, Max=1164287, Min=0, Avg=11342.35, 90=19871, 99=102271, 99.9=559103, 99.99=970239] [UPDATE: Count=1362, Max=1003519, Min=14, Avg=13865.39, 90=20431, 99=382207, 99.9=577023, 99.99=1003519] [READ-FAILED: Count=21, Max=9775, Min=2114, Avg=3636.29, 90=5887, 99=9775, 99.9=9775, 99.99=9775] 
2020-09-29 11:06:59:666 80 sec: 206305 operations; 2695.7 current ops/sec; est completion in 1 hour 3 minutes [READ: Count=25574, Max=1197055, Min=0, Avg=11795.88, 90=19423, 99=119167, 99.9=558591, 99.99=633855] [UPDATE: Count=1355, Max=1468415, Min=15, Avg=15524.81, 90=20607, 99=514303, 99.9=750079, 99.99=1468415] [READ-FAILED: Count=26, Max=7899, Min=2013, Avg=3379.54, 90=5131, 99=7899, 99.9=7899, 99.99=7899] 
2020-09-29 11:07:09:666 90 sec: 233680 operations; 2737.5 current ops/sec; est completion in 1 hour 2 minutes [READ: Count=25989, Max=1118207, Min=1, Avg=11442.35, 90=19487, 99=96959, 99.9=538111, 99.99=670719] [UPDATE: Count=1368, Max=715775, Min=17, Avg=13906.33, 90=20623, 99=474367, 99.9=563199, 99.99=715775] [READ-FAILED: Count=22, Max=12655, Min=1903, Avg=3659.55, 90=6215, 99=12655, 99.9=12655, 99.99=12655] 
2020-09-29 11:07:19:666 100 sec: 264368 operations; 3068.49 current ops/sec; est completion in 1 hour 1 minute [READ: Count=29128, Max=894975, Min=0, Avg=9989.39, 90=18847, 99=64127, 99.9=525823, 99.99=572927] [UPDATE: Count=1533, Max=1659903, Min=14, Avg=14727.55, 90=19455, 99=322047, 99.9=826367, 99.99=1659903] [READ-FAILED: Count=22, Max=14983, Min=1662, Avg=3346.82, 90=4175, 99=14983, 99.9=14983, 99.99=14983] 
2020-09-29 11:07:29:666 110 sec: 293743 operations; 2937.79 current ops/sec; est completion in 1 hour [READ: Count=27911, Max=1155071, Min=0, Avg=11026.7, 90=19471, 99=85951, 99.9=546815, 99.99=701439] [UPDATE: Count=1438, Max=787455, Min=15, Avg=12581.44, 90=19711, 99=372735, 99.9=533503, 99.99=787455] [READ-FAILED: Count=28, Max=8231, Min=1953, Avg=3343.07, 90=5371, 99=8231, 99.9=8231, 99.99=8231] 
2020-09-29 11:07:39:666 120 sec: 320124 operations; 2638.1 current ops/sec; est completion in 1 hour [READ: Count=24993, Max=1091583, Min=0, Avg=11867.34, 90=19903, 99=138495, 99.9=542719, 99.99=835583] [UPDATE: Count=1374, Max=1099775, Min=16, Avg=16171.23, 90=20271, 99=519679, 99.9=762879, 99.99=1099775] [READ-FAILED: Count=17, Max=19135, Min=1677, Avg=3968.24, 90=2757, 99=19135, 99.9=19135, 99.99=19135] 
2020-09-29 11:07:49:666 130 sec: 351388 operations; 3126.4 current ops/sec; est completion in 59 minutes [READ: Count=29635, Max=2024447, Min=0, Avg=10177.08, 90=17775, 99=78719, 99.9=539647, 99.99=763903] [UPDATE: Count=1603, Max=557055, Min=18, Avg=10417.27, 90=17823, 99=156543, 99.9=527359, 99.99=557055] [READ-FAILED: Count=21, Max=11015, Min=1486, Avg=3656.48, 90=5247, 99=11015, 99.9=11015, 99.99=11015] 
2020-09-29 11:07:59:666 140 sec: 382880 operations; 3149.2 current ops/sec; est completion in 58 minutes [READ: Count=29859, Max=1116159, Min=0, Avg=10239.06, 90=19759, 99=58527, 99.9=529407, 99.99=617471] [UPDATE: Count=1603, Max=529407, Min=16, Avg=11392.27, 90=20671, 99=158207, 99.9=521215, 99.99=529407] [READ-FAILED: Count=32, Max=4599, Min=1928, Avg=2741.78, 90=3609, 99=4599, 99.9=4599, 99.99=4599] 
2020-09-29 11:08:09:666 150 sec: 409385 operations; 2650.5 current ops/sec; est completion in 58 minutes [READ: Count=25142, Max=1995775, Min=0, Avg=12062.49, 90=19087, 99=200191, 99.9=539135, 99.99=1393663] [UPDATE: Count=1350, Max=2273279, Min=15, Avg=12084.3, 90=19663, 99=89407, 99.9=531455, 99.99=2273279] [READ-FAILED: Count=16, Max=5899, Min=1905, Avg=3214.5, 90=4755, 99=5899, 99.9=5899, 99.99=5899] 
2020-09-29 11:08:19:666 160 sec: 437295 operations; 2791 current ops/sec; est completion in 58 minutes [READ: Count=26541, Max=1009663, Min=0, Avg=11378.81, 90=18863, 99=115199, 99.9=572415, 99.99=855039] [UPDATE: Count=1336, Max=805887, Min=17, Avg=12375.49, 90=18447, 99=375807, 99.9=728575, 99.99=805887] [READ-FAILED: Count=28, Max=8011, Min=1635, Avg=2853.68, 90=3691, 99=8011, 99.9=8011, 99.99=8011] 
2020-09-29 11:08:29:666 170 sec: 465822 operations; 2852.7 current ops/sec; est completion in 58 minutes [READ: Count=27082, Max=1063935, Min=0, Avg=11237.33, 90=20303, 99=82559, 99.9=536063, 99.99=571391] [UPDATE: Count=1430, Max=737791, Min=15, Avg=12550.4, 90=19791, 99=171263, 99.9=619007, 99.99=737791] [READ-FAILED: Count=22, Max=34463, Min=1976, Avg=5857.55, 90=11855, 99=34463, 99.9=34463, 99.99=34463] 
2020-09-29 11:08:39:666 180 sec: 489927 operations; 2410.5 current ops/sec; est completion in 58 minutes [READ: Count=22902, Max=1356799, Min=0, Avg=12996.32, 90=20207, 99=408575, 99.9=543231, 99.99=744959] [UPDATE: Count=1182, Max=569855, Min=14, Avg=16618.26, 90=21807, 99=515327, 99.9=552447, 99.99=569855] [READ-FAILED: Count=14, Max=11935, Min=1660, Avg=3404.71, 90=5075, 99=11935, 99.9=11935, 99.99=11935] 
2020-09-29 11:08:49:666 190 sec: 519902 operations; 2997.2 current ops/sec; est completion in 57 minutes [READ: Count=28430, Max=1015295, Min=0, Avg=10633.61, 90=18943, 99=79423, 99.9=539647, 99.99=923647] [UPDATE: Count=1522, Max=765439, Min=15, Avg=13878.43, 90=19663, 99=293887, 99.9=653823, 99.99=765439] [READ-FAILED: Count=27, Max=15647, Min=1692, Avg=3473.74, 90=4323, 99=15647, 99.9=15647, 99.99=15647] 
2020-09-29 11:08:59:666 200 sec: 549081 operations; 2918.19 current ops/sec; est completion in 57 minutes [READ: Count=27708, Max=796159, Min=0, Avg=10762.95, 90=18879, 99=88319, 99.9=557567, 99.99=612351] [UPDATE: Count=1448, Max=570879, Min=11, Avg=11630.5, 90=19375, 99=213247, 99.9=537599, 99.99=570879] [READ-FAILED: Count=21, Max=13351, Min=2200, Avg=3805.67, 90=4135, 99=13351, 99.9=13351, 99.99=13351] 
2020-09-29 11:09:09:666 210 sec: 575909 operations; 2682.8 current ops/sec; est completion in 57 minutes [READ: Count=25475, Max=1067007, Min=0, Avg=11927.09, 90=19423, 99=125247, 99.9=561151, 99.99=592895] [UPDATE: Count=1335, Max=1148927, Min=16, Avg=15381.37, 90=20927, 99=511743, 99.9=529919, 99.99=1148927] [READ-FAILED: Count=16, Max=9839, Min=1843, Avg=3235.19, 90=3691, 99=9839, 99.9=9839, 99.99=9839] 
2020-09-29 11:09:19:666 220 sec: 605857 operations; 2994.8 current ops/sec; est completion in 56 minutes [READ: Count=28431, Max=815103, Min=0, Avg=10566.67, 90=18879, 99=74239, 99.9=541183, 99.99=685055] [UPDATE: Count=1501, Max=721407, Min=12, Avg=13188.19, 90=19711, 99=420351, 99.9=533503, 99.99=721407] [READ-FAILED: Count=27, Max=4667, Min=1612, Avg=2879.63, 90=3543, 99=4667, 99.9=4667, 99.99=4667] 
2020-09-29 11:09:29:666 230 sec: 636232 operations; 3037.5 current ops/sec; est completion in 56 minutes [READ: Count=28776, Max=967679, Min=0, Avg=10445.14, 90=18511, 99=74943, 99.9=569343, 99.99=742399] [UPDATE: Count=1570, Max=887807, Min=18, Avg=11620.46, 90=18591, 99=154751, 99.9=589823, 99.99=887807] [READ-FAILED: Count=21, Max=5499, Min=1971, Avg=3058.71, 90=4151, 99=5499, 99.9=5499, 99.99=5499] 
2020-09-29 11:09:39:666 240 sec: 667621 operations; 3138.9 current ops/sec; est completion in 55 minutes [READ: Count=29762, Max=584191, Min=0, Avg=10172.52, 90=20447, 99=69055, 99.9=530431, 99.99=565247] [UPDATE: Count=1610, Max=536575, Min=16, Avg=10634.13, 90=21119, 99=101631, 99.9=530943, 99.99=536575] [READ-FAILED: Count=21, Max=7467, Min=2112, Avg=3258.43, 90=4223, 99=7467, 99.9=7467, 99.99=7467] 
2020-09-29 11:09:49:666 250 sec: 695762 operations; 2814.1 current ops/sec; est completion in 55 minutes [READ: Count=26739, Max=1055743, Min=0, Avg=11160.71, 90=19871, 99=85631, 99.9=564735, 99.99=946175] [UPDATE: Count=1366, Max=996863, Min=17, Avg=13604.7, 90=20015, 99=177663, 99.9=952319, 99.99=996863] [READ-FAILED: Count=29, Max=40831, Min=1953, Avg=4738.41, 90=6199, 99=40831, 99.9=40831, 99.99=40831] 
2020-09-29 11:09:59:666 260 sec: 727417 operations; 3165.5 current ops/sec; est completion in 55 minutes [READ: Count=30041, Max=1047551, Min=0, Avg=10093.42, 90=18527, 99=77887, 99.9=534527, 99.99=602111] [UPDATE: Count=1592, Max=579583, Min=17, Avg=11019.88, 90=19231, 99=151167, 99.9=526335, 99.99=579583] [READ-FAILED: Count=23, Max=10007, Min=1710, Avg=3347.43, 90=4707, 99=10007, 99.9=10007, 99.99=10007] 
2020-09-29 11:10:09:666 270 sec: 756702 operations; 2928.21 current ops/sec; est completion in 54 minutes [READ: Count=27839, Max=1046527, Min=0, Avg=10838.62, 90=19823, 99=88767, 99.9=551935, 99.99=999423] [UPDATE: Count=1428, Max=832511, Min=17, Avg=12870.02, 90=20255, 99=191359, 99.9=567807, 99.99=832511] [READ-FAILED: Count=20, Max=13191, Min=1629, Avg=3806.8, 90=5459, 99=13191, 99.9=13191, 99.99=13191] 
2020-09-29 11:10:19:666 280 sec: 783285 operations; 2658.57 current ops/sec; est completion in 54 minutes [READ: Count=25230, Max=1094655, Min=0, Avg=12023.76, 90=20527, 99=124991, 99.9=544767, 99.99=590847] [UPDATE: Count=1329, Max=714751, Min=17, Avg=12801.77, 90=22239, 99=131967, 99.9=534015, 99.99=714751] [READ-FAILED: Count=24, Max=18319, Min=1779, Avg=3986.12, 90=4751, 99=18319, 99.9=18319, 99.99=18319] 
2020-09-29 11:10:29:666 290 sec: 814021 operations; 3073.6 current ops/sec; est completion in 54 minutes [READ: Count=29148, Max=780287, Min=0, Avg=10128.2, 90=18431, 99=75839, 99.9=553983, 99.99=621055] [UPDATE: Count=1561, Max=594431, Min=16, Avg=13208.81, 90=19023, 99=287743, 99.9=520959, 99.99=594431] [READ-FAILED: Count=26, Max=4243, Min=1643, Avg=2938.69, 90=3855, 99=4243, 99.9=4243, 99.99=4243] 
2020-09-29 11:10:39:665 300 sec: 844780 operations; 3075.9 current ops/sec; est completion in 54 minutes [READ: Count=29206, Max=1432575, Min=0, Avg=10309.59, 90=19215, 99=74367, 99.9=547327, 99.99=955391] [UPDATE: Count=1527, Max=864767, Min=17, Avg=14414.47, 90=20095, 99=479743, 99.9=583679, 99.99=864767] [READ-FAILED: Count=25, Max=10007, Min=1790, Avg=3523.44, 90=6803, 99=10007, 99.9=10007, 99.99=10007] 
Maximum time elapsed. Requesting stop for the workload.
Stop requested for workload. Now Joining!
[36m11:10:40.226[m [[34;1mINFO[m] [1;34mp.u.t.s.y.Stats.clientFinished@38[m: 
Ended SconeKV benchmark.
Number of clients: 32
Total transactions: 168096
Committed: 161255 (95.930305%)
Aborted: 6841 (4.0696983%)
2020-09-29 11:10:40:228 300 sec: 844998 operations; 387.21 current ops/sec; est completion in 54 minutes [READ: Count=208, Max=549887, Min=2, Avg=36970.58, 90=38271, 99=522751, 99.9=549887, 99.99=549887] [CLEANUP: Count=32, Max=1427, Min=2, Avg=48.47, 90=7, 99=1427, 99.9=1427, 99.99=1427] [UPDATE: Count=9, Max=36703, Min=1810, Avg=11193.44, 90=24415, 99=36703, 99.9=36703, 99.99=36703] [READ-FAILED: Count=0, Max=0, Min=9223372036854775807, Avg=NaN, 90=0, 99=0, 99.9=0, 99.99=0] 
[OVERALL], RunTime(ms), 300563
[OVERALL], Throughput(ops/sec), 2811.3839694173935
[TOTAL_GCS_G1_Young_Generation], Count, 124
[TOTAL_GC_TIME_G1_Young_Generation], Time(ms), 1025
[TOTAL_GC_TIME_%_G1_Young_Generation], Time(%), 0.3410266732764845
[TOTAL_GCS_G1_Old_Generation], Count, 0
[TOTAL_GC_TIME_G1_Old_Generation], Time(ms), 0
[TOTAL_GC_TIME_%_G1_Old_Generation], Time(%), 0.0
[TOTAL_GCs], Count, 124
[TOTAL_GC_TIME], Time(ms), 1025
[TOTAL_GC_TIME_%], Time(%), 0.3410266732764845
[READ], Operations, 801874
[READ], AverageLatency(us), 11191.566226115325
[READ], MinLatency(us), 0
[READ], MaxLatency(us), 2024447
[READ], 95thPercentileLatency(us), 25487
[READ], 99thPercentileLatency(us), 91007
[READ], Return=OK, 801874
[READ], Return=NOT_FOUND, 661
[CLEANUP], Operations, 32
[CLEANUP], AverageLatency(us), 48.46875
[CLEANUP], MinLatency(us), 2
[CLEANUP], MaxLatency(us), 1427
[CLEANUP], 95thPercentileLatency(us), 9
[CLEANUP], 99thPercentileLatency(us), 1427
[UPDATE], Operations, 42463
[UPDATE], AverageLatency(us), 13214.890304500388
[UPDATE], MinLatency(us), 11
[UPDATE], MaxLatency(us), 2273279
[UPDATE], 95thPercentileLatency(us), 27871
[UPDATE], 99thPercentileLatency(us), 306431
[UPDATE], Return=OK, 42463
[READ-FAILED], Operations, 661
[READ-FAILED], AverageLatency(us), 3722.3540090771558
[READ-FAILED], MinLatency(us), 1486
[READ-FAILED], MaxLatency(us), 73791
[READ-FAILED], 95thPercentileLatency(us), 8767
[READ-FAILED], 99thPercentileLatency(us), 16975
