Command line: -t -db pt.ulisboa.tecnico.sconekv.ycsb.SconeKVClient -P workloada -threads 32 -s -p scone.tx_size=5 -p operationcount=10000000 -p maxexecutiontime=300
YCSB Client 0.17.0

Loading workload...
Starting test.
WARNING: sun.reflect.Reflection.getCallerClass is not supported. This will impact performance.
Maximum execution time specified as: 300 secs
2020-09-07 14:37:23:056 0 sec: 0 operations; est completion in 0 second 
DBWrapper: report latency for each error is false and specific error codes to track for latency are: []
DBWrapper: report latency for each error is false and specific error codes to track for latency are: []
DBWrapper: report latency for each error is false and specific error codes to track for latency are: []
DBWrapper: report latency for each error is false and specific error codes to track for latency are: []
DBWrapper: report latency for each error is false and specific error codes to track for latency are: []
DBWrapper: report latency for each error is false and specific error codes to track for latency are: []
DBWrapper: report latency for each error is false and specific error codes to track for latency are: []
DBWrapper: report latency for each error is false and specific error codes to track for latency are: []
DBWrapper: report latency for each error is false and specific error codes to track for latency are: []
DBWrapper: report latency for each error is false and specific error codes to track for latency are: []
DBWrapper: report latency for each error is false and specific error codes to track for latency are: []
DBWrapper: report latency for each error is false and specific error codes to track for latency are: []
DBWrapper: report latency for each error is false and specific error codes to track for latency are: []
DBWrapper: report latency for each error is false and specific error codes to track for latency are: []
DBWrapper: report latency for each error is false and specific error codes to track for latency are: []
DBWrapper: report latency for each error is false and specific error codes to track for latency are: []
DBWrapper: report latency for each error is false and specific error codes to track for latency are: []
DBWrapper: report latency for each error is false and specific error codes to track for latency are: []
DBWrapper: report latency for each error is false and specific error codes to track for latency are: []
DBWrapper: report latency for each error is false and specific error codes to track for latency are: []
DBWrapper: report latency for each error is false and specific error codes to track for latency are: []
DBWrapper: report latency for each error is false and specific error codes to track for latency are: []
DBWrapper: report latency for each error is false and specific error codes to track for latency are: []
DBWrapper: report latency for each error is false and specific error codes to track for latency are: []
DBWrapper: report latency for each error is false and specific error codes to track for latency are: []
DBWrapper: report latency for each error is false and specific error codes to track for latency are: []
DBWrapper: report latency for each error is false and specific error codes to track for latency are: []
DBWrapper: report latency for each error is false and specific error codes to track for latency are: []
DBWrapper: report latency for each error is false and specific error codes to track for latency are: []
DBWrapper: report latency for each error is false and specific error codes to track for latency are: []
DBWrapper: report latency for each error is false and specific error codes to track for latency are: []
DBWrapper: report latency for each error is false and specific error codes to track for latency are: []
2020-09-07 14:37:33:056 10 sec: 16273 operations; 1627.14 current ops/sec; est completion in 1 hour 42 minutes [READ: Count=8137, Max=611839, Min=1, Avg=14884.29, 90=27247, 99=186623, 99.9=560127, 99.99=604159] [UPDATE: Count=8194, Max=587775, Min=6, Avg=14738.1, 90=28287, 99=177791, 99.9=545791, 99.99=574975] [READ-FAILED: Count=6, Max=4347, Min=2015, Avg=3049.5, 90=3633, 99=4347, 99.9=4347, 99.99=4347] 
2020-09-07 14:37:43:055 20 sec: 42722 operations; 2645.16 current ops/sec; est completion in 1 hour 17 minutes [READ: Count=13092, Max=586239, Min=0, Avg=11923.76, 90=21359, 99=167039, 99.9=533503, 99.99=582655] [UPDATE: Count=13312, Max=572415, Min=1, Avg=12460.57, 90=21615, 99=229887, 99.9=535039, 99.99=563711] [READ-FAILED: Count=15, Max=5087, Min=2198, Avg=3207.27, 90=4843, 99=5087, 99.9=5087, 99.99=5087] 
2020-09-07 14:37:53:055 30 sec: 69601 operations; 2687.9 current ops/sec; est completion in 1 hour 11 minutes [READ: Count=13485, Max=622079, Min=0, Avg=11602.11, 90=23103, 99=122303, 99.9=531967, 99.99=607743] [UPDATE: Count=13363, Max=580095, Min=12, Avg=11892.9, 90=23359, 99=135679, 99.9=539647, 99.99=575999] [READ-FAILED: Count=3, Max=2661, Min=1642, Avg=2244, 90=2661, 99=2661, 99.9=2661, 99.99=2661] 
2020-09-07 14:38:03:056 40 sec: 93817 operations; 2421.36 current ops/sec; est completion in 1 hour 10 minutes [READ: Count=12049, Max=941055, Min=0, Avg=13576.16, 90=23023, 99=284159, 99.9=567295, 99.99=831487] [UPDATE: Count=12172, Max=810495, Min=1, Avg=13099.05, 90=23439, 99=254719, 99.9=549887, 99.99=743935] [READ-FAILED: Count=7, Max=3481, Min=2196, Avg=2869, 90=3473, 99=3481, 99.9=3481, 99.99=3481] 
2020-09-07 14:38:13:055 50 sec: 120061 operations; 2624.66 current ops/sec; est completion in 1 hour 8 minutes [READ: Count=13167, Max=555007, Min=2, Avg=11900.27, 90=23055, 99=156671, 99.9=529407, 99.99=553983] [UPDATE: Count=13059, Max=611839, Min=1, Avg=12370.88, 90=23919, 99=148095, 99.9=529919, 99.99=578559] [READ-FAILED: Count=10, Max=6095, Min=2408, Avg=3334, 90=4131, 99=6095, 99.9=6095, 99.99=6095] 
2020-09-07 14:38:23:055 60 sec: 147096 operations; 2703.23 current ops/sec; est completion in 1 hour 7 minutes [READ: Count=13586, Max=584191, Min=1, Avg=11596.95, 90=21775, 99=118399, 99.9=534527, 99.99=577535] [UPDATE: Count=13429, Max=598527, Min=3, Avg=11773.91, 90=22303, 99=160895, 99.9=527871, 99.99=596991] [READ-FAILED: Count=10, Max=8271, Min=1649, Avg=3944.4, 90=6127, 99=8271, 99.9=8271, 99.99=8271] 
2020-09-07 14:38:33:055 70 sec: 172194 operations; 2509.8 current ops/sec; est completion in 1 hour 6 minutes [READ: Count=12484, Max=599039, Min=0, Avg=12837.07, 90=24911, 99=164479, 99.9=544767, 99.99=576511] [UPDATE: Count=12616, Max=860671, Min=3, Avg=13020.64, 90=25439, 99=157567, 99.9=543743, 99.99=571391] [READ-FAILED: Count=10, Max=16127, Min=1984, Avg=4859.8, 90=7543, 99=16127, 99.9=16127, 99.99=16127] 
2020-09-07 14:38:43:055 80 sec: 198423 operations; 2622.9 current ops/sec; est completion in 1 hour 5 minutes [READ: Count=12982, Max=570879, Min=0, Avg=11768.4, 90=22847, 99=120383, 99.9=538623, 99.99=562175] [UPDATE: Count=13241, Max=596479, Min=1, Avg=12766.07, 90=23039, 99=188287, 99.9=537599, 99.99=577535] [READ-FAILED: Count=7, Max=3565, Min=2232, Avg=2750.71, 90=3245, 99=3565, 99.9=3565, 99.99=3565] 
2020-09-07 14:38:53:055 90 sec: 226266 operations; 2784.58 current ops/sec; est completion in 1 hour 4 minutes [READ: Count=13804, Max=795135, Min=1, Avg=11536.05, 90=21983, 99=126719, 99.9=547839, 99.99=766975] [UPDATE: Count=14030, Max=951295, Min=1, Avg=11321.69, 90=21967, 99=124415, 99.9=539647, 99.99=817663] [READ-FAILED: Count=9, Max=4255, Min=2102, Avg=2954.67, 90=3977, 99=4255, 99.9=4255, 99.99=4255] 
2020-09-07 14:39:03:055 100 sec: 253921 operations; 2765.5 current ops/sec; est completion in 1 hour 3 minutes [READ: Count=13838, Max=986111, Min=1, Avg=11643.13, 90=21935, 99=102207, 99.9=541695, 99.99=895487] [UPDATE: Count=13794, Max=976383, Min=1, Avg=11212.78, 90=21935, 99=77887, 99.9=551423, 99.99=919551] [READ-FAILED: Count=10, Max=4747, Min=2014, Avg=3330.7, 90=4431, 99=4747, 99.9=4747, 99.99=4747] 
2020-09-07 14:39:13:055 110 sec: 278326 operations; 2440.26 current ops/sec; est completion in 1 hour 4 minutes [READ: Count=12044, Max=1192959, Min=1, Avg=12834.49, 90=22719, 99=253567, 99.9=551423, 99.99=1016831] [UPDATE: Count=12364, Max=769535, Min=1, Avg=13773.08, 90=22975, 99=336383, 99.9=561663, 99.99=753151] [READ-FAILED: Count=6, Max=6739, Min=2020, Avg=3799.33, 90=4531, 99=6739, 99.9=6739, 99.99=6739] 
2020-09-07 14:39:23:055 120 sec: 307307 operations; 2898.1 current ops/sec; est completion in 1 hour 3 minutes [READ: Count=14482, Max=880127, Min=1, Avg=10637.72, 90=21935, 99=85375, 99.9=530431, 99.99=692223] [UPDATE: Count=14502, Max=645631, Min=3, Avg=11402.08, 90=21759, 99=114879, 99.9=535039, 99.99=640511] [READ-FAILED: Count=10, Max=3499, Min=2250, Avg=3049, 90=3479, 99=3499, 99.9=3499, 99.99=3499] 
2020-09-07 14:39:33:055 130 sec: 334299 operations; 2699.2 current ops/sec; est completion in 1 hour 2 minutes [READ: Count=13432, Max=1000959, Min=0, Avg=11667.15, 90=22895, 99=84159, 99.9=556031, 99.99=990719] [UPDATE: Count=13534, Max=1003007, Min=1, Avg=12054.25, 90=22671, 99=108799, 99.9=562175, 99.99=994815] [READ-FAILED: Count=9, Max=18575, Min=1933, Avg=4122.56, 90=2945, 99=18575, 99.9=18575, 99.99=18575] 
2020-09-07 14:39:43:055 140 sec: 359803 operations; 2550.66 current ops/sec; est completion in 1 hour 2 minutes [READ: Count=12663, Max=625663, Min=1, Avg=13003.1, 90=22815, 99=265727, 99.9=548863, 99.99=575487] [UPDATE: Count=12835, Max=622079, Min=3, Avg=12148.11, 90=23167, 99=161919, 99.9=539647, 99.99=574463] [READ-FAILED: Count=9, Max=3363, Min=1893, Avg=2642.33, 90=2945, 99=3363, 99.9=3363, 99.99=3363] 
2020-09-07 14:39:53:055 150 sec: 388036 operations; 2823.3 current ops/sec; est completion in 1 hour 1 minute [READ: Count=14078, Max=569343, Min=0, Avg=11000.2, 90=22431, 99=84543, 99.9=526335, 99.99=561663] [UPDATE: Count=14146, Max=586239, Min=1, Avg=11557.14, 90=22191, 99=121407, 99.9=533503, 99.99=571903] [READ-FAILED: Count=12, Max=4811, Min=1682, Avg=3071.83, 90=4447, 99=4811, 99.9=4811, 99.99=4811] 
2020-09-07 14:40:03:055 160 sec: 414596 operations; 2656 current ops/sec; est completion in 1 hour 1 minute [READ: Count=13422, Max=714751, Min=0, Avg=12326.6, 90=22751, 99=139391, 99.9=541183, 99.99=621055] [UPDATE: Count=13132, Max=726015, Min=4, Avg=11868.67, 90=22527, 99=135935, 99.9=539135, 99.99=621567] [READ-FAILED: Count=10, Max=6143, Min=1970, Avg=3753.2, 90=5387, 99=6143, 99.9=6143, 99.99=6143] 
2020-09-07 14:40:13:055 170 sec: 442673 operations; 2807.42 current ops/sec; est completion in 1 hour 1 minute [READ: Count=14010, Max=623103, Min=0, Avg=10902.23, 90=22239, 99=106175, 99.9=530431, 99.99=605183] [UPDATE: Count=14046, Max=590335, Min=3, Avg=11636.1, 90=21999, 99=146559, 99.9=536575, 99.99=575999] [READ-FAILED: Count=9, Max=3775, Min=1663, Avg=2470.67, 90=3189, 99=3775, 99.9=3775, 99.99=3775] 
2020-09-07 14:40:23:055 180 sec: 467629 operations; 2495.85 current ops/sec; est completion in 1 hour 1 minute [READ: Count=12446, Max=586239, Min=1, Avg=12728.08, 90=22271, 99=234751, 99.9=540671, 99.99=580607] [UPDATE: Count=12509, Max=676351, Min=0, Avg=13157.03, 90=22639, 99=269567, 99.9=539135, 99.99=593407] [READ-FAILED: Count=6, Max=10831, Min=1900, Avg=4373.5, 90=4575, 99=10831, 99.9=10831, 99.99=10831] 
2020-09-07 14:40:33:055 190 sec: 494655 operations; 2702.6 current ops/sec; est completion in 1 hour [READ: Count=13487, Max=743935, Min=1, Avg=11738.3, 90=21215, 99=138495, 99.9=543231, 99.99=686591] [UPDATE: Count=13525, Max=686079, Min=0, Avg=11669.1, 90=21295, 99=152703, 99.9=545791, 99.99=664063] [READ-FAILED: Count=10, Max=3757, Min=1822, Avg=2820.3, 90=3649, 99=3757, 99.9=3757, 99.99=3757] 
2020-09-07 14:40:43:055 200 sec: 520251 operations; 2559.34 current ops/sec; est completion in 1 hour [READ: Count=12789, Max=678399, Min=0, Avg=12105.14, 90=23071, 99=144383, 99.9=549887, 99.99=670207] [UPDATE: Count=12803, Max=761343, Min=1, Avg=13223.68, 90=23759, 99=229887, 99.9=542719, 99.99=611839] [READ-FAILED: Count=6, Max=5467, Min=2026, Avg=3326.17, 90=4163, 99=5467, 99.9=5467, 99.99=5467] 
2020-09-07 14:40:53:055 210 sec: 546524 operations; 2627.56 current ops/sec; est completion in 1 hour [READ: Count=13175, Max=976383, Min=0, Avg=11376.86, 90=22127, 99=107263, 99.9=534015, 99.99=590335] [UPDATE: Count=13101, Max=1108991, Min=1, Avg=12817.14, 90=23023, 99=190591, 99.9=550911, 99.99=1088511] [READ-FAILED: Count=4, Max=3747, Min=2358, Avg=2945.5, 90=3747, 99=3747, 99.9=3747, 99.99=3747] 
2020-09-07 14:41:03:055 220 sec: 573458 operations; 2693.4 current ops/sec; est completion in 1 hour [READ: Count=13394, Max=857087, Min=0, Avg=12123.28, 90=23775, 99=112639, 99.9=537599, 99.99=751103] [UPDATE: Count=13524, Max=685055, Min=1, Avg=11530.86, 90=24079, 99=91519, 99.9=539647, 99.99=621055] [READ-FAILED: Count=7, Max=5051, Min=2172, Avg=3197.57, 90=4423, 99=5051, 99.9=5051, 99.99=5051] 
2020-09-07 14:41:13:055 230 sec: 601558 operations; 2810 current ops/sec; est completion in 59 minutes [READ: Count=14151, Max=582143, Min=0, Avg=11718.21, 90=22607, 99=128703, 99.9=539135, 99.99=579583] [UPDATE: Count=13944, Max=709119, Min=0, Avg=11118.72, 90=22367, 99=93567, 99.9=530431, 99.99=577023] [READ-FAILED: Count=8, Max=3281, Min=2076, Avg=2587.25, 90=2911, 99=3281, 99.9=3281, 99.99=3281] 
2020-09-07 14:41:23:055 240 sec: 628257 operations; 2669.9 current ops/sec; est completion in 59 minutes [READ: Count=13237, Max=913407, Min=0, Avg=11504.43, 90=23407, 99=93695, 99.9=532991, 99.99=605695] [UPDATE: Count=13448, Max=578559, Min=4, Avg=12406.71, 90=23679, 99=133247, 99.9=536575, 99.99=575487] [READ-FAILED: Count=10, Max=4563, Min=1597, Avg=2825.6, 90=3445, 99=4563, 99.9=4563, 99.99=4563] 
2020-09-07 14:41:33:055 250 sec: 655412 operations; 2715.5 current ops/sec; est completion in 59 minutes [READ: Count=13614, Max=612351, Min=0, Avg=11373.94, 90=22271, 99=118015, 99.9=538111, 99.99=573951] [UPDATE: Count=13535, Max=586239, Min=3, Avg=12357.6, 90=22015, 99=199679, 99.9=536575, 99.99=582143] [READ-FAILED: Count=9, Max=7819, Min=1895, Avg=3572.78, 90=5003, 99=7819, 99.9=7819, 99.99=7819] 
2020-09-07 14:41:43:055 260 sec: 681526 operations; 2611.4 current ops/sec; est completion in 59 minutes [READ: Count=13101, Max=674815, Min=1, Avg=11817.24, 90=21151, 99=145919, 99.9=532479, 99.99=614399] [UPDATE: Count=13000, Max=631295, Min=1, Avg=12187.29, 90=21887, 99=138751, 99.9=536575, 99.99=612351] [READ-FAILED: Count=12, Max=5235, Min=1994, Avg=2991.33, 90=3745, 99=5235, 99.9=5235, 99.99=5235] 
2020-09-07 14:41:53:055 270 sec: 705686 operations; 2416 current ops/sec; est completion in 59 minutes [READ: Count=12106, Max=1000959, Min=0, Avg=13408.37, 90=22063, 99=343039, 99.9=542207, 99.99=595967] [UPDATE: Count=12050, Max=589311, Min=0, Avg=13633.42, 90=22207, 99=346111, 99.9=539647, 99.99=580095] [READ-FAILED: Count=6, Max=15391, Min=1968, Avg=6325.17, 90=7827, 99=15391, 99.9=15391, 99.99=15391] 
2020-09-07 14:42:03:055 280 sec: 729975 operations; 2428.9 current ops/sec; est completion in 59 minutes [READ: Count=12125, Max=731647, Min=1, Avg=12599.23, 90=22079, 99=219647, 99.9=538623, 99.99=708607] [UPDATE: Count=12164, Max=623615, Min=1, Avg=13322.54, 90=22671, 99=313599, 99.9=543743, 99.99=582143] [READ-FAILED: Count=2, Max=3003, Min=1857, Avg=2430, 90=3003, 99=3003, 99.9=3003, 99.99=3003] 
2020-09-07 14:42:13:055 290 sec: 753381 operations; 2340.6 current ops/sec; est completion in 59 minutes [READ: Count=11704, Max=811007, Min=0, Avg=12619.72, 90=21951, 99=250495, 99.9=531455, 99.99=590847] [UPDATE: Count=11685, Max=861695, Min=0, Avg=14140.46, 90=22767, 99=371455, 99.9=536575, 99.99=670719] [READ-FAILED: Count=11, Max=5555, Min=2096, Avg=3299.27, 90=4311, 99=5555, 99.9=5555, 99.99=5555] 
2020-09-07 14:42:23:055 300 sec: 779303 operations; 2592.2 current ops/sec; est completion in 59 minutes [READ: Count=12936, Max=977919, Min=0, Avg=11859.38, 90=20767, 99=172159, 99.9=529407, 99.99=967679] [UPDATE: Count=12992, Max=1009151, Min=3, Avg=13640.54, 90=21647, 99=310271, 99.9=856063, 99.99=1008639] [READ-FAILED: Count=3, Max=2935, Min=1687, Avg=2496.33, 90=2935, 99=2935, 99.9=2935, 99.99=2935] 
Maximum time elapsed. Requesting stop for the workload.
Stop requested for workload. Now Joining!
[36m14:42:23.615[m [[34;1mINFO[m] [1;34mp.u.t.s.y.Stats.clientFinished@38[m: 
Ended SconeKV benchmark.
Number of clients: 32
Total transactions: 155116
Committed: 119224 (76.86118%)
Aborted: 35892 (23.138813%)
2020-09-07 14:42:23:619 300 sec: 779508 operations; 362.83 current ops/sec; est completion in 59 minutes [READ: Count=101, Max=528383, Min=1712, Avg=38716.81, 90=29439, 99=523519, 99.9=528383, 99.99=528383] [CLEANUP: Count=32, Max=1308, Min=3, Avg=46.66, 90=18, 99=1308, 99.9=1308, 99.99=1308] [UPDATE: Count=91, Max=526335, Min=1739, Avg=41201.24, 90=29199, 99=522239, 99.9=526335, 99.99=526335] [READ-FAILED: Count=1, Max=2669, Min=2668, Avg=2669, 90=2669, 99=2669, 99.9=2669, 99.99=2669] 
[OVERALL], RunTime(ms), 300562
[OVERALL], Throughput(ops/sec), 2593.501507176556
[TOTAL_GCS_G1_Young_Generation], Count, 111
[TOTAL_GC_TIME_G1_Young_Generation], Time(ms), 942
[TOTAL_GC_TIME_%_G1_Young_Generation], Time(%), 0.3134128732175059
[TOTAL_GCS_G1_Old_Generation], Count, 0
[TOTAL_GC_TIME_G1_Old_Generation], Time(ms), 0
[TOTAL_GC_TIME_%_G1_Old_Generation], Time(%), 0.0
[TOTAL_GCs], Count, 111
[TOTAL_GC_TIME], Time(ms), 942
[TOTAL_GC_TIME_%], Time(%), 0.3134128732175059
[READ], Operations, 389121
[READ], AverageLatency(us), 12026.191701295998
[READ], MinLatency(us), 0
[READ], MaxLatency(us), 1192959
[READ], 95thPercentileLatency(us), 31215
[READ], 99thPercentileLatency(us), 144639
[READ], Return=OK, 389121
[READ], Return=NOT_FOUND, 247
[CLEANUP], Operations, 32
[CLEANUP], AverageLatency(us), 46.65625
[CLEANUP], MinLatency(us), 3
[CLEANUP], MaxLatency(us), 1308
[CLEANUP], 95thPercentileLatency(us), 19
[CLEANUP], 99thPercentileLatency(us), 1308
[UPDATE], Operations, 390140
[UPDATE], AverageLatency(us), 12417.7586302353
[UPDATE], MinLatency(us), 0
[UPDATE], MaxLatency(us), 1108991
[UPDATE], 95thPercentileLatency(us), 32111
[UPDATE], 99thPercentileLatency(us), 178047
[UPDATE], Return=OK, 390140
[READ-FAILED], Operations, 247
[READ-FAILED], AverageLatency(us), 3317.364372469636
[READ-FAILED], MinLatency(us), 1597
[READ-FAILED], MaxLatency(us), 18575
[READ-FAILED], 95thPercentileLatency(us), 6095
[READ-FAILED], 99thPercentileLatency(us), 15391
