Command line: -t -db pt.ulisboa.tecnico.sconekv.ycsb.SconeKVClient -P workloadc -threads 16 -s -p scone.tx_size=5 -p operationcount=10000000 -p maxexecutiontime=300
YCSB Client 0.17.0

Loading workload...
Starting test.
WARNING: sun.reflect.Reflection.getCallerClass is not supported. This will impact performance.
Maximum execution time specified as: 300 secs
2020-09-29 13:13:10:362 0 sec: 0 operations; est completion in 0 second 
DBWrapper: report latency for each error is false and specific error codes to track for latency are: []
DBWrapper: report latency for each error is false and specific error codes to track for latency are: []
DBWrapper: report latency for each error is false and specific error codes to track for latency are: []
DBWrapper: report latency for each error is false and specific error codes to track for latency are: []
DBWrapper: report latency for each error is false and specific error codes to track for latency are: []
DBWrapper: report latency for each error is false and specific error codes to track for latency are: []
DBWrapper: report latency for each error is false and specific error codes to track for latency are: []
DBWrapper: report latency for each error is false and specific error codes to track for latency are: []
DBWrapper: report latency for each error is false and specific error codes to track for latency are: []
DBWrapper: report latency for each error is false and specific error codes to track for latency are: []
DBWrapper: report latency for each error is false and specific error codes to track for latency are: []
DBWrapper: report latency for each error is false and specific error codes to track for latency are: []
DBWrapper: report latency for each error is false and specific error codes to track for latency are: []
DBWrapper: report latency for each error is false and specific error codes to track for latency are: []
DBWrapper: report latency for each error is false and specific error codes to track for latency are: []
DBWrapper: report latency for each error is false and specific error codes to track for latency are: []
2020-09-29 13:13:20:363 10 sec: 14968 operations; 1496.65 current ops/sec; est completion in 1 hour 51 minutes [READ: Count=14956, Max=572415, Min=2, Avg=8924.29, 90=17407, 99=45343, 99.9=539135, 99.99=568319] [READ-FAILED: Count=17, Max=9391, Min=2202, Avg=3507.71, 90=3893, 99=9391, 99.9=9391, 99.99=9391] 
2020-09-29 13:13:30:362 20 sec: 35551 operations; 2058.3 current ops/sec; est completion in 1 hour 33 minutes [READ: Count=20563, Max=555007, Min=3, Avg=7631, 90=16943, 99=36799, 99.9=521727, 99.99=539135] [READ-FAILED: Count=16, Max=4347, Min=2164, Avg=2725.81, 90=3359, 99=4347, 99.9=4347, 99.99=4347] 
2020-09-29 13:13:40:362 30 sec: 56440 operations; 2088.9 current ops/sec; est completion in 1 hour 28 minutes [READ: Count=20879, Max=569343, Min=3, Avg=7740.64, 90=16383, 99=34143, 99.9=524799, 99.99=564223] [READ-FAILED: Count=12, Max=3983, Min=1765, Avg=2453.17, 90=2785, 99=3983, 99.9=3983, 99.99=3983] 
2020-09-29 13:13:50:362 40 sec: 76571 operations; 2013.1 current ops/sec; est completion in 1 hour 26 minutes [READ: Count=20100, Max=568319, Min=3, Avg=7916.76, 90=16215, 99=35807, 99.9=528895, 99.99=557055] [READ-FAILED: Count=29, Max=3747, Min=1638, Avg=2560.07, 90=2957, 99=3747, 99.9=3747, 99.99=3747] 
2020-09-29 13:14:00:362 50 sec: 95029 operations; 1845.8 current ops/sec; est completion in 1 hour 26 minutes [READ: Count=18440, Max=553471, Min=3, Avg=8685.86, 90=16799, 99=38207, 99.9=528383, 99.99=549375] [READ-FAILED: Count=21, Max=5719, Min=1962, Avg=2721.43, 90=3293, 99=5719, 99.9=5719, 99.99=5719] 
2020-09-29 13:14:10:362 60 sec: 116753 operations; 2172.4 current ops/sec; est completion in 1 hour 24 minutes [READ: Count=21697, Max=559103, Min=3, Avg=7358.52, 90=16063, 99=30271, 99.9=525823, 99.99=557567] [READ-FAILED: Count=25, Max=3541, Min=1830, Avg=2586.56, 90=3215, 99=3541, 99.9=3541, 99.99=3541] 
2020-09-29 13:14:20:362 70 sec: 138565 operations; 2181.42 current ops/sec; est completion in 1 hour 23 minutes [READ: Count=21785, Max=566271, Min=3, Avg=7373.89, 90=15935, 99=34687, 99.9=520959, 99.99=554495] [READ-FAILED: Count=25, Max=8631, Min=1921, Avg=3060.32, 90=4903, 99=8631, 99.9=8631, 99.99=8631] 
2020-09-29 13:14:30:363 80 sec: 156781 operations; 1821.42 current ops/sec; est completion in 1 hour 23 minutes [READ: Count=18195, Max=565247, Min=3, Avg=8828.49, 90=16831, 99=47103, 99.9=539647, 99.99=562175] [READ-FAILED: Count=21, Max=10487, Min=1796, Avg=2995.48, 90=3481, 99=10487, 99.9=10487, 99.99=10487] 
2020-09-29 13:14:40:362 90 sec: 177683 operations; 2090.2 current ops/sec; est completion in 1 hour 22 minutes [READ: Count=20874, Max=572415, Min=3, Avg=7616.77, 90=16103, 99=32047, 99.9=528383, 99.99=569343] [READ-FAILED: Count=28, Max=14967, Min=1558, Avg=3032.04, 90=3327, 99=14967, 99.9=14967, 99.99=14967] 
2020-09-29 13:14:50:362 100 sec: 198194 operations; 2051.31 current ops/sec; est completion in 1 hour 22 minutes [READ: Count=20484, Max=588287, Min=2, Avg=7839.32, 90=15975, 99=33599, 99.9=534527, 99.99=558591] [READ-FAILED: Count=30, Max=3929, Min=1875, Avg=2731.93, 90=3593, 99=3929, 99.9=3929, 99.99=3929] 
2020-09-29 13:15:00:362 110 sec: 218955 operations; 2076.1 current ops/sec; est completion in 1 hour 21 minutes [READ: Count=20727, Max=568319, Min=4, Avg=7714.93, 90=16911, 99=39615, 99.9=526847, 99.99=563711] [READ-FAILED: Count=34, Max=12927, Min=1626, Avg=3186.47, 90=4077, 99=12927, 99.9=12927, 99.99=12927] 
2020-09-29 13:15:10:362 120 sec: 239034 operations; 2007.7 current ops/sec; est completion in 1 hour 21 minutes [READ: Count=20056, Max=587263, Min=3, Avg=7967.74, 90=16343, 99=39007, 99.9=528895, 99.99=572927] [READ-FAILED: Count=22, Max=6415, Min=1932, Avg=2927.86, 90=3679, 99=6415, 99.9=6415, 99.99=6415] 
2020-09-29 13:15:20:362 130 sec: 259669 operations; 2063.5 current ops/sec; est completion in 1 hour 21 minutes [READ: Count=20619, Max=563711, Min=3, Avg=7709.29, 90=16343, 99=34687, 99.9=526335, 99.99=562175] [READ-FAILED: Count=18, Max=6915, Min=2024, Avg=2981.56, 90=3709, 99=6915, 99.9=6915, 99.99=6915] 
2020-09-29 13:15:30:362 140 sec: 279652 operations; 1998.3 current ops/sec; est completion in 1 hour 21 minutes [READ: Count=19953, Max=583167, Min=3, Avg=8043.2, 90=16167, 99=35967, 99.9=528895, 99.99=577535] [READ-FAILED: Count=26, Max=12047, Min=1972, Avg=2807.15, 90=2929, 99=12047, 99.9=12047, 99.99=12047] 
2020-09-29 13:15:40:362 150 sec: 299562 operations; 1991 current ops/sec; est completion in 1 hour 20 minutes [READ: Count=19890, Max=569343, Min=3, Avg=8043.23, 90=16191, 99=41023, 99.9=525311, 99.99=561151] [READ-FAILED: Count=26, Max=3673, Min=1782, Avg=2509.92, 90=3031, 99=3673, 99.9=3673, 99.99=3673] 
2020-09-29 13:15:50:362 160 sec: 319131 operations; 1956.9 current ops/sec; est completion in 1 hour 20 minutes [READ: Count=19548, Max=570879, Min=3, Avg=8105.56, 90=16071, 99=35071, 99.9=548351, 99.99=565247] [READ-FAILED: Count=18, Max=4555, Min=1770, Avg=2608.11, 90=2899, 99=4555, 99.9=4555, 99.99=4555] 
2020-09-29 13:16:00:362 170 sec: 339929 operations; 2079.8 current ops/sec; est completion in 1 hour 20 minutes [READ: Count=20777, Max=542207, Min=3, Avg=7763.31, 90=16343, 99=33247, 99.9=525823, 99.99=540159] [READ-FAILED: Count=20, Max=4139, Min=1934, Avg=2757.4, 90=3539, 99=4139, 99.9=4139, 99.99=4139] 
2020-09-29 13:16:10:362 180 sec: 360248 operations; 2031.9 current ops/sec; est completion in 1 hour 20 minutes [READ: Count=20295, Max=622079, Min=3, Avg=7775.86, 90=16447, 99=34399, 99.9=534527, 99.99=570879] [READ-FAILED: Count=26, Max=28607, Min=1666, Avg=3842.69, 90=4647, 99=28607, 99.9=28607, 99.99=28607] 
2020-09-29 13:16:20:362 190 sec: 382087 operations; 2183.9 current ops/sec; est completion in 1 hour 19 minutes [READ: Count=21806, Max=552959, Min=3, Avg=7396.94, 90=16527, 99=31871, 99.9=523007, 99.99=545791] [READ-FAILED: Count=30, Max=5487, Min=1723, Avg=2763.53, 90=3749, 99=5487, 99.9=5487, 99.99=5487] 
2020-09-29 13:16:30:362 200 sec: 402711 operations; 2062.4 current ops/sec; est completion in 1 hour 19 minutes [READ: Count=20597, Max=577023, Min=3, Avg=7737.21, 90=16095, 99=34431, 99.9=529407, 99.99=572415] [READ-FAILED: Count=28, Max=17487, Min=1756, Avg=3283.54, 90=3587, 99=17487, 99.9=17487, 99.99=17487] 
2020-09-29 13:16:40:362 210 sec: 421747 operations; 1903.6 current ops/sec; est completion in 1 hour 19 minutes [READ: Count=19017, Max=565759, Min=3, Avg=8450.27, 90=16559, 99=41311, 99.9=528383, 99.99=562687] [READ-FAILED: Count=19, Max=8535, Min=1907, Avg=2969.84, 90=3795, 99=8535, 99.9=8535, 99.99=8535] 
2020-09-29 13:16:50:362 220 sec: 443130 operations; 2138.51 current ops/sec; est completion in 1 hour 19 minutes [READ: Count=21347, Max=601087, Min=4, Avg=7420.78, 90=16327, 99=37439, 99.9=530943, 99.99=546303] [READ-FAILED: Count=34, Max=60063, Min=1821, Avg=4808.97, 90=3851, 99=60063, 99.9=60063, 99.99=60063] 
2020-09-29 13:17:00:362 230 sec: 463749 operations; 2061.69 current ops/sec; est completion in 1 hour 18 minutes [READ: Count=20601, Max=578559, Min=3, Avg=7771.46, 90=16191, 99=33215, 99.9=524799, 99.99=563199] [READ-FAILED: Count=19, Max=3441, Min=1800, Avg=2718.05, 90=3329, 99=3441, 99.9=3441, 99.99=3441] 
2020-09-29 13:17:10:362 240 sec: 483699 operations; 1995 current ops/sec; est completion in 1 hour 18 minutes [READ: Count=19924, Max=625151, Min=3, Avg=7992.24, 90=16687, 99=46815, 99.9=528895, 99.99=600575] [READ-FAILED: Count=26, Max=5307, Min=1973, Avg=2627.31, 90=3233, 99=5307, 99.9=5307, 99.99=5307] 
2020-09-29 13:17:20:362 250 sec: 504481 operations; 2078.2 current ops/sec; est completion in 1 hour 18 minutes [READ: Count=20752, Max=564735, Min=3, Avg=7763.47, 90=15839, 99=30175, 99.9=525823, 99.99=559615] [READ-FAILED: Count=30, Max=15735, Min=1669, Avg=2969.87, 90=3433, 99=15735, 99.9=15735, 99.99=15735] 
2020-09-29 13:17:30:362 260 sec: 525107 operations; 2062.6 current ops/sec; est completion in 1 hour 18 minutes [READ: Count=20600, Max=571391, Min=3, Avg=7753.59, 90=16735, 99=31439, 99.9=522751, 99.99=566271] [READ-FAILED: Count=26, Max=3699, Min=1614, Avg=2531.27, 90=3273, 99=3699, 99.9=3699, 99.99=3699] 
2020-09-29 13:17:40:362 270 sec: 544822 operations; 1971.5 current ops/sec; est completion in 1 hour 18 minutes [READ: Count=19697, Max=569855, Min=3, Avg=8067.24, 90=16591, 99=36959, 99.9=525823, 99.99=565247] [READ-FAILED: Count=21, Max=3223, Min=1852, Avg=2474.81, 90=3039, 99=3223, 99.9=3223, 99.99=3223] 
2020-09-29 13:17:50:362 280 sec: 564128 operations; 1930.6 current ops/sec; est completion in 1 hour 18 minutes [READ: Count=19272, Max=574975, Min=3, Avg=8284.74, 90=16703, 99=44767, 99.9=532479, 99.99=573951] [READ-FAILED: Count=32, Max=14247, Min=1545, Avg=3052, 90=3067, 99=14247, 99.9=14247, 99.99=14247] 
2020-09-29 13:18:00:362 290 sec: 584245 operations; 2011.7 current ops/sec; est completion in 1 hour 17 minutes [READ: Count=20091, Max=564735, Min=3, Avg=7829.85, 90=16335, 99=32831, 99.9=527359, 99.99=553983] [READ-FAILED: Count=25, Max=4339, Min=1829, Avg=2613.92, 90=3389, 99=4339, 99.9=4339, 99.99=4339] 
2020-09-29 13:18:10:362 300 sec: 604479 operations; 2023.4 current ops/sec; est completion in 1 hour 17 minutes [READ: Count=20202, Max=577535, Min=3, Avg=8013.69, 90=16479, 99=33695, 99.9=532991, 99.99=573439] [READ-FAILED: Count=31, Max=15007, Min=1747, Avg=3260.58, 90=3855, 99=15007, 99.9=15007, 99.99=15007] 
Maximum time elapsed. Requesting stop for the workload.
Stop requested for workload. Now Joining!
[36m13:18:10.725[m [[34;1mINFO[m] [1;34mp.u.t.s.y.Stats.clientFinished@38[m: 
Ended SconeKV benchmark.
Number of clients: 16
Total transactions: 120265
Committed: 120265 (100.0%)
Aborted: 0 (0.0%)
2020-09-29 13:18:10:727 300 sec: 604536 operations; 156.59 current ops/sec; est completion in 1 hour 17 minutes [READ: Count=57, Max=520703, Min=1739, Avg=68514.68, 90=514047, 99=518655, 99.9=520703, 99.99=520703] [CLEANUP: Count=16, Max=1497, Min=3, Avg=97.69, 90=5, 99=1497, 99.9=1497, 99.99=1497] [READ-FAILED: Count=0, Max=0, Min=9223372036854775807, Avg=NaN, 90=0, 99=0, 99.9=0, 99.99=0] 
[OVERALL], RunTime(ms), 300366
[OVERALL], Throughput(ops/sec), 2012.6645492499151
[TOTAL_GCS_G1_Young_Generation], Count, 111
[TOTAL_GC_TIME_G1_Young_Generation], Time(ms), 705
[TOTAL_GC_TIME_%_G1_Young_Generation], Time(%), 0.2347136493477957
[TOTAL_GCS_G1_Old_Generation], Count, 0
[TOTAL_GC_TIME_G1_Old_Generation], Time(ms), 0
[TOTAL_GC_TIME_%_G1_Old_Generation], Time(%), 0.0
[TOTAL_GCs], Count, 111
[TOTAL_GC_TIME], Time(ms), 705
[TOTAL_GC_TIME_%], Time(%), 0.2347136493477957
[READ], Operations, 603801
[READ], AverageLatency(us), 7900.12742277671
[READ], MinLatency(us), 2
[READ], MaxLatency(us), 625151
[READ], 95thPercentileLatency(us), 19487
[READ], 99thPercentileLatency(us), 36383
[READ], Return=OK, 603801
[READ], Return=NOT_FOUND, 735
[CLEANUP], Operations, 16
[CLEANUP], AverageLatency(us), 97.6875
[CLEANUP], MinLatency(us), 3
[CLEANUP], MaxLatency(us), 1497
[CLEANUP], 95thPercentileLatency(us), 17
[CLEANUP], 99thPercentileLatency(us), 1497
[READ-FAILED], Operations, 735
[READ-FAILED], AverageLatency(us), 2976.0204081632655
[READ-FAILED], MinLatency(us), 1545
[READ-FAILED], MaxLatency(us), 60063
[READ-FAILED], 95thPercentileLatency(us), 4339
[READ-FAILED], 99thPercentileLatency(us), 14247
