Command line: -t -db pt.ulisboa.tecnico.sconekv.ycsb.SconeKVClient -P workloadc -threads 128 -s -p scone.tx_size=5 -p operationcount=10000000 -p maxexecutiontime=300
YCSB Client 0.17.0

Loading workload...
Starting test.
WARNING: sun.reflect.Reflection.getCallerClass is not supported. This will impact performance.
2020-09-29 13:48:26:449 0 sec: 0 operations; est completion in 0 second 
Maximum execution time specified as: 300 secs
DBWrapper: report latency for each error is false and specific error codes to track for latency are: []
DBWrapper: report latency for each error is false and specific error codes to track for latency are: []
DBWrapper: report latency for each error is false and specific error codes to track for latency are: []
DBWrapper: report latency for each error is false and specific error codes to track for latency are: []
DBWrapper: report latency for each error is false and specific error codes to track for latency are: []
DBWrapper: report latency for each error is false and specific error codes to track for latency are: []
DBWrapper: report latency for each error is false and specific error codes to track for latency are: []
DBWrapper: report latency for each error is false and specific error codes to track for latency are: []
DBWrapper: report latency for each error is false and specific error codes to track for latency are: []
DBWrapper: report latency for each error is false and specific error codes to track for latency are: []
DBWrapper: report latency for each error is false and specific error codes to track for latency are: []
DBWrapper: report latency for each error is false and specific error codes to track for latency are: []
DBWrapper: report latency for each error is false and specific error codes to track for latency are: []
DBWrapper: report latency for each error is false and specific error codes to track for latency are: []
DBWrapper: report latency for each error is false and specific error codes to track for latency are: []
DBWrapper: report latency for each error is false and specific error codes to track for latency are: []
DBWrapper: report latency for each error is false and specific error codes to track for latency are: []
DBWrapper: report latency for each error is false and specific error codes to track for latency are: []
DBWrapper: report latency for each error is false and specific error codes to track for latency are: []
DBWrapper: report latency for each error is false and specific error codes to track for latency are: []
DBWrapper: report latency for each error is false and specific error codes to track for latency are: []
DBWrapper: report latency for each error is false and specific error codes to track for latency are: []
DBWrapper: report latency for each error is false and specific error codes to track for latency are: []
DBWrapper: report latency for each error is false and specific error codes to track for latency are: []
DBWrapper: report latency for each error is false and specific error codes to track for latency are: []
DBWrapper: report latency for each error is false and specific error codes to track for latency are: []
DBWrapper: report latency for each error is false and specific error codes to track for latency are: []
DBWrapper: report latency for each error is false and specific error codes to track for latency are: []
DBWrapper: report latency for each error is false and specific error codes to track for latency are: []
DBWrapper: report latency for each error is false and specific error codes to track for latency are: []
DBWrapper: report latency for each error is false and specific error codes to track for latency are: []
DBWrapper: report latency for each error is false and specific error codes to track for latency are: []
DBWrapper: report latency for each error is false and specific error codes to track for latency are: []
DBWrapper: report latency for each error is false and specific error codes to track for latency are: []
DBWrapper: report latency for each error is false and specific error codes to track for latency are: []
DBWrapper: report latency for each error is false and specific error codes to track for latency are: []
DBWrapper: report latency for each error is false and specific error codes to track for latency are: []
DBWrapper: report latency for each error is false and specific error codes to track for latency are: []
DBWrapper: report latency for each error is false and specific error codes to track for latency are: []
DBWrapper: report latency for each error is false and specific error codes to track for latency are: []
DBWrapper: report latency for each error is false and specific error codes to track for latency are: []
DBWrapper: report latency for each error is false and specific error codes to track for latency are: []
DBWrapper: report latency for each error is false and specific error codes to track for latency are: []
DBWrapper: report latency for each error is false and specific error codes to track for latency are: []
DBWrapper: report latency for each error is false and specific error codes to track for latency are: []
DBWrapper: report latency for each error is false and specific error codes to track for latency are: []
DBWrapper: report latency for each error is false and specific error codes to track for latency are: []
DBWrapper: report latency for each error is false and specific error codes to track for latency are: []
DBWrapper: report latency for each error is false and specific error codes to track for latency are: []
DBWrapper: report latency for each error is false and specific error codes to track for latency are: []
DBWrapper: report latency for each error is false and specific error codes to track for latency are: []
DBWrapper: report latency for each error is false and specific error codes to track for latency are: []
DBWrapper: report latency for each error is false and specific error codes to track for latency are: []
DBWrapper: report latency for each error is false and specific error codes to track for latency are: []
DBWrapper: report latency for each error is false and specific error codes to track for latency are: []
DBWrapper: report latency for each error is false and specific error codes to track for latency are: []
DBWrapper: report latency for each error is false and specific error codes to track for latency are: []
DBWrapper: report latency for each error is false and specific error codes to track for latency are: []
DBWrapper: report latency for each error is false and specific error codes to track for latency are: []
DBWrapper: report latency for each error is false and specific error codes to track for latency are: []
DBWrapper: report latency for each error is false and specific error codes to track for latency are: []
DBWrapper: report latency for each error is false and specific error codes to track for latency are: []
DBWrapper: report latency for each error is false and specific error codes to track for latency are: []
DBWrapper: report latency for each error is false and specific error codes to track for latency are: []
DBWrapper: report latency for each error is false and specific error codes to track for latency are: []
DBWrapper: report latency for each error is false and specific error codes to track for latency are: []
DBWrapper: report latency for each error is false and specific error codes to track for latency are: []
DBWrapper: report latency for each error is false and specific error codes to track for latency are: []
DBWrapper: report latency for each error is false and specific error codes to track for latency are: []
DBWrapper: report latency for each error is false and specific error codes to track for latency are: []
DBWrapper: report latency for each error is false and specific error codes to track for latency are: []
DBWrapper: report latency for each error is false and specific error codes to track for latency are: []
DBWrapper: report latency for each error is false and specific error codes to track for latency are: []
DBWrapper: report latency for each error is false and specific error codes to track for latency are: []
DBWrapper: report latency for each error is false and specific error codes to track for latency are: []
DBWrapper: report latency for each error is false and specific error codes to track for latency are: []
DBWrapper: report latency for each error is false and specific error codes to track for latency are: []
DBWrapper: report latency for each error is false and specific error codes to track for latency are: []
DBWrapper: report latency for each error is false and specific error codes to track for latency are: []
DBWrapper: report latency for each error is false and specific error codes to track for latency are: []
DBWrapper: report latency for each error is false and specific error codes to track for latency are: []
DBWrapper: report latency for each error is false and specific error codes to track for latency are: []
DBWrapper: report latency for each error is false and specific error codes to track for latency are: []
DBWrapper: report latency for each error is false and specific error codes to track for latency are: []
DBWrapper: report latency for each error is false and specific error codes to track for latency are: []
DBWrapper: report latency for each error is false and specific error codes to track for latency are: []
DBWrapper: report latency for each error is false and specific error codes to track for latency are: []
DBWrapper: report latency for each error is false and specific error codes to track for latency are: []
DBWrapper: report latency for each error is false and specific error codes to track for latency are: []
DBWrapper: report latency for each error is false and specific error codes to track for latency are: []
DBWrapper: report latency for each error is false and specific error codes to track for latency are: []
DBWrapper: report latency for each error is false and specific error codes to track for latency are: []
DBWrapper: report latency for each error is false and specific error codes to track for latency are: []
DBWrapper: report latency for each error is false and specific error codes to track for latency are: []
DBWrapper: report latency for each error is false and specific error codes to track for latency are: []
DBWrapper: report latency for each error is false and specific error codes to track for latency are: []
DBWrapper: report latency for each error is false and specific error codes to track for latency are: []
DBWrapper: report latency for each error is false and specific error codes to track for latency are: []
DBWrapper: report latency for each error is false and specific error codes to track for latency are: []
DBWrapper: report latency for each error is false and specific error codes to track for latency are: []
DBWrapper: report latency for each error is false and specific error codes to track for latency are: []
DBWrapper: report latency for each error is false and specific error codes to track for latency are: []
DBWrapper: report latency for each error is false and specific error codes to track for latency are: []
DBWrapper: report latency for each error is false and specific error codes to track for latency are: []
DBWrapper: report latency for each error is false and specific error codes to track for latency are: []
DBWrapper: report latency for each error is false and specific error codes to track for latency are: []
DBWrapper: report latency for each error is false and specific error codes to track for latency are: []
DBWrapper: report latency for each error is false and specific error codes to track for latency are: []
DBWrapper: report latency for each error is false and specific error codes to track for latency are: []
DBWrapper: report latency for each error is false and specific error codes to track for latency are: []
DBWrapper: report latency for each error is false and specific error codes to track for latency are: []
DBWrapper: report latency for each error is false and specific error codes to track for latency are: []
DBWrapper: report latency for each error is false and specific error codes to track for latency are: []
DBWrapper: report latency for each error is false and specific error codes to track for latency are: []
DBWrapper: report latency for each error is false and specific error codes to track for latency are: []
DBWrapper: report latency for each error is false and specific error codes to track for latency are: []
DBWrapper: report latency for each error is false and specific error codes to track for latency are: []
DBWrapper: report latency for each error is false and specific error codes to track for latency are: []
DBWrapper: report latency for each error is false and specific error codes to track for latency are: []
DBWrapper: report latency for each error is false and specific error codes to track for latency are: []
DBWrapper: report latency for each error is false and specific error codes to track for latency are: []
DBWrapper: report latency for each error is false and specific error codes to track for latency are: []
2020-09-29 13:48:36:562 10 sec: 7797 operations; 771.45 current ops/sec; est completion in 3 hours 35 minutes [READ: Count=7856, Max=1037823, Min=3, Avg=82391.15, 90=212095, 99=597503, 99.9=824831, 99.99=930815] [READ-FAILED: Count=7, Max=91711, Min=3140, Avg=27003.29, 90=61567, 99=91711, 99.9=91711, 99.99=91711] 
DBWrapper: report latency for each error is false and specific error codes to track for latency are: []
DBWrapper: report latency for each error is false and specific error codes to track for latency are: []
DBWrapper: report latency for each error is false and specific error codes to track for latency are: []
DBWrapper: report latency for each error is false and specific error codes to track for latency are: []
DBWrapper: report latency for each error is false and specific error codes to track for latency are: []
DBWrapper: report latency for each error is false and specific error codes to track for latency are: []
2020-09-29 13:48:46:449 20 sec: 37936 operations; 3045.88 current ops/sec; est completion in 1 hour 27 minutes [READ: Count=30059, Max=1170431, Min=2, Avg=39741.29, 90=78143, 99=444671, 99.9=791551, 99.99=1084415] [READ-FAILED: Count=38, Max=107519, Min=3922, Avg=25041.92, 90=45951, 99=107519, 99.9=107519, 99.99=107519] 
2020-09-29 13:48:56:447 30 sec: 93969 operations; 5604.42 current ops/sec; est completion in 52 minutes [READ: Count=55947, Max=668159, Min=2, Avg=22948.71, 90=47679, 99=536575, 99.9=617471, 99.99=641023] [READ-FAILED: Count=70, Max=79935, Min=1890, Avg=7913.47, 90=12559, 99=46335, 99.9=79935, 99.99=79935] 
2020-09-29 13:49:06:447 40 sec: 153043 operations; 5906.81 current ops/sec; est completion in 42 minutes [READ: Count=59000, Max=668159, Min=2, Avg=21606.05, 90=47487, 99=529919, 99.9=595455, 99.99=650751] [READ-FAILED: Count=77, Max=26559, Min=1964, Avg=5927.32, 90=11055, 99=22591, 99.9=26559, 99.99=26559] 
2020-09-29 13:49:16:447 50 sec: 209482 operations; 5643.9 current ops/sec; est completion in 38 minutes [READ: Count=56353, Max=947199, Min=2, Avg=22386.41, 90=48927, 99=526847, 99.9=587263, 99.99=691711] [READ-FAILED: Count=79, Max=42175, Min=1842, Avg=5597.42, 90=8423, 99=23679, 99.9=42175, 99.99=42175] 
2020-09-29 13:49:26:447 60 sec: 269056 operations; 5957.4 current ops/sec; est completion in 36 minutes [READ: Count=59484, Max=662527, Min=2, Avg=21459.6, 90=50559, 99=523263, 99.9=603647, 99.99=637951] [READ-FAILED: Count=97, Max=163071, Min=1990, Avg=7261.52, 90=11359, 99=18143, 99.9=163071, 99.99=163071] 
2020-09-29 13:49:36:447 70 sec: 332186 operations; 6313 current ops/sec; est completion in 33 minutes [READ: Count=63051, Max=873983, Min=2, Avg=20620.15, 90=48223, 99=506111, 99.9=594943, 99.99=618495] [READ-FAILED: Count=73, Max=32383, Min=2258, Avg=6073.66, 90=9631, 99=27471, 99.9=32383, 99.99=32383] 
2020-09-29 13:49:46:447 80 sec: 393960 operations; 6177.4 current ops/sec; est completion in 32 minutes [READ: Count=61689, Max=650751, Min=2, Avg=20710.95, 90=45887, 99=525823, 99.9=607231, 99.99=634879] [READ-FAILED: Count=86, Max=30927, Min=1929, Avg=5647.17, 90=9151, 99=19791, 99.9=30927, 99.99=30927] 
2020-09-29 13:49:56:447 90 sec: 456348 operations; 6238.8 current ops/sec; est completion in 31 minutes [READ: Count=62310, Max=654847, Min=2, Avg=20202.44, 90=46559, 99=158591, 99.9=606719, 99.99=641535] [READ-FAILED: Count=75, Max=43359, Min=2146, Avg=6872.05, 90=12615, 99=26719, 99.9=43359, 99.99=43359] 
2020-09-29 13:50:06:447 100 sec: 518592 operations; 6224.4 current ops/sec; est completion in 30 minutes [READ: Count=62171, Max=895999, Min=2, Avg=20915.57, 90=47103, 99=472575, 99.9=621055, 99.99=651263] [READ-FAILED: Count=75, Max=85247, Min=2108, Avg=7745.61, 90=12535, 99=28671, 99.9=85247, 99.99=85247] 
2020-09-29 13:50:16:447 110 sec: 578367 operations; 5977.5 current ops/sec; est completion in 29 minutes [READ: Count=59685, Max=971775, Min=2, Avg=21408.6, 90=45759, 99=525823, 99.9=589823, 99.99=766463] [READ-FAILED: Count=90, Max=114879, Min=2094, Avg=8738.48, 90=16927, 99=59967, 99.9=114879, 99.99=114879] 
2020-09-29 13:50:26:447 120 sec: 640578 operations; 6221.1 current ops/sec; est completion in 29 minutes [READ: Count=62122, Max=651775, Min=2, Avg=20414.37, 90=46687, 99=218111, 99.9=594431, 99.99=615935] [READ-FAILED: Count=84, Max=110911, Min=1733, Avg=8539.19, 90=13767, 99=103935, 99.9=110911, 99.99=110911] 
2020-09-29 13:50:36:447 130 sec: 701191 operations; 6061.3 current ops/sec; est completion in 28 minutes [READ: Count=60564, Max=710143, Min=2, Avg=21187.79, 90=44831, 99=531455, 99.9=605183, 99.99=666623] [READ-FAILED: Count=57, Max=21183, Min=1824, Avg=5102.93, 90=7923, 99=12871, 99.9=21183, 99.99=21183] 
2020-09-29 13:50:46:447 140 sec: 755667 operations; 5447.6 current ops/sec; est completion in 28 minutes [READ: Count=54398, Max=1071103, Min=2, Avg=22698.59, 90=47871, 99=526335, 99.9=575999, 99.99=988671] [READ-FAILED: Count=70, Max=118143, Min=1966, Avg=7403.79, 90=9319, 99=38783, 99.9=118143, 99.99=118143] 
2020-09-29 13:50:56:447 150 sec: 818324 operations; 6265.7 current ops/sec; est completion in 28 minutes [READ: Count=62582, Max=731135, Min=2, Avg=21181.36, 90=46911, 99=528383, 99.9=605183, 99.99=672767] [READ-FAILED: Count=79, Max=487679, Min=2058, Avg=13486, 90=10399, 99=116799, 99.9=487679, 99.99=487679] 
2020-09-29 13:51:06:447 160 sec: 877587 operations; 5926.3 current ops/sec; est completion in 27 minutes [READ: Count=59209, Max=668671, Min=2, Avg=21572.9, 90=46911, 99=524799, 99.9=604159, 99.99=637439] [READ-FAILED: Count=60, Max=15567, Min=1995, Avg=4943.1, 90=8751, 99=12391, 99.9=15567, 99.99=15567] 
2020-09-29 13:51:16:447 170 sec: 939059 operations; 6147.81 current ops/sec; est completion in 27 minutes [READ: Count=61388, Max=656383, Min=2, Avg=20695.87, 90=47455, 99=527359, 99.9=595967, 99.99=617471] [READ-FAILED: Count=77, Max=33855, Min=1859, Avg=6422.92, 90=11055, 99=28607, 99.9=33855, 99.99=33855] 
2020-09-29 13:51:26:447 180 sec: 999810 operations; 6074.49 current ops/sec; est completion in 27 minutes [READ: Count=60678, Max=664575, Min=2, Avg=21241.49, 90=46239, 99=527359, 99.9=584703, 99.99=629247] [READ-FAILED: Count=72, Max=30527, Min=1923, Avg=6449.25, 90=11471, 99=24911, 99.9=30527, 99.99=30527] 
2020-09-29 13:51:36:447 190 sec: 1058760 operations; 5895 current ops/sec; est completion in 26 minutes [READ: Count=58886, Max=640511, Min=2, Avg=21392.27, 90=47935, 99=529407, 99.9=606719, 99.99=623615] [READ-FAILED: Count=64, Max=24111, Min=1765, Avg=4376.92, 90=6063, 99=13863, 99.9=24111, 99.99=24111] 
2020-09-29 13:51:46:447 200 sec: 1109399 operations; 5063.9 current ops/sec; est completion in 26 minutes [READ: Count=50572, Max=951295, Min=2, Avg=25632.99, 90=50495, 99=536575, 99.9=594943, 99.99=622591] [READ-FAILED: Count=69, Max=28255, Min=1705, Avg=5974.57, 90=9199, 99=24383, 99.9=28255, 99.99=28255] 
2020-09-29 13:51:56:447 210 sec: 1167843 operations; 5844.4 current ops/sec; est completion in 26 minutes [READ: Count=58368, Max=666111, Min=2, Avg=21935.03, 90=45599, 99=532991, 99.9=579583, 99.99=627199] [READ-FAILED: Count=80, Max=86847, Min=2180, Avg=6912.64, 90=9271, 99=60223, 99.9=86847, 99.99=86847] 
2020-09-29 13:52:06:447 220 sec: 1222284 operations; 5444.1 current ops/sec; est completion in 26 minutes [READ: Count=54372, Max=658431, Min=2, Avg=23682.69, 90=44159, 99=539647, 99.9=611327, 99.99=650239] [READ-FAILED: Count=66, Max=16447, Min=1821, Avg=4807.79, 90=8071, 99=11503, 99.9=16447, 99.99=16447] 
2020-09-29 13:52:16:447 230 sec: 1281459 operations; 5917.5 current ops/sec; est completion in 26 minutes [READ: Count=59111, Max=694783, Min=2, Avg=21442.9, 90=45343, 99=532991, 99.9=598015, 99.99=619007] [READ-FAILED: Count=62, Max=55455, Min=1585, Avg=6427.68, 90=10343, 99=22479, 99.9=55455, 99.99=55455] 
2020-09-29 13:52:26:447 240 sec: 1338530 operations; 5707.1 current ops/sec; est completion in 25 minutes [READ: Count=56996, Max=686079, Min=2, Avg=22502.04, 90=45599, 99=531967, 99.9=635391, 99.99=678399] [READ-FAILED: Count=77, Max=59711, Min=1602, Avg=6295.4, 90=10055, 99=32351, 99.9=59711, 99.99=59711] 
2020-09-29 13:52:36:448 250 sec: 1397472 operations; 5894.2 current ops/sec; est completion in 25 minutes [READ: Count=58867, Max=679423, Min=2, Avg=21557.91, 90=44383, 99=530431, 99.9=577535, 99.99=607231] [READ-FAILED: Count=73, Max=68543, Min=2220, Avg=5970.64, 90=7223, 99=36991, 99.9=68543, 99.99=68543] 
2020-09-29 13:52:46:447 260 sec: 1454541 operations; 5706.9 current ops/sec; est completion in 25 minutes [READ: Count=57014, Max=688127, Min=2, Avg=22671.66, 90=42623, 99=536575, 99.9=607743, 99.99=646655] [READ-FAILED: Count=56, Max=24559, Min=1960, Avg=5315.02, 90=7515, 99=23343, 99.9=24559, 99.99=24559] 
2020-09-29 13:52:56:447 270 sec: 1509951 operations; 5541 current ops/sec; est completion in 25 minutes [READ: Count=55343, Max=1023999, Min=2, Avg=22973.99, 90=46079, 99=535551, 99.9=584703, 99.99=988159] [READ-FAILED: Count=65, Max=27279, Min=1959, Avg=6095.35, 90=13287, 99=21711, 99.9=27279, 99.99=27279] 
2020-09-29 13:53:06:447 280 sec: 1570410 operations; 6045.9 current ops/sec; est completion in 25 minutes [READ: Count=60390, Max=624127, Min=2, Avg=21166.05, 90=47103, 99=530431, 99.9=579071, 99.99=600063] [READ-FAILED: Count=73, Max=45407, Min=2102, Avg=6161.07, 90=9759, 99=19407, 99.9=45407, 99.99=45407] 
2020-09-29 13:53:16:447 290 sec: 1627138 operations; 5672.8 current ops/sec; est completion in 24 minutes [READ: Count=56656, Max=652287, Min=2, Avg=22712.21, 90=43743, 99=531455, 99.9=596479, 99.99=624639] [READ-FAILED: Count=68, Max=65919, Min=1672, Avg=6101.31, 90=7427, 99=39679, 99.9=65919, 99.99=65919] 
2020-09-29 13:53:26:447 300 sec: 1686678 operations; 5954 current ops/sec; est completion in 24 minutes [READ: Count=59469, Max=646143, Min=2, Avg=21423.54, 90=44319, 99=532479, 99.9=590335, 99.99=610303] [READ-FAILED: Count=72, Max=95359, Min=2084, Avg=7822.18, 90=11271, 99=85951, 99.9=95359, 99.99=95359] 
Maximum time elapsed. Requesting stop for the workload.
Stop requested for workload. Now Joining!
[36m13:53:27.023[m [[34;1mINFO[m] [1;34mp.u.t.s.y.Stats.clientFinished@38[m: 
Ended SconeKV benchmark.
Number of clients: 128
Total transactions: 335699
Committed: 335699 (100.0%)
Aborted: 0 (0.0%)
2020-09-29 13:53:27:025 300 sec: 1687440 operations; 1318.34 current ops/sec; est completion in 24 minutes [READ: Count=759, Max=576511, Min=3, Avg=70241.19, 90=519423, 99=568831, 99.9=574463, 99.99=576511] [CLEANUP: Count=128, Max=2311, Min=2, Avg=22.27, 90=5, 99=40, 99.9=2311, 99.99=2311] [READ-FAILED: Count=0, Max=0, Min=9223372036854775807, Avg=NaN, 90=0, 99=0, 99.9=0, 99.99=0] 
[OVERALL], RunTime(ms), 300581
[OVERALL], Throughput(ops/sec), 5613.927693367179
[TOTAL_GCS_G1_Young_Generation], Count, 185
[TOTAL_GC_TIME_G1_Young_Generation], Time(ms), 3841
[TOTAL_GC_TIME_%_G1_Young_Generation], Time(%), 1.277858547280101
[TOTAL_GCS_G1_Old_Generation], Count, 0
[TOTAL_GC_TIME_G1_Old_Generation], Time(ms), 0
[TOTAL_GC_TIME_%_G1_Old_Generation], Time(%), 0.0
[TOTAL_GCs], Count, 185
[TOTAL_GC_TIME], Time(ms), 3841
[TOTAL_GC_TIME_%], Time(%), 1.277858547280101
[READ], Operations, 1685349
[READ], AverageLatency(us), 22369.930089257476
[READ], MinLatency(us), 2
[READ], MaxLatency(us), 1170431
[READ], 95thPercentileLatency(us), 66303
[READ], 99thPercentileLatency(us), 530431
[READ], Return=OK, 1685349
[READ], Return=NOT_FOUND, 2091
[CLEANUP], Operations, 128
[CLEANUP], AverageLatency(us), 22.265625
[CLEANUP], MinLatency(us), 2
[CLEANUP], MaxLatency(us), 2311
[CLEANUP], 95thPercentileLatency(us), 8
[CLEANUP], 99thPercentileLatency(us), 40
[READ-FAILED], Operations, 2091
[READ-FAILED], AverageLatency(us), 7154.5471066475375
[READ-FAILED], MinLatency(us), 1585
[READ-FAILED], MaxLatency(us), 487679
[READ-FAILED], 95thPercentileLatency(us), 17839
[READ-FAILED], 99thPercentileLatency(us), 58751
