Command line: -t -db pt.ulisboa.tecnico.sconekv.ycsb.SconeKVClient -P workloadb -threads 16 -s -p scone.tx_size=5 -p operationcount=10000000 -p maxexecutiontime=300
YCSB Client 0.17.0

Loading workload...
Starting test.
WARNING: sun.reflect.Reflection.getCallerClass is not supported. This will impact performance.
Maximum execution time specified as: 300 secs
2020-09-30 11:12:57:539 0 sec: 0 operations; est completion in 0 second 
DBWrapper: report latency for each error is false and specific error codes to track for latency are: []
DBWrapper: report latency for each error is false and specific error codes to track for latency are: []
DBWrapper: report latency for each error is false and specific error codes to track for latency are: []
DBWrapper: report latency for each error is false and specific error codes to track for latency are: []
DBWrapper: report latency for each error is false and specific error codes to track for latency are: []
DBWrapper: report latency for each error is false and specific error codes to track for latency are: []
DBWrapper: report latency for each error is false and specific error codes to track for latency are: []
DBWrapper: report latency for each error is false and specific error codes to track for latency are: []
DBWrapper: report latency for each error is false and specific error codes to track for latency are: []
DBWrapper: report latency for each error is false and specific error codes to track for latency are: []
DBWrapper: report latency for each error is false and specific error codes to track for latency are: []
DBWrapper: report latency for each error is false and specific error codes to track for latency are: []
DBWrapper: report latency for each error is false and specific error codes to track for latency are: []
DBWrapper: report latency for each error is false and specific error codes to track for latency are: []
DBWrapper: report latency for each error is false and specific error codes to track for latency are: []
DBWrapper: report latency for each error is false and specific error codes to track for latency are: []
2020-09-30 11:13:07:538 10 sec: 13864 operations; 1386.12 current ops/sec; est completion in 2 hours [READ: Count=13186, Max=558591, Min=0, Avg=9596.04, 90=17951, 99=51935, 99.9=532991, 99.99=548351] [UPDATE: Count=669, Max=526335, Min=37, Avg=10526.57, 90=16703, 99=83071, 99.9=521215, 99.99=526335] [READ-FAILED: Count=12, Max=5479, Min=1897, Avg=3022.33, 90=4939, 99=5479, 99.9=5479, 99.99=5479] 
2020-09-30 11:13:17:537 20 sec: 31927 operations; 1806.48 current ops/sec; est completion in 1 hour 44 minutes [READ: Count=17141, Max=1012735, Min=0, Avg=8825.43, 90=15823, 99=39391, 99.9=527359, 99.99=1001983] [UPDATE: Count=906, Max=753151, Min=20, Avg=10463.64, 90=16063, 99=215039, 99.9=562687, 99.99=753151] [READ-FAILED: Count=16, Max=14095, Min=2236, Avg=3978.88, 90=3781, 99=14095, 99.9=14095, 99.99=14095] 
2020-09-30 11:13:27:537 30 sec: 53082 operations; 2115.5 current ops/sec; est completion in 1 hour 33 minutes [READ: Count=20014, Max=552959, Min=0, Avg=7632.47, 90=15727, 99=35007, 99.9=526847, 99.99=541695] [UPDATE: Count=1127, Max=519167, Min=18, Avg=6927.34, 90=15455, 99=35007, 99.9=515327, 99.99=519167] [READ-FAILED: Count=17, Max=6451, Min=2110, Avg=2908.53, 90=3309, 99=6451, 99.9=6451, 99.99=6451] 
2020-09-30 11:13:37:537 40 sec: 75132 operations; 2205 current ops/sec; est completion in 1 hour 28 minutes [READ: Count=20907, Max=572415, Min=0, Avg=7259.4, 90=14743, 99=30543, 99.9=519423, 99.99=547839] [UPDATE: Count=1118, Max=516863, Min=22, Avg=6615.14, 90=14599, 99=33599, 99.9=274687, 99.99=516863] [READ-FAILED: Count=21, Max=17871, Min=1701, Avg=3588.48, 90=4085, 99=17871, 99.9=17871, 99.99=17871] 
2020-09-30 11:13:47:538 50 sec: 96023 operations; 2089.1 current ops/sec; est completion in 1 hour 25 minutes [READ: Count=19837, Max=564223, Min=1, Avg=7693.83, 90=14591, 99=34111, 99.9=521727, 99.99=538111] [UPDATE: Count=1034, Max=531455, Min=21, Avg=6631.81, 90=14535, 99=29087, 99.9=530943, 99.99=531455] [READ-FAILED: Count=22, Max=4595, Min=1940, Avg=2990.73, 90=3805, 99=4595, 99.9=4595, 99.99=4595] 
2020-09-30 11:13:57:538 60 sec: 119001 operations; 2297.8 current ops/sec; est completion in 1 hour 23 minutes [READ: Count=21793, Max=807935, Min=0, Avg=7041.26, 90=14567, 99=30431, 99.9=517375, 99.99=544255] [UPDATE: Count=1162, Max=377599, Min=16, Avg=6141.5, 90=14711, 99=27327, 99.9=352511, 99.99=377599] [READ-FAILED: Count=19, Max=4243, Min=1561, Avg=2751, 90=3713, 99=4243, 99.9=4243, 99.99=4243] 
2020-09-30 11:14:07:537 70 sec: 141066 operations; 2206.5 current ops/sec; est completion in 1 hour 21 minutes [READ: Count=20958, Max=835071, Min=0, Avg=7230.46, 90=15111, 99=31055, 99.9=520191, 99.99=698879] [UPDATE: Count=1084, Max=534015, Min=16, Avg=6588.2, 90=14879, 99=31887, 99.9=486399, 99.99=534015] [READ-FAILED: Count=28, Max=3575, Min=1759, Avg=2478.61, 90=3109, 99=3575, 99.9=3575, 99.99=3575] 
2020-09-30 11:14:17:537 80 sec: 163362 operations; 2229.6 current ops/sec; est completion in 1 hour 20 minutes [READ: Count=21161, Max=550911, Min=0, Avg=7134.81, 90=14871, 99=30463, 99.9=522751, 99.99=546815] [UPDATE: Count=1102, Max=548351, Min=18, Avg=6999.23, 90=14647, 99=26351, 99.9=542719, 99.99=548351] [READ-FAILED: Count=28, Max=12455, Min=1807, Avg=3048.64, 90=3529, 99=12455, 99.9=12455, 99.99=12455] 
2020-09-30 11:14:27:537 90 sec: 183578 operations; 2021.6 current ops/sec; est completion in 1 hour 20 minutes [READ: Count=19168, Max=557055, Min=1, Avg=8057.19, 90=15023, 99=38847, 99.9=522239, 99.99=548863] [UPDATE: Count=1028, Max=547839, Min=15, Avg=6152.37, 90=13943, 99=26159, 99.9=428287, 99.99=547839] [READ-FAILED: Count=20, Max=15463, Min=1899, Avg=3480.75, 90=3969, 99=15463, 99.9=15463, 99.99=15463] 
2020-09-30 11:14:37:537 100 sec: 205970 operations; 2239.2 current ops/sec; est completion in 1 hour 19 minutes [READ: Count=21291, Max=548351, Min=0, Avg=7208, 90=14575, 99=32591, 99.9=518655, 99.99=538111] [UPDATE: Count=1087, Max=590847, Min=18, Avg=6933.99, 90=15111, 99=31871, 99.9=518143, 99.99=590847] [READ-FAILED: Count=19, Max=11671, Min=1831, Avg=3206.47, 90=3807, 99=11671, 99.9=11671, 99.99=11671] 
2020-09-30 11:14:47:538 110 sec: 227995 operations; 2202.5 current ops/sec; est completion in 1 hour 18 minutes [READ: Count=20874, Max=552447, Min=0, Avg=7292.62, 90=14719, 99=32671, 99.9=529407, 99.99=550399] [UPDATE: Count=1133, Max=552447, Min=12, Avg=6480.61, 90=14887, 99=30943, 99.9=518399, 99.99=552447] [READ-FAILED: Count=16, Max=4127, Min=1656, Avg=2724.94, 90=3845, 99=4127, 99.9=4127, 99.99=4127] 
2020-09-30 11:14:57:538 120 sec: 250666 operations; 2267.1 current ops/sec; est completion in 1 hour 17 minutes [READ: Count=21548, Max=571391, Min=0, Avg=7078.16, 90=14535, 99=29903, 99.9=520191, 99.99=548351] [UPDATE: Count=1102, Max=528383, Min=13, Avg=6539.09, 90=14327, 99=29567, 99.9=520959, 99.99=528383] [READ-FAILED: Count=21, Max=9231, Min=2035, Avg=3031.81, 90=3365, 99=9231, 99.9=9231, 99.99=9231] 
2020-09-30 11:15:07:537 130 sec: 273869 operations; 2320.3 current ops/sec; est completion in 1 hour 16 minutes [READ: Count=22004, Max=566783, Min=0, Avg=6783.47, 90=14151, 99=30271, 99.9=520191, 99.99=542719] [UPDATE: Count=1172, Max=556031, Min=15, Avg=8549.02, 90=14663, 99=57599, 99.9=545279, 99.99=556031] [READ-FAILED: Count=27, Max=7495, Min=1884, Avg=2732.63, 90=3545, 99=7495, 99.9=7495, 99.99=7495] 
2020-09-30 11:15:17:537 140 sec: 296589 operations; 2272 current ops/sec; est completion in 1 hour 16 minutes [READ: Count=21552, Max=564735, Min=1, Avg=6933.34, 90=14511, 99=30719, 99.9=519935, 99.99=536063] [UPDATE: Count=1133, Max=582655, Min=17, Avg=8621.25, 90=14583, 99=39103, 99.9=540671, 99.99=582655] [READ-FAILED: Count=33, Max=13839, Min=1632, Avg=2964.27, 90=3411, 99=13839, 99.9=13839, 99.99=13839] 
2020-09-30 11:15:27:538 150 sec: 317867 operations; 2127.8 current ops/sec; est completion in 1 hour 16 minutes [READ: Count=20104, Max=653823, Min=0, Avg=7401.12, 90=14279, 99=32383, 99.9=525823, 99.99=550399] [UPDATE: Count=1146, Max=539135, Min=18, Avg=9834.41, 90=14247, 99=155391, 99.9=534527, 99.99=539135] [READ-FAILED: Count=30, Max=4851, Min=1853, Avg=2821.5, 90=4025, 99=4851, 99.9=4851, 99.99=4851] 
2020-09-30 11:15:37:538 160 sec: 340397 operations; 2253 current ops/sec; est completion in 1 hour 15 minutes [READ: Count=21314, Max=553983, Min=1, Avg=7106.4, 90=14527, 99=34367, 99.9=517375, 99.99=547327] [UPDATE: Count=1194, Max=546815, Min=17, Avg=7624.47, 90=13967, 99=43455, 99.9=540159, 99.99=546815] [READ-FAILED: Count=25, Max=24479, Min=1778, Avg=3741.44, 90=5579, 99=24479, 99.9=24479, 99.99=24479] 
2020-09-30 11:15:47:538 170 sec: 364123 operations; 2372.6 current ops/sec; est completion in 1 hour 14 minutes [READ: Count=22476, Max=563711, Min=0, Avg=6617.42, 90=14647, 99=29039, 99.9=523519, 99.99=562175] [UPDATE: Count=1222, Max=549887, Min=16, Avg=9170.96, 90=15127, 99=45791, 99.9=519679, 99.99=549887] [READ-FAILED: Count=24, Max=17167, Min=1852, Avg=3242.62, 90=3861, 99=17167, 99.9=17167, 99.99=17167] 
2020-09-30 11:15:57:537 180 sec: 385506 operations; 2138.3 current ops/sec; est completion in 1 hour 14 minutes [READ: Count=20333, Max=577023, Min=0, Avg=7450.06, 90=14639, 99=35775, 99.9=528895, 99.99=567295] [UPDATE: Count=1022, Max=537599, Min=17, Avg=7510.58, 90=14255, 99=33023, 99.9=489215, 99.99=537599] [READ-FAILED: Count=29, Max=10143, Min=1824, Avg=2971.52, 90=3367, 99=10143, 99.9=10143, 99.99=10143] 
2020-09-30 11:16:07:537 190 sec: 406535 operations; 2102.9 current ops/sec; est completion in 1 hour 14 minutes [READ: Count=19956, Max=553471, Min=0, Avg=7532.82, 90=14391, 99=33439, 99.9=522239, 99.99=547839] [UPDATE: Count=1036, Max=537599, Min=17, Avg=7929.25, 90=14719, 99=34399, 99.9=537599, 99.99=537599] [READ-FAILED: Count=35, Max=17871, Min=1725, Avg=3009.6, 90=3057, 99=17871, 99.9=17871, 99.99=17871] 
2020-09-30 11:16:17:537 200 sec: 428070 operations; 2153.5 current ops/sec; est completion in 1 hour 14 minutes [READ: Count=20457, Max=579071, Min=0, Avg=7469.33, 90=14655, 99=37055, 99.9=520959, 99.99=555519] [UPDATE: Count=1072, Max=368383, Min=17, Avg=6174.1, 90=14647, 99=38751, 99.9=359679, 99.99=368383] [READ-FAILED: Count=25, Max=3499, Min=1999, Avg=2531.36, 90=3195, 99=3499, 99.9=3499, 99.99=3499] 
2020-09-30 11:16:27:541 210 sec: 449988 operations; 2190.92 current ops/sec; est completion in 1 hour 14 minutes [READ: Count=20811, Max=566271, Min=0, Avg=7402.41, 90=14359, 99=34623, 99.9=521983, 99.99=549375] [UPDATE: Count=1071, Max=517631, Min=15, Avg=7530.45, 90=14207, 99=34559, 99.9=515839, 99.99=517631] [READ-FAILED: Count=18, Max=27567, Min=2017, Avg=4019.17, 90=3335, 99=27567, 99.9=27567, 99.99=27567] 
2020-09-30 11:16:37:537 220 sec: 469838 operations; 1985.79 current ops/sec; est completion in 1 hour 14 minutes [READ: Count=18856, Max=1007103, Min=0, Avg=7949.13, 90=14663, 99=35327, 99.9=525311, 99.99=1000447] [UPDATE: Count=979, Max=998911, Min=18, Avg=9666.52, 90=15039, 99=55359, 99.9=515327, 99.99=998911] [READ-FAILED: Count=15, Max=3395, Min=1519, Avg=2377.87, 90=2703, 99=3395, 99.9=3395, 99.99=3395] 
2020-09-30 11:16:47:538 230 sec: 492254 operations; 2241.6 current ops/sec; est completion in 1 hour 14 minutes [READ: Count=21228, Max=559615, Min=0, Avg=7152.11, 90=14647, 99=32095, 99.9=518655, 99.99=545791] [UPDATE: Count=1157, Max=544767, Min=16, Avg=7171.2, 90=14415, 99=46399, 99.9=540159, 99.99=544767] [READ-FAILED: Count=30, Max=4091, Min=1783, Avg=2524.37, 90=3251, 99=4091, 99.9=4091, 99.99=4091] 
2020-09-30 11:16:57:537 240 sec: 514395 operations; 2214.1 current ops/sec; est completion in 1 hour 13 minutes [READ: Count=21021, Max=551935, Min=0, Avg=7193.58, 90=14799, 99=37375, 99.9=517375, 99.99=545279] [UPDATE: Count=1100, Max=556031, Min=16, Avg=7336.36, 90=15815, 99=45087, 99.9=520959, 99.99=556031] [READ-FAILED: Count=21, Max=6671, Min=1770, Avg=2707.62, 90=3449, 99=6671, 99.9=6671, 99.99=6671] 
2020-09-30 11:17:07:537 250 sec: 538293 operations; 2389.8 current ops/sec; est completion in 1 hour 13 minutes [READ: Count=22648, Max=639999, Min=0, Avg=6752.02, 90=14831, 99=32927, 99.9=520703, 99.99=551935] [UPDATE: Count=1218, Max=511743, Min=18, Avg=6336.09, 90=14983, 99=35039, 99.9=344063, 99.99=511743] [READ-FAILED: Count=34, Max=3793, Min=1604, Avg=2462.56, 90=2997, 99=3793, 99.9=3793, 99.99=3793] 
2020-09-30 11:17:17:537 260 sec: 560852 operations; 2255.9 current ops/sec; est completion in 1 hour 12 minutes [READ: Count=21443, Max=1006079, Min=0, Avg=6985.82, 90=14607, 99=35455, 99.9=517887, 99.99=545791] [UPDATE: Count=1093, Max=476671, Min=16, Avg=7682.53, 90=15167, 99=60415, 99.9=403199, 99.99=476671] [READ-FAILED: Count=19, Max=4243, Min=1729, Avg=2633.37, 90=3429, 99=4243, 99.9=4243, 99.99=4243] 
2020-09-30 11:17:27:537 270 sec: 582628 operations; 2177.6 current ops/sec; est completion in 1 hour 12 minutes [READ: Count=20687, Max=567295, Min=0, Avg=7449.61, 90=14623, 99=31391, 99.9=526847, 99.99=555007] [UPDATE: Count=1068, Max=523263, Min=17, Avg=6827.38, 90=14727, 99=22383, 99.9=492287, 99.99=523263] [READ-FAILED: Count=22, Max=9151, Min=1735, Avg=2839.68, 90=3379, 99=9151, 99.9=9151, 99.99=9151] 
2020-09-30 11:17:37:537 280 sec: 604486 operations; 2185.8 current ops/sec; est completion in 1 hour 12 minutes [READ: Count=20742, Max=550399, Min=0, Avg=7393, 90=14623, 99=33823, 99.9=526847, 99.99=547327] [UPDATE: Count=1097, Max=461311, Min=17, Avg=5698.66, 90=14127, 99=30975, 99.9=80959, 99.99=461311] [READ-FAILED: Count=19, Max=4491, Min=1735, Avg=2659.26, 90=3063, 99=4491, 99.9=4491, 99.99=4491] 
2020-09-30 11:17:47:537 290 sec: 626797 operations; 2231.1 current ops/sec; est completion in 1 hour 12 minutes [READ: Count=21154, Max=695295, Min=0, Avg=7047.33, 90=14639, 99=32319, 99.9=518655, 99.99=545791] [UPDATE: Count=1142, Max=526847, Min=16, Avg=7608.52, 90=14999, 99=33439, 99.9=525823, 99.99=526847] [READ-FAILED: Count=17, Max=4183, Min=1812, Avg=2647.65, 90=3537, 99=4183, 99.9=4183, 99.99=4183] 
2020-09-30 11:17:57:537 300 sec: 647269 operations; 2047.2 current ops/sec; est completion in 1 hour 12 minutes [READ: Count=19450, Max=1001471, Min=0, Avg=8025.83, 90=14727, 99=36895, 99.9=541183, 99.99=999423] [UPDATE: Count=1007, Max=259071, Min=16, Avg=5556.82, 90=14415, 99=28879, 99.9=99455, 99.99=259071] [READ-FAILED: Count=16, Max=3157, Min=2080, Avg=2571, 90=3047, 99=3157, 99.9=3157, 99.99=3157] 
Maximum time elapsed. Requesting stop for the workload.
Stop requested for workload. Now Joining!
[36m11:17:57.822[m [[34;1mINFO[m] [1;34mp.u.t.s.y.Stats.clientFinished@38[m: 
Ended SconeKV benchmark.
Number of clients: 16
Total transactions: 128797
Committed: 125283 (97.271675%)
Aborted: 3514 (2.7283244%)
2020-09-30 11:17:57:826 300 sec: 647421 operations; 529.62 current ops/sec; est completion in 1 hour 12 minutes [READ: Count=145, Max=515071, Min=1650, Avg=13056.8, 90=18287, 99=514047, 99.9=515071, 99.99=515071] [CLEANUP: Count=16, Max=1401, Min=3, Avg=91.62, 90=6, 99=1401, 99.9=1401, 99.99=1401] [UPDATE: Count=3, Max=19967, Min=2612, Avg=11771, 90=19967, 99=19967, 99.9=19967, 99.99=19967] [READ-FAILED: Count=0, Max=0, Min=9223372036854775807, Avg=NaN, 90=0, 99=0, 99.9=0, 99.99=0] 
[OVERALL], RunTime(ms), 300288
[OVERALL], Throughput(ops/sec), 2156.000239769821
[TOTAL_GCS_G1_Young_Generation], Count, 115
[TOTAL_GC_TIME_G1_Young_Generation], Time(ms), 697
[TOTAL_GC_TIME_%_G1_Young_Generation], Time(%), 0.2321105072463768
[TOTAL_GCS_G1_Old_Generation], Count, 0
[TOTAL_GC_TIME_G1_Old_Generation], Time(ms), 0
[TOTAL_GC_TIME_%_G1_Old_Generation], Time(%), 0.0
[TOTAL_GCs], Count, 115
[TOTAL_GC_TIME], Time(ms), 697
[TOTAL_GC_TIME_%], Time(%), 0.2321105072463768
[READ], Operations, 614259
[READ], AverageLatency(us), 7374.897285998251
[READ], MinLatency(us), 0
[READ], MaxLatency(us), 1012735
[READ], 95thPercentileLatency(us), 17711
[READ], 99thPercentileLatency(us), 33983
[READ], Return=OK, 614259
[READ], Return=NOT_FOUND, 678
[CLEANUP], Operations, 16
[CLEANUP], AverageLatency(us), 91.625
[CLEANUP], MinLatency(us), 3
[CLEANUP], MaxLatency(us), 1401
[CLEANUP], 95thPercentileLatency(us), 14
[CLEANUP], 99thPercentileLatency(us), 1401
[UPDATE], Operations, 32484
[UPDATE], AverageLatency(us), 7410.8639330131755
[UPDATE], MinLatency(us), 12
[UPDATE], MaxLatency(us), 998911
[UPDATE], 95thPercentileLatency(us), 17983
[UPDATE], 99thPercentileLatency(us), 37151
[UPDATE], Return=OK, 32484
[READ-FAILED], Operations, 678
[READ-FAILED], AverageLatency(us), 2936.985250737463
[READ-FAILED], MinLatency(us), 1519
[READ-FAILED], MaxLatency(us), 27567
[READ-FAILED], 95thPercentileLatency(us), 4351
[READ-FAILED], 99thPercentileLatency(us), 13839
