Command line: -t -db pt.ulisboa.tecnico.sconekv.ycsb.SconeKVClient -P workloadc -threads 256 -s -p scone.tx_size=5 -p operationcount=10000000 -p maxexecutiontime=300
YCSB Client 0.17.0

Loading workload...
Starting test.
WARNING: sun.reflect.Reflection.getCallerClass is not supported. This will impact performance.
2020-09-30 12:42:16:296 0 sec: 0 operations; est completion in 0 second 
Maximum execution time specified as: 300 secs
DBWrapper: report latency for each error is false and specific error codes to track for latency are: []
DBWrapper: report latency for each error is false and specific error codes to track for latency are: []
DBWrapper: report latency for each error is false and specific error codes to track for latency are: []
DBWrapper: report latency for each error is false and specific error codes to track for latency are: []
DBWrapper: report latency for each error is false and specific error codes to track for latency are: []
DBWrapper: report latency for each error is false and specific error codes to track for latency are: []
DBWrapper: report latency for each error is false and specific error codes to track for latency are: []
DBWrapper: report latency for each error is false and specific error codes to track for latency are: []
DBWrapper: report latency for each error is false and specific error codes to track for latency are: []
DBWrapper: report latency for each error is false and specific error codes to track for latency are: []
DBWrapper: report latency for each error is false and specific error codes to track for latency are: []
DBWrapper: report latency for each error is false and specific error codes to track for latency are: []
DBWrapper: report latency for each error is false and specific error codes to track for latency are: []
DBWrapper: report latency for each error is false and specific error codes to track for latency are: []
DBWrapper: report latency for each error is false and specific error codes to track for latency are: []
DBWrapper: report latency for each error is false and specific error codes to track for latency are: []
DBWrapper: report latency for each error is false and specific error codes to track for latency are: []
DBWrapper: report latency for each error is false and specific error codes to track for latency are: []
DBWrapper: report latency for each error is false and specific error codes to track for latency are: []
DBWrapper: report latency for each error is false and specific error codes to track for latency are: []
DBWrapper: report latency for each error is false and specific error codes to track for latency are: []
DBWrapper: report latency for each error is false and specific error codes to track for latency are: []
DBWrapper: report latency for each error is false and specific error codes to track for latency are: []
DBWrapper: report latency for each error is false and specific error codes to track for latency are: []
DBWrapper: report latency for each error is false and specific error codes to track for latency are: []
DBWrapper: report latency for each error is false and specific error codes to track for latency are: []
DBWrapper: report latency for each error is false and specific error codes to track for latency are: []
DBWrapper: report latency for each error is false and specific error codes to track for latency are: []
DBWrapper: report latency for each error is false and specific error codes to track for latency are: []
DBWrapper: report latency for each error is false and specific error codes to track for latency are: []
DBWrapper: report latency for each error is false and specific error codes to track for latency are: []
DBWrapper: report latency for each error is false and specific error codes to track for latency are: []
DBWrapper: report latency for each error is false and specific error codes to track for latency are: []
DBWrapper: report latency for each error is false and specific error codes to track for latency are: []
DBWrapper: report latency for each error is false and specific error codes to track for latency are: []
DBWrapper: report latency for each error is false and specific error codes to track for latency are: []
DBWrapper: report latency for each error is false and specific error codes to track for latency are: []
DBWrapper: report latency for each error is false and specific error codes to track for latency are: []
DBWrapper: report latency for each error is false and specific error codes to track for latency are: []
DBWrapper: report latency for each error is false and specific error codes to track for latency are: []
DBWrapper: report latency for each error is false and specific error codes to track for latency are: []
DBWrapper: report latency for each error is false and specific error codes to track for latency are: []
DBWrapper: report latency for each error is false and specific error codes to track for latency are: []
DBWrapper: report latency for each error is false and specific error codes to track for latency are: []
DBWrapper: report latency for each error is false and specific error codes to track for latency are: []
DBWrapper: report latency for each error is false and specific error codes to track for latency are: []
DBWrapper: report latency for each error is false and specific error codes to track for latency are: []
DBWrapper: report latency for each error is false and specific error codes to track for latency are: []
DBWrapper: report latency for each error is false and specific error codes to track for latency are: []
DBWrapper: report latency for each error is false and specific error codes to track for latency are: []
DBWrapper: report latency for each error is false and specific error codes to track for latency are: []
DBWrapper: report latency for each error is false and specific error codes to track for latency are: []
DBWrapper: report latency for each error is false and specific error codes to track for latency are: []
DBWrapper: report latency for each error is false and specific error codes to track for latency are: []
DBWrapper: report latency for each error is false and specific error codes to track for latency are: []
DBWrapper: report latency for each error is false and specific error codes to track for latency are: []
DBWrapper: report latency for each error is false and specific error codes to track for latency are: []
DBWrapper: report latency for each error is false and specific error codes to track for latency are: []
DBWrapper: report latency for each error is false and specific error codes to track for latency are: []
DBWrapper: report latency for each error is false and specific error codes to track for latency are: []
DBWrapper: report latency for each error is false and specific error codes to track for latency are: []
DBWrapper: report latency for each error is false and specific error codes to track for latency are: []
DBWrapper: report latency for each error is false and specific error codes to track for latency are: []
DBWrapper: report latency for each error is false and specific error codes to track for latency are: []
DBWrapper: report latency for each error is false and specific error codes to track for latency are: []
DBWrapper: report latency for each error is false and specific error codes to track for latency are: []
DBWrapper: report latency for each error is false and specific error codes to track for latency are: []
DBWrapper: report latency for each error is false and specific error codes to track for latency are: []
DBWrapper: report latency for each error is false and specific error codes to track for latency are: []
DBWrapper: report latency for each error is false and specific error codes to track for latency are: []
DBWrapper: report latency for each error is false and specific error codes to track for latency are: []
DBWrapper: report latency for each error is false and specific error codes to track for latency are: []
DBWrapper: report latency for each error is false and specific error codes to track for latency are: []
DBWrapper: report latency for each error is false and specific error codes to track for latency are: []
DBWrapper: report latency for each error is false and specific error codes to track for latency are: []
DBWrapper: report latency for each error is false and specific error codes to track for latency are: []
DBWrapper: report latency for each error is false and specific error codes to track for latency are: []
DBWrapper: report latency for each error is false and specific error codes to track for latency are: []
DBWrapper: report latency for each error is false and specific error codes to track for latency are: []
DBWrapper: report latency for each error is false and specific error codes to track for latency are: []
DBWrapper: report latency for each error is false and specific error codes to track for latency are: []
DBWrapper: report latency for each error is false and specific error codes to track for latency are: []
DBWrapper: report latency for each error is false and specific error codes to track for latency are: []
DBWrapper: report latency for each error is false and specific error codes to track for latency are: []
DBWrapper: report latency for each error is false and specific error codes to track for latency are: []
DBWrapper: report latency for each error is false and specific error codes to track for latency are: []
DBWrapper: report latency for each error is false and specific error codes to track for latency are: []
DBWrapper: report latency for each error is false and specific error codes to track for latency are: []
DBWrapper: report latency for each error is false and specific error codes to track for latency are: []
DBWrapper: report latency for each error is false and specific error codes to track for latency are: []
DBWrapper: report latency for each error is false and specific error codes to track for latency are: []
DBWrapper: report latency for each error is false and specific error codes to track for latency are: []
DBWrapper: report latency for each error is false and specific error codes to track for latency are: []
DBWrapper: report latency for each error is false and specific error codes to track for latency are: []
DBWrapper: report latency for each error is false and specific error codes to track for latency are: []
DBWrapper: report latency for each error is false and specific error codes to track for latency are: []
DBWrapper: report latency for each error is false and specific error codes to track for latency are: []
DBWrapper: report latency for each error is false and specific error codes to track for latency are: []
DBWrapper: report latency for each error is false and specific error codes to track for latency are: []
DBWrapper: report latency for each error is false and specific error codes to track for latency are: []
DBWrapper: report latency for each error is false and specific error codes to track for latency are: []
DBWrapper: report latency for each error is false and specific error codes to track for latency are: []
DBWrapper: report latency for each error is false and specific error codes to track for latency are: []
DBWrapper: report latency for each error is false and specific error codes to track for latency are: []
DBWrapper: report latency for each error is false and specific error codes to track for latency are: []
DBWrapper: report latency for each error is false and specific error codes to track for latency are: []
DBWrapper: report latency for each error is false and specific error codes to track for latency are: []
DBWrapper: report latency for each error is false and specific error codes to track for latency are: []
DBWrapper: report latency for each error is false and specific error codes to track for latency are: []
DBWrapper: report latency for each error is false and specific error codes to track for latency are: []
DBWrapper: report latency for each error is false and specific error codes to track for latency are: []
DBWrapper: report latency for each error is false and specific error codes to track for latency are: []
DBWrapper: report latency for each error is false and specific error codes to track for latency are: []
DBWrapper: report latency for each error is false and specific error codes to track for latency are: []
DBWrapper: report latency for each error is false and specific error codes to track for latency are: []
DBWrapper: report latency for each error is false and specific error codes to track for latency are: []
DBWrapper: report latency for each error is false and specific error codes to track for latency are: []
DBWrapper: report latency for each error is false and specific error codes to track for latency are: []
DBWrapper: report latency for each error is false and specific error codes to track for latency are: []
DBWrapper: report latency for each error is false and specific error codes to track for latency are: []
DBWrapper: report latency for each error is false and specific error codes to track for latency are: []
DBWrapper: report latency for each error is false and specific error codes to track for latency are: []
DBWrapper: report latency for each error is false and specific error codes to track for latency are: []
DBWrapper: report latency for each error is false and specific error codes to track for latency are: []
DBWrapper: report latency for each error is false and specific error codes to track for latency are: []
DBWrapper: report latency for each error is false and specific error codes to track for latency are: []
DBWrapper: report latency for each error is false and specific error codes to track for latency are: []
DBWrapper: report latency for each error is false and specific error codes to track for latency are: []
DBWrapper: report latency for each error is false and specific error codes to track for latency are: []
DBWrapper: report latency for each error is false and specific error codes to track for latency are: []
DBWrapper: report latency for each error is false and specific error codes to track for latency are: []
DBWrapper: report latency for each error is false and specific error codes to track for latency are: []
DBWrapper: report latency for each error is false and specific error codes to track for latency are: []
DBWrapper: report latency for each error is false and specific error codes to track for latency are: []
DBWrapper: report latency for each error is false and specific error codes to track for latency are: []
DBWrapper: report latency for each error is false and specific error codes to track for latency are: []
DBWrapper: report latency for each error is false and specific error codes to track for latency are: []
DBWrapper: report latency for each error is false and specific error codes to track for latency are: []
DBWrapper: report latency for each error is false and specific error codes to track for latency are: []
DBWrapper: report latency for each error is false and specific error codes to track for latency are: []
DBWrapper: report latency for each error is false and specific error codes to track for latency are: []
DBWrapper: report latency for each error is false and specific error codes to track for latency are: []
DBWrapper: report latency for each error is false and specific error codes to track for latency are: []
DBWrapper: report latency for each error is false and specific error codes to track for latency are: []
DBWrapper: report latency for each error is false and specific error codes to track for latency are: []
DBWrapper: report latency for each error is false and specific error codes to track for latency are: []
DBWrapper: report latency for each error is false and specific error codes to track for latency are: []
DBWrapper: report latency for each error is false and specific error codes to track for latency are: []
DBWrapper: report latency for each error is false and specific error codes to track for latency are: []
DBWrapper: report latency for each error is false and specific error codes to track for latency are: []
DBWrapper: report latency for each error is false and specific error codes to track for latency are: []
DBWrapper: report latency for each error is false and specific error codes to track for latency are: []
DBWrapper: report latency for each error is false and specific error codes to track for latency are: []
DBWrapper: report latency for each error is false and specific error codes to track for latency are: []
DBWrapper: report latency for each error is false and specific error codes to track for latency are: []
DBWrapper: report latency for each error is false and specific error codes to track for latency are: []
DBWrapper: report latency for each error is false and specific error codes to track for latency are: []
DBWrapper: report latency for each error is false and specific error codes to track for latency are: []
DBWrapper: report latency for each error is false and specific error codes to track for latency are: []
2020-09-30 12:42:27:013 10 sec: 5771 operations; 547.9 current ops/sec; est completion in 5 hours 4 minutes [READ: Count=6238, Max=3504127, Min=5, Avg=93537.97, 90=168959, 99=1295359, 99.9=2609151, 99.99=2985983] [READ-FAILED: Count=6, Max=119295, Min=5688, Avg=60501.67, 90=110271, 99=119295, 99.9=119295, 99.99=119295] 
DBWrapper: report latency for each error is false and specific error codes to track for latency are: []
DBWrapper: report latency for each error is false and specific error codes to track for latency are: []
DBWrapper: report latency for each error is false and specific error codes to track for latency are: []
DBWrapper: report latency for each error is false and specific error codes to track for latency are: []
DBWrapper: report latency for each error is false and specific error codes to track for latency are: []
DBWrapper: report latency for each error is false and specific error codes to track for latency are: []
DBWrapper: report latency for each error is false and specific error codes to track for latency are: []
DBWrapper: report latency for each error is false and specific error codes to track for latency are: []
DBWrapper: report latency for each error is false and specific error codes to track for latency are: []
DBWrapper: report latency for each error is false and specific error codes to track for latency are: []
DBWrapper: report latency for each error is false and specific error codes to track for latency are: []
DBWrapper: report latency for each error is false and specific error codes to track for latency are: []
DBWrapper: report latency for each error is false and specific error codes to track for latency are: []
DBWrapper: report latency for each error is false and specific error codes to track for latency are: []
DBWrapper: report latency for each error is false and specific error codes to track for latency are: []
DBWrapper: report latency for each error is false and specific error codes to track for latency are: []
DBWrapper: report latency for each error is false and specific error codes to track for latency are: []
DBWrapper: report latency for each error is false and specific error codes to track for latency are: []
DBWrapper: report latency for each error is false and specific error codes to track for latency are: []
DBWrapper: report latency for each error is false and specific error codes to track for latency are: []
DBWrapper: report latency for each error is false and specific error codes to track for latency are: []
DBWrapper: report latency for each error is false and specific error codes to track for latency are: []
DBWrapper: report latency for each error is false and specific error codes to track for latency are: []
DBWrapper: report latency for each error is false and specific error codes to track for latency are: []
DBWrapper: report latency for each error is false and specific error codes to track for latency are: []
DBWrapper: report latency for each error is false and specific error codes to track for latency are: []
DBWrapper: report latency for each error is false and specific error codes to track for latency are: []
DBWrapper: report latency for each error is false and specific error codes to track for latency are: []
DBWrapper: report latency for each error is false and specific error codes to track for latency are: []
DBWrapper: report latency for each error is false and specific error codes to track for latency are: []
DBWrapper: report latency for each error is false and specific error codes to track for latency are: []
DBWrapper: report latency for each error is false and specific error codes to track for latency are: []
DBWrapper: report latency for each error is false and specific error codes to track for latency are: []
DBWrapper: report latency for each error is false and specific error codes to track for latency are: []
DBWrapper: report latency for each error is false and specific error codes to track for latency are: []
DBWrapper: report latency for each error is false and specific error codes to track for latency are: []
DBWrapper: report latency for each error is false and specific error codes to track for latency are: []
DBWrapper: report latency for each error is false and specific error codes to track for latency are: []
DBWrapper: report latency for each error is false and specific error codes to track for latency are: []
DBWrapper: report latency for each error is false and specific error codes to track for latency are: []
DBWrapper: report latency for each error is false and specific error codes to track for latency are: []
DBWrapper: report latency for each error is false and specific error codes to track for latency are: []
DBWrapper: report latency for each error is false and specific error codes to track for latency are: []
DBWrapper: report latency for each error is false and specific error codes to track for latency are: []
DBWrapper: report latency for each error is false and specific error codes to track for latency are: []
DBWrapper: report latency for each error is false and specific error codes to track for latency are: []
DBWrapper: report latency for each error is false and specific error codes to track for latency are: []
DBWrapper: report latency for each error is false and specific error codes to track for latency are: []
DBWrapper: report latency for each error is false and specific error codes to track for latency are: []
DBWrapper: report latency for each error is false and specific error codes to track for latency are: []
DBWrapper: report latency for each error is false and specific error codes to track for latency are: []
DBWrapper: report latency for each error is false and specific error codes to track for latency are: []
DBWrapper: report latency for each error is false and specific error codes to track for latency are: []
DBWrapper: report latency for each error is false and specific error codes to track for latency are: []
DBWrapper: report latency for each error is false and specific error codes to track for latency are: []
DBWrapper: report latency for each error is false and specific error codes to track for latency are: []
DBWrapper: report latency for each error is false and specific error codes to track for latency are: []
DBWrapper: report latency for each error is false and specific error codes to track for latency are: []
DBWrapper: report latency for each error is false and specific error codes to track for latency are: []
DBWrapper: report latency for each error is false and specific error codes to track for latency are: []
DBWrapper: report latency for each error is false and specific error codes to track for latency are: []
DBWrapper: report latency for each error is false and specific error codes to track for latency are: []
DBWrapper: report latency for each error is false and specific error codes to track for latency are: []
DBWrapper: report latency for each error is false and specific error codes to track for latency are: []
DBWrapper: report latency for each error is false and specific error codes to track for latency are: []
DBWrapper: report latency for each error is false and specific error codes to track for latency are: []
DBWrapper: report latency for each error is false and specific error codes to track for latency are: []
DBWrapper: report latency for each error is false and specific error codes to track for latency are: []
DBWrapper: report latency for each error is false and specific error codes to track for latency are: []
DBWrapper: report latency for each error is false and specific error codes to track for latency are: []
DBWrapper: report latency for each error is false and specific error codes to track for latency are: []
DBWrapper: report latency for each error is false and specific error codes to track for latency are: []
DBWrapper: report latency for each error is false and specific error codes to track for latency are: []
DBWrapper: report latency for each error is false and specific error codes to track for latency are: []
DBWrapper: report latency for each error is false and specific error codes to track for latency are: []
DBWrapper: report latency for each error is false and specific error codes to track for latency are: []
DBWrapper: report latency for each error is false and specific error codes to track for latency are: []
DBWrapper: report latency for each error is false and specific error codes to track for latency are: []
DBWrapper: report latency for each error is false and specific error codes to track for latency are: []
DBWrapper: report latency for each error is false and specific error codes to track for latency are: []
DBWrapper: report latency for each error is false and specific error codes to track for latency are: []
DBWrapper: report latency for each error is false and specific error codes to track for latency are: []
DBWrapper: report latency for each error is false and specific error codes to track for latency are: []
DBWrapper: report latency for each error is false and specific error codes to track for latency are: []
DBWrapper: report latency for each error is false and specific error codes to track for latency are: []
DBWrapper: report latency for each error is false and specific error codes to track for latency are: []
DBWrapper: report latency for each error is false and specific error codes to track for latency are: []
DBWrapper: report latency for each error is false and specific error codes to track for latency are: []
DBWrapper: report latency for each error is false and specific error codes to track for latency are: []
DBWrapper: report latency for each error is false and specific error codes to track for latency are: []
DBWrapper: report latency for each error is false and specific error codes to track for latency are: []
DBWrapper: report latency for each error is false and specific error codes to track for latency are: []
DBWrapper: report latency for each error is false and specific error codes to track for latency are: []
DBWrapper: report latency for each error is false and specific error codes to track for latency are: []
DBWrapper: report latency for each error is false and specific error codes to track for latency are: []
2020-09-30 12:42:36:357 20 sec: 23384 operations; 1847.39 current ops/sec; est completion in 2 hours 22 minutes [READ: Count=17121, Max=2562047, Min=3, Avg=95333.25, 90=301055, 99=880639, 99.9=1638399, 99.99=2455551] [READ-FAILED: Count=21, Max=197247, Min=2756, Avg=42656.24, 90=155391, 99=197247, 99.9=197247, 99.99=197247] 
2020-09-30 12:42:46:291 30 sec: 53666 operations; 3048.32 current ops/sec; est completion in 1 hour 32 minutes [READ: Count=30243, Max=19480575, Min=2, Avg=81616.35, 90=179199, 99=926207, 99.9=1793023, 99.99=15114239] [READ-FAILED: Count=38, Max=396031, Min=1905, Avg=31653.61, 90=44223, 99=396031, 99.9=396031, 99.99=396031] 
DBWrapper: report latency for each error is false and specific error codes to track for latency are: []
DBWrapper: report latency for each error is false and specific error codes to track for latency are: []
2020-09-30 12:42:56:291 40 sec: 110439 operations; 5677.3 current ops/sec; est completion in 59 minutes [READ: Count=56697, Max=833535, Min=2, Avg=45581.03, 90=103999, 99=614911, 99.9=724991, 99.99=793599] [READ-FAILED: Count=84, Max=560639, Min=2192, Avg=23370.46, 90=38815, 99=136831, 99.9=560639, 99.99=560639] 
2020-09-30 12:43:06:292 50 sec: 174303 operations; 6386.4 current ops/sec; est completion in 46 minutes [READ: Count=63793, Max=15114239, Min=2, Avg=40391.3, 90=86655, 99=581631, 99.9=681983, 99.99=741375] [READ-FAILED: Count=68, Max=41503, Min=2066, Avg=11367.63, 90=26127, 99=39551, 99.9=41503, 99.99=41503] 
2020-09-30 12:43:16:291 60 sec: 241217 operations; 6691.4 current ops/sec; est completion in 40 minutes [READ: Count=66826, Max=901119, Min=2, Avg=37917.62, 90=82815, 99=580607, 99.9=715263, 99.99=811007] [READ-FAILED: Count=82, Max=41887, Min=2062, Avg=9944.91, 90=18911, 99=37759, 99.9=41887, 99.99=41887] 
2020-09-30 12:43:26:293 70 sec: 309346 operations; 6812.22 current ops/sec; est completion in 36 minutes [READ: Count=68066, Max=702975, Min=2, Avg=38216.62, 90=82367, 99=566271, 99.9=642047, 99.99=684031] [READ-FAILED: Count=74, Max=85631, Min=2122, Avg=10661.42, 90=16151, 99=62335, 99.9=85631, 99.99=85631] 
2020-09-30 12:43:36:291 80 sec: 367282 operations; 5794.18 current ops/sec; est completion in 34 minutes [READ: Count=57829, Max=887807, Min=2, Avg=43872.39, 90=91903, 99=618495, 99.9=697855, 99.99=759295] [READ-FAILED: Count=96, Max=55871, Min=1831, Avg=10384.64, 90=21919, 99=46847, 99.9=55871, 99.99=55871] 
2020-09-30 12:43:46:291 90 sec: 432753 operations; 6547.1 current ops/sec; est completion in 33 minutes [READ: Count=65395, Max=783871, Min=2, Avg=38786.74, 90=84735, 99=575487, 99.9=678399, 99.99=708095] [READ-FAILED: Count=77, Max=443903, Min=1891, Avg=19217.01, 90=29455, 99=162943, 99.9=443903, 99.99=443903] 
2020-09-30 12:43:56:304 100 sec: 493116 operations; 6029.07 current ops/sec; est completion in 32 minutes [READ: Count=60304, Max=882687, Min=2, Avg=42897.24, 90=90303, 99=613887, 99.9=706047, 99.99=785407] [READ-FAILED: Count=69, Max=41535, Min=1708, Avg=9829.54, 90=21855, 99=40095, 99.9=41535, 99.99=41535] 
2020-09-30 12:44:06:291 110 sec: 551504 operations; 5845.81 current ops/sec; est completion in 31 minutes [READ: Count=58306, Max=760831, Min=2, Avg=43386.3, 90=96127, 99=581631, 99.9=660991, 99.99=715263] [READ-FAILED: Count=72, Max=78399, Min=2031, Avg=11226.68, 90=23583, 99=43039, 99.9=78399, 99.99=78399] 
2020-09-30 12:44:16:291 120 sec: 614048 operations; 6254.4 current ops/sec; est completion in 30 minutes [READ: Count=62483, Max=918015, Min=2, Avg=40959.22, 90=93951, 99=579583, 99.9=698367, 99.99=817151] [READ-FAILED: Count=69, Max=76927, Min=1736, Avg=10231.97, 90=17871, 99=39743, 99.9=76927, 99.99=76927] 
2020-09-30 12:44:26:292 130 sec: 670680 operations; 5663.2 current ops/sec; est completion in 30 minutes [READ: Count=56568, Max=1065983, Min=2, Avg=45372.17, 90=97023, 99=601087, 99.9=705023, 99.99=1004543] [READ-FAILED: Count=64, Max=105535, Min=2314, Avg=12969.67, 90=31583, 99=76799, 99.9=105535, 99.99=105535] 
2020-09-30 12:44:36:291 140 sec: 733569 operations; 6288.9 current ops/sec; est completion in 29 minutes [READ: Count=62808, Max=850943, Min=2, Avg=40887.95, 90=87231, 99=582143, 99.9=713215, 99.99=770559] [READ-FAILED: Count=79, Max=68095, Min=2045, Avg=11129.54, 90=25295, 99=42591, 99.9=68095, 99.99=68095] 
2020-09-30 12:44:46:291 150 sec: 791684 operations; 5811.5 current ops/sec; est completion in 29 minutes [READ: Count=58036, Max=924671, Min=2, Avg=43986.14, 90=88191, 99=610815, 99.9=744959, 99.99=895487] [READ-FAILED: Count=77, Max=164351, Min=2016, Avg=14165.29, 90=25263, 99=137087, 99.9=164351, 99.99=164351] 
2020-09-30 12:44:56:291 160 sec: 851772 operations; 6008.8 current ops/sec; est completion in 28 minutes [READ: Count=60028, Max=786431, Min=2, Avg=42222.24, 90=89855, 99=608255, 99.9=700927, 99.99=741375] [READ-FAILED: Count=64, Max=136319, Min=2502, Avg=16658.31, 90=29343, 99=129599, 99.9=136319, 99.99=136319] 
2020-09-30 12:45:06:291 170 sec: 910682 operations; 5891.59 current ops/sec; est completion in 28 minutes [READ: Count=58832, Max=854015, Min=2, Avg=44288.51, 90=92863, 99=603647, 99.9=732671, 99.99=818687] [READ-FAILED: Count=79, Max=66175, Min=1595, Avg=8734.39, 90=21695, 99=39039, 99.9=66175, 99.99=66175] 
2020-09-30 12:45:16:291 180 sec: 975114 operations; 6443.2 current ops/sec; est completion in 27 minutes [READ: Count=64324, Max=769023, Min=2, Avg=39406.08, 90=84287, 99=579071, 99.9=687103, 99.99=750591] [READ-FAILED: Count=98, Max=100159, Min=2174, Avg=11638.28, 90=22799, 99=67647, 99.9=100159, 99.99=100159] 
2020-09-30 12:45:26:293 190 sec: 1037299 operations; 6217.88 current ops/sec; est completion in 27 minutes [READ: Count=62105, Max=738815, Min=2, Avg=40498.15, 90=89215, 99=573439, 99.9=689663, 99.99=726527] [READ-FAILED: Count=83, Max=131967, Min=2254, Avg=13490.27, 90=22463, 99=79551, 99.9=131967, 99.99=131967] 
2020-09-30 12:45:36:291 200 sec: 1098186 operations; 6088.7 current ops/sec; est completion in 27 minutes [READ: Count=60797, Max=764415, Min=2, Avg=42621.89, 90=96191, 99=591871, 99.9=694271, 99.99=739327] [READ-FAILED: Count=88, Max=163199, Min=2066, Avg=14449.94, 90=33663, 99=97983, 99.9=163199, 99.99=163199] 
2020-09-30 12:45:46:292 210 sec: 1159374 operations; 6118.8 current ops/sec; est completion in 26 minutes [READ: Count=61127, Max=960511, Min=2, Avg=42343.02, 90=90175, 99=611327, 99.9=734719, 99.99=818175] [READ-FAILED: Count=71, Max=151423, Min=2262, Avg=15161.44, 90=36255, 99=79807, 99.9=151423, 99.99=151423] 
2020-09-30 12:45:56:291 220 sec: 1221614 operations; 6224.62 current ops/sec; est completion in 26 minutes [READ: Count=62179, Max=775167, Min=2, Avg=40521.21, 90=99391, 99=558079, 99.9=692223, 99.99=752127] [READ-FAILED: Count=53, Max=35967, Min=1884, Avg=9509.4, 90=16783, 99=26671, 99.9=35967, 99.99=35967] 
2020-09-30 12:46:06:291 230 sec: 1285253 operations; 6363.26 current ops/sec; est completion in 26 minutes [READ: Count=63556, Max=820223, Min=2, Avg=40928.69, 90=86975, 99=573951, 99.9=689663, 99.99=764415] [READ-FAILED: Count=81, Max=67327, Min=1886, Avg=10547.41, 90=21487, 99=40991, 99.9=67327, 99.99=67327] 
2020-09-30 12:46:16:291 240 sec: 1343452 operations; 5819.9 current ops/sec; est completion in 25 minutes [READ: Count=58120, Max=900607, Min=2, Avg=43340.44, 90=100927, 99=588287, 99.9=718335, 99.99=765439] [READ-FAILED: Count=82, Max=87231, Min=2156, Avg=10775.22, 90=23791, 99=33759, 99.9=87231, 99.99=87231] 
2020-09-30 12:46:26:291 250 sec: 1403328 operations; 5987.6 current ops/sec; est completion in 25 minutes [READ: Count=59794, Max=1105919, Min=2, Avg=42820.14, 90=87295, 99=587263, 99.9=708095, 99.99=964607] [READ-FAILED: Count=82, Max=219391, Min=2015, Avg=15876.33, 90=27407, 99=128895, 99.9=219391, 99.99=219391] 
2020-09-30 12:46:36:291 260 sec: 1466281 operations; 6295.3 current ops/sec; est completion in 25 minutes [READ: Count=62866, Max=801791, Min=2, Avg=40725.55, 90=99391, 99=562687, 99.9=724991, 99.99=783871] [READ-FAILED: Count=83, Max=197503, Min=1975, Avg=17321.72, 90=29823, 99=159999, 99.9=197503, 99.99=197503] 
2020-09-30 12:46:46:291 270 sec: 1520954 operations; 5467.3 current ops/sec; est completion in 25 minutes [READ: Count=54591, Max=862719, Min=2, Avg=46830, 90=102527, 99=612863, 99.9=717823, 99.99=831999] [READ-FAILED: Count=85, Max=107647, Min=1624, Avg=10993.18, 90=21759, 99=75455, 99.9=107647, 99.99=107647] 
2020-09-30 12:46:56:291 280 sec: 1584257 operations; 6330.3 current ops/sec; est completion in 24 minutes [READ: Count=63240, Max=1068031, Min=2, Avg=40757.33, 90=95615, 99=564735, 99.9=720383, 99.99=998399] [READ-FAILED: Count=67, Max=106239, Min=2348, Avg=11340.16, 90=16799, 99=59135, 99.9=106239, 99.99=106239] 
2020-09-30 12:47:06:291 290 sec: 1645123 operations; 6086.6 current ops/sec; est completion in 24 minutes [READ: Count=60779, Max=888831, Min=2, Avg=42431.53, 90=99519, 99=583679, 99.9=694271, 99.99=830975] [READ-FAILED: Count=81, Max=64543, Min=1692, Avg=10906.62, 90=20783, 99=58975, 99.9=64543, 99.99=64543] 
2020-09-30 12:47:16:291 300 sec: 1707951 operations; 6282.8 current ops/sec; est completion in 24 minutes [READ: Count=62754, Max=870399, Min=2, Avg=40814.4, 90=86399, 99=571391, 99.9=699903, 99.99=729087] [READ-FAILED: Count=73, Max=129855, Min=1887, Avg=11234.15, 90=19087, 99=101247, 99.9=129855, 99.99=129855] 
Maximum time elapsed. Requesting stop for the workload.
Stop requested for workload. Now Joining!
[36m12:47:17.127[m [[34;1mINFO[m] [1;34mp.u.t.s.y.Stats.clientFinished@38[m: 
Ended SconeKV benchmark.
Number of clients: 256
Total transactions: 340105
Committed: 340104 (99.99971%)
Aborted: 1 (2.9402683E-4%)
2020-09-30 12:47:17:129 300 sec: 1709905 operations; 2334.53 current ops/sec; est completion in 24 minutes [READ: Count=1949, Max=702975, Min=2, Avg=46744.04, 90=100351, 99=535551, 99.9=572415, 99.99=702975] [CLEANUP: Count=256, Max=1548, Min=2, Avg=10.98, 90=6, 99=26, 99.9=1548, 99.99=1548] [READ-FAILED: Count=5, Max=17247, Min=8784, Avg=12483.2, 90=17247, 99=17247, 99.9=17247, 99.99=17247] 
[OVERALL], RunTime(ms), 300824
[OVERALL], Throughput(ops/sec), 5684.071084753876
[TOTAL_GCS_G1_Young_Generation], Count, 151
[TOTAL_GC_TIME_G1_Young_Generation], Time(ms), 4094
[TOTAL_GC_TIME_%_G1_Young_Generation], Time(%), 1.3609286493098955
[TOTAL_GCS_G1_Old_Generation], Count, 0
[TOTAL_GC_TIME_G1_Old_Generation], Time(ms), 0
[TOTAL_GC_TIME_%_G1_Old_Generation], Time(%), 0.0
[TOTAL_GCs], Count, 151
[TOTAL_GC_TIME], Time(ms), 4094
[TOTAL_GC_TIME_%], Time(%), 1.3609286493098955
[READ], Operations, 1707754
[READ], AverageLatency(us), 43280.409118643554
[READ], MinLatency(us), 2
[READ], MaxLatency(us), 19480575
[READ], 95thPercentileLatency(us), 156287
[READ], 99thPercentileLatency(us), 590335
[READ], Return=OK, 1707754
[READ], Return=NOT_FOUND, 2151
[CLEANUP], Operations, 256
[CLEANUP], AverageLatency(us), 10.9765625
[CLEANUP], MinLatency(us), 2
[CLEANUP], MaxLatency(us), 1548
[CLEANUP], 95thPercentileLatency(us), 10
[CLEANUP], 99thPercentileLatency(us), 26
[READ-FAILED], Operations, 2151
[READ-FAILED], AverageLatency(us), 13518.115760111576
[READ-FAILED], MinLatency(us), 1595
[READ-FAILED], MaxLatency(us), 560639
[READ-FAILED], 95thPercentileLatency(us), 40095
[READ-FAILED], 99thPercentileLatency(us), 119295
