Command line: -t -db pt.ulisboa.tecnico.sconekv.ycsb.SconeKVClient -P workloadf -threads 128 -s -p scone.tx_size=5 -p operationcount=10000000 -p maxexecutiontime=300
YCSB Client 0.17.0

Loading workload...
Starting test.
WARNING: sun.reflect.Reflection.getCallerClass is not supported. This will impact performance.
2020-09-30 13:22:22:852 0 sec: 0 operations; est completion in 0 second 
Maximum execution time specified as: 300 secs
DBWrapper: report latency for each error is false and specific error codes to track for latency are: []
DBWrapper: report latency for each error is false and specific error codes to track for latency are: []
DBWrapper: report latency for each error is false and specific error codes to track for latency are: []
DBWrapper: report latency for each error is false and specific error codes to track for latency are: []
DBWrapper: report latency for each error is false and specific error codes to track for latency are: []
DBWrapper: report latency for each error is false and specific error codes to track for latency are: []
DBWrapper: report latency for each error is false and specific error codes to track for latency are: []
DBWrapper: report latency for each error is false and specific error codes to track for latency are: []
DBWrapper: report latency for each error is false and specific error codes to track for latency are: []
DBWrapper: report latency for each error is false and specific error codes to track for latency are: []
DBWrapper: report latency for each error is false and specific error codes to track for latency are: []
DBWrapper: report latency for each error is false and specific error codes to track for latency are: []
DBWrapper: report latency for each error is false and specific error codes to track for latency are: []
DBWrapper: report latency for each error is false and specific error codes to track for latency are: []
DBWrapper: report latency for each error is false and specific error codes to track for latency are: []
DBWrapper: report latency for each error is false and specific error codes to track for latency are: []
DBWrapper: report latency for each error is false and specific error codes to track for latency are: []
DBWrapper: report latency for each error is false and specific error codes to track for latency are: []
DBWrapper: report latency for each error is false and specific error codes to track for latency are: []
DBWrapper: report latency for each error is false and specific error codes to track for latency are: []
DBWrapper: report latency for each error is false and specific error codes to track for latency are: []
DBWrapper: report latency for each error is false and specific error codes to track for latency are: []
DBWrapper: report latency for each error is false and specific error codes to track for latency are: []
DBWrapper: report latency for each error is false and specific error codes to track for latency are: []
DBWrapper: report latency for each error is false and specific error codes to track for latency are: []
DBWrapper: report latency for each error is false and specific error codes to track for latency are: []
DBWrapper: report latency for each error is false and specific error codes to track for latency are: []
DBWrapper: report latency for each error is false and specific error codes to track for latency are: []
DBWrapper: report latency for each error is false and specific error codes to track for latency are: []
DBWrapper: report latency for each error is false and specific error codes to track for latency are: []
DBWrapper: report latency for each error is false and specific error codes to track for latency are: []
DBWrapper: report latency for each error is false and specific error codes to track for latency are: []
DBWrapper: report latency for each error is false and specific error codes to track for latency are: []
DBWrapper: report latency for each error is false and specific error codes to track for latency are: []
DBWrapper: report latency for each error is false and specific error codes to track for latency are: []
DBWrapper: report latency for each error is false and specific error codes to track for latency are: []
DBWrapper: report latency for each error is false and specific error codes to track for latency are: []
DBWrapper: report latency for each error is false and specific error codes to track for latency are: []
DBWrapper: report latency for each error is false and specific error codes to track for latency are: []
DBWrapper: report latency for each error is false and specific error codes to track for latency are: []
DBWrapper: report latency for each error is false and specific error codes to track for latency are: []
DBWrapper: report latency for each error is false and specific error codes to track for latency are: []
DBWrapper: report latency for each error is false and specific error codes to track for latency are: []
DBWrapper: report latency for each error is false and specific error codes to track for latency are: []
DBWrapper: report latency for each error is false and specific error codes to track for latency are: []
DBWrapper: report latency for each error is false and specific error codes to track for latency are: []
DBWrapper: report latency for each error is false and specific error codes to track for latency are: []
DBWrapper: report latency for each error is false and specific error codes to track for latency are: []
DBWrapper: report latency for each error is false and specific error codes to track for latency are: []
DBWrapper: report latency for each error is false and specific error codes to track for latency are: []
DBWrapper: report latency for each error is false and specific error codes to track for latency are: []
DBWrapper: report latency for each error is false and specific error codes to track for latency are: []
DBWrapper: report latency for each error is false and specific error codes to track for latency are: []
DBWrapper: report latency for each error is false and specific error codes to track for latency are: []
DBWrapper: report latency for each error is false and specific error codes to track for latency are: []
DBWrapper: report latency for each error is false and specific error codes to track for latency are: []
DBWrapper: report latency for each error is false and specific error codes to track for latency are: []
DBWrapper: report latency for each error is false and specific error codes to track for latency are: []
DBWrapper: report latency for each error is false and specific error codes to track for latency are: []
DBWrapper: report latency for each error is false and specific error codes to track for latency are: []
DBWrapper: report latency for each error is false and specific error codes to track for latency are: []
DBWrapper: report latency for each error is false and specific error codes to track for latency are: []
DBWrapper: report latency for each error is false and specific error codes to track for latency are: []
DBWrapper: report latency for each error is false and specific error codes to track for latency are: []
DBWrapper: report latency for each error is false and specific error codes to track for latency are: []
DBWrapper: report latency for each error is false and specific error codes to track for latency are: []
DBWrapper: report latency for each error is false and specific error codes to track for latency are: []
DBWrapper: report latency for each error is false and specific error codes to track for latency are: []
DBWrapper: report latency for each error is false and specific error codes to track for latency are: []
DBWrapper: report latency for each error is false and specific error codes to track for latency are: []
DBWrapper: report latency for each error is false and specific error codes to track for latency are: []
DBWrapper: report latency for each error is false and specific error codes to track for latency are: []
DBWrapper: report latency for each error is false and specific error codes to track for latency are: []
DBWrapper: report latency for each error is false and specific error codes to track for latency are: []
DBWrapper: report latency for each error is false and specific error codes to track for latency are: []
DBWrapper: report latency for each error is false and specific error codes to track for latency are: []
DBWrapper: report latency for each error is false and specific error codes to track for latency are: []
DBWrapper: report latency for each error is false and specific error codes to track for latency are: []
DBWrapper: report latency for each error is false and specific error codes to track for latency are: []
DBWrapper: report latency for each error is false and specific error codes to track for latency are: []
DBWrapper: report latency for each error is false and specific error codes to track for latency are: []
DBWrapper: report latency for each error is false and specific error codes to track for latency are: []
DBWrapper: report latency for each error is false and specific error codes to track for latency are: []
DBWrapper: report latency for each error is false and specific error codes to track for latency are: []
DBWrapper: report latency for each error is false and specific error codes to track for latency are: []
DBWrapper: report latency for each error is false and specific error codes to track for latency are: []
DBWrapper: report latency for each error is false and specific error codes to track for latency are: []
DBWrapper: report latency for each error is false and specific error codes to track for latency are: []
DBWrapper: report latency for each error is false and specific error codes to track for latency are: []
DBWrapper: report latency for each error is false and specific error codes to track for latency are: []
DBWrapper: report latency for each error is false and specific error codes to track for latency are: []
DBWrapper: report latency for each error is false and specific error codes to track for latency are: []
DBWrapper: report latency for each error is false and specific error codes to track for latency are: []
DBWrapper: report latency for each error is false and specific error codes to track for latency are: []
DBWrapper: report latency for each error is false and specific error codes to track for latency are: []
DBWrapper: report latency for each error is false and specific error codes to track for latency are: []
DBWrapper: report latency for each error is false and specific error codes to track for latency are: []
DBWrapper: report latency for each error is false and specific error codes to track for latency are: []
DBWrapper: report latency for each error is false and specific error codes to track for latency are: []
DBWrapper: report latency for each error is false and specific error codes to track for latency are: []
DBWrapper: report latency for each error is false and specific error codes to track for latency are: []
2020-09-30 13:22:32:843 10 sec: 8653 operations; 865.21 current ops/sec; est completion in 3 hours 12 minutes [READ: Count=8658, Max=1063935, Min=1, Avg=51708.06, 90=131583, 99=428543, 99.9=800767, 99.99=888319] [READ-MODIFY-WRITE: Count=4474, Max=1412095, Min=7, Avg=59165.99, 90=148607, 99=516095, 99.9=882687, 99.99=1412095] [UPDATE: Count=4576, Max=253055, Min=2, Avg=6306.53, 90=15743, 99=101695, 99.9=185343, 99.99=253055] [READ-FAILED: Count=4, Max=47647, Min=4844, Avg=28013.5, 90=47647, 99=47647, 99.9=47647, 99.99=47647] 
DBWrapper: report latency for each error is false and specific error codes to track for latency are: []
DBWrapper: report latency for each error is false and specific error codes to track for latency are: []
DBWrapper: report latency for each error is false and specific error codes to track for latency are: []
DBWrapper: report latency for each error is false and specific error codes to track for latency are: []
DBWrapper: report latency for each error is false and specific error codes to track for latency are: []
DBWrapper: report latency for each error is false and specific error codes to track for latency are: []
DBWrapper: report latency for each error is false and specific error codes to track for latency are: []
DBWrapper: report latency for each error is false and specific error codes to track for latency are: []
DBWrapper: report latency for each error is false and specific error codes to track for latency are: []
DBWrapper: report latency for each error is false and specific error codes to track for latency are: []
DBWrapper: report latency for each error is false and specific error codes to track for latency are: []
DBWrapper: report latency for each error is false and specific error codes to track for latency are: []
DBWrapper: report latency for each error is false and specific error codes to track for latency are: []
DBWrapper: report latency for each error is false and specific error codes to track for latency are: []
DBWrapper: report latency for each error is false and specific error codes to track for latency are: []
DBWrapper: report latency for each error is false and specific error codes to track for latency are: []
DBWrapper: report latency for each error is false and specific error codes to track for latency are: []
DBWrapper: report latency for each error is false and specific error codes to track for latency are: []
DBWrapper: report latency for each error is false and specific error codes to track for latency are: []
DBWrapper: report latency for each error is false and specific error codes to track for latency are: []
DBWrapper: report latency for each error is false and specific error codes to track for latency are: []
DBWrapper: report latency for each error is false and specific error codes to track for latency are: []
DBWrapper: report latency for each error is false and specific error codes to track for latency are: []
2020-09-30 13:22:42:842 20 sec: 32488 operations; 2383.74 current ops/sec; est completion in 1 hour 42 minutes [READ: Count=23829, Max=1191935, Min=0, Avg=43348.46, 90=89791, 99=551935, 99.9=773119, 99.99=1057791] [READ-MODIFY-WRITE: Count=11955, Max=1076223, Min=3, Avg=46987.19, 90=101631, 99=565247, 99.9=822271, 99.99=1055743] [UPDATE: Count=11881, Max=507903, Min=1, Avg=3645.89, 90=8487, 99=66879, 99.9=171263, 99.99=478975] [READ-FAILED: Count=9, Max=18751, Min=3766, Avg=8271, 90=12359, 99=18751, 99.9=18751, 99.99=18751] 
2020-09-30 13:22:52:842 30 sec: 64992 operations; 3250.4 current ops/sec; est completion in 1 hour 16 minutes [READ: Count=32481, Max=1653759, Min=0, Avg=36804.79, 90=73535, 99=548351, 99.9=1277951, 99.99=1582079] [READ-MODIFY-WRITE: Count=16205, Max=1634303, Min=3, Avg=37941.58, 90=81151, 99=553983, 99.9=1112063, 99.99=1488895] [UPDATE: Count=16209, Max=400383, Min=1, Avg=1771.54, 90=3949, 99=30047, 99.9=83647, 99.99=363775] [READ-FAILED: Count=21, Max=60735, Min=1736, Avg=7582.67, 90=9383, 99=60735, 99.9=60735, 99.99=60735] 
DBWrapper: report latency for each error is false and specific error codes to track for latency are: []
DBWrapper: report latency for each error is false and specific error codes to track for latency are: []
DBWrapper: report latency for each error is false and specific error codes to track for latency are: []
DBWrapper: report latency for each error is false and specific error codes to track for latency are: []
2020-09-30 13:23:02:842 40 sec: 104340 operations; 3934.41 current ops/sec; est completion in 1 hour 3 minutes [READ: Count=39316, Max=1833983, Min=0, Avg=31747.88, 90=61503, 99=539647, 99.9=1245183, 99.99=1780735] [READ-MODIFY-WRITE: Count=19547, Max=1797119, Min=2, Avg=33110.24, 90=67007, 99=545279, 99.9=1261567, 99.99=1785855] [UPDATE: Count=19519, Max=164863, Min=0, Avg=1493.65, 90=4471, 99=19823, 99.9=71679, 99.99=143999] [READ-FAILED: Count=23, Max=14791, Min=1745, Avg=5541.22, 90=10607, 99=14791, 99.9=14791, 99.99=14791] 
2020-09-30 13:23:12:842 50 sec: 141265 operations; 3692.87 current ops/sec; est completion in 58 minutes [READ: Count=36910, Max=2021375, Min=0, Avg=33645.26, 90=58559, 99=562687, 99.9=976383, 99.99=1566719] [READ-MODIFY-WRITE: Count=18521, Max=1501183, Min=2, Avg=34771.29, 90=66239, 99=568319, 99.9=923647, 99.99=1382399] [UPDATE: Count=18521, Max=565759, Min=0, Avg=1429.07, 90=4407, 99=16927, 99.9=90175, 99.99=115071] [READ-FAILED: Count=18, Max=25663, Min=1815, Avg=6895.44, 90=18175, 99=25663, 99.9=25663, 99.99=25663] 
2020-09-30 13:23:22:842 60 sec: 176443 operations; 3517.8 current ops/sec; est completion in 55 minutes [READ: Count=35163, Max=1765375, Min=0, Avg=35859.27, 90=68415, 99=556543, 99.9=957439, 99.99=1196031] [READ-MODIFY-WRITE: Count=17609, Max=1769471, Min=2, Avg=37690.61, 90=76415, 99=563711, 99.9=962559, 99.99=1513471] [UPDATE: Count=17614, Max=491775, Min=0, Avg=1737.38, 90=4323, 99=26047, 99.9=95167, 99.99=436735] [READ-FAILED: Count=11, Max=59935, Min=2378, Avg=11733, 90=20287, 99=59935, 99.9=59935, 99.99=59935] 
2020-09-30 13:23:32:842 70 sec: 215171 operations; 3872.8 current ops/sec; est completion in 53 minutes [READ: Count=38707, Max=1588223, Min=0, Avg=32564.97, 90=56767, 99=547327, 99.9=795647, 99.99=1082367] [READ-MODIFY-WRITE: Count=19234, Max=1177599, Min=2, Avg=34258.88, 90=64895, 99=552959, 99.9=799231, 99.99=1081343] [UPDATE: Count=19237, Max=620031, Min=0, Avg=1399, 90=4239, 99=16927, 99.9=77695, 99.99=117439] [READ-FAILED: Count=28, Max=45087, Min=2212, Avg=7141.25, 90=9359, 99=45087, 99.9=45087, 99.99=45087] 
2020-09-30 13:23:42:842 80 sec: 248625 operations; 3345.4 current ops/sec; est completion in 52 minutes [READ: Count=33434, Max=1862655, Min=0, Avg=37323.01, 90=66559, 99=561151, 99.9=1269759, 99.99=1844223] [READ-MODIFY-WRITE: Count=16587, Max=1926143, Min=2, Avg=38213.88, 90=72319, 99=567807, 99.9=1266687, 99.99=1852415] [UPDATE: Count=16616, Max=202751, Min=0, Avg=1307.21, 90=3981, 99=16927, 99.9=51679, 99.99=119359] [READ-FAILED: Count=18, Max=18879, Min=2336, Avg=5673.5, 90=13055, 99=18879, 99.9=18879, 99.99=18879] 
2020-09-30 13:23:52:842 90 sec: 286693 operations; 3806.8 current ops/sec; est completion in 50 minutes [READ: Count=38043, Max=1220607, Min=0, Avg=32812.44, 90=60927, 99=549887, 99.9=905215, 99.99=1138687] [READ-MODIFY-WRITE: Count=19068, Max=1174527, Min=2, Avg=35331.46, 90=68479, 99=563199, 99.9=898047, 99.99=1112063] [UPDATE: Count=19029, Max=619519, Min=0, Avg=1563.54, 90=4319, 99=21439, 99.9=89023, 99.99=167423] [READ-FAILED: Count=23, Max=20655, Min=1925, Avg=5955.26, 90=15791, 99=20655, 99.9=20655, 99.99=20655] 
2020-09-30 13:24:02:842 100 sec: 314689 operations; 2799.6 current ops/sec; est completion in 51 minutes [READ: Count=27987, Max=2443263, Min=0, Avg=44422.98, 90=79039, 99=644095, 99.9=1724415, 99.99=2381823] [READ-MODIFY-WRITE: Count=14034, Max=2387967, Min=2, Avg=46365.91, 90=87167, 99=655359, 99.9=1666047, 99.99=2377727] [UPDATE: Count=14041, Max=567295, Min=0, Avg=1367.84, 90=3581, 99=18303, 99.9=80447, 99.99=219647] [READ-FAILED: Count=9, Max=7335, Min=2156, Avg=4742.78, 90=6807, 99=7335, 99.9=7335, 99.99=7335] 
2020-09-30 13:24:12:842 110 sec: 352063 operations; 3737.4 current ops/sec; est completion in 50 minutes [READ: Count=37351, Max=1424383, Min=0, Avg=33556.28, 90=62431, 99=556031, 99.9=1005055, 99.99=1268735] [READ-MODIFY-WRITE: Count=18637, Max=1428479, Min=2, Avg=34896.15, 90=69695, 99=561663, 99.9=1001983, 99.99=1291263] [UPDATE: Count=18632, Max=327679, Min=0, Avg=1624.39, 90=4459, 99=21903, 99.9=86655, 99.99=192767] [READ-FAILED: Count=22, Max=36767, Min=2060, Avg=7444.23, 90=13719, 99=36767, 99.9=36767, 99.99=36767] 
2020-09-30 13:24:22:842 120 sec: 387499 operations; 3543.6 current ops/sec; est completion in 49 minutes [READ: Count=35412, Max=1886207, Min=0, Avg=35228.77, 90=64351, 99=565759, 99.9=1085439, 99.99=1754111] [READ-MODIFY-WRITE: Count=17658, Max=1893375, Min=3, Avg=36999.39, 90=70399, 99=578047, 99.9=1131519, 99.99=1714175] [UPDATE: Count=17661, Max=184191, Min=1, Avg=1329.54, 90=3987, 99=17359, 99.9=67199, 99.99=177791] [READ-FAILED: Count=22, Max=21263, Min=2072, Avg=5328.5, 90=10887, 99=21263, 99.9=21263, 99.99=21263] 
2020-09-30 13:24:32:842 130 sec: 425359 operations; 3785.62 current ops/sec; est completion in 48 minutes [READ: Count=37853, Max=1698815, Min=0, Avg=33553.43, 90=68543, 99=539647, 99.9=1090559, 99.99=1373183] [READ-MODIFY-WRITE: Count=19027, Max=1376255, Min=2, Avg=34679.39, 90=75839, 99=546303, 99.9=1074175, 99.99=1372159] [UPDATE: Count=19024, Max=313855, Min=0, Avg=1713.69, 90=4267, 99=26831, 99.9=95423, 99.99=234239] [READ-FAILED: Count=16, Max=33695, Min=1860, Avg=6133.88, 90=7703, 99=33695, 99.9=33695, 99.99=33695] 
2020-09-30 13:24:42:842 140 sec: 460971 operations; 3561.56 current ops/sec; est completion in 48 minutes [READ: Count=35599, Max=2119679, Min=0, Avg=35547.98, 90=65183, 99=561663, 99.9=1028607, 99.99=1563647] [READ-MODIFY-WRITE: Count=17881, Max=2123775, Min=3, Avg=36909.33, 90=72703, 99=566783, 99.9=1038847, 99.99=1573887] [UPDATE: Count=17888, Max=593407, Min=1, Avg=1513.21, 90=4103, 99=19951, 99.9=85567, 99.99=132735] [READ-FAILED: Count=11, Max=14591, Min=1840, Avg=4883.91, 90=12287, 99=14591, 99.9=14591, 99.99=14591] 
2020-09-30 13:24:52:842 150 sec: 496938 operations; 3596.7 current ops/sec; est completion in 47 minutes [READ: Count=35957, Max=1470463, Min=0, Avg=33971.94, 90=68863, 99=545279, 99.9=1236991, 99.99=1416191] [READ-MODIFY-WRITE: Count=17897, Max=1418239, Min=2, Avg=35433.41, 90=77119, 99=552447, 99.9=1184767, 99.99=1409023] [UPDATE: Count=17888, Max=215679, Min=1, Avg=1852.3, 90=4303, 99=30943, 99.9=99839, 99.99=205567] [READ-FAILED: Count=7, Max=57791, Min=2400, Avg=15960, 90=25487, 99=57791, 99.9=57791, 99.99=57791] 
2020-09-30 13:25:02:842 160 sec: 530562 operations; 3362.4 current ops/sec; est completion in 47 minutes [READ: Count=33603, Max=1411071, Min=0, Avg=37545.51, 90=65983, 99=587263, 99.9=1035263, 99.99=1375231] [READ-MODIFY-WRITE: Count=16864, Max=1421311, Min=2, Avg=38869.5, 90=72127, 99=591871, 99.9=1044479, 99.99=1314815] [UPDATE: Count=16873, Max=474367, Min=0, Avg=1630.05, 90=4011, 99=19343, 99.9=90687, 99.99=469759] [READ-FAILED: Count=19, Max=8719, Min=2228, Avg=3953.68, 90=5487, 99=8719, 99.9=8719, 99.99=8719] 
2020-09-30 13:25:12:842 170 sec: 564163 operations; 3360.1 current ops/sec; est completion in 47 minutes [READ: Count=33602, Max=1364991, Min=0, Avg=37452.99, 90=70591, 99=553471, 99.9=1025535, 99.99=1264639] [READ-MODIFY-WRITE: Count=16731, Max=1340415, Min=2, Avg=39629.93, 90=79295, 99=564223, 99.9=1065983, 99.99=1268735] [UPDATE: Count=16730, Max=534527, Min=0, Avg=1835.52, 90=4131, 99=26735, 99.9=128639, 99.99=495615] [READ-FAILED: Count=11, Max=15015, Min=2078, Avg=5221.82, 90=6835, 99=15015, 99.9=15015, 99.99=15015] 
2020-09-30 13:25:22:842 180 sec: 596889 operations; 3272.27 current ops/sec; est completion in 47 minutes [READ: Count=32704, Max=1658879, Min=0, Avg=37795.6, 90=73919, 99=565759, 99.9=1177599, 99.99=1638399] [READ-MODIFY-WRITE: Count=16227, Max=1644543, Min=2, Avg=39425.48, 90=80319, 99=568319, 99.9=1302527, 99.99=1546239] [UPDATE: Count=16229, Max=510463, Min=0, Avg=1762.89, 90=3817, 99=21567, 99.9=141183, 99.99=502527] [READ-FAILED: Count=15, Max=16103, Min=2242, Avg=4557.27, 90=8887, 99=16103, 99.9=16103, 99.99=16103] 
2020-09-30 13:25:32:842 190 sec: 634172 operations; 3728.67 current ops/sec; est completion in 46 minutes [READ: Count=37262, Max=1462271, Min=0, Avg=33282.07, 90=63519, 99=544767, 99.9=1021439, 99.99=1296383] [READ-MODIFY-WRITE: Count=18685, Max=1465343, Min=2, Avg=34578.51, 90=71615, 99=547327, 99.9=1026559, 99.99=1248255] [UPDATE: Count=18680, Max=364543, Min=0, Avg=1912.15, 90=4635, 99=31503, 99.9=101631, 99.99=205567] [READ-FAILED: Count=16, Max=21919, Min=2376, Avg=4815.31, 90=7291, 99=21919, 99.9=21919, 99.99=21919] 
2020-09-30 13:25:42:842 200 sec: 665789 operations; 3161.7 current ops/sec; est completion in 46 minutes [READ: Count=31611, Max=1732607, Min=0, Avg=40402.4, 90=74047, 99=578559, 99.9=1273855, 99.99=1620991] [READ-MODIFY-WRITE: Count=15837, Max=1625087, Min=3, Avg=40991.44, 90=81727, 99=580095, 99.9=1212415, 99.99=1571839] [UPDATE: Count=15842, Max=540671, Min=0, Avg=1412.08, 90=3725, 99=20191, 99.9=77695, 99.99=150015] [READ-FAILED: Count=11, Max=9455, Min=2058, Avg=3898.45, 90=5247, 99=9455, 99.9=9455, 99.99=9455] 
2020-09-30 13:25:52:842 210 sec: 701176 operations; 3538.35 current ops/sec; est completion in 46 minutes [READ: Count=35372, Max=1642495, Min=0, Avg=34988.94, 90=60351, 99=561151, 99.9=1080319, 99.99=1580031] [READ-MODIFY-WRITE: Count=17734, Max=1645567, Min=2, Avg=36821.18, 90=65247, 99=573951, 99.9=1149951, 99.99=1485823] [UPDATE: Count=17732, Max=476159, Min=0, Avg=1425.43, 90=3977, 99=15783, 99.9=84159, 99.99=384255] [READ-FAILED: Count=12, Max=7455, Min=2042, Avg=4183.75, 90=5827, 99=7455, 99.9=7455, 99.99=7455] 
2020-09-30 13:26:02:842 220 sec: 737985 operations; 3681.27 current ops/sec; est completion in 46 minutes [READ: Count=36790, Max=1429503, Min=0, Avg=34155.88, 90=61503, 99=549375, 99.9=933887, 99.99=1134591] [READ-MODIFY-WRITE: Count=18438, Max=1142783, Min=1, Avg=35512.54, 90=68735, 99=552447, 99.9=883711, 99.99=1090559] [UPDATE: Count=18437, Max=237055, Min=0, Avg=1493.73, 90=4235, 99=20879, 99.9=67199, 99.99=169727] [READ-FAILED: Count=20, Max=17935, Min=2166, Avg=4996.5, 90=7603, 99=17935, 99.9=17935, 99.99=17935] 
2020-09-30 13:26:12:842 230 sec: 773105 operations; 3512 current ops/sec; est completion in 45 minutes [READ: Count=35115, Max=1585151, Min=0, Avg=35887.97, 90=67711, 99=558079, 99.9=1081343, 99.99=1495039] [READ-MODIFY-WRITE: Count=17674, Max=1516543, Min=2, Avg=38039.29, 90=76095, 99=566271, 99.9=1093631, 99.99=1481727] [UPDATE: Count=17681, Max=506111, Min=0, Avg=1731.65, 90=4311, 99=21055, 99.9=112575, 99.99=500735] [READ-FAILED: Count=12, Max=34623, Min=1671, Avg=6776.83, 90=15359, 99=34623, 99.9=34623, 99.99=34623] 
2020-09-30 13:26:22:842 240 sec: 813363 operations; 4025.8 current ops/sec; est completion in 45 minutes [READ: Count=40243, Max=1146879, Min=0, Avg=30981.41, 90=59647, 99=535039, 99.9=834559, 99.99=1046015] [READ-MODIFY-WRITE: Count=20108, Max=1088511, Min=2, Avg=32186.71, 90=66623, 99=537599, 99.9=852479, 99.99=976895] [UPDATE: Count=20106, Max=182655, Min=0, Avg=1564.92, 90=4551, 99=20479, 99.9=79743, 99.99=164863] [READ-FAILED: Count=14, Max=18223, Min=1872, Avg=6051.93, 90=13103, 99=18223, 99.9=18223, 99.99=18223] 
2020-09-30 13:26:32:842 250 sec: 848069 operations; 3470.6 current ops/sec; est completion in 44 minutes [READ: Count=34688, Max=1412095, Min=0, Avg=35793.76, 90=77055, 99=557055, 99.9=973311, 99.99=1238015] [READ-MODIFY-WRITE: Count=17381, Max=1293311, Min=2, Avg=36780.12, 90=83839, 99=562175, 99.9=950783, 99.99=1217535] [UPDATE: Count=17382, Max=578559, Min=0, Avg=2146.55, 90=5111, 99=34527, 99.9=107775, 99.99=198783] [READ-FAILED: Count=13, Max=184575, Min=1906, Avg=26887.38, 90=48127, 99=184575, 99.9=184575, 99.99=184575] 
2020-09-30 13:26:42:842 260 sec: 877766 operations; 2969.7 current ops/sec; est completion in 45 minutes [READ: Count=29682, Max=1673215, Min=0, Avg=41045.86, 90=77823, 99=584191, 99.9=1136639, 99.99=1534975] [READ-MODIFY-WRITE: Count=14906, Max=1533951, Min=2, Avg=41929.3, 90=86207, 99=587263, 99.9=1094655, 99.99=1451007] [UPDATE: Count=14897, Max=148735, Min=0, Avg=1414.87, 90=3843, 99=20607, 99.9=72191, 99.99=133247] [READ-FAILED: Count=10, Max=23951, Min=1478, Avg=6814.1, 90=15799, 99=23951, 99.9=23951, 99.99=23951] 
2020-09-30 13:26:52:842 270 sec: 912036 operations; 3427 current ops/sec; est completion in 44 minutes [READ: Count=34259, Max=1629183, Min=0, Avg=37445.26, 90=68095, 99=582143, 99.9=1180671, 99.99=1517567] [READ-MODIFY-WRITE: Count=17153, Max=1632255, Min=3, Avg=39185.29, 90=73855, 99=595967, 99.9=1153023, 99.99=1521663] [UPDATE: Count=17155, Max=141823, Min=1, Avg=1327.15, 90=3845, 99=17519, 99.9=61663, 99.99=129791] [READ-FAILED: Count=11, Max=7927, Min=2578, Avg=5158.91, 90=7011, 99=7927, 99.9=7927, 99.99=7927] 
2020-09-30 13:27:02:842 280 sec: 949093 operations; 3705.7 current ops/sec; est completion in 44 minutes [READ: Count=37045, Max=1818623, Min=0, Avg=34096.6, 90=62591, 99=553983, 99.9=1119231, 99.99=1762303] [READ-MODIFY-WRITE: Count=18638, Max=1826815, Min=2, Avg=35064.34, 90=69951, 99=560639, 99.9=1089535, 99.99=1768447] [UPDATE: Count=18640, Max=552447, Min=0, Avg=1563.23, 90=4463, 99=19471, 99.9=99263, 99.99=180223] [READ-FAILED: Count=15, Max=31135, Min=2210, Avg=6621.27, 90=12223, 99=31135, 99.9=31135, 99.99=31135] 
2020-09-30 13:27:12:842 290 sec: 983189 operations; 3409.6 current ops/sec; est completion in 44 minutes [READ: Count=34083, Max=1560575, Min=0, Avg=36624.71, 90=70143, 99=565247, 99.9=1046527, 99.99=1449983] [READ-MODIFY-WRITE: Count=17099, Max=1453055, Min=2, Avg=37551.4, 90=78399, 99=567295, 99.9=1010687, 99.99=1328127] [UPDATE: Count=17098, Max=242175, Min=0, Avg=1746.07, 90=4191, 99=24927, 99.9=129791, 99.99=216191] [READ-FAILED: Count=11, Max=12431, Min=2208, Avg=5313.64, 90=8439, 99=12431, 99.9=12431, 99.99=12431] 
2020-09-30 13:27:22:842 300 sec: 1022090 operations; 3890.1 current ops/sec; est completion in 43 minutes [READ: Count=38890, Max=1430527, Min=0, Avg=32062.2, 90=60447, 99=544767, 99.9=990207, 99.99=1274879] [READ-MODIFY-WRITE: Count=19303, Max=1383423, Min=2, Avg=33880.66, 90=67903, 99=552447, 99.9=1011711, 99.99=1204223] [UPDATE: Count=19297, Max=569343, Min=0, Avg=1475.73, 90=4511, 99=18079, 99.9=59391, 99.99=121983] [READ-FAILED: Count=12, Max=54751, Min=2692, Avg=10364, 90=12007, 99=54751, 99.9=54751, 99.99=54751] 
Maximum time elapsed. Requesting stop for the workload.
Stop requested for workload. Now Joining!
[36m13:27:23.476[m [[34;1mINFO[m] [1;34mp.u.t.s.y.Stats.clientFinished@38[m: 
Ended SconeKV benchmark.
Number of clients: 128
Total transactions: 225957
Committed: 151812 (67.18623%)
Aborted: 74145 (32.813766%)
2020-09-30 13:27:23:478 300 sec: 1022559 operations; 736.26 current ops/sec; est completion in 44 minutes [READ: Count=466, Max=927231, Min=1660, Avg=167810.44, 90=614399, 99=859647, 99.9=927231, 99.99=927231] [READ-MODIFY-WRITE: Count=237, Max=927231, Min=1666, Avg=191861.11, 90=631807, 99=905727, 99.9=927231, 99.99=927231] [CLEANUP: Count=128, Max=1548, Min=2, Avg=15.59, 90=4, 99=22, 99.9=1548, 99.99=1548] [UPDATE: Count=234, Max=88063, Min=2, Avg=4338.44, 90=10199, 99=66047, 99.9=88063, 99.99=88063] [READ-FAILED: Count=0, Max=0, Min=9223372036854775807, Avg=NaN, 90=0, 99=0, 99.9=0, 99.99=0] 
[OVERALL], RunTime(ms), 300635
[OVERALL], Throughput(ops/sec), 3401.3305170721974
[TOTAL_GCS_G1_Young_Generation], Count, 140
[TOTAL_GC_TIME_G1_Young_Generation], Time(ms), 2221
[TOTAL_GC_TIME_%_G1_Young_Generation], Time(%), 0.7387696043374856
[TOTAL_GCS_G1_Old_Generation], Count, 0
[TOTAL_GC_TIME_G1_Old_Generation], Time(ms), 0
[TOTAL_GC_TIME_%_G1_Old_Generation], Time(%), 0.0
[TOTAL_GCs], Count, 140
[TOTAL_GC_TIME], Time(ms), 2221
[TOTAL_GC_TIME_%], Time(%), 0.7387696043374856
[READ], Operations, 1022115
[READ], AverageLatency(us), 35748.36359802957
[READ], MinLatency(us), 0
[READ], MaxLatency(us), 2443263
[READ], 95thPercentileLatency(us), 143615
[READ], 99thPercentileLatency(us), 558079
[READ], Return=OK, 1022115
[READ], Return=NOT_FOUND, 444
[READ-MODIFY-WRITE], Operations, 511349
[READ-MODIFY-WRITE], AverageLatency(us), 37319.740490350036
[READ-MODIFY-WRITE], MinLatency(us), 1
[READ-MODIFY-WRITE], MaxLatency(us), 2387967
[READ-MODIFY-WRITE], 95thPercentileLatency(us), 153983
[READ-MODIFY-WRITE], 99thPercentileLatency(us), 565247
[CLEANUP], Operations, 128
[CLEANUP], AverageLatency(us), 15.59375
[CLEANUP], MinLatency(us), 2
[CLEANUP], MaxLatency(us), 1548
[CLEANUP], 95thPercentileLatency(us), 8
[CLEANUP], 99thPercentileLatency(us), 22
[UPDATE], Operations, 511349
[UPDATE], AverageLatency(us), 1683.206481287731
[UPDATE], MinLatency(us), 0
[UPDATE], MaxLatency(us), 620031
[UPDATE], 95thPercentileLatency(us), 7299
[UPDATE], 99thPercentileLatency(us), 23967
[UPDATE], Return=OK, 511349
[READ-FAILED], Operations, 444
[READ-FAILED], AverageLatency(us), 7086.193693693694
[READ-FAILED], MinLatency(us), 1478
[READ-FAILED], MaxLatency(us), 184575
[READ-FAILED], 95thPercentileLatency(us), 20655
[READ-FAILED], 99thPercentileLatency(us), 54751
