Command line: -t -db pt.ulisboa.tecnico.sconekv.ycsb.SconeKVClient -P workloadf -threads 32 -s -p scone.tx_size=5 -p operationcount=10000000 -p maxexecutiontime=300
YCSB Client 0.17.0

Loading workload...
Starting test.
WARNING: sun.reflect.Reflection.getCallerClass is not supported. This will impact performance.
Maximum execution time specified as: 300 secs
2020-09-30 13:08:26:403 0 sec: 0 operations; est completion in 0 second 
DBWrapper: report latency for each error is false and specific error codes to track for latency are: []
DBWrapper: report latency for each error is false and specific error codes to track for latency are: []
DBWrapper: report latency for each error is false and specific error codes to track for latency are: []
DBWrapper: report latency for each error is false and specific error codes to track for latency are: []
DBWrapper: report latency for each error is false and specific error codes to track for latency are: []
DBWrapper: report latency for each error is false and specific error codes to track for latency are: []
DBWrapper: report latency for each error is false and specific error codes to track for latency are: []
DBWrapper: report latency for each error is false and specific error codes to track for latency are: []
DBWrapper: report latency for each error is false and specific error codes to track for latency are: []
DBWrapper: report latency for each error is false and specific error codes to track for latency are: []
DBWrapper: report latency for each error is false and specific error codes to track for latency are: []
DBWrapper: report latency for each error is false and specific error codes to track for latency are: []
DBWrapper: report latency for each error is false and specific error codes to track for latency are: []
DBWrapper: report latency for each error is false and specific error codes to track for latency are: []
DBWrapper: report latency for each error is false and specific error codes to track for latency are: []
DBWrapper: report latency for each error is false and specific error codes to track for latency are: []
DBWrapper: report latency for each error is false and specific error codes to track for latency are: []
DBWrapper: report latency for each error is false and specific error codes to track for latency are: []
DBWrapper: report latency for each error is false and specific error codes to track for latency are: []
DBWrapper: report latency for each error is false and specific error codes to track for latency are: []
DBWrapper: report latency for each error is false and specific error codes to track for latency are: []
DBWrapper: report latency for each error is false and specific error codes to track for latency are: []
DBWrapper: report latency for each error is false and specific error codes to track for latency are: []
DBWrapper: report latency for each error is false and specific error codes to track for latency are: []
DBWrapper: report latency for each error is false and specific error codes to track for latency are: []
DBWrapper: report latency for each error is false and specific error codes to track for latency are: []
DBWrapper: report latency for each error is false and specific error codes to track for latency are: []
DBWrapper: report latency for each error is false and specific error codes to track for latency are: []
DBWrapper: report latency for each error is false and specific error codes to track for latency are: []
DBWrapper: report latency for each error is false and specific error codes to track for latency are: []
DBWrapper: report latency for each error is false and specific error codes to track for latency are: []
DBWrapper: report latency for each error is false and specific error codes to track for latency are: []
2020-09-30 13:08:36:403 10 sec: 15094 operations; 1509.25 current ops/sec; est completion in 1 hour 50 minutes [READ: Count=15098, Max=560639, Min=1, Avg=16279.23, 90=26959, 99=364799, 99.9=543231, 99.99=559103] [READ-MODIFY-WRITE: Count=7554, Max=570367, Min=5, Avg=17149.75, 90=31727, 99=343807, 99.9=546815, 99.99=558079] [UPDATE: Count=7559, Max=75007, Min=1, Avg=1210.08, 90=3705, 99=16479, 99.9=50047, 99.99=65663] [READ-FAILED: Count=14, Max=17631, Min=2856, Avg=6898.5, 90=17215, 99=17631, 99.9=17631, 99.99=17631] 
2020-09-30 13:08:46:398 20 sec: 37956 operations; 2286.2 current ops/sec; est completion in 1 hour 27 minutes [READ: Count=22831, Max=612351, Min=0, Avg=13472.92, 90=23935, 99=248575, 99.9=535551, 99.99=594943] [READ-MODIFY-WRITE: Count=11272, Max=614399, Min=2, Avg=14465.53, 90=27951, 99=264959, 99.9=541183, 99.99=570367] [UPDATE: Count=11274, Max=334335, Min=0, Avg=925.9, 90=2967, 99=9935, 99.9=31951, 99.99=72255] [READ-FAILED: Count=16, Max=4743, Min=2232, Avg=3392.06, 90=4175, 99=4743, 99.9=4743, 99.99=4743] 
2020-09-30 13:08:56:398 30 sec: 62231 operations; 2427.74 current ops/sec; est completion in 1 hour 19 minutes [READ: Count=24251, Max=777215, Min=0, Avg=12801.61, 90=22879, 99=213759, 99.9=541695, 99.99=621055] [READ-MODIFY-WRITE: Count=12198, Max=779775, Min=2, Avg=13972.7, 90=26591, 99=225151, 99.9=548351, 99.99=642559] [UPDATE: Count=12200, Max=119039, Min=0, Avg=818.68, 90=2817, 99=8663, 99.9=30255, 99.99=96319] [READ-FAILED: Count=25, Max=21551, Min=1853, Avg=3780.8, 90=5247, 99=21551, 99.9=21551, 99.99=21551] 
2020-09-30 13:09:06:398 40 sec: 86256 operations; 2402.26 current ops/sec; est completion in 1 hour 16 minutes [READ: Count=24004, Max=726527, Min=0, Avg=12920.63, 90=22975, 99=193407, 99.9=541695, 99.99=603135] [READ-MODIFY-WRITE: Count=12128, Max=585727, Min=1, Avg=13739.6, 90=26479, 99=206207, 99.9=543231, 99.99=563199] [UPDATE: Count=12122, Max=47743, Min=0, Avg=816.5, 90=2877, 99=9063, 99.9=25567, 99.99=41983] [READ-FAILED: Count=20, Max=4231, Min=1852, Avg=2598.05, 90=3593, 99=4231, 99.9=4231, 99.99=4231] 
2020-09-30 13:09:16:398 50 sec: 108820 operations; 2256.63 current ops/sec; est completion in 1 hour 15 minutes [READ: Count=22542, Max=711679, Min=0, Avg=13814.66, 90=22351, 99=330751, 99.9=539647, 99.99=597503] [READ-MODIFY-WRITE: Count=11277, Max=714751, Min=2, Avg=14430.78, 90=25359, 99=341247, 99.9=550399, 99.99=581631] [UPDATE: Count=11278, Max=502527, Min=0, Avg=788.24, 90=2747, 99=7595, 99.9=27791, 99.99=69439] [READ-FAILED: Count=19, Max=12135, Min=1945, Avg=3820.05, 90=5231, 99=12135, 99.9=12135, 99.99=12135] 
2020-09-30 13:09:26:398 60 sec: 129530 operations; 2070.79 current ops/sec; est completion in 1 hour 16 minutes [READ: Count=20702, Max=707583, Min=0, Avg=14993.78, 90=22975, 99=429055, 99.9=548351, 99.99=617983] [READ-MODIFY-WRITE: Count=10264, Max=710655, Min=2, Avg=15240.22, 90=26655, 99=387583, 99.9=551423, 99.99=631807] [UPDATE: Count=10270, Max=72191, Min=0, Avg=841.76, 90=2769, 99=9479, 99.9=38527, 99.99=65919] [READ-FAILED: Count=11, Max=4895, Min=2094, Avg=2706.36, 90=3055, 99=4895, 99.9=4895, 99.99=4895] 
2020-09-30 13:09:36:398 70 sec: 151502 operations; 2197.42 current ops/sec; est completion in 1 hour 15 minutes [READ: Count=21952, Max=1009151, Min=1, Avg=14187.93, 90=23423, 99=360447, 99.9=558591, 99.99=764927] [READ-MODIFY-WRITE: Count=10893, Max=1013759, Min=2, Avg=14844.34, 90=27039, 99=354047, 99.9=561663, 99.99=769023] [UPDATE: Count=10884, Max=53855, Min=0, Avg=790.05, 90=2821, 99=8163, 99.9=31967, 99.99=50463] [READ-FAILED: Count=21, Max=6135, Min=2140, Avg=3234.76, 90=4139, 99=6135, 99.9=6135, 99.99=6135] 
2020-09-30 13:09:46:398 80 sec: 173904 operations; 2239.98 current ops/sec; est completion in 1 hour 15 minutes [READ: Count=22383, Max=1118207, Min=0, Avg=13650.38, 90=23615, 99=257535, 99.9=539647, 99.99=655871] [READ-MODIFY-WRITE: Count=11185, Max=839679, Min=2, Avg=14594.27, 90=27183, 99=264447, 99.9=544767, 99.99=659455] [UPDATE: Count=11185, Max=65919, Min=0, Avg=805.78, 90=2795, 99=9175, 99.9=26607, 99.99=64703] [READ-FAILED: Count=17, Max=30607, Min=1724, Avg=4945.29, 90=7159, 99=30607, 99.9=30607, 99.99=30607] 
2020-09-30 13:09:56:398 90 sec: 197693 operations; 2379.14 current ops/sec; est completion in 1 hour 14 minutes [READ: Count=23777, Max=646143, Min=0, Avg=13241.84, 90=23391, 99=238335, 99.9=549887, 99.99=589311] [READ-MODIFY-WRITE: Count=11891, Max=590335, Min=1, Avg=13861.24, 90=26623, 99=224127, 99.9=548863, 99.99=577023] [UPDATE: Count=11892, Max=81151, Min=0, Avg=821.56, 90=2897, 99=8115, 99.9=42751, 99.99=69247] [READ-FAILED: Count=14, Max=10239, Min=1836, Avg=3583.14, 90=4739, 99=10239, 99.9=10239, 99.99=10239] 
2020-09-30 13:10:06:398 100 sec: 219708 operations; 2201.5 current ops/sec; est completion in 1 hour 14 minutes [READ: Count=21997, Max=1005055, Min=0, Avg=13835.86, 90=23999, 99=301055, 99.9=538111, 99.99=582143] [READ-MODIFY-WRITE: Count=11018, Max=1007615, Min=2, Avg=14955.73, 90=27519, 99=334335, 99.9=547327, 99.99=677887] [UPDATE: Count=11019, Max=498431, Min=0, Avg=928.7, 90=2869, 99=9103, 99.9=33503, 99.99=495615] [READ-FAILED: Count=15, Max=13223, Min=1860, Avg=4178.33, 90=11255, 99=13223, 99.9=13223, 99.99=13223] 
2020-09-30 13:10:16:398 110 sec: 241952 operations; 2224.18 current ops/sec; est completion in 1 hour 13 minutes [READ: Count=22228, Max=839679, Min=0, Avg=14198.26, 90=23615, 99=315647, 99.9=554495, 99.99=626687] [READ-MODIFY-WRITE: Count=11219, Max=842751, Min=2, Avg=15606.47, 90=27711, 99=363263, 99.9=551935, 99.99=625663] [UPDATE: Count=11216, Max=79999, Min=0, Avg=843.49, 90=2845, 99=9855, 99.9=29663, 99.99=64095] [READ-FAILED: Count=17, Max=5915, Min=2062, Avg=2871.82, 90=3407, 99=5915, 99.9=5915, 99.99=5915] 
2020-09-30 13:10:26:398 120 sec: 262506 operations; 2055.4 current ops/sec; est completion in 1 hour 14 minutes [READ: Count=20540, Max=606719, Min=0, Avg=15163.46, 90=23263, 99=439807, 99.9=543743, 99.99=581631] [READ-MODIFY-WRITE: Count=10297, Max=608255, Min=2, Avg=15689.58, 90=26543, 99=429055, 99.9=544767, 99.99=584703] [UPDATE: Count=10297, Max=483327, Min=0, Avg=832.1, 90=2797, 99=7767, 99.9=32143, 99.99=81983] [READ-FAILED: Count=17, Max=3997, Min=2010, Avg=2833.76, 90=3661, 99=3997, 99.9=3997, 99.99=3997] 
2020-09-30 13:10:36:398 130 sec: 284943 operations; 2243.7 current ops/sec; est completion in 1 hour 13 minutes [READ: Count=22410, Max=644095, Min=0, Avg=13631.92, 90=24095, 99=294399, 99.9=552959, 99.99=622079] [READ-MODIFY-WRITE: Count=11185, Max=624127, Min=3, Avg=14017.6, 90=26895, 99=253439, 99.9=548863, 99.99=598015] [UPDATE: Count=11185, Max=298495, Min=0, Avg=821.78, 90=2797, 99=8263, 99.9=32959, 99.99=64575] [READ-FAILED: Count=24, Max=8879, Min=1633, Avg=2911.96, 90=3355, 99=8879, 99.9=8879, 99.99=8879] 
2020-09-30 13:10:46:398 140 sec: 306166 operations; 2122.3 current ops/sec; est completion in 1 hour 13 minutes [READ: Count=21206, Max=658943, Min=0, Avg=14466.97, 90=23567, 99=352767, 99.9=568831, 99.99=602623] [READ-MODIFY-WRITE: Count=10650, Max=603135, Min=2, Avg=15340.49, 90=27311, 99=333311, 99.9=555519, 99.99=594431] [UPDATE: Count=10650, Max=72959, Min=0, Avg=832.8, 90=2849, 99=8591, 99.9=32159, 99.99=67967] [READ-FAILED: Count=15, Max=5519, Min=2204, Avg=3475.8, 90=5471, 99=5519, 99.9=5519, 99.99=5519] 
2020-09-30 13:10:56:398 150 sec: 329983 operations; 2381.94 current ops/sec; est completion in 1 hour 13 minutes [READ: Count=23813, Max=1059839, Min=0, Avg=13374.41, 90=24287, 99=193023, 99.9=622591, 99.99=1026559] [READ-MODIFY-WRITE: Count=11836, Max=1062911, Min=2, Avg=14139.86, 90=28031, 99=195327, 99.9=701439, 99.99=1029119] [UPDATE: Count=11843, Max=50719, Min=0, Avg=809.85, 90=2857, 99=8927, 99.9=27087, 99.99=50623] [READ-FAILED: Count=9, Max=59871, Min=1734, Avg=10377.56, 90=13191, 99=59871, 99.9=59871, 99.99=59871] 
2020-09-30 13:11:06:399 160 sec: 350874 operations; 2088.89 current ops/sec; est completion in 1 hour 13 minutes [READ: Count=20892, Max=857087, Min=0, Avg=15014.06, 90=22815, 99=436991, 99.9=542719, 99.99=759295] [READ-MODIFY-WRITE: Count=10299, Max=761855, Min=2, Avg=15556.13, 90=25887, 99=422399, 99.9=555519, 99.99=594431] [UPDATE: Count=10302, Max=70527, Min=0, Avg=749.99, 90=2683, 99=7135, 99.9=27503, 99.99=65247] [READ-FAILED: Count=9, Max=3493, Min=2224, Avg=2769, 90=3415, 99=3493, 99.9=3493, 99.99=3493] 
2020-09-30 13:11:16:399 170 sec: 373310 operations; 2243.6 current ops/sec; est completion in 1 hour 13 minutes [READ: Count=22405, Max=931327, Min=1, Avg=13779.25, 90=24415, 99=275455, 99.9=535551, 99.99=646143] [READ-MODIFY-WRITE: Count=11256, Max=934399, Min=3, Avg=14689.15, 90=27711, 99=291583, 99.9=537087, 99.99=645119] [UPDATE: Count=11249, Max=498175, Min=0, Avg=894.46, 90=2843, 99=8959, 99.9=27951, 99.99=403455] [READ-FAILED: Count=18, Max=4223, Min=2092, Avg=2991.83, 90=3673, 99=4223, 99.9=4223, 99.99=4223] 
2020-09-30 13:11:26:398 180 sec: 394463 operations; 2115.51 current ops/sec; est completion in 1 hour 13 minutes [READ: Count=21141, Max=1036287, Min=0, Avg=14360.81, 90=21727, 99=424959, 99.9=533503, 99.99=583679] [READ-MODIFY-WRITE: Count=10448, Max=668671, Min=2, Avg=15305.17, 90=25231, 99=428287, 99.9=537087, 99.99=584191] [UPDATE: Count=10447, Max=70079, Min=0, Avg=772.54, 90=2781, 99=6851, 99.9=29183, 99.99=52991] [READ-FAILED: Count=12, Max=4863, Min=1958, Avg=3151.5, 90=4175, 99=4863, 99.9=4863, 99.99=4863] 
2020-09-30 13:11:36:399 190 sec: 415629 operations; 2116.39 current ops/sec; est completion in 1 hour 13 minutes [READ: Count=21148, Max=761343, Min=0, Avg=15002.07, 90=25071, 99=397311, 99.9=559103, 99.99=694783] [READ-MODIFY-WRITE: Count=10631, Max=763903, Min=2, Avg=16270.55, 90=28431, 99=439295, 99.9=565759, 99.99=702975] [UPDATE: Count=10638, Max=490495, Min=0, Avg=939.2, 90=2707, 99=8295, 99.9=33151, 99.99=443903] [READ-FAILED: Count=18, Max=15511, Min=1992, Avg=3541.67, 90=4211, 99=15511, 99.9=15511, 99.99=15511] 
2020-09-30 13:11:46:398 200 sec: 435055 operations; 1942.79 current ops/sec; est completion in 1 hour 13 minutes [READ: Count=19406, Max=661503, Min=1, Avg=16064.76, 90=24815, 99=475647, 99.9=556031, 99.99=596991] [READ-MODIFY-WRITE: Count=9820, Max=666111, Min=3, Avg=16661.73, 90=28335, 99=454655, 99.9=557055, 99.99=599039] [UPDATE: Count=9816, Max=512511, Min=0, Avg=859.91, 90=2687, 99=7787, 99.9=35231, 99.99=400895] [READ-FAILED: Count=18, Max=16479, Min=1687, Avg=3172.28, 90=2745, 99=16479, 99.9=16479, 99.99=16479] 
2020-09-30 13:11:56:398 210 sec: 457942 operations; 2288.7 current ops/sec; est completion in 1 hour 12 minutes [READ: Count=22880, Max=752639, Min=1, Avg=13581.92, 90=24543, 99=243327, 99.9=535551, 99.99=726015] [READ-MODIFY-WRITE: Count=11391, Max=755711, Min=3, Avg=14604.37, 90=28063, 99=253055, 99.9=543743, 99.99=739327] [UPDATE: Count=11389, Max=92543, Min=0, Avg=866.1, 90=2857, 99=9935, 99.9=38015, 99.99=80447] [READ-FAILED: Count=9, Max=6547, Min=2336, Avg=3369, 90=6003, 99=6547, 99.9=6547, 99.99=6547] 
2020-09-30 13:12:06:398 220 sec: 478415 operations; 2047.1 current ops/sec; est completion in 1 hour 12 minutes [READ: Count=20455, Max=785407, Min=1, Avg=15088.67, 90=21567, 99=450047, 99.9=540159, 99.99=634879] [READ-MODIFY-WRITE: Count=10170, Max=787455, Min=3, Avg=16210.21, 90=25087, 99=463103, 99.9=538111, 99.99=656895] [UPDATE: Count=10169, Max=69183, Min=1, Avg=764.84, 90=2649, 99=8207, 99.9=23903, 99.99=62047] [READ-FAILED: Count=17, Max=10231, Min=1789, Avg=3437.82, 90=4111, 99=10231, 99.9=10231, 99.99=10231] 
2020-09-30 13:12:16:398 230 sec: 499565 operations; 2115 current ops/sec; est completion in 1 hour 12 minutes [READ: Count=21132, Max=1033215, Min=0, Avg=14799.26, 90=22607, 99=399615, 99.9=547839, 99.99=733695] [READ-MODIFY-WRITE: Count=10526, Max=1036287, Min=2, Avg=15752.72, 90=26015, 99=415231, 99.9=546815, 99.99=600063] [UPDATE: Count=10525, Max=71743, Min=0, Avg=740.64, 90=2707, 99=6655, 99.9=25119, 99.99=64223] [READ-FAILED: Count=20, Max=10551, Min=2019, Avg=3077.8, 90=3685, 99=10551, 99.9=10551, 99.99=10551] 
2020-09-30 13:12:26:398 240 sec: 520708 operations; 2114.51 current ops/sec; est completion in 1 hour 12 minutes [READ: Count=21121, Max=844287, Min=0, Avg=14393.74, 90=24959, 99=306687, 99.9=547327, 99.99=743935] [READ-MODIFY-WRITE: Count=10693, Max=745983, Min=2, Avg=15296.27, 90=28079, 99=293119, 99.9=544255, 99.99=730111] [UPDATE: Count=10692, Max=72959, Min=0, Avg=867.05, 90=2735, 99=10255, 99.9=42015, 99.99=65791] [READ-FAILED: Count=19, Max=12903, Min=1772, Avg=3173.74, 90=3487, 99=12903, 99.9=12903, 99.99=12903] 
2020-09-30 13:12:36:398 250 sec: 546214 operations; 2550.6 current ops/sec; est completion in 1 hour 12 minutes [READ: Count=25492, Max=653823, Min=0, Avg=12497.16, 90=22815, 99=149631, 99.9=546303, 99.99=591871] [READ-MODIFY-WRITE: Count=12710, Max=580095, Min=2, Avg=13002.84, 90=26367, 99=128831, 99.9=532479, 99.99=579583] [UPDATE: Count=12715, Max=84031, Min=0, Avg=803.59, 90=2821, 99=8831, 99.9=25839, 99.99=67967] [READ-FAILED: Count=16, Max=4531, Min=1793, Avg=2659.44, 90=2985, 99=4531, 99.9=4531, 99.99=4531] 
2020-09-30 13:12:46:398 260 sec: 569547 operations; 2333.07 current ops/sec; est completion in 1 hour 11 minutes [READ: Count=23317, Max=676351, Min=0, Avg=12987.08, 90=25279, 99=151167, 99.9=541183, 99.99=570879] [READ-MODIFY-WRITE: Count=11550, Max=599039, Min=2, Avg=13481.1, 90=29343, 99=133247, 99.9=548351, 99.99=573439] [UPDATE: Count=11551, Max=508927, Min=0, Avg=939.09, 90=2935, 99=10655, 99.9=36383, 99.99=86847] [READ-FAILED: Count=14, Max=66047, Min=2114, Avg=9778.64, 90=15631, 99=66047, 99.9=66047, 99.99=66047] 
2020-09-30 13:12:56:398 270 sec: 593734 operations; 2418.7 current ops/sec; est completion in 1 hour 11 minutes [READ: Count=24169, Max=672255, Min=0, Avg=12828.64, 90=23695, 99=152191, 99.9=549887, 99.99=661503] [READ-MODIFY-WRITE: Count=12223, Max=669183, Min=3, Avg=13955.52, 90=27231, 99=171903, 99.9=559615, 99.99=645119] [UPDATE: Count=12222, Max=72575, Min=0, Avg=872.25, 90=2951, 99=9071, 99.9=33855, 99.99=69375] [READ-FAILED: Count=21, Max=5495, Min=1838, Avg=2906.33, 90=3595, 99=5495, 99.9=5495, 99.99=5495] 
2020-09-30 13:13:06:398 280 sec: 618217 operations; 2448.3 current ops/sec; est completion in 1 hour 10 minutes [READ: Count=24468, Max=1058815, Min=0, Avg=12757.71, 90=24767, 99=132095, 99.9=551423, 99.99=995839] [READ-MODIFY-WRITE: Count=12325, Max=1062911, Min=2, Avg=13632.26, 90=28607, 99=136447, 99.9=552959, 99.99=693247] [UPDATE: Count=12323, Max=54751, Min=0, Avg=839.41, 90=2987, 99=9695, 99.9=26767, 99.99=49343] [READ-FAILED: Count=15, Max=6735, Min=2038, Avg=3197.13, 90=4631, 99=6735, 99.9=6735, 99.99=6735] 
2020-09-30 13:13:16:399 290 sec: 640855 operations; 2263.8 current ops/sec; est completion in 1 hour 10 minutes [READ: Count=22618, Max=727039, Min=0, Avg=13243.75, 90=24303, 99=188031, 99.9=548351, 99.99=613887] [READ-MODIFY-WRITE: Count=11269, Max=615935, Min=3, Avg=14505.68, 90=28591, 99=205951, 99.9=550911, 99.99=571903] [UPDATE: Count=11267, Max=513279, Min=0, Avg=928.51, 90=2911, 99=9991, 99.9=32607, 99.99=91199] [READ-FAILED: Count=18, Max=30127, Min=1894, Avg=4571.17, 90=4543, 99=30127, 99.9=30127, 99.99=30127] 
2020-09-30 13:13:26:398 300 sec: 664385 operations; 2353.24 current ops/sec; est completion in 1 hour 10 minutes [READ: Count=23512, Max=1233919, Min=0, Avg=13548.99, 90=23583, 99=242303, 99.9=557567, 99.99=724479] [READ-MODIFY-WRITE: Count=11791, Max=727039, Min=3, Avg=14242.43, 90=27135, 99=237823, 99.9=564223, 99.99=608255] [UPDATE: Count=11793, Max=81855, Min=0, Avg=786.76, 90=2777, 99=8383, 99.9=25567, 99.99=68543] [READ-FAILED: Count=21, Max=17711, Min=1845, Avg=3511.43, 90=4483, 99=17711, 99.9=17711, 99.99=17711] 
Maximum time elapsed. Requesting stop for the workload.
Stop requested for workload. Now Joining!
[36m13:13:26.921[m [[34;1mINFO[m] [1;34mp.u.t.s.y.Stats.clientFinished@38[m: 
Ended SconeKV benchmark.
Number of clients: 32
Total transactions: 146831
Committed: 115859 (78.906364%)
Aborted: 30972 (21.093637%)
2020-09-30 13:13:26:923 300 sec: 664480 operations; 180.95 current ops/sec; est completion in 1 hour 10 minutes [READ: Count=91, Max=582143, Min=1836, Avg=139702.26, 90=559103, 99=574463, 99.9=582143, 99.99=582143] [READ-MODIFY-WRITE: Count=53, Max=585215, Min=1961, Avg=127150.91, 90=567295, 99=577023, 99.9=585215, 99.99=585215] [CLEANUP: Count=32, Max=1510, Min=3, Avg=51.41, 90=7, 99=1510, 99.9=1510, 99.99=1510] [UPDATE: Count=50, Max=4147, Min=2, Avg=985.18, 90=2905, 99=4147, 99.9=4147, 99.99=4147] [READ-FAILED: Count=0, Max=0, Min=9223372036854775807, Avg=NaN, 90=0, 99=0, 99.9=0, 99.99=0] 
[OVERALL], RunTime(ms), 300525
[OVERALL], Throughput(ops/sec), 2211.0639713834125
[TOTAL_GCS_G1_Young_Generation], Count, 108
[TOTAL_GC_TIME_G1_Young_Generation], Time(ms), 883
[TOTAL_GC_TIME_%_G1_Young_Generation], Time(%), 0.2938191498211463
[TOTAL_GCS_G1_Old_Generation], Count, 0
[TOTAL_GC_TIME_G1_Old_Generation], Time(ms), 0
[TOTAL_GC_TIME_%_G1_Old_Generation], Time(%), 0.0
[TOTAL_GCs], Count, 108
[TOTAL_GC_TIME], Time(ms), 883
[TOTAL_GC_TIME_%], Time(%), 0.2938191498211463
[READ], Operations, 663981
[READ], AverageLatency(us), 13939.241324676459
[READ], MinLatency(us), 0
[READ], MaxLatency(us), 1233919
[READ], 95thPercentileLatency(us), 34111
[READ], 99thPercentileLatency(us), 300799
[READ], Return=OK, 663981
[READ], Return=NOT_FOUND, 499
[READ-MODIFY-WRITE], Operations, 332022
[READ-MODIFY-WRITE], AverageLatency(us), 14781.845639746763
[READ-MODIFY-WRITE], MinLatency(us), 1
[READ-MODIFY-WRITE], MaxLatency(us), 1062911
[READ-MODIFY-WRITE], 95thPercentileLatency(us), 38655
[READ-MODIFY-WRITE], 99thPercentileLatency(us), 304895
[CLEANUP], Operations, 32
[CLEANUP], AverageLatency(us), 51.40625
[CLEANUP], MinLatency(us), 3
[CLEANUP], MaxLatency(us), 1510
[CLEANUP], 95thPercentileLatency(us), 12
[CLEANUP], 99thPercentileLatency(us), 1510
[UPDATE], Operations, 332022
[UPDATE], AverageLatency(us), 846.8072507243496
[UPDATE], MinLatency(us), 0
[UPDATE], MaxLatency(us), 513279
[UPDATE], 95thPercentileLatency(us), 3659
[UPDATE], 99thPercentileLatency(us), 9111
[UPDATE], Return=OK, 332022
[READ-FAILED], Operations, 499
[READ-FAILED], AverageLatency(us), 3746.426853707415
[READ-FAILED], MinLatency(us), 1633
[READ-FAILED], MaxLatency(us), 66047
[READ-FAILED], 95thPercentileLatency(us), 8431
[READ-FAILED], 99thPercentileLatency(us), 17711
