Command line: -t -db pt.ulisboa.tecnico.sconekv.ycsb.SconeKVClient -P workloadc -threads 64 -s -p scone.tx_size=5 -p operationcount=10000000 -p maxexecutiontime=300
YCSB Client 0.17.0

Loading workload...
Starting test.
WARNING: sun.reflect.Reflection.getCallerClass is not supported. This will impact performance.
2020-09-30 12:28:09:737 0 sec: 0 operations; est completion in 0 second 
Maximum execution time specified as: 300 secs
DBWrapper: report latency for each error is false and specific error codes to track for latency are: []
DBWrapper: report latency for each error is false and specific error codes to track for latency are: []
DBWrapper: report latency for each error is false and specific error codes to track for latency are: []
DBWrapper: report latency for each error is false and specific error codes to track for latency are: []
DBWrapper: report latency for each error is false and specific error codes to track for latency are: []
DBWrapper: report latency for each error is false and specific error codes to track for latency are: []
DBWrapper: report latency for each error is false and specific error codes to track for latency are: []
DBWrapper: report latency for each error is false and specific error codes to track for latency are: []
DBWrapper: report latency for each error is false and specific error codes to track for latency are: []
DBWrapper: report latency for each error is false and specific error codes to track for latency are: []
DBWrapper: report latency for each error is false and specific error codes to track for latency are: []
DBWrapper: report latency for each error is false and specific error codes to track for latency are: []
DBWrapper: report latency for each error is false and specific error codes to track for latency are: []
DBWrapper: report latency for each error is false and specific error codes to track for latency are: []
DBWrapper: report latency for each error is false and specific error codes to track for latency are: []
DBWrapper: report latency for each error is false and specific error codes to track for latency are: []
DBWrapper: report latency for each error is false and specific error codes to track for latency are: []
DBWrapper: report latency for each error is false and specific error codes to track for latency are: []
DBWrapper: report latency for each error is false and specific error codes to track for latency are: []
DBWrapper: report latency for each error is false and specific error codes to track for latency are: []
DBWrapper: report latency for each error is false and specific error codes to track for latency are: []
DBWrapper: report latency for each error is false and specific error codes to track for latency are: []
DBWrapper: report latency for each error is false and specific error codes to track for latency are: []
DBWrapper: report latency for each error is false and specific error codes to track for latency are: []
DBWrapper: report latency for each error is false and specific error codes to track for latency are: []
DBWrapper: report latency for each error is false and specific error codes to track for latency are: []
DBWrapper: report latency for each error is false and specific error codes to track for latency are: []
DBWrapper: report latency for each error is false and specific error codes to track for latency are: []
DBWrapper: report latency for each error is false and specific error codes to track for latency are: []
DBWrapper: report latency for each error is false and specific error codes to track for latency are: []
DBWrapper: report latency for each error is false and specific error codes to track for latency are: []
DBWrapper: report latency for each error is false and specific error codes to track for latency are: []
DBWrapper: report latency for each error is false and specific error codes to track for latency are: []
DBWrapper: report latency for each error is false and specific error codes to track for latency are: []
DBWrapper: report latency for each error is false and specific error codes to track for latency are: []
DBWrapper: report latency for each error is false and specific error codes to track for latency are: []
DBWrapper: report latency for each error is false and specific error codes to track for latency are: []
DBWrapper: report latency for each error is false and specific error codes to track for latency are: []
DBWrapper: report latency for each error is false and specific error codes to track for latency are: []
DBWrapper: report latency for each error is false and specific error codes to track for latency are: []
DBWrapper: report latency for each error is false and specific error codes to track for latency are: []
DBWrapper: report latency for each error is false and specific error codes to track for latency are: []
DBWrapper: report latency for each error is false and specific error codes to track for latency are: []
DBWrapper: report latency for each error is false and specific error codes to track for latency are: []
DBWrapper: report latency for each error is false and specific error codes to track for latency are: []
DBWrapper: report latency for each error is false and specific error codes to track for latency are: []
DBWrapper: report latency for each error is false and specific error codes to track for latency are: []
DBWrapper: report latency for each error is false and specific error codes to track for latency are: []
DBWrapper: report latency for each error is false and specific error codes to track for latency are: []
DBWrapper: report latency for each error is false and specific error codes to track for latency are: []
DBWrapper: report latency for each error is false and specific error codes to track for latency are: []
DBWrapper: report latency for each error is false and specific error codes to track for latency are: []
DBWrapper: report latency for each error is false and specific error codes to track for latency are: []
DBWrapper: report latency for each error is false and specific error codes to track for latency are: []
DBWrapper: report latency for each error is false and specific error codes to track for latency are: []
DBWrapper: report latency for each error is false and specific error codes to track for latency are: []
DBWrapper: report latency for each error is false and specific error codes to track for latency are: []
DBWrapper: report latency for each error is false and specific error codes to track for latency are: []
DBWrapper: report latency for each error is false and specific error codes to track for latency are: []
DBWrapper: report latency for each error is false and specific error codes to track for latency are: []
DBWrapper: report latency for each error is false and specific error codes to track for latency are: []
DBWrapper: report latency for each error is false and specific error codes to track for latency are: []
DBWrapper: report latency for each error is false and specific error codes to track for latency are: []
DBWrapper: report latency for each error is false and specific error codes to track for latency are: []
2020-09-30 12:28:19:737 10 sec: 11865 operations; 1186.38 current ops/sec; est completion in 2 hours 20 minutes [READ: Count=11853, Max=749055, Min=3, Avg=31575.85, 90=62879, 99=260479, 99.9=594943, 99.99=733183] [READ-FAILED: Count=15, Max=81919, Min=3826, Avg=19400.2, 90=23087, 99=81919, 99.9=81919, 99.99=81919] 
2020-09-30 12:28:29:736 20 sec: 49617 operations; 3775.58 current ops/sec; est completion in 1 hour 6 minutes [READ: Count=37708, Max=974335, Min=2, Avg=16977.84, 90=29839, 99=516607, 99.9=559615, 99.99=605183] [READ-FAILED: Count=42, Max=35999, Min=1952, Avg=6604.43, 90=11871, 99=35999, 99.9=35999, 99.99=35999] 
2020-09-30 12:28:39:736 30 sec: 90695 operations; 4107.39 current ops/sec; est completion in 54 minutes [READ: Count=41031, Max=654335, Min=2, Avg=15570.91, 90=28575, 99=514559, 99.9=567295, 99.99=626687] [READ-FAILED: Count=49, Max=51551, Min=1747, Avg=4603.27, 90=5371, 99=51551, 99.9=51551, 99.99=51551] 
2020-09-30 12:28:49:736 40 sec: 131908 operations; 4121.3 current ops/sec; est completion in 49 minutes [READ: Count=41174, Max=587775, Min=2, Avg=15320.9, 90=30031, 99=514047, 99.9=549375, 99.99=570367] [READ-FAILED: Count=41, Max=23743, Min=2010, Avg=5453.34, 90=10063, 99=23743, 99.9=23743, 99.99=23743] 
2020-09-30 12:28:59:736 50 sec: 171508 operations; 3960.4 current ops/sec; est completion in 47 minutes [READ: Count=39563, Max=629247, Min=2, Avg=16184.51, 90=29951, 99=515583, 99.9=567295, 99.99=601599] [READ-FAILED: Count=34, Max=77951, Min=2012, Avg=6736.79, 90=12951, 99=77951, 99.9=77951, 99.99=77951] 
2020-09-30 12:29:09:736 60 sec: 215218 operations; 4371 current ops/sec; est completion in 45 minutes [READ: Count=43651, Max=629759, Min=2, Avg=14837.8, 90=29055, 99=116159, 99.9=559103, 99.99=594943] [READ-FAILED: Count=63, Max=13407, Min=1774, Avg=3892.49, 90=6443, 99=11087, 99.9=13407, 99.99=13407] 
2020-09-30 12:29:19:736 70 sec: 253660 operations; 3843.82 current ops/sec; est completion in 44 minutes [READ: Count=38384, Max=633855, Min=2, Avg=16383.05, 90=30287, 99=519167, 99.9=577535, 99.99=621055] [READ-FAILED: Count=54, Max=93375, Min=1829, Avg=7646.63, 90=9623, 99=65855, 99.9=93375, 99.99=93375] 
2020-09-30 12:29:29:736 80 sec: 296132 operations; 4247.2 current ops/sec; est completion in 43 minutes [READ: Count=42411, Max=648703, Min=2, Avg=15256.55, 90=27503, 99=516095, 99.9=561151, 99.99=588799] [READ-FAILED: Count=65, Max=15391, Min=1785, Avg=4162.92, 90=6331, 99=12783, 99.9=15391, 99.99=15391] 
2020-09-30 12:29:39:736 90 sec: 330484 operations; 3435.54 current ops/sec; est completion in 43 minutes [READ: Count=34307, Max=642047, Min=2, Avg=18700.25, 90=30783, 99=528895, 99.9=576511, 99.99=616959] [READ-FAILED: Count=46, Max=16359, Min=1770, Avg=4879.24, 90=8327, 99=16359, 99.9=16359, 99.99=16359] 
2020-09-30 12:29:49:736 100 sec: 369425 operations; 3893.71 current ops/sec; est completion in 43 minutes [READ: Count=38893, Max=598527, Min=2, Avg=16397.65, 90=28751, 99=518911, 99.9=560639, 99.99=591359] [READ-FAILED: Count=44, Max=25311, Min=1634, Avg=5325.23, 90=11575, 99=25311, 99.9=25311, 99.99=25311] 
2020-09-30 12:29:59:736 110 sec: 407355 operations; 3793 current ops/sec; est completion in 43 minutes [READ: Count=37870, Max=623103, Min=2, Avg=16787.64, 90=31279, 99=519423, 99.9=563199, 99.99=607231] [READ-FAILED: Count=58, Max=14423, Min=1952, Avg=4635.71, 90=8695, 99=12391, 99.9=14423, 99.99=14423] 
2020-09-30 12:30:09:736 120 sec: 447061 operations; 3970.6 current ops/sec; est completion in 42 minutes [READ: Count=39658, Max=645631, Min=2, Avg=16129.29, 90=26255, 99=519679, 99.9=569855, 99.99=628735] [READ-FAILED: Count=50, Max=11015, Min=1471, Avg=3370.8, 90=5559, 99=11015, 99.9=11015, 99.99=11015] 
2020-09-30 12:30:19:736 130 sec: 485804 operations; 3874.3 current ops/sec; est completion in 42 minutes [READ: Count=38704, Max=625151, Min=2, Avg=16464.38, 90=28191, 99=519935, 99.9=571391, 99.99=594943] [READ-FAILED: Count=37, Max=11399, Min=1863, Avg=3752.43, 90=5771, 99=11399, 99.9=11399, 99.99=11399] 
2020-09-30 12:30:29:736 140 sec: 524504 operations; 3870 current ops/sec; est completion in 42 minutes [READ: Count=38660, Max=629759, Min=2, Avg=16316.62, 90=26991, 99=519679, 99.9=563711, 99.99=598527] [READ-FAILED: Count=40, Max=8719, Min=1894, Avg=3607.8, 90=5703, 99=8719, 99.9=8719, 99.99=8719] 
2020-09-30 12:30:39:736 150 sec: 562034 operations; 3753.38 current ops/sec; est completion in 41 minutes [READ: Count=37474, Max=689151, Min=2, Avg=17177.81, 90=30415, 99=520191, 99.9=614911, 99.99=674303] [READ-FAILED: Count=55, Max=21199, Min=1800, Avg=4413.11, 90=7455, 99=11975, 99.9=21199, 99.99=21199] 
2020-09-30 12:30:49:736 160 sec: 599459 operations; 3742.13 current ops/sec; est completion in 41 minutes [READ: Count=37382, Max=623615, Min=3, Avg=17393.29, 90=27775, 99=521471, 99.9=595455, 99.99=619519] [READ-FAILED: Count=48, Max=15631, Min=1703, Avg=4040.21, 90=6435, 99=15631, 99.9=15631, 99.99=15631] 
2020-09-30 12:30:59:736 170 sec: 639086 operations; 3963.1 current ops/sec; est completion in 41 minutes [READ: Count=39575, Max=637951, Min=3, Avg=16043.08, 90=30319, 99=517119, 99.9=566271, 99.99=627199] [READ-FAILED: Count=49, Max=16927, Min=1780, Avg=4483.59, 90=8087, 99=16927, 99.9=16927, 99.99=16927] 
2020-09-30 12:31:09:736 180 sec: 677540 operations; 3845.4 current ops/sec; est completion in 41 minutes [READ: Count=38417, Max=612863, Min=2, Avg=16760.61, 90=29007, 99=520959, 99.9=564735, 99.99=600575] [READ-FAILED: Count=37, Max=28943, Min=1392, Avg=5926.92, 90=11495, 99=28943, 99.9=28943, 99.99=28943] 
2020-09-30 12:31:19:736 190 sec: 716496 operations; 3895.21 current ops/sec; est completion in 41 minutes [READ: Count=38897, Max=683519, Min=2, Avg=16360.68, 90=30255, 99=518143, 99.9=566783, 99.99=589311] [READ-FAILED: Count=57, Max=18047, Min=1871, Avg=4487.14, 90=8647, 99=13879, 99.9=18047, 99.99=18047] 
2020-09-30 12:31:29:736 200 sec: 754393 operations; 3789.7 current ops/sec; est completion in 40 minutes [READ: Count=37852, Max=608767, Min=2, Avg=16946.05, 90=29279, 99=519167, 99.9=567807, 99.99=600063] [READ-FAILED: Count=48, Max=26079, Min=1880, Avg=5301.56, 90=10127, 99=26079, 99.9=26079, 99.99=26079] 
2020-09-30 12:31:39:736 210 sec: 792723 operations; 3833 current ops/sec; est completion in 40 minutes [READ: Count=38290, Max=634367, Min=2, Avg=16618.26, 90=28959, 99=521727, 99.9=600063, 99.99=632319] [READ-FAILED: Count=45, Max=28623, Min=1497, Avg=5460.07, 90=11855, 99=28623, 99.9=28623, 99.99=28623] 
2020-09-30 12:31:49:736 220 sec: 832085 operations; 3936.59 current ops/sec; est completion in 40 minutes [READ: Count=39305, Max=1018879, Min=2, Avg=16281.95, 90=29375, 99=513023, 99.9=866303, 99.99=1011199] [READ-FAILED: Count=52, Max=60543, Min=1733, Avg=6162.81, 90=11007, 99=19679, 99.9=60543, 99.99=60543] 
2020-09-30 12:31:59:736 230 sec: 872570 operations; 4048.1 current ops/sec; est completion in 40 minutes [READ: Count=40432, Max=664575, Min=2, Avg=15908.87, 90=29359, 99=515327, 99.9=581631, 99.99=633855] [READ-FAILED: Count=51, Max=168959, Min=2002, Avg=8483.45, 90=11807, 99=23663, 99.9=168959, 99.99=168959] 
2020-09-30 12:32:09:736 240 sec: 913551 operations; 4098.1 current ops/sec; est completion in 39 minutes [READ: Count=40925, Max=620543, Min=2, Avg=15489.47, 90=30607, 99=271103, 99.9=558079, 99.99=609279] [READ-FAILED: Count=57, Max=21279, Min=1726, Avg=4832.33, 90=9535, 99=19631, 99.9=21279, 99.99=21279] 
2020-09-30 12:32:19:736 250 sec: 951600 operations; 3804.9 current ops/sec; est completion in 39 minutes [READ: Count=37996, Max=655359, Min=2, Avg=16785.6, 90=28047, 99=521215, 99.9=583679, 99.99=627711] [READ-FAILED: Count=51, Max=31455, Min=1847, Avg=4776.88, 90=7359, 99=16639, 99.9=31455, 99.99=31455] 
2020-09-30 12:32:29:736 260 sec: 991675 operations; 4007.9 current ops/sec; est completion in 39 minutes [READ: Count=40030, Max=608767, Min=2, Avg=16093.92, 90=29471, 99=513023, 99.9=579071, 99.99=601599] [READ-FAILED: Count=48, Max=24479, Min=2008, Avg=5675.65, 90=13055, 99=24479, 99.9=24479, 99.99=24479] 
2020-09-30 12:32:39:736 270 sec: 1031292 operations; 3961.7 current ops/sec; est completion in 39 minutes [READ: Count=39571, Max=643071, Min=2, Avg=16255.54, 90=28143, 99=518399, 99.9=564735, 99.99=619007] [READ-FAILED: Count=45, Max=12871, Min=1625, Avg=4988.36, 90=11127, 99=12871, 99.9=12871, 99.99=12871] 
2020-09-30 12:32:49:737 280 sec: 1067251 operations; 3595.54 current ops/sec; est completion in 39 minutes [READ: Count=35914, Max=626175, Min=2, Avg=17661.57, 90=34015, 99=524799, 99.9=577023, 99.99=608255] [READ-FAILED: Count=46, Max=20495, Min=1955, Avg=4786.2, 90=8535, 99=20495, 99.9=20495, 99.99=20495] 
2020-09-30 12:32:59:736 290 sec: 1105856 operations; 3860.5 current ops/sec; est completion in 38 minutes [READ: Count=38563, Max=654335, Min=2, Avg=16743.37, 90=27759, 99=520959, 99.9=569855, 99.99=632831] [READ-FAILED: Count=42, Max=25551, Min=1930, Avg=3754.5, 90=4643, 99=25551, 99.9=25551, 99.99=25551] 
2020-09-30 12:33:09:736 300 sec: 1142859 operations; 3700.3 current ops/sec; est completion in 38 minutes [READ: Count=36953, Max=693247, Min=2, Avg=17169.24, 90=31599, 99=515839, 99.9=574975, 99.99=676351] [READ-FAILED: Count=48, Max=101119, Min=1627, Avg=8116.83, 90=15783, 99=101119, 99.9=101119, 99.99=101119] 
Maximum time elapsed. Requesting stop for the workload.
Stop requested for workload. Now Joining!
[36m12:33:10.919[m [[34;1mINFO[m] [1;34mp.u.t.s.y.Stats.clientFinished@38[m: 
Ended SconeKV benchmark.
Number of clients: 64
Total transactions: 227563
Committed: 227563 (100.0%)
Aborted: 0 (0.0%)
2020-09-30 12:33:10:921 301 sec: 1144018 operations; 978.06 current ops/sec; est completion in 38 minutes [READ: Count=1158, Max=608255, Min=3, Avg=55775.8, 90=77823, 99=585215, 99.9=601087, 99.99=608255] [CLEANUP: Count=64, Max=1536, Min=2, Avg=27.73, 90=5, 99=14, 99.9=1536, 99.99=1536] [READ-FAILED: Count=0, Max=0, Min=9223372036854775807, Avg=NaN, 90=0, 99=0, 99.9=0, 99.99=0] 
[OVERALL], RunTime(ms), 301186
[OVERALL], Throughput(ops/sec), 3798.377082600121
[TOTAL_GCS_G1_Young_Generation], Count, 175
[TOTAL_GC_TIME_G1_Young_Generation], Time(ms), 1707
[TOTAL_GC_TIME_%_G1_Young_Generation], Time(%), 0.5667594111280072
[TOTAL_GCS_G1_Old_Generation], Count, 0
[TOTAL_GC_TIME_G1_Old_Generation], Time(ms), 0
[TOTAL_GC_TIME_%_G1_Old_Generation], Time(%), 0.0
[TOTAL_GCs], Count, 175
[TOTAL_GC_TIME], Time(ms), 1707
[TOTAL_GC_TIME_%], Time(%), 0.5667594111280072
[READ], Operations, 1142601
[READ], AverageLatency(us), 16610.388685114052
[READ], MinLatency(us), 2
[READ], MaxLatency(us), 1018879
[READ], 95thPercentileLatency(us), 41727
[READ], 99thPercentileLatency(us), 518655
[READ], Return=OK, 1142601
[READ], Return=NOT_FOUND, 1417
[CLEANUP], Operations, 64
[CLEANUP], AverageLatency(us), 27.734375
[CLEANUP], MinLatency(us), 2
[CLEANUP], MaxLatency(us), 1536
[CLEANUP], 95thPercentileLatency(us), 7
[CLEANUP], 99thPercentileLatency(us), 14
[READ-FAILED], Operations, 1417
[READ-FAILED], AverageLatency(us), 5308.950599858857
[READ-FAILED], MinLatency(us), 1392
[READ-FAILED], MaxLatency(us), 168959
[READ-FAILED], 95thPercentileLatency(us), 13967
[READ-FAILED], 99thPercentileLatency(us), 26063
