/opt/java/openjdk/bin/java  -classpath /usr/src/ycsb/conf:/usr/src/ycsb/lib/HdrHistogram-2.1.4.jar:/usr/src/ycsb/lib/core-0.18.0-SNAPSHOT.jar:/usr/src/ycsb/lib/htrace-core4-4.1.0-incubating.jar:/usr/src/ycsb/lib/jackson-core-asl-1.9.4.jar:/usr/src/ycsb/lib/jackson-mapper-asl-1.9.4.jar:/usr/src/ycsb/lib/postgresql-42.2.16.jar:/usr/src/ycsb/cassandra-binding/lib/cassandra-binding-0.18.0-SNAPSHOT.jar:/usr/src/ycsb/cassandra-binding/lib/cassandra-driver-core-3.0.0.jar:/usr/src/ycsb/cassandra-binding/lib/guava-16.0.1.jar:/usr/src/ycsb/cassandra-binding/lib/metrics-core-3.1.2.jar:/usr/src/ycsb/cassandra-binding/lib/netty-buffer-4.0.33.Final.jar:/usr/src/ycsb/cassandra-binding/lib/netty-codec-4.0.33.Final.jar:/usr/src/ycsb/cassandra-binding/lib/netty-common-4.0.33.Final.jar:/usr/src/ycsb/cassandra-binding/lib/netty-handler-4.0.33.Final.jar:/usr/src/ycsb/cassandra-binding/lib/netty-transport-4.0.33.Final.jar:/usr/src/ycsb/cassandra-binding/lib/slf4j-api-1.7.25.jar site.ycsb.Client -t -db site.ycsb.db.CassandraCQLClient -P workloads/workloada -p operationcount=10000000 -p hosts=10.0.4.27,10.0.4.26,10.0.4.25,10.0.4.24,10.0.4.23,10.0.4.22,10.0.4.21,10.0.4.20,10.0.4.19,10.0.4.18,10.0.4.17,10.0.4.16,10.0.4.15,10.0.4.14,10.0.4.13,10.0.4.11,10.0.4.9,10.0.4.7,10.0.4.5,10.0.4.3 -p maxexecutiontime=300 -threads 300 -p cassandra.readconsistencylevel=QUORUM -p cassandra.writeconsistencylevel=QUORUM -s
Command line: -t -db site.ycsb.db.CassandraCQLClient -P workloads/workloada -p operationcount=10000000 -p hosts=10.0.4.27,10.0.4.26,10.0.4.25,10.0.4.24,10.0.4.23,10.0.4.22,10.0.4.21,10.0.4.20,10.0.4.19,10.0.4.18,10.0.4.17,10.0.4.16,10.0.4.15,10.0.4.14,10.0.4.13,10.0.4.11,10.0.4.9,10.0.4.7,10.0.4.5,10.0.4.3 -p maxexecutiontime=300 -threads 300 -p cassandra.readconsistencylevel=QUORUM -p cassandra.writeconsistencylevel=QUORUM -s
YCSB Client 0.18.0-SNAPSHOT

Loading workload...
Starting test.
SLF4J: Failed to load class "org.slf4j.impl.StaticLoggerBinder".
SLF4J: Defaulting to no-operation (NOP) logger implementation
SLF4J: See http://www.slf4j.org/codes.html#StaticLoggerBinder for further details.
Maximum execution time specified as: 300 secs
2020-09-17 12:37:53:482 0 sec: 0 operations; est completion in 0 second 
WARNING: An illegal reflective access operation has occurred
WARNING: Illegal reflective access by io.netty.util.internal.PlatformDependent0 (file:/usr/src/ycsb/cassandra-binding/lib/netty-common-4.0.33.Final.jar) to field java.nio.Buffer.address
WARNING: Please consider reporting this to the maintainers of io.netty.util.internal.PlatformDependent0
WARNING: Use --illegal-access=warn to enable warnings of further illegal reflective access operations
WARNING: All illegal access operations will be denied in a future release
Sep 17, 2020 12:37:53 PM io.netty.util.internal.PlatformDependent <clinit>
INFO: Your platform does not provide complete low-level API for accessing direct buffers reliably. Unless explicitly requested, heap buffer will always be preferred to avoid potential system unstability.
DBWrapper: report latency for each error is false and specific error codes to track for latency are: []
DBWrapper: report latency for each error is false and specific error codes to track for latency are: []
DBWrapper: report latency for each error is false and specific error codes to track for latency are: []
DBWrapper: report latency for each error is false and specific error codes to track for latency are: []
DBWrapper: report latency for each error is false and specific error codes to track for latency are: []
DBWrapper: report latency for each error is false and specific error codes to track for latency are: []
DBWrapper: report latency for each error is false and specific error codes to track for latency are: []
DBWrapper: report latency for each error is false and specific error codes to track for latency are: []
DBWrapper: report latency for each error is false and specific error codes to track for latency are: []
DBWrapper: report latency for each error is false and specific error codes to track for latency are: []
DBWrapper: report latency for each error is false and specific error codes to track for latency are: []
DBWrapper: report latency for each error is false and specific error codes to track for latency are: []
DBWrapper: report latency for each error is false and specific error codes to track for latency are: []
DBWrapper: report latency for each error is false and specific error codes to track for latency are: []
DBWrapper: report latency for each error is false and specific error codes to track for latency are: []
DBWrapper: report latency for each error is false and specific error codes to track for latency are: []
DBWrapper: report latency for each error is false and specific error codes to track for latency are: []
DBWrapper: report latency for each error is false and specific error codes to track for latency are: []
DBWrapper: report latency for each error is false and specific error codes to track for latency are: []
DBWrapper: report latency for each error is false and specific error codes to track for latency are: []
DBWrapper: report latency for each error is false and specific error codes to track for latency are: []
DBWrapper: report latency for each error is false and specific error codes to track for latency are: []
DBWrapper: report latency for each error is false and specific error codes to track for latency are: []
DBWrapper: report latency for each error is false and specific error codes to track for latency are: []
DBWrapper: report latency for each error is false and specific error codes to track for latency are: []
DBWrapper: report latency for each error is false and specific error codes to track for latency are: []
DBWrapper: report latency for each error is false and specific error codes to track for latency are: []
DBWrapper: report latency for each error is false and specific error codes to track for latency are: []
DBWrapper: report latency for each error is false and specific error codes to track for latency are: []
DBWrapper: report latency for each error is false and specific error codes to track for latency are: []
DBWrapper: report latency for each error is false and specific error codes to track for latency are: []
DBWrapper: report latency for each error is false and specific error codes to track for latency are: []
DBWrapper: report latency for each error is false and specific error codes to track for latency are: []
DBWrapper: report latency for each error is false and specific error codes to track for latency are: []
DBWrapper: report latency for each error is false and specific error codes to track for latency are: []
DBWrapper: report latency for each error is false and specific error codes to track for latency are: []
DBWrapper: report latency for each error is false and specific error codes to track for latency are: []
DBWrapper: report latency for each error is false and specific error codes to track for latency are: []
DBWrapper: report latency for each error is false and specific error codes to track for latency are: []
DBWrapper: report latency for each error is false and specific error codes to track for latency are: []
DBWrapper: report latency for each error is false and specific error codes to track for latency are: []
DBWrapper: report latency for each error is false and specific error codes to track for latency are: []
DBWrapper: report latency for each error is false and specific error codes to track for latency are: []
DBWrapper: report latency for each error is false and specific error codes to track for latency are: []
DBWrapper: report latency for each error is false and specific error codes to track for latency are: []
DBWrapper: report latency for each error is false and specific error codes to track for latency are: []
DBWrapper: report latency for each error is false and specific error codes to track for latency are: []
DBWrapper: report latency for each error is false and specific error codes to track for latency are: []
DBWrapper: report latency for each error is false and specific error codes to track for latency are: []
DBWrapper: report latency for each error is false and specific error codes to track for latency are: []
DBWrapper: report latency for each error is false and specific error codes to track for latency are: []
DBWrapper: report latency for each error is false and specific error codes to track for latency are: []
DBWrapper: report latency for each error is false and specific error codes to track for latency are: []
DBWrapper: report latency for each error is false and specific error codes to track for latency are: []
DBWrapper: report latency for each error is false and specific error codes to track for latency are: []
DBWrapper: report latency for each error is false and specific error codes to track for latency are: []
DBWrapper: report latency for each error is false and specific error codes to track for latency are: []
DBWrapper: report latency for each error is false and specific error codes to track for latency are: []
DBWrapper: report latency for each error is false and specific error codes to track for latency are: []
DBWrapper: report latency for each error is false and specific error codes to track for latency are: []
DBWrapper: report latency for each error is false and specific error codes to track for latency are: []
DBWrapper: report latency for each error is false and specific error codes to track for latency are: []
DBWrapper: report latency for each error is false and specific error codes to track for latency are: []
DBWrapper: report latency for each error is false and specific error codes to track for latency are: []
DBWrapper: report latency for each error is false and specific error codes to track for latency are: []
DBWrapper: report latency for each error is false and specific error codes to track for latency are: []
DBWrapper: report latency for each error is false and specific error codes to track for latency are: []
DBWrapper: report latency for each error is false and specific error codes to track for latency are: []
DBWrapper: report latency for each error is false and specific error codes to track for latency are: []
DBWrapper: report latency for each error is false and specific error codes to track for latency are: []
DBWrapper: report latency for each error is false and specific error codes to track for latency are: []
DBWrapper: report latency for each error is false and specific error codes to track for latency are: []
DBWrapper: report latency for each error is false and specific error codes to track for latency are: []
DBWrapper: report latency for each error is false and specific error codes to track for latency are: []
DBWrapper: report latency for each error is false and specific error codes to track for latency are: []
DBWrapper: report latency for each error is false and specific error codes to track for latency are: []
DBWrapper: report latency for each error is false and specific error codes to track for latency are: []
DBWrapper: report latency for each error is false and specific error codes to track for latency are: []
DBWrapper: report latency for each error is false and specific error codes to track for latency are: []
DBWrapper: report latency for each error is false and specific error codes to track for latency are: []
DBWrapper: report latency for each error is false and specific error codes to track for latency are: []
DBWrapper: report latency for each error is false and specific error codes to track for latency are: []
DBWrapper: report latency for each error is false and specific error codes to track for latency are: []
DBWrapper: report latency for each error is false and specific error codes to track for latency are: []
DBWrapper: report latency for each error is false and specific error codes to track for latency are: []
DBWrapper: report latency for each error is false and specific error codes to track for latency are: []
DBWrapper: report latency for each error is false and specific error codes to track for latency are: []
DBWrapper: report latency for each error is false and specific error codes to track for latency are: []
DBWrapper: report latency for each error is false and specific error codes to track for latency are: []
DBWrapper: report latency for each error is false and specific error codes to track for latency are: []
DBWrapper: report latency for each error is false and specific error codes to track for latency are: []
DBWrapper: report latency for each error is false and specific error codes to track for latency are: []
DBWrapper: report latency for each error is false and specific error codes to track for latency are: []
DBWrapper: report latency for each error is false and specific error codes to track for latency are: []
DBWrapper: report latency for each error is false and specific error codes to track for latency are: []
DBWrapper: report latency for each error is false and specific error codes to track for latency are: []
DBWrapper: report latency for each error is false and specific error codes to track for latency are: []
DBWrapper: report latency for each error is false and specific error codes to track for latency are: []
DBWrapper: report latency for each error is false and specific error codes to track for latency are: []
DBWrapper: report latency for each error is false and specific error codes to track for latency are: []
DBWrapper: report latency for each error is false and specific error codes to track for latency are: []
DBWrapper: report latency for each error is false and specific error codes to track for latency are: []
DBWrapper: report latency for each error is false and specific error codes to track for latency are: []
DBWrapper: report latency for each error is false and specific error codes to track for latency are: []
DBWrapper: report latency for each error is false and specific error codes to track for latency are: []
DBWrapper: report latency for each error is false and specific error codes to track for latency are: []
DBWrapper: report latency for each error is false and specific error codes to track for latency are: []
DBWrapper: report latency for each error is false and specific error codes to track for latency are: []
DBWrapper: report latency for each error is false and specific error codes to track for latency are: []
DBWrapper: report latency for each error is false and specific error codes to track for latency are: []
DBWrapper: report latency for each error is false and specific error codes to track for latency are: []
DBWrapper: report latency for each error is false and specific error codes to track for latency are: []
DBWrapper: report latency for each error is false and specific error codes to track for latency are: []
DBWrapper: report latency for each error is false and specific error codes to track for latency are: []
DBWrapper: report latency for each error is false and specific error codes to track for latency are: []
DBWrapper: report latency for each error is false and specific error codes to track for latency are: []
DBWrapper: report latency for each error is false and specific error codes to track for latency are: []
DBWrapper: report latency for each error is false and specific error codes to track for latency are: []
DBWrapper: report latency for each error is false and specific error codes to track for latency are: []
DBWrapper: report latency for each error is false and specific error codes to track for latency are: []
DBWrapper: report latency for each error is false and specific error codes to track for latency are: []
DBWrapper: report latency for each error is false and specific error codes to track for latency are: []
DBWrapper: report latency for each error is false and specific error codes to track for latency are: []
DBWrapper: report latency for each error is false and specific error codes to track for latency are: []
DBWrapper: report latency for each error is false and specific error codes to track for latency are: []
DBWrapper: report latency for each error is false and specific error codes to track for latency are: []
DBWrapper: report latency for each error is false and specific error codes to track for latency are: []
DBWrapper: report latency for each error is false and specific error codes to track for latency are: []
DBWrapper: report latency for each error is false and specific error codes to track for latency are: []
DBWrapper: report latency for each error is false and specific error codes to track for latency are: []
DBWrapper: report latency for each error is false and specific error codes to track for latency are: []
DBWrapper: report latency for each error is false and specific error codes to track for latency are: []
DBWrapper: report latency for each error is false and specific error codes to track for latency are: []
DBWrapper: report latency for each error is false and specific error codes to track for latency are: []
DBWrapper: report latency for each error is false and specific error codes to track for latency are: []
DBWrapper: report latency for each error is false and specific error codes to track for latency are: []
DBWrapper: report latency for each error is false and specific error codes to track for latency are: []
DBWrapper: report latency for each error is false and specific error codes to track for latency are: []
DBWrapper: report latency for each error is false and specific error codes to track for latency are: []
DBWrapper: report latency for each error is false and specific error codes to track for latency are: []
DBWrapper: report latency for each error is false and specific error codes to track for latency are: []
DBWrapper: report latency for each error is false and specific error codes to track for latency are: []
DBWrapper: report latency for each error is false and specific error codes to track for latency are: []
DBWrapper: report latency for each error is false and specific error codes to track for latency are: []
DBWrapper: report latency for each error is false and specific error codes to track for latency are: []
DBWrapper: report latency for each error is false and specific error codes to track for latency are: []
DBWrapper: report latency for each error is false and specific error codes to track for latency are: []
DBWrapper: report latency for each error is false and specific error codes to track for latency are: []
DBWrapper: report latency for each error is false and specific error codes to track for latency are: []
DBWrapper: report latency for each error is false and specific error codes to track for latency are: []
DBWrapper: report latency for each error is false and specific error codes to track for latency are: []
DBWrapper: report latency for each error is false and specific error codes to track for latency are: []
DBWrapper: report latency for each error is false and specific error codes to track for latency are: []
DBWrapper: report latency for each error is false and specific error codes to track for latency are: []
DBWrapper: report latency for each error is false and specific error codes to track for latency are: []
DBWrapper: report latency for each error is false and specific error codes to track for latency are: []
DBWrapper: report latency for each error is false and specific error codes to track for latency are: []
DBWrapper: report latency for each error is false and specific error codes to track for latency are: []
DBWrapper: report latency for each error is false and specific error codes to track for latency are: []
DBWrapper: report latency for each error is false and specific error codes to track for latency are: []
DBWrapper: report latency for each error is false and specific error codes to track for latency are: []
DBWrapper: report latency for each error is false and specific error codes to track for latency are: []
DBWrapper: report latency for each error is false and specific error codes to track for latency are: []
DBWrapper: report latency for each error is false and specific error codes to track for latency are: []
DBWrapper: report latency for each error is false and specific error codes to track for latency are: []
DBWrapper: report latency for each error is false and specific error codes to track for latency are: []
DBWrapper: report latency for each error is false and specific error codes to track for latency are: []
DBWrapper: report latency for each error is false and specific error codes to track for latency are: []
DBWrapper: report latency for each error is false and specific error codes to track for latency are: []
DBWrapper: report latency for each error is false and specific error codes to track for latency are: []
DBWrapper: report latency for each error is false and specific error codes to track for latency are: []
DBWrapper: report latency for each error is false and specific error codes to track for latency are: []
DBWrapper: report latency for each error is false and specific error codes to track for latency are: []
DBWrapper: report latency for each error is false and specific error codes to track for latency are: []
DBWrapper: report latency for each error is false and specific error codes to track for latency are: []
DBWrapper: report latency for each error is false and specific error codes to track for latency are: []
DBWrapper: report latency for each error is false and specific error codes to track for latency are: []
DBWrapper: report latency for each error is false and specific error codes to track for latency are: []
DBWrapper: report latency for each error is false and specific error codes to track for latency are: []
DBWrapper: report latency for each error is false and specific error codes to track for latency are: []
DBWrapper: report latency for each error is false and specific error codes to track for latency are: []
DBWrapper: report latency for each error is false and specific error codes to track for latency are: []
DBWrapper: report latency for each error is false and specific error codes to track for latency are: []
DBWrapper: report latency for each error is false and specific error codes to track for latency are: []
DBWrapper: report latency for each error is false and specific error codes to track for latency are: []
DBWrapper: report latency for each error is false and specific error codes to track for latency are: []
DBWrapper: report latency for each error is false and specific error codes to track for latency are: []
DBWrapper: report latency for each error is false and specific error codes to track for latency are: []
DBWrapper: report latency for each error is false and specific error codes to track for latency are: []
DBWrapper: report latency for each error is false and specific error codes to track for latency are: []
DBWrapper: report latency for each error is false and specific error codes to track for latency are: []
DBWrapper: report latency for each error is false and specific error codes to track for latency are: []
DBWrapper: report latency for each error is false and specific error codes to track for latency are: []
DBWrapper: report latency for each error is false and specific error codes to track for latency are: []
DBWrapper: report latency for each error is false and specific error codes to track for latency are: []
DBWrapper: report latency for each error is false and specific error codes to track for latency are: []
DBWrapper: report latency for each error is false and specific error codes to track for latency are: []
DBWrapper: report latency for each error is false and specific error codes to track for latency are: []
DBWrapper: report latency for each error is false and specific error codes to track for latency are: []
DBWrapper: report latency for each error is false and specific error codes to track for latency are: []
DBWrapper: report latency for each error is false and specific error codes to track for latency are: []
DBWrapper: report latency for each error is false and specific error codes to track for latency are: []
DBWrapper: report latency for each error is false and specific error codes to track for latency are: []
DBWrapper: report latency for each error is false and specific error codes to track for latency are: []
DBWrapper: report latency for each error is false and specific error codes to track for latency are: []
DBWrapper: report latency for each error is false and specific error codes to track for latency are: []
DBWrapper: report latency for each error is false and specific error codes to track for latency are: []
DBWrapper: report latency for each error is false and specific error codes to track for latency are: []
DBWrapper: report latency for each error is false and specific error codes to track for latency are: []
DBWrapper: report latency for each error is false and specific error codes to track for latency are: []
DBWrapper: report latency for each error is false and specific error codes to track for latency are: []
DBWrapper: report latency for each error is false and specific error codes to track for latency are: []
DBWrapper: report latency for each error is false and specific error codes to track for latency are: []
DBWrapper: report latency for each error is false and specific error codes to track for latency are: []
DBWrapper: report latency for each error is false and specific error codes to track for latency are: []
DBWrapper: report latency for each error is false and specific error codes to track for latency are: []
DBWrapper: report latency for each error is false and specific error codes to track for latency are: []
DBWrapper: report latency for each error is false and specific error codes to track for latency are: []
DBWrapper: report latency for each error is false and specific error codes to track for latency are: []
DBWrapper: report latency for each error is false and specific error codes to track for latency are: []
DBWrapper: report latency for each error is false and specific error codes to track for latency are: []
DBWrapper: report latency for each error is false and specific error codes to track for latency are: []
DBWrapper: report latency for each error is false and specific error codes to track for latency are: []
DBWrapper: report latency for each error is false and specific error codes to track for latency are: []
DBWrapper: report latency for each error is false and specific error codes to track for latency are: []
DBWrapper: report latency for each error is false and specific error codes to track for latency are: []
DBWrapper: report latency for each error is false and specific error codes to track for latency are: []
DBWrapper: report latency for each error is false and specific error codes to track for latency are: []
DBWrapper: report latency for each error is false and specific error codes to track for latency are: []
DBWrapper: report latency for each error is false and specific error codes to track for latency are: []
DBWrapper: report latency for each error is false and specific error codes to track for latency are: []
DBWrapper: report latency for each error is false and specific error codes to track for latency are: []
DBWrapper: report latency for each error is false and specific error codes to track for latency are: []
DBWrapper: report latency for each error is false and specific error codes to track for latency are: []
DBWrapper: report latency for each error is false and specific error codes to track for latency are: []
DBWrapper: report latency for each error is false and specific error codes to track for latency are: []
DBWrapper: report latency for each error is false and specific error codes to track for latency are: []
DBWrapper: report latency for each error is false and specific error codes to track for latency are: []
DBWrapper: report latency for each error is false and specific error codes to track for latency are: []
DBWrapper: report latency for each error is false and specific error codes to track for latency are: []
DBWrapper: report latency for each error is false and specific error codes to track for latency are: []
DBWrapper: report latency for each error is false and specific error codes to track for latency are: []
DBWrapper: report latency for each error is false and specific error codes to track for latency are: []
DBWrapper: report latency for each error is false and specific error codes to track for latency are: []
DBWrapper: report latency for each error is false and specific error codes to track for latency are: []
DBWrapper: report latency for each error is false and specific error codes to track for latency are: []
DBWrapper: report latency for each error is false and specific error codes to track for latency are: []
DBWrapper: report latency for each error is false and specific error codes to track for latency are: []
DBWrapper: report latency for each error is false and specific error codes to track for latency are: []
DBWrapper: report latency for each error is false and specific error codes to track for latency are: []
DBWrapper: report latency for each error is false and specific error codes to track for latency are: []
DBWrapper: report latency for each error is false and specific error codes to track for latency are: []
DBWrapper: report latency for each error is false and specific error codes to track for latency are: []
DBWrapper: report latency for each error is false and specific error codes to track for latency are: []
DBWrapper: report latency for each error is false and specific error codes to track for latency are: []
DBWrapper: report latency for each error is false and specific error codes to track for latency are: []
DBWrapper: report latency for each error is false and specific error codes to track for latency are: []
DBWrapper: report latency for each error is false and specific error codes to track for latency are: []
DBWrapper: report latency for each error is false and specific error codes to track for latency are: []
DBWrapper: report latency for each error is false and specific error codes to track for latency are: []
DBWrapper: report latency for each error is false and specific error codes to track for latency are: []
DBWrapper: report latency for each error is false and specific error codes to track for latency are: []
DBWrapper: report latency for each error is false and specific error codes to track for latency are: []
DBWrapper: report latency for each error is false and specific error codes to track for latency are: []
DBWrapper: report latency for each error is false and specific error codes to track for latency are: []
DBWrapper: report latency for each error is false and specific error codes to track for latency are: []
DBWrapper: report latency for each error is false and specific error codes to track for latency are: []
DBWrapper: report latency for each error is false and specific error codes to track for latency are: []
DBWrapper: report latency for each error is false and specific error codes to track for latency are: []
DBWrapper: report latency for each error is false and specific error codes to track for latency are: []
DBWrapper: report latency for each error is false and specific error codes to track for latency are: []
DBWrapper: report latency for each error is false and specific error codes to track for latency are: []
DBWrapper: report latency for each error is false and specific error codes to track for latency are: []
DBWrapper: report latency for each error is false and specific error codes to track for latency are: []
DBWrapper: report latency for each error is false and specific error codes to track for latency are: []
DBWrapper: report latency for each error is false and specific error codes to track for latency are: []
DBWrapper: report latency for each error is false and specific error codes to track for latency are: []
DBWrapper: report latency for each error is false and specific error codes to track for latency are: []
DBWrapper: report latency for each error is false and specific error codes to track for latency are: []
DBWrapper: report latency for each error is false and specific error codes to track for latency are: []
DBWrapper: report latency for each error is false and specific error codes to track for latency are: []
DBWrapper: report latency for each error is false and specific error codes to track for latency are: []
DBWrapper: report latency for each error is false and specific error codes to track for latency are: []
DBWrapper: report latency for each error is false and specific error codes to track for latency are: []
DBWrapper: report latency for each error is false and specific error codes to track for latency are: []
DBWrapper: report latency for each error is false and specific error codes to track for latency are: []
DBWrapper: report latency for each error is false and specific error codes to track for latency are: []
DBWrapper: report latency for each error is false and specific error codes to track for latency are: []
DBWrapper: report latency for each error is false and specific error codes to track for latency are: []
DBWrapper: report latency for each error is false and specific error codes to track for latency are: []
DBWrapper: report latency for each error is false and specific error codes to track for latency are: []
DBWrapper: report latency for each error is false and specific error codes to track for latency are: []
DBWrapper: report latency for each error is false and specific error codes to track for latency are: []
DBWrapper: report latency for each error is false and specific error codes to track for latency are: []
DBWrapper: report latency for each error is false and specific error codes to track for latency are: []
DBWrapper: report latency for each error is false and specific error codes to track for latency are: []
DBWrapper: report latency for each error is false and specific error codes to track for latency are: []
DBWrapper: report latency for each error is false and specific error codes to track for latency are: []
DBWrapper: report latency for each error is false and specific error codes to track for latency are: []
DBWrapper: report latency for each error is false and specific error codes to track for latency are: []
2020-09-17 12:38:02:999 10 sec: 37902 operations; 3789.82 current ops/sec; est completion in 43 minutes [READ: Count=18990, Max=1101823, Min=6004, Avg=57395.69, 90=93887, 99=314111, 99.9=964095, 99.99=1084415] [UPDATE: Count=19083, Max=1131519, Min=5444, Avg=47980.63, 90=72639, 99=281087, 99.9=951295, 99.99=1096703] 
2020-09-17 12:38:12:999 20 sec: 98607 operations; 6071.11 current ops/sec; est completion in 33 minutes [READ: Count=30324, Max=1141759, Min=4002, Avg=56729.81, 90=103167, 99=483839, 99.9=801279, 99.99=955391] [UPDATE: Count=30269, Max=856575, Min=3532, Avg=41891.65, 90=67391, 99=334335, 99.9=736255, 99.99=818687] 
2020-09-17 12:38:22:999 30 sec: 169110 operations; 7050.3 current ops/sec; est completion in 29 minutes [READ: Count=35218, Max=580607, Min=5284, Avg=47694.33, 90=86143, 99=198911, 99.9=503807, 99.99=542207] [UPDATE: Count=35300, Max=551935, Min=4144, Avg=37556.62, 90=62239, 99=131007, 99.9=475391, 99.99=523007] 
2020-09-17 12:38:32:999 40 sec: 220221 operations; 5111.1 current ops/sec; est completion in 29 minutes [READ: Count=25553, Max=3338239, Min=3274, Avg=65905.52, 90=98303, 99=276991, 99.9=3270655, 99.99=3321855] [UPDATE-FAILED: Count=2, Max=3911679, Min=3856384, Avg=3884032, 90=3911679, 99=3911679, 99.9=3911679, 99.99=3911679] [UPDATE: Count=25518, Max=3330047, Min=3658, Avg=50955.25, 90=69695, 99=176511, 99.9=3174399, 99.99=3299327] [READ-FAILED: Count=1, Max=4057087, Min=4055040, Avg=4056064, 90=4057087, 99=4057087, 99.9=4057087, 99.99=4057087] 
2020-09-17 12:38:42:999 50 sec: 290507 operations; 7028.6 current ops/sec; est completion in 27 minutes [READ: Count=35137, Max=591359, Min=6188, Avg=48204.49, 90=93247, 99=194687, 99.9=327423, 99.99=444671] [UPDATE-FAILED: Count=0, Max=0, Min=9223372036854775807, Avg=NaN, 90=0, 99=0, 99.9=0, 99.99=0] [UPDATE: Count=35169, Max=381951, Min=4752, Avg=37158.61, 90=69055, 99=130751, 99.9=231807, 99.99=357631] [READ-FAILED: Count=0, Max=0, Min=9223372036854775807, Avg=NaN, 90=0, 99=0, 99.9=0, 99.99=0] 
2020-09-17 12:38:52:999 60 sec: 356051 operations; 6554.4 current ops/sec; est completion in 27 minutes [READ: Count=32575, Max=1467391, Min=3938, Avg=51865.77, 90=90047, 99=292351, 99.9=1185791, 99.99=1381375] [UPDATE-FAILED: Count=0, Max=0, Min=9223372036854775807, Avg=NaN, 90=0, 99=0, 99.9=0, 99.99=0] [UPDATE: Count=32951, Max=1236991, Min=3820, Avg=39737.72, 90=65471, 99=175103, 99.9=1059839, 99.99=1227775] [READ-FAILED: Count=0, Max=0, Min=9223372036854775807, Avg=NaN, 90=0, 99=0, 99.9=0, 99.99=0] 
2020-09-17 12:39:02:999 70 sec: 421263 operations; 6521.2 current ops/sec; est completion in 26 minutes [READ: Count=32671, Max=771583, Min=2936, Avg=51818.4, 90=95743, 99=245247, 99.9=665087, 99.99=736255] [UPDATE-FAILED: Count=0, Max=0, Min=9223372036854775807, Avg=NaN, 90=0, 99=0, 99.9=0, 99.99=0] [UPDATE: Count=32526, Max=680959, Min=4244, Avg=39881.97, 90=69375, 99=159231, 99.9=621567, 99.99=660991] [READ-FAILED: Count=0, Max=0, Min=9223372036854775807, Avg=NaN, 90=0, 99=0, 99.9=0, 99.99=0] 
2020-09-17 12:39:12:999 80 sec: 483005 operations; 6173.58 current ops/sec; est completion in 26 minutes [READ: Count=30989, Max=1614847, Min=4416, Avg=56186.9, 90=106431, 99=283391, 99.9=566271, 99.99=640511] [UPDATE-FAILED: Count=0, Max=0, Min=9223372036854775807, Avg=NaN, 90=0, 99=0, 99.9=0, 99.99=0] [UPDATE: Count=30764, Max=583167, Min=4304, Avg=41205.99, 90=74239, 99=157439, 99.9=430591, 99.99=544255] [READ-FAILED: Count=0, Max=0, Min=9223372036854775807, Avg=NaN, 90=0, 99=0, 99.9=0, 99.99=0] 
2020-09-17 12:39:22:999 90 sec: 522974 operations; 3997.3 current ops/sec; est completion in 27 minutes [READ: Count=19928, Max=3919871, Min=3546, Avg=87696.74, 90=133631, 99=586239, 99.9=3530751, 99.99=3708927] [UPDATE-FAILED: Count=1, Max=4599807, Min=4595712, Avg=4597760, 90=4599807, 99=4599807, 99.9=4599807, 99.99=4599807] [UPDATE: Count=20015, Max=3510271, Min=3050, Avg=57531.24, 90=64191, 99=340991, 99.9=3383295, 99.99=3497983] [READ-FAILED: Count=11, Max=2408447, Min=2160640, Avg=2366464, 90=2402303, 99=2408447, 99.9=2408447, 99.99=2408447] 
2020-09-17 12:39:32:999 100 sec: 565827 operations; 4285.3 current ops/sec; est completion in 27 minutes [READ: Count=21230, Max=2867199, Min=3528, Avg=72583.37, 90=132863, 99=771583, 99.9=1733631, 99.99=2840575] [UPDATE-FAILED: Count=0, Max=0, Min=9223372036854775807, Avg=NaN, 90=0, 99=0, 99.9=0, 99.99=0] [UPDATE: Count=21605, Max=1144831, Min=3322, Avg=44380.94, 90=68095, 99=474879, 99.9=844287, 99.99=1059839] [READ-FAILED: Count=0, Max=0, Min=9223372036854775807, Avg=NaN, 90=0, 99=0, 99.9=0, 99.99=0] 
2020-09-17 12:39:42:999 110 sec: 609811 operations; 4398.4 current ops/sec; est completion in 28 minutes [READ: Count=22198, Max=4907007, Min=3518, Avg=94311.16, 90=149887, 99=1426431, 99.9=3426303, 99.99=4743167] [UPDATE-FAILED: Count=4, Max=3395583, Min=3268608, Avg=3329024, 90=3395583, 99=3395583, 99.9=3395583, 99.99=3395583] [UPDATE: Count=21820, Max=3919871, Min=3758, Avg=66611.14, 90=71615, 99=1272831, 99.9=3237887, 99.99=3471359] [READ-FAILED: Count=0, Max=0, Min=9223372036854775807, Avg=NaN, 90=0, 99=0, 99.9=0, 99.99=0] 
2020-09-17 12:39:52:999 120 sec: 651443 operations; 4163.2 current ops/sec; est completion in 28 minutes [READ: Count=20953, Max=3500031, Min=4292, Avg=82871.6, 90=140287, 99=551935, 99.9=3332095, 99.99=3461119] [UPDATE-FAILED: Count=0, Max=0, Min=9223372036854775807, Avg=NaN, 90=0, 99=0, 99.9=0, 99.99=0] [UPDATE: Count=20646, Max=3500031, Min=3754, Avg=60126.49, 90=72511, 99=373759, 99.9=3266559, 99.99=3401727] [READ-FAILED: Count=0, Max=0, Min=9223372036854775807, Avg=NaN, 90=0, 99=0, 99.9=0, 99.99=0] 
2020-09-17 12:40:02:999 130 sec: 684337 operations; 3289.4 current ops/sec; est completion in 29 minutes [READ: Count=16390, Max=5173247, Min=3672, Avg=121876.54, 90=268543, 99=1773567, 99.9=4085759, 99.99=4968447] [UPDATE-FAILED: Count=20, Max=4032511, Min=2338816, Avg=2903347.2, 90=4001791, 99=4032511, 99.9=4032511, 99.99=4032511] [UPDATE: Count=16478, Max=3938303, Min=3772, Avg=54755.91, 90=52863, 99=1092607, 99.9=2471935, 99.99=3848191] [READ-FAILED: Count=6, Max=4345855, Min=2963456, Avg=3926869.33, 90=4308991, 99=4345855, 99.9=4345855, 99.99=4345855] 
2020-09-17 12:40:12:999 140 sec: 699125 operations; 1478.8 current ops/sec; est completion in 31 minutes [READ: Count=7298, Max=5718015, Min=3964, Avg=188877.82, 90=377087, 99=3045375, 99.9=5554175, 99.99=5652479] [UPDATE-FAILED: Count=57, Max=5316607, Min=2001920, Avg=2517486.04, 90=4198399, 99=4689919, 99.9=5316607, 99.99=5316607] [UPDATE: Count=7410, Max=5533695, Min=3656, Avg=135629.51, 90=105279, 99=2676735, 99.9=5476351, 99.99=5529599] [READ-FAILED: Count=16, Max=5513215, Min=2019328, Avg=4769888, 90=5439487, 99=5513215, 99.9=5513215, 99.99=5513215] 
2020-09-17 12:40:23:000 150 sec: 704295 operations; 516.95 current ops/sec; est completion in 33 minutes [READ: Count=2138, Max=5857279, Min=3584, Avg=68878.51, 90=163711, 99=914943, 99.9=3426303, 99.99=5857279] [UPDATE-FAILED: Count=413, Max=7163903, Min=2001920, Avg=2055510.16, 90=2012159, 99=2496511, 99.9=7163903, 99.99=7163903] [UPDATE: Count=2266, Max=995839, Min=3498, Avg=12896.63, 90=14527, 99=98559, 99.9=758271, 99.99=995839] [READ-FAILED: Count=355, Max=10477567, Min=5001216, Avg=5320600.16, 90=5517311, 99=10215423, 99.9=10477567, 99.99=10477567] 
2020-09-17 12:40:32:999 160 sec: 712937 operations; 864.2 current ops/sec; est completion in 34 minutes [READ: Count=3464, Max=1095679, Min=3150, Avg=52733.49, 90=147711, 99=510207, 99.9=869887, 99.99=1095679] [UPDATE-FAILED: Count=763, Max=2240511, Min=4304, Avg=1039575.88, 90=2006015, 99=2040831, 99.9=2224127, 99.99=2240511] [UPDATE: Count=3604, Max=729087, Min=3078, Avg=24960.62, 90=44223, 99=327679, 99.9=637439, 99.99=729087] [READ-FAILED: Count=818, Max=6021119, Min=4044, Avg=2511504.07, 90=5005311, 99=5107711, 99.9=5992447, 99.99=6021119] 
2020-09-17 12:40:42:999 170 sec: 726500 operations; 1356.44 current ops/sec; est completion in 36 minutes [READ: Count=5611, Max=3721215, Min=3402, Avg=270633.6, 90=913407, 99=2195455, 99.9=3217407, 99.99=3702783] [UPDATE-FAILED: Count=1138, Max=2059263, Min=3340, Avg=130814.44, 90=504319, 99=1512447, 99.9=2040831, 99.99=2059263] [UPDATE: Count=5563, Max=2535423, Min=3136, Avg=149651.87, 90=572927, 99=1575935, 99.9=2007039, 99.99=2410495] [READ-FAILED: Count=1245, Max=6303743, Min=3510, Avg=547737.72, 90=1229823, 99=5136383, 99.9=6127615, 99.99=6303743] 
2020-09-17 12:40:52:999 180 sec: 740792 operations; 1429.2 current ops/sec; est completion in 37 minutes [READ: Count=5924, Max=7270399, Min=3378, Avg=297229.35, 90=846847, 99=3713023, 99.9=6111231, 99.99=6852607] [UPDATE-FAILED: Count=1212, Max=3457023, Min=3696, Avg=187670.57, 90=443391, 99=2770943, 99.9=3248127, 99.99=3457023] [UPDATE: Count=5993, Max=3745791, Min=3242, Avg=158873.56, 90=465151, 99=2205695, 99.9=3061759, 99.99=3297279] [READ-FAILED: Count=1176, Max=5193727, Min=3856, Avg=120390.06, 90=150911, 99=2506751, 99.9=3602431, 99.99=5193727] 
2020-09-17 12:41:03:000 190 sec: 757593 operations; 1679.93 current ops/sec; est completion in 38 minutes [READ: Count=7055, Max=4354047, Min=3796, Avg=247904.96, 90=867839, 99=2074623, 99.9=3823615, 99.99=4313087] [UPDATE-FAILED: Count=1319, Max=2129919, Min=3900, Avg=111479.62, 90=410367, 99=1406975, 99.9=2095103, 99.99=2129919] [UPDATE: Count=6999, Max=2263039, Min=2918, Avg=143474.31, 90=491519, 99=1626111, 99.9=2107391, 99.99=2170879] [READ-FAILED: Count=1414, Max=2283519, Min=3512, Avg=103449.21, 90=356351, 99=1609727, 99.9=2172927, 99.99=2283519] 
2020-09-17 12:41:12:999 200 sec: 774872 operations; 1727.9 current ops/sec; est completion in 39 minutes [READ: Count=7346, Max=3246079, Min=3000, Avg=200692.26, 90=725503, 99=1812479, 99.9=2420735, 99.99=3016703] [UPDATE-FAILED: Count=1345, Max=2789375, Min=3710, Avg=105135.63, 90=279039, 99=2006015, 99.9=2668543, 99.99=2789375] [UPDATE: Count=7156, Max=2285567, Min=3274, Avg=138128.67, 90=487935, 99=1573887, 99.9=1893375, 99.99=2072575] [READ-FAILED: Count=1429, Max=2559999, Min=3768, Avg=87924.49, 90=257151, 99=1214463, 99.9=2271231, 99.99=2559999] 
2020-09-17 12:41:23:001 210 sec: 780997 operations; 612.44 current ops/sec; est completion in 41 minutes [READ: Count=2480, Max=10674175, Min=3600, Avg=500926.82, 90=1598463, 99=8048639, 99.9=10444799, 99.99=10674175] [UPDATE-FAILED: Count=557, Max=8024063, Min=4284, Avg=745798.98, 90=2011135, 99=7938047, 99.9=8019967, 99.99=8024063] [UPDATE: Count=2514, Max=9461759, Min=3718, Avg=346832.96, 90=558079, 99=8003583, 99.9=8503295, 99.99=9461759] [READ-FAILED: Count=574, Max=9379839, Min=3776, Avg=1034371.85, 90=5009407, 99=8228863, 99.9=8536063, 99.99=9379839] 
2020-09-17 12:41:32:999 220 sec: 797355 operations; 1636.13 current ops/sec; est completion in 42 minutes [READ: Count=6852, Max=11067391, Min=3262, Avg=122320.3, 90=162687, 99=2715647, 99.9=4870143, 99.99=8986623] [UPDATE-FAILED: Count=1941, Max=8019967, Min=4300, Avg=863009.81, 90=2011135, 99=3041279, 99.9=3272703, 99.99=8019967] [UPDATE: Count=6214, Max=4915199, Min=3056, Avg=73670.97, 90=110143, 99=1238015, 99.9=3053567, 99.99=4636671] [READ-FAILED: Count=1364, Max=5005311, Min=3636, Avg=55360.25, 90=33759, 99=1101823, 99.9=5005311, 99.99=5005311] 
2020-09-17 12:41:42:999 230 sec: 811501 operations; 1414.6 current ops/sec; est completion in 43 minutes [READ: Count=5744, Max=2408447, Min=3362, Avg=31077.32, 90=54271, 99=255743, 99.9=993791, 99.99=2402303] [UPDATE-FAILED: Count=2129, Max=2234367, Min=4046, Avg=1077376.86, 90=2008063, 99=2040831, 99.9=2215935, 99.99=2234367] [UPDATE: Count=5180, Max=468735, Min=3182, Avg=19141.55, 90=31199, 99=155391, 99.9=390143, 99.99=456191] [READ-FAILED: Count=1083, Max=258175, Min=3800, Avg=11168.09, 90=15607, 99=68863, 99.9=245119, 99.99=258175] 
2020-09-17 12:41:52:999 240 sec: 813037 operations; 153.58 current ops/sec; est completion in 45 minutes [READ: Count=339, Max=8093695, Min=3398, Avg=951476.42, 90=5091327, 99=7892991, 99.9=8093695, 99.99=8093695] [UPDATE-FAILED: Count=498, Max=9650175, Min=4232, Avg=2128731.86, 90=4550655, 99=8912895, 99.9=9650175, 99.99=9650175] [UPDATE: Count=343, Max=8056831, Min=3526, Avg=711470.37, 90=3948543, 99=8011775, 99.9=8056831, 99.99=8056831] [READ-FAILED: Count=354, Max=13025279, Min=4100, Avg=3737256.86, 90=7663615, 99=11698175, 99.9=13025279, 99.99=13025279] 
2020-09-17 12:42:03:001 250 sec: 815233 operations; 219.58 current ops/sec; est completion in 46 minutes [READ: Count=498, Max=1168383, Min=3890, Avg=23229.31, 90=13223, 99=502015, 99.9=1168383, 99.99=1168383] [UPDATE-FAILED: Count=627, Max=2246655, Min=4100, Avg=1479725.67, 90=2006015, 99=2010111, 99.9=2125823, 99.99=2246655] [UPDATE: Count=513, Max=165759, Min=3498, Avg=8015.41, 90=11487, 99=21455, 99.9=107775, 99.99=165759] [READ-FAILED: Count=559, Max=17088511, Min=3626, Avg=3689702.59, 90=5005311, 99=17022975, 99.9=17072127, 99.99=17088511] 
2020-09-17 12:42:12:999 260 sec: 841643 operations; 2641.53 current ops/sec; est completion in 47 minutes [READ: Count=5822, Max=1487871, Min=4232, Avg=81868.94, 90=216831, 99=887295, 99.9=1156095, 99.99=1298431] [UPDATE-FAILED: Count=7325, Max=2275327, Min=3388, Avg=108244.59, 90=145279, 99=2007039, 99.9=2040831, 99.99=2222079] [UPDATE: Count=5712, Max=1584127, Min=3392, Avg=57991.93, 90=111551, 99=728063, 99.9=1056767, 99.99=1172479] [READ-FAILED: Count=7569, Max=5558271, Min=3314, Avg=269349.61, 90=236927, 99=5009407, 99.9=5046271, 99.99=5554175] 
2020-09-17 12:42:22:999 270 sec: 867163 operations; 2552 current ops/sec; est completion in 47 minutes [READ: Count=5720, Max=1350655, Min=3640, Avg=57482.18, 90=108735, 99=781311, 99.9=1268735, 99.99=1338367] [UPDATE-FAILED: Count=6889, Max=2340863, Min=3548, Avg=255101.21, 90=1181695, 99=2014207, 99.9=2201599, 99.99=2314239] [UPDATE: Count=5721, Max=1420287, Min=3432, Avg=48068.46, 90=68991, 99=753151, 99.9=1272831, 99.99=1341439] [READ-FAILED: Count=7185, Max=1329151, Min=3480, Avg=56280.09, 90=71359, 99=927743, 99.9=1240063, 99.99=1290239] 
2020-09-17 12:42:32:999 280 sec: 885948 operations; 1878.5 current ops/sec; est completion in 48 minutes [READ: Count=4096, Max=534015, Min=3662, Avg=16572.43, 90=25663, 99=87423, 99.9=495871, 99.99=534015] [UPDATE-FAILED: Count=5368, Max=2439167, Min=3452, Avg=525583.32, 90=2006015, 99=2014207, 99.9=2107391, 99.99=2254847] [UPDATE: Count=4099, Max=534527, Min=3124, Avg=14096.5, 90=21407, 99=60991, 99.9=272639, 99.99=534527] [READ-FAILED: Count=5218, Max=501247, Min=3204, Avg=9910.72, 90=14647, 99=41183, 99.9=319231, 99.99=491775] 
2020-09-17 12:42:42:999 290 sec: 902411 operations; 1646.14 current ops/sec; est completion in 48 minutes [READ: Count=3608, Max=547327, Min=3502, Avg=27790.42, 90=59263, 99=231807, 99.9=501247, 99.99=547327] [UPDATE-FAILED: Count=4680, Max=2500607, Min=3834, Avg=547683.71, 90=2004991, 99=2042879, 99.9=2209791, 99.99=2500607] [UPDATE: Count=3685, Max=1968127, Min=3658, Avg=64547.21, 90=60575, 99=1498111, 99.9=1871871, 99.99=1968127] [READ-FAILED: Count=4479, Max=399615, Min=3502, Avg=14046.92, 90=25215, 99=99903, 99.9=276735, 99.99=399615] 
2020-09-17 12:42:52:999 300 sec: 919015 operations; 1660.57 current ops/sec; est completion in 49 minutes [READ: Count=3720, Max=898559, Min=3760, Avg=29520.48, 90=49727, 99=279551, 99.9=849919, 99.99=898559] [UPDATE-FAILED: Count=4924, Max=2838527, Min=3712, Avg=557985.43, 90=2006015, 99=2069503, 99.9=2799615, 99.99=2838527] [UPDATE: Count=3356, Max=859135, Min=3496, Avg=24711.1, 90=34015, 99=265727, 99.9=828415, 99.99=859135] [READ-FAILED: Count=4619, Max=858623, Min=3438, Avg=21892.83, 90=21599, 99=328191, 99.9=841727, 99.99=858623] 
Maximum time elapsed. Requesting stop for the workload.
Stop requested for workload. Now Joining!
Still waiting for thread Thread-90 to complete. Workload status: true
2020-09-17 12:42:57:594 304 sec: 919958 operations; 205.22 current ops/sec; est completion in 50 minutes [READ: Count=125, Max=60063, Min=4348, Avg=15566.74, 90=32255, 99=46815, 99.9=60063, 99.99=60063] [UPDATE-FAILED: Count=488, Max=2040831, Min=4552, Avg=1379301.68, 90=2007039, 99=2015231, 99.9=2040831, 99.99=2040831] [CLEANUP: Count=300, Max=2252799, Min=0, Avg=7508.82, 90=5, 99=30, 99.9=2252799, 99.99=2252799] [UPDATE: Count=124, Max=32431, Min=4204, Avg=10982.32, 90=17311, 99=31983, 99.9=32431, 99.99=32431] [READ-FAILED: Count=191, Max=34591, Min=3722, Avg=8350.53, 90=12815, 99=28079, 99.9=34591, 99.99=34591] 
[OVERALL], RunTime(ms), 304590
[OVERALL], Throughput(ops/sec), 3020.3158344003414
[TOTAL_GCS_G1_Young_Generation], Count, 23
[TOTAL_GC_TIME_G1_Young_Generation], Time(ms), 341
[TOTAL_GC_TIME_%_G1_Young_Generation], Time(%), 0.1119537739256049
[TOTAL_GCS_G1_Old_Generation], Count, 0
[TOTAL_GC_TIME_G1_Old_Generation], Time(ms), 0
[TOTAL_GC_TIME_%_G1_Old_Generation], Time(%), 0.0
[TOTAL_GCs], Count, 23
[TOTAL_GC_TIME], Time(ms), 341
[TOTAL_GC_TIME_%], Time(%), 0.1119537739256049
[READ], Operations, 419996
[READ], AverageLatency(us), 80945.5722221164
[READ], MinLatency(us), 2936
[READ], MaxLatency(us), 11067391
[READ], 95thPercentileLatency(us), 215679
[READ], 99thPercentileLatency(us), 1047551
[READ], Return=OK, 419996
[READ], Return=ERROR, 39666
[UPDATE-FAILED], Operations, 41700
[UPDATE-FAILED], AverageLatency(us), 485891.5704316547
[UPDATE-FAILED], MinLatency(us), 3340
[UPDATE-FAILED], MaxLatency(us), 9650175
[UPDATE-FAILED], 95thPercentileLatency(us), 2007039
[UPDATE-FAILED], 99thPercentileLatency(us), 2068479
[CLEANUP], Operations, 300
[CLEANUP], AverageLatency(us), 7508.82
[CLEANUP], MinLatency(us), 0
[CLEANUP], MaxLatency(us), 2252799
[CLEANUP], 95thPercentileLatency(us), 6
[CLEANUP], 99thPercentileLatency(us), 30
[UPDATE], Operations, 418596
[UPDATE], AverageLatency(us), 55573.52260174488
[UPDATE], MinLatency(us), 2918
[UPDATE], MaxLatency(us), 9461759
[UPDATE], 95thPercentileLatency(us), 108287
[UPDATE], 99thPercentileLatency(us), 724991
[UPDATE], Return=OK, 418596
[UPDATE], Return=ERROR, 41700
[READ-FAILED], Operations, 39666
[READ-FAILED], AverageLatency(us), 299902.17901981546
[READ-FAILED], MinLatency(us), 3204
[READ-FAILED], MaxLatency(us), 17088511
[READ-FAILED], 95thPercentileLatency(us), 2136063
[READ-FAILED], 99thPercentileLatency(us), 5009407
