/opt/java/openjdk/bin/java  -classpath /usr/src/ycsb/conf:/usr/src/ycsb/lib/HdrHistogram-2.1.4.jar:/usr/src/ycsb/lib/core-0.18.0-SNAPSHOT.jar:/usr/src/ycsb/lib/htrace-core4-4.1.0-incubating.jar:/usr/src/ycsb/lib/jackson-core-asl-1.9.4.jar:/usr/src/ycsb/lib/jackson-mapper-asl-1.9.4.jar:/usr/src/ycsb/lib/postgresql-42.2.16.jar:/usr/src/ycsb/cassandra-binding/lib/cassandra-binding-0.18.0-SNAPSHOT.jar:/usr/src/ycsb/cassandra-binding/lib/cassandra-driver-core-3.0.0.jar:/usr/src/ycsb/cassandra-binding/lib/guava-16.0.1.jar:/usr/src/ycsb/cassandra-binding/lib/metrics-core-3.1.2.jar:/usr/src/ycsb/cassandra-binding/lib/netty-buffer-4.0.33.Final.jar:/usr/src/ycsb/cassandra-binding/lib/netty-codec-4.0.33.Final.jar:/usr/src/ycsb/cassandra-binding/lib/netty-common-4.0.33.Final.jar:/usr/src/ycsb/cassandra-binding/lib/netty-handler-4.0.33.Final.jar:/usr/src/ycsb/cassandra-binding/lib/netty-transport-4.0.33.Final.jar:/usr/src/ycsb/cassandra-binding/lib/slf4j-api-1.7.25.jar site.ycsb.Client -t -db site.ycsb.db.CassandraCQLClient -P workloads/workloada -p operationcount=10000000 -p hosts=10.0.7.42,10.0.7.44,10.0.7.39,10.0.7.36,10.0.7.33,10.0.7.30,10.0.7.37,10.0.7.27,10.0.7.24,10.0.7.26,10.0.7.40,10.0.7.21,10.0.7.16,10.0.7.14,10.0.7.19,10.0.7.11,10.0.7.9,10.0.7.7,10.0.7.5,10.0.7.3 -p maxexecutiontime=300 -threads 256 -p cassandra.readconsistencylevel=QUORUM -p cassandra.writeconsistencylevel=QUORUM -s
Command line: -t -db site.ycsb.db.CassandraCQLClient -P workloads/workloada -p operationcount=10000000 -p hosts=10.0.7.42,10.0.7.44,10.0.7.39,10.0.7.36,10.0.7.33,10.0.7.30,10.0.7.37,10.0.7.27,10.0.7.24,10.0.7.26,10.0.7.40,10.0.7.21,10.0.7.16,10.0.7.14,10.0.7.19,10.0.7.11,10.0.7.9,10.0.7.7,10.0.7.5,10.0.7.3 -p maxexecutiontime=300 -threads 256 -p cassandra.readconsistencylevel=QUORUM -p cassandra.writeconsistencylevel=QUORUM -s
YCSB Client 0.18.0-SNAPSHOT

Loading workload...
Starting test.
SLF4J: Failed to load class "org.slf4j.impl.StaticLoggerBinder".
SLF4J: Defaulting to no-operation (NOP) logger implementation
SLF4J: See http://www.slf4j.org/codes.html#StaticLoggerBinder for further details.
Maximum execution time specified as: 300 secs
2020-09-07 13:48:06:327 0 sec: 0 operations; est completion in 0 second 
WARNING: An illegal reflective access operation has occurred
WARNING: Illegal reflective access by io.netty.util.internal.PlatformDependent0 (file:/usr/src/ycsb/cassandra-binding/lib/netty-common-4.0.33.Final.jar) to field java.nio.Buffer.address
WARNING: Please consider reporting this to the maintainers of io.netty.util.internal.PlatformDependent0
WARNING: Use --illegal-access=warn to enable warnings of further illegal reflective access operations
WARNING: All illegal access operations will be denied in a future release
Sep 07, 2020 1:48:06 PM io.netty.util.internal.PlatformDependent <clinit>
INFO: Your platform does not provide complete low-level API for accessing direct buffers reliably. Unless explicitly requested, heap buffer will always be preferred to avoid potential system unstability.
DBWrapper: report latency for each error is false and specific error codes to track for latency are: []
DBWrapper: report latency for each error is false and specific error codes to track for latency are: []
DBWrapper: report latency for each error is false and specific error codes to track for latency are: []
DBWrapper: report latency for each error is false and specific error codes to track for latency are: []
DBWrapper: report latency for each error is false and specific error codes to track for latency are: []
DBWrapper: report latency for each error is false and specific error codes to track for latency are: []
DBWrapper: report latency for each error is false and specific error codes to track for latency are: []
DBWrapper: report latency for each error is false and specific error codes to track for latency are: []
DBWrapper: report latency for each error is false and specific error codes to track for latency are: []
DBWrapper: report latency for each error is false and specific error codes to track for latency are: []
DBWrapper: report latency for each error is false and specific error codes to track for latency are: []
DBWrapper: report latency for each error is false and specific error codes to track for latency are: []
DBWrapper: report latency for each error is false and specific error codes to track for latency are: []
DBWrapper: report latency for each error is false and specific error codes to track for latency are: []
DBWrapper: report latency for each error is false and specific error codes to track for latency are: []
DBWrapper: report latency for each error is false and specific error codes to track for latency are: []
DBWrapper: report latency for each error is false and specific error codes to track for latency are: []
DBWrapper: report latency for each error is false and specific error codes to track for latency are: []
DBWrapper: report latency for each error is false and specific error codes to track for latency are: []
DBWrapper: report latency for each error is false and specific error codes to track for latency are: []
DBWrapper: report latency for each error is false and specific error codes to track for latency are: []
DBWrapper: report latency for each error is false and specific error codes to track for latency are: []
DBWrapper: report latency for each error is false and specific error codes to track for latency are: []
DBWrapper: report latency for each error is false and specific error codes to track for latency are: []
DBWrapper: report latency for each error is false and specific error codes to track for latency are: []
DBWrapper: report latency for each error is false and specific error codes to track for latency are: []
DBWrapper: report latency for each error is false and specific error codes to track for latency are: []
DBWrapper: report latency for each error is false and specific error codes to track for latency are: []
DBWrapper: report latency for each error is false and specific error codes to track for latency are: []
DBWrapper: report latency for each error is false and specific error codes to track for latency are: []
DBWrapper: report latency for each error is false and specific error codes to track for latency are: []
DBWrapper: report latency for each error is false and specific error codes to track for latency are: []
DBWrapper: report latency for each error is false and specific error codes to track for latency are: []
DBWrapper: report latency for each error is false and specific error codes to track for latency are: []
DBWrapper: report latency for each error is false and specific error codes to track for latency are: []
DBWrapper: report latency for each error is false and specific error codes to track for latency are: []
DBWrapper: report latency for each error is false and specific error codes to track for latency are: []
DBWrapper: report latency for each error is false and specific error codes to track for latency are: []
DBWrapper: report latency for each error is false and specific error codes to track for latency are: []
DBWrapper: report latency for each error is false and specific error codes to track for latency are: []
DBWrapper: report latency for each error is false and specific error codes to track for latency are: []
DBWrapper: report latency for each error is false and specific error codes to track for latency are: []
DBWrapper: report latency for each error is false and specific error codes to track for latency are: []
DBWrapper: report latency for each error is false and specific error codes to track for latency are: []
DBWrapper: report latency for each error is false and specific error codes to track for latency are: []
DBWrapper: report latency for each error is false and specific error codes to track for latency are: []
DBWrapper: report latency for each error is false and specific error codes to track for latency are: []
DBWrapper: report latency for each error is false and specific error codes to track for latency are: []
DBWrapper: report latency for each error is false and specific error codes to track for latency are: []
DBWrapper: report latency for each error is false and specific error codes to track for latency are: []
DBWrapper: report latency for each error is false and specific error codes to track for latency are: []
DBWrapper: report latency for each error is false and specific error codes to track for latency are: []
DBWrapper: report latency for each error is false and specific error codes to track for latency are: []
DBWrapper: report latency for each error is false and specific error codes to track for latency are: []
DBWrapper: report latency for each error is false and specific error codes to track for latency are: []
DBWrapper: report latency for each error is false and specific error codes to track for latency are: []
DBWrapper: report latency for each error is false and specific error codes to track for latency are: []
DBWrapper: report latency for each error is false and specific error codes to track for latency are: []
DBWrapper: report latency for each error is false and specific error codes to track for latency are: []
DBWrapper: report latency for each error is false and specific error codes to track for latency are: []
DBWrapper: report latency for each error is false and specific error codes to track for latency are: []
DBWrapper: report latency for each error is false and specific error codes to track for latency are: []
DBWrapper: report latency for each error is false and specific error codes to track for latency are: []
DBWrapper: report latency for each error is false and specific error codes to track for latency are: []
DBWrapper: report latency for each error is false and specific error codes to track for latency are: []
DBWrapper: report latency for each error is false and specific error codes to track for latency are: []
DBWrapper: report latency for each error is false and specific error codes to track for latency are: []
DBWrapper: report latency for each error is false and specific error codes to track for latency are: []
DBWrapper: report latency for each error is false and specific error codes to track for latency are: []
DBWrapper: report latency for each error is false and specific error codes to track for latency are: []
DBWrapper: report latency for each error is false and specific error codes to track for latency are: []
DBWrapper: report latency for each error is false and specific error codes to track for latency are: []
DBWrapper: report latency for each error is false and specific error codes to track for latency are: []
DBWrapper: report latency for each error is false and specific error codes to track for latency are: []
DBWrapper: report latency for each error is false and specific error codes to track for latency are: []
DBWrapper: report latency for each error is false and specific error codes to track for latency are: []
DBWrapper: report latency for each error is false and specific error codes to track for latency are: []
DBWrapper: report latency for each error is false and specific error codes to track for latency are: []
DBWrapper: report latency for each error is false and specific error codes to track for latency are: []
DBWrapper: report latency for each error is false and specific error codes to track for latency are: []
DBWrapper: report latency for each error is false and specific error codes to track for latency are: []
DBWrapper: report latency for each error is false and specific error codes to track for latency are: []
DBWrapper: report latency for each error is false and specific error codes to track for latency are: []
DBWrapper: report latency for each error is false and specific error codes to track for latency are: []
DBWrapper: report latency for each error is false and specific error codes to track for latency are: []
DBWrapper: report latency for each error is false and specific error codes to track for latency are: []
DBWrapper: report latency for each error is false and specific error codes to track for latency are: []
DBWrapper: report latency for each error is false and specific error codes to track for latency are: []
DBWrapper: report latency for each error is false and specific error codes to track for latency are: []
DBWrapper: report latency for each error is false and specific error codes to track for latency are: []
DBWrapper: report latency for each error is false and specific error codes to track for latency are: []
DBWrapper: report latency for each error is false and specific error codes to track for latency are: []
DBWrapper: report latency for each error is false and specific error codes to track for latency are: []
DBWrapper: report latency for each error is false and specific error codes to track for latency are: []
DBWrapper: report latency for each error is false and specific error codes to track for latency are: []
DBWrapper: report latency for each error is false and specific error codes to track for latency are: []
DBWrapper: report latency for each error is false and specific error codes to track for latency are: []
DBWrapper: report latency for each error is false and specific error codes to track for latency are: []
DBWrapper: report latency for each error is false and specific error codes to track for latency are: []
DBWrapper: report latency for each error is false and specific error codes to track for latency are: []
DBWrapper: report latency for each error is false and specific error codes to track for latency are: []
DBWrapper: report latency for each error is false and specific error codes to track for latency are: []
DBWrapper: report latency for each error is false and specific error codes to track for latency are: []
DBWrapper: report latency for each error is false and specific error codes to track for latency are: []
DBWrapper: report latency for each error is false and specific error codes to track for latency are: []
DBWrapper: report latency for each error is false and specific error codes to track for latency are: []
DBWrapper: report latency for each error is false and specific error codes to track for latency are: []
DBWrapper: report latency for each error is false and specific error codes to track for latency are: []
DBWrapper: report latency for each error is false and specific error codes to track for latency are: []
DBWrapper: report latency for each error is false and specific error codes to track for latency are: []
DBWrapper: report latency for each error is false and specific error codes to track for latency are: []
DBWrapper: report latency for each error is false and specific error codes to track for latency are: []
DBWrapper: report latency for each error is false and specific error codes to track for latency are: []
DBWrapper: report latency for each error is false and specific error codes to track for latency are: []
DBWrapper: report latency for each error is false and specific error codes to track for latency are: []
DBWrapper: report latency for each error is false and specific error codes to track for latency are: []
DBWrapper: report latency for each error is false and specific error codes to track for latency are: []
DBWrapper: report latency for each error is false and specific error codes to track for latency are: []
DBWrapper: report latency for each error is false and specific error codes to track for latency are: []
DBWrapper: report latency for each error is false and specific error codes to track for latency are: []
DBWrapper: report latency for each error is false and specific error codes to track for latency are: []
DBWrapper: report latency for each error is false and specific error codes to track for latency are: []
DBWrapper: report latency for each error is false and specific error codes to track for latency are: []
DBWrapper: report latency for each error is false and specific error codes to track for latency are: []
DBWrapper: report latency for each error is false and specific error codes to track for latency are: []
DBWrapper: report latency for each error is false and specific error codes to track for latency are: []
DBWrapper: report latency for each error is false and specific error codes to track for latency are: []
DBWrapper: report latency for each error is false and specific error codes to track for latency are: []
DBWrapper: report latency for each error is false and specific error codes to track for latency are: []
DBWrapper: report latency for each error is false and specific error codes to track for latency are: []
DBWrapper: report latency for each error is false and specific error codes to track for latency are: []
DBWrapper: report latency for each error is false and specific error codes to track for latency are: []
DBWrapper: report latency for each error is false and specific error codes to track for latency are: []
DBWrapper: report latency for each error is false and specific error codes to track for latency are: []
DBWrapper: report latency for each error is false and specific error codes to track for latency are: []
DBWrapper: report latency for each error is false and specific error codes to track for latency are: []
DBWrapper: report latency for each error is false and specific error codes to track for latency are: []
DBWrapper: report latency for each error is false and specific error codes to track for latency are: []
DBWrapper: report latency for each error is false and specific error codes to track for latency are: []
DBWrapper: report latency for each error is false and specific error codes to track for latency are: []
DBWrapper: report latency for each error is false and specific error codes to track for latency are: []
DBWrapper: report latency for each error is false and specific error codes to track for latency are: []
DBWrapper: report latency for each error is false and specific error codes to track for latency are: []
DBWrapper: report latency for each error is false and specific error codes to track for latency are: []
DBWrapper: report latency for each error is false and specific error codes to track for latency are: []
DBWrapper: report latency for each error is false and specific error codes to track for latency are: []
DBWrapper: report latency for each error is false and specific error codes to track for latency are: []
DBWrapper: report latency for each error is false and specific error codes to track for latency are: []
DBWrapper: report latency for each error is false and specific error codes to track for latency are: []
DBWrapper: report latency for each error is false and specific error codes to track for latency are: []
DBWrapper: report latency for each error is false and specific error codes to track for latency are: []
DBWrapper: report latency for each error is false and specific error codes to track for latency are: []
DBWrapper: report latency for each error is false and specific error codes to track for latency are: []
DBWrapper: report latency for each error is false and specific error codes to track for latency are: []
DBWrapper: report latency for each error is false and specific error codes to track for latency are: []
DBWrapper: report latency for each error is false and specific error codes to track for latency are: []
DBWrapper: report latency for each error is false and specific error codes to track for latency are: []
DBWrapper: report latency for each error is false and specific error codes to track for latency are: []
DBWrapper: report latency for each error is false and specific error codes to track for latency are: []
DBWrapper: report latency for each error is false and specific error codes to track for latency are: []
DBWrapper: report latency for each error is false and specific error codes to track for latency are: []
DBWrapper: report latency for each error is false and specific error codes to track for latency are: []
DBWrapper: report latency for each error is false and specific error codes to track for latency are: []
DBWrapper: report latency for each error is false and specific error codes to track for latency are: []
DBWrapper: report latency for each error is false and specific error codes to track for latency are: []
DBWrapper: report latency for each error is false and specific error codes to track for latency are: []
DBWrapper: report latency for each error is false and specific error codes to track for latency are: []
DBWrapper: report latency for each error is false and specific error codes to track for latency are: []
DBWrapper: report latency for each error is false and specific error codes to track for latency are: []
DBWrapper: report latency for each error is false and specific error codes to track for latency are: []
DBWrapper: report latency for each error is false and specific error codes to track for latency are: []
DBWrapper: report latency for each error is false and specific error codes to track for latency are: []
DBWrapper: report latency for each error is false and specific error codes to track for latency are: []
DBWrapper: report latency for each error is false and specific error codes to track for latency are: []
DBWrapper: report latency for each error is false and specific error codes to track for latency are: []
DBWrapper: report latency for each error is false and specific error codes to track for latency are: []
DBWrapper: report latency for each error is false and specific error codes to track for latency are: []
DBWrapper: report latency for each error is false and specific error codes to track for latency are: []
DBWrapper: report latency for each error is false and specific error codes to track for latency are: []
DBWrapper: report latency for each error is false and specific error codes to track for latency are: []
DBWrapper: report latency for each error is false and specific error codes to track for latency are: []
DBWrapper: report latency for each error is false and specific error codes to track for latency are: []
DBWrapper: report latency for each error is false and specific error codes to track for latency are: []
DBWrapper: report latency for each error is false and specific error codes to track for latency are: []
DBWrapper: report latency for each error is false and specific error codes to track for latency are: []
DBWrapper: report latency for each error is false and specific error codes to track for latency are: []
DBWrapper: report latency for each error is false and specific error codes to track for latency are: []
DBWrapper: report latency for each error is false and specific error codes to track for latency are: []
DBWrapper: report latency for each error is false and specific error codes to track for latency are: []
DBWrapper: report latency for each error is false and specific error codes to track for latency are: []
DBWrapper: report latency for each error is false and specific error codes to track for latency are: []
DBWrapper: report latency for each error is false and specific error codes to track for latency are: []
DBWrapper: report latency for each error is false and specific error codes to track for latency are: []
DBWrapper: report latency for each error is false and specific error codes to track for latency are: []
DBWrapper: report latency for each error is false and specific error codes to track for latency are: []
DBWrapper: report latency for each error is false and specific error codes to track for latency are: []
DBWrapper: report latency for each error is false and specific error codes to track for latency are: []
DBWrapper: report latency for each error is false and specific error codes to track for latency are: []
DBWrapper: report latency for each error is false and specific error codes to track for latency are: []
DBWrapper: report latency for each error is false and specific error codes to track for latency are: []
DBWrapper: report latency for each error is false and specific error codes to track for latency are: []
DBWrapper: report latency for each error is false and specific error codes to track for latency are: []
DBWrapper: report latency for each error is false and specific error codes to track for latency are: []
DBWrapper: report latency for each error is false and specific error codes to track for latency are: []
DBWrapper: report latency for each error is false and specific error codes to track for latency are: []
DBWrapper: report latency for each error is false and specific error codes to track for latency are: []
DBWrapper: report latency for each error is false and specific error codes to track for latency are: []
DBWrapper: report latency for each error is false and specific error codes to track for latency are: []
DBWrapper: report latency for each error is false and specific error codes to track for latency are: []
DBWrapper: report latency for each error is false and specific error codes to track for latency are: []
DBWrapper: report latency for each error is false and specific error codes to track for latency are: []
DBWrapper: report latency for each error is false and specific error codes to track for latency are: []
DBWrapper: report latency for each error is false and specific error codes to track for latency are: []
DBWrapper: report latency for each error is false and specific error codes to track for latency are: []
DBWrapper: report latency for each error is false and specific error codes to track for latency are: []
DBWrapper: report latency for each error is false and specific error codes to track for latency are: []
DBWrapper: report latency for each error is false and specific error codes to track for latency are: []
DBWrapper: report latency for each error is false and specific error codes to track for latency are: []
DBWrapper: report latency for each error is false and specific error codes to track for latency are: []
DBWrapper: report latency for each error is false and specific error codes to track for latency are: []
DBWrapper: report latency for each error is false and specific error codes to track for latency are: []
DBWrapper: report latency for each error is false and specific error codes to track for latency are: []
DBWrapper: report latency for each error is false and specific error codes to track for latency are: []
DBWrapper: report latency for each error is false and specific error codes to track for latency are: []
DBWrapper: report latency for each error is false and specific error codes to track for latency are: []
DBWrapper: report latency for each error is false and specific error codes to track for latency are: []
DBWrapper: report latency for each error is false and specific error codes to track for latency are: []
DBWrapper: report latency for each error is false and specific error codes to track for latency are: []
DBWrapper: report latency for each error is false and specific error codes to track for latency are: []
DBWrapper: report latency for each error is false and specific error codes to track for latency are: []
DBWrapper: report latency for each error is false and specific error codes to track for latency are: []
DBWrapper: report latency for each error is false and specific error codes to track for latency are: []
DBWrapper: report latency for each error is false and specific error codes to track for latency are: []
DBWrapper: report latency for each error is false and specific error codes to track for latency are: []
DBWrapper: report latency for each error is false and specific error codes to track for latency are: []
DBWrapper: report latency for each error is false and specific error codes to track for latency are: []
DBWrapper: report latency for each error is false and specific error codes to track for latency are: []
DBWrapper: report latency for each error is false and specific error codes to track for latency are: []
DBWrapper: report latency for each error is false and specific error codes to track for latency are: []
DBWrapper: report latency for each error is false and specific error codes to track for latency are: []
DBWrapper: report latency for each error is false and specific error codes to track for latency are: []
DBWrapper: report latency for each error is false and specific error codes to track for latency are: []
DBWrapper: report latency for each error is false and specific error codes to track for latency are: []
DBWrapper: report latency for each error is false and specific error codes to track for latency are: []
DBWrapper: report latency for each error is false and specific error codes to track for latency are: []
DBWrapper: report latency for each error is false and specific error codes to track for latency are: []
DBWrapper: report latency for each error is false and specific error codes to track for latency are: []
DBWrapper: report latency for each error is false and specific error codes to track for latency are: []
DBWrapper: report latency for each error is false and specific error codes to track for latency are: []
DBWrapper: report latency for each error is false and specific error codes to track for latency are: []
DBWrapper: report latency for each error is false and specific error codes to track for latency are: []
DBWrapper: report latency for each error is false and specific error codes to track for latency are: []
DBWrapper: report latency for each error is false and specific error codes to track for latency are: []
DBWrapper: report latency for each error is false and specific error codes to track for latency are: []
DBWrapper: report latency for each error is false and specific error codes to track for latency are: []
DBWrapper: report latency for each error is false and specific error codes to track for latency are: []
2020-09-07 13:48:16:048 10 sec: 37677 operations; 3766.95 current ops/sec; est completion in 44 minutes [READ: Count=18835, Max=1425407, Min=4436, Avg=55269.67, 90=87103, 99=412927, 99.9=1157119, 99.99=1390591] [UPDATE: Count=19109, Max=1410047, Min=5412, Avg=46394.67, 90=69951, 99=353279, 99.9=1173503, 99.99=1366015] 
2020-09-07 13:48:26:046 20 sec: 103224 operations; 6555.36 current ops/sec; est completion in 31 minutes [READ: Count=32523, Max=318975, Min=4804, Avg=41525.68, 90=78271, 99=163711, 99.9=227455, 99.99=262143] [UPDATE: Count=32760, Max=233087, Min=3940, Avg=31947.32, 90=57183, 99=110847, 99.9=156543, 99.99=217727] 
2020-09-07 13:48:36:045 30 sec: 171717 operations; 6849.3 current ops/sec; est completion in 28 minutes [READ: Count=34295, Max=1528831, Min=4328, Avg=43650.03, 90=74303, 99=160383, 99.9=1343487, 99.99=1465343] [UPDATE: Count=34209, Max=1456127, Min=3668, Avg=35410.57, 90=55999, 99=116735, 99.9=1310719, 99.99=1427455] 
2020-09-07 13:48:46:046 40 sec: 232486 operations; 6076.9 current ops/sec; est completion in 28 minutes [READ: Count=30158, Max=1012223, Min=3992, Avg=46985.56, 90=79359, 99=428799, 99.9=945151, 99.99=1000959] [UPDATE: Count=30618, Max=988671, Min=2670, Avg=35749.56, 90=54271, 99=319743, 99.9=891391, 99.99=967167] 
2020-09-07 13:48:56:046 50 sec: 297646 operations; 6516 current ops/sec; est completion in 27 minutes [READ: Count=32802, Max=1046015, Min=4320, Avg=44528.14, 90=78399, 99=214655, 99.9=911359, 99.99=1029631] [UPDATE: Count=32357, Max=1037823, Min=2954, Avg=34859.04, 90=57887, 99=143103, 99.9=814591, 99.99=1023999] 
2020-09-07 13:49:06:046 60 sec: 364551 operations; 6690.5 current ops/sec; est completion in 26 minutes [READ: Count=33466, Max=709119, Min=3390, Avg=43347.86, 90=79679, 99=200575, 99.9=516351, 99.99=620031] [UPDATE: Count=33437, Max=587775, Min=3908, Avg=33771.54, 90=57983, 99=129087, 99.9=484607, 99.99=577535] 
2020-09-07 13:49:16:045 70 sec: 420794 operations; 5624.3 current ops/sec; est completion in 26 minutes [READ: Count=28023, Max=2570239, Min=3774, Avg=49901.12, 90=82559, 99=200703, 99.9=2373631, 99.99=2512895] [UPDATE-FAILED: Count=8, Max=2496511, Min=2471936, Avg=2487552, 90=2496511, 99=2496511, 99.9=2496511, 99.99=2496511] [UPDATE: Count=28234, Max=2500607, Min=3428, Avg=40199.75, 90=61151, 99=127871, 99.9=2306047, 99.99=2465791] 
2020-09-07 13:49:26:045 80 sec: 487740 operations; 6694.6 current ops/sec; est completion in 26 minutes [READ: Count=33454, Max=858111, Min=4124, Avg=43273.18, 90=80127, 99=188543, 99.9=684031, 99.99=812543] [UPDATE-FAILED: Count=0, Max=0, Min=9223372036854775807, Avg=NaN, 90=0, 99=0, 99.9=0, 99.99=0] [UPDATE: Count=33488, Max=751615, Min=4600, Avg=33449.23, 90=59839, 99=115135, 99.9=583167, 99.99=729087] 
2020-09-07 13:49:36:046 90 sec: 557739 operations; 6999.9 current ops/sec; est completion in 25 minutes [READ: Count=34790, Max=321023, Min=5516, Avg=40726.91, 90=74623, 99=149247, 99.9=240383, 99.99=299263] [UPDATE-FAILED: Count=0, Max=0, Min=9223372036854775807, Avg=NaN, 90=0, 99=0, 99.9=0, 99.99=0] [UPDATE: Count=35207, Max=289791, Min=3624, Avg=32435.9, 90=56703, 99=111679, 99.9=162303, 99.99=249343] 
2020-09-07 13:49:46:046 100 sec: 609940 operations; 5220.1 current ops/sec; est completion in 25 minutes [READ: Count=25942, Max=2744319, Min=3982, Avg=55324.84, 90=78975, 99=563711, 99.9=2365439, 99.99=2664447] [UPDATE-FAILED: Count=4, Max=2633727, Min=2621440, Avg=2625024, 90=2633727, 99=2633727, 99.9=2633727, 99.99=2633727] [UPDATE: Count=26283, Max=2617343, Min=3344, Avg=42379.23, 90=55679, 99=142463, 99.9=2424831, 99.99=2605055] 
2020-09-07 13:49:56:046 110 sec: 677889 operations; 6794.9 current ops/sec; est completion in 25 minutes [READ: Count=34029, Max=403711, Min=5648, Avg=42216.97, 90=81407, 99=165631, 99.9=268543, 99.99=374015] [UPDATE-FAILED: Count=0, Max=0, Min=9223372036854775807, Avg=NaN, 90=0, 99=0, 99.9=0, 99.99=0] [UPDATE: Count=33881, Max=383231, Min=4784, Avg=32626.53, 90=60831, 99=119103, 99.9=179967, 99.99=370175] 
2020-09-07 13:50:06:045 120 sec: 740484 operations; 6259.5 current ops/sec; est completion in 25 minutes [READ: Count=31103, Max=882175, Min=4168, Avg=46932.79, 90=80383, 99=344575, 99.9=795135, 99.99=845823] [UPDATE-FAILED: Count=0, Max=0, Min=9223372036854775807, Avg=NaN, 90=0, 99=0, 99.9=0, 99.99=0] [UPDATE: Count=31497, Max=935935, Min=3014, Avg=35365.51, 90=54687, 99=241535, 99.9=774655, 99.99=837119] 
2020-09-07 13:50:16:046 130 sec: 807400 operations; 6691.6 current ops/sec; est completion in 24 minutes [READ: Count=33433, Max=818175, Min=4308, Avg=42962.29, 90=74815, 99=204287, 99.9=716799, 99.99=802303] [UPDATE-FAILED: Count=0, Max=0, Min=9223372036854775807, Avg=NaN, 90=0, 99=0, 99.9=0, 99.99=0] [UPDATE: Count=33477, Max=783359, Min=4532, Avg=33620.79, 90=53535, 99=127167, 99.9=690687, 99.99=775679] 
2020-09-07 13:50:26:045 140 sec: 870622 operations; 6322.2 current ops/sec; est completion in 24 minutes [READ: Count=31772, Max=1762303, Min=3940, Avg=45375.71, 90=76735, 99=202879, 99.9=1351679, 99.99=1682431] [UPDATE-FAILED: Count=0, Max=0, Min=9223372036854775807, Avg=NaN, 90=0, 99=0, 99.9=0, 99.99=0] [UPDATE: Count=31456, Max=1673215, Min=3238, Avg=35472.67, 90=55519, 99=132095, 99.9=1309695, 99.99=1658879] 
2020-09-07 13:50:36:045 150 sec: 936781 operations; 6615.9 current ops/sec; est completion in 24 minutes [READ: Count=33373, Max=601599, Min=3204, Avg=41907.6, 90=76927, 99=191871, 99.9=481535, 99.99=581631] [UPDATE-FAILED: Count=0, Max=0, Min=9223372036854775807, Avg=NaN, 90=0, 99=0, 99.9=0, 99.99=0] [UPDATE: Count=32770, Max=565247, Min=4074, Avg=32658.15, 90=56159, 99=125567, 99.9=472575, 99.99=550399] 
2020-09-07 13:50:46:045 160 sec: 974089 operations; 3730.8 current ops/sec; est completion in 24 minutes [READ: Count=18717, Max=5734399, Min=3624, Avg=67839.33, 90=74367, 99=173823, 99.9=5595135, 99.99=5701631] [UPDATE-FAILED: Count=7, Max=5697535, Min=5685248, Avg=5690221.71, 90=5693439, 99=5697535, 99.9=5697535, 99.99=5697535] [UPDATE: Count=18625, Max=5726207, Min=3370, Avg=68109.03, 90=54079, 99=134527, 99.9=5611519, 99.99=5713919] [READ-FAILED: Count=15, Max=5701631, Min=5005312, Avg=5146077.87, 90=5693439, 99=5701631, 99.9=5701631, 99.99=5701631] 
2020-09-07 13:50:56:045 170 sec: 1043753 operations; 6966.4 current ops/sec; est completion in 24 minutes [READ: Count=34639, Max=383231, Min=5096, Avg=40890.09, 90=75583, 99=157951, 99.9=264447, 99.99=340991] [UPDATE-FAILED: Count=0, Max=0, Min=9223372036854775807, Avg=NaN, 90=0, 99=0, 99.9=0, 99.99=0] [UPDATE: Count=34964, Max=346111, Min=5136, Avg=32551.49, 90=57375, 99=114239, 99.9=173183, 99.99=307455] [READ-FAILED: Count=0, Max=0, Min=9223372036854775807, Avg=NaN, 90=0, 99=0, 99.9=0, 99.99=0] 
2020-09-07 13:51:06:045 180 sec: 1112647 operations; 6889.4 current ops/sec; est completion in 23 minutes [READ: Count=34535, Max=644607, Min=5668, Avg=41953.96, 90=74175, 99=211967, 99.9=492031, 99.99=632319] [UPDATE-FAILED: Count=0, Max=0, Min=9223372036854775807, Avg=NaN, 90=0, 99=0, 99.9=0, 99.99=0] [UPDATE: Count=34379, Max=627711, Min=4472, Avg=32418.07, 90=53343, 99=127871, 99.9=452351, 99.99=612351] [READ-FAILED: Count=0, Max=0, Min=9223372036854775807, Avg=NaN, 90=0, 99=0, 99.9=0, 99.99=0] 
2020-09-07 13:51:16:046 190 sec: 1177066 operations; 6441.26 current ops/sec; est completion in 23 minutes [READ: Count=32150, Max=308479, Min=4108, Avg=39731.77, 90=73215, 99=149503, 99.9=226559, 99.99=270847] [UPDATE-FAILED: Count=0, Max=0, Min=9223372036854775807, Avg=NaN, 90=0, 99=0, 99.9=0, 99.99=0] [UPDATE: Count=32242, Max=186623, Min=3110, Avg=30724.12, 90=53791, 99=99007, 99.9=134911, 99.99=160383] [READ-FAILED: Count=0, Max=0, Min=9223372036854775807, Avg=NaN, 90=0, 99=0, 99.9=0, 99.99=0] 
2020-09-07 13:51:26:045 200 sec: 1241071 operations; 6401.14 current ops/sec; est completion in 23 minutes [READ: Count=31825, Max=1983487, Min=4344, Avg=48960.31, 90=79615, 99=247807, 99.9=1729535, 99.99=1971199] [UPDATE-FAILED: Count=0, Max=0, Min=9223372036854775807, Avg=NaN, 90=0, 99=0, 99.9=0, 99.99=0] [UPDATE: Count=32191, Max=1978367, Min=3246, Avg=40176.39, 90=57823, 99=165887, 99.9=1803263, 99.99=1958911] [READ-FAILED: Count=0, Max=0, Min=9223372036854775807, Avg=NaN, 90=0, 99=0, 99.9=0, 99.99=0] 
2020-09-07 13:51:36:045 210 sec: 1309798 operations; 6872.7 current ops/sec; est completion in 23 minutes [READ: Count=34405, Max=783359, Min=5128, Avg=41450.54, 90=75327, 99=157823, 99.9=549375, 99.99=738303] [UPDATE-FAILED: Count=0, Max=0, Min=9223372036854775807, Avg=NaN, 90=0, 99=0, 99.9=0, 99.99=0] [UPDATE: Count=34318, Max=717311, Min=4492, Avg=32908.74, 90=56799, 99=111487, 99.9=542719, 99.99=699391] [READ-FAILED: Count=0, Max=0, Min=9223372036854775807, Avg=NaN, 90=0, 99=0, 99.9=0, 99.99=0] 
2020-09-07 13:51:46:045 220 sec: 1372309 operations; 6251.1 current ops/sec; est completion in 23 minutes [READ: Count=31199, Max=835583, Min=5528, Avg=46298.4, 90=84095, 99=313855, 99.9=617471, 99.99=748543] [UPDATE-FAILED: Count=0, Max=0, Min=9223372036854775807, Avg=NaN, 90=0, 99=0, 99.9=0, 99.99=0] [UPDATE: Count=31316, Max=723455, Min=4624, Avg=35627.66, 90=59071, 99=214911, 99.9=616447, 99.99=699903] [READ-FAILED: Count=0, Max=0, Min=9223372036854775807, Avg=NaN, 90=0, 99=0, 99.9=0, 99.99=0] 
2020-09-07 13:51:56:045 230 sec: 1428209 operations; 5590 current ops/sec; est completion in 23 minutes [READ: Count=27622, Max=2494463, Min=3826, Avg=50225.47, 90=81599, 99=237951, 99.9=2279423, 99.99=2453503] [UPDATE-FAILED: Count=3, Max=2465791, Min=2453504, Avg=2457941.33, 90=2465791, 99=2465791, 99.9=2465791, 99.99=2465791] [UPDATE: Count=28290, Max=2467839, Min=3414, Avg=39879.54, 90=56575, 99=197119, 99.9=2293759, 99.99=2453503] [READ-FAILED: Count=0, Max=0, Min=9223372036854775807, Avg=NaN, 90=0, 99=0, 99.9=0, 99.99=0] 
2020-09-07 13:52:06:046 240 sec: 1490524 operations; 6231.5 current ops/sec; est completion in 22 minutes [READ: Count=31196, Max=637951, Min=2940, Avg=42417.55, 90=78719, 99=172287, 99.9=407039, 99.99=606207] [UPDATE-FAILED: Count=0, Max=0, Min=9223372036854775807, Avg=NaN, 90=0, 99=0, 99.9=0, 99.99=0] [UPDATE: Count=31093, Max=616959, Min=3796, Avg=33121.08, 90=59871, 99=112255, 99.9=327935, 99.99=591359] [READ-FAILED: Count=0, Max=0, Min=9223372036854775807, Avg=NaN, 90=0, 99=0, 99.9=0, 99.99=0] 
2020-09-07 13:52:16:046 250 sec: 1547392 operations; 5686.8 current ops/sec; est completion in 22 minutes [READ: Count=28274, Max=3104767, Min=4256, Avg=55694.06, 90=81279, 99=217599, 99.9=2994175, 99.99=3098623] [UPDATE-FAILED: Count=0, Max=0, Min=9223372036854775807, Avg=NaN, 90=0, 99=0, 99.9=0, 99.99=0] [UPDATE: Count=28614, Max=3086335, Min=3826, Avg=43020.96, 90=59711, 99=128511, 99.9=2899967, 99.99=3069951] [READ-FAILED: Count=0, Max=0, Min=9223372036854775807, Avg=NaN, 90=0, 99=0, 99.9=0, 99.99=0] 
2020-09-07 13:52:26:046 260 sec: 1610423 operations; 6303.1 current ops/sec; est completion in 22 minutes [READ: Count=31787, Max=1556479, Min=3072, Avg=45273.49, 90=75327, 99=184447, 99.9=1418239, 99.99=1530879] [UPDATE-FAILED: Count=0, Max=0, Min=9223372036854775807, Avg=NaN, 90=0, 99=0, 99.9=0, 99.99=0] [UPDATE: Count=31239, Max=1520639, Min=3486, Avg=35741.86, 90=54943, 99=114431, 99.9=1358847, 99.99=1506303] [READ-FAILED: Count=0, Max=0, Min=9223372036854775807, Avg=NaN, 90=0, 99=0, 99.9=0, 99.99=0] 
2020-09-07 13:52:36:045 270 sec: 1679033 operations; 6861 current ops/sec; est completion in 22 minutes [READ: Count=34581, Max=302847, Min=5860, Avg=41464.46, 90=78463, 99=159615, 99.9=238335, 99.99=286207] [UPDATE-FAILED: Count=0, Max=0, Min=9223372036854775807, Avg=NaN, 90=0, 99=0, 99.9=0, 99.99=0] [UPDATE: Count=34034, Max=211583, Min=5384, Avg=33079.59, 90=59807, 99=112639, 99.9=159615, 99.99=196991] [READ-FAILED: Count=0, Max=0, Min=9223372036854775807, Avg=NaN, 90=0, 99=0, 99.9=0, 99.99=0] 
2020-09-07 13:52:46:045 280 sec: 1744986 operations; 6595.3 current ops/sec; est completion in 22 minutes [READ: Count=33199, Max=1216511, Min=3934, Avg=43559.26, 90=78527, 99=209919, 99.9=601087, 99.99=832511] [UPDATE-FAILED: Count=0, Max=0, Min=9223372036854775807, Avg=NaN, 90=0, 99=0, 99.9=0, 99.99=0] [UPDATE: Count=32786, Max=817663, Min=3976, Avg=34089.95, 90=56255, 99=143103, 99.9=552447, 99.99=749055] [READ-FAILED: Count=0, Max=0, Min=9223372036854775807, Avg=NaN, 90=0, 99=0, 99.9=0, 99.99=0] 
2020-09-07 13:52:56:045 290 sec: 1799468 operations; 5448.2 current ops/sec; est completion in 22 minutes [READ: Count=27243, Max=2734079, Min=3210, Avg=52768.49, 90=79423, 99=242047, 99.9=2506751, 99.99=2699263] [UPDATE-FAILED: Count=4, Max=2672639, Min=2662400, Avg=2667008, 90=2672639, 99=2672639, 99.9=2672639, 99.99=2672639] [UPDATE: Count=27221, Max=2717695, Min=2562, Avg=40729.21, 90=54655, 99=140799, 99.9=2539519, 99.99=2693119] [READ-FAILED: Count=0, Max=0, Min=9223372036854775807, Avg=NaN, 90=0, 99=0, 99.9=0, 99.99=0] 
2020-09-07 13:53:06:045 300 sec: 1864205 operations; 6473.7 current ops/sec; est completion in 21 minutes [READ: Count=32371, Max=1020927, Min=5452, Avg=44902.23, 90=76159, 99=264191, 99.9=860159, 99.99=962559] [UPDATE-FAILED: Count=0, Max=0, Min=9223372036854775807, Avg=NaN, 90=0, 99=0, 99.9=0, 99.99=0] [UPDATE: Count=32338, Max=923135, Min=4288, Avg=34149.99, 90=53151, 99=155519, 99.9=694783, 99.99=917503] [READ-FAILED: Count=0, Max=0, Min=9223372036854775807, Avg=NaN, 90=0, 99=0, 99.9=0, 99.99=0] 
Maximum time elapsed. Requesting stop for the workload.
Stop requested for workload. Now Joining!
Still waiting for thread Thread-190 to complete. Workload status: true
2020-09-07 13:53:08:645 302 sec: 1865471 operations; 487.11 current ops/sec; est completion in 22 minutes [READ: Count=663, Max=295935, Min=7116, Avg=49779.31, 90=103871, 99=208511, 99.9=254463, 99.99=295935] [UPDATE-FAILED: Count=0, Max=0, Min=9223372036854775807, Avg=NaN, 90=0, 99=0, 99.9=0, 99.99=0] [CLEANUP: Count=256, Max=2383871, Min=1, Avg=9311.09, 90=3, 99=16, 99.9=2383871, 99.99=2383871] [UPDATE: Count=593, Max=166015, Min=6572, Avg=38061.69, 90=77183, 99=144255, 99.9=154751, 99.99=166015] [READ-FAILED: Count=0, Max=0, Min=9223372036854775807, Avg=NaN, 90=0, 99=0, 99.9=0, 99.99=0] 
[OVERALL], RunTime(ms), 302595
[OVERALL], Throughput(ops/sec), 6164.910193492952
[TOTAL_GCS_G1_Young_Generation], Count, 24
[TOTAL_GC_TIME_G1_Young_Generation], Time(ms), 713
[TOTAL_GC_TIME_%_G1_Young_Generation], Time(%), 0.23562848031196815
[TOTAL_GCS_G1_Old_Generation], Count, 0
[TOTAL_GC_TIME_G1_Old_Generation], Time(ms), 0
[TOTAL_GC_TIME_%_G1_Old_Generation], Time(%), 0.0
[TOTAL_GCs], Count, 24
[TOTAL_GC_TIME], Time(ms), 713
[TOTAL_GC_TIME_%], Time(%), 0.23562848031196815
[READ], Operations, 932404
[READ], AverageLatency(us), 45535.59170810078
[READ], MinLatency(us), 2940
[READ], MaxLatency(us), 5734399
[READ], 95thPercentileLatency(us), 105151
[READ], 99thPercentileLatency(us), 199551
[READ], Return=OK, 932404
[READ], Return=ERROR, 15
[UPDATE-FAILED], Operations, 26
[UPDATE-FAILED], AverageLatency(us), 3395150.769230769
[UPDATE-FAILED], MinLatency(us), 2453504
[UPDATE-FAILED], MaxLatency(us), 5697535
[UPDATE-FAILED], 95thPercentileLatency(us), 5693439
[UPDATE-FAILED], 99thPercentileLatency(us), 5697535
[CLEANUP], Operations, 256
[CLEANUP], AverageLatency(us), 9311.0859375
[CLEANUP], MinLatency(us), 1
[CLEANUP], MaxLatency(us), 2383871
[CLEANUP], 95thPercentileLatency(us), 4
[CLEANUP], 99thPercentileLatency(us), 16
[UPDATE], Operations, 933026
[UPDATE], AverageLatency(us), 35982.85567604761
[UPDATE], MinLatency(us), 2562
[UPDATE], MaxLatency(us), 5726207
[UPDATE], 95thPercentileLatency(us), 75391
[UPDATE], 99thPercentileLatency(us), 126719
[UPDATE], Return=OK, 933026
[UPDATE], Return=ERROR, 26
[READ-FAILED], Operations, 15
[READ-FAILED], AverageLatency(us), 5146077.866666666
[READ-FAILED], MinLatency(us), 5005312
[READ-FAILED], MaxLatency(us), 5701631
[READ-FAILED], 95thPercentileLatency(us), 5693439
[READ-FAILED], 99thPercentileLatency(us), 5701631
