/opt/java/openjdk/bin/java  -classpath /usr/src/ycsb/conf:/usr/src/ycsb/lib/HdrHistogram-2.1.4.jar:/usr/src/ycsb/lib/core-0.18.0-SNAPSHOT.jar:/usr/src/ycsb/lib/htrace-core4-4.1.0-incubating.jar:/usr/src/ycsb/lib/jackson-core-asl-1.9.4.jar:/usr/src/ycsb/lib/jackson-mapper-asl-1.9.4.jar:/usr/src/ycsb/lib/postgresql-42.2.16.jar:/usr/src/ycsb/cassandra-binding/lib/cassandra-binding-0.18.0-SNAPSHOT.jar:/usr/src/ycsb/cassandra-binding/lib/cassandra-driver-core-3.0.0.jar:/usr/src/ycsb/cassandra-binding/lib/guava-16.0.1.jar:/usr/src/ycsb/cassandra-binding/lib/metrics-core-3.1.2.jar:/usr/src/ycsb/cassandra-binding/lib/netty-buffer-4.0.33.Final.jar:/usr/src/ycsb/cassandra-binding/lib/netty-codec-4.0.33.Final.jar:/usr/src/ycsb/cassandra-binding/lib/netty-common-4.0.33.Final.jar:/usr/src/ycsb/cassandra-binding/lib/netty-handler-4.0.33.Final.jar:/usr/src/ycsb/cassandra-binding/lib/netty-transport-4.0.33.Final.jar:/usr/src/ycsb/cassandra-binding/lib/slf4j-api-1.7.25.jar site.ycsb.Client -t -db site.ycsb.db.CassandraCQLClient -P workloads/workloada -p operationcount=10000000 -p hosts=10.0.1.32,10.0.1.27,10.0.1.30,10.0.1.25,10.0.1.24,10.0.1.23,10.0.1.22,10.0.1.21,10.0.1.19,10.0.1.18,10.0.1.17,10.0.1.16,10.0.1.15,10.0.1.14,10.0.1.13,10.0.1.11,10.0.1.9,10.0.1.7,10.0.1.5,10.0.1.3 -p maxexecutiontime=300 -threads 256 -p cassandra.readconsistencylevel=QUORUM -p cassandra.writeconsistencylevel=QUORUM -s
Command line: -t -db site.ycsb.db.CassandraCQLClient -P workloads/workloada -p operationcount=10000000 -p hosts=10.0.1.32,10.0.1.27,10.0.1.30,10.0.1.25,10.0.1.24,10.0.1.23,10.0.1.22,10.0.1.21,10.0.1.19,10.0.1.18,10.0.1.17,10.0.1.16,10.0.1.15,10.0.1.14,10.0.1.13,10.0.1.11,10.0.1.9,10.0.1.7,10.0.1.5,10.0.1.3 -p maxexecutiontime=300 -threads 256 -p cassandra.readconsistencylevel=QUORUM -p cassandra.writeconsistencylevel=QUORUM -s
YCSB Client 0.18.0-SNAPSHOT

Loading workload...
Starting test.
SLF4J: Failed to load class "org.slf4j.impl.StaticLoggerBinder".
SLF4J: Defaulting to no-operation (NOP) logger implementation
SLF4J: See http://www.slf4j.org/codes.html#StaticLoggerBinder for further details.
2020-09-17 09:24:05:675 0 sec: 0 operations; est completion in 0 second 
Maximum execution time specified as: 300 secs
WARNING: An illegal reflective access operation has occurred
WARNING: Illegal reflective access by io.netty.util.internal.PlatformDependent0 (file:/usr/src/ycsb/cassandra-binding/lib/netty-common-4.0.33.Final.jar) to field java.nio.Buffer.address
WARNING: Please consider reporting this to the maintainers of io.netty.util.internal.PlatformDependent0
WARNING: Use --illegal-access=warn to enable warnings of further illegal reflective access operations
WARNING: All illegal access operations will be denied in a future release
Sep 17, 2020 9:24:06 AM io.netty.util.internal.PlatformDependent <clinit>
INFO: Your platform does not provide complete low-level API for accessing direct buffers reliably. Unless explicitly requested, heap buffer will always be preferred to avoid potential system unstability.
DBWrapper: report latency for each error is false and specific error codes to track for latency are: []
DBWrapper: report latency for each error is false and specific error codes to track for latency are: []
DBWrapper: report latency for each error is false and specific error codes to track for latency are: []
DBWrapper: report latency for each error is false and specific error codes to track for latency are: []
DBWrapper: report latency for each error is false and specific error codes to track for latency are: []
DBWrapper: report latency for each error is false and specific error codes to track for latency are: []
DBWrapper: report latency for each error is false and specific error codes to track for latency are: []
DBWrapper: report latency for each error is false and specific error codes to track for latency are: []
DBWrapper: report latency for each error is false and specific error codes to track for latency are: []
DBWrapper: report latency for each error is false and specific error codes to track for latency are: []
DBWrapper: report latency for each error is false and specific error codes to track for latency are: []
DBWrapper: report latency for each error is false and specific error codes to track for latency are: []
DBWrapper: report latency for each error is false and specific error codes to track for latency are: []
DBWrapper: report latency for each error is false and specific error codes to track for latency are: []
DBWrapper: report latency for each error is false and specific error codes to track for latency are: []
DBWrapper: report latency for each error is false and specific error codes to track for latency are: []
DBWrapper: report latency for each error is false and specific error codes to track for latency are: []
DBWrapper: report latency for each error is false and specific error codes to track for latency are: []
DBWrapper: report latency for each error is false and specific error codes to track for latency are: []
DBWrapper: report latency for each error is false and specific error codes to track for latency are: []
DBWrapper: report latency for each error is false and specific error codes to track for latency are: []
DBWrapper: report latency for each error is false and specific error codes to track for latency are: []
DBWrapper: report latency for each error is false and specific error codes to track for latency are: []
DBWrapper: report latency for each error is false and specific error codes to track for latency are: []
DBWrapper: report latency for each error is false and specific error codes to track for latency are: []
DBWrapper: report latency for each error is false and specific error codes to track for latency are: []
DBWrapper: report latency for each error is false and specific error codes to track for latency are: []
DBWrapper: report latency for each error is false and specific error codes to track for latency are: []
DBWrapper: report latency for each error is false and specific error codes to track for latency are: []
DBWrapper: report latency for each error is false and specific error codes to track for latency are: []
DBWrapper: report latency for each error is false and specific error codes to track for latency are: []
DBWrapper: report latency for each error is false and specific error codes to track for latency are: []
DBWrapper: report latency for each error is false and specific error codes to track for latency are: []
DBWrapper: report latency for each error is false and specific error codes to track for latency are: []
DBWrapper: report latency for each error is false and specific error codes to track for latency are: []
DBWrapper: report latency for each error is false and specific error codes to track for latency are: []
DBWrapper: report latency for each error is false and specific error codes to track for latency are: []
DBWrapper: report latency for each error is false and specific error codes to track for latency are: []
DBWrapper: report latency for each error is false and specific error codes to track for latency are: []
DBWrapper: report latency for each error is false and specific error codes to track for latency are: []
DBWrapper: report latency for each error is false and specific error codes to track for latency are: []
DBWrapper: report latency for each error is false and specific error codes to track for latency are: []
DBWrapper: report latency for each error is false and specific error codes to track for latency are: []
DBWrapper: report latency for each error is false and specific error codes to track for latency are: []
DBWrapper: report latency for each error is false and specific error codes to track for latency are: []
DBWrapper: report latency for each error is false and specific error codes to track for latency are: []
DBWrapper: report latency for each error is false and specific error codes to track for latency are: []
DBWrapper: report latency for each error is false and specific error codes to track for latency are: []
DBWrapper: report latency for each error is false and specific error codes to track for latency are: []
DBWrapper: report latency for each error is false and specific error codes to track for latency are: []
DBWrapper: report latency for each error is false and specific error codes to track for latency are: []
DBWrapper: report latency for each error is false and specific error codes to track for latency are: []
DBWrapper: report latency for each error is false and specific error codes to track for latency are: []
DBWrapper: report latency for each error is false and specific error codes to track for latency are: []
DBWrapper: report latency for each error is false and specific error codes to track for latency are: []
DBWrapper: report latency for each error is false and specific error codes to track for latency are: []
DBWrapper: report latency for each error is false and specific error codes to track for latency are: []
DBWrapper: report latency for each error is false and specific error codes to track for latency are: []
DBWrapper: report latency for each error is false and specific error codes to track for latency are: []
DBWrapper: report latency for each error is false and specific error codes to track for latency are: []
DBWrapper: report latency for each error is false and specific error codes to track for latency are: []
DBWrapper: report latency for each error is false and specific error codes to track for latency are: []
DBWrapper: report latency for each error is false and specific error codes to track for latency are: []
DBWrapper: report latency for each error is false and specific error codes to track for latency are: []
DBWrapper: report latency for each error is false and specific error codes to track for latency are: []
DBWrapper: report latency for each error is false and specific error codes to track for latency are: []
DBWrapper: report latency for each error is false and specific error codes to track for latency are: []
DBWrapper: report latency for each error is false and specific error codes to track for latency are: []
DBWrapper: report latency for each error is false and specific error codes to track for latency are: []
DBWrapper: report latency for each error is false and specific error codes to track for latency are: []
DBWrapper: report latency for each error is false and specific error codes to track for latency are: []
DBWrapper: report latency for each error is false and specific error codes to track for latency are: []
DBWrapper: report latency for each error is false and specific error codes to track for latency are: []
DBWrapper: report latency for each error is false and specific error codes to track for latency are: []
DBWrapper: report latency for each error is false and specific error codes to track for latency are: []
DBWrapper: report latency for each error is false and specific error codes to track for latency are: []
DBWrapper: report latency for each error is false and specific error codes to track for latency are: []
DBWrapper: report latency for each error is false and specific error codes to track for latency are: []
DBWrapper: report latency for each error is false and specific error codes to track for latency are: []
DBWrapper: report latency for each error is false and specific error codes to track for latency are: []
DBWrapper: report latency for each error is false and specific error codes to track for latency are: []
DBWrapper: report latency for each error is false and specific error codes to track for latency are: []
DBWrapper: report latency for each error is false and specific error codes to track for latency are: []
DBWrapper: report latency for each error is false and specific error codes to track for latency are: []
DBWrapper: report latency for each error is false and specific error codes to track for latency are: []
DBWrapper: report latency for each error is false and specific error codes to track for latency are: []
DBWrapper: report latency for each error is false and specific error codes to track for latency are: []
DBWrapper: report latency for each error is false and specific error codes to track for latency are: []
DBWrapper: report latency for each error is false and specific error codes to track for latency are: []
DBWrapper: report latency for each error is false and specific error codes to track for latency are: []
DBWrapper: report latency for each error is false and specific error codes to track for latency are: []
DBWrapper: report latency for each error is false and specific error codes to track for latency are: []
DBWrapper: report latency for each error is false and specific error codes to track for latency are: []
DBWrapper: report latency for each error is false and specific error codes to track for latency are: []
DBWrapper: report latency for each error is false and specific error codes to track for latency are: []
DBWrapper: report latency for each error is false and specific error codes to track for latency are: []
DBWrapper: report latency for each error is false and specific error codes to track for latency are: []
DBWrapper: report latency for each error is false and specific error codes to track for latency are: []
DBWrapper: report latency for each error is false and specific error codes to track for latency are: []
DBWrapper: report latency for each error is false and specific error codes to track for latency are: []
DBWrapper: report latency for each error is false and specific error codes to track for latency are: []
DBWrapper: report latency for each error is false and specific error codes to track for latency are: []
DBWrapper: report latency for each error is false and specific error codes to track for latency are: []
DBWrapper: report latency for each error is false and specific error codes to track for latency are: []
DBWrapper: report latency for each error is false and specific error codes to track for latency are: []
DBWrapper: report latency for each error is false and specific error codes to track for latency are: []
DBWrapper: report latency for each error is false and specific error codes to track for latency are: []
DBWrapper: report latency for each error is false and specific error codes to track for latency are: []
DBWrapper: report latency for each error is false and specific error codes to track for latency are: []
DBWrapper: report latency for each error is false and specific error codes to track for latency are: []
DBWrapper: report latency for each error is false and specific error codes to track for latency are: []
DBWrapper: report latency for each error is false and specific error codes to track for latency are: []
DBWrapper: report latency for each error is false and specific error codes to track for latency are: []
DBWrapper: report latency for each error is false and specific error codes to track for latency are: []
DBWrapper: report latency for each error is false and specific error codes to track for latency are: []
DBWrapper: report latency for each error is false and specific error codes to track for latency are: []
DBWrapper: report latency for each error is false and specific error codes to track for latency are: []
DBWrapper: report latency for each error is false and specific error codes to track for latency are: []
DBWrapper: report latency for each error is false and specific error codes to track for latency are: []
DBWrapper: report latency for each error is false and specific error codes to track for latency are: []
DBWrapper: report latency for each error is false and specific error codes to track for latency are: []
DBWrapper: report latency for each error is false and specific error codes to track for latency are: []
DBWrapper: report latency for each error is false and specific error codes to track for latency are: []
DBWrapper: report latency for each error is false and specific error codes to track for latency are: []
DBWrapper: report latency for each error is false and specific error codes to track for latency are: []
DBWrapper: report latency for each error is false and specific error codes to track for latency are: []
DBWrapper: report latency for each error is false and specific error codes to track for latency are: []
DBWrapper: report latency for each error is false and specific error codes to track for latency are: []
DBWrapper: report latency for each error is false and specific error codes to track for latency are: []
DBWrapper: report latency for each error is false and specific error codes to track for latency are: []
DBWrapper: report latency for each error is false and specific error codes to track for latency are: []
DBWrapper: report latency for each error is false and specific error codes to track for latency are: []
DBWrapper: report latency for each error is false and specific error codes to track for latency are: []
DBWrapper: report latency for each error is false and specific error codes to track for latency are: []
DBWrapper: report latency for each error is false and specific error codes to track for latency are: []
DBWrapper: report latency for each error is false and specific error codes to track for latency are: []
DBWrapper: report latency for each error is false and specific error codes to track for latency are: []
DBWrapper: report latency for each error is false and specific error codes to track for latency are: []
DBWrapper: report latency for each error is false and specific error codes to track for latency are: []
DBWrapper: report latency for each error is false and specific error codes to track for latency are: []
DBWrapper: report latency for each error is false and specific error codes to track for latency are: []
DBWrapper: report latency for each error is false and specific error codes to track for latency are: []
DBWrapper: report latency for each error is false and specific error codes to track for latency are: []
DBWrapper: report latency for each error is false and specific error codes to track for latency are: []
DBWrapper: report latency for each error is false and specific error codes to track for latency are: []
DBWrapper: report latency for each error is false and specific error codes to track for latency are: []
DBWrapper: report latency for each error is false and specific error codes to track for latency are: []
DBWrapper: report latency for each error is false and specific error codes to track for latency are: []
DBWrapper: report latency for each error is false and specific error codes to track for latency are: []
DBWrapper: report latency for each error is false and specific error codes to track for latency are: []
DBWrapper: report latency for each error is false and specific error codes to track for latency are: []
DBWrapper: report latency for each error is false and specific error codes to track for latency are: []
DBWrapper: report latency for each error is false and specific error codes to track for latency are: []
DBWrapper: report latency for each error is false and specific error codes to track for latency are: []
DBWrapper: report latency for each error is false and specific error codes to track for latency are: []
DBWrapper: report latency for each error is false and specific error codes to track for latency are: []
DBWrapper: report latency for each error is false and specific error codes to track for latency are: []
DBWrapper: report latency for each error is false and specific error codes to track for latency are: []
DBWrapper: report latency for each error is false and specific error codes to track for latency are: []
DBWrapper: report latency for each error is false and specific error codes to track for latency are: []
DBWrapper: report latency for each error is false and specific error codes to track for latency are: []
DBWrapper: report latency for each error is false and specific error codes to track for latency are: []
DBWrapper: report latency for each error is false and specific error codes to track for latency are: []
DBWrapper: report latency for each error is false and specific error codes to track for latency are: []
DBWrapper: report latency for each error is false and specific error codes to track for latency are: []
DBWrapper: report latency for each error is false and specific error codes to track for latency are: []
DBWrapper: report latency for each error is false and specific error codes to track for latency are: []
DBWrapper: report latency for each error is false and specific error codes to track for latency are: []
DBWrapper: report latency for each error is false and specific error codes to track for latency are: []
DBWrapper: report latency for each error is false and specific error codes to track for latency are: []
DBWrapper: report latency for each error is false and specific error codes to track for latency are: []
DBWrapper: report latency for each error is false and specific error codes to track for latency are: []
DBWrapper: report latency for each error is false and specific error codes to track for latency are: []
DBWrapper: report latency for each error is false and specific error codes to track for latency are: []
DBWrapper: report latency for each error is false and specific error codes to track for latency are: []
DBWrapper: report latency for each error is false and specific error codes to track for latency are: []
DBWrapper: report latency for each error is false and specific error codes to track for latency are: []
DBWrapper: report latency for each error is false and specific error codes to track for latency are: []
DBWrapper: report latency for each error is false and specific error codes to track for latency are: []
DBWrapper: report latency for each error is false and specific error codes to track for latency are: []
DBWrapper: report latency for each error is false and specific error codes to track for latency are: []
DBWrapper: report latency for each error is false and specific error codes to track for latency are: []
DBWrapper: report latency for each error is false and specific error codes to track for latency are: []
DBWrapper: report latency for each error is false and specific error codes to track for latency are: []
DBWrapper: report latency for each error is false and specific error codes to track for latency are: []
DBWrapper: report latency for each error is false and specific error codes to track for latency are: []
DBWrapper: report latency for each error is false and specific error codes to track for latency are: []
DBWrapper: report latency for each error is false and specific error codes to track for latency are: []
DBWrapper: report latency for each error is false and specific error codes to track for latency are: []
DBWrapper: report latency for each error is false and specific error codes to track for latency are: []
DBWrapper: report latency for each error is false and specific error codes to track for latency are: []
DBWrapper: report latency for each error is false and specific error codes to track for latency are: []
DBWrapper: report latency for each error is false and specific error codes to track for latency are: []
DBWrapper: report latency for each error is false and specific error codes to track for latency are: []
DBWrapper: report latency for each error is false and specific error codes to track for latency are: []
DBWrapper: report latency for each error is false and specific error codes to track for latency are: []
DBWrapper: report latency for each error is false and specific error codes to track for latency are: []
DBWrapper: report latency for each error is false and specific error codes to track for latency are: []
DBWrapper: report latency for each error is false and specific error codes to track for latency are: []
DBWrapper: report latency for each error is false and specific error codes to track for latency are: []
DBWrapper: report latency for each error is false and specific error codes to track for latency are: []
DBWrapper: report latency for each error is false and specific error codes to track for latency are: []
DBWrapper: report latency for each error is false and specific error codes to track for latency are: []
DBWrapper: report latency for each error is false and specific error codes to track for latency are: []
DBWrapper: report latency for each error is false and specific error codes to track for latency are: []
DBWrapper: report latency for each error is false and specific error codes to track for latency are: []
DBWrapper: report latency for each error is false and specific error codes to track for latency are: []
DBWrapper: report latency for each error is false and specific error codes to track for latency are: []
DBWrapper: report latency for each error is false and specific error codes to track for latency are: []
DBWrapper: report latency for each error is false and specific error codes to track for latency are: []
DBWrapper: report latency for each error is false and specific error codes to track for latency are: []
DBWrapper: report latency for each error is false and specific error codes to track for latency are: []
DBWrapper: report latency for each error is false and specific error codes to track for latency are: []
DBWrapper: report latency for each error is false and specific error codes to track for latency are: []
DBWrapper: report latency for each error is false and specific error codes to track for latency are: []
DBWrapper: report latency for each error is false and specific error codes to track for latency are: []
DBWrapper: report latency for each error is false and specific error codes to track for latency are: []
DBWrapper: report latency for each error is false and specific error codes to track for latency are: []
DBWrapper: report latency for each error is false and specific error codes to track for latency are: []
DBWrapper: report latency for each error is false and specific error codes to track for latency are: []
DBWrapper: report latency for each error is false and specific error codes to track for latency are: []
DBWrapper: report latency for each error is false and specific error codes to track for latency are: []
DBWrapper: report latency for each error is false and specific error codes to track for latency are: []
DBWrapper: report latency for each error is false and specific error codes to track for latency are: []
DBWrapper: report latency for each error is false and specific error codes to track for latency are: []
DBWrapper: report latency for each error is false and specific error codes to track for latency are: []
DBWrapper: report latency for each error is false and specific error codes to track for latency are: []
DBWrapper: report latency for each error is false and specific error codes to track for latency are: []
DBWrapper: report latency for each error is false and specific error codes to track for latency are: []
DBWrapper: report latency for each error is false and specific error codes to track for latency are: []
DBWrapper: report latency for each error is false and specific error codes to track for latency are: []
DBWrapper: report latency for each error is false and specific error codes to track for latency are: []
DBWrapper: report latency for each error is false and specific error codes to track for latency are: []
DBWrapper: report latency for each error is false and specific error codes to track for latency are: []
DBWrapper: report latency for each error is false and specific error codes to track for latency are: []
DBWrapper: report latency for each error is false and specific error codes to track for latency are: []
DBWrapper: report latency for each error is false and specific error codes to track for latency are: []
DBWrapper: report latency for each error is false and specific error codes to track for latency are: []
DBWrapper: report latency for each error is false and specific error codes to track for latency are: []
DBWrapper: report latency for each error is false and specific error codes to track for latency are: []
DBWrapper: report latency for each error is false and specific error codes to track for latency are: []
DBWrapper: report latency for each error is false and specific error codes to track for latency are: []
DBWrapper: report latency for each error is false and specific error codes to track for latency are: []
DBWrapper: report latency for each error is false and specific error codes to track for latency are: []
DBWrapper: report latency for each error is false and specific error codes to track for latency are: []
DBWrapper: report latency for each error is false and specific error codes to track for latency are: []
DBWrapper: report latency for each error is false and specific error codes to track for latency are: []
DBWrapper: report latency for each error is false and specific error codes to track for latency are: []
DBWrapper: report latency for each error is false and specific error codes to track for latency are: []
DBWrapper: report latency for each error is false and specific error codes to track for latency are: []
DBWrapper: report latency for each error is false and specific error codes to track for latency are: []
DBWrapper: report latency for each error is false and specific error codes to track for latency are: []
DBWrapper: report latency for each error is false and specific error codes to track for latency are: []
DBWrapper: report latency for each error is false and specific error codes to track for latency are: []
DBWrapper: report latency for each error is false and specific error codes to track for latency are: []
DBWrapper: report latency for each error is false and specific error codes to track for latency are: []
2020-09-17 09:24:15:478 10 sec: 17010 operations; 1700.83 current ops/sec; est completion in 1 hour 37 minutes [READ: Count=8439, Max=3094527, Min=6244, Avg=123648.82, 90=241663, 99=1003519, 99.9=1688575, 99.99=2381823] [UPDATE: Count=8645, Max=1332223, Min=7288, Avg=95532.99, 90=178431, 99=911871, 99.9=1168383, 99.99=1255423] 
2020-09-17 09:24:25:478 20 sec: 61352 operations; 4434.64 current ops/sec; est completion in 54 minutes [READ: Count=22237, Max=1054719, Min=4600, Avg=66111.12, 90=115263, 99=369663, 99.9=643071, 99.99=909823] [UPDATE: Count=22052, Max=824831, Min=4572, Avg=49346.72, 90=79999, 99=208639, 99.9=572415, 99.99=763903] 
2020-09-17 09:24:35:478 30 sec: 109601 operations; 4824.9 current ops/sec; est completion in 45 minutes [READ: Count=24075, Max=764927, Min=4046, Avg=60239.7, 90=107519, 99=247551, 99.9=585215, 99.99=728575] [UPDATE: Count=24165, Max=664575, Min=4132, Avg=46053.2, 90=76991, 99=162175, 99.9=470015, 99.99=660991] 
2020-09-17 09:24:45:478 40 sec: 169900 operations; 6029.9 current ops/sec; est completion in 38 minutes [READ: Count=30220, Max=496127, Min=4836, Avg=47405.83, 90=85055, 99=182655, 99.9=340479, 99.99=437503] [UPDATE: Count=30086, Max=422143, Min=4828, Avg=37502.81, 90=63167, 99=124991, 99.9=245887, 99.99=401663] 
2020-09-17 09:24:55:478 50 sec: 233378 operations; 6347.8 current ops/sec; est completion in 34 minutes [READ: Count=31879, Max=610303, Min=5592, Avg=45214.42, 90=81087, 99=176127, 99.9=418559, 99.99=560639] [UPDATE: Count=31610, Max=545279, Min=5236, Avg=35346.07, 90=59231, 99=119935, 99.9=295935, 99.99=520447] 
2020-09-17 09:25:05:478 60 sec: 297353 operations; 6397.5 current ops/sec; est completion in 32 minutes [READ: Count=31982, Max=1073151, Min=3416, Avg=45729.96, 90=78911, 99=333311, 99.9=605695, 99.99=972287] [UPDATE: Count=31993, Max=964607, Min=3120, Avg=34208.99, 90=52383, 99=251263, 99.9=534015, 99.99=761343] 
2020-09-17 09:25:15:478 70 sec: 368031 operations; 7067.8 current ops/sec; est completion in 30 minutes [READ: Count=35177, Max=521471, Min=5412, Avg=40593.58, 90=73407, 99=172671, 99.9=353279, 99.99=444927] [UPDATE: Count=35500, Max=534527, Min=4396, Avg=32005.42, 90=53215, 99=107519, 99.9=324095, 99.99=415487] 
2020-09-17 09:25:25:478 80 sec: 435364 operations; 6733.3 current ops/sec; est completion in 29 minutes [READ: Count=33407, Max=480511, Min=5036, Avg=42490.78, 90=78655, 99=198399, 99.9=379391, 99.99=454399] [UPDATE: Count=33923, Max=475903, Min=4468, Avg=33394.84, 90=56703, 99=132863, 99.9=373503, 99.99=422911] 
2020-09-17 09:25:35:478 90 sec: 504130 operations; 6876.6 current ops/sec; est completion in 28 minutes [READ: Count=34337, Max=657407, Min=5156, Avg=42307.91, 90=77503, 99=215679, 99.9=472575, 99.99=589823] [UPDATE: Count=34437, Max=589823, Min=5032, Avg=32302.08, 90=54687, 99=125759, 99.9=398847, 99.99=568831] 
2020-09-17 09:25:45:478 100 sec: 569821 operations; 6569.1 current ops/sec; est completion in 27 minutes [READ: Count=32888, Max=600575, Min=4108, Avg=44276.24, 90=80511, 99=231679, 99.9=522495, 99.99=579071] [UPDATE: Count=32806, Max=594431, Min=3430, Avg=33669.41, 90=57887, 99=126463, 99.9=503295, 99.99=545279] 
2020-09-17 09:25:55:478 110 sec: 637603 operations; 6778.2 current ops/sec; est completion in 26 minutes [READ: Count=33971, Max=719871, Min=3516, Avg=42353.14, 90=77055, 99=168703, 99.9=511487, 99.99=679423] [UPDATE: Count=33791, Max=592383, Min=3458, Avg=33097.85, 90=57183, 99=117183, 99.9=407551, 99.99=532991] 
2020-09-17 09:26:05:478 120 sec: 707019 operations; 6941.6 current ops/sec; est completion in 26 minutes [READ: Count=34966, Max=409087, Min=5900, Avg=41527.7, 90=78527, 99=170495, 99.9=271871, 99.99=388351] [UPDATE: Count=34465, Max=396287, Min=4728, Avg=32170.74, 90=58591, 99=110335, 99.9=214143, 99.99=391679] 
2020-09-17 09:26:15:478 130 sec: 778217 operations; 7119.8 current ops/sec; est completion in 25 minutes [READ: Count=35532, Max=556031, Min=5552, Avg=40077.51, 90=74431, 99=161535, 99.9=338175, 99.99=483839] [UPDATE: Count=35662, Max=404479, Min=3370, Avg=31833.15, 90=56351, 99=115455, 99.9=203519, 99.99=370687] 
2020-09-17 09:26:25:479 140 sec: 848034 operations; 6981.7 current ops/sec; est completion in 25 minutes [READ: Count=34873, Max=1079295, Min=4392, Avg=41400.62, 90=74175, 99=195839, 99.9=587775, 99.99=735743] [UPDATE: Count=34937, Max=791039, Min=4260, Avg=31934.45, 90=53759, 99=125759, 99.9=495871, 99.99=670719] 
2020-09-17 09:26:35:478 150 sec: 919028 operations; 7099.4 current ops/sec; est completion in 24 minutes [READ: Count=35503, Max=439295, Min=4912, Avg=40635.15, 90=74239, 99=173311, 99.9=328703, 99.99=386303] [UPDATE: Count=35493, Max=357375, Min=5112, Avg=31385.57, 90=54591, 99=107839, 99.9=276479, 99.99=348671] 
2020-09-17 09:26:45:478 160 sec: 987231 operations; 6820.3 current ops/sec; est completion in 24 minutes [READ: Count=34025, Max=746495, Min=4388, Avg=42307.18, 90=74367, 99=247935, 99.9=529407, 99.99=616447] [UPDATE: Count=34163, Max=652799, Min=3352, Avg=32707.17, 90=52959, 99=170367, 99.9=505599, 99.99=616447] 
2020-09-17 09:26:55:478 170 sec: 1055630 operations; 6839.9 current ops/sec; est completion in 24 minutes [READ: Count=34235, Max=674815, Min=3768, Avg=42020.88, 90=78271, 99=202239, 99.9=518655, 99.99=604159] [UPDATE: Count=34169, Max=625151, Min=3970, Avg=32912.05, 90=57055, 99=144255, 99.9=514047, 99.99=585215] 
2020-09-17 09:27:05:478 180 sec: 1127829 operations; 7219.9 current ops/sec; est completion in 23 minutes [READ: Count=35916, Max=411903, Min=5752, Avg=39750.22, 90=72831, 99=162303, 99.9=290559, 99.99=338431] [UPDATE: Count=36278, Max=336895, Min=4224, Avg=31249.86, 90=52863, 99=111999, 99.9=279551, 99.99=329983] 
2020-09-17 09:27:15:480 190 sec: 1200379 operations; 7255 current ops/sec; est completion in 23 minutes [READ: Count=36231, Max=571391, Min=5116, Avg=39276.38, 90=70207, 99=163455, 99.9=394239, 99.99=532479] [UPDATE: Count=36328, Max=527359, Min=4492, Avg=31245.81, 90=51871, 99=107583, 99.9=306943, 99.99=474111] 
2020-09-17 09:27:25:478 200 sec: 1270308 operations; 6992.9 current ops/sec; est completion in 22 minutes [READ: Count=34961, Max=671231, Min=5128, Avg=40982.75, 90=77439, 99=178943, 99.9=463871, 99.99=584703] [UPDATE: Count=34977, Max=548863, Min=3956, Avg=32247.96, 90=57727, 99=121151, 99.9=447487, 99.99=532479] 
2020-09-17 09:27:35:478 210 sec: 1341942 operations; 7163.4 current ops/sec; est completion in 22 minutes [READ: Count=35916, Max=706047, Min=4028, Avg=40110.92, 90=73151, 99=158463, 99.9=485631, 99.99=574975] [UPDATE: Count=35705, Max=599551, Min=4136, Avg=31301.71, 90=52671, 99=108287, 99.9=393215, 99.99=537599] 
2020-09-17 09:27:45:478 220 sec: 1412732 operations; 7079 current ops/sec; est completion in 22 minutes [READ: Count=35383, Max=443135, Min=4508, Avg=40673.04, 90=74495, 99=173951, 99.9=314111, 99.99=407295] [UPDATE: Count=35403, Max=341247, Min=3814, Avg=31663.91, 90=55103, 99=115903, 99.9=259711, 99.99=320511] 
2020-09-17 09:27:55:478 230 sec: 1481542 operations; 6881 current ops/sec; est completion in 22 minutes [READ: Count=34492, Max=600063, Min=3832, Avg=42191, 90=79231, 99=203135, 99.9=485631, 99.99=581119] [UPDATE: Count=34359, Max=594943, Min=4312, Avg=32184.91, 90=57343, 99=122751, 99.9=414719, 99.99=547327] 
2020-09-17 09:28:05:478 240 sec: 1552688 operations; 7114.6 current ops/sec; est completion in 21 minutes [READ: Count=35515, Max=372223, Min=5300, Avg=40315.64, 90=76479, 99=157439, 99.9=255615, 99.99=324095] [UPDATE: Count=35619, Max=294143, Min=4348, Avg=31652.56, 90=57919, 99=108927, 99.9=163839, 99.99=287743] 
2020-09-17 09:28:15:478 250 sec: 1621878 operations; 6919 current ops/sec; est completion in 21 minutes [READ: Count=34694, Max=424959, Min=6252, Avg=41562.8, 90=78975, 99=176511, 99.9=301567, 99.99=387839] [UPDATE: Count=34471, Max=332543, Min=4676, Avg=32372.85, 90=59519, 99=118719, 99.9=263423, 99.99=314623] 
2020-09-17 09:28:25:478 260 sec: 1693832 operations; 7195.4 current ops/sec; est completion in 21 minutes [READ: Count=36056, Max=780287, Min=5168, Avg=39741.94, 90=73663, 99=163455, 99.9=442623, 99.99=720383] [UPDATE: Count=35887, Max=782335, Min=4460, Avg=31446.91, 90=54175, 99=120191, 99.9=451583, 99.99=760831] 
2020-09-17 09:28:35:479 270 sec: 1762157 operations; 6831.82 current ops/sec; est completion in 21 minutes [READ: Count=34179, Max=550399, Min=4336, Avg=41648.34, 90=76287, 99=190079, 99.9=437759, 99.99=526335] [UPDATE: Count=34159, Max=568831, Min=3342, Avg=33148.29, 90=55743, 99=128575, 99.9=430847, 99.99=546815] 
2020-09-17 09:28:45:478 280 sec: 1831038 operations; 6888.79 current ops/sec; est completion in 20 minutes [READ: Count=34572, Max=721407, Min=5504, Avg=41586.1, 90=77183, 99=178559, 99.9=451583, 99.99=593919] [UPDATE: Count=34322, Max=588287, Min=3976, Avg=32812.56, 90=56607, 99=119359, 99.9=399359, 99.99=568831] 
2020-09-17 09:28:55:478 290 sec: 1899393 operations; 6835.5 current ops/sec; est completion in 20 minutes [READ: Count=34210, Max=603135, Min=5868, Avg=42112.34, 90=77183, 99=190591, 99.9=450303, 99.99=549375] [UPDATE: Count=34132, Max=530943, Min=4528, Avg=32730.47, 90=55935, 99=121087, 99.9=352511, 99.99=528895] 
2020-09-17 09:29:05:478 300 sec: 1970253 operations; 7086 current ops/sec; est completion in 20 minutes [READ: Count=35269, Max=448767, Min=5444, Avg=40379.02, 90=75327, 99=166527, 99.9=329983, 99.99=391423] [UPDATE: Count=35577, Max=409087, Min=4728, Avg=31919.43, 90=56287, 99=116223, 99.9=266751, 99.99=380671] 
Maximum time elapsed. Requesting stop for the workload.
Stop requested for workload. Now Joining!
Still waiting for thread Thread-132 to complete. Workload status: true
2020-09-17 09:29:08:113 302 sec: 1972129 operations; 712.22 current ops/sec; est completion in 20 minutes [READ: Count=963, Max=227455, Min=7172, Avg=39746.33, 90=72575, 99=130687, 99.9=221951, 99.99=227455] [CLEANUP: Count=256, Max=2361343, Min=1, Avg=9222.93, 90=3, 99=18, 99.9=2361343, 99.99=2361343] [UPDATE: Count=912, Max=122559, Min=7420, Avg=30634.25, 90=55007, 99=87935, 99.9=114175, 99.99=122559] 
[OVERALL], RunTime(ms), 302630
[OVERALL], Throughput(ops/sec), 6516.634173743515
[TOTAL_GCS_G1_Young_Generation], Count, 34
[TOTAL_GC_TIME_G1_Young_Generation], Time(ms), 387
[TOTAL_GC_TIME_%_G1_Young_Generation], Time(%), 0.1278789280639725
[TOTAL_GCS_G1_Old_Generation], Count, 0
[TOTAL_GC_TIME_G1_Old_Generation], Time(ms), 0
[TOTAL_GC_TIME_%_G1_Old_Generation], Time(%), 0.0
[TOTAL_GCs], Count, 34
[TOTAL_GC_TIME], Time(ms), 387
[TOTAL_GC_TIME_%], Time(%), 0.1278789280639725
[READ], Operations, 986103
[READ], AverageLatency(us), 43429.1499792618
[READ], MinLatency(us), 3416
[READ], MaxLatency(us), 3094527
[READ], 95thPercentileLatency(us), 106879
[READ], 99thPercentileLatency(us), 200575
[READ], Return=OK, 986103
[CLEANUP], Operations, 256
[CLEANUP], AverageLatency(us), 9222.92578125
[CLEANUP], MinLatency(us), 1
[CLEANUP], MaxLatency(us), 2361343
[CLEANUP], 95thPercentileLatency(us), 4
[CLEANUP], 99thPercentileLatency(us), 18
[UPDATE], Operations, 986026
[UPDATE], AverageLatency(us), 33811.76559745889
[UPDATE], MinLatency(us), 3120
[UPDATE], MaxLatency(us), 1332223
[UPDATE], 95thPercentileLatency(us), 76607
[UPDATE], 99thPercentileLatency(us), 129535
[UPDATE], Return=OK, 986026
