/opt/java/openjdk/bin/java  -classpath /usr/src/ycsb/conf:/usr/src/ycsb/lib/HdrHistogram-2.1.4.jar:/usr/src/ycsb/lib/core-0.18.0-SNAPSHOT.jar:/usr/src/ycsb/lib/htrace-core4-4.1.0-incubating.jar:/usr/src/ycsb/lib/jackson-core-asl-1.9.4.jar:/usr/src/ycsb/lib/jackson-mapper-asl-1.9.4.jar:/usr/src/ycsb/lib/postgresql-42.2.16.jar:/usr/src/ycsb/cassandra-binding/lib/cassandra-binding-0.18.0-SNAPSHOT.jar:/usr/src/ycsb/cassandra-binding/lib/cassandra-driver-core-3.0.0.jar:/usr/src/ycsb/cassandra-binding/lib/guava-16.0.1.jar:/usr/src/ycsb/cassandra-binding/lib/metrics-core-3.1.2.jar:/usr/src/ycsb/cassandra-binding/lib/netty-buffer-4.0.33.Final.jar:/usr/src/ycsb/cassandra-binding/lib/netty-codec-4.0.33.Final.jar:/usr/src/ycsb/cassandra-binding/lib/netty-common-4.0.33.Final.jar:/usr/src/ycsb/cassandra-binding/lib/netty-handler-4.0.33.Final.jar:/usr/src/ycsb/cassandra-binding/lib/netty-transport-4.0.33.Final.jar:/usr/src/ycsb/cassandra-binding/lib/slf4j-api-1.7.25.jar site.ycsb.Client -t -db site.ycsb.db.CassandraCQLClient -P workloads/workloadf -p operationcount=10000000 -p hosts=10.0.1.57,10.0.1.54,10.0.1.59,10.0.1.42,10.0.1.39,10.0.1.36,10.0.1.34,10.0.1.50,10.0.1.46,10.0.1.27,10.0.1.25,10.0.1.23,10.0.1.21,10.0.1.18,10.0.1.15,10.0.1.11,10.0.1.30,10.0.1.7,10.0.1.5,10.0.1.3 -p maxexecutiontime=300 -threads 128 -p cassandra.readconsistencylevel=QUORUM -p cassandra.writeconsistencylevel=QUORUM -s
Command line: -t -db site.ycsb.db.CassandraCQLClient -P workloads/workloadf -p operationcount=10000000 -p hosts=10.0.1.57,10.0.1.54,10.0.1.59,10.0.1.42,10.0.1.39,10.0.1.36,10.0.1.34,10.0.1.50,10.0.1.46,10.0.1.27,10.0.1.25,10.0.1.23,10.0.1.21,10.0.1.18,10.0.1.15,10.0.1.11,10.0.1.30,10.0.1.7,10.0.1.5,10.0.1.3 -p maxexecutiontime=300 -threads 128 -p cassandra.readconsistencylevel=QUORUM -p cassandra.writeconsistencylevel=QUORUM -s
YCSB Client 0.18.0-SNAPSHOT

Loading workload...
Starting test.
SLF4J: Failed to load class "org.slf4j.impl.StaticLoggerBinder".
SLF4J: Defaulting to no-operation (NOP) logger implementation
SLF4J: See http://www.slf4j.org/codes.html#StaticLoggerBinder for further details.
Maximum execution time specified as: 300 secs
2020-09-09 11:19:23:499 0 sec: 0 operations; est completion in 0 second 
WARNING: An illegal reflective access operation has occurred
WARNING: Illegal reflective access by io.netty.util.internal.PlatformDependent0 (file:/usr/src/ycsb/cassandra-binding/lib/netty-common-4.0.33.Final.jar) to field java.nio.Buffer.address
WARNING: Please consider reporting this to the maintainers of io.netty.util.internal.PlatformDependent0
WARNING: Use --illegal-access=warn to enable warnings of further illegal reflective access operations
WARNING: All illegal access operations will be denied in a future release
Sep 09, 2020 11:19:23 AM io.netty.util.internal.PlatformDependent <clinit>
INFO: Your platform does not provide complete low-level API for accessing direct buffers reliably. Unless explicitly requested, heap buffer will always be preferred to avoid potential system unstability.
DBWrapper: report latency for each error is false and specific error codes to track for latency are: []
DBWrapper: report latency for each error is false and specific error codes to track for latency are: []
DBWrapper: report latency for each error is false and specific error codes to track for latency are: []
DBWrapper: report latency for each error is false and specific error codes to track for latency are: []
DBWrapper: report latency for each error is false and specific error codes to track for latency are: []
DBWrapper: report latency for each error is false and specific error codes to track for latency are: []
DBWrapper: report latency for each error is false and specific error codes to track for latency are: []
DBWrapper: report latency for each error is false and specific error codes to track for latency are: []
DBWrapper: report latency for each error is false and specific error codes to track for latency are: []
DBWrapper: report latency for each error is false and specific error codes to track for latency are: []
DBWrapper: report latency for each error is false and specific error codes to track for latency are: []
DBWrapper: report latency for each error is false and specific error codes to track for latency are: []
DBWrapper: report latency for each error is false and specific error codes to track for latency are: []
DBWrapper: report latency for each error is false and specific error codes to track for latency are: []
DBWrapper: report latency for each error is false and specific error codes to track for latency are: []
DBWrapper: report latency for each error is false and specific error codes to track for latency are: []
DBWrapper: report latency for each error is false and specific error codes to track for latency are: []
DBWrapper: report latency for each error is false and specific error codes to track for latency are: []
DBWrapper: report latency for each error is false and specific error codes to track for latency are: []
DBWrapper: report latency for each error is false and specific error codes to track for latency are: []
DBWrapper: report latency for each error is false and specific error codes to track for latency are: []
DBWrapper: report latency for each error is false and specific error codes to track for latency are: []
DBWrapper: report latency for each error is false and specific error codes to track for latency are: []
DBWrapper: report latency for each error is false and specific error codes to track for latency are: []
DBWrapper: report latency for each error is false and specific error codes to track for latency are: []
DBWrapper: report latency for each error is false and specific error codes to track for latency are: []
DBWrapper: report latency for each error is false and specific error codes to track for latency are: []
DBWrapper: report latency for each error is false and specific error codes to track for latency are: []
DBWrapper: report latency for each error is false and specific error codes to track for latency are: []
DBWrapper: report latency for each error is false and specific error codes to track for latency are: []
DBWrapper: report latency for each error is false and specific error codes to track for latency are: []
DBWrapper: report latency for each error is false and specific error codes to track for latency are: []
DBWrapper: report latency for each error is false and specific error codes to track for latency are: []
DBWrapper: report latency for each error is false and specific error codes to track for latency are: []
DBWrapper: report latency for each error is false and specific error codes to track for latency are: []
DBWrapper: report latency for each error is false and specific error codes to track for latency are: []
DBWrapper: report latency for each error is false and specific error codes to track for latency are: []
DBWrapper: report latency for each error is false and specific error codes to track for latency are: []
DBWrapper: report latency for each error is false and specific error codes to track for latency are: []
DBWrapper: report latency for each error is false and specific error codes to track for latency are: []
DBWrapper: report latency for each error is false and specific error codes to track for latency are: []
DBWrapper: report latency for each error is false and specific error codes to track for latency are: []
DBWrapper: report latency for each error is false and specific error codes to track for latency are: []
DBWrapper: report latency for each error is false and specific error codes to track for latency are: []
DBWrapper: report latency for each error is false and specific error codes to track for latency are: []
DBWrapper: report latency for each error is false and specific error codes to track for latency are: []
DBWrapper: report latency for each error is false and specific error codes to track for latency are: []
DBWrapper: report latency for each error is false and specific error codes to track for latency are: []
DBWrapper: report latency for each error is false and specific error codes to track for latency are: []
DBWrapper: report latency for each error is false and specific error codes to track for latency are: []
DBWrapper: report latency for each error is false and specific error codes to track for latency are: []
DBWrapper: report latency for each error is false and specific error codes to track for latency are: []
DBWrapper: report latency for each error is false and specific error codes to track for latency are: []
DBWrapper: report latency for each error is false and specific error codes to track for latency are: []
DBWrapper: report latency for each error is false and specific error codes to track for latency are: []
DBWrapper: report latency for each error is false and specific error codes to track for latency are: []
DBWrapper: report latency for each error is false and specific error codes to track for latency are: []
DBWrapper: report latency for each error is false and specific error codes to track for latency are: []
DBWrapper: report latency for each error is false and specific error codes to track for latency are: []
DBWrapper: report latency for each error is false and specific error codes to track for latency are: []
DBWrapper: report latency for each error is false and specific error codes to track for latency are: []
DBWrapper: report latency for each error is false and specific error codes to track for latency are: []
DBWrapper: report latency for each error is false and specific error codes to track for latency are: []
DBWrapper: report latency for each error is false and specific error codes to track for latency are: []
DBWrapper: report latency for each error is false and specific error codes to track for latency are: []
DBWrapper: report latency for each error is false and specific error codes to track for latency are: []
DBWrapper: report latency for each error is false and specific error codes to track for latency are: []
DBWrapper: report latency for each error is false and specific error codes to track for latency are: []
DBWrapper: report latency for each error is false and specific error codes to track for latency are: []
DBWrapper: report latency for each error is false and specific error codes to track for latency are: []
DBWrapper: report latency for each error is false and specific error codes to track for latency are: []
DBWrapper: report latency for each error is false and specific error codes to track for latency are: []
DBWrapper: report latency for each error is false and specific error codes to track for latency are: []
DBWrapper: report latency for each error is false and specific error codes to track for latency are: []
DBWrapper: report latency for each error is false and specific error codes to track for latency are: []
DBWrapper: report latency for each error is false and specific error codes to track for latency are: []
DBWrapper: report latency for each error is false and specific error codes to track for latency are: []
DBWrapper: report latency for each error is false and specific error codes to track for latency are: []
DBWrapper: report latency for each error is false and specific error codes to track for latency are: []
DBWrapper: report latency for each error is false and specific error codes to track for latency are: []
DBWrapper: report latency for each error is false and specific error codes to track for latency are: []
DBWrapper: report latency for each error is false and specific error codes to track for latency are: []
DBWrapper: report latency for each error is false and specific error codes to track for latency are: []
DBWrapper: report latency for each error is false and specific error codes to track for latency are: []
DBWrapper: report latency for each error is false and specific error codes to track for latency are: []
DBWrapper: report latency for each error is false and specific error codes to track for latency are: []
DBWrapper: report latency for each error is false and specific error codes to track for latency are: []
DBWrapper: report latency for each error is false and specific error codes to track for latency are: []
DBWrapper: report latency for each error is false and specific error codes to track for latency are: []
DBWrapper: report latency for each error is false and specific error codes to track for latency are: []
DBWrapper: report latency for each error is false and specific error codes to track for latency are: []
DBWrapper: report latency for each error is false and specific error codes to track for latency are: []
DBWrapper: report latency for each error is false and specific error codes to track for latency are: []
DBWrapper: report latency for each error is false and specific error codes to track for latency are: []
DBWrapper: report latency for each error is false and specific error codes to track for latency are: []
DBWrapper: report latency for each error is false and specific error codes to track for latency are: []
DBWrapper: report latency for each error is false and specific error codes to track for latency are: []
DBWrapper: report latency for each error is false and specific error codes to track for latency are: []
DBWrapper: report latency for each error is false and specific error codes to track for latency are: []
DBWrapper: report latency for each error is false and specific error codes to track for latency are: []
DBWrapper: report latency for each error is false and specific error codes to track for latency are: []
DBWrapper: report latency for each error is false and specific error codes to track for latency are: []
DBWrapper: report latency for each error is false and specific error codes to track for latency are: []
DBWrapper: report latency for each error is false and specific error codes to track for latency are: []
DBWrapper: report latency for each error is false and specific error codes to track for latency are: []
DBWrapper: report latency for each error is false and specific error codes to track for latency are: []
DBWrapper: report latency for each error is false and specific error codes to track for latency are: []
DBWrapper: report latency for each error is false and specific error codes to track for latency are: []
DBWrapper: report latency for each error is false and specific error codes to track for latency are: []
DBWrapper: report latency for each error is false and specific error codes to track for latency are: []
DBWrapper: report latency for each error is false and specific error codes to track for latency are: []
DBWrapper: report latency for each error is false and specific error codes to track for latency are: []
DBWrapper: report latency for each error is false and specific error codes to track for latency are: []
DBWrapper: report latency for each error is false and specific error codes to track for latency are: []
DBWrapper: report latency for each error is false and specific error codes to track for latency are: []
DBWrapper: report latency for each error is false and specific error codes to track for latency are: []
DBWrapper: report latency for each error is false and specific error codes to track for latency are: []
DBWrapper: report latency for each error is false and specific error codes to track for latency are: []
DBWrapper: report latency for each error is false and specific error codes to track for latency are: []
DBWrapper: report latency for each error is false and specific error codes to track for latency are: []
DBWrapper: report latency for each error is false and specific error codes to track for latency are: []
DBWrapper: report latency for each error is false and specific error codes to track for latency are: []
DBWrapper: report latency for each error is false and specific error codes to track for latency are: []
DBWrapper: report latency for each error is false and specific error codes to track for latency are: []
DBWrapper: report latency for each error is false and specific error codes to track for latency are: []
DBWrapper: report latency for each error is false and specific error codes to track for latency are: []
DBWrapper: report latency for each error is false and specific error codes to track for latency are: []
DBWrapper: report latency for each error is false and specific error codes to track for latency are: []
2020-09-09 11:19:33:281 10 sec: 16683 operations; 1668.13 current ops/sec; est completion in 1 hour 39 minutes [READ: Count=16737, Max=2531327, Min=4064, Avg=37982.92, 90=40863, 99=524799, 99.9=2189311, 99.99=2486271] [UPDATE-FAILED: Count=1, Max=2723839, Min=2721792, Avg=2722816, 90=2723839, 99=2723839, 99.9=2723839, 99.99=2723839] [READ-MODIFY-WRITE: Count=8668, Max=3479551, Min=8648, Avg=71037, 90=70079, 99=1080319, 99.9=2359295, 99.99=3430399] [UPDATE: Count=8766, Max=2732031, Min=3574, Avg=32755.22, 90=34847, 99=307455, 99.9=2080767, 99.99=2711551] 
2020-09-09 11:19:43:281 20 sec: 56465 operations; 3978.6 current ops/sec; est completion in 58 minutes [READ: Count=39771, Max=205951, Min=4628, Avg=22450.86, 90=33407, 99=63423, 99.9=105983, 99.99=192639] [UPDATE-FAILED: Count=0, Max=0, Min=9223372036854775807, Avg=NaN, 90=0, 99=0, 99.9=0, 99.99=0] [READ-MODIFY-WRITE: Count=19642, Max=218111, Min=9832, Avg=41555.39, 90=56895, 99=94207, 99.9=160255, 99.99=216831] [UPDATE: Count=19550, Max=202495, Min=4904, Avg=19099.75, 90=26783, 99=49823, 99.9=78847, 99.99=196095] 
2020-09-09 11:19:53:281 30 sec: 95552 operations; 3908.7 current ops/sec; est completion in 51 minutes [READ: Count=39082, Max=621567, Min=3210, Avg=22984.97, 90=33375, 99=69567, 99.9=324863, 99.99=596479] [UPDATE-FAILED: Count=0, Max=0, Min=9223372036854775807, Avg=NaN, 90=0, 99=0, 99.9=0, 99.99=0] [READ-MODIFY-WRITE: Count=19668, Max=642559, Min=6736, Avg=42389.5, 90=57087, 99=112767, 99.9=476415, 99.99=612351] [UPDATE: Count=19673, Max=598527, Min=3080, Avg=19362.11, 90=26575, 99=50271, 99.9=219775, 99.99=585215] 
2020-09-09 11:20:03:281 40 sec: 135117 operations; 3956.5 current ops/sec; est completion in 48 minutes [READ: Count=39568, Max=476159, Min=4712, Avg=22839.52, 90=32831, 99=66879, 99.9=275711, 99.99=464383] [UPDATE-FAILED: Count=0, Max=0, Min=9223372036854775807, Avg=NaN, 90=0, 99=0, 99.9=0, 99.99=0] [READ-MODIFY-WRITE: Count=19621, Max=499199, Min=12152, Avg=42133.31, 90=56383, 99=97407, 99.9=363519, 99.99=486399] [UPDATE: Count=19621, Max=468991, Min=3502, Avg=19190.11, 90=26703, 99=47359, 99.9=203263, 99.99=398335] 
2020-09-09 11:20:13:281 50 sec: 175552 operations; 4043.1 current ops/sec; est completion in 46 minutes [READ: Count=40434, Max=219647, Min=4684, Avg=22100.87, 90=32223, 99=53855, 99.9=92415, 99.99=188543] [UPDATE-FAILED: Count=0, Max=0, Min=9223372036854775807, Avg=NaN, 90=0, 99=0, 99.9=0, 99.99=0] [READ-MODIFY-WRITE: Count=20250, Max=219519, Min=13696, Avg=41187.57, 90=55039, 99=80063, 99.9=118335, 99.99=201471] [UPDATE: Count=20254, Max=184063, Min=3818, Avg=19061.86, 90=26719, 99=42911, 99.9=64863, 99.99=163583] 
2020-09-09 11:20:23:281 60 sec: 216427 operations; 4087.5 current ops/sec; est completion in 45 minutes [READ: Count=40869, Max=131711, Min=4728, Avg=21880.25, 90=31807, 99=54623, 99.9=80447, 99.99=114623] [UPDATE-FAILED: Count=0, Max=0, Min=9223372036854775807, Avg=NaN, 90=0, 99=0, 99.9=0, 99.99=0] [READ-MODIFY-WRITE: Count=20446, Max=149119, Min=12848, Avg=40691.15, 90=54687, 99=80127, 99.9=104831, 99.99=141823] [UPDATE: Count=20439, Max=102015, Min=4364, Avg=18836.29, 90=26191, 99=42655, 99.9=62399, 99.99=75903] 
2020-09-09 11:20:33:281 70 sec: 255198 operations; 3877.49 current ops/sec; est completion in 44 minutes [READ: Count=38776, Max=582655, Min=4468, Avg=23324.71, 90=34047, 99=77375, 99.9=257151, 99.99=534527] [UPDATE-FAILED: Count=0, Max=0, Min=9223372036854775807, Avg=NaN, 90=0, 99=0, 99.9=0, 99.99=0] [READ-MODIFY-WRITE: Count=19296, Max=601599, Min=9680, Avg=42641.78, 90=57919, 99=120767, 99.9=420863, 99.99=592383] [UPDATE: Count=19297, Max=577535, Min=4384, Avg=19445.31, 90=26767, 99=53503, 99.9=238335, 99.99=560127] 
2020-09-09 11:20:43:281 80 sec: 292726 operations; 3752.8 current ops/sec; est completion in 44 minutes [READ: Count=37533, Max=675839, Min=4192, Avg=24007.92, 90=33951, 99=75071, 99.9=528895, 99.99=646655] [UPDATE-FAILED: Count=0, Max=0, Min=9223372036854775807, Avg=NaN, 90=0, 99=0, 99.9=0, 99.99=0] [READ-MODIFY-WRITE: Count=18731, Max=697343, Min=10312, Avg=44466.98, 90=58495, 99=187647, 99.9=600063, 99.99=674815] [UPDATE: Count=18733, Max=645119, Min=4352, Avg=20226.01, 90=27167, 99=55839, 99.9=519423, 99.99=634879] 
2020-09-09 11:20:53:281 90 sec: 333123 operations; 4039.7 current ops/sec; est completion in 43 minutes [READ: Count=40388, Max=173055, Min=4094, Avg=22144.36, 90=32767, 99=61215, 99.9=94783, 99.99=130495] [UPDATE-FAILED: Count=0, Max=0, Min=9223372036854775807, Avg=NaN, 90=0, 99=0, 99.9=0, 99.99=0] [READ-MODIFY-WRITE: Count=20303, Max=193279, Min=13808, Avg=41100.69, 90=56127, 99=90815, 99.9=137599, 99.99=175999] [UPDATE: Count=20299, Max=113151, Min=4492, Avg=18961.21, 90=26943, 99=48607, 99.9=76095, 99.99=96447] 
2020-09-09 11:21:03:281 100 sec: 373211 operations; 4008.8 current ops/sec; est completion in 43 minutes [READ: Count=40093, Max=315903, Min=4840, Avg=22431.95, 90=32799, 99=64799, 99.9=227455, 99.99=285183] [UPDATE-FAILED: Count=0, Max=0, Min=9223372036854775807, Avg=NaN, 90=0, 99=0, 99.9=0, 99.99=0] [READ-MODIFY-WRITE: Count=20101, Max=345087, Min=11264, Avg=41379.64, 90=55967, 99=94847, 99.9=277503, 99.99=324863] [UPDATE: Count=20102, Max=293631, Min=4936, Avg=18905.63, 90=26223, 99=47423, 99.9=173695, 99.99=287999] 
2020-09-09 11:21:13:281 110 sec: 407460 operations; 3424.9 current ops/sec; est completion in 43 minutes [READ: Count=34254, Max=1501183, Min=3436, Avg=26859.07, 90=33983, 99=148863, 99.9=1268735, 99.99=1494015] [UPDATE-FAILED: Count=0, Max=0, Min=9223372036854775807, Avg=NaN, 90=0, 99=0, 99.9=0, 99.99=0] [READ-MODIFY-WRITE: Count=17167, Max=1563647, Min=8156, Avg=48410.68, 90=57727, 99=353279, 99.9=1368063, 99.99=1514495] [UPDATE: Count=17169, Max=1534975, Min=3848, Avg=20977.95, 90=26063, 99=56095, 99.9=1172479, 99.99=1417215] 
2020-09-09 11:21:23:281 120 sec: 447432 operations; 3997.2 current ops/sec; est completion in 42 minutes [READ: Count=39983, Max=248319, Min=4716, Avg=22501.95, 90=33535, 99=66239, 99.9=183295, 99.99=236671] [UPDATE-FAILED: Count=0, Max=0, Min=9223372036854775807, Avg=NaN, 90=0, 99=0, 99.9=0, 99.99=0] [READ-MODIFY-WRITE: Count=20007, Max=273663, Min=12080, Avg=41568.35, 90=57055, 99=99199, 99.9=233599, 99.99=266751] [UPDATE: Count=20002, Max=250239, Min=4472, Avg=18983.19, 90=26879, 99=49759, 99.9=146687, 99.99=242303] 
2020-09-09 11:21:33:281 130 sec: 483593 operations; 3616.1 current ops/sec; est completion in 42 minutes [READ: Count=36148, Max=1586175, Min=3470, Avg=24972.78, 90=32127, 99=62303, 99.9=1333247, 99.99=1563647] [UPDATE-FAILED: Count=0, Max=0, Min=9223372036854775807, Avg=NaN, 90=0, 99=0, 99.9=0, 99.99=0] [READ-MODIFY-WRITE: Count=18087, Max=1604607, Min=7864, Avg=45938.53, 90=54975, 99=93631, 99.9=1473535, 99.99=1584127] [UPDATE: Count=18092, Max=1565695, Min=3584, Avg=20837.93, 90=26335, 99=44639, 99.9=1234943, 99.99=1546239] 
2020-09-09 11:21:43:281 140 sec: 524563 operations; 4097 current ops/sec; est completion in 42 minutes [READ: Count=40971, Max=126143, Min=3930, Avg=21959.62, 90=32607, 99=58015, 99.9=86527, 99.99=117439] [UPDATE-FAILED: Count=0, Max=0, Min=9223372036854775807, Avg=NaN, 90=0, 99=0, 99.9=0, 99.99=0] [READ-MODIFY-WRITE: Count=20234, Max=176511, Min=11128, Avg=40713.83, 90=55519, 99=86207, 99.9=115519, 99.99=150143] [UPDATE: Count=20229, Max=96767, Min=4864, Avg=18764.03, 90=26447, 99=45535, 99.9=64959, 99.99=83711] 
2020-09-09 11:21:53:281 150 sec: 564353 operations; 3979 current ops/sec; est completion in 41 minutes [READ: Count=39780, Max=435711, Min=4176, Avg=22585.12, 90=33215, 99=66623, 99.9=246783, 99.99=409855] [UPDATE-FAILED: Count=0, Max=0, Min=9223372036854775807, Avg=NaN, 90=0, 99=0, 99.9=0, 99.99=0] [READ-MODIFY-WRITE: Count=19926, Max=455679, Min=11496, Avg=41698.88, 90=56223, 99=100287, 99.9=348159, 99.99=446975] [UPDATE: Count=19930, Max=411135, Min=5092, Avg=19134.09, 90=26495, 99=50527, 99.9=191743, 99.99=386815] 
2020-09-09 11:22:03:281 160 sec: 602923 operations; 3857 current ops/sec; est completion in 41 minutes [READ: Count=38582, Max=540671, Min=4042, Avg=23572.1, 90=33503, 99=80575, 99.9=455679, 99.99=525311] [UPDATE-FAILED: Count=0, Max=0, Min=9223372036854775807, Avg=NaN, 90=0, 99=0, 99.9=0, 99.99=0] [READ-MODIFY-WRITE: Count=19093, Max=569343, Min=10920, Avg=43083.44, 90=56991, 99=154879, 99.9=493567, 99.99=550911] [UPDATE: Count=19088, Max=529407, Min=4628, Avg=19360.29, 90=26527, 99=52639, 99.9=383999, 99.99=524287] 
2020-09-09 11:22:13:281 170 sec: 642807 operations; 3988.4 current ops/sec; est completion in 41 minutes [READ: Count=39885, Max=253311, Min=4292, Avg=22538.59, 90=33183, 99=68415, 99.9=191999, 99.99=235903] [UPDATE-FAILED: Count=0, Max=0, Min=9223372036854775807, Avg=NaN, 90=0, 99=0, 99.9=0, 99.99=0] [READ-MODIFY-WRITE: Count=19972, Max=311807, Min=11600, Avg=41720, 90=56287, 99=106623, 99.9=233983, 99.99=278015] [UPDATE: Count=19974, Max=226559, Min=4596, Avg=19105.45, 90=26399, 99=51039, 99.9=172159, 99.99=225791] 
2020-09-09 11:22:23:282 180 sec: 683725 operations; 4091.39 current ops/sec; est completion in 40 minutes [READ: Count=40916, Max=128703, Min=5320, Avg=21877.22, 90=32175, 99=57055, 99.9=88063, 99.99=114751] [UPDATE-FAILED: Count=0, Max=0, Min=9223372036854775807, Avg=NaN, 90=0, 99=0, 99.9=0, 99.99=0] [READ-MODIFY-WRITE: Count=20326, Max=170623, Min=13504, Avg=40804.45, 90=55263, 99=84927, 99.9=126463, 99.99=155775] [UPDATE: Count=20323, Max=94719, Min=3956, Avg=18887.57, 90=26495, 99=44767, 99.9=68159, 99.99=88639] 
2020-09-09 11:22:33:281 190 sec: 723711 operations; 3999 current ops/sec; est completion in 40 minutes [READ: Count=39986, Max=482559, Min=4544, Avg=22492.97, 90=32655, 99=62111, 99.9=242047, 99.99=437247] [UPDATE-FAILED: Count=0, Max=0, Min=9223372036854775807, Avg=NaN, 90=0, 99=0, 99.9=0, 99.99=0] [READ-MODIFY-WRITE: Count=19952, Max=484863, Min=11264, Avg=41615.91, 90=55935, 99=93247, 99.9=385791, 99.99=460287] [UPDATE: Count=19956, Max=438527, Min=4034, Avg=19080.1, 90=26559, 99=46591, 99.9=208639, 99.99=427775] 
2020-09-09 11:22:43:281 200 sec: 764210 operations; 4049.5 current ops/sec; est completion in 40 minutes [READ: Count=40487, Max=185599, Min=4368, Avg=22159.91, 90=32927, 99=62783, 99.9=102079, 99.99=171263] [UPDATE-FAILED: Count=0, Max=0, Min=9223372036854775807, Avg=NaN, 90=0, 99=0, 99.9=0, 99.99=0] [READ-MODIFY-WRITE: Count=20256, Max=208639, Min=11800, Avg=40917.94, 90=55711, 99=91839, 99.9=143743, 99.99=201599] [UPDATE: Count=20253, Max=169087, Min=3762, Avg=18783.83, 90=26495, 99=46143, 99.9=74623, 99.99=105663] 
2020-09-09 11:22:53:281 210 sec: 800983 operations; 3677.67 current ops/sec; est completion in 40 minutes [READ: Count=36786, Max=1389567, Min=3296, Avg=24362.06, 90=32047, 99=65855, 99.9=1154047, 99.99=1380351] [UPDATE-FAILED: Count=0, Max=0, Min=9223372036854775807, Avg=NaN, 90=0, 99=0, 99.9=0, 99.99=0] [READ-MODIFY-WRITE: Count=18355, Max=1435647, Min=7404, Avg=45114.9, 90=55007, 99=101311, 99.9=1309695, 99.99=1411071] [UPDATE: Count=18362, Max=1385471, Min=2960, Avg=20991.6, 90=26159, 99=47583, 99.9=1131519, 99.99=1381375] 
2020-09-09 11:23:03:281 220 sec: 840432 operations; 3944.51 current ops/sec; est completion in 39 minutes [READ: Count=39449, Max=554495, Min=4264, Avg=22815.36, 90=33343, 99=63935, 99.9=389375, 99.99=540671] [UPDATE-FAILED: Count=0, Max=0, Min=9223372036854775807, Avg=NaN, 90=0, 99=0, 99.9=0, 99.99=0] [READ-MODIFY-WRITE: Count=19818, Max=573951, Min=10576, Avg=42078.81, 90=57055, 99=94591, 99.9=508927, 99.99=563199] [UPDATE: Count=19811, Max=527359, Min=3840, Avg=19173.82, 90=26991, 99=46623, 99.9=174591, 99.99=517375] 
2020-09-09 11:23:13:281 230 sec: 879621 operations; 3919.29 current ops/sec; est completion in 39 minutes [READ: Count=39182, Max=463615, Min=4756, Avg=23021.66, 90=33695, 99=67583, 99.9=331775, 99.99=447487] [UPDATE-FAILED: Count=0, Max=0, Min=9223372036854775807, Avg=NaN, 90=0, 99=0, 99.9=0, 99.99=0] [READ-MODIFY-WRITE: Count=19465, Max=559615, Min=10432, Avg=42384.71, 90=57279, 99=98687, 99.9=427519, 99.99=482047] [UPDATE: Count=19466, Max=446207, Min=4172, Avg=19352.33, 90=27263, 99=47743, 99.9=201983, 99.99=431615] 
2020-09-09 11:23:23:281 240 sec: 918238 operations; 3861.31 current ops/sec; est completion in 39 minutes [READ: Count=38615, Max=568831, Min=3722, Avg=23328.89, 90=34079, 99=72575, 99.9=443391, 99.99=517887] [UPDATE-FAILED: Count=0, Max=0, Min=9223372036854775807, Avg=NaN, 90=0, 99=0, 99.9=0, 99.99=0] [READ-MODIFY-WRITE: Count=19218, Max=573439, Min=7260, Avg=42986.81, 90=58271, 99=108863, 99.9=512511, 99.99=553471] [UPDATE: Count=19218, Max=521983, Min=3528, Avg=19662.17, 90=27055, 99=53919, 99.9=404991, 99.99=509183] 
2020-09-09 11:23:33:281 250 sec: 957556 operations; 3932.19 current ops/sec; est completion in 39 minutes [READ: Count=39334, Max=345343, Min=5004, Avg=23100.79, 90=33855, 99=75967, 99.9=236159, 99.99=315903] [UPDATE-FAILED: Count=0, Max=0, Min=9223372036854775807, Avg=NaN, 90=0, 99=0, 99.9=0, 99.99=0] [READ-MODIFY-WRITE: Count=19551, Max=355327, Min=12008, Avg=42160.85, 90=57183, 99=112063, 99.9=272639, 99.99=333567] [UPDATE: Count=19554, Max=317951, Min=4708, Avg=19064.69, 90=26559, 99=49631, 99.9=207615, 99.99=296703] 
2020-09-09 11:23:43:281 260 sec: 995929 operations; 3836.92 current ops/sec; est completion in 39 minutes [READ: Count=38348, Max=535039, Min=3896, Avg=23674.15, 90=35071, 99=70591, 99.9=402943, 99.99=514815] [UPDATE-FAILED: Count=0, Max=0, Min=9223372036854775807, Avg=NaN, 90=0, 99=0, 99.9=0, 99.99=0] [READ-MODIFY-WRITE: Count=19079, Max=598527, Min=8408, Avg=43166.09, 90=58719, 99=104639, 99.9=485375, 99.99=550399] [UPDATE: Count=19073, Max=535551, Min=3858, Avg=19462.17, 90=27423, 99=49087, 99.9=271359, 99.99=514559] 
2020-09-09 11:23:53:281 270 sec: 1037285 operations; 4136.01 current ops/sec; est completion in 38 minutes [READ: Count=41365, Max=130175, Min=4956, Avg=21625.51, 90=31647, 99=55295, 99.9=80319, 99.99=104831] [UPDATE-FAILED: Count=0, Max=0, Min=9223372036854775807, Avg=NaN, 90=0, 99=0, 99.9=0, 99.99=0] [READ-MODIFY-WRITE: Count=20731, Max=151807, Min=13320, Avg=40342.48, 90=54303, 99=83263, 99.9=117567, 99.99=145407] [UPDATE: Count=20733, Max=95295, Min=4548, Avg=18581.15, 90=25791, 99=43391, 99.9=64607, 99.99=83775] 
2020-09-09 11:24:03:281 280 sec: 1077735 operations; 4045 current ops/sec; est completion in 38 minutes [READ: Count=40457, Max=618495, Min=4748, Avg=22255.74, 90=32079, 99=59807, 99.9=315135, 99.99=563711] [UPDATE-FAILED: Count=0, Max=0, Min=9223372036854775807, Avg=NaN, 90=0, 99=0, 99.9=0, 99.99=0] [READ-MODIFY-WRITE: Count=20032, Max=637439, Min=11312, Avg=41337.67, 90=54815, 99=89599, 99.9=485375, 99.99=610303] [UPDATE: Count=20033, Max=563199, Min=4096, Avg=18943.15, 90=26159, 99=45023, 99.9=109119, 99.99=519679] 
2020-09-09 11:24:13:281 290 sec: 1118574 operations; 4083.49 current ops/sec; est completion in 38 minutes [READ: Count=40830, Max=250879, Min=4732, Avg=22022.39, 90=32575, 99=58239, 99.9=99007, 99.99=199551] [UPDATE-FAILED: Count=0, Max=0, Min=9223372036854775807, Avg=NaN, 90=0, 99=0, 99.9=0, 99.99=0] [READ-MODIFY-WRITE: Count=20230, Max=270079, Min=12384, Avg=40808.98, 90=55359, 99=84863, 99.9=154111, 99.99=236671] [UPDATE: Count=20230, Max=230783, Min=5316, Avg=18803.63, 90=26303, 99=44671, 99.9=71679, 99.99=184575] 
2020-09-09 11:24:23:281 300 sec: 1157348 operations; 3877.4 current ops/sec; est completion in 38 minutes [READ: Count=38780, Max=584703, Min=4380, Avg=23425.27, 90=33951, 99=79359, 99.9=344831, 99.99=525311] [UPDATE-FAILED: Count=0, Max=0, Min=9223372036854775807, Avg=NaN, 90=0, 99=0, 99.9=0, 99.99=0] [READ-MODIFY-WRITE: Count=19380, Max=589823, Min=10736, Avg=42388.88, 90=56959, 99=128511, 99.9=452863, 99.99=583167] [UPDATE: Count=19381, Max=528895, Min=4180, Avg=19157.04, 90=25999, 99=50399, 99.9=326399, 99.99=521983] 
Maximum time elapsed. Requesting stop for the workload.
Stop requested for workload. Now Joining!
Still waiting for thread Thread-3 to complete. Workload status: true
2020-09-09 11:24:25:767 302 sec: 1157885 operations; 216.1 current ops/sec; est completion in 38 minutes [READ: Count=496, Max=121215, Min=6708, Avg=26395.96, 90=51103, 99=86527, 99.9=121215, 99.99=121215] [UPDATE-FAILED: Count=0, Max=0, Min=9223372036854775807, Avg=NaN, 90=0, 99=0, 99.9=0, 99.99=0] [READ-MODIFY-WRITE: Count=279, Max=144255, Min=19968, Avg=46159.23, 90=77887, 99=115711, 99.9=144255, 99.99=144255] [CLEANUP: Count=128, Max=2324479, Min=1, Avg=18155.35, 90=4, 99=19, 99.9=2324479, 99.99=2324479] [UPDATE: Count=272, Max=73791, Min=5672, Avg=19679.8, 90=35967, 99=64863, 99.9=73791, 99.99=73791] 
[OVERALL], RunTime(ms), 302490
[OVERALL], Throughput(ops/sec), 3827.8455486131775
[TOTAL_GCS_G1_Young_Generation], Count, 28
[TOTAL_GC_TIME_G1_Young_Generation], Time(ms), 274
[TOTAL_GC_TIME_%_G1_Young_Generation], Time(%), 0.09058150682667196
[TOTAL_GCS_G1_Old_Generation], Count, 0
[TOTAL_GC_TIME_G1_Old_Generation], Time(ms), 0
[TOTAL_GC_TIME_%_G1_Old_Generation], Time(%), 0.0
[TOTAL_GCs], Count, 28
[TOTAL_GC_TIME], Time(ms), 274
[TOTAL_GC_TIME_%], Time(%), 0.09058150682667196
[READ], Operations, 1157885
[READ], AverageLatency(us), 23119.480874180077
[READ], MinLatency(us), 3210
[READ], MaxLatency(us), 2531327
[READ], 95thPercentileLatency(us), 40991
[READ], 99thPercentileLatency(us), 66175
[READ], Return=OK, 1157885
[UPDATE-FAILED], Operations, 1
[UPDATE-FAILED], AverageLatency(us), 2722816.0
[UPDATE-FAILED], MinLatency(us), 2721792
[UPDATE-FAILED], MaxLatency(us), 2723839
[UPDATE-FAILED], 95thPercentileLatency(us), 2723839
[UPDATE-FAILED], 99thPercentileLatency(us), 2723839
[READ-MODIFY-WRITE], Operations, 577884
[READ-MODIFY-WRITE], AverageLatency(us), 42670.17220757107
[READ-MODIFY-WRITE], MinLatency(us), 6736
[READ-MODIFY-WRITE], MaxLatency(us), 3479551
[READ-MODIFY-WRITE], 95thPercentileLatency(us), 66239
[READ-MODIFY-WRITE], 99thPercentileLatency(us), 98943
[CLEANUP], Operations, 128
[CLEANUP], AverageLatency(us), 18155.3515625
[CLEANUP], MinLatency(us), 1
[CLEANUP], MaxLatency(us), 2324479
[CLEANUP], 95thPercentileLatency(us), 6
[CLEANUP], 99thPercentileLatency(us), 19
[UPDATE], Operations, 577883
[UPDATE], AverageLatency(us), 19498.31557079893
[UPDATE], MinLatency(us), 2960
[UPDATE], MaxLatency(us), 2732031
[UPDATE], 95thPercentileLatency(us), 31759
[UPDATE], 99thPercentileLatency(us), 48671
[UPDATE], Return=OK, 577883
[UPDATE], Return=ERROR, 1
