/opt/java/openjdk/bin/java  -classpath /usr/src/ycsb/conf:/usr/src/ycsb/lib/HdrHistogram-2.1.4.jar:/usr/src/ycsb/lib/core-0.18.0-SNAPSHOT.jar:/usr/src/ycsb/lib/htrace-core4-4.1.0-incubating.jar:/usr/src/ycsb/lib/jackson-core-asl-1.9.4.jar:/usr/src/ycsb/lib/jackson-mapper-asl-1.9.4.jar:/usr/src/ycsb/lib/postgresql-42.2.16.jar:/usr/src/ycsb/cassandra-binding/lib/cassandra-binding-0.18.0-SNAPSHOT.jar:/usr/src/ycsb/cassandra-binding/lib/cassandra-driver-core-3.0.0.jar:/usr/src/ycsb/cassandra-binding/lib/guava-16.0.1.jar:/usr/src/ycsb/cassandra-binding/lib/metrics-core-3.1.2.jar:/usr/src/ycsb/cassandra-binding/lib/netty-buffer-4.0.33.Final.jar:/usr/src/ycsb/cassandra-binding/lib/netty-codec-4.0.33.Final.jar:/usr/src/ycsb/cassandra-binding/lib/netty-common-4.0.33.Final.jar:/usr/src/ycsb/cassandra-binding/lib/netty-handler-4.0.33.Final.jar:/usr/src/ycsb/cassandra-binding/lib/netty-transport-4.0.33.Final.jar:/usr/src/ycsb/cassandra-binding/lib/slf4j-api-1.7.25.jar site.ycsb.Client -t -db site.ycsb.db.CassandraCQLClient -P workloads/workloada -p operationcount=10000000 -p hosts=10.0.7.42,10.0.7.44,10.0.7.39,10.0.7.36,10.0.7.33,10.0.7.30,10.0.7.37,10.0.7.27,10.0.7.24,10.0.7.26,10.0.7.40,10.0.7.21,10.0.7.16,10.0.7.14,10.0.7.19,10.0.7.11,10.0.7.9,10.0.7.7,10.0.7.5,10.0.7.3 -p maxexecutiontime=300 -threads 128 -p cassandra.readconsistencylevel=QUORUM -p cassandra.writeconsistencylevel=QUORUM -s
Command line: -t -db site.ycsb.db.CassandraCQLClient -P workloads/workloada -p operationcount=10000000 -p hosts=10.0.7.42,10.0.7.44,10.0.7.39,10.0.7.36,10.0.7.33,10.0.7.30,10.0.7.37,10.0.7.27,10.0.7.24,10.0.7.26,10.0.7.40,10.0.7.21,10.0.7.16,10.0.7.14,10.0.7.19,10.0.7.11,10.0.7.9,10.0.7.7,10.0.7.5,10.0.7.3 -p maxexecutiontime=300 -threads 128 -p cassandra.readconsistencylevel=QUORUM -p cassandra.writeconsistencylevel=QUORUM -s
YCSB Client 0.18.0-SNAPSHOT

Loading workload...
Starting test.
SLF4J: Failed to load class "org.slf4j.impl.StaticLoggerBinder".
SLF4J: Defaulting to no-operation (NOP) logger implementation
SLF4J: See http://www.slf4j.org/codes.html#StaticLoggerBinder for further details.
Maximum execution time specified as: 300 secs
2020-09-07 13:32:56:881 0 sec: 0 operations; est completion in 0 second 
WARNING: An illegal reflective access operation has occurred
WARNING: Illegal reflective access by io.netty.util.internal.PlatformDependent0 (file:/usr/src/ycsb/cassandra-binding/lib/netty-common-4.0.33.Final.jar) to field java.nio.Buffer.address
WARNING: Please consider reporting this to the maintainers of io.netty.util.internal.PlatformDependent0
WARNING: Use --illegal-access=warn to enable warnings of further illegal reflective access operations
WARNING: All illegal access operations will be denied in a future release
Sep 07, 2020 1:32:57 PM io.netty.util.internal.PlatformDependent <clinit>
INFO: Your platform does not provide complete low-level API for accessing direct buffers reliably. Unless explicitly requested, heap buffer will always be preferred to avoid potential system unstability.
DBWrapper: report latency for each error is false and specific error codes to track for latency are: []
DBWrapper: report latency for each error is false and specific error codes to track for latency are: []
DBWrapper: report latency for each error is false and specific error codes to track for latency are: []
DBWrapper: report latency for each error is false and specific error codes to track for latency are: []
DBWrapper: report latency for each error is false and specific error codes to track for latency are: []
DBWrapper: report latency for each error is false and specific error codes to track for latency are: []
DBWrapper: report latency for each error is false and specific error codes to track for latency are: []
DBWrapper: report latency for each error is false and specific error codes to track for latency are: []
DBWrapper: report latency for each error is false and specific error codes to track for latency are: []
DBWrapper: report latency for each error is false and specific error codes to track for latency are: []
DBWrapper: report latency for each error is false and specific error codes to track for latency are: []
DBWrapper: report latency for each error is false and specific error codes to track for latency are: []
DBWrapper: report latency for each error is false and specific error codes to track for latency are: []
DBWrapper: report latency for each error is false and specific error codes to track for latency are: []
DBWrapper: report latency for each error is false and specific error codes to track for latency are: []
DBWrapper: report latency for each error is false and specific error codes to track for latency are: []
DBWrapper: report latency for each error is false and specific error codes to track for latency are: []
DBWrapper: report latency for each error is false and specific error codes to track for latency are: []
DBWrapper: report latency for each error is false and specific error codes to track for latency are: []
DBWrapper: report latency for each error is false and specific error codes to track for latency are: []
DBWrapper: report latency for each error is false and specific error codes to track for latency are: []
DBWrapper: report latency for each error is false and specific error codes to track for latency are: []
DBWrapper: report latency for each error is false and specific error codes to track for latency are: []
DBWrapper: report latency for each error is false and specific error codes to track for latency are: []
DBWrapper: report latency for each error is false and specific error codes to track for latency are: []
DBWrapper: report latency for each error is false and specific error codes to track for latency are: []
DBWrapper: report latency for each error is false and specific error codes to track for latency are: []
DBWrapper: report latency for each error is false and specific error codes to track for latency are: []
DBWrapper: report latency for each error is false and specific error codes to track for latency are: []
DBWrapper: report latency for each error is false and specific error codes to track for latency are: []
DBWrapper: report latency for each error is false and specific error codes to track for latency are: []
DBWrapper: report latency for each error is false and specific error codes to track for latency are: []
DBWrapper: report latency for each error is false and specific error codes to track for latency are: []
DBWrapper: report latency for each error is false and specific error codes to track for latency are: []
DBWrapper: report latency for each error is false and specific error codes to track for latency are: []
DBWrapper: report latency for each error is false and specific error codes to track for latency are: []
DBWrapper: report latency for each error is false and specific error codes to track for latency are: []
DBWrapper: report latency for each error is false and specific error codes to track for latency are: []
DBWrapper: report latency for each error is false and specific error codes to track for latency are: []
DBWrapper: report latency for each error is false and specific error codes to track for latency are: []
DBWrapper: report latency for each error is false and specific error codes to track for latency are: []
DBWrapper: report latency for each error is false and specific error codes to track for latency are: []
DBWrapper: report latency for each error is false and specific error codes to track for latency are: []
DBWrapper: report latency for each error is false and specific error codes to track for latency are: []
DBWrapper: report latency for each error is false and specific error codes to track for latency are: []
DBWrapper: report latency for each error is false and specific error codes to track for latency are: []
DBWrapper: report latency for each error is false and specific error codes to track for latency are: []
DBWrapper: report latency for each error is false and specific error codes to track for latency are: []
DBWrapper: report latency for each error is false and specific error codes to track for latency are: []
DBWrapper: report latency for each error is false and specific error codes to track for latency are: []
DBWrapper: report latency for each error is false and specific error codes to track for latency are: []
DBWrapper: report latency for each error is false and specific error codes to track for latency are: []
DBWrapper: report latency for each error is false and specific error codes to track for latency are: []
DBWrapper: report latency for each error is false and specific error codes to track for latency are: []
DBWrapper: report latency for each error is false and specific error codes to track for latency are: []
DBWrapper: report latency for each error is false and specific error codes to track for latency are: []
DBWrapper: report latency for each error is false and specific error codes to track for latency are: []
DBWrapper: report latency for each error is false and specific error codes to track for latency are: []
DBWrapper: report latency for each error is false and specific error codes to track for latency are: []
DBWrapper: report latency for each error is false and specific error codes to track for latency are: []
DBWrapper: report latency for each error is false and specific error codes to track for latency are: []
DBWrapper: report latency for each error is false and specific error codes to track for latency are: []
DBWrapper: report latency for each error is false and specific error codes to track for latency are: []
DBWrapper: report latency for each error is false and specific error codes to track for latency are: []
DBWrapper: report latency for each error is false and specific error codes to track for latency are: []
DBWrapper: report latency for each error is false and specific error codes to track for latency are: []
DBWrapper: report latency for each error is false and specific error codes to track for latency are: []
DBWrapper: report latency for each error is false and specific error codes to track for latency are: []
DBWrapper: report latency for each error is false and specific error codes to track for latency are: []
DBWrapper: report latency for each error is false and specific error codes to track for latency are: []
DBWrapper: report latency for each error is false and specific error codes to track for latency are: []
DBWrapper: report latency for each error is false and specific error codes to track for latency are: []
DBWrapper: report latency for each error is false and specific error codes to track for latency are: []
DBWrapper: report latency for each error is false and specific error codes to track for latency are: []
DBWrapper: report latency for each error is false and specific error codes to track for latency are: []
DBWrapper: report latency for each error is false and specific error codes to track for latency are: []
DBWrapper: report latency for each error is false and specific error codes to track for latency are: []
DBWrapper: report latency for each error is false and specific error codes to track for latency are: []
DBWrapper: report latency for each error is false and specific error codes to track for latency are: []
DBWrapper: report latency for each error is false and specific error codes to track for latency are: []
DBWrapper: report latency for each error is false and specific error codes to track for latency are: []
DBWrapper: report latency for each error is false and specific error codes to track for latency are: []
DBWrapper: report latency for each error is false and specific error codes to track for latency are: []
DBWrapper: report latency for each error is false and specific error codes to track for latency are: []
DBWrapper: report latency for each error is false and specific error codes to track for latency are: []
DBWrapper: report latency for each error is false and specific error codes to track for latency are: []
DBWrapper: report latency for each error is false and specific error codes to track for latency are: []
DBWrapper: report latency for each error is false and specific error codes to track for latency are: []
DBWrapper: report latency for each error is false and specific error codes to track for latency are: []
DBWrapper: report latency for each error is false and specific error codes to track for latency are: []
DBWrapper: report latency for each error is false and specific error codes to track for latency are: []
DBWrapper: report latency for each error is false and specific error codes to track for latency are: []
DBWrapper: report latency for each error is false and specific error codes to track for latency are: []
DBWrapper: report latency for each error is false and specific error codes to track for latency are: []
DBWrapper: report latency for each error is false and specific error codes to track for latency are: []
DBWrapper: report latency for each error is false and specific error codes to track for latency are: []
DBWrapper: report latency for each error is false and specific error codes to track for latency are: []
DBWrapper: report latency for each error is false and specific error codes to track for latency are: []
DBWrapper: report latency for each error is false and specific error codes to track for latency are: []
DBWrapper: report latency for each error is false and specific error codes to track for latency are: []
DBWrapper: report latency for each error is false and specific error codes to track for latency are: []
DBWrapper: report latency for each error is false and specific error codes to track for latency are: []
DBWrapper: report latency for each error is false and specific error codes to track for latency are: []
DBWrapper: report latency for each error is false and specific error codes to track for latency are: []
DBWrapper: report latency for each error is false and specific error codes to track for latency are: []
DBWrapper: report latency for each error is false and specific error codes to track for latency are: []
DBWrapper: report latency for each error is false and specific error codes to track for latency are: []
DBWrapper: report latency for each error is false and specific error codes to track for latency are: []
DBWrapper: report latency for each error is false and specific error codes to track for latency are: []
DBWrapper: report latency for each error is false and specific error codes to track for latency are: []
DBWrapper: report latency for each error is false and specific error codes to track for latency are: []
DBWrapper: report latency for each error is false and specific error codes to track for latency are: []
DBWrapper: report latency for each error is false and specific error codes to track for latency are: []
DBWrapper: report latency for each error is false and specific error codes to track for latency are: []
DBWrapper: report latency for each error is false and specific error codes to track for latency are: []
DBWrapper: report latency for each error is false and specific error codes to track for latency are: []
DBWrapper: report latency for each error is false and specific error codes to track for latency are: []
DBWrapper: report latency for each error is false and specific error codes to track for latency are: []
DBWrapper: report latency for each error is false and specific error codes to track for latency are: []
DBWrapper: report latency for each error is false and specific error codes to track for latency are: []
DBWrapper: report latency for each error is false and specific error codes to track for latency are: []
DBWrapper: report latency for each error is false and specific error codes to track for latency are: []
DBWrapper: report latency for each error is false and specific error codes to track for latency are: []
DBWrapper: report latency for each error is false and specific error codes to track for latency are: []
DBWrapper: report latency for each error is false and specific error codes to track for latency are: []
DBWrapper: report latency for each error is false and specific error codes to track for latency are: []
DBWrapper: report latency for each error is false and specific error codes to track for latency are: []
DBWrapper: report latency for each error is false and specific error codes to track for latency are: []
2020-09-07 13:33:06:677 10 sec: 18425 operations; 1842.32 current ops/sec; est completion in 1 hour 30 minutes [READ: Count=9261, Max=2154495, Min=3548, Avg=62354.78, 90=76159, 99=971775, 99.9=1945599, 99.99=2121727] [UPDATE: Count=9269, Max=1569791, Min=3456, Avg=38092.98, 90=41119, 99=599039, 99.9=1184767, 99.99=1422335] 
2020-09-07 13:33:16:676 20 sec: 51922 operations; 3349.7 current ops/sec; est completion in 1 hour 3 minutes [READ: Count=16736, Max=2949119, Min=3666, Avg=46799.61, 90=67199, 99=561151, 99.9=1180671, 99.99=1757183] [UPDATE: Count=16690, Max=1447935, Min=2862, Avg=29823.26, 90=34303, 99=462591, 99.9=984575, 99.99=1122303] 
2020-09-07 13:33:26:677 30 sec: 89475 operations; 3755.3 current ops/sec; est completion in 55 minutes [READ: Count=18951, Max=1107967, Min=3600, Avg=37237.63, 90=57311, 99=333055, 99.9=687615, 99.99=994815] [UPDATE: Count=18568, Max=601599, Min=3604, Avg=23479.59, 90=32383, 99=126783, 99.9=490239, 99.99=591359] 
2020-09-07 13:33:36:677 40 sec: 125311 operations; 3583.6 current ops/sec; est completion in 52 minutes [READ: Count=17943, Max=2910207, Min=3902, Avg=44423.76, 90=46591, 99=508415, 99.9=2709503, 99.99=2852863] [UPDATE-FAILED: Count=1, Max=2693119, Min=2691072, Avg=2692096, 90=2693119, 99=2693119, 99.9=2693119, 99.99=2693119] [UPDATE: Count=17900, Max=2793471, Min=3426, Avg=30598.85, 90=32223, 99=178815, 99.9=2596863, 99.99=2725887] 
2020-09-07 13:33:46:676 50 sec: 167818 operations; 4250.7 current ops/sec; est completion in 48 minutes [READ: Count=21266, Max=2063359, Min=3734, Avg=36302.85, 90=45919, 99=236927, 99.9=1888255, 99.99=2056191] [UPDATE-FAILED: Count=0, Max=0, Min=9223372036854775807, Avg=NaN, 90=0, 99=0, 99.9=0, 99.99=0] [UPDATE: Count=21258, Max=2068479, Min=3080, Avg=27181.07, 90=32927, 99=79679, 99.9=1762303, 99.99=2021375] 
2020-09-07 13:33:56:676 60 sec: 214665 operations; 4684.7 current ops/sec; est completion in 45 minutes [READ: Count=23550, Max=2046975, Min=3328, Avg=32490.88, 90=40543, 99=318719, 99.9=968703, 99.99=1883135] [UPDATE-FAILED: Count=0, Max=0, Min=9223372036854775807, Avg=NaN, 90=0, 99=0, 99.9=0, 99.99=0] [UPDATE: Count=23300, Max=1538047, Min=3740, Avg=22079.4, 90=28767, 99=92159, 99.9=590847, 99.99=1406975] 
2020-09-07 13:34:06:676 70 sec: 245089 operations; 3042.4 current ops/sec; est completion in 46 minutes [READ: Count=15284, Max=4419583, Min=3632, Avg=48550.37, 90=43327, 99=424703, 99.9=4317183, 99.99=4407295] [UPDATE-FAILED: Count=3, Max=5963775, Min=5955584, Avg=5958997.33, 90=5963775, 99=5963775, 99.9=5963775, 99.99=5963775] [UPDATE: Count=15135, Max=4390911, Min=3430, Avg=33880.74, 90=29807, 99=73855, 99.9=4194303, 99.99=4362239] 
2020-09-07 13:34:16:676 80 sec: 282718 operations; 3762.9 current ops/sec; est completion in 45 minutes [READ: Count=18688, Max=2051071, Min=3330, Avg=37537.83, 90=41215, 99=453631, 99.9=1708031, 99.99=1849343] [UPDATE-FAILED: Count=0, Max=0, Min=9223372036854775807, Avg=NaN, 90=0, 99=0, 99.9=0, 99.99=0] [UPDATE: Count=18918, Max=1808383, Min=3300, Avg=28468.68, 90=29551, 99=214655, 99.9=1717247, 99.99=1788927] 
2020-09-07 13:34:26:676 90 sec: 331188 operations; 4847 current ops/sec; est completion in 43 minutes [READ: Count=24226, Max=2398207, Min=3824, Avg=31026.72, 90=39391, 99=135039, 99.9=1829887, 99.99=2117631] [UPDATE-FAILED: Count=0, Max=0, Min=9223372036854775807, Avg=NaN, 90=0, 99=0, 99.9=0, 99.99=0] [UPDATE: Count=24262, Max=2057215, Min=3300, Avg=23704.28, 90=29615, 99=58751, 99.9=1697791, 99.99=1995775] 
2020-09-07 13:34:36:676 100 sec: 384990 operations; 5380.2 current ops/sec; est completion in 41 minutes [READ: Count=26914, Max=564735, Min=3446, Avg=26117.09, 90=38335, 99=99135, 99.9=466943, 99.99=563711] [UPDATE-FAILED: Count=0, Max=0, Min=9223372036854775807, Avg=NaN, 90=0, 99=0, 99.9=0, 99.99=0] [UPDATE: Count=26894, Max=558079, Min=3988, Avg=21450.69, 90=29119, 99=59071, 99.9=453119, 99.99=525311] 
2020-09-07 13:34:46:676 110 sec: 436705 operations; 5171.5 current ops/sec; est completion in 40 minutes [READ: Count=25916, Max=967167, Min=3472, Avg=27223.47, 90=38783, 99=98431, 99.9=759807, 99.99=949247] [UPDATE-FAILED: Count=0, Max=0, Min=9223372036854775807, Avg=NaN, 90=0, 99=0, 99.9=0, 99.99=0] [UPDATE: Count=25786, Max=945151, Min=3544, Avg=22259.75, 90=30335, 99=61887, 99.9=631295, 99.99=934399] 
2020-09-07 13:34:56:676 120 sec: 491626 operations; 5492.1 current ops/sec; est completion in 38 minutes [READ: Count=27608, Max=655359, Min=3540, Avg=25657.42, 90=37247, 99=83839, 99.9=519167, 99.99=619519] [UPDATE-FAILED: Count=0, Max=0, Min=9223372036854775807, Avg=NaN, 90=0, 99=0, 99.9=0, 99.99=0] [UPDATE: Count=27315, Max=625151, Min=4304, Avg=20913.08, 90=29167, 99=51615, 99.9=335359, 99.99=606719] 
2020-09-07 13:35:06:677 130 sec: 532663 operations; 4103.7 current ops/sec; est completion in 38 minutes [READ: Count=20444, Max=902655, Min=3960, Avg=27867.06, 90=40383, 99=140415, 99.9=699391, 99.99=827903] [UPDATE-FAILED: Count=0, Max=0, Min=9223372036854775807, Avg=NaN, 90=0, 99=0, 99.9=0, 99.99=0] [UPDATE: Count=20577, Max=1278975, Min=3490, Avg=23096.13, 90=30895, 99=73087, 99.9=703487, 99.99=891391] 
2020-09-07 13:35:16:676 140 sec: 558819 operations; 2615.6 current ops/sec; est completion in 39 minutes [READ: Count=12930, Max=5816319, Min=3902, Avg=65071.13, 90=62015, 99=536063, 99.9=5746687, 99.99=5812223] [UPDATE-FAILED: Count=2, Max=5832703, Min=5808128, Avg=5820416, 90=5832703, 99=5832703, 99.9=5832703, 99.99=5832703] [UPDATE: Count=13252, Max=5832703, Min=3680, Avg=47745.39, 90=29615, 99=365055, 99.9=5734399, 99.99=5812223] [READ-FAILED: Count=5, Max=5840895, Min=5013504, Avg=5659443.2, 90=5840895, 99=5840895, 99.9=5840895, 99.99=5840895] 
2020-09-07 13:35:26:676 150 sec: 603522 operations; 4470.3 current ops/sec; est completion in 38 minutes [READ: Count=22386, Max=787967, Min=3826, Avg=33835.05, 90=53503, 99=276991, 99.9=543231, 99.99=673279] [UPDATE-FAILED: Count=0, Max=0, Min=9223372036854775807, Avg=NaN, 90=0, 99=0, 99.9=0, 99.99=0] [UPDATE: Count=22306, Max=775167, Min=3754, Avg=23374.43, 90=30687, 99=162943, 99.9=465663, 99.99=550399] [READ-FAILED: Count=0, Max=0, Min=9223372036854775807, Avg=NaN, 90=0, 99=0, 99.9=0, 99.99=0] 
2020-09-07 13:35:36:676 160 sec: 656267 operations; 5274.5 current ops/sec; est completion in 37 minutes [READ: Count=26370, Max=381183, Min=4316, Avg=26776.81, 90=42623, 99=96767, 99.9=215807, 99.99=329727] [UPDATE-FAILED: Count=0, Max=0, Min=9223372036854775807, Avg=NaN, 90=0, 99=0, 99.9=0, 99.99=0] [UPDATE: Count=26373, Max=325375, Min=4728, Avg=21792.89, 90=32479, 99=61919, 99.9=99775, 99.99=314879] [READ-FAILED: Count=0, Max=0, Min=9223372036854775807, Avg=NaN, 90=0, 99=0, 99.9=0, 99.99=0] 
2020-09-07 13:35:46:676 170 sec: 701650 operations; 4538.3 current ops/sec; est completion in 37 minutes [READ: Count=22763, Max=1718271, Min=3916, Avg=31014.1, 90=40831, 99=154111, 99.9=1559551, 99.99=1704959] [UPDATE-FAILED: Count=0, Max=0, Min=9223372036854775807, Avg=NaN, 90=0, 99=0, 99.9=0, 99.99=0] [UPDATE: Count=22619, Max=1760255, Min=3580, Avg=25361.9, 90=31471, 99=70335, 99.9=1556479, 99.99=1716223] [READ-FAILED: Count=0, Max=0, Min=9223372036854775807, Avg=NaN, 90=0, 99=0, 99.9=0, 99.99=0] 
2020-09-07 13:35:56:676 180 sec: 743399 operations; 4174.9 current ops/sec; est completion in 37 minutes [READ: Count=20871, Max=2451455, Min=3310, Avg=36543.22, 90=40095, 99=447487, 99.9=997887, 99.99=1896447] [UPDATE-FAILED: Count=0, Max=0, Min=9223372036854775807, Avg=NaN, 90=0, 99=0, 99.9=0, 99.99=0] [UPDATE: Count=20864, Max=1041407, Min=3216, Avg=23551.29, 90=26735, 99=269567, 99.9=809471, 99.99=975359] [READ-FAILED: Count=0, Max=0, Min=9223372036854775807, Avg=NaN, 90=0, 99=0, 99.9=0, 99.99=0] 
2020-09-07 13:36:06:676 190 sec: 788712 operations; 4531.3 current ops/sec; est completion in 37 minutes [READ: Count=22660, Max=1161215, Min=3642, Avg=32535.17, 90=45695, 99=298495, 99.9=984575, 99.99=1156095] [UPDATE-FAILED: Count=0, Max=0, Min=9223372036854775807, Avg=NaN, 90=0, 99=0, 99.9=0, 99.99=0] [UPDATE: Count=22665, Max=1163263, Min=3442, Avg=25044.08, 90=32175, 99=178687, 99.9=969727, 99.99=1153023] [READ-FAILED: Count=0, Max=0, Min=9223372036854775807, Avg=NaN, 90=0, 99=0, 99.9=0, 99.99=0] 
2020-09-07 13:36:16:676 200 sec: 829688 operations; 4097.6 current ops/sec; est completion in 36 minutes [READ: Count=20322, Max=1790975, Min=3882, Avg=34382.1, 90=45151, 99=428031, 99.9=736767, 99.99=1398783] [UPDATE-FAILED: Count=0, Max=0, Min=9223372036854775807, Avg=NaN, 90=0, 99=0, 99.9=0, 99.99=0] [UPDATE: Count=20643, Max=786943, Min=3858, Avg=24862.02, 90=28591, 99=332799, 99.9=600575, 99.99=734719] [READ-FAILED: Count=0, Max=0, Min=9223372036854775807, Avg=NaN, 90=0, 99=0, 99.9=0, 99.99=0] 
2020-09-07 13:36:26:676 210 sec: 848572 operations; 1888.4 current ops/sec; est completion in 37 minutes [READ: Count=9387, Max=3942399, Min=3458, Avg=72073.5, 90=148991, 99=937983, 99.9=3776511, 99.99=3919871] [UPDATE-FAILED: Count=6, Max=3741695, Min=3682304, Avg=3718485.33, 90=3731455, 99=3741695, 99.9=3741695, 99.99=3741695] [UPDATE: Count=9485, Max=3944447, Min=3372, Avg=57868.08, 90=41887, 99=835583, 99.9=3829759, 99.99=3936255] [READ-FAILED: Count=0, Max=0, Min=9223372036854775807, Avg=NaN, 90=0, 99=0, 99.9=0, 99.99=0] 
2020-09-07 13:36:36:676 220 sec: 881465 operations; 3289.3 current ops/sec; est completion in 37 minutes [READ: Count=16523, Max=3502079, Min=3512, Avg=48581.75, 90=42111, 99=1068031, 99.9=2428927, 99.99=3411967] [UPDATE-FAILED: Count=4, Max=3293183, Min=2004992, Avg=2444160, 90=3293183, 99=3293183, 99.9=3293183, 99.99=3293183] [UPDATE: Count=16379, Max=3332095, Min=3046, Avg=34494.89, 90=30415, 99=718847, 99.9=2091007, 99.99=2838527] [READ-FAILED: Count=1, Max=2568191, Min=2566144, Avg=2567168, 90=2568191, 99=2568191, 99.9=2568191, 99.99=2568191] 
2020-09-07 13:36:46:676 230 sec: 936025 operations; 5456 current ops/sec; est completion in 37 minutes [READ: Count=26938, Max=739839, Min=3552, Avg=25918.64, 90=38847, 99=81471, 99.9=593407, 99.99=705535] [UPDATE-FAILED: Count=0, Max=0, Min=9223372036854775807, Avg=NaN, 90=0, 99=0, 99.9=0, 99.99=0] [UPDATE: Count=27620, Max=690175, Min=4078, Avg=21044.55, 90=29983, 99=59551, 99.9=398079, 99.99=661503] [READ-FAILED: Count=0, Max=0, Min=9223372036854775807, Avg=NaN, 90=0, 99=0, 99.9=0, 99.99=0] 
2020-09-07 13:36:56:676 240 sec: 993257 operations; 5723.2 current ops/sec; est completion in 36 minutes [READ: Count=28607, Max=432639, Min=4152, Avg=24396.72, 90=37119, 99=71039, 99.9=308479, 99.99=413951] [UPDATE-FAILED: Count=0, Max=0, Min=9223372036854775807, Avg=NaN, 90=0, 99=0, 99.9=0, 99.99=0] [UPDATE: Count=28625, Max=405247, Min=3968, Avg=20326.12, 90=28831, 99=54751, 99.9=204159, 99.99=400639] [READ-FAILED: Count=0, Max=0, Min=9223372036854775807, Avg=NaN, 90=0, 99=0, 99.9=0, 99.99=0] 
2020-09-07 13:37:06:676 250 sec: 1048388 operations; 5513.1 current ops/sec; est completion in 35 minutes [READ: Count=27467, Max=422399, Min=4244, Avg=24210.1, 90=36863, 99=77823, 99.9=240895, 99.99=390911] [UPDATE-FAILED: Count=0, Max=0, Min=9223372036854775807, Avg=NaN, 90=0, 99=0, 99.9=0, 99.99=0] [UPDATE: Count=27653, Max=369151, Min=3556, Avg=19930.06, 90=28687, 99=55167, 99.9=154239, 99.99=361983] [READ-FAILED: Count=0, Max=0, Min=9223372036854775807, Avg=NaN, 90=0, 99=0, 99.9=0, 99.99=0] 
2020-09-07 13:37:16:676 260 sec: 1085091 operations; 3670.3 current ops/sec; est completion in 35 minutes [READ: Count=18340, Max=3409919, Min=3814, Avg=39577.85, 90=39039, 99=172287, 99.9=3270655, 99.99=3395583] [UPDATE-FAILED: Count=1, Max=3424255, Min=3422208, Avg=3423232, 90=3424255, 99=3424255, 99.9=3424255, 99.99=3424255] [UPDATE: Count=18396, Max=3395583, Min=3276, Avg=33400.71, 90=30175, 99=70335, 99.9=3311615, 99.99=3379199] [READ-FAILED: Count=0, Max=0, Min=9223372036854775807, Avg=NaN, 90=0, 99=0, 99.9=0, 99.99=0] 
2020-09-07 13:37:26:682 270 sec: 1122088 operations; 3697.48 current ops/sec; est completion in 35 minutes [READ: Count=18512, Max=1252351, Min=3986, Avg=26900.05, 90=35167, 99=138367, 99.9=1128447, 99.99=1243135] [UPDATE-FAILED: Count=0, Max=0, Min=9223372036854775807, Avg=NaN, 90=0, 99=0, 99.9=0, 99.99=0] [UPDATE: Count=18450, Max=1254399, Min=3320, Avg=21466.63, 90=27503, 99=51327, 99.9=1123327, 99.99=1248255] [READ-FAILED: Count=0, Max=0, Min=9223372036854775807, Avg=NaN, 90=0, 99=0, 99.9=0, 99.99=0] 
2020-09-07 13:37:36:676 280 sec: 1180431 operations; 5837.8 current ops/sec; est completion in 34 minutes [READ: Count=29348, Max=3446783, Min=4332, Avg=31888.5, 90=36063, 99=78655, 99.9=3235839, 99.99=3432447] [UPDATE-FAILED: Count=2, Max=3516415, Min=3508224, Avg=3512320, 90=3516415, 99=3516415, 99.9=3516415, 99.99=3516415] [UPDATE: Count=29035, Max=3438591, Min=4568, Avg=24873.53, 90=28159, 99=51711, 99.9=3166207, 99.99=3403775] [READ-FAILED: Count=0, Max=0, Min=9223372036854775807, Avg=NaN, 90=0, 99=0, 99.9=0, 99.99=0] 
2020-09-07 13:37:46:681 290 sec: 1236682 operations; 5625.1 current ops/sec; est completion in 34 minutes [READ: Count=28179, Max=759295, Min=3460, Avg=24752, 90=37055, 99=78975, 99.9=560639, 99.99=726015] [UPDATE-FAILED: Count=0, Max=0, Min=9223372036854775807, Avg=NaN, 90=0, 99=0, 99.9=0, 99.99=0] [UPDATE: Count=28081, Max=736767, Min=2958, Avg=20750.06, 90=28687, 99=56383, 99.9=510719, 99.99=723967] [READ-FAILED: Count=0, Max=0, Min=9223372036854775807, Avg=NaN, 90=0, 99=0, 99.9=0, 99.99=0] 
2020-09-07 13:37:56:676 300 sec: 1290472 operations; 5379 current ops/sec; est completion in 33 minutes [READ: Count=27021, Max=644095, Min=3536, Avg=26422.02, 90=35775, 99=164607, 99.9=518399, 99.99=628735] [UPDATE-FAILED: Count=0, Max=0, Min=9223372036854775807, Avg=NaN, 90=0, 99=0, 99.9=0, 99.99=0] [UPDATE: Count=26726, Max=629247, Min=3754, Avg=21120.78, 90=27775, 99=61663, 99.9=479487, 99.99=609791] [READ-FAILED: Count=0, Max=0, Min=9223372036854775807, Avg=NaN, 90=0, 99=0, 99.9=0, 99.99=0] 
Maximum time elapsed. Requesting stop for the workload.
Stop requested for workload. Now Joining!
Still waiting for thread Thread-62 to complete. Workload status: true
2020-09-07 13:37:59:139 302 sec: 1291317 operations; 343.08 current ops/sec; est completion in 34 minutes [READ: Count=440, Max=84159, Min=8336, Avg=22963.63, 90=34943, 99=53791, 99.9=84159, 99.99=84159] [UPDATE-FAILED: Count=0, Max=0, Min=9223372036854775807, Avg=NaN, 90=0, 99=0, 99.9=0, 99.99=0] [CLEANUP: Count=128, Max=2322431, Min=1, Avg=18138.11, 90=2, 99=19, 99.9=2322431, 99.99=2322431] [UPDATE: Count=397, Max=52991, Min=5992, Avg=20031.38, 90=29103, 99=43903, 99.9=52991, 99.99=52991] [READ-FAILED: Count=0, Max=0, Min=9223372036854775807, Avg=NaN, 90=0, 99=0, 99.9=0, 99.99=0] 
[OVERALL], RunTime(ms), 302465
[OVERALL], Throughput(ops/sec), 4269.310498735391
[TOTAL_GCS_G1_Young_Generation], Count, 42
[TOTAL_GC_TIME_G1_Young_Generation], Time(ms), 363
[TOTAL_GC_TIME_%_G1_Young_Generation], Time(%), 0.1200138859041542
[TOTAL_GCS_G1_Old_Generation], Count, 0
[TOTAL_GC_TIME_G1_Old_Generation], Time(ms), 0
[TOTAL_GC_TIME_%_G1_Old_Generation], Time(%), 0.0
[TOTAL_GCs], Count, 42
[TOTAL_GC_TIME], Time(ms), 363
[TOTAL_GC_TIME_%], Time(%), 0.1200138859041542
[READ], Operations, 645851
[READ], AverageLatency(us), 33465.1576338815
[READ], MinLatency(us), 3310
[READ], MaxLatency(us), 5816319
[READ], 95thPercentileLatency(us), 58367
[READ], 99thPercentileLatency(us), 268543
[READ], Return=OK, 645851
[READ], Return=ERROR, 6
[UPDATE-FAILED], Operations, 19
[UPDATE-FAILED], AverageLatency(us), 3933965.4736842103
[UPDATE-FAILED], MinLatency(us), 2004992
[UPDATE-FAILED], MaxLatency(us), 5963775
[UPDATE-FAILED], 95thPercentileLatency(us), 5959679
[UPDATE-FAILED], 99thPercentileLatency(us), 5963775
[CLEANUP], Operations, 128
[CLEANUP], AverageLatency(us), 18138.109375
[CLEANUP], MinLatency(us), 1
[CLEANUP], MaxLatency(us), 2322431
[CLEANUP], 95thPercentileLatency(us), 3
[CLEANUP], 99thPercentileLatency(us), 19
[UPDATE], Operations, 645441
[UPDATE], AverageLatency(us), 25317.984548548975
[UPDATE], MinLatency(us), 2862
[UPDATE], MaxLatency(us), 5832703
[UPDATE], 95thPercentileLatency(us), 37727
[UPDATE], 99thPercentileLatency(us), 95743
[UPDATE], Return=OK, 645441
[UPDATE], Return=ERROR, 19
[READ-FAILED], Operations, 6
[READ-FAILED], AverageLatency(us), 5144064.0
[READ-FAILED], MinLatency(us), 2566144
[READ-FAILED], MaxLatency(us), 5840895
[READ-FAILED], 95thPercentileLatency(us), 5840895
[READ-FAILED], 99thPercentileLatency(us), 5840895
