/opt/java/openjdk/bin/java  -classpath /usr/src/ycsb/conf:/usr/src/ycsb/lib/HdrHistogram-2.1.4.jar:/usr/src/ycsb/lib/core-0.18.0-SNAPSHOT.jar:/usr/src/ycsb/lib/htrace-core4-4.1.0-incubating.jar:/usr/src/ycsb/lib/jackson-core-asl-1.9.4.jar:/usr/src/ycsb/lib/jackson-mapper-asl-1.9.4.jar:/usr/src/ycsb/lib/postgresql-42.2.16.jar:/usr/src/ycsb/cassandra-binding/lib/cassandra-binding-0.18.0-SNAPSHOT.jar:/usr/src/ycsb/cassandra-binding/lib/cassandra-driver-core-3.0.0.jar:/usr/src/ycsb/cassandra-binding/lib/guava-16.0.1.jar:/usr/src/ycsb/cassandra-binding/lib/metrics-core-3.1.2.jar:/usr/src/ycsb/cassandra-binding/lib/netty-buffer-4.0.33.Final.jar:/usr/src/ycsb/cassandra-binding/lib/netty-codec-4.0.33.Final.jar:/usr/src/ycsb/cassandra-binding/lib/netty-common-4.0.33.Final.jar:/usr/src/ycsb/cassandra-binding/lib/netty-handler-4.0.33.Final.jar:/usr/src/ycsb/cassandra-binding/lib/netty-transport-4.0.33.Final.jar:/usr/src/ycsb/cassandra-binding/lib/slf4j-api-1.7.25.jar site.ycsb.Client -t -db site.ycsb.db.CassandraCQLClient -P workloads/workloadb -p operationcount=10000000 -p hosts=10.0.13.55,10.0.13.56,10.0.13.44,10.0.13.41,10.0.13.39,10.0.13.52,10.0.13.48,10.0.13.32,10.0.13.30,10.0.13.28,10.0.13.24,10.0.13.22,10.0.13.27,10.0.13.35,10.0.13.13,10.0.13.17,10.0.13.9,10.0.13.7,10.0.13.5,10.0.13.3 -p maxexecutiontime=300 -threads 256 -p cassandra.readconsistencylevel=QUORUM -p cassandra.writeconsistencylevel=QUORUM -s
Command line: -t -db site.ycsb.db.CassandraCQLClient -P workloads/workloadb -p operationcount=10000000 -p hosts=10.0.13.55,10.0.13.56,10.0.13.44,10.0.13.41,10.0.13.39,10.0.13.52,10.0.13.48,10.0.13.32,10.0.13.30,10.0.13.28,10.0.13.24,10.0.13.22,10.0.13.27,10.0.13.35,10.0.13.13,10.0.13.17,10.0.13.9,10.0.13.7,10.0.13.5,10.0.13.3 -p maxexecutiontime=300 -threads 256 -p cassandra.readconsistencylevel=QUORUM -p cassandra.writeconsistencylevel=QUORUM -s
YCSB Client 0.18.0-SNAPSHOT

Loading workload...
Starting test.
SLF4J: Failed to load class "org.slf4j.impl.StaticLoggerBinder".
SLF4J: Defaulting to no-operation (NOP) logger implementation
SLF4J: See http://www.slf4j.org/codes.html#StaticLoggerBinder for further details.
Maximum execution time specified as: 300 secs
2020-09-07 16:50:13:586 0 sec: 0 operations; est completion in 0 second 
WARNING: An illegal reflective access operation has occurred
WARNING: Illegal reflective access by io.netty.util.internal.PlatformDependent0 (file:/usr/src/ycsb/cassandra-binding/lib/netty-common-4.0.33.Final.jar) to field java.nio.Buffer.address
WARNING: Please consider reporting this to the maintainers of io.netty.util.internal.PlatformDependent0
WARNING: Use --illegal-access=warn to enable warnings of further illegal reflective access operations
WARNING: All illegal access operations will be denied in a future release
Sep 07, 2020 4:50:13 PM io.netty.util.internal.PlatformDependent <clinit>
INFO: Your platform does not provide complete low-level API for accessing direct buffers reliably. Unless explicitly requested, heap buffer will always be preferred to avoid potential system unstability.
DBWrapper: report latency for each error is false and specific error codes to track for latency are: []
DBWrapper: report latency for each error is false and specific error codes to track for latency are: []
DBWrapper: report latency for each error is false and specific error codes to track for latency are: []
DBWrapper: report latency for each error is false and specific error codes to track for latency are: []
DBWrapper: report latency for each error is false and specific error codes to track for latency are: []
DBWrapper: report latency for each error is false and specific error codes to track for latency are: []
DBWrapper: report latency for each error is false and specific error codes to track for latency are: []
DBWrapper: report latency for each error is false and specific error codes to track for latency are: []
DBWrapper: report latency for each error is false and specific error codes to track for latency are: []
DBWrapper: report latency for each error is false and specific error codes to track for latency are: []
DBWrapper: report latency for each error is false and specific error codes to track for latency are: []
DBWrapper: report latency for each error is false and specific error codes to track for latency are: []
DBWrapper: report latency for each error is false and specific error codes to track for latency are: []
DBWrapper: report latency for each error is false and specific error codes to track for latency are: []
DBWrapper: report latency for each error is false and specific error codes to track for latency are: []
DBWrapper: report latency for each error is false and specific error codes to track for latency are: []
DBWrapper: report latency for each error is false and specific error codes to track for latency are: []
DBWrapper: report latency for each error is false and specific error codes to track for latency are: []
DBWrapper: report latency for each error is false and specific error codes to track for latency are: []
DBWrapper: report latency for each error is false and specific error codes to track for latency are: []
DBWrapper: report latency for each error is false and specific error codes to track for latency are: []
DBWrapper: report latency for each error is false and specific error codes to track for latency are: []
DBWrapper: report latency for each error is false and specific error codes to track for latency are: []
DBWrapper: report latency for each error is false and specific error codes to track for latency are: []
DBWrapper: report latency for each error is false and specific error codes to track for latency are: []
DBWrapper: report latency for each error is false and specific error codes to track for latency are: []
DBWrapper: report latency for each error is false and specific error codes to track for latency are: []
DBWrapper: report latency for each error is false and specific error codes to track for latency are: []
DBWrapper: report latency for each error is false and specific error codes to track for latency are: []
DBWrapper: report latency for each error is false and specific error codes to track for latency are: []
DBWrapper: report latency for each error is false and specific error codes to track for latency are: []
DBWrapper: report latency for each error is false and specific error codes to track for latency are: []
DBWrapper: report latency for each error is false and specific error codes to track for latency are: []
DBWrapper: report latency for each error is false and specific error codes to track for latency are: []
DBWrapper: report latency for each error is false and specific error codes to track for latency are: []
DBWrapper: report latency for each error is false and specific error codes to track for latency are: []
DBWrapper: report latency for each error is false and specific error codes to track for latency are: []
DBWrapper: report latency for each error is false and specific error codes to track for latency are: []
DBWrapper: report latency for each error is false and specific error codes to track for latency are: []
DBWrapper: report latency for each error is false and specific error codes to track for latency are: []
DBWrapper: report latency for each error is false and specific error codes to track for latency are: []
DBWrapper: report latency for each error is false and specific error codes to track for latency are: []
DBWrapper: report latency for each error is false and specific error codes to track for latency are: []
DBWrapper: report latency for each error is false and specific error codes to track for latency are: []
DBWrapper: report latency for each error is false and specific error codes to track for latency are: []
DBWrapper: report latency for each error is false and specific error codes to track for latency are: []
DBWrapper: report latency for each error is false and specific error codes to track for latency are: []
DBWrapper: report latency for each error is false and specific error codes to track for latency are: []
DBWrapper: report latency for each error is false and specific error codes to track for latency are: []
DBWrapper: report latency for each error is false and specific error codes to track for latency are: []
DBWrapper: report latency for each error is false and specific error codes to track for latency are: []
DBWrapper: report latency for each error is false and specific error codes to track for latency are: []
DBWrapper: report latency for each error is false and specific error codes to track for latency are: []
DBWrapper: report latency for each error is false and specific error codes to track for latency are: []
DBWrapper: report latency for each error is false and specific error codes to track for latency are: []
DBWrapper: report latency for each error is false and specific error codes to track for latency are: []
DBWrapper: report latency for each error is false and specific error codes to track for latency are: []
DBWrapper: report latency for each error is false and specific error codes to track for latency are: []
DBWrapper: report latency for each error is false and specific error codes to track for latency are: []
DBWrapper: report latency for each error is false and specific error codes to track for latency are: []
DBWrapper: report latency for each error is false and specific error codes to track for latency are: []
DBWrapper: report latency for each error is false and specific error codes to track for latency are: []
DBWrapper: report latency for each error is false and specific error codes to track for latency are: []
DBWrapper: report latency for each error is false and specific error codes to track for latency are: []
DBWrapper: report latency for each error is false and specific error codes to track for latency are: []
DBWrapper: report latency for each error is false and specific error codes to track for latency are: []
DBWrapper: report latency for each error is false and specific error codes to track for latency are: []
DBWrapper: report latency for each error is false and specific error codes to track for latency are: []
DBWrapper: report latency for each error is false and specific error codes to track for latency are: []
DBWrapper: report latency for each error is false and specific error codes to track for latency are: []
DBWrapper: report latency for each error is false and specific error codes to track for latency are: []
DBWrapper: report latency for each error is false and specific error codes to track for latency are: []
DBWrapper: report latency for each error is false and specific error codes to track for latency are: []
DBWrapper: report latency for each error is false and specific error codes to track for latency are: []
DBWrapper: report latency for each error is false and specific error codes to track for latency are: []
DBWrapper: report latency for each error is false and specific error codes to track for latency are: []
DBWrapper: report latency for each error is false and specific error codes to track for latency are: []
DBWrapper: report latency for each error is false and specific error codes to track for latency are: []
DBWrapper: report latency for each error is false and specific error codes to track for latency are: []
DBWrapper: report latency for each error is false and specific error codes to track for latency are: []
DBWrapper: report latency for each error is false and specific error codes to track for latency are: []
DBWrapper: report latency for each error is false and specific error codes to track for latency are: []
DBWrapper: report latency for each error is false and specific error codes to track for latency are: []
DBWrapper: report latency for each error is false and specific error codes to track for latency are: []
DBWrapper: report latency for each error is false and specific error codes to track for latency are: []
DBWrapper: report latency for each error is false and specific error codes to track for latency are: []
DBWrapper: report latency for each error is false and specific error codes to track for latency are: []
DBWrapper: report latency for each error is false and specific error codes to track for latency are: []
DBWrapper: report latency for each error is false and specific error codes to track for latency are: []
DBWrapper: report latency for each error is false and specific error codes to track for latency are: []
DBWrapper: report latency for each error is false and specific error codes to track for latency are: []
DBWrapper: report latency for each error is false and specific error codes to track for latency are: []
DBWrapper: report latency for each error is false and specific error codes to track for latency are: []
DBWrapper: report latency for each error is false and specific error codes to track for latency are: []
DBWrapper: report latency for each error is false and specific error codes to track for latency are: []
DBWrapper: report latency for each error is false and specific error codes to track for latency are: []
DBWrapper: report latency for each error is false and specific error codes to track for latency are: []
DBWrapper: report latency for each error is false and specific error codes to track for latency are: []
DBWrapper: report latency for each error is false and specific error codes to track for latency are: []
DBWrapper: report latency for each error is false and specific error codes to track for latency are: []
DBWrapper: report latency for each error is false and specific error codes to track for latency are: []
DBWrapper: report latency for each error is false and specific error codes to track for latency are: []
DBWrapper: report latency for each error is false and specific error codes to track for latency are: []
DBWrapper: report latency for each error is false and specific error codes to track for latency are: []
DBWrapper: report latency for each error is false and specific error codes to track for latency are: []
DBWrapper: report latency for each error is false and specific error codes to track for latency are: []
DBWrapper: report latency for each error is false and specific error codes to track for latency are: []
DBWrapper: report latency for each error is false and specific error codes to track for latency are: []
DBWrapper: report latency for each error is false and specific error codes to track for latency are: []
DBWrapper: report latency for each error is false and specific error codes to track for latency are: []
DBWrapper: report latency for each error is false and specific error codes to track for latency are: []
DBWrapper: report latency for each error is false and specific error codes to track for latency are: []
DBWrapper: report latency for each error is false and specific error codes to track for latency are: []
DBWrapper: report latency for each error is false and specific error codes to track for latency are: []
DBWrapper: report latency for each error is false and specific error codes to track for latency are: []
DBWrapper: report latency for each error is false and specific error codes to track for latency are: []
DBWrapper: report latency for each error is false and specific error codes to track for latency are: []
DBWrapper: report latency for each error is false and specific error codes to track for latency are: []
DBWrapper: report latency for each error is false and specific error codes to track for latency are: []
DBWrapper: report latency for each error is false and specific error codes to track for latency are: []
DBWrapper: report latency for each error is false and specific error codes to track for latency are: []
DBWrapper: report latency for each error is false and specific error codes to track for latency are: []
DBWrapper: report latency for each error is false and specific error codes to track for latency are: []
DBWrapper: report latency for each error is false and specific error codes to track for latency are: []
DBWrapper: report latency for each error is false and specific error codes to track for latency are: []
DBWrapper: report latency for each error is false and specific error codes to track for latency are: []
DBWrapper: report latency for each error is false and specific error codes to track for latency are: []
DBWrapper: report latency for each error is false and specific error codes to track for latency are: []
DBWrapper: report latency for each error is false and specific error codes to track for latency are: []
DBWrapper: report latency for each error is false and specific error codes to track for latency are: []
DBWrapper: report latency for each error is false and specific error codes to track for latency are: []
DBWrapper: report latency for each error is false and specific error codes to track for latency are: []
DBWrapper: report latency for each error is false and specific error codes to track for latency are: []
DBWrapper: report latency for each error is false and specific error codes to track for latency are: []
DBWrapper: report latency for each error is false and specific error codes to track for latency are: []
DBWrapper: report latency for each error is false and specific error codes to track for latency are: []
DBWrapper: report latency for each error is false and specific error codes to track for latency are: []
DBWrapper: report latency for each error is false and specific error codes to track for latency are: []
DBWrapper: report latency for each error is false and specific error codes to track for latency are: []
DBWrapper: report latency for each error is false and specific error codes to track for latency are: []
DBWrapper: report latency for each error is false and specific error codes to track for latency are: []
DBWrapper: report latency for each error is false and specific error codes to track for latency are: []
DBWrapper: report latency for each error is false and specific error codes to track for latency are: []
DBWrapper: report latency for each error is false and specific error codes to track for latency are: []
DBWrapper: report latency for each error is false and specific error codes to track for latency are: []
DBWrapper: report latency for each error is false and specific error codes to track for latency are: []
DBWrapper: report latency for each error is false and specific error codes to track for latency are: []
DBWrapper: report latency for each error is false and specific error codes to track for latency are: []
DBWrapper: report latency for each error is false and specific error codes to track for latency are: []
DBWrapper: report latency for each error is false and specific error codes to track for latency are: []
DBWrapper: report latency for each error is false and specific error codes to track for latency are: []
DBWrapper: report latency for each error is false and specific error codes to track for latency are: []
DBWrapper: report latency for each error is false and specific error codes to track for latency are: []
DBWrapper: report latency for each error is false and specific error codes to track for latency are: []
DBWrapper: report latency for each error is false and specific error codes to track for latency are: []
DBWrapper: report latency for each error is false and specific error codes to track for latency are: []
DBWrapper: report latency for each error is false and specific error codes to track for latency are: []
DBWrapper: report latency for each error is false and specific error codes to track for latency are: []
DBWrapper: report latency for each error is false and specific error codes to track for latency are: []
DBWrapper: report latency for each error is false and specific error codes to track for latency are: []
DBWrapper: report latency for each error is false and specific error codes to track for latency are: []
DBWrapper: report latency for each error is false and specific error codes to track for latency are: []
DBWrapper: report latency for each error is false and specific error codes to track for latency are: []
DBWrapper: report latency for each error is false and specific error codes to track for latency are: []
DBWrapper: report latency for each error is false and specific error codes to track for latency are: []
DBWrapper: report latency for each error is false and specific error codes to track for latency are: []
DBWrapper: report latency for each error is false and specific error codes to track for latency are: []
DBWrapper: report latency for each error is false and specific error codes to track for latency are: []
DBWrapper: report latency for each error is false and specific error codes to track for latency are: []
DBWrapper: report latency for each error is false and specific error codes to track for latency are: []
DBWrapper: report latency for each error is false and specific error codes to track for latency are: []
DBWrapper: report latency for each error is false and specific error codes to track for latency are: []
DBWrapper: report latency for each error is false and specific error codes to track for latency are: []
DBWrapper: report latency for each error is false and specific error codes to track for latency are: []
DBWrapper: report latency for each error is false and specific error codes to track for latency are: []
DBWrapper: report latency for each error is false and specific error codes to track for latency are: []
DBWrapper: report latency for each error is false and specific error codes to track for latency are: []
DBWrapper: report latency for each error is false and specific error codes to track for latency are: []
DBWrapper: report latency for each error is false and specific error codes to track for latency are: []
DBWrapper: report latency for each error is false and specific error codes to track for latency are: []
DBWrapper: report latency for each error is false and specific error codes to track for latency are: []
DBWrapper: report latency for each error is false and specific error codes to track for latency are: []
DBWrapper: report latency for each error is false and specific error codes to track for latency are: []
DBWrapper: report latency for each error is false and specific error codes to track for latency are: []
DBWrapper: report latency for each error is false and specific error codes to track for latency are: []
DBWrapper: report latency for each error is false and specific error codes to track for latency are: []
DBWrapper: report latency for each error is false and specific error codes to track for latency are: []
DBWrapper: report latency for each error is false and specific error codes to track for latency are: []
DBWrapper: report latency for each error is false and specific error codes to track for latency are: []
DBWrapper: report latency for each error is false and specific error codes to track for latency are: []
DBWrapper: report latency for each error is false and specific error codes to track for latency are: []
DBWrapper: report latency for each error is false and specific error codes to track for latency are: []
DBWrapper: report latency for each error is false and specific error codes to track for latency are: []
DBWrapper: report latency for each error is false and specific error codes to track for latency are: []
DBWrapper: report latency for each error is false and specific error codes to track for latency are: []
DBWrapper: report latency for each error is false and specific error codes to track for latency are: []
DBWrapper: report latency for each error is false and specific error codes to track for latency are: []
DBWrapper: report latency for each error is false and specific error codes to track for latency are: []
DBWrapper: report latency for each error is false and specific error codes to track for latency are: []
DBWrapper: report latency for each error is false and specific error codes to track for latency are: []
DBWrapper: report latency for each error is false and specific error codes to track for latency are: []
DBWrapper: report latency for each error is false and specific error codes to track for latency are: []
DBWrapper: report latency for each error is false and specific error codes to track for latency are: []
DBWrapper: report latency for each error is false and specific error codes to track for latency are: []
DBWrapper: report latency for each error is false and specific error codes to track for latency are: []
DBWrapper: report latency for each error is false and specific error codes to track for latency are: []
DBWrapper: report latency for each error is false and specific error codes to track for latency are: []
DBWrapper: report latency for each error is false and specific error codes to track for latency are: []
DBWrapper: report latency for each error is false and specific error codes to track for latency are: []
DBWrapper: report latency for each error is false and specific error codes to track for latency are: []
DBWrapper: report latency for each error is false and specific error codes to track for latency are: []
DBWrapper: report latency for each error is false and specific error codes to track for latency are: []
DBWrapper: report latency for each error is false and specific error codes to track for latency are: []
DBWrapper: report latency for each error is false and specific error codes to track for latency are: []
DBWrapper: report latency for each error is false and specific error codes to track for latency are: []
DBWrapper: report latency for each error is false and specific error codes to track for latency are: []
DBWrapper: report latency for each error is false and specific error codes to track for latency are: []
DBWrapper: report latency for each error is false and specific error codes to track for latency are: []
DBWrapper: report latency for each error is false and specific error codes to track for latency are: []
DBWrapper: report latency for each error is false and specific error codes to track for latency are: []
DBWrapper: report latency for each error is false and specific error codes to track for latency are: []
DBWrapper: report latency for each error is false and specific error codes to track for latency are: []
DBWrapper: report latency for each error is false and specific error codes to track for latency are: []
DBWrapper: report latency for each error is false and specific error codes to track for latency are: []
DBWrapper: report latency for each error is false and specific error codes to track for latency are: []
DBWrapper: report latency for each error is false and specific error codes to track for latency are: []
DBWrapper: report latency for each error is false and specific error codes to track for latency are: []
DBWrapper: report latency for each error is false and specific error codes to track for latency are: []
DBWrapper: report latency for each error is false and specific error codes to track for latency are: []
DBWrapper: report latency for each error is false and specific error codes to track for latency are: []
DBWrapper: report latency for each error is false and specific error codes to track for latency are: []
DBWrapper: report latency for each error is false and specific error codes to track for latency are: []
DBWrapper: report latency for each error is false and specific error codes to track for latency are: []
DBWrapper: report latency for each error is false and specific error codes to track for latency are: []
DBWrapper: report latency for each error is false and specific error codes to track for latency are: []
DBWrapper: report latency for each error is false and specific error codes to track for latency are: []
DBWrapper: report latency for each error is false and specific error codes to track for latency are: []
DBWrapper: report latency for each error is false and specific error codes to track for latency are: []
DBWrapper: report latency for each error is false and specific error codes to track for latency are: []
DBWrapper: report latency for each error is false and specific error codes to track for latency are: []
DBWrapper: report latency for each error is false and specific error codes to track for latency are: []
DBWrapper: report latency for each error is false and specific error codes to track for latency are: []
DBWrapper: report latency for each error is false and specific error codes to track for latency are: []
DBWrapper: report latency for each error is false and specific error codes to track for latency are: []
DBWrapper: report latency for each error is false and specific error codes to track for latency are: []
DBWrapper: report latency for each error is false and specific error codes to track for latency are: []
DBWrapper: report latency for each error is false and specific error codes to track for latency are: []
DBWrapper: report latency for each error is false and specific error codes to track for latency are: []
DBWrapper: report latency for each error is false and specific error codes to track for latency are: []
DBWrapper: report latency for each error is false and specific error codes to track for latency are: []
DBWrapper: report latency for each error is false and specific error codes to track for latency are: []
DBWrapper: report latency for each error is false and specific error codes to track for latency are: []
DBWrapper: report latency for each error is false and specific error codes to track for latency are: []
DBWrapper: report latency for each error is false and specific error codes to track for latency are: []
DBWrapper: report latency for each error is false and specific error codes to track for latency are: []
DBWrapper: report latency for each error is false and specific error codes to track for latency are: []
2020-09-07 16:50:23:284 10 sec: 41761 operations; 4175.68 current ops/sec; est completion in 39 minutes [READ: Count=39760, Max=1312767, Min=3998, Avg=46008.98, 90=67647, 99=217983, 99.9=1155071, 99.99=1259519] [UPDATE: Count=2055, Max=1187839, Min=6384, Avg=42001.57, 90=59711, 99=265471, 99.9=1075199, 99.99=1187839] 
2020-09-07 16:50:33:283 20 sec: 119528 operations; 7776.7 current ops/sec; est completion in 27 minutes [READ: Count=73814, Max=270079, Min=4444, Avg=32774.58, 90=54719, 99=115135, 99.9=205951, 99.99=252799] [UPDATE: Count=3921, Max=210175, Min=5544, Avg=27855.08, 90=44479, 99=96319, 99.9=164991, 99.99=210175] 
2020-09-07 16:50:43:283 30 sec: 201508 operations; 8198 current ops/sec; est completion in 24 minutes [READ: Count=77912, Max=278015, Min=5216, Avg=31402.17, 90=51519, 99=97087, 99.9=149119, 99.99=234879] [UPDATE: Count=4047, Max=207999, Min=6840, Avg=27238.88, 90=42559, 99=86655, 99.9=128895, 99.99=207999] 
2020-09-07 16:50:53:283 40 sec: 278435 operations; 7692.7 current ops/sec; est completion in 23 minutes [READ: Count=73056, Max=587775, Min=4152, Avg=33529.36, 90=53983, 99=107839, 99.9=510975, 99.99=562175] [UPDATE: Count=3877, Max=551423, Min=4636, Avg=29044.96, 90=43647, 99=92991, 99.9=494847, 99.99=551423] 
2020-09-07 16:51:03:283 50 sec: 358782 operations; 8034.7 current ops/sec; est completion in 22 minutes [READ: Count=76173, Max=219391, Min=4996, Avg=32043.33, 90=53375, 99=101823, 99.9=156159, 99.99=206463] [UPDATE: Count=4180, Max=193407, Min=6712, Avg=27764.28, 90=46079, 99=86271, 99.9=145663, 99.99=193407] 
2020-09-07 16:51:13:283 60 sec: 439474 operations; 8069.2 current ops/sec; est completion in 21 minutes [READ: Count=76506, Max=289279, Min=5248, Avg=31988.01, 90=53023, 99=102719, 99.9=178047, 99.99=236031] [UPDATE: Count=4175, Max=222463, Min=5552, Avg=27403.3, 90=43551, 99=86143, 99.9=180223, 99.99=222463] 
2020-09-07 16:51:23:283 70 sec: 519489 operations; 8001.5 current ops/sec; est completion in 21 minutes [READ: Count=76024, Max=616447, Min=3800, Avg=32182.34, 90=50527, 99=99583, 99.9=490239, 99.99=546303] [UPDATE: Count=3995, Max=536063, Min=4568, Avg=27788.47, 90=42207, 99=81343, 99.9=471807, 99.99=536063] 
2020-09-07 16:51:33:283 80 sec: 602401 operations; 8292.03 current ops/sec; est completion in 20 minutes [READ: Count=78817, Max=205183, Min=5028, Avg=31110.57, 90=49855, 99=92927, 99.9=142463, 99.99=188543] [UPDATE: Count=4096, Max=204031, Min=5252, Avg=26841.9, 90=40447, 99=77951, 99.9=130111, 99.99=204031] 
2020-09-07 16:51:43:283 90 sec: 680046 operations; 7763.72 current ops/sec; est completion in 20 minutes [READ: Count=73757, Max=551935, Min=3672, Avg=33155.94, 90=53887, 99=112639, 99.9=466431, 99.99=531455] [UPDATE: Count=3883, Max=528895, Min=3730, Avg=28638.66, 90=44607, 99=98559, 99.9=391167, 99.99=528895] 
2020-09-07 16:51:53:283 100 sec: 758740 operations; 7869.4 current ops/sec; est completion in 20 minutes [READ: Count=74738, Max=574975, Min=4046, Avg=32725.39, 90=54847, 99=109503, 99.9=478463, 99.99=530431] [UPDATE: Count=3962, Max=513023, Min=6596, Avg=27739.4, 90=43231, 99=90815, 99.9=375551, 99.99=513023] 
2020-09-07 16:52:03:284 110 sec: 839645 operations; 8090.5 current ops/sec; est completion in 20 minutes [READ: Count=76812, Max=257023, Min=5720, Avg=31902.41, 90=53279, 99=100607, 99.9=163199, 99.99=232447] [UPDATE: Count=4095, Max=246271, Min=5544, Avg=27786.91, 90=44575, 99=91647, 99.9=191871, 99.99=246271] 
2020-09-07 16:52:13:283 120 sec: 920994 operations; 8134.9 current ops/sec; est completion in 19 minutes [READ: Count=77346, Max=256127, Min=5580, Avg=31716.02, 90=52831, 99=94399, 99.9=132863, 99.99=175487] [UPDATE: Count=4002, Max=133375, Min=5256, Avg=27019.03, 90=42335, 99=82943, 99.9=119551, 99.99=133375] 
2020-09-07 16:52:23:283 130 sec: 1001837 operations; 8084.3 current ops/sec; est completion in 19 minutes [READ: Count=76806, Max=224895, Min=4488, Avg=31862.06, 90=52607, 99=100479, 99.9=161407, 99.99=209919] [UPDATE: Count=4033, Max=176639, Min=5920, Avg=27481.31, 90=43871, 99=86591, 99.9=120127, 99.99=176639] 
2020-09-07 16:52:33:283 140 sec: 1082884 operations; 8104.7 current ops/sec; est completion in 19 minutes [READ: Count=76957, Max=299519, Min=5448, Avg=31760.17, 90=50783, 99=95423, 99.9=173183, 99.99=271103] [UPDATE: Count=4088, Max=267519, Min=6680, Avg=27752.58, 90=43551, 99=77247, 99.9=192767, 99.99=267519] 
2020-09-07 16:52:43:283 150 sec: 1164099 operations; 8121.5 current ops/sec; est completion in 18 minutes [READ: Count=77166, Max=287231, Min=4612, Avg=31761.2, 90=51199, 99=96575, 99.9=152575, 99.99=235007] [UPDATE: Count=4053, Max=259839, Min=6992, Avg=27494.27, 90=42303, 99=77951, 99.9=143231, 99.99=259839] 
2020-09-07 16:52:53:284 160 sec: 1241103 operations; 7700.4 current ops/sec; est completion in 18 minutes [READ: Count=73052, Max=600063, Min=3970, Avg=33514.01, 90=54207, 99=110207, 99.9=484351, 99.99=547327] [UPDATE: Count=3973, Max=534527, Min=4520, Avg=28265.68, 90=44511, 99=92287, 99.9=271871, 99.99=534527] 
2020-09-07 16:53:03:285 170 sec: 1322792 operations; 8168.9 current ops/sec; est completion in 18 minutes [READ: Count=77642, Max=267519, Min=4300, Avg=31527.7, 90=50431, 99=100159, 99.9=174335, 99.99=217471] [UPDATE: Count=4050, Max=191231, Min=5572, Avg=27434.17, 90=42207, 99=91199, 99.9=175359, 99.99=191231] 
2020-09-07 16:53:13:284 180 sec: 1400369 operations; 7757.7 current ops/sec; est completion in 18 minutes [READ: Count=73663, Max=624639, Min=4920, Avg=33220.06, 90=55551, 99=113855, 99.9=475903, 99.99=596479] [UPDATE: Count=3890, Max=570879, Min=5700, Avg=28459.14, 90=45247, 99=101631, 99.9=436735, 99.99=570879] 
2020-09-07 16:53:23:283 190 sec: 1481676 operations; 8130.7 current ops/sec; est completion in 18 minutes [READ: Count=77320, Max=305663, Min=5288, Avg=31710.98, 90=51423, 99=97471, 99.9=183551, 99.99=271871] [UPDATE: Count=3982, Max=228479, Min=5856, Avg=27279.32, 90=42207, 99=82751, 99.9=172927, 99.99=228479] 
2020-09-07 16:53:33:283 200 sec: 1561875 operations; 8019.9 current ops/sec; est completion in 18 minutes [READ: Count=76131, Max=218495, Min=4752, Avg=32141.26, 90=53471, 99=96063, 99.9=143487, 99.99=204159] [UPDATE: Count=4078, Max=154751, Min=4500, Avg=27583.62, 90=44063, 99=84607, 99.9=124351, 99.99=154751] 
2020-09-07 16:53:43:283 210 sec: 1644470 operations; 8259.5 current ops/sec; est completion in 17 minutes [READ: Count=78531, Max=174847, Min=5476, Avg=31188.02, 90=49695, 99=86783, 99.9=129215, 99.99=160383] [UPDATE: Count=4055, Max=120831, Min=6384, Avg=26907.24, 90=41695, 99=73087, 99.9=96255, 99.99=120831] 
2020-09-07 16:53:53:283 220 sec: 1722140 operations; 7767 current ops/sec; est completion in 17 minutes [READ: Count=73718, Max=588799, Min=3506, Avg=33180.99, 90=51487, 99=115391, 99.9=508159, 99.99=550911] [UPDATE: Count=3965, Max=518655, Min=4596, Avg=28956.39, 90=40479, 99=98367, 99.9=508927, 99.99=518655] 
2020-09-07 16:54:03:283 230 sec: 1803255 operations; 8111.5 current ops/sec; est completion in 17 minutes [READ: Count=77144, Max=285695, Min=4720, Avg=31759.89, 90=51679, 99=97919, 99.9=162815, 99.99=245119] [UPDATE: Count=3968, Max=203007, Min=5468, Avg=27497.78, 90=42879, 99=83775, 99.9=132607, 99.99=203007] 
2020-09-07 16:54:13:283 240 sec: 1882631 operations; 7937.6 current ops/sec; est completion in 17 minutes [READ: Count=75386, Max=334335, Min=4324, Avg=32498.8, 90=55455, 99=105407, 99.9=196863, 99.99=259199] [UPDATE: Count=3984, Max=255103, Min=6304, Avg=27532.49, 90=43583, 99=87231, 99.9=178687, 99.99=255103] 
2020-09-07 16:54:23:283 250 sec: 1963565 operations; 8093.4 current ops/sec; est completion in 17 minutes [READ: Count=76864, Max=278527, Min=4748, Avg=31841.97, 90=52319, 99=101887, 99.9=174847, 99.99=255487] [UPDATE: Count=4067, Max=255359, Min=7492, Avg=27731.8, 90=43647, 99=93183, 99.9=142079, 99.99=255359] 
2020-09-07 16:54:33:283 260 sec: 2045669 operations; 8210.4 current ops/sec; est completion in 16 minutes [READ: Count=78135, Max=228479, Min=5500, Avg=31307.44, 90=50719, 99=97023, 99.9=163711, 99.99=220159] [UPDATE: Count=3980, Max=221695, Min=7952, Avg=27518.31, 90=43359, 99=83967, 99.9=172543, 99.99=221695] 
2020-09-07 16:54:43:283 270 sec: 2125861 operations; 8019.2 current ops/sec; est completion in 16 minutes [READ: Count=76199, Max=537087, Min=4046, Avg=32215.77, 90=52575, 99=105599, 99.9=368639, 99.99=511487] [UPDATE: Count=3987, Max=443903, Min=5260, Avg=27123.72, 90=41535, 99=85119, 99.9=135039, 99.99=443903] 
2020-09-07 16:54:53:283 280 sec: 2206617 operations; 8075.6 current ops/sec; est completion in 16 minutes [READ: Count=76678, Max=202367, Min=4324, Avg=31831.35, 90=54175, 99=102335, 99.9=143487, 99.99=190079] [UPDATE: Count=4071, Max=144511, Min=6796, Avg=27690.71, 90=45567, 99=90495, 99.9=128639, 99.99=144511] 
2020-09-07 16:55:03:283 290 sec: 2287628 operations; 8101.1 current ops/sec; est completion in 16 minutes [READ: Count=77063, Max=235775, Min=5096, Avg=31891.68, 90=53311, 99=98239, 99.9=145663, 99.99=199039] [UPDATE: Count=3948, Max=171263, Min=6588, Avg=27270.93, 90=44319, 99=84415, 99.9=115775, 99.99=171263] 
2020-09-07 16:55:13:283 300 sec: 2368553 operations; 8092.5 current ops/sec; est completion in 16 minutes [READ: Count=76823, Max=256511, Min=5076, Avg=31841.74, 90=51615, 99=101247, 99.9=162559, 99.99=201087] [UPDATE: Count=4102, Max=172287, Min=5044, Avg=27646.8, 90=43615, 99=82687, 99.9=148351, 99.99=172287] 
Maximum time elapsed. Requesting stop for the workload.
Stop requested for workload. Now Joining!
Still waiting for thread Thread-209 to complete. Workload status: true
2020-09-07 16:55:15:908 302 sec: 2370356 operations; 687.38 current ops/sec; est completion in 16 minutes [READ: Count=1719, Max=110975, Min=8200, Avg=30876.71, 90=46879, 99=74815, 99.9=108159, 99.99=110975] [CLEANUP: Count=256, Max=2402303, Min=2, Avg=9383.91, 90=3, 99=58, 99.9=2402303, 99.99=2402303] [UPDATE: Count=82, Max=57471, Min=11392, Avg=26842.39, 90=39487, 99=51071, 99.9=57471, 99.99=57471] 
[OVERALL], RunTime(ms), 302620
[OVERALL], Throughput(ops/sec), 7832.780384640803
[TOTAL_GCS_G1_Young_Generation], Count, 37
[TOTAL_GC_TIME_G1_Young_Generation], Time(ms), 417
[TOTAL_GC_TIME_%_G1_Young_Generation], Time(%), 0.13779657656466857
[TOTAL_GCS_G1_Old_Generation], Count, 0
[TOTAL_GC_TIME_G1_Old_Generation], Time(ms), 0
[TOTAL_GC_TIME_%_G1_Old_Generation], Time(%), 0.0
[TOTAL_GCs], Count, 37
[TOTAL_GC_TIME], Time(ms), 417
[TOTAL_GC_TIME_%], Time(%), 0.13779657656466857
[READ], Operations, 2251712
[READ], AverageLatency(us), 32354.1298705163
[READ], MinLatency(us), 3506
[READ], MaxLatency(us), 1312767
[READ], 95thPercentileLatency(us), 67071
[READ], 99thPercentileLatency(us), 103103
[READ], Return=OK, 2251712
[CLEANUP], Operations, 256
[CLEANUP], AverageLatency(us), 9383.91015625
[CLEANUP], MinLatency(us), 2
[CLEANUP], MaxLatency(us), 2402303
[CLEANUP], 95thPercentileLatency(us), 4
[CLEANUP], 99thPercentileLatency(us), 58
[UPDATE], Operations, 118644
[UPDATE], AverageLatency(us), 27923.398806513604
[UPDATE], MinLatency(us), 3730
[UPDATE], MaxLatency(us), 1187839
[UPDATE], 95thPercentileLatency(us), 56255
[UPDATE], 99thPercentileLatency(us), 88767
[UPDATE], Return=OK, 118644
