/opt/java/openjdk/bin/java  -classpath /usr/src/ycsb/conf:/usr/src/ycsb/lib/HdrHistogram-2.1.4.jar:/usr/src/ycsb/lib/core-0.18.0-SNAPSHOT.jar:/usr/src/ycsb/lib/htrace-core4-4.1.0-incubating.jar:/usr/src/ycsb/lib/jackson-core-asl-1.9.4.jar:/usr/src/ycsb/lib/jackson-mapper-asl-1.9.4.jar:/usr/src/ycsb/lib/postgresql-42.2.16.jar:/usr/src/ycsb/cassandra-binding/lib/cassandra-binding-0.18.0-SNAPSHOT.jar:/usr/src/ycsb/cassandra-binding/lib/cassandra-driver-core-3.0.0.jar:/usr/src/ycsb/cassandra-binding/lib/guava-16.0.1.jar:/usr/src/ycsb/cassandra-binding/lib/metrics-core-3.1.2.jar:/usr/src/ycsb/cassandra-binding/lib/netty-buffer-4.0.33.Final.jar:/usr/src/ycsb/cassandra-binding/lib/netty-codec-4.0.33.Final.jar:/usr/src/ycsb/cassandra-binding/lib/netty-common-4.0.33.Final.jar:/usr/src/ycsb/cassandra-binding/lib/netty-handler-4.0.33.Final.jar:/usr/src/ycsb/cassandra-binding/lib/netty-transport-4.0.33.Final.jar:/usr/src/ycsb/cassandra-binding/lib/slf4j-api-1.7.25.jar site.ycsb.Client -t -db site.ycsb.db.CassandraCQLClient -P workloads/workloada -p operationcount=10000000 -p hosts=10.0.7.42,10.0.7.44,10.0.7.39,10.0.7.36,10.0.7.33,10.0.7.30,10.0.7.37,10.0.7.27,10.0.7.24,10.0.7.26,10.0.7.40,10.0.7.21,10.0.7.16,10.0.7.14,10.0.7.19,10.0.7.11,10.0.7.9,10.0.7.7,10.0.7.5,10.0.7.3 -p maxexecutiontime=300 -threads 128 -p cassandra.readconsistencylevel=QUORUM -p cassandra.writeconsistencylevel=QUORUM -s
Command line: -t -db site.ycsb.db.CassandraCQLClient -P workloads/workloada -p operationcount=10000000 -p hosts=10.0.7.42,10.0.7.44,10.0.7.39,10.0.7.36,10.0.7.33,10.0.7.30,10.0.7.37,10.0.7.27,10.0.7.24,10.0.7.26,10.0.7.40,10.0.7.21,10.0.7.16,10.0.7.14,10.0.7.19,10.0.7.11,10.0.7.9,10.0.7.7,10.0.7.5,10.0.7.3 -p maxexecutiontime=300 -threads 128 -p cassandra.readconsistencylevel=QUORUM -p cassandra.writeconsistencylevel=QUORUM -s
YCSB Client 0.18.0-SNAPSHOT

Loading workload...
Starting test.
SLF4J: Failed to load class "org.slf4j.impl.StaticLoggerBinder".
SLF4J: Defaulting to no-operation (NOP) logger implementation
SLF4J: See http://www.slf4j.org/codes.html#StaticLoggerBinder for further details.
Maximum execution time specified as: 300 secs
2020-09-07 13:22:50:596 0 sec: 0 operations; est completion in 0 second 
WARNING: An illegal reflective access operation has occurred
WARNING: Illegal reflective access by io.netty.util.internal.PlatformDependent0 (file:/usr/src/ycsb/cassandra-binding/lib/netty-common-4.0.33.Final.jar) to field java.nio.Buffer.address
WARNING: Please consider reporting this to the maintainers of io.netty.util.internal.PlatformDependent0
WARNING: Use --illegal-access=warn to enable warnings of further illegal reflective access operations
WARNING: All illegal access operations will be denied in a future release
Sep 07, 2020 1:22:50 PM io.netty.util.internal.PlatformDependent <clinit>
INFO: Your platform does not provide complete low-level API for accessing direct buffers reliably. Unless explicitly requested, heap buffer will always be preferred to avoid potential system unstability.
DBWrapper: report latency for each error is false and specific error codes to track for latency are: []
DBWrapper: report latency for each error is false and specific error codes to track for latency are: []
DBWrapper: report latency for each error is false and specific error codes to track for latency are: []
DBWrapper: report latency for each error is false and specific error codes to track for latency are: []
DBWrapper: report latency for each error is false and specific error codes to track for latency are: []
DBWrapper: report latency for each error is false and specific error codes to track for latency are: []
DBWrapper: report latency for each error is false and specific error codes to track for latency are: []
DBWrapper: report latency for each error is false and specific error codes to track for latency are: []
DBWrapper: report latency for each error is false and specific error codes to track for latency are: []
DBWrapper: report latency for each error is false and specific error codes to track for latency are: []
DBWrapper: report latency for each error is false and specific error codes to track for latency are: []
DBWrapper: report latency for each error is false and specific error codes to track for latency are: []
DBWrapper: report latency for each error is false and specific error codes to track for latency are: []
DBWrapper: report latency for each error is false and specific error codes to track for latency are: []
DBWrapper: report latency for each error is false and specific error codes to track for latency are: []
DBWrapper: report latency for each error is false and specific error codes to track for latency are: []
DBWrapper: report latency for each error is false and specific error codes to track for latency are: []
DBWrapper: report latency for each error is false and specific error codes to track for latency are: []
DBWrapper: report latency for each error is false and specific error codes to track for latency are: []
DBWrapper: report latency for each error is false and specific error codes to track for latency are: []
DBWrapper: report latency for each error is false and specific error codes to track for latency are: []
DBWrapper: report latency for each error is false and specific error codes to track for latency are: []
DBWrapper: report latency for each error is false and specific error codes to track for latency are: []
DBWrapper: report latency for each error is false and specific error codes to track for latency are: []
DBWrapper: report latency for each error is false and specific error codes to track for latency are: []
DBWrapper: report latency for each error is false and specific error codes to track for latency are: []
DBWrapper: report latency for each error is false and specific error codes to track for latency are: []
DBWrapper: report latency for each error is false and specific error codes to track for latency are: []
DBWrapper: report latency for each error is false and specific error codes to track for latency are: []
DBWrapper: report latency for each error is false and specific error codes to track for latency are: []
DBWrapper: report latency for each error is false and specific error codes to track for latency are: []
DBWrapper: report latency for each error is false and specific error codes to track for latency are: []
DBWrapper: report latency for each error is false and specific error codes to track for latency are: []
DBWrapper: report latency for each error is false and specific error codes to track for latency are: []
DBWrapper: report latency for each error is false and specific error codes to track for latency are: []
DBWrapper: report latency for each error is false and specific error codes to track for latency are: []
DBWrapper: report latency for each error is false and specific error codes to track for latency are: []
DBWrapper: report latency for each error is false and specific error codes to track for latency are: []
DBWrapper: report latency for each error is false and specific error codes to track for latency are: []
DBWrapper: report latency for each error is false and specific error codes to track for latency are: []
DBWrapper: report latency for each error is false and specific error codes to track for latency are: []
DBWrapper: report latency for each error is false and specific error codes to track for latency are: []
DBWrapper: report latency for each error is false and specific error codes to track for latency are: []
DBWrapper: report latency for each error is false and specific error codes to track for latency are: []
DBWrapper: report latency for each error is false and specific error codes to track for latency are: []
DBWrapper: report latency for each error is false and specific error codes to track for latency are: []
DBWrapper: report latency for each error is false and specific error codes to track for latency are: []
DBWrapper: report latency for each error is false and specific error codes to track for latency are: []
DBWrapper: report latency for each error is false and specific error codes to track for latency are: []
DBWrapper: report latency for each error is false and specific error codes to track for latency are: []
DBWrapper: report latency for each error is false and specific error codes to track for latency are: []
DBWrapper: report latency for each error is false and specific error codes to track for latency are: []
DBWrapper: report latency for each error is false and specific error codes to track for latency are: []
DBWrapper: report latency for each error is false and specific error codes to track for latency are: []
DBWrapper: report latency for each error is false and specific error codes to track for latency are: []
DBWrapper: report latency for each error is false and specific error codes to track for latency are: []
DBWrapper: report latency for each error is false and specific error codes to track for latency are: []
DBWrapper: report latency for each error is false and specific error codes to track for latency are: []
DBWrapper: report latency for each error is false and specific error codes to track for latency are: []
DBWrapper: report latency for each error is false and specific error codes to track for latency are: []
DBWrapper: report latency for each error is false and specific error codes to track for latency are: []
DBWrapper: report latency for each error is false and specific error codes to track for latency are: []
DBWrapper: report latency for each error is false and specific error codes to track for latency are: []
DBWrapper: report latency for each error is false and specific error codes to track for latency are: []
DBWrapper: report latency for each error is false and specific error codes to track for latency are: []
DBWrapper: report latency for each error is false and specific error codes to track for latency are: []
DBWrapper: report latency for each error is false and specific error codes to track for latency are: []
DBWrapper: report latency for each error is false and specific error codes to track for latency are: []
DBWrapper: report latency for each error is false and specific error codes to track for latency are: []
DBWrapper: report latency for each error is false and specific error codes to track for latency are: []
DBWrapper: report latency for each error is false and specific error codes to track for latency are: []
DBWrapper: report latency for each error is false and specific error codes to track for latency are: []
DBWrapper: report latency for each error is false and specific error codes to track for latency are: []
DBWrapper: report latency for each error is false and specific error codes to track for latency are: []
DBWrapper: report latency for each error is false and specific error codes to track for latency are: []
DBWrapper: report latency for each error is false and specific error codes to track for latency are: []
DBWrapper: report latency for each error is false and specific error codes to track for latency are: []
DBWrapper: report latency for each error is false and specific error codes to track for latency are: []
DBWrapper: report latency for each error is false and specific error codes to track for latency are: []
DBWrapper: report latency for each error is false and specific error codes to track for latency are: []
DBWrapper: report latency for each error is false and specific error codes to track for latency are: []
DBWrapper: report latency for each error is false and specific error codes to track for latency are: []
DBWrapper: report latency for each error is false and specific error codes to track for latency are: []
DBWrapper: report latency for each error is false and specific error codes to track for latency are: []
DBWrapper: report latency for each error is false and specific error codes to track for latency are: []
DBWrapper: report latency for each error is false and specific error codes to track for latency are: []
DBWrapper: report latency for each error is false and specific error codes to track for latency are: []
DBWrapper: report latency for each error is false and specific error codes to track for latency are: []
DBWrapper: report latency for each error is false and specific error codes to track for latency are: []
DBWrapper: report latency for each error is false and specific error codes to track for latency are: []
DBWrapper: report latency for each error is false and specific error codes to track for latency are: []
DBWrapper: report latency for each error is false and specific error codes to track for latency are: []
DBWrapper: report latency for each error is false and specific error codes to track for latency are: []
DBWrapper: report latency for each error is false and specific error codes to track for latency are: []
DBWrapper: report latency for each error is false and specific error codes to track for latency are: []
DBWrapper: report latency for each error is false and specific error codes to track for latency are: []
DBWrapper: report latency for each error is false and specific error codes to track for latency are: []
DBWrapper: report latency for each error is false and specific error codes to track for latency are: []
DBWrapper: report latency for each error is false and specific error codes to track for latency are: []
DBWrapper: report latency for each error is false and specific error codes to track for latency are: []
DBWrapper: report latency for each error is false and specific error codes to track for latency are: []
DBWrapper: report latency for each error is false and specific error codes to track for latency are: []
DBWrapper: report latency for each error is false and specific error codes to track for latency are: []
DBWrapper: report latency for each error is false and specific error codes to track for latency are: []
DBWrapper: report latency for each error is false and specific error codes to track for latency are: []
DBWrapper: report latency for each error is false and specific error codes to track for latency are: []
DBWrapper: report latency for each error is false and specific error codes to track for latency are: []
DBWrapper: report latency for each error is false and specific error codes to track for latency are: []
DBWrapper: report latency for each error is false and specific error codes to track for latency are: []
DBWrapper: report latency for each error is false and specific error codes to track for latency are: []
DBWrapper: report latency for each error is false and specific error codes to track for latency are: []
DBWrapper: report latency for each error is false and specific error codes to track for latency are: []
DBWrapper: report latency for each error is false and specific error codes to track for latency are: []
DBWrapper: report latency for each error is false and specific error codes to track for latency are: []
DBWrapper: report latency for each error is false and specific error codes to track for latency are: []
DBWrapper: report latency for each error is false and specific error codes to track for latency are: []
DBWrapper: report latency for each error is false and specific error codes to track for latency are: []
DBWrapper: report latency for each error is false and specific error codes to track for latency are: []
DBWrapper: report latency for each error is false and specific error codes to track for latency are: []
DBWrapper: report latency for each error is false and specific error codes to track for latency are: []
DBWrapper: report latency for each error is false and specific error codes to track for latency are: []
DBWrapper: report latency for each error is false and specific error codes to track for latency are: []
DBWrapper: report latency for each error is false and specific error codes to track for latency are: []
DBWrapper: report latency for each error is false and specific error codes to track for latency are: []
DBWrapper: report latency for each error is false and specific error codes to track for latency are: []
DBWrapper: report latency for each error is false and specific error codes to track for latency are: []
DBWrapper: report latency for each error is false and specific error codes to track for latency are: []
DBWrapper: report latency for each error is false and specific error codes to track for latency are: []
2020-09-07 13:23:00:327 10 sec: 20822 operations; 2081.99 current ops/sec; est completion in 1 hour 19 minutes [READ: Count=10324, Max=846335, Min=5820, Avg=50546.08, 90=88575, 99=396799, 99.9=598527, 99.99=822783] [UPDATE: Count=10571, Max=570367, Min=4192, Avg=41468.87, 90=70463, 99=373759, 99.9=517887, 99.99=556543] 
2020-09-07 13:23:10:328 20 sec: 59073 operations; 3825.1 current ops/sec; est completion in 56 minutes [READ: Count=19021, Max=301055, Min=4436, Avg=37270.18, 90=62399, 99=116287, 99.9=175871, 99.99=262655] [UPDATE: Count=19194, Max=195455, Min=5460, Avg=29675.28, 90=48383, 99=84287, 99.9=139903, 99.99=186111] 
2020-09-07 13:23:20:327 30 sec: 99528 operations; 4045.9 current ops/sec; est completion in 49 minutes [READ: Count=20195, Max=375807, Min=4836, Avg=35237.58, 90=62559, 99=139903, 99.9=261375, 99.99=341247] [UPDATE: Count=20248, Max=312063, Min=4036, Avg=28051.21, 90=47423, 99=110847, 99.9=190335, 99.99=294911] 
2020-09-07 13:23:30:327 40 sec: 143922 operations; 4439.4 current ops/sec; est completion in 45 minutes [READ: Count=22194, Max=593407, Min=4052, Avg=32111.86, 90=51519, 99=138751, 99.9=501503, 99.99=571903] [UPDATE: Count=22201, Max=569343, Min=3248, Avg=25548.66, 90=38943, 99=88895, 99.9=488703, 99.99=566783] 
2020-09-07 13:23:40:327 50 sec: 192218 operations; 4829.6 current ops/sec; est completion in 42 minutes [READ: Count=24221, Max=531455, Min=3378, Avg=29053.26, 90=47711, 99=106559, 99.9=408063, 99.99=498431] [UPDATE: Count=24071, Max=453119, Min=3898, Avg=23929.26, 90=37183, 99=78719, 99.9=383743, 99.99=445183] 
2020-09-07 13:23:50:327 60 sec: 242791 operations; 5057.3 current ops/sec; est completion in 40 minutes [READ: Count=25423, Max=553983, Min=4268, Avg=28021.43, 90=42719, 99=144639, 99.9=438527, 99.99=524799] [UPDATE: Count=25166, Max=556031, Min=4140, Avg=22533.75, 90=32303, 99=70207, 99.9=442879, 99.99=527871] 
2020-09-07 13:24:00:327 70 sec: 299259 operations; 5646.8 current ops/sec; est completion in 37 minutes [READ: Count=28396, Max=481279, Min=4712, Avg=24633.32, 90=38175, 99=77759, 99.9=335871, 99.99=465663] [UPDATE: Count=28065, Max=474367, Min=4484, Avg=20682.54, 90=30271, 99=56703, 99.9=295935, 99.99=466175] 
2020-09-07 13:24:10:327 80 sec: 354017 operations; 5475.8 current ops/sec; est completion in 36 minutes [READ: Count=27509, Max=416511, Min=3428, Avg=25916.94, 90=40095, 99=122879, 99.9=376063, 99.99=413695] [UPDATE: Count=27239, Max=412415, Min=3744, Avg=20796.26, 90=30255, 99=69567, 99.9=372223, 99.99=397823] 
2020-09-07 13:24:20:327 90 sec: 412750 operations; 5873.3 current ops/sec; est completion in 34 minutes [READ: Count=29408, Max=476415, Min=5180, Avg=23682.68, 90=36639, 99=75775, 99.9=204415, 99.99=471039] [UPDATE: Count=29330, Max=473599, Min=4364, Avg=19890.2, 90=28335, 99=58367, 99.9=166015, 99.99=445439] 
2020-09-07 13:24:30:327 100 sec: 467701 operations; 5495.1 current ops/sec; est completion in 33 minutes [READ: Count=27528, Max=532991, Min=3942, Avg=25306.45, 90=36991, 99=106303, 99.9=470783, 99.99=522751] [UPDATE: Count=27415, Max=547327, Min=3606, Avg=21262.2, 90=28495, 99=69951, 99.9=481279, 99.99=529919] 
2020-09-07 13:24:40:327 110 sec: 526539 operations; 5883.8 current ops/sec; est completion in 33 minutes [READ: Count=29429, Max=376831, Min=4960, Avg=23660.48, 90=37247, 99=73855, 99.9=147199, 99.99=344831] [UPDATE: Count=29421, Max=324351, Min=3950, Avg=19828.23, 90=28815, 99=55967, 99.9=89151, 99.99=305919] 
2020-09-07 13:24:50:327 120 sec: 587109 operations; 6057 current ops/sec; est completion in 32 minutes [READ: Count=30315, Max=151295, Min=4504, Avg=22813.72, 90=35423, 99=65791, 99.9=98687, 99.99=133119] [UPDATE: Count=30235, Max=100095, Min=4752, Avg=19433.59, 90=27983, 99=52127, 99.9=75007, 99.99=94335] 
2020-09-07 13:25:00:327 130 sec: 645677 operations; 5856.8 current ops/sec; est completion in 31 minutes [READ: Count=29375, Max=389887, Min=4404, Avg=23745.27, 90=37375, 99=73151, 99.9=240383, 99.99=376063] [UPDATE: Count=29209, Max=340735, Min=3872, Avg=19938.21, 90=29087, 99=57119, 99.9=174463, 99.99=322559] 
2020-09-07 13:25:10:327 140 sec: 703778 operations; 5810.1 current ops/sec; est completion in 30 minutes [READ: Count=28733, Max=493823, Min=4668, Avg=23953.08, 90=36639, 99=78655, 99.9=361215, 99.99=457983] [UPDATE: Count=29364, Max=474623, Min=4376, Avg=20124.91, 90=28831, 99=57599, 99.9=307711, 99.99=439807] 
2020-09-07 13:25:20:327 150 sec: 759578 operations; 5580 current ops/sec; est completion in 30 minutes [READ: Count=27788, Max=567807, Min=3474, Avg=25188.45, 90=39519, 99=95743, 99.9=363775, 99.99=561151] [UPDATE: Count=28005, Max=519167, Min=3844, Avg=20701.42, 90=29823, 99=62719, 99.9=341503, 99.99=498431] 
2020-09-07 13:25:30:327 160 sec: 817771 operations; 5819.3 current ops/sec; est completion in 29 minutes [READ: Count=28987, Max=371711, Min=4484, Avg=23853.95, 90=36575, 99=82495, 99.9=282879, 99.99=357119] [UPDATE: Count=29203, Max=348671, Min=4448, Avg=20136.32, 90=28607, 99=60351, 99.9=275967, 99.99=335615] 
2020-09-07 13:25:40:327 170 sec: 876185 operations; 5841.4 current ops/sec; est completion in 29 minutes [READ: Count=29305, Max=551423, Min=4228, Avg=23941.08, 90=37407, 99=78079, 99.9=276223, 99.99=375551] [UPDATE: Count=29098, Max=372223, Min=4260, Avg=19861.96, 90=28831, 99=56575, 99.9=225407, 99.99=363519] 
2020-09-07 13:25:50:327 180 sec: 934662 operations; 5847.7 current ops/sec; est completion in 29 minutes [READ: Count=29018, Max=417535, Min=3924, Avg=23713.32, 90=36767, 99=76543, 99.9=306943, 99.99=384767] [UPDATE: Count=29469, Max=377855, Min=4592, Avg=20047.2, 90=28623, 99=57247, 99.9=330495, 99.99=366591] 
2020-09-07 13:26:00:327 190 sec: 990877 operations; 5621.5 current ops/sec; est completion in 28 minutes [READ: Count=28088, Max=568319, Min=3400, Avg=24929.8, 90=38879, 99=87487, 99.9=439039, 99.99=534015] [UPDATE: Count=28130, Max=539135, Min=3630, Avg=20634.88, 90=29007, 99=63519, 99.9=423679, 99.99=531455] 
2020-09-07 13:26:10:327 200 sec: 1049563 operations; 5868.6 current ops/sec; est completion in 28 minutes [READ: Count=29495, Max=356863, Min=4556, Avg=23683.36, 90=37343, 99=77567, 99.9=206591, 99.99=341247] [UPDATE: Count=29188, Max=354559, Min=4672, Avg=19876.34, 90=29135, 99=55167, 99.9=179071, 99.99=322559] 
2020-09-07 13:26:20:327 210 sec: 1108350 operations; 5878.7 current ops/sec; est completion in 28 minutes [READ: Count=29218, Max=320255, Min=4404, Avg=23680.33, 90=36575, 99=73983, 99.9=237183, 99.99=301823] [UPDATE: Count=29559, Max=281855, Min=4836, Avg=19898.99, 90=29007, 99=55775, 99.9=155391, 99.99=279551] 
2020-09-07 13:26:30:327 220 sec: 1166635 operations; 5828.5 current ops/sec; est completion in 27 minutes [READ: Count=29215, Max=352511, Min=4544, Avg=23955.25, 90=36831, 99=78591, 99.9=237055, 99.99=317439] [UPDATE: Count=29071, Max=319999, Min=4804, Avg=19949.26, 90=28479, 99=59295, 99.9=217087, 99.99=309503] 
2020-09-07 13:26:40:327 230 sec: 1224903 operations; 5826.8 current ops/sec; est completion in 27 minutes [READ: Count=28967, Max=297983, Min=4520, Avg=23790.9, 90=37119, 99=78463, 99.9=226431, 99.99=264959] [UPDATE: Count=29307, Max=265727, Min=4660, Avg=20144.19, 90=29375, 99=60639, 99.9=178175, 99.99=253951] 
2020-09-07 13:26:50:327 240 sec: 1284670 operations; 5976.7 current ops/sec; est completion in 27 minutes [READ: Count=29825, Max=284927, Min=3836, Avg=23119.73, 90=35263, 99=67839, 99.9=152447, 99.99=266239] [UPDATE: Count=29940, Max=268799, Min=4324, Avg=19674.71, 90=27791, 99=53599, 99.9=121599, 99.99=257791] 
2020-09-07 13:27:00:327 250 sec: 1343582 operations; 5891.2 current ops/sec; est completion in 26 minutes [READ: Count=29639, Max=275455, Min=4404, Avg=23579.06, 90=36927, 99=75071, 99.9=129855, 99.99=267007] [UPDATE: Count=29283, Max=273407, Min=4020, Avg=19872.32, 90=29167, 99=57631, 99.9=83903, 99.99=196735] 
2020-09-07 13:27:10:327 260 sec: 1400418 operations; 5683.6 current ops/sec; est completion in 26 minutes [READ: Count=28268, Max=560127, Min=3436, Avg=24668.64, 90=36255, 99=82943, 99.9=467967, 99.99=540159] [UPDATE: Count=28559, Max=522751, Min=3438, Avg=20398.95, 90=28031, 99=55551, 99.9=418815, 99.99=515839] 
2020-09-07 13:27:20:327 270 sec: 1459151 operations; 5873.3 current ops/sec; est completion in 26 minutes [READ: Count=29254, Max=369663, Min=4528, Avg=23584.6, 90=35743, 99=73471, 99.9=243455, 99.99=309759] [UPDATE: Count=29482, Max=311551, Min=4848, Avg=19986.64, 90=28447, 99=56255, 99.9=204927, 99.99=300031] 
2020-09-07 13:27:30:327 280 sec: 1517619 operations; 5846.8 current ops/sec; est completion in 26 minutes [READ: Count=29115, Max=543231, Min=4412, Avg=23539.36, 90=35071, 99=70143, 99.9=391935, 99.99=517887] [UPDATE: Count=29359, Max=560639, Min=3838, Avg=20105.84, 90=27727, 99=52959, 99.9=368383, 99.99=524799] 
2020-09-07 13:27:40:327 290 sec: 1573735 operations; 5611.6 current ops/sec; est completion in 25 minutes [READ: Count=28008, Max=599551, Min=3102, Avg=25059.18, 90=36351, 99=85695, 99.9=455679, 99.99=558591] [UPDATE: Count=28106, Max=544255, Min=3352, Avg=20709, 90=28175, 99=59327, 99.9=413439, 99.99=526847] 
2020-09-07 13:27:50:327 300 sec: 1631369 operations; 5763.4 current ops/sec; est completion in 25 minutes [READ: Count=28904, Max=503551, Min=3922, Avg=24277.84, 90=37663, 99=82111, 99.9=356095, 99.99=488959] [UPDATE: Count=28731, Max=484095, Min=3626, Avg=20091.36, 90=28415, 99=59199, 99.9=294911, 99.99=465151] 
Maximum time elapsed. Requesting stop for the workload.
Stop requested for workload. Now Joining!
Still waiting for thread Thread-101 to complete. Workload status: true
2020-09-07 13:27:52:889 302 sec: 1632303 operations; 364.56 current ops/sec; est completion in 25 minutes [READ: Count=464, Max=261503, Min=6024, Avg=36006.7, 90=70399, 99=217087, 99.9=261503, 99.99=261503] [CLEANUP: Count=128, Max=2314239, Min=1, Avg=18074.1, 90=3, 99=22, 99.9=2314239, 99.99=2314239] [UPDATE: Count=455, Max=259967, Min=4552, Avg=26634.6, 90=45119, 99=217343, 99.9=259967, 99.99=259967] 
[OVERALL], RunTime(ms), 302560
[OVERALL], Throughput(ops/sec), 5394.9728979376
[TOTAL_GCS_G1_Young_Generation], Count, 32
[TOTAL_GC_TIME_G1_Young_Generation], Time(ms), 280
[TOTAL_GC_TIME_%_G1_Young_Generation], Time(%), 0.09254362771020624
[TOTAL_GCS_G1_Old_Generation], Count, 0
[TOTAL_GC_TIME_G1_Old_Generation], Time(ms), 0
[TOTAL_GC_TIME_%_G1_Old_Generation], Time(%), 0.0
[TOTAL_GCs], Count, 32
[TOTAL_GC_TIME], Time(ms), 280
[TOTAL_GC_TIME_%], Time(%), 0.09254362771020624
[READ], Operations, 815629
[READ], AverageLatency(us), 25492.51599930851
[READ], MinLatency(us), 3102
[READ], MaxLatency(us), 846335
[READ], 95thPercentileLatency(us), 52095
[READ], 99thPercentileLatency(us), 92671
[READ], Return=OK, 815629
[CLEANUP], Operations, 128
[CLEANUP], AverageLatency(us), 18074.1015625
[CLEANUP], MinLatency(us), 1
[CLEANUP], MaxLatency(us), 2314239
[CLEANUP], 95thPercentileLatency(us), 5
[CLEANUP], 99thPercentileLatency(us), 22
[UPDATE], Operations, 816674
[UPDATE], AverageLatency(us), 21188.150893747075
[UPDATE], MinLatency(us), 3248
[UPDATE], MaxLatency(us), 570367
[UPDATE], 95thPercentileLatency(us), 39487
[UPDATE], 99thPercentileLatency(us), 66175
[UPDATE], Return=OK, 816674
