/opt/java/openjdk/bin/java  -classpath /usr/src/ycsb/conf:/usr/src/ycsb/lib/HdrHistogram-2.1.4.jar:/usr/src/ycsb/lib/core-0.18.0-SNAPSHOT.jar:/usr/src/ycsb/lib/htrace-core4-4.1.0-incubating.jar:/usr/src/ycsb/lib/jackson-core-asl-1.9.4.jar:/usr/src/ycsb/lib/jackson-mapper-asl-1.9.4.jar:/usr/src/ycsb/lib/postgresql-42.2.16.jar:/usr/src/ycsb/cassandra-binding/lib/cassandra-binding-0.18.0-SNAPSHOT.jar:/usr/src/ycsb/cassandra-binding/lib/cassandra-driver-core-3.0.0.jar:/usr/src/ycsb/cassandra-binding/lib/guava-16.0.1.jar:/usr/src/ycsb/cassandra-binding/lib/metrics-core-3.1.2.jar:/usr/src/ycsb/cassandra-binding/lib/netty-buffer-4.0.33.Final.jar:/usr/src/ycsb/cassandra-binding/lib/netty-codec-4.0.33.Final.jar:/usr/src/ycsb/cassandra-binding/lib/netty-common-4.0.33.Final.jar:/usr/src/ycsb/cassandra-binding/lib/netty-handler-4.0.33.Final.jar:/usr/src/ycsb/cassandra-binding/lib/netty-transport-4.0.33.Final.jar:/usr/src/ycsb/cassandra-binding/lib/slf4j-api-1.7.25.jar site.ycsb.Client -t -db site.ycsb.db.CassandraCQLClient -P workloads/workloadc -p operationcount=10000000 -p hosts=10.0.1.57,10.0.1.54,10.0.1.59,10.0.1.42,10.0.1.39,10.0.1.36,10.0.1.34,10.0.1.50,10.0.1.46,10.0.1.27,10.0.1.25,10.0.1.23,10.0.1.21,10.0.1.18,10.0.1.15,10.0.1.11,10.0.1.30,10.0.1.7,10.0.1.5,10.0.1.3 -p maxexecutiontime=300 -threads 128 -p cassandra.readconsistencylevel=QUORUM -p cassandra.writeconsistencylevel=QUORUM -s
Command line: -t -db site.ycsb.db.CassandraCQLClient -P workloads/workloadc -p operationcount=10000000 -p hosts=10.0.1.57,10.0.1.54,10.0.1.59,10.0.1.42,10.0.1.39,10.0.1.36,10.0.1.34,10.0.1.50,10.0.1.46,10.0.1.27,10.0.1.25,10.0.1.23,10.0.1.21,10.0.1.18,10.0.1.15,10.0.1.11,10.0.1.30,10.0.1.7,10.0.1.5,10.0.1.3 -p maxexecutiontime=300 -threads 128 -p cassandra.readconsistencylevel=QUORUM -p cassandra.writeconsistencylevel=QUORUM -s
YCSB Client 0.18.0-SNAPSHOT

Loading workload...
Starting test.
SLF4J: Failed to load class "org.slf4j.impl.StaticLoggerBinder".
SLF4J: Defaulting to no-operation (NOP) logger implementation
SLF4J: See http://www.slf4j.org/codes.html#StaticLoggerBinder for further details.
Maximum execution time specified as: 300 secs
2020-09-09 09:50:28:559 0 sec: 0 operations; est completion in 0 second 
WARNING: An illegal reflective access operation has occurred
WARNING: Illegal reflective access by io.netty.util.internal.PlatformDependent0 (file:/usr/src/ycsb/cassandra-binding/lib/netty-common-4.0.33.Final.jar) to field java.nio.Buffer.address
WARNING: Please consider reporting this to the maintainers of io.netty.util.internal.PlatformDependent0
WARNING: Use --illegal-access=warn to enable warnings of further illegal reflective access operations
WARNING: All illegal access operations will be denied in a future release
Sep 09, 2020 9:50:28 AM io.netty.util.internal.PlatformDependent <clinit>
INFO: Your platform does not provide complete low-level API for accessing direct buffers reliably. Unless explicitly requested, heap buffer will always be preferred to avoid potential system unstability.
DBWrapper: report latency for each error is false and specific error codes to track for latency are: []
DBWrapper: report latency for each error is false and specific error codes to track for latency are: []
DBWrapper: report latency for each error is false and specific error codes to track for latency are: []
DBWrapper: report latency for each error is false and specific error codes to track for latency are: []
DBWrapper: report latency for each error is false and specific error codes to track for latency are: []
DBWrapper: report latency for each error is false and specific error codes to track for latency are: []
DBWrapper: report latency for each error is false and specific error codes to track for latency are: []
DBWrapper: report latency for each error is false and specific error codes to track for latency are: []
DBWrapper: report latency for each error is false and specific error codes to track for latency are: []
DBWrapper: report latency for each error is false and specific error codes to track for latency are: []
DBWrapper: report latency for each error is false and specific error codes to track for latency are: []
DBWrapper: report latency for each error is false and specific error codes to track for latency are: []
DBWrapper: report latency for each error is false and specific error codes to track for latency are: []
DBWrapper: report latency for each error is false and specific error codes to track for latency are: []
DBWrapper: report latency for each error is false and specific error codes to track for latency are: []
DBWrapper: report latency for each error is false and specific error codes to track for latency are: []
DBWrapper: report latency for each error is false and specific error codes to track for latency are: []
DBWrapper: report latency for each error is false and specific error codes to track for latency are: []
DBWrapper: report latency for each error is false and specific error codes to track for latency are: []
DBWrapper: report latency for each error is false and specific error codes to track for latency are: []
DBWrapper: report latency for each error is false and specific error codes to track for latency are: []
DBWrapper: report latency for each error is false and specific error codes to track for latency are: []
DBWrapper: report latency for each error is false and specific error codes to track for latency are: []
DBWrapper: report latency for each error is false and specific error codes to track for latency are: []
DBWrapper: report latency for each error is false and specific error codes to track for latency are: []
DBWrapper: report latency for each error is false and specific error codes to track for latency are: []
DBWrapper: report latency for each error is false and specific error codes to track for latency are: []
DBWrapper: report latency for each error is false and specific error codes to track for latency are: []
DBWrapper: report latency for each error is false and specific error codes to track for latency are: []
DBWrapper: report latency for each error is false and specific error codes to track for latency are: []
DBWrapper: report latency for each error is false and specific error codes to track for latency are: []
DBWrapper: report latency for each error is false and specific error codes to track for latency are: []
DBWrapper: report latency for each error is false and specific error codes to track for latency are: []
DBWrapper: report latency for each error is false and specific error codes to track for latency are: []
DBWrapper: report latency for each error is false and specific error codes to track for latency are: []
DBWrapper: report latency for each error is false and specific error codes to track for latency are: []
DBWrapper: report latency for each error is false and specific error codes to track for latency are: []
DBWrapper: report latency for each error is false and specific error codes to track for latency are: []
DBWrapper: report latency for each error is false and specific error codes to track for latency are: []
DBWrapper: report latency for each error is false and specific error codes to track for latency are: []
DBWrapper: report latency for each error is false and specific error codes to track for latency are: []
DBWrapper: report latency for each error is false and specific error codes to track for latency are: []
DBWrapper: report latency for each error is false and specific error codes to track for latency are: []
DBWrapper: report latency for each error is false and specific error codes to track for latency are: []
DBWrapper: report latency for each error is false and specific error codes to track for latency are: []
DBWrapper: report latency for each error is false and specific error codes to track for latency are: []
DBWrapper: report latency for each error is false and specific error codes to track for latency are: []
DBWrapper: report latency for each error is false and specific error codes to track for latency are: []
DBWrapper: report latency for each error is false and specific error codes to track for latency are: []
DBWrapper: report latency for each error is false and specific error codes to track for latency are: []
DBWrapper: report latency for each error is false and specific error codes to track for latency are: []
DBWrapper: report latency for each error is false and specific error codes to track for latency are: []
DBWrapper: report latency for each error is false and specific error codes to track for latency are: []
DBWrapper: report latency for each error is false and specific error codes to track for latency are: []
DBWrapper: report latency for each error is false and specific error codes to track for latency are: []
DBWrapper: report latency for each error is false and specific error codes to track for latency are: []
DBWrapper: report latency for each error is false and specific error codes to track for latency are: []
DBWrapper: report latency for each error is false and specific error codes to track for latency are: []
DBWrapper: report latency for each error is false and specific error codes to track for latency are: []
DBWrapper: report latency for each error is false and specific error codes to track for latency are: []
DBWrapper: report latency for each error is false and specific error codes to track for latency are: []
DBWrapper: report latency for each error is false and specific error codes to track for latency are: []
DBWrapper: report latency for each error is false and specific error codes to track for latency are: []
DBWrapper: report latency for each error is false and specific error codes to track for latency are: []
DBWrapper: report latency for each error is false and specific error codes to track for latency are: []
DBWrapper: report latency for each error is false and specific error codes to track for latency are: []
DBWrapper: report latency for each error is false and specific error codes to track for latency are: []
DBWrapper: report latency for each error is false and specific error codes to track for latency are: []
DBWrapper: report latency for each error is false and specific error codes to track for latency are: []
DBWrapper: report latency for each error is false and specific error codes to track for latency are: []
DBWrapper: report latency for each error is false and specific error codes to track for latency are: []
DBWrapper: report latency for each error is false and specific error codes to track for latency are: []
DBWrapper: report latency for each error is false and specific error codes to track for latency are: []
DBWrapper: report latency for each error is false and specific error codes to track for latency are: []
DBWrapper: report latency for each error is false and specific error codes to track for latency are: []
DBWrapper: report latency for each error is false and specific error codes to track for latency are: []
DBWrapper: report latency for each error is false and specific error codes to track for latency are: []
DBWrapper: report latency for each error is false and specific error codes to track for latency are: []
DBWrapper: report latency for each error is false and specific error codes to track for latency are: []
DBWrapper: report latency for each error is false and specific error codes to track for latency are: []
DBWrapper: report latency for each error is false and specific error codes to track for latency are: []
DBWrapper: report latency for each error is false and specific error codes to track for latency are: []
DBWrapper: report latency for each error is false and specific error codes to track for latency are: []
DBWrapper: report latency for each error is false and specific error codes to track for latency are: []
DBWrapper: report latency for each error is false and specific error codes to track for latency are: []
DBWrapper: report latency for each error is false and specific error codes to track for latency are: []
DBWrapper: report latency for each error is false and specific error codes to track for latency are: []
DBWrapper: report latency for each error is false and specific error codes to track for latency are: []
DBWrapper: report latency for each error is false and specific error codes to track for latency are: []
DBWrapper: report latency for each error is false and specific error codes to track for latency are: []
DBWrapper: report latency for each error is false and specific error codes to track for latency are: []
DBWrapper: report latency for each error is false and specific error codes to track for latency are: []
DBWrapper: report latency for each error is false and specific error codes to track for latency are: []
DBWrapper: report latency for each error is false and specific error codes to track for latency are: []
DBWrapper: report latency for each error is false and specific error codes to track for latency are: []
DBWrapper: report latency for each error is false and specific error codes to track for latency are: []
DBWrapper: report latency for each error is false and specific error codes to track for latency are: []
DBWrapper: report latency for each error is false and specific error codes to track for latency are: []
DBWrapper: report latency for each error is false and specific error codes to track for latency are: []
DBWrapper: report latency for each error is false and specific error codes to track for latency are: []
DBWrapper: report latency for each error is false and specific error codes to track for latency are: []
DBWrapper: report latency for each error is false and specific error codes to track for latency are: []
DBWrapper: report latency for each error is false and specific error codes to track for latency are: []
DBWrapper: report latency for each error is false and specific error codes to track for latency are: []
DBWrapper: report latency for each error is false and specific error codes to track for latency are: []
DBWrapper: report latency for each error is false and specific error codes to track for latency are: []
DBWrapper: report latency for each error is false and specific error codes to track for latency are: []
DBWrapper: report latency for each error is false and specific error codes to track for latency are: []
DBWrapper: report latency for each error is false and specific error codes to track for latency are: []
DBWrapper: report latency for each error is false and specific error codes to track for latency are: []
DBWrapper: report latency for each error is false and specific error codes to track for latency are: []
DBWrapper: report latency for each error is false and specific error codes to track for latency are: []
DBWrapper: report latency for each error is false and specific error codes to track for latency are: []
DBWrapper: report latency for each error is false and specific error codes to track for latency are: []
DBWrapper: report latency for each error is false and specific error codes to track for latency are: []
DBWrapper: report latency for each error is false and specific error codes to track for latency are: []
DBWrapper: report latency for each error is false and specific error codes to track for latency are: []
DBWrapper: report latency for each error is false and specific error codes to track for latency are: []
DBWrapper: report latency for each error is false and specific error codes to track for latency are: []
DBWrapper: report latency for each error is false and specific error codes to track for latency are: []
DBWrapper: report latency for each error is false and specific error codes to track for latency are: []
DBWrapper: report latency for each error is false and specific error codes to track for latency are: []
DBWrapper: report latency for each error is false and specific error codes to track for latency are: []
DBWrapper: report latency for each error is false and specific error codes to track for latency are: []
DBWrapper: report latency for each error is false and specific error codes to track for latency are: []
DBWrapper: report latency for each error is false and specific error codes to track for latency are: []
DBWrapper: report latency for each error is false and specific error codes to track for latency are: []
DBWrapper: report latency for each error is false and specific error codes to track for latency are: []
2020-09-09 09:50:38:361 10 sec: 37509 operations; 3750.52 current ops/sec; est completion in 44 minutes [READ: Count=37541, Max=808959, Min=4112, Avg=25309.65, 90=37407, 99=80895, 99.9=568319, 99.99=690175] 
2020-09-09 09:50:48:361 20 sec: 104932 operations; 6742.97 current ops/sec; est completion in 31 minutes [READ: Count=67393, Max=157311, Min=4660, Avg=18975.63, 90=26783, 99=44159, 99.9=79295, 99.99=139775] 
2020-09-09 09:50:58:361 30 sec: 173233 operations; 6830.1 current ops/sec; est completion in 28 minutes [READ: Count=68299, Max=153727, Min=4136, Avg=18729.57, 90=26207, 99=42783, 99.9=69887, 99.99=146431] 
2020-09-09 09:51:08:361 40 sec: 241590 operations; 6835.7 current ops/sec; est completion in 26 minutes [READ: Count=68371, Max=126463, Min=3274, Avg=18722.59, 90=26463, 99=42303, 99.9=65151, 99.99=116159] 
2020-09-09 09:51:18:361 50 sec: 306986 operations; 6539.6 current ops/sec; est completion in 26 minutes [READ: Count=65386, Max=587263, Min=3592, Avg=19568.58, 90=26639, 99=46079, 99.9=438783, 99.99=543231] 
2020-09-09 09:51:28:361 60 sec: 374210 operations; 6722.4 current ops/sec; est completion in 25 minutes [READ: Count=67221, Max=171903, Min=4164, Avg=19034.81, 90=26815, 99=46303, 99.9=103871, 99.99=151423] 
2020-09-09 09:51:38:361 70 sec: 443162 operations; 6895.2 current ops/sec; est completion in 25 minutes [READ: Count=68959, Max=87871, Min=3914, Avg=18554.8, 90=25855, 99=39871, 99.9=60671, 99.99=78591] 
2020-09-09 09:51:48:361 80 sec: 511189 operations; 6802.7 current ops/sec; est completion in 24 minutes [READ: Count=68021, Max=175103, Min=4292, Avg=18812.31, 90=25983, 99=41663, 99.9=71295, 99.99=158463] 
2020-09-09 09:51:58:361 90 sec: 577491 operations; 6630.2 current ops/sec; est completion in 24 minutes [READ: Count=66306, Max=549887, Min=3628, Avg=19298.21, 90=25871, 99=41535, 99.9=423167, 99.99=538623] 
2020-09-09 09:52:08:361 100 sec: 646188 operations; 6869.7 current ops/sec; est completion in 24 minutes [READ: Count=68695, Max=86207, Min=4030, Avg=18630.76, 90=25775, 99=39039, 99.9=53919, 99.99=68607] 
2020-09-09 09:52:18:361 110 sec: 712249 operations; 6606.1 current ops/sec; est completion in 23 minutes [READ: Count=66060, Max=588287, Min=3772, Avg=19367.22, 90=26079, 99=44479, 99.9=430847, 99.99=550399] 
2020-09-09 09:52:28:361 120 sec: 778856 operations; 6660.7 current ops/sec; est completion in 23 minutes [READ: Count=66614, Max=529407, Min=3504, Avg=19210.93, 90=25871, 99=42175, 99.9=378623, 99.99=520447] 
2020-09-09 09:52:38:361 130 sec: 843899 operations; 6504.3 current ops/sec; est completion in 23 minutes [READ: Count=65042, Max=552959, Min=3204, Avg=19671.57, 90=26239, 99=47967, 99.9=461311, 99.99=519167] 
2020-09-09 09:52:48:361 140 sec: 913003 operations; 6910.4 current ops/sec; est completion in 23 minutes [READ: Count=69103, Max=122367, Min=4276, Avg=18517.46, 90=25455, 99=38687, 99.9=56543, 99.99=114623] 
2020-09-09 09:52:58:361 150 sec: 978763 operations; 6576 current ops/sec; est completion in 23 minutes [READ: Count=65756, Max=545791, Min=3384, Avg=19459.45, 90=26143, 99=45471, 99.9=421375, 99.99=532991] 
2020-09-09 09:53:08:361 160 sec: 1047075 operations; 6831.2 current ops/sec; est completion in 22 minutes [READ: Count=68312, Max=185599, Min=4560, Avg=18732.82, 90=25903, 99=42463, 99.9=76351, 99.99=172287] 
2020-09-09 09:53:18:361 170 sec: 1116002 operations; 6892.7 current ops/sec; est completion in 22 minutes [READ: Count=68924, Max=186879, Min=4596, Avg=18567.13, 90=25567, 99=40767, 99.9=80959, 99.99=162943] 
2020-09-09 09:53:28:361 180 sec: 1182878 operations; 6687.6 current ops/sec; est completion in 22 minutes [READ: Count=66887, Max=537599, Min=3174, Avg=19128.28, 90=25583, 99=42399, 99.9=415231, 99.99=515327] 
2020-09-09 09:53:38:361 190 sec: 1249864 operations; 6698.6 current ops/sec; est completion in 22 minutes [READ: Count=66978, Max=555007, Min=3340, Avg=19105.4, 90=25775, 99=41087, 99.9=392447, 99.99=542207] 
2020-09-09 09:53:48:361 200 sec: 1318886 operations; 6902.2 current ops/sec; est completion in 21 minutes [READ: Count=69022, Max=189311, Min=4212, Avg=18538.23, 90=25615, 99=40735, 99.9=98111, 99.99=148735] 
2020-09-09 09:53:58:361 210 sec: 1387591 operations; 6870.5 current ops/sec; est completion in 21 minutes [READ: Count=68704, Max=142207, Min=3710, Avg=18623.92, 90=25743, 99=41343, 99.9=80255, 99.99=132735] 
2020-09-09 09:54:08:361 220 sec: 1455931 operations; 6834 current ops/sec; est completion in 21 minutes [READ: Count=68341, Max=155903, Min=3468, Avg=18723.6, 90=26271, 99=43231, 99.9=65407, 99.99=138367] 
2020-09-09 09:54:18:361 230 sec: 1523554 operations; 6762.3 current ops/sec; est completion in 21 minutes [READ: Count=67623, Max=165247, Min=4900, Avg=18922.31, 90=26575, 99=46015, 99.9=99071, 99.99=148863] 
2020-09-09 09:54:28:361 240 sec: 1591858 operations; 6830.4 current ops/sec; est completion in 21 minutes [READ: Count=68315, Max=163711, Min=3844, Avg=18731.41, 90=26095, 99=42719, 99.9=80959, 99.99=155519] 
2020-09-09 09:54:38:361 250 sec: 1658979 operations; 6712.1 current ops/sec; est completion in 20 minutes [READ: Count=67112, Max=224511, Min=4392, Avg=19069.29, 90=26879, 99=45183, 99.9=119871, 99.99=217343] 
2020-09-09 09:54:48:361 260 sec: 1722781 operations; 6380.2 current ops/sec; est completion in 20 minutes [READ: Count=63805, Max=543743, Min=3706, Avg=20058.83, 90=26031, 99=45215, 99.9=500991, 99.99=524799] 
2020-09-09 09:54:58:361 270 sec: 1792040 operations; 6925.9 current ops/sec; est completion in 20 minutes [READ: Count=69256, Max=134527, Min=4320, Avg=18470.8, 90=25727, 99=38815, 99.9=54239, 99.99=117695] 
2020-09-09 09:55:08:361 280 sec: 1860690 operations; 6865 current ops/sec; est completion in 20 minutes [READ: Count=68649, Max=151679, Min=4632, Avg=18642.29, 90=25967, 99=41695, 99.9=62047, 99.99=130623] 
2020-09-09 09:55:18:361 290 sec: 1929372 operations; 6868.2 current ops/sec; est completion in 20 minutes [READ: Count=68688, Max=174335, Min=4276, Avg=18630.87, 90=25743, 99=40959, 99.9=65023, 99.99=151295] 
2020-09-09 09:55:28:361 300 sec: 1997218 operations; 6784.6 current ops/sec; est completion in 20 minutes [READ: Count=67840, Max=180351, Min=4304, Avg=18858.85, 90=26223, 99=43391, 99.9=80191, 99.99=154239] 
Maximum time elapsed. Requesting stop for the workload.
Stop requested for workload. Now Joining!
Still waiting for thread Thread-46 to complete. Workload status: true
2020-09-09 09:55:30:842 302 sec: 1998106 operations; 357.78 current ops/sec; est completion in 20 minutes [READ: Count=883, Max=41375, Min=7564, Avg=18674.76, 90=25311, 99=34783, 99.9=40831, 99.99=41375] [CLEANUP: Count=128, Max=2351103, Min=1, Avg=18362.43, 90=3, 99=19, 99.9=2351103, 99.99=2351103] 
[OVERALL], RunTime(ms), 302480
[OVERALL], Throughput(ops/sec), 6605.7458344353345
[TOTAL_GCS_G1_Young_Generation], Count, 37
[TOTAL_GC_TIME_G1_Young_Generation], Time(ms), 364
[TOTAL_GC_TIME_%_G1_Young_Generation], Time(%), 0.12033853477915896
[TOTAL_GCS_G1_Old_Generation], Count, 0
[TOTAL_GC_TIME_G1_Old_Generation], Time(ms), 0
[TOTAL_GC_TIME_%_G1_Old_Generation], Time(%), 0.0
[TOTAL_GCs], Count, 37
[TOTAL_GC_TIME], Time(ms), 364
[TOTAL_GC_TIME_%], Time(%), 0.12033853477915896
[READ], Operations, 1998106
[READ], AverageLatency(us), 19055.172526882958
[READ], MinLatency(us), 3174
[READ], MaxLatency(us), 808959
[READ], 95thPercentileLatency(us), 30479
[READ], 99thPercentileLatency(us), 43615
[READ], Return=OK, 1998106
[CLEANUP], Operations, 128
[CLEANUP], AverageLatency(us), 18362.4296875
[CLEANUP], MinLatency(us), 1
[CLEANUP], MaxLatency(us), 2351103
[CLEANUP], 95thPercentileLatency(us), 4
[CLEANUP], 99thPercentileLatency(us), 19
