/opt/java/openjdk/bin/java  -classpath /usr/src/ycsb/conf:/usr/src/ycsb/lib/HdrHistogram-2.1.4.jar:/usr/src/ycsb/lib/core-0.18.0-SNAPSHOT.jar:/usr/src/ycsb/lib/htrace-core4-4.1.0-incubating.jar:/usr/src/ycsb/lib/jackson-core-asl-1.9.4.jar:/usr/src/ycsb/lib/jackson-mapper-asl-1.9.4.jar:/usr/src/ycsb/lib/postgresql-42.2.16.jar:/usr/src/ycsb/cassandra-binding/lib/cassandra-binding-0.18.0-SNAPSHOT.jar:/usr/src/ycsb/cassandra-binding/lib/cassandra-driver-core-3.0.0.jar:/usr/src/ycsb/cassandra-binding/lib/guava-16.0.1.jar:/usr/src/ycsb/cassandra-binding/lib/metrics-core-3.1.2.jar:/usr/src/ycsb/cassandra-binding/lib/netty-buffer-4.0.33.Final.jar:/usr/src/ycsb/cassandra-binding/lib/netty-codec-4.0.33.Final.jar:/usr/src/ycsb/cassandra-binding/lib/netty-common-4.0.33.Final.jar:/usr/src/ycsb/cassandra-binding/lib/netty-handler-4.0.33.Final.jar:/usr/src/ycsb/cassandra-binding/lib/netty-transport-4.0.33.Final.jar:/usr/src/ycsb/cassandra-binding/lib/slf4j-api-1.7.25.jar site.ycsb.Client -t -db site.ycsb.db.CassandraCQLClient -P workloads/workloadc -p operationcount=10000000 -p hosts=10.0.1.57,10.0.1.54,10.0.1.59,10.0.1.42,10.0.1.39,10.0.1.36,10.0.1.34,10.0.1.50,10.0.1.46,10.0.1.27,10.0.1.25,10.0.1.23,10.0.1.21,10.0.1.18,10.0.1.15,10.0.1.11,10.0.1.30,10.0.1.7,10.0.1.5,10.0.1.3 -p maxexecutiontime=300 -threads 256 -p cassandra.readconsistencylevel=QUORUM -p cassandra.writeconsistencylevel=QUORUM -s
Command line: -t -db site.ycsb.db.CassandraCQLClient -P workloads/workloadc -p operationcount=10000000 -p hosts=10.0.1.57,10.0.1.54,10.0.1.59,10.0.1.42,10.0.1.39,10.0.1.36,10.0.1.34,10.0.1.50,10.0.1.46,10.0.1.27,10.0.1.25,10.0.1.23,10.0.1.21,10.0.1.18,10.0.1.15,10.0.1.11,10.0.1.30,10.0.1.7,10.0.1.5,10.0.1.3 -p maxexecutiontime=300 -threads 256 -p cassandra.readconsistencylevel=QUORUM -p cassandra.writeconsistencylevel=QUORUM -s
YCSB Client 0.18.0-SNAPSHOT

Loading workload...
Starting test.
SLF4J: Failed to load class "org.slf4j.impl.StaticLoggerBinder".
SLF4J: Defaulting to no-operation (NOP) logger implementation
SLF4J: See http://www.slf4j.org/codes.html#StaticLoggerBinder for further details.
Maximum execution time specified as: 300 secs
2020-09-09 10:10:40:935 0 sec: 0 operations; est completion in 0 second 
WARNING: An illegal reflective access operation has occurred
WARNING: Illegal reflective access by io.netty.util.internal.PlatformDependent0 (file:/usr/src/ycsb/cassandra-binding/lib/netty-common-4.0.33.Final.jar) to field java.nio.Buffer.address
WARNING: Please consider reporting this to the maintainers of io.netty.util.internal.PlatformDependent0
WARNING: Use --illegal-access=warn to enable warnings of further illegal reflective access operations
WARNING: All illegal access operations will be denied in a future release
Sep 09, 2020 10:10:41 AM io.netty.util.internal.PlatformDependent <clinit>
INFO: Your platform does not provide complete low-level API for accessing direct buffers reliably. Unless explicitly requested, heap buffer will always be preferred to avoid potential system unstability.
DBWrapper: report latency for each error is false and specific error codes to track for latency are: []
DBWrapper: report latency for each error is false and specific error codes to track for latency are: []
DBWrapper: report latency for each error is false and specific error codes to track for latency are: []
DBWrapper: report latency for each error is false and specific error codes to track for latency are: []
DBWrapper: report latency for each error is false and specific error codes to track for latency are: []
DBWrapper: report latency for each error is false and specific error codes to track for latency are: []
DBWrapper: report latency for each error is false and specific error codes to track for latency are: []
DBWrapper: report latency for each error is false and specific error codes to track for latency are: []
DBWrapper: report latency for each error is false and specific error codes to track for latency are: []
DBWrapper: report latency for each error is false and specific error codes to track for latency are: []
DBWrapper: report latency for each error is false and specific error codes to track for latency are: []
DBWrapper: report latency for each error is false and specific error codes to track for latency are: []
DBWrapper: report latency for each error is false and specific error codes to track for latency are: []
DBWrapper: report latency for each error is false and specific error codes to track for latency are: []
DBWrapper: report latency for each error is false and specific error codes to track for latency are: []
DBWrapper: report latency for each error is false and specific error codes to track for latency are: []
DBWrapper: report latency for each error is false and specific error codes to track for latency are: []
DBWrapper: report latency for each error is false and specific error codes to track for latency are: []
DBWrapper: report latency for each error is false and specific error codes to track for latency are: []
DBWrapper: report latency for each error is false and specific error codes to track for latency are: []
DBWrapper: report latency for each error is false and specific error codes to track for latency are: []
DBWrapper: report latency for each error is false and specific error codes to track for latency are: []
DBWrapper: report latency for each error is false and specific error codes to track for latency are: []
DBWrapper: report latency for each error is false and specific error codes to track for latency are: []
DBWrapper: report latency for each error is false and specific error codes to track for latency are: []
DBWrapper: report latency for each error is false and specific error codes to track for latency are: []
DBWrapper: report latency for each error is false and specific error codes to track for latency are: []
DBWrapper: report latency for each error is false and specific error codes to track for latency are: []
DBWrapper: report latency for each error is false and specific error codes to track for latency are: []
DBWrapper: report latency for each error is false and specific error codes to track for latency are: []
DBWrapper: report latency for each error is false and specific error codes to track for latency are: []
DBWrapper: report latency for each error is false and specific error codes to track for latency are: []
DBWrapper: report latency for each error is false and specific error codes to track for latency are: []
DBWrapper: report latency for each error is false and specific error codes to track for latency are: []
DBWrapper: report latency for each error is false and specific error codes to track for latency are: []
DBWrapper: report latency for each error is false and specific error codes to track for latency are: []
DBWrapper: report latency for each error is false and specific error codes to track for latency are: []
DBWrapper: report latency for each error is false and specific error codes to track for latency are: []
DBWrapper: report latency for each error is false and specific error codes to track for latency are: []
DBWrapper: report latency for each error is false and specific error codes to track for latency are: []
DBWrapper: report latency for each error is false and specific error codes to track for latency are: []
DBWrapper: report latency for each error is false and specific error codes to track for latency are: []
DBWrapper: report latency for each error is false and specific error codes to track for latency are: []
DBWrapper: report latency for each error is false and specific error codes to track for latency are: []
DBWrapper: report latency for each error is false and specific error codes to track for latency are: []
DBWrapper: report latency for each error is false and specific error codes to track for latency are: []
DBWrapper: report latency for each error is false and specific error codes to track for latency are: []
DBWrapper: report latency for each error is false and specific error codes to track for latency are: []
DBWrapper: report latency for each error is false and specific error codes to track for latency are: []
DBWrapper: report latency for each error is false and specific error codes to track for latency are: []
DBWrapper: report latency for each error is false and specific error codes to track for latency are: []
DBWrapper: report latency for each error is false and specific error codes to track for latency are: []
DBWrapper: report latency for each error is false and specific error codes to track for latency are: []
DBWrapper: report latency for each error is false and specific error codes to track for latency are: []
DBWrapper: report latency for each error is false and specific error codes to track for latency are: []
DBWrapper: report latency for each error is false and specific error codes to track for latency are: []
DBWrapper: report latency for each error is false and specific error codes to track for latency are: []
DBWrapper: report latency for each error is false and specific error codes to track for latency are: []
DBWrapper: report latency for each error is false and specific error codes to track for latency are: []
DBWrapper: report latency for each error is false and specific error codes to track for latency are: []
DBWrapper: report latency for each error is false and specific error codes to track for latency are: []
DBWrapper: report latency for each error is false and specific error codes to track for latency are: []
DBWrapper: report latency for each error is false and specific error codes to track for latency are: []
DBWrapper: report latency for each error is false and specific error codes to track for latency are: []
DBWrapper: report latency for each error is false and specific error codes to track for latency are: []
DBWrapper: report latency for each error is false and specific error codes to track for latency are: []
DBWrapper: report latency for each error is false and specific error codes to track for latency are: []
DBWrapper: report latency for each error is false and specific error codes to track for latency are: []
DBWrapper: report latency for each error is false and specific error codes to track for latency are: []
DBWrapper: report latency for each error is false and specific error codes to track for latency are: []
DBWrapper: report latency for each error is false and specific error codes to track for latency are: []
DBWrapper: report latency for each error is false and specific error codes to track for latency are: []
DBWrapper: report latency for each error is false and specific error codes to track for latency are: []
DBWrapper: report latency for each error is false and specific error codes to track for latency are: []
DBWrapper: report latency for each error is false and specific error codes to track for latency are: []
DBWrapper: report latency for each error is false and specific error codes to track for latency are: []
DBWrapper: report latency for each error is false and specific error codes to track for latency are: []
DBWrapper: report latency for each error is false and specific error codes to track for latency are: []
DBWrapper: report latency for each error is false and specific error codes to track for latency are: []
DBWrapper: report latency for each error is false and specific error codes to track for latency are: []
DBWrapper: report latency for each error is false and specific error codes to track for latency are: []
DBWrapper: report latency for each error is false and specific error codes to track for latency are: []
DBWrapper: report latency for each error is false and specific error codes to track for latency are: []
DBWrapper: report latency for each error is false and specific error codes to track for latency are: []
DBWrapper: report latency for each error is false and specific error codes to track for latency are: []
DBWrapper: report latency for each error is false and specific error codes to track for latency are: []
DBWrapper: report latency for each error is false and specific error codes to track for latency are: []
DBWrapper: report latency for each error is false and specific error codes to track for latency are: []
DBWrapper: report latency for each error is false and specific error codes to track for latency are: []
DBWrapper: report latency for each error is false and specific error codes to track for latency are: []
DBWrapper: report latency for each error is false and specific error codes to track for latency are: []
DBWrapper: report latency for each error is false and specific error codes to track for latency are: []
DBWrapper: report latency for each error is false and specific error codes to track for latency are: []
DBWrapper: report latency for each error is false and specific error codes to track for latency are: []
DBWrapper: report latency for each error is false and specific error codes to track for latency are: []
DBWrapper: report latency for each error is false and specific error codes to track for latency are: []
DBWrapper: report latency for each error is false and specific error codes to track for latency are: []
DBWrapper: report latency for each error is false and specific error codes to track for latency are: []
DBWrapper: report latency for each error is false and specific error codes to track for latency are: []
DBWrapper: report latency for each error is false and specific error codes to track for latency are: []
DBWrapper: report latency for each error is false and specific error codes to track for latency are: []
DBWrapper: report latency for each error is false and specific error codes to track for latency are: []
DBWrapper: report latency for each error is false and specific error codes to track for latency are: []
DBWrapper: report latency for each error is false and specific error codes to track for latency are: []
DBWrapper: report latency for each error is false and specific error codes to track for latency are: []
DBWrapper: report latency for each error is false and specific error codes to track for latency are: []
DBWrapper: report latency for each error is false and specific error codes to track for latency are: []
DBWrapper: report latency for each error is false and specific error codes to track for latency are: []
DBWrapper: report latency for each error is false and specific error codes to track for latency are: []
DBWrapper: report latency for each error is false and specific error codes to track for latency are: []
DBWrapper: report latency for each error is false and specific error codes to track for latency are: []
DBWrapper: report latency for each error is false and specific error codes to track for latency are: []
DBWrapper: report latency for each error is false and specific error codes to track for latency are: []
DBWrapper: report latency for each error is false and specific error codes to track for latency are: []
DBWrapper: report latency for each error is false and specific error codes to track for latency are: []
DBWrapper: report latency for each error is false and specific error codes to track for latency are: []
DBWrapper: report latency for each error is false and specific error codes to track for latency are: []
DBWrapper: report latency for each error is false and specific error codes to track for latency are: []
DBWrapper: report latency for each error is false and specific error codes to track for latency are: []
DBWrapper: report latency for each error is false and specific error codes to track for latency are: []
DBWrapper: report latency for each error is false and specific error codes to track for latency are: []
DBWrapper: report latency for each error is false and specific error codes to track for latency are: []
DBWrapper: report latency for each error is false and specific error codes to track for latency are: []
DBWrapper: report latency for each error is false and specific error codes to track for latency are: []
DBWrapper: report latency for each error is false and specific error codes to track for latency are: []
DBWrapper: report latency for each error is false and specific error codes to track for latency are: []
DBWrapper: report latency for each error is false and specific error codes to track for latency are: []
DBWrapper: report latency for each error is false and specific error codes to track for latency are: []
DBWrapper: report latency for each error is false and specific error codes to track for latency are: []
DBWrapper: report latency for each error is false and specific error codes to track for latency are: []
DBWrapper: report latency for each error is false and specific error codes to track for latency are: []
DBWrapper: report latency for each error is false and specific error codes to track for latency are: []
DBWrapper: report latency for each error is false and specific error codes to track for latency are: []
DBWrapper: report latency for each error is false and specific error codes to track for latency are: []
DBWrapper: report latency for each error is false and specific error codes to track for latency are: []
DBWrapper: report latency for each error is false and specific error codes to track for latency are: []
DBWrapper: report latency for each error is false and specific error codes to track for latency are: []
DBWrapper: report latency for each error is false and specific error codes to track for latency are: []
DBWrapper: report latency for each error is false and specific error codes to track for latency are: []
DBWrapper: report latency for each error is false and specific error codes to track for latency are: []
DBWrapper: report latency for each error is false and specific error codes to track for latency are: []
DBWrapper: report latency for each error is false and specific error codes to track for latency are: []
DBWrapper: report latency for each error is false and specific error codes to track for latency are: []
DBWrapper: report latency for each error is false and specific error codes to track for latency are: []
DBWrapper: report latency for each error is false and specific error codes to track for latency are: []
DBWrapper: report latency for each error is false and specific error codes to track for latency are: []
DBWrapper: report latency for each error is false and specific error codes to track for latency are: []
DBWrapper: report latency for each error is false and specific error codes to track for latency are: []
DBWrapper: report latency for each error is false and specific error codes to track for latency are: []
DBWrapper: report latency for each error is false and specific error codes to track for latency are: []
DBWrapper: report latency for each error is false and specific error codes to track for latency are: []
DBWrapper: report latency for each error is false and specific error codes to track for latency are: []
DBWrapper: report latency for each error is false and specific error codes to track for latency are: []
DBWrapper: report latency for each error is false and specific error codes to track for latency are: []
DBWrapper: report latency for each error is false and specific error codes to track for latency are: []
DBWrapper: report latency for each error is false and specific error codes to track for latency are: []
DBWrapper: report latency for each error is false and specific error codes to track for latency are: []
DBWrapper: report latency for each error is false and specific error codes to track for latency are: []
DBWrapper: report latency for each error is false and specific error codes to track for latency are: []
DBWrapper: report latency for each error is false and specific error codes to track for latency are: []
DBWrapper: report latency for each error is false and specific error codes to track for latency are: []
DBWrapper: report latency for each error is false and specific error codes to track for latency are: []
DBWrapper: report latency for each error is false and specific error codes to track for latency are: []
DBWrapper: report latency for each error is false and specific error codes to track for latency are: []
DBWrapper: report latency for each error is false and specific error codes to track for latency are: []
DBWrapper: report latency for each error is false and specific error codes to track for latency are: []
DBWrapper: report latency for each error is false and specific error codes to track for latency are: []
DBWrapper: report latency for each error is false and specific error codes to track for latency are: []
DBWrapper: report latency for each error is false and specific error codes to track for latency are: []
DBWrapper: report latency for each error is false and specific error codes to track for latency are: []
DBWrapper: report latency for each error is false and specific error codes to track for latency are: []
DBWrapper: report latency for each error is false and specific error codes to track for latency are: []
DBWrapper: report latency for each error is false and specific error codes to track for latency are: []
DBWrapper: report latency for each error is false and specific error codes to track for latency are: []
DBWrapper: report latency for each error is false and specific error codes to track for latency are: []
DBWrapper: report latency for each error is false and specific error codes to track for latency are: []
DBWrapper: report latency for each error is false and specific error codes to track for latency are: []
DBWrapper: report latency for each error is false and specific error codes to track for latency are: []
DBWrapper: report latency for each error is false and specific error codes to track for latency are: []
DBWrapper: report latency for each error is false and specific error codes to track for latency are: []
DBWrapper: report latency for each error is false and specific error codes to track for latency are: []
DBWrapper: report latency for each error is false and specific error codes to track for latency are: []
DBWrapper: report latency for each error is false and specific error codes to track for latency are: []
DBWrapper: report latency for each error is false and specific error codes to track for latency are: []
DBWrapper: report latency for each error is false and specific error codes to track for latency are: []
DBWrapper: report latency for each error is false and specific error codes to track for latency are: []
DBWrapper: report latency for each error is false and specific error codes to track for latency are: []
DBWrapper: report latency for each error is false and specific error codes to track for latency are: []
DBWrapper: report latency for each error is false and specific error codes to track for latency are: []
DBWrapper: report latency for each error is false and specific error codes to track for latency are: []
DBWrapper: report latency for each error is false and specific error codes to track for latency are: []
DBWrapper: report latency for each error is false and specific error codes to track for latency are: []
DBWrapper: report latency for each error is false and specific error codes to track for latency are: []
DBWrapper: report latency for each error is false and specific error codes to track for latency are: []
DBWrapper: report latency for each error is false and specific error codes to track for latency are: []
DBWrapper: report latency for each error is false and specific error codes to track for latency are: []
DBWrapper: report latency for each error is false and specific error codes to track for latency are: []
DBWrapper: report latency for each error is false and specific error codes to track for latency are: []
DBWrapper: report latency for each error is false and specific error codes to track for latency are: []
DBWrapper: report latency for each error is false and specific error codes to track for latency are: []
DBWrapper: report latency for each error is false and specific error codes to track for latency are: []
DBWrapper: report latency for each error is false and specific error codes to track for latency are: []
DBWrapper: report latency for each error is false and specific error codes to track for latency are: []
DBWrapper: report latency for each error is false and specific error codes to track for latency are: []
DBWrapper: report latency for each error is false and specific error codes to track for latency are: []
DBWrapper: report latency for each error is false and specific error codes to track for latency are: []
DBWrapper: report latency for each error is false and specific error codes to track for latency are: []
DBWrapper: report latency for each error is false and specific error codes to track for latency are: []
DBWrapper: report latency for each error is false and specific error codes to track for latency are: []
DBWrapper: report latency for each error is false and specific error codes to track for latency are: []
DBWrapper: report latency for each error is false and specific error codes to track for latency are: []
DBWrapper: report latency for each error is false and specific error codes to track for latency are: []
DBWrapper: report latency for each error is false and specific error codes to track for latency are: []
DBWrapper: report latency for each error is false and specific error codes to track for latency are: []
DBWrapper: report latency for each error is false and specific error codes to track for latency are: []
DBWrapper: report latency for each error is false and specific error codes to track for latency are: []
DBWrapper: report latency for each error is false and specific error codes to track for latency are: []
DBWrapper: report latency for each error is false and specific error codes to track for latency are: []
DBWrapper: report latency for each error is false and specific error codes to track for latency are: []
DBWrapper: report latency for each error is false and specific error codes to track for latency are: []
DBWrapper: report latency for each error is false and specific error codes to track for latency are: []
DBWrapper: report latency for each error is false and specific error codes to track for latency are: []
DBWrapper: report latency for each error is false and specific error codes to track for latency are: []
DBWrapper: report latency for each error is false and specific error codes to track for latency are: []
DBWrapper: report latency for each error is false and specific error codes to track for latency are: []
DBWrapper: report latency for each error is false and specific error codes to track for latency are: []
DBWrapper: report latency for each error is false and specific error codes to track for latency are: []
DBWrapper: report latency for each error is false and specific error codes to track for latency are: []
DBWrapper: report latency for each error is false and specific error codes to track for latency are: []
DBWrapper: report latency for each error is false and specific error codes to track for latency are: []
DBWrapper: report latency for each error is false and specific error codes to track for latency are: []
DBWrapper: report latency for each error is false and specific error codes to track for latency are: []
DBWrapper: report latency for each error is false and specific error codes to track for latency are: []
DBWrapper: report latency for each error is false and specific error codes to track for latency are: []
DBWrapper: report latency for each error is false and specific error codes to track for latency are: []
DBWrapper: report latency for each error is false and specific error codes to track for latency are: []
DBWrapper: report latency for each error is false and specific error codes to track for latency are: []
DBWrapper: report latency for each error is false and specific error codes to track for latency are: []
DBWrapper: report latency for each error is false and specific error codes to track for latency are: []
DBWrapper: report latency for each error is false and specific error codes to track for latency are: []
DBWrapper: report latency for each error is false and specific error codes to track for latency are: []
DBWrapper: report latency for each error is false and specific error codes to track for latency are: []
DBWrapper: report latency for each error is false and specific error codes to track for latency are: []
DBWrapper: report latency for each error is false and specific error codes to track for latency are: []
DBWrapper: report latency for each error is false and specific error codes to track for latency are: []
DBWrapper: report latency for each error is false and specific error codes to track for latency are: []
DBWrapper: report latency for each error is false and specific error codes to track for latency are: []
DBWrapper: report latency for each error is false and specific error codes to track for latency are: []
DBWrapper: report latency for each error is false and specific error codes to track for latency are: []
DBWrapper: report latency for each error is false and specific error codes to track for latency are: []
DBWrapper: report latency for each error is false and specific error codes to track for latency are: []
DBWrapper: report latency for each error is false and specific error codes to track for latency are: []
DBWrapper: report latency for each error is false and specific error codes to track for latency are: []
DBWrapper: report latency for each error is false and specific error codes to track for latency are: []
DBWrapper: report latency for each error is false and specific error codes to track for latency are: []
DBWrapper: report latency for each error is false and specific error codes to track for latency are: []
2020-09-09 10:10:50:532 10 sec: 41112 operations; 4110.79 current ops/sec; est completion in 40 minutes [READ: Count=41129, Max=1395711, Min=4700, Avg=43487.84, 90=62687, 99=151551, 99.9=1054719, 99.99=1263615] 
2020-09-09 10:11:00:531 20 sec: 125184 operations; 8407.2 current ops/sec; est completion in 26 minutes [READ: Count=84061, Max=187775, Min=4760, Avg=30375.84, 90=49055, 99=88767, 99.9=136575, 99.99=168191] 
2020-09-09 10:11:10:531 30 sec: 208339 operations; 8315.5 current ops/sec; est completion in 23 minutes [READ: Count=83159, Max=246399, Min=4912, Avg=30800.29, 90=50271, 99=96703, 99.9=168191, 99.99=221951] 
2020-09-09 10:11:20:531 40 sec: 293900 operations; 8556.1 current ops/sec; est completion in 22 minutes [READ: Count=85555, Max=183679, Min=3798, Avg=29907.34, 90=48511, 99=88639, 99.9=122431, 99.99=163967] 
2020-09-09 10:11:30:531 50 sec: 377139 operations; 8323.9 current ops/sec; est completion in 21 minutes [READ: Count=83240, Max=251391, Min=4944, Avg=30736.6, 90=51295, 99=93951, 99.9=143871, 99.99=203903] 
2020-09-09 10:11:40:532 60 sec: 460539 operations; 8340 current ops/sec; est completion in 20 minutes [READ: Count=83402, Max=200703, Min=4508, Avg=30699.49, 90=51263, 99=92031, 99.9=133375, 99.99=184447] 
2020-09-09 10:11:50:531 70 sec: 545724 operations; 8518.5 current ops/sec; est completion in 20 minutes [READ: Count=85179, Max=239871, Min=3810, Avg=30044.55, 90=48671, 99=86975, 99.9=125183, 99.99=187391] 
2020-09-09 10:12:00:531 80 sec: 631077 operations; 8536.15 current ops/sec; est completion in 19 minutes [READ: Count=85362, Max=234623, Min=4616, Avg=29993.25, 90=48735, 99=90111, 99.9=142079, 99.99=213119] 
2020-09-09 10:12:10:531 90 sec: 713175 operations; 8208.98 current ops/sec; est completion in 19 minutes [READ: Count=82096, Max=610815, Min=4432, Avg=31148.81, 90=51231, 99=98175, 99.9=389887, 99.99=556031] 
2020-09-09 10:12:20:532 100 sec: 798310 operations; 8513.5 current ops/sec; est completion in 19 minutes [READ: Count=85135, Max=178047, Min=4180, Avg=30059.51, 90=49407, 99=89279, 99.9=137343, 99.99=165887] 
2020-09-09 10:12:30:531 110 sec: 879637 operations; 8132.7 current ops/sec; est completion in 19 minutes [READ: Count=81327, Max=555007, Min=3862, Avg=31514.81, 90=51807, 99=99775, 99.9=473599, 99.99=538111] 
2020-09-09 10:12:40:532 120 sec: 964450 operations; 8481.3 current ops/sec; est completion in 18 minutes [READ: Count=84810, Max=213759, Min=4704, Avg=30155.8, 90=48543, 99=93375, 99.9=152319, 99.99=194687] 
2020-09-09 10:12:50:531 130 sec: 1049099 operations; 8465.75 current ops/sec; est completion in 18 minutes [READ: Count=84648, Max=208639, Min=4512, Avg=30248.45, 90=49087, 99=89471, 99.9=137215, 99.99=181759] 
2020-09-09 10:13:00:531 140 sec: 1132274 operations; 8316.67 current ops/sec; est completion in 18 minutes [READ: Count=83178, Max=323583, Min=5112, Avg=30754.89, 90=51615, 99=93631, 99.9=160383, 99.99=292607] 
2020-09-09 10:13:10:531 150 sec: 1218622 operations; 8634.8 current ops/sec; est completion in 18 minutes [READ: Count=86341, Max=178175, Min=5172, Avg=29653.7, 90=47199, 99=86463, 99.9=126335, 99.99=154495] 
2020-09-09 10:13:20:531 160 sec: 1303317 operations; 8470.35 current ops/sec; est completion in 17 minutes [READ: Count=84697, Max=244607, Min=4672, Avg=30190.77, 90=49663, 99=93311, 99.9=146559, 99.99=195711] 
2020-09-09 10:13:30:531 170 sec: 1388161 operations; 8483.55 current ops/sec; est completion in 17 minutes [READ: Count=84844, Max=181503, Min=5312, Avg=30188.3, 90=49887, 99=88191, 99.9=135039, 99.99=172159] 
2020-09-09 10:13:40:531 180 sec: 1472892 operations; 8473.1 current ops/sec; est completion in 17 minutes [READ: Count=84730, Max=178175, Min=5132, Avg=30212.44, 90=49791, 99=90559, 99.9=132479, 99.99=155007] 
2020-09-09 10:13:50:531 190 sec: 1558570 operations; 8567.8 current ops/sec; est completion in 17 minutes [READ: Count=85677, Max=268543, Min=4752, Avg=29860.6, 90=48287, 99=86975, 99.9=141055, 99.99=209663] 
2020-09-09 10:14:00:531 200 sec: 1641287 operations; 8271.7 current ops/sec; est completion in 16 minutes [READ: Count=82720, Max=263935, Min=4788, Avg=30955.02, 90=52607, 99=96127, 99.9=166783, 99.99=238975] 
2020-09-09 10:14:10:532 210 sec: 1719335 operations; 7804.8 current ops/sec; est completion in 16 minutes [READ: Count=78048, Max=574975, Min=3382, Avg=32785.11, 90=51103, 99=112447, 99.9=519935, 99.99=546815] 
2020-09-09 10:14:20:532 220 sec: 1804380 operations; 8503.65 current ops/sec; est completion in 16 minutes [READ: Count=85050, Max=171903, Min=4062, Avg=30095.67, 90=49535, 99=88767, 99.9=121791, 99.99=149119] 
2020-09-09 10:14:30:531 230 sec: 1890544 operations; 8617.26 current ops/sec; est completion in 16 minutes [READ: Count=86167, Max=191871, Min=4872, Avg=29704.25, 90=47327, 99=89471, 99.9=132991, 99.99=175487] 
2020-09-09 10:14:40:531 240 sec: 1974063 operations; 8351.9 current ops/sec; est completion in 16 minutes [READ: Count=83516, Max=261887, Min=4416, Avg=30641.73, 90=51071, 99=95551, 99.9=150271, 99.99=212991] 
2020-09-09 10:14:50:531 250 sec: 2060391 operations; 8632.8 current ops/sec; est completion in 16 minutes [READ: Count=86322, Max=221823, Min=4780, Avg=29659.44, 90=46527, 99=87039, 99.9=141567, 99.99=192383] 
2020-09-09 10:15:00:532 260 sec: 2145525 operations; 8512.55 current ops/sec; est completion in 15 minutes [READ: Count=85136, Max=182143, Min=5384, Avg=30048.01, 90=49279, 99=90239, 99.9=125439, 99.99=155519] 
2020-09-09 10:15:10:531 270 sec: 2225254 operations; 7973.7 current ops/sec; est completion in 15 minutes [READ: Count=79730, Max=594431, Min=3388, Avg=32118.62, 90=50399, 99=103743, 99.9=496127, 99.99=555007] 
2020-09-09 10:15:20:531 280 sec: 2308256 operations; 8300.2 current ops/sec; est completion in 15 minutes [READ: Count=83004, Max=189951, Min=4744, Avg=30832.64, 90=52351, 99=95807, 99.9=145663, 99.99=171007] 
2020-09-09 10:15:30:531 290 sec: 2391811 operations; 8355.5 current ops/sec; est completion in 15 minutes [READ: Count=83548, Max=573439, Min=4060, Avg=30574.16, 90=50335, 99=95039, 99.9=163327, 99.99=343551] 
2020-09-09 10:15:40:532 300 sec: 2477062 operations; 8525.1 current ops/sec; est completion in 15 minutes [READ: Count=85255, Max=180991, Min=4932, Avg=30065.62, 90=48479, 99=88063, 99.9=136447, 99.99=163327] 
Maximum time elapsed. Requesting stop for the workload.
Stop requested for workload. Now Joining!
Still waiting for thread Thread-233 to complete. Workload status: true
2020-09-09 10:15:43:177 302 sec: 2479447 operations; 901.36 current ops/sec; est completion in 15 minutes [READ: Count=2381, Max=91839, Min=6680, Avg=29795.7, 90=46271, 99=66431, 99.9=84799, 99.99=91839] [CLEANUP: Count=256, Max=2369535, Min=1, Avg=9253.86, 90=2, 99=13, 99.9=2369535, 99.99=2369535] 
[OVERALL], RunTime(ms), 302639
[OVERALL], Throughput(ops/sec), 8192.754403761577
[TOTAL_GCS_G1_Young_Generation], Count, 42
[TOTAL_GC_TIME_G1_Young_Generation], Time(ms), 463
[TOTAL_GC_TIME_%_G1_Young_Generation], Time(%), 0.15298755282696547
[TOTAL_GCS_G1_Old_Generation], Count, 0
[TOTAL_GC_TIME_G1_Old_Generation], Time(ms), 0
[TOTAL_GC_TIME_%_G1_Old_Generation], Time(%), 0.0
[TOTAL_GCs], Count, 42
[TOTAL_GC_TIME], Time(ms), 463
[TOTAL_GC_TIME_%], Time(%), 0.15298755282696547
[READ], Operations, 2479447
[READ], AverageLatency(us), 30683.276113988322
[READ], MinLatency(us), 3382
[READ], MaxLatency(us), 1395711
[READ], 95thPercentileLatency(us), 63007
[READ], 99thPercentileLatency(us), 92927
[READ], Return=OK, 2479447
[CLEANUP], Operations, 256
[CLEANUP], AverageLatency(us), 9253.859375
[CLEANUP], MinLatency(us), 1
[CLEANUP], MaxLatency(us), 2369535
[CLEANUP], 95thPercentileLatency(us), 3
[CLEANUP], 99thPercentileLatency(us), 13
