/opt/java/openjdk/bin/java  -classpath /usr/src/ycsb/conf:/usr/src/ycsb/lib/HdrHistogram-2.1.4.jar:/usr/src/ycsb/lib/core-0.18.0-SNAPSHOT.jar:/usr/src/ycsb/lib/htrace-core4-4.1.0-incubating.jar:/usr/src/ycsb/lib/jackson-core-asl-1.9.4.jar:/usr/src/ycsb/lib/jackson-mapper-asl-1.9.4.jar:/usr/src/ycsb/lib/postgresql-42.2.16.jar:/usr/src/ycsb/cassandra-binding/lib/cassandra-binding-0.18.0-SNAPSHOT.jar:/usr/src/ycsb/cassandra-binding/lib/cassandra-driver-core-3.0.0.jar:/usr/src/ycsb/cassandra-binding/lib/guava-16.0.1.jar:/usr/src/ycsb/cassandra-binding/lib/metrics-core-3.1.2.jar:/usr/src/ycsb/cassandra-binding/lib/netty-buffer-4.0.33.Final.jar:/usr/src/ycsb/cassandra-binding/lib/netty-codec-4.0.33.Final.jar:/usr/src/ycsb/cassandra-binding/lib/netty-common-4.0.33.Final.jar:/usr/src/ycsb/cassandra-binding/lib/netty-handler-4.0.33.Final.jar:/usr/src/ycsb/cassandra-binding/lib/netty-transport-4.0.33.Final.jar:/usr/src/ycsb/cassandra-binding/lib/slf4j-api-1.7.25.jar site.ycsb.Client -t -db site.ycsb.db.CassandraCQLClient -P workloads/workloadf -p operationcount=10000000 -p hosts=10.0.1.57,10.0.1.54,10.0.1.59,10.0.1.42,10.0.1.39,10.0.1.36,10.0.1.34,10.0.1.50,10.0.1.46,10.0.1.27,10.0.1.25,10.0.1.23,10.0.1.21,10.0.1.18,10.0.1.15,10.0.1.11,10.0.1.30,10.0.1.7,10.0.1.5,10.0.1.3 -p maxexecutiontime=300 -threads 256 -p cassandra.readconsistencylevel=QUORUM -p cassandra.writeconsistencylevel=QUORUM -s
Command line: -t -db site.ycsb.db.CassandraCQLClient -P workloads/workloadf -p operationcount=10000000 -p hosts=10.0.1.57,10.0.1.54,10.0.1.59,10.0.1.42,10.0.1.39,10.0.1.36,10.0.1.34,10.0.1.50,10.0.1.46,10.0.1.27,10.0.1.25,10.0.1.23,10.0.1.21,10.0.1.18,10.0.1.15,10.0.1.11,10.0.1.30,10.0.1.7,10.0.1.5,10.0.1.3 -p maxexecutiontime=300 -threads 256 -p cassandra.readconsistencylevel=QUORUM -p cassandra.writeconsistencylevel=QUORUM -s
YCSB Client 0.18.0-SNAPSHOT

Loading workload...
Starting test.
SLF4J: Failed to load class "org.slf4j.impl.StaticLoggerBinder".
SLF4J: Defaulting to no-operation (NOP) logger implementation
SLF4J: See http://www.slf4j.org/codes.html#StaticLoggerBinder for further details.
Maximum execution time specified as: 300 secs
2020-09-09 11:29:29:787 0 sec: 0 operations; est completion in 0 second 
WARNING: An illegal reflective access operation has occurred
WARNING: Illegal reflective access by io.netty.util.internal.PlatformDependent0 (file:/usr/src/ycsb/cassandra-binding/lib/netty-common-4.0.33.Final.jar) to field java.nio.Buffer.address
WARNING: Please consider reporting this to the maintainers of io.netty.util.internal.PlatformDependent0
WARNING: Use --illegal-access=warn to enable warnings of further illegal reflective access operations
WARNING: All illegal access operations will be denied in a future release
Sep 09, 2020 11:29:30 AM io.netty.util.internal.PlatformDependent <clinit>
INFO: Your platform does not provide complete low-level API for accessing direct buffers reliably. Unless explicitly requested, heap buffer will always be preferred to avoid potential system unstability.
DBWrapper: report latency for each error is false and specific error codes to track for latency are: []
DBWrapper: report latency for each error is false and specific error codes to track for latency are: []
DBWrapper: report latency for each error is false and specific error codes to track for latency are: []
DBWrapper: report latency for each error is false and specific error codes to track for latency are: []
DBWrapper: report latency for each error is false and specific error codes to track for latency are: []
DBWrapper: report latency for each error is false and specific error codes to track for latency are: []
DBWrapper: report latency for each error is false and specific error codes to track for latency are: []
DBWrapper: report latency for each error is false and specific error codes to track for latency are: []
DBWrapper: report latency for each error is false and specific error codes to track for latency are: []
DBWrapper: report latency for each error is false and specific error codes to track for latency are: []
DBWrapper: report latency for each error is false and specific error codes to track for latency are: []
DBWrapper: report latency for each error is false and specific error codes to track for latency are: []
DBWrapper: report latency for each error is false and specific error codes to track for latency are: []
DBWrapper: report latency for each error is false and specific error codes to track for latency are: []
DBWrapper: report latency for each error is false and specific error codes to track for latency are: []
DBWrapper: report latency for each error is false and specific error codes to track for latency are: []
DBWrapper: report latency for each error is false and specific error codes to track for latency are: []
DBWrapper: report latency for each error is false and specific error codes to track for latency are: []
DBWrapper: report latency for each error is false and specific error codes to track for latency are: []
DBWrapper: report latency for each error is false and specific error codes to track for latency are: []
DBWrapper: report latency for each error is false and specific error codes to track for latency are: []
DBWrapper: report latency for each error is false and specific error codes to track for latency are: []
DBWrapper: report latency for each error is false and specific error codes to track for latency are: []
DBWrapper: report latency for each error is false and specific error codes to track for latency are: []
DBWrapper: report latency for each error is false and specific error codes to track for latency are: []
DBWrapper: report latency for each error is false and specific error codes to track for latency are: []
DBWrapper: report latency for each error is false and specific error codes to track for latency are: []
DBWrapper: report latency for each error is false and specific error codes to track for latency are: []
DBWrapper: report latency for each error is false and specific error codes to track for latency are: []
DBWrapper: report latency for each error is false and specific error codes to track for latency are: []
DBWrapper: report latency for each error is false and specific error codes to track for latency are: []
DBWrapper: report latency for each error is false and specific error codes to track for latency are: []
DBWrapper: report latency for each error is false and specific error codes to track for latency are: []
DBWrapper: report latency for each error is false and specific error codes to track for latency are: []
DBWrapper: report latency for each error is false and specific error codes to track for latency are: []
DBWrapper: report latency for each error is false and specific error codes to track for latency are: []
DBWrapper: report latency for each error is false and specific error codes to track for latency are: []
DBWrapper: report latency for each error is false and specific error codes to track for latency are: []
DBWrapper: report latency for each error is false and specific error codes to track for latency are: []
DBWrapper: report latency for each error is false and specific error codes to track for latency are: []
DBWrapper: report latency for each error is false and specific error codes to track for latency are: []
DBWrapper: report latency for each error is false and specific error codes to track for latency are: []
DBWrapper: report latency for each error is false and specific error codes to track for latency are: []
DBWrapper: report latency for each error is false and specific error codes to track for latency are: []
DBWrapper: report latency for each error is false and specific error codes to track for latency are: []
DBWrapper: report latency for each error is false and specific error codes to track for latency are: []
DBWrapper: report latency for each error is false and specific error codes to track for latency are: []
DBWrapper: report latency for each error is false and specific error codes to track for latency are: []
DBWrapper: report latency for each error is false and specific error codes to track for latency are: []
DBWrapper: report latency for each error is false and specific error codes to track for latency are: []
DBWrapper: report latency for each error is false and specific error codes to track for latency are: []
DBWrapper: report latency for each error is false and specific error codes to track for latency are: []
DBWrapper: report latency for each error is false and specific error codes to track for latency are: []
DBWrapper: report latency for each error is false and specific error codes to track for latency are: []
DBWrapper: report latency for each error is false and specific error codes to track for latency are: []
DBWrapper: report latency for each error is false and specific error codes to track for latency are: []
DBWrapper: report latency for each error is false and specific error codes to track for latency are: []
DBWrapper: report latency for each error is false and specific error codes to track for latency are: []
DBWrapper: report latency for each error is false and specific error codes to track for latency are: []
DBWrapper: report latency for each error is false and specific error codes to track for latency are: []
DBWrapper: report latency for each error is false and specific error codes to track for latency are: []
DBWrapper: report latency for each error is false and specific error codes to track for latency are: []
DBWrapper: report latency for each error is false and specific error codes to track for latency are: []
DBWrapper: report latency for each error is false and specific error codes to track for latency are: []
DBWrapper: report latency for each error is false and specific error codes to track for latency are: []
DBWrapper: report latency for each error is false and specific error codes to track for latency are: []
DBWrapper: report latency for each error is false and specific error codes to track for latency are: []
DBWrapper: report latency for each error is false and specific error codes to track for latency are: []
DBWrapper: report latency for each error is false and specific error codes to track for latency are: []
DBWrapper: report latency for each error is false and specific error codes to track for latency are: []
DBWrapper: report latency for each error is false and specific error codes to track for latency are: []
DBWrapper: report latency for each error is false and specific error codes to track for latency are: []
DBWrapper: report latency for each error is false and specific error codes to track for latency are: []
DBWrapper: report latency for each error is false and specific error codes to track for latency are: []
DBWrapper: report latency for each error is false and specific error codes to track for latency are: []
DBWrapper: report latency for each error is false and specific error codes to track for latency are: []
DBWrapper: report latency for each error is false and specific error codes to track for latency are: []
DBWrapper: report latency for each error is false and specific error codes to track for latency are: []
DBWrapper: report latency for each error is false and specific error codes to track for latency are: []
DBWrapper: report latency for each error is false and specific error codes to track for latency are: []
DBWrapper: report latency for each error is false and specific error codes to track for latency are: []
DBWrapper: report latency for each error is false and specific error codes to track for latency are: []
DBWrapper: report latency for each error is false and specific error codes to track for latency are: []
DBWrapper: report latency for each error is false and specific error codes to track for latency are: []
DBWrapper: report latency for each error is false and specific error codes to track for latency are: []
DBWrapper: report latency for each error is false and specific error codes to track for latency are: []
DBWrapper: report latency for each error is false and specific error codes to track for latency are: []
DBWrapper: report latency for each error is false and specific error codes to track for latency are: []
DBWrapper: report latency for each error is false and specific error codes to track for latency are: []
DBWrapper: report latency for each error is false and specific error codes to track for latency are: []
DBWrapper: report latency for each error is false and specific error codes to track for latency are: []
DBWrapper: report latency for each error is false and specific error codes to track for latency are: []
DBWrapper: report latency for each error is false and specific error codes to track for latency are: []
DBWrapper: report latency for each error is false and specific error codes to track for latency are: []
DBWrapper: report latency for each error is false and specific error codes to track for latency are: []
DBWrapper: report latency for each error is false and specific error codes to track for latency are: []
DBWrapper: report latency for each error is false and specific error codes to track for latency are: []
DBWrapper: report latency for each error is false and specific error codes to track for latency are: []
DBWrapper: report latency for each error is false and specific error codes to track for latency are: []
DBWrapper: report latency for each error is false and specific error codes to track for latency are: []
DBWrapper: report latency for each error is false and specific error codes to track for latency are: []
DBWrapper: report latency for each error is false and specific error codes to track for latency are: []
DBWrapper: report latency for each error is false and specific error codes to track for latency are: []
DBWrapper: report latency for each error is false and specific error codes to track for latency are: []
DBWrapper: report latency for each error is false and specific error codes to track for latency are: []
DBWrapper: report latency for each error is false and specific error codes to track for latency are: []
DBWrapper: report latency for each error is false and specific error codes to track for latency are: []
DBWrapper: report latency for each error is false and specific error codes to track for latency are: []
DBWrapper: report latency for each error is false and specific error codes to track for latency are: []
DBWrapper: report latency for each error is false and specific error codes to track for latency are: []
DBWrapper: report latency for each error is false and specific error codes to track for latency are: []
DBWrapper: report latency for each error is false and specific error codes to track for latency are: []
DBWrapper: report latency for each error is false and specific error codes to track for latency are: []
DBWrapper: report latency for each error is false and specific error codes to track for latency are: []
DBWrapper: report latency for each error is false and specific error codes to track for latency are: []
DBWrapper: report latency for each error is false and specific error codes to track for latency are: []
DBWrapper: report latency for each error is false and specific error codes to track for latency are: []
DBWrapper: report latency for each error is false and specific error codes to track for latency are: []
DBWrapper: report latency for each error is false and specific error codes to track for latency are: []
DBWrapper: report latency for each error is false and specific error codes to track for latency are: []
DBWrapper: report latency for each error is false and specific error codes to track for latency are: []
DBWrapper: report latency for each error is false and specific error codes to track for latency are: []
DBWrapper: report latency for each error is false and specific error codes to track for latency are: []
DBWrapper: report latency for each error is false and specific error codes to track for latency are: []
DBWrapper: report latency for each error is false and specific error codes to track for latency are: []
DBWrapper: report latency for each error is false and specific error codes to track for latency are: []
DBWrapper: report latency for each error is false and specific error codes to track for latency are: []
DBWrapper: report latency for each error is false and specific error codes to track for latency are: []
DBWrapper: report latency for each error is false and specific error codes to track for latency are: []
DBWrapper: report latency for each error is false and specific error codes to track for latency are: []
DBWrapper: report latency for each error is false and specific error codes to track for latency are: []
DBWrapper: report latency for each error is false and specific error codes to track for latency are: []
DBWrapper: report latency for each error is false and specific error codes to track for latency are: []
DBWrapper: report latency for each error is false and specific error codes to track for latency are: []
DBWrapper: report latency for each error is false and specific error codes to track for latency are: []
DBWrapper: report latency for each error is false and specific error codes to track for latency are: []
DBWrapper: report latency for each error is false and specific error codes to track for latency are: []
DBWrapper: report latency for each error is false and specific error codes to track for latency are: []
DBWrapper: report latency for each error is false and specific error codes to track for latency are: []
DBWrapper: report latency for each error is false and specific error codes to track for latency are: []
DBWrapper: report latency for each error is false and specific error codes to track for latency are: []
DBWrapper: report latency for each error is false and specific error codes to track for latency are: []
DBWrapper: report latency for each error is false and specific error codes to track for latency are: []
DBWrapper: report latency for each error is false and specific error codes to track for latency are: []
DBWrapper: report latency for each error is false and specific error codes to track for latency are: []
DBWrapper: report latency for each error is false and specific error codes to track for latency are: []
DBWrapper: report latency for each error is false and specific error codes to track for latency are: []
DBWrapper: report latency for each error is false and specific error codes to track for latency are: []
DBWrapper: report latency for each error is false and specific error codes to track for latency are: []
DBWrapper: report latency for each error is false and specific error codes to track for latency are: []
DBWrapper: report latency for each error is false and specific error codes to track for latency are: []
DBWrapper: report latency for each error is false and specific error codes to track for latency are: []
DBWrapper: report latency for each error is false and specific error codes to track for latency are: []
DBWrapper: report latency for each error is false and specific error codes to track for latency are: []
DBWrapper: report latency for each error is false and specific error codes to track for latency are: []
DBWrapper: report latency for each error is false and specific error codes to track for latency are: []
DBWrapper: report latency for each error is false and specific error codes to track for latency are: []
DBWrapper: report latency for each error is false and specific error codes to track for latency are: []
DBWrapper: report latency for each error is false and specific error codes to track for latency are: []
DBWrapper: report latency for each error is false and specific error codes to track for latency are: []
DBWrapper: report latency for each error is false and specific error codes to track for latency are: []
DBWrapper: report latency for each error is false and specific error codes to track for latency are: []
DBWrapper: report latency for each error is false and specific error codes to track for latency are: []
DBWrapper: report latency for each error is false and specific error codes to track for latency are: []
DBWrapper: report latency for each error is false and specific error codes to track for latency are: []
DBWrapper: report latency for each error is false and specific error codes to track for latency are: []
DBWrapper: report latency for each error is false and specific error codes to track for latency are: []
DBWrapper: report latency for each error is false and specific error codes to track for latency are: []
DBWrapper: report latency for each error is false and specific error codes to track for latency are: []
DBWrapper: report latency for each error is false and specific error codes to track for latency are: []
DBWrapper: report latency for each error is false and specific error codes to track for latency are: []
DBWrapper: report latency for each error is false and specific error codes to track for latency are: []
DBWrapper: report latency for each error is false and specific error codes to track for latency are: []
DBWrapper: report latency for each error is false and specific error codes to track for latency are: []
DBWrapper: report latency for each error is false and specific error codes to track for latency are: []
DBWrapper: report latency for each error is false and specific error codes to track for latency are: []
DBWrapper: report latency for each error is false and specific error codes to track for latency are: []
DBWrapper: report latency for each error is false and specific error codes to track for latency are: []
DBWrapper: report latency for each error is false and specific error codes to track for latency are: []
DBWrapper: report latency for each error is false and specific error codes to track for latency are: []
DBWrapper: report latency for each error is false and specific error codes to track for latency are: []
DBWrapper: report latency for each error is false and specific error codes to track for latency are: []
DBWrapper: report latency for each error is false and specific error codes to track for latency are: []
DBWrapper: report latency for each error is false and specific error codes to track for latency are: []
DBWrapper: report latency for each error is false and specific error codes to track for latency are: []
DBWrapper: report latency for each error is false and specific error codes to track for latency are: []
DBWrapper: report latency for each error is false and specific error codes to track for latency are: []
DBWrapper: report latency for each error is false and specific error codes to track for latency are: []
DBWrapper: report latency for each error is false and specific error codes to track for latency are: []
DBWrapper: report latency for each error is false and specific error codes to track for latency are: []
DBWrapper: report latency for each error is false and specific error codes to track for latency are: []
DBWrapper: report latency for each error is false and specific error codes to track for latency are: []
DBWrapper: report latency for each error is false and specific error codes to track for latency are: []
DBWrapper: report latency for each error is false and specific error codes to track for latency are: []
DBWrapper: report latency for each error is false and specific error codes to track for latency are: []
DBWrapper: report latency for each error is false and specific error codes to track for latency are: []
DBWrapper: report latency for each error is false and specific error codes to track for latency are: []
DBWrapper: report latency for each error is false and specific error codes to track for latency are: []
DBWrapper: report latency for each error is false and specific error codes to track for latency are: []
DBWrapper: report latency for each error is false and specific error codes to track for latency are: []
DBWrapper: report latency for each error is false and specific error codes to track for latency are: []
DBWrapper: report latency for each error is false and specific error codes to track for latency are: []
DBWrapper: report latency for each error is false and specific error codes to track for latency are: []
DBWrapper: report latency for each error is false and specific error codes to track for latency are: []
DBWrapper: report latency for each error is false and specific error codes to track for latency are: []
DBWrapper: report latency for each error is false and specific error codes to track for latency are: []
DBWrapper: report latency for each error is false and specific error codes to track for latency are: []
DBWrapper: report latency for each error is false and specific error codes to track for latency are: []
DBWrapper: report latency for each error is false and specific error codes to track for latency are: []
DBWrapper: report latency for each error is false and specific error codes to track for latency are: []
DBWrapper: report latency for each error is false and specific error codes to track for latency are: []
DBWrapper: report latency for each error is false and specific error codes to track for latency are: []
DBWrapper: report latency for each error is false and specific error codes to track for latency are: []
DBWrapper: report latency for each error is false and specific error codes to track for latency are: []
DBWrapper: report latency for each error is false and specific error codes to track for latency are: []
DBWrapper: report latency for each error is false and specific error codes to track for latency are: []
DBWrapper: report latency for each error is false and specific error codes to track for latency are: []
DBWrapper: report latency for each error is false and specific error codes to track for latency are: []
DBWrapper: report latency for each error is false and specific error codes to track for latency are: []
DBWrapper: report latency for each error is false and specific error codes to track for latency are: []
DBWrapper: report latency for each error is false and specific error codes to track for latency are: []
DBWrapper: report latency for each error is false and specific error codes to track for latency are: []
DBWrapper: report latency for each error is false and specific error codes to track for latency are: []
DBWrapper: report latency for each error is false and specific error codes to track for latency are: []
DBWrapper: report latency for each error is false and specific error codes to track for latency are: []
DBWrapper: report latency for each error is false and specific error codes to track for latency are: []
DBWrapper: report latency for each error is false and specific error codes to track for latency are: []
DBWrapper: report latency for each error is false and specific error codes to track for latency are: []
DBWrapper: report latency for each error is false and specific error codes to track for latency are: []
DBWrapper: report latency for each error is false and specific error codes to track for latency are: []
DBWrapper: report latency for each error is false and specific error codes to track for latency are: []
DBWrapper: report latency for each error is false and specific error codes to track for latency are: []
DBWrapper: report latency for each error is false and specific error codes to track for latency are: []
DBWrapper: report latency for each error is false and specific error codes to track for latency are: []
DBWrapper: report latency for each error is false and specific error codes to track for latency are: []
DBWrapper: report latency for each error is false and specific error codes to track for latency are: []
DBWrapper: report latency for each error is false and specific error codes to track for latency are: []
DBWrapper: report latency for each error is false and specific error codes to track for latency are: []
DBWrapper: report latency for each error is false and specific error codes to track for latency are: []
DBWrapper: report latency for each error is false and specific error codes to track for latency are: []
DBWrapper: report latency for each error is false and specific error codes to track for latency are: []
DBWrapper: report latency for each error is false and specific error codes to track for latency are: []
DBWrapper: report latency for each error is false and specific error codes to track for latency are: []
DBWrapper: report latency for each error is false and specific error codes to track for latency are: []
DBWrapper: report latency for each error is false and specific error codes to track for latency are: []
DBWrapper: report latency for each error is false and specific error codes to track for latency are: []
DBWrapper: report latency for each error is false and specific error codes to track for latency are: []
DBWrapper: report latency for each error is false and specific error codes to track for latency are: []
DBWrapper: report latency for each error is false and specific error codes to track for latency are: []
DBWrapper: report latency for each error is false and specific error codes to track for latency are: []
DBWrapper: report latency for each error is false and specific error codes to track for latency are: []
DBWrapper: report latency for each error is false and specific error codes to track for latency are: []
DBWrapper: report latency for each error is false and specific error codes to track for latency are: []
DBWrapper: report latency for each error is false and specific error codes to track for latency are: []
DBWrapper: report latency for each error is false and specific error codes to track for latency are: []
DBWrapper: report latency for each error is false and specific error codes to track for latency are: []
2020-09-09 11:29:39:440 10 sec: 27383 operations; 2738.03 current ops/sec; est completion in 1 hour [READ: Count=27488, Max=1473535, Min=6884, Avg=51545.27, 90=72319, 99=279295, 99.9=1250303, 99.99=1403903] [READ-MODIFY-WRITE: Count=13553, Max=1665023, Min=16864, Avg=88724.38, 90=121535, 99=425215, 99.9=1519615, 99.99=1606655] [UPDATE: Count=13575, Max=648703, Min=5844, Avg=37350.07, 90=57823, 99=172671, 99.9=461567, 99.99=543743] 
2020-09-09 11:29:49:440 20 sec: 74298 operations; 4691.97 current ops/sec; est completion in 44 minutes [READ: Count=46873, Max=363519, Min=6076, Avg=39031.65, 90=71871, 99=144255, 99.9=236287, 99.99=302335] [READ-MODIFY-WRITE: Count=23503, Max=360703, Min=14488, Avg=70227.23, 90=117247, 99=204287, 99.9=311039, 99.99=354303] [UPDATE: Count=23508, Max=294655, Min=5468, Avg=30990.58, 90=53055, 99=107967, 99.9=205951, 99.99=274431] 
2020-09-09 11:29:59:440 30 sec: 119864 operations; 4556.6 current ops/sec; est completion in 41 minutes [READ: Count=45573, Max=648191, Min=5268, Avg=40454.53, 90=72767, 99=193535, 99.9=521215, 99.99=603135] [READ-MODIFY-WRITE: Count=22822, Max=673279, Min=12528, Avg=71398.83, 90=119679, 99=282879, 99.9=579071, 99.99=653823] [UPDATE: Count=22797, Max=608255, Min=4836, Avg=31237.35, 90=52799, 99=120639, 99.9=462335, 99.99=577535] 
2020-09-09 11:30:09:440 40 sec: 167094 operations; 4723 current ops/sec; est completion in 39 minutes [READ: Count=47238, Max=657407, Min=5184, Avg=39033.85, 90=69247, 99=157695, 99.9=461311, 99.99=640511] [READ-MODIFY-WRITE: Count=23620, Max=698879, Min=15248, Avg=69192.36, 90=111487, 99=212991, 99.9=557567, 99.99=689663] [UPDATE: Count=23624, Max=641023, Min=5236, Avg=30456.86, 90=50175, 99=104255, 99.9=319743, 99.99=624127] 
2020-09-09 11:30:19:440 50 sec: 214093 operations; 4699.43 current ops/sec; est completion in 38 minutes [READ: Count=47009, Max=680959, Min=5792, Avg=39030.28, 90=69247, 99=150271, 99.9=468991, 99.99=662015] [READ-MODIFY-WRITE: Count=23628, Max=736255, Min=14312, Avg=69678.18, 90=113023, 99=212095, 99.9=582143, 99.99=692223] [UPDATE: Count=23640, Max=674815, Min=5576, Avg=30692.59, 90=51743, 99=104831, 99.9=296447, 99.99=604671] 
2020-09-09 11:30:29:440 60 sec: 256365 operations; 4227.62 current ops/sec; est completion in 38 minutes [READ: Count=42264, Max=2003967, Min=3812, Avg=43077.01, 90=67391, 99=162943, 99.9=1798143, 99.99=1989631] [READ-MODIFY-WRITE: Count=21062, Max=2061311, Min=7892, Avg=76886.12, 90=110719, 99=253695, 99.9=1926143, 99.99=2030591] [UPDATE: Count=21056, Max=2003967, Min=3518, Avg=34860.45, 90=50431, 99=102847, 99.9=1774591, 99.99=1975295] 
2020-09-09 11:30:39:440 70 sec: 303347 operations; 4698.2 current ops/sec; est completion in 37 minutes [READ: Count=46979, Max=345855, Min=4018, Avg=39053.74, 90=71551, 99=136831, 99.9=220799, 99.99=303359] [READ-MODIFY-WRITE: Count=23535, Max=355583, Min=14320, Avg=69645.69, 90=116223, 99=186879, 99.9=272639, 99.99=343551] [UPDATE: Count=23533, Max=236799, Min=5432, Avg=30786.47, 90=54399, 99=100991, 99.9=139775, 99.99=220671] 
2020-09-09 11:30:49:440 80 sec: 349504 operations; 4615.7 current ops/sec; est completion in 36 minutes [READ: Count=46160, Max=351999, Min=5020, Avg=39891.25, 90=73535, 99=148863, 99.9=242815, 99.99=323839] [READ-MODIFY-WRITE: Count=23097, Max=403967, Min=11760, Avg=71199.25, 90=118847, 99=200447, 99.9=280063, 99.99=359167] [UPDATE: Count=23094, Max=233727, Min=4516, Avg=31257.1, 90=54431, 99=104575, 99.9=150271, 99.99=187007] 
2020-09-09 11:30:59:440 90 sec: 395708 operations; 4620.4 current ops/sec; est completion in 36 minutes [READ: Count=46201, Max=695807, Min=5600, Avg=39918.47, 90=70399, 99=162047, 99.9=341247, 99.99=478463] [READ-MODIFY-WRITE: Count=23068, Max=716799, Min=12144, Avg=70941.7, 90=115071, 99=228223, 99.9=395263, 99.99=603647] [UPDATE: Count=23068, Max=375807, Min=4100, Avg=30992.36, 90=51711, 99=104639, 99.9=251007, 99.99=355583] 
2020-09-09 11:31:09:440 100 sec: 442238 operations; 4653 current ops/sec; est completion in 36 minutes [READ: Count=46529, Max=582655, Min=4644, Avg=39599.01, 90=70655, 99=154367, 99.9=424191, 99.99=540671] [READ-MODIFY-WRITE: Count=23213, Max=641535, Min=12456, Avg=70300.83, 90=114175, 99=212223, 99.9=510975, 99.99=603135] [UPDATE: Count=23213, Max=554495, Min=4268, Avg=30653.59, 90=51743, 99=101311, 99.9=271359, 99.99=520191] 
2020-09-09 11:31:19:440 110 sec: 489784 operations; 4754.6 current ops/sec; est completion in 35 minutes [READ: Count=47554, Max=613375, Min=4404, Avg=38802.23, 90=66175, 99=165631, 99.9=438527, 99.99=538623] [READ-MODIFY-WRITE: Count=23741, Max=613887, Min=13880, Avg=69476.24, 90=108863, 99=280319, 99.9=531455, 99.99=599039] [UPDATE: Count=23735, Max=529919, Min=4392, Avg=30398.07, 90=48703, 99=105343, 99.9=374783, 99.99=526847] 
2020-09-09 11:31:29:440 120 sec: 538012 operations; 4822.8 current ops/sec; est completion in 35 minutes [READ: Count=48212, Max=271871, Min=5336, Avg=37828.94, 90=66943, 99=126143, 99.9=197503, 99.99=244735] [READ-MODIFY-WRITE: Count=24142, Max=292351, Min=15064, Avg=68036.8, 90=108863, 99=176511, 99.9=242431, 99.99=289535] [UPDATE: Count=24146, Max=227199, Min=5532, Avg=30250.99, 90=50527, 99=93951, 99.9=140159, 99.99=225919] 
2020-09-09 11:31:39:440 130 sec: 585948 operations; 4793.6 current ops/sec; est completion in 34 minutes [READ: Count=47955, Max=444927, Min=5320, Avg=38378.23, 90=68223, 99=151295, 99.9=282879, 99.99=433919] [READ-MODIFY-WRITE: Count=23972, Max=473855, Min=13880, Avg=68750.66, 90=112191, 99=211199, 99.9=383487, 99.99=467199] [UPDATE: Count=23973, Max=432895, Min=5596, Avg=30228.86, 90=50271, 99=102975, 99.9=224255, 99.99=412671] 
2020-09-09 11:31:49:440 140 sec: 631625 operations; 4567.7 current ops/sec; est completion in 34 minutes [READ: Count=45652, Max=609279, Min=3602, Avg=39752.75, 90=67839, 99=171775, 99.9=536575, 99.99=585727] [READ-MODIFY-WRITE: Count=22906, Max=649215, Min=8392, Avg=71937.96, 90=112511, 99=403455, 99.9=585727, 99.99=644607] [UPDATE: Count=22902, Max=591359, Min=3564, Avg=32072.94, 90=51487, 99=112191, 99.9=525311, 99.99=585215] 
2020-09-09 11:31:59:440 150 sec: 672914 operations; 4128.9 current ops/sec; est completion in 34 minutes [READ: Count=41294, Max=2113535, Min=3842, Avg=44288.7, 90=64383, 99=289279, 99.9=1878015, 99.99=2037759] [UPDATE-FAILED: Count=1, Max=2016255, Min=2015232, Avg=2015744, 90=2016255, 99=2016255, 99.9=2016255, 99.99=2016255] [READ-MODIFY-WRITE: Count=20723, Max=2166783, Min=8164, Avg=80313.3, 90=110143, 99=555519, 99.9=2002943, 99.99=2107391] [UPDATE: Count=20737, Max=2086911, Min=3302, Avg=35563.65, 90=47231, 99=150911, 99.9=1766399, 99.99=2013183] 
2020-09-09 11:32:09:440 160 sec: 720611 operations; 4769.7 current ops/sec; est completion in 34 minutes [READ: Count=47701, Max=341759, Min=5688, Avg=38533.69, 90=67583, 99=143359, 99.9=255487, 99.99=314367] [UPDATE-FAILED: Count=0, Max=0, Min=9223372036854775807, Avg=NaN, 90=0, 99=0, 99.9=0, 99.99=0] [READ-MODIFY-WRITE: Count=23727, Max=389119, Min=15256, Avg=68885.35, 90=109759, 99=199679, 99.9=304639, 99.99=348927] [UPDATE: Count=23716, Max=293375, Min=4508, Avg=30353.67, 90=49791, 99=96191, 99.9=226815, 99.99=286463] 
2020-09-09 11:32:19:440 170 sec: 768585 operations; 4797.4 current ops/sec; est completion in 34 minutes [READ: Count=47982, Max=378879, Min=3950, Avg=38028.12, 90=66367, 99=135039, 99.9=281855, 99.99=327423] [UPDATE-FAILED: Count=0, Max=0, Min=9223372036854775807, Avg=NaN, 90=0, 99=0, 99.9=0, 99.99=0] [READ-MODIFY-WRITE: Count=24247, Max=431103, Min=12160, Avg=68307.44, 90=108991, 99=186367, 99.9=330495, 99.99=395519] [UPDATE: Count=24254, Max=319231, Min=5532, Avg=30239.55, 90=49567, 99=95039, 99.9=165631, 99.99=300799] 
2020-09-09 11:32:29:440 180 sec: 814021 operations; 4543.6 current ops/sec; est completion in 33 minutes [READ: Count=45441, Max=773631, Min=4074, Avg=40768.58, 90=66495, 99=192127, 99.9=612863, 99.99=747007] [UPDATE-FAILED: Count=0, Max=0, Min=9223372036854775807, Avg=NaN, 90=0, 99=0, 99.9=0, 99.99=0] [READ-MODIFY-WRITE: Count=22706, Max=857087, Min=8848, Avg=72172.57, 90=108607, 99=396031, 99.9=704511, 99.99=796671] [UPDATE: Count=22712, Max=711167, Min=3578, Avg=31248.9, 90=48063, 99=104063, 99.9=525311, 99.99=705535] 
2020-09-09 11:32:39:440 190 sec: 861795 operations; 4777.4 current ops/sec; est completion in 33 minutes [READ: Count=47750, Max=407295, Min=4444, Avg=38286.37, 90=66687, 99=142207, 99.9=261631, 99.99=335871] [UPDATE-FAILED: Count=0, Max=0, Min=9223372036854775807, Avg=NaN, 90=0, 99=0, 99.9=0, 99.99=0] [READ-MODIFY-WRITE: Count=24137, Max=521471, Min=10800, Avg=68450.78, 90=109119, 99=193919, 99.9=323583, 99.99=446975] [UPDATE: Count=24123, Max=340479, Min=4380, Avg=30128.06, 90=49023, 99=98047, 99.9=173311, 99.99=332543] 
2020-09-09 11:32:49:440 200 sec: 909205 operations; 4741 current ops/sec; est completion in 33 minutes [READ: Count=47416, Max=311551, Min=5084, Avg=38766.83, 90=69055, 99=142719, 99.9=229759, 99.99=266239] [UPDATE-FAILED: Count=0, Max=0, Min=9223372036854775807, Avg=NaN, 90=0, 99=0, 99.9=0, 99.99=0] [READ-MODIFY-WRITE: Count=23641, Max=348159, Min=14816, Avg=69342.78, 90=111807, 99=195839, 99.9=278015, 99.99=322047] [UPDATE: Count=23636, Max=264191, Min=4896, Avg=30703.4, 90=51487, 99=102655, 99.9=169215, 99.99=253439] 
2020-09-09 11:32:59:440 210 sec: 955473 operations; 4626.8 current ops/sec; est completion in 33 minutes [READ: Count=46267, Max=697343, Min=4304, Avg=38983.46, 90=67263, 99=158335, 99.9=508415, 99.99=645119] [UPDATE-FAILED: Count=0, Max=0, Min=9223372036854775807, Avg=NaN, 90=0, 99=0, 99.9=0, 99.99=0] [READ-MODIFY-WRITE: Count=23234, Max=731647, Min=8776, Avg=69295.95, 90=110591, 99=220671, 99.9=570879, 99.99=715775] [UPDATE: Count=23240, Max=689663, Min=4066, Avg=30431.83, 90=49343, 99=104639, 99.9=435455, 99.99=683007] 
2020-09-09 11:33:09:440 220 sec: 1001192 operations; 4571.9 current ops/sec; est completion in 32 minutes [READ: Count=45698, Max=905215, Min=4086, Avg=39310.49, 90=65215, 99=162047, 99.9=675839, 99.99=784895] [UPDATE-FAILED: Count=0, Max=0, Min=9223372036854775807, Avg=NaN, 90=0, 99=0, 99.9=0, 99.99=0] [READ-MODIFY-WRITE: Count=22635, Max=1158143, Min=9712, Avg=70120.7, 90=107967, 99=248703, 99.9=733183, 99.99=894975] [UPDATE: Count=22631, Max=688127, Min=4184, Avg=30168.55, 90=47391, 99=101567, 99.9=523775, 99.99=679935] 
2020-09-09 11:33:19:440 230 sec: 1040512 operations; 3932 current ops/sec; est completion in 33 minutes [READ: Count=39358, Max=2529279, Min=3836, Avg=49947.55, 90=68991, 99=337663, 99.9=2299903, 99.99=2465791] [UPDATE-FAILED: Count=0, Max=0, Min=9223372036854775807, Avg=NaN, 90=0, 99=0, 99.9=0, 99.99=0] [READ-MODIFY-WRITE: Count=19622, Max=2553855, Min=8352, Avg=87157.2, 90=113983, 99=916479, 99.9=2430975, 99.99=2484223] [UPDATE: Count=19626, Max=2445311, Min=3198, Avg=36879.73, 90=50623, 99=112191, 99.9=2228223, 99.99=2435071] 
2020-09-09 11:33:29:440 240 sec: 1086091 operations; 4557.9 current ops/sec; est completion in 32 minutes [READ: Count=45577, Max=616959, Min=3784, Avg=40441.96, 90=73343, 99=171135, 99.9=497151, 99.99=574975] [UPDATE-FAILED: Count=0, Max=0, Min=9223372036854775807, Avg=NaN, 90=0, 99=0, 99.9=0, 99.99=0] [READ-MODIFY-WRITE: Count=22730, Max=641023, Min=7640, Avg=71854.28, 90=118847, 99=262399, 99.9=569343, 99.99=627199] [UPDATE: Count=22749, Max=614399, Min=3286, Avg=31442.86, 90=53087, 99=117695, 99.9=466431, 99.99=574975] 
2020-09-09 11:33:39:440 250 sec: 1133565 operations; 4747.4 current ops/sec; est completion in 32 minutes [READ: Count=47467, Max=348927, Min=5392, Avg=38680.65, 90=69503, 99=139391, 99.9=237951, 99.99=288255] [UPDATE-FAILED: Count=0, Max=0, Min=9223372036854775807, Avg=NaN, 90=0, 99=0, 99.9=0, 99.99=0] [READ-MODIFY-WRITE: Count=23607, Max=376319, Min=13600, Avg=69244.32, 90=113343, 99=196351, 99.9=289791, 99.99=336895] [UPDATE: Count=23590, Max=282879, Min=5432, Avg=30577.92, 90=52031, 99=100799, 99.9=160127, 99.99=276479] 
2020-09-09 11:33:49:440 260 sec: 1178672 operations; 4510.7 current ops/sec; est completion in 32 minutes [READ: Count=45097, Max=692735, Min=4356, Avg=41138.02, 90=72639, 99=198399, 99.9=549375, 99.99=595455] [UPDATE-FAILED: Count=0, Max=0, Min=9223372036854775807, Avg=NaN, 90=0, 99=0, 99.9=0, 99.99=0] [READ-MODIFY-WRITE: Count=22691, Max=712703, Min=9088, Avg=72077.28, 90=119039, 99=335359, 99.9=588287, 99.99=638463] [UPDATE: Count=22690, Max=574975, Min=4368, Avg=31096.31, 90=51967, 99=113663, 99.9=464895, 99.99=570879] 
2020-09-09 11:33:59:440 270 sec: 1225145 operations; 4647.3 current ops/sec; est completion in 32 minutes [READ: Count=46489, Max=629759, Min=5128, Avg=39671.71, 90=71999, 99=152831, 99.9=443391, 99.99=538623] [UPDATE-FAILED: Count=0, Max=0, Min=9223372036854775807, Avg=NaN, 90=0, 99=0, 99.9=0, 99.99=0] [READ-MODIFY-WRITE: Count=23139, Max=591359, Min=13544, Avg=70588.88, 90=117375, 99=230911, 99.9=508671, 99.99=584703] [UPDATE: Count=23138, Max=562175, Min=4004, Avg=30984.73, 90=52927, 99=108799, 99.9=396031, 99.99=501759] 
2020-09-09 11:34:09:440 280 sec: 1271383 operations; 4623.8 current ops/sec; est completion in 32 minutes [READ: Count=46237, Max=551423, Min=4140, Avg=39772.04, 90=73855, 99=151423, 99.9=348671, 99.99=518399] [UPDATE-FAILED: Count=0, Max=0, Min=9223372036854775807, Avg=NaN, 90=0, 99=0, 99.9=0, 99.99=0] [READ-MODIFY-WRITE: Count=23154, Max=590335, Min=13296, Avg=70727.79, 90=119103, 99=208127, 99.9=490751, 99.99=550399] [UPDATE: Count=23153, Max=500479, Min=4884, Avg=30976.14, 90=55039, 99=108415, 99.9=283135, 99.99=479999] 
2020-09-09 11:34:19:440 290 sec: 1319334 operations; 4795.1 current ops/sec; est completion in 31 minutes [READ: Count=47957, Max=259199, Min=5580, Avg=38252.93, 90=69375, 99=132351, 99.9=195455, 99.99=247423] [UPDATE-FAILED: Count=0, Max=0, Min=9223372036854775807, Avg=NaN, 90=0, 99=0, 99.9=0, 99.99=0] [READ-MODIFY-WRITE: Count=23734, Max=331775, Min=13224, Avg=69079.52, 90=113087, 99=183679, 99.9=241023, 99.99=292095] [UPDATE: Count=23737, Max=181887, Min=5380, Avg=30739.77, 90=53823, 99=101311, 99.9=136575, 99.99=172159] 
2020-09-09 11:34:29:440 300 sec: 1366702 operations; 4736.8 current ops/sec; est completion in 31 minutes [READ: Count=47348, Max=847871, Min=4856, Avg=38626.8, 90=66367, 99=142335, 99.9=626687, 99.99=820223] [UPDATE-FAILED: Count=0, Max=0, Min=9223372036854775807, Avg=NaN, 90=0, 99=0, 99.9=0, 99.99=0] [READ-MODIFY-WRITE: Count=23818, Max=896511, Min=11504, Avg=69062.24, 90=108095, 99=200703, 99.9=766463, 99.99=855551] [UPDATE: Count=23814, Max=825343, Min=5592, Avg=30476.83, 90=49279, 99=97279, 99.9=564223, 99.99=784895] 
Maximum time elapsed. Requesting stop for the workload.
Stop requested for workload. Now Joining!
Still waiting for thread Thread-209 to complete. Workload status: true
2020-09-09 11:34:32:126 302 sec: 1367928 operations; 457.29 current ops/sec; est completion in 31 minutes [READ: Count=1162, Max=229503, Min=6940, Avg=42458.43, 90=75583, 99=142975, 99.9=204159, 99.99=229503] [UPDATE-FAILED: Count=0, Max=0, Min=9223372036854775807, Avg=NaN, 90=0, 99=0, 99.9=0, 99.99=0] [READ-MODIFY-WRITE: Count=629, Max=269567, Min=14936, Avg=72736.63, 90=114111, 99=181759, 99.9=250751, 99.99=269567] [CLEANUP: Count=256, Max=2406399, Min=1, Avg=9397.51, 90=2, 99=12, 99.9=2406399, 99.99=2406399] [UPDATE: Count=625, Max=102847, Min=5816, Avg=29516.87, 90=49375, 99=80319, 99.9=97343, 99.99=102847] 
[OVERALL], RunTime(ms), 302682
[OVERALL], Throughput(ops/sec), 4519.356948877039
[TOTAL_GCS_G1_Young_Generation], Count, 32
[TOTAL_GC_TIME_G1_Young_Generation], Time(ms), 443
[TOTAL_GC_TIME_%_G1_Young_Generation], Time(%), 0.14635822414282976
[TOTAL_GCS_G1_Old_Generation], Count, 0
[TOTAL_GC_TIME_G1_Old_Generation], Time(ms), 0
[TOTAL_GC_TIME_%_G1_Old_Generation], Time(%), 0.0
[TOTAL_GCs], Count, 32
[TOTAL_GC_TIME], Time(ms), 443
[TOTAL_GC_TIME_%], Time(%), 0.14635822414282976
[READ], Operations, 1367928
[READ], AverageLatency(us), 40048.35475624448
[READ], MinLatency(us), 3602
[READ], MaxLatency(us), 2529279
[READ], 95thPercentileLatency(us), 90943
[READ], 99thPercentileLatency(us), 155775
[READ], Return=OK, 1367928
[UPDATE-FAILED], Operations, 1
[UPDATE-FAILED], AverageLatency(us), 2015744.0
[UPDATE-FAILED], MinLatency(us), 2015232
[UPDATE-FAILED], MaxLatency(us), 2016255
[UPDATE-FAILED], 95thPercentileLatency(us), 2016255
[UPDATE-FAILED], 99thPercentileLatency(us), 2016255
[READ-MODIFY-WRITE], Operations, 684036
[READ-MODIFY-WRITE], AverageLatency(us), 71370.10092743656
[READ-MODIFY-WRITE], MinLatency(us), 7640
[READ-MODIFY-WRITE], MaxLatency(us), 2553855
[READ-MODIFY-WRITE], 95thPercentileLatency(us), 138879
[READ-MODIFY-WRITE], 99thPercentileLatency(us), 223743
[CLEANUP], Operations, 256
[CLEANUP], AverageLatency(us), 9397.5078125
[CLEANUP], MinLatency(us), 1
[CLEANUP], MaxLatency(us), 2406399
[CLEANUP], 95thPercentileLatency(us), 2
[CLEANUP], 99thPercentileLatency(us), 12
[UPDATE], Operations, 684035
[UPDATE], AverageLatency(us), 31325.523793373148
[UPDATE], MinLatency(us), 3198
[UPDATE], MaxLatency(us), 2445311
[UPDATE], 95thPercentileLatency(us), 66815
[UPDATE], 99thPercentileLatency(us), 105279
[UPDATE], Return=OK, 684035
[UPDATE], Return=ERROR, 1
