/opt/java/openjdk/bin/java  -classpath /usr/src/ycsb/conf:/usr/src/ycsb/lib/HdrHistogram-2.1.4.jar:/usr/src/ycsb/lib/core-0.18.0-SNAPSHOT.jar:/usr/src/ycsb/lib/htrace-core4-4.1.0-incubating.jar:/usr/src/ycsb/lib/jackson-core-asl-1.9.4.jar:/usr/src/ycsb/lib/jackson-mapper-asl-1.9.4.jar:/usr/src/ycsb/lib/postgresql-42.2.16.jar:/usr/src/ycsb/cassandra-binding/lib/cassandra-binding-0.18.0-SNAPSHOT.jar:/usr/src/ycsb/cassandra-binding/lib/cassandra-driver-core-3.0.0.jar:/usr/src/ycsb/cassandra-binding/lib/guava-16.0.1.jar:/usr/src/ycsb/cassandra-binding/lib/metrics-core-3.1.2.jar:/usr/src/ycsb/cassandra-binding/lib/netty-buffer-4.0.33.Final.jar:/usr/src/ycsb/cassandra-binding/lib/netty-codec-4.0.33.Final.jar:/usr/src/ycsb/cassandra-binding/lib/netty-common-4.0.33.Final.jar:/usr/src/ycsb/cassandra-binding/lib/netty-handler-4.0.33.Final.jar:/usr/src/ycsb/cassandra-binding/lib/netty-transport-4.0.33.Final.jar:/usr/src/ycsb/cassandra-binding/lib/slf4j-api-1.7.25.jar site.ycsb.Client -t -db site.ycsb.db.CassandraCQLClient -P workloads/workloadb -p operationcount=10000000 -p hosts=10.0.13.55,10.0.13.56,10.0.13.44,10.0.13.41,10.0.13.39,10.0.13.52,10.0.13.48,10.0.13.32,10.0.13.30,10.0.13.28,10.0.13.24,10.0.13.22,10.0.13.27,10.0.13.35,10.0.13.13,10.0.13.17,10.0.13.9,10.0.13.7,10.0.13.5,10.0.13.3 -p maxexecutiontime=300 -threads 256 -p cassandra.readconsistencylevel=QUORUM -p cassandra.writeconsistencylevel=QUORUM -s
Command line: -t -db site.ycsb.db.CassandraCQLClient -P workloads/workloadb -p operationcount=10000000 -p hosts=10.0.13.55,10.0.13.56,10.0.13.44,10.0.13.41,10.0.13.39,10.0.13.52,10.0.13.48,10.0.13.32,10.0.13.30,10.0.13.28,10.0.13.24,10.0.13.22,10.0.13.27,10.0.13.35,10.0.13.13,10.0.13.17,10.0.13.9,10.0.13.7,10.0.13.5,10.0.13.3 -p maxexecutiontime=300 -threads 256 -p cassandra.readconsistencylevel=QUORUM -p cassandra.writeconsistencylevel=QUORUM -s
YCSB Client 0.18.0-SNAPSHOT

Loading workload...
Starting test.
SLF4J: Failed to load class "org.slf4j.impl.StaticLoggerBinder".
SLF4J: Defaulting to no-operation (NOP) logger implementation
SLF4J: See http://www.slf4j.org/codes.html#StaticLoggerBinder for further details.
Maximum execution time specified as: 300 secs
2020-09-07 16:45:10:467 0 sec: 0 operations; est completion in 0 second 
WARNING: An illegal reflective access operation has occurred
WARNING: Illegal reflective access by io.netty.util.internal.PlatformDependent0 (file:/usr/src/ycsb/cassandra-binding/lib/netty-common-4.0.33.Final.jar) to field java.nio.Buffer.address
WARNING: Please consider reporting this to the maintainers of io.netty.util.internal.PlatformDependent0
WARNING: Use --illegal-access=warn to enable warnings of further illegal reflective access operations
WARNING: All illegal access operations will be denied in a future release
Sep 07, 2020 4:45:10 PM io.netty.util.internal.PlatformDependent <clinit>
INFO: Your platform does not provide complete low-level API for accessing direct buffers reliably. Unless explicitly requested, heap buffer will always be preferred to avoid potential system unstability.
DBWrapper: report latency for each error is false and specific error codes to track for latency are: []
DBWrapper: report latency for each error is false and specific error codes to track for latency are: []
DBWrapper: report latency for each error is false and specific error codes to track for latency are: []
DBWrapper: report latency for each error is false and specific error codes to track for latency are: []
DBWrapper: report latency for each error is false and specific error codes to track for latency are: []
DBWrapper: report latency for each error is false and specific error codes to track for latency are: []
DBWrapper: report latency for each error is false and specific error codes to track for latency are: []
DBWrapper: report latency for each error is false and specific error codes to track for latency are: []
DBWrapper: report latency for each error is false and specific error codes to track for latency are: []
DBWrapper: report latency for each error is false and specific error codes to track for latency are: []
DBWrapper: report latency for each error is false and specific error codes to track for latency are: []
DBWrapper: report latency for each error is false and specific error codes to track for latency are: []
DBWrapper: report latency for each error is false and specific error codes to track for latency are: []
DBWrapper: report latency for each error is false and specific error codes to track for latency are: []
DBWrapper: report latency for each error is false and specific error codes to track for latency are: []
DBWrapper: report latency for each error is false and specific error codes to track for latency are: []
DBWrapper: report latency for each error is false and specific error codes to track for latency are: []
DBWrapper: report latency for each error is false and specific error codes to track for latency are: []
DBWrapper: report latency for each error is false and specific error codes to track for latency are: []
DBWrapper: report latency for each error is false and specific error codes to track for latency are: []
DBWrapper: report latency for each error is false and specific error codes to track for latency are: []
DBWrapper: report latency for each error is false and specific error codes to track for latency are: []
DBWrapper: report latency for each error is false and specific error codes to track for latency are: []
DBWrapper: report latency for each error is false and specific error codes to track for latency are: []
DBWrapper: report latency for each error is false and specific error codes to track for latency are: []
DBWrapper: report latency for each error is false and specific error codes to track for latency are: []
DBWrapper: report latency for each error is false and specific error codes to track for latency are: []
DBWrapper: report latency for each error is false and specific error codes to track for latency are: []
DBWrapper: report latency for each error is false and specific error codes to track for latency are: []
DBWrapper: report latency for each error is false and specific error codes to track for latency are: []
DBWrapper: report latency for each error is false and specific error codes to track for latency are: []
DBWrapper: report latency for each error is false and specific error codes to track for latency are: []
DBWrapper: report latency for each error is false and specific error codes to track for latency are: []
DBWrapper: report latency for each error is false and specific error codes to track for latency are: []
DBWrapper: report latency for each error is false and specific error codes to track for latency are: []
DBWrapper: report latency for each error is false and specific error codes to track for latency are: []
DBWrapper: report latency for each error is false and specific error codes to track for latency are: []
DBWrapper: report latency for each error is false and specific error codes to track for latency are: []
DBWrapper: report latency for each error is false and specific error codes to track for latency are: []
DBWrapper: report latency for each error is false and specific error codes to track for latency are: []
DBWrapper: report latency for each error is false and specific error codes to track for latency are: []
DBWrapper: report latency for each error is false and specific error codes to track for latency are: []
DBWrapper: report latency for each error is false and specific error codes to track for latency are: []
DBWrapper: report latency for each error is false and specific error codes to track for latency are: []
DBWrapper: report latency for each error is false and specific error codes to track for latency are: []
DBWrapper: report latency for each error is false and specific error codes to track for latency are: []
DBWrapper: report latency for each error is false and specific error codes to track for latency are: []
DBWrapper: report latency for each error is false and specific error codes to track for latency are: []
DBWrapper: report latency for each error is false and specific error codes to track for latency are: []
DBWrapper: report latency for each error is false and specific error codes to track for latency are: []
DBWrapper: report latency for each error is false and specific error codes to track for latency are: []
DBWrapper: report latency for each error is false and specific error codes to track for latency are: []
DBWrapper: report latency for each error is false and specific error codes to track for latency are: []
DBWrapper: report latency for each error is false and specific error codes to track for latency are: []
DBWrapper: report latency for each error is false and specific error codes to track for latency are: []
DBWrapper: report latency for each error is false and specific error codes to track for latency are: []
DBWrapper: report latency for each error is false and specific error codes to track for latency are: []
DBWrapper: report latency for each error is false and specific error codes to track for latency are: []
DBWrapper: report latency for each error is false and specific error codes to track for latency are: []
DBWrapper: report latency for each error is false and specific error codes to track for latency are: []
DBWrapper: report latency for each error is false and specific error codes to track for latency are: []
DBWrapper: report latency for each error is false and specific error codes to track for latency are: []
DBWrapper: report latency for each error is false and specific error codes to track for latency are: []
DBWrapper: report latency for each error is false and specific error codes to track for latency are: []
DBWrapper: report latency for each error is false and specific error codes to track for latency are: []
DBWrapper: report latency for each error is false and specific error codes to track for latency are: []
DBWrapper: report latency for each error is false and specific error codes to track for latency are: []
DBWrapper: report latency for each error is false and specific error codes to track for latency are: []
DBWrapper: report latency for each error is false and specific error codes to track for latency are: []
DBWrapper: report latency for each error is false and specific error codes to track for latency are: []
DBWrapper: report latency for each error is false and specific error codes to track for latency are: []
DBWrapper: report latency for each error is false and specific error codes to track for latency are: []
DBWrapper: report latency for each error is false and specific error codes to track for latency are: []
DBWrapper: report latency for each error is false and specific error codes to track for latency are: []
DBWrapper: report latency for each error is false and specific error codes to track for latency are: []
DBWrapper: report latency for each error is false and specific error codes to track for latency are: []
DBWrapper: report latency for each error is false and specific error codes to track for latency are: []
DBWrapper: report latency for each error is false and specific error codes to track for latency are: []
DBWrapper: report latency for each error is false and specific error codes to track for latency are: []
DBWrapper: report latency for each error is false and specific error codes to track for latency are: []
DBWrapper: report latency for each error is false and specific error codes to track for latency are: []
DBWrapper: report latency for each error is false and specific error codes to track for latency are: []
DBWrapper: report latency for each error is false and specific error codes to track for latency are: []
DBWrapper: report latency for each error is false and specific error codes to track for latency are: []
DBWrapper: report latency for each error is false and specific error codes to track for latency are: []
DBWrapper: report latency for each error is false and specific error codes to track for latency are: []
DBWrapper: report latency for each error is false and specific error codes to track for latency are: []
DBWrapper: report latency for each error is false and specific error codes to track for latency are: []
DBWrapper: report latency for each error is false and specific error codes to track for latency are: []
DBWrapper: report latency for each error is false and specific error codes to track for latency are: []
DBWrapper: report latency for each error is false and specific error codes to track for latency are: []
DBWrapper: report latency for each error is false and specific error codes to track for latency are: []
DBWrapper: report latency for each error is false and specific error codes to track for latency are: []
DBWrapper: report latency for each error is false and specific error codes to track for latency are: []
DBWrapper: report latency for each error is false and specific error codes to track for latency are: []
DBWrapper: report latency for each error is false and specific error codes to track for latency are: []
DBWrapper: report latency for each error is false and specific error codes to track for latency are: []
DBWrapper: report latency for each error is false and specific error codes to track for latency are: []
DBWrapper: report latency for each error is false and specific error codes to track for latency are: []
DBWrapper: report latency for each error is false and specific error codes to track for latency are: []
DBWrapper: report latency for each error is false and specific error codes to track for latency are: []
DBWrapper: report latency for each error is false and specific error codes to track for latency are: []
DBWrapper: report latency for each error is false and specific error codes to track for latency are: []
DBWrapper: report latency for each error is false and specific error codes to track for latency are: []
DBWrapper: report latency for each error is false and specific error codes to track for latency are: []
DBWrapper: report latency for each error is false and specific error codes to track for latency are: []
DBWrapper: report latency for each error is false and specific error codes to track for latency are: []
DBWrapper: report latency for each error is false and specific error codes to track for latency are: []
DBWrapper: report latency for each error is false and specific error codes to track for latency are: []
DBWrapper: report latency for each error is false and specific error codes to track for latency are: []
DBWrapper: report latency for each error is false and specific error codes to track for latency are: []
DBWrapper: report latency for each error is false and specific error codes to track for latency are: []
DBWrapper: report latency for each error is false and specific error codes to track for latency are: []
DBWrapper: report latency for each error is false and specific error codes to track for latency are: []
DBWrapper: report latency for each error is false and specific error codes to track for latency are: []
DBWrapper: report latency for each error is false and specific error codes to track for latency are: []
DBWrapper: report latency for each error is false and specific error codes to track for latency are: []
DBWrapper: report latency for each error is false and specific error codes to track for latency are: []
DBWrapper: report latency for each error is false and specific error codes to track for latency are: []
DBWrapper: report latency for each error is false and specific error codes to track for latency are: []
DBWrapper: report latency for each error is false and specific error codes to track for latency are: []
DBWrapper: report latency for each error is false and specific error codes to track for latency are: []
DBWrapper: report latency for each error is false and specific error codes to track for latency are: []
DBWrapper: report latency for each error is false and specific error codes to track for latency are: []
DBWrapper: report latency for each error is false and specific error codes to track for latency are: []
DBWrapper: report latency for each error is false and specific error codes to track for latency are: []
DBWrapper: report latency for each error is false and specific error codes to track for latency are: []
DBWrapper: report latency for each error is false and specific error codes to track for latency are: []
DBWrapper: report latency for each error is false and specific error codes to track for latency are: []
DBWrapper: report latency for each error is false and specific error codes to track for latency are: []
DBWrapper: report latency for each error is false and specific error codes to track for latency are: []
DBWrapper: report latency for each error is false and specific error codes to track for latency are: []
DBWrapper: report latency for each error is false and specific error codes to track for latency are: []
DBWrapper: report latency for each error is false and specific error codes to track for latency are: []
DBWrapper: report latency for each error is false and specific error codes to track for latency are: []
DBWrapper: report latency for each error is false and specific error codes to track for latency are: []
DBWrapper: report latency for each error is false and specific error codes to track for latency are: []
DBWrapper: report latency for each error is false and specific error codes to track for latency are: []
DBWrapper: report latency for each error is false and specific error codes to track for latency are: []
DBWrapper: report latency for each error is false and specific error codes to track for latency are: []
DBWrapper: report latency for each error is false and specific error codes to track for latency are: []
DBWrapper: report latency for each error is false and specific error codes to track for latency are: []
DBWrapper: report latency for each error is false and specific error codes to track for latency are: []
DBWrapper: report latency for each error is false and specific error codes to track for latency are: []
DBWrapper: report latency for each error is false and specific error codes to track for latency are: []
DBWrapper: report latency for each error is false and specific error codes to track for latency are: []
DBWrapper: report latency for each error is false and specific error codes to track for latency are: []
DBWrapper: report latency for each error is false and specific error codes to track for latency are: []
DBWrapper: report latency for each error is false and specific error codes to track for latency are: []
DBWrapper: report latency for each error is false and specific error codes to track for latency are: []
DBWrapper: report latency for each error is false and specific error codes to track for latency are: []
DBWrapper: report latency for each error is false and specific error codes to track for latency are: []
DBWrapper: report latency for each error is false and specific error codes to track for latency are: []
DBWrapper: report latency for each error is false and specific error codes to track for latency are: []
DBWrapper: report latency for each error is false and specific error codes to track for latency are: []
DBWrapper: report latency for each error is false and specific error codes to track for latency are: []
DBWrapper: report latency for each error is false and specific error codes to track for latency are: []
DBWrapper: report latency for each error is false and specific error codes to track for latency are: []
DBWrapper: report latency for each error is false and specific error codes to track for latency are: []
DBWrapper: report latency for each error is false and specific error codes to track for latency are: []
DBWrapper: report latency for each error is false and specific error codes to track for latency are: []
DBWrapper: report latency for each error is false and specific error codes to track for latency are: []
DBWrapper: report latency for each error is false and specific error codes to track for latency are: []
DBWrapper: report latency for each error is false and specific error codes to track for latency are: []
DBWrapper: report latency for each error is false and specific error codes to track for latency are: []
DBWrapper: report latency for each error is false and specific error codes to track for latency are: []
DBWrapper: report latency for each error is false and specific error codes to track for latency are: []
DBWrapper: report latency for each error is false and specific error codes to track for latency are: []
DBWrapper: report latency for each error is false and specific error codes to track for latency are: []
DBWrapper: report latency for each error is false and specific error codes to track for latency are: []
DBWrapper: report latency for each error is false and specific error codes to track for latency are: []
DBWrapper: report latency for each error is false and specific error codes to track for latency are: []
DBWrapper: report latency for each error is false and specific error codes to track for latency are: []
DBWrapper: report latency for each error is false and specific error codes to track for latency are: []
DBWrapper: report latency for each error is false and specific error codes to track for latency are: []
DBWrapper: report latency for each error is false and specific error codes to track for latency are: []
DBWrapper: report latency for each error is false and specific error codes to track for latency are: []
DBWrapper: report latency for each error is false and specific error codes to track for latency are: []
DBWrapper: report latency for each error is false and specific error codes to track for latency are: []
DBWrapper: report latency for each error is false and specific error codes to track for latency are: []
DBWrapper: report latency for each error is false and specific error codes to track for latency are: []
DBWrapper: report latency for each error is false and specific error codes to track for latency are: []
DBWrapper: report latency for each error is false and specific error codes to track for latency are: []
DBWrapper: report latency for each error is false and specific error codes to track for latency are: []
DBWrapper: report latency for each error is false and specific error codes to track for latency are: []
DBWrapper: report latency for each error is false and specific error codes to track for latency are: []
DBWrapper: report latency for each error is false and specific error codes to track for latency are: []
DBWrapper: report latency for each error is false and specific error codes to track for latency are: []
DBWrapper: report latency for each error is false and specific error codes to track for latency are: []
DBWrapper: report latency for each error is false and specific error codes to track for latency are: []
DBWrapper: report latency for each error is false and specific error codes to track for latency are: []
DBWrapper: report latency for each error is false and specific error codes to track for latency are: []
DBWrapper: report latency for each error is false and specific error codes to track for latency are: []
DBWrapper: report latency for each error is false and specific error codes to track for latency are: []
DBWrapper: report latency for each error is false and specific error codes to track for latency are: []
DBWrapper: report latency for each error is false and specific error codes to track for latency are: []
DBWrapper: report latency for each error is false and specific error codes to track for latency are: []
DBWrapper: report latency for each error is false and specific error codes to track for latency are: []
DBWrapper: report latency for each error is false and specific error codes to track for latency are: []
DBWrapper: report latency for each error is false and specific error codes to track for latency are: []
DBWrapper: report latency for each error is false and specific error codes to track for latency are: []
DBWrapper: report latency for each error is false and specific error codes to track for latency are: []
DBWrapper: report latency for each error is false and specific error codes to track for latency are: []
DBWrapper: report latency for each error is false and specific error codes to track for latency are: []
DBWrapper: report latency for each error is false and specific error codes to track for latency are: []
DBWrapper: report latency for each error is false and specific error codes to track for latency are: []
DBWrapper: report latency for each error is false and specific error codes to track for latency are: []
DBWrapper: report latency for each error is false and specific error codes to track for latency are: []
DBWrapper: report latency for each error is false and specific error codes to track for latency are: []
DBWrapper: report latency for each error is false and specific error codes to track for latency are: []
DBWrapper: report latency for each error is false and specific error codes to track for latency are: []
DBWrapper: report latency for each error is false and specific error codes to track for latency are: []
DBWrapper: report latency for each error is false and specific error codes to track for latency are: []
DBWrapper: report latency for each error is false and specific error codes to track for latency are: []
DBWrapper: report latency for each error is false and specific error codes to track for latency are: []
DBWrapper: report latency for each error is false and specific error codes to track for latency are: []
DBWrapper: report latency for each error is false and specific error codes to track for latency are: []
DBWrapper: report latency for each error is false and specific error codes to track for latency are: []
DBWrapper: report latency for each error is false and specific error codes to track for latency are: []
DBWrapper: report latency for each error is false and specific error codes to track for latency are: []
DBWrapper: report latency for each error is false and specific error codes to track for latency are: []
DBWrapper: report latency for each error is false and specific error codes to track for latency are: []
DBWrapper: report latency for each error is false and specific error codes to track for latency are: []
DBWrapper: report latency for each error is false and specific error codes to track for latency are: []
DBWrapper: report latency for each error is false and specific error codes to track for latency are: []
DBWrapper: report latency for each error is false and specific error codes to track for latency are: []
DBWrapper: report latency for each error is false and specific error codes to track for latency are: []
DBWrapper: report latency for each error is false and specific error codes to track for latency are: []
DBWrapper: report latency for each error is false and specific error codes to track for latency are: []
DBWrapper: report latency for each error is false and specific error codes to track for latency are: []
DBWrapper: report latency for each error is false and specific error codes to track for latency are: []
DBWrapper: report latency for each error is false and specific error codes to track for latency are: []
DBWrapper: report latency for each error is false and specific error codes to track for latency are: []
DBWrapper: report latency for each error is false and specific error codes to track for latency are: []
DBWrapper: report latency for each error is false and specific error codes to track for latency are: []
DBWrapper: report latency for each error is false and specific error codes to track for latency are: []
DBWrapper: report latency for each error is false and specific error codes to track for latency are: []
DBWrapper: report latency for each error is false and specific error codes to track for latency are: []
DBWrapper: report latency for each error is false and specific error codes to track for latency are: []
DBWrapper: report latency for each error is false and specific error codes to track for latency are: []
DBWrapper: report latency for each error is false and specific error codes to track for latency are: []
DBWrapper: report latency for each error is false and specific error codes to track for latency are: []
DBWrapper: report latency for each error is false and specific error codes to track for latency are: []
DBWrapper: report latency for each error is false and specific error codes to track for latency are: []
DBWrapper: report latency for each error is false and specific error codes to track for latency are: []
DBWrapper: report latency for each error is false and specific error codes to track for latency are: []
DBWrapper: report latency for each error is false and specific error codes to track for latency are: []
DBWrapper: report latency for each error is false and specific error codes to track for latency are: []
DBWrapper: report latency for each error is false and specific error codes to track for latency are: []
DBWrapper: report latency for each error is false and specific error codes to track for latency are: []
DBWrapper: report latency for each error is false and specific error codes to track for latency are: []
DBWrapper: report latency for each error is false and specific error codes to track for latency are: []
DBWrapper: report latency for each error is false and specific error codes to track for latency are: []
DBWrapper: report latency for each error is false and specific error codes to track for latency are: []
DBWrapper: report latency for each error is false and specific error codes to track for latency are: []
DBWrapper: report latency for each error is false and specific error codes to track for latency are: []
2020-09-07 16:45:20:161 10 sec: 41217 operations; 4121.7 current ops/sec; est completion in 40 minutes [READ: Count=39098, Max=1573887, Min=3024, Avg=46192.17, 90=66815, 99=417535, 99.9=1186815, 99.99=1446911] [UPDATE: Count=2152, Max=1214463, Min=4480, Avg=43665.54, 90=61855, 99=440063, 99.9=1110015, 99.99=1214463] 
2020-09-07 16:45:30:161 20 sec: 117593 operations; 7637.6 current ops/sec; est completion in 28 minutes [READ: Count=72614, Max=242559, Min=4732, Avg=33602.21, 90=59551, 99=111935, 99.9=167295, 99.99=200447] [UPDATE: Count=3747, Max=149503, Min=6844, Avg=28382.09, 90=50175, 99=93631, 99.9=124095, 99.99=149503] 
2020-09-07 16:45:40:161 30 sec: 197266 operations; 7967.3 current ops/sec; est completion in 24 minutes [READ: Count=75677, Max=222207, Min=3690, Avg=32314.38, 90=54463, 99=101567, 99.9=147327, 99.99=181247] [UPDATE: Count=3987, Max=155391, Min=6176, Avg=27641.34, 90=45023, 99=84031, 99.9=125695, 99.99=155391] 
2020-09-07 16:45:50:161 40 sec: 275565 operations; 7829.9 current ops/sec; est completion in 23 minutes [READ: Count=74375, Max=306687, Min=5412, Avg=32924.11, 90=57055, 99=106175, 99.9=178559, 99.99=246399] [UPDATE: Count=3922, Max=268031, Min=6360, Avg=28125.57, 90=46847, 99=90687, 99.9=176255, 99.99=268031] 
2020-09-07 16:46:00:160 50 sec: 356088 operations; 8052.3 current ops/sec; est completion in 22 minutes [READ: Count=76416, Max=574463, Min=4404, Avg=32051.91, 90=51359, 99=103743, 99.9=432127, 99.99=535551] [UPDATE: Count=4104, Max=532991, Min=4996, Avg=27189, 90=41919, 99=83071, 99.9=335103, 99.99=532991] 
2020-09-07 16:46:10:160 60 sec: 434286 operations; 7819.8 current ops/sec; est completion in 22 minutes [READ: Count=74234, Max=313855, Min=4280, Avg=32995.25, 90=56543, 99=111359, 99.9=216575, 99.99=273919] [UPDATE: Count=3970, Max=257151, Min=5744, Avg=27847.2, 90=45407, 99=99135, 99.9=193407, 99.99=257151] 
2020-09-07 16:46:20:160 70 sec: 514065 operations; 7977.9 current ops/sec; est completion in 21 minutes [READ: Count=75777, Max=270847, Min=4684, Avg=32269.3, 90=54815, 99=110335, 99.9=188415, 99.99=241279] [UPDATE: Count=3995, Max=247935, Min=5960, Avg=28101.89, 90=46175, 99=102783, 99.9=216191, 99.99=247935] 
2020-09-07 16:46:30:161 80 sec: 596006 operations; 8194.1 current ops/sec; est completion in 21 minutes [READ: Count=77760, Max=274943, Min=5312, Avg=31427.44, 90=51263, 99=99711, 99.9=177023, 99.99=235007] [UPDATE: Count=4183, Max=212863, Min=6388, Avg=27250.01, 90=42463, 99=82175, 99.9=159359, 99.99=212863] 
2020-09-07 16:46:40:161 90 sec: 674857 operations; 7885.1 current ops/sec; est completion in 20 minutes [READ: Count=74797, Max=625151, Min=5048, Avg=32745.81, 90=55391, 99=110015, 99.9=376319, 99.99=556543] [UPDATE: Count=4054, Max=514559, Min=5992, Avg=27956.76, 90=45631, 99=91711, 99.9=374783, 99.99=514559] 
2020-09-07 16:46:50:161 100 sec: 753805 operations; 7894.8 current ops/sec; est completion in 20 minutes [READ: Count=75087, Max=584191, Min=3442, Avg=32573.76, 90=53727, 99=103807, 99.9=459007, 99.99=530943] [UPDATE: Count=3864, Max=519679, Min=3820, Avg=28493.28, 90=44799, 99=90431, 99.9=496639, 99.99=519679] 
2020-09-07 16:47:00:161 110 sec: 833914 operations; 8010.9 current ops/sec; est completion in 20 minutes [READ: Count=76117, Max=560639, Min=4492, Avg=31905.54, 90=51615, 99=99839, 99.9=433407, 99.99=527359] [UPDATE: Count=3989, Max=440319, Min=5880, Avg=26654.57, 90=41055, 99=79807, 99.9=173823, 99.99=440319] 
2020-09-07 16:47:10:161 120 sec: 912555 operations; 7864.1 current ops/sec; est completion in 19 minutes [READ: Count=74627, Max=689663, Min=3236, Avg=33118, 90=51487, 99=116607, 99.9=509439, 99.99=556031] [UPDATE: Count=4019, Max=532991, Min=4324, Avg=28520.95, 90=42591, 99=104383, 99.9=470015, 99.99=532991] 
2020-09-07 16:47:20:160 130 sec: 992832 operations; 8027.7 current ops/sec; est completion in 19 minutes [READ: Count=76221, Max=351231, Min=4992, Avg=32131.39, 90=53823, 99=104255, 99.9=188543, 99.99=258175] [UPDATE: Count=4058, Max=224127, Min=6760, Avg=27666.38, 90=43359, 99=88831, 99.9=174207, 99.99=224127] 
2020-09-07 16:47:30:161 140 sec: 1073174 operations; 8034.2 current ops/sec; est completion in 19 minutes [READ: Count=76327, Max=311807, Min=5264, Avg=32073.03, 90=53151, 99=102591, 99.9=196991, 99.99=246143] [UPDATE: Count=4011, Max=241151, Min=6476, Avg=27510.61, 90=43999, 99=87935, 99.9=191103, 99.99=241151] 
2020-09-07 16:47:40:161 150 sec: 1153621 operations; 8044.7 current ops/sec; est completion in 19 minutes [READ: Count=76412, Max=298239, Min=4996, Avg=32014.29, 90=53119, 99=100479, 99.9=155135, 99.99=241663] [UPDATE: Count=4033, Max=222079, Min=5968, Avg=27342.79, 90=42495, 99=86719, 99.9=146559, 99.99=222079] 
2020-09-07 16:47:50:161 160 sec: 1232133 operations; 7851.2 current ops/sec; est completion in 18 minutes [READ: Count=74698, Max=561663, Min=4042, Avg=32858.22, 90=54079, 99=107071, 99.9=484863, 99.99=542719] [UPDATE: Count=3814, Max=528895, Min=3322, Avg=28172.27, 90=44543, 99=93055, 99.9=449535, 99.99=528895] 
2020-09-07 16:48:00:161 170 sec: 1310734 operations; 7860.1 current ops/sec; est completion in 18 minutes [READ: Count=74736, Max=552447, Min=3458, Avg=32769.46, 90=52991, 99=109887, 99.9=466943, 99.99=534527] [UPDATE: Count=3865, Max=505855, Min=3744, Avg=28900.71, 90=44959, 99=97279, 99.9=483071, 99.99=505855] 
2020-09-07 16:48:10:161 180 sec: 1391544 operations; 8081 current ops/sec; est completion in 18 minutes [READ: Count=76868, Max=574975, Min=4014, Avg=31902.81, 90=49823, 99=95871, 99.9=464639, 99.99=541695] [UPDATE: Count=3950, Max=509439, Min=5492, Avg=27061.42, 90=40607, 99=79743, 99.9=363007, 99.99=509439] 
2020-09-07 16:48:20:160 190 sec: 1472012 operations; 8046.8 current ops/sec; est completion in 18 minutes [READ: Count=76342, Max=559615, Min=4296, Avg=32036.76, 90=51103, 99=103487, 99.9=466687, 99.99=533503] [UPDATE: Count=4118, Max=548351, Min=5256, Avg=27559.96, 90=41503, 99=92351, 99.9=439807, 99.99=548351] 
2020-09-07 16:48:30:161 200 sec: 1553920 operations; 8190.8 current ops/sec; est completion in 18 minutes [READ: Count=77962, Max=261119, Min=4800, Avg=31467.53, 90=51327, 99=95295, 99.9=174847, 99.99=220927] [UPDATE: Count=3950, Max=185343, Min=6560, Avg=27019.4, 90=42495, 99=83135, 99.9=147711, 99.99=185343] 
2020-09-07 16:48:40:161 210 sec: 1632880 operations; 7896 current ops/sec; est completion in 17 minutes [READ: Count=75046, Max=586239, Min=5040, Avg=32656.83, 90=53727, 99=108799, 99.9=404479, 99.99=569343] [UPDATE: Count=3905, Max=572927, Min=6448, Avg=27415.92, 90=42719, 99=86911, 99.9=402943, 99.99=572927] 
2020-09-07 16:48:50:160 220 sec: 1710512 operations; 7763.2 current ops/sec; est completion in 17 minutes [READ: Count=73754, Max=599551, Min=3970, Avg=33214.72, 90=54271, 99=102975, 99.9=510975, 99.99=570367] [UPDATE: Count=3881, Max=557567, Min=3464, Avg=28697.55, 90=44895, 99=93055, 99.9=484863, 99.99=557567] 
2020-09-07 16:49:00:161 230 sec: 1791329 operations; 8081.7 current ops/sec; est completion in 17 minutes [READ: Count=76825, Max=233471, Min=5020, Avg=31841.62, 90=53535, 99=97343, 99.9=131327, 99.99=176383] [UPDATE: Count=3993, Max=126015, Min=7012, Avg=27750.93, 90=46367, 99=87551, 99.9=107455, 99.99=126015] 
2020-09-07 16:49:10:161 240 sec: 1868720 operations; 7739.1 current ops/sec; est completion in 17 minutes [READ: Count=73459, Max=621055, Min=3532, Avg=33342.66, 90=51455, 99=127039, 99.9=522751, 99.99=598015] [UPDATE: Count=3931, Max=590335, Min=4892, Avg=28708.26, 90=42239, 99=104831, 99.9=502527, 99.99=590335] 
2020-09-07 16:49:20:161 250 sec: 1949196 operations; 8047.6 current ops/sec; est completion in 17 minutes [READ: Count=76520, Max=316159, Min=4968, Avg=32034.64, 90=53407, 99=104383, 99.9=195071, 99.99=259455] [UPDATE: Count=3961, Max=209919, Min=6632, Avg=27421.07, 90=44223, 99=83007, 99.9=127679, 99.99=209919] 
2020-09-07 16:49:30:161 260 sec: 2028257 operations; 7906.1 current ops/sec; est completion in 17 minutes [READ: Count=75185, Max=273407, Min=3952, Avg=32164.32, 90=54431, 99=102719, 99.9=164095, 99.99=219263] [UPDATE: Count=3869, Max=156287, Min=5744, Avg=27805.89, 90=46335, 99=87487, 99.9=116031, 99.99=156287] 
2020-09-07 16:49:40:161 270 sec: 2108153 operations; 7989.6 current ops/sec; est completion in 16 minutes [READ: Count=75893, Max=602111, Min=3776, Avg=32693.35, 90=52671, 99=102783, 99.9=476927, 99.99=550399] [UPDATE: Count=4005, Max=529407, Min=4268, Avg=27704.2, 90=42559, 99=84031, 99.9=449535, 99.99=529407] 
2020-09-07 16:49:50:161 280 sec: 2188658 operations; 8050.5 current ops/sec; est completion in 16 minutes [READ: Count=76454, Max=238847, Min=5432, Avg=32017.15, 90=53663, 99=95807, 99.9=148991, 99.99=207231] [UPDATE: Count=4050, Max=185343, Min=6424, Avg=27928.19, 90=44607, 99=86463, 99.9=127487, 99.99=185343] 
2020-09-07 16:50:00:161 290 sec: 2269279 operations; 8062.1 current ops/sec; est completion in 16 minutes [READ: Count=76631, Max=276991, Min=5236, Avg=31935.88, 90=52895, 99=99455, 99.9=166143, 99.99=227199] [UPDATE: Count=3991, Max=265983, Min=4504, Avg=27602.15, 90=44735, 99=84223, 99.9=170239, 99.99=265983] 
2020-09-07 16:50:10:161 300 sec: 2348388 operations; 7910.9 current ops/sec; est completion in 16 minutes [READ: Count=75189, Max=535551, Min=4472, Avg=32576.32, 90=53727, 99=109759, 99.9=381951, 99.99=520447] [UPDATE: Count=3919, Max=508671, Min=5696, Avg=27763.7, 90=43391, 99=96703, 99.9=316671, 99.99=508671] 
Maximum time elapsed. Requesting stop for the workload.
Stop requested for workload. Now Joining!
Still waiting for thread Thread-114 to complete. Workload status: true
2020-09-07 16:50:12:786 302 sec: 2350001 operations; 615.88 current ops/sec; est completion in 16 minutes [READ: Count=1529, Max=143103, Min=6548, Avg=35285.02, 90=61631, 99=96895, 99.9=112575, 99.99=143103] [CLEANUP: Count=256, Max=2398207, Min=1, Avg=9365.86, 90=2, 99=18, 99.9=2398207, 99.99=2398207] [UPDATE: Count=81, Max=82047, Min=11968, Avg=29673.58, 90=59007, 99=76223, 99.9=82047, 99.99=82047] 
[OVERALL], RunTime(ms), 302616
[OVERALL], Throughput(ops/sec), 7765.6204562878365
[TOTAL_GCS_G1_Young_Generation], Count, 38
[TOTAL_GC_TIME_G1_Young_Generation], Time(ms), 424
[TOTAL_GC_TIME_%_G1_Young_Generation], Time(%), 0.14011156052555054
[TOTAL_GCS_G1_Old_Generation], Count, 0
[TOTAL_GC_TIME_G1_Old_Generation], Time(ms), 0
[TOTAL_GC_TIME_%_G1_Old_Generation], Time(%), 0.0
[TOTAL_GCs], Count, 38
[TOTAL_GC_TIME], Time(ms), 424
[TOTAL_GC_TIME_%], Time(%), 0.14011156052555054
[READ], Operations, 2232630
[READ], AverageLatency(us), 32637.11044015354
[READ], MinLatency(us), 3024
[READ], MaxLatency(us), 1573887
[READ], 95thPercentileLatency(us), 68607
[READ], 99thPercentileLatency(us), 105535
[READ], Return=OK, 2232630
[CLEANUP], Operations, 256
[CLEANUP], AverageLatency(us), 9365.86328125
[CLEANUP], MinLatency(us), 1
[CLEANUP], MaxLatency(us), 2398207
[CLEANUP], 95thPercentileLatency(us), 2
[CLEANUP], 99thPercentileLatency(us), 18
[UPDATE], Operations, 117371
[UPDATE], AverageLatency(us), 28086.007974712662
[UPDATE], MinLatency(us), 3322
[UPDATE], MaxLatency(us), 1214463
[UPDATE], 95thPercentileLatency(us), 57407
[UPDATE], 99thPercentileLatency(us), 90943
[UPDATE], Return=OK, 117371
