/opt/java/openjdk/bin/java  -classpath /usr/src/ycsb/conf:/usr/src/ycsb/lib/HdrHistogram-2.1.4.jar:/usr/src/ycsb/lib/core-0.18.0-SNAPSHOT.jar:/usr/src/ycsb/lib/htrace-core4-4.1.0-incubating.jar:/usr/src/ycsb/lib/jackson-core-asl-1.9.4.jar:/usr/src/ycsb/lib/jackson-mapper-asl-1.9.4.jar:/usr/src/ycsb/lib/postgresql-42.2.16.jar:/usr/src/ycsb/cassandra-binding/lib/cassandra-binding-0.18.0-SNAPSHOT.jar:/usr/src/ycsb/cassandra-binding/lib/cassandra-driver-core-3.0.0.jar:/usr/src/ycsb/cassandra-binding/lib/guava-16.0.1.jar:/usr/src/ycsb/cassandra-binding/lib/metrics-core-3.1.2.jar:/usr/src/ycsb/cassandra-binding/lib/netty-buffer-4.0.33.Final.jar:/usr/src/ycsb/cassandra-binding/lib/netty-codec-4.0.33.Final.jar:/usr/src/ycsb/cassandra-binding/lib/netty-common-4.0.33.Final.jar:/usr/src/ycsb/cassandra-binding/lib/netty-handler-4.0.33.Final.jar:/usr/src/ycsb/cassandra-binding/lib/netty-transport-4.0.33.Final.jar:/usr/src/ycsb/cassandra-binding/lib/slf4j-api-1.7.25.jar site.ycsb.Client -t -db site.ycsb.db.CassandraCQLClient -P workloads/workloada -p operationcount=10000000 -p hosts=10.0.1.32,10.0.1.27,10.0.1.30,10.0.1.25,10.0.1.24,10.0.1.23,10.0.1.22,10.0.1.21,10.0.1.19,10.0.1.18,10.0.1.17,10.0.1.16,10.0.1.15,10.0.1.14,10.0.1.13,10.0.1.11,10.0.1.9,10.0.1.7,10.0.1.5,10.0.1.3 -p maxexecutiontime=300 -threads 512 -p cassandra.readconsistencylevel=QUORUM -p cassandra.writeconsistencylevel=QUORUM -s
Command line: -t -db site.ycsb.db.CassandraCQLClient -P workloads/workloada -p operationcount=10000000 -p hosts=10.0.1.32,10.0.1.27,10.0.1.30,10.0.1.25,10.0.1.24,10.0.1.23,10.0.1.22,10.0.1.21,10.0.1.19,10.0.1.18,10.0.1.17,10.0.1.16,10.0.1.15,10.0.1.14,10.0.1.13,10.0.1.11,10.0.1.9,10.0.1.7,10.0.1.5,10.0.1.3 -p maxexecutiontime=300 -threads 512 -p cassandra.readconsistencylevel=QUORUM -p cassandra.writeconsistencylevel=QUORUM -s
YCSB Client 0.18.0-SNAPSHOT

Loading workload...
Starting test.
SLF4J: Failed to load class "org.slf4j.impl.StaticLoggerBinder".
SLF4J: Defaulting to no-operation (NOP) logger implementation
SLF4J: See http://www.slf4j.org/codes.html#StaticLoggerBinder for further details.
2020-09-17 09:45:48:916 0 sec: 0 operations; est completion in 0 second 
Maximum execution time specified as: 300 secs
WARNING: An illegal reflective access operation has occurred
WARNING: Illegal reflective access by io.netty.util.internal.PlatformDependent0 (file:/usr/src/ycsb/cassandra-binding/lib/netty-common-4.0.33.Final.jar) to field java.nio.Buffer.address
WARNING: Please consider reporting this to the maintainers of io.netty.util.internal.PlatformDependent0
WARNING: Use --illegal-access=warn to enable warnings of further illegal reflective access operations
WARNING: All illegal access operations will be denied in a future release
Sep 17, 2020 9:45:49 AM io.netty.util.internal.PlatformDependent <clinit>
INFO: Your platform does not provide complete low-level API for accessing direct buffers reliably. Unless explicitly requested, heap buffer will always be preferred to avoid potential system unstability.
DBWrapper: report latency for each error is false and specific error codes to track for latency are: []
DBWrapper: report latency for each error is false and specific error codes to track for latency are: []
DBWrapper: report latency for each error is false and specific error codes to track for latency are: []
DBWrapper: report latency for each error is false and specific error codes to track for latency are: []
DBWrapper: report latency for each error is false and specific error codes to track for latency are: []
DBWrapper: report latency for each error is false and specific error codes to track for latency are: []
DBWrapper: report latency for each error is false and specific error codes to track for latency are: []
DBWrapper: report latency for each error is false and specific error codes to track for latency are: []
DBWrapper: report latency for each error is false and specific error codes to track for latency are: []
DBWrapper: report latency for each error is false and specific error codes to track for latency are: []
DBWrapper: report latency for each error is false and specific error codes to track for latency are: []
DBWrapper: report latency for each error is false and specific error codes to track for latency are: []
DBWrapper: report latency for each error is false and specific error codes to track for latency are: []
DBWrapper: report latency for each error is false and specific error codes to track for latency are: []
DBWrapper: report latency for each error is false and specific error codes to track for latency are: []
DBWrapper: report latency for each error is false and specific error codes to track for latency are: []
DBWrapper: report latency for each error is false and specific error codes to track for latency are: []
DBWrapper: report latency for each error is false and specific error codes to track for latency are: []
DBWrapper: report latency for each error is false and specific error codes to track for latency are: []
DBWrapper: report latency for each error is false and specific error codes to track for latency are: []
DBWrapper: report latency for each error is false and specific error codes to track for latency are: []
DBWrapper: report latency for each error is false and specific error codes to track for latency are: []
DBWrapper: report latency for each error is false and specific error codes to track for latency are: []
DBWrapper: report latency for each error is false and specific error codes to track for latency are: []
DBWrapper: report latency for each error is false and specific error codes to track for latency are: []
DBWrapper: report latency for each error is false and specific error codes to track for latency are: []
DBWrapper: report latency for each error is false and specific error codes to track for latency are: []
DBWrapper: report latency for each error is false and specific error codes to track for latency are: []
DBWrapper: report latency for each error is false and specific error codes to track for latency are: []
DBWrapper: report latency for each error is false and specific error codes to track for latency are: []
DBWrapper: report latency for each error is false and specific error codes to track for latency are: []
DBWrapper: report latency for each error is false and specific error codes to track for latency are: []
DBWrapper: report latency for each error is false and specific error codes to track for latency are: []
DBWrapper: report latency for each error is false and specific error codes to track for latency are: []
DBWrapper: report latency for each error is false and specific error codes to track for latency are: []
DBWrapper: report latency for each error is false and specific error codes to track for latency are: []
DBWrapper: report latency for each error is false and specific error codes to track for latency are: []
DBWrapper: report latency for each error is false and specific error codes to track for latency are: []
DBWrapper: report latency for each error is false and specific error codes to track for latency are: []
DBWrapper: report latency for each error is false and specific error codes to track for latency are: []
DBWrapper: report latency for each error is false and specific error codes to track for latency are: []
DBWrapper: report latency for each error is false and specific error codes to track for latency are: []
DBWrapper: report latency for each error is false and specific error codes to track for latency are: []
DBWrapper: report latency for each error is false and specific error codes to track for latency are: []
DBWrapper: report latency for each error is false and specific error codes to track for latency are: []
DBWrapper: report latency for each error is false and specific error codes to track for latency are: []
DBWrapper: report latency for each error is false and specific error codes to track for latency are: []
DBWrapper: report latency for each error is false and specific error codes to track for latency are: []
DBWrapper: report latency for each error is false and specific error codes to track for latency are: []
DBWrapper: report latency for each error is false and specific error codes to track for latency are: []
DBWrapper: report latency for each error is false and specific error codes to track for latency are: []
DBWrapper: report latency for each error is false and specific error codes to track for latency are: []
DBWrapper: report latency for each error is false and specific error codes to track for latency are: []
DBWrapper: report latency for each error is false and specific error codes to track for latency are: []
DBWrapper: report latency for each error is false and specific error codes to track for latency are: []
DBWrapper: report latency for each error is false and specific error codes to track for latency are: []
DBWrapper: report latency for each error is false and specific error codes to track for latency are: []
DBWrapper: report latency for each error is false and specific error codes to track for latency are: []
DBWrapper: report latency for each error is false and specific error codes to track for latency are: []
DBWrapper: report latency for each error is false and specific error codes to track for latency are: []
DBWrapper: report latency for each error is false and specific error codes to track for latency are: []
DBWrapper: report latency for each error is false and specific error codes to track for latency are: []
DBWrapper: report latency for each error is false and specific error codes to track for latency are: []
DBWrapper: report latency for each error is false and specific error codes to track for latency are: []
DBWrapper: report latency for each error is false and specific error codes to track for latency are: []
DBWrapper: report latency for each error is false and specific error codes to track for latency are: []
DBWrapper: report latency for each error is false and specific error codes to track for latency are: []
DBWrapper: report latency for each error is false and specific error codes to track for latency are: []
DBWrapper: report latency for each error is false and specific error codes to track for latency are: []
DBWrapper: report latency for each error is false and specific error codes to track for latency are: []
DBWrapper: report latency for each error is false and specific error codes to track for latency are: []
DBWrapper: report latency for each error is false and specific error codes to track for latency are: []
DBWrapper: report latency for each error is false and specific error codes to track for latency are: []
DBWrapper: report latency for each error is false and specific error codes to track for latency are: []
DBWrapper: report latency for each error is false and specific error codes to track for latency are: []
DBWrapper: report latency for each error is false and specific error codes to track for latency are: []
DBWrapper: report latency for each error is false and specific error codes to track for latency are: []
DBWrapper: report latency for each error is false and specific error codes to track for latency are: []
DBWrapper: report latency for each error is false and specific error codes to track for latency are: []
DBWrapper: report latency for each error is false and specific error codes to track for latency are: []
DBWrapper: report latency for each error is false and specific error codes to track for latency are: []
DBWrapper: report latency for each error is false and specific error codes to track for latency are: []
DBWrapper: report latency for each error is false and specific error codes to track for latency are: []
DBWrapper: report latency for each error is false and specific error codes to track for latency are: []
DBWrapper: report latency for each error is false and specific error codes to track for latency are: []
DBWrapper: report latency for each error is false and specific error codes to track for latency are: []
DBWrapper: report latency for each error is false and specific error codes to track for latency are: []
DBWrapper: report latency for each error is false and specific error codes to track for latency are: []
DBWrapper: report latency for each error is false and specific error codes to track for latency are: []
DBWrapper: report latency for each error is false and specific error codes to track for latency are: []
DBWrapper: report latency for each error is false and specific error codes to track for latency are: []
DBWrapper: report latency for each error is false and specific error codes to track for latency are: []
DBWrapper: report latency for each error is false and specific error codes to track for latency are: []
DBWrapper: report latency for each error is false and specific error codes to track for latency are: []
DBWrapper: report latency for each error is false and specific error codes to track for latency are: []
DBWrapper: report latency for each error is false and specific error codes to track for latency are: []
DBWrapper: report latency for each error is false and specific error codes to track for latency are: []
DBWrapper: report latency for each error is false and specific error codes to track for latency are: []
DBWrapper: report latency for each error is false and specific error codes to track for latency are: []
DBWrapper: report latency for each error is false and specific error codes to track for latency are: []
DBWrapper: report latency for each error is false and specific error codes to track for latency are: []
DBWrapper: report latency for each error is false and specific error codes to track for latency are: []
DBWrapper: report latency for each error is false and specific error codes to track for latency are: []
DBWrapper: report latency for each error is false and specific error codes to track for latency are: []
DBWrapper: report latency for each error is false and specific error codes to track for latency are: []
DBWrapper: report latency for each error is false and specific error codes to track for latency are: []
DBWrapper: report latency for each error is false and specific error codes to track for latency are: []
DBWrapper: report latency for each error is false and specific error codes to track for latency are: []
DBWrapper: report latency for each error is false and specific error codes to track for latency are: []
DBWrapper: report latency for each error is false and specific error codes to track for latency are: []
DBWrapper: report latency for each error is false and specific error codes to track for latency are: []
DBWrapper: report latency for each error is false and specific error codes to track for latency are: []
DBWrapper: report latency for each error is false and specific error codes to track for latency are: []
DBWrapper: report latency for each error is false and specific error codes to track for latency are: []
DBWrapper: report latency for each error is false and specific error codes to track for latency are: []
DBWrapper: report latency for each error is false and specific error codes to track for latency are: []
DBWrapper: report latency for each error is false and specific error codes to track for latency are: []
DBWrapper: report latency for each error is false and specific error codes to track for latency are: []
DBWrapper: report latency for each error is false and specific error codes to track for latency are: []
DBWrapper: report latency for each error is false and specific error codes to track for latency are: []
DBWrapper: report latency for each error is false and specific error codes to track for latency are: []
DBWrapper: report latency for each error is false and specific error codes to track for latency are: []
DBWrapper: report latency for each error is false and specific error codes to track for latency are: []
DBWrapper: report latency for each error is false and specific error codes to track for latency are: []
DBWrapper: report latency for each error is false and specific error codes to track for latency are: []
DBWrapper: report latency for each error is false and specific error codes to track for latency are: []
DBWrapper: report latency for each error is false and specific error codes to track for latency are: []
DBWrapper: report latency for each error is false and specific error codes to track for latency are: []
DBWrapper: report latency for each error is false and specific error codes to track for latency are: []
DBWrapper: report latency for each error is false and specific error codes to track for latency are: []
DBWrapper: report latency for each error is false and specific error codes to track for latency are: []
DBWrapper: report latency for each error is false and specific error codes to track for latency are: []
DBWrapper: report latency for each error is false and specific error codes to track for latency are: []
DBWrapper: report latency for each error is false and specific error codes to track for latency are: []
DBWrapper: report latency for each error is false and specific error codes to track for latency are: []
DBWrapper: report latency for each error is false and specific error codes to track for latency are: []
DBWrapper: report latency for each error is false and specific error codes to track for latency are: []
DBWrapper: report latency for each error is false and specific error codes to track for latency are: []
DBWrapper: report latency for each error is false and specific error codes to track for latency are: []
DBWrapper: report latency for each error is false and specific error codes to track for latency are: []
DBWrapper: report latency for each error is false and specific error codes to track for latency are: []
DBWrapper: report latency for each error is false and specific error codes to track for latency are: []
DBWrapper: report latency for each error is false and specific error codes to track for latency are: []
DBWrapper: report latency for each error is false and specific error codes to track for latency are: []
DBWrapper: report latency for each error is false and specific error codes to track for latency are: []
DBWrapper: report latency for each error is false and specific error codes to track for latency are: []
DBWrapper: report latency for each error is false and specific error codes to track for latency are: []
DBWrapper: report latency for each error is false and specific error codes to track for latency are: []
DBWrapper: report latency for each error is false and specific error codes to track for latency are: []
DBWrapper: report latency for each error is false and specific error codes to track for latency are: []
DBWrapper: report latency for each error is false and specific error codes to track for latency are: []
DBWrapper: report latency for each error is false and specific error codes to track for latency are: []
DBWrapper: report latency for each error is false and specific error codes to track for latency are: []
DBWrapper: report latency for each error is false and specific error codes to track for latency are: []
DBWrapper: report latency for each error is false and specific error codes to track for latency are: []
DBWrapper: report latency for each error is false and specific error codes to track for latency are: []
DBWrapper: report latency for each error is false and specific error codes to track for latency are: []
DBWrapper: report latency for each error is false and specific error codes to track for latency are: []
DBWrapper: report latency for each error is false and specific error codes to track for latency are: []
DBWrapper: report latency for each error is false and specific error codes to track for latency are: []
DBWrapper: report latency for each error is false and specific error codes to track for latency are: []
DBWrapper: report latency for each error is false and specific error codes to track for latency are: []
DBWrapper: report latency for each error is false and specific error codes to track for latency are: []
DBWrapper: report latency for each error is false and specific error codes to track for latency are: []
DBWrapper: report latency for each error is false and specific error codes to track for latency are: []
DBWrapper: report latency for each error is false and specific error codes to track for latency are: []
DBWrapper: report latency for each error is false and specific error codes to track for latency are: []
DBWrapper: report latency for each error is false and specific error codes to track for latency are: []
DBWrapper: report latency for each error is false and specific error codes to track for latency are: []
DBWrapper: report latency for each error is false and specific error codes to track for latency are: []
DBWrapper: report latency for each error is false and specific error codes to track for latency are: []
DBWrapper: report latency for each error is false and specific error codes to track for latency are: []
DBWrapper: report latency for each error is false and specific error codes to track for latency are: []
DBWrapper: report latency for each error is false and specific error codes to track for latency are: []
DBWrapper: report latency for each error is false and specific error codes to track for latency are: []
DBWrapper: report latency for each error is false and specific error codes to track for latency are: []
DBWrapper: report latency for each error is false and specific error codes to track for latency are: []
DBWrapper: report latency for each error is false and specific error codes to track for latency are: []
DBWrapper: report latency for each error is false and specific error codes to track for latency are: []
DBWrapper: report latency for each error is false and specific error codes to track for latency are: []
DBWrapper: report latency for each error is false and specific error codes to track for latency are: []
DBWrapper: report latency for each error is false and specific error codes to track for latency are: []
DBWrapper: report latency for each error is false and specific error codes to track for latency are: []
DBWrapper: report latency for each error is false and specific error codes to track for latency are: []
DBWrapper: report latency for each error is false and specific error codes to track for latency are: []
DBWrapper: report latency for each error is false and specific error codes to track for latency are: []
DBWrapper: report latency for each error is false and specific error codes to track for latency are: []
DBWrapper: report latency for each error is false and specific error codes to track for latency are: []
DBWrapper: report latency for each error is false and specific error codes to track for latency are: []
DBWrapper: report latency for each error is false and specific error codes to track for latency are: []
DBWrapper: report latency for each error is false and specific error codes to track for latency are: []
DBWrapper: report latency for each error is false and specific error codes to track for latency are: []
DBWrapper: report latency for each error is false and specific error codes to track for latency are: []
DBWrapper: report latency for each error is false and specific error codes to track for latency are: []
DBWrapper: report latency for each error is false and specific error codes to track for latency are: []
DBWrapper: report latency for each error is false and specific error codes to track for latency are: []
DBWrapper: report latency for each error is false and specific error codes to track for latency are: []
DBWrapper: report latency for each error is false and specific error codes to track for latency are: []
DBWrapper: report latency for each error is false and specific error codes to track for latency are: []
DBWrapper: report latency for each error is false and specific error codes to track for latency are: []
DBWrapper: report latency for each error is false and specific error codes to track for latency are: []
DBWrapper: report latency for each error is false and specific error codes to track for latency are: []
DBWrapper: report latency for each error is false and specific error codes to track for latency are: []
DBWrapper: report latency for each error is false and specific error codes to track for latency are: []
DBWrapper: report latency for each error is false and specific error codes to track for latency are: []
DBWrapper: report latency for each error is false and specific error codes to track for latency are: []
DBWrapper: report latency for each error is false and specific error codes to track for latency are: []
DBWrapper: report latency for each error is false and specific error codes to track for latency are: []
DBWrapper: report latency for each error is false and specific error codes to track for latency are: []
DBWrapper: report latency for each error is false and specific error codes to track for latency are: []
DBWrapper: report latency for each error is false and specific error codes to track for latency are: []
DBWrapper: report latency for each error is false and specific error codes to track for latency are: []
DBWrapper: report latency for each error is false and specific error codes to track for latency are: []
DBWrapper: report latency for each error is false and specific error codes to track for latency are: []
DBWrapper: report latency for each error is false and specific error codes to track for latency are: []
DBWrapper: report latency for each error is false and specific error codes to track for latency are: []
DBWrapper: report latency for each error is false and specific error codes to track for latency are: []
DBWrapper: report latency for each error is false and specific error codes to track for latency are: []
DBWrapper: report latency for each error is false and specific error codes to track for latency are: []
DBWrapper: report latency for each error is false and specific error codes to track for latency are: []
DBWrapper: report latency for each error is false and specific error codes to track for latency are: []
DBWrapper: report latency for each error is false and specific error codes to track for latency are: []
DBWrapper: report latency for each error is false and specific error codes to track for latency are: []
DBWrapper: report latency for each error is false and specific error codes to track for latency are: []
DBWrapper: report latency for each error is false and specific error codes to track for latency are: []
DBWrapper: report latency for each error is false and specific error codes to track for latency are: []
DBWrapper: report latency for each error is false and specific error codes to track for latency are: []
DBWrapper: report latency for each error is false and specific error codes to track for latency are: []
DBWrapper: report latency for each error is false and specific error codes to track for latency are: []
DBWrapper: report latency for each error is false and specific error codes to track for latency are: []
DBWrapper: report latency for each error is false and specific error codes to track for latency are: []
DBWrapper: report latency for each error is false and specific error codes to track for latency are: []
DBWrapper: report latency for each error is false and specific error codes to track for latency are: []
DBWrapper: report latency for each error is false and specific error codes to track for latency are: []
DBWrapper: report latency for each error is false and specific error codes to track for latency are: []
DBWrapper: report latency for each error is false and specific error codes to track for latency are: []
DBWrapper: report latency for each error is false and specific error codes to track for latency are: []
DBWrapper: report latency for each error is false and specific error codes to track for latency are: []
DBWrapper: report latency for each error is false and specific error codes to track for latency are: []
DBWrapper: report latency for each error is false and specific error codes to track for latency are: []
DBWrapper: report latency for each error is false and specific error codes to track for latency are: []
DBWrapper: report latency for each error is false and specific error codes to track for latency are: []
DBWrapper: report latency for each error is false and specific error codes to track for latency are: []
DBWrapper: report latency for each error is false and specific error codes to track for latency are: []
DBWrapper: report latency for each error is false and specific error codes to track for latency are: []
DBWrapper: report latency for each error is false and specific error codes to track for latency are: []
DBWrapper: report latency for each error is false and specific error codes to track for latency are: []
DBWrapper: report latency for each error is false and specific error codes to track for latency are: []
DBWrapper: report latency for each error is false and specific error codes to track for latency are: []
DBWrapper: report latency for each error is false and specific error codes to track for latency are: []
DBWrapper: report latency for each error is false and specific error codes to track for latency are: []
DBWrapper: report latency for each error is false and specific error codes to track for latency are: []
DBWrapper: report latency for each error is false and specific error codes to track for latency are: []
DBWrapper: report latency for each error is false and specific error codes to track for latency are: []
DBWrapper: report latency for each error is false and specific error codes to track for latency are: []
DBWrapper: report latency for each error is false and specific error codes to track for latency are: []
DBWrapper: report latency for each error is false and specific error codes to track for latency are: []
DBWrapper: report latency for each error is false and specific error codes to track for latency are: []
DBWrapper: report latency for each error is false and specific error codes to track for latency are: []
DBWrapper: report latency for each error is false and specific error codes to track for latency are: []
DBWrapper: report latency for each error is false and specific error codes to track for latency are: []
DBWrapper: report latency for each error is false and specific error codes to track for latency are: []
DBWrapper: report latency for each error is false and specific error codes to track for latency are: []
DBWrapper: report latency for each error is false and specific error codes to track for latency are: []
DBWrapper: report latency for each error is false and specific error codes to track for latency are: []
DBWrapper: report latency for each error is false and specific error codes to track for latency are: []
DBWrapper: report latency for each error is false and specific error codes to track for latency are: []
DBWrapper: report latency for each error is false and specific error codes to track for latency are: []
DBWrapper: report latency for each error is false and specific error codes to track for latency are: []
DBWrapper: report latency for each error is false and specific error codes to track for latency are: []
DBWrapper: report latency for each error is false and specific error codes to track for latency are: []
DBWrapper: report latency for each error is false and specific error codes to track for latency are: []
DBWrapper: report latency for each error is false and specific error codes to track for latency are: []
DBWrapper: report latency for each error is false and specific error codes to track for latency are: []
DBWrapper: report latency for each error is false and specific error codes to track for latency are: []
DBWrapper: report latency for each error is false and specific error codes to track for latency are: []
DBWrapper: report latency for each error is false and specific error codes to track for latency are: []
DBWrapper: report latency for each error is false and specific error codes to track for latency are: []
DBWrapper: report latency for each error is false and specific error codes to track for latency are: []
DBWrapper: report latency for each error is false and specific error codes to track for latency are: []
DBWrapper: report latency for each error is false and specific error codes to track for latency are: []
DBWrapper: report latency for each error is false and specific error codes to track for latency are: []
DBWrapper: report latency for each error is false and specific error codes to track for latency are: []
DBWrapper: report latency for each error is false and specific error codes to track for latency are: []
DBWrapper: report latency for each error is false and specific error codes to track for latency are: []
DBWrapper: report latency for each error is false and specific error codes to track for latency are: []
DBWrapper: report latency for each error is false and specific error codes to track for latency are: []
DBWrapper: report latency for each error is false and specific error codes to track for latency are: []
DBWrapper: report latency for each error is false and specific error codes to track for latency are: []
DBWrapper: report latency for each error is false and specific error codes to track for latency are: []
DBWrapper: report latency for each error is false and specific error codes to track for latency are: []
DBWrapper: report latency for each error is false and specific error codes to track for latency are: []
DBWrapper: report latency for each error is false and specific error codes to track for latency are: []
DBWrapper: report latency for each error is false and specific error codes to track for latency are: []
DBWrapper: report latency for each error is false and specific error codes to track for latency are: []
DBWrapper: report latency for each error is false and specific error codes to track for latency are: []
DBWrapper: report latency for each error is false and specific error codes to track for latency are: []
DBWrapper: report latency for each error is false and specific error codes to track for latency are: []
DBWrapper: report latency for each error is false and specific error codes to track for latency are: []
DBWrapper: report latency for each error is false and specific error codes to track for latency are: []
DBWrapper: report latency for each error is false and specific error codes to track for latency are: []
DBWrapper: report latency for each error is false and specific error codes to track for latency are: []
DBWrapper: report latency for each error is false and specific error codes to track for latency are: []
DBWrapper: report latency for each error is false and specific error codes to track for latency are: []
DBWrapper: report latency for each error is false and specific error codes to track for latency are: []
DBWrapper: report latency for each error is false and specific error codes to track for latency are: []
DBWrapper: report latency for each error is false and specific error codes to track for latency are: []
DBWrapper: report latency for each error is false and specific error codes to track for latency are: []
DBWrapper: report latency for each error is false and specific error codes to track for latency are: []
DBWrapper: report latency for each error is false and specific error codes to track for latency are: []
DBWrapper: report latency for each error is false and specific error codes to track for latency are: []
DBWrapper: report latency for each error is false and specific error codes to track for latency are: []
DBWrapper: report latency for each error is false and specific error codes to track for latency are: []
DBWrapper: report latency for each error is false and specific error codes to track for latency are: []
DBWrapper: report latency for each error is false and specific error codes to track for latency are: []
DBWrapper: report latency for each error is false and specific error codes to track for latency are: []
DBWrapper: report latency for each error is false and specific error codes to track for latency are: []
DBWrapper: report latency for each error is false and specific error codes to track for latency are: []
DBWrapper: report latency for each error is false and specific error codes to track for latency are: []
DBWrapper: report latency for each error is false and specific error codes to track for latency are: []
DBWrapper: report latency for each error is false and specific error codes to track for latency are: []
DBWrapper: report latency for each error is false and specific error codes to track for latency are: []
DBWrapper: report latency for each error is false and specific error codes to track for latency are: []
DBWrapper: report latency for each error is false and specific error codes to track for latency are: []
DBWrapper: report latency for each error is false and specific error codes to track for latency are: []
DBWrapper: report latency for each error is false and specific error codes to track for latency are: []
DBWrapper: report latency for each error is false and specific error codes to track for latency are: []
DBWrapper: report latency for each error is false and specific error codes to track for latency are: []
DBWrapper: report latency for each error is false and specific error codes to track for latency are: []
DBWrapper: report latency for each error is false and specific error codes to track for latency are: []
DBWrapper: report latency for each error is false and specific error codes to track for latency are: []
DBWrapper: report latency for each error is false and specific error codes to track for latency are: []
DBWrapper: report latency for each error is false and specific error codes to track for latency are: []
DBWrapper: report latency for each error is false and specific error codes to track for latency are: []
DBWrapper: report latency for each error is false and specific error codes to track for latency are: []
DBWrapper: report latency for each error is false and specific error codes to track for latency are: []
DBWrapper: report latency for each error is false and specific error codes to track for latency are: []
DBWrapper: report latency for each error is false and specific error codes to track for latency are: []
DBWrapper: report latency for each error is false and specific error codes to track for latency are: []
DBWrapper: report latency for each error is false and specific error codes to track for latency are: []
DBWrapper: report latency for each error is false and specific error codes to track for latency are: []
DBWrapper: report latency for each error is false and specific error codes to track for latency are: []
DBWrapper: report latency for each error is false and specific error codes to track for latency are: []
DBWrapper: report latency for each error is false and specific error codes to track for latency are: []
DBWrapper: report latency for each error is false and specific error codes to track for latency are: []
DBWrapper: report latency for each error is false and specific error codes to track for latency are: []
DBWrapper: report latency for each error is false and specific error codes to track for latency are: []
DBWrapper: report latency for each error is false and specific error codes to track for latency are: []
DBWrapper: report latency for each error is false and specific error codes to track for latency are: []
DBWrapper: report latency for each error is false and specific error codes to track for latency are: []
DBWrapper: report latency for each error is false and specific error codes to track for latency are: []
DBWrapper: report latency for each error is false and specific error codes to track for latency are: []
DBWrapper: report latency for each error is false and specific error codes to track for latency are: []
DBWrapper: report latency for each error is false and specific error codes to track for latency are: []
DBWrapper: report latency for each error is false and specific error codes to track for latency are: []
DBWrapper: report latency for each error is false and specific error codes to track for latency are: []
DBWrapper: report latency for each error is false and specific error codes to track for latency are: []
DBWrapper: report latency for each error is false and specific error codes to track for latency are: []
DBWrapper: report latency for each error is false and specific error codes to track for latency are: []
DBWrapper: report latency for each error is false and specific error codes to track for latency are: []
DBWrapper: report latency for each error is false and specific error codes to track for latency are: []
DBWrapper: report latency for each error is false and specific error codes to track for latency are: []
DBWrapper: report latency for each error is false and specific error codes to track for latency are: []
DBWrapper: report latency for each error is false and specific error codes to track for latency are: []
DBWrapper: report latency for each error is false and specific error codes to track for latency are: []
DBWrapper: report latency for each error is false and specific error codes to track for latency are: []
DBWrapper: report latency for each error is false and specific error codes to track for latency are: []
DBWrapper: report latency for each error is false and specific error codes to track for latency are: []
DBWrapper: report latency for each error is false and specific error codes to track for latency are: []
DBWrapper: report latency for each error is false and specific error codes to track for latency are: []
DBWrapper: report latency for each error is false and specific error codes to track for latency are: []
DBWrapper: report latency for each error is false and specific error codes to track for latency are: []
DBWrapper: report latency for each error is false and specific error codes to track for latency are: []
DBWrapper: report latency for each error is false and specific error codes to track for latency are: []
DBWrapper: report latency for each error is false and specific error codes to track for latency are: []
DBWrapper: report latency for each error is false and specific error codes to track for latency are: []
DBWrapper: report latency for each error is false and specific error codes to track for latency are: []
DBWrapper: report latency for each error is false and specific error codes to track for latency are: []
DBWrapper: report latency for each error is false and specific error codes to track for latency are: []
DBWrapper: report latency for each error is false and specific error codes to track for latency are: []
DBWrapper: report latency for each error is false and specific error codes to track for latency are: []
DBWrapper: report latency for each error is false and specific error codes to track for latency are: []
DBWrapper: report latency for each error is false and specific error codes to track for latency are: []
DBWrapper: report latency for each error is false and specific error codes to track for latency are: []
DBWrapper: report latency for each error is false and specific error codes to track for latency are: []
DBWrapper: report latency for each error is false and specific error codes to track for latency are: []
DBWrapper: report latency for each error is false and specific error codes to track for latency are: []
DBWrapper: report latency for each error is false and specific error codes to track for latency are: []
DBWrapper: report latency for each error is false and specific error codes to track for latency are: []
DBWrapper: report latency for each error is false and specific error codes to track for latency are: []
DBWrapper: report latency for each error is false and specific error codes to track for latency are: []
DBWrapper: report latency for each error is false and specific error codes to track for latency are: []
DBWrapper: report latency for each error is false and specific error codes to track for latency are: []
DBWrapper: report latency for each error is false and specific error codes to track for latency are: []
DBWrapper: report latency for each error is false and specific error codes to track for latency are: []
DBWrapper: report latency for each error is false and specific error codes to track for latency are: []
DBWrapper: report latency for each error is false and specific error codes to track for latency are: []
DBWrapper: report latency for each error is false and specific error codes to track for latency are: []
DBWrapper: report latency for each error is false and specific error codes to track for latency are: []
DBWrapper: report latency for each error is false and specific error codes to track for latency are: []
DBWrapper: report latency for each error is false and specific error codes to track for latency are: []
DBWrapper: report latency for each error is false and specific error codes to track for latency are: []
DBWrapper: report latency for each error is false and specific error codes to track for latency are: []
DBWrapper: report latency for each error is false and specific error codes to track for latency are: []
DBWrapper: report latency for each error is false and specific error codes to track for latency are: []
DBWrapper: report latency for each error is false and specific error codes to track for latency are: []
DBWrapper: report latency for each error is false and specific error codes to track for latency are: []
DBWrapper: report latency for each error is false and specific error codes to track for latency are: []
DBWrapper: report latency for each error is false and specific error codes to track for latency are: []
DBWrapper: report latency for each error is false and specific error codes to track for latency are: []
DBWrapper: report latency for each error is false and specific error codes to track for latency are: []
DBWrapper: report latency for each error is false and specific error codes to track for latency are: []
DBWrapper: report latency for each error is false and specific error codes to track for latency are: []
DBWrapper: report latency for each error is false and specific error codes to track for latency are: []
DBWrapper: report latency for each error is false and specific error codes to track for latency are: []
DBWrapper: report latency for each error is false and specific error codes to track for latency are: []
DBWrapper: report latency for each error is false and specific error codes to track for latency are: []
DBWrapper: report latency for each error is false and specific error codes to track for latency are: []
DBWrapper: report latency for each error is false and specific error codes to track for latency are: []
DBWrapper: report latency for each error is false and specific error codes to track for latency are: []
DBWrapper: report latency for each error is false and specific error codes to track for latency are: []
DBWrapper: report latency for each error is false and specific error codes to track for latency are: []
DBWrapper: report latency for each error is false and specific error codes to track for latency are: []
DBWrapper: report latency for each error is false and specific error codes to track for latency are: []
DBWrapper: report latency for each error is false and specific error codes to track for latency are: []
DBWrapper: report latency for each error is false and specific error codes to track for latency are: []
DBWrapper: report latency for each error is false and specific error codes to track for latency are: []
DBWrapper: report latency for each error is false and specific error codes to track for latency are: []
DBWrapper: report latency for each error is false and specific error codes to track for latency are: []
DBWrapper: report latency for each error is false and specific error codes to track for latency are: []
DBWrapper: report latency for each error is false and specific error codes to track for latency are: []
DBWrapper: report latency for each error is false and specific error codes to track for latency are: []
DBWrapper: report latency for each error is false and specific error codes to track for latency are: []
DBWrapper: report latency for each error is false and specific error codes to track for latency are: []
DBWrapper: report latency for each error is false and specific error codes to track for latency are: []
DBWrapper: report latency for each error is false and specific error codes to track for latency are: []
DBWrapper: report latency for each error is false and specific error codes to track for latency are: []
DBWrapper: report latency for each error is false and specific error codes to track for latency are: []
DBWrapper: report latency for each error is false and specific error codes to track for latency are: []
DBWrapper: report latency for each error is false and specific error codes to track for latency are: []
DBWrapper: report latency for each error is false and specific error codes to track for latency are: []
DBWrapper: report latency for each error is false and specific error codes to track for latency are: []
DBWrapper: report latency for each error is false and specific error codes to track for latency are: []
DBWrapper: report latency for each error is false and specific error codes to track for latency are: []
DBWrapper: report latency for each error is false and specific error codes to track for latency are: []
DBWrapper: report latency for each error is false and specific error codes to track for latency are: []
DBWrapper: report latency for each error is false and specific error codes to track for latency are: []
DBWrapper: report latency for each error is false and specific error codes to track for latency are: []
DBWrapper: report latency for each error is false and specific error codes to track for latency are: []
DBWrapper: report latency for each error is false and specific error codes to track for latency are: []
DBWrapper: report latency for each error is false and specific error codes to track for latency are: []
DBWrapper: report latency for each error is false and specific error codes to track for latency are: []
DBWrapper: report latency for each error is false and specific error codes to track for latency are: []
DBWrapper: report latency for each error is false and specific error codes to track for latency are: []
DBWrapper: report latency for each error is false and specific error codes to track for latency are: []
DBWrapper: report latency for each error is false and specific error codes to track for latency are: []
DBWrapper: report latency for each error is false and specific error codes to track for latency are: []
DBWrapper: report latency for each error is false and specific error codes to track for latency are: []
DBWrapper: report latency for each error is false and specific error codes to track for latency are: []
DBWrapper: report latency for each error is false and specific error codes to track for latency are: []
DBWrapper: report latency for each error is false and specific error codes to track for latency are: []
DBWrapper: report latency for each error is false and specific error codes to track for latency are: []
DBWrapper: report latency for each error is false and specific error codes to track for latency are: []
DBWrapper: report latency for each error is false and specific error codes to track for latency are: []
DBWrapper: report latency for each error is false and specific error codes to track for latency are: []
DBWrapper: report latency for each error is false and specific error codes to track for latency are: []
DBWrapper: report latency for each error is false and specific error codes to track for latency are: []
DBWrapper: report latency for each error is false and specific error codes to track for latency are: []
DBWrapper: report latency for each error is false and specific error codes to track for latency are: []
DBWrapper: report latency for each error is false and specific error codes to track for latency are: []
DBWrapper: report latency for each error is false and specific error codes to track for latency are: []
DBWrapper: report latency for each error is false and specific error codes to track for latency are: []
DBWrapper: report latency for each error is false and specific error codes to track for latency are: []
DBWrapper: report latency for each error is false and specific error codes to track for latency are: []
DBWrapper: report latency for each error is false and specific error codes to track for latency are: []
DBWrapper: report latency for each error is false and specific error codes to track for latency are: []
DBWrapper: report latency for each error is false and specific error codes to track for latency are: []
DBWrapper: report latency for each error is false and specific error codes to track for latency are: []
DBWrapper: report latency for each error is false and specific error codes to track for latency are: []
DBWrapper: report latency for each error is false and specific error codes to track for latency are: []
DBWrapper: report latency for each error is false and specific error codes to track for latency are: []
DBWrapper: report latency for each error is false and specific error codes to track for latency are: []
DBWrapper: report latency for each error is false and specific error codes to track for latency are: []
DBWrapper: report latency for each error is false and specific error codes to track for latency are: []
DBWrapper: report latency for each error is false and specific error codes to track for latency are: []
DBWrapper: report latency for each error is false and specific error codes to track for latency are: []
DBWrapper: report latency for each error is false and specific error codes to track for latency are: []
DBWrapper: report latency for each error is false and specific error codes to track for latency are: []
DBWrapper: report latency for each error is false and specific error codes to track for latency are: []
DBWrapper: report latency for each error is false and specific error codes to track for latency are: []
DBWrapper: report latency for each error is false and specific error codes to track for latency are: []
DBWrapper: report latency for each error is false and specific error codes to track for latency are: []
DBWrapper: report latency for each error is false and specific error codes to track for latency are: []
DBWrapper: report latency for each error is false and specific error codes to track for latency are: []
DBWrapper: report latency for each error is false and specific error codes to track for latency are: []
DBWrapper: report latency for each error is false and specific error codes to track for latency are: []
DBWrapper: report latency for each error is false and specific error codes to track for latency are: []
DBWrapper: report latency for each error is false and specific error codes to track for latency are: []
DBWrapper: report latency for each error is false and specific error codes to track for latency are: []
DBWrapper: report latency for each error is false and specific error codes to track for latency are: []
DBWrapper: report latency for each error is false and specific error codes to track for latency are: []
DBWrapper: report latency for each error is false and specific error codes to track for latency are: []
DBWrapper: report latency for each error is false and specific error codes to track for latency are: []
DBWrapper: report latency for each error is false and specific error codes to track for latency are: []
DBWrapper: report latency for each error is false and specific error codes to track for latency are: []
DBWrapper: report latency for each error is false and specific error codes to track for latency are: []
DBWrapper: report latency for each error is false and specific error codes to track for latency are: []
DBWrapper: report latency for each error is false and specific error codes to track for latency are: []
DBWrapper: report latency for each error is false and specific error codes to track for latency are: []
DBWrapper: report latency for each error is false and specific error codes to track for latency are: []
DBWrapper: report latency for each error is false and specific error codes to track for latency are: []
DBWrapper: report latency for each error is false and specific error codes to track for latency are: []
2020-09-17 09:45:58:661 10 sec: 38474 operations; 3847.02 current ops/sec; est completion in 43 minutes [READ: Count=19399, Max=1833983, Min=5280, Avg=94955.01, 90=161023, 99=1033727, 99.9=1671167, 99.99=1816575] [UPDATE: Count=19521, Max=1935359, Min=6668, Avg=83725.01, 90=129983, 99=1085439, 99.9=1673215, 99.99=1888255] 
2020-09-17 09:46:08:660 20 sec: 113098 operations; 7462.4 current ops/sec; est completion in 29 minutes [READ: Count=37200, Max=830463, Min=4708, Avg=76980.08, 90=156671, 99=323071, 99.9=483583, 99.99=738303] [UPDATE: Count=37069, Max=504063, Min=4248, Avg=59002.74, 90=110655, 99=232575, 99.9=387583, 99.99=456447] 
2020-09-17 09:46:18:660 30 sec: 180907 operations; 6780.9 current ops/sec; est completion in 27 minutes [READ: Count=33988, Max=2234367, Min=3452, Avg=88313.25, 90=166911, 99=901631, 99.9=1642495, 99.99=2062335] [UPDATE: Count=33756, Max=1858559, Min=3520, Avg=62182.3, 90=105919, 99=596991, 99.9=1309695, 99.99=1634303] 
2020-09-17 09:46:28:660 40 sec: 238041 operations; 5713.4 current ops/sec; est completion in 27 minutes [READ: Count=28409, Max=5578751, Min=3724, Avg=109361.61, 90=149759, 99=1516543, 99.9=4960255, 99.99=5439487] [UPDATE: Count=28665, Max=2406399, Min=3784, Avg=46580.03, 90=73279, 99=413183, 99.9=1394687, 99.99=2209791] [READ-FAILED: Count=53, Max=5193727, Min=5005312, Avg=5041828.23, 90=5124095, 99=5177343, 99.9=5193727, 99.99=5193727] 
2020-09-17 09:46:38:660 50 sec: 288160 operations; 5011.9 current ops/sec; est completion in 28 minutes [READ: Count=25228, Max=4714495, Min=2988, Avg=130230.23, 90=287487, 99=1869823, 99.9=3463167, 99.99=4452351] [UPDATE: Count=24843, Max=1841151, Min=3622, Avg=61327.64, 90=89279, 99=920575, 99.9=1457151, 99.99=1754111] [READ-FAILED: Count=51, Max=10756095, Min=9543680, Avg=10233012.71, 90=10706943, 99=10747903, 99.9=10756095, 99.99=10756095] 
2020-09-17 09:46:48:660 60 sec: 350115 operations; 6195.5 current ops/sec; est completion in 27 minutes [READ: Count=30967, Max=3446783, Min=3744, Avg=112134.65, 90=178815, 99=1595391, 99.9=2930687, 99.99=3284991] [UPDATE: Count=31005, Max=2121727, Min=3414, Avg=56413.53, 90=87551, 99=531967, 99.9=1403903, 99.99=1968127] [READ-FAILED: Count=0, Max=0, Min=9223372036854775807, Avg=NaN, 90=0, 99=0, 99.9=0, 99.99=0] 
2020-09-17 09:46:58:661 70 sec: 395189 operations; 4507.4 current ops/sec; est completion in 28 minutes [READ: Count=22407, Max=3233791, Min=2934, Avg=127669.94, 90=352255, 99=1524735, 99.9=2457599, 99.99=3031039] [UPDATE-FAILED: Count=28, Max=3731455, Min=2003968, Avg=2821339.43, 90=3698687, 99=3731455, 99.9=3731455, 99.99=3731455] [UPDATE: Count=22589, Max=1937407, Min=3734, Avg=63484.08, 90=97727, 99=709631, 99.9=1558527, 99.99=1842175] [READ-FAILED: Count=20, Max=4386815, Min=2590720, Avg=3942195.2, 90=4358143, 99=4386815, 99.9=4386815, 99.99=4386815] 
2020-09-17 09:47:08:660 80 sec: 404345 operations; 915.6 current ops/sec; est completion in 31 minutes [READ: Count=4549, Max=7299071, Min=3050, Avg=458940.3, 90=1668095, 99=5537791, 99.9=6758399, 99.99=7299071] [UPDATE-FAILED: Count=81, Max=7090175, Min=2001920, Avg=2962400.4, 90=4489215, 99=7077887, 99.9=7090175, 99.99=7090175] [UPDATE: Count=4446, Max=5627903, Min=3210, Avg=330787.68, 90=1113087, 99=5050367, 99.9=5611519, 99.99=5627903] [READ-FAILED: Count=95, Max=7057407, Min=2028544, Avg=4064024.25, 90=5951487, 99=6856703, 99.9=7057407, 99.99=7057407] 
2020-09-17 09:47:18:661 90 sec: 431790 operations; 2744.5 current ops/sec; est completion in 33 minutes [READ: Count=13759, Max=12050431, Min=2928, Avg=269396.23, 90=458751, 99=6012927, 99.9=7675903, 99.99=9814015] [UPDATE-FAILED: Count=4, Max=11763711, Min=10100736, Avg=10567680, 90=11763711, 99=11763711, 99.9=11763711, 99.99=11763711] [UPDATE: Count=13681, Max=10149887, Min=3466, Avg=210777.15, 90=148735, 99=5050367, 99.9=8216575, 99.99=10035199] [READ-FAILED: Count=1, Max=9535487, Min=9527296, Avg=9531392, 90=9535487, 99=9535487, 99.9=9535487, 99.99=9535487] 
2020-09-17 09:47:28:661 100 sec: 467639 operations; 3584.54 current ops/sec; est completion in 33 minutes [READ: Count=18030, Max=4175871, Min=3146, Avg=159844.16, 90=391423, 99=2375679, 99.9=2983935, 99.99=3821567] [UPDATE-FAILED: Count=0, Max=0, Min=9223372036854775807, Avg=NaN, 90=0, 99=0, 99.9=0, 99.99=0] [UPDATE: Count=17796, Max=3129343, Min=3282, Avg=116852.44, 90=141439, 99=2073599, 99.9=2832383, 99.99=3004415] [READ-FAILED: Count=0, Max=0, Min=9223372036854775807, Avg=NaN, 90=0, 99=0, 99.9=0, 99.99=0] 
2020-09-17 09:47:38:660 110 sec: 500222 operations; 3258.63 current ops/sec; est completion in 34 minutes [READ: Count=16304, Max=4870143, Min=3466, Avg=191044.56, 90=431871, 99=2404351, 99.9=4567039, 99.99=4767743] [UPDATE-FAILED: Count=3, Max=2363391, Min=2320384, Avg=2335061.33, 90=2363391, 99=2363391, 99.9=2363391, 99.99=2363391] [UPDATE: Count=16308, Max=4710399, Min=3142, Avg=138229.8, 90=134271, 99=2260991, 99.9=4460543, 99.99=4587519] [READ-FAILED: Count=2, Max=4247551, Min=3586048, Avg=3916288, 90=4247551, 99=4247551, 99.9=4247551, 99.99=4247551] 
2020-09-17 09:47:48:660 120 sec: 525588 operations; 2536.6 current ops/sec; est completion in 36 minutes [READ: Count=12669, Max=7806975, Min=3472, Avg=214983.9, 90=484607, 99=4755455, 99.9=6529023, 99.99=7495679] [UPDATE-FAILED: Count=48, Max=7376895, Min=2037760, Avg=5805834.67, 90=6115327, 99=7376895, 99.9=7376895, 99.99=7376895] [UPDATE: Count=12612, Max=6189055, Min=3300, Avg=152367.48, 90=292607, 99=2961407, 99.9=5820415, 99.99=6131711] [READ-FAILED: Count=10, Max=7229439, Min=3241984, Avg=6645452.8, 90=7167999, 99=7229439, 99.9=7229439, 99.99=7229439] 
2020-09-17 09:47:58:663 130 sec: 537243 operations; 1165.15 current ops/sec; est completion in 38 minutes [READ: Count=5888, Max=4780031, Min=2952, Avg=332192.89, 90=1328127, 99=3274751, 99.9=3839999, 99.99=4636671] [UPDATE-FAILED: Count=24, Max=3751935, Min=2001920, Avg=2463146.67, 90=3682303, 99=3751935, 99.9=3751935, 99.99=3751935] [UPDATE: Count=5723, Max=3514367, Min=2958, Avg=223509.33, 90=714751, 99=2942975, 99.9=3436543, 99.99=3506175] [READ-FAILED: Count=12, Max=5562367, Min=2191360, Avg=3203157.33, 90=3592191, 99=5562367, 99.9=5562367, 99.99=5562367] 
2020-09-17 09:48:08:661 140 sec: 538638 operations; 139.54 current ops/sec; est completion in 41 minutes [READ: Count=667, Max=12910591, Min=3446, Avg=2541881.17, 90=12075007, 99=12361727, 99.9=12754943, 99.99=12910591] [UPDATE-FAILED: Count=66, Max=14295039, Min=2001920, Avg=7312477.09, 90=14073855, 99=14123007, 99.9=14295039, 99.99=14295039] [UPDATE: Count=637, Max=13910015, Min=2914, Avg=2512641.94, 90=12066815, 99=12394495, 99.9=13844479, 99.99=13910015] [READ-FAILED: Count=28, Max=17055743, Min=5001216, Avg=5518262.86, 90=5275647, 99=17055743, 99.9=17055743, 99.99=17055743] 
2020-09-17 09:48:18:660 150 sec: 544322 operations; 568.4 current ops/sec; est completion in 43 minutes [READ: Count=2401, Max=16400383, Min=3396, Avg=441074.88, 90=224895, 99=12025855, 99.9=14434303, 99.99=16400383] [UPDATE-FAILED: Count=493, Max=23134207, Min=4804, Avg=4369862.89, 90=14016511, 99=21544959, 99.9=23134207, 99.99=23134207] [UPDATE: Count=2391, Max=12107775, Min=2914, Avg=354453.22, 90=56511, 99=10190847, 99.9=12099583, 99.99=12107775] [READ-FAILED: Count=398, Max=26755071, Min=4120, Avg=8795605.42, 90=17104895, 99=26050559, 99.9=26755071, 99.99=26755071] 
2020-09-17 09:48:28:660 160 sec: 556959 operations; 1263.7 current ops/sec; est completion in 45 minutes [READ: Count=5020, Max=801791, Min=3376, Avg=20209.26, 90=27647, 99=258815, 99.9=469247, 99.99=662015] [UPDATE-FAILED: Count=1238, Max=2301951, Min=4068, Avg=1235254.65, 90=2008063, 99=2127871, 99.9=2258943, 99.99=2301951] [UPDATE: Count=5237, Max=403455, Min=3286, Avg=12529.55, 90=14647, 99=136831, 99.9=271615, 99.99=391423] [READ-FAILED: Count=1145, Max=5398527, Min=3296, Avg=2817757.86, 90=5009407, 99=5087231, 99.9=5263359, 99.99=5398527] 
2020-09-17 09:48:38:661 170 sec: 572955 operations; 1599.44 current ops/sec; est completion in 46 minutes [READ: Count=6434, Max=2738175, Min=3314, Avg=103423.21, 90=213759, 99=1976319, 99.9=2529279, 99.99=2697215] [UPDATE-FAILED: Count=1585, Max=4167679, Min=3438, Avg=674246.14, 90=2006015, 99=2729983, 99.9=3678207, 99.99=4167679] [UPDATE: Count=6264, Max=2387967, Min=2846, Avg=85432.22, 90=125375, 99=1771519, 99.9=2316287, 99.99=2353151] [READ-FAILED: Count=1712, Max=7077887, Min=3414, Avg=1756739.94, 90=5009407, 99=5271551, 99.9=5922815, 99.99=7077887] 
2020-09-17 09:48:48:661 180 sec: 600321 operations; 2736.87 current ops/sec; est completion in 46 minutes [READ: Count=11068, Max=4329471, Min=3176, Avg=159755.38, 90=463103, 99=1874943, 99.9=3524607, 99.99=4163583] [UPDATE-FAILED: Count=2551, Max=2635775, Min=3654, Avg=374725.8, 90=1466367, 99=2038783, 99.9=2568191, 99.99=2635775] [UPDATE: Count=11071, Max=3364863, Min=3410, Avg=121574.61, 90=212095, 99=1765375, 99.9=2660351, 99.99=3334143] [READ-FAILED: Count=2675, Max=7311359, Min=3718, Avg=492478.17, 90=1548287, 99=6328319, 99.9=7241727, 99.99=7311359] 
2020-09-17 09:48:58:660 190 sec: 634460 operations; 3413.9 current ops/sec; est completion in 46 minutes [READ: Count=13864, Max=3043327, Min=3380, Avg=151157.97, 90=484863, 99=1625087, 99.9=2271231, 99.99=2967551] [UPDATE-FAILED: Count=3244, Max=2793471, Min=3832, Avg=257320.48, 90=924159, 99=1659903, 99.9=2085887, 99.99=2793471] [UPDATE: Count=13776, Max=2699263, Min=3382, Avg=126478.03, 90=401663, 99=1577983, 99.9=1842175, 99.99=2424831] [READ-FAILED: Count=3264, Max=2398207, Min=3552, Avg=245532.25, 90=888831, 99=1637375, 99.9=1733631, 99.99=2398207] 
2020-09-17 09:49:08:660 200 sec: 670643 operations; 3618.3 current ops/sec; est completion in 46 minutes [READ: Count=14639, Max=3004415, Min=3116, Avg=123592.24, 90=318975, 99=1370111, 99.9=2553855, 99.99=2992127] [UPDATE-FAILED: Count=3407, Max=1926143, Min=3858, Avg=241546.49, 90=905215, 99=1393663, 99.9=1562623, 99.99=1926143] [UPDATE: Count=14712, Max=2547711, Min=3402, Avg=105270.23, 90=245119, 99=1246207, 99.9=1572863, 99.99=2410495] [READ-FAILED: Count=3416, Max=1794047, Min=3710, Avg=259563.65, 90=922623, 99=1465343, 99.9=1559551, 99.99=1794047] 
2020-09-17 09:49:18:661 210 sec: 709694 operations; 3905.1 current ops/sec; est completion in 45 minutes [READ: Count=15770, Max=3475455, Min=3302, Avg=132163.64, 90=335359, 99=1613823, 99.9=2056191, 99.99=3364863] [UPDATE-FAILED: Count=3641, Max=2193407, Min=3566, Avg=207016.43, 90=761343, 99=1647615, 99.9=2021375, 99.99=2193407] [UPDATE: Count=15977, Max=3514367, Min=3438, Avg=101981.87, 90=184959, 99=1486847, 99.9=1964031, 99.99=3219455] [READ-FAILED: Count=3683, Max=1913855, Min=3902, Avg=217354.08, 90=812543, 99=1583103, 99.9=1786879, 99.99=1913855] 
2020-09-17 09:49:28:660 220 sec: 756385 operations; 4669.1 current ops/sec; est completion in 44 minutes [READ: Count=19015, Max=1779711, Min=2814, Avg=85052.2, 90=196735, 99=869887, 99.9=1252351, 99.99=1399807] [UPDATE-FAILED: Count=4196, Max=2828287, Min=3768, Avg=303687.21, 90=796671, 99=2039807, 99.9=2609151, 99.99=2828287] [UPDATE: Count=19113, Max=1377279, Min=4012, Avg=72876.37, 90=126463, 99=812031, 99.9=1135615, 99.99=1325055] [READ-FAILED: Count=4362, Max=1222655, Min=3958, Avg=174705.07, 90=589311, 99=929791, 99.9=1099775, 99.99=1222655] 
2020-09-17 09:49:38:660 230 sec: 798303 operations; 4191.8 current ops/sec; est completion in 44 minutes [READ: Count=17094, Max=1613823, Min=4344, Avg=91366.6, 90=262143, 99=850943, 99.9=1233919, 99.99=1440767] [UPDATE-FAILED: Count=3994, Max=3000319, Min=4876, Avg=484979.11, 90=2011135, 99=2281471, 99.9=2840575, 99.99=3000319] [UPDATE: Count=16878, Max=1336319, Min=3652, Avg=70974.68, 90=158335, 99=770047, 99.9=1140735, 99.99=1294335] [READ-FAILED: Count=3952, Max=1198079, Min=4112, Avg=109853.33, 90=345855, 99=951807, 99.9=1163263, 99.99=1198079] 
2020-09-17 09:49:48:661 240 sec: 805089 operations; 678.6 current ops/sec; est completion in 45 minutes [READ: Count=2451, Max=5607423, Min=3774, Avg=294627.15, 90=1046527, 99=2977791, 99.9=5349375, 99.99=5607423] [UPDATE-FAILED: Count=1186, Max=6971391, Min=4268, Avg=1707072.93, 90=3934207, 99=5119999, 99.9=6721535, 99.99=6971391] [UPDATE: Count=2412, Max=3127295, Min=3870, Avg=157611.6, 90=349183, 99=2400255, 99.9=3117055, 99.99=3127295] [READ-FAILED: Count=719, Max=6803455, Min=3910, Avg=743450.52, 90=2975743, 99=5140479, 99.9=6803455, 99.99=6803455] 
2020-09-17 09:49:58:660 250 sec: 1881831 operations; 107674.2 current ops/sec; est completion in 17 minutes [READ: Count=24, Max=1392639, Min=5548, Avg=220421.42, 90=974335, 99=1392639, 99.9=1392639, 99.99=1392639] [UPDATE-FAILED: Count=538520, Max=5390335, Min=27, Avg=4040.35, 90=50, 99=428, 99.9=1003519, 99.99=3194879] [UPDATE: Count=17, Max=851967, Min=5056, Avg=59634.59, 90=15703, 99=851967, 99.9=851967, 99.99=851967] [READ-FAILED: Count=798407, Max=12795903, Min=24, Avg=5892.8, 90=41, 99=227, 99.9=1307647, 99.99=7835647] 
