/opt/java/openjdk/bin/java  -classpath /usr/src/ycsb/conf:/usr/src/ycsb/lib/HdrHistogram-2.1.4.jar:/usr/src/ycsb/lib/core-0.18.0-SNAPSHOT.jar:/usr/src/ycsb/lib/htrace-core4-4.1.0-incubating.jar:/usr/src/ycsb/lib/jackson-core-asl-1.9.4.jar:/usr/src/ycsb/lib/jackson-mapper-asl-1.9.4.jar:/usr/src/ycsb/lib/postgresql-42.2.16.jar:/usr/src/ycsb/cassandra-binding/lib/cassandra-binding-0.18.0-SNAPSHOT.jar:/usr/src/ycsb/cassandra-binding/lib/cassandra-driver-core-3.0.0.jar:/usr/src/ycsb/cassandra-binding/lib/guava-16.0.1.jar:/usr/src/ycsb/cassandra-binding/lib/metrics-core-3.1.2.jar:/usr/src/ycsb/cassandra-binding/lib/netty-buffer-4.0.33.Final.jar:/usr/src/ycsb/cassandra-binding/lib/netty-codec-4.0.33.Final.jar:/usr/src/ycsb/cassandra-binding/lib/netty-common-4.0.33.Final.jar:/usr/src/ycsb/cassandra-binding/lib/netty-handler-4.0.33.Final.jar:/usr/src/ycsb/cassandra-binding/lib/netty-transport-4.0.33.Final.jar:/usr/src/ycsb/cassandra-binding/lib/slf4j-api-1.7.25.jar site.ycsb.Client -t -db site.ycsb.db.CassandraCQLClient -P workloads/workloadc -p operationcount=10000000 -p hosts=10.0.1.57,10.0.1.54,10.0.1.59,10.0.1.42,10.0.1.39,10.0.1.36,10.0.1.34,10.0.1.50,10.0.1.46,10.0.1.27,10.0.1.25,10.0.1.23,10.0.1.21,10.0.1.18,10.0.1.15,10.0.1.11,10.0.1.30,10.0.1.7,10.0.1.5,10.0.1.3 -p maxexecutiontime=300 -threads 128 -p cassandra.readconsistencylevel=QUORUM -p cassandra.writeconsistencylevel=QUORUM -s
Command line: -t -db site.ycsb.db.CassandraCQLClient -P workloads/workloadc -p operationcount=10000000 -p hosts=10.0.1.57,10.0.1.54,10.0.1.59,10.0.1.42,10.0.1.39,10.0.1.36,10.0.1.34,10.0.1.50,10.0.1.46,10.0.1.27,10.0.1.25,10.0.1.23,10.0.1.21,10.0.1.18,10.0.1.15,10.0.1.11,10.0.1.30,10.0.1.7,10.0.1.5,10.0.1.3 -p maxexecutiontime=300 -threads 128 -p cassandra.readconsistencylevel=QUORUM -p cassandra.writeconsistencylevel=QUORUM -s
YCSB Client 0.18.0-SNAPSHOT

Loading workload...
Starting test.
SLF4J: Failed to load class "org.slf4j.impl.StaticLoggerBinder".
SLF4J: Defaulting to no-operation (NOP) logger implementation
SLF4J: See http://www.slf4j.org/codes.html#StaticLoggerBinder for further details.
Maximum execution time specified as: 300 secs
2020-09-09 10:00:34:581 0 sec: 0 operations; est completion in 0 second 
WARNING: An illegal reflective access operation has occurred
WARNING: Illegal reflective access by io.netty.util.internal.PlatformDependent0 (file:/usr/src/ycsb/cassandra-binding/lib/netty-common-4.0.33.Final.jar) to field java.nio.Buffer.address
WARNING: Please consider reporting this to the maintainers of io.netty.util.internal.PlatformDependent0
WARNING: Use --illegal-access=warn to enable warnings of further illegal reflective access operations
WARNING: All illegal access operations will be denied in a future release
Sep 09, 2020 10:00:34 AM io.netty.util.internal.PlatformDependent <clinit>
INFO: Your platform does not provide complete low-level API for accessing direct buffers reliably. Unless explicitly requested, heap buffer will always be preferred to avoid potential system unstability.
DBWrapper: report latency for each error is false and specific error codes to track for latency are: []
DBWrapper: report latency for each error is false and specific error codes to track for latency are: []
DBWrapper: report latency for each error is false and specific error codes to track for latency are: []
DBWrapper: report latency for each error is false and specific error codes to track for latency are: []
DBWrapper: report latency for each error is false and specific error codes to track for latency are: []
DBWrapper: report latency for each error is false and specific error codes to track for latency are: []
DBWrapper: report latency for each error is false and specific error codes to track for latency are: []
DBWrapper: report latency for each error is false and specific error codes to track for latency are: []
DBWrapper: report latency for each error is false and specific error codes to track for latency are: []
DBWrapper: report latency for each error is false and specific error codes to track for latency are: []
DBWrapper: report latency for each error is false and specific error codes to track for latency are: []
DBWrapper: report latency for each error is false and specific error codes to track for latency are: []
DBWrapper: report latency for each error is false and specific error codes to track for latency are: []
DBWrapper: report latency for each error is false and specific error codes to track for latency are: []
DBWrapper: report latency for each error is false and specific error codes to track for latency are: []
DBWrapper: report latency for each error is false and specific error codes to track for latency are: []
DBWrapper: report latency for each error is false and specific error codes to track for latency are: []
DBWrapper: report latency for each error is false and specific error codes to track for latency are: []
DBWrapper: report latency for each error is false and specific error codes to track for latency are: []
DBWrapper: report latency for each error is false and specific error codes to track for latency are: []
DBWrapper: report latency for each error is false and specific error codes to track for latency are: []
DBWrapper: report latency for each error is false and specific error codes to track for latency are: []
DBWrapper: report latency for each error is false and specific error codes to track for latency are: []
DBWrapper: report latency for each error is false and specific error codes to track for latency are: []
DBWrapper: report latency for each error is false and specific error codes to track for latency are: []
DBWrapper: report latency for each error is false and specific error codes to track for latency are: []
DBWrapper: report latency for each error is false and specific error codes to track for latency are: []
DBWrapper: report latency for each error is false and specific error codes to track for latency are: []
DBWrapper: report latency for each error is false and specific error codes to track for latency are: []
DBWrapper: report latency for each error is false and specific error codes to track for latency are: []
DBWrapper: report latency for each error is false and specific error codes to track for latency are: []
DBWrapper: report latency for each error is false and specific error codes to track for latency are: []
DBWrapper: report latency for each error is false and specific error codes to track for latency are: []
DBWrapper: report latency for each error is false and specific error codes to track for latency are: []
DBWrapper: report latency for each error is false and specific error codes to track for latency are: []
DBWrapper: report latency for each error is false and specific error codes to track for latency are: []
DBWrapper: report latency for each error is false and specific error codes to track for latency are: []
DBWrapper: report latency for each error is false and specific error codes to track for latency are: []
DBWrapper: report latency for each error is false and specific error codes to track for latency are: []
DBWrapper: report latency for each error is false and specific error codes to track for latency are: []
DBWrapper: report latency for each error is false and specific error codes to track for latency are: []
DBWrapper: report latency for each error is false and specific error codes to track for latency are: []
DBWrapper: report latency for each error is false and specific error codes to track for latency are: []
DBWrapper: report latency for each error is false and specific error codes to track for latency are: []
DBWrapper: report latency for each error is false and specific error codes to track for latency are: []
DBWrapper: report latency for each error is false and specific error codes to track for latency are: []
DBWrapper: report latency for each error is false and specific error codes to track for latency are: []
DBWrapper: report latency for each error is false and specific error codes to track for latency are: []
DBWrapper: report latency for each error is false and specific error codes to track for latency are: []
DBWrapper: report latency for each error is false and specific error codes to track for latency are: []
DBWrapper: report latency for each error is false and specific error codes to track for latency are: []
DBWrapper: report latency for each error is false and specific error codes to track for latency are: []
DBWrapper: report latency for each error is false and specific error codes to track for latency are: []
DBWrapper: report latency for each error is false and specific error codes to track for latency are: []
DBWrapper: report latency for each error is false and specific error codes to track for latency are: []
DBWrapper: report latency for each error is false and specific error codes to track for latency are: []
DBWrapper: report latency for each error is false and specific error codes to track for latency are: []
DBWrapper: report latency for each error is false and specific error codes to track for latency are: []
DBWrapper: report latency for each error is false and specific error codes to track for latency are: []
DBWrapper: report latency for each error is false and specific error codes to track for latency are: []
DBWrapper: report latency for each error is false and specific error codes to track for latency are: []
DBWrapper: report latency for each error is false and specific error codes to track for latency are: []
DBWrapper: report latency for each error is false and specific error codes to track for latency are: []
DBWrapper: report latency for each error is false and specific error codes to track for latency are: []
DBWrapper: report latency for each error is false and specific error codes to track for latency are: []
DBWrapper: report latency for each error is false and specific error codes to track for latency are: []
DBWrapper: report latency for each error is false and specific error codes to track for latency are: []
DBWrapper: report latency for each error is false and specific error codes to track for latency are: []
DBWrapper: report latency for each error is false and specific error codes to track for latency are: []
DBWrapper: report latency for each error is false and specific error codes to track for latency are: []
DBWrapper: report latency for each error is false and specific error codes to track for latency are: []
DBWrapper: report latency for each error is false and specific error codes to track for latency are: []
DBWrapper: report latency for each error is false and specific error codes to track for latency are: []
DBWrapper: report latency for each error is false and specific error codes to track for latency are: []
DBWrapper: report latency for each error is false and specific error codes to track for latency are: []
DBWrapper: report latency for each error is false and specific error codes to track for latency are: []
DBWrapper: report latency for each error is false and specific error codes to track for latency are: []
DBWrapper: report latency for each error is false and specific error codes to track for latency are: []
DBWrapper: report latency for each error is false and specific error codes to track for latency are: []
DBWrapper: report latency for each error is false and specific error codes to track for latency are: []
DBWrapper: report latency for each error is false and specific error codes to track for latency are: []
DBWrapper: report latency for each error is false and specific error codes to track for latency are: []
DBWrapper: report latency for each error is false and specific error codes to track for latency are: []
DBWrapper: report latency for each error is false and specific error codes to track for latency are: []
DBWrapper: report latency for each error is false and specific error codes to track for latency are: []
DBWrapper: report latency for each error is false and specific error codes to track for latency are: []
DBWrapper: report latency for each error is false and specific error codes to track for latency are: []
DBWrapper: report latency for each error is false and specific error codes to track for latency are: []
DBWrapper: report latency for each error is false and specific error codes to track for latency are: []
DBWrapper: report latency for each error is false and specific error codes to track for latency are: []
DBWrapper: report latency for each error is false and specific error codes to track for latency are: []
DBWrapper: report latency for each error is false and specific error codes to track for latency are: []
DBWrapper: report latency for each error is false and specific error codes to track for latency are: []
DBWrapper: report latency for each error is false and specific error codes to track for latency are: []
DBWrapper: report latency for each error is false and specific error codes to track for latency are: []
DBWrapper: report latency for each error is false and specific error codes to track for latency are: []
DBWrapper: report latency for each error is false and specific error codes to track for latency are: []
DBWrapper: report latency for each error is false and specific error codes to track for latency are: []
DBWrapper: report latency for each error is false and specific error codes to track for latency are: []
DBWrapper: report latency for each error is false and specific error codes to track for latency are: []
DBWrapper: report latency for each error is false and specific error codes to track for latency are: []
DBWrapper: report latency for each error is false and specific error codes to track for latency are: []
DBWrapper: report latency for each error is false and specific error codes to track for latency are: []
DBWrapper: report latency for each error is false and specific error codes to track for latency are: []
DBWrapper: report latency for each error is false and specific error codes to track for latency are: []
DBWrapper: report latency for each error is false and specific error codes to track for latency are: []
DBWrapper: report latency for each error is false and specific error codes to track for latency are: []
DBWrapper: report latency for each error is false and specific error codes to track for latency are: []
DBWrapper: report latency for each error is false and specific error codes to track for latency are: []
DBWrapper: report latency for each error is false and specific error codes to track for latency are: []
DBWrapper: report latency for each error is false and specific error codes to track for latency are: []
DBWrapper: report latency for each error is false and specific error codes to track for latency are: []
DBWrapper: report latency for each error is false and specific error codes to track for latency are: []
DBWrapper: report latency for each error is false and specific error codes to track for latency are: []
DBWrapper: report latency for each error is false and specific error codes to track for latency are: []
DBWrapper: report latency for each error is false and specific error codes to track for latency are: []
DBWrapper: report latency for each error is false and specific error codes to track for latency are: []
DBWrapper: report latency for each error is false and specific error codes to track for latency are: []
DBWrapper: report latency for each error is false and specific error codes to track for latency are: []
DBWrapper: report latency for each error is false and specific error codes to track for latency are: []
DBWrapper: report latency for each error is false and specific error codes to track for latency are: []
DBWrapper: report latency for each error is false and specific error codes to track for latency are: []
DBWrapper: report latency for each error is false and specific error codes to track for latency are: []
DBWrapper: report latency for each error is false and specific error codes to track for latency are: []
DBWrapper: report latency for each error is false and specific error codes to track for latency are: []
DBWrapper: report latency for each error is false and specific error codes to track for latency are: []
DBWrapper: report latency for each error is false and specific error codes to track for latency are: []
DBWrapper: report latency for each error is false and specific error codes to track for latency are: []
2020-09-09 10:00:44:367 10 sec: 36987 operations; 3698.7 current ops/sec; est completion in 44 minutes [READ: Count=37007, Max=709631, Min=4500, Avg=25888.2, 90=38271, 99=81983, 99.9=609279, 99.99=685055] 
2020-09-09 10:00:54:367 20 sec: 105287 operations; 6830 current ops/sec; est completion in 31 minutes [READ: Count=68286, Max=131199, Min=3882, Avg=18729.67, 90=26079, 99=40799, 99.9=62335, 99.99=124735] 
2020-09-09 10:01:04:367 30 sec: 172941 operations; 6765.4 current ops/sec; est completion in 28 minutes [READ: Count=67648, Max=182271, Min=3930, Avg=18917.47, 90=26559, 99=43679, 99.9=86527, 99.99=175615] 
2020-09-09 10:01:14:367 40 sec: 238983 operations; 6604.2 current ops/sec; est completion in 27 minutes [READ: Count=66043, Max=544767, Min=3492, Avg=19373.86, 90=26239, 99=43967, 99.9=382975, 99.99=520191] 
2020-09-09 10:01:24:367 50 sec: 304802 operations; 6581.9 current ops/sec; est completion in 26 minutes [READ: Count=65829, Max=539647, Min=3904, Avg=19434.74, 90=26159, 99=41727, 99.9=477439, 99.99=520703] 
2020-09-09 10:01:34:367 60 sec: 373457 operations; 6865.5 current ops/sec; est completion in 25 minutes [READ: Count=68647, Max=110399, Min=4408, Avg=18642.63, 90=26127, 99=41471, 99.9=60799, 99.99=96319] 
2020-09-09 10:01:44:367 70 sec: 441762 operations; 6830.5 current ops/sec; est completion in 25 minutes [READ: Count=68304, Max=167167, Min=3806, Avg=18734.32, 90=26223, 99=43231, 99.9=105663, 99.99=137727] 
2020-09-09 10:01:54:367 80 sec: 509788 operations; 6802.6 current ops/sec; est completion in 24 minutes [READ: Count=68029, Max=167551, Min=4288, Avg=18809.79, 90=26255, 99=43871, 99.9=85631, 99.99=148735] 
2020-09-09 10:02:04:367 90 sec: 578177 operations; 6838.9 current ops/sec; est completion in 24 minutes [READ: Count=68396, Max=78335, Min=3682, Avg=18711.13, 90=26287, 99=41151, 99.9=60063, 99.99=72703] 
2020-09-09 10:02:14:367 100 sec: 644132 operations; 6595.5 current ops/sec; est completion in 24 minutes [READ: Count=65953, Max=552959, Min=3388, Avg=19403.66, 90=26607, 99=45471, 99.9=339199, 99.99=523519] 
2020-09-09 10:02:24:367 110 sec: 711278 operations; 6714.6 current ops/sec; est completion in 23 minutes [READ: Count=67139, Max=517631, Min=3650, Avg=19055.17, 90=25727, 99=43487, 99.9=308223, 99.99=488191] 
2020-09-09 10:02:34:367 120 sec: 777131 operations; 6585.3 current ops/sec; est completion in 23 minutes [READ: Count=65851, Max=177023, Min=3592, Avg=18869.63, 90=26351, 99=43743, 99.9=90303, 99.99=161791] 
2020-09-09 10:02:44:367 130 sec: 845157 operations; 6802.6 current ops/sec; est completion in 23 minutes [READ: Count=68026, Max=525311, Min=3848, Avg=19353.73, 90=25759, 99=39999, 99.9=417535, 99.99=511231] 
2020-09-09 10:02:54:367 140 sec: 912936 operations; 6777.9 current ops/sec; est completion in 23 minutes [READ: Count=67781, Max=132223, Min=3812, Avg=18872.22, 90=26207, 99=40895, 99.9=61215, 99.99=122943] 
2020-09-09 10:03:04:367 150 sec: 981667 operations; 6873.1 current ops/sec; est completion in 22 minutes [READ: Count=68730, Max=146687, Min=3962, Avg=18631.1, 90=25663, 99=40863, 99.9=65471, 99.99=126847] 
2020-09-09 10:03:14:367 160 sec: 1049807 operations; 6814 current ops/sec; est completion in 22 minutes [READ: Count=68142, Max=190335, Min=4600, Avg=18777.63, 90=25887, 99=42079, 99.9=91967, 99.99=173311] 
2020-09-09 10:03:24:367 170 sec: 1118308 operations; 6850.1 current ops/sec; est completion in 22 minutes [READ: Count=68508, Max=147967, Min=3990, Avg=18679.54, 90=25743, 99=41503, 99.9=74943, 99.99=136319] 
2020-09-09 10:03:34:367 180 sec: 1187158 operations; 6885 current ops/sec; est completion in 22 minutes [READ: Count=68846, Max=129919, Min=3290, Avg=18583.86, 90=25775, 99=40959, 99.9=65311, 99.99=115839] 
2020-09-09 10:03:44:367 190 sec: 1255824 operations; 6866.6 current ops/sec; est completion in 22 minutes [READ: Count=68663, Max=129343, Min=3858, Avg=18636.33, 90=25871, 99=41343, 99.9=62623, 99.99=121087] 
2020-09-09 10:03:54:367 200 sec: 1324589 operations; 6876.5 current ops/sec; est completion in 21 minutes [READ: Count=68763, Max=171903, Min=4700, Avg=18601.9, 90=25647, 99=40671, 99.9=69695, 99.99=151935] 
2020-09-09 10:04:04:367 210 sec: 1392721 operations; 6813.2 current ops/sec; est completion in 21 minutes [READ: Count=68133, Max=167167, Min=3770, Avg=18791.1, 90=25951, 99=43135, 99.9=98751, 99.99=157439] 
2020-09-09 10:04:14:367 220 sec: 1458914 operations; 6619.3 current ops/sec; est completion in 21 minutes [READ: Count=66197, Max=555007, Min=3648, Avg=19329.07, 90=26143, 99=42463, 99.9=375039, 99.99=515071] 
2020-09-09 10:04:24:367 230 sec: 1527196 operations; 6828.2 current ops/sec; est completion in 21 minutes [READ: Count=68281, Max=151039, Min=4572, Avg=18745.11, 90=25775, 99=42559, 99.9=101503, 99.99=142207] 
2020-09-09 10:04:34:367 240 sec: 1595854 operations; 6865.8 current ops/sec; est completion in 21 minutes [READ: Count=68660, Max=147583, Min=4668, Avg=18634.04, 90=25599, 99=38975, 99.9=58719, 99.99=135039] 
2020-09-09 10:04:44:367 250 sec: 1663807 operations; 6795.3 current ops/sec; est completion in 20 minutes [READ: Count=67954, Max=133247, Min=4080, Avg=18830.36, 90=26207, 99=42943, 99.9=75903, 99.99=119103] 
2020-09-09 10:04:54:367 260 sec: 1731805 operations; 6799.8 current ops/sec; est completion in 20 minutes [READ: Count=67989, Max=169983, Min=4312, Avg=18817.4, 90=26255, 99=43615, 99.9=75007, 99.99=148863] 
2020-09-09 10:05:04:367 270 sec: 1800544 operations; 6873.9 current ops/sec; est completion in 20 minutes [READ: Count=68746, Max=142335, Min=4140, Avg=18615.72, 90=25855, 99=41599, 99.9=64383, 99.99=136063] 
2020-09-09 10:05:14:367 280 sec: 1868642 operations; 6809.8 current ops/sec; est completion in 20 minutes [READ: Count=68106, Max=165247, Min=3904, Avg=18794.05, 90=26143, 99=43743, 99.9=98175, 99.99=148863] 
2020-09-09 10:05:24:367 290 sec: 1937615 operations; 6897.3 current ops/sec; est completion in 20 minutes [READ: Count=68962, Max=133247, Min=4392, Avg=18553.47, 90=25727, 99=39455, 99.9=58911, 99.99=124671] 
2020-09-09 10:05:34:367 300 sec: 2005835 operations; 6822 current ops/sec; est completion in 19 minutes [READ: Count=68216, Max=205695, Min=4760, Avg=18759.55, 90=26111, 99=44895, 99.9=78015, 99.99=151551] 
Maximum time elapsed. Requesting stop for the workload.
Stop requested for workload. Now Joining!
Still waiting for thread Thread-74 to complete. Workload status: true
2020-09-09 10:05:36:825 302 sec: 2006739 operations; 367.63 current ops/sec; est completion in 20 minutes [READ: Count=904, Max=43071, Min=5896, Avg=18128.48, 90=25151, 99=33055, 99.9=42335, 99.99=43071] [CLEANUP: Count=128, Max=2322431, Min=1, Avg=18137.98, 90=2, 99=41, 99.9=2322431, 99.99=2322431] 
[OVERALL], RunTime(ms), 302457
[OVERALL], Throughput(ops/sec), 6634.791061208701
[TOTAL_GCS_G1_Young_Generation], Count, 75
[TOTAL_GC_TIME_G1_Young_Generation], Time(ms), 560
[TOTAL_GC_TIME_%_G1_Young_Generation], Time(%), 0.18515028582575374
[TOTAL_GCS_G1_Old_Generation], Count, 0
[TOTAL_GC_TIME_G1_Old_Generation], Time(ms), 0
[TOTAL_GC_TIME_%_G1_Old_Generation], Time(%), 0.0
[TOTAL_GCs], Count, 75
[TOTAL_GC_TIME], Time(ms), 560
[TOTAL_GC_TIME_%], Time(%), 0.18515028582575374
[READ], Operations, 2006739
[READ], AverageLatency(us), 18977.643468333452
[READ], MinLatency(us), 3290
[READ], MaxLatency(us), 709631
[READ], 95thPercentileLatency(us), 30399
[READ], 99thPercentileLatency(us), 43199
[READ], Return=OK, 2006739
[CLEANUP], Operations, 128
[CLEANUP], AverageLatency(us), 18137.984375
[CLEANUP], MinLatency(us), 1
[CLEANUP], MaxLatency(us), 2322431
[CLEANUP], 95thPercentileLatency(us), 4
[CLEANUP], 99thPercentileLatency(us), 41
