/opt/java/openjdk/bin/java  -classpath /usr/src/ycsb/conf:/usr/src/ycsb/lib/HdrHistogram-2.1.4.jar:/usr/src/ycsb/lib/core-0.18.0-SNAPSHOT.jar:/usr/src/ycsb/lib/htrace-core4-4.1.0-incubating.jar:/usr/src/ycsb/lib/jackson-core-asl-1.9.4.jar:/usr/src/ycsb/lib/jackson-mapper-asl-1.9.4.jar:/usr/src/ycsb/lib/postgresql-42.2.16.jar:/usr/src/ycsb/cassandra-binding/lib/cassandra-binding-0.18.0-SNAPSHOT.jar:/usr/src/ycsb/cassandra-binding/lib/cassandra-driver-core-3.0.0.jar:/usr/src/ycsb/cassandra-binding/lib/guava-16.0.1.jar:/usr/src/ycsb/cassandra-binding/lib/metrics-core-3.1.2.jar:/usr/src/ycsb/cassandra-binding/lib/netty-buffer-4.0.33.Final.jar:/usr/src/ycsb/cassandra-binding/lib/netty-codec-4.0.33.Final.jar:/usr/src/ycsb/cassandra-binding/lib/netty-common-4.0.33.Final.jar:/usr/src/ycsb/cassandra-binding/lib/netty-handler-4.0.33.Final.jar:/usr/src/ycsb/cassandra-binding/lib/netty-transport-4.0.33.Final.jar:/usr/src/ycsb/cassandra-binding/lib/slf4j-api-1.7.25.jar site.ycsb.Client -t -db site.ycsb.db.CassandraCQLClient -P workloads/workloadc -p operationcount=10000000 -p hosts=10.0.1.57,10.0.1.54,10.0.1.59,10.0.1.42,10.0.1.39,10.0.1.36,10.0.1.34,10.0.1.50,10.0.1.46,10.0.1.27,10.0.1.25,10.0.1.23,10.0.1.21,10.0.1.18,10.0.1.15,10.0.1.11,10.0.1.30,10.0.1.7,10.0.1.5,10.0.1.3 -p maxexecutiontime=300 -threads 256 -p cassandra.readconsistencylevel=QUORUM -p cassandra.writeconsistencylevel=QUORUM -s
Command line: -t -db site.ycsb.db.CassandraCQLClient -P workloads/workloadc -p operationcount=10000000 -p hosts=10.0.1.57,10.0.1.54,10.0.1.59,10.0.1.42,10.0.1.39,10.0.1.36,10.0.1.34,10.0.1.50,10.0.1.46,10.0.1.27,10.0.1.25,10.0.1.23,10.0.1.21,10.0.1.18,10.0.1.15,10.0.1.11,10.0.1.30,10.0.1.7,10.0.1.5,10.0.1.3 -p maxexecutiontime=300 -threads 256 -p cassandra.readconsistencylevel=QUORUM -p cassandra.writeconsistencylevel=QUORUM -s
YCSB Client 0.18.0-SNAPSHOT

Loading workload...
Starting test.
SLF4J: Failed to load class "org.slf4j.impl.StaticLoggerBinder".
SLF4J: Defaulting to no-operation (NOP) logger implementation
SLF4J: See http://www.slf4j.org/codes.html#StaticLoggerBinder for further details.
Maximum execution time specified as: 300 secs
2020-09-09 10:05:37:641 0 sec: 0 operations; est completion in 0 second 
WARNING: An illegal reflective access operation has occurred
WARNING: Illegal reflective access by io.netty.util.internal.PlatformDependent0 (file:/usr/src/ycsb/cassandra-binding/lib/netty-common-4.0.33.Final.jar) to field java.nio.Buffer.address
WARNING: Please consider reporting this to the maintainers of io.netty.util.internal.PlatformDependent0
WARNING: Use --illegal-access=warn to enable warnings of further illegal reflective access operations
WARNING: All illegal access operations will be denied in a future release
Sep 09, 2020 10:05:38 AM io.netty.util.internal.PlatformDependent <clinit>
INFO: Your platform does not provide complete low-level API for accessing direct buffers reliably. Unless explicitly requested, heap buffer will always be preferred to avoid potential system unstability.
DBWrapper: report latency for each error is false and specific error codes to track for latency are: []
DBWrapper: report latency for each error is false and specific error codes to track for latency are: []
DBWrapper: report latency for each error is false and specific error codes to track for latency are: []
DBWrapper: report latency for each error is false and specific error codes to track for latency are: []
DBWrapper: report latency for each error is false and specific error codes to track for latency are: []
DBWrapper: report latency for each error is false and specific error codes to track for latency are: []
DBWrapper: report latency for each error is false and specific error codes to track for latency are: []
DBWrapper: report latency for each error is false and specific error codes to track for latency are: []
DBWrapper: report latency for each error is false and specific error codes to track for latency are: []
DBWrapper: report latency for each error is false and specific error codes to track for latency are: []
DBWrapper: report latency for each error is false and specific error codes to track for latency are: []
DBWrapper: report latency for each error is false and specific error codes to track for latency are: []
DBWrapper: report latency for each error is false and specific error codes to track for latency are: []
DBWrapper: report latency for each error is false and specific error codes to track for latency are: []
DBWrapper: report latency for each error is false and specific error codes to track for latency are: []
DBWrapper: report latency for each error is false and specific error codes to track for latency are: []
DBWrapper: report latency for each error is false and specific error codes to track for latency are: []
DBWrapper: report latency for each error is false and specific error codes to track for latency are: []
DBWrapper: report latency for each error is false and specific error codes to track for latency are: []
DBWrapper: report latency for each error is false and specific error codes to track for latency are: []
DBWrapper: report latency for each error is false and specific error codes to track for latency are: []
DBWrapper: report latency for each error is false and specific error codes to track for latency are: []
DBWrapper: report latency for each error is false and specific error codes to track for latency are: []
DBWrapper: report latency for each error is false and specific error codes to track for latency are: []
DBWrapper: report latency for each error is false and specific error codes to track for latency are: []
DBWrapper: report latency for each error is false and specific error codes to track for latency are: []
DBWrapper: report latency for each error is false and specific error codes to track for latency are: []
DBWrapper: report latency for each error is false and specific error codes to track for latency are: []
DBWrapper: report latency for each error is false and specific error codes to track for latency are: []
DBWrapper: report latency for each error is false and specific error codes to track for latency are: []
DBWrapper: report latency for each error is false and specific error codes to track for latency are: []
DBWrapper: report latency for each error is false and specific error codes to track for latency are: []
DBWrapper: report latency for each error is false and specific error codes to track for latency are: []
DBWrapper: report latency for each error is false and specific error codes to track for latency are: []
DBWrapper: report latency for each error is false and specific error codes to track for latency are: []
DBWrapper: report latency for each error is false and specific error codes to track for latency are: []
DBWrapper: report latency for each error is false and specific error codes to track for latency are: []
DBWrapper: report latency for each error is false and specific error codes to track for latency are: []
DBWrapper: report latency for each error is false and specific error codes to track for latency are: []
DBWrapper: report latency for each error is false and specific error codes to track for latency are: []
DBWrapper: report latency for each error is false and specific error codes to track for latency are: []
DBWrapper: report latency for each error is false and specific error codes to track for latency are: []
DBWrapper: report latency for each error is false and specific error codes to track for latency are: []
DBWrapper: report latency for each error is false and specific error codes to track for latency are: []
DBWrapper: report latency for each error is false and specific error codes to track for latency are: []
DBWrapper: report latency for each error is false and specific error codes to track for latency are: []
DBWrapper: report latency for each error is false and specific error codes to track for latency are: []
DBWrapper: report latency for each error is false and specific error codes to track for latency are: []
DBWrapper: report latency for each error is false and specific error codes to track for latency are: []
DBWrapper: report latency for each error is false and specific error codes to track for latency are: []
DBWrapper: report latency for each error is false and specific error codes to track for latency are: []
DBWrapper: report latency for each error is false and specific error codes to track for latency are: []
DBWrapper: report latency for each error is false and specific error codes to track for latency are: []
DBWrapper: report latency for each error is false and specific error codes to track for latency are: []
DBWrapper: report latency for each error is false and specific error codes to track for latency are: []
DBWrapper: report latency for each error is false and specific error codes to track for latency are: []
DBWrapper: report latency for each error is false and specific error codes to track for latency are: []
DBWrapper: report latency for each error is false and specific error codes to track for latency are: []
DBWrapper: report latency for each error is false and specific error codes to track for latency are: []
DBWrapper: report latency for each error is false and specific error codes to track for latency are: []
DBWrapper: report latency for each error is false and specific error codes to track for latency are: []
DBWrapper: report latency for each error is false and specific error codes to track for latency are: []
DBWrapper: report latency for each error is false and specific error codes to track for latency are: []
DBWrapper: report latency for each error is false and specific error codes to track for latency are: []
DBWrapper: report latency for each error is false and specific error codes to track for latency are: []
DBWrapper: report latency for each error is false and specific error codes to track for latency are: []
DBWrapper: report latency for each error is false and specific error codes to track for latency are: []
DBWrapper: report latency for each error is false and specific error codes to track for latency are: []
DBWrapper: report latency for each error is false and specific error codes to track for latency are: []
DBWrapper: report latency for each error is false and specific error codes to track for latency are: []
DBWrapper: report latency for each error is false and specific error codes to track for latency are: []
DBWrapper: report latency for each error is false and specific error codes to track for latency are: []
DBWrapper: report latency for each error is false and specific error codes to track for latency are: []
DBWrapper: report latency for each error is false and specific error codes to track for latency are: []
DBWrapper: report latency for each error is false and specific error codes to track for latency are: []
DBWrapper: report latency for each error is false and specific error codes to track for latency are: []
DBWrapper: report latency for each error is false and specific error codes to track for latency are: []
DBWrapper: report latency for each error is false and specific error codes to track for latency are: []
DBWrapper: report latency for each error is false and specific error codes to track for latency are: []
DBWrapper: report latency for each error is false and specific error codes to track for latency are: []
DBWrapper: report latency for each error is false and specific error codes to track for latency are: []
DBWrapper: report latency for each error is false and specific error codes to track for latency are: []
DBWrapper: report latency for each error is false and specific error codes to track for latency are: []
DBWrapper: report latency for each error is false and specific error codes to track for latency are: []
DBWrapper: report latency for each error is false and specific error codes to track for latency are: []
DBWrapper: report latency for each error is false and specific error codes to track for latency are: []
DBWrapper: report latency for each error is false and specific error codes to track for latency are: []
DBWrapper: report latency for each error is false and specific error codes to track for latency are: []
DBWrapper: report latency for each error is false and specific error codes to track for latency are: []
DBWrapper: report latency for each error is false and specific error codes to track for latency are: []
DBWrapper: report latency for each error is false and specific error codes to track for latency are: []
DBWrapper: report latency for each error is false and specific error codes to track for latency are: []
DBWrapper: report latency for each error is false and specific error codes to track for latency are: []
DBWrapper: report latency for each error is false and specific error codes to track for latency are: []
DBWrapper: report latency for each error is false and specific error codes to track for latency are: []
DBWrapper: report latency for each error is false and specific error codes to track for latency are: []
DBWrapper: report latency for each error is false and specific error codes to track for latency are: []
DBWrapper: report latency for each error is false and specific error codes to track for latency are: []
DBWrapper: report latency for each error is false and specific error codes to track for latency are: []
DBWrapper: report latency for each error is false and specific error codes to track for latency are: []
DBWrapper: report latency for each error is false and specific error codes to track for latency are: []
DBWrapper: report latency for each error is false and specific error codes to track for latency are: []
DBWrapper: report latency for each error is false and specific error codes to track for latency are: []
DBWrapper: report latency for each error is false and specific error codes to track for latency are: []
DBWrapper: report latency for each error is false and specific error codes to track for latency are: []
DBWrapper: report latency for each error is false and specific error codes to track for latency are: []
DBWrapper: report latency for each error is false and specific error codes to track for latency are: []
DBWrapper: report latency for each error is false and specific error codes to track for latency are: []
DBWrapper: report latency for each error is false and specific error codes to track for latency are: []
DBWrapper: report latency for each error is false and specific error codes to track for latency are: []
DBWrapper: report latency for each error is false and specific error codes to track for latency are: []
DBWrapper: report latency for each error is false and specific error codes to track for latency are: []
DBWrapper: report latency for each error is false and specific error codes to track for latency are: []
DBWrapper: report latency for each error is false and specific error codes to track for latency are: []
DBWrapper: report latency for each error is false and specific error codes to track for latency are: []
DBWrapper: report latency for each error is false and specific error codes to track for latency are: []
DBWrapper: report latency for each error is false and specific error codes to track for latency are: []
DBWrapper: report latency for each error is false and specific error codes to track for latency are: []
DBWrapper: report latency for each error is false and specific error codes to track for latency are: []
DBWrapper: report latency for each error is false and specific error codes to track for latency are: []
DBWrapper: report latency for each error is false and specific error codes to track for latency are: []
DBWrapper: report latency for each error is false and specific error codes to track for latency are: []
DBWrapper: report latency for each error is false and specific error codes to track for latency are: []
DBWrapper: report latency for each error is false and specific error codes to track for latency are: []
DBWrapper: report latency for each error is false and specific error codes to track for latency are: []
DBWrapper: report latency for each error is false and specific error codes to track for latency are: []
DBWrapper: report latency for each error is false and specific error codes to track for latency are: []
DBWrapper: report latency for each error is false and specific error codes to track for latency are: []
DBWrapper: report latency for each error is false and specific error codes to track for latency are: []
DBWrapper: report latency for each error is false and specific error codes to track for latency are: []
DBWrapper: report latency for each error is false and specific error codes to track for latency are: []
DBWrapper: report latency for each error is false and specific error codes to track for latency are: []
DBWrapper: report latency for each error is false and specific error codes to track for latency are: []
DBWrapper: report latency for each error is false and specific error codes to track for latency are: []
DBWrapper: report latency for each error is false and specific error codes to track for latency are: []
DBWrapper: report latency for each error is false and specific error codes to track for latency are: []
DBWrapper: report latency for each error is false and specific error codes to track for latency are: []
DBWrapper: report latency for each error is false and specific error codes to track for latency are: []
DBWrapper: report latency for each error is false and specific error codes to track for latency are: []
DBWrapper: report latency for each error is false and specific error codes to track for latency are: []
DBWrapper: report latency for each error is false and specific error codes to track for latency are: []
DBWrapper: report latency for each error is false and specific error codes to track for latency are: []
DBWrapper: report latency for each error is false and specific error codes to track for latency are: []
DBWrapper: report latency for each error is false and specific error codes to track for latency are: []
DBWrapper: report latency for each error is false and specific error codes to track for latency are: []
DBWrapper: report latency for each error is false and specific error codes to track for latency are: []
DBWrapper: report latency for each error is false and specific error codes to track for latency are: []
DBWrapper: report latency for each error is false and specific error codes to track for latency are: []
DBWrapper: report latency for each error is false and specific error codes to track for latency are: []
DBWrapper: report latency for each error is false and specific error codes to track for latency are: []
DBWrapper: report latency for each error is false and specific error codes to track for latency are: []
DBWrapper: report latency for each error is false and specific error codes to track for latency are: []
DBWrapper: report latency for each error is false and specific error codes to track for latency are: []
DBWrapper: report latency for each error is false and specific error codes to track for latency are: []
DBWrapper: report latency for each error is false and specific error codes to track for latency are: []
DBWrapper: report latency for each error is false and specific error codes to track for latency are: []
DBWrapper: report latency for each error is false and specific error codes to track for latency are: []
DBWrapper: report latency for each error is false and specific error codes to track for latency are: []
DBWrapper: report latency for each error is false and specific error codes to track for latency are: []
DBWrapper: report latency for each error is false and specific error codes to track for latency are: []
DBWrapper: report latency for each error is false and specific error codes to track for latency are: []
DBWrapper: report latency for each error is false and specific error codes to track for latency are: []
DBWrapper: report latency for each error is false and specific error codes to track for latency are: []
DBWrapper: report latency for each error is false and specific error codes to track for latency are: []
DBWrapper: report latency for each error is false and specific error codes to track for latency are: []
DBWrapper: report latency for each error is false and specific error codes to track for latency are: []
DBWrapper: report latency for each error is false and specific error codes to track for latency are: []
DBWrapper: report latency for each error is false and specific error codes to track for latency are: []
DBWrapper: report latency for each error is false and specific error codes to track for latency are: []
DBWrapper: report latency for each error is false and specific error codes to track for latency are: []
DBWrapper: report latency for each error is false and specific error codes to track for latency are: []
DBWrapper: report latency for each error is false and specific error codes to track for latency are: []
DBWrapper: report latency for each error is false and specific error codes to track for latency are: []
DBWrapper: report latency for each error is false and specific error codes to track for latency are: []
DBWrapper: report latency for each error is false and specific error codes to track for latency are: []
DBWrapper: report latency for each error is false and specific error codes to track for latency are: []
DBWrapper: report latency for each error is false and specific error codes to track for latency are: []
DBWrapper: report latency for each error is false and specific error codes to track for latency are: []
DBWrapper: report latency for each error is false and specific error codes to track for latency are: []
DBWrapper: report latency for each error is false and specific error codes to track for latency are: []
DBWrapper: report latency for each error is false and specific error codes to track for latency are: []
DBWrapper: report latency for each error is false and specific error codes to track for latency are: []
DBWrapper: report latency for each error is false and specific error codes to track for latency are: []
DBWrapper: report latency for each error is false and specific error codes to track for latency are: []
DBWrapper: report latency for each error is false and specific error codes to track for latency are: []
DBWrapper: report latency for each error is false and specific error codes to track for latency are: []
DBWrapper: report latency for each error is false and specific error codes to track for latency are: []
DBWrapper: report latency for each error is false and specific error codes to track for latency are: []
DBWrapper: report latency for each error is false and specific error codes to track for latency are: []
DBWrapper: report latency for each error is false and specific error codes to track for latency are: []
DBWrapper: report latency for each error is false and specific error codes to track for latency are: []
DBWrapper: report latency for each error is false and specific error codes to track for latency are: []
DBWrapper: report latency for each error is false and specific error codes to track for latency are: []
DBWrapper: report latency for each error is false and specific error codes to track for latency are: []
DBWrapper: report latency for each error is false and specific error codes to track for latency are: []
DBWrapper: report latency for each error is false and specific error codes to track for latency are: []
DBWrapper: report latency for each error is false and specific error codes to track for latency are: []
DBWrapper: report latency for each error is false and specific error codes to track for latency are: []
DBWrapper: report latency for each error is false and specific error codes to track for latency are: []
DBWrapper: report latency for each error is false and specific error codes to track for latency are: []
DBWrapper: report latency for each error is false and specific error codes to track for latency are: []
DBWrapper: report latency for each error is false and specific error codes to track for latency are: []
DBWrapper: report latency for each error is false and specific error codes to track for latency are: []
DBWrapper: report latency for each error is false and specific error codes to track for latency are: []
DBWrapper: report latency for each error is false and specific error codes to track for latency are: []
DBWrapper: report latency for each error is false and specific error codes to track for latency are: []
DBWrapper: report latency for each error is false and specific error codes to track for latency are: []
DBWrapper: report latency for each error is false and specific error codes to track for latency are: []
DBWrapper: report latency for each error is false and specific error codes to track for latency are: []
DBWrapper: report latency for each error is false and specific error codes to track for latency are: []
DBWrapper: report latency for each error is false and specific error codes to track for latency are: []
DBWrapper: report latency for each error is false and specific error codes to track for latency are: []
DBWrapper: report latency for each error is false and specific error codes to track for latency are: []
DBWrapper: report latency for each error is false and specific error codes to track for latency are: []
DBWrapper: report latency for each error is false and specific error codes to track for latency are: []
DBWrapper: report latency for each error is false and specific error codes to track for latency are: []
DBWrapper: report latency for each error is false and specific error codes to track for latency are: []
DBWrapper: report latency for each error is false and specific error codes to track for latency are: []
DBWrapper: report latency for each error is false and specific error codes to track for latency are: []
DBWrapper: report latency for each error is false and specific error codes to track for latency are: []
DBWrapper: report latency for each error is false and specific error codes to track for latency are: []
DBWrapper: report latency for each error is false and specific error codes to track for latency are: []
DBWrapper: report latency for each error is false and specific error codes to track for latency are: []
DBWrapper: report latency for each error is false and specific error codes to track for latency are: []
DBWrapper: report latency for each error is false and specific error codes to track for latency are: []
DBWrapper: report latency for each error is false and specific error codes to track for latency are: []
DBWrapper: report latency for each error is false and specific error codes to track for latency are: []
DBWrapper: report latency for each error is false and specific error codes to track for latency are: []
DBWrapper: report latency for each error is false and specific error codes to track for latency are: []
DBWrapper: report latency for each error is false and specific error codes to track for latency are: []
DBWrapper: report latency for each error is false and specific error codes to track for latency are: []
DBWrapper: report latency for each error is false and specific error codes to track for latency are: []
DBWrapper: report latency for each error is false and specific error codes to track for latency are: []
DBWrapper: report latency for each error is false and specific error codes to track for latency are: []
DBWrapper: report latency for each error is false and specific error codes to track for latency are: []
DBWrapper: report latency for each error is false and specific error codes to track for latency are: []
DBWrapper: report latency for each error is false and specific error codes to track for latency are: []
DBWrapper: report latency for each error is false and specific error codes to track for latency are: []
DBWrapper: report latency for each error is false and specific error codes to track for latency are: []
DBWrapper: report latency for each error is false and specific error codes to track for latency are: []
DBWrapper: report latency for each error is false and specific error codes to track for latency are: []
DBWrapper: report latency for each error is false and specific error codes to track for latency are: []
DBWrapper: report latency for each error is false and specific error codes to track for latency are: []
DBWrapper: report latency for each error is false and specific error codes to track for latency are: []
DBWrapper: report latency for each error is false and specific error codes to track for latency are: []
DBWrapper: report latency for each error is false and specific error codes to track for latency are: []
DBWrapper: report latency for each error is false and specific error codes to track for latency are: []
DBWrapper: report latency for each error is false and specific error codes to track for latency are: []
DBWrapper: report latency for each error is false and specific error codes to track for latency are: []
DBWrapper: report latency for each error is false and specific error codes to track for latency are: []
DBWrapper: report latency for each error is false and specific error codes to track for latency are: []
DBWrapper: report latency for each error is false and specific error codes to track for latency are: []
DBWrapper: report latency for each error is false and specific error codes to track for latency are: []
DBWrapper: report latency for each error is false and specific error codes to track for latency are: []
DBWrapper: report latency for each error is false and specific error codes to track for latency are: []
DBWrapper: report latency for each error is false and specific error codes to track for latency are: []
2020-09-09 10:05:47:300 10 sec: 40346 operations; 4034.2 current ops/sec; est completion in 41 minutes [READ: Count=40378, Max=1339391, Min=5636, Avg=44234.22, 90=60223, 99=229887, 99.9=1151999, 99.99=1256447] 
2020-09-09 10:05:57:299 20 sec: 118413 operations; 7807.48 current ops/sec; est completion in 27 minutes [READ: Count=78043, Max=572927, Min=3588, Avg=32745.11, 90=55615, 99=108415, 99.9=455679, 99.99=534527] 
2020-09-09 10:06:07:299 30 sec: 202413 operations; 8400 current ops/sec; est completion in 24 minutes [READ: Count=84009, Max=220031, Min=3724, Avg=30500.71, 90=50047, 99=98111, 99.9=156287, 99.99=200959] 
2020-09-09 10:06:17:299 40 sec: 286835 operations; 8442.2 current ops/sec; est completion in 22 minutes [READ: Count=84415, Max=209023, Min=4196, Avg=30300.63, 90=49471, 99=91327, 99.9=144639, 99.99=193535] 
2020-09-09 10:06:27:299 50 sec: 367882 operations; 8104.7 current ops/sec; est completion in 21 minutes [READ: Count=81042, Max=546303, Min=4078, Avg=31575.66, 90=52479, 99=101951, 99.9=425983, 99.99=529919] 
2020-09-09 10:06:37:299 60 sec: 451561 operations; 8367.9 current ops/sec; est completion in 21 minutes [READ: Count=83677, Max=190591, Min=5364, Avg=30605.9, 90=51807, 99=93375, 99.9=125567, 99.99=154879] 
2020-09-09 10:06:47:299 70 sec: 535976 operations; 8441.5 current ops/sec; est completion in 20 minutes [READ: Count=84421, Max=180223, Min=5040, Avg=30332.07, 90=50367, 99=94527, 99.9=138367, 99.99=165631] 
2020-09-09 10:06:57:299 80 sec: 619861 operations; 8388.5 current ops/sec; est completion in 20 minutes [READ: Count=83882, Max=233215, Min=4688, Avg=30472.89, 90=50751, 99=92095, 99.9=137983, 99.99=204671] 
2020-09-09 10:07:07:299 90 sec: 702093 operations; 8223.2 current ops/sec; est completion in 19 minutes [READ: Count=82228, Max=252799, Min=4888, Avg=31155.57, 90=51871, 99=94143, 99.9=145279, 99.99=206975] 
2020-09-09 10:07:17:299 100 sec: 787210 operations; 8511.7 current ops/sec; est completion in 19 minutes [READ: Count=85121, Max=201343, Min=4264, Avg=30022.59, 90=47775, 99=91903, 99.9=132223, 99.99=174463] 
2020-09-09 10:07:27:299 110 sec: 872325 operations; 8511.5 current ops/sec; est completion in 19 minutes [READ: Count=85114, Max=245375, Min=4936, Avg=30101.42, 90=48415, 99=87743, 99.9=142719, 99.99=215551] 
2020-09-09 10:07:37:299 120 sec: 955195 operations; 8287 current ops/sec; est completion in 18 minutes [READ: Count=82871, Max=552959, Min=3262, Avg=30887.67, 90=50015, 99=95551, 99.9=396799, 99.99=524799] 
2020-09-09 10:07:47:299 130 sec: 1039996 operations; 8480.1 current ops/sec; est completion in 18 minutes [READ: Count=84823, Max=183423, Min=5124, Avg=30181.17, 90=49631, 99=87871, 99.9=126783, 99.99=165887] 
2020-09-09 10:07:57:299 140 sec: 1125589 operations; 8559.3 current ops/sec; est completion in 18 minutes [READ: Count=85569, Max=222847, Min=4428, Avg=29908.84, 90=47583, 99=90239, 99.9=171903, 99.99=204031] 
2020-09-09 10:08:07:299 150 sec: 1210454 operations; 8486.5 current ops/sec; est completion in 18 minutes [READ: Count=84861, Max=224383, Min=5104, Avg=30128.94, 90=48479, 99=89215, 99.9=160767, 99.99=204287] 
2020-09-09 10:08:17:299 160 sec: 1294675 operations; 8422.1 current ops/sec; est completion in 17 minutes [READ: Count=84229, Max=198783, Min=4784, Avg=30388.8, 90=50783, 99=91903, 99.9=140671, 99.99=183167] 
2020-09-09 10:08:27:299 170 sec: 1378662 operations; 8398.7 current ops/sec; est completion in 17 minutes [READ: Count=83994, Max=273663, Min=4800, Avg=30508.16, 90=51007, 99=97151, 99.9=151423, 99.99=234239] 
2020-09-09 10:08:37:299 180 sec: 1461165 operations; 8250.3 current ops/sec; est completion in 17 minutes [READ: Count=82496, Max=551423, Min=3662, Avg=30983.72, 90=50847, 99=96639, 99.9=379647, 99.99=528383] 
2020-09-09 10:08:47:299 190 sec: 1544610 operations; 8344.5 current ops/sec; est completion in 17 minutes [READ: Count=83443, Max=228351, Min=5200, Avg=30691.59, 90=49599, 99=94591, 99.9=159871, 99.99=201855] 
2020-09-09 10:08:57:299 200 sec: 1631159 operations; 8654.9 current ops/sec; est completion in 17 minutes [READ: Count=86546, Max=192127, Min=5104, Avg=29597.4, 90=47519, 99=89151, 99.9=134143, 99.99=169727] 
2020-09-09 10:09:07:299 210 sec: 1716470 operations; 8531.1 current ops/sec; est completion in 16 minutes [READ: Count=85316, Max=235263, Min=4820, Avg=29992.01, 90=48575, 99=89087, 99.9=131583, 99.99=196607] 
2020-09-09 10:09:17:299 220 sec: 1801497 operations; 8502.7 current ops/sec; est completion in 16 minutes [READ: Count=85021, Max=193023, Min=5268, Avg=30079.12, 90=48703, 99=88895, 99.9=128255, 99.99=168447] 
2020-09-09 10:09:27:300 230 sec: 1885004 operations; 8350.7 current ops/sec; est completion in 16 minutes [READ: Count=83525, Max=568831, Min=3748, Avg=30677.28, 90=49631, 99=93887, 99.9=415231, 99.99=541695] 
2020-09-09 10:09:37:299 240 sec: 1969615 operations; 8461.1 current ops/sec; est completion in 16 minutes [READ: Count=84598, Max=171519, Min=4628, Avg=30200, 90=49311, 99=90751, 99.9=129087, 99.99=157695] 
2020-09-09 10:09:47:299 250 sec: 2053336 operations; 8372.1 current ops/sec; est completion in 16 minutes [READ: Count=83715, Max=215679, Min=5096, Avg=30622.29, 90=50207, 99=94847, 99.9=157183, 99.99=193919] 
2020-09-09 10:09:57:299 260 sec: 2138464 operations; 8512.8 current ops/sec; est completion in 15 minutes [READ: Count=85134, Max=246143, Min=4372, Avg=30067.54, 90=49823, 99=92799, 99.9=137599, 99.99=203903] 
2020-09-09 10:10:07:299 270 sec: 2222455 operations; 8399.1 current ops/sec; est completion in 15 minutes [READ: Count=83987, Max=232191, Min=4604, Avg=30458.43, 90=49791, 99=94783, 99.9=163199, 99.99=209023] 
2020-09-09 10:10:17:299 280 sec: 2305678 operations; 8322.3 current ops/sec; est completion in 15 minutes [READ: Count=83229, Max=187903, Min=5272, Avg=30766.29, 90=53343, 99=98879, 99.9=137599, 99.99=165247] 
2020-09-09 10:10:27:299 290 sec: 2391190 operations; 8551.2 current ops/sec; est completion in 15 minutes [READ: Count=85520, Max=166783, Min=4676, Avg=29910.5, 90=48223, 99=88703, 99.9=125567, 99.99=152447] 
2020-09-09 10:10:37:299 300 sec: 2476194 operations; 8500.4 current ops/sec; est completion in 15 minutes [READ: Count=84995, Max=208383, Min=5448, Avg=30126.8, 90=50239, 99=94079, 99.9=139263, 99.99=177919] 
Maximum time elapsed. Requesting stop for the workload.
Stop requested for workload. Now Joining!
Still waiting for thread Thread-107 to complete. Workload status: true
2020-09-09 10:10:39:865 302 sec: 2477696 operations; 585.12 current ops/sec; est completion in 15 minutes [READ: Count=1494, Max=135423, Min=6244, Avg=32204.37, 90=57855, 99=95359, 99.9=125119, 99.99=135423] [CLEANUP: Count=256, Max=2371583, Min=2, Avg=9263.52, 90=3, 99=19, 99.9=2371583, 99.99=2371583] 
[OVERALL], RunTime(ms), 302564
[OVERALL], Throughput(ops/sec), 8188.998030168824
[TOTAL_GCS_G1_Young_Generation], Count, 52
[TOTAL_GC_TIME_G1_Young_Generation], Time(ms), 509
[TOTAL_GC_TIME_%_G1_Young_Generation], Time(%), 0.16822887058605782
[TOTAL_GCS_G1_Old_Generation], Count, 0
[TOTAL_GC_TIME_G1_Old_Generation], Time(ms), 0
[TOTAL_GC_TIME_%_G1_Old_Generation], Time(%), 0.0
[TOTAL_GCs], Count, 52
[TOTAL_GC_TIME], Time(ms), 509
[TOTAL_GC_TIME_%], Time(%), 0.16822887058605782
[READ], Operations, 2477696
[READ], AverageLatency(us), 30696.49108365191
[READ], MinLatency(us), 3262
[READ], MaxLatency(us), 1339391
[READ], 95thPercentileLatency(us), 63519
[READ], 99thPercentileLatency(us), 94079
[READ], Return=OK, 2477696
[CLEANUP], Operations, 256
[CLEANUP], AverageLatency(us), 9263.51953125
[CLEANUP], MinLatency(us), 2
[CLEANUP], MaxLatency(us), 2371583
[CLEANUP], 95thPercentileLatency(us), 4
[CLEANUP], 99thPercentileLatency(us), 19
