/opt/java/openjdk/bin/java  -classpath /usr/src/ycsb/conf:/usr/src/ycsb/lib/HdrHistogram-2.1.4.jar:/usr/src/ycsb/lib/core-0.18.0-SNAPSHOT.jar:/usr/src/ycsb/lib/htrace-core4-4.1.0-incubating.jar:/usr/src/ycsb/lib/jackson-core-asl-1.9.4.jar:/usr/src/ycsb/lib/jackson-mapper-asl-1.9.4.jar:/usr/src/ycsb/lib/postgresql-42.2.16.jar:/usr/src/ycsb/cassandra-binding/lib/cassandra-binding-0.18.0-SNAPSHOT.jar:/usr/src/ycsb/cassandra-binding/lib/cassandra-driver-core-3.0.0.jar:/usr/src/ycsb/cassandra-binding/lib/guava-16.0.1.jar:/usr/src/ycsb/cassandra-binding/lib/metrics-core-3.1.2.jar:/usr/src/ycsb/cassandra-binding/lib/netty-buffer-4.0.33.Final.jar:/usr/src/ycsb/cassandra-binding/lib/netty-codec-4.0.33.Final.jar:/usr/src/ycsb/cassandra-binding/lib/netty-common-4.0.33.Final.jar:/usr/src/ycsb/cassandra-binding/lib/netty-handler-4.0.33.Final.jar:/usr/src/ycsb/cassandra-binding/lib/netty-transport-4.0.33.Final.jar:/usr/src/ycsb/cassandra-binding/lib/slf4j-api-1.7.25.jar site.ycsb.Client -t -db site.ycsb.db.CassandraCQLClient -P workloads/workloada -p operationcount=10000000 -p hosts=10.0.4.27,10.0.4.26,10.0.4.25,10.0.4.24,10.0.4.23,10.0.4.22,10.0.4.21,10.0.4.20,10.0.4.19,10.0.4.18,10.0.4.17,10.0.4.16,10.0.4.15,10.0.4.14,10.0.4.13,10.0.4.11,10.0.4.9,10.0.4.7,10.0.4.5,10.0.4.3 -p maxexecutiontime=300 -threads 300 -p cassandra.readconsistencylevel=QUORUM -p cassandra.writeconsistencylevel=QUORUM -s
Command line: -t -db site.ycsb.db.CassandraCQLClient -P workloads/workloada -p operationcount=10000000 -p hosts=10.0.4.27,10.0.4.26,10.0.4.25,10.0.4.24,10.0.4.23,10.0.4.22,10.0.4.21,10.0.4.20,10.0.4.19,10.0.4.18,10.0.4.17,10.0.4.16,10.0.4.15,10.0.4.14,10.0.4.13,10.0.4.11,10.0.4.9,10.0.4.7,10.0.4.5,10.0.4.3 -p maxexecutiontime=300 -threads 300 -p cassandra.readconsistencylevel=QUORUM -p cassandra.writeconsistencylevel=QUORUM -s
YCSB Client 0.18.0-SNAPSHOT

Loading workload...
Starting test.
SLF4J: Failed to load class "org.slf4j.impl.StaticLoggerBinder".
SLF4J: Defaulting to no-operation (NOP) logger implementation
SLF4J: See http://www.slf4j.org/codes.html#StaticLoggerBinder for further details.
2020-09-17 12:29:01:165 0 sec: 0 operations; est completion in 0 second 
Maximum execution time specified as: 300 secs
WARNING: An illegal reflective access operation has occurred
WARNING: Illegal reflective access by io.netty.util.internal.PlatformDependent0 (file:/usr/src/ycsb/cassandra-binding/lib/netty-common-4.0.33.Final.jar) to field java.nio.Buffer.address
WARNING: Please consider reporting this to the maintainers of io.netty.util.internal.PlatformDependent0
WARNING: Use --illegal-access=warn to enable warnings of further illegal reflective access operations
WARNING: All illegal access operations will be denied in a future release
Sep 17, 2020 12:29:01 PM io.netty.util.internal.PlatformDependent <clinit>
INFO: Your platform does not provide complete low-level API for accessing direct buffers reliably. Unless explicitly requested, heap buffer will always be preferred to avoid potential system unstability.
DBWrapper: report latency for each error is false and specific error codes to track for latency are: []
DBWrapper: report latency for each error is false and specific error codes to track for latency are: []
DBWrapper: report latency for each error is false and specific error codes to track for latency are: []
DBWrapper: report latency for each error is false and specific error codes to track for latency are: []
DBWrapper: report latency for each error is false and specific error codes to track for latency are: []
DBWrapper: report latency for each error is false and specific error codes to track for latency are: []
DBWrapper: report latency for each error is false and specific error codes to track for latency are: []
DBWrapper: report latency for each error is false and specific error codes to track for latency are: []
DBWrapper: report latency for each error is false and specific error codes to track for latency are: []
DBWrapper: report latency for each error is false and specific error codes to track for latency are: []
DBWrapper: report latency for each error is false and specific error codes to track for latency are: []
DBWrapper: report latency for each error is false and specific error codes to track for latency are: []
DBWrapper: report latency for each error is false and specific error codes to track for latency are: []
DBWrapper: report latency for each error is false and specific error codes to track for latency are: []
DBWrapper: report latency for each error is false and specific error codes to track for latency are: []
DBWrapper: report latency for each error is false and specific error codes to track for latency are: []
DBWrapper: report latency for each error is false and specific error codes to track for latency are: []
DBWrapper: report latency for each error is false and specific error codes to track for latency are: []
DBWrapper: report latency for each error is false and specific error codes to track for latency are: []
DBWrapper: report latency for each error is false and specific error codes to track for latency are: []
DBWrapper: report latency for each error is false and specific error codes to track for latency are: []
DBWrapper: report latency for each error is false and specific error codes to track for latency are: []
DBWrapper: report latency for each error is false and specific error codes to track for latency are: []
DBWrapper: report latency for each error is false and specific error codes to track for latency are: []
DBWrapper: report latency for each error is false and specific error codes to track for latency are: []
DBWrapper: report latency for each error is false and specific error codes to track for latency are: []
DBWrapper: report latency for each error is false and specific error codes to track for latency are: []
DBWrapper: report latency for each error is false and specific error codes to track for latency are: []
DBWrapper: report latency for each error is false and specific error codes to track for latency are: []
DBWrapper: report latency for each error is false and specific error codes to track for latency are: []
DBWrapper: report latency for each error is false and specific error codes to track for latency are: []
DBWrapper: report latency for each error is false and specific error codes to track for latency are: []
DBWrapper: report latency for each error is false and specific error codes to track for latency are: []
DBWrapper: report latency for each error is false and specific error codes to track for latency are: []
DBWrapper: report latency for each error is false and specific error codes to track for latency are: []
DBWrapper: report latency for each error is false and specific error codes to track for latency are: []
DBWrapper: report latency for each error is false and specific error codes to track for latency are: []
DBWrapper: report latency for each error is false and specific error codes to track for latency are: []
DBWrapper: report latency for each error is false and specific error codes to track for latency are: []
DBWrapper: report latency for each error is false and specific error codes to track for latency are: []
DBWrapper: report latency for each error is false and specific error codes to track for latency are: []
DBWrapper: report latency for each error is false and specific error codes to track for latency are: []
DBWrapper: report latency for each error is false and specific error codes to track for latency are: []
DBWrapper: report latency for each error is false and specific error codes to track for latency are: []
DBWrapper: report latency for each error is false and specific error codes to track for latency are: []
DBWrapper: report latency for each error is false and specific error codes to track for latency are: []
DBWrapper: report latency for each error is false and specific error codes to track for latency are: []
DBWrapper: report latency for each error is false and specific error codes to track for latency are: []
DBWrapper: report latency for each error is false and specific error codes to track for latency are: []
DBWrapper: report latency for each error is false and specific error codes to track for latency are: []
DBWrapper: report latency for each error is false and specific error codes to track for latency are: []
DBWrapper: report latency for each error is false and specific error codes to track for latency are: []
DBWrapper: report latency for each error is false and specific error codes to track for latency are: []
DBWrapper: report latency for each error is false and specific error codes to track for latency are: []
DBWrapper: report latency for each error is false and specific error codes to track for latency are: []
DBWrapper: report latency for each error is false and specific error codes to track for latency are: []
DBWrapper: report latency for each error is false and specific error codes to track for latency are: []
DBWrapper: report latency for each error is false and specific error codes to track for latency are: []
DBWrapper: report latency for each error is false and specific error codes to track for latency are: []
DBWrapper: report latency for each error is false and specific error codes to track for latency are: []
DBWrapper: report latency for each error is false and specific error codes to track for latency are: []
DBWrapper: report latency for each error is false and specific error codes to track for latency are: []
DBWrapper: report latency for each error is false and specific error codes to track for latency are: []
DBWrapper: report latency for each error is false and specific error codes to track for latency are: []
DBWrapper: report latency for each error is false and specific error codes to track for latency are: []
DBWrapper: report latency for each error is false and specific error codes to track for latency are: []
DBWrapper: report latency for each error is false and specific error codes to track for latency are: []
DBWrapper: report latency for each error is false and specific error codes to track for latency are: []
DBWrapper: report latency for each error is false and specific error codes to track for latency are: []
DBWrapper: report latency for each error is false and specific error codes to track for latency are: []
DBWrapper: report latency for each error is false and specific error codes to track for latency are: []
DBWrapper: report latency for each error is false and specific error codes to track for latency are: []
DBWrapper: report latency for each error is false and specific error codes to track for latency are: []
DBWrapper: report latency for each error is false and specific error codes to track for latency are: []
DBWrapper: report latency for each error is false and specific error codes to track for latency are: []
DBWrapper: report latency for each error is false and specific error codes to track for latency are: []
DBWrapper: report latency for each error is false and specific error codes to track for latency are: []
DBWrapper: report latency for each error is false and specific error codes to track for latency are: []
DBWrapper: report latency for each error is false and specific error codes to track for latency are: []
DBWrapper: report latency for each error is false and specific error codes to track for latency are: []
DBWrapper: report latency for each error is false and specific error codes to track for latency are: []
DBWrapper: report latency for each error is false and specific error codes to track for latency are: []
DBWrapper: report latency for each error is false and specific error codes to track for latency are: []
DBWrapper: report latency for each error is false and specific error codes to track for latency are: []
DBWrapper: report latency for each error is false and specific error codes to track for latency are: []
DBWrapper: report latency for each error is false and specific error codes to track for latency are: []
DBWrapper: report latency for each error is false and specific error codes to track for latency are: []
DBWrapper: report latency for each error is false and specific error codes to track for latency are: []
DBWrapper: report latency for each error is false and specific error codes to track for latency are: []
DBWrapper: report latency for each error is false and specific error codes to track for latency are: []
DBWrapper: report latency for each error is false and specific error codes to track for latency are: []
DBWrapper: report latency for each error is false and specific error codes to track for latency are: []
DBWrapper: report latency for each error is false and specific error codes to track for latency are: []
DBWrapper: report latency for each error is false and specific error codes to track for latency are: []
DBWrapper: report latency for each error is false and specific error codes to track for latency are: []
DBWrapper: report latency for each error is false and specific error codes to track for latency are: []
DBWrapper: report latency for each error is false and specific error codes to track for latency are: []
DBWrapper: report latency for each error is false and specific error codes to track for latency are: []
DBWrapper: report latency for each error is false and specific error codes to track for latency are: []
DBWrapper: report latency for each error is false and specific error codes to track for latency are: []
DBWrapper: report latency for each error is false and specific error codes to track for latency are: []
DBWrapper: report latency for each error is false and specific error codes to track for latency are: []
DBWrapper: report latency for each error is false and specific error codes to track for latency are: []
DBWrapper: report latency for each error is false and specific error codes to track for latency are: []
DBWrapper: report latency for each error is false and specific error codes to track for latency are: []
DBWrapper: report latency for each error is false and specific error codes to track for latency are: []
DBWrapper: report latency for each error is false and specific error codes to track for latency are: []
DBWrapper: report latency for each error is false and specific error codes to track for latency are: []
DBWrapper: report latency for each error is false and specific error codes to track for latency are: []
DBWrapper: report latency for each error is false and specific error codes to track for latency are: []
DBWrapper: report latency for each error is false and specific error codes to track for latency are: []
DBWrapper: report latency for each error is false and specific error codes to track for latency are: []
DBWrapper: report latency for each error is false and specific error codes to track for latency are: []
DBWrapper: report latency for each error is false and specific error codes to track for latency are: []
DBWrapper: report latency for each error is false and specific error codes to track for latency are: []
DBWrapper: report latency for each error is false and specific error codes to track for latency are: []
DBWrapper: report latency for each error is false and specific error codes to track for latency are: []
DBWrapper: report latency for each error is false and specific error codes to track for latency are: []
DBWrapper: report latency for each error is false and specific error codes to track for latency are: []
DBWrapper: report latency for each error is false and specific error codes to track for latency are: []
DBWrapper: report latency for each error is false and specific error codes to track for latency are: []
DBWrapper: report latency for each error is false and specific error codes to track for latency are: []
DBWrapper: report latency for each error is false and specific error codes to track for latency are: []
DBWrapper: report latency for each error is false and specific error codes to track for latency are: []
DBWrapper: report latency for each error is false and specific error codes to track for latency are: []
DBWrapper: report latency for each error is false and specific error codes to track for latency are: []
DBWrapper: report latency for each error is false and specific error codes to track for latency are: []
DBWrapper: report latency for each error is false and specific error codes to track for latency are: []
DBWrapper: report latency for each error is false and specific error codes to track for latency are: []
DBWrapper: report latency for each error is false and specific error codes to track for latency are: []
DBWrapper: report latency for each error is false and specific error codes to track for latency are: []
DBWrapper: report latency for each error is false and specific error codes to track for latency are: []
DBWrapper: report latency for each error is false and specific error codes to track for latency are: []
DBWrapper: report latency for each error is false and specific error codes to track for latency are: []
DBWrapper: report latency for each error is false and specific error codes to track for latency are: []
DBWrapper: report latency for each error is false and specific error codes to track for latency are: []
DBWrapper: report latency for each error is false and specific error codes to track for latency are: []
DBWrapper: report latency for each error is false and specific error codes to track for latency are: []
DBWrapper: report latency for each error is false and specific error codes to track for latency are: []
DBWrapper: report latency for each error is false and specific error codes to track for latency are: []
DBWrapper: report latency for each error is false and specific error codes to track for latency are: []
DBWrapper: report latency for each error is false and specific error codes to track for latency are: []
DBWrapper: report latency for each error is false and specific error codes to track for latency are: []
DBWrapper: report latency for each error is false and specific error codes to track for latency are: []
DBWrapper: report latency for each error is false and specific error codes to track for latency are: []
DBWrapper: report latency for each error is false and specific error codes to track for latency are: []
DBWrapper: report latency for each error is false and specific error codes to track for latency are: []
DBWrapper: report latency for each error is false and specific error codes to track for latency are: []
DBWrapper: report latency for each error is false and specific error codes to track for latency are: []
DBWrapper: report latency for each error is false and specific error codes to track for latency are: []
DBWrapper: report latency for each error is false and specific error codes to track for latency are: []
DBWrapper: report latency for each error is false and specific error codes to track for latency are: []
DBWrapper: report latency for each error is false and specific error codes to track for latency are: []
DBWrapper: report latency for each error is false and specific error codes to track for latency are: []
DBWrapper: report latency for each error is false and specific error codes to track for latency are: []
DBWrapper: report latency for each error is false and specific error codes to track for latency are: []
DBWrapper: report latency for each error is false and specific error codes to track for latency are: []
DBWrapper: report latency for each error is false and specific error codes to track for latency are: []
DBWrapper: report latency for each error is false and specific error codes to track for latency are: []
DBWrapper: report latency for each error is false and specific error codes to track for latency are: []
DBWrapper: report latency for each error is false and specific error codes to track for latency are: []
DBWrapper: report latency for each error is false and specific error codes to track for latency are: []
DBWrapper: report latency for each error is false and specific error codes to track for latency are: []
DBWrapper: report latency for each error is false and specific error codes to track for latency are: []
DBWrapper: report latency for each error is false and specific error codes to track for latency are: []
DBWrapper: report latency for each error is false and specific error codes to track for latency are: []
DBWrapper: report latency for each error is false and specific error codes to track for latency are: []
DBWrapper: report latency for each error is false and specific error codes to track for latency are: []
DBWrapper: report latency for each error is false and specific error codes to track for latency are: []
DBWrapper: report latency for each error is false and specific error codes to track for latency are: []
DBWrapper: report latency for each error is false and specific error codes to track for latency are: []
DBWrapper: report latency for each error is false and specific error codes to track for latency are: []
DBWrapper: report latency for each error is false and specific error codes to track for latency are: []
DBWrapper: report latency for each error is false and specific error codes to track for latency are: []
DBWrapper: report latency for each error is false and specific error codes to track for latency are: []
DBWrapper: report latency for each error is false and specific error codes to track for latency are: []
DBWrapper: report latency for each error is false and specific error codes to track for latency are: []
DBWrapper: report latency for each error is false and specific error codes to track for latency are: []
DBWrapper: report latency for each error is false and specific error codes to track for latency are: []
DBWrapper: report latency for each error is false and specific error codes to track for latency are: []
DBWrapper: report latency for each error is false and specific error codes to track for latency are: []
DBWrapper: report latency for each error is false and specific error codes to track for latency are: []
DBWrapper: report latency for each error is false and specific error codes to track for latency are: []
DBWrapper: report latency for each error is false and specific error codes to track for latency are: []
DBWrapper: report latency for each error is false and specific error codes to track for latency are: []
DBWrapper: report latency for each error is false and specific error codes to track for latency are: []
DBWrapper: report latency for each error is false and specific error codes to track for latency are: []
DBWrapper: report latency for each error is false and specific error codes to track for latency are: []
DBWrapper: report latency for each error is false and specific error codes to track for latency are: []
DBWrapper: report latency for each error is false and specific error codes to track for latency are: []
DBWrapper: report latency for each error is false and specific error codes to track for latency are: []
DBWrapper: report latency for each error is false and specific error codes to track for latency are: []
DBWrapper: report latency for each error is false and specific error codes to track for latency are: []
DBWrapper: report latency for each error is false and specific error codes to track for latency are: []
DBWrapper: report latency for each error is false and specific error codes to track for latency are: []
DBWrapper: report latency for each error is false and specific error codes to track for latency are: []
DBWrapper: report latency for each error is false and specific error codes to track for latency are: []
DBWrapper: report latency for each error is false and specific error codes to track for latency are: []
DBWrapper: report latency for each error is false and specific error codes to track for latency are: []
DBWrapper: report latency for each error is false and specific error codes to track for latency are: []
DBWrapper: report latency for each error is false and specific error codes to track for latency are: []
DBWrapper: report latency for each error is false and specific error codes to track for latency are: []
DBWrapper: report latency for each error is false and specific error codes to track for latency are: []
DBWrapper: report latency for each error is false and specific error codes to track for latency are: []
DBWrapper: report latency for each error is false and specific error codes to track for latency are: []
DBWrapper: report latency for each error is false and specific error codes to track for latency are: []
DBWrapper: report latency for each error is false and specific error codes to track for latency are: []
DBWrapper: report latency for each error is false and specific error codes to track for latency are: []
DBWrapper: report latency for each error is false and specific error codes to track for latency are: []
DBWrapper: report latency for each error is false and specific error codes to track for latency are: []
DBWrapper: report latency for each error is false and specific error codes to track for latency are: []
DBWrapper: report latency for each error is false and specific error codes to track for latency are: []
DBWrapper: report latency for each error is false and specific error codes to track for latency are: []
DBWrapper: report latency for each error is false and specific error codes to track for latency are: []
DBWrapper: report latency for each error is false and specific error codes to track for latency are: []
DBWrapper: report latency for each error is false and specific error codes to track for latency are: []
DBWrapper: report latency for each error is false and specific error codes to track for latency are: []
DBWrapper: report latency for each error is false and specific error codes to track for latency are: []
DBWrapper: report latency for each error is false and specific error codes to track for latency are: []
DBWrapper: report latency for each error is false and specific error codes to track for latency are: []
DBWrapper: report latency for each error is false and specific error codes to track for latency are: []
DBWrapper: report latency for each error is false and specific error codes to track for latency are: []
DBWrapper: report latency for each error is false and specific error codes to track for latency are: []
DBWrapper: report latency for each error is false and specific error codes to track for latency are: []
DBWrapper: report latency for each error is false and specific error codes to track for latency are: []
DBWrapper: report latency for each error is false and specific error codes to track for latency are: []
DBWrapper: report latency for each error is false and specific error codes to track for latency are: []
DBWrapper: report latency for each error is false and specific error codes to track for latency are: []
DBWrapper: report latency for each error is false and specific error codes to track for latency are: []
DBWrapper: report latency for each error is false and specific error codes to track for latency are: []
DBWrapper: report latency for each error is false and specific error codes to track for latency are: []
DBWrapper: report latency for each error is false and specific error codes to track for latency are: []
DBWrapper: report latency for each error is false and specific error codes to track for latency are: []
DBWrapper: report latency for each error is false and specific error codes to track for latency are: []
DBWrapper: report latency for each error is false and specific error codes to track for latency are: []
DBWrapper: report latency for each error is false and specific error codes to track for latency are: []
DBWrapper: report latency for each error is false and specific error codes to track for latency are: []
DBWrapper: report latency for each error is false and specific error codes to track for latency are: []
DBWrapper: report latency for each error is false and specific error codes to track for latency are: []
DBWrapper: report latency for each error is false and specific error codes to track for latency are: []
DBWrapper: report latency for each error is false and specific error codes to track for latency are: []
DBWrapper: report latency for each error is false and specific error codes to track for latency are: []
DBWrapper: report latency for each error is false and specific error codes to track for latency are: []
DBWrapper: report latency for each error is false and specific error codes to track for latency are: []
DBWrapper: report latency for each error is false and specific error codes to track for latency are: []
DBWrapper: report latency for each error is false and specific error codes to track for latency are: []
DBWrapper: report latency for each error is false and specific error codes to track for latency are: []
DBWrapper: report latency for each error is false and specific error codes to track for latency are: []
DBWrapper: report latency for each error is false and specific error codes to track for latency are: []
DBWrapper: report latency for each error is false and specific error codes to track for latency are: []
DBWrapper: report latency for each error is false and specific error codes to track for latency are: []
DBWrapper: report latency for each error is false and specific error codes to track for latency are: []
DBWrapper: report latency for each error is false and specific error codes to track for latency are: []
DBWrapper: report latency for each error is false and specific error codes to track for latency are: []
DBWrapper: report latency for each error is false and specific error codes to track for latency are: []
DBWrapper: report latency for each error is false and specific error codes to track for latency are: []
DBWrapper: report latency for each error is false and specific error codes to track for latency are: []
DBWrapper: report latency for each error is false and specific error codes to track for latency are: []
DBWrapper: report latency for each error is false and specific error codes to track for latency are: []
DBWrapper: report latency for each error is false and specific error codes to track for latency are: []
DBWrapper: report latency for each error is false and specific error codes to track for latency are: []
DBWrapper: report latency for each error is false and specific error codes to track for latency are: []
DBWrapper: report latency for each error is false and specific error codes to track for latency are: []
DBWrapper: report latency for each error is false and specific error codes to track for latency are: []
DBWrapper: report latency for each error is false and specific error codes to track for latency are: []
DBWrapper: report latency for each error is false and specific error codes to track for latency are: []
DBWrapper: report latency for each error is false and specific error codes to track for latency are: []
DBWrapper: report latency for each error is false and specific error codes to track for latency are: []
DBWrapper: report latency for each error is false and specific error codes to track for latency are: []
DBWrapper: report latency for each error is false and specific error codes to track for latency are: []
DBWrapper: report latency for each error is false and specific error codes to track for latency are: []
DBWrapper: report latency for each error is false and specific error codes to track for latency are: []
DBWrapper: report latency for each error is false and specific error codes to track for latency are: []
DBWrapper: report latency for each error is false and specific error codes to track for latency are: []
DBWrapper: report latency for each error is false and specific error codes to track for latency are: []
DBWrapper: report latency for each error is false and specific error codes to track for latency are: []
DBWrapper: report latency for each error is false and specific error codes to track for latency are: []
DBWrapper: report latency for each error is false and specific error codes to track for latency are: []
DBWrapper: report latency for each error is false and specific error codes to track for latency are: []
DBWrapper: report latency for each error is false and specific error codes to track for latency are: []
DBWrapper: report latency for each error is false and specific error codes to track for latency are: []
DBWrapper: report latency for each error is false and specific error codes to track for latency are: []
DBWrapper: report latency for each error is false and specific error codes to track for latency are: []
DBWrapper: report latency for each error is false and specific error codes to track for latency are: []
DBWrapper: report latency for each error is false and specific error codes to track for latency are: []
DBWrapper: report latency for each error is false and specific error codes to track for latency are: []
DBWrapper: report latency for each error is false and specific error codes to track for latency are: []
DBWrapper: report latency for each error is false and specific error codes to track for latency are: []
DBWrapper: report latency for each error is false and specific error codes to track for latency are: []
DBWrapper: report latency for each error is false and specific error codes to track for latency are: []
DBWrapper: report latency for each error is false and specific error codes to track for latency are: []
DBWrapper: report latency for each error is false and specific error codes to track for latency are: []
DBWrapper: report latency for each error is false and specific error codes to track for latency are: []
DBWrapper: report latency for each error is false and specific error codes to track for latency are: []
DBWrapper: report latency for each error is false and specific error codes to track for latency are: []
DBWrapper: report latency for each error is false and specific error codes to track for latency are: []
DBWrapper: report latency for each error is false and specific error codes to track for latency are: []
DBWrapper: report latency for each error is false and specific error codes to track for latency are: []
DBWrapper: report latency for each error is false and specific error codes to track for latency are: []
DBWrapper: report latency for each error is false and specific error codes to track for latency are: []
2020-09-17 12:29:10:904 10 sec: 20831 operations; 2082.89 current ops/sec; est completion in 1 hour 19 minutes [READ: Count=10265, Max=1694719, Min=6072, Avg=113866.68, 90=219775, 99=963583, 99.9=1223679, 99.99=1592319] [UPDATE: Count=10627, Max=1282047, Min=5776, Avg=92875.39, 90=162175, 99=886271, 99.9=1159167, 99.99=1277951] 
2020-09-17 12:29:20:903 20 sec: 63942 operations; 4311.1 current ops/sec; est completion in 51 minutes [READ: Count=21530, Max=1662975, Min=5096, Avg=80044.07, 90=151935, 99=388863, 99.9=1132543, 99.99=1480703] [UPDATE: Count=21565, Max=1487871, Min=4456, Avg=59855.84, 90=100351, 99=251519, 99.9=1168383, 99.99=1484799] 
2020-09-17 12:29:30:903 30 sec: 116065 operations; 5212.3 current ops/sec; est completion in 42 minutes [READ: Count=26144, Max=1251327, Min=4652, Avg=65348.22, 90=116607, 99=258047, 99.9=993279, 99.99=1210367] [UPDATE: Count=25966, Max=1023487, Min=5136, Avg=49884.78, 90=83199, 99=177407, 99.9=822783, 99.99=941055] 
2020-09-17 12:29:40:903 40 sec: 176387 operations; 6032.2 current ops/sec; est completion in 37 minutes [READ: Count=30016, Max=947199, Min=4640, Avg=56216.87, 90=99647, 99=245887, 99.9=659455, 99.99=827903] [UPDATE: Count=30309, Max=880639, Min=4876, Avg=43213.88, 90=71551, 99=163711, 99.9=583167, 99.99=771071] 
2020-09-17 12:29:50:903 50 sec: 241069 operations; 6468.2 current ops/sec; est completion in 33 minutes [READ: Count=32349, Max=883199, Min=4880, Avg=52854.98, 90=95743, 99=281087, 99.9=591359, 99.99=831999] [UPDATE: Count=32324, Max=716287, Min=3270, Avg=39794.63, 90=64863, 99=170367, 99.9=532479, 99.99=626175] 
2020-09-17 12:30:00:903 60 sec: 305746 operations; 6467.7 current ops/sec; est completion in 31 minutes [READ: Count=32352, Max=1244159, Min=4200, Avg=52710.87, 90=96319, 99=397311, 99.9=636415, 99.99=816127] [UPDATE: Count=32310, Max=721407, Min=4820, Avg=38211.76, 90=61983, 99=340991, 99.9=560639, 99.99=632831] 
2020-09-17 12:30:10:903 70 sec: 378286 operations; 7254 current ops/sec; est completion in 29 minutes [READ: Count=36339, Max=942591, Min=4512, Avg=47797.41, 90=83519, 99=254975, 99.9=613887, 99.99=873983] [UPDATE: Count=36210, Max=882175, Min=5180, Avg=36550.49, 90=60031, 99=144511, 99.9=511999, 99.99=818175] 
2020-09-17 12:30:20:903 80 sec: 449899 operations; 7161.3 current ops/sec; est completion in 28 minutes [READ: Count=35597, Max=610303, Min=5884, Avg=47124.83, 90=86399, 99=189695, 99.9=350463, 99.99=564223] [UPDATE: Count=36008, Max=580095, Min=5392, Avg=36674, 90=64799, 99=121919, 99.9=319999, 99.99=548351] 
2020-09-17 12:30:30:903 90 sec: 520958 operations; 7105.9 current ops/sec; est completion in 27 minutes [READ: Count=35358, Max=469759, Min=5136, Avg=47831.46, 90=90815, 99=187263, 99.9=359167, 99.99=442623] [UPDATE: Count=35704, Max=439295, Min=6292, Avg=36733.87, 90=66623, 99=127039, 99.9=265215, 99.99=421375] 
2020-09-17 12:30:40:904 100 sec: 590475 operations; 6951.7 current ops/sec; est completion in 26 minutes [READ: Count=34725, Max=728063, Min=3980, Avg=49267.01, 90=90751, 99=259583, 99.9=548351, 99.99=666111] [UPDATE: Count=34803, Max=636927, Min=3342, Avg=37133.93, 90=64799, 99=141951, 99.9=470271, 99.99=585727] 
2020-09-17 12:30:50:903 110 sec: 661836 operations; 7136.1 current ops/sec; est completion in 25 minutes [READ: Count=35660, Max=672255, Min=5540, Avg=47480.34, 90=87167, 99=205439, 99.9=486911, 99.99=627711] [UPDATE: Count=35693, Max=623103, Min=4952, Avg=36551.55, 90=64287, 99=125567, 99.9=379647, 99.99=598527] 
2020-09-17 12:31:00:903 120 sec: 733256 operations; 7142 current ops/sec; est completion in 25 minutes [READ: Count=35715, Max=658943, Min=4660, Avg=47264.11, 90=88127, 99=189567, 99.9=497151, 99.99=609791] [UPDATE: Count=35706, Max=564223, Min=4568, Avg=36644.59, 90=66879, 99=132607, 99.9=447231, 99.99=526847] 
2020-09-17 12:31:10:903 130 sec: 803940 operations; 7068.4 current ops/sec; est completion in 24 minutes [READ: Count=35289, Max=491007, Min=5716, Avg=47356.97, 90=91455, 99=192767, 99.9=384767, 99.99=472831] [UPDATE: Count=35388, Max=468735, Min=4680, Avg=36780.42, 90=69055, 99=131967, 99.9=249599, 99.99=449023] 
2020-09-17 12:31:20:903 140 sec: 875023 operations; 7108.3 current ops/sec; est completion in 24 minutes [READ: Count=35449, Max=836095, Min=4472, Avg=48586.97, 90=90815, 99=267519, 99.9=501759, 99.99=604159] [UPDATE: Count=35655, Max=540159, Min=3866, Avg=36667.51, 90=64447, 99=168703, 99.9=430079, 99.99=519167] 
2020-09-17 12:31:30:903 150 sec: 944477 operations; 6945.4 current ops/sec; est completion in 23 minutes [READ: Count=34882, Max=696831, Min=4268, Avg=49046.98, 90=92223, 99=234367, 99.9=493567, 99.99=559103] [UPDATE: Count=34561, Max=529407, Min=4276, Avg=37127.94, 90=68159, 99=139135, 99.9=419839, 99.99=524031] 
2020-09-17 12:31:40:903 160 sec: 1017390 operations; 7291.3 current ops/sec; est completion in 23 minutes [READ: Count=36467, Max=504831, Min=5140, Avg=46442.12, 90=83839, 99=214271, 99.9=387583, 99.99=450047] [UPDATE: Count=36441, Max=436223, Min=4992, Avg=35902.24, 90=61695, 99=130623, 99.9=345343, 99.99=426751] 
2020-09-17 12:31:50:903 170 sec: 1090672 operations; 7328.2 current ops/sec; est completion in 23 minutes [READ: Count=36742, Max=478975, Min=4740, Avg=45802.84, 90=88191, 99=196735, 99.9=380927, 99.99=462847] [UPDATE: Count=36534, Max=408575, Min=5224, Avg=36007.51, 90=66495, 99=127423, 99.9=316159, 99.99=383999] 
2020-09-17 12:32:00:903 180 sec: 1163630 operations; 7295.8 current ops/sec; est completion in 22 minutes [READ: Count=36588, Max=533503, Min=5508, Avg=46155.78, 90=88127, 99=188287, 99.9=385791, 99.99=481279] [UPDATE: Count=36408, Max=511487, Min=5784, Avg=35980.75, 90=67327, 99=124159, 99.9=297215, 99.99=436223] 
2020-09-17 12:32:10:904 190 sec: 1235580 operations; 7195 current ops/sec; est completion in 22 minutes [READ: Count=35715, Max=423423, Min=5168, Avg=47057.57, 90=89599, 99=181119, 99.9=283647, 99.99=375039] [UPDATE: Count=36211, Max=346879, Min=4792, Avg=36502.16, 90=66687, 99=121343, 99.9=212607, 99.99=330751] 
2020-09-17 12:32:20:903 200 sec: 1310249 operations; 7466.9 current ops/sec; est completion in 22 minutes [READ: Count=37424, Max=322303, Min=5024, Avg=44731.89, 90=83775, 99=158335, 99.9=229247, 99.99=298239] [UPDATE: Count=37253, Max=256767, Min=5616, Avg=35492.22, 90=64767, 99=116927, 99.9=162559, 99.99=199423] 
2020-09-17 12:32:30:903 210 sec: 1383477 operations; 7322.8 current ops/sec; est completion in 21 minutes [READ: Count=36685, Max=571391, Min=5308, Avg=46292.66, 90=89023, 99=193535, 99.9=324607, 99.99=506367] [UPDATE: Count=36514, Max=492031, Min=5088, Avg=35743.2, 90=65727, 99=138751, 99.9=271871, 99.99=454911] 
2020-09-17 12:32:40:903 220 sec: 1455859 operations; 7238.2 current ops/sec; est completion in 21 minutes [READ: Count=36223, Max=399359, Min=5640, Avg=46548.57, 90=89151, 99=184959, 99.9=326911, 99.99=381695] [UPDATE: Count=36176, Max=364287, Min=4348, Avg=36312.23, 90=67007, 99=122815, 99.9=291327, 99.99=346111] 
2020-09-17 12:32:50:903 230 sec: 1528786 operations; 7292.7 current ops/sec; est completion in 21 minutes [READ: Count=36553, Max=588287, Min=3868, Avg=46117.3, 90=86783, 99=177407, 99.9=446975, 99.99=546815] [UPDATE: Count=36383, Max=565247, Min=4148, Avg=36033.29, 90=65599, 99=128127, 99.9=450303, 99.99=544767] 
2020-09-17 12:33:00:903 240 sec: 1599296 operations; 7051 current ops/sec; est completion in 21 minutes [READ: Count=35347, Max=614399, Min=4588, Avg=48349.51, 90=92735, 99=228607, 99.9=392191, 99.99=501503] [UPDATE: Count=35151, Max=407039, Min=5072, Avg=36804.94, 90=67007, 99=150143, 99.9=339455, 99.99=387839] 
2020-09-17 12:33:10:903 250 sec: 1673862 operations; 7456.6 current ops/sec; est completion in 20 minutes [READ: Count=37414, Max=400127, Min=5228, Avg=45013.42, 90=87039, 99=179327, 99.9=292607, 99.99=362495] [UPDATE: Count=37162, Max=353279, Min=5956, Avg=35323.94, 90=65983, 99=131839, 99.9=235647, 99.99=328447] 
2020-09-17 12:33:20:903 260 sec: 1747317 operations; 7345.5 current ops/sec; est completion in 20 minutes [READ: Count=36751, Max=400383, Min=5044, Avg=45807.95, 90=86079, 99=169215, 99.9=285183, 99.99=357631] [UPDATE: Count=36690, Max=343295, Min=5584, Avg=35878.57, 90=65279, 99=122751, 99.9=209535, 99.99=310527] 
2020-09-17 12:33:30:904 270 sec: 1817580 operations; 7026.3 current ops/sec; est completion in 20 minutes [READ: Count=34965, Max=659967, Min=3736, Avg=47804.38, 90=89279, 99=194047, 99.9=463359, 99.99=552959] [UPDATE: Count=35312, Max=525823, Min=3912, Avg=37667.41, 90=67903, 99=132479, 99.9=413951, 99.99=497919] 
2020-09-17 12:33:40:904 280 sec: 1884999 operations; 6741.9 current ops/sec; est completion in 20 minutes [READ: Count=33482, Max=657919, Min=5028, Avg=50199.15, 90=98239, 99=218495, 99.9=462847, 99.99=543231] [UPDATE: Count=33928, Max=536063, Min=4248, Avg=38856.68, 90=72191, 99=151679, 99.9=353279, 99.99=495103] 
2020-09-17 12:33:50:904 290 sec: 1953248 operations; 6824.9 current ops/sec; est completion in 19 minutes [READ: Count=34137, Max=996863, Min=4002, Avg=50049.89, 90=93823, 99=304383, 99.9=613375, 99.99=769535] [UPDATE: Count=34101, Max=1081343, Min=3898, Avg=37745.13, 90=65279, 99=180863, 99.9=487167, 99.99=545279] 
2020-09-17 12:34:00:903 300 sec: 2023357 operations; 7010.9 current ops/sec; est completion in 19 minutes [READ: Count=35051, Max=497151, Min=5440, Avg=48694.71, 90=93695, 99=207743, 99.9=363775, 99.99=460031] [UPDATE: Count=35051, Max=387839, Min=4580, Avg=36961.04, 90=67199, 99=127167, 99.9=300799, 99.99=356095] 
Maximum time elapsed. Requesting stop for the workload.
Stop requested for workload. Now Joining!
Still waiting for thread Thread-175 to complete. Workload status: true
2020-09-17 12:34:03:741 302 sec: 2025604 operations; 793.15 current ops/sec; est completion in 19 minutes [READ: Count=1120, Max=238591, Min=6200, Avg=53963.03, 90=108991, 99=191871, 99.9=226815, 99.99=238591] [CLEANUP: Count=300, Max=2402303, Min=1, Avg=8006.99, 90=2, 99=20, 99.9=2402303, 99.99=2402303] [UPDATE: Count=1126, Max=150015, Min=6160, Avg=39977.26, 90=73151, 99=122175, 99.9=139775, 99.99=150015] 
[OVERALL], RunTime(ms), 302832
[OVERALL], Throughput(ops/sec), 6688.870396787658
[TOTAL_GCS_G1_Young_Generation], Count, 70
[TOTAL_GC_TIME_G1_Young_Generation], Time(ms), 570
[TOTAL_GC_TIME_%_G1_Young_Generation], Time(%), 0.18822317324457125
[TOTAL_GCS_G1_Old_Generation], Count, 0
[TOTAL_GC_TIME_G1_Old_Generation], Time(ms), 0
[TOTAL_GC_TIME_%_G1_Old_Generation], Time(%), 0.0
[TOTAL_GCs], Count, 70
[TOTAL_GC_TIME], Time(ms), 570
[TOTAL_GC_TIME_%], Time(%), 0.18822317324457125
[READ], Operations, 1012334
[READ], AverageLatency(us), 49785.84258653764
[READ], MinLatency(us), 3736
[READ], MaxLatency(us), 1694719
[READ], 95thPercentileLatency(us), 123455
[READ], 99thPercentileLatency(us), 229119
[READ], Return=OK, 1012334
[CLEANUP], Operations, 300
[CLEANUP], AverageLatency(us), 8006.993333333333
[CLEANUP], MinLatency(us), 1
[CLEANUP], MaxLatency(us), 2402303
[CLEANUP], 95thPercentileLatency(us), 3
[CLEANUP], 99thPercentileLatency(us), 20
[UPDATE], Operations, 1013270
[UPDATE], AverageLatency(us), 38354.48977666367
[UPDATE], MinLatency(us), 3270
[UPDATE], MaxLatency(us), 1487871
[UPDATE], 95thPercentileLatency(us), 88511
[UPDATE], 99thPercentileLatency(us), 146559
[UPDATE], Return=OK, 1013270
