/opt/java/openjdk/bin/java  -classpath /usr/src/ycsb/conf:/usr/src/ycsb/lib/HdrHistogram-2.1.4.jar:/usr/src/ycsb/lib/core-0.18.0-SNAPSHOT.jar:/usr/src/ycsb/lib/htrace-core4-4.1.0-incubating.jar:/usr/src/ycsb/lib/jackson-core-asl-1.9.4.jar:/usr/src/ycsb/lib/jackson-mapper-asl-1.9.4.jar:/usr/src/ycsb/lib/postgresql-42.2.16.jar:/usr/src/ycsb/cassandra-binding/lib/cassandra-binding-0.18.0-SNAPSHOT.jar:/usr/src/ycsb/cassandra-binding/lib/cassandra-driver-core-3.0.0.jar:/usr/src/ycsb/cassandra-binding/lib/guava-16.0.1.jar:/usr/src/ycsb/cassandra-binding/lib/metrics-core-3.1.2.jar:/usr/src/ycsb/cassandra-binding/lib/netty-buffer-4.0.33.Final.jar:/usr/src/ycsb/cassandra-binding/lib/netty-codec-4.0.33.Final.jar:/usr/src/ycsb/cassandra-binding/lib/netty-common-4.0.33.Final.jar:/usr/src/ycsb/cassandra-binding/lib/netty-handler-4.0.33.Final.jar:/usr/src/ycsb/cassandra-binding/lib/netty-transport-4.0.33.Final.jar:/usr/src/ycsb/cassandra-binding/lib/slf4j-api-1.7.25.jar site.ycsb.Client -t -db site.ycsb.db.CassandraCQLClient -P workloads/workloada -p operationcount=10000000 -p hosts=10.0.7.42,10.0.7.44,10.0.7.39,10.0.7.36,10.0.7.33,10.0.7.30,10.0.7.37,10.0.7.27,10.0.7.24,10.0.7.26,10.0.7.40,10.0.7.21,10.0.7.16,10.0.7.14,10.0.7.19,10.0.7.11,10.0.7.9,10.0.7.7,10.0.7.5,10.0.7.3 -p maxexecutiontime=300 -threads 256 -p cassandra.readconsistencylevel=QUORUM -p cassandra.writeconsistencylevel=QUORUM -s
Command line: -t -db site.ycsb.db.CassandraCQLClient -P workloads/workloada -p operationcount=10000000 -p hosts=10.0.7.42,10.0.7.44,10.0.7.39,10.0.7.36,10.0.7.33,10.0.7.30,10.0.7.37,10.0.7.27,10.0.7.24,10.0.7.26,10.0.7.40,10.0.7.21,10.0.7.16,10.0.7.14,10.0.7.19,10.0.7.11,10.0.7.9,10.0.7.7,10.0.7.5,10.0.7.3 -p maxexecutiontime=300 -threads 256 -p cassandra.readconsistencylevel=QUORUM -p cassandra.writeconsistencylevel=QUORUM -s
YCSB Client 0.18.0-SNAPSHOT

Loading workload...
Starting test.
SLF4J: Failed to load class "org.slf4j.impl.StaticLoggerBinder".
SLF4J: Defaulting to no-operation (NOP) logger implementation
SLF4J: See http://www.slf4j.org/codes.html#StaticLoggerBinder for further details.
Maximum execution time specified as: 300 secs
2020-09-07 13:43:03:183 0 sec: 0 operations; est completion in 0 second 
WARNING: An illegal reflective access operation has occurred
WARNING: Illegal reflective access by io.netty.util.internal.PlatformDependent0 (file:/usr/src/ycsb/cassandra-binding/lib/netty-common-4.0.33.Final.jar) to field java.nio.Buffer.address
WARNING: Please consider reporting this to the maintainers of io.netty.util.internal.PlatformDependent0
WARNING: Use --illegal-access=warn to enable warnings of further illegal reflective access operations
WARNING: All illegal access operations will be denied in a future release
Sep 07, 2020 1:43:03 PM io.netty.util.internal.PlatformDependent <clinit>
INFO: Your platform does not provide complete low-level API for accessing direct buffers reliably. Unless explicitly requested, heap buffer will always be preferred to avoid potential system unstability.
DBWrapper: report latency for each error is false and specific error codes to track for latency are: []
DBWrapper: report latency for each error is false and specific error codes to track for latency are: []
DBWrapper: report latency for each error is false and specific error codes to track for latency are: []
DBWrapper: report latency for each error is false and specific error codes to track for latency are: []
DBWrapper: report latency for each error is false and specific error codes to track for latency are: []
DBWrapper: report latency for each error is false and specific error codes to track for latency are: []
DBWrapper: report latency for each error is false and specific error codes to track for latency are: []
DBWrapper: report latency for each error is false and specific error codes to track for latency are: []
DBWrapper: report latency for each error is false and specific error codes to track for latency are: []
DBWrapper: report latency for each error is false and specific error codes to track for latency are: []
DBWrapper: report latency for each error is false and specific error codes to track for latency are: []
DBWrapper: report latency for each error is false and specific error codes to track for latency are: []
DBWrapper: report latency for each error is false and specific error codes to track for latency are: []
DBWrapper: report latency for each error is false and specific error codes to track for latency are: []
DBWrapper: report latency for each error is false and specific error codes to track for latency are: []
DBWrapper: report latency for each error is false and specific error codes to track for latency are: []
DBWrapper: report latency for each error is false and specific error codes to track for latency are: []
DBWrapper: report latency for each error is false and specific error codes to track for latency are: []
DBWrapper: report latency for each error is false and specific error codes to track for latency are: []
DBWrapper: report latency for each error is false and specific error codes to track for latency are: []
DBWrapper: report latency for each error is false and specific error codes to track for latency are: []
DBWrapper: report latency for each error is false and specific error codes to track for latency are: []
DBWrapper: report latency for each error is false and specific error codes to track for latency are: []
DBWrapper: report latency for each error is false and specific error codes to track for latency are: []
DBWrapper: report latency for each error is false and specific error codes to track for latency are: []
DBWrapper: report latency for each error is false and specific error codes to track for latency are: []
DBWrapper: report latency for each error is false and specific error codes to track for latency are: []
DBWrapper: report latency for each error is false and specific error codes to track for latency are: []
DBWrapper: report latency for each error is false and specific error codes to track for latency are: []
DBWrapper: report latency for each error is false and specific error codes to track for latency are: []
DBWrapper: report latency for each error is false and specific error codes to track for latency are: []
DBWrapper: report latency for each error is false and specific error codes to track for latency are: []
DBWrapper: report latency for each error is false and specific error codes to track for latency are: []
DBWrapper: report latency for each error is false and specific error codes to track for latency are: []
DBWrapper: report latency for each error is false and specific error codes to track for latency are: []
DBWrapper: report latency for each error is false and specific error codes to track for latency are: []
DBWrapper: report latency for each error is false and specific error codes to track for latency are: []
DBWrapper: report latency for each error is false and specific error codes to track for latency are: []
DBWrapper: report latency for each error is false and specific error codes to track for latency are: []
DBWrapper: report latency for each error is false and specific error codes to track for latency are: []
DBWrapper: report latency for each error is false and specific error codes to track for latency are: []
DBWrapper: report latency for each error is false and specific error codes to track for latency are: []
DBWrapper: report latency for each error is false and specific error codes to track for latency are: []
DBWrapper: report latency for each error is false and specific error codes to track for latency are: []
DBWrapper: report latency for each error is false and specific error codes to track for latency are: []
DBWrapper: report latency for each error is false and specific error codes to track for latency are: []
DBWrapper: report latency for each error is false and specific error codes to track for latency are: []
DBWrapper: report latency for each error is false and specific error codes to track for latency are: []
DBWrapper: report latency for each error is false and specific error codes to track for latency are: []
DBWrapper: report latency for each error is false and specific error codes to track for latency are: []
DBWrapper: report latency for each error is false and specific error codes to track for latency are: []
DBWrapper: report latency for each error is false and specific error codes to track for latency are: []
DBWrapper: report latency for each error is false and specific error codes to track for latency are: []
DBWrapper: report latency for each error is false and specific error codes to track for latency are: []
DBWrapper: report latency for each error is false and specific error codes to track for latency are: []
DBWrapper: report latency for each error is false and specific error codes to track for latency are: []
DBWrapper: report latency for each error is false and specific error codes to track for latency are: []
DBWrapper: report latency for each error is false and specific error codes to track for latency are: []
DBWrapper: report latency for each error is false and specific error codes to track for latency are: []
DBWrapper: report latency for each error is false and specific error codes to track for latency are: []
DBWrapper: report latency for each error is false and specific error codes to track for latency are: []
DBWrapper: report latency for each error is false and specific error codes to track for latency are: []
DBWrapper: report latency for each error is false and specific error codes to track for latency are: []
DBWrapper: report latency for each error is false and specific error codes to track for latency are: []
DBWrapper: report latency for each error is false and specific error codes to track for latency are: []
DBWrapper: report latency for each error is false and specific error codes to track for latency are: []
DBWrapper: report latency for each error is false and specific error codes to track for latency are: []
DBWrapper: report latency for each error is false and specific error codes to track for latency are: []
DBWrapper: report latency for each error is false and specific error codes to track for latency are: []
DBWrapper: report latency for each error is false and specific error codes to track for latency are: []
DBWrapper: report latency for each error is false and specific error codes to track for latency are: []
DBWrapper: report latency for each error is false and specific error codes to track for latency are: []
DBWrapper: report latency for each error is false and specific error codes to track for latency are: []
DBWrapper: report latency for each error is false and specific error codes to track for latency are: []
DBWrapper: report latency for each error is false and specific error codes to track for latency are: []
DBWrapper: report latency for each error is false and specific error codes to track for latency are: []
DBWrapper: report latency for each error is false and specific error codes to track for latency are: []
DBWrapper: report latency for each error is false and specific error codes to track for latency are: []
DBWrapper: report latency for each error is false and specific error codes to track for latency are: []
DBWrapper: report latency for each error is false and specific error codes to track for latency are: []
DBWrapper: report latency for each error is false and specific error codes to track for latency are: []
DBWrapper: report latency for each error is false and specific error codes to track for latency are: []
DBWrapper: report latency for each error is false and specific error codes to track for latency are: []
DBWrapper: report latency for each error is false and specific error codes to track for latency are: []
DBWrapper: report latency for each error is false and specific error codes to track for latency are: []
DBWrapper: report latency for each error is false and specific error codes to track for latency are: []
DBWrapper: report latency for each error is false and specific error codes to track for latency are: []
DBWrapper: report latency for each error is false and specific error codes to track for latency are: []
DBWrapper: report latency for each error is false and specific error codes to track for latency are: []
DBWrapper: report latency for each error is false and specific error codes to track for latency are: []
DBWrapper: report latency for each error is false and specific error codes to track for latency are: []
DBWrapper: report latency for each error is false and specific error codes to track for latency are: []
DBWrapper: report latency for each error is false and specific error codes to track for latency are: []
DBWrapper: report latency for each error is false and specific error codes to track for latency are: []
DBWrapper: report latency for each error is false and specific error codes to track for latency are: []
DBWrapper: report latency for each error is false and specific error codes to track for latency are: []
DBWrapper: report latency for each error is false and specific error codes to track for latency are: []
DBWrapper: report latency for each error is false and specific error codes to track for latency are: []
DBWrapper: report latency for each error is false and specific error codes to track for latency are: []
DBWrapper: report latency for each error is false and specific error codes to track for latency are: []
DBWrapper: report latency for each error is false and specific error codes to track for latency are: []
DBWrapper: report latency for each error is false and specific error codes to track for latency are: []
DBWrapper: report latency for each error is false and specific error codes to track for latency are: []
DBWrapper: report latency for each error is false and specific error codes to track for latency are: []
DBWrapper: report latency for each error is false and specific error codes to track for latency are: []
DBWrapper: report latency for each error is false and specific error codes to track for latency are: []
DBWrapper: report latency for each error is false and specific error codes to track for latency are: []
DBWrapper: report latency for each error is false and specific error codes to track for latency are: []
DBWrapper: report latency for each error is false and specific error codes to track for latency are: []
DBWrapper: report latency for each error is false and specific error codes to track for latency are: []
DBWrapper: report latency for each error is false and specific error codes to track for latency are: []
DBWrapper: report latency for each error is false and specific error codes to track for latency are: []
DBWrapper: report latency for each error is false and specific error codes to track for latency are: []
DBWrapper: report latency for each error is false and specific error codes to track for latency are: []
DBWrapper: report latency for each error is false and specific error codes to track for latency are: []
DBWrapper: report latency for each error is false and specific error codes to track for latency are: []
DBWrapper: report latency for each error is false and specific error codes to track for latency are: []
DBWrapper: report latency for each error is false and specific error codes to track for latency are: []
DBWrapper: report latency for each error is false and specific error codes to track for latency are: []
DBWrapper: report latency for each error is false and specific error codes to track for latency are: []
DBWrapper: report latency for each error is false and specific error codes to track for latency are: []
DBWrapper: report latency for each error is false and specific error codes to track for latency are: []
DBWrapper: report latency for each error is false and specific error codes to track for latency are: []
DBWrapper: report latency for each error is false and specific error codes to track for latency are: []
DBWrapper: report latency for each error is false and specific error codes to track for latency are: []
DBWrapper: report latency for each error is false and specific error codes to track for latency are: []
DBWrapper: report latency for each error is false and specific error codes to track for latency are: []
DBWrapper: report latency for each error is false and specific error codes to track for latency are: []
DBWrapper: report latency for each error is false and specific error codes to track for latency are: []
DBWrapper: report latency for each error is false and specific error codes to track for latency are: []
DBWrapper: report latency for each error is false and specific error codes to track for latency are: []
DBWrapper: report latency for each error is false and specific error codes to track for latency are: []
DBWrapper: report latency for each error is false and specific error codes to track for latency are: []
DBWrapper: report latency for each error is false and specific error codes to track for latency are: []
DBWrapper: report latency for each error is false and specific error codes to track for latency are: []
DBWrapper: report latency for each error is false and specific error codes to track for latency are: []
DBWrapper: report latency for each error is false and specific error codes to track for latency are: []
DBWrapper: report latency for each error is false and specific error codes to track for latency are: []
DBWrapper: report latency for each error is false and specific error codes to track for latency are: []
DBWrapper: report latency for each error is false and specific error codes to track for latency are: []
DBWrapper: report latency for each error is false and specific error codes to track for latency are: []
DBWrapper: report latency for each error is false and specific error codes to track for latency are: []
DBWrapper: report latency for each error is false and specific error codes to track for latency are: []
DBWrapper: report latency for each error is false and specific error codes to track for latency are: []
DBWrapper: report latency for each error is false and specific error codes to track for latency are: []
DBWrapper: report latency for each error is false and specific error codes to track for latency are: []
DBWrapper: report latency for each error is false and specific error codes to track for latency are: []
DBWrapper: report latency for each error is false and specific error codes to track for latency are: []
DBWrapper: report latency for each error is false and specific error codes to track for latency are: []
DBWrapper: report latency for each error is false and specific error codes to track for latency are: []
DBWrapper: report latency for each error is false and specific error codes to track for latency are: []
DBWrapper: report latency for each error is false and specific error codes to track for latency are: []
DBWrapper: report latency for each error is false and specific error codes to track for latency are: []
DBWrapper: report latency for each error is false and specific error codes to track for latency are: []
DBWrapper: report latency for each error is false and specific error codes to track for latency are: []
DBWrapper: report latency for each error is false and specific error codes to track for latency are: []
DBWrapper: report latency for each error is false and specific error codes to track for latency are: []
DBWrapper: report latency for each error is false and specific error codes to track for latency are: []
DBWrapper: report latency for each error is false and specific error codes to track for latency are: []
DBWrapper: report latency for each error is false and specific error codes to track for latency are: []
DBWrapper: report latency for each error is false and specific error codes to track for latency are: []
DBWrapper: report latency for each error is false and specific error codes to track for latency are: []
DBWrapper: report latency for each error is false and specific error codes to track for latency are: []
DBWrapper: report latency for each error is false and specific error codes to track for latency are: []
DBWrapper: report latency for each error is false and specific error codes to track for latency are: []
DBWrapper: report latency for each error is false and specific error codes to track for latency are: []
DBWrapper: report latency for each error is false and specific error codes to track for latency are: []
DBWrapper: report latency for each error is false and specific error codes to track for latency are: []
DBWrapper: report latency for each error is false and specific error codes to track for latency are: []
DBWrapper: report latency for each error is false and specific error codes to track for latency are: []
DBWrapper: report latency for each error is false and specific error codes to track for latency are: []
DBWrapper: report latency for each error is false and specific error codes to track for latency are: []
DBWrapper: report latency for each error is false and specific error codes to track for latency are: []
DBWrapper: report latency for each error is false and specific error codes to track for latency are: []
DBWrapper: report latency for each error is false and specific error codes to track for latency are: []
DBWrapper: report latency for each error is false and specific error codes to track for latency are: []
DBWrapper: report latency for each error is false and specific error codes to track for latency are: []
DBWrapper: report latency for each error is false and specific error codes to track for latency are: []
DBWrapper: report latency for each error is false and specific error codes to track for latency are: []
DBWrapper: report latency for each error is false and specific error codes to track for latency are: []
DBWrapper: report latency for each error is false and specific error codes to track for latency are: []
DBWrapper: report latency for each error is false and specific error codes to track for latency are: []
DBWrapper: report latency for each error is false and specific error codes to track for latency are: []
DBWrapper: report latency for each error is false and specific error codes to track for latency are: []
DBWrapper: report latency for each error is false and specific error codes to track for latency are: []
DBWrapper: report latency for each error is false and specific error codes to track for latency are: []
DBWrapper: report latency for each error is false and specific error codes to track for latency are: []
DBWrapper: report latency for each error is false and specific error codes to track for latency are: []
DBWrapper: report latency for each error is false and specific error codes to track for latency are: []
DBWrapper: report latency for each error is false and specific error codes to track for latency are: []
DBWrapper: report latency for each error is false and specific error codes to track for latency are: []
DBWrapper: report latency for each error is false and specific error codes to track for latency are: []
DBWrapper: report latency for each error is false and specific error codes to track for latency are: []
DBWrapper: report latency for each error is false and specific error codes to track for latency are: []
DBWrapper: report latency for each error is false and specific error codes to track for latency are: []
DBWrapper: report latency for each error is false and specific error codes to track for latency are: []
DBWrapper: report latency for each error is false and specific error codes to track for latency are: []
DBWrapper: report latency for each error is false and specific error codes to track for latency are: []
DBWrapper: report latency for each error is false and specific error codes to track for latency are: []
DBWrapper: report latency for each error is false and specific error codes to track for latency are: []
DBWrapper: report latency for each error is false and specific error codes to track for latency are: []
DBWrapper: report latency for each error is false and specific error codes to track for latency are: []
DBWrapper: report latency for each error is false and specific error codes to track for latency are: []
DBWrapper: report latency for each error is false and specific error codes to track for latency are: []
DBWrapper: report latency for each error is false and specific error codes to track for latency are: []
DBWrapper: report latency for each error is false and specific error codes to track for latency are: []
DBWrapper: report latency for each error is false and specific error codes to track for latency are: []
DBWrapper: report latency for each error is false and specific error codes to track for latency are: []
DBWrapper: report latency for each error is false and specific error codes to track for latency are: []
DBWrapper: report latency for each error is false and specific error codes to track for latency are: []
DBWrapper: report latency for each error is false and specific error codes to track for latency are: []
DBWrapper: report latency for each error is false and specific error codes to track for latency are: []
DBWrapper: report latency for each error is false and specific error codes to track for latency are: []
DBWrapper: report latency for each error is false and specific error codes to track for latency are: []
DBWrapper: report latency for each error is false and specific error codes to track for latency are: []
DBWrapper: report latency for each error is false and specific error codes to track for latency are: []
DBWrapper: report latency for each error is false and specific error codes to track for latency are: []
DBWrapper: report latency for each error is false and specific error codes to track for latency are: []
DBWrapper: report latency for each error is false and specific error codes to track for latency are: []
DBWrapper: report latency for each error is false and specific error codes to track for latency are: []
DBWrapper: report latency for each error is false and specific error codes to track for latency are: []
DBWrapper: report latency for each error is false and specific error codes to track for latency are: []
DBWrapper: report latency for each error is false and specific error codes to track for latency are: []
DBWrapper: report latency for each error is false and specific error codes to track for latency are: []
DBWrapper: report latency for each error is false and specific error codes to track for latency are: []
DBWrapper: report latency for each error is false and specific error codes to track for latency are: []
DBWrapper: report latency for each error is false and specific error codes to track for latency are: []
DBWrapper: report latency for each error is false and specific error codes to track for latency are: []
DBWrapper: report latency for each error is false and specific error codes to track for latency are: []
DBWrapper: report latency for each error is false and specific error codes to track for latency are: []
DBWrapper: report latency for each error is false and specific error codes to track for latency are: []
DBWrapper: report latency for each error is false and specific error codes to track for latency are: []
DBWrapper: report latency for each error is false and specific error codes to track for latency are: []
DBWrapper: report latency for each error is false and specific error codes to track for latency are: []
DBWrapper: report latency for each error is false and specific error codes to track for latency are: []
DBWrapper: report latency for each error is false and specific error codes to track for latency are: []
DBWrapper: report latency for each error is false and specific error codes to track for latency are: []
DBWrapper: report latency for each error is false and specific error codes to track for latency are: []
DBWrapper: report latency for each error is false and specific error codes to track for latency are: []
DBWrapper: report latency for each error is false and specific error codes to track for latency are: []
DBWrapper: report latency for each error is false and specific error codes to track for latency are: []
DBWrapper: report latency for each error is false and specific error codes to track for latency are: []
DBWrapper: report latency for each error is false and specific error codes to track for latency are: []
DBWrapper: report latency for each error is false and specific error codes to track for latency are: []
DBWrapper: report latency for each error is false and specific error codes to track for latency are: []
DBWrapper: report latency for each error is false and specific error codes to track for latency are: []
DBWrapper: report latency for each error is false and specific error codes to track for latency are: []
DBWrapper: report latency for each error is false and specific error codes to track for latency are: []
DBWrapper: report latency for each error is false and specific error codes to track for latency are: []
DBWrapper: report latency for each error is false and specific error codes to track for latency are: []
DBWrapper: report latency for each error is false and specific error codes to track for latency are: []
DBWrapper: report latency for each error is false and specific error codes to track for latency are: []
DBWrapper: report latency for each error is false and specific error codes to track for latency are: []
DBWrapper: report latency for each error is false and specific error codes to track for latency are: []
DBWrapper: report latency for each error is false and specific error codes to track for latency are: []
DBWrapper: report latency for each error is false and specific error codes to track for latency are: []
2020-09-07 13:43:12:919 10 sec: 9755 operations; 975.21 current ops/sec; est completion in 2 hours 50 minutes [READ: Count=4898, Max=6803455, Min=3804, Avg=179489.92, 90=135807, 99=5189631, 99.9=5865471, 99.99=6803455] [UPDATE: Count=5150, Max=6840319, Min=3706, Avg=189534.67, 90=80447, 99=5337087, 99.9=6774783, 99.99=6803455] [READ-FAILED: Count=9, Max=5062655, Min=5001216, Avg=5019648, 90=5029887, 99=5062655, 99.9=5062655, 99.99=5062655] 
2020-09-07 13:43:22:912 20 sec: 63741 operations; 5399.68 current ops/sec; est completion in 51 minutes [READ: Count=27143, Max=1561599, Min=3676, Avg=55268.39, 90=88703, 99=523007, 99.9=1497087, 99.99=1552383] [UPDATE: Count=26632, Max=1554431, Min=3026, Avg=39517.41, 90=56959, 99=406015, 99.9=1446911, 99.99=1552383] [READ-FAILED: Count=1, Max=5009407, Min=5005312, Avg=5007360, 90=5009407, 99=5009407, 99.9=5009407, 99.99=5009407] 
2020-09-07 13:43:32:912 30 sec: 127096 operations; 6335.5 current ops/sec; est completion in 38 minutes [READ: Count=31622, Max=1091583, Min=3998, Avg=45587.11, 90=83903, 99=220159, 99.9=950783, 99.99=1062911] [UPDATE: Count=31675, Max=1089535, Min=3372, Avg=35218.43, 90=61695, 99=139391, 99.9=918527, 99.99=1061887] [READ-FAILED: Count=0, Max=0, Min=9223372036854775807, Avg=NaN, 90=0, 99=0, 99.9=0, 99.99=0] 
2020-09-07 13:43:42:912 40 sec: 194273 operations; 6717.7 current ops/sec; est completion in 33 minutes [READ: Count=33677, Max=346879, Min=5740, Avg=42598.44, 90=79487, 99=161279, 99.9=255103, 99.99=321279] [UPDATE: Count=33498, Max=334079, Min=4408, Avg=33549.4, 90=60927, 99=112383, 99.9=164607, 99.99=323327] [READ-FAILED: Count=0, Max=0, Min=9223372036854775807, Avg=NaN, 90=0, 99=0, 99.9=0, 99.99=0] 
2020-09-07 13:43:52:913 50 sec: 263610 operations; 6933.7 current ops/sec; est completion in 30 minutes [READ: Count=34559, Max=878079, Min=5152, Avg=41486.06, 90=73919, 99=174591, 99.9=565247, 99.99=748543] [UPDATE: Count=34784, Max=674303, Min=4640, Avg=32425.57, 90=55295, 99=113791, 99.9=426495, 99.99=650239] [READ-FAILED: Count=0, Max=0, Min=9223372036854775807, Avg=NaN, 90=0, 99=0, 99.9=0, 99.99=0] 
2020-09-07 13:44:02:912 60 sec: 333103 operations; 6949.3 current ops/sec; est completion in 29 minutes [READ: Count=34604, Max=573439, Min=5268, Avg=41013.36, 90=74175, 99=170879, 99.9=353791, 99.99=565247] [UPDATE: Count=34880, Max=571391, Min=5348, Avg=32584.21, 90=55135, 99=114943, 99.9=323071, 99.99=562687] [READ-FAILED: Count=0, Max=0, Min=9223372036854775807, Avg=NaN, 90=0, 99=0, 99.9=0, 99.99=0] 
2020-09-07 13:44:12:912 70 sec: 402806 operations; 6971 current ops/sec; est completion in 27 minutes [READ: Count=34781, Max=355583, Min=4864, Avg=40992.92, 90=77183, 99=154623, 99.9=226815, 99.99=321791] [UPDATE: Count=34909, Max=190463, Min=5324, Avg=32488.01, 90=57503, 99=112959, 99.9=154239, 99.99=179455] [READ-FAILED: Count=0, Max=0, Min=9223372036854775807, Avg=NaN, 90=0, 99=0, 99.9=0, 99.99=0] 
2020-09-07 13:44:22:912 80 sec: 467949 operations; 6513.65 current ops/sec; est completion in 27 minutes [READ: Count=32579, Max=1041919, Min=4664, Avg=43873.31, 90=78207, 99=204031, 99.9=826879, 99.99=1038847] [UPDATE: Count=32559, Max=1036287, Min=4808, Avg=34504.28, 90=55775, 99=132351, 99.9=861695, 99.99=1032191] [READ-FAILED: Count=0, Max=0, Min=9223372036854775807, Avg=NaN, 90=0, 99=0, 99.9=0, 99.99=0] 
2020-09-07 13:44:32:912 90 sec: 520059 operations; 5211 current ops/sec; est completion in 27 minutes [READ: Count=26104, Max=2310143, Min=3556, Avg=57148.39, 90=92415, 99=505087, 99.9=2125823, 99.99=2254847] [UPDATE-FAILED: Count=5, Max=2154495, Min=2144256, Avg=2150604.8, 90=2154495, 99=2154495, 99.9=2154495, 99.99=2154495] [UPDATE: Count=26022, Max=2254847, Min=3350, Avg=40949.19, 90=59455, 99=374271, 99.9=1990655, 99.99=2174975] [READ-FAILED: Count=0, Max=0, Min=9223372036854775807, Avg=NaN, 90=0, 99=0, 99.9=0, 99.99=0] 
2020-09-07 13:44:42:912 100 sec: 576820 operations; 5676.1 current ops/sec; est completion in 27 minutes [READ: Count=28526, Max=2648063, Min=3750, Avg=50898.41, 90=77823, 99=197503, 99.9=2412543, 99.99=2564095] [UPDATE-FAILED: Count=3, Max=2506751, Min=2498560, Avg=2502314.67, 90=2506751, 99=2506751, 99.9=2506751, 99.99=2506751] [UPDATE: Count=28242, Max=2551807, Min=3132, Avg=39011.91, 90=56831, 99=129727, 99.9=2443263, 99.99=2529279] [READ-FAILED: Count=0, Max=0, Min=9223372036854775807, Avg=NaN, 90=0, 99=0, 99.9=0, 99.99=0] 
2020-09-07 13:44:52:912 110 sec: 640086 operations; 6327.23 current ops/sec; est completion in 26 minutes [READ: Count=31705, Max=1232895, Min=3948, Avg=45707.53, 90=82303, 99=234495, 99.9=1011711, 99.99=1177599] [UPDATE-FAILED: Count=0, Max=0, Min=9223372036854775807, Avg=NaN, 90=0, 99=0, 99.9=0, 99.99=0] [UPDATE: Count=31545, Max=1179647, Min=3584, Avg=35050.89, 90=59551, 99=140927, 99.9=957951, 99.99=1132543] [READ-FAILED: Count=0, Max=0, Min=9223372036854775807, Avg=NaN, 90=0, 99=0, 99.9=0, 99.99=0] 
2020-09-07 13:45:02:912 120 sec: 707104 operations; 6701.13 current ops/sec; est completion in 26 minutes [READ: Count=33474, Max=660991, Min=4184, Avg=42994.6, 90=77311, 99=217087, 99.9=511999, 99.99=595455] [UPDATE-FAILED: Count=0, Max=0, Min=9223372036854775807, Avg=NaN, 90=0, 99=0, 99.9=0, 99.99=0] [UPDATE: Count=33544, Max=571903, Min=3810, Avg=33455.45, 90=56735, 99=129151, 99.9=508159, 99.99=567295] [READ-FAILED: Count=0, Max=0, Min=9223372036854775807, Avg=NaN, 90=0, 99=0, 99.9=0, 99.99=0] 
2020-09-07 13:45:12:912 130 sec: 775753 operations; 6864.9 current ops/sec; est completion in 25 minutes [READ: Count=34352, Max=731647, Min=5540, Avg=41734.67, 90=76671, 99=163071, 99.9=526847, 99.99=676863] [UPDATE-FAILED: Count=0, Max=0, Min=9223372036854775807, Avg=NaN, 90=0, 99=0, 99.9=0, 99.99=0] [UPDATE: Count=34292, Max=686591, Min=5104, Avg=32848.15, 90=57183, 99=111935, 99.9=515071, 99.99=654335] [READ-FAILED: Count=0, Max=0, Min=9223372036854775807, Avg=NaN, 90=0, 99=0, 99.9=0, 99.99=0] 
2020-09-07 13:45:22:912 140 sec: 845013 operations; 6926.69 current ops/sec; est completion in 25 minutes [READ: Count=34562, Max=601087, Min=4456, Avg=41202.55, 90=73279, 99=156799, 99.9=467455, 99.99=563199] [UPDATE-FAILED: Count=0, Max=0, Min=9223372036854775807, Avg=NaN, 90=0, 99=0, 99.9=0, 99.99=0] [UPDATE: Count=34702, Max=546815, Min=3934, Avg=32708.17, 90=54815, 99=113471, 99.9=397567, 99.99=538111] [READ-FAILED: Count=0, Max=0, Min=9223372036854775807, Avg=NaN, 90=0, 99=0, 99.9=0, 99.99=0] 
2020-09-07 13:45:32:912 150 sec: 910992 operations; 6597.24 current ops/sec; est completion in 24 minutes [READ: Count=33103, Max=1002495, Min=5636, Avg=43716.67, 90=79551, 99=185727, 99.9=784383, 99.99=972799] [UPDATE-FAILED: Count=0, Max=0, Min=9223372036854775807, Avg=NaN, 90=0, 99=0, 99.9=0, 99.99=0] [UPDATE: Count=32863, Max=910335, Min=3398, Avg=33691.94, 90=59455, 99=115967, 99.9=629247, 99.99=889343] [READ-FAILED: Count=0, Max=0, Min=9223372036854775807, Avg=NaN, 90=0, 99=0, 99.9=0, 99.99=0] 
2020-09-07 13:45:42:912 160 sec: 980827 operations; 6983.5 current ops/sec; est completion in 24 minutes [READ: Count=35071, Max=327935, Min=4030, Avg=40876.73, 90=75647, 99=153599, 99.9=229759, 99.99=282111] [UPDATE-FAILED: Count=0, Max=0, Min=9223372036854775807, Avg=NaN, 90=0, 99=0, 99.9=0, 99.99=0] [UPDATE: Count=34761, Max=215679, Min=5928, Avg=31942.45, 90=55423, 99=104511, 99.9=146687, 99.99=209407] [READ-FAILED: Count=0, Max=0, Min=9223372036854775807, Avg=NaN, 90=0, 99=0, 99.9=0, 99.99=0] 
2020-09-07 13:45:52:912 170 sec: 1024784 operations; 4395.7 current ops/sec; est completion in 24 minutes [READ: Count=22079, Max=3778559, Min=3398, Avg=65268.54, 90=83199, 99=498431, 99.9=3686399, 99.99=3745791] [UPDATE-FAILED: Count=18, Max=3688447, Min=2002944, Avg=2662485.33, 90=3284991, 99=3688447, 99.9=3688447, 99.99=3688447] [UPDATE: Count=21871, Max=3768319, Min=2512, Avg=49126.2, 90=55679, 99=392191, 99.9=3674111, 99.99=3743743] [READ-FAILED: Count=3, Max=5443583, Min=5046272, Avg=5262677.33, 90=5443583, 99=5443583, 99.9=5443583, 99.99=5443583] 
2020-09-07 13:46:02:912 180 sec: 1089584 operations; 6480 current ops/sec; est completion in 24 minutes [READ: Count=32343, Max=979455, Min=5728, Avg=44769.33, 90=81471, 99=218751, 99.9=802303, 99.99=952831] [UPDATE-FAILED: Count=0, Max=0, Min=9223372036854775807, Avg=NaN, 90=0, 99=0, 99.9=0, 99.99=0] [UPDATE: Count=32453, Max=931839, Min=4624, Avg=34196.7, 90=58431, 99=138239, 99.9=779775, 99.99=928767] [READ-FAILED: Count=0, Max=0, Min=9223372036854775807, Avg=NaN, 90=0, 99=0, 99.9=0, 99.99=0] 
2020-09-07 13:46:12:913 190 sec: 1144904 operations; 5532 current ops/sec; est completion in 24 minutes [READ: Count=27435, Max=2953215, Min=3804, Avg=51256.34, 90=71935, 99=176767, 99.9=2881535, 99.99=2938879] [UPDATE-FAILED: Count=2, Max=2908159, Min=2899968, Avg=2904064, 90=2908159, 99=2908159, 99.9=2908159, 99.99=2908159] [UPDATE: Count=27903, Max=2971647, Min=3648, Avg=41203.46, 90=52831, 99=113599, 99.9=2809855, 99.99=2926591] [READ-FAILED: Count=0, Max=0, Min=9223372036854775807, Avg=NaN, 90=0, 99=0, 99.9=0, 99.99=0] 
2020-09-07 13:46:22:912 200 sec: 1208411 operations; 6350.7 current ops/sec; est completion in 24 minutes [READ: Count=31807, Max=1142783, Min=5148, Avg=45902.78, 90=81727, 99=255743, 99.9=948223, 99.99=1123327] [UPDATE-FAILED: Count=0, Max=0, Min=9223372036854775807, Avg=NaN, 90=0, 99=0, 99.9=0, 99.99=0] [UPDATE: Count=31677, Max=1142783, Min=3636, Avg=34759.9, 90=57471, 99=166527, 99.9=937983, 99.99=1093631] [READ-FAILED: Count=0, Max=0, Min=9223372036854775807, Avg=NaN, 90=0, 99=0, 99.9=0, 99.99=0] 
2020-09-07 13:46:32:912 210 sec: 1277873 operations; 6946.2 current ops/sec; est completion in 23 minutes [READ: Count=34909, Max=598015, Min=5608, Avg=41402.88, 90=73791, 99=168191, 99.9=479487, 99.99=571391] [UPDATE-FAILED: Count=0, Max=0, Min=9223372036854775807, Avg=NaN, 90=0, 99=0, 99.9=0, 99.99=0] [UPDATE: Count=34548, Max=591359, Min=5164, Avg=32266.78, 90=53727, 99=107455, 99.9=404735, 99.99=567807] [READ-FAILED: Count=0, Max=0, Min=9223372036854775807, Avg=NaN, 90=0, 99=0, 99.9=0, 99.99=0] 
2020-09-07 13:46:42:912 220 sec: 1346884 operations; 6901.79 current ops/sec; est completion in 23 minutes [READ: Count=34501, Max=439039, Min=4840, Avg=41327.6, 90=75071, 99=157695, 99.9=273407, 99.99=378879] [UPDATE-FAILED: Count=0, Max=0, Min=9223372036854775807, Avg=NaN, 90=0, 99=0, 99.9=0, 99.99=0] [UPDATE: Count=34509, Max=309247, Min=6064, Avg=32792.95, 90=56607, 99=111679, 99.9=198399, 99.99=300287] [READ-FAILED: Count=0, Max=0, Min=9223372036854775807, Avg=NaN, 90=0, 99=0, 99.9=0, 99.99=0] 
2020-09-07 13:46:52:912 230 sec: 1414662 operations; 6777.12 current ops/sec; est completion in 23 minutes [READ: Count=33987, Max=604159, Min=3922, Avg=42345.26, 90=74175, 99=184191, 99.9=497151, 99.99=587775] [UPDATE-FAILED: Count=0, Max=0, Min=9223372036854775807, Avg=NaN, 90=0, 99=0, 99.9=0, 99.99=0] [UPDATE: Count=33813, Max=616447, Min=3688, Avg=33166.86, 90=53087, 99=117503, 99.9=489471, 99.99=570879] [READ-FAILED: Count=0, Max=0, Min=9223372036854775807, Avg=NaN, 90=0, 99=0, 99.9=0, 99.99=0] 
2020-09-07 13:47:02:912 240 sec: 1473526 operations; 5886.4 current ops/sec; est completion in 23 minutes [READ: Count=29529, Max=1932287, Min=3614, Avg=49092.93, 90=76415, 99=246911, 99.9=1823743, 99.99=1904639] [UPDATE-FAILED: Count=0, Max=0, Min=9223372036854775807, Avg=NaN, 90=0, 99=0, 99.9=0, 99.99=0] [UPDATE: Count=29320, Max=1917951, Min=3186, Avg=36907.76, 90=54591, 99=128639, 99.9=1759231, 99.99=1866751] [READ-FAILED: Count=0, Max=0, Min=9223372036854775807, Avg=NaN, 90=0, 99=0, 99.9=0, 99.99=0] 
2020-09-07 13:47:12:912 250 sec: 1534593 operations; 6106.7 current ops/sec; est completion in 23 minutes [READ: Count=30431, Max=1562623, Min=3596, Avg=48175.56, 90=79999, 99=388863, 99.9=1224703, 99.99=1446911] [UPDATE-FAILED: Count=0, Max=0, Min=9223372036854775807, Avg=NaN, 90=0, 99=0, 99.9=0, 99.99=0] [UPDATE: Count=30627, Max=1422335, Min=3670, Avg=36540.24, 90=56415, 99=186111, 99.9=1226751, 99.99=1395711] [READ-FAILED: Count=0, Max=0, Min=9223372036854775807, Avg=NaN, 90=0, 99=0, 99.9=0, 99.99=0] 
2020-09-07 13:47:22:912 260 sec: 1593653 operations; 5906 current ops/sec; est completion in 22 minutes [READ: Count=29504, Max=1712127, Min=3912, Avg=48991.78, 90=79999, 99=270847, 99.9=1570815, 99.99=1666047] [UPDATE-FAILED: Count=0, Max=0, Min=9223372036854775807, Avg=NaN, 90=0, 99=0, 99.9=0, 99.99=0] [UPDATE: Count=29580, Max=1651711, Min=3532, Avg=37512.52, 90=54175, 99=150399, 99.9=1554431, 99.99=1635327] [READ-FAILED: Count=0, Max=0, Min=9223372036854775807, Avg=NaN, 90=0, 99=0, 99.9=0, 99.99=0] 
2020-09-07 13:47:32:912 270 sec: 1648010 operations; 5435.7 current ops/sec; est completion in 22 minutes [READ: Count=27120, Max=324863, Min=3848, Avg=40463.17, 90=78271, 99=168831, 99.9=228991, 99.99=279295] [UPDATE-FAILED: Count=0, Max=0, Min=9223372036854775807, Avg=NaN, 90=0, 99=0, 99.9=0, 99.99=0] [UPDATE: Count=27205, Max=185087, Min=3548, Avg=31225.89, 90=57503, 99=110335, 99.9=148991, 99.99=172799] [READ-FAILED: Count=0, Max=0, Min=9223372036854775807, Avg=NaN, 90=0, 99=0, 99.9=0, 99.99=0] 
2020-09-07 13:47:42:912 280 sec: 1710605 operations; 6260.13 current ops/sec; est completion in 22 minutes [READ: Count=31369, Max=3694591, Min=4656, Avg=55826.41, 90=81919, 99=215679, 99.9=3438591, 99.99=3647487] [UPDATE-FAILED: Count=0, Max=0, Min=9223372036854775807, Avg=NaN, 90=0, 99=0, 99.9=0, 99.99=0] [UPDATE: Count=31258, Max=3612671, Min=4892, Avg=45674.77, 90=59487, 99=140543, 99.9=3344383, 99.99=3600383] [READ-FAILED: Count=0, Max=0, Min=9223372036854775807, Avg=NaN, 90=0, 99=0, 99.9=0, 99.99=0] 
2020-09-07 13:47:52:912 290 sec: 1779280 operations; 6866.81 current ops/sec; est completion in 22 minutes [READ: Count=34313, Max=558591, Min=5968, Avg=41766.35, 90=78015, 99=166015, 99.9=371967, 99.99=543231] [UPDATE-FAILED: Count=0, Max=0, Min=9223372036854775807, Avg=NaN, 90=0, 99=0, 99.9=0, 99.99=0] [UPDATE: Count=34356, Max=396543, Min=5452, Avg=32695.33, 90=59039, 99=120511, 99.9=245887, 99.99=362239] [READ-FAILED: Count=0, Max=0, Min=9223372036854775807, Avg=NaN, 90=0, 99=0, 99.9=0, 99.99=0] 
2020-09-07 13:48:02:912 300 sec: 1834859 operations; 5558.46 current ops/sec; est completion in 22 minutes [READ: Count=27782, Max=2875391, Min=3890, Avg=51307.77, 90=78399, 99=206975, 99.9=2650111, 99.99=2869247] [UPDATE-FAILED: Count=4, Max=2889727, Min=2869248, Avg=2878976, 90=2889727, 99=2889727, 99.9=2889727, 99.99=2889727] [UPDATE: Count=27795, Max=2869247, Min=3050, Avg=40265.27, 90=56223, 99=122239, 99.9=2586623, 99.99=2820095] [READ-FAILED: Count=1, Max=3921919, Min=3919872, Avg=3920896, 90=3921919, 99=3921919, 99.9=3921919, 99.99=3921919] 
Maximum time elapsed. Requesting stop for the workload.
Stop requested for workload. Now Joining!
Still waiting for thread Thread-49 to complete. Workload status: true
2020-09-07 13:48:05:516 302 sec: 1836203 operations; 517.12 current ops/sec; est completion in 22 minutes [READ: Count=708, Max=184319, Min=7396, Avg=46413.48, 90=87039, 99=154751, 99.9=181247, 99.99=184319] [UPDATE-FAILED: Count=0, Max=0, Min=9223372036854775807, Avg=NaN, 90=0, 99=0, 99.9=0, 99.99=0] [CLEANUP: Count=256, Max=2385919, Min=1, Avg=9318.46, 90=3, 99=19, 99.9=2385919, 99.99=2385919] [UPDATE: Count=607, Max=176767, Min=7880, Avg=37157.33, 90=66559, 99=126911, 99.9=143487, 99.99=176767] [READ-FAILED: Count=0, Max=0, Min=9223372036854775807, Avg=NaN, 90=0, 99=0, 99.9=0, 99.99=0] 
[OVERALL], RunTime(ms), 302595
[OVERALL], Throughput(ops/sec), 6068.186850410615
[TOTAL_GCS_G1_Young_Generation], Count, 29
[TOTAL_GC_TIME_G1_Young_Generation], Time(ms), 350
[TOTAL_GC_TIME_%_G1_Young_Generation], Time(%), 0.1156661544308399
[TOTAL_GCS_G1_Old_Generation], Count, 0
[TOTAL_GC_TIME_G1_Old_Generation], Time(ms), 0
[TOTAL_GC_TIME_%_G1_Old_Generation], Time(%), 0.0
[TOTAL_GCs], Count, 29
[TOTAL_GC_TIME], Time(ms), 350
[TOTAL_GC_TIME_%], Time(%), 0.1156661544308399
[READ], Operations, 918577
[READ], AverageLatency(us), 46485.86129088797
[READ], MinLatency(us), 3398
[READ], MaxLatency(us), 6803455
[READ], 95thPercentileLatency(us), 105727
[READ], 99thPercentileLatency(us), 205951
[READ], Return=OK, 918577
[READ], Return=ERROR, 14
[UPDATE-FAILED], Operations, 32
[UPDATE-FAILED], AverageLatency(us), 2609648.0
[UPDATE-FAILED], MinLatency(us), 2002944
[UPDATE-FAILED], MaxLatency(us), 3688447
[UPDATE-FAILED], 95thPercentileLatency(us), 3284991
[UPDATE-FAILED], 99thPercentileLatency(us), 3688447
[CLEANUP], Operations, 256
[CLEANUP], AverageLatency(us), 9318.45703125
[CLEANUP], MinLatency(us), 1
[CLEANUP], MaxLatency(us), 2385919
[CLEANUP], 95thPercentileLatency(us), 4
[CLEANUP], 99thPercentileLatency(us), 19
[UPDATE], Operations, 917580
[UPDATE], AverageLatency(us), 36313.090793173345
[UPDATE], MinLatency(us), 2512
[UPDATE], MaxLatency(us), 6840319
[UPDATE], 95thPercentileLatency(us), 75519
[UPDATE], 99thPercentileLatency(us), 126975
[UPDATE], Return=OK, 917580
[UPDATE], Return=ERROR, 32
[READ-FAILED], Operations, 14
[READ-FAILED], AverageLatency(us), 4992365.714285715
[READ-FAILED], MinLatency(us), 3919872
[READ-FAILED], MaxLatency(us), 5443583
[READ-FAILED], 95thPercentileLatency(us), 5300223
[READ-FAILED], 99thPercentileLatency(us), 5443583
