/opt/java/openjdk/bin/java  -classpath /usr/src/ycsb/conf:/usr/src/ycsb/lib/HdrHistogram-2.1.4.jar:/usr/src/ycsb/lib/core-0.18.0-SNAPSHOT.jar:/usr/src/ycsb/lib/htrace-core4-4.1.0-incubating.jar:/usr/src/ycsb/lib/jackson-core-asl-1.9.4.jar:/usr/src/ycsb/lib/jackson-mapper-asl-1.9.4.jar:/usr/src/ycsb/lib/postgresql-42.2.16.jar:/usr/src/ycsb/cassandra-binding/lib/cassandra-binding-0.18.0-SNAPSHOT.jar:/usr/src/ycsb/cassandra-binding/lib/cassandra-driver-core-3.0.0.jar:/usr/src/ycsb/cassandra-binding/lib/guava-16.0.1.jar:/usr/src/ycsb/cassandra-binding/lib/metrics-core-3.1.2.jar:/usr/src/ycsb/cassandra-binding/lib/netty-buffer-4.0.33.Final.jar:/usr/src/ycsb/cassandra-binding/lib/netty-codec-4.0.33.Final.jar:/usr/src/ycsb/cassandra-binding/lib/netty-common-4.0.33.Final.jar:/usr/src/ycsb/cassandra-binding/lib/netty-handler-4.0.33.Final.jar:/usr/src/ycsb/cassandra-binding/lib/netty-transport-4.0.33.Final.jar:/usr/src/ycsb/cassandra-binding/lib/slf4j-api-1.7.25.jar site.ycsb.Client -t -db site.ycsb.db.CassandraCQLClient -P workloads/workloadb -p operationcount=10000000 -p hosts=10.0.13.55,10.0.13.56,10.0.13.44,10.0.13.41,10.0.13.39,10.0.13.52,10.0.13.48,10.0.13.32,10.0.13.30,10.0.13.28,10.0.13.24,10.0.13.22,10.0.13.27,10.0.13.35,10.0.13.13,10.0.13.17,10.0.13.9,10.0.13.7,10.0.13.5,10.0.13.3 -p maxexecutiontime=300 -threads 128 -p cassandra.readconsistencylevel=QUORUM -p cassandra.writeconsistencylevel=QUORUM -s
Command line: -t -db site.ycsb.db.CassandraCQLClient -P workloads/workloadb -p operationcount=10000000 -p hosts=10.0.13.55,10.0.13.56,10.0.13.44,10.0.13.41,10.0.13.39,10.0.13.52,10.0.13.48,10.0.13.32,10.0.13.30,10.0.13.28,10.0.13.24,10.0.13.22,10.0.13.27,10.0.13.35,10.0.13.13,10.0.13.17,10.0.13.9,10.0.13.7,10.0.13.5,10.0.13.3 -p maxexecutiontime=300 -threads 128 -p cassandra.readconsistencylevel=QUORUM -p cassandra.writeconsistencylevel=QUORUM -s
YCSB Client 0.18.0-SNAPSHOT

Loading workload...
Starting test.
SLF4J: Failed to load class "org.slf4j.impl.StaticLoggerBinder".
SLF4J: Defaulting to no-operation (NOP) logger implementation
SLF4J: See http://www.slf4j.org/codes.html#StaticLoggerBinder for further details.
Maximum execution time specified as: 300 secs
2020-09-07 16:40:07:479 0 sec: 0 operations; est completion in 0 second 
WARNING: An illegal reflective access operation has occurred
WARNING: Illegal reflective access by io.netty.util.internal.PlatformDependent0 (file:/usr/src/ycsb/cassandra-binding/lib/netty-common-4.0.33.Final.jar) to field java.nio.Buffer.address
WARNING: Please consider reporting this to the maintainers of io.netty.util.internal.PlatformDependent0
WARNING: Use --illegal-access=warn to enable warnings of further illegal reflective access operations
WARNING: All illegal access operations will be denied in a future release
Sep 07, 2020 4:40:07 PM io.netty.util.internal.PlatformDependent <clinit>
INFO: Your platform does not provide complete low-level API for accessing direct buffers reliably. Unless explicitly requested, heap buffer will always be preferred to avoid potential system unstability.
DBWrapper: report latency for each error is false and specific error codes to track for latency are: []
DBWrapper: report latency for each error is false and specific error codes to track for latency are: []
DBWrapper: report latency for each error is false and specific error codes to track for latency are: []
DBWrapper: report latency for each error is false and specific error codes to track for latency are: []
DBWrapper: report latency for each error is false and specific error codes to track for latency are: []
DBWrapper: report latency for each error is false and specific error codes to track for latency are: []
DBWrapper: report latency for each error is false and specific error codes to track for latency are: []
DBWrapper: report latency for each error is false and specific error codes to track for latency are: []
DBWrapper: report latency for each error is false and specific error codes to track for latency are: []
DBWrapper: report latency for each error is false and specific error codes to track for latency are: []
DBWrapper: report latency for each error is false and specific error codes to track for latency are: []
DBWrapper: report latency for each error is false and specific error codes to track for latency are: []
DBWrapper: report latency for each error is false and specific error codes to track for latency are: []
DBWrapper: report latency for each error is false and specific error codes to track for latency are: []
DBWrapper: report latency for each error is false and specific error codes to track for latency are: []
DBWrapper: report latency for each error is false and specific error codes to track for latency are: []
DBWrapper: report latency for each error is false and specific error codes to track for latency are: []
DBWrapper: report latency for each error is false and specific error codes to track for latency are: []
DBWrapper: report latency for each error is false and specific error codes to track for latency are: []
DBWrapper: report latency for each error is false and specific error codes to track for latency are: []
DBWrapper: report latency for each error is false and specific error codes to track for latency are: []
DBWrapper: report latency for each error is false and specific error codes to track for latency are: []
DBWrapper: report latency for each error is false and specific error codes to track for latency are: []
DBWrapper: report latency for each error is false and specific error codes to track for latency are: []
DBWrapper: report latency for each error is false and specific error codes to track for latency are: []
DBWrapper: report latency for each error is false and specific error codes to track for latency are: []
DBWrapper: report latency for each error is false and specific error codes to track for latency are: []
DBWrapper: report latency for each error is false and specific error codes to track for latency are: []
DBWrapper: report latency for each error is false and specific error codes to track for latency are: []
DBWrapper: report latency for each error is false and specific error codes to track for latency are: []
DBWrapper: report latency for each error is false and specific error codes to track for latency are: []
DBWrapper: report latency for each error is false and specific error codes to track for latency are: []
DBWrapper: report latency for each error is false and specific error codes to track for latency are: []
DBWrapper: report latency for each error is false and specific error codes to track for latency are: []
DBWrapper: report latency for each error is false and specific error codes to track for latency are: []
DBWrapper: report latency for each error is false and specific error codes to track for latency are: []
DBWrapper: report latency for each error is false and specific error codes to track for latency are: []
DBWrapper: report latency for each error is false and specific error codes to track for latency are: []
DBWrapper: report latency for each error is false and specific error codes to track for latency are: []
DBWrapper: report latency for each error is false and specific error codes to track for latency are: []
DBWrapper: report latency for each error is false and specific error codes to track for latency are: []
DBWrapper: report latency for each error is false and specific error codes to track for latency are: []
DBWrapper: report latency for each error is false and specific error codes to track for latency are: []
DBWrapper: report latency for each error is false and specific error codes to track for latency are: []
DBWrapper: report latency for each error is false and specific error codes to track for latency are: []
DBWrapper: report latency for each error is false and specific error codes to track for latency are: []
DBWrapper: report latency for each error is false and specific error codes to track for latency are: []
DBWrapper: report latency for each error is false and specific error codes to track for latency are: []
DBWrapper: report latency for each error is false and specific error codes to track for latency are: []
DBWrapper: report latency for each error is false and specific error codes to track for latency are: []
DBWrapper: report latency for each error is false and specific error codes to track for latency are: []
DBWrapper: report latency for each error is false and specific error codes to track for latency are: []
DBWrapper: report latency for each error is false and specific error codes to track for latency are: []
DBWrapper: report latency for each error is false and specific error codes to track for latency are: []
DBWrapper: report latency for each error is false and specific error codes to track for latency are: []
DBWrapper: report latency for each error is false and specific error codes to track for latency are: []
DBWrapper: report latency for each error is false and specific error codes to track for latency are: []
DBWrapper: report latency for each error is false and specific error codes to track for latency are: []
DBWrapper: report latency for each error is false and specific error codes to track for latency are: []
DBWrapper: report latency for each error is false and specific error codes to track for latency are: []
DBWrapper: report latency for each error is false and specific error codes to track for latency are: []
DBWrapper: report latency for each error is false and specific error codes to track for latency are: []
DBWrapper: report latency for each error is false and specific error codes to track for latency are: []
DBWrapper: report latency for each error is false and specific error codes to track for latency are: []
DBWrapper: report latency for each error is false and specific error codes to track for latency are: []
DBWrapper: report latency for each error is false and specific error codes to track for latency are: []
DBWrapper: report latency for each error is false and specific error codes to track for latency are: []
DBWrapper: report latency for each error is false and specific error codes to track for latency are: []
DBWrapper: report latency for each error is false and specific error codes to track for latency are: []
DBWrapper: report latency for each error is false and specific error codes to track for latency are: []
DBWrapper: report latency for each error is false and specific error codes to track for latency are: []
DBWrapper: report latency for each error is false and specific error codes to track for latency are: []
DBWrapper: report latency for each error is false and specific error codes to track for latency are: []
DBWrapper: report latency for each error is false and specific error codes to track for latency are: []
DBWrapper: report latency for each error is false and specific error codes to track for latency are: []
DBWrapper: report latency for each error is false and specific error codes to track for latency are: []
DBWrapper: report latency for each error is false and specific error codes to track for latency are: []
DBWrapper: report latency for each error is false and specific error codes to track for latency are: []
DBWrapper: report latency for each error is false and specific error codes to track for latency are: []
DBWrapper: report latency for each error is false and specific error codes to track for latency are: []
DBWrapper: report latency for each error is false and specific error codes to track for latency are: []
DBWrapper: report latency for each error is false and specific error codes to track for latency are: []
DBWrapper: report latency for each error is false and specific error codes to track for latency are: []
DBWrapper: report latency for each error is false and specific error codes to track for latency are: []
DBWrapper: report latency for each error is false and specific error codes to track for latency are: []
DBWrapper: report latency for each error is false and specific error codes to track for latency are: []
DBWrapper: report latency for each error is false and specific error codes to track for latency are: []
DBWrapper: report latency for each error is false and specific error codes to track for latency are: []
DBWrapper: report latency for each error is false and specific error codes to track for latency are: []
DBWrapper: report latency for each error is false and specific error codes to track for latency are: []
DBWrapper: report latency for each error is false and specific error codes to track for latency are: []
DBWrapper: report latency for each error is false and specific error codes to track for latency are: []
DBWrapper: report latency for each error is false and specific error codes to track for latency are: []
DBWrapper: report latency for each error is false and specific error codes to track for latency are: []
DBWrapper: report latency for each error is false and specific error codes to track for latency are: []
DBWrapper: report latency for each error is false and specific error codes to track for latency are: []
DBWrapper: report latency for each error is false and specific error codes to track for latency are: []
DBWrapper: report latency for each error is false and specific error codes to track for latency are: []
DBWrapper: report latency for each error is false and specific error codes to track for latency are: []
DBWrapper: report latency for each error is false and specific error codes to track for latency are: []
DBWrapper: report latency for each error is false and specific error codes to track for latency are: []
DBWrapper: report latency for each error is false and specific error codes to track for latency are: []
DBWrapper: report latency for each error is false and specific error codes to track for latency are: []
DBWrapper: report latency for each error is false and specific error codes to track for latency are: []
DBWrapper: report latency for each error is false and specific error codes to track for latency are: []
DBWrapper: report latency for each error is false and specific error codes to track for latency are: []
DBWrapper: report latency for each error is false and specific error codes to track for latency are: []
DBWrapper: report latency for each error is false and specific error codes to track for latency are: []
DBWrapper: report latency for each error is false and specific error codes to track for latency are: []
DBWrapper: report latency for each error is false and specific error codes to track for latency are: []
DBWrapper: report latency for each error is false and specific error codes to track for latency are: []
DBWrapper: report latency for each error is false and specific error codes to track for latency are: []
DBWrapper: report latency for each error is false and specific error codes to track for latency are: []
DBWrapper: report latency for each error is false and specific error codes to track for latency are: []
DBWrapper: report latency for each error is false and specific error codes to track for latency are: []
DBWrapper: report latency for each error is false and specific error codes to track for latency are: []
DBWrapper: report latency for each error is false and specific error codes to track for latency are: []
DBWrapper: report latency for each error is false and specific error codes to track for latency are: []
DBWrapper: report latency for each error is false and specific error codes to track for latency are: []
DBWrapper: report latency for each error is false and specific error codes to track for latency are: []
DBWrapper: report latency for each error is false and specific error codes to track for latency are: []
DBWrapper: report latency for each error is false and specific error codes to track for latency are: []
DBWrapper: report latency for each error is false and specific error codes to track for latency are: []
DBWrapper: report latency for each error is false and specific error codes to track for latency are: []
DBWrapper: report latency for each error is false and specific error codes to track for latency are: []
DBWrapper: report latency for each error is false and specific error codes to track for latency are: []
DBWrapper: report latency for each error is false and specific error codes to track for latency are: []
DBWrapper: report latency for each error is false and specific error codes to track for latency are: []
2020-09-07 16:40:17:125 10 sec: 30259 operations; 3025.6 current ops/sec; est completion in 54 minutes [READ: Count=28699, Max=786943, Min=4356, Avg=29210.56, 90=41247, 99=114943, 99.9=741887, 99.99=762879] [UPDATE: Count=1602, Max=744447, Min=4744, Avg=26875.12, 90=38591, 99=118847, 99.9=731135, 99.99=744447] 
2020-09-07 16:40:27:125 20 sec: 96669 operations; 6641.66 current ops/sec; est completion in 34 minutes [READ: Count=63060, Max=517887, Min=5040, Avg=19367.31, 90=27071, 99=42911, 99.9=62783, 99.99=177919] [UPDATE: Count=3318, Max=143103, Min=6160, Avg=17265.52, 90=23391, 99=37791, 99.9=54495, 99.99=143103] 
2020-09-07 16:40:37:125 30 sec: 162619 operations; 6595 current ops/sec; est completion in 30 minutes [READ: Count=62558, Max=181759, Min=4432, Avg=19449.34, 90=27407, 99=44799, 99.9=76991, 99.99=166655] [UPDATE: Count=3384, Max=164095, Min=6388, Avg=17466.4, 90=23887, 99=40895, 99.9=78527, 99.99=164095] 
2020-09-07 16:40:47:125 40 sec: 229319 operations; 6670 current ops/sec; est completion in 28 minutes [READ: Count=63395, Max=160767, Min=4696, Avg=19331.33, 90=27023, 99=43295, 99.9=63551, 99.99=147327] [UPDATE: Count=3319, Max=63999, Min=6968, Avg=17452.28, 90=23919, 99=37599, 99.9=50911, 99.99=63999] 
2020-09-07 16:40:57:125 50 sec: 293547 operations; 6422.8 current ops/sec; est completion in 27 minutes [READ: Count=60950, Max=220543, Min=4676, Avg=20032.07, 90=28175, 99=50591, 99.9=144383, 99.99=211967] [UPDATE: Count=3264, Max=222335, Min=6192, Avg=17943.12, 90=24559, 99=43135, 99.9=121087, 99.99=222335] 
2020-09-07 16:41:07:125 60 sec: 357712 operations; 6416.5 current ops/sec; est completion in 26 minutes [READ: Count=60981, Max=528895, Min=3744, Avg=20032.66, 90=27343, 99=48511, 99.9=352767, 99.99=512255] [UPDATE: Count=3191, Max=505087, Min=4500, Avg=18124.06, 90=23791, 99=38495, 99.9=419839, 99.99=505087] 
2020-09-07 16:41:17:125 70 sec: 422763 operations; 6505.1 current ops/sec; est completion in 26 minutes [READ: Count=61752, Max=557055, Min=3970, Avg=19779.69, 90=27007, 99=46111, 99.9=331519, 99.99=529407] [UPDATE: Count=3295, Max=559103, Min=4396, Avg=17686.56, 90=23551, 99=39935, 99.9=170879, 99.99=559103] 
2020-09-07 16:41:27:127 80 sec: 486321 operations; 6355.8 current ops/sec; est completion in 26 minutes [READ: Count=60364, Max=542719, Min=3026, Avg=20269.96, 90=27599, 99=47647, 99.9=454911, 99.99=528383] [UPDATE: Count=3202, Max=479231, Min=4364, Avg=17452.87, 90=23455, 99=37279, 99.9=139135, 99.99=479231] 
2020-09-07 16:41:37:126 90 sec: 547544 operations; 6122.3 current ops/sec; est completion in 25 minutes [READ: Count=58258, Max=538111, Min=3570, Avg=20986.51, 90=27919, 99=53247, 99.9=463359, 99.99=514559] [UPDATE: Count=2963, Max=498943, Min=4264, Avg=18645.81, 90=24607, 99=50175, 99.9=419071, 99.99=498943] 
2020-09-07 16:41:47:126 100 sec: 613894 operations; 6635 current ops/sec; est completion in 25 minutes [READ: Count=63048, Max=180735, Min=4180, Avg=19420.46, 90=27055, 99=45279, 99.9=90239, 99.99=171647] [UPDATE: Count=3313, Max=135295, Min=5736, Avg=17289.88, 90=23599, 99=37855, 99.9=62943, 99.99=135295] 
2020-09-07 16:41:57:127 110 sec: 680660 operations; 6676.6 current ops/sec; est completion in 25 minutes [READ: Count=63480, Max=94079, Min=4532, Avg=19263.93, 90=27007, 99=42751, 99.9=60607, 99.99=84287] [UPDATE: Count=3297, Max=59039, Min=5816, Avg=17331.05, 90=23839, 99=36895, 99.9=49663, 99.99=59039] 
2020-09-07 16:42:07:125 120 sec: 746825 operations; 6616.5 current ops/sec; est completion in 24 minutes [READ: Count=62766, Max=163583, Min=4772, Avg=19451.54, 90=27567, 99=44863, 99.9=69503, 99.99=157183] [UPDATE: Count=3379, Max=104959, Min=5628, Avg=17222.11, 90=23503, 99=38623, 99.9=65791, 99.99=104959] 
2020-09-07 16:42:17:126 130 sec: 810613 operations; 6378.8 current ops/sec; est completion in 24 minutes [READ: Count=60688, Max=526335, Min=3392, Avg=20183.91, 90=27919, 99=51103, 99.9=386559, 99.99=511999] [UPDATE: Count=3097, Max=392959, Min=3796, Avg=17634.29, 90=24223, 99=39071, 99.9=165247, 99.99=392959] 
2020-09-07 16:42:27:125 140 sec: 877266 operations; 6664.63 current ops/sec; est completion in 24 minutes [READ: Count=63338, Max=528895, Min=4640, Avg=19314.1, 90=26703, 99=45183, 99.9=122879, 99.99=499967] [UPDATE: Count=3315, Max=248575, Min=6008, Avg=17005.9, 90=23135, 99=34783, 99.9=56031, 99.99=248575] 
2020-09-07 16:42:37:125 150 sec: 943860 operations; 6659.4 current ops/sec; est completion in 24 minutes [READ: Count=63179, Max=198143, Min=4868, Avg=19321.39, 90=26911, 99=44415, 99.9=83903, 99.99=176895] [UPDATE: Count=3412, Max=166655, Min=6880, Avg=17251.53, 90=23359, 99=36735, 99.9=62719, 99.99=166655] 
2020-09-07 16:42:47:125 160 sec: 1009606 operations; 6575.26 current ops/sec; est completion in 23 minutes [READ: Count=62512, Max=210815, Min=4112, Avg=19569.01, 90=27791, 99=46751, 99.9=84031, 99.99=196863] [UPDATE: Count=3236, Max=210175, Min=5636, Avg=17325.35, 90=23839, 99=38623, 99.9=63487, 99.99=210175] 
2020-09-07 16:42:57:125 170 sec: 1075076 operations; 6547 current ops/sec; est completion in 23 minutes [READ: Count=62166, Max=197375, Min=4424, Avg=19636.35, 90=27519, 99=48511, 99.9=135295, 99.99=185983] [UPDATE: Count=3297, Max=190463, Min=4416, Avg=17863.58, 90=24559, 99=42303, 99.9=159743, 99.99=190463] 
2020-09-07 16:43:07:125 180 sec: 1141242 operations; 6616.6 current ops/sec; est completion in 23 minutes [READ: Count=62925, Max=232831, Min=5020, Avg=19427.3, 90=27247, 99=45855, 99.9=116927, 99.99=208383] [UPDATE: Count=3247, Max=203391, Min=4604, Avg=17614.13, 90=23775, 99=39903, 99.9=147455, 99.99=203391] 
2020-09-07 16:43:17:125 190 sec: 1202884 operations; 6164.2 current ops/sec; est completion in 23 minutes [READ: Count=58582, Max=556543, Min=3502, Avg=20868.83, 90=27135, 99=48735, 99.9=501759, 99.99=542719] [UPDATE: Count=3054, Max=532479, Min=4412, Avg=18500.63, 90=23775, 99=41823, 99.9=477183, 99.99=532479] 
2020-09-07 16:43:27:125 200 sec: 1269311 operations; 6642.7 current ops/sec; est completion in 22 minutes [READ: Count=63108, Max=181119, Min=4280, Avg=19368.24, 90=26943, 99=45215, 99.9=95999, 99.99=157567] [UPDATE: Count=3318, Max=156927, Min=5540, Avg=17444.05, 90=23727, 99=39199, 99.9=83263, 99.99=156927] 
2020-09-07 16:43:37:125 210 sec: 1333675 operations; 6436.4 current ops/sec; est completion in 22 minutes [READ: Count=61178, Max=542719, Min=3610, Avg=19956.61, 90=27471, 99=47519, 99.9=329215, 99.99=514303] [UPDATE: Count=3187, Max=527359, Min=5516, Avg=18355.3, 90=24207, 99=40863, 99.9=415743, 99.99=527359] 
2020-09-07 16:43:47:125 220 sec: 1399934 operations; 6625.9 current ops/sec; est completion in 22 minutes [READ: Count=63085, Max=214143, Min=4400, Avg=19399.44, 90=27279, 99=45151, 99.9=79999, 99.99=196479] [UPDATE: Count=3174, Max=194559, Min=5440, Avg=17626.76, 90=24479, 99=40927, 99.9=180095, 99.99=194559] 
2020-09-07 16:43:57:126 230 sec: 1464997 operations; 6506.3 current ops/sec; est completion in 22 minutes [READ: Count=61809, Max=555007, Min=3654, Avg=19760.26, 90=26815, 99=43231, 99.9=400895, 99.99=520447] [UPDATE: Count=3265, Max=496383, Min=4268, Avg=17921.39, 90=23615, 99=37407, 99.9=475135, 99.99=496383] 
2020-09-07 16:44:07:125 240 sec: 1529935 operations; 6493.8 current ops/sec; est completion in 22 minutes [READ: Count=61777, Max=532479, Min=4024, Avg=19777.41, 90=26895, 99=44511, 99.9=354047, 99.99=509183] [UPDATE: Count=3149, Max=489983, Min=4704, Avg=18231.82, 90=23743, 99=40319, 99.9=458495, 99.99=489983] 
2020-09-07 16:44:17:125 250 sec: 1594881 operations; 6494.6 current ops/sec; est completion in 21 minutes [READ: Count=61766, Max=184575, Min=3970, Avg=19816.82, 90=27999, 99=48415, 99.9=121087, 99.99=174847] [UPDATE: Count=3180, Max=159487, Min=3846, Avg=17528.09, 90=24143, 99=40383, 99.9=64671, 99.99=159487] 
2020-09-07 16:44:27:125 260 sec: 1661205 operations; 6632.4 current ops/sec; est completion in 21 minutes [READ: Count=63050, Max=182783, Min=5204, Avg=19385.59, 90=26815, 99=43967, 99.9=84159, 99.99=174591] [UPDATE: Count=3280, Max=172799, Min=5080, Avg=17525.99, 90=24015, 99=37663, 99.9=137087, 99.99=172799] 
2020-09-07 16:44:37:125 270 sec: 1727338 operations; 6613.3 current ops/sec; est completion in 21 minutes [READ: Count=62845, Max=185855, Min=4088, Avg=19443.15, 90=27135, 99=46111, 99.9=101567, 99.99=177535] [UPDATE: Count=3294, Max=174719, Min=6420, Avg=17515.01, 90=23823, 99=36255, 99.9=99327, 99.99=174719] 
2020-09-07 16:44:47:125 280 sec: 1786810 operations; 5947.2 current ops/sec; est completion in 21 minutes [READ: Count=56573, Max=542719, Min=3596, Avg=21649.91, 90=27567, 99=58463, 99.9=508671, 99.99=525311] [UPDATE: Count=2892, Max=528895, Min=4164, Avg=18931.57, 90=23887, 99=42719, 99.9=493055, 99.99=528895] 
2020-09-07 16:44:57:125 290 sec: 1852394 operations; 6558.4 current ops/sec; est completion in 21 minutes [READ: Count=62198, Max=178815, Min=3490, Avg=19611.56, 90=27455, 99=48159, 99.9=106559, 99.99=168191] [UPDATE: Count=3387, Max=140415, Min=6084, Avg=17559.11, 90=23887, 99=41023, 99.9=95679, 99.99=140415] 
2020-09-07 16:45:07:125 300 sec: 1918006 operations; 6561.2 current ops/sec; est completion in 21 minutes [READ: Count=62292, Max=233727, Min=4480, Avg=19618.24, 90=27727, 99=45919, 99.9=93887, 99.99=180735] [UPDATE: Count=3317, Max=182655, Min=5336, Avg=17469.22, 90=24303, 99=39711, 99.9=73727, 99.99=182655] 
Maximum time elapsed. Requesting stop for the workload.
Stop requested for workload. Now Joining!
Still waiting for thread Thread-36 to complete. Workload status: true
2020-09-07 16:45:09:593 302 sec: 1918865 operations; 348.34 current ops/sec; est completion in 21 minutes [READ: Count=822, Max=57023, Min=7276, Avg=19365.3, 90=28095, 99=40031, 99.9=54047, 99.99=57023] [CLEANUP: Count=128, Max=2334719, Min=2, Avg=18235.41, 90=3, 99=53, 99.9=2334719, 99.99=2334719] [UPDATE: Count=33, Max=35231, Min=9928, Avg=17753.45, 90=26671, 99=35231, 99.9=35231, 99.99=35231] 
[OVERALL], RunTime(ms), 302464
[OVERALL], Throughput(ops/sec), 6344.110373465933
[TOTAL_GCS_G1_Young_Generation], Count, 42
[TOTAL_GC_TIME_G1_Young_Generation], Time(ms), 406
[TOTAL_GC_TIME_%_G1_Young_Generation], Time(%), 0.13423085061362675
[TOTAL_GCS_G1_Old_Generation], Count, 0
[TOTAL_GC_TIME_G1_Old_Generation], Time(ms), 0
[TOTAL_GC_TIME_%_G1_Old_Generation], Time(%), 0.0
[TOTAL_GCs], Count, 42
[TOTAL_GC_TIME], Time(ms), 406
[TOTAL_GC_TIME_%], Time(%), 0.13423085061362675
[READ], Operations, 1823204
[READ], AverageLatency(us), 19909.513460918253
[READ], MinLatency(us), 3026
[READ], MaxLatency(us), 786943
[READ], 95thPercentileLatency(us), 32335
[READ], 99thPercentileLatency(us), 47519
[READ], Return=OK, 1823204
[CLEANUP], Operations, 128
[CLEANUP], AverageLatency(us), 18235.40625
[CLEANUP], MinLatency(us), 2
[CLEANUP], MaxLatency(us), 2334719
[CLEANUP], 95thPercentileLatency(us), 6
[CLEANUP], 99thPercentileLatency(us), 53
[UPDATE], Operations, 95661
[UPDATE], AverageLatency(us), 17836.15680371311
[UPDATE], MinLatency(us), 3796
[UPDATE], MaxLatency(us), 744447
[UPDATE], 95thPercentileLatency(us), 27903
[UPDATE], 99thPercentileLatency(us), 40639
[UPDATE], Return=OK, 95661
