/opt/java/openjdk/bin/java  -classpath /usr/src/ycsb/conf:/usr/src/ycsb/lib/HdrHistogram-2.1.4.jar:/usr/src/ycsb/lib/core-0.18.0-SNAPSHOT.jar:/usr/src/ycsb/lib/htrace-core4-4.1.0-incubating.jar:/usr/src/ycsb/lib/jackson-core-asl-1.9.4.jar:/usr/src/ycsb/lib/jackson-mapper-asl-1.9.4.jar:/usr/src/ycsb/lib/postgresql-42.2.16.jar:/usr/src/ycsb/cassandra-binding/lib/cassandra-binding-0.18.0-SNAPSHOT.jar:/usr/src/ycsb/cassandra-binding/lib/cassandra-driver-core-3.0.0.jar:/usr/src/ycsb/cassandra-binding/lib/guava-16.0.1.jar:/usr/src/ycsb/cassandra-binding/lib/metrics-core-3.1.2.jar:/usr/src/ycsb/cassandra-binding/lib/netty-buffer-4.0.33.Final.jar:/usr/src/ycsb/cassandra-binding/lib/netty-codec-4.0.33.Final.jar:/usr/src/ycsb/cassandra-binding/lib/netty-common-4.0.33.Final.jar:/usr/src/ycsb/cassandra-binding/lib/netty-handler-4.0.33.Final.jar:/usr/src/ycsb/cassandra-binding/lib/netty-transport-4.0.33.Final.jar:/usr/src/ycsb/cassandra-binding/lib/slf4j-api-1.7.25.jar site.ycsb.Client -t -db site.ycsb.db.CassandraCQLClient -P workloads/workloadf -p operationcount=10000000 -p hosts=10.0.1.57,10.0.1.54,10.0.1.59,10.0.1.42,10.0.1.39,10.0.1.36,10.0.1.34,10.0.1.50,10.0.1.46,10.0.1.27,10.0.1.25,10.0.1.23,10.0.1.21,10.0.1.18,10.0.1.15,10.0.1.11,10.0.1.30,10.0.1.7,10.0.1.5,10.0.1.3 -p maxexecutiontime=300 -threads 256 -p cassandra.readconsistencylevel=QUORUM -p cassandra.writeconsistencylevel=QUORUM -s
Command line: -t -db site.ycsb.db.CassandraCQLClient -P workloads/workloadf -p operationcount=10000000 -p hosts=10.0.1.57,10.0.1.54,10.0.1.59,10.0.1.42,10.0.1.39,10.0.1.36,10.0.1.34,10.0.1.50,10.0.1.46,10.0.1.27,10.0.1.25,10.0.1.23,10.0.1.21,10.0.1.18,10.0.1.15,10.0.1.11,10.0.1.30,10.0.1.7,10.0.1.5,10.0.1.3 -p maxexecutiontime=300 -threads 256 -p cassandra.readconsistencylevel=QUORUM -p cassandra.writeconsistencylevel=QUORUM -s
YCSB Client 0.18.0-SNAPSHOT

Loading workload...
Starting test.
SLF4J: Failed to load class "org.slf4j.impl.StaticLoggerBinder".
SLF4J: Defaulting to no-operation (NOP) logger implementation
SLF4J: See http://www.slf4j.org/codes.html#StaticLoggerBinder for further details.
2020-09-09 11:34:32:814 0 sec: 0 operations; est completion in 0 second 
Maximum execution time specified as: 300 secs
WARNING: An illegal reflective access operation has occurred
WARNING: Illegal reflective access by io.netty.util.internal.PlatformDependent0 (file:/usr/src/ycsb/cassandra-binding/lib/netty-common-4.0.33.Final.jar) to field java.nio.Buffer.address
WARNING: Please consider reporting this to the maintainers of io.netty.util.internal.PlatformDependent0
WARNING: Use --illegal-access=warn to enable warnings of further illegal reflective access operations
WARNING: All illegal access operations will be denied in a future release
Sep 09, 2020 11:34:33 AM io.netty.util.internal.PlatformDependent <clinit>
INFO: Your platform does not provide complete low-level API for accessing direct buffers reliably. Unless explicitly requested, heap buffer will always be preferred to avoid potential system unstability.
DBWrapper: report latency for each error is false and specific error codes to track for latency are: []
DBWrapper: report latency for each error is false and specific error codes to track for latency are: []
DBWrapper: report latency for each error is false and specific error codes to track for latency are: []
DBWrapper: report latency for each error is false and specific error codes to track for latency are: []
DBWrapper: report latency for each error is false and specific error codes to track for latency are: []
DBWrapper: report latency for each error is false and specific error codes to track for latency are: []
DBWrapper: report latency for each error is false and specific error codes to track for latency are: []
DBWrapper: report latency for each error is false and specific error codes to track for latency are: []
DBWrapper: report latency for each error is false and specific error codes to track for latency are: []
DBWrapper: report latency for each error is false and specific error codes to track for latency are: []
DBWrapper: report latency for each error is false and specific error codes to track for latency are: []
DBWrapper: report latency for each error is false and specific error codes to track for latency are: []
DBWrapper: report latency for each error is false and specific error codes to track for latency are: []
DBWrapper: report latency for each error is false and specific error codes to track for latency are: []
DBWrapper: report latency for each error is false and specific error codes to track for latency are: []
DBWrapper: report latency for each error is false and specific error codes to track for latency are: []
DBWrapper: report latency for each error is false and specific error codes to track for latency are: []
DBWrapper: report latency for each error is false and specific error codes to track for latency are: []
DBWrapper: report latency for each error is false and specific error codes to track for latency are: []
DBWrapper: report latency for each error is false and specific error codes to track for latency are: []
DBWrapper: report latency for each error is false and specific error codes to track for latency are: []
DBWrapper: report latency for each error is false and specific error codes to track for latency are: []
DBWrapper: report latency for each error is false and specific error codes to track for latency are: []
DBWrapper: report latency for each error is false and specific error codes to track for latency are: []
DBWrapper: report latency for each error is false and specific error codes to track for latency are: []
DBWrapper: report latency for each error is false and specific error codes to track for latency are: []
DBWrapper: report latency for each error is false and specific error codes to track for latency are: []
DBWrapper: report latency for each error is false and specific error codes to track for latency are: []
DBWrapper: report latency for each error is false and specific error codes to track for latency are: []
DBWrapper: report latency for each error is false and specific error codes to track for latency are: []
DBWrapper: report latency for each error is false and specific error codes to track for latency are: []
DBWrapper: report latency for each error is false and specific error codes to track for latency are: []
DBWrapper: report latency for each error is false and specific error codes to track for latency are: []
DBWrapper: report latency for each error is false and specific error codes to track for latency are: []
DBWrapper: report latency for each error is false and specific error codes to track for latency are: []
DBWrapper: report latency for each error is false and specific error codes to track for latency are: []
DBWrapper: report latency for each error is false and specific error codes to track for latency are: []
DBWrapper: report latency for each error is false and specific error codes to track for latency are: []
DBWrapper: report latency for each error is false and specific error codes to track for latency are: []
DBWrapper: report latency for each error is false and specific error codes to track for latency are: []
DBWrapper: report latency for each error is false and specific error codes to track for latency are: []
DBWrapper: report latency for each error is false and specific error codes to track for latency are: []
DBWrapper: report latency for each error is false and specific error codes to track for latency are: []
DBWrapper: report latency for each error is false and specific error codes to track for latency are: []
DBWrapper: report latency for each error is false and specific error codes to track for latency are: []
DBWrapper: report latency for each error is false and specific error codes to track for latency are: []
DBWrapper: report latency for each error is false and specific error codes to track for latency are: []
DBWrapper: report latency for each error is false and specific error codes to track for latency are: []
DBWrapper: report latency for each error is false and specific error codes to track for latency are: []
DBWrapper: report latency for each error is false and specific error codes to track for latency are: []
DBWrapper: report latency for each error is false and specific error codes to track for latency are: []
DBWrapper: report latency for each error is false and specific error codes to track for latency are: []
DBWrapper: report latency for each error is false and specific error codes to track for latency are: []
DBWrapper: report latency for each error is false and specific error codes to track for latency are: []
DBWrapper: report latency for each error is false and specific error codes to track for latency are: []
DBWrapper: report latency for each error is false and specific error codes to track for latency are: []
DBWrapper: report latency for each error is false and specific error codes to track for latency are: []
DBWrapper: report latency for each error is false and specific error codes to track for latency are: []
DBWrapper: report latency for each error is false and specific error codes to track for latency are: []
DBWrapper: report latency for each error is false and specific error codes to track for latency are: []
DBWrapper: report latency for each error is false and specific error codes to track for latency are: []
DBWrapper: report latency for each error is false and specific error codes to track for latency are: []
DBWrapper: report latency for each error is false and specific error codes to track for latency are: []
DBWrapper: report latency for each error is false and specific error codes to track for latency are: []
DBWrapper: report latency for each error is false and specific error codes to track for latency are: []
DBWrapper: report latency for each error is false and specific error codes to track for latency are: []
DBWrapper: report latency for each error is false and specific error codes to track for latency are: []
DBWrapper: report latency for each error is false and specific error codes to track for latency are: []
DBWrapper: report latency for each error is false and specific error codes to track for latency are: []
DBWrapper: report latency for each error is false and specific error codes to track for latency are: []
DBWrapper: report latency for each error is false and specific error codes to track for latency are: []
DBWrapper: report latency for each error is false and specific error codes to track for latency are: []
DBWrapper: report latency for each error is false and specific error codes to track for latency are: []
DBWrapper: report latency for each error is false and specific error codes to track for latency are: []
DBWrapper: report latency for each error is false and specific error codes to track for latency are: []
DBWrapper: report latency for each error is false and specific error codes to track for latency are: []
DBWrapper: report latency for each error is false and specific error codes to track for latency are: []
DBWrapper: report latency for each error is false and specific error codes to track for latency are: []
DBWrapper: report latency for each error is false and specific error codes to track for latency are: []
DBWrapper: report latency for each error is false and specific error codes to track for latency are: []
DBWrapper: report latency for each error is false and specific error codes to track for latency are: []
DBWrapper: report latency for each error is false and specific error codes to track for latency are: []
DBWrapper: report latency for each error is false and specific error codes to track for latency are: []
DBWrapper: report latency for each error is false and specific error codes to track for latency are: []
DBWrapper: report latency for each error is false and specific error codes to track for latency are: []
DBWrapper: report latency for each error is false and specific error codes to track for latency are: []
DBWrapper: report latency for each error is false and specific error codes to track for latency are: []
DBWrapper: report latency for each error is false and specific error codes to track for latency are: []
DBWrapper: report latency for each error is false and specific error codes to track for latency are: []
DBWrapper: report latency for each error is false and specific error codes to track for latency are: []
DBWrapper: report latency for each error is false and specific error codes to track for latency are: []
DBWrapper: report latency for each error is false and specific error codes to track for latency are: []
DBWrapper: report latency for each error is false and specific error codes to track for latency are: []
DBWrapper: report latency for each error is false and specific error codes to track for latency are: []
DBWrapper: report latency for each error is false and specific error codes to track for latency are: []
DBWrapper: report latency for each error is false and specific error codes to track for latency are: []
DBWrapper: report latency for each error is false and specific error codes to track for latency are: []
DBWrapper: report latency for each error is false and specific error codes to track for latency are: []
DBWrapper: report latency for each error is false and specific error codes to track for latency are: []
DBWrapper: report latency for each error is false and specific error codes to track for latency are: []
DBWrapper: report latency for each error is false and specific error codes to track for latency are: []
DBWrapper: report latency for each error is false and specific error codes to track for latency are: []
DBWrapper: report latency for each error is false and specific error codes to track for latency are: []
DBWrapper: report latency for each error is false and specific error codes to track for latency are: []
DBWrapper: report latency for each error is false and specific error codes to track for latency are: []
DBWrapper: report latency for each error is false and specific error codes to track for latency are: []
DBWrapper: report latency for each error is false and specific error codes to track for latency are: []
DBWrapper: report latency for each error is false and specific error codes to track for latency are: []
DBWrapper: report latency for each error is false and specific error codes to track for latency are: []
DBWrapper: report latency for each error is false and specific error codes to track for latency are: []
DBWrapper: report latency for each error is false and specific error codes to track for latency are: []
DBWrapper: report latency for each error is false and specific error codes to track for latency are: []
DBWrapper: report latency for each error is false and specific error codes to track for latency are: []
DBWrapper: report latency for each error is false and specific error codes to track for latency are: []
DBWrapper: report latency for each error is false and specific error codes to track for latency are: []
DBWrapper: report latency for each error is false and specific error codes to track for latency are: []
DBWrapper: report latency for each error is false and specific error codes to track for latency are: []
DBWrapper: report latency for each error is false and specific error codes to track for latency are: []
DBWrapper: report latency for each error is false and specific error codes to track for latency are: []
DBWrapper: report latency for each error is false and specific error codes to track for latency are: []
DBWrapper: report latency for each error is false and specific error codes to track for latency are: []
DBWrapper: report latency for each error is false and specific error codes to track for latency are: []
DBWrapper: report latency for each error is false and specific error codes to track for latency are: []
DBWrapper: report latency for each error is false and specific error codes to track for latency are: []
DBWrapper: report latency for each error is false and specific error codes to track for latency are: []
DBWrapper: report latency for each error is false and specific error codes to track for latency are: []
DBWrapper: report latency for each error is false and specific error codes to track for latency are: []
DBWrapper: report latency for each error is false and specific error codes to track for latency are: []
DBWrapper: report latency for each error is false and specific error codes to track for latency are: []
DBWrapper: report latency for each error is false and specific error codes to track for latency are: []
DBWrapper: report latency for each error is false and specific error codes to track for latency are: []
DBWrapper: report latency for each error is false and specific error codes to track for latency are: []
DBWrapper: report latency for each error is false and specific error codes to track for latency are: []
DBWrapper: report latency for each error is false and specific error codes to track for latency are: []
DBWrapper: report latency for each error is false and specific error codes to track for latency are: []
DBWrapper: report latency for each error is false and specific error codes to track for latency are: []
DBWrapper: report latency for each error is false and specific error codes to track for latency are: []
DBWrapper: report latency for each error is false and specific error codes to track for latency are: []
DBWrapper: report latency for each error is false and specific error codes to track for latency are: []
DBWrapper: report latency for each error is false and specific error codes to track for latency are: []
DBWrapper: report latency for each error is false and specific error codes to track for latency are: []
DBWrapper: report latency for each error is false and specific error codes to track for latency are: []
DBWrapper: report latency for each error is false and specific error codes to track for latency are: []
DBWrapper: report latency for each error is false and specific error codes to track for latency are: []
DBWrapper: report latency for each error is false and specific error codes to track for latency are: []
DBWrapper: report latency for each error is false and specific error codes to track for latency are: []
DBWrapper: report latency for each error is false and specific error codes to track for latency are: []
DBWrapper: report latency for each error is false and specific error codes to track for latency are: []
DBWrapper: report latency for each error is false and specific error codes to track for latency are: []
DBWrapper: report latency for each error is false and specific error codes to track for latency are: []
DBWrapper: report latency for each error is false and specific error codes to track for latency are: []
DBWrapper: report latency for each error is false and specific error codes to track for latency are: []
DBWrapper: report latency for each error is false and specific error codes to track for latency are: []
DBWrapper: report latency for each error is false and specific error codes to track for latency are: []
DBWrapper: report latency for each error is false and specific error codes to track for latency are: []
DBWrapper: report latency for each error is false and specific error codes to track for latency are: []
DBWrapper: report latency for each error is false and specific error codes to track for latency are: []
DBWrapper: report latency for each error is false and specific error codes to track for latency are: []
DBWrapper: report latency for each error is false and specific error codes to track for latency are: []
DBWrapper: report latency for each error is false and specific error codes to track for latency are: []
DBWrapper: report latency for each error is false and specific error codes to track for latency are: []
DBWrapper: report latency for each error is false and specific error codes to track for latency are: []
DBWrapper: report latency for each error is false and specific error codes to track for latency are: []
DBWrapper: report latency for each error is false and specific error codes to track for latency are: []
DBWrapper: report latency for each error is false and specific error codes to track for latency are: []
DBWrapper: report latency for each error is false and specific error codes to track for latency are: []
DBWrapper: report latency for each error is false and specific error codes to track for latency are: []
DBWrapper: report latency for each error is false and specific error codes to track for latency are: []
DBWrapper: report latency for each error is false and specific error codes to track for latency are: []
DBWrapper: report latency for each error is false and specific error codes to track for latency are: []
DBWrapper: report latency for each error is false and specific error codes to track for latency are: []
DBWrapper: report latency for each error is false and specific error codes to track for latency are: []
DBWrapper: report latency for each error is false and specific error codes to track for latency are: []
DBWrapper: report latency for each error is false and specific error codes to track for latency are: []
DBWrapper: report latency for each error is false and specific error codes to track for latency are: []
DBWrapper: report latency for each error is false and specific error codes to track for latency are: []
DBWrapper: report latency for each error is false and specific error codes to track for latency are: []
DBWrapper: report latency for each error is false and specific error codes to track for latency are: []
DBWrapper: report latency for each error is false and specific error codes to track for latency are: []
DBWrapper: report latency for each error is false and specific error codes to track for latency are: []
DBWrapper: report latency for each error is false and specific error codes to track for latency are: []
DBWrapper: report latency for each error is false and specific error codes to track for latency are: []
DBWrapper: report latency for each error is false and specific error codes to track for latency are: []
DBWrapper: report latency for each error is false and specific error codes to track for latency are: []
DBWrapper: report latency for each error is false and specific error codes to track for latency are: []
DBWrapper: report latency for each error is false and specific error codes to track for latency are: []
DBWrapper: report latency for each error is false and specific error codes to track for latency are: []
DBWrapper: report latency for each error is false and specific error codes to track for latency are: []
DBWrapper: report latency for each error is false and specific error codes to track for latency are: []
DBWrapper: report latency for each error is false and specific error codes to track for latency are: []
DBWrapper: report latency for each error is false and specific error codes to track for latency are: []
DBWrapper: report latency for each error is false and specific error codes to track for latency are: []
DBWrapper: report latency for each error is false and specific error codes to track for latency are: []
DBWrapper: report latency for each error is false and specific error codes to track for latency are: []
DBWrapper: report latency for each error is false and specific error codes to track for latency are: []
DBWrapper: report latency for each error is false and specific error codes to track for latency are: []
DBWrapper: report latency for each error is false and specific error codes to track for latency are: []
DBWrapper: report latency for each error is false and specific error codes to track for latency are: []
DBWrapper: report latency for each error is false and specific error codes to track for latency are: []
DBWrapper: report latency for each error is false and specific error codes to track for latency are: []
DBWrapper: report latency for each error is false and specific error codes to track for latency are: []
DBWrapper: report latency for each error is false and specific error codes to track for latency are: []
DBWrapper: report latency for each error is false and specific error codes to track for latency are: []
DBWrapper: report latency for each error is false and specific error codes to track for latency are: []
DBWrapper: report latency for each error is false and specific error codes to track for latency are: []
DBWrapper: report latency for each error is false and specific error codes to track for latency are: []
DBWrapper: report latency for each error is false and specific error codes to track for latency are: []
DBWrapper: report latency for each error is false and specific error codes to track for latency are: []
DBWrapper: report latency for each error is false and specific error codes to track for latency are: []
DBWrapper: report latency for each error is false and specific error codes to track for latency are: []
DBWrapper: report latency for each error is false and specific error codes to track for latency are: []
DBWrapper: report latency for each error is false and specific error codes to track for latency are: []
DBWrapper: report latency for each error is false and specific error codes to track for latency are: []
DBWrapper: report latency for each error is false and specific error codes to track for latency are: []
DBWrapper: report latency for each error is false and specific error codes to track for latency are: []
DBWrapper: report latency for each error is false and specific error codes to track for latency are: []
DBWrapper: report latency for each error is false and specific error codes to track for latency are: []
DBWrapper: report latency for each error is false and specific error codes to track for latency are: []
DBWrapper: report latency for each error is false and specific error codes to track for latency are: []
DBWrapper: report latency for each error is false and specific error codes to track for latency are: []
DBWrapper: report latency for each error is false and specific error codes to track for latency are: []
DBWrapper: report latency for each error is false and specific error codes to track for latency are: []
DBWrapper: report latency for each error is false and specific error codes to track for latency are: []
DBWrapper: report latency for each error is false and specific error codes to track for latency are: []
DBWrapper: report latency for each error is false and specific error codes to track for latency are: []
DBWrapper: report latency for each error is false and specific error codes to track for latency are: []
DBWrapper: report latency for each error is false and specific error codes to track for latency are: []
DBWrapper: report latency for each error is false and specific error codes to track for latency are: []
DBWrapper: report latency for each error is false and specific error codes to track for latency are: []
DBWrapper: report latency for each error is false and specific error codes to track for latency are: []
DBWrapper: report latency for each error is false and specific error codes to track for latency are: []
DBWrapper: report latency for each error is false and specific error codes to track for latency are: []
DBWrapper: report latency for each error is false and specific error codes to track for latency are: []
DBWrapper: report latency for each error is false and specific error codes to track for latency are: []
DBWrapper: report latency for each error is false and specific error codes to track for latency are: []
DBWrapper: report latency for each error is false and specific error codes to track for latency are: []
DBWrapper: report latency for each error is false and specific error codes to track for latency are: []
DBWrapper: report latency for each error is false and specific error codes to track for latency are: []
DBWrapper: report latency for each error is false and specific error codes to track for latency are: []
DBWrapper: report latency for each error is false and specific error codes to track for latency are: []
DBWrapper: report latency for each error is false and specific error codes to track for latency are: []
DBWrapper: report latency for each error is false and specific error codes to track for latency are: []
DBWrapper: report latency for each error is false and specific error codes to track for latency are: []
DBWrapper: report latency for each error is false and specific error codes to track for latency are: []
DBWrapper: report latency for each error is false and specific error codes to track for latency are: []
DBWrapper: report latency for each error is false and specific error codes to track for latency are: []
DBWrapper: report latency for each error is false and specific error codes to track for latency are: []
DBWrapper: report latency for each error is false and specific error codes to track for latency are: []
DBWrapper: report latency for each error is false and specific error codes to track for latency are: []
DBWrapper: report latency for each error is false and specific error codes to track for latency are: []
DBWrapper: report latency for each error is false and specific error codes to track for latency are: []
DBWrapper: report latency for each error is false and specific error codes to track for latency are: []
DBWrapper: report latency for each error is false and specific error codes to track for latency are: []
DBWrapper: report latency for each error is false and specific error codes to track for latency are: []
DBWrapper: report latency for each error is false and specific error codes to track for latency are: []
DBWrapper: report latency for each error is false and specific error codes to track for latency are: []
2020-09-09 11:34:42:634 10 sec: 26520 operations; 2651.73 current ops/sec; est completion in 1 hour 2 minutes [READ: Count=26616, Max=1453055, Min=6500, Avg=49776.97, 90=68543, 99=331007, 99.9=1111039, 99.99=1398783] [READ-MODIFY-WRITE: Count=13294, Max=1592319, Min=18464, Avg=90648.44, 90=117247, 99=1169407, 99.9=1469439, 99.99=1528831] [UPDATE: Count=13342, Max=776191, Min=6988, Avg=40085.54, 90=57311, 99=362495, 99.9=528895, 99.99=737791] 
2020-09-09 11:34:52:634 20 sec: 63181 operations; 3666.47 current ops/sec; est completion in 52 minutes [READ: Count=36658, Max=3223551, Min=3676, Avg=50080.02, 90=72511, 99=177663, 99.9=2945023, 99.99=3106815] [UPDATE-FAILED: Count=1, Max=3153919, Min=3151872, Avg=3152896, 90=3153919, 99=3153919, 99.9=3153919, 99.99=3153919] [READ-MODIFY-WRITE: Count=18377, Max=3184639, Min=8400, Avg=90085.82, 90=117695, 99=326399, 99.9=3041279, 99.99=3145727] [UPDATE: Count=18358, Max=3063807, Min=3568, Avg=39196.27, 90=51391, 99=112575, 99.9=2813951, 99.99=3026943] 
2020-09-09 11:35:02:634 30 sec: 109459 operations; 4627.8 current ops/sec; est completion in 45 minutes [READ: Count=46258, Max=763903, Min=5224, Avg=39998.61, 90=71679, 99=164607, 99.9=549887, 99.99=660991] [UPDATE-FAILED: Count=0, Max=0, Min=9223372036854775807, Avg=NaN, 90=0, 99=0, 99.9=0, 99.99=0] [READ-MODIFY-WRITE: Count=22946, Max=820223, Min=13448, Avg=70512.01, 90=116607, 99=227455, 99.9=599039, 99.99=737791] [UPDATE: Count=22925, Max=705023, Min=4864, Avg=30792.82, 90=51775, 99=110847, 99.9=424191, 99.99=664575] 
2020-09-09 11:35:12:634 40 sec: 156546 operations; 4708.7 current ops/sec; est completion in 41 minutes [READ: Count=47073, Max=394751, Min=4632, Avg=38968.19, 90=71935, 99=148735, 99.9=251263, 99.99=309503] [UPDATE-FAILED: Count=0, Max=0, Min=9223372036854775807, Avg=NaN, 90=0, 99=0, 99.9=0, 99.99=0] [READ-MODIFY-WRITE: Count=23484, Max=458751, Min=11608, Avg=69900.84, 90=117439, 99=208767, 99.9=297727, 99.99=358143] [UPDATE: Count=23487, Max=267263, Min=5912, Avg=30841.48, 90=53407, 99=108031, 99.9=206975, 99.99=265471] 
2020-09-09 11:35:22:634 50 sec: 201653 operations; 4510.25 current ops/sec; est completion in 40 minutes [READ: Count=45118, Max=674815, Min=3344, Avg=40894.82, 90=72511, 99=189311, 99.9=524031, 99.99=656383] [UPDATE-FAILED: Count=0, Max=0, Min=9223372036854775807, Avg=NaN, 90=0, 99=0, 99.9=0, 99.99=0] [READ-MODIFY-WRITE: Count=22675, Max=776191, Min=12280, Avg=72760.61, 90=119295, 99=291839, 99.9=611839, 99.99=714239] [UPDATE: Count=22685, Max=674815, Min=5644, Avg=31600.11, 90=54079, 99=118911, 99.9=480255, 99.99=650239] 
2020-09-09 11:35:32:634 60 sec: 250657 operations; 4900.89 current ops/sec; est completion in 38 minutes [READ: Count=49013, Max=268799, Min=5624, Avg=37273.66, 90=65503, 99=129791, 99.9=198143, 99.99=243199] [UPDATE-FAILED: Count=0, Max=0, Min=9223372036854775807, Avg=NaN, 90=0, 99=0, 99.9=0, 99.99=0] [READ-MODIFY-WRITE: Count=24315, Max=311039, Min=15584, Avg=67362.97, 90=107455, 99=176895, 99.9=248703, 99.99=277247] [UPDATE: Count=24314, Max=237951, Min=5968, Avg=30119.46, 90=49663, 99=94783, 99.9=127935, 99.99=180095] 
2020-09-09 11:35:42:634 70 sec: 298408 operations; 4775.1 current ops/sec; est completion in 37 minutes [READ: Count=47758, Max=405503, Min=4564, Avg=38503.47, 90=68095, 99=144767, 99.9=239231, 99.99=292351] [UPDATE-FAILED: Count=0, Max=0, Min=9223372036854775807, Avg=NaN, 90=0, 99=0, 99.9=0, 99.99=0] [READ-MODIFY-WRITE: Count=23823, Max=346623, Min=15792, Avg=68745.72, 90=111167, 99=193663, 99.9=271871, 99.99=322303] [UPDATE: Count=23814, Max=241151, Min=5156, Avg=30236.07, 90=50367, 99=97727, 99.9=162559, 99.99=228863] 
2020-09-09 11:35:52:634 80 sec: 345679 operations; 4727.1 current ops/sec; est completion in 37 minutes [READ: Count=47251, Max=622079, Min=3942, Avg=38888.56, 90=70463, 99=142847, 99.9=365567, 99.99=606207] [UPDATE-FAILED: Count=0, Max=0, Min=9223372036854775807, Avg=NaN, 90=0, 99=0, 99.9=0, 99.99=0] [READ-MODIFY-WRITE: Count=23484, Max=680959, Min=13768, Avg=69535.82, 90=113791, 99=201343, 99.9=511743, 99.99=650751] [UPDATE: Count=23480, Max=584703, Min=4576, Avg=30630.38, 90=53119, 99=102719, 99.9=292095, 99.99=468479] 
2020-09-09 11:36:02:634 90 sec: 393889 operations; 4820.52 current ops/sec; est completion in 36 minutes [READ: Count=48211, Max=372991, Min=5640, Avg=37988.57, 90=66495, 99=143103, 99.9=283647, 99.99=354815] [UPDATE-FAILED: Count=0, Max=0, Min=9223372036854775807, Avg=NaN, 90=0, 99=0, 99.9=0, 99.99=0] [READ-MODIFY-WRITE: Count=24243, Max=416767, Min=13880, Avg=68012.64, 90=109439, 99=196095, 99.9=344063, 99.99=389119] [UPDATE: Count=24260, Max=332543, Min=4616, Avg=30058.88, 90=48927, 99=102079, 99.9=179839, 99.99=328447] 
2020-09-09 11:36:12:634 100 sec: 438508 operations; 4462.35 current ops/sec; est completion in 36 minutes [READ: Count=44631, Max=655359, Min=3958, Avg=41498.35, 90=72511, 99=224639, 99.9=522495, 99.99=601599] [UPDATE-FAILED: Count=0, Max=0, Min=9223372036854775807, Avg=NaN, 90=0, 99=0, 99.9=0, 99.99=0] [READ-MODIFY-WRITE: Count=22363, Max=955903, Min=9544, Avg=72683.33, 90=117247, 99=331007, 99.9=584191, 99.99=902143] [UPDATE: Count=22352, Max=563711, Min=4280, Avg=31611.15, 90=52415, 99=123199, 99.9=468479, 99.99=553983] 
2020-09-09 11:36:22:634 110 sec: 478568 operations; 4006 current ops/sec; est completion in 36 minutes [READ: Count=40050, Max=2224127, Min=3198, Avg=46475.05, 90=71679, 99=197375, 99.9=2050047, 99.99=2181119] [UPDATE-FAILED: Count=1, Max=2142207, Min=2140160, Avg=2141184, 90=2142207, 99=2142207, 99.9=2142207, 99.99=2142207] [READ-MODIFY-WRITE: Count=19881, Max=2252799, Min=8608, Avg=81960.27, 90=118015, 99=464895, 99.9=2164735, 99.99=2230271] [UPDATE: Count=19874, Max=2193407, Min=3928, Avg=35098.68, 90=50559, 99=120575, 99.9=1905663, 99.99=2154495] 
2020-09-09 11:36:32:634 120 sec: 525962 operations; 4739.4 current ops/sec; est completion in 36 minutes [READ: Count=47406, Max=340991, Min=4552, Avg=38750.44, 90=68095, 99=147199, 99.9=264447, 99.99=316671] [UPDATE-FAILED: Count=0, Max=0, Min=9223372036854775807, Avg=NaN, 90=0, 99=0, 99.9=0, 99.99=0] [READ-MODIFY-WRITE: Count=23635, Max=368639, Min=11240, Avg=69245.96, 90=111871, 99=202111, 99.9=304383, 99.99=361983] [UPDATE: Count=23641, Max=292351, Min=4920, Avg=30594.08, 90=50655, 99=102143, 99.9=204543, 99.99=282367] 
2020-09-09 11:36:42:639 130 sec: 572975 operations; 4700.83 current ops/sec; est completion in 35 minutes [READ: Count=47007, Max=314367, Min=4716, Avg=39087.82, 90=70655, 99=143743, 99.9=219135, 99.99=280575] [UPDATE-FAILED: Count=0, Max=0, Min=9223372036854775807, Avg=NaN, 90=0, 99=0, 99.9=0, 99.99=0] [READ-MODIFY-WRITE: Count=23487, Max=358143, Min=14920, Avg=69831.72, 90=114943, 99=193279, 99.9=275711, 99.99=309759] [UPDATE: Count=23490, Max=250367, Min=4952, Avg=30841.79, 90=54079, 99=103999, 99.9=154751, 99.99=242175] 
2020-09-09 11:36:52:634 140 sec: 621713 operations; 4873.8 current ops/sec; est completion in 35 minutes [READ: Count=48731, Max=314879, Min=5632, Avg=37479.39, 90=66175, 99=134911, 99.9=236543, 99.99=296703] [UPDATE-FAILED: Count=0, Max=0, Min=9223372036854775807, Avg=NaN, 90=0, 99=0, 99.9=0, 99.99=0] [READ-MODIFY-WRITE: Count=24413, Max=376575, Min=15608, Avg=67531.1, 90=109439, 99=191871, 99.9=289791, 99.99=371711] [UPDATE: Count=24412, Max=284159, Min=5988, Avg=29957.63, 90=50207, 99=100735, 99.9=165631, 99.99=233983] 
2020-09-09 11:37:02:634 150 sec: 669923 operations; 4821.48 current ops/sec; est completion in 34 minutes [READ: Count=48201, Max=290815, Min=5636, Avg=37949.27, 90=67583, 99=132607, 99.9=204287, 99.99=253951] [UPDATE-FAILED: Count=0, Max=0, Min=9223372036854775807, Avg=NaN, 90=0, 99=0, 99.9=0, 99.99=0] [READ-MODIFY-WRITE: Count=24004, Max=325631, Min=15856, Avg=68242.66, 90=109247, 99=185855, 99.9=262399, 99.99=320767] [UPDATE: Count=24000, Max=293631, Min=4896, Avg=30271.83, 90=51071, 99=95871, 99.9=138751, 99.99=265471] 
2020-09-09 11:37:12:634 160 sec: 715966 operations; 4604.3 current ops/sec; est completion in 34 minutes [READ: Count=46069, Max=804351, Min=5144, Avg=40076.61, 90=70719, 99=169343, 99.9=559615, 99.99=742399] [UPDATE-FAILED: Count=0, Max=0, Min=9223372036854775807, Avg=NaN, 90=0, 99=0, 99.9=0, 99.99=0] [READ-MODIFY-WRITE: Count=23103, Max=833535, Min=11880, Avg=71093.08, 90=115263, 99=244607, 99.9=668671, 99.99=791039] [UPDATE: Count=23103, Max=733183, Min=5112, Avg=30869.33, 90=51391, 99=106815, 99.9=396799, 99.99=724991] 
2020-09-09 11:37:22:634 170 sec: 761635 operations; 4566.9 current ops/sec; est completion in 34 minutes [READ: Count=45682, Max=547839, Min=4484, Avg=40490.89, 90=75391, 99=170495, 99.9=362239, 99.99=481023] [UPDATE-FAILED: Count=0, Max=0, Min=9223372036854775807, Avg=NaN, 90=0, 99=0, 99.9=0, 99.99=0] [READ-MODIFY-WRITE: Count=22841, Max=724991, Min=11888, Avg=71920.99, 90=122367, 99=242047, 99.9=470271, 99.99=553983] [UPDATE: Count=22872, Max=484863, Min=4176, Avg=31252.73, 90=55807, 99=108159, 99.9=303615, 99.99=476671] 
2020-09-09 11:37:32:634 180 sec: 807013 operations; 4537.8 current ops/sec; est completion in 34 minutes [READ: Count=45352, Max=743935, Min=5368, Avg=40761.77, 90=72255, 99=169087, 99.9=581119, 99.99=731647] [UPDATE-FAILED: Count=0, Max=0, Min=9223372036854775807, Avg=NaN, 90=0, 99=0, 99.9=0, 99.99=0] [READ-MODIFY-WRITE: Count=22692, Max=802815, Min=13576, Avg=71707.88, 90=116095, 99=237695, 99.9=714751, 99.99=784383] [UPDATE: Count=22658, Max=748543, Min=5084, Avg=31168.68, 90=53375, 99=104639, 99.9=465407, 99.99=734719] 
2020-09-09 11:37:42:634 190 sec: 850692 operations; 4367.46 current ops/sec; est completion in 34 minutes [READ: Count=43690, Max=1652735, Min=3690, Avg=42165.8, 90=69247, 99=182527, 99.9=1464319, 99.99=1613823] [UPDATE-FAILED: Count=0, Max=0, Min=9223372036854775807, Avg=NaN, 90=0, 99=0, 99.9=0, 99.99=0] [READ-MODIFY-WRITE: Count=22050, Max=1680383, Min=7724, Avg=75032.31, 90=114175, 99=299775, 99.9=1538047, 99.99=1647615] [UPDATE: Count=22063, Max=1611775, Min=3656, Avg=32636.78, 90=49535, 99=114879, 99.9=1318911, 99.99=1567743] 
2020-09-09 11:37:52:636 200 sec: 896621 operations; 4592.9 current ops/sec; est completion in 33 minutes [READ: Count=45935, Max=599551, Min=4204, Avg=39917.05, 90=69055, 99=158463, 99.9=532991, 99.99=571903] [UPDATE-FAILED: Count=0, Max=0, Min=9223372036854775807, Avg=NaN, 90=0, 99=0, 99.9=0, 99.99=0] [READ-MODIFY-WRITE: Count=23045, Max=675839, Min=8904, Avg=71706.55, 90=114175, 99=239359, 99.9=580607, 99.99=636415] [UPDATE: Count=23032, Max=536063, Min=3894, Avg=31519.76, 90=51199, 99=109055, 99.9=508927, 99.99=535039] 
2020-09-09 11:38:02:634 210 sec: 942519 operations; 4590.26 current ops/sec; est completion in 33 minutes [READ: Count=45876, Max=336127, Min=5448, Avg=40123.51, 90=74495, 99=151551, 99.9=243839, 99.99=307967] [UPDATE-FAILED: Count=0, Max=0, Min=9223372036854775807, Avg=NaN, 90=0, 99=0, 99.9=0, 99.99=0] [READ-MODIFY-WRITE: Count=23018, Max=407039, Min=12784, Avg=71129.17, 90=119871, 99=202879, 99.9=300287, 99.99=357631] [UPDATE: Count=23017, Max=294911, Min=5084, Avg=31225.82, 90=55903, 99=102719, 99.9=191231, 99.99=284671] 
2020-09-09 11:38:12:634 220 sec: 990805 operations; 4828.6 current ops/sec; est completion in 33 minutes [READ: Count=48284, Max=368639, Min=4792, Avg=37822.15, 90=65919, 99=135295, 99.9=224383, 99.99=285951] [UPDATE-FAILED: Count=0, Max=0, Min=9223372036854775807, Avg=NaN, 90=0, 99=0, 99.9=0, 99.99=0] [READ-MODIFY-WRITE: Count=24135, Max=350207, Min=15536, Avg=68158.87, 90=107839, 99=187135, 99.9=283391, 99.99=333055] [UPDATE: Count=24134, Max=239999, Min=6108, Avg=30345.47, 90=49407, 99=95039, 99.9=156927, 99.99=218879] 
2020-09-09 11:38:22:634 230 sec: 1037340 operations; 4653.5 current ops/sec; est completion in 33 minutes [READ: Count=46545, Max=578559, Min=3122, Avg=39645.93, 90=70463, 99=166527, 99.9=484351, 99.99=553471] [UPDATE-FAILED: Count=0, Max=0, Min=9223372036854775807, Avg=NaN, 90=0, 99=0, 99.9=0, 99.99=0] [READ-MODIFY-WRITE: Count=23343, Max=620031, Min=8992, Avg=70098.71, 90=113215, 99=237567, 99.9=557567, 99.99=611327] [UPDATE: Count=23345, Max=566783, Min=3932, Avg=30689.72, 90=50591, 99=105727, 99.9=399359, 99.99=548351] 
2020-09-09 11:38:32:634 240 sec: 1082418 operations; 4507.8 current ops/sec; est completion in 32 minutes [READ: Count=45078, Max=1055743, Min=4116, Avg=40935.31, 90=65663, 99=206591, 99.9=854527, 99.99=1001983] [UPDATE-FAILED: Count=0, Max=0, Min=9223372036854775807, Avg=NaN, 90=0, 99=0, 99.9=0, 99.99=0] [READ-MODIFY-WRITE: Count=22604, Max=1457151, Min=8728, Avg=72435.41, 90=107519, 99=436991, 99.9=970751, 99.99=1071103] [UPDATE: Count=22597, Max=1007103, Min=3220, Avg=31531.05, 90=46463, 99=108991, 99.9=753663, 99.99=984063] 
2020-09-09 11:38:42:634 250 sec: 1127297 operations; 4487.9 current ops/sec; est completion in 32 minutes [READ: Count=44884, Max=746495, Min=4548, Avg=41092.12, 90=72191, 99=165119, 99.9=490751, 99.99=684543] [UPDATE-FAILED: Count=0, Max=0, Min=9223372036854775807, Avg=NaN, 90=0, 99=0, 99.9=0, 99.99=0] [READ-MODIFY-WRITE: Count=22550, Max=737791, Min=13080, Avg=73040.71, 90=117567, 99=242559, 99.9=643583, 99.99=720895] [UPDATE: Count=22552, Max=678399, Min=4868, Avg=31739.49, 90=51839, 99=105471, 99.9=397823, 99.99=658943] 
2020-09-09 11:38:52:634 260 sec: 1173615 operations; 4631.8 current ops/sec; est completion in 32 minutes [READ: Count=46311, Max=635903, Min=3444, Avg=39692.02, 90=68671, 99=156543, 99.9=529407, 99.99=608767] [UPDATE-FAILED: Count=0, Max=0, Min=9223372036854775807, Avg=NaN, 90=0, 99=0, 99.9=0, 99.99=0] [READ-MODIFY-WRITE: Count=23105, Max=693759, Min=6680, Avg=70639.54, 90=112127, 99=241791, 99.9=577023, 99.99=630783] [UPDATE: Count=23126, Max=589311, Min=3230, Avg=31220.22, 90=51487, 99=114111, 99.9=468735, 99.99=564223] 
2020-09-09 11:39:02:634 270 sec: 1219970 operations; 4635.5 current ops/sec; est completion in 32 minutes [READ: Count=46362, Max=634367, Min=4296, Avg=39882.39, 90=68735, 99=166783, 99.9=497919, 99.99=586239] [UPDATE-FAILED: Count=0, Max=0, Min=9223372036854775807, Avg=NaN, 90=0, 99=0, 99.9=0, 99.99=0] [READ-MODIFY-WRITE: Count=23241, Max=733183, Min=10128, Avg=70241.24, 90=112767, 99=224383, 99.9=532479, 99.99=626687] [UPDATE: Count=23232, Max=612351, Min=4042, Avg=30616.73, 90=49823, 99=105343, 99.9=275199, 99.99=538111] 
2020-09-09 11:39:12:634 280 sec: 1267035 operations; 4706.5 current ops/sec; est completion in 32 minutes [READ: Count=47062, Max=572927, Min=4014, Avg=38771.86, 90=69055, 99=137343, 99.9=345087, 99.99=539135] [UPDATE-FAILED: Count=0, Max=0, Min=9223372036854775807, Avg=NaN, 90=0, 99=0, 99.9=0, 99.99=0] [READ-MODIFY-WRITE: Count=23756, Max=596479, Min=15096, Avg=69742.67, 90=113855, 99=189695, 99.9=495103, 99.99=593407] [UPDATE: Count=23740, Max=560639, Min=4960, Avg=30919.82, 90=52095, 99=103999, 99.9=221439, 99.99=552447] 
2020-09-09 11:39:22:634 290 sec: 1312864 operations; 4582.9 current ops/sec; est completion in 31 minutes [READ: Count=45812, Max=620031, Min=4408, Avg=40372.4, 90=72191, 99=172031, 99.9=470783, 99.99=547327] [UPDATE-FAILED: Count=0, Max=0, Min=9223372036854775807, Avg=NaN, 90=0, 99=0, 99.9=0, 99.99=0] [READ-MODIFY-WRITE: Count=23147, Max=644607, Min=12280, Avg=70833.39, 90=116031, 99=248319, 99.9=530431, 99.99=594431] [UPDATE: Count=23160, Max=545279, Min=4736, Avg=30568.78, 90=51391, 99=105535, 99.9=354047, 99.99=525823] 
2020-09-09 11:39:32:634 300 sec: 1360475 operations; 4761.1 current ops/sec; est completion in 31 minutes [READ: Count=47626, Max=479999, Min=4592, Avg=38517.88, 90=68671, 99=141823, 99.9=282367, 99.99=378879] [UPDATE-FAILED: Count=0, Max=0, Min=9223372036854775807, Avg=NaN, 90=0, 99=0, 99.9=0, 99.99=0] [READ-MODIFY-WRITE: Count=23771, Max=638975, Min=12656, Avg=69162.18, 90=112383, 99=196351, 99.9=346879, 99.99=513791] [UPDATE: Count=23763, Max=365311, Min=5100, Avg=30597.93, 90=51327, 99=102143, 99.9=220159, 99.99=359935] 
Maximum time elapsed. Requesting stop for the workload.
Stop requested for workload. Now Joining!
Still waiting for thread Thread-68 to complete. Workload status: true
2020-09-09 11:39:35:454 302 sec: 1362391 operations; 679.43 current ops/sec; est completion in 32 minutes [READ: Count=1841, Max=183551, Min=4508, Avg=41577.13, 90=82111, 99=129279, 99.9=156543, 99.99=183551] [UPDATE-FAILED: Count=0, Max=0, Min=9223372036854775807, Avg=NaN, 90=0, 99=0, 99.9=0, 99.99=0] [READ-MODIFY-WRITE: Count=988, Max=212991, Min=13920, Avg=72973.89, 90=124735, 99=185215, 99.9=205311, 99.99=212991] [CLEANUP: Count=256, Max=2359295, Min=1, Avg=9214.67, 90=3, 99=11, 99.9=2359295, 99.99=2359295] [UPDATE: Count=983, Max=122751, Min=5368, Avg=31823.9, 90=65151, 99=106239, 99.9=119743, 99.99=122751] 
[OVERALL], RunTime(ms), 302819
[OVERALL], Throughput(ops/sec), 4499.027471856125
[TOTAL_GCS_G1_Young_Generation], Count, 66
[TOTAL_GC_TIME_G1_Young_Generation], Time(ms), 562
[TOTAL_GC_TIME_%_G1_Young_Generation], Time(%), 0.1855894114966366
[TOTAL_GCS_G1_Old_Generation], Count, 0
[TOTAL_GC_TIME_G1_Old_Generation], Time(ms), 0
[TOTAL_GC_TIME_%_G1_Old_Generation], Time(%), 0.0
[TOTAL_GCs], Count, 66
[TOTAL_GC_TIME], Time(ms), 562
[TOTAL_GC_TIME_%], Time(%), 0.1855894114966366
[READ], Operations, 1362391
[READ], AverageLatency(us), 40196.47868416629
[READ], MinLatency(us), 3122
[READ], MaxLatency(us), 3223551
[READ], 95thPercentileLatency(us), 91903
[READ], 99thPercentileLatency(us), 157823
[READ], Return=OK, 1362391
[UPDATE-FAILED], Operations, 2
[UPDATE-FAILED], AverageLatency(us), 2647040.0
[UPDATE-FAILED], MinLatency(us), 2140160
[UPDATE-FAILED], MaxLatency(us), 3153919
[UPDATE-FAILED], 95thPercentileLatency(us), 3153919
[UPDATE-FAILED], 99thPercentileLatency(us), 3153919
[READ-MODIFY-WRITE], Operations, 681813
[READ-MODIFY-WRITE], AverageLatency(us), 71640.2575251572
[READ-MODIFY-WRITE], MinLatency(us), 6680
[READ-MODIFY-WRITE], MaxLatency(us), 3184639
[READ-MODIFY-WRITE], 95thPercentileLatency(us), 139903
[READ-MODIFY-WRITE], 99thPercentileLatency(us), 222591
[CLEANUP], Operations, 256
[CLEANUP], AverageLatency(us), 9214.671875
[CLEANUP], MinLatency(us), 1
[CLEANUP], MaxLatency(us), 2359295
[CLEANUP], 95thPercentileLatency(us), 4
[CLEANUP], 99thPercentileLatency(us), 11
[UPDATE], Operations, 681811
[UPDATE], AverageLatency(us), 31418.96304987746
[UPDATE], MinLatency(us), 3220
[UPDATE], MaxLatency(us), 3063807
[UPDATE], 95thPercentileLatency(us), 67391
[UPDATE], 99thPercentileLatency(us), 106111
[UPDATE], Return=OK, 681811
[UPDATE], Return=ERROR, 2
