/opt/java/openjdk/bin/java  -classpath /usr/src/ycsb/conf:/usr/src/ycsb/lib/HdrHistogram-2.1.4.jar:/usr/src/ycsb/lib/core-0.18.0-SNAPSHOT.jar:/usr/src/ycsb/lib/htrace-core4-4.1.0-incubating.jar:/usr/src/ycsb/lib/jackson-core-asl-1.9.4.jar:/usr/src/ycsb/lib/jackson-mapper-asl-1.9.4.jar:/usr/src/ycsb/lib/postgresql-42.2.16.jar:/usr/src/ycsb/cassandra-binding/lib/cassandra-binding-0.18.0-SNAPSHOT.jar:/usr/src/ycsb/cassandra-binding/lib/cassandra-driver-core-3.0.0.jar:/usr/src/ycsb/cassandra-binding/lib/guava-16.0.1.jar:/usr/src/ycsb/cassandra-binding/lib/metrics-core-3.1.2.jar:/usr/src/ycsb/cassandra-binding/lib/netty-buffer-4.0.33.Final.jar:/usr/src/ycsb/cassandra-binding/lib/netty-codec-4.0.33.Final.jar:/usr/src/ycsb/cassandra-binding/lib/netty-common-4.0.33.Final.jar:/usr/src/ycsb/cassandra-binding/lib/netty-handler-4.0.33.Final.jar:/usr/src/ycsb/cassandra-binding/lib/netty-transport-4.0.33.Final.jar:/usr/src/ycsb/cassandra-binding/lib/slf4j-api-1.7.25.jar site.ycsb.Client -t -db site.ycsb.db.CassandraCQLClient -P workloads/workloada -p operationcount=10000000 -p hosts=10.0.7.42,10.0.7.44,10.0.7.39,10.0.7.36,10.0.7.33,10.0.7.30,10.0.7.37,10.0.7.27,10.0.7.24,10.0.7.26,10.0.7.40,10.0.7.21,10.0.7.16,10.0.7.14,10.0.7.19,10.0.7.11,10.0.7.9,10.0.7.7,10.0.7.5,10.0.7.3 -p maxexecutiontime=300 -threads 256 -p cassandra.readconsistencylevel=QUORUM -p cassandra.writeconsistencylevel=QUORUM -s
Command line: -t -db site.ycsb.db.CassandraCQLClient -P workloads/workloada -p operationcount=10000000 -p hosts=10.0.7.42,10.0.7.44,10.0.7.39,10.0.7.36,10.0.7.33,10.0.7.30,10.0.7.37,10.0.7.27,10.0.7.24,10.0.7.26,10.0.7.40,10.0.7.21,10.0.7.16,10.0.7.14,10.0.7.19,10.0.7.11,10.0.7.9,10.0.7.7,10.0.7.5,10.0.7.3 -p maxexecutiontime=300 -threads 256 -p cassandra.readconsistencylevel=QUORUM -p cassandra.writeconsistencylevel=QUORUM -s
YCSB Client 0.18.0-SNAPSHOT

Loading workload...
Starting test.
SLF4J: Failed to load class "org.slf4j.impl.StaticLoggerBinder".
SLF4J: Defaulting to no-operation (NOP) logger implementation
SLF4J: See http://www.slf4j.org/codes.html#StaticLoggerBinder for further details.
Maximum execution time specified as: 300 secs
2020-09-07 13:37:59:932 0 sec: 0 operations; est completion in 0 second 
WARNING: An illegal reflective access operation has occurred
WARNING: Illegal reflective access by io.netty.util.internal.PlatformDependent0 (file:/usr/src/ycsb/cassandra-binding/lib/netty-common-4.0.33.Final.jar) to field java.nio.Buffer.address
WARNING: Please consider reporting this to the maintainers of io.netty.util.internal.PlatformDependent0
WARNING: Use --illegal-access=warn to enable warnings of further illegal reflective access operations
WARNING: All illegal access operations will be denied in a future release
Sep 07, 2020 1:38:00 PM io.netty.util.internal.PlatformDependent <clinit>
INFO: Your platform does not provide complete low-level API for accessing direct buffers reliably. Unless explicitly requested, heap buffer will always be preferred to avoid potential system unstability.
DBWrapper: report latency for each error is false and specific error codes to track for latency are: []
DBWrapper: report latency for each error is false and specific error codes to track for latency are: []
DBWrapper: report latency for each error is false and specific error codes to track for latency are: []
DBWrapper: report latency for each error is false and specific error codes to track for latency are: []
DBWrapper: report latency for each error is false and specific error codes to track for latency are: []
DBWrapper: report latency for each error is false and specific error codes to track for latency are: []
DBWrapper: report latency for each error is false and specific error codes to track for latency are: []
DBWrapper: report latency for each error is false and specific error codes to track for latency are: []
DBWrapper: report latency for each error is false and specific error codes to track for latency are: []
DBWrapper: report latency for each error is false and specific error codes to track for latency are: []
DBWrapper: report latency for each error is false and specific error codes to track for latency are: []
DBWrapper: report latency for each error is false and specific error codes to track for latency are: []
DBWrapper: report latency for each error is false and specific error codes to track for latency are: []
DBWrapper: report latency for each error is false and specific error codes to track for latency are: []
DBWrapper: report latency for each error is false and specific error codes to track for latency are: []
DBWrapper: report latency for each error is false and specific error codes to track for latency are: []
DBWrapper: report latency for each error is false and specific error codes to track for latency are: []
DBWrapper: report latency for each error is false and specific error codes to track for latency are: []
DBWrapper: report latency for each error is false and specific error codes to track for latency are: []
DBWrapper: report latency for each error is false and specific error codes to track for latency are: []
DBWrapper: report latency for each error is false and specific error codes to track for latency are: []
DBWrapper: report latency for each error is false and specific error codes to track for latency are: []
DBWrapper: report latency for each error is false and specific error codes to track for latency are: []
DBWrapper: report latency for each error is false and specific error codes to track for latency are: []
DBWrapper: report latency for each error is false and specific error codes to track for latency are: []
DBWrapper: report latency for each error is false and specific error codes to track for latency are: []
DBWrapper: report latency for each error is false and specific error codes to track for latency are: []
DBWrapper: report latency for each error is false and specific error codes to track for latency are: []
DBWrapper: report latency for each error is false and specific error codes to track for latency are: []
DBWrapper: report latency for each error is false and specific error codes to track for latency are: []
DBWrapper: report latency for each error is false and specific error codes to track for latency are: []
DBWrapper: report latency for each error is false and specific error codes to track for latency are: []
DBWrapper: report latency for each error is false and specific error codes to track for latency are: []
DBWrapper: report latency for each error is false and specific error codes to track for latency are: []
DBWrapper: report latency for each error is false and specific error codes to track for latency are: []
DBWrapper: report latency for each error is false and specific error codes to track for latency are: []
DBWrapper: report latency for each error is false and specific error codes to track for latency are: []
DBWrapper: report latency for each error is false and specific error codes to track for latency are: []
DBWrapper: report latency for each error is false and specific error codes to track for latency are: []
DBWrapper: report latency for each error is false and specific error codes to track for latency are: []
DBWrapper: report latency for each error is false and specific error codes to track for latency are: []
DBWrapper: report latency for each error is false and specific error codes to track for latency are: []
DBWrapper: report latency for each error is false and specific error codes to track for latency are: []
DBWrapper: report latency for each error is false and specific error codes to track for latency are: []
DBWrapper: report latency for each error is false and specific error codes to track for latency are: []
DBWrapper: report latency for each error is false and specific error codes to track for latency are: []
DBWrapper: report latency for each error is false and specific error codes to track for latency are: []
DBWrapper: report latency for each error is false and specific error codes to track for latency are: []
DBWrapper: report latency for each error is false and specific error codes to track for latency are: []
DBWrapper: report latency for each error is false and specific error codes to track for latency are: []
DBWrapper: report latency for each error is false and specific error codes to track for latency are: []
DBWrapper: report latency for each error is false and specific error codes to track for latency are: []
DBWrapper: report latency for each error is false and specific error codes to track for latency are: []
DBWrapper: report latency for each error is false and specific error codes to track for latency are: []
DBWrapper: report latency for each error is false and specific error codes to track for latency are: []
DBWrapper: report latency for each error is false and specific error codes to track for latency are: []
DBWrapper: report latency for each error is false and specific error codes to track for latency are: []
DBWrapper: report latency for each error is false and specific error codes to track for latency are: []
DBWrapper: report latency for each error is false and specific error codes to track for latency are: []
DBWrapper: report latency for each error is false and specific error codes to track for latency are: []
DBWrapper: report latency for each error is false and specific error codes to track for latency are: []
DBWrapper: report latency for each error is false and specific error codes to track for latency are: []
DBWrapper: report latency for each error is false and specific error codes to track for latency are: []
DBWrapper: report latency for each error is false and specific error codes to track for latency are: []
DBWrapper: report latency for each error is false and specific error codes to track for latency are: []
DBWrapper: report latency for each error is false and specific error codes to track for latency are: []
DBWrapper: report latency for each error is false and specific error codes to track for latency are: []
DBWrapper: report latency for each error is false and specific error codes to track for latency are: []
DBWrapper: report latency for each error is false and specific error codes to track for latency are: []
DBWrapper: report latency for each error is false and specific error codes to track for latency are: []
DBWrapper: report latency for each error is false and specific error codes to track for latency are: []
DBWrapper: report latency for each error is false and specific error codes to track for latency are: []
DBWrapper: report latency for each error is false and specific error codes to track for latency are: []
DBWrapper: report latency for each error is false and specific error codes to track for latency are: []
DBWrapper: report latency for each error is false and specific error codes to track for latency are: []
DBWrapper: report latency for each error is false and specific error codes to track for latency are: []
DBWrapper: report latency for each error is false and specific error codes to track for latency are: []
DBWrapper: report latency for each error is false and specific error codes to track for latency are: []
DBWrapper: report latency for each error is false and specific error codes to track for latency are: []
DBWrapper: report latency for each error is false and specific error codes to track for latency are: []
DBWrapper: report latency for each error is false and specific error codes to track for latency are: []
DBWrapper: report latency for each error is false and specific error codes to track for latency are: []
DBWrapper: report latency for each error is false and specific error codes to track for latency are: []
DBWrapper: report latency for each error is false and specific error codes to track for latency are: []
DBWrapper: report latency for each error is false and specific error codes to track for latency are: []
DBWrapper: report latency for each error is false and specific error codes to track for latency are: []
DBWrapper: report latency for each error is false and specific error codes to track for latency are: []
DBWrapper: report latency for each error is false and specific error codes to track for latency are: []
DBWrapper: report latency for each error is false and specific error codes to track for latency are: []
DBWrapper: report latency for each error is false and specific error codes to track for latency are: []
DBWrapper: report latency for each error is false and specific error codes to track for latency are: []
DBWrapper: report latency for each error is false and specific error codes to track for latency are: []
DBWrapper: report latency for each error is false and specific error codes to track for latency are: []
DBWrapper: report latency for each error is false and specific error codes to track for latency are: []
DBWrapper: report latency for each error is false and specific error codes to track for latency are: []
DBWrapper: report latency for each error is false and specific error codes to track for latency are: []
DBWrapper: report latency for each error is false and specific error codes to track for latency are: []
DBWrapper: report latency for each error is false and specific error codes to track for latency are: []
DBWrapper: report latency for each error is false and specific error codes to track for latency are: []
DBWrapper: report latency for each error is false and specific error codes to track for latency are: []
DBWrapper: report latency for each error is false and specific error codes to track for latency are: []
DBWrapper: report latency for each error is false and specific error codes to track for latency are: []
DBWrapper: report latency for each error is false and specific error codes to track for latency are: []
DBWrapper: report latency for each error is false and specific error codes to track for latency are: []
DBWrapper: report latency for each error is false and specific error codes to track for latency are: []
DBWrapper: report latency for each error is false and specific error codes to track for latency are: []
DBWrapper: report latency for each error is false and specific error codes to track for latency are: []
DBWrapper: report latency for each error is false and specific error codes to track for latency are: []
DBWrapper: report latency for each error is false and specific error codes to track for latency are: []
DBWrapper: report latency for each error is false and specific error codes to track for latency are: []
DBWrapper: report latency for each error is false and specific error codes to track for latency are: []
DBWrapper: report latency for each error is false and specific error codes to track for latency are: []
DBWrapper: report latency for each error is false and specific error codes to track for latency are: []
DBWrapper: report latency for each error is false and specific error codes to track for latency are: []
DBWrapper: report latency for each error is false and specific error codes to track for latency are: []
DBWrapper: report latency for each error is false and specific error codes to track for latency are: []
DBWrapper: report latency for each error is false and specific error codes to track for latency are: []
DBWrapper: report latency for each error is false and specific error codes to track for latency are: []
DBWrapper: report latency for each error is false and specific error codes to track for latency are: []
DBWrapper: report latency for each error is false and specific error codes to track for latency are: []
DBWrapper: report latency for each error is false and specific error codes to track for latency are: []
DBWrapper: report latency for each error is false and specific error codes to track for latency are: []
DBWrapper: report latency for each error is false and specific error codes to track for latency are: []
DBWrapper: report latency for each error is false and specific error codes to track for latency are: []
DBWrapper: report latency for each error is false and specific error codes to track for latency are: []
DBWrapper: report latency for each error is false and specific error codes to track for latency are: []
DBWrapper: report latency for each error is false and specific error codes to track for latency are: []
DBWrapper: report latency for each error is false and specific error codes to track for latency are: []
DBWrapper: report latency for each error is false and specific error codes to track for latency are: []
DBWrapper: report latency for each error is false and specific error codes to track for latency are: []
DBWrapper: report latency for each error is false and specific error codes to track for latency are: []
DBWrapper: report latency for each error is false and specific error codes to track for latency are: []
DBWrapper: report latency for each error is false and specific error codes to track for latency are: []
DBWrapper: report latency for each error is false and specific error codes to track for latency are: []
DBWrapper: report latency for each error is false and specific error codes to track for latency are: []
DBWrapper: report latency for each error is false and specific error codes to track for latency are: []
DBWrapper: report latency for each error is false and specific error codes to track for latency are: []
DBWrapper: report latency for each error is false and specific error codes to track for latency are: []
DBWrapper: report latency for each error is false and specific error codes to track for latency are: []
DBWrapper: report latency for each error is false and specific error codes to track for latency are: []
DBWrapper: report latency for each error is false and specific error codes to track for latency are: []
DBWrapper: report latency for each error is false and specific error codes to track for latency are: []
DBWrapper: report latency for each error is false and specific error codes to track for latency are: []
DBWrapper: report latency for each error is false and specific error codes to track for latency are: []
DBWrapper: report latency for each error is false and specific error codes to track for latency are: []
DBWrapper: report latency for each error is false and specific error codes to track for latency are: []
DBWrapper: report latency for each error is false and specific error codes to track for latency are: []
DBWrapper: report latency for each error is false and specific error codes to track for latency are: []
DBWrapper: report latency for each error is false and specific error codes to track for latency are: []
DBWrapper: report latency for each error is false and specific error codes to track for latency are: []
DBWrapper: report latency for each error is false and specific error codes to track for latency are: []
DBWrapper: report latency for each error is false and specific error codes to track for latency are: []
DBWrapper: report latency for each error is false and specific error codes to track for latency are: []
DBWrapper: report latency for each error is false and specific error codes to track for latency are: []
DBWrapper: report latency for each error is false and specific error codes to track for latency are: []
DBWrapper: report latency for each error is false and specific error codes to track for latency are: []
DBWrapper: report latency for each error is false and specific error codes to track for latency are: []
DBWrapper: report latency for each error is false and specific error codes to track for latency are: []
DBWrapper: report latency for each error is false and specific error codes to track for latency are: []
DBWrapper: report latency for each error is false and specific error codes to track for latency are: []
DBWrapper: report latency for each error is false and specific error codes to track for latency are: []
DBWrapper: report latency for each error is false and specific error codes to track for latency are: []
DBWrapper: report latency for each error is false and specific error codes to track for latency are: []
DBWrapper: report latency for each error is false and specific error codes to track for latency are: []
DBWrapper: report latency for each error is false and specific error codes to track for latency are: []
DBWrapper: report latency for each error is false and specific error codes to track for latency are: []
DBWrapper: report latency for each error is false and specific error codes to track for latency are: []
DBWrapper: report latency for each error is false and specific error codes to track for latency are: []
DBWrapper: report latency for each error is false and specific error codes to track for latency are: []
DBWrapper: report latency for each error is false and specific error codes to track for latency are: []
DBWrapper: report latency for each error is false and specific error codes to track for latency are: []
DBWrapper: report latency for each error is false and specific error codes to track for latency are: []
DBWrapper: report latency for each error is false and specific error codes to track for latency are: []
DBWrapper: report latency for each error is false and specific error codes to track for latency are: []
DBWrapper: report latency for each error is false and specific error codes to track for latency are: []
DBWrapper: report latency for each error is false and specific error codes to track for latency are: []
DBWrapper: report latency for each error is false and specific error codes to track for latency are: []
DBWrapper: report latency for each error is false and specific error codes to track for latency are: []
DBWrapper: report latency for each error is false and specific error codes to track for latency are: []
DBWrapper: report latency for each error is false and specific error codes to track for latency are: []
DBWrapper: report latency for each error is false and specific error codes to track for latency are: []
DBWrapper: report latency for each error is false and specific error codes to track for latency are: []
DBWrapper: report latency for each error is false and specific error codes to track for latency are: []
DBWrapper: report latency for each error is false and specific error codes to track for latency are: []
DBWrapper: report latency for each error is false and specific error codes to track for latency are: []
DBWrapper: report latency for each error is false and specific error codes to track for latency are: []
DBWrapper: report latency for each error is false and specific error codes to track for latency are: []
DBWrapper: report latency for each error is false and specific error codes to track for latency are: []
DBWrapper: report latency for each error is false and specific error codes to track for latency are: []
DBWrapper: report latency for each error is false and specific error codes to track for latency are: []
DBWrapper: report latency for each error is false and specific error codes to track for latency are: []
DBWrapper: report latency for each error is false and specific error codes to track for latency are: []
DBWrapper: report latency for each error is false and specific error codes to track for latency are: []
DBWrapper: report latency for each error is false and specific error codes to track for latency are: []
DBWrapper: report latency for each error is false and specific error codes to track for latency are: []
DBWrapper: report latency for each error is false and specific error codes to track for latency are: []
DBWrapper: report latency for each error is false and specific error codes to track for latency are: []
DBWrapper: report latency for each error is false and specific error codes to track for latency are: []
DBWrapper: report latency for each error is false and specific error codes to track for latency are: []
DBWrapper: report latency for each error is false and specific error codes to track for latency are: []
DBWrapper: report latency for each error is false and specific error codes to track for latency are: []
DBWrapper: report latency for each error is false and specific error codes to track for latency are: []
DBWrapper: report latency for each error is false and specific error codes to track for latency are: []
DBWrapper: report latency for each error is false and specific error codes to track for latency are: []
DBWrapper: report latency for each error is false and specific error codes to track for latency are: []
DBWrapper: report latency for each error is false and specific error codes to track for latency are: []
DBWrapper: report latency for each error is false and specific error codes to track for latency are: []
DBWrapper: report latency for each error is false and specific error codes to track for latency are: []
DBWrapper: report latency for each error is false and specific error codes to track for latency are: []
DBWrapper: report latency for each error is false and specific error codes to track for latency are: []
DBWrapper: report latency for each error is false and specific error codes to track for latency are: []
DBWrapper: report latency for each error is false and specific error codes to track for latency are: []
DBWrapper: report latency for each error is false and specific error codes to track for latency are: []
DBWrapper: report latency for each error is false and specific error codes to track for latency are: []
DBWrapper: report latency for each error is false and specific error codes to track for latency are: []
DBWrapper: report latency for each error is false and specific error codes to track for latency are: []
DBWrapper: report latency for each error is false and specific error codes to track for latency are: []
DBWrapper: report latency for each error is false and specific error codes to track for latency are: []
DBWrapper: report latency for each error is false and specific error codes to track for latency are: []
DBWrapper: report latency for each error is false and specific error codes to track for latency are: []
DBWrapper: report latency for each error is false and specific error codes to track for latency are: []
DBWrapper: report latency for each error is false and specific error codes to track for latency are: []
DBWrapper: report latency for each error is false and specific error codes to track for latency are: []
DBWrapper: report latency for each error is false and specific error codes to track for latency are: []
DBWrapper: report latency for each error is false and specific error codes to track for latency are: []
DBWrapper: report latency for each error is false and specific error codes to track for latency are: []
DBWrapper: report latency for each error is false and specific error codes to track for latency are: []
DBWrapper: report latency for each error is false and specific error codes to track for latency are: []
DBWrapper: report latency for each error is false and specific error codes to track for latency are: []
DBWrapper: report latency for each error is false and specific error codes to track for latency are: []
DBWrapper: report latency for each error is false and specific error codes to track for latency are: []
DBWrapper: report latency for each error is false and specific error codes to track for latency are: []
DBWrapper: report latency for each error is false and specific error codes to track for latency are: []
DBWrapper: report latency for each error is false and specific error codes to track for latency are: []
DBWrapper: report latency for each error is false and specific error codes to track for latency are: []
DBWrapper: report latency for each error is false and specific error codes to track for latency are: []
DBWrapper: report latency for each error is false and specific error codes to track for latency are: []
DBWrapper: report latency for each error is false and specific error codes to track for latency are: []
DBWrapper: report latency for each error is false and specific error codes to track for latency are: []
DBWrapper: report latency for each error is false and specific error codes to track for latency are: []
DBWrapper: report latency for each error is false and specific error codes to track for latency are: []
DBWrapper: report latency for each error is false and specific error codes to track for latency are: []
DBWrapper: report latency for each error is false and specific error codes to track for latency are: []
DBWrapper: report latency for each error is false and specific error codes to track for latency are: []
DBWrapper: report latency for each error is false and specific error codes to track for latency are: []
DBWrapper: report latency for each error is false and specific error codes to track for latency are: []
DBWrapper: report latency for each error is false and specific error codes to track for latency are: []
DBWrapper: report latency for each error is false and specific error codes to track for latency are: []
DBWrapper: report latency for each error is false and specific error codes to track for latency are: []
DBWrapper: report latency for each error is false and specific error codes to track for latency are: []
DBWrapper: report latency for each error is false and specific error codes to track for latency are: []
DBWrapper: report latency for each error is false and specific error codes to track for latency are: []
DBWrapper: report latency for each error is false and specific error codes to track for latency are: []
DBWrapper: report latency for each error is false and specific error codes to track for latency are: []
DBWrapper: report latency for each error is false and specific error codes to track for latency are: []
DBWrapper: report latency for each error is false and specific error codes to track for latency are: []
2020-09-07 13:38:09:634 10 sec: 33447 operations; 3344.37 current ops/sec; est completion in 49 minutes [READ: Count=16741, Max=1667071, Min=4664, Avg=60036.61, 90=85311, 99=940543, 99.9=1532927, 99.99=1607679] [UPDATE: Count=16845, Max=1631231, Min=3520, Avg=50557.05, 90=65087, 99=906239, 99.9=1523711, 99.99=1618943] 
2020-09-07 13:38:19:633 20 sec: 88829 operations; 5538.2 current ops/sec; est completion in 37 minutes [READ: Count=27315, Max=2174975, Min=3574, Avg=50905.53, 90=71295, 99=558079, 99.9=2007039, 99.99=2129919] [UPDATE-FAILED: Count=3, Max=2079743, Min=2038784, Avg=2052949.33, 90=2079743, 99=2079743, 99.9=2079743, 99.99=2079743] [UPDATE: Count=27981, Max=2062335, Min=3202, Avg=41112.5, 90=50623, 99=446207, 99.9=1946623, 99.99=2044927] [READ-FAILED: Count=4, Max=4431871, Min=3627008, Avg=4012800, 90=4431871, 99=4431871, 99.9=4431871, 99.99=4431871] 
2020-09-07 13:38:29:633 30 sec: 156341 operations; 6751.2 current ops/sec; est completion in 31 minutes [READ: Count=34114, Max=754687, Min=5148, Avg=42515.35, 90=78079, 99=189823, 99.9=611839, 99.99=739839] [UPDATE-FAILED: Count=0, Max=0, Min=9223372036854775807, Avg=NaN, 90=0, 99=0, 99.9=0, 99.99=0] [UPDATE: Count=33382, Max=774655, Min=4480, Avg=33047.07, 90=56479, 99=122367, 99.9=575999, 99.99=745471] [READ-FAILED: Count=0, Max=0, Min=9223372036854775807, Avg=NaN, 90=0, 99=0, 99.9=0, 99.99=0] 
2020-09-07 13:38:39:633 40 sec: 222375 operations; 6603.4 current ops/sec; est completion in 29 minutes [READ: Count=33156, Max=682495, Min=4492, Avg=43727.76, 90=81279, 99=222079, 99.9=564223, 99.99=657919] [UPDATE-FAILED: Count=0, Max=0, Min=9223372036854775807, Avg=NaN, 90=0, 99=0, 99.9=0, 99.99=0] [UPDATE: Count=32860, Max=626175, Min=5060, Avg=33701.29, 90=58399, 99=145151, 99.9=518911, 99.99=614399] [READ-FAILED: Count=0, Max=0, Min=9223372036854775807, Avg=NaN, 90=0, 99=0, 99.9=0, 99.99=0] 
2020-09-07 13:38:49:633 50 sec: 293919 operations; 7154.4 current ops/sec; est completion in 27 minutes [READ: Count=35904, Max=471807, Min=5608, Avg=40021.83, 90=71935, 99=152447, 99.9=262015, 99.99=368639] [UPDATE-FAILED: Count=0, Max=0, Min=9223372036854775807, Avg=NaN, 90=0, 99=0, 99.9=0, 99.99=0] [UPDATE: Count=35719, Max=291327, Min=4804, Avg=31667.05, 90=53535, 99=108671, 99.9=193151, 99.99=283391] [READ-FAILED: Count=0, Max=0, Min=9223372036854775807, Avg=NaN, 90=0, 99=0, 99.9=0, 99.99=0] 
2020-09-07 13:38:59:633 60 sec: 349615 operations; 5569.6 current ops/sec; est completion in 27 minutes [READ: Count=27807, Max=2181119, Min=4032, Avg=50827.78, 90=81919, 99=266751, 99.9=1984511, 99.99=2144255] [UPDATE-FAILED: Count=4, Max=2154495, Min=2119680, Avg=2135040, 90=2154495, 99=2154495, 99.9=2154495, 99.99=2154495] [UPDATE: Count=27856, Max=2170879, Min=3830, Avg=40791.88, 90=57023, 99=258175, 99.9=1958911, 99.99=2129919] [READ-FAILED: Count=0, Max=0, Min=9223372036854775807, Avg=NaN, 90=0, 99=0, 99.9=0, 99.99=0] 
2020-09-07 13:39:09:633 70 sec: 410165 operations; 6055 current ops/sec; est completion in 27 minutes [READ: Count=30064, Max=1553407, Min=3858, Avg=48013.07, 90=81983, 99=222975, 99.9=1419263, 99.99=1503231] [UPDATE-FAILED: Count=0, Max=0, Min=9223372036854775807, Avg=NaN, 90=0, 99=0, 99.9=0, 99.99=0] [UPDATE: Count=30430, Max=1480703, Min=3530, Avg=36546.12, 90=59199, 99=134143, 99.9=1385471, 99.99=1466367] [READ-FAILED: Count=0, Max=0, Min=9223372036854775807, Avg=NaN, 90=0, 99=0, 99.9=0, 99.99=0] 
2020-09-07 13:39:19:633 80 sec: 478425 operations; 6826 current ops/sec; est completion in 26 minutes [READ: Count=34157, Max=706047, Min=5700, Avg=41619.12, 90=77311, 99=169215, 99.9=451839, 99.99=649727] [UPDATE-FAILED: Count=0, Max=0, Min=9223372036854775807, Avg=NaN, 90=0, 99=0, 99.9=0, 99.99=0] [UPDATE: Count=34098, Max=666111, Min=4572, Avg=33182.72, 90=58047, 99=125119, 99.9=521727, 99.99=642559] [READ-FAILED: Count=0, Max=0, Min=9223372036854775807, Avg=NaN, 90=0, 99=0, 99.9=0, 99.99=0] 
2020-09-07 13:39:29:633 90 sec: 534811 operations; 5638.6 current ops/sec; est completion in 26 minutes [READ: Count=28413, Max=1818623, Min=3720, Avg=51139.35, 90=83199, 99=463615, 99.9=1646591, 99.99=1778687] [UPDATE-FAILED: Count=0, Max=0, Min=9223372036854775807, Avg=NaN, 90=0, 99=0, 99.9=0, 99.99=0] [UPDATE: Count=27989, Max=1786879, Min=3408, Avg=39878.78, 90=56735, 99=290047, 99.9=1599487, 99.99=1760255] [READ-FAILED: Count=0, Max=0, Min=9223372036854775807, Avg=NaN, 90=0, 99=0, 99.9=0, 99.99=0] 
2020-09-07 13:39:39:633 100 sec: 602176 operations; 6736.5 current ops/sec; est completion in 26 minutes [READ: Count=33613, Max=659455, Min=4220, Avg=42555.34, 90=76735, 99=176255, 99.9=501247, 99.99=621567] [UPDATE-FAILED: Count=0, Max=0, Min=9223372036854775807, Avg=NaN, 90=0, 99=0, 99.9=0, 99.99=0] [UPDATE: Count=33726, Max=550911, Min=3684, Avg=33338.83, 90=58079, 99=120383, 99.9=462335, 99.99=532479] [READ-FAILED: Count=0, Max=0, Min=9223372036854775807, Avg=NaN, 90=0, 99=0, 99.9=0, 99.99=0] 
2020-09-07 13:39:49:633 110 sec: 669739 operations; 6756.3 current ops/sec; est completion in 25 minutes [READ: Count=33914, Max=884735, Min=4760, Avg=42579.1, 90=74559, 99=209023, 99.9=709119, 99.99=845823] [UPDATE-FAILED: Count=0, Max=0, Min=9223372036854775807, Avg=NaN, 90=0, 99=0, 99.9=0, 99.99=0] [UPDATE: Count=33656, Max=807935, Min=4336, Avg=33208.15, 90=54303, 99=129023, 99.9=683007, 99.99=792063] [READ-FAILED: Count=0, Max=0, Min=9223372036854775807, Avg=NaN, 90=0, 99=0, 99.9=0, 99.99=0] 
2020-09-07 13:39:59:633 120 sec: 736191 operations; 6645.2 current ops/sec; est completion in 25 minutes [READ: Count=33186, Max=721919, Min=5536, Avg=43488.83, 90=78911, 99=202623, 99.9=624127, 99.99=687103] [UPDATE-FAILED: Count=0, Max=0, Min=9223372036854775807, Avg=NaN, 90=0, 99=0, 99.9=0, 99.99=0] [UPDATE: Count=33268, Max=704511, Min=5340, Avg=33530.62, 90=56511, 99=119231, 99.9=613887, 99.99=680447] [READ-FAILED: Count=0, Max=0, Min=9223372036854775807, Avg=NaN, 90=0, 99=0, 99.9=0, 99.99=0] 
2020-09-07 13:40:09:644 130 sec: 804280 operations; 6801.42 current ops/sec; est completion in 24 minutes [READ: Count=33903, Max=836607, Min=4388, Avg=42344.2, 90=76543, 99=174207, 99.9=708607, 99.99=795647] [UPDATE-FAILED: Count=0, Max=0, Min=9223372036854775807, Avg=NaN, 90=0, 99=0, 99.9=0, 99.99=0] [UPDATE: Count=34274, Max=726015, Min=4144, Avg=32797.75, 90=56127, 99=124031, 99.9=536063, 99.99=718335] [READ-FAILED: Count=0, Max=0, Min=9223372036854775807, Avg=NaN, 90=0, 99=0, 99.9=0, 99.99=0] 
2020-09-07 13:40:19:633 140 sec: 857728 operations; 5350.69 current ops/sec; est completion in 24 minutes [READ: Count=26666, Max=3008511, Min=3694, Avg=53521.63, 90=81663, 99=255743, 99.9=2586623, 99.99=2732031] [UPDATE-FAILED: Count=1, Max=2633727, Min=2631680, Avg=2632704, 90=2633727, 99=2633727, 99.9=2633727, 99.99=2633727] [UPDATE: Count=26697, Max=2646015, Min=3936, Avg=42395.26, 90=57119, 99=172287, 99.9=2533375, 99.99=2639871] [READ-FAILED: Count=0, Max=0, Min=9223372036854775807, Avg=NaN, 90=0, 99=0, 99.9=0, 99.99=0] 
2020-09-07 13:40:29:634 150 sec: 927091 operations; 6936.3 current ops/sec; est completion in 24 minutes [READ: Count=34565, Max=659455, Min=5164, Avg=41182.04, 90=73663, 99=166015, 99.9=434431, 99.99=588799] [UPDATE-FAILED: Count=0, Max=0, Min=9223372036854775807, Avg=NaN, 90=0, 99=0, 99.9=0, 99.99=0] [UPDATE: Count=34799, Max=582143, Min=4656, Avg=32613.06, 90=55135, 99=108031, 99.9=479999, 99.99=570879] [READ-FAILED: Count=0, Max=0, Min=9223372036854775807, Avg=NaN, 90=0, 99=0, 99.9=0, 99.99=0] 
2020-09-07 13:40:39:633 160 sec: 996287 operations; 6919.6 current ops/sec; est completion in 24 minutes [READ: Count=34426, Max=454399, Min=4608, Avg=41315.16, 90=77503, 99=173823, 99.9=296959, 99.99=401663] [UPDATE-FAILED: Count=0, Max=0, Min=9223372036854775807, Avg=NaN, 90=0, 99=0, 99.9=0, 99.99=0] [UPDATE: Count=34758, Max=287487, Min=5232, Avg=31855.06, 90=55999, 99=114559, 99.9=224639, 99.99=275199] [READ-FAILED: Count=0, Max=0, Min=9223372036854775807, Avg=NaN, 90=0, 99=0, 99.9=0, 99.99=0] 
2020-09-07 13:40:49:633 170 sec: 1060162 operations; 6387.5 current ops/sec; est completion in 23 minutes [READ: Count=31987, Max=1188863, Min=4752, Avg=46112.52, 90=81407, 99=243839, 99.9=839167, 99.99=955391] [UPDATE-FAILED: Count=0, Max=0, Min=9223372036854775807, Avg=NaN, 90=0, 99=0, 99.9=0, 99.99=0] [UPDATE: Count=31896, Max=919551, Min=4084, Avg=34886.56, 90=59519, 99=129919, 99.9=692735, 99.99=909311] [READ-FAILED: Count=0, Max=0, Min=9223372036854775807, Avg=NaN, 90=0, 99=0, 99.9=0, 99.99=0] 
2020-09-07 13:40:59:633 180 sec: 1126550 operations; 6638.8 current ops/sec; est completion in 23 minutes [READ: Count=33318, Max=804351, Min=5460, Avg=43713.34, 90=80959, 99=194815, 99.9=553471, 99.99=787967] [UPDATE-FAILED: Count=0, Max=0, Min=9223372036854775807, Avg=NaN, 90=0, 99=0, 99.9=0, 99.99=0] [UPDATE: Count=33069, Max=778239, Min=5068, Avg=33261.64, 90=58783, 99=123903, 99.9=463871, 99.99=747519] [READ-FAILED: Count=0, Max=0, Min=9223372036854775807, Avg=NaN, 90=0, 99=0, 99.9=0, 99.99=0] 
2020-09-07 13:41:09:633 190 sec: 1193121 operations; 6657.1 current ops/sec; est completion in 23 minutes [READ: Count=33310, Max=740351, Min=5508, Avg=43334.88, 90=79743, 99=176767, 99.9=610815, 99.99=728575] [UPDATE-FAILED: Count=0, Max=0, Min=9223372036854775807, Avg=NaN, 90=0, 99=0, 99.9=0, 99.99=0] [UPDATE: Count=33264, Max=747519, Min=4472, Avg=33713.51, 90=59935, 99=115199, 99.9=448767, 99.99=716799] [READ-FAILED: Count=0, Max=0, Min=9223372036854775807, Avg=NaN, 90=0, 99=0, 99.9=0, 99.99=0] 
2020-09-07 13:41:19:633 200 sec: 1259784 operations; 6666.3 current ops/sec; est completion in 23 minutes [READ: Count=33333, Max=813567, Min=4544, Avg=42770.73, 90=78079, 99=192255, 99.9=632831, 99.99=728063] [UPDATE-FAILED: Count=0, Max=0, Min=9223372036854775807, Avg=NaN, 90=0, 99=0, 99.9=0, 99.99=0] [UPDATE: Count=33325, Max=719359, Min=3724, Avg=32931.46, 90=56031, 99=121087, 99.9=520703, 99.99=714751] [READ-FAILED: Count=0, Max=0, Min=9223372036854775807, Avg=NaN, 90=0, 99=0, 99.9=0, 99.99=0] 
2020-09-07 13:41:29:633 210 sec: 1326463 operations; 6667.9 current ops/sec; est completion in 22 minutes [READ: Count=33314, Max=982527, Min=4844, Avg=43844.53, 90=82175, 99=201727, 99.9=761855, 99.99=918015] [UPDATE-FAILED: Count=0, Max=0, Min=9223372036854775807, Avg=NaN, 90=0, 99=0, 99.9=0, 99.99=0] [UPDATE: Count=33384, Max=892927, Min=5772, Avg=34004.73, 90=61439, 99=131327, 99.9=609279, 99.99=886783] [READ-FAILED: Count=0, Max=0, Min=9223372036854775807, Avg=NaN, 90=0, 99=0, 99.9=0, 99.99=0] 
2020-09-07 13:41:39:633 220 sec: 1380181 operations; 5371.8 current ops/sec; est completion in 22 minutes [READ: Count=26958, Max=2656255, Min=3728, Avg=52746.25, 90=79871, 99=402431, 99.9=2453503, 99.99=2617343] [UPDATE-FAILED: Count=3, Max=2588671, Min=2582528, Avg=2586282.67, 90=2588671, 99=2588671, 99.9=2588671, 99.99=2588671] [UPDATE: Count=26772, Max=2623487, Min=2898, Avg=41968.63, 90=53663, 99=325887, 99.9=2445311, 99.99=2611199] [READ-FAILED: Count=0, Max=0, Min=9223372036854775807, Avg=NaN, 90=0, 99=0, 99.9=0, 99.99=0] 
2020-09-07 13:41:49:634 230 sec: 1446899 operations; 6671.8 current ops/sec; est completion in 22 minutes [READ: Count=33465, Max=663039, Min=3814, Avg=43366.54, 90=80255, 99=191487, 99.9=460543, 99.99=638975] [UPDATE-FAILED: Count=0, Max=0, Min=9223372036854775807, Avg=NaN, 90=0, 99=0, 99.9=0, 99.99=0] [UPDATE: Count=33210, Max=596479, Min=4220, Avg=33053.1, 90=58495, 99=118783, 99.9=423679, 99.99=575999] [READ-FAILED: Count=2, Max=4456447, Min=4390912, Avg=4423680, 90=4456447, 99=4456447, 99.9=4456447, 99.99=4456447] 
2020-09-07 13:41:59:633 240 sec: 1513577 operations; 6667.8 current ops/sec; est completion in 22 minutes [READ: Count=33193, Max=735743, Min=4488, Avg=43471.93, 90=77247, 99=216319, 99.9=608767, 99.99=714239] [UPDATE-FAILED: Count=0, Max=0, Min=9223372036854775807, Avg=NaN, 90=0, 99=0, 99.9=0, 99.99=0] [UPDATE: Count=33499, Max=712191, Min=4704, Avg=33417.87, 90=56127, 99=122111, 99.9=538111, 99.99=705535] [READ-FAILED: Count=0, Max=0, Min=9223372036854775807, Avg=NaN, 90=0, 99=0, 99.9=0, 99.99=0] 
2020-09-07 13:42:09:633 250 sec: 1577382 operations; 6380.5 current ops/sec; est completion in 22 minutes [READ: Count=31962, Max=948735, Min=3892, Avg=45706.83, 90=81023, 99=254847, 99.9=871935, 99.99=932351] [UPDATE-FAILED: Count=0, Max=0, Min=9223372036854775807, Avg=NaN, 90=0, 99=0, 99.9=0, 99.99=0] [UPDATE: Count=31844, Max=941567, Min=3848, Avg=34604.58, 90=57151, 99=144127, 99.9=858623, 99.99=933375] [READ-FAILED: Count=0, Max=0, Min=9223372036854775807, Avg=NaN, 90=0, 99=0, 99.9=0, 99.99=0] 
2020-09-07 13:42:19:633 260 sec: 1644994 operations; 6761.2 current ops/sec; est completion in 22 minutes [READ: Count=33737, Max=672767, Min=4760, Avg=42290.97, 90=76415, 99=193791, 99.9=540671, 99.99=647167] [UPDATE-FAILED: Count=0, Max=0, Min=9223372036854775807, Avg=NaN, 90=0, 99=0, 99.9=0, 99.99=0] [UPDATE: Count=33871, Max=649215, Min=4760, Avg=32686.91, 90=56351, 99=117311, 99.9=499455, 99.99=631295] [READ-FAILED: Count=0, Max=0, Min=9223372036854775807, Avg=NaN, 90=0, 99=0, 99.9=0, 99.99=0] 
2020-09-07 13:42:29:633 270 sec: 1712438 operations; 6744.4 current ops/sec; est completion in 21 minutes [READ: Count=33670, Max=686591, Min=4808, Avg=42863.94, 90=78847, 99=172543, 99.9=488191, 99.99=570367] [UPDATE-FAILED: Count=0, Max=0, Min=9223372036854775807, Avg=NaN, 90=0, 99=0, 99.9=0, 99.99=0] [UPDATE: Count=33766, Max=562687, Min=4660, Avg=33800.2, 90=59871, 99=120511, 99.9=453631, 99.99=544767] [READ-FAILED: Count=0, Max=0, Min=9223372036854775807, Avg=NaN, 90=0, 99=0, 99.9=0, 99.99=0] 
2020-09-07 13:42:39:633 280 sec: 1780636 operations; 6819.8 current ops/sec; est completion in 21 minutes [READ: Count=33923, Max=846335, Min=4960, Avg=42044.87, 90=75775, 99=194303, 99.9=643071, 99.99=769023] [UPDATE-FAILED: Count=0, Max=0, Min=9223372036854775807, Avg=NaN, 90=0, 99=0, 99.9=0, 99.99=0] [UPDATE: Count=34279, Max=791039, Min=4124, Avg=33162.1, 90=55967, 99=127487, 99.9=604671, 99.99=747519] [READ-FAILED: Count=0, Max=0, Min=9223372036854775807, Avg=NaN, 90=0, 99=0, 99.9=0, 99.99=0] 
2020-09-07 13:42:49:633 290 sec: 1848342 operations; 6770.6 current ops/sec; est completion in 21 minutes [READ: Count=33815, Max=798207, Min=3850, Avg=42476.82, 90=77503, 99=165887, 99.9=654847, 99.99=784895] [UPDATE-FAILED: Count=0, Max=0, Min=9223372036854775807, Avg=NaN, 90=0, 99=0, 99.9=0, 99.99=0] [UPDATE: Count=33894, Max=759807, Min=5376, Avg=32566.74, 90=56287, 99=111295, 99.9=541183, 99.99=735743] [READ-FAILED: Count=0, Max=0, Min=9223372036854775807, Avg=NaN, 90=0, 99=0, 99.9=0, 99.99=0] 
2020-09-07 13:42:59:633 300 sec: 1907307 operations; 5896.5 current ops/sec; est completion in 21 minutes [READ: Count=29628, Max=1735679, Min=3160, Avg=49941.31, 90=83775, 99=369151, 99.9=1525759, 99.99=1701887] [UPDATE-FAILED: Count=0, Max=0, Min=9223372036854775807, Avg=NaN, 90=0, 99=0, 99.9=0, 99.99=0] [UPDATE: Count=29329, Max=1744895, Min=3182, Avg=37108.26, 90=57215, 99=221311, 99.9=1452031, 99.99=1659903] [READ-FAILED: Count=0, Max=0, Min=9223372036854775807, Avg=NaN, 90=0, 99=0, 99.9=0, 99.99=0] 
Maximum time elapsed. Requesting stop for the workload.
Stop requested for workload. Now Joining!
Still waiting for thread Thread-223 to complete. Workload status: true
2020-09-07 13:43:02:395 302 sec: 1908408 operations; 399.35 current ops/sec; est completion in 21 minutes [READ: Count=582, Max=557055, Min=6452, Avg=101377.57, 90=336639, 99=533503, 99.9=552447, 99.99=557055] [UPDATE-FAILED: Count=0, Max=0, Min=9223372036854775807, Avg=NaN, 90=0, 99=0, 99.9=0, 99.99=0] [CLEANUP: Count=256, Max=2336767, Min=1, Avg=9127.55, 90=3, 99=18, 99.9=2336767, 99.99=2336767] [UPDATE: Count=512, Max=543231, Min=5212, Avg=80020.67, 90=365567, 99=530943, 99.9=541183, 99.99=543231] [READ-FAILED: Count=0, Max=0, Min=9223372036854775807, Avg=NaN, 90=0, 99=0, 99.9=0, 99.99=0] 
[OVERALL], RunTime(ms), 302753
[OVERALL], Throughput(ops/sec), 6303.51474634438
[TOTAL_GCS_G1_Young_Generation], Count, 28
[TOTAL_GC_TIME_G1_Young_Generation], Time(ms), 338
[TOTAL_GC_TIME_%_G1_Young_Generation], Time(%), 0.11164216374404216
[TOTAL_GCS_G1_Old_Generation], Count, 0
[TOTAL_GC_TIME_G1_Old_Generation], Time(ms), 0
[TOTAL_GC_TIME_%_G1_Old_Generation], Time(%), 0.0
[TOTAL_GCs], Count, 28
[TOTAL_GC_TIME], Time(ms), 338
[TOTAL_GC_TIME_%], Time(%), 0.11164216374404216
[READ], Operations, 954139
[READ], AverageLatency(us), 44857.162197541445
[READ], MinLatency(us), 3160
[READ], MaxLatency(us), 3008511
[READ], 95thPercentileLatency(us), 107007
[READ], 99thPercentileLatency(us), 204927
[READ], Return=OK, 954139
[READ], Return=ERROR, 6
[UPDATE-FAILED], Operations, 11
[UPDATE-FAILED], AverageLatency(us), 2280960.0
[UPDATE-FAILED], MinLatency(us), 2038784
[UPDATE-FAILED], MaxLatency(us), 2633727
[UPDATE-FAILED], 95thPercentileLatency(us), 2588671
[UPDATE-FAILED], 99thPercentileLatency(us), 2633727
[CLEANUP], Operations, 256
[CLEANUP], AverageLatency(us), 9127.546875
[CLEANUP], MinLatency(us), 1
[CLEANUP], MaxLatency(us), 2336767
[CLEANUP], 95thPercentileLatency(us), 3
[CLEANUP], 99thPercentileLatency(us), 18
[UPDATE], Operations, 954252
[UPDATE], AverageLatency(us), 34920.68966688045
[UPDATE], MinLatency(us), 2898
[UPDATE], MaxLatency(us), 2646015
[UPDATE], 95thPercentileLatency(us), 75839
[UPDATE], 99thPercentileLatency(us), 127999
[UPDATE], Return=OK, 954252
[UPDATE], Return=ERROR, 11
[READ-FAILED], Operations, 6
[READ-FAILED], AverageLatency(us), 4149760.0
[READ-FAILED], MinLatency(us), 3627008
[READ-FAILED], MaxLatency(us), 4456447
[READ-FAILED], 95thPercentileLatency(us), 4456447
[READ-FAILED], 99thPercentileLatency(us), 4456447
