/opt/java/openjdk/bin/java  -classpath /usr/src/ycsb/conf:/usr/src/ycsb/lib/HdrHistogram-2.1.4.jar:/usr/src/ycsb/lib/core-0.18.0-SNAPSHOT.jar:/usr/src/ycsb/lib/htrace-core4-4.1.0-incubating.jar:/usr/src/ycsb/lib/jackson-core-asl-1.9.4.jar:/usr/src/ycsb/lib/jackson-mapper-asl-1.9.4.jar:/usr/src/ycsb/lib/postgresql-42.2.16.jar:/usr/src/ycsb/cassandra-binding/lib/cassandra-binding-0.18.0-SNAPSHOT.jar:/usr/src/ycsb/cassandra-binding/lib/cassandra-driver-core-3.0.0.jar:/usr/src/ycsb/cassandra-binding/lib/guava-16.0.1.jar:/usr/src/ycsb/cassandra-binding/lib/metrics-core-3.1.2.jar:/usr/src/ycsb/cassandra-binding/lib/netty-buffer-4.0.33.Final.jar:/usr/src/ycsb/cassandra-binding/lib/netty-codec-4.0.33.Final.jar:/usr/src/ycsb/cassandra-binding/lib/netty-common-4.0.33.Final.jar:/usr/src/ycsb/cassandra-binding/lib/netty-handler-4.0.33.Final.jar:/usr/src/ycsb/cassandra-binding/lib/netty-transport-4.0.33.Final.jar:/usr/src/ycsb/cassandra-binding/lib/slf4j-api-1.7.25.jar site.ycsb.Client -t -db site.ycsb.db.CassandraCQLClient -P workloads/workloadf -p operationcount=10000000 -p hosts=10.0.1.57,10.0.1.54,10.0.1.59,10.0.1.42,10.0.1.39,10.0.1.36,10.0.1.34,10.0.1.50,10.0.1.46,10.0.1.27,10.0.1.25,10.0.1.23,10.0.1.21,10.0.1.18,10.0.1.15,10.0.1.11,10.0.1.30,10.0.1.7,10.0.1.5,10.0.1.3 -p maxexecutiontime=300 -threads 128 -p cassandra.readconsistencylevel=QUORUM -p cassandra.writeconsistencylevel=QUORUM -s
Command line: -t -db site.ycsb.db.CassandraCQLClient -P workloads/workloadf -p operationcount=10000000 -p hosts=10.0.1.57,10.0.1.54,10.0.1.59,10.0.1.42,10.0.1.39,10.0.1.36,10.0.1.34,10.0.1.50,10.0.1.46,10.0.1.27,10.0.1.25,10.0.1.23,10.0.1.21,10.0.1.18,10.0.1.15,10.0.1.11,10.0.1.30,10.0.1.7,10.0.1.5,10.0.1.3 -p maxexecutiontime=300 -threads 128 -p cassandra.readconsistencylevel=QUORUM -p cassandra.writeconsistencylevel=QUORUM -s
YCSB Client 0.18.0-SNAPSHOT

Loading workload...
Starting test.
SLF4J: Failed to load class "org.slf4j.impl.StaticLoggerBinder".
SLF4J: Defaulting to no-operation (NOP) logger implementation
SLF4J: See http://www.slf4j.org/codes.html#StaticLoggerBinder for further details.
Maximum execution time specified as: 300 secs
2020-09-09 11:09:17:525 0 sec: 0 operations; est completion in 0 second 
WARNING: An illegal reflective access operation has occurred
WARNING: Illegal reflective access by io.netty.util.internal.PlatformDependent0 (file:/usr/src/ycsb/cassandra-binding/lib/netty-common-4.0.33.Final.jar) to field java.nio.Buffer.address
WARNING: Please consider reporting this to the maintainers of io.netty.util.internal.PlatformDependent0
WARNING: Use --illegal-access=warn to enable warnings of further illegal reflective access operations
WARNING: All illegal access operations will be denied in a future release
Sep 09, 2020 11:09:17 AM io.netty.util.internal.PlatformDependent <clinit>
INFO: Your platform does not provide complete low-level API for accessing direct buffers reliably. Unless explicitly requested, heap buffer will always be preferred to avoid potential system unstability.
DBWrapper: report latency for each error is false and specific error codes to track for latency are: []
DBWrapper: report latency for each error is false and specific error codes to track for latency are: []
DBWrapper: report latency for each error is false and specific error codes to track for latency are: []
DBWrapper: report latency for each error is false and specific error codes to track for latency are: []
DBWrapper: report latency for each error is false and specific error codes to track for latency are: []
DBWrapper: report latency for each error is false and specific error codes to track for latency are: []
DBWrapper: report latency for each error is false and specific error codes to track for latency are: []
DBWrapper: report latency for each error is false and specific error codes to track for latency are: []
DBWrapper: report latency for each error is false and specific error codes to track for latency are: []
DBWrapper: report latency for each error is false and specific error codes to track for latency are: []
DBWrapper: report latency for each error is false and specific error codes to track for latency are: []
DBWrapper: report latency for each error is false and specific error codes to track for latency are: []
DBWrapper: report latency for each error is false and specific error codes to track for latency are: []
DBWrapper: report latency for each error is false and specific error codes to track for latency are: []
DBWrapper: report latency for each error is false and specific error codes to track for latency are: []
DBWrapper: report latency for each error is false and specific error codes to track for latency are: []
DBWrapper: report latency for each error is false and specific error codes to track for latency are: []
DBWrapper: report latency for each error is false and specific error codes to track for latency are: []
DBWrapper: report latency for each error is false and specific error codes to track for latency are: []
DBWrapper: report latency for each error is false and specific error codes to track for latency are: []
DBWrapper: report latency for each error is false and specific error codes to track for latency are: []
DBWrapper: report latency for each error is false and specific error codes to track for latency are: []
DBWrapper: report latency for each error is false and specific error codes to track for latency are: []
DBWrapper: report latency for each error is false and specific error codes to track for latency are: []
DBWrapper: report latency for each error is false and specific error codes to track for latency are: []
DBWrapper: report latency for each error is false and specific error codes to track for latency are: []
DBWrapper: report latency for each error is false and specific error codes to track for latency are: []
DBWrapper: report latency for each error is false and specific error codes to track for latency are: []
DBWrapper: report latency for each error is false and specific error codes to track for latency are: []
DBWrapper: report latency for each error is false and specific error codes to track for latency are: []
DBWrapper: report latency for each error is false and specific error codes to track for latency are: []
DBWrapper: report latency for each error is false and specific error codes to track for latency are: []
DBWrapper: report latency for each error is false and specific error codes to track for latency are: []
DBWrapper: report latency for each error is false and specific error codes to track for latency are: []
DBWrapper: report latency for each error is false and specific error codes to track for latency are: []
DBWrapper: report latency for each error is false and specific error codes to track for latency are: []
DBWrapper: report latency for each error is false and specific error codes to track for latency are: []
DBWrapper: report latency for each error is false and specific error codes to track for latency are: []
DBWrapper: report latency for each error is false and specific error codes to track for latency are: []
DBWrapper: report latency for each error is false and specific error codes to track for latency are: []
DBWrapper: report latency for each error is false and specific error codes to track for latency are: []
DBWrapper: report latency for each error is false and specific error codes to track for latency are: []
DBWrapper: report latency for each error is false and specific error codes to track for latency are: []
DBWrapper: report latency for each error is false and specific error codes to track for latency are: []
DBWrapper: report latency for each error is false and specific error codes to track for latency are: []
DBWrapper: report latency for each error is false and specific error codes to track for latency are: []
DBWrapper: report latency for each error is false and specific error codes to track for latency are: []
DBWrapper: report latency for each error is false and specific error codes to track for latency are: []
DBWrapper: report latency for each error is false and specific error codes to track for latency are: []
DBWrapper: report latency for each error is false and specific error codes to track for latency are: []
DBWrapper: report latency for each error is false and specific error codes to track for latency are: []
DBWrapper: report latency for each error is false and specific error codes to track for latency are: []
DBWrapper: report latency for each error is false and specific error codes to track for latency are: []
DBWrapper: report latency for each error is false and specific error codes to track for latency are: []
DBWrapper: report latency for each error is false and specific error codes to track for latency are: []
DBWrapper: report latency for each error is false and specific error codes to track for latency are: []
DBWrapper: report latency for each error is false and specific error codes to track for latency are: []
DBWrapper: report latency for each error is false and specific error codes to track for latency are: []
DBWrapper: report latency for each error is false and specific error codes to track for latency are: []
DBWrapper: report latency for each error is false and specific error codes to track for latency are: []
DBWrapper: report latency for each error is false and specific error codes to track for latency are: []
DBWrapper: report latency for each error is false and specific error codes to track for latency are: []
DBWrapper: report latency for each error is false and specific error codes to track for latency are: []
DBWrapper: report latency for each error is false and specific error codes to track for latency are: []
DBWrapper: report latency for each error is false and specific error codes to track for latency are: []
DBWrapper: report latency for each error is false and specific error codes to track for latency are: []
DBWrapper: report latency for each error is false and specific error codes to track for latency are: []
DBWrapper: report latency for each error is false and specific error codes to track for latency are: []
DBWrapper: report latency for each error is false and specific error codes to track for latency are: []
DBWrapper: report latency for each error is false and specific error codes to track for latency are: []
DBWrapper: report latency for each error is false and specific error codes to track for latency are: []
DBWrapper: report latency for each error is false and specific error codes to track for latency are: []
DBWrapper: report latency for each error is false and specific error codes to track for latency are: []
DBWrapper: report latency for each error is false and specific error codes to track for latency are: []
DBWrapper: report latency for each error is false and specific error codes to track for latency are: []
DBWrapper: report latency for each error is false and specific error codes to track for latency are: []
DBWrapper: report latency for each error is false and specific error codes to track for latency are: []
DBWrapper: report latency for each error is false and specific error codes to track for latency are: []
DBWrapper: report latency for each error is false and specific error codes to track for latency are: []
DBWrapper: report latency for each error is false and specific error codes to track for latency are: []
DBWrapper: report latency for each error is false and specific error codes to track for latency are: []
DBWrapper: report latency for each error is false and specific error codes to track for latency are: []
DBWrapper: report latency for each error is false and specific error codes to track for latency are: []
DBWrapper: report latency for each error is false and specific error codes to track for latency are: []
DBWrapper: report latency for each error is false and specific error codes to track for latency are: []
DBWrapper: report latency for each error is false and specific error codes to track for latency are: []
DBWrapper: report latency for each error is false and specific error codes to track for latency are: []
DBWrapper: report latency for each error is false and specific error codes to track for latency are: []
DBWrapper: report latency for each error is false and specific error codes to track for latency are: []
DBWrapper: report latency for each error is false and specific error codes to track for latency are: []
DBWrapper: report latency for each error is false and specific error codes to track for latency are: []
DBWrapper: report latency for each error is false and specific error codes to track for latency are: []
DBWrapper: report latency for each error is false and specific error codes to track for latency are: []
DBWrapper: report latency for each error is false and specific error codes to track for latency are: []
DBWrapper: report latency for each error is false and specific error codes to track for latency are: []
DBWrapper: report latency for each error is false and specific error codes to track for latency are: []
DBWrapper: report latency for each error is false and specific error codes to track for latency are: []
DBWrapper: report latency for each error is false and specific error codes to track for latency are: []
DBWrapper: report latency for each error is false and specific error codes to track for latency are: []
DBWrapper: report latency for each error is false and specific error codes to track for latency are: []
DBWrapper: report latency for each error is false and specific error codes to track for latency are: []
DBWrapper: report latency for each error is false and specific error codes to track for latency are: []
DBWrapper: report latency for each error is false and specific error codes to track for latency are: []
DBWrapper: report latency for each error is false and specific error codes to track for latency are: []
DBWrapper: report latency for each error is false and specific error codes to track for latency are: []
DBWrapper: report latency for each error is false and specific error codes to track for latency are: []
DBWrapper: report latency for each error is false and specific error codes to track for latency are: []
DBWrapper: report latency for each error is false and specific error codes to track for latency are: []
DBWrapper: report latency for each error is false and specific error codes to track for latency are: []
DBWrapper: report latency for each error is false and specific error codes to track for latency are: []
DBWrapper: report latency for each error is false and specific error codes to track for latency are: []
DBWrapper: report latency for each error is false and specific error codes to track for latency are: []
DBWrapper: report latency for each error is false and specific error codes to track for latency are: []
DBWrapper: report latency for each error is false and specific error codes to track for latency are: []
DBWrapper: report latency for each error is false and specific error codes to track for latency are: []
DBWrapper: report latency for each error is false and specific error codes to track for latency are: []
DBWrapper: report latency for each error is false and specific error codes to track for latency are: []
DBWrapper: report latency for each error is false and specific error codes to track for latency are: []
DBWrapper: report latency for each error is false and specific error codes to track for latency are: []
DBWrapper: report latency for each error is false and specific error codes to track for latency are: []
DBWrapper: report latency for each error is false and specific error codes to track for latency are: []
DBWrapper: report latency for each error is false and specific error codes to track for latency are: []
DBWrapper: report latency for each error is false and specific error codes to track for latency are: []
DBWrapper: report latency for each error is false and specific error codes to track for latency are: []
DBWrapper: report latency for each error is false and specific error codes to track for latency are: []
DBWrapper: report latency for each error is false and specific error codes to track for latency are: []
DBWrapper: report latency for each error is false and specific error codes to track for latency are: []
DBWrapper: report latency for each error is false and specific error codes to track for latency are: []
2020-09-09 11:09:27:281 10 sec: 19527 operations; 1952.5 current ops/sec; est completion in 1 hour 25 minutes [READ: Count=19580, Max=1418239, Min=3152, Avg=34998.37, 90=39967, 99=644095, 99.9=1355775, 99.99=1415167] [READ-MODIFY-WRITE: Count=9745, Max=1437695, Min=7848, Avg=63352.92, 90=70463, 99=1081343, 99.9=1407999, 99.99=1435647] [UPDATE: Count=9778, Max=1415167, Min=3058, Avg=28751.67, 90=34591, 99=286975, 99.9=1349631, 99.99=1412095] 
2020-09-09 11:09:37:281 20 sec: 58344 operations; 3882.09 current ops/sec; est completion in 56 minutes [READ: Count=38795, Max=557567, Min=3606, Avg=23039.04, 90=33119, 99=63039, 99.9=439807, 99.99=537599] [READ-MODIFY-WRITE: Count=19500, Max=573439, Min=9032, Avg=42773.48, 90=56447, 99=103679, 99.9=504319, 99.99=565247] [UPDATE: Count=19472, Max=552447, Min=3464, Avg=19382.75, 90=26863, 99=49247, 99.9=299007, 99.99=518655] 
2020-09-09 11:09:47:281 30 sec: 99578 operations; 4123.4 current ops/sec; est completion in 49 minutes [READ: Count=41237, Max=409087, Min=4868, Avg=21839.55, 90=31519, 99=56511, 99.9=104767, 99.99=337151] [READ-MODIFY-WRITE: Count=20523, Max=461567, Min=12712, Avg=40598.41, 90=54303, 99=85247, 99.9=168319, 99.99=426239] [UPDATE: Count=20530, Max=198143, Min=4408, Avg=18697.79, 90=25839, 99=44063, 99.9=64895, 99.99=195199] 
2020-09-09 11:09:57:281 40 sec: 140376 operations; 4079.8 current ops/sec; est completion in 46 minutes [READ: Count=40797, Max=183295, Min=4160, Avg=21951.14, 90=32175, 99=58431, 99.9=92863, 99.99=164863] [READ-MODIFY-WRITE: Count=20317, Max=207359, Min=11048, Avg=40819.32, 90=55391, 99=86655, 99.9=134783, 99.99=197119] [UPDATE: Count=20313, Max=177791, Min=5316, Avg=18814.22, 90=26143, 99=44767, 99.9=70207, 99.99=169087] 
2020-09-09 11:10:07:281 50 sec: 178777 operations; 3840.1 current ops/sec; est completion in 45 minutes [READ: Count=38408, Max=468479, Min=4708, Avg=23570.08, 90=35615, 99=79999, 99.9=299007, 99.99=454911] [READ-MODIFY-WRITE: Count=19225, Max=516607, Min=11208, Avg=42962.48, 90=59743, 99=126015, 99.9=381183, 99.99=491775] [UPDATE: Count=19220, Max=468991, Min=4272, Avg=19558.09, 90=27615, 99=60639, 99.9=243839, 99.99=444415] 
2020-09-09 11:10:17:281 60 sec: 218547 operations; 3977 current ops/sec; est completion in 44 minutes [READ: Count=39772, Max=509695, Min=4700, Avg=22592.25, 90=33471, 99=64543, 99.9=264447, 99.99=494335] [READ-MODIFY-WRITE: Count=19902, Max=570879, Min=9560, Avg=41691.43, 90=56831, 99=96895, 99.9=361471, 99.99=518911] [UPDATE: Count=19905, Max=526335, Min=4236, Avg=19136.61, 90=26767, 99=51199, 99.9=179839, 99.99=471551] 
2020-09-09 11:10:27:281 70 sec: 257173 operations; 3862.6 current ops/sec; est completion in 44 minutes [READ: Count=38626, Max=584191, Min=4276, Avg=23412.63, 90=34783, 99=67007, 99.9=412927, 99.99=547327] [READ-MODIFY-WRITE: Count=19329, Max=600575, Min=10152, Avg=42844.4, 90=58975, 99=103871, 99.9=466175, 99.99=575487] [UPDATE: Count=19330, Max=567295, Min=4532, Avg=19438.36, 90=27439, 99=52671, 99.9=218239, 99.99=546303] 
2020-09-09 11:10:37:281 80 sec: 296442 operations; 3926.9 current ops/sec; est completion in 43 minutes [READ: Count=39266, Max=415999, Min=4576, Avg=22981.13, 90=33215, 99=70527, 99.9=314367, 99.99=406015] [READ-MODIFY-WRITE: Count=19601, Max=441599, Min=11192, Avg=42122.75, 90=56031, 99=113407, 99.9=364287, 99.99=430847] [UPDATE: Count=19602, Max=375807, Min=4328, Avg=19258.13, 90=26527, 99=51999, 99.9=243071, 99.99=353791] 
2020-09-09 11:10:47:281 90 sec: 335531 operations; 3908.9 current ops/sec; est completion in 43 minutes [READ: Count=39099, Max=424959, Min=4676, Avg=23070.48, 90=33535, 99=72063, 99.9=262015, 99.99=406271] [READ-MODIFY-WRITE: Count=19733, Max=446207, Min=11984, Avg=42148.44, 90=57119, 99=112575, 99.9=332799, 99.99=439551] [UPDATE: Count=19733, Max=393215, Min=4564, Avg=19129.99, 90=26495, 99=51039, 99.9=197887, 99.99=351743] 
2020-09-09 11:10:57:281 100 sec: 376768 operations; 4123.7 current ops/sec; est completion in 42 minutes [READ: Count=41227, Max=142463, Min=5012, Avg=21736.8, 90=31327, 99=54431, 99.9=88255, 99.99=118975] [READ-MODIFY-WRITE: Count=20440, Max=160895, Min=13208, Avg=40468.67, 90=53983, 99=80703, 99.9=119103, 99.99=144255] [UPDATE: Count=20437, Max=87807, Min=5244, Avg=18748.45, 90=25983, 99=42879, 99.9=63071, 99.99=86591] 
2020-09-09 11:11:07:281 110 sec: 412414 operations; 3564.6 current ops/sec; est completion in 42 minutes [READ: Count=35648, Max=1761279, Min=3240, Avg=25383.8, 90=32895, 99=62975, 99.9=1482751, 99.99=1660927] [READ-MODIFY-WRITE: Count=17899, Max=1729535, Min=7760, Avg=45679.33, 90=56063, 99=97087, 99.9=1576959, 99.99=1712127] [UPDATE: Count=17895, Max=1687551, Min=3430, Avg=20947.59, 90=26591, 99=49311, 99.9=1267711, 99.99=1665023] 
2020-09-09 11:11:17:281 120 sec: 452626 operations; 4021.2 current ops/sec; est completion in 42 minutes [READ: Count=40215, Max=277247, Min=5072, Avg=22311.87, 90=32335, 99=59807, 99.9=172159, 99.99=256511] [READ-MODIFY-WRITE: Count=20187, Max=334079, Min=12152, Avg=41345.83, 90=55295, 99=89023, 99.9=234751, 99.99=292607] [UPDATE: Count=20191, Max=266751, Min=4288, Avg=18954.13, 90=26143, 99=44159, 99.9=107839, 99.99=241407] 
2020-09-09 11:11:27:281 130 sec: 490965 operations; 3833.9 current ops/sec; est completion in 41 minutes [READ: Count=38336, Max=726527, Min=3846, Avg=23530.46, 90=32927, 99=70655, 99.9=621055, 99.99=718847] [READ-MODIFY-WRITE: Count=19034, Max=768511, Min=9616, Avg=42901.1, 90=56255, 99=113087, 99.9=666623, 99.99=753663] [UPDATE: Count=19037, Max=725503, Min=4488, Avg=19817.86, 90=26671, 99=54111, 99.9=536063, 99.99=687103] 
2020-09-09 11:11:37:281 140 sec: 532083 operations; 4111.8 current ops/sec; est completion in 41 minutes [READ: Count=41122, Max=220799, Min=4992, Avg=21741.6, 90=31775, 99=55807, 99.9=87807, 99.99=202623] [READ-MODIFY-WRITE: Count=20603, Max=238591, Min=12864, Avg=40458.67, 90=54559, 99=84159, 99.9=125503, 99.99=230911] [UPDATE: Count=20601, Max=209407, Min=4556, Avg=18709.73, 90=25983, 99=45887, 99.9=74943, 99.99=179455] 
2020-09-09 11:11:47:281 150 sec: 572406 operations; 4031.9 current ops/sec; est completion in 41 minutes [READ: Count=40315, Max=346111, Min=4030, Avg=22140.93, 90=32495, 99=61727, 99.9=117695, 99.99=327935] [READ-MODIFY-WRITE: Count=20006, Max=377599, Min=11936, Avg=40810.77, 90=55039, 99=88639, 99.9=233087, 99.99=359423] [UPDATE: Count=20003, Max=344575, Min=4736, Avg=18709.13, 90=25951, 99=45375, 99.9=85503, 99.99=330495] 
2020-09-09 11:11:57:281 160 sec: 611723 operations; 3932.09 current ops/sec; est completion in 40 minutes [READ: Count=39324, Max=474111, Min=4528, Avg=23089.28, 90=33055, 99=74367, 99.9=365055, 99.99=462079] [READ-MODIFY-WRITE: Count=19772, Max=502527, Min=11336, Avg=42458.54, 90=56287, 99=129151, 99.9=429055, 99.99=484351] [UPDATE: Count=19776, Max=458751, Min=4804, Avg=19449.34, 90=26287, 99=52639, 99.9=303359, 99.99=453631] 
2020-09-09 11:12:07:281 170 sec: 648706 operations; 3698.3 current ops/sec; est completion in 40 minutes [READ: Count=36974, Max=582143, Min=3564, Avg=24500.31, 90=34367, 99=84287, 99.9=515839, 99.99=544255] [READ-MODIFY-WRITE: Count=18580, Max=599039, Min=8752, Avg=44559.16, 90=57695, 99=232575, 99.9=556543, 99.99=574975] [UPDATE: Count=18576, Max=555007, Min=3694, Avg=19958.75, 90=26735, 99=53183, 99.9=498431, 99.99=545791] 
2020-09-09 11:12:17:281 180 sec: 688428 operations; 3972.2 current ops/sec; est completion in 40 minutes [READ: Count=39721, Max=269567, Min=4656, Avg=22658.06, 90=33055, 99=65791, 99.9=207871, 99.99=246399] [READ-MODIFY-WRITE: Count=19994, Max=269055, Min=9888, Avg=41732.42, 90=56575, 99=99967, 99.9=236671, 99.99=256895] [UPDATE: Count=19998, Max=228095, Min=4656, Avg=19116.04, 90=26591, 99=50239, 99.9=162815, 99.99=225407] 
2020-09-09 11:12:27:281 190 sec: 728770 operations; 4034.2 current ops/sec; est completion in 40 minutes [READ: Count=40347, Max=544767, Min=5016, Avg=22271.41, 90=32927, 99=60863, 99.9=105791, 99.99=525311] [READ-MODIFY-WRITE: Count=20150, Max=585727, Min=10272, Avg=41279.93, 90=56159, 99=88639, 99.9=173183, 99.99=539647] [UPDATE: Count=20148, Max=530431, Min=4180, Avg=18935.67, 90=26559, 99=46495, 99.9=81663, 99.99=387071] 
2020-09-09 11:12:37:281 200 sec: 770112 operations; 4134.2 current ops/sec; est completion in 39 minutes [READ: Count=41348, Max=121215, Min=4384, Avg=21616.45, 90=31119, 99=52639, 99.9=78399, 99.99=99839] [READ-MODIFY-WRITE: Count=20726, Max=140159, Min=12184, Avg=40166.93, 90=53471, 99=78399, 99.9=104959, 99.99=129535] [UPDATE: Count=20724, Max=92031, Min=4244, Avg=18617.14, 90=25551, 99=41631, 99.9=62367, 99.99=86719] 
2020-09-09 11:12:47:281 210 sec: 805831 operations; 3571.9 current ops/sec; est completion in 39 minutes [READ: Count=35701, Max=1587199, Min=3818, Avg=25091.26, 90=33215, 99=69503, 99.9=1380351, 99.99=1566719] [READ-MODIFY-WRITE: Count=17741, Max=1631231, Min=7396, Avg=47114.13, 90=57087, 99=115583, 99.9=1510399, 99.99=1593343] [UPDATE: Count=17741, Max=1592319, Min=3490, Avg=21624.02, 90=26783, 99=52095, 99.9=1315839, 99.99=1573887] 
2020-09-09 11:12:57:303 220 sec: 843093 operations; 3717.65 current ops/sec; est completion in 39 minutes [READ: Count=37298, Max=781311, Min=3670, Avg=24301.85, 90=33727, 99=79743, 99.9=495871, 99.99=676351] [READ-MODIFY-WRITE: Count=18664, Max=741887, Min=8416, Avg=44036.21, 90=57855, 99=172415, 99.9=543743, 99.99=716287] [UPDATE: Count=18665, Max=551423, Min=3792, Avg=19748.83, 90=26991, 99=50847, 99.9=388863, 99.99=529407] 
2020-09-09 11:13:07:281 230 sec: 882858 operations; 3985.67 current ops/sec; est completion in 39 minutes [READ: Count=39738, Max=559103, Min=4512, Avg=22731.14, 90=32959, 99=65311, 99.9=273919, 99.99=502271] [READ-MODIFY-WRITE: Count=19851, Max=562175, Min=12336, Avg=42152.83, 90=56479, 99=97471, 99.9=399871, 99.99=548351] [UPDATE: Count=19852, Max=462847, Min=4532, Avg=19188.88, 90=26847, 99=49439, 99.9=144255, 99.99=455167] 
2020-09-09 11:13:17:281 240 sec: 919748 operations; 3689 current ops/sec; est completion in 39 minutes [READ: Count=36876, Max=1070079, Min=3770, Avg=24407.21, 90=33983, 99=78335, 99.9=825855, 99.99=1041919] [READ-MODIFY-WRITE: Count=18637, Max=1082367, Min=7844, Avg=44781.67, 90=57567, 99=146687, 99.9=962047, 99.99=1051647] [UPDATE: Count=18637, Max=1021951, Min=2952, Avg=20380.56, 90=26991, 99=55583, 99.9=806399, 99.99=1002495] 
2020-09-09 11:13:27:281 250 sec: 959270 operations; 3952.2 current ops/sec; est completion in 39 minutes [READ: Count=39541, Max=373247, Min=4852, Avg=22782.24, 90=33503, 99=71871, 99.9=207743, 99.99=365311] [READ-MODIFY-WRITE: Count=19757, Max=402687, Min=11440, Avg=42019.21, 90=56895, 99=107071, 99.9=269823, 99.99=384255] [UPDATE: Count=19760, Max=383487, Min=4072, Avg=19179.32, 90=26799, 99=50655, 99.9=187263, 99.99=353791] 
2020-09-09 11:13:37:281 260 sec: 999470 operations; 4020 current ops/sec; est completion in 39 minutes [READ: Count=40201, Max=270079, Min=4160, Avg=22374.19, 90=32703, 99=63711, 99.9=200575, 99.99=254719] [READ-MODIFY-WRITE: Count=20035, Max=303615, Min=12152, Avg=41348.74, 90=55679, 99=90879, 99.9=251519, 99.99=288511] [UPDATE: Count=20027, Max=271871, Min=4632, Avg=18957.05, 90=26367, 99=45599, 99.9=137343, 99.99=267775] 
2020-09-09 11:13:47:281 270 sec: 1039881 operations; 4041.1 current ops/sec; est completion in 38 minutes [READ: Count=40401, Max=258943, Min=4376, Avg=22175.6, 90=32719, 99=58719, 99.9=103487, 99.99=237695] [READ-MODIFY-WRITE: Count=20240, Max=280319, Min=13096, Avg=41154.35, 90=55743, 99=87487, 99.9=147455, 99.99=270079] [UPDATE: Count=20249, Max=239359, Min=5528, Avg=18987.05, 90=26799, 99=46303, 99.9=77503, 99.99=234495] 
2020-09-09 11:13:57:281 280 sec: 1080719 operations; 4083.8 current ops/sec; est completion in 38 minutes [READ: Count=40842, Max=142207, Min=3606, Avg=21964.56, 90=32287, 99=56639, 99.9=87167, 99.99=119807] [READ-MODIFY-WRITE: Count=20312, Max=166399, Min=12312, Avg=40760.59, 90=55327, 99=84415, 99.9=112959, 99.99=127935] [UPDATE: Count=20313, Max=94143, Min=4812, Avg=18824.77, 90=26271, 99=46559, 99.9=67583, 99.99=85311] 
2020-09-09 11:14:07:281 290 sec: 1120366 operations; 3964.7 current ops/sec; est completion in 38 minutes [READ: Count=39646, Max=535551, Min=3916, Avg=22795.69, 90=32863, 99=65215, 99.9=310271, 99.99=490751] [READ-MODIFY-WRITE: Count=19669, Max=556543, Min=9312, Avg=41832.02, 90=55999, 99=93311, 99.9=372223, 99.99=532991] [UPDATE: Count=19666, Max=511999, Min=4640, Avg=19105.95, 90=26543, 99=47391, 99.9=187007, 99.99=425215] 
2020-09-09 11:14:17:281 300 sec: 1159937 operations; 3957.1 current ops/sec; est completion in 38 minutes [READ: Count=39578, Max=447999, Min=4404, Avg=22780.93, 90=33855, 99=65919, 99.9=198655, 99.99=426751] [READ-MODIFY-WRITE: Count=19659, Max=458495, Min=11288, Avg=41869.05, 90=57791, 99=97279, 99.9=263423, 99.99=450303] [UPDATE: Count=19659, Max=435455, Min=4944, Avg=19199.98, 90=27023, 99=51199, 99.9=131071, 99.99=417279] 
Maximum time elapsed. Requesting stop for the workload.
Stop requested for workload. Now Joining!
Still waiting for thread Thread-119 to complete. Workload status: true
2020-09-09 11:14:19:788 302 sec: 1160598 operations; 263.66 current ops/sec; est completion in 38 minutes [READ: Count=619, Max=77695, Min=8368, Avg=21745.57, 90=29471, 99=57311, 99.9=74559, 99.99=77695] [READ-MODIFY-WRITE: Count=352, Max=147583, Min=22560, Avg=40423.25, 90=52191, 99=87359, 99.9=147583, 99.99=147583] [CLEANUP: Count=128, Max=2342911, Min=1, Avg=18298.08, 90=3, 99=14, 99.9=2342911, 99.99=2342911] [UPDATE: Count=345, Max=72319, Min=6116, Avg=18442.83, 90=23919, 99=56639, 99.9=72319, 99.99=72319] 
[OVERALL], RunTime(ms), 302503
[OVERALL], Throughput(ops/sec), 3836.6495538887216
[TOTAL_GCS_G1_Young_Generation], Count, 58
[TOTAL_GC_TIME_G1_Young_Generation], Time(ms), 417
[TOTAL_GC_TIME_%_G1_Young_Generation], Time(%), 0.13784987256324732
[TOTAL_GCS_G1_Old_Generation], Count, 0
[TOTAL_GC_TIME_G1_Old_Generation], Time(ms), 0
[TOTAL_GC_TIME_%_G1_Old_Generation], Time(%), 0.0
[TOTAL_GCs], Count, 58
[TOTAL_GC_TIME], Time(ms), 417
[TOTAL_GC_TIME_%], Time(%), 0.13784987256324732
[READ], Operations, 1160598
[READ], AverageLatency(us), 23090.403159405756
[READ], MinLatency(us), 3152
[READ], MaxLatency(us), 1761279
[READ], 95thPercentileLatency(us), 40959
[READ], 99thPercentileLatency(us), 65439
[READ], Return=OK, 1160598
[READ-MODIFY-WRITE], Operations, 580183
[READ-MODIFY-WRITE], AverageLatency(us), 42531.501305622536
[READ-MODIFY-WRITE], MinLatency(us), 7396
[READ-MODIFY-WRITE], MaxLatency(us), 1729535
[READ-MODIFY-WRITE], 95thPercentileLatency(us), 66175
[READ-MODIFY-WRITE], 99thPercentileLatency(us), 99007
[CLEANUP], Operations, 128
[CLEANUP], AverageLatency(us), 18298.078125
[CLEANUP], MinLatency(us), 1
[CLEANUP], MaxLatency(us), 2342911
[CLEANUP], 95thPercentileLatency(us), 5
[CLEANUP], 99thPercentileLatency(us), 14
[UPDATE], Operations, 580183
[UPDATE], AverageLatency(us), 19464.347369709212
[UPDATE], MinLatency(us), 2952
[UPDATE], MaxLatency(us), 1687551
[UPDATE], 95thPercentileLatency(us), 31727
[UPDATE], 99thPercentileLatency(us), 49631
[UPDATE], Return=OK, 580183
