/opt/java/openjdk/bin/java  -classpath /usr/src/ycsb/conf:/usr/src/ycsb/lib/HdrHistogram-2.1.4.jar:/usr/src/ycsb/lib/core-0.18.0-SNAPSHOT.jar:/usr/src/ycsb/lib/htrace-core4-4.1.0-incubating.jar:/usr/src/ycsb/lib/jackson-core-asl-1.9.4.jar:/usr/src/ycsb/lib/jackson-mapper-asl-1.9.4.jar:/usr/src/ycsb/lib/postgresql-42.2.16.jar:/usr/src/ycsb/cassandra-binding/lib/cassandra-binding-0.18.0-SNAPSHOT.jar:/usr/src/ycsb/cassandra-binding/lib/cassandra-driver-core-3.0.0.jar:/usr/src/ycsb/cassandra-binding/lib/guava-16.0.1.jar:/usr/src/ycsb/cassandra-binding/lib/metrics-core-3.1.2.jar:/usr/src/ycsb/cassandra-binding/lib/netty-buffer-4.0.33.Final.jar:/usr/src/ycsb/cassandra-binding/lib/netty-codec-4.0.33.Final.jar:/usr/src/ycsb/cassandra-binding/lib/netty-common-4.0.33.Final.jar:/usr/src/ycsb/cassandra-binding/lib/netty-handler-4.0.33.Final.jar:/usr/src/ycsb/cassandra-binding/lib/netty-transport-4.0.33.Final.jar:/usr/src/ycsb/cassandra-binding/lib/slf4j-api-1.7.25.jar site.ycsb.Client -t -db site.ycsb.db.CassandraCQLClient -P workloads/workloadb -p operationcount=10000000 -p hosts=10.0.13.55,10.0.13.56,10.0.13.44,10.0.13.41,10.0.13.39,10.0.13.52,10.0.13.48,10.0.13.32,10.0.13.30,10.0.13.28,10.0.13.24,10.0.13.22,10.0.13.27,10.0.13.35,10.0.13.13,10.0.13.17,10.0.13.9,10.0.13.7,10.0.13.5,10.0.13.3 -p maxexecutiontime=300 -threads 128 -p cassandra.readconsistencylevel=QUORUM -p cassandra.writeconsistencylevel=QUORUM -s
Command line: -t -db site.ycsb.db.CassandraCQLClient -P workloads/workloadb -p operationcount=10000000 -p hosts=10.0.13.55,10.0.13.56,10.0.13.44,10.0.13.41,10.0.13.39,10.0.13.52,10.0.13.48,10.0.13.32,10.0.13.30,10.0.13.28,10.0.13.24,10.0.13.22,10.0.13.27,10.0.13.35,10.0.13.13,10.0.13.17,10.0.13.9,10.0.13.7,10.0.13.5,10.0.13.3 -p maxexecutiontime=300 -threads 128 -p cassandra.readconsistencylevel=QUORUM -p cassandra.writeconsistencylevel=QUORUM -s
YCSB Client 0.18.0-SNAPSHOT

Loading workload...
Starting test.
SLF4J: Failed to load class "org.slf4j.impl.StaticLoggerBinder".
SLF4J: Defaulting to no-operation (NOP) logger implementation
SLF4J: See http://www.slf4j.org/codes.html#StaticLoggerBinder for further details.
Maximum execution time specified as: 300 secs
2020-09-07 16:30:01:447 0 sec: 0 operations; est completion in 0 second 
WARNING: An illegal reflective access operation has occurred
WARNING: Illegal reflective access by io.netty.util.internal.PlatformDependent0 (file:/usr/src/ycsb/cassandra-binding/lib/netty-common-4.0.33.Final.jar) to field java.nio.Buffer.address
WARNING: Please consider reporting this to the maintainers of io.netty.util.internal.PlatformDependent0
WARNING: Use --illegal-access=warn to enable warnings of further illegal reflective access operations
WARNING: All illegal access operations will be denied in a future release
Sep 07, 2020 4:30:01 PM io.netty.util.internal.PlatformDependent <clinit>
INFO: Your platform does not provide complete low-level API for accessing direct buffers reliably. Unless explicitly requested, heap buffer will always be preferred to avoid potential system unstability.
DBWrapper: report latency for each error is false and specific error codes to track for latency are: []
DBWrapper: report latency for each error is false and specific error codes to track for latency are: []
DBWrapper: report latency for each error is false and specific error codes to track for latency are: []
DBWrapper: report latency for each error is false and specific error codes to track for latency are: []
DBWrapper: report latency for each error is false and specific error codes to track for latency are: []
DBWrapper: report latency for each error is false and specific error codes to track for latency are: []
DBWrapper: report latency for each error is false and specific error codes to track for latency are: []
DBWrapper: report latency for each error is false and specific error codes to track for latency are: []
DBWrapper: report latency for each error is false and specific error codes to track for latency are: []
DBWrapper: report latency for each error is false and specific error codes to track for latency are: []
DBWrapper: report latency for each error is false and specific error codes to track for latency are: []
DBWrapper: report latency for each error is false and specific error codes to track for latency are: []
DBWrapper: report latency for each error is false and specific error codes to track for latency are: []
DBWrapper: report latency for each error is false and specific error codes to track for latency are: []
DBWrapper: report latency for each error is false and specific error codes to track for latency are: []
DBWrapper: report latency for each error is false and specific error codes to track for latency are: []
DBWrapper: report latency for each error is false and specific error codes to track for latency are: []
DBWrapper: report latency for each error is false and specific error codes to track for latency are: []
DBWrapper: report latency for each error is false and specific error codes to track for latency are: []
DBWrapper: report latency for each error is false and specific error codes to track for latency are: []
DBWrapper: report latency for each error is false and specific error codes to track for latency are: []
DBWrapper: report latency for each error is false and specific error codes to track for latency are: []
DBWrapper: report latency for each error is false and specific error codes to track for latency are: []
DBWrapper: report latency for each error is false and specific error codes to track for latency are: []
DBWrapper: report latency for each error is false and specific error codes to track for latency are: []
DBWrapper: report latency for each error is false and specific error codes to track for latency are: []
DBWrapper: report latency for each error is false and specific error codes to track for latency are: []
DBWrapper: report latency for each error is false and specific error codes to track for latency are: []
DBWrapper: report latency for each error is false and specific error codes to track for latency are: []
DBWrapper: report latency for each error is false and specific error codes to track for latency are: []
DBWrapper: report latency for each error is false and specific error codes to track for latency are: []
DBWrapper: report latency for each error is false and specific error codes to track for latency are: []
DBWrapper: report latency for each error is false and specific error codes to track for latency are: []
DBWrapper: report latency for each error is false and specific error codes to track for latency are: []
DBWrapper: report latency for each error is false and specific error codes to track for latency are: []
DBWrapper: report latency for each error is false and specific error codes to track for latency are: []
DBWrapper: report latency for each error is false and specific error codes to track for latency are: []
DBWrapper: report latency for each error is false and specific error codes to track for latency are: []
DBWrapper: report latency for each error is false and specific error codes to track for latency are: []
DBWrapper: report latency for each error is false and specific error codes to track for latency are: []
DBWrapper: report latency for each error is false and specific error codes to track for latency are: []
DBWrapper: report latency for each error is false and specific error codes to track for latency are: []
DBWrapper: report latency for each error is false and specific error codes to track for latency are: []
DBWrapper: report latency for each error is false and specific error codes to track for latency are: []
DBWrapper: report latency for each error is false and specific error codes to track for latency are: []
DBWrapper: report latency for each error is false and specific error codes to track for latency are: []
DBWrapper: report latency for each error is false and specific error codes to track for latency are: []
DBWrapper: report latency for each error is false and specific error codes to track for latency are: []
DBWrapper: report latency for each error is false and specific error codes to track for latency are: []
DBWrapper: report latency for each error is false and specific error codes to track for latency are: []
DBWrapper: report latency for each error is false and specific error codes to track for latency are: []
DBWrapper: report latency for each error is false and specific error codes to track for latency are: []
DBWrapper: report latency for each error is false and specific error codes to track for latency are: []
DBWrapper: report latency for each error is false and specific error codes to track for latency are: []
DBWrapper: report latency for each error is false and specific error codes to track for latency are: []
DBWrapper: report latency for each error is false and specific error codes to track for latency are: []
DBWrapper: report latency for each error is false and specific error codes to track for latency are: []
DBWrapper: report latency for each error is false and specific error codes to track for latency are: []
DBWrapper: report latency for each error is false and specific error codes to track for latency are: []
DBWrapper: report latency for each error is false and specific error codes to track for latency are: []
DBWrapper: report latency for each error is false and specific error codes to track for latency are: []
DBWrapper: report latency for each error is false and specific error codes to track for latency are: []
DBWrapper: report latency for each error is false and specific error codes to track for latency are: []
DBWrapper: report latency for each error is false and specific error codes to track for latency are: []
DBWrapper: report latency for each error is false and specific error codes to track for latency are: []
DBWrapper: report latency for each error is false and specific error codes to track for latency are: []
DBWrapper: report latency for each error is false and specific error codes to track for latency are: []
DBWrapper: report latency for each error is false and specific error codes to track for latency are: []
DBWrapper: report latency for each error is false and specific error codes to track for latency are: []
DBWrapper: report latency for each error is false and specific error codes to track for latency are: []
DBWrapper: report latency for each error is false and specific error codes to track for latency are: []
DBWrapper: report latency for each error is false and specific error codes to track for latency are: []
DBWrapper: report latency for each error is false and specific error codes to track for latency are: []
DBWrapper: report latency for each error is false and specific error codes to track for latency are: []
DBWrapper: report latency for each error is false and specific error codes to track for latency are: []
DBWrapper: report latency for each error is false and specific error codes to track for latency are: []
DBWrapper: report latency for each error is false and specific error codes to track for latency are: []
DBWrapper: report latency for each error is false and specific error codes to track for latency are: []
DBWrapper: report latency for each error is false and specific error codes to track for latency are: []
DBWrapper: report latency for each error is false and specific error codes to track for latency are: []
DBWrapper: report latency for each error is false and specific error codes to track for latency are: []
DBWrapper: report latency for each error is false and specific error codes to track for latency are: []
DBWrapper: report latency for each error is false and specific error codes to track for latency are: []
DBWrapper: report latency for each error is false and specific error codes to track for latency are: []
DBWrapper: report latency for each error is false and specific error codes to track for latency are: []
DBWrapper: report latency for each error is false and specific error codes to track for latency are: []
DBWrapper: report latency for each error is false and specific error codes to track for latency are: []
DBWrapper: report latency for each error is false and specific error codes to track for latency are: []
DBWrapper: report latency for each error is false and specific error codes to track for latency are: []
DBWrapper: report latency for each error is false and specific error codes to track for latency are: []
DBWrapper: report latency for each error is false and specific error codes to track for latency are: []
DBWrapper: report latency for each error is false and specific error codes to track for latency are: []
DBWrapper: report latency for each error is false and specific error codes to track for latency are: []
DBWrapper: report latency for each error is false and specific error codes to track for latency are: []
DBWrapper: report latency for each error is false and specific error codes to track for latency are: []
DBWrapper: report latency for each error is false and specific error codes to track for latency are: []
DBWrapper: report latency for each error is false and specific error codes to track for latency are: []
DBWrapper: report latency for each error is false and specific error codes to track for latency are: []
DBWrapper: report latency for each error is false and specific error codes to track for latency are: []
DBWrapper: report latency for each error is false and specific error codes to track for latency are: []
DBWrapper: report latency for each error is false and specific error codes to track for latency are: []
DBWrapper: report latency for each error is false and specific error codes to track for latency are: []
DBWrapper: report latency for each error is false and specific error codes to track for latency are: []
DBWrapper: report latency for each error is false and specific error codes to track for latency are: []
DBWrapper: report latency for each error is false and specific error codes to track for latency are: []
DBWrapper: report latency for each error is false and specific error codes to track for latency are: []
DBWrapper: report latency for each error is false and specific error codes to track for latency are: []
DBWrapper: report latency for each error is false and specific error codes to track for latency are: []
DBWrapper: report latency for each error is false and specific error codes to track for latency are: []
DBWrapper: report latency for each error is false and specific error codes to track for latency are: []
DBWrapper: report latency for each error is false and specific error codes to track for latency are: []
DBWrapper: report latency for each error is false and specific error codes to track for latency are: []
DBWrapper: report latency for each error is false and specific error codes to track for latency are: []
DBWrapper: report latency for each error is false and specific error codes to track for latency are: []
DBWrapper: report latency for each error is false and specific error codes to track for latency are: []
DBWrapper: report latency for each error is false and specific error codes to track for latency are: []
DBWrapper: report latency for each error is false and specific error codes to track for latency are: []
DBWrapper: report latency for each error is false and specific error codes to track for latency are: []
DBWrapper: report latency for each error is false and specific error codes to track for latency are: []
DBWrapper: report latency for each error is false and specific error codes to track for latency are: []
DBWrapper: report latency for each error is false and specific error codes to track for latency are: []
DBWrapper: report latency for each error is false and specific error codes to track for latency are: []
DBWrapper: report latency for each error is false and specific error codes to track for latency are: []
DBWrapper: report latency for each error is false and specific error codes to track for latency are: []
DBWrapper: report latency for each error is false and specific error codes to track for latency are: []
DBWrapper: report latency for each error is false and specific error codes to track for latency are: []
DBWrapper: report latency for each error is false and specific error codes to track for latency are: []
DBWrapper: report latency for each error is false and specific error codes to track for latency are: []
2020-09-07 16:30:11:069 10 sec: 32218 operations; 3221.48 current ops/sec; est completion in 51 minutes [READ: Count=30510, Max=775167, Min=3470, Avg=28808.51, 90=42399, 99=113919, 99.9=612351, 99.99=765951] [UPDATE: Count=1728, Max=760319, Min=5184, Avg=28428.95, 90=42335, 99=209663, 99.9=579071, 99.99=760319] 
2020-09-07 16:30:21:069 20 sec: 95990 operations; 6377.84 current ops/sec; est completion in 34 minutes [READ: Count=60574, Max=115775, Min=4644, Avg=20180.98, 90=29247, 99=48671, 99.9=76543, 99.99=98431] [UPDATE: Count=3185, Max=61503, Min=5760, Avg=17852.15, 90=25279, 99=42719, 99.9=57535, 99.99=61503] 
2020-09-07 16:30:31:069 30 sec: 162445 operations; 6645.5 current ops/sec; est completion in 30 minutes [READ: Count=63179, Max=170751, Min=4716, Avg=19348.25, 90=27023, 99=42687, 99.9=72511, 99.99=146559] [UPDATE: Count=3276, Max=131455, Min=5472, Avg=17531.74, 90=23999, 99=37631, 99.9=83711, 99.99=131455] 
2020-09-07 16:30:41:069 40 sec: 222656 operations; 6021.1 current ops/sec; est completion in 29 minutes [READ: Count=57176, Max=556031, Min=3606, Avg=21311.74, 90=28031, 99=53599, 99.9=506623, 99.99=525823] [UPDATE: Count=3035, Max=513791, Min=3942, Avg=20114.38, 90=24047, 99=55839, 99.9=508159, 99.99=513791] 
2020-09-07 16:30:51:069 50 sec: 287731 operations; 6507.5 current ops/sec; est completion in 28 minutes [READ: Count=61831, Max=214527, Min=3464, Avg=19761.67, 90=27663, 99=46815, 99.9=130751, 99.99=196479] [UPDATE: Count=3244, Max=179839, Min=6172, Avg=17676.45, 90=23871, 99=39423, 99.9=133375, 99.99=179839] 
2020-09-07 16:31:01:069 60 sec: 354037 operations; 6630.6 current ops/sec; est completion in 27 minutes [READ: Count=62993, Max=152319, Min=4516, Avg=19389.86, 90=26975, 99=43327, 99.9=69823, 99.99=144895] [UPDATE: Count=3316, Max=141439, Min=5112, Avg=17604.54, 90=23983, 99=40991, 99.9=77247, 99.99=141439] 
2020-09-07 16:31:11:069 70 sec: 416409 operations; 6237.2 current ops/sec; est completion in 26 minutes [READ: Count=59270, Max=538623, Min=3818, Avg=20639.53, 90=26975, 99=46047, 99.9=490495, 99.99=525823] [UPDATE: Count=3100, Max=529919, Min=4320, Avg=18002.44, 90=23599, 99=39583, 99.9=438783, 99.99=529919] 
2020-09-07 16:31:21:069 80 sec: 481659 operations; 6525 current ops/sec; est completion in 26 minutes [READ: Count=62023, Max=193151, Min=4512, Avg=19725.08, 90=27711, 99=48063, 99.9=129151, 99.99=164095] [UPDATE: Count=3226, Max=119935, Min=5520, Avg=17522.56, 90=24287, 99=38815, 99.9=81919, 99.99=119935] 
2020-09-07 16:31:31:069 90 sec: 548291 operations; 6663.2 current ops/sec; est completion in 25 minutes [READ: Count=63236, Max=101375, Min=4432, Avg=19295.43, 90=26943, 99=41759, 99.9=62687, 99.99=84287] [UPDATE: Count=3393, Max=59327, Min=6404, Avg=17497.02, 90=24335, 99=35007, 99.9=49695, 99.99=59327] 
2020-09-07 16:31:41:069 100 sec: 612579 operations; 6428.8 current ops/sec; est completion in 25 minutes [READ: Count=61163, Max=231423, Min=4592, Avg=20014.94, 90=28175, 99=50367, 99.9=178175, 99.99=216063] [UPDATE: Count=3132, Max=206719, Min=6068, Avg=17767.66, 90=24591, 99=42751, 99.9=69375, 99.99=206719] 
2020-09-07 16:31:51:069 110 sec: 678569 operations; 6599 current ops/sec; est completion in 25 minutes [READ: Count=62705, Max=204543, Min=3120, Avg=19481.19, 90=27215, 99=43583, 99.9=67519, 99.99=168831] [UPDATE: Count=3280, Max=123711, Min=5544, Avg=17582.55, 90=24207, 99=39135, 99.9=73791, 99.99=123711] 
2020-09-07 16:32:01:069 120 sec: 744540 operations; 6597.1 current ops/sec; est completion in 24 minutes [READ: Count=62584, Max=149119, Min=4692, Avg=19494.47, 90=27327, 99=43519, 99.9=66623, 99.99=138751] [UPDATE: Count=3389, Max=131199, Min=5588, Avg=17655.25, 90=24175, 99=37151, 99.9=64671, 99.99=131199] 
2020-09-07 16:32:11:069 130 sec: 810486 operations; 6594.6 current ops/sec; est completion in 24 minutes [READ: Count=62636, Max=155775, Min=4420, Avg=19509.38, 90=27183, 99=43679, 99.9=64031, 99.99=132351] [UPDATE: Count=3313, Max=118655, Min=5164, Avg=17429.68, 90=23583, 99=35391, 99.9=47391, 99.99=118655] 
2020-09-07 16:32:21:069 140 sec: 873217 operations; 6273.1 current ops/sec; est completion in 24 minutes [READ: Count=59576, Max=530943, Min=3830, Avg=20463.29, 90=27631, 99=49759, 99.9=478463, 99.99=518399] [UPDATE: Count=3145, Max=514303, Min=3490, Avg=19162.98, 90=24271, 99=49439, 99.9=485887, 99.99=514303] 
2020-09-07 16:32:31:069 150 sec: 937327 operations; 6411 current ops/sec; est completion in 24 minutes [READ: Count=60811, Max=549887, Min=2758, Avg=20057.48, 90=27663, 99=49087, 99.9=330751, 99.99=519167] [UPDATE: Count=3305, Max=515839, Min=4000, Avg=18083.27, 90=24431, 99=43007, 99.9=219519, 99.99=515839] 
2020-09-07 16:32:41:069 160 sec: 1002798 operations; 6547.1 current ops/sec; est completion in 23 minutes [READ: Count=62296, Max=189311, Min=4892, Avg=19641.94, 90=27487, 99=47807, 99.9=125567, 99.99=178303] [UPDATE: Count=3174, Max=155903, Min=4936, Avg=17684.12, 90=24047, 99=41599, 99.9=115519, 99.99=155903] 
2020-09-07 16:32:51:069 170 sec: 1064476 operations; 6167.8 current ops/sec; est completion in 23 minutes [READ: Count=58608, Max=528383, Min=3572, Avg=20837.38, 90=27279, 99=48319, 99.9=505599, 99.99=524287] [UPDATE: Count=3069, Max=517887, Min=4628, Avg=19099.4, 90=23935, 99=38655, 99.9=506879, 99.99=517887] 
2020-09-07 16:33:01:069 180 sec: 1128523 operations; 6404.7 current ops/sec; est completion in 23 minutes [READ: Count=60815, Max=532479, Min=3232, Avg=20078.66, 90=26975, 99=42207, 99.9=447999, 99.99=522751] [UPDATE: Count=3235, Max=307711, Min=4352, Avg=18032.26, 90=24415, 99=38911, 99.9=64639, 99.99=307711] 
2020-09-07 16:33:11:069 190 sec: 1194345 operations; 6582.2 current ops/sec; est completion in 23 minutes [READ: Count=62429, Max=172927, Min=5076, Avg=19526.46, 90=27279, 99=43103, 99.9=66367, 99.99=159615] [UPDATE: Count=3387, Max=82047, Min=4164, Avg=17839.26, 90=24543, 99=40063, 99.9=52319, 99.99=82047] 
2020-09-07 16:33:21:069 200 sec: 1257763 operations; 6341.8 current ops/sec; est completion in 23 minutes [READ: Count=60139, Max=555007, Min=3842, Avg=20270.26, 90=27343, 99=46975, 99.9=440831, 99.99=528383] [UPDATE: Count=3281, Max=534527, Min=4136, Avg=18494.49, 90=23759, 99=42911, 99.9=470271, 99.99=534527] 
2020-09-07 16:33:31:073 210 sec: 1322183 operations; 6439.42 current ops/sec; est completion in 22 minutes [READ: Count=61250, Max=216319, Min=4516, Avg=19738.19, 90=27599, 99=48735, 99.9=132351, 99.99=205311] [UPDATE: Count=3167, Max=210943, Min=4760, Avg=17835.98, 90=23935, 99=46463, 99.9=144511, 99.99=210943] 
2020-09-07 16:33:41:069 220 sec: 1386485 operations; 6432.77 current ops/sec; est completion in 22 minutes [READ: Count=61120, Max=546815, Min=3128, Avg=20158.69, 90=27311, 99=46047, 99.9=424703, 99.99=524799] [UPDATE: Count=3183, Max=513023, Min=3556, Avg=18437.54, 90=23679, 99=40767, 99.9=455935, 99.99=513023] 
2020-09-07 16:33:51:069 230 sec: 1452667 operations; 6618.2 current ops/sec; est completion in 22 minutes [READ: Count=63008, Max=177919, Min=4604, Avg=19462.33, 90=27263, 99=43167, 99.9=65247, 99.99=163967] [UPDATE: Count=3179, Max=167423, Min=5636, Avg=17721.05, 90=24591, 99=40159, 99.9=57535, 99.99=167423] 
2020-09-07 16:34:01:069 240 sec: 1514160 operations; 6148.69 current ops/sec; est completion in 22 minutes [READ: Count=58457, Max=550911, Min=3602, Avg=20945.71, 90=27535, 99=53375, 99.9=503295, 99.99=530943] [UPDATE: Count=3045, Max=513791, Min=4720, Avg=18237.58, 90=23823, 99=45183, 99.9=411135, 99.99=513791] 
2020-09-07 16:34:11:069 250 sec: 1578465 operations; 6431.14 current ops/sec; est completion in 22 minutes [READ: Count=61045, Max=208383, Min=4924, Avg=20009.74, 90=28431, 99=51615, 99.9=149119, 99.99=176255] [UPDATE: Count=3247, Max=170239, Min=6024, Avg=17762.15, 90=24511, 99=47807, 99.9=145151, 99.99=170239] 
2020-09-07 16:34:21:069 260 sec: 1643870 operations; 6540.5 current ops/sec; est completion in 22 minutes [READ: Count=62150, Max=245887, Min=4612, Avg=19667.58, 90=27551, 99=46399, 99.9=134015, 99.99=216447] [UPDATE: Count=3262, Max=196351, Min=5840, Avg=17694.45, 90=24287, 99=38687, 99.9=108095, 99.99=196351] 
2020-09-07 16:34:31:069 270 sec: 1709679 operations; 6580.9 current ops/sec; est completion in 21 minutes [READ: Count=62532, Max=86591, Min=4028, Avg=19545.28, 90=27567, 99=43871, 99.9=61599, 99.99=76991] [UPDATE: Count=3277, Max=73407, Min=5196, Avg=17446.98, 90=23615, 99=35775, 99.9=57119, 99.99=73407] 
2020-09-07 16:34:41:069 280 sec: 1776040 operations; 6636.1 current ops/sec; est completion in 21 minutes [READ: Count=63037, Max=101055, Min=4344, Avg=19385.29, 90=27327, 99=43583, 99.9=61279, 99.99=78079] [UPDATE: Count=3322, Max=64287, Min=6392, Avg=17419.85, 90=23919, 99=38591, 99.9=58559, 99.99=64287] 
2020-09-07 16:34:51:069 290 sec: 1842071 operations; 6603.1 current ops/sec; est completion in 21 minutes [READ: Count=62537, Max=155007, Min=4544, Avg=19487.53, 90=27567, 99=44927, 99.9=67583, 99.99=143999] [UPDATE: Count=3493, Max=95231, Min=4804, Avg=17435.13, 90=24015, 99=40351, 99.9=58111, 99.99=95231] 
2020-09-07 16:35:01:070 300 sec: 1905379 operations; 6330.17 current ops/sec; est completion in 21 minutes [READ: Count=60229, Max=557567, Min=3528, Avg=20310.28, 90=27599, 99=50047, 99.9=449791, 99.99=531455] [UPDATE: Count=3076, Max=516863, Min=4300, Avg=18343.75, 90=24015, 99=43999, 99.9=448511, 99.99=516863] 
Maximum time elapsed. Requesting stop for the workload.
Stop requested for workload. Now Joining!
Still waiting for thread Thread-51 to complete. Workload status: true
2020-09-07 16:35:03:582 302 sec: 1906323 operations; 375.65 current ops/sec; est completion in 21 minutes [READ: Count=898, Max=56767, Min=6412, Avg=20705.16, 90=31999, 99=43103, 99.9=50655, 99.99=56767] [CLEANUP: Count=128, Max=2355199, Min=1, Avg=18393.4, 90=2, 99=13, 99.9=2355199, 99.99=2355199] [UPDATE: Count=42, Max=40607, Min=9360, Avg=18324.57, 90=26015, 99=40607, 99.9=40607, 99.99=40607] 
[OVERALL], RunTime(ms), 302511
[OVERALL], Throughput(ops/sec), 6301.665063419181
[TOTAL_GCS_G1_Young_Generation], Count, 41
[TOTAL_GC_TIME_G1_Young_Generation], Time(ms), 371
[TOTAL_GC_TIME_%_G1_Young_Generation], Time(%), 0.12264016845668423
[TOTAL_GCS_G1_Old_Generation], Count, 0
[TOTAL_GC_TIME_G1_Old_Generation], Time(ms), 0
[TOTAL_GC_TIME_%_G1_Old_Generation], Time(%), 0.0
[TOTAL_GCs], Count, 41
[TOTAL_GC_TIME], Time(ms), 371
[TOTAL_GC_TIME_%], Time(%), 0.12264016845668423
[READ], Operations, 1810817
[READ], AverageLatency(us), 20059.149516488967
[READ], MinLatency(us), 2758
[READ], MaxLatency(us), 775167
[READ], 95thPercentileLatency(us), 32543
[READ], 99thPercentileLatency(us), 47519
[READ], Return=OK, 1810817
[CLEANUP], Operations, 128
[CLEANUP], AverageLatency(us), 18393.3984375
[CLEANUP], MinLatency(us), 1
[CLEANUP], MaxLatency(us), 2355199
[CLEANUP], 95thPercentileLatency(us), 2
[CLEANUP], 99thPercentileLatency(us), 13
[UPDATE], Operations, 95506
[UPDATE], AverageLatency(us), 18140.978367851236
[UPDATE], MinLatency(us), 3490
[UPDATE], MaxLatency(us), 760319
[UPDATE], 95thPercentileLatency(us), 28303
[UPDATE], 99thPercentileLatency(us), 42751
[UPDATE], Return=OK, 95506
