/opt/java/openjdk/bin/java  -classpath /usr/src/ycsb/conf:/usr/src/ycsb/lib/HdrHistogram-2.1.4.jar:/usr/src/ycsb/lib/core-0.18.0-SNAPSHOT.jar:/usr/src/ycsb/lib/htrace-core4-4.1.0-incubating.jar:/usr/src/ycsb/lib/jackson-core-asl-1.9.4.jar:/usr/src/ycsb/lib/jackson-mapper-asl-1.9.4.jar:/usr/src/ycsb/lib/postgresql-42.2.16.jar:/usr/src/ycsb/cassandra-binding/lib/cassandra-binding-0.18.0-SNAPSHOT.jar:/usr/src/ycsb/cassandra-binding/lib/cassandra-driver-core-3.0.0.jar:/usr/src/ycsb/cassandra-binding/lib/guava-16.0.1.jar:/usr/src/ycsb/cassandra-binding/lib/metrics-core-3.1.2.jar:/usr/src/ycsb/cassandra-binding/lib/netty-buffer-4.0.33.Final.jar:/usr/src/ycsb/cassandra-binding/lib/netty-codec-4.0.33.Final.jar:/usr/src/ycsb/cassandra-binding/lib/netty-common-4.0.33.Final.jar:/usr/src/ycsb/cassandra-binding/lib/netty-handler-4.0.33.Final.jar:/usr/src/ycsb/cassandra-binding/lib/netty-transport-4.0.33.Final.jar:/usr/src/ycsb/cassandra-binding/lib/slf4j-api-1.7.25.jar site.ycsb.Client -t -db site.ycsb.db.CassandraCQLClient -P workloads/workloadf -p operationcount=10000000 -p hosts=10.0.1.57,10.0.1.54,10.0.1.59,10.0.1.42,10.0.1.39,10.0.1.36,10.0.1.34,10.0.1.50,10.0.1.46,10.0.1.27,10.0.1.25,10.0.1.23,10.0.1.21,10.0.1.18,10.0.1.15,10.0.1.11,10.0.1.30,10.0.1.7,10.0.1.5,10.0.1.3 -p maxexecutiontime=300 -threads 128 -p cassandra.readconsistencylevel=QUORUM -p cassandra.writeconsistencylevel=QUORUM -s
Command line: -t -db site.ycsb.db.CassandraCQLClient -P workloads/workloadf -p operationcount=10000000 -p hosts=10.0.1.57,10.0.1.54,10.0.1.59,10.0.1.42,10.0.1.39,10.0.1.36,10.0.1.34,10.0.1.50,10.0.1.46,10.0.1.27,10.0.1.25,10.0.1.23,10.0.1.21,10.0.1.18,10.0.1.15,10.0.1.11,10.0.1.30,10.0.1.7,10.0.1.5,10.0.1.3 -p maxexecutiontime=300 -threads 128 -p cassandra.readconsistencylevel=QUORUM -p cassandra.writeconsistencylevel=QUORUM -s
YCSB Client 0.18.0-SNAPSHOT

Loading workload...
Starting test.
SLF4J: Failed to load class "org.slf4j.impl.StaticLoggerBinder".
SLF4J: Defaulting to no-operation (NOP) logger implementation
SLF4J: See http://www.slf4j.org/codes.html#StaticLoggerBinder for further details.
Maximum execution time specified as: 300 secs
2020-09-09 11:14:20:590 0 sec: 0 operations; est completion in 0 second 
WARNING: An illegal reflective access operation has occurred
WARNING: Illegal reflective access by io.netty.util.internal.PlatformDependent0 (file:/usr/src/ycsb/cassandra-binding/lib/netty-common-4.0.33.Final.jar) to field java.nio.Buffer.address
WARNING: Please consider reporting this to the maintainers of io.netty.util.internal.PlatformDependent0
WARNING: Use --illegal-access=warn to enable warnings of further illegal reflective access operations
WARNING: All illegal access operations will be denied in a future release
Sep 09, 2020 11:14:20 AM io.netty.util.internal.PlatformDependent <clinit>
INFO: Your platform does not provide complete low-level API for accessing direct buffers reliably. Unless explicitly requested, heap buffer will always be preferred to avoid potential system unstability.
DBWrapper: report latency for each error is false and specific error codes to track for latency are: []
DBWrapper: report latency for each error is false and specific error codes to track for latency are: []
DBWrapper: report latency for each error is false and specific error codes to track for latency are: []
DBWrapper: report latency for each error is false and specific error codes to track for latency are: []
DBWrapper: report latency for each error is false and specific error codes to track for latency are: []
DBWrapper: report latency for each error is false and specific error codes to track for latency are: []
DBWrapper: report latency for each error is false and specific error codes to track for latency are: []
DBWrapper: report latency for each error is false and specific error codes to track for latency are: []
DBWrapper: report latency for each error is false and specific error codes to track for latency are: []
DBWrapper: report latency for each error is false and specific error codes to track for latency are: []
DBWrapper: report latency for each error is false and specific error codes to track for latency are: []
DBWrapper: report latency for each error is false and specific error codes to track for latency are: []
DBWrapper: report latency for each error is false and specific error codes to track for latency are: []
DBWrapper: report latency for each error is false and specific error codes to track for latency are: []
DBWrapper: report latency for each error is false and specific error codes to track for latency are: []
DBWrapper: report latency for each error is false and specific error codes to track for latency are: []
DBWrapper: report latency for each error is false and specific error codes to track for latency are: []
DBWrapper: report latency for each error is false and specific error codes to track for latency are: []
DBWrapper: report latency for each error is false and specific error codes to track for latency are: []
DBWrapper: report latency for each error is false and specific error codes to track for latency are: []
DBWrapper: report latency for each error is false and specific error codes to track for latency are: []
DBWrapper: report latency for each error is false and specific error codes to track for latency are: []
DBWrapper: report latency for each error is false and specific error codes to track for latency are: []
DBWrapper: report latency for each error is false and specific error codes to track for latency are: []
DBWrapper: report latency for each error is false and specific error codes to track for latency are: []
DBWrapper: report latency for each error is false and specific error codes to track for latency are: []
DBWrapper: report latency for each error is false and specific error codes to track for latency are: []
DBWrapper: report latency for each error is false and specific error codes to track for latency are: []
DBWrapper: report latency for each error is false and specific error codes to track for latency are: []
DBWrapper: report latency for each error is false and specific error codes to track for latency are: []
DBWrapper: report latency for each error is false and specific error codes to track for latency are: []
DBWrapper: report latency for each error is false and specific error codes to track for latency are: []
DBWrapper: report latency for each error is false and specific error codes to track for latency are: []
DBWrapper: report latency for each error is false and specific error codes to track for latency are: []
DBWrapper: report latency for each error is false and specific error codes to track for latency are: []
DBWrapper: report latency for each error is false and specific error codes to track for latency are: []
DBWrapper: report latency for each error is false and specific error codes to track for latency are: []
DBWrapper: report latency for each error is false and specific error codes to track for latency are: []
DBWrapper: report latency for each error is false and specific error codes to track for latency are: []
DBWrapper: report latency for each error is false and specific error codes to track for latency are: []
DBWrapper: report latency for each error is false and specific error codes to track for latency are: []
DBWrapper: report latency for each error is false and specific error codes to track for latency are: []
DBWrapper: report latency for each error is false and specific error codes to track for latency are: []
DBWrapper: report latency for each error is false and specific error codes to track for latency are: []
DBWrapper: report latency for each error is false and specific error codes to track for latency are: []
DBWrapper: report latency for each error is false and specific error codes to track for latency are: []
DBWrapper: report latency for each error is false and specific error codes to track for latency are: []
DBWrapper: report latency for each error is false and specific error codes to track for latency are: []
DBWrapper: report latency for each error is false and specific error codes to track for latency are: []
DBWrapper: report latency for each error is false and specific error codes to track for latency are: []
DBWrapper: report latency for each error is false and specific error codes to track for latency are: []
DBWrapper: report latency for each error is false and specific error codes to track for latency are: []
DBWrapper: report latency for each error is false and specific error codes to track for latency are: []
DBWrapper: report latency for each error is false and specific error codes to track for latency are: []
DBWrapper: report latency for each error is false and specific error codes to track for latency are: []
DBWrapper: report latency for each error is false and specific error codes to track for latency are: []
DBWrapper: report latency for each error is false and specific error codes to track for latency are: []
DBWrapper: report latency for each error is false and specific error codes to track for latency are: []
DBWrapper: report latency for each error is false and specific error codes to track for latency are: []
DBWrapper: report latency for each error is false and specific error codes to track for latency are: []
DBWrapper: report latency for each error is false and specific error codes to track for latency are: []
DBWrapper: report latency for each error is false and specific error codes to track for latency are: []
DBWrapper: report latency for each error is false and specific error codes to track for latency are: []
DBWrapper: report latency for each error is false and specific error codes to track for latency are: []
DBWrapper: report latency for each error is false and specific error codes to track for latency are: []
DBWrapper: report latency for each error is false and specific error codes to track for latency are: []
DBWrapper: report latency for each error is false and specific error codes to track for latency are: []
DBWrapper: report latency for each error is false and specific error codes to track for latency are: []
DBWrapper: report latency for each error is false and specific error codes to track for latency are: []
DBWrapper: report latency for each error is false and specific error codes to track for latency are: []
DBWrapper: report latency for each error is false and specific error codes to track for latency are: []
DBWrapper: report latency for each error is false and specific error codes to track for latency are: []
DBWrapper: report latency for each error is false and specific error codes to track for latency are: []
DBWrapper: report latency for each error is false and specific error codes to track for latency are: []
DBWrapper: report latency for each error is false and specific error codes to track for latency are: []
DBWrapper: report latency for each error is false and specific error codes to track for latency are: []
DBWrapper: report latency for each error is false and specific error codes to track for latency are: []
DBWrapper: report latency for each error is false and specific error codes to track for latency are: []
DBWrapper: report latency for each error is false and specific error codes to track for latency are: []
DBWrapper: report latency for each error is false and specific error codes to track for latency are: []
DBWrapper: report latency for each error is false and specific error codes to track for latency are: []
DBWrapper: report latency for each error is false and specific error codes to track for latency are: []
DBWrapper: report latency for each error is false and specific error codes to track for latency are: []
DBWrapper: report latency for each error is false and specific error codes to track for latency are: []
DBWrapper: report latency for each error is false and specific error codes to track for latency are: []
DBWrapper: report latency for each error is false and specific error codes to track for latency are: []
DBWrapper: report latency for each error is false and specific error codes to track for latency are: []
DBWrapper: report latency for each error is false and specific error codes to track for latency are: []
DBWrapper: report latency for each error is false and specific error codes to track for latency are: []
DBWrapper: report latency for each error is false and specific error codes to track for latency are: []
DBWrapper: report latency for each error is false and specific error codes to track for latency are: []
DBWrapper: report latency for each error is false and specific error codes to track for latency are: []
DBWrapper: report latency for each error is false and specific error codes to track for latency are: []
DBWrapper: report latency for each error is false and specific error codes to track for latency are: []
DBWrapper: report latency for each error is false and specific error codes to track for latency are: []
DBWrapper: report latency for each error is false and specific error codes to track for latency are: []
DBWrapper: report latency for each error is false and specific error codes to track for latency are: []
DBWrapper: report latency for each error is false and specific error codes to track for latency are: []
DBWrapper: report latency for each error is false and specific error codes to track for latency are: []
DBWrapper: report latency for each error is false and specific error codes to track for latency are: []
DBWrapper: report latency for each error is false and specific error codes to track for latency are: []
DBWrapper: report latency for each error is false and specific error codes to track for latency are: []
DBWrapper: report latency for each error is false and specific error codes to track for latency are: []
DBWrapper: report latency for each error is false and specific error codes to track for latency are: []
DBWrapper: report latency for each error is false and specific error codes to track for latency are: []
DBWrapper: report latency for each error is false and specific error codes to track for latency are: []
DBWrapper: report latency for each error is false and specific error codes to track for latency are: []
DBWrapper: report latency for each error is false and specific error codes to track for latency are: []
DBWrapper: report latency for each error is false and specific error codes to track for latency are: []
DBWrapper: report latency for each error is false and specific error codes to track for latency are: []
DBWrapper: report latency for each error is false and specific error codes to track for latency are: []
DBWrapper: report latency for each error is false and specific error codes to track for latency are: []
DBWrapper: report latency for each error is false and specific error codes to track for latency are: []
DBWrapper: report latency for each error is false and specific error codes to track for latency are: []
DBWrapper: report latency for each error is false and specific error codes to track for latency are: []
DBWrapper: report latency for each error is false and specific error codes to track for latency are: []
DBWrapper: report latency for each error is false and specific error codes to track for latency are: []
DBWrapper: report latency for each error is false and specific error codes to track for latency are: []
DBWrapper: report latency for each error is false and specific error codes to track for latency are: []
DBWrapper: report latency for each error is false and specific error codes to track for latency are: []
DBWrapper: report latency for each error is false and specific error codes to track for latency are: []
DBWrapper: report latency for each error is false and specific error codes to track for latency are: []
DBWrapper: report latency for each error is false and specific error codes to track for latency are: []
DBWrapper: report latency for each error is false and specific error codes to track for latency are: []
DBWrapper: report latency for each error is false and specific error codes to track for latency are: []
DBWrapper: report latency for each error is false and specific error codes to track for latency are: []
DBWrapper: report latency for each error is false and specific error codes to track for latency are: []
DBWrapper: report latency for each error is false and specific error codes to track for latency are: []
2020-09-09 11:14:30:255 10 sec: 22281 operations; 2228.1 current ops/sec; est completion in 1 hour 14 minutes [READ: Count=22349, Max=733695, Min=4844, Avg=30016.93, 90=41727, 99=169855, 99.9=583679, 99.99=664063] [READ-MODIFY-WRITE: Count=11186, Max=945663, Min=12816, Avg=55388.12, 90=72703, 99=288767, 99.9=906239, 99.99=940543] [UPDATE: Count=11203, Max=653311, Min=4836, Avg=25161.12, 90=35199, 99=169471, 99.9=489215, 99.99=645631] 
2020-09-09 11:14:40:255 20 sec: 62635 operations; 4035.4 current ops/sec; est completion in 52 minutes [READ: Count=40327, Max=369151, Min=4912, Avg=22258.63, 90=33055, 99=58527, 99.9=106623, 99.99=308991] [READ-MODIFY-WRITE: Count=20023, Max=379647, Min=12832, Avg=41205.53, 90=55999, 99=86335, 99.9=237439, 99.99=361727] [UPDATE: Count=20039, Max=345087, Min=3826, Avg=18982.12, 90=26687, 99=44831, 99.9=81535, 99.99=336127] 
2020-09-09 11:14:50:255 30 sec: 102217 operations; 3958.2 current ops/sec; est completion in 48 minutes [READ: Count=39575, Max=530943, Min=4536, Avg=22628.1, 90=32703, 99=66879, 99.9=279807, 99.99=514815] [READ-MODIFY-WRITE: Count=19965, Max=555007, Min=10648, Avg=41742.84, 90=55807, 99=102591, 99.9=424191, 99.99=544255] [UPDATE: Count=19949, Max=537087, Min=4312, Avg=19218.21, 90=26511, 99=49055, 99.9=229119, 99.99=505599] 
2020-09-09 11:15:00:254 40 sec: 141606 operations; 3938.9 current ops/sec; est completion in 46 minutes [READ: Count=39402, Max=576511, Min=4164, Avg=22886.02, 90=32895, 99=65279, 99.9=430079, 99.99=545791] [READ-MODIFY-WRITE: Count=19542, Max=612863, Min=9560, Avg=42236.45, 90=56191, 99=100991, 99.9=513535, 99.99=566783] [UPDATE: Count=19547, Max=548863, Min=4176, Avg=19336.16, 90=26447, 99=48255, 99.9=408319, 99.99=524031] 
2020-09-09 11:15:10:254 50 sec: 179149 operations; 3754.3 current ops/sec; est completion in 45 minutes [READ: Count=37538, Max=588287, Min=3848, Avg=24161.22, 90=35263, 99=82047, 99.9=468991, 99.99=572415] [READ-MODIFY-WRITE: Count=18729, Max=610303, Min=9856, Avg=43951.02, 90=59775, 99=167551, 99.9=528895, 99.99=605183] [UPDATE: Count=18724, Max=574463, Min=3784, Avg=19907.35, 90=27439, 99=56959, 99.9=427263, 99.99=532991] 
2020-09-09 11:15:20:255 60 sec: 217608 operations; 3845.9 current ops/sec; est completion in 44 minutes [READ: Count=38465, Max=544767, Min=4384, Avg=23600.07, 90=33407, 99=70911, 99.9=475903, 99.99=526335] [READ-MODIFY-WRITE: Count=19197, Max=563711, Min=8352, Avg=42875.57, 90=56575, 99=110207, 99.9=506623, 99.99=552447] [UPDATE: Count=19200, Max=537087, Min=3746, Avg=19331.65, 90=26511, 99=49087, 99.9=391423, 99.99=508415] 
2020-09-09 11:15:30:254 70 sec: 257110 operations; 3950.2 current ops/sec; est completion in 44 minutes [READ: Count=39502, Max=542207, Min=3394, Avg=22905.06, 90=32591, 99=69951, 99.9=370175, 99.99=521983] [READ-MODIFY-WRITE: Count=19631, Max=561151, Min=8076, Avg=41983.38, 90=55487, 99=108863, 99.9=486911, 99.99=556031] [UPDATE: Count=19625, Max=546303, Min=3726, Avg=19132.4, 90=26143, 99=48671, 99.9=278271, 99.99=497407] 
2020-09-09 11:15:40:255 80 sec: 296027 operations; 3891.7 current ops/sec; est completion in 43 minutes [READ: Count=38907, Max=631295, Min=3994, Avg=23112.97, 90=32623, 99=65983, 99.9=488447, 99.99=606207] [READ-MODIFY-WRITE: Count=19531, Max=684031, Min=10040, Avg=42577.78, 90=55839, 99=106879, 99.9=556031, 99.99=627199] [UPDATE: Count=19520, Max=594943, Min=4120, Avg=19444.79, 90=26303, 99=48831, 99.9=428543, 99.99=591359] 
2020-09-09 11:15:50:255 90 sec: 337505 operations; 4147.8 current ops/sec; est completion in 42 minutes [READ: Count=41477, Max=118847, Min=5308, Avg=21526.57, 90=31135, 99=53567, 99.9=81663, 99.99=103039] [READ-MODIFY-WRITE: Count=20812, Max=150655, Min=12272, Avg=40068.2, 90=52991, 99=80319, 99.9=108287, 99.99=135423] [UPDATE: Count=20819, Max=96703, Min=5224, Avg=18604.68, 90=25631, 99=42687, 99.9=63135, 99.99=83775] 
2020-09-09 11:16:00:255 100 sec: 377461 operations; 3995.6 current ops/sec; est completion in 42 minutes [READ: Count=39956, Max=494335, Min=4332, Avg=22489.06, 90=32895, 99=66239, 99.9=227839, 99.99=486143] [READ-MODIFY-WRITE: Count=20007, Max=535551, Min=12728, Avg=41473.45, 90=56191, 99=99071, 99.9=429055, 99.99=525311] [UPDATE: Count=20009, Max=507647, Min=3728, Avg=19013.77, 90=26239, 99=51391, 99.9=154879, 99.99=499199] 
2020-09-09 11:16:10:255 110 sec: 409499 operations; 3203.8 current ops/sec; est completion in 42 minutes [READ: Count=32034, Max=2406399, Min=3490, Avg=28558.46, 90=33407, 99=89087, 99.9=2150399, 99.99=2398207] [UPDATE-FAILED: Count=4, Max=2404351, Min=2381824, Avg=2392064, 90=2404351, 99=2404351, 99.9=2404351, 99.99=2404351] [READ-MODIFY-WRITE: Count=15874, Max=2449407, Min=7540, Avg=52412.4, 90=57279, 99=294655, 99.9=2373631, 99.99=2426879] [UPDATE: Count=15871, Max=2355199, Min=3146, Avg=22426.07, 90=26335, 99=53343, 99.9=1629183, 99.99=2299903] 
2020-09-09 11:16:20:254 120 sec: 447765 operations; 3826.6 current ops/sec; est completion in 42 minutes [READ: Count=38265, Max=743935, Min=4268, Avg=23603.56, 90=34015, 99=70655, 99.9=511231, 99.99=625151] [UPDATE-FAILED: Count=0, Max=0, Min=9223372036854775807, Avg=NaN, 90=0, 99=0, 99.9=0, 99.99=0] [READ-MODIFY-WRITE: Count=19209, Max=735231, Min=8188, Avg=42948.55, 90=57791, 99=104319, 99.9=545791, 99.99=678399] [UPDATE: Count=19207, Max=679423, Min=3870, Avg=19567.17, 90=27023, 99=50527, 99.9=442111, 99.99=547839] 
2020-09-09 11:16:30:254 130 sec: 488374 operations; 4060.9 current ops/sec; est completion in 42 minutes [READ: Count=40623, Max=231295, Min=4540, Avg=22111.01, 90=32079, 99=59583, 99.9=164095, 99.99=218367] [UPDATE-FAILED: Count=0, Max=0, Min=9223372036854775807, Avg=NaN, 90=0, 99=0, 99.9=0, 99.99=0] [READ-MODIFY-WRITE: Count=20227, Max=251007, Min=12584, Avg=41048.54, 90=55167, 99=88575, 99.9=210815, 99.99=243455] [UPDATE: Count=20224, Max=216703, Min=5340, Avg=18896.91, 90=26559, 99=44831, 99.9=100991, 99.99=213631] 
2020-09-09 11:16:40:255 140 sec: 527396 operations; 3902.2 current ops/sec; est completion in 41 minutes [READ: Count=39005, Max=529407, Min=3926, Avg=23147.36, 90=34239, 99=74495, 99.9=276479, 99.99=513791] [UPDATE-FAILED: Count=0, Max=0, Min=9223372036854775807, Avg=NaN, 90=0, 99=0, 99.9=0, 99.99=0] [READ-MODIFY-WRITE: Count=19262, Max=584191, Min=11432, Avg=42493.35, 90=57983, 99=114879, 99.9=463615, 99.99=539647] [UPDATE: Count=19259, Max=514047, Min=4252, Avg=19250.15, 90=26895, 99=52671, 99.9=196223, 99.99=511487] 
2020-09-09 11:16:50:255 150 sec: 565363 operations; 3796.7 current ops/sec; est completion in 41 minutes [READ: Count=37984, Max=687615, Min=3222, Avg=23972.93, 90=33055, 99=75391, 99.9=534527, 99.99=664575] [UPDATE-FAILED: Count=0, Max=0, Min=9223372036854775807, Avg=NaN, 90=0, 99=0, 99.9=0, 99.99=0] [READ-MODIFY-WRITE: Count=19056, Max=716287, Min=6692, Avg=43459.7, 90=56255, 99=130623, 99.9=590335, 99.99=684031] [UPDATE: Count=19061, Max=700415, Min=2594, Avg=19670.92, 90=26463, 99=46687, 99.9=474879, 99.99=657407] 
2020-09-09 11:17:00:255 160 sec: 606129 operations; 4076.6 current ops/sec; est completion in 41 minutes [READ: Count=40753, Max=515839, Min=4944, Avg=21935.58, 90=31119, 99=57119, 99.9=284415, 99.99=489727] [UPDATE-FAILED: Count=0, Max=0, Min=9223372036854775807, Avg=NaN, 90=0, 99=0, 99.9=0, 99.99=0] [READ-MODIFY-WRITE: Count=20463, Max=534527, Min=12048, Avg=40646.78, 90=53471, 99=84991, 99.9=382463, 99.99=511743] [UPDATE: Count=20458, Max=471807, Min=4540, Avg=18805.76, 90=25871, 99=43871, 99.9=153983, 99.99=443135] 
2020-09-09 11:17:10:255 170 sec: 646704 operations; 4057.5 current ops/sec; est completion in 40 minutes [READ: Count=40583, Max=149631, Min=5088, Avg=22190.23, 90=32895, 99=58175, 99.9=87999, 99.99=113663] [UPDATE-FAILED: Count=0, Max=0, Min=9223372036854775807, Avg=NaN, 90=0, 99=0, 99.9=0, 99.99=0] [READ-MODIFY-WRITE: Count=20132, Max=140287, Min=12032, Avg=41053.54, 90=56255, 99=84927, 99.9=113855, 99.99=136831] [UPDATE: Count=20133, Max=93503, Min=4664, Avg=18890.59, 90=26591, 99=45567, 99.9=65855, 99.99=86335] 
2020-09-09 11:17:20:255 180 sec: 686125 operations; 3942.1 current ops/sec; est completion in 40 minutes [READ: Count=39421, Max=515583, Min=3968, Avg=22878.47, 90=33631, 99=70079, 99.9=356095, 99.99=502015] [UPDATE-FAILED: Count=0, Max=0, Min=9223372036854775807, Avg=NaN, 90=0, 99=0, 99.9=0, 99.99=0] [READ-MODIFY-WRITE: Count=19706, Max=532479, Min=10112, Avg=42153.81, 90=57471, 99=104639, 99.9=425215, 99.99=521215] [UPDATE: Count=19708, Max=488959, Min=4272, Avg=19171.72, 90=26767, 99=52191, 99.9=174719, 99.99=419327] 
2020-09-09 11:17:30:254 190 sec: 725355 operations; 3923 current ops/sec; est completion in 40 minutes [READ: Count=39241, Max=807423, Min=3918, Avg=22820.5, 90=32895, 99=64575, 99.9=497919, 99.99=783359] [UPDATE-FAILED: Count=0, Max=0, Min=9223372036854775807, Avg=NaN, 90=0, 99=0, 99.9=0, 99.99=0] [READ-MODIFY-WRITE: Count=19661, Max=838655, Min=7984, Avg=42567.61, 90=56223, 99=99135, 99.9=681471, 99.99=811519] [UPDATE: Count=19659, Max=793087, Min=4060, Avg=19528.57, 90=26543, 99=49663, 99.9=489727, 99.99=688127] 
2020-09-09 11:17:40:254 200 sec: 765368 operations; 4001.3 current ops/sec; est completion in 40 minutes [READ: Count=40001, Max=502271, Min=4412, Avg=22540.55, 90=32287, 99=71231, 99.9=234111, 99.99=441855] [UPDATE-FAILED: Count=0, Max=0, Min=9223372036854775807, Avg=NaN, 90=0, 99=0, 99.9=0, 99.99=0] [READ-MODIFY-WRITE: Count=19802, Max=556543, Min=12216, Avg=41811.16, 90=55359, 99=113663, 99.9=368639, 99.99=488447] [UPDATE: Count=19808, Max=467455, Min=3596, Avg=19087.92, 90=25999, 99=49823, 99.9=193919, 99.99=427519] 
2020-09-09 11:17:50:254 210 sec: 801041 operations; 3567.3 current ops/sec; est completion in 40 minutes [READ: Count=35674, Max=1601535, Min=3220, Avg=25361.33, 90=33631, 99=77887, 99.9=1362943, 99.99=1557503] [UPDATE-FAILED: Count=0, Max=0, Min=9223372036854775807, Avg=NaN, 90=0, 99=0, 99.9=0, 99.99=0] [READ-MODIFY-WRITE: Count=17767, Max=1613823, Min=7428, Avg=46052.21, 90=56607, 99=127103, 99.9=1480703, 99.99=1604607] [UPDATE: Count=17762, Max=1595391, Min=3110, Avg=21076.79, 90=26431, 99=51647, 99.9=1213439, 99.99=1584127] 
2020-09-09 11:18:00:254 220 sec: 841828 operations; 4078.7 current ops/sec; est completion in 39 minutes [READ: Count=40788, Max=277503, Min=4444, Avg=22020.03, 90=32463, 99=59583, 99.9=105087, 99.99=253695] [UPDATE-FAILED: Count=0, Max=0, Min=9223372036854775807, Avg=NaN, 90=0, 99=0, 99.9=0, 99.99=0] [READ-MODIFY-WRITE: Count=20411, Max=296959, Min=13112, Avg=40723.98, 90=55295, 99=85823, 99.9=156543, 99.99=277759] [UPDATE: Count=20414, Max=255103, Min=4780, Avg=18708.99, 90=26031, 99=45407, 99.9=70079, 99.99=251647] 
2020-09-09 11:18:10:255 230 sec: 880221 operations; 3839.3 current ops/sec; est completion in 39 minutes [READ: Count=38383, Max=520191, Min=3642, Avg=23606.82, 90=33759, 99=74367, 99.9=383999, 99.99=491263] [UPDATE-FAILED: Count=0, Max=0, Min=9223372036854775807, Avg=NaN, 90=0, 99=0, 99.9=0, 99.99=0] [READ-MODIFY-WRITE: Count=19321, Max=535551, Min=7820, Avg=42895.4, 90=56767, 99=124479, 99.9=421375, 99.99=534015] [UPDATE: Count=19315, Max=515071, Min=3822, Avg=19335.11, 90=26575, 99=48447, 99.9=303871, 99.99=489983] 
2020-09-09 11:18:20:254 240 sec: 919345 operations; 3912.4 current ops/sec; est completion in 39 minutes [READ: Count=39120, Max=609791, Min=3732, Avg=22858.26, 90=32703, 99=68607, 99.9=366079, 99.99=586751] [UPDATE-FAILED: Count=0, Max=0, Min=9223372036854775807, Avg=NaN, 90=0, 99=0, 99.9=0, 99.99=0] [READ-MODIFY-WRITE: Count=19583, Max=621567, Min=10192, Avg=42036.48, 90=55711, 99=98239, 99.9=500479, 99.99=604671] [UPDATE: Count=19580, Max=578559, Min=4144, Avg=19169.59, 90=26111, 99=48479, 99.9=335615, 99.99=575487] 
2020-09-09 11:18:30:255 250 sec: 960431 operations; 4108.6 current ops/sec; est completion in 39 minutes [READ: Count=41098, Max=601087, Min=5220, Avg=22118.62, 90=32143, 99=57535, 99.9=148607, 99.99=524799] [UPDATE-FAILED: Count=0, Max=0, Min=9223372036854775807, Avg=NaN, 90=0, 99=0, 99.9=0, 99.99=0] [READ-MODIFY-WRITE: Count=20360, Max=558591, Min=13160, Avg=40802.8, 90=54687, 99=86207, 99.9=360447, 99.99=531967] [UPDATE: Count=20367, Max=477183, Min=5296, Avg=18704.69, 90=25759, 99=45023, 99.9=79039, 99.99=415487] 
2020-09-09 11:18:40:254 260 sec: 1000746 operations; 4031.5 current ops/sec; est completion in 38 minutes [READ: Count=40319, Max=251519, Min=5156, Avg=22308.95, 90=33215, 99=60319, 99.9=146175, 99.99=214783] [UPDATE-FAILED: Count=0, Max=0, Min=9223372036854775807, Avg=NaN, 90=0, 99=0, 99.9=0, 99.99=0] [READ-MODIFY-WRITE: Count=20071, Max=272639, Min=12904, Avg=41225.89, 90=56415, 99=88191, 99.9=205823, 99.99=248191] [UPDATE: Count=20071, Max=210559, Min=5256, Avg=18928.39, 90=26671, 99=45951, 99.9=87103, 99.99=202623] 
2020-09-09 11:18:50:255 270 sec: 1039685 operations; 3893.9 current ops/sec; est completion in 38 minutes [READ: Count=38928, Max=547327, Min=3908, Avg=23243.59, 90=33247, 99=65791, 99.9=472831, 99.99=529407] [UPDATE-FAILED: Count=0, Max=0, Min=9223372036854775807, Avg=NaN, 90=0, 99=0, 99.9=0, 99.99=0] [READ-MODIFY-WRITE: Count=19545, Max=553983, Min=8320, Avg=42434.19, 90=56351, 99=96959, 99.9=512255, 99.99=548863] [UPDATE: Count=19544, Max=531967, Min=3718, Avg=19185.88, 90=26335, 99=47135, 99.9=249215, 99.99=508159] 
2020-09-09 11:19:00:255 280 sec: 1077161 operations; 3747.6 current ops/sec; est completion in 38 minutes [READ: Count=37488, Max=550911, Min=3938, Avg=24126.89, 90=32655, 99=87039, 99.9=508671, 99.99=529407] [UPDATE-FAILED: Count=0, Max=0, Min=9223372036854775807, Avg=NaN, 90=0, 99=0, 99.9=0, 99.99=0] [READ-MODIFY-WRITE: Count=18868, Max=582655, Min=8124, Avg=43653.42, 90=56319, 99=186751, 99.9=538623, 99.99=563711] [UPDATE: Count=18870, Max=528383, Min=3844, Avg=19880.62, 90=26175, 99=51423, 99.9=503551, 99.99=524799] 
2020-09-09 11:19:10:255 290 sec: 1116648 operations; 3948.7 current ops/sec; est completion in 38 minutes [READ: Count=39476, Max=475391, Min=3840, Avg=22812.56, 90=33375, 99=68991, 99.9=310783, 99.99=466175] [UPDATE-FAILED: Count=0, Max=0, Min=9223372036854775807, Avg=NaN, 90=0, 99=0, 99.9=0, 99.99=0] [READ-MODIFY-WRITE: Count=19863, Max=487679, Min=10080, Avg=41877.48, 90=56927, 99=101695, 99.9=371711, 99.99=480767] [UPDATE: Count=19856, Max=398079, Min=5076, Avg=19081.39, 90=26815, 99=48959, 99.9=155903, 99.99=388607] 
2020-09-09 11:19:20:255 300 sec: 1156330 operations; 3968.2 current ops/sec; est completion in 38 minutes [READ: Count=39686, Max=391423, Min=4800, Avg=22652, 90=33055, 99=67007, 99.9=215935, 99.99=353791] [UPDATE-FAILED: Count=0, Max=0, Min=9223372036854775807, Avg=NaN, 90=0, 99=0, 99.9=0, 99.99=0] [READ-MODIFY-WRITE: Count=19770, Max=386815, Min=11064, Avg=41908.37, 90=56735, 99=98239, 99.9=286975, 99.99=380927] [UPDATE: Count=19776, Max=359423, Min=4648, Avg=19261.22, 90=26575, 99=50239, 99.9=181119, 99.99=346367] 
Maximum time elapsed. Requesting stop for the workload.
Stop requested for workload. Now Joining!
Still waiting for thread Thread-96 to complete. Workload status: true
2020-09-09 11:19:22:775 302 sec: 1157042 operations; 282.43 current ops/sec; est completion in 38 minutes [READ: Count=674, Max=64031, Min=7332, Avg=21976.42, 90=32623, 99=53823, 99.9=63103, 99.99=64031] [UPDATE-FAILED: Count=0, Max=0, Min=9223372036854775807, Avg=NaN, 90=0, 99=0, 99.9=0, 99.99=0] [READ-MODIFY-WRITE: Count=355, Max=92351, Min=20688, Avg=40554.07, 90=55551, 99=76799, 99.9=92351, 99.99=92351] [CLEANUP: Count=128, Max=2342911, Min=1, Avg=18298.88, 90=3, 99=40, 99.9=2342911, 99.99=2342911] [UPDATE: Count=347, Max=57023, Min=6196, Avg=18490.64, 90=25759, 99=47263, 99.9=57023, 99.99=57023] 
[OVERALL], RunTime(ms), 302519
[OVERALL], Throughput(ops/sec), 3824.692002816352
[TOTAL_GCS_G1_Young_Generation], Count, 31
[TOTAL_GC_TIME_G1_Young_Generation], Time(ms), 300
[TOTAL_GC_TIME_%_G1_Young_Generation], Time(%), 0.09916732502751892
[TOTAL_GCS_G1_Old_Generation], Count, 0
[TOTAL_GC_TIME_G1_Old_Generation], Time(ms), 0
[TOTAL_GC_TIME_%_G1_Old_Generation], Time(%), 0.0
[TOTAL_GCs], Count, 31
[TOTAL_GC_TIME], Time(ms), 300
[TOTAL_GC_TIME_%], Time(%), 0.09916732502751892
[READ], Operations, 1157042
[READ], AverageLatency(us), 23192.343914914065
[READ], MinLatency(us), 3220
[READ], MaxLatency(us), 2406399
[READ], 95thPercentileLatency(us), 41119
[READ], 99thPercentileLatency(us), 67711
[READ], Return=OK, 1157042
[UPDATE-FAILED], Operations, 4
[UPDATE-FAILED], AverageLatency(us), 2392064.0
[UPDATE-FAILED], MinLatency(us), 2381824
[UPDATE-FAILED], MaxLatency(us), 2404351
[UPDATE-FAILED], 95thPercentileLatency(us), 2404351
[UPDATE-FAILED], 99thPercentileLatency(us), 2404351
[READ-MODIFY-WRITE], Operations, 577929
[READ-MODIFY-WRITE], AverageLatency(us), 42642.24288450657
[READ-MODIFY-WRITE], MinLatency(us), 6692
[READ-MODIFY-WRITE], MaxLatency(us), 2449407
[READ-MODIFY-WRITE], 95thPercentileLatency(us), 66303
[READ-MODIFY-WRITE], 99thPercentileLatency(us), 102079
[CLEANUP], Operations, 128
[CLEANUP], AverageLatency(us), 18298.875
[CLEANUP], MinLatency(us), 1
[CLEANUP], MaxLatency(us), 2342911
[CLEANUP], 95thPercentileLatency(us), 7
[CLEANUP], 99thPercentileLatency(us), 40
[UPDATE], Operations, 577925
[UPDATE], AverageLatency(us), 19443.908216464075
[UPDATE], MinLatency(us), 2594
[UPDATE], MaxLatency(us), 2355199
[UPDATE], 95thPercentileLatency(us), 31679
[UPDATE], 99thPercentileLatency(us), 49151
[UPDATE], Return=OK, 577925
[UPDATE], Return=ERROR, 4
