Command line: -t -db pt.ulisboa.tecnico.sconekv.ycsb.SconeKVClient -P workloada -threads 16 -s -p scone.tx_size=5 -p operationcount=10000000 -p maxexecutiontime=300
YCSB Client 0.17.0

Loading workload...
Starting test.
WARNING: sun.reflect.Reflection.getCallerClass is not supported. This will impact performance.
2020-09-30 10:31:25:968 0 sec: 0 operations; est completion in 0 second 
Maximum execution time specified as: 300 secs
DBWrapper: report latency for each error is false and specific error codes to track for latency are: []
DBWrapper: report latency for each error is false and specific error codes to track for latency are: []
DBWrapper: report latency for each error is false and specific error codes to track for latency are: []
DBWrapper: report latency for each error is false and specific error codes to track for latency are: []
DBWrapper: report latency for each error is false and specific error codes to track for latency are: []
DBWrapper: report latency for each error is false and specific error codes to track for latency are: []
DBWrapper: report latency for each error is false and specific error codes to track for latency are: []
DBWrapper: report latency for each error is false and specific error codes to track for latency are: []
DBWrapper: report latency for each error is false and specific error codes to track for latency are: []
DBWrapper: report latency for each error is false and specific error codes to track for latency are: []
DBWrapper: report latency for each error is false and specific error codes to track for latency are: []
DBWrapper: report latency for each error is false and specific error codes to track for latency are: []
DBWrapper: report latency for each error is false and specific error codes to track for latency are: []
DBWrapper: report latency for each error is false and specific error codes to track for latency are: []
DBWrapper: report latency for each error is false and specific error codes to track for latency are: []
DBWrapper: report latency for each error is false and specific error codes to track for latency are: []
2020-09-30 10:31:35:968 10 sec: 10952 operations; 1095.09 current ops/sec; est completion in 2 hours 32 minutes [READ: Count=5451, Max=599551, Min=0, Avg=11315.77, 90=17631, 99=109695, 99.9=558079, 99.99=596479] [UPDATE: Count=5525, Max=622591, Min=14, Avg=12118.02, 90=17935, 99=234239, 99.9=557567, 99.99=590335] [READ-FAILED: Count=6, Max=21231, Min=2738, Avg=8178.17, 90=10615, 99=21231, 99.9=21231, 99.99=21231] 
2020-09-30 10:31:45:967 20 sec: 26224 operations; 1527.35 current ops/sec; est completion in 2 hours 6 minutes [READ: Count=7543, Max=589823, Min=0, Avg=9930.84, 90=16327, 99=99391, 99.9=540159, 99.99=587775] [UPDATE: Count=7711, Max=15056895, Min=5, Avg=12105, 90=16015, 99=145791, 99.9=551423, 99.99=595967] [READ-FAILED: Count=3, Max=3653, Min=2466, Avg=2935.67, 90=3653, 99=3653, 99.9=3653, 99.99=3653] 
2020-09-30 10:31:55:967 30 sec: 43361 operations; 1713.7 current ops/sec; est completion in 1 hour 54 minutes [READ: Count=8626, Max=626175, Min=0, Avg=9327.25, 90=17103, 99=71807, 99.9=519935, 99.99=551423] [UPDATE: Count=8488, Max=663551, Min=5, Avg=9139.82, 90=17503, 99=67519, 99.9=517375, 99.99=532479] [READ-FAILED: Count=11, Max=3897, Min=2106, Avg=2720.45, 90=3361, 99=3897, 99.9=3897, 99.99=3897] 
2020-09-30 10:32:05:967 40 sec: 62144 operations; 1878.3 current ops/sec; est completion in 1 hour 46 minutes [READ: Count=9308, Max=548863, Min=1, Avg=8577.67, 90=15543, 99=59935, 99.9=519935, 99.99=539135] [UPDATE: Count=9465, Max=552447, Min=5, Avg=8600.19, 90=15351, 99=65311, 99.9=527359, 99.99=548863] [READ-FAILED: Count=9, Max=3529, Min=1514, Avg=2773.78, 90=3527, 99=3529, 99.9=3529, 99.99=3529] 
2020-09-30 10:32:15:967 50 sec: 82182 operations; 2003.6 current ops/sec; est completion in 1 hour 40 minutes [READ: Count=9974, Max=571391, Min=1, Avg=7842.25, 90=16447, 99=49055, 99.9=517887, 99.99=539647] [UPDATE: Count=10061, Max=557567, Min=2, Avg=8164.47, 90=16527, 99=57311, 99.9=514303, 99.99=548351] [READ-FAILED: Count=11, Max=25695, Min=1782, Avg=6210.45, 90=11647, 99=25695, 99.9=25695, 99.99=25695] 
2020-09-30 10:32:25:967 60 sec: 100235 operations; 1805.48 current ops/sec; est completion in 1 hour 38 minutes [READ: Count=9032, Max=568831, Min=0, Avg=8230.2, 90=14823, 99=49727, 99.9=531967, 99.99=557055] [UPDATE: Count=9010, Max=540671, Min=1, Avg=9462.86, 90=15207, 99=96959, 99.9=520447, 99.99=537087] [READ-FAILED: Count=8, Max=3107, Min=1970, Avg=2567.38, 90=3033, 99=3107, 99.9=3107, 99.99=3107] 
2020-09-30 10:32:35:966 70 sec: 121236 operations; 2100.1 current ops/sec; est completion in 1 hour 35 minutes [READ: Count=10401, Max=548351, Min=0, Avg=7465.4, 90=15079, 99=39199, 99.9=522751, 99.99=540159] [UPDATE: Count=10590, Max=539647, Min=3, Avg=7713.81, 90=15303, 99=39231, 99.9=517887, 99.99=538623] [READ-FAILED: Count=10, Max=9895, Min=2060, Avg=4065.3, 90=5539, 99=9895, 99.9=9895, 99.99=9895] 
2020-09-30 10:32:45:967 80 sec: 142879 operations; 2164.3 current ops/sec; est completion in 1 hour 32 minutes [READ: Count=10806, Max=551935, Min=0, Avg=7067.55, 90=14847, 99=39391, 99.9=515583, 99.99=541695] [UPDATE: Count=10818, Max=543231, Min=1, Avg=7615.88, 90=14951, 99=44031, 99.9=521471, 99.99=539647] [READ-FAILED: Count=12, Max=3645, Min=1735, Avg=2509.58, 90=3395, 99=3645, 99.9=3645, 99.99=3645] 
2020-09-30 10:32:55:967 90 sec: 164288 operations; 2140.9 current ops/sec; est completion in 1 hour 29 minutes [READ: Count=10789, Max=563199, Min=1, Avg=7294.83, 90=14479, 99=35007, 99.9=521215, 99.99=544767] [UPDATE: Count=10607, Max=558079, Min=1, Avg=7783.45, 90=14879, 99=40063, 99.9=520703, 99.99=540671] [READ-FAILED: Count=13, Max=10343, Min=2092, Avg=3669.77, 90=6307, 99=10343, 99.9=10343, 99.99=10343] 
2020-09-30 10:33:05:968 100 sec: 182702 operations; 1841.22 current ops/sec; est completion in 1 hour 29 minutes [READ: Count=9130, Max=976895, Min=0, Avg=8926.11, 90=14967, 99=59711, 99.9=537599, 99.99=958463] [UPDATE: Count=9283, Max=595967, Min=1, Avg=8222.3, 90=14831, 99=51775, 99.9=521215, 99.99=553471] [READ-FAILED: Count=9, Max=3707, Min=1823, Avg=2548.22, 90=3327, 99=3707, 99.9=3707, 99.99=3707] 
2020-09-30 10:33:15:967 110 sec: 204322 operations; 2162.22 current ops/sec; est completion in 1 hour 27 minutes [READ: Count=10848, Max=581631, Min=0, Avg=7216.02, 90=14647, 99=36671, 99.9=524287, 99.99=573439] [UPDATE: Count=10766, Max=907775, Min=3, Avg=7755.3, 90=15039, 99=40575, 99.9=523775, 99.99=584703] [READ-FAILED: Count=8, Max=5011, Min=2022, Avg=2920.62, 90=3331, 99=5011, 99.9=5011, 99.99=5011] 
2020-09-30 10:33:25:966 120 sec: 224387 operations; 2006.5 current ops/sec; est completion in 1 hour 27 minutes [READ: Count=9931, Max=567295, Min=1, Avg=7897.05, 90=15135, 99=49855, 99.9=519679, 99.99=566783] [UPDATE: Count=10118, Max=569343, Min=3, Avg=7844.19, 90=15119, 99=46079, 99.9=518911, 99.99=552959] [READ-FAILED: Count=8, Max=8695, Min=2170, Avg=3375.12, 90=3301, 99=8695, 99.9=8695, 99.99=8695] 
2020-09-30 10:33:35:966 130 sec: 243455 operations; 1906.8 current ops/sec; est completion in 1 hour 26 minutes [READ: Count=9533, Max=560639, Min=0, Avg=8476.59, 90=14943, 99=59007, 99.9=516607, 99.99=547327] [UPDATE: Count=9531, Max=550399, Min=3, Avg=8341.68, 90=15167, 99=47903, 99.9=518655, 99.99=540671] [READ-FAILED: Count=7, Max=3085, Min=2039, Avg=2553.29, 90=2889, 99=3085, 99.9=3085, 99.99=3085] 
2020-09-30 10:33:45:966 140 sec: 262593 operations; 1913.8 current ops/sec; est completion in 1 hour 26 minutes [READ: Count=9571, Max=555519, Min=1, Avg=8192.72, 90=14895, 99=47551, 99.9=518399, 99.99=535039] [UPDATE: Count=9565, Max=557055, Min=3, Avg=8639.77, 90=14775, 99=56223, 99.9=522751, 99.99=552959] [READ-FAILED: Count=1, Max=2321, Min=2320, Avg=2321, 90=2321, 99=2321, 99.9=2321, 99.99=2321] 
2020-09-30 10:33:55:970 150 sec: 281718 operations; 1912.12 current ops/sec; est completion in 1 hour 26 minutes [READ: Count=9560, Max=546815, Min=1, Avg=8021.55, 90=14871, 99=41791, 99.9=525823, 99.99=546815] [UPDATE: Count=9561, Max=567295, Min=1, Avg=8606.67, 90=14999, 99=51327, 99.9=535551, 99.99=565247] [READ-FAILED: Count=8, Max=2513, Min=1959, Avg=2189.5, 90=2419, 99=2513, 99.9=2513, 99.99=2513] 
2020-09-30 10:34:05:967 160 sec: 301200 operations; 1948.59 current ops/sec; est completion in 1 hour 25 minutes [READ: Count=9719, Max=550911, Min=1, Avg=8483.06, 90=14591, 99=54655, 99.9=524799, 99.99=547839] [UPDATE: Count=9751, Max=631807, Min=3, Avg=8102.74, 90=14511, 99=53215, 99.9=519423, 99.99=549375] [READ-FAILED: Count=9, Max=3463, Min=2122, Avg=2655.44, 90=3033, 99=3463, 99.9=3463, 99.99=3463] 
2020-09-30 10:34:15:967 170 sec: 319431 operations; 1823.1 current ops/sec; est completion in 1 hour 25 minutes [READ: Count=9151, Max=566271, Min=0, Avg=8658.77, 90=14711, 99=52159, 99.9=522239, 99.99=551935] [UPDATE: Count=9070, Max=532479, Min=3, Avg=8528.36, 90=14623, 99=57503, 99.9=517887, 99.99=526335] [READ-FAILED: Count=7, Max=3755, Min=2402, Avg=2856.71, 90=2993, 99=3755, 99.9=3755, 99.99=3755] 
2020-09-30 10:34:25:967 180 sec: 340775 operations; 2134.4 current ops/sec; est completion in 1 hour 25 minutes [READ: Count=10630, Max=570367, Min=1, Avg=7704.2, 90=15335, 99=41215, 99.9=515071, 99.99=537599] [UPDATE: Count=10707, Max=555007, Min=1, Avg=7382.4, 90=15583, 99=41983, 99.9=523263, 99.99=545791] [READ-FAILED: Count=9, Max=4735, Min=1975, Avg=3153.78, 90=4053, 99=4735, 99.9=4735, 99.99=4735] 
2020-09-30 10:34:35:967 190 sec: 360841 operations; 2006.6 current ops/sec; est completion in 1 hour 24 minutes [READ: Count=10187, Max=858111, Min=0, Avg=7994.32, 90=14911, 99=46239, 99.9=524799, 99.99=826879] [UPDATE: Count=9871, Max=759295, Min=3, Avg=8147.94, 90=14879, 99=46207, 99.9=535039, 99.99=569343] [READ-FAILED: Count=10, Max=5239, Min=1994, Avg=3057.5, 90=4915, 99=5239, 99.9=5239, 99.99=5239] 
2020-09-30 10:34:45:967 200 sec: 380821 operations; 1998 current ops/sec; est completion in 1 hour 24 minutes [READ: Count=10022, Max=548863, Min=0, Avg=8128.55, 90=14999, 99=50527, 99.9=521471, 99.99=546815] [UPDATE: Count=9946, Max=555007, Min=1, Avg=7899.95, 90=14815, 99=51839, 99.9=523263, 99.99=551423] [READ-FAILED: Count=10, Max=3825, Min=2254, Avg=2756, 90=3139, 99=3825, 99.9=3825, 99.99=3825] 
2020-09-30 10:34:55:967 210 sec: 400663 operations; 1984.2 current ops/sec; est completion in 1 hour 23 minutes [READ: Count=9927, Max=1003007, Min=0, Avg=7821.44, 90=14671, 99=45407, 99.9=522495, 99.99=614911] [UPDATE: Count=9904, Max=616447, Min=1, Avg=8234.36, 90=15095, 99=47583, 99.9=521215, 99.99=608767] [READ-FAILED: Count=7, Max=4009, Min=2382, Avg=3039.29, 90=3485, 99=4009, 99.9=4009, 99.99=4009] 
2020-09-30 10:35:05:966 220 sec: 420349 operations; 1968.6 current ops/sec; est completion in 1 hour 23 minutes [READ: Count=9833, Max=569855, Min=0, Avg=8065.88, 90=14895, 99=48127, 99.9=520959, 99.99=545791] [UPDATE: Count=9842, Max=561151, Min=1, Avg=8245.04, 90=15135, 99=54239, 99.9=520959, 99.99=544767] [READ-FAILED: Count=15, Max=6443, Min=1920, Avg=2933.53, 90=4467, 99=6443, 99.9=6443, 99.99=6443] 
2020-09-30 10:35:15:967 230 sec: 442325 operations; 2197.38 current ops/sec; est completion in 1 hour 22 minutes [READ: Count=11043, Max=552447, Min=0, Avg=7214.89, 90=14951, 99=40063, 99.9=516607, 99.99=550911] [UPDATE: Count=10924, Max=547327, Min=1, Avg=7157.35, 90=15071, 99=41599, 99.9=513791, 99.99=546303] [READ-FAILED: Count=6, Max=3795, Min=2240, Avg=2809, 90=3093, 99=3795, 99.9=3795, 99.99=3795] 
2020-09-30 10:35:25:967 240 sec: 463579 operations; 2125.61 current ops/sec; est completion in 1 hour 22 minutes [READ: Count=10580, Max=556031, Min=0, Avg=7354.68, 90=14887, 99=37311, 99.9=522751, 99.99=551423] [UPDATE: Count=10672, Max=565759, Min=3, Avg=7852.53, 90=14935, 99=48895, 99.9=516351, 99.99=559103] [READ-FAILED: Count=9, Max=3177, Min=2094, Avg=2590.33, 90=3169, 99=3177, 99.9=3177, 99.99=3177] 
2020-09-30 10:35:35:966 250 sec: 484577 operations; 2099.8 current ops/sec; est completion in 1 hour 21 minutes [READ: Count=10488, Max=589823, Min=1, Avg=7647.86, 90=14543, 99=43487, 99.9=519935, 99.99=552959] [UPDATE: Count=10490, Max=589823, Min=1, Avg=7432.64, 90=14671, 99=40223, 99.9=530431, 99.99=579071] [READ-FAILED: Count=12, Max=3921, Min=1889, Avg=2521.25, 90=2763, 99=3921, 99.9=3921, 99.99=3921] 
2020-09-30 10:35:45:967 260 sec: 505665 operations; 2108.8 current ops/sec; est completion in 1 hour 21 minutes [READ: Count=10517, Max=567295, Min=1, Avg=7503.16, 90=14623, 99=39455, 99.9=518911, 99.99=553471] [UPDATE: Count=10567, Max=548351, Min=1, Avg=7768.55, 90=14695, 99=42495, 99.9=523519, 99.99=547839] [READ-FAILED: Count=7, Max=6235, Min=2478, Avg=3958.57, 90=4815, 99=6235, 99.9=6235, 99.99=6235] 
2020-09-30 10:35:55:966 270 sec: 524608 operations; 1894.3 current ops/sec; est completion in 1 hour 21 minutes [READ: Count=9488, Max=551935, Min=0, Avg=8251.71, 90=14519, 99=51935, 99.9=530943, 99.99=551423] [UPDATE: Count=9448, Max=1003519, Min=1, Avg=8711.22, 90=14703, 99=51327, 99.9=533503, 99.99=564735] [READ-FAILED: Count=6, Max=2729, Min=1731, Avg=2166.67, 90=2443, 99=2729, 99.9=2729, 99.99=2729] 
2020-09-30 10:36:05:967 280 sec: 544058 operations; 1944.81 current ops/sec; est completion in 1 hour 21 minutes [READ: Count=9636, Max=545279, Min=0, Avg=8304.87, 90=14823, 99=51231, 99.9=523519, 99.99=544767] [UPDATE: Count=9814, Max=546815, Min=2, Avg=8137.61, 90=15039, 99=54015, 99.9=527359, 99.99=543743] [READ-FAILED: Count=10, Max=2831, Min=1791, Avg=2412.4, 90=2685, 99=2831, 99.9=2831, 99.99=2831] 
2020-09-30 10:36:15:966 290 sec: 565547 operations; 2149.11 current ops/sec; est completion in 1 hour 20 minutes [READ: Count=10828, Max=558591, Min=1, Avg=7410.06, 90=14703, 99=39167, 99.9=519679, 99.99=553983] [UPDATE: Count=10640, Max=580607, Min=1, Avg=7437.09, 90=15023, 99=39679, 99.9=521727, 99.99=579583] [READ-FAILED: Count=12, Max=46399, Min=1874, Avg=6396.25, 90=4079, 99=46399, 99.9=46399, 99.99=46399] 
2020-09-30 10:36:25:967 300 sec: 584323 operations; 1877.6 current ops/sec; est completion in 1 hour 20 minutes [READ: Count=9364, Max=546303, Min=0, Avg=8057.85, 90=15047, 99=62911, 99.9=526335, 99.99=545279] [UPDATE: Count=9409, Max=556031, Min=1, Avg=9016.83, 90=15327, 99=82495, 99.9=528895, 99.99=551935] [READ-FAILED: Count=5, Max=3065, Min=2238, Avg=2649.8, 90=3065, 99=3065, 99.9=3065, 99.99=3065] 
Maximum time elapsed. Requesting stop for the workload.
Stop requested for workload. Now Joining!
[36m10:36:26.458[m [[34;1mINFO[m] [1;34mp.u.t.s.y.Stats.clientFinished@38[m: 
Ended SconeKV benchmark.
Number of clients: 16
Total transactions: 116259
Committed: 96550 (83.04733%)
Aborted: 19709 (16.952667%)
2020-09-30 10:36:26:460 300 sec: 584486 operations; 330.63 current ops/sec; est completion in 1 hour 20 minutes [READ: Count=80, Max=515327, Min=1530, Avg=12660.79, 90=15087, 99=22207, 99.9=515327, 99.99=515327] [CLEANUP: Count=16, Max=1321, Min=2, Avg=87.62, 90=13, 99=1321, 99.9=1321, 99.99=1321] [UPDATE: Count=78, Max=17295, Min=1360, Avg=4791.6, 90=12231, 99=16215, 99.9=17295, 99.99=17295] [READ-FAILED: Count=0, Max=0, Min=9223372036854775807, Avg=NaN, 90=0, 99=0, 99.9=0, 99.99=0] 
[OVERALL], RunTime(ms), 300493
[OVERALL], Throughput(ops/sec), 1945.0902350470726
[TOTAL_GCS_G1_Young_Generation], Count, 100
[TOTAL_GC_TIME_G1_Young_Generation], Time(ms), 614
[TOTAL_GC_TIME_%_G1_Young_Generation], Time(%), 0.20433088291574178
[TOTAL_GCS_G1_Old_Generation], Count, 0
[TOTAL_GC_TIME_G1_Old_Generation], Time(ms), 0
[TOTAL_GC_TIME_%_G1_Old_Generation], Time(%), 0.0
[TOTAL_GCs], Count, 100
[TOTAL_GC_TIME], Time(ms), 614
[TOTAL_GC_TIME_%], Time(%), 0.20433088291574178
[READ], Operations, 291996
[READ], AverageLatency(us), 8052.634584035398
[READ], MinLatency(us), 0
[READ], MaxLatency(us), 1003007
[READ], 95thPercentileLatency(us), 19087
[READ], 99thPercentileLatency(us), 48671
[READ], Return=OK, 291996
[READ], Return=NOT_FOUND, 258
[CLEANUP], Operations, 16
[CLEANUP], AverageLatency(us), 87.625
[CLEANUP], MinLatency(us), 2
[CLEANUP], MaxLatency(us), 1321
[CLEANUP], 95thPercentileLatency(us), 28
[CLEANUP], 99thPercentileLatency(us), 1321
[UPDATE], Operations, 292232
[UPDATE], AverageLatency(us), 8289.98667839251
[UPDATE], MinLatency(us), 1
[UPDATE], MaxLatency(us), 15056895
[UPDATE], 95thPercentileLatency(us), 19407
[UPDATE], 99thPercentileLatency(us), 52479
[UPDATE], Return=OK, 292232
[READ-FAILED], Operations, 258
[READ-FAILED], AverageLatency(us), 3302.546511627907
[READ-FAILED], MinLatency(us), 1514
[READ-FAILED], MaxLatency(us), 46399
[READ-FAILED], 95thPercentileLatency(us), 5539
[READ-FAILED], 99thPercentileLatency(us), 11647
