Command line: -t -db pt.ulisboa.tecnico.sconekv.ycsb.SconeKVClient -P workloada -threads 32 -s -p scone.tx_size=5 -p operationcount=10000000 -p maxexecutiontime=300
YCSB Client 0.17.0

Loading workload...
Starting test.
WARNING: sun.reflect.Reflection.getCallerClass is not supported. This will impact performance.
2020-09-30 10:39:38:148 0 sec: 0 operations; est completion in 0 second 
Maximum execution time specified as: 300 secs
DBWrapper: report latency for each error is false and specific error codes to track for latency are: []
DBWrapper: report latency for each error is false and specific error codes to track for latency are: []
DBWrapper: report latency for each error is false and specific error codes to track for latency are: []
DBWrapper: report latency for each error is false and specific error codes to track for latency are: []
DBWrapper: report latency for each error is false and specific error codes to track for latency are: []
DBWrapper: report latency for each error is false and specific error codes to track for latency are: []
DBWrapper: report latency for each error is false and specific error codes to track for latency are: []
DBWrapper: report latency for each error is false and specific error codes to track for latency are: []
DBWrapper: report latency for each error is false and specific error codes to track for latency are: []
DBWrapper: report latency for each error is false and specific error codes to track for latency are: []
DBWrapper: report latency for each error is false and specific error codes to track for latency are: []
DBWrapper: report latency for each error is false and specific error codes to track for latency are: []
DBWrapper: report latency for each error is false and specific error codes to track for latency are: []
DBWrapper: report latency for each error is false and specific error codes to track for latency are: []
DBWrapper: report latency for each error is false and specific error codes to track for latency are: []
DBWrapper: report latency for each error is false and specific error codes to track for latency are: []
DBWrapper: report latency for each error is false and specific error codes to track for latency are: []
DBWrapper: report latency for each error is false and specific error codes to track for latency are: []
DBWrapper: report latency for each error is false and specific error codes to track for latency are: []
DBWrapper: report latency for each error is false and specific error codes to track for latency are: []
DBWrapper: report latency for each error is false and specific error codes to track for latency are: []
DBWrapper: report latency for each error is false and specific error codes to track for latency are: []
DBWrapper: report latency for each error is false and specific error codes to track for latency are: []
DBWrapper: report latency for each error is false and specific error codes to track for latency are: []
DBWrapper: report latency for each error is false and specific error codes to track for latency are: []
DBWrapper: report latency for each error is false and specific error codes to track for latency are: []
DBWrapper: report latency for each error is false and specific error codes to track for latency are: []
DBWrapper: report latency for each error is false and specific error codes to track for latency are: []
DBWrapper: report latency for each error is false and specific error codes to track for latency are: []
DBWrapper: report latency for each error is false and specific error codes to track for latency are: []
DBWrapper: report latency for each error is false and specific error codes to track for latency are: []
DBWrapper: report latency for each error is false and specific error codes to track for latency are: []
2020-09-30 10:39:48:143 10 sec: 16918 operations; 1691.63 current ops/sec; est completion in 1 hour 38 minutes [READ: Count=8431, Max=927743, Min=2, Avg=14065.39, 90=23823, 99=218623, 99.9=543231, 99.99=604671] [UPDATE: Count=8545, Max=1015295, Min=9, Avg=14612.7, 90=24319, 99=240383, 99.9=545279, 99.99=914943] [READ-FAILED: Count=8, Max=19423, Min=2212, Avg=8006.12, 90=17679, 99=19423, 99.9=19423, 99.99=19423] 
2020-09-30 10:39:58:142 20 sec: 46903 operations; 2998.8 current ops/sec; est completion in 1 hour 10 minutes [READ: Count=15061, Max=591359, Min=1, Avg=10418.31, 90=19663, 99=99391, 99.9=531967, 99.99=580095] [UPDATE: Count=14851, Max=577535, Min=6, Avg=10626.07, 90=19871, 99=97599, 99.9=536063, 99.99=563711] [READ-FAILED: Count=11, Max=7843, Min=1891, Avg=3001, 90=3353, 99=7843, 99.9=7843, 99.99=7843] 
2020-09-30 10:40:08:142 30 sec: 74591 operations; 2768.8 current ops/sec; est completion in 1 hour 6 minutes [READ: Count=13896, Max=601087, Min=1, Avg=11975.23, 90=20319, 99=192767, 99.9=545791, 99.99=584703] [UPDATE: Count=13784, Max=600575, Min=1, Avg=11173.14, 90=20719, 99=135423, 99.9=530431, 99.99=564223] [READ-FAILED: Count=9, Max=3903, Min=1617, Avg=2828, 90=3807, 99=3903, 99.9=3903, 99.99=3903] 
2020-09-30 10:40:18:142 40 sec: 102201 operations; 2761 current ops/sec; est completion in 1 hour 4 minutes [READ: Count=13872, Max=1081343, Min=0, Avg=11637.41, 90=20943, 99=133887, 99.9=532479, 99.99=996863] [UPDATE: Count=13732, Max=1083391, Min=1, Avg=11573.74, 90=20687, 99=143615, 99.9=544767, 99.99=1033215] [READ-FAILED: Count=11, Max=12007, Min=2072, Avg=4021.82, 90=5295, 99=12007, 99.9=12007, 99.99=12007] 
2020-09-30 10:40:28:142 50 sec: 129262 operations; 2706.1 current ops/sec; est completion in 1 hour 3 minutes [READ: Count=13636, Max=608767, Min=0, Avg=12150.88, 90=21167, 99=182527, 99.9=542719, 99.99=600063] [UPDATE: Count=13424, Max=619007, Min=1, Avg=11778.13, 90=21263, 99=147967, 99.9=539135, 99.99=579071] [READ-FAILED: Count=12, Max=5883, Min=2140, Avg=3221.17, 90=4799, 99=5883, 99.9=5883, 99.99=5883] 
2020-09-30 10:40:38:142 60 sec: 157301 operations; 2803.9 current ops/sec; est completion in 1 hour 2 minutes [READ: Count=14094, Max=585215, Min=1, Avg=10867.06, 90=19967, 99=101055, 99.9=540159, 99.99=557055] [UPDATE: Count=13914, Max=618495, Min=1, Avg=11179.76, 90=20303, 99=113791, 99.9=538623, 99.99=588799] [READ-FAILED: Count=10, Max=5207, Min=1753, Avg=3553.3, 90=4843, 99=5207, 99.9=5207, 99.99=5207] 
2020-09-30 10:40:48:142 70 sec: 186488 operations; 2918.7 current ops/sec; est completion in 1 hour 1 minute [READ: Count=14533, Max=574975, Min=0, Avg=11003.95, 90=20399, 99=102975, 99.9=533503, 99.99=566783] [UPDATE: Count=14655, Max=572415, Min=1, Avg=11549.03, 90=20111, 99=113471, 99.9=538111, 99.99=565247] [READ-FAILED: Count=7, Max=3535, Min=1768, Avg=2713.14, 90=3409, 99=3535, 99.9=3535, 99.99=3535] 
2020-09-30 10:40:58:142 80 sec: 210961 operations; 2447.3 current ops/sec; est completion in 1 hour 1 minute [READ: Count=12261, Max=823807, Min=1, Avg=12736.45, 90=20703, 99=252543, 99.9=529919, 99.99=564735] [UPDATE: Count=12225, Max=650239, Min=1, Avg=13446.14, 90=20751, 99=377855, 99.9=537599, 99.99=580607] [READ-FAILED: Count=6, Max=6431, Min=2074, Avg=3708, 90=5435, 99=6431, 99.9=6431, 99.99=6431] 
2020-09-30 10:41:08:142 90 sec: 236948 operations; 2598.7 current ops/sec; est completion in 1 hour 1 minute [READ: Count=13056, Max=781311, Min=0, Avg=12613.38, 90=20367, 99=234239, 99.9=551423, 99.99=773631] [UPDATE: Count=12901, Max=691199, Min=2, Avg=11927.04, 90=20159, 99=207615, 99.9=546815, 99.99=656895] [READ-FAILED: Count=11, Max=4963, Min=2310, Avg=3658, 90=4951, 99=4963, 99.9=4963, 99.99=4963] 
2020-09-30 10:41:18:143 100 sec: 263562 operations; 2661.13 current ops/sec; est completion in 1 hour 1 minute [READ: Count=13294, Max=572415, Min=1, Avg=11662, 90=21775, 99=88767, 99.9=548863, 99.99=568831] [UPDATE: Count=13300, Max=579583, Min=3, Avg=11565.23, 90=22223, 99=90303, 99.9=556031, 99.99=579583] [READ-FAILED: Count=12, Max=10511, Min=1749, Avg=4078.5, 90=8759, 99=10511, 99.9=10511, 99.99=10511] 
2020-09-30 10:41:28:142 110 sec: 290165 operations; 2660.57 current ops/sec; est completion in 1 hour 1 minute [READ: Count=13373, Max=630271, Min=0, Avg=12213.02, 90=19999, 99=231679, 99.9=541695, 99.99=585215] [UPDATE: Count=13222, Max=600575, Min=2, Avg=12460.86, 90=19791, 99=260607, 99.9=548863, 99.99=595967] [READ-FAILED: Count=12, Max=3433, Min=2254, Avg=2897, 90=3429, 99=3433, 99.9=3433, 99.99=3433] 
2020-09-30 10:41:38:142 120 sec: 315271 operations; 2510.6 current ops/sec; est completion in 1 hour 1 minute [READ: Count=12525, Max=1062911, Min=0, Avg=12579.61, 90=20895, 99=220159, 99.9=551423, 99.99=856063] [UPDATE: Count=12570, Max=861183, Min=1, Avg=12880.73, 90=21055, 99=268031, 99.9=549375, 99.99=599039] [READ-FAILED: Count=11, Max=22719, Min=2106, Avg=5654, 90=12855, 99=22719, 99.9=22719, 99.99=22719] 
2020-09-30 10:41:48:142 130 sec: 340325 operations; 2505.15 current ops/sec; est completion in 1 hour 1 minute [READ: Count=12485, Max=643583, Min=0, Avg=12678.98, 90=19999, 99=331007, 99.9=540159, 99.99=602623] [UPDATE: Count=12563, Max=590335, Min=1, Avg=13229.21, 90=19999, 99=339967, 99.9=550911, 99.99=587263] [READ-FAILED: Count=10, Max=2959, Min=1852, Avg=2489, 90=2887, 99=2959, 99.9=2959, 99.99=2959] 
2020-09-30 10:41:58:142 140 sec: 364916 operations; 2459.35 current ops/sec; est completion in 1 hour 1 minute [READ: Count=12407, Max=633855, Min=1, Avg=12693.58, 90=20751, 99=335359, 99.9=552447, 99.99=616447] [UPDATE: Count=12182, Max=660479, Min=0, Avg=13304.15, 90=21519, 99=365311, 99.9=543743, 99.99=648703] [READ-FAILED: Count=9, Max=4139, Min=2031, Avg=2925.56, 90=3325, 99=4139, 99.9=4139, 99.99=4139] 
2020-09-30 10:42:08:142 150 sec: 390438 operations; 2551.94 current ops/sec; est completion in 1 hour 1 minute [READ: Count=12828, Max=998399, Min=1, Avg=11833.92, 90=18975, 99=237439, 99.9=548351, 99.99=758783] [UPDATE: Count=12670, Max=977919, Min=1, Avg=12987.16, 90=19471, 99=342527, 99.9=543743, 99.99=730111] [READ-FAILED: Count=12, Max=19439, Min=2092, Avg=4359.17, 90=6263, 99=19439, 99.9=19439, 99.99=19439] 
2020-09-30 10:42:18:148 160 sec: 417697 operations; 2724.54 current ops/sec; est completion in 1 hour 1 minute [READ: Count=13570, Max=1015295, Min=0, Avg=11451.11, 90=21711, 99=87935, 99.9=553471, 99.99=1008639] [UPDATE: Count=13698, Max=1013247, Min=1, Avg=12237.12, 90=21551, 99=111295, 99.9=573951, 99.99=1009663] [READ-FAILED: Count=7, Max=5159, Min=1634, Avg=2839.86, 90=3375, 99=5159, 99.9=5159, 99.99=5159] 
2020-09-30 10:42:28:142 170 sec: 445743 operations; 2806 current ops/sec; est completion in 1 hour [READ: Count=13861, Max=651263, Min=1, Avg=11185.56, 90=20143, 99=91967, 99.9=536575, 99.99=649727] [UPDATE: Count=14166, Max=650751, Min=1, Avg=10994.26, 90=20543, 99=89535, 99.9=534015, 99.99=647679] [READ-FAILED: Count=7, Max=4203, Min=1651, Avg=2850.29, 90=3441, 99=4203, 99.9=4203, 99.99=4203] 
2020-09-30 10:42:38:142 180 sec: 476303 operations; 3056.31 current ops/sec; est completion in 1 hour [READ: Count=15267, Max=947199, Min=0, Avg=10512.83, 90=19695, 99=86847, 99.9=560639, 99.99=609791] [UPDATE: Count=15291, Max=847871, Min=1, Avg=11026.98, 90=20287, 99=110271, 99.9=548351, 99.99=633343] [READ-FAILED: Count=7, Max=6907, Min=2066, Avg=3260.86, 90=3519, 99=6907, 99.9=6907, 99.99=6907] 
2020-09-30 10:42:48:142 190 sec: 501071 operations; 2476.8 current ops/sec; est completion in 1 hour [READ: Count=12387, Max=994303, Min=1, Avg=12353.7, 90=21935, 99=167167, 99.9=563711, 99.99=725503] [UPDATE: Count=12370, Max=902655, Min=1, Avg=13405.64, 90=22351, 99=279807, 99.9=555007, 99.99=828927] [READ-FAILED: Count=9, Max=19551, Min=1662, Avg=4466, 90=3895, 99=19551, 99.9=19551, 99.99=19551] 
2020-09-30 10:42:58:142 200 sec: 528137 operations; 2706.6 current ops/sec; est completion in 59 minutes [READ: Count=13562, Max=561663, Min=1, Avg=11985.64, 90=20655, 99=181119, 99.9=543231, 99.99=559615] [UPDATE: Count=13495, Max=731647, Min=1, Avg=11746.19, 90=20783, 99=161535, 99.9=546815, 99.99=594943] [READ-FAILED: Count=6, Max=3653, Min=2058, Avg=2663.67, 90=2831, 99=3653, 99.9=3653, 99.99=3653] 
2020-09-30 10:43:08:142 210 sec: 556332 operations; 2819.5 current ops/sec; est completion in 59 minutes [READ: Count=14060, Max=570879, Min=0, Avg=11059.12, 90=21471, 99=100927, 99.9=546815, 99.99=566783] [UPDATE: Count=14136, Max=669183, Min=1, Avg=11613.55, 90=21663, 99=111615, 99.9=546815, 99.99=594431] [READ-FAILED: Count=6, Max=3295, Min=2296, Avg=2632.33, 90=2959, 99=3295, 99.9=3295, 99.99=3295] 
2020-09-30 10:43:18:142 220 sec: 584641 operations; 2830.9 current ops/sec; est completion in 59 minutes [READ: Count=14170, Max=994815, Min=0, Avg=10664.23, 90=20479, 99=95807, 99.9=536063, 99.99=694783] [UPDATE: Count=14122, Max=759295, Min=2, Avg=11855, 90=20479, 99=196991, 99.9=554495, 99.99=735743] [READ-FAILED: Count=12, Max=11599, Min=1833, Avg=3675.42, 90=6399, 99=11599, 99.9=11599, 99.99=11599] 
2020-09-30 10:43:28:142 230 sec: 609390 operations; 2474.65 current ops/sec; est completion in 59 minutes [READ: Count=12405, Max=995327, Min=0, Avg=12535.86, 90=19535, 99=307711, 99.9=541695, 99.99=857087] [UPDATE: Count=12322, Max=982015, Min=1, Avg=13233.7, 90=19871, 99=357631, 99.9=549887, 99.99=770047] [READ-FAILED: Count=16, Max=6919, Min=2232, Avg=3088.12, 90=3949, 99=6919, 99.9=6919, 99.99=6919] 
2020-09-30 10:43:38:142 240 sec: 633359 operations; 2396.9 current ops/sec; est completion in 59 minutes [READ: Count=11946, Max=701951, Min=1, Avg=13470.84, 90=20063, 99=374015, 99.9=560639, 99.99=586239] [UPDATE: Count=12018, Max=687103, Min=1, Avg=13271.31, 90=20479, 99=327423, 99.9=555007, 99.99=681983] [READ-FAILED: Count=5, Max=4315, Min=2250, Avg=2918.8, 90=4315, 99=4315, 99.9=4315, 99.99=4315] 
2020-09-30 10:43:48:142 250 sec: 660104 operations; 2674.5 current ops/sec; est completion in 58 minutes [READ: Count=13244, Max=594431, Min=0, Avg=11947.6, 90=19999, 99=225151, 99.9=536063, 99.99=569855] [UPDATE: Count=13497, Max=894463, Min=3, Avg=11830.47, 90=19583, 99=199679, 99.9=546303, 99.99=645119] [READ-FAILED: Count=6, Max=16271, Min=2020, Avg=4593.33, 90=2431, 99=16271, 99.9=16271, 99.99=16271] 
2020-09-30 10:43:58:142 260 sec: 687693 operations; 2759.18 current ops/sec; est completion in 58 minutes [READ: Count=13558, Max=585215, Min=0, Avg=11434.83, 90=21935, 99=87935, 99.9=542207, 99.99=567295] [UPDATE: Count=14021, Max=615935, Min=1, Avg=11749.73, 90=22495, 99=108671, 99.9=540671, 99.99=586239] [READ-FAILED: Count=8, Max=3371, Min=2184, Avg=2775, 90=3287, 99=3371, 99.9=3371, 99.99=3371] 
2020-09-30 10:44:08:142 270 sec: 714709 operations; 2701.6 current ops/sec; est completion in 58 minutes [READ: Count=13386, Max=572415, Min=0, Avg=11610.14, 90=21039, 99=140031, 99.9=535039, 99.99=571391] [UPDATE: Count=13627, Max=714239, Min=1, Avg=12018.65, 90=20959, 99=182783, 99.9=538623, 99.99=566271] [READ-FAILED: Count=9, Max=3555, Min=1967, Avg=2868.56, 90=3521, 99=3555, 99.9=3555, 99.99=3555] 
2020-09-30 10:44:18:142 280 sec: 740088 operations; 2537.9 current ops/sec; est completion in 58 minutes [READ: Count=12775, Max=679423, Min=0, Avg=12618.29, 90=21231, 99=225279, 99.9=537087, 99.99=574975] [UPDATE: Count=12595, Max=662015, Min=3, Avg=12428.74, 90=21071, 99=210175, 99.9=534015, 99.99=628223] [READ-FAILED: Count=5, Max=4743, Min=2196, Avg=2876.8, 90=4743, 99=4743, 99.9=4743, 99.99=4743] 
2020-09-30 10:44:28:142 290 sec: 768032 operations; 2794.4 current ops/sec; est completion in 58 minutes [READ: Count=13877, Max=592895, Min=0, Avg=11821.55, 90=20975, 99=111871, 99.9=553471, 99.99=585727] [UPDATE: Count=14059, Max=659967, Min=1, Avg=11520.77, 90=20879, 99=108671, 99.9=542207, 99.99=618495] [READ-FAILED: Count=11, Max=4539, Min=2080, Avg=2973.45, 90=3921, 99=4539, 99.9=4539, 99.99=4539] 
2020-09-30 10:44:38:142 300 sec: 790049 operations; 2201.48 current ops/sec; est completion in 58 minutes [READ: Count=10950, Max=665087, Min=0, Avg=14527.37, 90=19263, 99=485887, 99.9=537087, 99.99=589311] [UPDATE: Count=11058, Max=826879, Min=1, Avg=14473.63, 90=19775, 99=429311, 99.9=559103, 99.99=739839] [READ-FAILED: Count=3, Max=2547, Min=1898, Avg=2166, 90=2547, 99=2547, 99.9=2547, 99.99=2547] 
Maximum time elapsed. Requesting stop for the workload.
Stop requested for workload. Now Joining!
[36m10:44:38.767[m [[34;1mINFO[m] [1;34mp.u.t.s.y.Stats.clientFinished@38[m: 
Ended SconeKV benchmark.
Number of clients: 32
Total transactions: 157289
Committed: 121044 (76.956436%)
Aborted: 36245 (23.04357%)
2020-09-30 10:44:38:770 300 sec: 790478 operations; 685.3 current ops/sec; est completion in 58 minutes [READ: Count=197, Max=522239, Min=1, Avg=28742.49, 90=27231, 99=517631, 99.9=522239, 99.99=522239] [CLEANUP: Count=32, Max=1400, Min=3, Avg=47.69, 90=7, 99=1400, 99.9=1400, 99.99=1400] [UPDATE: Count=229, Max=518911, Min=4, Avg=25295.86, 90=30543, 99=464639, 99.9=518911, 99.99=518911] [READ-FAILED: Count=1, Max=1983, Min=1983, Avg=1983, 90=1983, 99=1983, 99.9=1983, 99.99=1983] 
[OVERALL], RunTime(ms), 300627
[OVERALL], Throughput(ops/sec), 2629.4311555515637
[TOTAL_GCS_G1_Young_Generation], Count, 114
[TOTAL_GC_TIME_G1_Young_Generation], Time(ms), 924
[TOTAL_GC_TIME_%_G1_Young_Generation], Time(%), 0.30735762256883115
[TOTAL_GCS_G1_Old_Generation], Count, 0
[TOTAL_GC_TIME_G1_Old_Generation], Time(ms), 0
[TOTAL_GC_TIME_%_G1_Old_Generation], Time(%), 0.0
[TOTAL_GCs], Count, 114
[TOTAL_GC_TIME], Time(ms), 924
[TOTAL_GC_TIME_%], Time(%), 0.30735762256883115
[READ], Operations, 394967
[READ], AverageLatency(us), 11936.860497206095
[READ], MinLatency(us), 0
[READ], MaxLatency(us), 1081343
[READ], 95thPercentileLatency(us), 29103
[READ], 99thPercentileLatency(us), 169343
[READ], Return=OK, 394967
[READ], Return=NOT_FOUND, 269
[CLEANUP], Operations, 32
[CLEANUP], AverageLatency(us), 47.6875
[CLEANUP], MinLatency(us), 3
[CLEANUP], MaxLatency(us), 1400
[CLEANUP], 95thPercentileLatency(us), 8
[CLEANUP], 99thPercentileLatency(us), 1400
[UPDATE], Operations, 395242
[UPDATE], AverageLatency(us), 12177.61096239772
[UPDATE], MinLatency(us), 0
[UPDATE], MaxLatency(us), 1083391
[UPDATE], 95thPercentileLatency(us), 29807
[UPDATE], 99thPercentileLatency(us), 194687
[UPDATE], Return=OK, 395242
[READ-FAILED], Operations, 269
[READ-FAILED], AverageLatency(us), 3515.736059479554
[READ-FAILED], MinLatency(us), 1617
[READ-FAILED], MaxLatency(us), 22719
[READ-FAILED], 95thPercentileLatency(us), 6919
[READ-FAILED], 99thPercentileLatency(us), 19423
