Command line: -t -db pt.ulisboa.tecnico.sconekv.ycsb.SconeKVClient -P workloadc -threads 128 -s -p scone.tx_size=5 -p operationcount=10000000 -p maxexecutiontime=300
YCSB Client 0.17.0

Loading workload...
Starting test.
WARNING: sun.reflect.Reflection.getCallerClass is not supported. This will impact performance.
2020-09-30 12:35:17:934 0 sec: 0 operations; est completion in 0 second 
Maximum execution time specified as: 300 secs
DBWrapper: report latency for each error is false and specific error codes to track for latency are: []
DBWrapper: report latency for each error is false and specific error codes to track for latency are: []
DBWrapper: report latency for each error is false and specific error codes to track for latency are: []
DBWrapper: report latency for each error is false and specific error codes to track for latency are: []
DBWrapper: report latency for each error is false and specific error codes to track for latency are: []
DBWrapper: report latency for each error is false and specific error codes to track for latency are: []
DBWrapper: report latency for each error is false and specific error codes to track for latency are: []
DBWrapper: report latency for each error is false and specific error codes to track for latency are: []
DBWrapper: report latency for each error is false and specific error codes to track for latency are: []
DBWrapper: report latency for each error is false and specific error codes to track for latency are: []
DBWrapper: report latency for each error is false and specific error codes to track for latency are: []
DBWrapper: report latency for each error is false and specific error codes to track for latency are: []
DBWrapper: report latency for each error is false and specific error codes to track for latency are: []
DBWrapper: report latency for each error is false and specific error codes to track for latency are: []
DBWrapper: report latency for each error is false and specific error codes to track for latency are: []
DBWrapper: report latency for each error is false and specific error codes to track for latency are: []
DBWrapper: report latency for each error is false and specific error codes to track for latency are: []
DBWrapper: report latency for each error is false and specific error codes to track for latency are: []
DBWrapper: report latency for each error is false and specific error codes to track for latency are: []
DBWrapper: report latency for each error is false and specific error codes to track for latency are: []
DBWrapper: report latency for each error is false and specific error codes to track for latency are: []
DBWrapper: report latency for each error is false and specific error codes to track for latency are: []
DBWrapper: report latency for each error is false and specific error codes to track for latency are: []
DBWrapper: report latency for each error is false and specific error codes to track for latency are: []
DBWrapper: report latency for each error is false and specific error codes to track for latency are: []
DBWrapper: report latency for each error is false and specific error codes to track for latency are: []
DBWrapper: report latency for each error is false and specific error codes to track for latency are: []
DBWrapper: report latency for each error is false and specific error codes to track for latency are: []
DBWrapper: report latency for each error is false and specific error codes to track for latency are: []
DBWrapper: report latency for each error is false and specific error codes to track for latency are: []
DBWrapper: report latency for each error is false and specific error codes to track for latency are: []
DBWrapper: report latency for each error is false and specific error codes to track for latency are: []
DBWrapper: report latency for each error is false and specific error codes to track for latency are: []
DBWrapper: report latency for each error is false and specific error codes to track for latency are: []
DBWrapper: report latency for each error is false and specific error codes to track for latency are: []
DBWrapper: report latency for each error is false and specific error codes to track for latency are: []
DBWrapper: report latency for each error is false and specific error codes to track for latency are: []
DBWrapper: report latency for each error is false and specific error codes to track for latency are: []
DBWrapper: report latency for each error is false and specific error codes to track for latency are: []
DBWrapper: report latency for each error is false and specific error codes to track for latency are: []
DBWrapper: report latency for each error is false and specific error codes to track for latency are: []
DBWrapper: report latency for each error is false and specific error codes to track for latency are: []
DBWrapper: report latency for each error is false and specific error codes to track for latency are: []
DBWrapper: report latency for each error is false and specific error codes to track for latency are: []
DBWrapper: report latency for each error is false and specific error codes to track for latency are: []
DBWrapper: report latency for each error is false and specific error codes to track for latency are: []
DBWrapper: report latency for each error is false and specific error codes to track for latency are: []
DBWrapper: report latency for each error is false and specific error codes to track for latency are: []
DBWrapper: report latency for each error is false and specific error codes to track for latency are: []
DBWrapper: report latency for each error is false and specific error codes to track for latency are: []
DBWrapper: report latency for each error is false and specific error codes to track for latency are: []
DBWrapper: report latency for each error is false and specific error codes to track for latency are: []
DBWrapper: report latency for each error is false and specific error codes to track for latency are: []
DBWrapper: report latency for each error is false and specific error codes to track for latency are: []
DBWrapper: report latency for each error is false and specific error codes to track for latency are: []
DBWrapper: report latency for each error is false and specific error codes to track for latency are: []
DBWrapper: report latency for each error is false and specific error codes to track for latency are: []
DBWrapper: report latency for each error is false and specific error codes to track for latency are: []
DBWrapper: report latency for each error is false and specific error codes to track for latency are: []
DBWrapper: report latency for each error is false and specific error codes to track for latency are: []
DBWrapper: report latency for each error is false and specific error codes to track for latency are: []
DBWrapper: report latency for each error is false and specific error codes to track for latency are: []
DBWrapper: report latency for each error is false and specific error codes to track for latency are: []
DBWrapper: report latency for each error is false and specific error codes to track for latency are: []
DBWrapper: report latency for each error is false and specific error codes to track for latency are: []
DBWrapper: report latency for each error is false and specific error codes to track for latency are: []
DBWrapper: report latency for each error is false and specific error codes to track for latency are: []
DBWrapper: report latency for each error is false and specific error codes to track for latency are: []
DBWrapper: report latency for each error is false and specific error codes to track for latency are: []
DBWrapper: report latency for each error is false and specific error codes to track for latency are: []
DBWrapper: report latency for each error is false and specific error codes to track for latency are: []
DBWrapper: report latency for each error is false and specific error codes to track for latency are: []
DBWrapper: report latency for each error is false and specific error codes to track for latency are: []
DBWrapper: report latency for each error is false and specific error codes to track for latency are: []
DBWrapper: report latency for each error is false and specific error codes to track for latency are: []
DBWrapper: report latency for each error is false and specific error codes to track for latency are: []
DBWrapper: report latency for each error is false and specific error codes to track for latency are: []
DBWrapper: report latency for each error is false and specific error codes to track for latency are: []
DBWrapper: report latency for each error is false and specific error codes to track for latency are: []
DBWrapper: report latency for each error is false and specific error codes to track for latency are: []
DBWrapper: report latency for each error is false and specific error codes to track for latency are: []
DBWrapper: report latency for each error is false and specific error codes to track for latency are: []
DBWrapper: report latency for each error is false and specific error codes to track for latency are: []
DBWrapper: report latency for each error is false and specific error codes to track for latency are: []
DBWrapper: report latency for each error is false and specific error codes to track for latency are: []
DBWrapper: report latency for each error is false and specific error codes to track for latency are: []
DBWrapper: report latency for each error is false and specific error codes to track for latency are: []
DBWrapper: report latency for each error is false and specific error codes to track for latency are: []
DBWrapper: report latency for each error is false and specific error codes to track for latency are: []
DBWrapper: report latency for each error is false and specific error codes to track for latency are: []
DBWrapper: report latency for each error is false and specific error codes to track for latency are: []
DBWrapper: report latency for each error is false and specific error codes to track for latency are: []
DBWrapper: report latency for each error is false and specific error codes to track for latency are: []
DBWrapper: report latency for each error is false and specific error codes to track for latency are: []
DBWrapper: report latency for each error is false and specific error codes to track for latency are: []
DBWrapper: report latency for each error is false and specific error codes to track for latency are: []
DBWrapper: report latency for each error is false and specific error codes to track for latency are: []
DBWrapper: report latency for each error is false and specific error codes to track for latency are: []
DBWrapper: report latency for each error is false and specific error codes to track for latency are: []
DBWrapper: report latency for each error is false and specific error codes to track for latency are: []
DBWrapper: report latency for each error is false and specific error codes to track for latency are: []
DBWrapper: report latency for each error is false and specific error codes to track for latency are: []
DBWrapper: report latency for each error is false and specific error codes to track for latency are: []
DBWrapper: report latency for each error is false and specific error codes to track for latency are: []
DBWrapper: report latency for each error is false and specific error codes to track for latency are: []
DBWrapper: report latency for each error is false and specific error codes to track for latency are: []
DBWrapper: report latency for each error is false and specific error codes to track for latency are: []
DBWrapper: report latency for each error is false and specific error codes to track for latency are: []
DBWrapper: report latency for each error is false and specific error codes to track for latency are: []
DBWrapper: report latency for each error is false and specific error codes to track for latency are: []
DBWrapper: report latency for each error is false and specific error codes to track for latency are: []
DBWrapper: report latency for each error is false and specific error codes to track for latency are: []
DBWrapper: report latency for each error is false and specific error codes to track for latency are: []
DBWrapper: report latency for each error is false and specific error codes to track for latency are: []
DBWrapper: report latency for each error is false and specific error codes to track for latency are: []
DBWrapper: report latency for each error is false and specific error codes to track for latency are: []
DBWrapper: report latency for each error is false and specific error codes to track for latency are: []
DBWrapper: report latency for each error is false and specific error codes to track for latency are: []
DBWrapper: report latency for each error is false and specific error codes to track for latency are: []
DBWrapper: report latency for each error is false and specific error codes to track for latency are: []
DBWrapper: report latency for each error is false and specific error codes to track for latency are: []
DBWrapper: report latency for each error is false and specific error codes to track for latency are: []
DBWrapper: report latency for each error is false and specific error codes to track for latency are: []
DBWrapper: report latency for each error is false and specific error codes to track for latency are: []
DBWrapper: report latency for each error is false and specific error codes to track for latency are: []
2020-09-30 12:35:27:962 10 sec: 9555 operations; 952.64 current ops/sec; est completion in 2 hours 54 minutes [READ: Count=9544, Max=2826239, Min=4, Avg=62754.34, 90=153087, 99=584191, 99.9=1595391, 99.99=2615295] [READ-FAILED: Count=13, Max=125951, Min=2416, Avg=31816.46, 90=110527, 99=125951, 99.9=125951, 99.99=125951] 
DBWrapper: report latency for each error is false and specific error codes to track for latency are: []
DBWrapper: report latency for each error is false and specific error codes to track for latency are: []
DBWrapper: report latency for each error is false and specific error codes to track for latency are: []
2020-09-30 12:35:37:934 20 sec: 45131 operations; 3568.3 current ops/sec; est completion in 1 hour 13 minutes [READ: Count=35540, Max=1025023, Min=2, Avg=35177.91, 90=65471, 99=540671, 99.9=619519, 99.99=819711] [READ-FAILED: Count=42, Max=162687, Min=2228, Avg=19910.95, 90=39775, 99=162687, 99.9=162687, 99.99=162687] 
2020-09-30 12:35:47:933 30 sec: 92169 operations; 4703.8 current ops/sec; est completion in 53 minutes [READ: Count=46973, Max=681983, Min=2, Avg=27136.44, 90=48991, 99=545279, 99.9=595455, 99.99=632319] [READ-FAILED: Count=57, Max=21247, Min=1677, Avg=5540.74, 90=10247, 99=19919, 99.9=21247, 99.99=21247] 
2020-09-30 12:35:57:933 40 sec: 137441 operations; 4526.75 current ops/sec; est completion in 47 minutes [READ: Count=45220, Max=652799, Min=2, Avg=28071.5, 90=42975, 99=540159, 99.9=604671, 99.99=643583] [READ-FAILED: Count=52, Max=70335, Min=1970, Avg=7668.31, 90=10455, 99=43871, 99.9=70335, 99.99=70335] 
2020-09-30 12:36:07:933 50 sec: 188520 operations; 5108.41 current ops/sec; est completion in 43 minutes [READ: Count=51014, Max=926207, Min=2, Avg=25128.97, 90=49279, 99=538111, 99.9=647679, 99.99=769535] [READ-FAILED: Count=66, Max=41567, Min=1673, Avg=6808.7, 90=9063, 99=33407, 99.9=41567, 99.99=41567] 
2020-09-30 12:36:17:933 60 sec: 237910 operations; 4939 current ops/sec; est completion in 41 minutes [READ: Count=49331, Max=682495, Min=2, Avg=26129.16, 90=53183, 99=538111, 99.9=607231, 99.99=642559] [READ-FAILED: Count=61, Max=43935, Min=1840, Avg=9251.61, 90=24831, 99=42207, 99.9=43935, 99.99=43935] 
2020-09-30 12:36:27:933 70 sec: 287854 operations; 4994.4 current ops/sec; est completion in 39 minutes [READ: Count=49878, Max=667647, Min=2, Avg=25829.24, 90=48863, 99=539647, 99.9=625663, 99.99=645119] [READ-FAILED: Count=69, Max=27167, Min=1833, Avg=6543.28, 90=13759, 99=21807, 99.9=27167, 99.99=27167] 
2020-09-30 12:36:37:933 80 sec: 336908 operations; 4905.4 current ops/sec; est completion in 38 minutes [READ: Count=48990, Max=1034751, Min=2, Avg=25753.56, 90=49119, 99=537087, 99.9=642047, 99.99=1028095] [READ-FAILED: Count=64, Max=31759, Min=2080, Avg=6189.5, 90=10655, 99=27023, 99.9=31759, 99.99=31759] 
2020-09-30 12:36:47:934 90 sec: 389805 operations; 5289.7 current ops/sec; est completion in 36 minutes [READ: Count=52846, Max=956415, Min=2, Avg=24635.07, 90=46207, 99=536063, 99.9=609791, 99.99=639999] [READ-FAILED: Count=51, Max=38175, Min=1790, Avg=6559.88, 90=9919, 99=18591, 99.9=38175, 99.99=38175] 
2020-09-30 12:36:57:933 100 sec: 442777 operations; 5297.2 current ops/sec; est completion in 35 minutes [READ: Count=52914, Max=1041919, Min=2, Avg=23724.87, 90=51071, 99=530943, 99.9=613887, 99.99=777727] [READ-FAILED: Count=52, Max=35967, Min=2118, Avg=6755.23, 90=12887, 99=19103, 99.9=35967, 99.99=35967] 
2020-09-30 12:37:07:933 110 sec: 488902 operations; 4612.5 current ops/sec; est completion in 35 minutes [READ: Count=46073, Max=817663, Min=2, Avg=27958.68, 90=56063, 99=558591, 99.9=675327, 99.99=717311] [READ-FAILED: Count=55, Max=139007, Min=1602, Avg=10076.24, 90=16623, 99=104767, 99.9=139007, 99.99=139007] 
2020-09-30 12:37:17:933 120 sec: 534851 operations; 4594.44 current ops/sec; est completion in 35 minutes [READ: Count=45891, Max=685055, Min=2, Avg=27961.26, 90=46559, 99=551423, 99.9=605695, 99.99=638463] [READ-FAILED: Count=57, Max=21919, Min=1281, Avg=5026.74, 90=8003, 99=19535, 99.9=21919, 99.99=21919] 
2020-09-30 12:37:27:933 130 sec: 585515 operations; 5066.91 current ops/sec; est completion in 34 minutes [READ: Count=50601, Max=708095, Min=2, Avg=24990.74, 90=52447, 99=534015, 99.9=613375, 99.99=662015] [READ-FAILED: Count=61, Max=50783, Min=1976, Avg=7221.74, 90=11967, 99=41055, 99.9=50783, 99.99=50783] 
2020-09-30 12:37:37:934 140 sec: 637291 operations; 5177.6 current ops/sec; est completion in 34 minutes [READ: Count=51718, Max=749567, Min=2, Avg=24781.35, 90=45279, 99=532991, 99.9=619007, 99.99=727551] [READ-FAILED: Count=64, Max=84863, Min=1479, Avg=7440.36, 90=10511, 99=40799, 99.9=84863, 99.99=84863] 
2020-09-30 12:37:47:933 150 sec: 691190 operations; 5389.9 current ops/sec; est completion in 33 minutes [READ: Count=53835, Max=989695, Min=2, Avg=24053.87, 90=52095, 99=529919, 99.9=603135, 99.99=661503] [READ-FAILED: Count=62, Max=136575, Min=2045, Avg=8143.24, 90=15879, 99=28655, 99.9=136575, 99.99=136575] 
2020-09-30 12:37:57:933 160 sec: 742783 operations; 5159.3 current ops/sec; est completion in 33 minutes [READ: Count=51525, Max=651775, Min=2, Avg=24388.62, 90=50239, 99=534015, 99.9=613375, 99.99=639487] [READ-FAILED: Count=67, Max=65471, Min=2140, Avg=7079.76, 90=12031, 99=29471, 99.9=65471, 99.99=65471] 
2020-09-30 12:38:07:934 170 sec: 794450 operations; 5166.18 current ops/sec; est completion in 32 minutes [READ: Count=51604, Max=822783, Min=2, Avg=24967.81, 90=47839, 99=544767, 99.9=628735, 99.99=730111] [READ-FAILED: Count=62, Max=58335, Min=1702, Avg=7465.73, 90=16495, 99=23023, 99.9=58335, 99.99=58335] 
2020-09-30 12:38:17:933 180 sec: 838191 operations; 4374.1 current ops/sec; est completion in 32 minutes [READ: Count=43688, Max=638463, Min=2, Avg=29549.44, 90=46719, 99=547327, 99.9=617983, 99.99=634879] [READ-FAILED: Count=52, Max=27423, Min=1722, Avg=5623.31, 90=9783, 99=25951, 99.9=27423, 99.99=27423] 
2020-09-30 12:38:27:933 190 sec: 887793 operations; 4960.7 current ops/sec; est completion in 32 minutes [READ: Count=49546, Max=1155071, Min=2, Avg=25453.18, 90=48543, 99=541183, 99.9=636415, 99.99=1111039] [READ-FAILED: Count=56, Max=18575, Min=1944, Avg=5594.73, 90=8831, 99=17775, 99.9=18575, 99.99=18575] 
2020-09-30 12:38:37:933 200 sec: 934081 operations; 4628.8 current ops/sec; est completion in 32 minutes [READ: Count=46226, Max=686591, Min=2, Avg=27998.65, 90=51967, 99=549375, 99.9=621055, 99.99=646655] [READ-FAILED: Count=61, Max=45823, Min=2166, Avg=6800.85, 90=12463, 99=29055, 99.9=45823, 99.99=45823] 
2020-09-30 12:38:47:933 210 sec: 985008 operations; 5092.7 current ops/sec; est completion in 32 minutes [READ: Count=50868, Max=744959, Min=2, Avg=24922.38, 90=41695, 99=544767, 99.9=623103, 99.99=661503] [READ-FAILED: Count=59, Max=35263, Min=1973, Avg=6980.93, 90=15951, 99=21743, 99.9=35263, 99.99=35263] 
2020-09-30 12:38:57:933 220 sec: 1035459 operations; 5045.1 current ops/sec; est completion in 31 minutes [READ: Count=50384, Max=719871, Min=2, Avg=25506.84, 90=52671, 99=537599, 99.9=614911, 99.99=683519] [READ-FAILED: Count=68, Max=45279, Min=1833, Avg=6519.43, 90=12927, 99=18639, 99.9=45279, 99.99=45279] 
2020-09-30 12:39:07:933 230 sec: 1085352 operations; 4989.3 current ops/sec; est completion in 31 minutes [READ: Count=49830, Max=724479, Min=2, Avg=25726.41, 90=46175, 99=549887, 99.9=638463, 99.99=702975] [READ-FAILED: Count=65, Max=78591, Min=2156, Avg=8293.86, 90=15143, 99=28239, 99.9=78591, 99.99=78591] 
2020-09-30 12:39:17:934 240 sec: 1132813 operations; 4745.63 current ops/sec; est completion in 31 minutes [READ: Count=47392, Max=733695, Min=2, Avg=27072.23, 90=51295, 99=542719, 99.9=620543, 99.99=685055] [READ-FAILED: Count=69, Max=114879, Min=1897, Avg=8959.49, 90=15967, 99=54463, 99.9=114879, 99.99=114879] 
2020-09-30 12:39:27:933 250 sec: 1184364 operations; 5155.62 current ops/sec; est completion in 31 minutes [READ: Count=51496, Max=743935, Min=2, Avg=24783.5, 90=42015, 99=544767, 99.9=616447, 99.99=664063] [READ-FAILED: Count=59, Max=44287, Min=2102, Avg=6243.69, 90=10591, 99=28463, 99.9=44287, 99.99=44287] 
2020-09-30 12:39:37:934 260 sec: 1230004 operations; 4563.54 current ops/sec; est completion in 30 minutes [READ: Count=45590, Max=720383, Min=2, Avg=27881.66, 90=54751, 99=544767, 99.9=643583, 99.99=697343] [READ-FAILED: Count=47, Max=45791, Min=1805, Avg=7613.02, 90=17039, 99=45791, 99.9=45791, 99.99=45791] 
2020-09-30 12:39:47:933 270 sec: 1274248 operations; 4424.84 current ops/sec; est completion in 30 minutes [READ: Count=44197, Max=1016319, Min=2, Avg=28930.32, 90=47007, 99=559103, 99.9=691711, 99.99=1010687] [READ-FAILED: Count=46, Max=21167, Min=2240, Avg=6047, 90=9095, 99=21167, 99.9=21167, 99.99=21167] 
2020-09-30 12:39:57:933 280 sec: 1323167 operations; 4891.9 current ops/sec; est completion in 30 minutes [READ: Count=48854, Max=961535, Min=2, Avg=26304.84, 90=48607, 99=545791, 99.9=672767, 99.99=790527] [READ-FAILED: Count=65, Max=26927, Min=1711, Avg=6641.42, 90=12583, 99=22479, 99.9=26927, 99.99=26927] 
2020-09-30 12:40:07:933 290 sec: 1374427 operations; 5126 current ops/sec; est completion in 30 minutes [READ: Count=51203, Max=645631, Min=2, Avg=25049.84, 90=40959, 99=536575, 99.9=609791, 99.99=638975] [READ-FAILED: Count=55, Max=50431, Min=2021, Avg=6241.25, 90=10295, 99=27775, 99.9=50431, 99.99=50431] 
2020-09-30 12:40:17:933 300 sec: 1419778 operations; 4535.1 current ops/sec; est completion in 30 minutes [READ: Count=45275, Max=1399807, Min=2, Avg=28471.67, 90=53503, 99=541695, 99.9=627711, 99.99=694271] [READ-FAILED: Count=75, Max=102847, Min=1926, Avg=9905.07, 90=22431, 99=42367, 99.9=102847, 99.99=102847] 
Maximum time elapsed. Requesting stop for the workload.
Stop requested for workload. Now Joining!
[36m12:40:18.391[m [[34;1mINFO[m] [1;34mp.u.t.s.y.Stats.clientFinished@38[m: 
Ended SconeKV benchmark.
Number of clients: 128
Total transactions: 282636
Committed: 282636 (100.0%)
Aborted: 0 (0.0%)
2020-09-30 12:40:18:396 300 sec: 1420848 operations; 2306.03 current ops/sec; est completion in 30 minutes [READ: Count=1068, Max=578047, Min=5, Avg=32726.89, 90=71935, 99=523007, 99.9=577535, 99.99=578047] [CLEANUP: Count=128, Max=1668, Min=2, Avg=17.54, 90=5, 99=82, 99.9=1668, 99.99=1668] [READ-FAILED: Count=2, Max=4679, Min=4136, Avg=4408, 90=4679, 99=4679, 99.9=4679, 99.99=4679] 
[OVERALL], RunTime(ms), 300459
[OVERALL], Throughput(ops/sec), 4728.924745139936
[TOTAL_GCS_G1_Young_Generation], Count, 158
[TOTAL_GC_TIME_G1_Young_Generation], Time(ms), 2575
[TOTAL_GC_TIME_%_G1_Young_Generation], Time(%), 0.8570220895363427
[TOTAL_GCS_G1_Old_Generation], Count, 0
[TOTAL_GC_TIME_G1_Old_Generation], Time(ms), 0
[TOTAL_GC_TIME_%_G1_Old_Generation], Time(%), 0.0
[TOTAL_GCs], Count, 158
[TOTAL_GC_TIME], Time(ms), 2575
[TOTAL_GC_TIME_%], Time(%), 0.8570220895363427
[READ], Operations, 1419114
[READ], AverageLatency(us), 26573.46008143109
[READ], MinLatency(us), 2
[READ], MaxLatency(us), 2826239
[READ], 95thPercentileLatency(us), 76479
[READ], 99thPercentileLatency(us), 541695
[READ], Return=OK, 1419114
[READ], Return=NOT_FOUND, 1734
[CLEANUP], Operations, 128
[CLEANUP], AverageLatency(us), 17.5390625
[CLEANUP], MinLatency(us), 2
[CLEANUP], MaxLatency(us), 1668
[CLEANUP], 95thPercentileLatency(us), 12
[CLEANUP], 99thPercentileLatency(us), 82
[READ-FAILED], Operations, 1734
[READ-FAILED], AverageLatency(us), 7655.833910034602
[READ-FAILED], MinLatency(us), 1281
[READ-FAILED], MaxLatency(us), 162687
[READ-FAILED], 95thPercentileLatency(us), 21711
[READ-FAILED], 99thPercentileLatency(us), 50431
