Command line: -t -db pt.ulisboa.tecnico.sconekv.ycsb.SconeKVClient -P workloadf -threads 16 -s -p scone.tx_size=5 -p operationcount=10000000 -p maxexecutiontime=300
YCSB Client 0.17.0

Loading workload...
Starting test.
WARNING: sun.reflect.Reflection.getCallerClass is not supported. This will impact performance.
Maximum execution time specified as: 300 secs
2020-09-30 13:01:28:304 0 sec: 0 operations; est completion in 0 second 
DBWrapper: report latency for each error is false and specific error codes to track for latency are: []
DBWrapper: report latency for each error is false and specific error codes to track for latency are: []
DBWrapper: report latency for each error is false and specific error codes to track for latency are: []
DBWrapper: report latency for each error is false and specific error codes to track for latency are: []
DBWrapper: report latency for each error is false and specific error codes to track for latency are: []
DBWrapper: report latency for each error is false and specific error codes to track for latency are: []
DBWrapper: report latency for each error is false and specific error codes to track for latency are: []
DBWrapper: report latency for each error is false and specific error codes to track for latency are: []
DBWrapper: report latency for each error is false and specific error codes to track for latency are: []
DBWrapper: report latency for each error is false and specific error codes to track for latency are: []
DBWrapper: report latency for each error is false and specific error codes to track for latency are: []
DBWrapper: report latency for each error is false and specific error codes to track for latency are: []
DBWrapper: report latency for each error is false and specific error codes to track for latency are: []
DBWrapper: report latency for each error is false and specific error codes to track for latency are: []
DBWrapper: report latency for each error is false and specific error codes to track for latency are: []
DBWrapper: report latency for each error is false and specific error codes to track for latency are: []
2020-09-30 13:01:38:303 10 sec: 9007 operations; 900.61 current ops/sec; est completion in 3 hours 4 minutes [READ: Count=8993, Max=1030655, Min=1, Avg=14366.7, 90=22543, 99=331007, 99.9=599551, 99.99=911359] [READ-MODIFY-WRITE: Count=4436, Max=914431, Min=6, Avg=15236.95, 90=25919, 99=360447, 99.9=697855, 99.99=914431] [UPDATE: Count=4436, Max=45343, Min=1, Avg=879.75, 90=2905, 99=10543, 99.9=30559, 99.99=45343] [READ-FAILED: Count=15, Max=11063, Min=2080, Avg=3744.87, 90=4607, 99=11063, 99.9=11063, 99.99=11063] 
2020-09-30 13:01:48:303 20 sec: 21936 operations; 1293.03 current ops/sec; est completion in 2 hours 31 minutes [READ: Count=12914, Max=562687, Min=0, Avg=12124.54, 90=19631, 99=231935, 99.9=533503, 99.99=557567] [READ-MODIFY-WRITE: Count=6452, Max=560127, Min=3, Avg=12340.13, 90=22431, 99=212095, 99.9=539135, 99.99=555007] [UPDATE: Count=6461, Max=65055, Min=1, Avg=725.11, 90=2633, 99=7355, 99.9=27391, 99.99=51487] [READ-FAILED: Count=16, Max=3713, Min=1869, Avg=2569.38, 90=3079, 99=3713, 99.9=3713, 99.99=3713] 
2020-09-30 13:01:58:303 30 sec: 36358 operations; 1442.06 current ops/sec; est completion in 2 hours 17 minutes [READ: Count=14401, Max=559615, Min=0, Avg=10759.31, 90=19119, 99=122367, 99.9=522239, 99.99=553471] [READ-MODIFY-WRITE: Count=7289, Max=544255, Min=3, Avg=11021.97, 90=21919, 99=100223, 99.9=523007, 99.99=538111] [UPDATE: Count=7285, Max=278527, Min=1, Avg=706.56, 90=2547, 99=6131, 99.9=19663, 99.99=68287] [READ-FAILED: Count=21, Max=9159, Min=1811, Avg=3077.71, 90=3405, 99=9159, 99.9=9159, 99.99=9159] 
2020-09-30 13:02:08:303 40 sec: 52025 operations; 1566.7 current ops/sec; est completion in 2 hours 7 minutes [READ: Count=15643, Max=568319, Min=0, Avg=9822.1, 90=18479, 99=64383, 99.9=523263, 99.99=541183] [READ-MODIFY-WRITE: Count=7907, Max=570879, Min=3, Avg=10754, 90=21231, 99=86463, 99.9=525311, 99.99=543231] [UPDATE: Count=7902, Max=79999, Min=1, Avg=708.24, 90=2537, 99=5991, 99.9=22847, 99.99=55679] [READ-FAILED: Count=23, Max=20431, Min=1869, Avg=3532.13, 90=3885, 99=20431, 99.9=20431, 99.99=20431] 
2020-09-30 13:02:18:303 50 sec: 69180 operations; 1715.67 current ops/sec; est completion in 1 hour 59 minutes [READ: Count=17134, Max=787967, Min=0, Avg=9064.46, 90=17647, 99=54463, 99.9=524287, 99.99=547839] [READ-MODIFY-WRITE: Count=8625, Max=790527, Min=2, Avg=9780.98, 90=20415, 99=63199, 99.9=525823, 99.99=546303] [UPDATE: Count=8628, Max=57887, Min=1, Avg=650.51, 90=2499, 99=4503, 99.9=18943, 99.99=49343] [READ-FAILED: Count=23, Max=31359, Min=1977, Avg=4860.91, 90=5315, 99=31359, 99.9=31359, 99.99=31359] 
2020-09-30 13:02:28:306 60 sec: 84801 operations; 1561.48 current ops/sec; est completion in 1 hour 56 minutes [READ: Count=15608, Max=577023, Min=0, Avg=9786.54, 90=17791, 99=64095, 99.9=528895, 99.99=549375] [READ-MODIFY-WRITE: Count=7850, Max=579583, Min=2, Avg=10574.83, 90=20943, 99=75199, 99.9=530431, 99.99=558591] [UPDATE: Count=7848, Max=70591, Min=1, Avg=749.44, 90=2599, 99=7815, 99.9=28175, 99.99=64767] [READ-FAILED: Count=11, Max=6519, Min=1987, Avg=3170.27, 90=4935, 99=6519, 99.9=6519, 99.99=6519] 
2020-09-30 13:02:38:305 70 sec: 99777 operations; 1498.2 current ops/sec; est completion in 1 hour 55 minutes [READ: Count=14964, Max=986623, Min=0, Avg=10395.92, 90=17039, 99=147071, 99.9=524799, 99.99=554495] [READ-MODIFY-WRITE: Count=7514, Max=989183, Min=2, Avg=10925.3, 90=19631, 99=170367, 99.9=526847, 99.99=557055] [UPDATE: Count=7516, Max=95359, Min=1, Avg=634.45, 90=2435, 99=4159, 99.9=14863, 99.99=95167] [READ-FAILED: Count=14, Max=4775, Min=2200, Avg=2706.93, 90=3369, 99=4775, 99.9=4775, 99.99=4775] 
2020-09-30 13:02:48:303 80 sec: 117543 operations; 1776.42 current ops/sec; est completion in 1 hour 52 minutes [READ: Count=17744, Max=574975, Min=0, Avg=8708.59, 90=17487, 99=53887, 99.9=518911, 99.99=550399] [READ-MODIFY-WRITE: Count=8965, Max=577535, Min=2, Avg=9215.2, 90=20319, 99=56127, 99.9=521727, 99.99=556543] [UPDATE: Count=8967, Max=37599, Min=1, Avg=667.86, 90=2573, 99=6079, 99.9=18463, 99.99=26143] [READ-FAILED: Count=20, Max=8743, Min=1742, Avg=2934.9, 90=3477, 99=8743, 99.9=8743, 99.99=8743] 
2020-09-30 13:02:58:303 90 sec: 135753 operations; 1821.18 current ops/sec; est completion in 1 hour 49 minutes [READ: Count=18186, Max=581119, Min=0, Avg=8471.28, 90=16815, 99=43263, 99.9=520703, 99.99=541183] [READ-MODIFY-WRITE: Count=9176, Max=543231, Min=3, Avg=8858.95, 90=19791, 99=44575, 99.9=523007, 99.99=542207] [UPDATE: Count=9179, Max=46047, Min=1, Avg=628.95, 90=2529, 99=4475, 99.9=13735, 99.99=28383] [READ-FAILED: Count=26, Max=7467, Min=2058, Avg=2957.12, 90=3715, 99=7467, 99.9=7467, 99.99=7467] 
2020-09-30 13:03:08:303 100 sec: 155228 operations; 1947.5 current ops/sec; est completion in 1 hour 45 minutes [READ: Count=19449, Max=577535, Min=0, Avg=7857.12, 90=16831, 99=41983, 99.9=519679, 99.99=549887] [READ-MODIFY-WRITE: Count=9559, Max=580095, Min=2, Avg=8678.41, 90=19711, 99=44447, 99.9=522751, 99.99=549887] [UPDATE: Count=9562, Max=71359, Min=1, Avg=692.3, 90=2581, 99=5079, 99.9=23967, 99.99=67071] [READ-FAILED: Count=23, Max=17439, Min=1806, Avg=3649.09, 90=4947, 99=17439, 99.9=17439, 99.99=17439] 
2020-09-30 13:03:18:303 110 sec: 172903 operations; 1767.5 current ops/sec; est completion in 1 hour 44 minutes [READ: Count=17667, Max=759295, Min=0, Avg=8657.75, 90=16671, 99=47135, 99.9=527871, 99.99=553983] [READ-MODIFY-WRITE: Count=8855, Max=762367, Min=2, Avg=9237.06, 90=19375, 99=51647, 99.9=534015, 99.99=637951] [UPDATE: Count=8844, Max=324607, Min=1, Avg=655.43, 90=2511, 99=4867, 99.9=15223, 99.99=39839] [READ-FAILED: Count=8, Max=2931, Min=1945, Avg=2364.88, 90=2503, 99=2931, 99.9=2931, 99.99=2931] 
2020-09-30 13:03:28:303 120 sec: 189777 operations; 1687.4 current ops/sec; est completion in 1 hour 43 minutes [READ: Count=16854, Max=639487, Min=1, Avg=9178.37, 90=16959, 99=51231, 99.9=527871, 99.99=629759] [READ-MODIFY-WRITE: Count=8490, Max=641535, Min=3, Avg=9756.96, 90=19903, 99=54143, 99.9=538623, 99.99=640511] [UPDATE: Count=8492, Max=488703, Min=1, Avg=712.82, 90=2523, 99=5567, 99.9=25087, 99.99=54783] [READ-FAILED: Count=25, Max=3993, Min=1374, Avg=2544.6, 90=3253, 99=3993, 99.9=3993, 99.99=3993] 
2020-09-30 13:03:38:303 130 sec: 207621 operations; 1784.4 current ops/sec; est completion in 1 hour 42 minutes [READ: Count=17828, Max=567295, Min=0, Avg=8635.09, 90=16543, 99=51551, 99.9=518655, 99.99=553983] [READ-MODIFY-WRITE: Count=9071, Max=556543, Min=3, Avg=9177.78, 90=19423, 99=55935, 99.9=520191, 99.99=540671] [UPDATE: Count=9070, Max=67135, Min=1, Avg=660.4, 90=2587, 99=5035, 99.9=22095, 99.99=55807] [READ-FAILED: Count=12, Max=2773, Min=1625, Avg=2397.83, 90=2725, 99=2773, 99.9=2773, 99.99=2773] 
2020-09-30 13:03:48:303 140 sec: 225737 operations; 1811.42 current ops/sec; est completion in 1 hour 41 minutes [READ: Count=18101, Max=600063, Min=0, Avg=8471.89, 90=17551, 99=46335, 99.9=523007, 99.99=548863] [READ-MODIFY-WRITE: Count=9014, Max=602623, Min=3, Avg=9217.13, 90=20207, 99=51327, 99.9=526335, 99.99=558079] [UPDATE: Count=9014, Max=52735, Min=1, Avg=652.86, 90=2543, 99=5131, 99.9=15831, 99.99=42527] [READ-FAILED: Count=16, Max=5823, Min=1691, Avg=2765.81, 90=3055, 99=5823, 99.9=5823, 99.99=5823] 
2020-09-30 13:03:58:303 150 sec: 244235 operations; 1849.98 current ops/sec; est completion in 1 hour 39 minutes [READ: Count=18477, Max=551423, Min=0, Avg=8356.35, 90=16399, 99=44255, 99.9=520191, 99.99=541695] [READ-MODIFY-WRITE: Count=9252, Max=553471, Min=2, Avg=9071.44, 90=19279, 99=47903, 99.9=523263, 99.99=549375] [UPDATE: Count=9258, Max=45823, Min=0, Avg=679.5, 90=2579, 99=5543, 99.9=22447, 99.99=37471] [READ-FAILED: Count=23, Max=5999, Min=1786, Avg=2718.09, 90=3063, 99=5999, 99.9=5999, 99.99=5999] 
2020-09-30 13:04:08:303 160 sec: 262267 operations; 1803.2 current ops/sec; est completion in 1 hour 39 minutes [READ: Count=18009, Max=567295, Min=0, Avg=8537.17, 90=16719, 99=48415, 99.9=525311, 99.99=545279] [READ-MODIFY-WRITE: Count=9092, Max=569343, Min=3, Avg=9041.83, 90=19567, 99=53663, 99.9=524031, 99.99=548351] [UPDATE: Count=9092, Max=51295, Min=1, Avg=669.73, 90=2597, 99=5319, 99.9=23215, 99.99=43871] [READ-FAILED: Count=20, Max=5267, Min=1926, Avg=2713.1, 90=3611, 99=5267, 99.9=5267, 99.99=5267] 
2020-09-30 13:04:18:303 170 sec: 280310 operations; 1804.3 current ops/sec; est completion in 1 hour 38 minutes [READ: Count=18020, Max=565247, Min=0, Avg=8480.34, 90=16311, 99=46399, 99.9=521983, 99.99=555519] [READ-MODIFY-WRITE: Count=9060, Max=567295, Min=2, Avg=9503.03, 90=19263, 99=56447, 99.9=526335, 99.99=559615] [UPDATE: Count=9056, Max=50879, Min=1, Avg=672.59, 90=2579, 99=5299, 99.9=23359, 99.99=47775] [READ-FAILED: Count=23, Max=7671, Min=2045, Avg=3504.48, 90=4887, 99=7671, 99.9=7671, 99.99=7671] 
2020-09-30 13:04:28:303 180 sec: 296988 operations; 1667.8 current ops/sec; est completion in 1 hour 38 minutes [READ: Count=16667, Max=597503, Min=0, Avg=9095.64, 90=16735, 99=57791, 99.9=526335, 99.99=556543] [READ-MODIFY-WRITE: Count=8365, Max=558079, Min=2, Avg=9715.82, 90=19487, 99=64255, 99.9=524799, 99.99=548863] [UPDATE: Count=8362, Max=66239, Min=0, Avg=679.22, 90=2551, 99=5531, 99.9=29951, 99.99=50687] [READ-FAILED: Count=10, Max=3763, Min=1974, Avg=2821.3, 90=3617, 99=3763, 99.9=3763, 99.99=3763] 
2020-09-30 13:04:38:303 190 sec: 315797 operations; 1880.9 current ops/sec; est completion in 1 hour 37 minutes [READ: Count=18801, Max=764927, Min=0, Avg=8351.2, 90=16863, 99=46399, 99.9=528383, 99.99=557055] [READ-MODIFY-WRITE: Count=9308, Max=767999, Min=2, Avg=8785.39, 90=19759, 99=47775, 99.9=525311, 99.99=560639] [UPDATE: Count=9312, Max=48895, Min=1, Avg=665.82, 90=2583, 99=5359, 99.9=16783, 99.99=41055] [READ-FAILED: Count=9, Max=40639, Min=1870, Avg=7621.33, 90=10175, 99=40639, 99.9=40639, 99.99=40639] 
2020-09-30 13:04:48:303 200 sec: 334633 operations; 1883.6 current ops/sec; est completion in 1 hour 36 minutes [READ: Count=18821, Max=563711, Min=0, Avg=8050.75, 90=16591, 99=45759, 99.9=519167, 99.99=551935] [READ-MODIFY-WRITE: Count=9449, Max=570879, Min=2, Avg=8614.98, 90=19631, 99=47455, 99.9=522751, 99.99=555007] [UPDATE: Count=9449, Max=46175, Min=1, Avg=693.5, 90=2611, 99=5903, 99.9=18175, 99.99=32271] [READ-FAILED: Count=16, Max=14503, Min=1981, Avg=3553.44, 90=3635, 99=14503, 99.9=14503, 99.99=14503] 
2020-09-30 13:04:58:303 210 sec: 352367 operations; 1773.4 current ops/sec; est completion in 1 hour 35 minutes [READ: Count=17715, Max=830975, Min=0, Avg=8786.21, 90=16495, 99=49343, 99.9=523519, 99.99=548351] [READ-MODIFY-WRITE: Count=8981, Max=832511, Min=3, Avg=9492.14, 90=19375, 99=54111, 99.9=528895, 99.99=555519] [UPDATE: Count=8980, Max=61023, Min=1, Avg=656.19, 90=2495, 99=5303, 99.9=20255, 99.99=41983] [READ-FAILED: Count=20, Max=4799, Min=1995, Avg=2867.7, 90=3233, 99=4799, 99.9=4799, 99.99=4799] 
2020-09-30 13:05:08:303 220 sec: 369451 operations; 1708.4 current ops/sec; est completion in 1 hour 35 minutes [READ: Count=17068, Max=599551, Min=0, Avg=8989.22, 90=16943, 99=57791, 99.9=521983, 99.99=556031] [READ-MODIFY-WRITE: Count=8599, Max=559615, Min=2, Avg=9172, 90=19743, 99=56959, 99.9=520191, 99.99=556031] [UPDATE: Count=8599, Max=48383, Min=1, Avg=677.76, 90=2521, 99=5915, 99.9=26287, 99.99=47839] [READ-FAILED: Count=15, Max=3891, Min=1916, Avg=2675.2, 90=3751, 99=3891, 99.9=3891, 99.99=3891] 
2020-09-30 13:05:18:303 230 sec: 386832 operations; 1737.93 current ops/sec; est completion in 1 hour 35 minutes [READ: Count=17367, Max=807935, Min=0, Avg=8799.96, 90=16895, 99=55935, 99.9=530943, 99.99=599039] [READ-MODIFY-WRITE: Count=8671, Max=810495, Min=2, Avg=9699.84, 90=19823, 99=61375, 99.9=535039, 99.99=602111] [UPDATE: Count=8671, Max=43775, Min=0, Avg=664.03, 90=2545, 99=5363, 99.9=20111, 99.99=42047] [READ-FAILED: Count=14, Max=3489, Min=2050, Avg=2764, 90=3291, 99=3489, 99.9=3489, 99.99=3489] 
2020-09-30 13:05:28:303 240 sec: 403510 operations; 1667.97 current ops/sec; est completion in 1 hour 35 minutes [READ: Count=16658, Max=664063, Min=0, Avg=9325.92, 90=16431, 99=74303, 99.9=524287, 99.99=563199] [READ-MODIFY-WRITE: Count=8270, Max=667135, Min=3, Avg=10295.84, 90=19391, 99=89791, 99.9=529919, 99.99=594943] [UPDATE: Count=8269, Max=75839, Min=1, Avg=679.07, 90=2517, 99=5295, 99.9=22415, 99.99=68223] [READ-FAILED: Count=19, Max=4071, Min=2088, Avg=2881.11, 90=3855, 99=4071, 99.9=4071, 99.99=4071] 
2020-09-30 13:05:38:303 250 sec: 422638 operations; 1912.61 current ops/sec; est completion in 1 hour 34 minutes [READ: Count=19111, Max=563199, Min=0, Avg=8059.54, 90=16495, 99=43615, 99.9=529919, 99.99=551935] [READ-MODIFY-WRITE: Count=9514, Max=565247, Min=3, Avg=8596.38, 90=19359, 99=49919, 99.9=526335, 99.99=560639] [UPDATE: Count=9512, Max=50111, Min=1, Avg=630.25, 90=2521, 99=4595, 99.9=16007, 99.99=47391] [READ-FAILED: Count=17, Max=3473, Min=1859, Avg=2457.18, 90=3119, 99=3473, 99.9=3473, 99.99=3473] 
2020-09-30 13:05:48:303 260 sec: 438622 operations; 1598.4 current ops/sec; est completion in 1 hour 34 minutes [READ: Count=15974, Max=551935, Min=0, Avg=9494.94, 90=17183, 99=61055, 99.9=522751, 99.99=545279] [READ-MODIFY-WRITE: Count=7969, Max=547327, Min=4, Avg=9756.88, 90=19887, 99=62143, 99.9=524287, 99.99=546815] [UPDATE: Count=7970, Max=48863, Min=1, Avg=649.99, 90=2513, 99=5719, 99.9=18383, 99.99=40159] [READ-FAILED: Count=9, Max=2879, Min=1854, Avg=2340.44, 90=2879, 99=2879, 99.9=2879, 99.99=2879] 
2020-09-30 13:05:58:302 270 sec: 456636 operations; 1801.58 current ops/sec; est completion in 1 hour 34 minutes [READ: Count=17997, Max=549887, Min=0, Avg=8716.09, 90=17103, 99=52447, 99.9=520191, 99.99=541695] [READ-MODIFY-WRITE: Count=9075, Max=551935, Min=2, Avg=9503.67, 90=20079, 99=59039, 99.9=521215, 99.99=550911] [UPDATE: Count=9077, Max=69951, Min=1, Avg=676.29, 90=2533, 99=6191, 99.9=19103, 99.99=43775] [READ-FAILED: Count=19, Max=11463, Min=1743, Avg=3234.79, 90=4147, 99=11463, 99.9=11463, 99.99=11463] 
2020-09-30 13:06:08:303 280 sec: 474856 operations; 1822 current ops/sec; est completion in 1 hour 33 minutes [READ: Count=18207, Max=557567, Min=0, Avg=8454.61, 90=16399, 99=54015, 99.9=521215, 99.99=550399] [READ-MODIFY-WRITE: Count=9124, Max=553471, Min=2, Avg=9304.12, 90=19231, 99=62303, 99.9=527359, 99.99=546815] [UPDATE: Count=9123, Max=92991, Min=1, Avg=622.82, 90=2499, 99=4687, 99.9=16607, 99.99=27487] [READ-FAILED: Count=14, Max=3517, Min=1973, Avg=2362.07, 90=2641, 99=3517, 99.9=3517, 99.99=3517] 
2020-09-30 13:06:18:303 290 sec: 493178 operations; 1832.2 current ops/sec; est completion in 1 hour 33 minutes [READ: Count=18300, Max=549375, Min=0, Avg=8175.82, 90=16959, 99=44671, 99.9=518911, 99.99=532479] [READ-MODIFY-WRITE: Count=9202, Max=540671, Min=3, Avg=9142.85, 90=19807, 99=50975, 99.9=521215, 99.99=535039] [UPDATE: Count=9200, Max=48127, Min=1, Avg=658.52, 90=2543, 99=5179, 99.9=17855, 99.99=46239] [READ-FAILED: Count=21, Max=15719, Min=1752, Avg=3277.48, 90=3147, 99=15719, 99.9=15719, 99.99=15719] 
2020-09-30 13:06:28:303 300 sec: 509550 operations; 1637.2 current ops/sec; est completion in 1 hour 33 minutes [READ: Count=16357, Max=599551, Min=0, Avg=9726.8, 90=16735, 99=69887, 99.9=527359, 99.99=590335] [READ-MODIFY-WRITE: Count=8064, Max=602623, Min=3, Avg=10680.88, 90=19647, 99=95679, 99.9=532479, 99.99=593407] [UPDATE: Count=8068, Max=38143, Min=1, Avg=653.75, 90=2527, 99=5163, 99.9=21743, 99.99=34335] [READ-FAILED: Count=17, Max=5171, Min=2035, Avg=2738.12, 90=3041, 99=5171, 99.9=5171, 99.99=5171] 
Maximum time elapsed. Requesting stop for the workload.
Stop requested for workload. Now Joining!
[36m13:06:28.367[m [[34;1mINFO[m] [1;34mp.u.t.s.y.Stats.clientFinished@38[m: 
Ended SconeKV benchmark.
Number of clients: 16
Total transactions: 112615
Committed: 95520 (84.81996%)
Aborted: 17095 (15.1800375%)
2020-09-30 13:06:28:368 300 sec: 509699 operations; 2257.58 current ops/sec; est completion in 1 hour 33 minutes [READ: Count=145, Max=21119, Min=1642, Avg=6165.21, 90=17343, 99=20719, 99.9=21119, 99.99=21119] [READ-MODIFY-WRITE: Count=62, Max=23711, Min=1865, Avg=6027.16, 90=19055, 99=22799, 99.9=23711, 99.99=23711] [CLEANUP: Count=16, Max=1459, Min=2, Avg=95.5, 90=16, 99=1459, 99.9=1459, 99.99=1459] [UPDATE: Count=58, Max=4081, Min=2, Avg=650.45, 90=2845, 99=3521, 99.9=4081, 99.99=4081] [READ-FAILED: Count=0, Max=0, Min=9223372036854775807, Avg=NaN, 90=0, 99=0, 99.9=0, 99.99=0] 
[OVERALL], RunTime(ms), 300066
[OVERALL], Throughput(ops/sec), 1698.6229696133516
[TOTAL_GCS_G1_Young_Generation], Count, 99
[TOTAL_GC_TIME_G1_Young_Generation], Time(ms), 619
[TOTAL_GC_TIME_%_G1_Young_Generation], Time(%), 0.20628794998433678
[TOTAL_GCS_G1_Old_Generation], Count, 0
[TOTAL_GC_TIME_G1_Old_Generation], Time(ms), 0
[TOTAL_GC_TIME_%_G1_Old_Generation], Time(%), 0.0
[TOTAL_GCs], Count, 99
[TOTAL_GC_TIME], Time(ms), 619
[TOTAL_GC_TIME_%], Time(%), 0.20628794998433678
[READ], Operations, 509180
[READ], AverageLatency(us), 9031.756223732275
[READ], MinLatency(us), 0
[READ], MaxLatency(us), 1030655
[READ], 95thPercentileLatency(us), 21423
[READ], 99thPercentileLatency(us), 54943
[READ], Return=OK, 509180
[READ], Return=NOT_FOUND, 519
[READ-MODIFY-WRITE], Operations, 255260
[READ-MODIFY-WRITE], AverageLatency(us), 9681.278002820653
[READ-MODIFY-WRITE], MinLatency(us), 2
[READ-MODIFY-WRITE], MaxLatency(us), 989183
[READ-MODIFY-WRITE], 95thPercentileLatency(us), 24655
[READ-MODIFY-WRITE], 99thPercentileLatency(us), 59967
[CLEANUP], Operations, 16
[CLEANUP], AverageLatency(us), 95.5
[CLEANUP], MinLatency(us), 2
[CLEANUP], MaxLatency(us), 1459
[CLEANUP], 95thPercentileLatency(us), 19
[CLEANUP], 99thPercentileLatency(us), 1459
[UPDATE], Operations, 255260
[UPDATE], AverageLatency(us), 674.0734114236465
[UPDATE], MinLatency(us), 0
[UPDATE], MaxLatency(us), 488703
[UPDATE], 95thPercentileLatency(us), 2999
[UPDATE], 99thPercentileLatency(us), 5539
[UPDATE], Return=OK, 255260
[READ-FAILED], Operations, 519
[READ-FAILED], AverageLatency(us), 3116.5684007707127
[READ-FAILED], MinLatency(us), 1374
[READ-FAILED], MaxLatency(us), 40639
[READ-FAILED], 95thPercentileLatency(us), 4935
[READ-FAILED], 99thPercentileLatency(us), 15719
