Command line: -t -db pt.ulisboa.tecnico.sconekv.ycsb.SconeKVClient -P workloadb -threads 256 -s -p scone.tx_size=5 -p operationcount=10000000 -p maxexecutiontime=300
YCSB Client 0.17.0

Loading workload...
Starting test.
WARNING: sun.reflect.Reflection.getCallerClass is not supported. This will impact performance.
2020-09-30 11:47:04:564 0 sec: 0 operations; est completion in 0 second 
Maximum execution time specified as: 300 secs
DBWrapper: report latency for each error is false and specific error codes to track for latency are: []
DBWrapper: report latency for each error is false and specific error codes to track for latency are: []
DBWrapper: report latency for each error is false and specific error codes to track for latency are: []
DBWrapper: report latency for each error is false and specific error codes to track for latency are: []
DBWrapper: report latency for each error is false and specific error codes to track for latency are: []
DBWrapper: report latency for each error is false and specific error codes to track for latency are: []
DBWrapper: report latency for each error is false and specific error codes to track for latency are: []
DBWrapper: report latency for each error is false and specific error codes to track for latency are: []
DBWrapper: report latency for each error is false and specific error codes to track for latency are: []
DBWrapper: report latency for each error is false and specific error codes to track for latency are: []
DBWrapper: report latency for each error is false and specific error codes to track for latency are: []
DBWrapper: report latency for each error is false and specific error codes to track for latency are: []
DBWrapper: report latency for each error is false and specific error codes to track for latency are: []
DBWrapper: report latency for each error is false and specific error codes to track for latency are: []
DBWrapper: report latency for each error is false and specific error codes to track for latency are: []
DBWrapper: report latency for each error is false and specific error codes to track for latency are: []
DBWrapper: report latency for each error is false and specific error codes to track for latency are: []
DBWrapper: report latency for each error is false and specific error codes to track for latency are: []
DBWrapper: report latency for each error is false and specific error codes to track for latency are: []
DBWrapper: report latency for each error is false and specific error codes to track for latency are: []
DBWrapper: report latency for each error is false and specific error codes to track for latency are: []
DBWrapper: report latency for each error is false and specific error codes to track for latency are: []
DBWrapper: report latency for each error is false and specific error codes to track for latency are: []
DBWrapper: report latency for each error is false and specific error codes to track for latency are: []
DBWrapper: report latency for each error is false and specific error codes to track for latency are: []
DBWrapper: report latency for each error is false and specific error codes to track for latency are: []
DBWrapper: report latency for each error is false and specific error codes to track for latency are: []
DBWrapper: report latency for each error is false and specific error codes to track for latency are: []
DBWrapper: report latency for each error is false and specific error codes to track for latency are: []
DBWrapper: report latency for each error is false and specific error codes to track for latency are: []
DBWrapper: report latency for each error is false and specific error codes to track for latency are: []
DBWrapper: report latency for each error is false and specific error codes to track for latency are: []
DBWrapper: report latency for each error is false and specific error codes to track for latency are: []
DBWrapper: report latency for each error is false and specific error codes to track for latency are: []
DBWrapper: report latency for each error is false and specific error codes to track for latency are: []
DBWrapper: report latency for each error is false and specific error codes to track for latency are: []
DBWrapper: report latency for each error is false and specific error codes to track for latency are: []
DBWrapper: report latency for each error is false and specific error codes to track for latency are: []
DBWrapper: report latency for each error is false and specific error codes to track for latency are: []
DBWrapper: report latency for each error is false and specific error codes to track for latency are: []
DBWrapper: report latency for each error is false and specific error codes to track for latency are: []
DBWrapper: report latency for each error is false and specific error codes to track for latency are: []
DBWrapper: report latency for each error is false and specific error codes to track for latency are: []
DBWrapper: report latency for each error is false and specific error codes to track for latency are: []
DBWrapper: report latency for each error is false and specific error codes to track for latency are: []
DBWrapper: report latency for each error is false and specific error codes to track for latency are: []
DBWrapper: report latency for each error is false and specific error codes to track for latency are: []
DBWrapper: report latency for each error is false and specific error codes to track for latency are: []
DBWrapper: report latency for each error is false and specific error codes to track for latency are: []
DBWrapper: report latency for each error is false and specific error codes to track for latency are: []
DBWrapper: report latency for each error is false and specific error codes to track for latency are: []
DBWrapper: report latency for each error is false and specific error codes to track for latency are: []
DBWrapper: report latency for each error is false and specific error codes to track for latency are: []
DBWrapper: report latency for each error is false and specific error codes to track for latency are: []
DBWrapper: report latency for each error is false and specific error codes to track for latency are: []
DBWrapper: report latency for each error is false and specific error codes to track for latency are: []
DBWrapper: report latency for each error is false and specific error codes to track for latency are: []
DBWrapper: report latency for each error is false and specific error codes to track for latency are: []
DBWrapper: report latency for each error is false and specific error codes to track for latency are: []
DBWrapper: report latency for each error is false and specific error codes to track for latency are: []
DBWrapper: report latency for each error is false and specific error codes to track for latency are: []
DBWrapper: report latency for each error is false and specific error codes to track for latency are: []
DBWrapper: report latency for each error is false and specific error codes to track for latency are: []
DBWrapper: report latency for each error is false and specific error codes to track for latency are: []
DBWrapper: report latency for each error is false and specific error codes to track for latency are: []
DBWrapper: report latency for each error is false and specific error codes to track for latency are: []
DBWrapper: report latency for each error is false and specific error codes to track for latency are: []
DBWrapper: report latency for each error is false and specific error codes to track for latency are: []
DBWrapper: report latency for each error is false and specific error codes to track for latency are: []
DBWrapper: report latency for each error is false and specific error codes to track for latency are: []
DBWrapper: report latency for each error is false and specific error codes to track for latency are: []
DBWrapper: report latency for each error is false and specific error codes to track for latency are: []
DBWrapper: report latency for each error is false and specific error codes to track for latency are: []
DBWrapper: report latency for each error is false and specific error codes to track for latency are: []
DBWrapper: report latency for each error is false and specific error codes to track for latency are: []
DBWrapper: report latency for each error is false and specific error codes to track for latency are: []
DBWrapper: report latency for each error is false and specific error codes to track for latency are: []
DBWrapper: report latency for each error is false and specific error codes to track for latency are: []
DBWrapper: report latency for each error is false and specific error codes to track for latency are: []
DBWrapper: report latency for each error is false and specific error codes to track for latency are: []
DBWrapper: report latency for each error is false and specific error codes to track for latency are: []
DBWrapper: report latency for each error is false and specific error codes to track for latency are: []
DBWrapper: report latency for each error is false and specific error codes to track for latency are: []
DBWrapper: report latency for each error is false and specific error codes to track for latency are: []
DBWrapper: report latency for each error is false and specific error codes to track for latency are: []
DBWrapper: report latency for each error is false and specific error codes to track for latency are: []
DBWrapper: report latency for each error is false and specific error codes to track for latency are: []
DBWrapper: report latency for each error is false and specific error codes to track for latency are: []
DBWrapper: report latency for each error is false and specific error codes to track for latency are: []
DBWrapper: report latency for each error is false and specific error codes to track for latency are: []
DBWrapper: report latency for each error is false and specific error codes to track for latency are: []
DBWrapper: report latency for each error is false and specific error codes to track for latency are: []
DBWrapper: report latency for each error is false and specific error codes to track for latency are: []
DBWrapper: report latency for each error is false and specific error codes to track for latency are: []
DBWrapper: report latency for each error is false and specific error codes to track for latency are: []
DBWrapper: report latency for each error is false and specific error codes to track for latency are: []
DBWrapper: report latency for each error is false and specific error codes to track for latency are: []
DBWrapper: report latency for each error is false and specific error codes to track for latency are: []
DBWrapper: report latency for each error is false and specific error codes to track for latency are: []
DBWrapper: report latency for each error is false and specific error codes to track for latency are: []
DBWrapper: report latency for each error is false and specific error codes to track for latency are: []
DBWrapper: report latency for each error is false and specific error codes to track for latency are: []
DBWrapper: report latency for each error is false and specific error codes to track for latency are: []
DBWrapper: report latency for each error is false and specific error codes to track for latency are: []
DBWrapper: report latency for each error is false and specific error codes to track for latency are: []
DBWrapper: report latency for each error is false and specific error codes to track for latency are: []
DBWrapper: report latency for each error is false and specific error codes to track for latency are: []
DBWrapper: report latency for each error is false and specific error codes to track for latency are: []
DBWrapper: report latency for each error is false and specific error codes to track for latency are: []
DBWrapper: report latency for each error is false and specific error codes to track for latency are: []
DBWrapper: report latency for each error is false and specific error codes to track for latency are: []
DBWrapper: report latency for each error is false and specific error codes to track for latency are: []
DBWrapper: report latency for each error is false and specific error codes to track for latency are: []
DBWrapper: report latency for each error is false and specific error codes to track for latency are: []
DBWrapper: report latency for each error is false and specific error codes to track for latency are: []
DBWrapper: report latency for each error is false and specific error codes to track for latency are: []
DBWrapper: report latency for each error is false and specific error codes to track for latency are: []
DBWrapper: report latency for each error is false and specific error codes to track for latency are: []
DBWrapper: report latency for each error is false and specific error codes to track for latency are: []
DBWrapper: report latency for each error is false and specific error codes to track for latency are: []
DBWrapper: report latency for each error is false and specific error codes to track for latency are: []
DBWrapper: report latency for each error is false and specific error codes to track for latency are: []
DBWrapper: report latency for each error is false and specific error codes to track for latency are: []
DBWrapper: report latency for each error is false and specific error codes to track for latency are: []
DBWrapper: report latency for each error is false and specific error codes to track for latency are: []
DBWrapper: report latency for each error is false and specific error codes to track for latency are: []
DBWrapper: report latency for each error is false and specific error codes to track for latency are: []
DBWrapper: report latency for each error is false and specific error codes to track for latency are: []
DBWrapper: report latency for each error is false and specific error codes to track for latency are: []
DBWrapper: report latency for each error is false and specific error codes to track for latency are: []
DBWrapper: report latency for each error is false and specific error codes to track for latency are: []
DBWrapper: report latency for each error is false and specific error codes to track for latency are: []
DBWrapper: report latency for each error is false and specific error codes to track for latency are: []
DBWrapper: report latency for each error is false and specific error codes to track for latency are: []
DBWrapper: report latency for each error is false and specific error codes to track for latency are: []
DBWrapper: report latency for each error is false and specific error codes to track for latency are: []
DBWrapper: report latency for each error is false and specific error codes to track for latency are: []
DBWrapper: report latency for each error is false and specific error codes to track for latency are: []
DBWrapper: report latency for each error is false and specific error codes to track for latency are: []
DBWrapper: report latency for each error is false and specific error codes to track for latency are: []
DBWrapper: report latency for each error is false and specific error codes to track for latency are: []
DBWrapper: report latency for each error is false and specific error codes to track for latency are: []
DBWrapper: report latency for each error is false and specific error codes to track for latency are: []
DBWrapper: report latency for each error is false and specific error codes to track for latency are: []
DBWrapper: report latency for each error is false and specific error codes to track for latency are: []
DBWrapper: report latency for each error is false and specific error codes to track for latency are: []
DBWrapper: report latency for each error is false and specific error codes to track for latency are: []
DBWrapper: report latency for each error is false and specific error codes to track for latency are: []
DBWrapper: report latency for each error is false and specific error codes to track for latency are: []
DBWrapper: report latency for each error is false and specific error codes to track for latency are: []
DBWrapper: report latency for each error is false and specific error codes to track for latency are: []
DBWrapper: report latency for each error is false and specific error codes to track for latency are: []
DBWrapper: report latency for each error is false and specific error codes to track for latency are: []
DBWrapper: report latency for each error is false and specific error codes to track for latency are: []
DBWrapper: report latency for each error is false and specific error codes to track for latency are: []
DBWrapper: report latency for each error is false and specific error codes to track for latency are: []
DBWrapper: report latency for each error is false and specific error codes to track for latency are: []
DBWrapper: report latency for each error is false and specific error codes to track for latency are: []
DBWrapper: report latency for each error is false and specific error codes to track for latency are: []
DBWrapper: report latency for each error is false and specific error codes to track for latency are: []
DBWrapper: report latency for each error is false and specific error codes to track for latency are: []
DBWrapper: report latency for each error is false and specific error codes to track for latency are: []
DBWrapper: report latency for each error is false and specific error codes to track for latency are: []
DBWrapper: report latency for each error is false and specific error codes to track for latency are: []
DBWrapper: report latency for each error is false and specific error codes to track for latency are: []
DBWrapper: report latency for each error is false and specific error codes to track for latency are: []
DBWrapper: report latency for each error is false and specific error codes to track for latency are: []
DBWrapper: report latency for each error is false and specific error codes to track for latency are: []
DBWrapper: report latency for each error is false and specific error codes to track for latency are: []
2020-09-30 11:47:14:574 10 sec: 5265 operations; 525.87 current ops/sec; est completion in 5 hours 16 minutes [READ: Count=5368, Max=1909759, Min=3, Avg=118942.28, 90=293375, 99=952831, 99.9=1777663, 99.99=1886207] [UPDATE: Count=293, Max=1594367, Min=1715, Avg=128067.95, 90=336127, 99=799743, 99.9=1594367, 99.99=1594367] [READ-FAILED: Count=7, Max=189695, Min=2590, Avg=35087.43, 90=40415, 99=189695, 99.9=189695, 99.99=189695] 
DBWrapper: report latency for each error is false and specific error codes to track for latency are: []
DBWrapper: report latency for each error is false and specific error codes to track for latency are: []
DBWrapper: report latency for each error is false and specific error codes to track for latency are: []
DBWrapper: report latency for each error is false and specific error codes to track for latency are: []
DBWrapper: report latency for each error is false and specific error codes to track for latency are: []
DBWrapper: report latency for each error is false and specific error codes to track for latency are: []
DBWrapper: report latency for each error is false and specific error codes to track for latency are: []
DBWrapper: report latency for each error is false and specific error codes to track for latency are: []
DBWrapper: report latency for each error is false and specific error codes to track for latency are: []
DBWrapper: report latency for each error is false and specific error codes to track for latency are: []
DBWrapper: report latency for each error is false and specific error codes to track for latency are: []
DBWrapper: report latency for each error is false and specific error codes to track for latency are: []
DBWrapper: report latency for each error is false and specific error codes to track for latency are: []
DBWrapper: report latency for each error is false and specific error codes to track for latency are: []
DBWrapper: report latency for each error is false and specific error codes to track for latency are: []
DBWrapper: report latency for each error is false and specific error codes to track for latency are: []
DBWrapper: report latency for each error is false and specific error codes to track for latency are: []
DBWrapper: report latency for each error is false and specific error codes to track for latency are: []
DBWrapper: report latency for each error is false and specific error codes to track for latency are: []
DBWrapper: report latency for each error is false and specific error codes to track for latency are: []
DBWrapper: report latency for each error is false and specific error codes to track for latency are: []
DBWrapper: report latency for each error is false and specific error codes to track for latency are: []
DBWrapper: report latency for each error is false and specific error codes to track for latency are: []
DBWrapper: report latency for each error is false and specific error codes to track for latency are: []
DBWrapper: report latency for each error is false and specific error codes to track for latency are: []
DBWrapper: report latency for each error is false and specific error codes to track for latency are: []
DBWrapper: report latency for each error is false and specific error codes to track for latency are: []
DBWrapper: report latency for each error is false and specific error codes to track for latency are: []
DBWrapper: report latency for each error is false and specific error codes to track for latency are: []
DBWrapper: report latency for each error is false and specific error codes to track for latency are: []
DBWrapper: report latency for each error is false and specific error codes to track for latency are: []
DBWrapper: report latency for each error is false and specific error codes to track for latency are: []
DBWrapper: report latency for each error is false and specific error codes to track for latency are: []
DBWrapper: report latency for each error is false and specific error codes to track for latency are: []
DBWrapper: report latency for each error is false and specific error codes to track for latency are: []
DBWrapper: report latency for each error is false and specific error codes to track for latency are: []
DBWrapper: report latency for each error is false and specific error codes to track for latency are: []
DBWrapper: report latency for each error is false and specific error codes to track for latency are: []
DBWrapper: report latency for each error is false and specific error codes to track for latency are: []
DBWrapper: report latency for each error is false and specific error codes to track for latency are: []
DBWrapper: report latency for each error is false and specific error codes to track for latency are: []
DBWrapper: report latency for each error is false and specific error codes to track for latency are: []
DBWrapper: report latency for each error is false and specific error codes to track for latency are: []
DBWrapper: report latency for each error is false and specific error codes to track for latency are: []
DBWrapper: report latency for each error is false and specific error codes to track for latency are: []
DBWrapper: report latency for each error is false and specific error codes to track for latency are: []
DBWrapper: report latency for each error is false and specific error codes to track for latency are: []
DBWrapper: report latency for each error is false and specific error codes to track for latency are: []
DBWrapper: report latency for each error is false and specific error codes to track for latency are: []
DBWrapper: report latency for each error is false and specific error codes to track for latency are: []
DBWrapper: report latency for each error is false and specific error codes to track for latency are: []
DBWrapper: report latency for each error is false and specific error codes to track for latency are: []
DBWrapper: report latency for each error is false and specific error codes to track for latency are: []
DBWrapper: report latency for each error is false and specific error codes to track for latency are: []
DBWrapper: report latency for each error is false and specific error codes to track for latency are: []
DBWrapper: report latency for each error is false and specific error codes to track for latency are: []
DBWrapper: report latency for each error is false and specific error codes to track for latency are: []
DBWrapper: report latency for each error is false and specific error codes to track for latency are: []
DBWrapper: report latency for each error is false and specific error codes to track for latency are: []
DBWrapper: report latency for each error is false and specific error codes to track for latency are: []
DBWrapper: report latency for each error is false and specific error codes to track for latency are: []
DBWrapper: report latency for each error is false and specific error codes to track for latency are: []
DBWrapper: report latency for each error is false and specific error codes to track for latency are: []
DBWrapper: report latency for each error is false and specific error codes to track for latency are: []
DBWrapper: report latency for each error is false and specific error codes to track for latency are: []
DBWrapper: report latency for each error is false and specific error codes to track for latency are: []
DBWrapper: report latency for each error is false and specific error codes to track for latency are: []
DBWrapper: report latency for each error is false and specific error codes to track for latency are: []
2020-09-30 11:47:24:593 20 sec: 26499 operations; 2125.1 current ops/sec; est completion in 2 hours 5 minutes [READ: Count=19915, Max=2463743, Min=1, Avg=86821.86, 90=237055, 99=740863, 99.9=1190911, 99.99=1643519] [UPDATE: Count=1036, Max=2207743, Min=21, Avg=93270.15, 90=226687, 99=890879, 99.9=1291263, 99.99=2207743] [READ-FAILED: Count=16, Max=224255, Min=2366, Avg=33411.06, 90=35359, 99=224255, 99.9=224255, 99.99=224255] 
DBWrapper: report latency for each error is false and specific error codes to track for latency are: []
DBWrapper: report latency for each error is false and specific error codes to track for latency are: []
2020-09-30 11:47:34:562 30 sec: 70523 operations; 4404.16 current ops/sec; est completion in 1 hour 10 minutes [READ: Count=41641, Max=15990783, Min=0, Avg=50392.42, 90=98751, 99=577023, 99.9=1103871, 99.99=2506751] [UPDATE: Count=2215, Max=2096127, Min=15, Avg=53777.95, 90=96127, 99=629247, 99.9=1454079, 99.99=2096127] [READ-FAILED: Count=42, Max=112191, Min=2946, Avg=24916.17, 90=54911, 99=112191, 99.9=112191, 99.99=112191] 
DBWrapper: report latency for each error is false and specific error codes to track for latency are: []
DBWrapper: report latency for each error is false and specific error codes to track for latency are: []
DBWrapper: report latency for each error is false and specific error codes to track for latency are: []
DBWrapper: report latency for each error is false and specific error codes to track for latency are: []
DBWrapper: report latency for each error is false and specific error codes to track for latency are: []
DBWrapper: report latency for each error is false and specific error codes to track for latency are: []
DBWrapper: report latency for each error is false and specific error codes to track for latency are: []
DBWrapper: report latency for each error is false and specific error codes to track for latency are: []
DBWrapper: report latency for each error is false and specific error codes to track for latency are: []
DBWrapper: report latency for each error is false and specific error codes to track for latency are: []
DBWrapper: report latency for each error is false and specific error codes to track for latency are: []
DBWrapper: report latency for each error is false and specific error codes to track for latency are: []
DBWrapper: report latency for each error is false and specific error codes to track for latency are: []
DBWrapper: report latency for each error is false and specific error codes to track for latency are: []
DBWrapper: report latency for each error is false and specific error codes to track for latency are: []
2020-09-30 11:47:44:562 40 sec: 116523 operations; 4600 current ops/sec; est completion in 56 minutes [READ: Count=43676, Max=9093119, Min=0, Avg=50818.63, 90=67327, 99=686079, 99.9=4093951, 99.99=8699903] [UPDATE: Count=2275, Max=10805247, Min=12, Avg=103373.28, 90=78271, 99=2768895, 99.9=8290303, 99.99=10805247] [READ-FAILED: Count=42, Max=36287, Min=2041, Avg=7550.31, 90=16767, 99=36287, 99.9=36287, 99.99=36287] 
2020-09-30 11:47:54:562 50 sec: 167390 operations; 5086.7 current ops/sec; est completion in 48 minutes [READ: Count=48208, Max=4481023, Min=0, Avg=46407.27, 90=83135, 99=604159, 99.9=2406399, 99.99=3618815] [UPDATE: Count=2610, Max=4276223, Min=13, Avg=74811.72, 90=96831, 99=1655807, 99.9=3194879, 99.99=4276223] [READ-FAILED: Count=48, Max=35231, Min=2009, Avg=7984.35, 90=14887, 99=35231, 99.9=35231, 99.99=35231] 
2020-09-30 11:48:04:562 60 sec: 221064 operations; 5367.4 current ops/sec; est completion in 44 minutes [READ: Count=50908, Max=5783551, Min=0, Avg=44923.86, 90=75263, 99=580607, 99.9=2955263, 99.99=5316607] [UPDATE: Count=2728, Max=5468159, Min=14, Avg=69643.12, 90=82559, 99=1600511, 99.9=4796415, 99.99=5468159] [READ-FAILED: Count=42, Max=22895, Min=2384, Avg=7188.71, 90=14895, 99=22895, 99.9=22895, 99.99=22895] 
DBWrapper: report latency for each error is false and specific error codes to track for latency are: []
DBWrapper: report latency for each error is false and specific error codes to track for latency are: []
2020-09-30 11:48:14:562 70 sec: 275349 operations; 5428.5 current ops/sec; est completion in 41 minutes [READ: Count=51545, Max=5844991, Min=0, Avg=48779.97, 90=74943, 99=678399, 99.9=3389439, 99.99=5246975] [UPDATE: Count=2698, Max=5296127, Min=14, Avg=72616.68, 90=80063, 99=1801215, 99.9=4089855, 99.99=5296127] [READ-FAILED: Count=42, Max=18975, Min=1842, Avg=5328.79, 90=9303, 99=18975, 99.9=18975, 99.99=18975] 
2020-09-30 11:48:24:562 80 sec: 321630 operations; 4628.1 current ops/sec; est completion in 40 minutes [READ: Count=43900, Max=8364031, Min=0, Avg=54109.6, 90=68607, 99=844799, 99.9=4272127, 99.99=7766015] [UPDATE: Count=2340, Max=7921663, Min=16, Avg=97599.29, 90=76287, 99=2676735, 99.9=7450623, 99.99=7921663] [READ-FAILED: Count=40, Max=22063, Min=2154, Avg=6528.7, 90=10087, 99=22063, 99.9=22063, 99.99=22063] 
2020-09-30 11:48:34:562 90 sec: 375490 operations; 5386 current ops/sec; est completion in 38 minutes [READ: Count=51096, Max=5242879, Min=0, Avg=43691.26, 90=65055, 99=600575, 99.9=3340287, 99.99=4894719] [UPDATE: Count=2712, Max=4759551, Min=13, Avg=69175.95, 90=75263, 99=1603583, 99.9=3385343, 99.99=4759551] [READ-FAILED: Count=49, Max=23759, Min=1953, Avg=7831.06, 90=15583, 99=23759, 99.9=23759, 99.99=23759] 
2020-09-30 11:48:44:562 100 sec: 425724 operations; 5022.9 current ops/sec; est completion in 37 minutes [READ: Count=47616, Max=6221823, Min=0, Avg=52279.95, 90=67647, 99=803839, 99.9=3788799, 99.99=5513215] [UPDATE: Count=2584, Max=5324799, Min=14, Avg=82956.23, 90=79615, 99=1937407, 99.9=4628479, 99.99=5324799] [READ-FAILED: Count=36, Max=112575, Min=1591, Avg=10418.97, 90=15919, 99=112575, 99.9=112575, 99.99=112575] 
2020-09-30 11:48:54:563 110 sec: 476787 operations; 5106.3 current ops/sec; est completion in 36 minutes [READ: Count=48488, Max=5492735, Min=0, Avg=49864.57, 90=79871, 99=619007, 99.9=3170303, 99.99=4542463] [UPDATE: Count=2538, Max=4567039, Min=16, Avg=79077.31, 90=85567, 99=2045951, 99.9=3733503, 99.99=4567039] [READ-FAILED: Count=40, Max=90431, Min=2240, Avg=12245.4, 90=23311, 99=90431, 99.9=90431, 99.99=90431] 
2020-09-30 11:49:04:562 120 sec: 525848 operations; 4906.59 current ops/sec; est completion in 36 minutes [READ: Count=46530, Max=5984255, Min=0, Avg=47540.91, 90=79871, 99=628735, 99.9=2254847, 99.99=3833855] [UPDATE: Count=2495, Max=6995967, Min=15, Avg=68798.19, 90=91071, 99=1249279, 99.9=3651583, 99.99=6995967] [READ-FAILED: Count=36, Max=343295, Min=1936, Avg=15730.31, 90=11863, 99=343295, 99.9=343295, 99.99=343295] 
2020-09-30 11:49:14:562 130 sec: 586976 operations; 6112.8 current ops/sec; est completion in 34 minutes [READ: Count=57977, Max=6012927, Min=0, Avg=41745.84, 90=69375, 99=573439, 99.9=3201023, 99.99=4853759] [UPDATE: Count=3094, Max=6127615, Min=14, Avg=68147.32, 90=75455, 99=1441791, 99.9=4874239, 99.99=6127615] [READ-FAILED: Count=50, Max=144127, Min=1861, Avg=13521.68, 90=28463, 99=144127, 99.9=144127, 99.99=144127] 
2020-09-30 11:49:24:561 140 sec: 631836 operations; 4486 current ops/sec; est completion in 34 minutes [READ: Count=42594, Max=7409663, Min=0, Avg=58383.26, 90=74751, 99=850943, 99.9=4165631, 99.99=5623807] [UPDATE: Count=2243, Max=4976639, Min=14, Avg=81959.76, 90=90815, 99=1850367, 99.9=4038655, 99.99=4976639] [READ-FAILED: Count=29, Max=271615, Min=1841, Avg=22460.41, 90=33631, 99=271615, 99.9=271615, 99.99=271615] 
2020-09-30 11:49:34:562 150 sec: 681963 operations; 5012.7 current ops/sec; est completion in 34 minutes [READ: Count=47550, Max=5758975, Min=0, Avg=47118.99, 90=67071, 99=658943, 99.9=3915775, 99.99=5599231] [UPDATE: Count=2537, Max=5373951, Min=13, Avg=81369.61, 90=74175, 99=2457599, 99.9=4427775, 99.99=5373951] [READ-FAILED: Count=42, Max=118271, Min=1735, Avg=11632.24, 90=16263, 99=118271, 99.9=118271, 99.99=118271] 
2020-09-30 11:49:44:562 160 sec: 727753 operations; 4579 current ops/sec; est completion in 33 minutes [READ: Count=43428, Max=6983679, Min=0, Avg=56628.49, 90=50495, 99=1006591, 99.9=5038079, 99.99=6672383] [UPDATE: Count=2329, Max=6590463, Min=14, Avg=92303.96, 90=65663, 99=2785279, 99.9=5492735, 99.99=6590463] [READ-FAILED: Count=32, Max=17855, Min=1717, Avg=4941.19, 90=8815, 99=17855, 99.9=17855, 99.99=17855] 
2020-09-30 11:49:54:562 170 sec: 785642 operations; 5788.9 current ops/sec; est completion in 33 minutes [READ: Count=54945, Max=5414911, Min=0, Avg=42152.8, 90=78207, 99=588799, 99.9=2629631, 99.99=4665343] [UPDATE: Count=2896, Max=4239359, Min=14, Avg=66944.47, 90=85375, 99=1264639, 99.9=3909631, 99.99=4239359] [READ-FAILED: Count=44, Max=170495, Min=1869, Avg=12295.61, 90=15127, 99=170495, 99.9=170495, 99.99=170495] 
2020-09-30 11:50:04:572 180 sec: 833728 operations; 4803.32 current ops/sec; est completion in 33 minutes [READ: Count=45715, Max=7434239, Min=0, Avg=50651.36, 90=62207, 99=868351, 99.9=4030463, 99.99=6479871] [UPDATE: Count=2328, Max=7417855, Min=15, Avg=119284.79, 90=83967, 99=3350527, 99.9=6463487, 99.99=7417855] [READ-FAILED: Count=48, Max=29231, Min=1764, Avg=6009.08, 90=9799, 99=29231, 99.9=29231, 99.99=29231] 
2020-09-30 11:50:14:561 190 sec: 886876 operations; 5320.65 current ops/sec; est completion in 32 minutes [READ: Count=50392, Max=4792319, Min=0, Avg=44505.48, 90=82175, 99=587775, 99.9=2363391, 99.99=3958783] [UPDATE: Count=2698, Max=4440063, Min=14, Avg=62041.04, 90=84543, 99=1300479, 99.9=3291135, 99.99=4440063] [READ-FAILED: Count=51, Max=51327, Min=1317, Avg=8515.2, 90=16111, 99=31759, 99.9=51327, 99.99=51327] 
2020-09-30 11:50:24:562 200 sec: 944624 operations; 5774.8 current ops/sec; est completion in 31 minutes [READ: Count=54772, Max=5353471, Min=0, Avg=46701.19, 90=78079, 99=615423, 99.9=2766847, 99.99=4579327] [UPDATE: Count=2951, Max=4550655, Min=15, Avg=70231.84, 90=89151, 99=1357823, 99.9=3969023, 99.99=4550655] [READ-FAILED: Count=33, Max=28943, Min=2206, Avg=8538.85, 90=16359, 99=28943, 99.9=28943, 99.99=28943] 
2020-09-30 11:50:34:563 210 sec: 996344 operations; 5170.97 current ops/sec; est completion in 31 minutes [READ: Count=49130, Max=5775359, Min=0, Avg=45002.37, 90=66815, 99=622591, 99.9=3825663, 99.99=4874239] [UPDATE: Count=2530, Max=5058559, Min=15, Avg=70191.31, 90=73855, 99=1908735, 99.9=4562943, 99.99=5058559] [READ-FAILED: Count=53, Max=74303, Min=2124, Avg=7983.98, 90=13303, 99=43423, 99.9=74303, 99.99=74303] 
2020-09-30 11:50:44:561 220 sec: 1049707 operations; 5337.37 current ops/sec; est completion in 31 minutes [READ: Count=50693, Max=11698175, Min=0, Avg=48969.77, 90=78911, 99=630783, 99.9=3049471, 99.99=6295551] [UPDATE: Count=2641, Max=6406143, Min=14, Avg=83486.75, 90=91711, 99=1612799, 99.9=6213631, 99.99=6406143] [READ-FAILED: Count=33, Max=89343, Min=1900, Avg=10224.09, 90=20847, 99=89343, 99.9=89343, 99.99=89343] 
2020-09-30 11:50:54:562 230 sec: 1099780 operations; 5007.3 current ops/sec; est completion in 31 minutes [READ: Count=47494, Max=7032831, Min=0, Avg=45852.39, 90=67263, 99=608255, 99.9=4939775, 99.99=6361087] [UPDATE: Count=2526, Max=6328319, Min=13, Avg=70877.48, 90=82879, 99=1287167, 99.9=5230591, 99.99=6328319] [READ-FAILED: Count=51, Max=38015, Min=1719, Avg=7702.49, 90=14111, 99=35583, 99.9=38015, 99.99=38015] 
2020-09-30 11:51:04:562 240 sec: 1144184 operations; 4440.4 current ops/sec; est completion in 30 minutes [READ: Count=42131, Max=9502719, Min=0, Avg=55412.51, 90=69055, 99=711679, 99.9=4276223, 99.99=9052159] [UPDATE: Count=2245, Max=9420799, Min=6, Avg=109180.55, 90=87103, 99=2738175, 99.9=8912895, 99.99=9420799] [READ-FAILED: Count=24, Max=22319, Min=1998, Avg=6354.96, 90=13143, 99=22319, 99.9=22319, 99.99=22319] 
2020-09-30 11:51:14:562 250 sec: 1196392 operations; 5220.8 current ops/sec; est completion in 30 minutes [READ: Count=49573, Max=7331839, Min=0, Avg=44127.42, 90=60479, 99=618495, 99.9=4155391, 99.99=6844415] [UPDATE: Count=2597, Max=7049215, Min=5, Avg=75188.14, 90=71743, 99=1516543, 99.9=5275647, 99.99=7049215] [READ-FAILED: Count=39, Max=42335, Min=1737, Avg=8362.67, 90=19855, 99=42335, 99.9=42335, 99.99=42335] 
2020-09-30 11:51:24:562 260 sec: 1244576 operations; 4818.4 current ops/sec; est completion in 30 minutes [READ: Count=45778, Max=7016447, Min=0, Avg=51193.72, 90=73087, 99=594431, 99.9=4820991, 99.99=5947391] [UPDATE: Count=2376, Max=6107135, Min=6, Avg=74137.05, 90=76095, 99=1382399, 99.9=5324799, 99.99=6107135] [READ-FAILED: Count=29, Max=29567, Min=1940, Avg=8038.07, 90=15487, 99=29567, 99.9=29567, 99.99=29567] 
2020-09-30 11:51:34:562 270 sec: 1294981 operations; 5040 current ops/sec; est completion in 30 minutes [READ: Count=47864, Max=9879551, Min=0, Avg=57064.92, 90=66495, 99=791551, 99.9=5292031, 99.99=8896511] [UPDATE: Count=2506, Max=7348223, Min=5, Avg=89726.48, 90=82047, 99=1875967, 99.9=5218303, 99.99=7348223] [READ-FAILED: Count=35, Max=34751, Min=2348, Avg=8023.34, 90=11583, 99=34751, 99.9=34751, 99.99=34751] 
2020-09-30 11:51:44:561 280 sec: 1348244 operations; 5326.83 current ops/sec; est completion in 29 minutes [READ: Count=50612, Max=6414335, Min=0, Avg=46219.83, 90=88063, 99=589823, 99.9=2756607, 99.99=5345279] [UPDATE: Count=2627, Max=6348799, Min=6, Avg=81173.97, 90=103615, 99=1586175, 99.9=5705727, 99.99=6348799] [READ-FAILED: Count=29, Max=27199, Min=1907, Avg=8693.62, 90=17327, 99=27199, 99.9=27199, 99.99=27199] 
2020-09-30 11:51:54:562 290 sec: 1402424 operations; 5418 current ops/sec; est completion in 29 minutes [READ: Count=51441, Max=6172671, Min=0, Avg=45091.72, 90=73471, 99=614911, 99.9=2529279, 99.99=4243455] [UPDATE: Count=2711, Max=5406719, Min=5, Avg=81262, 90=79999, 99=1583103, 99.9=4726783, 99.99=5406719] [READ-FAILED: Count=34, Max=60479, Min=1875, Avg=9772.82, 90=17455, 99=60479, 99.9=60479, 99.99=60479] 
2020-09-30 11:52:04:561 300 sec: 1450454 operations; 4803 current ops/sec; est completion in 29 minutes [READ: Count=45633, Max=9183231, Min=0, Avg=50361.44, 90=70591, 99=737279, 99.9=3272703, 99.99=5165055] [UPDATE: Count=2353, Max=4120575, Min=5, Avg=63199.5, 90=76287, 99=1283071, 99.9=3522559, 99.99=4120575] [READ-FAILED: Count=39, Max=105151, Min=1742, Avg=11137.85, 90=13535, 99=105151, 99.9=105151, 99.99=105151] 
Maximum time elapsed. Requesting stop for the workload.
Stop requested for workload. Now Joining!
[36m11:52:05.320[m [[34;1mINFO[m] [1;34mp.u.t.s.y.Stats.clientFinished@38[m: 
Ended SconeKV benchmark.
Number of clients: 256
Total transactions: 288829
Committed: 262774 (90.979095%)
Aborted: 26055 (9.020909%)
2020-09-30 11:52:05:333 300 sec: 1451683 operations; 1594.03 current ops/sec; est completion in 29 minutes [READ: Count=1152, Max=7008255, Min=0, Avg=225958, 90=538623, 99=2758655, 99.9=6942719, 99.99=7008255] [CLEANUP: Count=256, Max=1370, Min=2, Avg=9.02, 90=4, 99=32, 99.9=1370, 99.99=1370] [UPDATE: Count=70, Max=5931007, Min=2092, Avg=702775.63, 90=2330623, 99=3700735, 99.9=5931007, 99.99=5931007] [READ-FAILED: Count=1, Max=4707, Min=4704, Avg=4706, 90=4707, 99=4707, 99.9=4707, 99.99=4707] 
[OVERALL], RunTime(ms), 300754
[OVERALL], Throughput(ops/sec), 4826.811945975781
[TOTAL_GCS_G1_Young_Generation], Count, 144
[TOTAL_GC_TIME_G1_Young_Generation], Time(ms), 3783
[TOTAL_GC_TIME_%_G1_Young_Generation], Time(%), 1.2578386322376427
[TOTAL_GCS_G1_Old_Generation], Count, 0
[TOTAL_GC_TIME_G1_Old_Generation], Time(ms), 0
[TOTAL_GC_TIME_%_G1_Old_Generation], Time(%), 0.0
[TOTAL_GCs], Count, 144
[TOTAL_GC_TIME], Time(ms), 3783
[TOTAL_GC_TIME_%], Time(%), 1.2578386322376427
[READ], Operations, 1377765
[READ], AverageLatency(us), 49482.79938668786
[READ], MinLatency(us), 0
[READ], MaxLatency(us), 15990783
[READ], 95thPercentileLatency(us), 136191
[READ], 99thPercentileLatency(us), 631807
[READ], Return=OK, 1377765
[READ], Return=NOT_FOUND, 1136
[CLEANUP], Operations, 256
[CLEANUP], AverageLatency(us), 9.01953125
[CLEANUP], MinLatency(us), 2
[CLEANUP], MaxLatency(us), 1370
[CLEANUP], 95thPercentileLatency(us), 5
[CLEANUP], 99thPercentileLatency(us), 32
[UPDATE], Operations, 72782
[UPDATE], AverageLatency(us), 79477.6383996043
[UPDATE], MinLatency(us), 5
[UPDATE], MaxLatency(us), 10805247
[UPDATE], 95thPercentileLatency(us), 256767
[UPDATE], 99thPercentileLatency(us), 1782783
[UPDATE], Return=OK, 72782
[READ-FAILED], Operations, 1136
[READ-FAILED], AverageLatency(us), 10403.048415492958
[READ-FAILED], MinLatency(us), 1317
[READ-FAILED], MaxLatency(us), 343295
[READ-FAILED], 95thPercentileLatency(us), 29231
[READ-FAILED], 99thPercentileLatency(us), 98239
