Command line: -t -db pt.ulisboa.tecnico.sconekv.ycsb.SconeKVClient -P workloadb -threads 32 -s -p scone.tx_size=5 -p operationcount=10000000 -p maxexecutiontime=300
YCSB Client 0.17.0

Loading workload...
Starting test.
WARNING: sun.reflect.Reflection.getCallerClass is not supported. This will impact performance.
Maximum execution time specified as: 300 secs
2020-09-30 11:19:56:197 0 sec: 0 operations; est completion in 0 second 
DBWrapper: report latency for each error is false and specific error codes to track for latency are: []
DBWrapper: report latency for each error is false and specific error codes to track for latency are: []
DBWrapper: report latency for each error is false and specific error codes to track for latency are: []
DBWrapper: report latency for each error is false and specific error codes to track for latency are: []
DBWrapper: report latency for each error is false and specific error codes to track for latency are: []
DBWrapper: report latency for each error is false and specific error codes to track for latency are: []
DBWrapper: report latency for each error is false and specific error codes to track for latency are: []
DBWrapper: report latency for each error is false and specific error codes to track for latency are: []
DBWrapper: report latency for each error is false and specific error codes to track for latency are: []
DBWrapper: report latency for each error is false and specific error codes to track for latency are: []
DBWrapper: report latency for each error is false and specific error codes to track for latency are: []
DBWrapper: report latency for each error is false and specific error codes to track for latency are: []
DBWrapper: report latency for each error is false and specific error codes to track for latency are: []
DBWrapper: report latency for each error is false and specific error codes to track for latency are: []
DBWrapper: report latency for each error is false and specific error codes to track for latency are: []
DBWrapper: report latency for each error is false and specific error codes to track for latency are: []
DBWrapper: report latency for each error is false and specific error codes to track for latency are: []
DBWrapper: report latency for each error is false and specific error codes to track for latency are: []
DBWrapper: report latency for each error is false and specific error codes to track for latency are: []
DBWrapper: report latency for each error is false and specific error codes to track for latency are: []
DBWrapper: report latency for each error is false and specific error codes to track for latency are: []
DBWrapper: report latency for each error is false and specific error codes to track for latency are: []
DBWrapper: report latency for each error is false and specific error codes to track for latency are: []
DBWrapper: report latency for each error is false and specific error codes to track for latency are: []
DBWrapper: report latency for each error is false and specific error codes to track for latency are: []
DBWrapper: report latency for each error is false and specific error codes to track for latency are: []
DBWrapper: report latency for each error is false and specific error codes to track for latency are: []
DBWrapper: report latency for each error is false and specific error codes to track for latency are: []
DBWrapper: report latency for each error is false and specific error codes to track for latency are: []
DBWrapper: report latency for each error is false and specific error codes to track for latency are: []
DBWrapper: report latency for each error is false and specific error codes to track for latency are: []
DBWrapper: report latency for each error is false and specific error codes to track for latency are: []
2020-09-30 11:20:06:196 10 sec: 15824 operations; 1582.4 current ops/sec; est completion in 1 hour 45 minutes [READ: Count=14993, Max=1008127, Min=0, Avg=16284.35, 90=32687, 99=96959, 99.9=547839, 99.99=836607] [UPDATE: Count=820, Max=534015, Min=23, Avg=17763.15, 90=33471, 99=155007, 99.9=526847, 99.99=534015] [READ-FAILED: Count=15, Max=25391, Min=2290, Avg=8739.53, 90=23295, 99=25391, 99.9=25391, 99.99=25391] 
2020-09-30 11:20:16:196 20 sec: 43846 operations; 2802.2 current ops/sec; est completion in 1 hour 15 minutes [READ: Count=26555, Max=957951, Min=0, Avg=11240.48, 90=19135, 99=104255, 99.9=539647, 99.99=795135] [UPDATE: Count=1449, Max=800767, Min=20, Avg=15010.8, 90=20895, 99=517887, 99.9=555007, 99.99=800767] [READ-FAILED: Count=21, Max=16575, Min=1772, Avg=3559.43, 90=4279, 99=16575, 99.9=16575, 99.99=16575] 
2020-09-30 11:20:26:196 30 sec: 76103 operations; 3225.7 current ops/sec; est completion in 1 hour 5 minutes [READ: Count=30624, Max=1445887, Min=0, Avg=9846.81, 90=19311, 99=53375, 99.9=529919, 99.99=707583] [UPDATE: Count=1603, Max=783359, Min=16, Avg=10263.36, 90=19519, 99=60383, 99.9=527871, 99.99=783359] [READ-FAILED: Count=26, Max=28207, Min=1823, Avg=4063.92, 90=3727, 99=28207, 99.9=28207, 99.99=28207] 
2020-09-30 11:20:36:196 40 sec: 106007 operations; 2990.4 current ops/sec; est completion in 1 hour 2 minutes [READ: Count=28358, Max=1075199, Min=0, Avg=10573.04, 90=19679, 99=66623, 99.9=541183, 99.99=658431] [UPDATE: Count=1507, Max=852479, Min=19, Avg=13625.07, 90=19887, 99=364031, 99.9=679935, 99.99=852479] [READ-FAILED: Count=37, Max=18607, Min=1849, Avg=3432.84, 90=3893, 99=18607, 99.9=18607, 99.99=18607] 
2020-09-30 11:20:46:196 50 sec: 137656 operations; 3164.9 current ops/sec; est completion in 59 minutes [READ: Count=30055, Max=968703, Min=0, Avg=9997.52, 90=18335, 99=61311, 99.9=544767, 99.99=692223] [UPDATE: Count=1568, Max=1101823, Min=14, Avg=13006.92, 90=18159, 99=304895, 99.9=714751, 99.99=1101823] [READ-FAILED: Count=28, Max=5679, Min=1906, Avg=2790.32, 90=3769, 99=5679, 99.9=5679, 99.99=5679] 
2020-09-30 11:20:56:196 60 sec: 167636 operations; 2998 current ops/sec; est completion in 58 minutes [READ: Count=28459, Max=562175, Min=0, Avg=10626.24, 90=19199, 99=61631, 99.9=543231, 99.99=559103] [UPDATE: Count=1491, Max=560127, Min=13, Avg=10884.74, 90=19967, 99=79679, 99.9=560127, 99.99=560127] [READ-FAILED: Count=31, Max=41375, Min=1754, Avg=4370.35, 90=4299, 99=41375, 99.9=41375, 99.99=41375] 
2020-09-30 11:21:06:196 70 sec: 196964 operations; 2932.8 current ops/sec; est completion in 58 minutes [READ: Count=27866, Max=1013759, Min=0, Avg=10910.46, 90=19279, 99=81855, 99.9=543743, 99.99=592895] [UPDATE: Count=1432, Max=829439, Min=14, Avg=11876.43, 90=20447, 99=175103, 99.9=821759, 99.99=829439] [READ-FAILED: Count=30, Max=13063, Min=2054, Avg=3759.73, 90=5447, 99=13063, 99.9=13063, 99.99=13063] 
2020-09-30 11:21:16:196 80 sec: 227706 operations; 3074.2 current ops/sec; est completion in 57 minutes [READ: Count=29111, Max=2103295, Min=0, Avg=10087.71, 90=18351, 99=57055, 99.9=544255, 99.99=1151999] [UPDATE: Count=1584, Max=1844223, Min=13, Avg=14826.53, 90=19775, 99=138623, 99.9=1534975, 99.99=1844223] [READ-FAILED: Count=44, Max=19487, Min=1659, Avg=4028.23, 90=6119, 99=19487, 99.9=19487, 99.99=19487] 
2020-09-30 11:21:26:196 90 sec: 256251 operations; 2854.5 current ops/sec; est completion in 57 minutes [READ: Count=27065, Max=1125375, Min=0, Avg=11008.36, 90=19439, 99=73151, 99.9=563199, 99.99=763391] [UPDATE: Count=1458, Max=583167, Min=14, Avg=15716.45, 90=20511, 99=511231, 99.9=559615, 99.99=583167] [READ-FAILED: Count=23, Max=8839, Min=1477, Avg=3425.78, 90=6575, 99=8839, 99.9=8839, 99.99=8839] 
2020-09-30 11:21:36:196 100 sec: 288447 operations; 3219.6 current ops/sec; est completion in 56 minutes [READ: Count=30519, Max=717311, Min=0, Avg=9978.26, 90=19167, 99=55999, 99.9=545279, 99.99=607231] [UPDATE: Count=1642, Max=514815, Min=15, Avg=8989.79, 90=18463, 99=61887, 99.9=508415, 99.99=514815] [READ-FAILED: Count=33, Max=15743, Min=1800, Avg=3816, 90=6043, 99=15743, 99.9=15743, 99.99=15743] 
2020-09-30 11:21:46:200 110 sec: 317527 operations; 2907.13 current ops/sec; est completion in 55 minutes [READ: Count=27579, Max=812031, Min=0, Avg=10907.01, 90=19103, 99=81407, 99.9=545791, 99.99=586239] [UPDATE: Count=1479, Max=663039, Min=14, Avg=12570.47, 90=19855, 99=278527, 99.9=561663, 99.99=663039] [READ-FAILED: Count=32, Max=6383, Min=1866, Avg=3074.97, 90=4427, 99=6383, 99.9=6383, 99.99=6383] 
2020-09-30 11:21:56:196 120 sec: 347437 operations; 2991.9 current ops/sec; est completion in 55 minutes [READ: Count=28363, Max=772607, Min=0, Avg=10629.49, 90=19247, 99=63295, 99.9=545791, 99.99=607231] [UPDATE: Count=1490, Max=540159, Min=15, Avg=10185.58, 90=18559, 99=84095, 99.9=536575, 99.99=540159] [READ-FAILED: Count=53, Max=20591, Min=1780, Avg=3592.75, 90=4679, 99=10487, 99.9=20591, 99.99=20591] 
2020-09-30 11:22:06:196 130 sec: 377286 operations; 2984.9 current ops/sec; est completion in 55 minutes [READ: Count=28229, Max=1540095, Min=0, Avg=10748.81, 90=19663, 99=66239, 99.9=540159, 99.99=570879] [UPDATE: Count=1579, Max=546303, Min=12, Avg=12814.99, 90=20351, 99=345599, 99.9=541183, 99.99=546303] [READ-FAILED: Count=36, Max=17263, Min=1710, Avg=3528.44, 90=4647, 99=17263, 99.9=17263, 99.99=17263] 
2020-09-30 11:22:16:196 140 sec: 407628 operations; 3034.2 current ops/sec; est completion in 54 minutes [READ: Count=28824, Max=1187839, Min=0, Avg=10352.79, 90=19903, 99=60095, 99.9=557567, 99.99=1021439] [UPDATE: Count=1492, Max=975359, Min=16, Avg=11205.96, 90=19695, 99=76927, 99.9=927231, 99.99=975359] [READ-FAILED: Count=26, Max=20863, Min=1713, Avg=4251.88, 90=5343, 99=20863, 99.9=20863, 99.99=20863] 
2020-09-30 11:22:26:196 150 sec: 438035 operations; 3040.4 current ops/sec; est completion in 54 minutes [READ: Count=28830, Max=713215, Min=0, Avg=10560.53, 90=19647, 99=65791, 99.9=540159, 99.99=575999] [UPDATE: Count=1556, Max=841215, Min=14, Avg=10277.38, 90=19119, 99=98687, 99.9=532991, 99.99=841215] [READ-FAILED: Count=20, Max=58559, Min=1874, Avg=6713.25, 90=10487, 99=58559, 99.9=58559, 99.99=58559] 
2020-09-30 11:22:36:196 160 sec: 470278 operations; 3224.62 current ops/sec; est completion in 54 minutes [READ: Count=30549, Max=1559551, Min=0, Avg=9856.18, 90=19103, 99=54431, 99.9=531967, 99.99=801279] [UPDATE: Count=1667, Max=1798143, Min=18, Avg=13182.51, 90=19967, 99=267519, 99.9=527871, 99.99=1798143] [READ-FAILED: Count=30, Max=12519, Min=1800, Avg=3800.53, 90=5251, 99=12519, 99.9=12519, 99.99=12519] 
2020-09-30 11:22:46:196 170 sec: 499249 operations; 2897.1 current ops/sec; est completion in 53 minutes [READ: Count=27465, Max=886783, Min=1, Avg=11035.29, 90=20271, 99=72895, 99.9=546303, 99.99=576511] [UPDATE: Count=1476, Max=561663, Min=16, Avg=11533.67, 90=20975, 99=80511, 99.9=555007, 99.99=561663] [READ-FAILED: Count=31, Max=10991, Min=1977, Avg=3341.45, 90=4491, 99=10991, 99.9=10991, 99.99=10991] 
2020-09-30 11:22:56:196 180 sec: 529900 operations; 3065.1 current ops/sec; est completion in 53 minutes [READ: Count=29173, Max=1041919, Min=0, Avg=10182.72, 90=18671, 99=62079, 99.9=548863, 99.99=1030143] [UPDATE: Count=1454, Max=572927, Min=16, Avg=13573.85, 90=19887, 99=356607, 99.9=544767, 99.99=572927] [READ-FAILED: Count=20, Max=10799, Min=1662, Avg=3407, 90=5035, 99=10799, 99.9=10799, 99.99=10799] 
2020-09-30 11:23:06:196 190 sec: 558939 operations; 2903.9 current ops/sec; est completion in 53 minutes [READ: Count=27542, Max=797183, Min=0, Avg=11079.22, 90=19871, 99=87039, 99.9=561663, 99.99=601599] [UPDATE: Count=1469, Max=555519, Min=13, Avg=11451.52, 90=21375, 99=104831, 99.9=552959, 99.99=555519] [READ-FAILED: Count=30, Max=10191, Min=1853, Avg=3260.6, 90=5927, 99=10191, 99.9=10191, 99.99=10191] 
2020-09-30 11:23:16:196 200 sec: 588296 operations; 2935.7 current ops/sec; est completion in 53 minutes [READ: Count=27915, Max=872959, Min=0, Avg=10754.44, 90=20319, 99=63359, 99.9=540159, 99.99=588287] [UPDATE: Count=1418, Max=851967, Min=16, Avg=13693.72, 90=20671, 99=294911, 99.9=831999, 99.99=851967] [READ-FAILED: Count=25, Max=5871, Min=1813, Avg=3274.48, 90=4975, 99=5871, 99.9=5871, 99.99=5871] 
2020-09-30 11:23:26:197 210 sec: 617600 operations; 2929.81 current ops/sec; est completion in 53 minutes [READ: Count=27882, Max=1015295, Min=0, Avg=10827.91, 90=19487, 99=71295, 99.9=540159, 99.99=584703] [UPDATE: Count=1392, Max=1033727, Min=15, Avg=13473.94, 90=20543, 99=287231, 99.9=571391, 99.99=1033727] [READ-FAILED: Count=27, Max=14207, Min=1933, Avg=4108.89, 90=5067, 99=14207, 99.9=14207, 99.99=14207] 
2020-09-30 11:23:36:196 220 sec: 647182 operations; 2958.79 current ops/sec; est completion in 53 minutes [READ: Count=28011, Max=1381375, Min=0, Avg=10680.01, 90=19039, 99=73215, 99.9=539135, 99.99=877055] [UPDATE: Count=1545, Max=763903, Min=15, Avg=12810.99, 90=19503, 99=280575, 99.9=540671, 99.99=763903] [READ-FAILED: Count=26, Max=11935, Min=2084, Avg=3669.96, 90=4095, 99=11935, 99.9=11935, 99.99=11935] 
2020-09-30 11:23:46:196 230 sec: 679870 operations; 3268.8 current ops/sec; est completion in 52 minutes [READ: Count=31005, Max=744959, Min=0, Avg=9627.95, 90=19311, 99=55103, 99.9=543743, 99.99=566783] [UPDATE: Count=1656, Max=604671, Min=16, Avg=11303.77, 90=19391, 99=164223, 99.9=559103, 99.99=604671] [READ-FAILED: Count=29, Max=42495, Min=1678, Avg=4344.76, 90=4291, 99=42495, 99.9=42495, 99.99=42495] 
2020-09-30 11:23:56:196 240 sec: 711791 operations; 3192.1 current ops/sec; est completion in 52 minutes [READ: Count=30264, Max=705023, Min=0, Avg=10105.02, 90=19583, 99=55775, 99.9=528383, 99.99=565759] [UPDATE: Count=1622, Max=568831, Min=16, Avg=10594.29, 90=19791, 99=71359, 99.9=534015, 99.99=568831] [READ-FAILED: Count=34, Max=55263, Min=1851, Avg=5932.94, 90=6099, 99=55263, 99.9=55263, 99.99=55263] 
2020-09-30 11:24:06:196 250 sec: 740122 operations; 2833.1 current ops/sec; est completion in 52 minutes [READ: Count=26883, Max=638463, Min=0, Avg=11176.28, 90=19663, 99=74431, 99.9=548863, 99.99=575487] [UPDATE: Count=1426, Max=569855, Min=17, Avg=13560.33, 90=20495, 99=411647, 99.9=566271, 99.99=569855] [READ-FAILED: Count=21, Max=3957, Min=2000, Avg=2786.81, 90=3547, 99=3957, 99.9=3957, 99.99=3957] 
2020-09-30 11:24:16:196 260 sec: 767123 operations; 2700.1 current ops/sec; est completion in 52 minutes [READ: Count=25664, Max=1046015, Min=0, Avg=11831.28, 90=18943, 99=103615, 99.9=572415, 99.99=1043967] [UPDATE: Count=1309, Max=587263, Min=15, Avg=9956.91, 90=19007, 99=73407, 99.9=549375, 99.99=587263] [READ-FAILED: Count=31, Max=11119, Min=1705, Avg=3400.68, 90=5063, 99=11119, 99.9=11119, 99.99=11119] 
2020-09-30 11:24:26:196 270 sec: 797693 operations; 3057 current ops/sec; est completion in 51 minutes [READ: Count=29044, Max=1026559, Min=0, Avg=10566.82, 90=19695, 99=70911, 99.9=539647, 99.99=613375] [UPDATE: Count=1489, Max=854527, Min=15, Avg=10708.28, 90=19583, 99=61919, 99.9=669183, 99.99=854527] [READ-FAILED: Count=34, Max=86591, Min=2194, Avg=7123.21, 90=11271, 99=86591, 99.9=86591, 99.99=86591] 
2020-09-30 11:24:36:196 280 sec: 827553 operations; 2986 current ops/sec; est completion in 51 minutes [READ: Count=28293, Max=1038847, Min=0, Avg=10413.47, 90=18495, 99=77311, 99.9=549887, 99.99=676863] [UPDATE: Count=1544, Max=1273855, Min=16, Avg=14572.84, 90=19343, 99=516863, 99.9=747519, 99.99=1273855] [READ-FAILED: Count=26, Max=9767, Min=1887, Avg=3376.46, 90=4603, 99=9767, 99.9=9767, 99.99=9767] 
2020-09-30 11:24:46:196 290 sec: 857985 operations; 3043.2 current ops/sec; est completion in 51 minutes [READ: Count=28901, Max=1414143, Min=0, Avg=10498.51, 90=18607, 99=71615, 99.9=558079, 99.99=812543] [UPDATE: Count=1509, Max=543743, Min=16, Avg=12501.51, 90=19679, 99=225919, 99.9=522239, 99.99=543743] [READ-FAILED: Count=23, Max=15575, Min=1675, Avg=3206.87, 90=3227, 99=15575, 99.9=15575, 99.99=15575] 
2020-09-30 11:24:56:196 300 sec: 887778 operations; 2979.3 current ops/sec; est completion in 51 minutes [READ: Count=28264, Max=1251327, Min=0, Avg=10504.81, 90=19599, 99=72767, 99.9=547327, 99.99=636415] [UPDATE: Count=1489, Max=1120255, Min=16, Avg=14341.84, 90=19983, 99=394239, 99.9=643071, 99.99=1120255] [READ-FAILED: Count=37, Max=10751, Min=1947, Avg=3332.73, 90=3971, 99=10751, 99.9=10751, 99.99=10751] 
Maximum time elapsed. Requesting stop for the workload.
Stop requested for workload. Now Joining!
[36m11:24:56.487[m [[34;1mINFO[m] [1;34mp.u.t.s.y.Stats.clientFinished@38[m: 
Ended SconeKV benchmark.
Number of clients: 32
Total transactions: 176656
Committed: 169488 (95.9424%)
Aborted: 7168 (4.0576034%)
2020-09-30 11:24:56:490 300 sec: 887999 operations; 754.27 current ops/sec; est completion in 51 minutes [READ: Count=211, Max=544767, Min=2, Avg=29124.43, 90=20591, 99=530431, 99.9=544767, 99.99=544767] [CLEANUP: Count=32, Max=1378, Min=2, Avg=46.56, 90=5, 99=1378, 99.9=1378, 99.99=1378] [UPDATE: Count=9, Max=20351, Min=1767, Avg=7691.44, 90=19535, 99=20351, 99.9=20351, 99.99=20351] [READ-FAILED: Count=0, Max=0, Min=9223372036854775807, Avg=NaN, 90=0, 99=0, 99.9=0, 99.99=0] 
[OVERALL], RunTime(ms), 300293
[OVERALL], Throughput(ops/sec), 2957.108557309028
[TOTAL_GCS_G1_Young_Generation], Count, 131
[TOTAL_GC_TIME_G1_Young_Generation], Time(ms), 1113
[TOTAL_GC_TIME_%_G1_Young_Generation], Time(%), 0.37063801021002823
[TOTAL_GCS_G1_Old_Generation], Count, 0
[TOTAL_GC_TIME_G1_Old_Generation], Time(ms), 0
[TOTAL_GC_TIME_%_G1_Old_Generation], Time(%), 0.0
[TOTAL_GCs], Count, 131
[TOTAL_GC_TIME], Time(ms), 1113
[TOTAL_GC_TIME_%], Time(%), 0.37063801021002823
[READ], Operations, 842496
[READ], AverageLatency(us), 10658.492030822697
[READ], MinLatency(us), 0
[READ], MaxLatency(us), 2103295
[READ], 95thPercentileLatency(us), 25455
[READ], 99thPercentileLatency(us), 68415
[READ], Return=OK, 842496
[READ], Return=NOT_FOUND, 879
[CLEANUP], Operations, 32
[CLEANUP], AverageLatency(us), 46.5625
[CLEANUP], MinLatency(us), 2
[CLEANUP], MaxLatency(us), 1378
[CLEANUP], 95thPercentileLatency(us), 6
[CLEANUP], 99thPercentileLatency(us), 1378
[UPDATE], Operations, 44624
[UPDATE], AverageLatency(us), 12444.85841699534
[UPDATE], MinLatency(us), 12
[UPDATE], MaxLatency(us), 1844223
[UPDATE], 95thPercentileLatency(us), 27343
[UPDATE], 99thPercentileLatency(us), 228607
[UPDATE], Return=OK, 44624
[READ-FAILED], Operations, 879
[READ-FAILED], AverageLatency(us), 3979.5494880546075
[READ-FAILED], MinLatency(us), 1477
[READ-FAILED], MaxLatency(us), 86591
[READ-FAILED], 95thPercentileLatency(us), 8927
[READ-FAILED], 99thPercentileLatency(us), 23295
