Command line: -t -db pt.ulisboa.tecnico.sconekv.ycsb.SconeKVClient -P workloadf -threads 256 -s -p scone.tx_size=5 -p operationcount=10000000 -p maxexecutiontime=300
YCSB Client 0.17.0

Loading workload...
Starting test.
WARNING: sun.reflect.Reflection.getCallerClass is not supported. This will impact performance.
2020-09-30 13:29:22:002 0 sec: 0 operations; est completion in 0 second 
Maximum execution time specified as: 300 secs
DBWrapper: report latency for each error is false and specific error codes to track for latency are: []
DBWrapper: report latency for each error is false and specific error codes to track for latency are: []
DBWrapper: report latency for each error is false and specific error codes to track for latency are: []
DBWrapper: report latency for each error is false and specific error codes to track for latency are: []
DBWrapper: report latency for each error is false and specific error codes to track for latency are: []
DBWrapper: report latency for each error is false and specific error codes to track for latency are: []
DBWrapper: report latency for each error is false and specific error codes to track for latency are: []
DBWrapper: report latency for each error is false and specific error codes to track for latency are: []
DBWrapper: report latency for each error is false and specific error codes to track for latency are: []
DBWrapper: report latency for each error is false and specific error codes to track for latency are: []
DBWrapper: report latency for each error is false and specific error codes to track for latency are: []
DBWrapper: report latency for each error is false and specific error codes to track for latency are: []
DBWrapper: report latency for each error is false and specific error codes to track for latency are: []
DBWrapper: report latency for each error is false and specific error codes to track for latency are: []
DBWrapper: report latency for each error is false and specific error codes to track for latency are: []
DBWrapper: report latency for each error is false and specific error codes to track for latency are: []
DBWrapper: report latency for each error is false and specific error codes to track for latency are: []
DBWrapper: report latency for each error is false and specific error codes to track for latency are: []
DBWrapper: report latency for each error is false and specific error codes to track for latency are: []
DBWrapper: report latency for each error is false and specific error codes to track for latency are: []
DBWrapper: report latency for each error is false and specific error codes to track for latency are: []
DBWrapper: report latency for each error is false and specific error codes to track for latency are: []
DBWrapper: report latency for each error is false and specific error codes to track for latency are: []
DBWrapper: report latency for each error is false and specific error codes to track for latency are: []
DBWrapper: report latency for each error is false and specific error codes to track for latency are: []
DBWrapper: report latency for each error is false and specific error codes to track for latency are: []
DBWrapper: report latency for each error is false and specific error codes to track for latency are: []
DBWrapper: report latency for each error is false and specific error codes to track for latency are: []
DBWrapper: report latency for each error is false and specific error codes to track for latency are: []
DBWrapper: report latency for each error is false and specific error codes to track for latency are: []
DBWrapper: report latency for each error is false and specific error codes to track for latency are: []
DBWrapper: report latency for each error is false and specific error codes to track for latency are: []
DBWrapper: report latency for each error is false and specific error codes to track for latency are: []
DBWrapper: report latency for each error is false and specific error codes to track for latency are: []
DBWrapper: report latency for each error is false and specific error codes to track for latency are: []
DBWrapper: report latency for each error is false and specific error codes to track for latency are: []
DBWrapper: report latency for each error is false and specific error codes to track for latency are: []
DBWrapper: report latency for each error is false and specific error codes to track for latency are: []
DBWrapper: report latency for each error is false and specific error codes to track for latency are: []
DBWrapper: report latency for each error is false and specific error codes to track for latency are: []
DBWrapper: report latency for each error is false and specific error codes to track for latency are: []
DBWrapper: report latency for each error is false and specific error codes to track for latency are: []
DBWrapper: report latency for each error is false and specific error codes to track for latency are: []
DBWrapper: report latency for each error is false and specific error codes to track for latency are: []
DBWrapper: report latency for each error is false and specific error codes to track for latency are: []
DBWrapper: report latency for each error is false and specific error codes to track for latency are: []
DBWrapper: report latency for each error is false and specific error codes to track for latency are: []
DBWrapper: report latency for each error is false and specific error codes to track for latency are: []
DBWrapper: report latency for each error is false and specific error codes to track for latency are: []
DBWrapper: report latency for each error is false and specific error codes to track for latency are: []
DBWrapper: report latency for each error is false and specific error codes to track for latency are: []
DBWrapper: report latency for each error is false and specific error codes to track for latency are: []
DBWrapper: report latency for each error is false and specific error codes to track for latency are: []
DBWrapper: report latency for each error is false and specific error codes to track for latency are: []
DBWrapper: report latency for each error is false and specific error codes to track for latency are: []
DBWrapper: report latency for each error is false and specific error codes to track for latency are: []
DBWrapper: report latency for each error is false and specific error codes to track for latency are: []
DBWrapper: report latency for each error is false and specific error codes to track for latency are: []
DBWrapper: report latency for each error is false and specific error codes to track for latency are: []
DBWrapper: report latency for each error is false and specific error codes to track for latency are: []
DBWrapper: report latency for each error is false and specific error codes to track for latency are: []
DBWrapper: report latency for each error is false and specific error codes to track for latency are: []
DBWrapper: report latency for each error is false and specific error codes to track for latency are: []
DBWrapper: report latency for each error is false and specific error codes to track for latency are: []
DBWrapper: report latency for each error is false and specific error codes to track for latency are: []
DBWrapper: report latency for each error is false and specific error codes to track for latency are: []
DBWrapper: report latency for each error is false and specific error codes to track for latency are: []
DBWrapper: report latency for each error is false and specific error codes to track for latency are: []
DBWrapper: report latency for each error is false and specific error codes to track for latency are: []
DBWrapper: report latency for each error is false and specific error codes to track for latency are: []
DBWrapper: report latency for each error is false and specific error codes to track for latency are: []
DBWrapper: report latency for each error is false and specific error codes to track for latency are: []
DBWrapper: report latency for each error is false and specific error codes to track for latency are: []
DBWrapper: report latency for each error is false and specific error codes to track for latency are: []
DBWrapper: report latency for each error is false and specific error codes to track for latency are: []
DBWrapper: report latency for each error is false and specific error codes to track for latency are: []
DBWrapper: report latency for each error is false and specific error codes to track for latency are: []
DBWrapper: report latency for each error is false and specific error codes to track for latency are: []
DBWrapper: report latency for each error is false and specific error codes to track for latency are: []
DBWrapper: report latency for each error is false and specific error codes to track for latency are: []
DBWrapper: report latency for each error is false and specific error codes to track for latency are: []
DBWrapper: report latency for each error is false and specific error codes to track for latency are: []
DBWrapper: report latency for each error is false and specific error codes to track for latency are: []
DBWrapper: report latency for each error is false and specific error codes to track for latency are: []
DBWrapper: report latency for each error is false and specific error codes to track for latency are: []
DBWrapper: report latency for each error is false and specific error codes to track for latency are: []
DBWrapper: report latency for each error is false and specific error codes to track for latency are: []
DBWrapper: report latency for each error is false and specific error codes to track for latency are: []
DBWrapper: report latency for each error is false and specific error codes to track for latency are: []
DBWrapper: report latency for each error is false and specific error codes to track for latency are: []
DBWrapper: report latency for each error is false and specific error codes to track for latency are: []
DBWrapper: report latency for each error is false and specific error codes to track for latency are: []
DBWrapper: report latency for each error is false and specific error codes to track for latency are: []
DBWrapper: report latency for each error is false and specific error codes to track for latency are: []
DBWrapper: report latency for each error is false and specific error codes to track for latency are: []
DBWrapper: report latency for each error is false and specific error codes to track for latency are: []
DBWrapper: report latency for each error is false and specific error codes to track for latency are: []
DBWrapper: report latency for each error is false and specific error codes to track for latency are: []
DBWrapper: report latency for each error is false and specific error codes to track for latency are: []
DBWrapper: report latency for each error is false and specific error codes to track for latency are: []
DBWrapper: report latency for each error is false and specific error codes to track for latency are: []
DBWrapper: report latency for each error is false and specific error codes to track for latency are: []
DBWrapper: report latency for each error is false and specific error codes to track for latency are: []
DBWrapper: report latency for each error is false and specific error codes to track for latency are: []
DBWrapper: report latency for each error is false and specific error codes to track for latency are: []
DBWrapper: report latency for each error is false and specific error codes to track for latency are: []
DBWrapper: report latency for each error is false and specific error codes to track for latency are: []
DBWrapper: report latency for each error is false and specific error codes to track for latency are: []
DBWrapper: report latency for each error is false and specific error codes to track for latency are: []
DBWrapper: report latency for each error is false and specific error codes to track for latency are: []
DBWrapper: report latency for each error is false and specific error codes to track for latency are: []
DBWrapper: report latency for each error is false and specific error codes to track for latency are: []
DBWrapper: report latency for each error is false and specific error codes to track for latency are: []
DBWrapper: report latency for each error is false and specific error codes to track for latency are: []
DBWrapper: report latency for each error is false and specific error codes to track for latency are: []
DBWrapper: report latency for each error is false and specific error codes to track for latency are: []
DBWrapper: report latency for each error is false and specific error codes to track for latency are: []
DBWrapper: report latency for each error is false and specific error codes to track for latency are: []
DBWrapper: report latency for each error is false and specific error codes to track for latency are: []
DBWrapper: report latency for each error is false and specific error codes to track for latency are: []
DBWrapper: report latency for each error is false and specific error codes to track for latency are: []
DBWrapper: report latency for each error is false and specific error codes to track for latency are: []
DBWrapper: report latency for each error is false and specific error codes to track for latency are: []
DBWrapper: report latency for each error is false and specific error codes to track for latency are: []
DBWrapper: report latency for each error is false and specific error codes to track for latency are: []
DBWrapper: report latency for each error is false and specific error codes to track for latency are: []
DBWrapper: report latency for each error is false and specific error codes to track for latency are: []
DBWrapper: report latency for each error is false and specific error codes to track for latency are: []
DBWrapper: report latency for each error is false and specific error codes to track for latency are: []
DBWrapper: report latency for each error is false and specific error codes to track for latency are: []
DBWrapper: report latency for each error is false and specific error codes to track for latency are: []
DBWrapper: report latency for each error is false and specific error codes to track for latency are: []
DBWrapper: report latency for each error is false and specific error codes to track for latency are: []
DBWrapper: report latency for each error is false and specific error codes to track for latency are: []
DBWrapper: report latency for each error is false and specific error codes to track for latency are: []
DBWrapper: report latency for each error is false and specific error codes to track for latency are: []
DBWrapper: report latency for each error is false and specific error codes to track for latency are: []
DBWrapper: report latency for each error is false and specific error codes to track for latency are: []
DBWrapper: report latency for each error is false and specific error codes to track for latency are: []
DBWrapper: report latency for each error is false and specific error codes to track for latency are: []
DBWrapper: report latency for each error is false and specific error codes to track for latency are: []
DBWrapper: report latency for each error is false and specific error codes to track for latency are: []
DBWrapper: report latency for each error is false and specific error codes to track for latency are: []
DBWrapper: report latency for each error is false and specific error codes to track for latency are: []
DBWrapper: report latency for each error is false and specific error codes to track for latency are: []
DBWrapper: report latency for each error is false and specific error codes to track for latency are: []
DBWrapper: report latency for each error is false and specific error codes to track for latency are: []
DBWrapper: report latency for each error is false and specific error codes to track for latency are: []
DBWrapper: report latency for each error is false and specific error codes to track for latency are: []
DBWrapper: report latency for each error is false and specific error codes to track for latency are: []
DBWrapper: report latency for each error is false and specific error codes to track for latency are: []
DBWrapper: report latency for each error is false and specific error codes to track for latency are: []
DBWrapper: report latency for each error is false and specific error codes to track for latency are: []
DBWrapper: report latency for each error is false and specific error codes to track for latency are: []
DBWrapper: report latency for each error is false and specific error codes to track for latency are: []
DBWrapper: report latency for each error is false and specific error codes to track for latency are: []
DBWrapper: report latency for each error is false and specific error codes to track for latency are: []
DBWrapper: report latency for each error is false and specific error codes to track for latency are: []
DBWrapper: report latency for each error is false and specific error codes to track for latency are: []
DBWrapper: report latency for each error is false and specific error codes to track for latency are: []
DBWrapper: report latency for each error is false and specific error codes to track for latency are: []
DBWrapper: report latency for each error is false and specific error codes to track for latency are: []
DBWrapper: report latency for each error is false and specific error codes to track for latency are: []
DBWrapper: report latency for each error is false and specific error codes to track for latency are: []
DBWrapper: report latency for each error is false and specific error codes to track for latency are: []
DBWrapper: report latency for each error is false and specific error codes to track for latency are: []
DBWrapper: report latency for each error is false and specific error codes to track for latency are: []
DBWrapper: report latency for each error is false and specific error codes to track for latency are: []
DBWrapper: report latency for each error is false and specific error codes to track for latency are: []
DBWrapper: report latency for each error is false and specific error codes to track for latency are: []
DBWrapper: report latency for each error is false and specific error codes to track for latency are: []
DBWrapper: report latency for each error is false and specific error codes to track for latency are: []
DBWrapper: report latency for each error is false and specific error codes to track for latency are: []
DBWrapper: report latency for each error is false and specific error codes to track for latency are: []
DBWrapper: report latency for each error is false and specific error codes to track for latency are: []
DBWrapper: report latency for each error is false and specific error codes to track for latency are: []
DBWrapper: report latency for each error is false and specific error codes to track for latency are: []
DBWrapper: report latency for each error is false and specific error codes to track for latency are: []
DBWrapper: report latency for each error is false and specific error codes to track for latency are: []
DBWrapper: report latency for each error is false and specific error codes to track for latency are: []
DBWrapper: report latency for each error is false and specific error codes to track for latency are: []
DBWrapper: report latency for each error is false and specific error codes to track for latency are: []
2020-09-30 13:29:32:049 10 sec: 3504 operations; 348.73 current ops/sec; est completion in 7 hours 57 minutes [READ: Count=3911, Max=3246079, Min=1, Avg=150843.46, 90=403455, 99=1034239, 99.9=2469887, 99.99=3246079] [READ-MODIFY-WRITE: Count=1962, Max=3274751, Min=16, Avg=176087.38, 90=471295, 99=1400831, 99.9=2469887, 99.99=3274751] [UPDATE: Count=2033, Max=854015, Min=3, Avg=17823.79, 90=36831, 99=357375, 99.9=740351, 99.99=854015] [READ-FAILED: Count=5, Max=733695, Min=2514, Avg=174846.2, 90=733695, 99=733695, 99.9=733695, 99.99=733695] 
DBWrapper: report latency for each error is false and specific error codes to track for latency are: []
DBWrapper: report latency for each error is false and specific error codes to track for latency are: []
DBWrapper: report latency for each error is false and specific error codes to track for latency are: []
DBWrapper: report latency for each error is false and specific error codes to track for latency are: []
DBWrapper: report latency for each error is false and specific error codes to track for latency are: []
DBWrapper: report latency for each error is false and specific error codes to track for latency are: []
DBWrapper: report latency for each error is false and specific error codes to track for latency are: []
DBWrapper: report latency for each error is false and specific error codes to track for latency are: []
DBWrapper: report latency for each error is false and specific error codes to track for latency are: []
DBWrapper: report latency for each error is false and specific error codes to track for latency are: []
DBWrapper: report latency for each error is false and specific error codes to track for latency are: []
DBWrapper: report latency for each error is false and specific error codes to track for latency are: []
DBWrapper: report latency for each error is false and specific error codes to track for latency are: []
DBWrapper: report latency for each error is false and specific error codes to track for latency are: []
DBWrapper: report latency for each error is false and specific error codes to track for latency are: []
DBWrapper: report latency for each error is false and specific error codes to track for latency are: []
DBWrapper: report latency for each error is false and specific error codes to track for latency are: []
DBWrapper: report latency for each error is false and specific error codes to track for latency are: []
DBWrapper: report latency for each error is false and specific error codes to track for latency are: []
DBWrapper: report latency for each error is false and specific error codes to track for latency are: []
DBWrapper: report latency for each error is false and specific error codes to track for latency are: []
DBWrapper: report latency for each error is false and specific error codes to track for latency are: []
DBWrapper: report latency for each error is false and specific error codes to track for latency are: []
DBWrapper: report latency for each error is false and specific error codes to track for latency are: []
DBWrapper: report latency for each error is false and specific error codes to track for latency are: []
DBWrapper: report latency for each error is false and specific error codes to track for latency are: []
DBWrapper: report latency for each error is false and specific error codes to track for latency are: []
DBWrapper: report latency for each error is false and specific error codes to track for latency are: []
DBWrapper: report latency for each error is false and specific error codes to track for latency are: []
DBWrapper: report latency for each error is false and specific error codes to track for latency are: []
DBWrapper: report latency for each error is false and specific error codes to track for latency are: []
DBWrapper: report latency for each error is false and specific error codes to track for latency are: []
DBWrapper: report latency for each error is false and specific error codes to track for latency are: []
DBWrapper: report latency for each error is false and specific error codes to track for latency are: []
DBWrapper: report latency for each error is false and specific error codes to track for latency are: []
DBWrapper: report latency for each error is false and specific error codes to track for latency are: []
DBWrapper: report latency for each error is false and specific error codes to track for latency are: []
DBWrapper: report latency for each error is false and specific error codes to track for latency are: []
DBWrapper: report latency for each error is false and specific error codes to track for latency are: []
DBWrapper: report latency for each error is false and specific error codes to track for latency are: []
DBWrapper: report latency for each error is false and specific error codes to track for latency are: []
DBWrapper: report latency for each error is false and specific error codes to track for latency are: []
DBWrapper: report latency for each error is false and specific error codes to track for latency are: []
DBWrapper: report latency for each error is false and specific error codes to track for latency are: []
DBWrapper: report latency for each error is false and specific error codes to track for latency are: []
DBWrapper: report latency for each error is false and specific error codes to track for latency are: []
DBWrapper: report latency for each error is false and specific error codes to track for latency are: []
DBWrapper: report latency for each error is false and specific error codes to track for latency are: []
DBWrapper: report latency for each error is false and specific error codes to track for latency are: []
DBWrapper: report latency for each error is false and specific error codes to track for latency are: []
DBWrapper: report latency for each error is false and specific error codes to track for latency are: []
DBWrapper: report latency for each error is false and specific error codes to track for latency are: []
DBWrapper: report latency for each error is false and specific error codes to track for latency are: []
DBWrapper: report latency for each error is false and specific error codes to track for latency are: []
DBWrapper: report latency for each error is false and specific error codes to track for latency are: []
DBWrapper: report latency for each error is false and specific error codes to track for latency are: []
DBWrapper: report latency for each error is false and specific error codes to track for latency are: []
DBWrapper: report latency for each error is false and specific error codes to track for latency are: []
DBWrapper: report latency for each error is false and specific error codes to track for latency are: []
DBWrapper: report latency for each error is false and specific error codes to track for latency are: []
DBWrapper: report latency for each error is false and specific error codes to track for latency are: []
DBWrapper: report latency for each error is false and specific error codes to track for latency are: []
DBWrapper: report latency for each error is false and specific error codes to track for latency are: []
DBWrapper: report latency for each error is false and specific error codes to track for latency are: []
DBWrapper: report latency for each error is false and specific error codes to track for latency are: []
2020-09-30 13:29:42:002 20 sec: 22095 operations; 1867.88 current ops/sec; est completion in 2 hours 30 minutes [READ: Count=18210, Max=1626111, Min=1, Avg=108475.63, 90=326399, 99=828415, 99.9=1260543, 99.99=1554431] [READ-MODIFY-WRITE: Count=9169, Max=2215935, Min=6, Avg=125245.65, 90=364799, 99=1042943, 99.9=1520639, 99.99=1886207] [UPDATE: Count=9118, Max=656383, Min=2, Avg=13567.87, 90=11663, 99=273407, 99.9=450559, 99.99=643583] [READ-FAILED: Count=13, Max=361215, Min=2446, Avg=62193.62, 90=249599, 99=361215, 99.9=361215, 99.99=361215] 
DBWrapper: report latency for each error is false and specific error codes to track for latency are: []
DBWrapper: report latency for each error is false and specific error codes to track for latency are: []
DBWrapper: report latency for each error is false and specific error codes to track for latency are: []
DBWrapper: report latency for each error is false and specific error codes to track for latency are: []
DBWrapper: report latency for each error is false and specific error codes to track for latency are: []
DBWrapper: report latency for each error is false and specific error codes to track for latency are: []
DBWrapper: report latency for each error is false and specific error codes to track for latency are: []
DBWrapper: report latency for each error is false and specific error codes to track for latency are: []
DBWrapper: report latency for each error is false and specific error codes to track for latency are: []
2020-09-30 13:29:52:003 30 sec: 59675 operations; 3757.62 current ops/sec; est completion in 1 hour 23 minutes [READ: Count=37542, Max=15474687, Min=0, Avg=65691.98, 90=125951, 99=624639, 99.9=1216511, 99.99=1567743] [READ-MODIFY-WRITE: Count=18773, Max=1721343, Min=3, Avg=72156.56, 90=157695, 99=656383, 99.9=1210367, 99.99=1571839] [UPDATE: Count=18793, Max=565759, Min=1, Avg=6434.86, 90=25583, 99=72703, 99.9=187903, 99.99=473599] [READ-FAILED: Count=18, Max=62559, Min=3894, Avg=18277.61, 90=33663, 99=62559, 99.9=62559, 99.99=62559] 
2020-09-30 13:30:02:001 40 sec: 103330 operations; 4366.37 current ops/sec; est completion in 1 hour 3 minutes [READ: Count=43614, Max=2674687, Min=0, Avg=56937.93, 90=99839, 99=926719, 99.9=1973247, 99.99=2598911] [READ-MODIFY-WRITE: Count=21718, Max=2656255, Min=2, Avg=59362.11, 90=113215, 99=941567, 99.9=1981439, 99.99=2392063] [UPDATE: Count=21683, Max=1113087, Min=0, Avg=2270.84, 90=6799, 99=29615, 99.9=97919, 99.99=176511] [READ-FAILED: Count=17, Max=94335, Min=2358, Avg=12720.06, 90=14631, 99=94335, 99.9=94335, 99.99=94335] 
2020-09-30 13:30:12:000 50 sec: 151863 operations; 4853.3 current ops/sec; est completion in 54 minutes [READ: Count=48518, Max=2531327, Min=0, Avg=51393.81, 90=100735, 99=736255, 99.9=1870847, 99.99=2445311] [READ-MODIFY-WRITE: Count=24295, Max=2598911, Min=2, Avg=53974.4, 90=114047, 99=744447, 99.9=1896447, 99.99=2449407] [UPDATE: Count=24305, Max=249855, Min=0, Avg=2317.48, 90=6267, 99=33535, 99.9=110719, 99.99=239999] [READ-FAILED: Count=16, Max=41631, Min=2066, Avg=8303.19, 90=9767, 99=41631, 99.9=41631, 99.99=41631] 
2020-09-30 13:30:22:004 60 sec: 199428 operations; 4755.07 current ops/sec; est completion in 49 minutes [READ: Count=47556, Max=2254847, Min=0, Avg=53087.36, 90=105087, 99=754175, 99.9=1557503, 99.99=2146303] [READ-MODIFY-WRITE: Count=23787, Max=2265087, Min=2, Avg=55880.49, 90=116607, 99=778751, 99.9=1571839, 99.99=2213887] [UPDATE: Count=23789, Max=143871, Min=0, Avg=2149.53, 90=6271, 99=30271, 99.9=102207, 99.99=136063] [READ-FAILED: Count=15, Max=19903, Min=2212, Avg=7875.93, 90=17583, 99=19903, 99.9=19903, 99.99=19903] 
2020-09-30 13:30:32:000 70 sec: 248389 operations; 4897.57 current ops/sec; est completion in 45 minutes [READ: Count=48947, Max=1985535, Min=0, Avg=51119.75, 90=92351, 99=786431, 99.9=1736703, 99.99=1939455] [READ-MODIFY-WRITE: Count=24576, Max=1929215, Min=2, Avg=51930.03, 90=102911, 99=767487, 99.9=1690623, 99.99=1865727] [UPDATE: Count=24604, Max=167807, Min=0, Avg=2205.44, 90=6379, 99=30671, 99.9=118911, 99.99=153983] [READ-FAILED: Count=20, Max=144127, Min=2254, Avg=15427.3, 90=20143, 99=144127, 99.9=144127, 99.99=144127] 
2020-09-30 13:30:42:001 80 sec: 293270 operations; 4488.1 current ops/sec; est completion in 44 minutes [READ: Count=44865, Max=2914303, Min=0, Avg=54526.84, 90=102719, 99=837631, 99.9=2086911, 99.99=2801663] [READ-MODIFY-WRITE: Count=22547, Max=2861055, Min=1, Avg=54637.01, 90=109695, 99=808959, 99.9=1979391, 99.99=2582527] [UPDATE: Count=22529, Max=228223, Min=0, Avg=2002.16, 90=5515, 99=26959, 99.9=120063, 99.99=227327] [READ-FAILED: Count=18, Max=15207, Min=2238, Avg=5949.44, 90=9239, 99=15207, 99.9=15207, 99.99=15207] 
2020-09-30 13:30:52:000 90 sec: 342535 operations; 4926.5 current ops/sec; est completion in 42 minutes [READ: Count=49244, Max=2740223, Min=0, Avg=52392.4, 90=96831, 99=785919, 99.9=1728511, 99.99=2111487] [READ-MODIFY-WRITE: Count=24725, Max=2746367, Min=2, Avg=54035.4, 90=107391, 99=807423, 99.9=1663999, 99.99=2150399] [UPDATE: Count=24711, Max=215167, Min=0, Avg=2138.6, 90=6547, 99=30607, 99.9=95807, 99.99=191999] [READ-FAILED: Count=15, Max=31599, Min=2039, Avg=9566.27, 90=24735, 99=31599, 99.9=31599, 99.99=31599] 
2020-09-30 13:31:02:000 100 sec: 383097 operations; 4056.2 current ops/sec; est completion in 41 minutes [READ: Count=40547, Max=3006463, Min=0, Avg=61860.39, 90=122175, 99=973823, 99.9=2406399, 99.99=2979839] [READ-MODIFY-WRITE: Count=20327, Max=3022847, Min=2, Avg=64096.59, 90=137087, 99=988159, 99.9=2228223, 99.99=3008511] [UPDATE: Count=20319, Max=195711, Min=0, Avg=1914.14, 90=5027, 99=28495, 99.9=92095, 99.99=147583] [READ-FAILED: Count=10, Max=42431, Min=1936, Avg=9268.3, 90=13031, 99=42431, 99.9=42431, 99.99=42431] 
2020-09-30 13:31:12:001 110 sec: 432591 operations; 4949.4 current ops/sec; est completion in 40 minutes [READ: Count=49475, Max=1966079, Min=0, Avg=47511.17, 90=90943, 99=662015, 99.9=1247231, 99.99=1645567] [READ-MODIFY-WRITE: Count=24652, Max=1971199, Min=2, Avg=50057.4, 90=104319, 99=670207, 99.9=1268735, 99.99=1866751] [UPDATE: Count=24654, Max=158079, Min=0, Avg=2181.38, 90=6791, 99=31087, 99.9=80959, 99.99=147455] [READ-FAILED: Count=19, Max=15823, Min=2514, Avg=6377.32, 90=10223, 99=15823, 99.9=15823, 99.99=15823] 
2020-09-30 13:31:22:001 120 sec: 475019 operations; 4242.8 current ops/sec; est completion in 40 minutes [READ: Count=42412, Max=3358719, Min=0, Avg=63268.06, 90=118079, 99=1021439, 99.9=2353151, 99.99=2836479] [READ-MODIFY-WRITE: Count=21180, Max=3360767, Min=2, Avg=64190.27, 90=128639, 99=997375, 99.9=2254847, 99.99=2840575] [UPDATE: Count=21199, Max=345855, Min=0, Avg=1844.45, 90=5187, 99=26447, 99.9=90367, 99.99=136575] [READ-FAILED: Count=22, Max=10511, Min=1970, Avg=4583.68, 90=7259, 99=10511, 99.9=10511, 99.99=10511] 
2020-09-30 13:31:32:001 130 sec: 527352 operations; 5233.3 current ops/sec; est completion in 38 minutes [READ: Count=52312, Max=2014207, Min=0, Avg=47906.83, 90=97663, 99=695807, 99.9=1542143, 99.99=1853439] [READ-MODIFY-WRITE: Count=26074, Max=2018303, Min=2, Avg=50030.41, 90=111103, 99=701439, 99.9=1485823, 99.99=1866751] [UPDATE: Count=26062, Max=212607, Min=0, Avg=2315.84, 90=6863, 99=29007, 99.9=145791, 99.99=178687] [READ-FAILED: Count=19, Max=37759, Min=2400, Avg=9503.47, 90=19791, 99=37759, 99.9=37759, 99.99=37759] 
2020-09-30 13:31:42:002 140 sec: 567849 operations; 4049.7 current ops/sec; est completion in 38 minutes [READ: Count=40487, Max=2568191, Min=0, Avg=60886.26, 90=105727, 99=949247, 99.9=2051071, 99.99=2375679] [READ-MODIFY-WRITE: Count=20124, Max=2570239, Min=2, Avg=63583.51, 90=115903, 99=972799, 99.9=2136063, 99.99=2381823] [UPDATE: Count=20148, Max=190847, Min=0, Avg=1816, 90=5123, 99=26127, 99.9=113855, 99.99=146559] [READ-FAILED: Count=15, Max=52735, Min=2824, Avg=11221, 90=41439, 99=52735, 99.9=52735, 99.99=52735] 
2020-09-30 13:31:52:000 150 sec: 617614 operations; 4976.5 current ops/sec; est completion in 37 minutes [READ: Count=49740, Max=3215359, Min=0, Avg=50390.48, 90=90239, 99=748543, 99.9=2047999, 99.99=2541567] [READ-MODIFY-WRITE: Count=24792, Max=3229695, Min=1, Avg=53031.53, 90=98367, 99=789503, 99.9=2068479, 99.99=2588671] [UPDATE: Count=24771, Max=224511, Min=0, Avg=2109.07, 90=6227, 99=29663, 99.9=113407, 99.99=210303] [READ-FAILED: Count=23, Max=55071, Min=1945, Avg=9124.65, 90=16047, 99=55071, 99.9=55071, 99.99=55071] 
2020-09-30 13:32:02:001 160 sec: 658209 operations; 4059.5 current ops/sec; est completion in 37 minutes [READ: Count=40576, Max=4192255, Min=0, Avg=61740.72, 90=120447, 99=840191, 99.9=3112959, 99.99=4145151] [READ-MODIFY-WRITE: Count=20218, Max=4202495, Min=2, Avg=64045.42, 90=133247, 99=840703, 99.9=3100671, 99.99=4151295] [UPDATE: Count=20213, Max=248063, Min=0, Avg=2147.62, 90=5927, 99=32303, 99.9=113791, 99.99=218111] [READ-FAILED: Count=12, Max=20287, Min=2842, Avg=8014, 90=14047, 99=20287, 99.9=20287, 99.99=20287] 
2020-09-30 13:32:12:001 170 sec: 705255 operations; 4704.6 current ops/sec; est completion in 37 minutes [READ: Count=47033, Max=2815999, Min=0, Avg=54255.74, 90=94783, 99=867839, 99.9=1885183, 99.99=2746367] [READ-MODIFY-WRITE: Count=23461, Max=2760703, Min=1, Avg=56910.2, 90=105023, 99=879103, 99.9=1894399, 99.99=2748415] [UPDATE: Count=23458, Max=245375, Min=0, Avg=2139.58, 90=6679, 99=25535, 99.9=134015, 99.99=212607] [READ-FAILED: Count=19, Max=109695, Min=1913, Avg=14056.42, 90=17183, 99=109695, 99.9=109695, 99.99=109695] 
2020-09-30 13:32:22:000 180 sec: 746998 operations; 4174.3 current ops/sec; est completion in 37 minutes [READ: Count=41727, Max=3221503, Min=0, Avg=60473.1, 90=113087, 99=888319, 99.9=2390015, 99.99=3086335] [READ-MODIFY-WRITE: Count=21006, Max=3102719, Min=1, Avg=62857.83, 90=123967, 99=936959, 99.9=2435071, 99.99=3061759] [UPDATE: Count=21005, Max=505087, Min=0, Avg=2441.99, 90=6323, 99=34367, 99.9=150655, 99.99=484607] [READ-FAILED: Count=12, Max=63327, Min=2666, Avg=11884.25, 90=14015, 99=63327, 99.9=63327, 99.99=63327] 
2020-09-30 13:32:32:001 190 sec: 795535 operations; 4853.7 current ops/sec; est completion in 36 minutes [READ: Count=48512, Max=2902015, Min=0, Avg=50689.86, 90=95551, 99=696319, 99.9=2258943, 99.99=2822143] [READ-MODIFY-WRITE: Count=24219, Max=2885631, Min=2, Avg=52938.49, 90=106815, 99=730111, 99.9=2146303, 99.99=2830335] [UPDATE: Count=24219, Max=173439, Min=0, Avg=1954.68, 90=5823, 99=28511, 99.9=105407, 99.99=166143] [READ-FAILED: Count=21, Max=35743, Min=2226, Avg=8040.05, 90=18383, 99=35743, 99.9=35743, 99.99=35743] 
2020-09-30 13:32:42:004 200 sec: 837184 operations; 4164.9 current ops/sec; est completion in 36 minutes [READ: Count=41644, Max=3082239, Min=0, Avg=60991.18, 90=128255, 99=887295, 99.9=2183167, 99.99=2920447] [READ-MODIFY-WRITE: Count=20908, Max=2981887, Min=2, Avg=63509.68, 90=140799, 99=920575, 99.9=2053119, 99.99=2762751] [UPDATE: Count=20910, Max=242815, Min=0, Avg=2356.2, 90=6387, 99=33823, 99.9=142463, 99.99=222335] [READ-FAILED: Count=19, Max=35871, Min=2536, Avg=7464.95, 90=8975, 99=35871, 99.9=35871, 99.99=35871] 
2020-09-30 13:32:52:001 210 sec: 886203 operations; 4901.9 current ops/sec; est completion in 36 minutes [READ: Count=48988, Max=2435071, Min=0, Avg=51209.34, 90=93951, 99=836607, 99.9=1927167, 99.99=2373631] [READ-MODIFY-WRITE: Count=24203, Max=2408447, Min=2, Avg=52408.15, 90=101887, 99=841215, 99.9=1922047, 99.99=2377727] [UPDATE: Count=24201, Max=209023, Min=0, Avg=1863.93, 90=5595, 99=22255, 99.9=129343, 99.99=191871] [READ-FAILED: Count=16, Max=13655, Min=1594, Avg=5789.75, 90=9935, 99=13655, 99.9=13655, 99.99=13655] 
2020-09-30 13:33:02:000 220 sec: 930854 operations; 4465.1 current ops/sec; est completion in 35 minutes [READ: Count=44625, Max=2326527, Min=0, Avg=55297.36, 90=127999, 99=738815, 99.9=1472511, 99.99=1997823] [READ-MODIFY-WRITE: Count=22256, Max=2049023, Min=2, Avg=57455.9, 90=140287, 99=753151, 99.9=1460223, 99.99=1873919] [UPDATE: Count=22258, Max=1159167, Min=0, Avg=2799.84, 90=7059, 99=40639, 99.9=148607, 99.99=325631] [READ-FAILED: Count=27, Max=39999, Min=2174, Avg=10293.3, 90=20607, 99=39999, 99.9=39999, 99.99=39999] 
2020-09-30 13:33:12:001 230 sec: 978197 operations; 4733.83 current ops/sec; est completion in 35 minutes [READ: Count=47326, Max=2179071, Min=0, Avg=54573.19, 90=98239, 99=845823, 99.9=1601535, 99.99=1882111] [READ-MODIFY-WRITE: Count=23779, Max=2181119, Min=1, Avg=55673.32, 90=105855, 99=854015, 99.9=1594367, 99.99=1957887] [UPDATE: Count=23787, Max=207359, Min=0, Avg=1705.34, 90=5487, 99=19903, 99.9=80831, 99.99=170239] [READ-FAILED: Count=21, Max=54015, Min=1905, Avg=8967.9, 90=15071, 99=54015, 99.9=54015, 99.99=54015] 
2020-09-30 13:33:22:001 240 sec: 1024822 operations; 4662.97 current ops/sec; est completion in 35 minutes [READ: Count=46619, Max=3108863, Min=0, Avg=53977.73, 90=108479, 99=708607, 99.9=1935359, 99.99=3024895] [READ-MODIFY-WRITE: Count=23206, Max=3151871, Min=2, Avg=57009.83, 90=121791, 99=726527, 99.9=1986559, 99.99=3014655] [UPDATE: Count=23225, Max=481279, Min=0, Avg=2553.91, 90=7831, 99=34687, 99.9=108479, 99.99=255871] [READ-FAILED: Count=18, Max=86271, Min=2970, Avg=15847.61, 90=30063, 99=86271, 99.9=86271, 99.99=86271] 
2020-09-30 13:33:32:001 250 sec: 1068184 operations; 4336.2 current ops/sec; est completion in 34 minutes [READ: Count=43335, Max=2373631, Min=0, Avg=55109.28, 90=105727, 99=812031, 99.9=1937407, 99.99=2279423] [READ-MODIFY-WRITE: Count=21606, Max=2803711, Min=2, Avg=57186.3, 90=113407, 99=850431, 99.9=1969151, 99.99=2379775] [UPDATE: Count=21570, Max=512511, Min=0, Avg=2304.11, 90=5295, 99=23583, 99.9=336383, 99.99=510207] [READ-FAILED: Count=11, Max=36671, Min=2440, Avg=10451.64, 90=22367, 99=36671, 99.9=36671, 99.99=36671] 
2020-09-30 13:33:42:000 260 sec: 1111494 operations; 4331 current ops/sec; est completion in 34 minutes [READ: Count=43317, Max=2723839, Min=0, Avg=60441.47, 90=121855, 99=923647, 99.9=1659903, 99.99=2220031] [READ-MODIFY-WRITE: Count=21837, Max=2383871, Min=2, Avg=62097.71, 90=129087, 99=953343, 99.9=1659903, 99.99=2250751] [UPDATE: Count=21859, Max=216831, Min=0, Avg=1993.08, 90=5599, 99=27263, 99.9=124159, 99.99=193407] [READ-FAILED: Count=8, Max=9679, Min=2038, Avg=5262.75, 90=9039, 99=9679, 99.9=9679, 99.99=9679] 
2020-09-30 13:33:52:001 270 sec: 1154295 operations; 4280.1 current ops/sec; est completion in 34 minutes [READ: Count=42771, Max=3545087, Min=0, Avg=58616.14, 90=99199, 99=893951, 99.9=2451455, 99.99=3188735] [READ-MODIFY-WRITE: Count=21551, Max=3551231, Min=2, Avg=60645.52, 90=111487, 99=899071, 99.9=2271231, 99.99=3190783] [UPDATE: Count=21531, Max=165631, Min=0, Avg=1821.34, 90=5803, 99=23503, 99.9=69311, 99.99=146047] [READ-FAILED: Count=19, Max=23919, Min=2348, Avg=8483.05, 90=13127, 99=23919, 99.9=23919, 99.99=23919] 
2020-09-30 13:34:02:000 280 sec: 1202669 operations; 4837.4 current ops/sec; est completion in 34 minutes [READ: Count=48358, Max=2310143, Min=0, Avg=50282.98, 90=91135, 99=775679, 99.9=1607679, 99.99=1902591] [READ-MODIFY-WRITE: Count=23957, Max=1996799, Min=1, Avg=51876.65, 90=101247, 99=770559, 99.9=1575935, 99.99=1831935] [UPDATE: Count=23958, Max=482303, Min=0, Avg=1835.58, 90=5507, 99=21231, 99.9=124799, 99.99=160383] [READ-FAILED: Count=11, Max=9863, Min=2098, Avg=5584.64, 90=8807, 99=9863, 99.9=9863, 99.99=9863] 
2020-09-30 13:34:12:000 290 sec: 1245395 operations; 4272.6 current ops/sec; est completion in 33 minutes [READ: Count=42715, Max=2199551, Min=0, Avg=60463.28, 90=118463, 99=875519, 99.9=1989631, 99.99=2111487] [READ-MODIFY-WRITE: Count=21411, Max=2283519, Min=2, Avg=62853.17, 90=129663, 99=888319, 99.9=1963007, 99.99=2162687] [UPDATE: Count=21419, Max=265727, Min=0, Avg=2365.25, 90=6931, 99=32351, 99.9=122239, 99.99=176127] [READ-FAILED: Count=14, Max=15655, Min=2122, Avg=6462.29, 90=15015, 99=15655, 99.9=15655, 99.99=15655] 
2020-09-30 13:34:22:001 300 sec: 1294844 operations; 4944.9 current ops/sec; est completion in 33 minutes [READ: Count=49437, Max=1825791, Min=0, Avg=49677.14, 90=102271, 99=710143, 99.9=1447935, 99.99=1730559] [READ-MODIFY-WRITE: Count=24889, Max=1833983, Min=1, Avg=53160.38, 90=115967, 99=745983, 99.9=1473535, 99.99=1736703] [UPDATE: Count=24890, Max=283647, Min=0, Avg=2196.42, 90=6027, 99=33055, 99.9=109503, 99.99=201855] [READ-FAILED: Count=12, Max=10655, Min=1837, Avg=5567.08, 90=10183, 99=10655, 99.9=10655, 99.99=10655] 
Maximum time elapsed. Requesting stop for the workload.
Stop requested for workload. Now Joining!
[36m13:34:22.552[m [[34;1mINFO[m] [1;34mp.u.t.s.y.Stats.clientFinished@38[m: 
Ended SconeKV benchmark.
Number of clients: 256
Total transactions: 286587
Committed: 180165 (62.865726%)
Aborted: 106422 (37.134274%)
2020-09-30 13:34:22:554 300 sec: 1296921 operations; 3755.88 current ops/sec; est completion in 33 minutes [READ: Count=2072, Max=1743871, Min=0, Avg=90310.63, 90=169855, 99=1458175, 99.9=1725439, 99.99=1743871] [READ-MODIFY-WRITE: Count=1005, Max=1760255, Min=2, Avg=89276.45, 90=192383, 99=1370111, 99.9=1720319, 99.99=1760255] [CLEANUP: Count=256, Max=1527, Min=2, Avg=9.05, 90=3, 99=32, 99.9=1527, 99.99=1527] [UPDATE: Count=992, Max=107455, Min=1, Avg=2561.05, 90=7527, 99=28559, 99.9=64991, 99.99=107455] [READ-FAILED: Count=1, Max=10175, Min=10168, Avg=10172, 90=10175, 99=10175, 99.9=10175, 99.99=10175] 
[OVERALL], RunTime(ms), 300544
[OVERALL], Throughput(ops/sec), 4315.245022359455
[TOTAL_GCS_G1_Young_Generation], Count, 123
[TOTAL_GC_TIME_G1_Young_Generation], Time(ms), 3419
[TOTAL_GC_TIME_%_G1_Young_Generation], Time(%), 1.137603811754685
[TOTAL_GCS_G1_Old_Generation], Count, 0
[TOTAL_GC_TIME_G1_Old_Generation], Time(ms), 0
[TOTAL_GC_TIME_%_G1_Old_Generation], Time(%), 0.0
[TOTAL_GCs], Count, 123
[TOTAL_GC_TIME], Time(ms), 3419
[TOTAL_GC_TIME_%], Time(%), 1.137603811754685
[READ], Operations, 1296435
[READ], AverageLatency(us), 56236.283337768575
[READ], MinLatency(us), 0
[READ], MaxLatency(us), 15474687
[READ], 95thPercentileLatency(us), 275711
[READ], 99thPercentileLatency(us), 811007
[READ], Return=OK, 1296435
[READ], Return=NOT_FOUND, 486
[READ-MODIFY-WRITE], Operations, 648213
[READ-MODIFY-WRITE], AverageLatency(us), 58733.78622921786
[READ-MODIFY-WRITE], MinLatency(us), 1
[READ-MODIFY-WRITE], MaxLatency(us), 4202495
[READ-MODIFY-WRITE], 95thPercentileLatency(us), 288767
[READ-MODIFY-WRITE], 99thPercentileLatency(us), 836095
[CLEANUP], Operations, 256
[CLEANUP], AverageLatency(us), 9.0546875
[CLEANUP], MinLatency(us), 2
[CLEANUP], MaxLatency(us), 1527
[CLEANUP], 95thPercentileLatency(us), 5
[CLEANUP], 99thPercentileLatency(us), 32
[UPDATE], Operations, 648213
[UPDATE], AverageLatency(us), 2474.3331188976463
[UPDATE], MinLatency(us), 0
[UPDATE], MaxLatency(us), 1159167
[UPDATE], 95thPercentileLatency(us), 11495
[UPDATE], 99thPercentileLatency(us), 34719
[UPDATE], Return=OK, 648213
[READ-FAILED], Operations, 486
[READ-FAILED], AverageLatency(us), 12591.232510288066
[READ-FAILED], MinLatency(us), 1594
[READ-FAILED], MaxLatency(us), 733695
[READ-FAILED], 95thPercentileLatency(us), 33663
[READ-FAILED], 99thPercentileLatency(us), 131327
