/opt/java/openjdk/bin/java  -classpath /usr/src/ycsb/conf:/usr/src/ycsb/lib/HdrHistogram-2.1.4.jar:/usr/src/ycsb/lib/core-0.18.0-SNAPSHOT.jar:/usr/src/ycsb/lib/htrace-core4-4.1.0-incubating.jar:/usr/src/ycsb/lib/jackson-core-asl-1.9.4.jar:/usr/src/ycsb/lib/jackson-mapper-asl-1.9.4.jar:/usr/src/ycsb/lib/postgresql-42.2.16.jar:/usr/src/ycsb/cassandra-binding/lib/cassandra-binding-0.18.0-SNAPSHOT.jar:/usr/src/ycsb/cassandra-binding/lib/cassandra-driver-core-3.0.0.jar:/usr/src/ycsb/cassandra-binding/lib/guava-16.0.1.jar:/usr/src/ycsb/cassandra-binding/lib/metrics-core-3.1.2.jar:/usr/src/ycsb/cassandra-binding/lib/netty-buffer-4.0.33.Final.jar:/usr/src/ycsb/cassandra-binding/lib/netty-codec-4.0.33.Final.jar:/usr/src/ycsb/cassandra-binding/lib/netty-common-4.0.33.Final.jar:/usr/src/ycsb/cassandra-binding/lib/netty-handler-4.0.33.Final.jar:/usr/src/ycsb/cassandra-binding/lib/netty-transport-4.0.33.Final.jar:/usr/src/ycsb/cassandra-binding/lib/slf4j-api-1.7.25.jar site.ycsb.Client -t -db site.ycsb.db.CassandraCQLClient -P workloads/workloada -p operationcount=10000000 -p hosts=10.0.5.27,10.0.5.26,10.0.5.25,10.0.5.24,10.0.5.23,10.0.5.22,10.0.5.21,10.0.5.20,10.0.5.19,10.0.5.18,10.0.5.17,10.0.5.16,10.0.5.15,10.0.5.14,10.0.5.13,10.0.5.11,10.0.5.9,10.0.5.7,10.0.5.5,10.0.5.3 -p maxexecutiontime=300 -threads 256 -p cassandra.readconsistencylevel=QUORUM -p cassandra.writeconsistencylevel=QUORUM -s
Command line: -t -db site.ycsb.db.CassandraCQLClient -P workloads/workloada -p operationcount=10000000 -p hosts=10.0.5.27,10.0.5.26,10.0.5.25,10.0.5.24,10.0.5.23,10.0.5.22,10.0.5.21,10.0.5.20,10.0.5.19,10.0.5.18,10.0.5.17,10.0.5.16,10.0.5.15,10.0.5.14,10.0.5.13,10.0.5.11,10.0.5.9,10.0.5.7,10.0.5.5,10.0.5.3 -p maxexecutiontime=300 -threads 256 -p cassandra.readconsistencylevel=QUORUM -p cassandra.writeconsistencylevel=QUORUM -s
YCSB Client 0.18.0-SNAPSHOT

Loading workload...
Starting test.
SLF4J: Failed to load class "org.slf4j.impl.StaticLoggerBinder".
SLF4J: Defaulting to no-operation (NOP) logger implementation
SLF4J: See http://www.slf4j.org/codes.html#StaticLoggerBinder for further details.
Maximum execution time specified as: 300 secs
2020-09-30 16:54:55:017 0 sec: 0 operations; est completion in 106751991167300 days 15 hours 
WARNING: An illegal reflective access operation has occurred
WARNING: Illegal reflective access by io.netty.util.internal.PlatformDependent0 (file:/usr/src/ycsb/cassandra-binding/lib/netty-common-4.0.33.Final.jar) to field java.nio.Buffer.address
WARNING: Please consider reporting this to the maintainers of io.netty.util.internal.PlatformDependent0
WARNING: Use --illegal-access=warn to enable warnings of further illegal reflective access operations
WARNING: All illegal access operations will be denied in a future release
Sep 30, 2020 4:54:55 PM io.netty.util.internal.PlatformDependent <clinit>
INFO: Your platform does not provide complete low-level API for accessing direct buffers reliably. Unless explicitly requested, heap buffer will always be preferred to avoid potential system unstability.
DBWrapper: report latency for each error is false and specific error codes to track for latency are: []
DBWrapper: report latency for each error is false and specific error codes to track for latency are: []
DBWrapper: report latency for each error is false and specific error codes to track for latency are: []
DBWrapper: report latency for each error is false and specific error codes to track for latency are: []
DBWrapper: report latency for each error is false and specific error codes to track for latency are: []
DBWrapper: report latency for each error is false and specific error codes to track for latency are: []
DBWrapper: report latency for each error is false and specific error codes to track for latency are: []
DBWrapper: report latency for each error is false and specific error codes to track for latency are: []
DBWrapper: report latency for each error is false and specific error codes to track for latency are: []
DBWrapper: report latency for each error is false and specific error codes to track for latency are: []
DBWrapper: report latency for each error is false and specific error codes to track for latency are: []
DBWrapper: report latency for each error is false and specific error codes to track for latency are: []
DBWrapper: report latency for each error is false and specific error codes to track for latency are: []
DBWrapper: report latency for each error is false and specific error codes to track for latency are: []
DBWrapper: report latency for each error is false and specific error codes to track for latency are: []
DBWrapper: report latency for each error is false and specific error codes to track for latency are: []
DBWrapper: report latency for each error is false and specific error codes to track for latency are: []
DBWrapper: report latency for each error is false and specific error codes to track for latency are: []
DBWrapper: report latency for each error is false and specific error codes to track for latency are: []
DBWrapper: report latency for each error is false and specific error codes to track for latency are: []
DBWrapper: report latency for each error is false and specific error codes to track for latency are: []
DBWrapper: report latency for each error is false and specific error codes to track for latency are: []
DBWrapper: report latency for each error is false and specific error codes to track for latency are: []
DBWrapper: report latency for each error is false and specific error codes to track for latency are: []
DBWrapper: report latency for each error is false and specific error codes to track for latency are: []
DBWrapper: report latency for each error is false and specific error codes to track for latency are: []
DBWrapper: report latency for each error is false and specific error codes to track for latency are: []
DBWrapper: report latency for each error is false and specific error codes to track for latency are: []
DBWrapper: report latency for each error is false and specific error codes to track for latency are: []
DBWrapper: report latency for each error is false and specific error codes to track for latency are: []
DBWrapper: report latency for each error is false and specific error codes to track for latency are: []
DBWrapper: report latency for each error is false and specific error codes to track for latency are: []
DBWrapper: report latency for each error is false and specific error codes to track for latency are: []
DBWrapper: report latency for each error is false and specific error codes to track for latency are: []
DBWrapper: report latency for each error is false and specific error codes to track for latency are: []
DBWrapper: report latency for each error is false and specific error codes to track for latency are: []
DBWrapper: report latency for each error is false and specific error codes to track for latency are: []
DBWrapper: report latency for each error is false and specific error codes to track for latency are: []
DBWrapper: report latency for each error is false and specific error codes to track for latency are: []
DBWrapper: report latency for each error is false and specific error codes to track for latency are: []
DBWrapper: report latency for each error is false and specific error codes to track for latency are: []
DBWrapper: report latency for each error is false and specific error codes to track for latency are: []
DBWrapper: report latency for each error is false and specific error codes to track for latency are: []
DBWrapper: report latency for each error is false and specific error codes to track for latency are: []
DBWrapper: report latency for each error is false and specific error codes to track for latency are: []
DBWrapper: report latency for each error is false and specific error codes to track for latency are: []
DBWrapper: report latency for each error is false and specific error codes to track for latency are: []
DBWrapper: report latency for each error is false and specific error codes to track for latency are: []
DBWrapper: report latency for each error is false and specific error codes to track for latency are: []
DBWrapper: report latency for each error is false and specific error codes to track for latency are: []
DBWrapper: report latency for each error is false and specific error codes to track for latency are: []
DBWrapper: report latency for each error is false and specific error codes to track for latency are: []
DBWrapper: report latency for each error is false and specific error codes to track for latency are: []
DBWrapper: report latency for each error is false and specific error codes to track for latency are: []
DBWrapper: report latency for each error is false and specific error codes to track for latency are: []
DBWrapper: report latency for each error is false and specific error codes to track for latency are: []
DBWrapper: report latency for each error is false and specific error codes to track for latency are: []
DBWrapper: report latency for each error is false and specific error codes to track for latency are: []
DBWrapper: report latency for each error is false and specific error codes to track for latency are: []
DBWrapper: report latency for each error is false and specific error codes to track for latency are: []
DBWrapper: report latency for each error is false and specific error codes to track for latency are: []
DBWrapper: report latency for each error is false and specific error codes to track for latency are: []
DBWrapper: report latency for each error is false and specific error codes to track for latency are: []
DBWrapper: report latency for each error is false and specific error codes to track for latency are: []
DBWrapper: report latency for each error is false and specific error codes to track for latency are: []
DBWrapper: report latency for each error is false and specific error codes to track for latency are: []
DBWrapper: report latency for each error is false and specific error codes to track for latency are: []
DBWrapper: report latency for each error is false and specific error codes to track for latency are: []
DBWrapper: report latency for each error is false and specific error codes to track for latency are: []
DBWrapper: report latency for each error is false and specific error codes to track for latency are: []
DBWrapper: report latency for each error is false and specific error codes to track for latency are: []
DBWrapper: report latency for each error is false and specific error codes to track for latency are: []
DBWrapper: report latency for each error is false and specific error codes to track for latency are: []
DBWrapper: report latency for each error is false and specific error codes to track for latency are: []
DBWrapper: report latency for each error is false and specific error codes to track for latency are: []
DBWrapper: report latency for each error is false and specific error codes to track for latency are: []
DBWrapper: report latency for each error is false and specific error codes to track for latency are: []
DBWrapper: report latency for each error is false and specific error codes to track for latency are: []
DBWrapper: report latency for each error is false and specific error codes to track for latency are: []
DBWrapper: report latency for each error is false and specific error codes to track for latency are: []
DBWrapper: report latency for each error is false and specific error codes to track for latency are: []
DBWrapper: report latency for each error is false and specific error codes to track for latency are: []
DBWrapper: report latency for each error is false and specific error codes to track for latency are: []
DBWrapper: report latency for each error is false and specific error codes to track for latency are: []
DBWrapper: report latency for each error is false and specific error codes to track for latency are: []
DBWrapper: report latency for each error is false and specific error codes to track for latency are: []
DBWrapper: report latency for each error is false and specific error codes to track for latency are: []
DBWrapper: report latency for each error is false and specific error codes to track for latency are: []
DBWrapper: report latency for each error is false and specific error codes to track for latency are: []
DBWrapper: report latency for each error is false and specific error codes to track for latency are: []
DBWrapper: report latency for each error is false and specific error codes to track for latency are: []
DBWrapper: report latency for each error is false and specific error codes to track for latency are: []
DBWrapper: report latency for each error is false and specific error codes to track for latency are: []
DBWrapper: report latency for each error is false and specific error codes to track for latency are: []
DBWrapper: report latency for each error is false and specific error codes to track for latency are: []
DBWrapper: report latency for each error is false and specific error codes to track for latency are: []
DBWrapper: report latency for each error is false and specific error codes to track for latency are: []
DBWrapper: report latency for each error is false and specific error codes to track for latency are: []
DBWrapper: report latency for each error is false and specific error codes to track for latency are: []
DBWrapper: report latency for each error is false and specific error codes to track for latency are: []
DBWrapper: report latency for each error is false and specific error codes to track for latency are: []
DBWrapper: report latency for each error is false and specific error codes to track for latency are: []
DBWrapper: report latency for each error is false and specific error codes to track for latency are: []
DBWrapper: report latency for each error is false and specific error codes to track for latency are: []
DBWrapper: report latency for each error is false and specific error codes to track for latency are: []
DBWrapper: report latency for each error is false and specific error codes to track for latency are: []
DBWrapper: report latency for each error is false and specific error codes to track for latency are: []
DBWrapper: report latency for each error is false and specific error codes to track for latency are: []
DBWrapper: report latency for each error is false and specific error codes to track for latency are: []
DBWrapper: report latency for each error is false and specific error codes to track for latency are: []
DBWrapper: report latency for each error is false and specific error codes to track for latency are: []
DBWrapper: report latency for each error is false and specific error codes to track for latency are: []
DBWrapper: report latency for each error is false and specific error codes to track for latency are: []
DBWrapper: report latency for each error is false and specific error codes to track for latency are: []
DBWrapper: report latency for each error is false and specific error codes to track for latency are: []
DBWrapper: report latency for each error is false and specific error codes to track for latency are: []
DBWrapper: report latency for each error is false and specific error codes to track for latency are: []
DBWrapper: report latency for each error is false and specific error codes to track for latency are: []
DBWrapper: report latency for each error is false and specific error codes to track for latency are: []
DBWrapper: report latency for each error is false and specific error codes to track for latency are: []
DBWrapper: report latency for each error is false and specific error codes to track for latency are: []
DBWrapper: report latency for each error is false and specific error codes to track for latency are: []
DBWrapper: report latency for each error is false and specific error codes to track for latency are: []
DBWrapper: report latency for each error is false and specific error codes to track for latency are: []
DBWrapper: report latency for each error is false and specific error codes to track for latency are: []
DBWrapper: report latency for each error is false and specific error codes to track for latency are: []
DBWrapper: report latency for each error is false and specific error codes to track for latency are: []
DBWrapper: report latency for each error is false and specific error codes to track for latency are: []
DBWrapper: report latency for each error is false and specific error codes to track for latency are: []
DBWrapper: report latency for each error is false and specific error codes to track for latency are: []
DBWrapper: report latency for each error is false and specific error codes to track for latency are: []
DBWrapper: report latency for each error is false and specific error codes to track for latency are: []
DBWrapper: report latency for each error is false and specific error codes to track for latency are: []
DBWrapper: report latency for each error is false and specific error codes to track for latency are: []
DBWrapper: report latency for each error is false and specific error codes to track for latency are: []
DBWrapper: report latency for each error is false and specific error codes to track for latency are: []
DBWrapper: report latency for each error is false and specific error codes to track for latency are: []
DBWrapper: report latency for each error is false and specific error codes to track for latency are: []
DBWrapper: report latency for each error is false and specific error codes to track for latency are: []
DBWrapper: report latency for each error is false and specific error codes to track for latency are: []
DBWrapper: report latency for each error is false and specific error codes to track for latency are: []
DBWrapper: report latency for each error is false and specific error codes to track for latency are: []
DBWrapper: report latency for each error is false and specific error codes to track for latency are: []
DBWrapper: report latency for each error is false and specific error codes to track for latency are: []
DBWrapper: report latency for each error is false and specific error codes to track for latency are: []
DBWrapper: report latency for each error is false and specific error codes to track for latency are: []
DBWrapper: report latency for each error is false and specific error codes to track for latency are: []
DBWrapper: report latency for each error is false and specific error codes to track for latency are: []
DBWrapper: report latency for each error is false and specific error codes to track for latency are: []
DBWrapper: report latency for each error is false and specific error codes to track for latency are: []
DBWrapper: report latency for each error is false and specific error codes to track for latency are: []
DBWrapper: report latency for each error is false and specific error codes to track for latency are: []
DBWrapper: report latency for each error is false and specific error codes to track for latency are: []
DBWrapper: report latency for each error is false and specific error codes to track for latency are: []
DBWrapper: report latency for each error is false and specific error codes to track for latency are: []
DBWrapper: report latency for each error is false and specific error codes to track for latency are: []
DBWrapper: report latency for each error is false and specific error codes to track for latency are: []
DBWrapper: report latency for each error is false and specific error codes to track for latency are: []
DBWrapper: report latency for each error is false and specific error codes to track for latency are: []
DBWrapper: report latency for each error is false and specific error codes to track for latency are: []
DBWrapper: report latency for each error is false and specific error codes to track for latency are: []
DBWrapper: report latency for each error is false and specific error codes to track for latency are: []
DBWrapper: report latency for each error is false and specific error codes to track for latency are: []
DBWrapper: report latency for each error is false and specific error codes to track for latency are: []
DBWrapper: report latency for each error is false and specific error codes to track for latency are: []
DBWrapper: report latency for each error is false and specific error codes to track for latency are: []
DBWrapper: report latency for each error is false and specific error codes to track for latency are: []
DBWrapper: report latency for each error is false and specific error codes to track for latency are: []
DBWrapper: report latency for each error is false and specific error codes to track for latency are: []
DBWrapper: report latency for each error is false and specific error codes to track for latency are: []
DBWrapper: report latency for each error is false and specific error codes to track for latency are: []
DBWrapper: report latency for each error is false and specific error codes to track for latency are: []
DBWrapper: report latency for each error is false and specific error codes to track for latency are: []
DBWrapper: report latency for each error is false and specific error codes to track for latency are: []
DBWrapper: report latency for each error is false and specific error codes to track for latency are: []
DBWrapper: report latency for each error is false and specific error codes to track for latency are: []
DBWrapper: report latency for each error is false and specific error codes to track for latency are: []
DBWrapper: report latency for each error is false and specific error codes to track for latency are: []
DBWrapper: report latency for each error is false and specific error codes to track for latency are: []
DBWrapper: report latency for each error is false and specific error codes to track for latency are: []
DBWrapper: report latency for each error is false and specific error codes to track for latency are: []
DBWrapper: report latency for each error is false and specific error codes to track for latency are: []
DBWrapper: report latency for each error is false and specific error codes to track for latency are: []
DBWrapper: report latency for each error is false and specific error codes to track for latency are: []
DBWrapper: report latency for each error is false and specific error codes to track for latency are: []
DBWrapper: report latency for each error is false and specific error codes to track for latency are: []
DBWrapper: report latency for each error is false and specific error codes to track for latency are: []
DBWrapper: report latency for each error is false and specific error codes to track for latency are: []
DBWrapper: report latency for each error is false and specific error codes to track for latency are: []
DBWrapper: report latency for each error is false and specific error codes to track for latency are: []
DBWrapper: report latency for each error is false and specific error codes to track for latency are: []
DBWrapper: report latency for each error is false and specific error codes to track for latency are: []
DBWrapper: report latency for each error is false and specific error codes to track for latency are: []
DBWrapper: report latency for each error is false and specific error codes to track for latency are: []
DBWrapper: report latency for each error is false and specific error codes to track for latency are: []
DBWrapper: report latency for each error is false and specific error codes to track for latency are: []
DBWrapper: report latency for each error is false and specific error codes to track for latency are: []
DBWrapper: report latency for each error is false and specific error codes to track for latency are: []
DBWrapper: report latency for each error is false and specific error codes to track for latency are: []
DBWrapper: report latency for each error is false and specific error codes to track for latency are: []
DBWrapper: report latency for each error is false and specific error codes to track for latency are: []
DBWrapper: report latency for each error is false and specific error codes to track for latency are: []
DBWrapper: report latency for each error is false and specific error codes to track for latency are: []
DBWrapper: report latency for each error is false and specific error codes to track for latency are: []
DBWrapper: report latency for each error is false and specific error codes to track for latency are: []
DBWrapper: report latency for each error is false and specific error codes to track for latency are: []
DBWrapper: report latency for each error is false and specific error codes to track for latency are: []
DBWrapper: report latency for each error is false and specific error codes to track for latency are: []
DBWrapper: report latency for each error is false and specific error codes to track for latency are: []
DBWrapper: report latency for each error is false and specific error codes to track for latency are: []
DBWrapper: report latency for each error is false and specific error codes to track for latency are: []
DBWrapper: report latency for each error is false and specific error codes to track for latency are: []
DBWrapper: report latency for each error is false and specific error codes to track for latency are: []
DBWrapper: report latency for each error is false and specific error codes to track for latency are: []
DBWrapper: report latency for each error is false and specific error codes to track for latency are: []
DBWrapper: report latency for each error is false and specific error codes to track for latency are: []
DBWrapper: report latency for each error is false and specific error codes to track for latency are: []
DBWrapper: report latency for each error is false and specific error codes to track for latency are: []
DBWrapper: report latency for each error is false and specific error codes to track for latency are: []
DBWrapper: report latency for each error is false and specific error codes to track for latency are: []
DBWrapper: report latency for each error is false and specific error codes to track for latency are: []
DBWrapper: report latency for each error is false and specific error codes to track for latency are: []
DBWrapper: report latency for each error is false and specific error codes to track for latency are: []
DBWrapper: report latency for each error is false and specific error codes to track for latency are: []
DBWrapper: report latency for each error is false and specific error codes to track for latency are: []
DBWrapper: report latency for each error is false and specific error codes to track for latency are: []
DBWrapper: report latency for each error is false and specific error codes to track for latency are: []
DBWrapper: report latency for each error is false and specific error codes to track for latency are: []
DBWrapper: report latency for each error is false and specific error codes to track for latency are: []
DBWrapper: report latency for each error is false and specific error codes to track for latency are: []
DBWrapper: report latency for each error is false and specific error codes to track for latency are: []
DBWrapper: report latency for each error is false and specific error codes to track for latency are: []
DBWrapper: report latency for each error is false and specific error codes to track for latency are: []
DBWrapper: report latency for each error is false and specific error codes to track for latency are: []
DBWrapper: report latency for each error is false and specific error codes to track for latency are: []
DBWrapper: report latency for each error is false and specific error codes to track for latency are: []
DBWrapper: report latency for each error is false and specific error codes to track for latency are: []
DBWrapper: report latency for each error is false and specific error codes to track for latency are: []
DBWrapper: report latency for each error is false and specific error codes to track for latency are: []
DBWrapper: report latency for each error is false and specific error codes to track for latency are: []
DBWrapper: report latency for each error is false and specific error codes to track for latency are: []
DBWrapper: report latency for each error is false and specific error codes to track for latency are: []
DBWrapper: report latency for each error is false and specific error codes to track for latency are: []
DBWrapper: report latency for each error is false and specific error codes to track for latency are: []
DBWrapper: report latency for each error is false and specific error codes to track for latency are: []
DBWrapper: report latency for each error is false and specific error codes to track for latency are: []
DBWrapper: report latency for each error is false and specific error codes to track for latency are: []
DBWrapper: report latency for each error is false and specific error codes to track for latency are: []
DBWrapper: report latency for each error is false and specific error codes to track for latency are: []
DBWrapper: report latency for each error is false and specific error codes to track for latency are: []
DBWrapper: report latency for each error is false and specific error codes to track for latency are: []
DBWrapper: report latency for each error is false and specific error codes to track for latency are: []
DBWrapper: report latency for each error is false and specific error codes to track for latency are: []
DBWrapper: report latency for each error is false and specific error codes to track for latency are: []
DBWrapper: report latency for each error is false and specific error codes to track for latency are: []
DBWrapper: report latency for each error is false and specific error codes to track for latency are: []
2020-09-30 16:55:04:701 10 sec: 38776 operations; 3877.21 current ops/sec; est completion in 42 minutes [READ: Count=19350, Max=1070079, Min=6040, Avg=50261.84, 90=79295, 99=185343, 99.9=894463, 99.99=1035263] [UPDATE: Count=19563, Max=1034239, Min=5296, Avg=45022.06, 90=66111, 99=274687, 99.9=904191, 99.99=1019903] 
2020-09-30 16:55:14:701 20 sec: 104468 operations; 6569.86 current ops/sec; est completion in 31 minutes [READ: Count=32839, Max=1314815, Min=4372, Avg=43386.88, 90=75519, 99=183167, 99.9=1117183, 99.99=1267711] [UPDATE: Count=32739, Max=1206271, Min=3840, Avg=33845.74, 90=56287, 99=132863, 99.9=1056767, 99.99=1201151] 
2020-09-30 16:55:24:701 30 sec: 172986 operations; 6851.8 current ops/sec; est completion in 28 minutes [READ: Count=34345, Max=1056767, Min=3310, Avg=42211.67, 90=75455, 99=188927, 99.9=918527, 99.99=1037311] [UPDATE: Count=34192, Max=1038335, Min=3114, Avg=33141.97, 90=56671, 99=121087, 99.9=844799, 99.99=1008127] 
2020-09-30 16:55:34:701 40 sec: 243118 operations; 7013.2 current ops/sec; est completion in 26 minutes [READ: Count=35125, Max=625151, Min=4716, Avg=40856.14, 90=76031, 99=159359, 99.9=332543, 99.99=497663] [UPDATE: Count=34982, Max=623103, Min=3534, Avg=32024.88, 90=56543, 99=113535, 99.9=239359, 99.99=609791] 
2020-09-30 16:55:44:701 50 sec: 315238 operations; 7212 current ops/sec; est completion in 25 minutes [READ: Count=36028, Max=540159, Min=5420, Avg=39318.4, 90=72895, 99=152319, 99.9=363519, 99.99=524287] [UPDATE: Count=36101, Max=537599, Min=5032, Avg=31648.51, 90=55551, 99=119231, 99.9=357887, 99.99=523519] 
2020-09-30 16:55:54:701 60 sec: 385665 operations; 7042.7 current ops/sec; est completion in 24 minutes [READ: Count=35385, Max=651263, Min=4600, Avg=41255.97, 90=74943, 99=209535, 99.9=505343, 99.99=584191] [UPDATE: Count=35040, Max=571391, Min=4440, Avg=31547.08, 90=52031, 99=141311, 99.9=477951, 99.99=546815] 
2020-09-30 16:56:04:701 70 sec: 449367 operations; 6369.56 current ops/sec; est completion in 24 minutes [READ: Count=31824, Max=995327, Min=4300, Avg=45920.37, 90=81983, 99=441343, 99.9=746495, 99.99=935423] [UPDATE: Count=31886, Max=955391, Min=4392, Avg=34407.63, 90=55679, 99=311039, 99.9=732671, 99.99=933375] 
2020-09-30 16:56:14:701 80 sec: 512295 operations; 6293.43 current ops/sec; est completion in 24 minutes [READ: Count=31507, Max=1444863, Min=3448, Avg=47181.51, 90=83327, 99=331263, 99.9=1199103, 99.99=1416191] [UPDATE: Count=31417, Max=1282047, Min=3452, Avg=34129.81, 90=56639, 99=165887, 99.9=969215, 99.99=1246207] 
2020-09-30 16:56:24:702 90 sec: 579350 operations; 6704.83 current ops/sec; est completion in 24 minutes [READ: Count=33345, Max=764415, Min=5100, Avg=43230.54, 90=80063, 99=203135, 99.9=662015, 99.99=731647] [UPDATE: Count=33704, Max=688639, Min=3974, Avg=32965.96, 90=58847, 99=130111, 99.9=608767, 99.99=681471] 
2020-09-30 16:56:34:701 100 sec: 647701 operations; 6835.1 current ops/sec; est completion in 24 minutes [READ: Count=33992, Max=699903, Min=5300, Avg=42279.25, 90=76543, 99=191103, 99.9=599039, 99.99=686079] [UPDATE: Count=34354, Max=727039, Min=4516, Avg=32777.94, 90=56703, 99=126719, 99.9=532991, 99.99=675327] 
2020-09-30 16:56:44:701 110 sec: 720068 operations; 7236.7 current ops/sec; est completion in 23 minutes [READ: Count=36413, Max=302591, Min=5868, Avg=39408.55, 90=73727, 99=145151, 99.9=215551, 99.99=269567] [UPDATE: Count=35970, Max=195711, Min=4808, Avg=31350.83, 90=55839, 99=108671, 99.9=151423, 99.99=174463] 
2020-09-30 16:56:54:702 120 sec: 789581 operations; 6952 current ops/sec; est completion in 23 minutes [READ: Count=34815, Max=966655, Min=4724, Avg=41137.54, 90=75135, 99=161663, 99.9=775679, 99.99=924159] [UPDATE: Count=34676, Max=877055, Min=4612, Avg=32450.1, 90=56031, 99=121727, 99.9=689151, 99.99=851967] 
2020-09-30 16:57:04:701 130 sec: 859905 operations; 7032.4 current ops/sec; est completion in 23 minutes [READ: Count=35131, Max=669183, Min=4996, Avg=40797.3, 90=75007, 99=155647, 99.9=482559, 99.99=641023] [UPDATE: Count=35182, Max=690687, Min=4086, Avg=32063.28, 90=56255, 99=110463, 99.9=475135, 99.99=635391] 
2020-09-30 16:57:14:701 140 sec: 923771 operations; 6386.6 current ops/sec; est completion in 22 minutes [READ: Count=31725, Max=1826815, Min=3460, Avg=45538.47, 90=72447, 99=211071, 99.9=1674239, 99.99=1797119] [UPDATE: Count=32154, Max=1752063, Min=3290, Avg=34520.19, 90=51071, 99=122623, 99.9=1598463, 99.99=1734655] 
2020-09-30 16:57:24:701 150 sec: 988967 operations; 6519.6 current ops/sec; est completion in 22 minutes [READ: Count=32399, Max=1429503, Min=3716, Avg=44966.42, 90=74559, 99=239359, 99.9=1243135, 99.99=1377279] [UPDATE: Count=32803, Max=1281023, Min=3818, Avg=33748.55, 90=51807, 99=132479, 99.9=1123327, 99.99=1277951] 
2020-09-30 16:57:34:701 160 sec: 1059019 operations; 7005.2 current ops/sec; est completion in 22 minutes [READ: Count=35179, Max=1006591, Min=5320, Avg=40965.2, 90=75007, 99=178815, 99.9=772095, 99.99=959999] [UPDATE: Count=34860, Max=1257471, Min=4220, Avg=32019.36, 90=54111, 99=121023, 99.9=755199, 99.99=964095] 
2020-09-30 16:57:44:702 170 sec: 1128011 operations; 6899.2 current ops/sec; est completion in 22 minutes [READ: Count=34559, Max=500223, Min=5152, Avg=41823.44, 90=80383, 99=177791, 99.9=373759, 99.99=492031] [UPDATE: Count=34491, Max=455167, Min=4512, Avg=32468.97, 90=58271, 99=128895, 99.9=334079, 99.99=437503] 
2020-09-30 16:57:54:702 180 sec: 1196563 operations; 6855.2 current ops/sec; est completion in 22 minutes [READ: Count=34371, Max=1016831, Min=5400, Avg=42352.99, 90=78463, 99=180351, 99.9=699391, 99.99=907263] [UPDATE: Count=34165, Max=900607, Min=4440, Avg=32205.9, 90=57503, 99=117503, 99.9=543743, 99.99=882175] 
2020-09-30 16:58:04:705 190 sec: 1268057 operations; 7148.69 current ops/sec; est completion in 21 minutes [READ: Count=35777, Max=375295, Min=5712, Avg=40206.42, 90=75391, 99=142207, 99.9=209535, 99.99=304383] [UPDATE: Count=35751, Max=202367, Min=5224, Avg=31390.12, 90=56831, 99=102015, 99.9=150655, 99.99=190975] 
2020-09-30 16:58:14:702 200 sec: 1337690 operations; 6964 current ops/sec; est completion in 21 minutes [READ: Count=34727, Max=964607, Min=4200, Avg=41166.99, 90=74239, 99=174463, 99.9=747007, 99.99=931839] [UPDATE: Count=34869, Max=920575, Min=4086, Avg=32417.84, 90=55327, 99=124671, 99.9=781311, 99.99=892927] 
2020-09-30 16:58:24:704 210 sec: 1398101 operations; 6040.5 current ops/sec; est completion in 21 minutes [READ: Count=30449, Max=1573887, Min=3200, Avg=48383.16, 90=80127, 99=437759, 99.9=1454079, 99.99=1537023] [UPDATE: Count=29978, Max=1561599, Min=3532, Avg=36304.46, 90=55103, 99=153215, 99.9=1437695, 99.99=1524735] 
2020-09-30 16:58:34:704 220 sec: 1464760 operations; 6665.9 current ops/sec; est completion in 21 minutes [READ: Count=33327, Max=895999, Min=4892, Avg=43580.64, 90=81087, 99=205823, 99.9=684543, 99.99=882175] [UPDATE: Count=33317, Max=815103, Min=3728, Avg=33204.05, 90=60511, 99=128639, 99.9=635903, 99.99=797183] 
2020-09-30 16:58:44:704 230 sec: 1530544 operations; 6578.4 current ops/sec; est completion in 21 minutes [READ: Count=32792, Max=1226751, Min=4030, Avg=44249.46, 90=77695, 99=238719, 99.9=1042943, 99.99=1150975] [UPDATE: Count=32993, Max=1143807, Min=3764, Avg=33447.59, 90=55455, 99=134911, 99.9=942079, 99.99=1130495] 
2020-09-30 16:58:54:703 240 sec: 1600243 operations; 6969.9 current ops/sec; est completion in 21 minutes [READ: Count=34894, Max=836607, Min=5408, Avg=41404.19, 90=76735, 99=178559, 99.9=678399, 99.99=797695] [UPDATE: Count=34826, Max=796671, Min=4156, Avg=32097.76, 90=56895, 99=122303, 99.9=603647, 99.99=787967] 
2020-09-30 16:59:04:701 250 sec: 1671850 operations; 7161.42 current ops/sec; est completion in 20 minutes [READ: Count=35791, Max=443135, Min=5544, Avg=40140.57, 90=76095, 99=162943, 99.9=261759, 99.99=372991] [UPDATE: Count=35772, Max=371711, Min=5116, Avg=31353.21, 90=57279, 99=116287, 99.9=240639, 99.99=345343] 
2020-09-30 16:59:14:701 260 sec: 1742963 operations; 7111.3 current ops/sec; est completion in 20 minutes [READ: Count=35429, Max=713215, Min=4852, Avg=40583.99, 90=76095, 99=158079, 99.9=527359, 99.99=692223] [UPDATE: Count=35674, Max=705535, Min=5084, Avg=31431.86, 90=55935, 99=109503, 99.9=504063, 99.99=688127] 
2020-09-30 16:59:24:701 270 sec: 1809189 operations; 6622.6 current ops/sec; est completion in 20 minutes [READ: Count=33096, Max=1111039, Min=4228, Avg=44112.13, 90=72959, 99=305919, 99.9=945663, 99.99=1096703] [UPDATE: Count=33141, Max=1103871, Min=3956, Avg=33265.64, 90=52543, 99=124991, 99.9=913407, 99.99=1091583] 
2020-09-30 16:59:34:705 280 sec: 1877956 operations; 6876.7 current ops/sec; est completion in 20 minutes [READ: Count=34463, Max=965631, Min=5248, Avg=41638.12, 90=74879, 99=180991, 99.9=771583, 99.99=932863] [UPDATE: Count=34294, Max=944127, Min=4296, Avg=32706.82, 90=54879, 99=121983, 99.9=674303, 99.99=920063] 
2020-09-30 16:59:44:701 290 sec: 1947102 operations; 6914.6 current ops/sec; est completion in 20 minutes [READ: Count=34471, Max=788479, Min=5472, Avg=41769.44, 90=78207, 99=170239, 99.9=599551, 99.99=763903] [UPDATE: Count=34695, Max=738815, Min=4180, Avg=32312.03, 90=58367, 99=111103, 99.9=542719, 99.99=716799] 
2020-09-30 16:59:54:702 300 sec: 2018316 operations; 7120.69 current ops/sec; est completion in 19 minutes [READ: Count=35602, Max=642047, Min=5332, Avg=40319.27, 90=72383, 99=175615, 99.9=457471, 99.99=561663] [UPDATE: Count=35599, Max=550911, Min=4038, Avg=31595.1, 90=53439, 99=116223, 99.9=415231, 99.99=517119] 
Maximum time elapsed. Requesting stop for the workload.
Stop requested for workload. Now Joining!
Still waiting for thread Thread-173 to complete. Workload status: true
2020-09-30 16:59:57:332 302 sec: 2019861 operations; 587.45 current ops/sec; est completion in 19 minutes [READ: Count=783, Max=227583, Min=7444, Avg=42489.62, 90=79807, 99=143231, 99.9=205951, 99.99=227583] [CLEANUP: Count=256, Max=2400255, Min=1, Avg=9377.16, 90=3, 99=143, 99.9=2400255, 99.99=2400255] [UPDATE: Count=740, Max=135167, Min=7488, Avg=32714.74, 90=63807, 99=111359, 99.9=128447, 99.99=135167] 
[OVERALL], RunTime(ms), 302631
[OVERALL], Throughput(ops/sec), 6674.336072642922
[TOTAL_GCS_G1_Young_Generation], Count, 33
[TOTAL_GC_TIME_G1_Young_Generation], Time(ms), 375
[TOTAL_GC_TIME_%_G1_Young_Generation], Time(%), 0.12391328052975406
[TOTAL_GCS_G1_Old_Generation], Count, 0
[TOTAL_GC_TIME_G1_Old_Generation], Time(ms), 0
[TOTAL_GC_TIME_%_G1_Old_Generation], Time(%), 0.0
[TOTAL_GCs], Count, 33
[TOTAL_GC_TIME], Time(ms), 375
[TOTAL_GC_TIME_%], Time(%), 0.12391328052975406
[READ], Operations, 1009933
[READ], AverageLatency(us), 42474.96499470757
[READ], MinLatency(us), 3200
[READ], MaxLatency(us), 1826815
[READ], 95thPercentileLatency(us), 102335
[READ], 99thPercentileLatency(us), 182527
[READ], Return=OK, 1009933
[CLEANUP], Operations, 256
[CLEANUP], AverageLatency(us), 9377.1640625
[CLEANUP], MinLatency(us), 1
[CLEANUP], MaxLatency(us), 2400255
[CLEANUP], 95thPercentileLatency(us), 3
[CLEANUP], 99thPercentileLatency(us), 143
[UPDATE], Operations, 1009928
[UPDATE], AverageLatency(us), 32910.03047444966
[UPDATE], MinLatency(us), 3114
[UPDATE], MaxLatency(us), 1752063
[UPDATE], 95thPercentileLatency(us), 74239
[UPDATE], 99thPercentileLatency(us), 122943
[UPDATE], Return=OK, 1009928
