/opt/java/openjdk/bin/java  -classpath /usr/src/ycsb/conf:/usr/src/ycsb/lib/HdrHistogram-2.1.4.jar:/usr/src/ycsb/lib/core-0.18.0-SNAPSHOT.jar:/usr/src/ycsb/lib/htrace-core4-4.1.0-incubating.jar:/usr/src/ycsb/lib/jackson-core-asl-1.9.4.jar:/usr/src/ycsb/lib/jackson-mapper-asl-1.9.4.jar:/usr/src/ycsb/lib/postgresql-42.2.16.jar:/usr/src/ycsb/cassandra-binding/lib/cassandra-binding-0.18.0-SNAPSHOT.jar:/usr/src/ycsb/cassandra-binding/lib/cassandra-driver-core-3.0.0.jar:/usr/src/ycsb/cassandra-binding/lib/guava-16.0.1.jar:/usr/src/ycsb/cassandra-binding/lib/metrics-core-3.1.2.jar:/usr/src/ycsb/cassandra-binding/lib/netty-buffer-4.0.33.Final.jar:/usr/src/ycsb/cassandra-binding/lib/netty-codec-4.0.33.Final.jar:/usr/src/ycsb/cassandra-binding/lib/netty-common-4.0.33.Final.jar:/usr/src/ycsb/cassandra-binding/lib/netty-handler-4.0.33.Final.jar:/usr/src/ycsb/cassandra-binding/lib/netty-transport-4.0.33.Final.jar:/usr/src/ycsb/cassandra-binding/lib/slf4j-api-1.7.25.jar site.ycsb.Client -t -db site.ycsb.db.CassandraCQLClient -P workloads/workloada -p operationcount=10000000 -p hosts=10.0.5.27,10.0.5.26,10.0.5.25,10.0.5.24,10.0.5.23,10.0.5.22,10.0.5.21,10.0.5.20,10.0.5.19,10.0.5.18,10.0.5.17,10.0.5.16,10.0.5.15,10.0.5.14,10.0.5.13,10.0.5.11,10.0.5.9,10.0.5.7,10.0.5.5,10.0.5.3 -p maxexecutiontime=300 -threads 128 -p cassandra.readconsistencylevel=QUORUM -p cassandra.writeconsistencylevel=QUORUM -s
Command line: -t -db site.ycsb.db.CassandraCQLClient -P workloads/workloada -p operationcount=10000000 -p hosts=10.0.5.27,10.0.5.26,10.0.5.25,10.0.5.24,10.0.5.23,10.0.5.22,10.0.5.21,10.0.5.20,10.0.5.19,10.0.5.18,10.0.5.17,10.0.5.16,10.0.5.15,10.0.5.14,10.0.5.13,10.0.5.11,10.0.5.9,10.0.5.7,10.0.5.5,10.0.5.3 -p maxexecutiontime=300 -threads 128 -p cassandra.readconsistencylevel=QUORUM -p cassandra.writeconsistencylevel=QUORUM -s
YCSB Client 0.18.0-SNAPSHOT

Loading workload...
Starting test.
SLF4J: Failed to load class "org.slf4j.impl.StaticLoggerBinder".
SLF4J: Defaulting to no-operation (NOP) logger implementation
SLF4J: See http://www.slf4j.org/codes.html#StaticLoggerBinder for further details.
Maximum execution time specified as: 300 secs
2020-09-30 16:47:43:719 0 sec: 0 operations; est completion in 0 second 
WARNING: An illegal reflective access operation has occurred
WARNING: Illegal reflective access by io.netty.util.internal.PlatformDependent0 (file:/usr/src/ycsb/cassandra-binding/lib/netty-common-4.0.33.Final.jar) to field java.nio.Buffer.address
WARNING: Please consider reporting this to the maintainers of io.netty.util.internal.PlatformDependent0
WARNING: Use --illegal-access=warn to enable warnings of further illegal reflective access operations
WARNING: All illegal access operations will be denied in a future release
Sep 30, 2020 4:47:44 PM io.netty.util.internal.PlatformDependent <clinit>
INFO: Your platform does not provide complete low-level API for accessing direct buffers reliably. Unless explicitly requested, heap buffer will always be preferred to avoid potential system unstability.
DBWrapper: report latency for each error is false and specific error codes to track for latency are: []
DBWrapper: report latency for each error is false and specific error codes to track for latency are: []
DBWrapper: report latency for each error is false and specific error codes to track for latency are: []
DBWrapper: report latency for each error is false and specific error codes to track for latency are: []
DBWrapper: report latency for each error is false and specific error codes to track for latency are: []
DBWrapper: report latency for each error is false and specific error codes to track for latency are: []
DBWrapper: report latency for each error is false and specific error codes to track for latency are: []
DBWrapper: report latency for each error is false and specific error codes to track for latency are: []
DBWrapper: report latency for each error is false and specific error codes to track for latency are: []
DBWrapper: report latency for each error is false and specific error codes to track for latency are: []
DBWrapper: report latency for each error is false and specific error codes to track for latency are: []
DBWrapper: report latency for each error is false and specific error codes to track for latency are: []
DBWrapper: report latency for each error is false and specific error codes to track for latency are: []
DBWrapper: report latency for each error is false and specific error codes to track for latency are: []
DBWrapper: report latency for each error is false and specific error codes to track for latency are: []
DBWrapper: report latency for each error is false and specific error codes to track for latency are: []
DBWrapper: report latency for each error is false and specific error codes to track for latency are: []
DBWrapper: report latency for each error is false and specific error codes to track for latency are: []
DBWrapper: report latency for each error is false and specific error codes to track for latency are: []
DBWrapper: report latency for each error is false and specific error codes to track for latency are: []
DBWrapper: report latency for each error is false and specific error codes to track for latency are: []
DBWrapper: report latency for each error is false and specific error codes to track for latency are: []
DBWrapper: report latency for each error is false and specific error codes to track for latency are: []
DBWrapper: report latency for each error is false and specific error codes to track for latency are: []
DBWrapper: report latency for each error is false and specific error codes to track for latency are: []
DBWrapper: report latency for each error is false and specific error codes to track for latency are: []
DBWrapper: report latency for each error is false and specific error codes to track for latency are: []
DBWrapper: report latency for each error is false and specific error codes to track for latency are: []
DBWrapper: report latency for each error is false and specific error codes to track for latency are: []
DBWrapper: report latency for each error is false and specific error codes to track for latency are: []
DBWrapper: report latency for each error is false and specific error codes to track for latency are: []
DBWrapper: report latency for each error is false and specific error codes to track for latency are: []
DBWrapper: report latency for each error is false and specific error codes to track for latency are: []
DBWrapper: report latency for each error is false and specific error codes to track for latency are: []
DBWrapper: report latency for each error is false and specific error codes to track for latency are: []
DBWrapper: report latency for each error is false and specific error codes to track for latency are: []
DBWrapper: report latency for each error is false and specific error codes to track for latency are: []
DBWrapper: report latency for each error is false and specific error codes to track for latency are: []
DBWrapper: report latency for each error is false and specific error codes to track for latency are: []
DBWrapper: report latency for each error is false and specific error codes to track for latency are: []
DBWrapper: report latency for each error is false and specific error codes to track for latency are: []
DBWrapper: report latency for each error is false and specific error codes to track for latency are: []
DBWrapper: report latency for each error is false and specific error codes to track for latency are: []
DBWrapper: report latency for each error is false and specific error codes to track for latency are: []
DBWrapper: report latency for each error is false and specific error codes to track for latency are: []
DBWrapper: report latency for each error is false and specific error codes to track for latency are: []
DBWrapper: report latency for each error is false and specific error codes to track for latency are: []
DBWrapper: report latency for each error is false and specific error codes to track for latency are: []
DBWrapper: report latency for each error is false and specific error codes to track for latency are: []
DBWrapper: report latency for each error is false and specific error codes to track for latency are: []
DBWrapper: report latency for each error is false and specific error codes to track for latency are: []
DBWrapper: report latency for each error is false and specific error codes to track for latency are: []
DBWrapper: report latency for each error is false and specific error codes to track for latency are: []
DBWrapper: report latency for each error is false and specific error codes to track for latency are: []
DBWrapper: report latency for each error is false and specific error codes to track for latency are: []
DBWrapper: report latency for each error is false and specific error codes to track for latency are: []
DBWrapper: report latency for each error is false and specific error codes to track for latency are: []
DBWrapper: report latency for each error is false and specific error codes to track for latency are: []
DBWrapper: report latency for each error is false and specific error codes to track for latency are: []
DBWrapper: report latency for each error is false and specific error codes to track for latency are: []
DBWrapper: report latency for each error is false and specific error codes to track for latency are: []
DBWrapper: report latency for each error is false and specific error codes to track for latency are: []
DBWrapper: report latency for each error is false and specific error codes to track for latency are: []
DBWrapper: report latency for each error is false and specific error codes to track for latency are: []
DBWrapper: report latency for each error is false and specific error codes to track for latency are: []
DBWrapper: report latency for each error is false and specific error codes to track for latency are: []
DBWrapper: report latency for each error is false and specific error codes to track for latency are: []
DBWrapper: report latency for each error is false and specific error codes to track for latency are: []
DBWrapper: report latency for each error is false and specific error codes to track for latency are: []
DBWrapper: report latency for each error is false and specific error codes to track for latency are: []
DBWrapper: report latency for each error is false and specific error codes to track for latency are: []
DBWrapper: report latency for each error is false and specific error codes to track for latency are: []
DBWrapper: report latency for each error is false and specific error codes to track for latency are: []
DBWrapper: report latency for each error is false and specific error codes to track for latency are: []
DBWrapper: report latency for each error is false and specific error codes to track for latency are: []
DBWrapper: report latency for each error is false and specific error codes to track for latency are: []
DBWrapper: report latency for each error is false and specific error codes to track for latency are: []
DBWrapper: report latency for each error is false and specific error codes to track for latency are: []
DBWrapper: report latency for each error is false and specific error codes to track for latency are: []
DBWrapper: report latency for each error is false and specific error codes to track for latency are: []
DBWrapper: report latency for each error is false and specific error codes to track for latency are: []
DBWrapper: report latency for each error is false and specific error codes to track for latency are: []
DBWrapper: report latency for each error is false and specific error codes to track for latency are: []
DBWrapper: report latency for each error is false and specific error codes to track for latency are: []
DBWrapper: report latency for each error is false and specific error codes to track for latency are: []
DBWrapper: report latency for each error is false and specific error codes to track for latency are: []
DBWrapper: report latency for each error is false and specific error codes to track for latency are: []
DBWrapper: report latency for each error is false and specific error codes to track for latency are: []
DBWrapper: report latency for each error is false and specific error codes to track for latency are: []
DBWrapper: report latency for each error is false and specific error codes to track for latency are: []
DBWrapper: report latency for each error is false and specific error codes to track for latency are: []
DBWrapper: report latency for each error is false and specific error codes to track for latency are: []
DBWrapper: report latency for each error is false and specific error codes to track for latency are: []
DBWrapper: report latency for each error is false and specific error codes to track for latency are: []
DBWrapper: report latency for each error is false and specific error codes to track for latency are: []
DBWrapper: report latency for each error is false and specific error codes to track for latency are: []
DBWrapper: report latency for each error is false and specific error codes to track for latency are: []
DBWrapper: report latency for each error is false and specific error codes to track for latency are: []
DBWrapper: report latency for each error is false and specific error codes to track for latency are: []
DBWrapper: report latency for each error is false and specific error codes to track for latency are: []
DBWrapper: report latency for each error is false and specific error codes to track for latency are: []
DBWrapper: report latency for each error is false and specific error codes to track for latency are: []
DBWrapper: report latency for each error is false and specific error codes to track for latency are: []
DBWrapper: report latency for each error is false and specific error codes to track for latency are: []
DBWrapper: report latency for each error is false and specific error codes to track for latency are: []
DBWrapper: report latency for each error is false and specific error codes to track for latency are: []
DBWrapper: report latency for each error is false and specific error codes to track for latency are: []
DBWrapper: report latency for each error is false and specific error codes to track for latency are: []
DBWrapper: report latency for each error is false and specific error codes to track for latency are: []
DBWrapper: report latency for each error is false and specific error codes to track for latency are: []
DBWrapper: report latency for each error is false and specific error codes to track for latency are: []
DBWrapper: report latency for each error is false and specific error codes to track for latency are: []
DBWrapper: report latency for each error is false and specific error codes to track for latency are: []
DBWrapper: report latency for each error is false and specific error codes to track for latency are: []
DBWrapper: report latency for each error is false and specific error codes to track for latency are: []
DBWrapper: report latency for each error is false and specific error codes to track for latency are: []
DBWrapper: report latency for each error is false and specific error codes to track for latency are: []
DBWrapper: report latency for each error is false and specific error codes to track for latency are: []
DBWrapper: report latency for each error is false and specific error codes to track for latency are: []
DBWrapper: report latency for each error is false and specific error codes to track for latency are: []
DBWrapper: report latency for each error is false and specific error codes to track for latency are: []
DBWrapper: report latency for each error is false and specific error codes to track for latency are: []
DBWrapper: report latency for each error is false and specific error codes to track for latency are: []
DBWrapper: report latency for each error is false and specific error codes to track for latency are: []
DBWrapper: report latency for each error is false and specific error codes to track for latency are: []
DBWrapper: report latency for each error is false and specific error codes to track for latency are: []
DBWrapper: report latency for each error is false and specific error codes to track for latency are: []
DBWrapper: report latency for each error is false and specific error codes to track for latency are: []
2020-09-30 16:47:52:990 10 sec: 8985 operations; 898.5 current ops/sec; est completion in 3 hours 5 minutes [READ: Count=4449, Max=2635775, Min=3468, Avg=119843.89, 90=301567, 99=1674239, 99.9=2336767, 99.99=2635775] [UPDATE: Count=4617, Max=2254847, Min=3296, Avg=70579.14, 90=136191, 99=1386495, 99.9=2099199, 99.99=2254847] 
2020-09-30 16:48:02:989 20 sec: 35175 operations; 2619 current ops/sec; est completion in 1 hour 34 minutes [READ: Count=13073, Max=1397759, Min=3424, Avg=60067.32, 90=190847, 99=571391, 99.9=909823, 99.99=1145855] [UPDATE: Count=13061, Max=1458175, Min=3162, Avg=37724.43, 90=105343, 99=414207, 99.9=672767, 99.99=807935] 
2020-09-30 16:48:12:990 30 sec: 69613 operations; 3443.8 current ops/sec; est completion in 1 hour 11 minutes [READ: Count=17068, Max=1394687, Min=3842, Avg=45250.68, 90=112319, 99=508671, 99.9=1026559, 99.99=1151999] [UPDATE: Count=17361, Max=1124351, Min=3050, Avg=29091.53, 90=39135, 99=345855, 99.9=963071, 99.99=1097727] 
2020-09-30 16:48:22:989 40 sec: 109459 operations; 3984.6 current ops/sec; est completion in 1 hour [READ: Count=19876, Max=1489919, Min=3438, Avg=37528.9, 90=49887, 99=432895, 99.9=910335, 99.99=1395711] [UPDATE: Count=19962, Max=847871, Min=3544, Avg=25804.58, 90=29327, 99=301311, 99.9=582655, 99.99=766463] 
2020-09-30 16:48:32:989 50 sec: 141477 operations; 3201.8 current ops/sec; est completion in 58 minutes [READ: Count=15923, Max=3573759, Min=3484, Avg=43357.34, 90=48191, 99=387839, 99.9=3512319, 99.99=3563519] [UPDATE-FAILED: Count=4, Max=3524607, Min=2846720, Avg=3185664, 90=3524607, 99=3524607, 99.9=3524607, 99.99=3524607] [UPDATE: Count=16102, Max=3551231, Min=3534, Avg=37147.55, 90=33759, 99=282879, 99.9=3450879, 99.99=3545087] [READ-FAILED: Count=1, Max=2961407, Min=2959360, Avg=2960384, 90=2961407, 99=2961407, 99.9=2961407, 99.99=2961407] 
2020-09-30 16:48:42:989 60 sec: 179073 operations; 3759.6 current ops/sec; est completion in 54 minutes [READ: Count=18826, Max=2852863, Min=3288, Avg=39099.22, 90=53727, 99=332543, 99.9=1786879, 99.99=2717695] [UPDATE-FAILED: Count=2, Max=2746367, Min=2119680, Avg=2433024, 90=2746367, 99=2746367, 99.9=2746367, 99.99=2746367] [UPDATE: Count=18773, Max=2283519, Min=3562, Avg=28619.03, 90=37087, 99=197887, 99.9=1630207, 99.99=1759231] [READ-FAILED: Count=0, Max=0, Min=9223372036854775807, Avg=NaN, 90=0, 99=0, 99.9=0, 99.99=0] 
2020-09-30 16:48:52:989 70 sec: 218642 operations; 3956.9 current ops/sec; est completion in 52 minutes [READ: Count=19965, Max=3145727, Min=3264, Avg=37089.41, 90=47711, 99=297727, 99.9=2150399, 99.99=2811903] [UPDATE-FAILED: Count=0, Max=0, Min=9223372036854775807, Avg=NaN, 90=0, 99=0, 99.9=0, 99.99=0] [UPDATE: Count=19603, Max=2469887, Min=3352, Avg=27645.79, 90=35871, 99=177535, 99.9=1817599, 99.99=2402303] [READ-FAILED: Count=0, Max=0, Min=9223372036854775807, Avg=NaN, 90=0, 99=0, 99.9=0, 99.99=0] 
2020-09-30 16:49:02:989 80 sec: 264478 operations; 4583.6 current ops/sec; est completion in 49 minutes [READ: Count=22897, Max=1996799, Min=3562, Avg=32661.3, 90=37727, 99=237695, 99.9=1784831, 99.99=1907711] [UPDATE-FAILED: Count=0, Max=0, Min=9223372036854775807, Avg=NaN, 90=0, 99=0, 99.9=0, 99.99=0] [UPDATE: Count=22941, Max=1836031, Min=3332, Avg=23159.31, 90=28223, 99=66623, 99.9=1686527, 99.99=1826815] [READ-FAILED: Count=0, Max=0, Min=9223372036854775807, Avg=NaN, 90=0, 99=0, 99.9=0, 99.99=0] 
2020-09-30 16:49:12:989 90 sec: 316153 operations; 5167.5 current ops/sec; est completion in 45 minutes [READ: Count=25844, Max=1229823, Min=3592, Avg=28479.36, 90=39295, 99=208255, 99.9=962047, 99.99=1182719] [UPDATE-FAILED: Count=0, Max=0, Min=9223372036854775807, Avg=NaN, 90=0, 99=0, 99.9=0, 99.99=0] [UPDATE: Count=25827, Max=1229823, Min=2868, Avg=21076.5, 90=28559, 99=56799, 99.9=1047551, 99.99=1189887] [READ-FAILED: Count=0, Max=0, Min=9223372036854775807, Avg=NaN, 90=0, 99=0, 99.9=0, 99.99=0] 
2020-09-30 16:49:22:990 100 sec: 366684 operations; 5053.1 current ops/sec; est completion in 43 minutes [READ: Count=25199, Max=1064959, Min=3642, Avg=28262.29, 90=39775, 99=192127, 99.9=875007, 99.99=997887] [UPDATE-FAILED: Count=0, Max=0, Min=9223372036854775807, Avg=NaN, 90=0, 99=0, 99.9=0, 99.99=0] [UPDATE: Count=25328, Max=938495, Min=3542, Avg=22339.82, 90=29711, 99=73087, 99.9=895999, 99.99=929279] [READ-FAILED: Count=0, Max=0, Min=9223372036854775807, Avg=NaN, 90=0, 99=0, 99.9=0, 99.99=0] 
2020-09-30 16:49:32:990 110 sec: 414639 operations; 4795.5 current ops/sec; est completion in 42 minutes [READ: Count=24012, Max=888831, Min=3532, Avg=29971.97, 90=38687, 99=296959, 99.9=829439, 99.99=877567] [UPDATE-FAILED: Count=0, Max=0, Min=9223372036854775807, Avg=NaN, 90=0, 99=0, 99.9=0, 99.99=0] [UPDATE: Count=23945, Max=884223, Min=3572, Avg=23379.95, 90=29391, 99=87935, 99.9=798719, 99.99=850431] [READ-FAILED: Count=0, Max=0, Min=9223372036854775807, Avg=NaN, 90=0, 99=0, 99.9=0, 99.99=0] 
2020-09-30 16:49:42:990 120 sec: 465947 operations; 5130.8 current ops/sec; est completion in 40 minutes [READ: Count=25580, Max=545279, Min=3466, Avg=28127.82, 90=39231, 99=208255, 99.9=506623, 99.99=539647] [UPDATE-FAILED: Count=0, Max=0, Min=9223372036854775807, Avg=NaN, 90=0, 99=0, 99.9=0, 99.99=0] [UPDATE: Count=25729, Max=551423, Min=3458, Avg=21709.9, 90=29295, 99=67583, 99.9=491519, 99.99=545279] [READ-FAILED: Count=0, Max=0, Min=9223372036854775807, Avg=NaN, 90=0, 99=0, 99.9=0, 99.99=0] 
2020-09-30 16:49:52:990 130 sec: 513696 operations; 4774.9 current ops/sec; est completion in 40 minutes [READ: Count=23794, Max=1422335, Min=3074, Avg=28510.03, 90=38399, 99=194047, 99.9=1203199, 99.99=1378303] [UPDATE-FAILED: Count=0, Max=0, Min=9223372036854775807, Avg=NaN, 90=0, 99=0, 99.9=0, 99.99=0] [UPDATE: Count=23936, Max=1382399, Min=2982, Avg=22625.12, 90=28735, 99=70271, 99.9=1253375, 99.99=1368063] [READ-FAILED: Count=0, Max=0, Min=9223372036854775807, Avg=NaN, 90=0, 99=0, 99.9=0, 99.99=0] 
2020-09-30 16:50:02:989 140 sec: 556637 operations; 4294.1 current ops/sec; est completion in 39 minutes [READ: Count=21435, Max=2662399, Min=3324, Avg=34228.26, 90=38975, 99=351231, 99.9=2113535, 99.99=2422783] [UPDATE-FAILED: Count=3, Max=2555903, Min=2551808, Avg=2553514.67, 90=2555903, 99=2555903, 99.9=2555903, 99.99=2555903] [UPDATE: Count=21528, Max=2344959, Min=2932, Avg=27933.55, 90=29167, 99=177919, 99.9=2034687, 99.99=2185215] [READ-FAILED: Count=0, Max=0, Min=9223372036854775807, Avg=NaN, 90=0, 99=0, 99.9=0, 99.99=0] 
2020-09-30 16:50:12:990 150 sec: 616271 operations; 5963.4 current ops/sec; est completion in 38 minutes [READ: Count=29910, Max=134655, Min=4388, Avg=23346.14, 90=36447, 99=66047, 99.9=95743, 99.99=129023] [UPDATE-FAILED: Count=0, Max=0, Min=9223372036854775807, Avg=NaN, 90=0, 99=0, 99.9=0, 99.99=0] [UPDATE: Count=29713, Max=118271, Min=4416, Avg=19564.39, 90=28815, 99=52095, 99.9=77759, 99.99=91839] [READ-FAILED: Count=0, Max=0, Min=9223372036854775807, Avg=NaN, 90=0, 99=0, 99.9=0, 99.99=0] 
2020-09-30 16:50:22:990 160 sec: 674444 operations; 5817.3 current ops/sec; est completion in 36 minutes [READ: Count=28868, Max=573951, Min=3594, Avg=23958.57, 90=35487, 99=69695, 99.9=479743, 99.99=550911] [UPDATE-FAILED: Count=0, Max=0, Min=9223372036854775807, Avg=NaN, 90=0, 99=0, 99.9=0, 99.99=0] [UPDATE: Count=29308, Max=546303, Min=3414, Avg=20063.79, 90=27967, 99=53119, 99.9=443903, 99.99=531967] [READ-FAILED: Count=0, Max=0, Min=9223372036854775807, Avg=NaN, 90=0, 99=0, 99.9=0, 99.99=0] 
2020-09-30 16:50:32:991 170 sec: 732036 operations; 5758.62 current ops/sec; est completion in 35 minutes [READ: Count=28756, Max=618495, Min=3698, Avg=24264.3, 90=34591, 99=79679, 99.9=495871, 99.99=574975] [UPDATE-FAILED: Count=0, Max=0, Min=9223372036854775807, Avg=NaN, 90=0, 99=0, 99.9=0, 99.99=0] [UPDATE: Count=28831, Max=561663, Min=3180, Avg=20161.2, 90=27599, 99=53055, 99.9=484607, 99.99=548863] [READ-FAILED: Count=0, Max=0, Min=9223372036854775807, Avg=NaN, 90=0, 99=0, 99.9=0, 99.99=0] 
2020-09-30 16:50:42:990 180 sec: 788750 operations; 5671.97 current ops/sec; est completion in 35 minutes [READ: Count=28181, Max=770047, Min=4472, Avg=24976.61, 90=35391, 99=103231, 99.9=611327, 99.99=752127] [UPDATE-FAILED: Count=0, Max=0, Min=9223372036854775807, Avg=NaN, 90=0, 99=0, 99.9=0, 99.99=0] [UPDATE: Count=28530, Max=769535, Min=3506, Avg=20181.03, 90=27535, 99=56831, 99.9=540159, 99.99=741887] [READ-FAILED: Count=0, Max=0, Min=9223372036854775807, Avg=NaN, 90=0, 99=0, 99.9=0, 99.99=0] 
2020-09-30 16:50:52:989 190 sec: 845307 operations; 5655.7 current ops/sec; est completion in 34 minutes [READ: Count=28155, Max=872959, Min=4244, Avg=25000.48, 90=36607, 99=84031, 99.9=719359, 99.99=847871] [UPDATE-FAILED: Count=0, Max=0, Min=9223372036854775807, Avg=NaN, 90=0, 99=0, 99.9=0, 99.99=0] [UPDATE: Count=28397, Max=851455, Min=3222, Avg=20281.06, 90=27935, 99=57407, 99.9=626687, 99.99=828927] [READ-FAILED: Count=0, Max=0, Min=9223372036854775807, Avg=NaN, 90=0, 99=0, 99.9=0, 99.99=0] 
2020-09-30 16:51:02:990 200 sec: 902382 operations; 5707.5 current ops/sec; est completion in 33 minutes [READ: Count=28507, Max=583167, Min=3878, Avg=24330.12, 90=35327, 99=89727, 99.9=464895, 99.99=533503] [UPDATE-FAILED: Count=0, Max=0, Min=9223372036854775807, Avg=NaN, 90=0, 99=0, 99.9=0, 99.99=0] [UPDATE: Count=28568, Max=500991, Min=3722, Avg=19599.71, 90=27615, 99=51231, 99.9=410879, 99.99=482303] [READ-FAILED: Count=0, Max=0, Min=9223372036854775807, Avg=NaN, 90=0, 99=0, 99.9=0, 99.99=0] 
2020-09-30 16:51:12:990 210 sec: 953308 operations; 5092.6 current ops/sec; est completion in 33 minutes [READ: Count=25613, Max=825343, Min=4000, Avg=28935.41, 90=39263, 99=256383, 99.9=726015, 99.99=811519] [UPDATE-FAILED: Count=0, Max=0, Min=9223372036854775807, Avg=NaN, 90=0, 99=0, 99.9=0, 99.99=0] [UPDATE: Count=25324, Max=819711, Min=3244, Avg=22302.21, 90=29023, 99=119167, 99.9=688127, 99.99=808447] [READ-FAILED: Count=0, Max=0, Min=9223372036854775807, Avg=NaN, 90=0, 99=0, 99.9=0, 99.99=0] 
2020-09-30 16:51:22:989 220 sec: 995231 operations; 4192.3 current ops/sec; est completion in 33 minutes [READ: Count=20940, Max=1779711, Min=3184, Avg=33815.49, 90=38559, 99=329983, 99.9=1623039, 99.99=1747967] [UPDATE-FAILED: Count=0, Max=0, Min=9223372036854775807, Avg=NaN, 90=0, 99=0, 99.9=0, 99.99=0] [UPDATE: Count=20974, Max=1768447, Min=3078, Avg=27223.31, 90=28479, 99=132863, 99.9=1559551, 99.99=1753087] [READ-FAILED: Count=0, Max=0, Min=9223372036854775807, Avg=NaN, 90=0, 99=0, 99.9=0, 99.99=0] 
2020-09-30 16:51:32:990 230 sec: 1055842 operations; 6061.1 current ops/sec; est completion in 32 minutes [READ: Count=30432, Max=664575, Min=5016, Avg=23060.8, 90=33407, 99=67647, 99.9=407551, 99.99=637951] [UPDATE-FAILED: Count=0, Max=0, Min=9223372036854775807, Avg=NaN, 90=0, 99=0, 99.9=0, 99.99=0] [UPDATE: Count=30182, Max=633855, Min=3774, Avg=19173.87, 90=26463, 99=47967, 99.9=325887, 99.99=569855] [READ-FAILED: Count=0, Max=0, Min=9223372036854775807, Avg=NaN, 90=0, 99=0, 99.9=0, 99.99=0] 
2020-09-30 16:51:42:989 240 sec: 1116275 operations; 6043.3 current ops/sec; est completion in 31 minutes [READ: Count=30176, Max=210175, Min=5068, Avg=22886.9, 90=35327, 99=67519, 99.9=102847, 99.99=155007] [UPDATE-FAILED: Count=0, Max=0, Min=9223372036854775807, Avg=NaN, 90=0, 99=0, 99.9=0, 99.99=0] [UPDATE: Count=30247, Max=107903, Min=4668, Avg=19236.47, 90=27823, 99=52895, 99.9=82367, 99.99=101567] [READ-FAILED: Count=0, Max=0, Min=9223372036854775807, Avg=NaN, 90=0, 99=0, 99.9=0, 99.99=0] 
2020-09-30 16:51:52:990 250 sec: 1169266 operations; 5299.1 current ops/sec; est completion in 31 minutes [READ: Count=26384, Max=1555455, Min=3236, Avg=27066.58, 90=34815, 99=91775, 99.9=1345535, 99.99=1427455] [UPDATE-FAILED: Count=0, Max=0, Min=9223372036854775807, Avg=NaN, 90=0, 99=0, 99.9=0, 99.99=0] [UPDATE: Count=26624, Max=1417215, Min=3624, Avg=21510.96, 90=27167, 99=52447, 99.9=1226751, 99.99=1409023] [READ-FAILED: Count=0, Max=0, Min=9223372036854775807, Avg=NaN, 90=0, 99=0, 99.9=0, 99.99=0] 
2020-09-30 16:52:02:990 260 sec: 1227684 operations; 5841.22 current ops/sec; est completion in 30 minutes [READ: Count=29305, Max=607231, Min=3586, Avg=23960.38, 90=35199, 99=85375, 99.9=346367, 99.99=587263] [UPDATE-FAILED: Count=0, Max=0, Min=9223372036854775807, Avg=NaN, 90=0, 99=0, 99.9=0, 99.99=0] [UPDATE: Count=29121, Max=607743, Min=3440, Avg=19837.34, 90=27599, 99=57759, 99.9=305407, 99.99=557567] [READ-FAILED: Count=0, Max=0, Min=9223372036854775807, Avg=NaN, 90=0, 99=0, 99.9=0, 99.99=0] 
2020-09-30 16:52:12:989 270 sec: 1287822 operations; 6014.4 current ops/sec; est completion in 30 minutes [READ: Count=29921, Max=308991, Min=3410, Avg=23167.29, 90=35711, 99=70975, 99.9=157951, 99.99=283135] [UPDATE-FAILED: Count=0, Max=0, Min=9223372036854775807, Avg=NaN, 90=0, 99=0, 99.9=0, 99.99=0] [UPDATE: Count=30207, Max=280319, Min=4264, Avg=19396.16, 90=27919, 99=51903, 99.9=121279, 99.99=275711] [READ-FAILED: Count=0, Max=0, Min=9223372036854775807, Avg=NaN, 90=0, 99=0, 99.9=0, 99.99=0] 
2020-09-30 16:52:22:989 280 sec: 1346428 operations; 5860.6 current ops/sec; est completion in 30 minutes [READ: Count=29283, Max=635391, Min=4066, Avg=23751.91, 90=34623, 99=72127, 99.9=515583, 99.99=616959] [UPDATE-FAILED: Count=0, Max=0, Min=9223372036854775807, Avg=NaN, 90=0, 99=0, 99.9=0, 99.99=0] [UPDATE: Count=29315, Max=617471, Min=3786, Avg=19882.53, 90=27199, 99=54079, 99.9=484863, 99.99=607743] [READ-FAILED: Count=0, Max=0, Min=9223372036854775807, Avg=NaN, 90=0, 99=0, 99.9=0, 99.99=0] 
2020-09-30 16:52:32:989 290 sec: 1401771 operations; 5534.3 current ops/sec; est completion in 29 minutes [READ: Count=27664, Max=1329151, Min=3884, Avg=25267.9, 90=35263, 99=75775, 99.9=1083391, 99.99=1291263] [UPDATE-FAILED: Count=0, Max=0, Min=9223372036854775807, Avg=NaN, 90=0, 99=0, 99.9=0, 99.99=0] [UPDATE: Count=27695, Max=1293311, Min=3460, Avg=21008.24, 90=27391, 99=51807, 99.9=1054719, 99.99=1270783] [READ-FAILED: Count=0, Max=0, Min=9223372036854775807, Avg=NaN, 90=0, 99=0, 99.9=0, 99.99=0] 
2020-09-30 16:52:42:989 300 sec: 1456081 operations; 5431 current ops/sec; est completion in 29 minutes [READ: Count=27085, Max=712703, Min=4048, Avg=25844.96, 90=36287, 99=105663, 99.9=542207, 99.99=700927] [UPDATE-FAILED: Count=0, Max=0, Min=9223372036854775807, Avg=NaN, 90=0, 99=0, 99.9=0, 99.99=0] [UPDATE: Count=27209, Max=685055, Min=3396, Avg=21276.99, 90=27551, 99=63615, 99.9=532479, 99.99=682495] [READ-FAILED: Count=0, Max=0, Min=9223372036854775807, Avg=NaN, 90=0, 99=0, 99.9=0, 99.99=0] 
Maximum time elapsed. Requesting stop for the workload.
Stop requested for workload. Now Joining!
Still waiting for thread Thread-26 to complete. Workload status: true
2020-09-30 16:52:46:028 303 sec: 1459949 operations; 1273.63 current ops/sec; est completion in 29 minutes [READ: Count=1972, Max=167167, Min=6364, Avg=23541.25, 90=34975, 99=72063, 99.9=144767, 99.99=167167] [UPDATE-FAILED: Count=0, Max=0, Min=9223372036854775807, Avg=NaN, 90=0, 99=0, 99.9=0, 99.99=0] [CLEANUP: Count=128, Max=2295807, Min=1, Avg=17931.62, 90=4, 99=38, 99.9=2295807, 99.99=2295807] [UPDATE: Count=1888, Max=145663, Min=6088, Avg=19606.83, 90=26927, 99=60191, 99.9=141823, 99.99=145663] [READ-FAILED: Count=0, Max=0, Min=9223372036854775807, Avg=NaN, 90=0, 99=0, 99.9=0, 99.99=0] 
[OVERALL], RunTime(ms), 303035
[OVERALL], Throughput(ops/sec), 4817.757024766116
[TOTAL_GCS_G1_Young_Generation], Count, 45
[TOTAL_GC_TIME_G1_Young_Generation], Time(ms), 365
[TOTAL_GC_TIME_%_G1_Young_Generation], Time(%), 0.12044813305393766
[TOTAL_GCS_G1_Old_Generation], Count, 0
[TOTAL_GC_TIME_G1_Old_Generation], Time(ms), 0
[TOTAL_GC_TIME_%_G1_Old_Generation], Time(%), 0.0
[TOTAL_GCs], Count, 45
[TOTAL_GC_TIME], Time(ms), 365
[TOTAL_GC_TIME_%], Time(%), 0.12044813305393766
[READ], Operations, 729093
[READ], AverageLatency(us), 29258.318691854125
[READ], MinLatency(us), 3074
[READ], MaxLatency(us), 3573759
[READ], 95thPercentileLatency(us), 53215
[READ], 99thPercentileLatency(us), 229247
[READ], Return=OK, 729093
[READ], Return=ERROR, 1
[UPDATE-FAILED], Operations, 9
[UPDATE-FAILED], AverageLatency(us), 2807694.222222222
[UPDATE-FAILED], MinLatency(us), 2119680
[UPDATE-FAILED], MaxLatency(us), 3524607
[UPDATE-FAILED], 95thPercentileLatency(us), 3524607
[UPDATE-FAILED], 99thPercentileLatency(us), 3524607
[CLEANUP], Operations, 128
[CLEANUP], AverageLatency(us), 17931.625
[CLEANUP], MinLatency(us), 1
[CLEANUP], MaxLatency(us), 2295807
[CLEANUP], 95thPercentileLatency(us), 5
[CLEANUP], 99thPercentileLatency(us), 38
[UPDATE], Operations, 730846
[UPDATE], AverageLatency(us), 22842.484066410707
[UPDATE], MinLatency(us), 2868
[UPDATE], MaxLatency(us), 3551231
[UPDATE], 95thPercentileLatency(us), 36895
[UPDATE], 99thPercentileLatency(us), 105727
[UPDATE], Return=OK, 730846
[UPDATE], Return=ERROR, 9
[READ-FAILED], Operations, 1
[READ-FAILED], AverageLatency(us), 2960384.0
[READ-FAILED], MinLatency(us), 2959360
[READ-FAILED], MaxLatency(us), 2961407
[READ-FAILED], 95thPercentileLatency(us), 2961407
[READ-FAILED], 99thPercentileLatency(us), 2961407
