91   114  73   93   97
77   89   76   94   110
97   112  108  79   129
84   97   107  87   122
118  163  98   151  114
144  115  139  101  124
110  95   146  133  120
150  185  170  166  124
137  208  136  156  193
186  152  205  151  186
198  102  161  184  165
152  225  140  144  162
252  229  138  205  232
197  184  207  183  182
147  142  145  156  142
221  181  191  79   216
197  192  240  249  216
194  236  152  173  237
231  228  168  197  207
255  230  215  211  191
200  257  135  219  253
228  243  200  230  134
182  158  224  176  177
233  262  192  178  199
214  182  160  230  259
220  211  244  253  281
244  219  220  213  247
73   35   38   77   74
0    0    0    0    0
0    0    0    0    0
0    0    0    0    0
0    0    0    0    0
0    0    0    3    0
0    0    0    0    0
0    0    0    0    0
0    0    0    0    0
0    0    0    0    0
18   14   17   17   14
0    0    0    0    0
0    0    0    0    0
0    0    0    0    0
2    3    2    1    5
0    3    11   2    0
0    2    1    0    0
0    0    29   0    0
37   30   188  0    36
134  63   144  67   134
146  103  157  128  137
126  143  155  187  155
106  141  109  171  162
171  109  137  93   193
202  141  182  138  237
201  176  204  217  226
199  149  200  216  225
237  229  230  212  224
178  233  198  223  262
234  197  193  215  177
234  275  204  124  279
266  233  227  170  194
244  171  257  270  222
180  227  239  275  117
145  186  142  270  60
74   154  109  191  47
33   118  118  151
41   103  79
